2023-08-24 08:46:50,271 [INFO] Activator:176 - 


2023-08-24 08:46:50,278 [INFO] Activator:177 - !SESSION log4j initialized
2023-08-24 08:46:53,585 [INFO] ApplicationProperties:184 - Using Application install path: C:\ST\STM32CubeIDE_1.12.0\STM32CubeIDE\plugins\com.st.stm32cube.common.mx_6.9.1.202307191849
2023-08-24 08:46:53,606 [INFO] DbMcusXml:78 - Set database path to: C:\ST\STM32CubeIDE_1.12.0\STM32CubeIDE\plugins\com.st.stm32cube.common.mx_6.9.1.202307191849\\db\/mcu/
2023-08-24 08:46:53,606 [INFO] ApiDb:274 - Set plugin database path to: C:\ST\STM32CubeIDE_1.12.0\STM32CubeIDE\plugins\com.st.stm32cube.common.mx_6.9.1.202307191849\\db\/plugins/boardmanager/
2023-08-24 08:46:53,607 [WARN] ApiDb:259 - Overriding images path with different value:  => C:\ST\STM32CubeIDE_1.12.0\STM32CubeIDE\plugins\com.st.stm32cube.common.mx_6.9.1.202307191849\\db\/plugins/mcufinder/images/
2023-08-24 08:46:53,630 [INFO] ApiDb:250 - Set database path to: C:\Users\user\.stmcufinder\plugins\mcufinder//mcu/
2023-08-24 08:46:53,631 [INFO] DbMcusAds:125 - Set database path to: C:\Users\user\.stmcufinder\plugins\mcufinder//mcu/
2023-08-24 08:46:53,676 [INFO] CrossReferenceDbSqlite:203 - Set database path to: C:\Users\user\.stmcufinder\plugins\mcufinder//mcu/cs/
2023-08-24 08:46:53,806 [INFO] RulesReader:64 - Compatibility file has been processed (293 Rules)
2023-08-24 08:46:53,906 [INFO] DbMcusXml:78 - Set database path to: C:\ST\STM32CubeIDE_1.12.0\STM32CubeIDE\plugins\com.st.stm32cube.common.mx_6.9.1.202307191849\\db\/mcu/
2023-08-24 08:46:53,906 [INFO] ApiDb:274 - Set plugin database path to: C:\ST\STM32CubeIDE_1.12.0\STM32CubeIDE\plugins\com.st.stm32cube.common.mx_6.9.1.202307191849\\db\/plugins/boardmanager/
2023-08-24 08:46:53,906 [INFO] ApiDb:261 - Set plugin images path to: C:\ST\STM32CubeIDE_1.12.0\STM32CubeIDE\plugins\com.st.stm32cube.common.mx_6.9.1.202307191849\\db\/plugins/mcufinder/images/
2023-08-24 08:46:53,906 [WARN] DbFile:41 - Overriding database path with different value: C:\Users\user\.stmcufinder\plugins\mcufinder/ => C:\Users\user\.stmcufinder\plugins\mcufinder
2023-08-24 08:46:53,906 [INFO] ApiDb:250 - Set database path to: C:\Users\user\.stmcufinder\plugins\mcufinder//mcu/
2023-08-24 08:46:53,906 [WARN] DbFile:41 - Overriding database path with different value: C:\Users\user\.stmcufinder\plugins\mcufinder/ => C:\Users\user\.stmcufinder\plugins\mcufinder
2023-08-24 08:46:53,907 [INFO] DbMcusAds:125 - Set database path to: C:\Users\user\.stmcufinder\plugins\mcufinder//mcu/
2023-08-24 08:46:53,907 [WARN] DbFile:41 - Overriding database path with different value: C:\Users\user\.stmcufinder\plugins\mcufinder/ => C:\Users\user\.stmcufinder\plugins\mcufinder
2023-08-24 08:46:53,907 [WARN] DbFile:41 - Overriding database path with different value: C:\Users\user\.stmcufinder\plugins\mcufinder/ => C:\Users\user\.stmcufinder\plugins\mcufinder
2023-08-24 08:46:53,907 [INFO] CrossReferenceDbSqlite:203 - Set database path to: C:\Users\user\.stmcufinder\plugins\mcufinder//mcu/cs/
2023-08-24 08:46:54,005 [INFO] MainPanel:262 - HeapMemory: 268435456
2023-08-24 08:46:54,121 [INFO] DbMcusXml:78 - Set database path to: C:\ST\STM32CubeIDE_1.12.0\STM32CubeIDE\plugins\com.st.stm32cube.common.mx_6.9.1.202307191849\\db\/mcu/
2023-08-24 08:46:54,121 [INFO] ApiDb:274 - Set plugin database path to: C:\ST\STM32CubeIDE_1.12.0\STM32CubeIDE\plugins\com.st.stm32cube.common.mx_6.9.1.202307191849\\db\/plugins/boardmanager/
2023-08-24 08:46:54,121 [INFO] ApiDb:261 - Set plugin images path to: C:\ST\STM32CubeIDE_1.12.0\STM32CubeIDE\plugins\com.st.stm32cube.common.mx_6.9.1.202307191849\\db\/plugins/mcufinder/images/
2023-08-24 08:46:54,121 [WARN] DbFile:41 - Overriding database path with different value: C:\Users\user\.stmcufinder\plugins\mcufinder/ => C:\Users\user\.stmcufinder\plugins\mcufinder
2023-08-24 08:46:54,121 [INFO] ApiDb:250 - Set database path to: C:\Users\user\.stmcufinder\plugins\mcufinder//mcu/
2023-08-24 08:46:54,123 [WARN] DbFile:41 - Overriding database path with different value: C:\Users\user\.stmcufinder\plugins\mcufinder/ => C:\Users\user\.stmcufinder\plugins\mcufinder
2023-08-24 08:46:54,123 [INFO] DbMcusAds:125 - Set database path to: C:\Users\user\.stmcufinder\plugins\mcufinder//mcu/
2023-08-24 08:46:54,123 [WARN] DbFile:41 - Overriding database path with different value: C:\Users\user\.stmcufinder\plugins\mcufinder/ => C:\Users\user\.stmcufinder\plugins\mcufinder
2023-08-24 08:46:54,123 [WARN] DbFile:41 - Overriding database path with different value: C:\Users\user\.stmcufinder\plugins\mcufinder/ => C:\Users\user\.stmcufinder\plugins\mcufinder
2023-08-24 08:46:54,123 [INFO] CrossReferenceDbSqlite:203 - Set database path to: C:\Users\user\.stmcufinder\plugins\mcufinder//mcu/cs/
2023-08-24 08:46:54,150 [INFO] ApplicationProperties:184 - Using Application install path: C:\ST\STM32CubeIDE_1.12.0\STM32CubeIDE\plugins\com.st.stm32cube.common.mx_6.9.1.202307191849
2023-08-24 08:46:54,151 [INFO] PluginManage:196 - Search for loadable plugins [exclusion list=, ]
2023-08-24 08:46:54,154 [INFO] PluginManage:310 - Check plugin analytics
2023-08-24 08:46:54,557 [INFO] AnalyticsPlugin:253 - Accepted Software Licenses: STM32CubeMX.6.8.0,STM32CubeMX.6.8.1,STM32CubeMX.6.5.0,STM32CubeMX.6.9.1
2023-08-24 08:46:54,557 [INFO] AnalyticsPlugin:255 - Accepted CMSIS Pack Licenses: emotas.I-CUBE-CANOPEN.1.1.3,STMicroelectronics.X-CUBE-TOUCHGFX.4.21.0,STMicroelectronics.X-CUBE-TOUCHGFX.4.21.1,STMicroelectronics.X-CUBE-TOUCHGFX.4.18.0
2023-08-24 08:46:54,557 [INFO] AnalyticsPlugin:257 - Accepted Firmware Licenses: FW.H7.1.11.0,FW.G0.1.6.0,FW.F4.1.27.0
2023-08-24 08:46:54,562 [INFO] PluginManage:359 - Loaded plugin analytics (category:tool,tabindex:-1)
2023-08-24 08:46:54,562 [INFO] PluginManage:310 - Check plugin cadmodel
2023-08-24 08:46:54,650 [INFO] CADModel:105 - Init CAD model plugin
2023-08-24 08:46:54,650 [INFO] PluginManage:359 - Loaded plugin cadmodel (category:power,tabindex:5)
2023-08-24 08:46:54,650 [INFO] PluginManage:310 - Check plugin clock
2023-08-24 08:46:54,684 [INFO] PluginManage:359 - Loaded plugin clock (category:base,tabindex:2)
2023-08-24 08:46:54,684 [INFO] PluginManage:310 - Check plugin ddr
2023-08-24 08:46:54,688 [INFO] PluginManage:359 - Loaded plugin ddr (category:tool,tabindex:6)
2023-08-24 08:46:54,688 [INFO] PluginManage:310 - Check plugin filemanager
2023-08-24 08:46:54,891 [INFO] PluginManage:359 - Loaded plugin filemanager (category:base,tabindex:10)
2023-08-24 08:46:54,892 [INFO] PluginManage:310 - Check plugin ipmanager
2023-08-24 08:46:54,905 [INFO] PluginManage:359 - Loaded plugin ipmanager (category:base,tabindex:5)
2023-08-24 08:46:54,905 [INFO] PluginManage:310 - Check plugin lpbam
2023-08-24 08:46:54,947 [INFO] PluginManage:359 - Loaded plugin lpbam (category:base,tabindex:0)
2023-08-24 08:46:54,948 [INFO] PluginManage:310 - Check plugin memorymap
2023-08-24 08:46:54,991 [INFO] PluginManage:359 - Loaded plugin memorymap (category:base,tabindex:4)
2023-08-24 08:46:54,991 [INFO] PluginManage:310 - Check plugin pinoutandconfiguration
2023-08-24 08:46:55,017 [INFO] PluginManage:359 - Loaded plugin pinoutandconfiguration (category:base,tabindex:1)
2023-08-24 08:46:55,017 [INFO] PluginManage:310 - Check plugin pinoutconfig
2023-08-24 08:46:55,156 [WARN] SupportedApi:132 - Cannot load RTOS API schema: s4s-elt-must-match.1: The content of 'definitions' must match (annotation?, (simpleType | complexType)?, (unique | key | keyref)*)). A problem was found starting at: attribute.
2023-08-24 08:46:55,323 [INFO] PluginManage:359 - Loaded plugin pinoutconfig (category:base,tabindex:0)
2023-08-24 08:46:55,324 [INFO] PluginManage:310 - Check plugin power
2023-08-24 08:46:55,350 [INFO] PluginManage:359 - Loaded plugin power (category:power,tabindex:4)
2023-08-24 08:46:55,350 [INFO] PluginManage:310 - Check plugin projectmanager
2023-08-24 08:46:55,368 [INFO] PluginManage:359 - Loaded plugin projectmanager (category:projectmanager,tabindex:3)
2023-08-24 08:46:55,368 [INFO] PluginManage:310 - Check plugin thirdparty
2023-08-24 08:46:55,684 [INFO] PluginManage:359 - Loaded plugin thirdparty (category:base,tabindex:-1)
2023-08-24 08:46:55,685 [INFO] PluginManage:310 - Check plugin tools
2023-08-24 08:46:55,684 [WARN] IntegrityCheckThread:84 - waiting for thirdparty lock release [integrity check]
2023-08-24 08:46:55,685 [INFO] IntegrityCheckThread:86 - entering critical section [integrity check]
2023-08-24 08:46:55,686 [INFO] ThirdPartyUpdaterWithRetryManager:70 - Updater plugin not ready yet. [1/15]
2023-08-24 08:46:55,728 [INFO] PluginManage:359 - Loaded plugin tools (category:base,tabindex:7)
2023-08-24 08:46:55,728 [INFO] PluginManage:310 - Check plugin tutovideos
2023-08-24 08:46:55,982 [INFO] PluginManage:359 - Loaded plugin tutovideos (category:base,tabindex:-1)
2023-08-24 08:46:55,982 [INFO] PluginManage:310 - Check plugin updater
2023-08-24 08:46:55,999 [INFO] PluginManage:359 - Loaded plugin updater (category:base,tabindex:12)
2023-08-24 08:46:55,999 [INFO] PluginManage:310 - Check plugin userauth
2023-08-24 08:46:56,004 [INFO] UserAuth:113 - Init User Auth plugin
2023-08-24 08:46:56,004 [INFO] PluginManage:359 - Loaded plugin userauth (category:base,tabindex:14)
2023-08-24 08:46:56,005 [INFO] PluginManage:283 - PluginManage : Loaded plugins [17]
2023-08-24 08:46:56,330 [INFO] PinOutPanel:1499 - setPackage(No Configuration,No Configuration)
2023-08-24 08:46:56,485 [INFO] CADModel:165 - CPN selected for project level
2023-08-24 08:46:56,485 [INFO] CADModel:114 - Register for checkConnection events
2023-08-24 08:46:56,514 [INFO] IPUIPlugin:80 - create IPUIPlugin
2023-08-24 08:46:56,514 [INFO] PluginManager:220 - loadIPPluginJar : add adc
2023-08-24 08:46:56,554 [INFO] IPUIPlugin:80 - create IPUIPlugin
2023-08-24 08:46:56,556 [INFO] PluginManager:220 - loadIPPluginJar : add aes
2023-08-24 08:46:56,603 [INFO] IPUIPlugin:80 - create IPUIPlugin
2023-08-24 08:46:56,603 [INFO] PluginManager:220 - loadIPPluginJar : add can
2023-08-24 08:46:56,629 [INFO] IPUIPlugin:80 - create IPUIPlugin
2023-08-24 08:46:56,629 [INFO] PluginManager:220 - loadIPPluginJar : add comp
2023-08-24 08:46:56,666 [INFO] IPUIPlugin:80 - create IPUIPlugin
2023-08-24 08:46:56,666 [INFO] PluginManager:220 - loadIPPluginJar : add cryp
2023-08-24 08:46:56,697 [INFO] IPUIPlugin:80 - create IPUIPlugin
2023-08-24 08:46:56,697 [INFO] PluginManager:220 - loadIPPluginJar : add dfsdm
2023-08-24 08:46:56,714 [INFO] IPUIPlugin:80 - create IPUIPlugin
2023-08-24 08:46:56,715 [INFO] PluginManager:220 - loadIPPluginJar : add dma
2023-08-24 08:46:56,763 [INFO] IPUIPlugin:80 - create IPUIPlugin
2023-08-24 08:46:56,763 [INFO] PluginManager:220 - loadIPPluginJar : add dma3
2023-08-24 08:46:56,784 [INFO] IPUIPlugin:80 - create IPUIPlugin
2023-08-24 08:46:56,785 [INFO] PluginManager:220 - loadIPPluginJar : add fatfs
2023-08-24 08:46:56,834 [INFO] IPUIPlugin:80 - create IPUIPlugin
2023-08-24 08:46:56,834 [INFO] PluginManager:220 - loadIPPluginJar : add fmc
2023-08-24 08:46:56,852 [INFO] IPUIPlugin:80 - create IPUIPlugin
2023-08-24 08:46:56,853 [INFO] PluginManager:220 - loadIPPluginJar : add freertos
2023-08-24 08:46:56,874 [INFO] IPUIPlugin:80 - create IPUIPlugin
2023-08-24 08:46:56,877 [INFO] PluginManager:220 - loadIPPluginJar : add genericplugin
2023-08-24 08:46:56,976 [INFO] IPUIPlugin:80 - create IPUIPlugin
2023-08-24 08:46:56,976 [INFO] PluginManager:220 - loadIPPluginJar : add gfxmmu
2023-08-24 08:46:57,133 [INFO] IPUIPlugin:80 - create IPUIPlugin
2023-08-24 08:46:57,133 [INFO] PluginManager:220 - loadIPPluginJar : add gic
2023-08-24 08:46:57,148 [INFO] IPUIPlugin:80 - create IPUIPlugin
2023-08-24 08:46:57,148 [INFO] PluginManager:220 - loadIPPluginJar : add gpio
2023-08-24 08:46:57,254 [INFO] IPUIPlugin:80 - create IPUIPlugin
2023-08-24 08:46:57,254 [INFO] PluginManager:220 - loadIPPluginJar : add gtzc
2023-08-24 08:46:57,291 [INFO] IPUIPlugin:80 - create IPUIPlugin
2023-08-24 08:46:57,292 [INFO] PluginManager:220 - loadIPPluginJar : add hash
2023-08-24 08:46:57,347 [INFO] IPUIPlugin:80 - create IPUIPlugin
2023-08-24 08:46:57,348 [INFO] PluginManager:220 - loadIPPluginJar : add i2c
2023-08-24 08:46:57,390 [INFO] IPUIPlugin:80 - create IPUIPlugin
2023-08-24 08:46:57,390 [INFO] PluginManager:220 - loadIPPluginJar : add i2s
2023-08-24 08:46:57,436 [INFO] IPUIPlugin:80 - create IPUIPlugin
2023-08-24 08:46:57,436 [INFO] PluginManager:220 - loadIPPluginJar : add i3c
2023-08-24 08:46:57,554 [INFO] IPUIPlugin:80 - create IPUIPlugin
2023-08-24 08:46:57,554 [INFO] PluginManager:220 - loadIPPluginJar : add ipddr
2023-08-24 08:46:57,657 [INFO] IPUIPlugin:80 - create IPUIPlugin
2023-08-24 08:46:57,657 [INFO] PluginManager:220 - loadIPPluginJar : add linkedlist
2023-08-24 08:46:57,697 [INFO] IPUIPlugin:80 - create IPUIPlugin
2023-08-24 08:46:57,697 [INFO] PluginManager:220 - loadIPPluginJar : add lorawan
2023-08-24 08:46:57,737 [INFO] IPUIPlugin:80 - create IPUIPlugin
2023-08-24 08:46:57,737 [INFO] PluginManager:220 - loadIPPluginJar : add ltdc
2023-08-24 08:46:57,753 [INFO] IPUIPlugin:80 - create IPUIPlugin
2023-08-24 08:46:57,753 [INFO] PluginManager:220 - loadIPPluginJar : add mdma
2023-08-24 08:46:57,766 [INFO] IPUIPlugin:80 - create IPUIPlugin
2023-08-24 08:46:57,766 [INFO] PluginManager:220 - loadIPPluginJar : add nvic
2023-08-24 08:46:57,805 [INFO] IPUIPlugin:80 - create IPUIPlugin
2023-08-24 08:46:57,805 [INFO] PluginManager:220 - loadIPPluginJar : add opamp
2023-08-24 08:46:57,870 [INFO] IPUIPlugin:80 - create IPUIPlugin
2023-08-24 08:46:57,870 [INFO] PluginManager:220 - loadIPPluginJar : add openamp
2023-08-24 08:46:57,920 [INFO] IPUIPlugin:80 - create IPUIPlugin
2023-08-24 08:46:57,920 [INFO] PluginManager:220 - loadIPPluginJar : add pdm2pcm
2023-08-24 08:46:57,935 [INFO] IPUIPlugin:80 - create IPUIPlugin
2023-08-24 08:46:57,937 [INFO] PluginManager:220 - loadIPPluginJar : add plateformsettings
2023-08-24 08:46:57,960 [INFO] IPUIPlugin:80 - create IPUIPlugin
2023-08-24 08:46:57,961 [INFO] PluginManager:220 - loadIPPluginJar : add quadspi
2023-08-24 08:46:57,974 [INFO] IPUIPlugin:80 - create IPUIPlugin
2023-08-24 08:46:57,974 [INFO] PluginManager:220 - loadIPPluginJar : add resmgrutility
2023-08-24 08:46:58,024 [INFO] IPUIPlugin:80 - create IPUIPlugin
2023-08-24 08:46:58,024 [INFO] PluginManager:220 - loadIPPluginJar : add sai
2023-08-24 08:46:58,081 [INFO] IPUIPlugin:80 - create IPUIPlugin
2023-08-24 08:46:58,082 [INFO] PluginManager:220 - loadIPPluginJar : add spi
2023-08-24 08:46:58,167 [INFO] IPUIPlugin:80 - create IPUIPlugin
2023-08-24 08:46:58,167 [INFO] PluginManager:220 - loadIPPluginJar : add stm32_wpan
2023-08-24 08:46:58,198 [INFO] IPUIPlugin:80 - create IPUIPlugin
2023-08-24 08:46:58,198 [INFO] PluginManager:220 - loadIPPluginJar : add tim
2023-08-24 08:46:58,264 [INFO] IPUIPlugin:80 - create IPUIPlugin
2023-08-24 08:46:58,264 [INFO] PluginManager:220 - loadIPPluginJar : add touchsensing
2023-08-24 08:46:58,288 [INFO] IPUIPlugin:80 - create IPUIPlugin
2023-08-24 08:46:58,289 [INFO] PluginManager:220 - loadIPPluginJar : add tracer_emb
2023-08-24 08:46:58,317 [INFO] IPUIPlugin:80 - create IPUIPlugin
2023-08-24 08:46:58,317 [INFO] PluginManager:220 - loadIPPluginJar : add ts
2023-08-24 08:46:58,342 [INFO] IPUIPlugin:80 - create IPUIPlugin
2023-08-24 08:46:58,344 [INFO] PluginManager:220 - loadIPPluginJar : add tsc
2023-08-24 08:46:58,370 [INFO] IPUIPlugin:80 - create IPUIPlugin
2023-08-24 08:46:58,370 [INFO] PluginManager:220 - loadIPPluginJar : add ucpd
2023-08-24 08:46:58,422 [INFO] IPUIPlugin:80 - create IPUIPlugin
2023-08-24 08:46:58,423 [INFO] PluginManager:220 - loadIPPluginJar : add usart
2023-08-24 08:46:58,479 [INFO] IPUIPlugin:80 - create IPUIPlugin
2023-08-24 08:46:58,480 [INFO] PluginManager:220 - loadIPPluginJar : add usbx
2023-08-24 08:46:58,617 [INFO] CADModel:165 - CPN selected for project level
2023-08-24 08:46:58,617 [INFO] CADModel:114 - Register for checkConnection events
2023-08-24 08:46:58,617 [FATAL] Updater:308 - Updater called before beeing initialized
2023-08-24 08:46:58,617 [ERROR] CADModel:125 - Updater not yet initialized, retry later 
2023-08-24 08:46:58,687 [INFO] ThirdPartyUpdaterWithRetryManager:70 - Updater plugin not ready yet. [2/15]
2023-08-24 08:46:58,830 [INFO] CADModel:165 - CPN selected for project level
2023-08-24 08:46:58,830 [INFO] CADModel:114 - Register for checkConnection events
2023-08-24 08:46:58,830 [FATAL] Updater:308 - Updater called before beeing initialized
2023-08-24 08:46:58,831 [ERROR] CADModel:125 - Updater not yet initialized, retry later 
2023-08-24 08:46:58,834 [FATAL] Updater:308 - Updater called before beeing initialized
2023-08-24 08:46:58,965 [FATAL] Updater:308 - Updater called before beeing initialized
2023-08-24 08:46:58,978 [INFO] DbMcusAds:53 - JSON generation date=Tue Mar 07 15:50:55 ICT 2023 (1678179055114)
2023-08-24 08:46:58,978 [FATAL] Updater:308 - Updater called before beeing initialized
2023-08-24 08:46:59,056 [WARN] DetailPanel:346 - Failed to get advertising image, set to default
2023-08-24 08:46:59,215 [FATAL] Updater:308 - Updater called before beeing initialized
2023-08-24 08:46:59,218 [FATAL] Updater:308 - Updater called before beeing initialized
2023-08-24 08:46:59,218 [FATAL] Updater:308 - Updater called before beeing initialized
2023-08-24 08:46:59,218 [WARN] DetailPanel:346 - Failed to get advertising image, set to default
2023-08-24 08:46:59,219 [FATAL] Updater:308 - Updater called before beeing initialized
2023-08-24 08:46:59,300 [ERROR] Updater:1120 - MainUpdater not yet initialized. External WinMGr cannot be set.
2023-08-24 08:46:59,316 [INFO] Updater:1056 - Updater Version found : 6.9.1
2023-08-24 08:46:59,339 [INFO] ApplicationProperties:184 - Using Application install path: C:\ST\STM32CubeIDE_1.12.0\STM32CubeIDE\plugins\com.st.stm32cube.common.mx_6.9.1.202307191849
2023-08-24 08:47:01,687 [FATAL] Updater:308 - Updater called before beeing initialized
2023-08-24 08:47:01,687 [ERROR] IntegrityCheckThread:130 - Cannot retrieve database content from updater: error 21
2023-08-24 08:47:01,687 [INFO] ThirdParty:978 - Integrity check success = false
2023-08-24 08:47:01,687 [INFO] IntegrityCheckThread:100 - exiting critical section [integrity check]
2023-08-24 08:47:01,687 [INFO] IntegrityCheckThread:103 - End integrity checks thread
2023-08-24 08:47:01,721 [INFO] MainUpdater:2868 - connection check result : 10
2023-08-24 08:47:01,722 [INFO] MainUpdater:285 - Updater Check For Update Now.
2023-08-24 08:47:01,722 [INFO] MicroXplorer:498 - Change Database Version : DB.6.0.91
2023-08-24 08:47:01,986 [INFO] CheckServerUpdateThread:120 - End of CheckServer Thread
2023-08-24 08:47:02,170 [INFO] MainUpdater:2868 - connection check result : 10
2023-08-24 08:47:02,181 [INFO] MainUpdater:2868 - connection check result : 10
2023-08-24 08:47:02,486 [INFO] MicroXplorer:468 - Change Database Path : 
2023-08-24 08:47:02,486 [INFO] MicroXplorer:498 - Change Database Version : DB.6.0.91
2023-08-24 08:47:02,491 [WARN] ThirdParty:871 - waiting for thirdparty lock release [close project]
2023-08-24 08:47:02,491 [INFO] ThirdParty:873 - entering critical section [close project]
2023-08-24 08:47:02,492 [INFO] ThirdParty:883 - exiting critical section [close project]
2023-08-24 08:47:02,496 [INFO] PinOutPanel:1499 - setPackage(No Configuration,No Configuration)
2023-08-24 08:47:02,503 [INFO] UtilMem:75 - Begin LoadConfig() Used Memory: 141416960 Bytes (268435456)
2023-08-24 08:47:02,505 [INFO] MicroXplorer:468 - Change Database Path : 
2023-08-24 08:47:02,505 [INFO] MicroXplorer:498 - Change Database Version : DB.6.0.91
2023-08-24 08:47:02,505 [INFO] OpenFileManager:308 - Change cursor
2023-08-24 08:47:02,539 [INFO] ThirdPartyDownloadManager:102 - Found SW packSTMicroelectronics.X-CUBE-TOUCHGFX.4.22.0up-to-date on disk
2023-08-24 08:47:02,554 [WARN] IntegrityCheckThread:84 - waiting for thirdparty lock release [integrity check]
2023-08-24 08:47:02,554 [INFO] IntegrityCheckThread:86 - entering critical section [integrity check]
2023-08-24 08:47:02,868 [WARN] PackLoader:240 - Cannot read IP mode file for STMicroelectronics.X-CUBE-SMBUS.2.1.0
2023-08-24 08:47:02,984 [WARN] PackLoader:240 - Cannot read IP mode file for STMicroelectronics.X-CUBE-AZRTOS-F7.1.1.0
2023-08-24 08:47:03,040 [WARN] PackLoader:240 - Cannot read IP mode file for STMicroelectronics.FP-SNS-MOTENV1.4.3.2
2023-08-24 08:47:03,068 [WARN] PackLoader:240 - Cannot read IP mode file for STMicroelectronics.X-CUBE-BLE1.6.2.4
2023-08-24 08:47:03,091 [WARN] PackLoader:240 - Cannot read IP mode file for STMicroelectronics.FP-SNS-FLIGHT1.5.0.2
2023-08-24 08:47:03,123 [WARN] PackLoader:240 - Cannot read IP mode file for STMicroelectronics.X-CUBE-DISPLAY.3.0.0
2023-08-24 08:47:03,155 [WARN] PackLoader:240 - Cannot read IP mode file for STMicroelectronics.X-CUBE-BLE1.7.0.0
2023-08-24 08:47:03,185 [WARN] PackLoader:240 - Cannot read IP mode file for emotas.I-CUBE-CANOPEN.1.3.0
2023-08-24 08:47:03,337 [WARN] PackLoader:240 - Cannot read IP mode file for STMicroelectronics.X-CUBE-TOUCHGFX.4.22.0
2023-08-24 08:47:03,505 [INFO] LogOutputStream:77 - [STDOUT_REDIRECT] 1 : Invalid condition id : UX_CORESTACK_Condition cause : null
2023-08-24 08:47:03,505 [INFO] LogOutputStream:77 - [STDOUT_REDIRECT] 1 : Invalid condition id : UX_CORESTACK_Condition cause : null
2023-08-24 08:47:03,507 [INFO] LogOutputStream:77 - [STDOUT_REDIRECT] 1 : Invalid condition id : UX_CORESTACK_Condition cause : null
2023-08-24 08:47:03,511 [INFO] LogOutputStream:77 - [STDOUT_REDIRECT] 1 : Invalid condition id : UX_CORESTACK_Condition cause : null
2023-08-24 08:47:03,514 [INFO] LogOutputStream:77 - [STDOUT_REDIRECT] 1 : Invalid condition id : UX_CORESTACK_Condition cause : null
2023-08-24 08:47:03,520 [WARN] PackLoader:240 - Cannot read IP mode file for STMicroelectronics.X-CUBE-AZRTOS-WL.2.0.0
2023-08-24 08:47:03,548 [WARN] PackLoader:240 - Cannot read IP mode file for WES.I-CUBE-Cesium.1.3.0
2023-08-24 08:47:03,571 [WARN] PackLoader:240 - Cannot read IP mode file for STMicroelectronics.X-CUBE-BLE2.3.3.0
2023-08-24 08:47:03,602 [WARN] PackLoader:240 - Cannot read IP mode file for STMicroelectronics.X-CUBE-TOUCHGFX.4.18.0
2023-08-24 08:47:03,709 [WARN] PackLoader:240 - Cannot read IP mode file for STMicroelectronics.X-CUBE-TOUCHGFX.4.21.1
2023-08-24 08:47:03,830 [WARN] PackLoader:240 - Cannot read IP mode file for STMicroelectronics.X-CUBE-TOUCHGFX.4.21.0
2023-08-24 08:47:03,909 [WARN] PackLoader:240 - Cannot read IP mode file for STMicroelectronics.X-CUBE-TOUCHGFX.4.21.4
2023-08-24 08:47:04,025 [WARN] PackLoader:240 - Cannot read IP mode file for STMicroelectronics.X-CUBE-ALGOBUILD.1.3.0
2023-08-24 08:47:04,108 [WARN] PackLoader:240 - Cannot read IP mode file for STMicroelectronics.X-CUBE-AZRTOS-G0.1.1.0
2023-08-24 08:47:04,139 [WARN] PackLoader:240 - Cannot read IP mode file for STMicroelectronics.X-CUBE-NFC4.3.0.0
2023-08-24 08:47:04,167 [WARN] PackLoader:240 - Cannot read IP mode file for STMicroelectronics.FP-ATR-SIGFOX1.3.2.0
2023-08-24 08:47:04,270 [WARN] PackLoader:240 - Cannot read IP mode file for SEGGER.I-CUBE-embOS.1.3.1
2023-08-24 08:47:04,401 [WARN] PackLoader:240 - Cannot read IP mode file for STMicroelectronics.X-CUBE-GNSS1.6.0.0
2023-08-24 08:47:04,470 [WARN] PackLoader:240 - Cannot read IP mode file for STMicroelectronics.X-CUBE-AZRTOS-F4.1.1.0
2023-08-24 08:47:04,492 [WARN] PackLoader:240 - Cannot read IP mode file for wolfSSL.I-CUBE-wolfSSL.5.6.3
2023-08-24 08:47:04,578 [WARN] PackLoader:240 - Cannot read IP mode file for STMicroelectronics.X-CUBE-AZRTOS-L5.2.0.0
2023-08-24 08:47:04,712 [WARN] PackLoader:240 - Cannot read IP mode file for STMicroelectronics.X-CUBE-MEMS1.9.6.0
2023-08-24 08:47:04,970 [WARN] PackLoader:240 - Cannot read IP mode file for emotas.I-CUBE-CANOPEN.1.1.3
2023-08-24 08:47:05,052 [WARN] PackLoader:240 - Cannot read IP mode file for STMicroelectronics.X-CUBE-BLEMGR.2.0.0
2023-08-24 08:47:05,107 [WARN] ConditionMgr:438 - getConditionDescription Invalid condition id : UX DEVICE CLASS RTOS Condition cause : null
2023-08-24 08:47:05,107 [WARN] ConditionMgr:438 - getConditionDescription Invalid condition id : UX DEVICE CLASS RTOS Condition cause : null
2023-08-24 08:47:05,112 [WARN] PackLoader:240 - Cannot read IP mode file for STMicroelectronics.X-CUBE-AZRTOS-H7.3.1.0
2023-08-24 08:47:05,113 [WARN] ConditionMgr:1039 - genDependencies : Invalid condition id : UX DEVICE CLASS RTOS Condition cause : null
2023-08-24 08:47:05,114 [WARN] ConditionMgr:1039 - genDependencies : Invalid condition id : UX DEVICE CLASS RTOS Condition cause : null
2023-08-24 08:47:05,114 [WARN] ConditionMgr:1039 - genDependencies : Invalid condition id : UX DEVICE CLASS RTOS Condition cause : null
2023-08-24 08:47:05,115 [WARN] ConditionMgr:1039 - genDependencies : Invalid condition id : UX DEVICE CLASS RTOS Condition cause : null
2023-08-24 08:47:05,115 [WARN] ConditionMgr:1039 - genDependencies : Invalid condition id : UX DEVICE CLASS RTOS Condition cause : null
2023-08-24 08:47:05,135 [WARN] PackLoader:240 - Cannot read IP mode file for STMicroelectronics.X-CUBE-NFC7.1.0.1
2023-08-24 08:47:05,180 [WARN] PackLoader:240 - Cannot read IP mode file for STMicroelectronics.X-CUBE-EEPRMA1.4.1.0
2023-08-24 08:47:05,214 [WARN] PackLoader:240 - Cannot read IP mode file for STMicroelectronics.X-CUBE-AI.8.1.0
2023-08-24 08:47:05,348 [WARN] ConditionMgr:438 - getConditionDescription Invalid condition id : LAN8742 Phy interface Condition cause : null
2023-08-24 08:47:05,349 [WARN] PackLoader:240 - Cannot read IP mode file for STMicroelectronics.X-CUBE-AZRTOS-L4.2.0.0
2023-08-24 08:47:05,355 [WARN] ConditionMgr:1039 - genDependencies : Invalid condition id : LAN8742 Phy interface Condition cause : null
2023-08-24 08:47:05,355 [WARN] ConditionMgr:1039 - genDependencies : Invalid condition id : LAN8742 Phy interface Condition cause : null
2023-08-24 08:47:05,357 [WARN] ConditionMgr:1039 - genDependencies : Invalid condition id : LAN8742 Phy interface Condition cause : null
2023-08-24 08:47:05,434 [WARN] PackLoader:240 - Cannot read IP mode file for STMicroelectronics.X-CUBE-SFXS2LP1.4.0.0
2023-08-24 08:47:05,458 [WARN] PackLoader:240 - Cannot read IP mode file for STMicroelectronics.X-CUBE-ISPU.1.1.0
2023-08-24 08:47:05,519 [WARN] ConditionMgr:438 - getConditionDescription Invalid condition id : UX DEVICE CLASS RTOS Condition cause : null
2023-08-24 08:47:05,519 [WARN] ConditionMgr:438 - getConditionDescription Invalid condition id : UX DEVICE CLASS RTOS Condition cause : null
2023-08-24 08:47:05,524 [WARN] PackLoader:240 - Cannot read IP mode file for STMicroelectronics.X-CUBE-AZRTOS-WB.2.0.0
2023-08-24 08:47:05,525 [WARN] ConditionMgr:1039 - genDependencies : Invalid condition id : UX DEVICE CLASS RTOS Condition cause : null
2023-08-24 08:47:05,529 [WARN] ConditionMgr:1039 - genDependencies : Invalid condition id : UX DEVICE CLASS RTOS Condition cause : null
2023-08-24 08:47:05,530 [WARN] ConditionMgr:1039 - genDependencies : Invalid condition id : UX DEVICE CLASS RTOS Condition cause : null
2023-08-24 08:47:05,530 [WARN] ConditionMgr:1039 - genDependencies : Invalid condition id : UX DEVICE CLASS RTOS Condition cause : null
2023-08-24 08:47:05,530 [WARN] ConditionMgr:1039 - genDependencies : Invalid condition id : UX DEVICE CLASS RTOS Condition cause : null
2023-08-24 08:47:05,551 [WARN] PackLoader:240 - Cannot read IP mode file for STMicroelectronics.X-CUBE-FREERTOS.1.0.1
2023-08-24 08:47:05,608 [WARN] PackLoader:240 - Cannot read IP mode file for STMicroelectronics.X-CUBE-AZRTOS-L5.1.1.0
2023-08-24 08:47:05,626 [WARN] PackLoader:240 - Cannot read IP mode file for STMicroelectronics.X-CUBE-AI.8.0.1
2023-08-24 08:47:05,653 [WARN] PackLoader:240 - Cannot read IP mode file for STMicroelectronics.X-CUBE-SUBG2.5.0.0
2023-08-24 08:47:05,685 [WARN] PackLoader:240 - Cannot read IP mode file for STMicroelectronics.X-CUBE-TOF1.3.3.1
2023-08-24 08:47:05,873 [WARN] PackLoader:240 - Cannot read IP mode file for STMicroelectronics.X-CUBE-AZRTOS-G4.2.0.0
2023-08-24 08:47:05,900 [WARN] PackLoader:240 - Cannot read IP mode file for STMicroelectronics.X-CUBE-TOF1.3.3.0
2023-08-24 08:47:06,068 [WARN] PackLoader:240 - Cannot read IP mode file for portGmbH.I-Cube-SoM-uGOAL.1.1.0
2023-08-24 08:47:06,252 [WARN] PackLoader:240 - Cannot read IP mode file for STMicroelectronics.X-CUBE-ALS.1.0.1
2023-08-24 08:47:06,399 [WARN] PackLoader:240 - Cannot read IP mode file for STMicroelectronics.X-CUBE-AZRTOS-WB.1.1.0
2023-08-24 08:47:06,449 [WARN] PackLoader:240 - Cannot read IP mode file for STMicroelectronics.FP-ATR-ASTRA1.2.0.0
2023-08-24 08:47:06,450 [INFO] ThirdParty:978 - Integrity check success = true
2023-08-24 08:47:06,450 [INFO] IntegrityCheckThread:100 - exiting critical section [integrity check]
2023-08-24 08:47:06,450 [INFO] IntegrityCheckThread:103 - End integrity checks thread
2023-08-24 08:47:06,541 [INFO] Mcu:1946 - Initializing MCU STM32H750VBTx STM32H750VBTx STM32H750VBT6
2023-08-24 08:47:12,928 [INFO] Context:659 - Trying to add GPIOservice into a context  which must be forbidden
2023-08-24 08:47:15,667 [INFO] ApiDbMcu:507 - Load IP Config File for STMicroelectronics.X-CUBE-TOUCHGFX.4.22.0
2023-08-24 08:47:16,319 [INFO] RtosManager:555 - Registered RTOS mode: class=CMSIS, group=RTOS, mode=CMSIS_V1, owner=FREERTOS
2023-08-24 08:47:16,319 [INFO] RtosManager:555 - Registered RTOS mode: class=CMSIS, group=RTOS2, mode=CMSIS_V2, owner=FREERTOS
2023-08-24 08:47:16,319 [INFO] RtosManager:555 - Registered RTOS mode: class=RTOS, group=Core, mode=CMSIS_V1, owner=FREERTOS
2023-08-24 08:47:16,319 [INFO] RtosManager:555 - Registered RTOS mode: class=RTOS, group=Core, mode=CMSIS_V2, owner=FREERTOS
2023-08-24 08:47:16,319 [WARN] ModelIntegratedComponent:184 - Missing modes for component STMicroelectronics:FreeRTOS:0.0.1:STMicroelectronics:RTOS:FreeRTOS:Core:::10.2.0:
2023-08-24 08:47:16,339 [WARN] ModelIntegratedComponent:63 - No mode defined for component null
2023-08-24 08:47:16,339 [WARN] ModelIntegratedComponent:63 - No mode defined for component null
2023-08-24 08:47:16,339 [WARN] ModelIntegratedComponent:63 - No mode defined for component null
2023-08-24 08:47:16,340 [WARN] ModelIntegratedComponent:63 - No mode defined for component null
2023-08-24 08:47:16,340 [WARN] ModelIntegratedComponent:63 - No mode defined for component null
2023-08-24 08:47:16,340 [WARN] ModelIntegratedComponent:63 - No mode defined for component null
2023-08-24 08:47:16,340 [WARN] ModelIntegratedComponent:63 - No mode defined for component null
2023-08-24 08:47:16,340 [WARN] ModelIntegratedComponent:63 - No mode defined for component null
2023-08-24 08:47:16,340 [WARN] ModelIntegratedComponent:63 - No mode defined for component null
2023-08-24 08:47:16,340 [WARN] ModelIntegratedComponent:63 - No mode defined for component null
2023-08-24 08:47:16,340 [WARN] ModelIntegratedComponent:63 - No mode defined for component null
2023-08-24 08:47:16,340 [WARN] ModelIntegratedComponent:63 - No mode defined for component null
2023-08-24 08:47:16,340 [WARN] ModelIntegratedComponent:63 - No mode defined for component null
2023-08-24 08:47:16,340 [WARN] ModelIntegratedComponent:63 - No mode defined for component null
2023-08-24 08:47:16,340 [WARN] ModelIntegratedComponent:63 - No mode defined for component null
2023-08-24 08:47:16,340 [WARN] ModelIntegratedComponent:63 - No mode defined for component null
2023-08-24 08:47:16,340 [WARN] ModelIntegratedComponent:63 - No mode defined for component null
2023-08-24 08:47:16,340 [WARN] ModelIntegratedComponent:63 - No mode defined for component null
2023-08-24 08:47:16,340 [WARN] ModelIntegratedComponent:63 - No mode defined for component null
2023-08-24 08:47:16,340 [WARN] ModelIntegratedComponent:63 - No mode defined for component null
2023-08-24 08:47:16,340 [WARN] ModelIntegratedComponent:63 - No mode defined for component null
2023-08-24 08:47:16,341 [WARN] ModelIntegratedComponent:63 - No mode defined for component null
2023-08-24 08:47:16,341 [WARN] ModelIntegratedComponent:63 - No mode defined for component null
2023-08-24 08:47:16,341 [WARN] ModelIntegratedComponent:63 - No mode defined for component null
2023-08-24 08:47:16,341 [WARN] ModelIntegratedComponent:63 - No mode defined for component null
2023-08-24 08:47:16,341 [WARN] ModelIntegratedComponent:63 - No mode defined for component null
2023-08-24 08:47:16,341 [WARN] ModelIntegratedComponent:63 - No mode defined for component null
2023-08-24 08:47:16,341 [WARN] ModelIntegratedComponent:63 - No mode defined for component null
2023-08-24 08:47:16,341 [WARN] ModelIntegratedComponent:63 - No mode defined for component null
2023-08-24 08:47:16,341 [WARN] ModelIntegratedComponent:63 - No mode defined for component null
2023-08-24 08:47:16,341 [WARN] ModelIntegratedComponent:63 - No mode defined for component null
2023-08-24 08:47:16,341 [WARN] ModelIntegratedComponent:63 - No mode defined for component null
2023-08-24 08:47:16,341 [WARN] ModelIntegratedComponent:63 - No mode defined for component null
2023-08-24 08:47:17,485 [ERROR] LogOutputStream:75 - [STDERR_REDIRECT] Exception in thread "AWT-EventQueue-0" java.util.NoSuchElementException: Vector Enumeration
2023-08-24 08:47:17,487 [ERROR] LogOutputStream:75 - [STDERR_REDIRECT] 	at java.base/java.util.Vector$1.nextElement(Vector.java:344)
2023-08-24 08:47:17,489 [ERROR] LogOutputStream:75 - [STDERR_REDIRECT] 	at java.desktop/javax.swing.plaf.basic.BasicTableUI.getPreferredSize(BasicTableUI.java:1790)
2023-08-24 08:47:17,491 [ERROR] LogOutputStream:75 - [STDERR_REDIRECT] 	at java.desktop/javax.swing.JComponent.getPreferredSize(JComponent.java:1725)
2023-08-24 08:47:17,494 [ERROR] LogOutputStream:75 - [STDERR_REDIRECT] 	at java.desktop/javax.swing.ScrollPaneLayout.preferredLayoutSize(ScrollPaneLayout.java:503)
2023-08-24 08:47:17,496 [ERROR] LogOutputStream:75 - [STDERR_REDIRECT] 	at java.desktop/java.awt.Container.preferredSize(Container.java:1826)
2023-08-24 08:47:17,498 [ERROR] LogOutputStream:75 - [STDERR_REDIRECT] 	at java.desktop/java.awt.Container.getPreferredSize(Container.java:1810)
2023-08-24 08:47:17,499 [ERROR] LogOutputStream:75 - [STDERR_REDIRECT] 	at java.desktop/javax.swing.JComponent.getPreferredSize(JComponent.java:1727)
2023-08-24 08:47:17,502 [ERROR] LogOutputStream:75 - [STDERR_REDIRECT] 	at org.jdesktop.swingx.VerticalLayout.preferredLayoutSize(VerticalLayout.java:80)
2023-08-24 08:47:17,504 [ERROR] LogOutputStream:75 - [STDERR_REDIRECT] 	at java.desktop/java.awt.Container.preferredSize(Container.java:1826)
2023-08-24 08:47:17,505 [ERROR] LogOutputStream:75 - [STDERR_REDIRECT] 	at java.desktop/java.awt.Container.getPreferredSize(Container.java:1810)
2023-08-24 08:47:17,507 [ERROR] LogOutputStream:75 - [STDERR_REDIRECT] 	at java.desktop/javax.swing.JComponent.getPreferredSize(JComponent.java:1727)
2023-08-24 08:47:17,509 [ERROR] LogOutputStream:75 - [STDERR_REDIRECT] 	at org.jdesktop.swingx.JXCollapsiblePane$AnimationListener.actionPerformed(JXCollapsiblePane.java:817)
2023-08-24 08:47:17,511 [ERROR] LogOutputStream:75 - [STDERR_REDIRECT] 	at java.desktop/javax.swing.Timer.fireActionPerformed(Timer.java:311)
2023-08-24 08:47:17,513 [ERROR] LogOutputStream:75 - [STDERR_REDIRECT] 	at java.desktop/javax.swing.Timer$DoPostEvent.run(Timer.java:243)
2023-08-24 08:47:17,515 [ERROR] LogOutputStream:75 - [STDERR_REDIRECT] 	at java.desktop/java.awt.event.InvocationEvent.dispatch(InvocationEvent.java:318)
2023-08-24 08:47:17,516 [ERROR] LogOutputStream:75 - [STDERR_REDIRECT] 	at java.desktop/java.awt.EventQueue.dispatchEventImpl(EventQueue.java:771)
2023-08-24 08:47:17,518 [ERROR] LogOutputStream:75 - [STDERR_REDIRECT] 	at java.desktop/java.awt.EventQueue$4.run(EventQueue.java:722)
2023-08-24 08:47:17,520 [ERROR] LogOutputStream:75 - [STDERR_REDIRECT] 	at java.desktop/java.awt.EventQueue$4.run(EventQueue.java:716)
2023-08-24 08:47:17,521 [ERROR] LogOutputStream:75 - [STDERR_REDIRECT] 	at java.base/java.security.AccessController.doPrivileged(AccessController.java:399)
2023-08-24 08:47:17,524 [ERROR] LogOutputStream:75 - [STDERR_REDIRECT] 	at java.base/java.security.ProtectionDomain$JavaSecurityAccessImpl.doIntersectionPrivilege(ProtectionDomain.java:86)
2023-08-24 08:47:17,526 [ERROR] LogOutputStream:75 - [STDERR_REDIRECT] 	at java.desktop/java.awt.EventQueue.dispatchEvent(EventQueue.java:741)
2023-08-24 08:47:17,528 [ERROR] LogOutputStream:75 - [STDERR_REDIRECT] 	at java.desktop/java.awt.EventDispatchThread.pumpOneEventForFilters(EventDispatchThread.java:203)
2023-08-24 08:47:17,531 [ERROR] LogOutputStream:75 - [STDERR_REDIRECT] 	at java.desktop/java.awt.EventDispatchThread.pumpEventsForFilter(EventDispatchThread.java:124)
2023-08-24 08:47:17,533 [ERROR] LogOutputStream:75 - [STDERR_REDIRECT] 	at java.desktop/java.awt.EventDispatchThread.pumpEventsForFilter(EventDispatchThread.java:117)
2023-08-24 08:47:17,535 [ERROR] LogOutputStream:75 - [STDERR_REDIRECT] 	at java.desktop/java.awt.WaitDispatchSupport$2.run(WaitDispatchSupport.java:191)
2023-08-24 08:47:17,536 [ERROR] LogOutputStream:75 - [STDERR_REDIRECT] 	at java.desktop/java.awt.WaitDispatchSupport$4.run(WaitDispatchSupport.java:236)
2023-08-24 08:47:17,538 [ERROR] LogOutputStream:75 - [STDERR_REDIRECT] 	at java.desktop/java.awt.WaitDispatchSupport$4.run(WaitDispatchSupport.java:234)
2023-08-24 08:47:17,541 [ERROR] LogOutputStream:75 - [STDERR_REDIRECT] 	at java.base/java.security.AccessController.doPrivileged(AccessController.java:318)
2023-08-24 08:47:17,543 [ERROR] LogOutputStream:75 - [STDERR_REDIRECT] 	at java.desktop/java.awt.WaitDispatchSupport.enter(WaitDispatchSupport.java:234)
2023-08-24 08:47:17,545 [ERROR] LogOutputStream:75 - [STDERR_REDIRECT] 	at java.desktop/java.awt.Dialog.show(Dialog.java:1080)
2023-08-24 08:47:17,546 [ERROR] LogOutputStream:75 - [STDERR_REDIRECT] 	at java.desktop/java.awt.Component.show(Component.java:1728)
2023-08-24 08:47:17,548 [ERROR] LogOutputStream:75 - [STDERR_REDIRECT] 	at java.desktop/java.awt.Component.setVisible(Component.java:1675)
2023-08-24 08:47:17,549 [ERROR] LogOutputStream:75 - [STDERR_REDIRECT] 	at java.desktop/java.awt.Window.setVisible(Window.java:1036)
2023-08-24 08:47:17,551 [ERROR] LogOutputStream:75 - [STDERR_REDIRECT] 	at java.desktop/java.awt.Dialog.setVisible(Dialog.java:1016)
2023-08-24 08:47:17,553 [ERROR] LogOutputStream:75 - [STDERR_REDIRECT] 	at com.st.microxplorer.util.ProcessBarDialog.doAction(ProcessBarDialog.java:173)
2023-08-24 08:47:17,555 [ERROR] LogOutputStream:75 - [STDERR_REDIRECT] 	at com.st.microxplorer.mxsystem.ProjectFactory.load(ProjectFactory.java:224)
2023-08-24 08:47:17,557 [ERROR] LogOutputStream:75 - [STDERR_REDIRECT] 	at com.st.microxplorer.mxsystem.ProjectFactory.startLoadConfig(ProjectFactory.java:173)
2023-08-24 08:47:17,558 [ERROR] LogOutputStream:75 - [STDERR_REDIRECT] 	at com.st.microxplorer.mxsystem.MxSystem.startLoadConfig(MxSystem.java:783)
2023-08-24 08:47:17,562 [ERROR] LogOutputStream:75 - [STDERR_REDIRECT] 	at com.st.microxplorer.plugins.filemanager.engine.OpenFileManager.LoadConfig(OpenFileManager.java:310)
2023-08-24 08:47:17,565 [ERROR] LogOutputStream:75 - [STDERR_REDIRECT] 	at com.st.microxplorer.plugins.filemanager.engine.OpenFileManager.loadConfigurationFile(OpenFileManager.java:246)
2023-08-24 08:47:17,567 [ERROR] LogOutputStream:75 - [STDERR_REDIRECT] 	at com.st.microxplorer.plugins.filemanager.engine.MainFileManager.userLoadConfig(MainFileManager.java:285)
2023-08-24 08:47:17,569 [ERROR] LogOutputStream:75 - [STDERR_REDIRECT] 	at com.st.microxplorer.plugins.filemanager.FileManagerView.getSpecificTask(FileManagerView.java:246)
2023-08-24 08:47:17,571 [ERROR] LogOutputStream:75 - [STDERR_REDIRECT] 	at com.st.stm32cube.common.mx.editor.CubeMxEditor.getMxTabbedPaneInstance(CubeMxEditor.java:1184)
2023-08-24 08:47:17,574 [ERROR] LogOutputStream:75 - [STDERR_REDIRECT] 	at com.st.stm32cube.common.mx.editor.CubeMxEditor$12$1.createSwingComponent(CubeMxEditor.java:1065)
2023-08-24 08:47:17,576 [ERROR] LogOutputStream:75 - [STDERR_REDIRECT] 	at com.st.stm32cube.common.mx.oss.core.awtswtbridge.EmbeddedSwingComposite.doComponentCreation(EmbeddedSwingComposite.java:492)
2023-08-24 08:47:17,579 [ERROR] LogOutputStream:75 - [STDERR_REDIRECT] 	at com.st.stm32cube.common.mx.oss.core.awtswtbridge.EmbeddedSwingComposite$4.run(EmbeddedSwingComposite.java:291)
2023-08-24 08:47:17,581 [ERROR] LogOutputStream:75 - [STDERR_REDIRECT] 	at com.st.stm32cube.common.mx.oss.core.awtswtbridge.AwtEnvironment$2.run(AwtEnvironment.java:166)
2023-08-24 08:47:17,583 [ERROR] LogOutputStream:75 - [STDERR_REDIRECT] 	at java.desktop/java.awt.event.InvocationEvent.dispatch(InvocationEvent.java:318)
2023-08-24 08:47:17,585 [ERROR] LogOutputStream:75 - [STDERR_REDIRECT] 	at java.desktop/java.awt.EventQueue.dispatchEventImpl(EventQueue.java:771)
2023-08-24 08:47:17,586 [ERROR] LogOutputStream:75 - [STDERR_REDIRECT] 	at java.desktop/java.awt.EventQueue$4.run(EventQueue.java:722)
2023-08-24 08:47:17,588 [ERROR] LogOutputStream:75 - [STDERR_REDIRECT] 	at java.desktop/java.awt.EventQueue$4.run(EventQueue.java:716)
2023-08-24 08:47:17,589 [ERROR] LogOutputStream:75 - [STDERR_REDIRECT] 	at java.base/java.security.AccessController.doPrivileged(AccessController.java:399)
2023-08-24 08:47:17,592 [ERROR] LogOutputStream:75 - [STDERR_REDIRECT] 	at java.base/java.security.ProtectionDomain$JavaSecurityAccessImpl.doIntersectionPrivilege(ProtectionDomain.java:86)
2023-08-24 08:47:17,594 [ERROR] LogOutputStream:75 - [STDERR_REDIRECT] 	at java.desktop/java.awt.EventQueue.dispatchEvent(EventQueue.java:741)
2023-08-24 08:47:17,595 [INFO] ThirdPartyModel:298 - Start build external matchings
2023-08-24 08:47:17,596 [ERROR] LogOutputStream:75 - [STDERR_REDIRECT] 	at java.desktop/java.awt.EventDispatchThread.pumpOneEventForFilters(EventDispatchThread.java:203)
2023-08-24 08:47:17,598 [ERROR] LogOutputStream:75 - [STDERR_REDIRECT] 	at java.desktop/java.awt.EventDispatchThread.pumpEventsForFilter(EventDispatchThread.java:124)
2023-08-24 08:47:17,600 [ERROR] LogOutputStream:75 - [STDERR_REDIRECT] 	at java.desktop/java.awt.EventDispatchThread.pumpEventsForHierarchy(EventDispatchThread.java:113)
2023-08-24 08:47:17,602 [ERROR] LogOutputStream:75 - [STDERR_REDIRECT] 	at java.desktop/java.awt.EventDispatchThread.pumpEvents(EventDispatchThread.java:109)
2023-08-24 08:47:17,604 [ERROR] LogOutputStream:75 - [STDERR_REDIRECT] 	at java.desktop/java.awt.EventDispatchThread.pumpEvents(EventDispatchThread.java:101)
2023-08-24 08:47:17,606 [ERROR] LogOutputStream:75 - [STDERR_REDIRECT] 	at java.desktop/java.awt.EventDispatchThread.run(EventDispatchThread.java:90)
2023-08-24 08:47:18,166 [INFO] ThirdPartyModel:316 - End build external matchings
2023-08-24 08:47:18,275 [INFO] ImportTextPane:194 - (OptionalMessage_ERROR) IP (BDMA) : Parameter (Instance) has Id (ADC3) currently not set
2023-08-24 08:47:18,276 [INFO] ImportTextPane:194 - (OptionalMessage_ERROR) IP (BDMA) : Parameter (Request) has Id (ADC3) currently not set
2023-08-24 08:47:18,276 [INFO] ImportTextPane:194 - (OptionalMessage_ERROR) IP (BDMA) : Parameter (Direction) has Id (ADC3) currently not set
2023-08-24 08:47:18,277 [INFO] ImportTextPane:194 - (OptionalMessage_ERROR) IP (BDMA) : Parameter (PeriphInc) has Id (ADC3) currently not set
2023-08-24 08:47:18,277 [INFO] ImportTextPane:194 - (OptionalMessage_ERROR) IP (BDMA) : Parameter (MemInc) has Id (ADC3) currently not set
2023-08-24 08:47:18,277 [INFO] ImportTextPane:194 - (OptionalMessage_ERROR) IP (BDMA) : Parameter (PeriphDataAlignment) has Id (ADC3) currently not set
2023-08-24 08:47:18,277 [INFO] ImportTextPane:194 - (OptionalMessage_ERROR) IP (BDMA) : Parameter (MemDataAlignment) has Id (ADC3) currently not set
2023-08-24 08:47:18,277 [INFO] ImportTextPane:194 - (OptionalMessage_ERROR) IP (BDMA) : Parameter (Mode) has Id (ADC3) currently not set
2023-08-24 08:47:18,277 [INFO] ImportTextPane:194 - (OptionalMessage_ERROR) IP (BDMA) : Parameter (Priority) has Id (ADC3) currently not set
2023-08-24 08:47:18,278 [INFO] ImportTextPane:194 - (OptionalMessage_ERROR) IP (BDMA) : Parameter (SignalID) has Id (ADC3) currently not set
2023-08-24 08:47:18,278 [INFO] ImportTextPane:194 - (OptionalMessage_ERROR) IP (BDMA) : Parameter (Polarity) has Id (ADC3) currently not set
2023-08-24 08:47:18,278 [INFO] ImportTextPane:194 - (OptionalMessage_ERROR) IP (BDMA) : Parameter (RequestNumber) has Id (ADC3) currently not set
2023-08-24 08:47:18,278 [INFO] ImportTextPane:194 - (OptionalMessage_ERROR) IP (BDMA) : Parameter (SyncSignalID) has Id (ADC3) currently not set
2023-08-24 08:47:18,278 [INFO] ImportTextPane:194 - (OptionalMessage_ERROR) IP (BDMA) : Parameter (SyncPolarity) has Id (ADC3) currently not set
2023-08-24 08:47:18,278 [INFO] ImportTextPane:194 - (OptionalMessage_ERROR) IP (BDMA) : Parameter (SyncEnable) has Id (ADC3) currently not set
2023-08-24 08:47:18,278 [INFO] ImportTextPane:194 - (OptionalMessage_ERROR) IP (BDMA) : Parameter (EventEnable) has Id (ADC3) currently not set
2023-08-24 08:47:18,278 [INFO] ImportTextPane:194 - (OptionalMessage_ERROR) IP (BDMA) : Parameter (SyncRequestNumber) has Id (ADC3) currently not set
2023-08-24 08:47:18,281 [INFO] ImportTextPane:194 - (OptionalMessage_ERROR) IP (DMA) : Parameter (Instance) has Id (SPI4_TX) currently not set
2023-08-24 08:47:18,281 [INFO] ImportTextPane:194 - (OptionalMessage_ERROR) IP (DMA) : Parameter (Request) has Id (SPI4_TX) currently not set
2023-08-24 08:47:18,281 [INFO] ImportTextPane:194 - (OptionalMessage_ERROR) IP (DMA) : Parameter (Direction) has Id (SPI4_TX) currently not set
2023-08-24 08:47:18,281 [INFO] ImportTextPane:194 - (OptionalMessage_ERROR) IP (DMA) : Parameter (PeriphInc) has Id (SPI4_TX) currently not set
2023-08-24 08:47:18,281 [INFO] ImportTextPane:194 - (OptionalMessage_ERROR) IP (DMA) : Parameter (MemInc) has Id (SPI4_TX) currently not set
2023-08-24 08:47:18,281 [INFO] ImportTextPane:194 - (OptionalMessage_ERROR) IP (DMA) : Parameter (PeriphDataAlignment) has Id (SPI4_TX) currently not set
2023-08-24 08:47:18,282 [INFO] ImportTextPane:194 - (OptionalMessage_ERROR) IP (DMA) : Parameter (MemDataAlignment) has Id (SPI4_TX) currently not set
2023-08-24 08:47:18,282 [INFO] ImportTextPane:194 - (OptionalMessage_ERROR) IP (DMA) : Parameter (Mode) has Id (SPI4_TX) currently not set
2023-08-24 08:47:18,282 [INFO] ImportTextPane:194 - (OptionalMessage_ERROR) IP (DMA) : Parameter (Priority) has Id (SPI4_TX) currently not set
2023-08-24 08:47:18,282 [INFO] ImportTextPane:194 - (OptionalMessage_ERROR) IP (DMA) : Parameter (FIFOMode) has Id (SPI4_TX) currently not set
2023-08-24 08:47:18,282 [INFO] ImportTextPane:194 - (OptionalMessage_ERROR) IP (DMA) : Parameter (SignalID) has Id (SPI4_TX) currently not set
2023-08-24 08:47:18,282 [INFO] ImportTextPane:194 - (OptionalMessage_ERROR) IP (DMA) : Parameter (Polarity) has Id (SPI4_TX) currently not set
2023-08-24 08:47:18,282 [INFO] ImportTextPane:194 - (OptionalMessage_ERROR) IP (DMA) : Parameter (RequestNumber) has Id (SPI4_TX) currently not set
2023-08-24 08:47:18,282 [INFO] ImportTextPane:194 - (OptionalMessage_ERROR) IP (DMA) : Parameter (SyncSignalID) has Id (SPI4_TX) currently not set
2023-08-24 08:47:18,282 [INFO] ImportTextPane:194 - (OptionalMessage_ERROR) IP (DMA) : Parameter (SyncPolarity) has Id (SPI4_TX) currently not set
2023-08-24 08:47:18,282 [INFO] ImportTextPane:194 - (OptionalMessage_ERROR) IP (DMA) : Parameter (SyncEnable) has Id (SPI4_TX) currently not set
2023-08-24 08:47:18,283 [INFO] ImportTextPane:194 - (OptionalMessage_ERROR) IP (DMA) : Parameter (EventEnable) has Id (SPI4_TX) currently not set
2023-08-24 08:47:18,283 [INFO] ImportTextPane:194 - (OptionalMessage_ERROR) IP (DMA) : Parameter (SyncRequestNumber) has Id (SPI4_TX) currently not set
2023-08-24 08:47:18,285 [INFO] ImportTextPane:194 - (OptionalMessage_ERROR) IP (RCC) : Parameter (DFSDMACLkFreq_Value) has invalid value (240000000)
2023-08-24 08:47:18,310 [INFO] ImportTextPane:194 - (OptionalMessage_ERROR) IP (RCC) : Parameter (FDCANFreq_Value) has invalid value (240000000)
2023-08-24 08:47:18,311 [INFO] ImportTextPane:194 - (OptionalMessage_ERROR) IP (RCC) : Invalid parameter (FamilyName)
2023-08-24 08:47:18,311 [INFO] ImportTextPane:194 - (OptionalMessage_ERROR) IP (RCC) : Parameter (I2C123Freq_Value) has invalid value (120000000)
2023-08-24 08:47:18,311 [INFO] ImportTextPane:194 - (OptionalMessage_ERROR) IP (RCC) : Parameter (I2C4Freq_Value) has invalid value (120000000)
2023-08-24 08:47:18,311 [INFO] ImportTextPane:194 - (OptionalMessage_ERROR) IP (RCC) : Parameter (LPTIM1Freq_Value) has invalid value (120000000)
2023-08-24 08:47:18,311 [INFO] ImportTextPane:194 - (OptionalMessage_ERROR) IP (RCC) : Parameter (LPTIM2Freq_Value) has invalid value (120000000)
2023-08-24 08:47:18,311 [INFO] ImportTextPane:194 - (OptionalMessage_ERROR) IP (RCC) : Parameter (LPTIM345Freq_Value) has invalid value (120000000)
2023-08-24 08:47:18,311 [INFO] ImportTextPane:194 - (OptionalMessage_ERROR) IP (RCC) : Parameter (LPUART1Freq_Value) has invalid value (120000000)
2023-08-24 08:47:18,311 [INFO] ImportTextPane:194 - (OptionalMessage_ERROR) IP (RCC) : Parameter (SAI1Freq_Value) has invalid value (240000000)
2023-08-24 08:47:18,313 [INFO] ImportTextPane:194 - (OptionalMessage_ERROR) IP (RCC) : Parameter (SAI23Freq_Value) has invalid value (240000000)
2023-08-24 08:47:18,313 [INFO] ImportTextPane:194 - (OptionalMessage_ERROR) IP (RCC) : Parameter (SAI4AFreq_Value) has invalid value (240000000)
2023-08-24 08:47:18,313 [INFO] ImportTextPane:194 - (OptionalMessage_ERROR) IP (RCC) : Parameter (SAI4BFreq_Value) has invalid value (240000000)
2023-08-24 08:47:18,313 [INFO] ImportTextPane:194 - (OptionalMessage_ERROR) IP (RCC) : Parameter (SDMMCFreq_Value) has invalid value (240000000)
2023-08-24 08:47:18,313 [INFO] ImportTextPane:194 - (OptionalMessage_ERROR) IP (RCC) : Parameter (SPDIFRXFreq_Value) has invalid value (240000000)
2023-08-24 08:47:18,313 [INFO] ImportTextPane:194 - (OptionalMessage_ERROR) IP (RCC) : Parameter (SPI123Freq_Value) has invalid value (240000000)
2023-08-24 08:47:18,314 [INFO] ImportTextPane:194 - (OptionalMessage_ERROR) IP (RCC) : Parameter (SPI6Freq_Value) has invalid value (120000000)
2023-08-24 08:47:18,314 [INFO] ImportTextPane:194 - (OptionalMessage_ERROR) IP (RCC) : Parameter (SWPMI1Freq_Value) has invalid value (120000000)
2023-08-24 08:47:18,314 [INFO] ImportTextPane:194 - (OptionalMessage_ERROR) IP (RCC) : Parameter (USART16Freq_Value) has invalid value (120000000)
2023-08-24 08:47:18,314 [INFO] ImportTextPane:194 - (OptionalMessage_ERROR) IP (RCC) : Parameter (USART234578Freq_Value) has invalid value (120000000)
2023-08-24 08:47:18,314 [INFO] ImportTextPane:194 - (OptionalMessage_ERROR) IP (RCC) : Parameter (USBFreq_Value) has invalid value (240000000)
2023-08-24 08:47:18,346 [INFO] ImportTextPane:194 - (OptionalMessage_ERROR) IP (STMicroelectronics.X-CUBE-TOUCHGFX.4.22.0) : Parameter (ApplicationCcGraphicsJjApplication) has invalid value (TouchGFXOoGenerator)
2023-08-24 08:47:19,344 [INFO] UtilMem:75 - End LoadConfig() Used Memory: 385372744 Bytes (461373440)
2023-08-24 08:47:19,561 [INFO] ApiDb:581 - Connected to CubeFinder SQLite database (C:\Users\user\.stmcufinder\plugins\mcufinder\mcu\cube-finder-db.db)
2023-08-24 08:47:19,887 [INFO] ApiDb:668 - CubeFinder database Data Model version=2.1
2023-08-24 08:47:19,887 [INFO] ApiDb:669 - CubeFinder database Configuration version=3.0.37
2023-08-24 08:47:19,887 [INFO] ApiDb:670 - CubeFinder database generation date=2023-08-09 (1691586011)
2023-08-24 08:47:19,887 [INFO] ApiDb:671 - CubeFinder database FW Pack versions=[FP-ATR-ASTRA1_V2.0.0, FP-SNS-FLIGHT1_V5.0.1, FP-SNS-FLIGHT1_V5.0.2, FP-SNS-MOTENV1_V4.3.1, FP-SNS-MOTENV1_V4.3.2, STM32Cube_FW_C0_V1.1.0, STM32Cube_FW_F4_V1.27.1, STM32Cube_FW_F7_V1.17.0, STM32Cube_FW_G0_V1.6.1, STM32Cube_FW_G4_V1.5.1, STM32Cube_FW_H5_V0.5.1, STM32Cube_FW_H5_V1.1.0, STM32Cube_FW_H7_V1.11.0, STM32Cube_FW_L0_V1.12.2, STM32Cube_FW_L5_V1.5.0, STM32Cube_FW_U5_V1.3.0, STM32Cube_FW_U5_V1.3.0RC4, STM32Cube_FW_WBA_V1.0.0RC1, STM32Cube_FW_WBA_V1.1.0, STM32Cube_FW_WBA_V1.1.0RC1, STM32Cube_FW_WB_V1.15.0RC1, STM32Cube_FW_WB_V1.16.0, STM32Cube_FW_WB_V1.16.0RC2, STM32Cube_FW_WB_V1.17.0, STM32Cube_FW_WL_V1.3.0, X-CUBE-ALGOBUILD_V1.3.0, X-CUBE-ALS_V1.0.1, X-CUBE-AZRTOS-F4_V1.1.0, X-CUBE-AZRTOS-F7_V1.1.0, X-CUBE-AZRTOS-G0_V1.1.0, X-CUBE-AZRTOS-G4_V2.0.0, X-CUBE-AZRTOS-H7_V3.1.0, X-CUBE-AZRTOS-L4_V1.0.0, X-CUBE-AZRTOS-L4_V2.0.0, X-CUBE-AZRTOS-L5_V1.1.0, X-CUBE-AZRTOS-WB_V1.1.0, X-CUBE-AZRTOS-WL_V2.0.0, X-CUBE-BLE1_V7.0.0, X-CUBE-BLE2_V3.3.0, X-CUBE-BLEMGR_V2.0.0, X-CUBE-EEPRMA1_V4.1.0, X-CUBE-FREERTOS_V1.1.0, X-CUBE-GNSS1_V6.0.0, X-CUBE-MEMS1_V9.1.0, X-CUBE-MEMS1_V9.4.0, X-CUBE-MEMS1_V9.6.0, X-CUBE-NFC4_V3.0.0, X-CUBE-NFC7_V1.0.0, X-CUBE-SFXS2LP1_V4.0.0, X-CUBE-SUBG2_V5.0.0, X-CUBE-TOF1_V3.3.1]
2023-08-24 08:47:22,431 [INFO] ApiDb:240 - Found 323 in-development CPN: [B-G473E-ZEST1S, B-WB1M-WPAN1, B-WL5M-SUBG1, NUCLEO-C031C6, NUCLEO-H503RB, NUCLEO-H563ZI, NUCLEO-U545RE-Q, NUCLEO-U5A5ZJ-Q, NUCLEO-WBA52CG, STEVAL-PROTEUS1, STEVAL-SMARTAG2, STEVAL-STWINBX1, STM320518-EVAL, STM32C0116-DK, STM32C011D6Y3TR, STM32C011D6Y6TR, STM32C011F4P3, STM32C011F4P6, STM32C011F4U3, STM32C011F4U6TR, STM32C011F6P3, STM32C011F6P6, STM32C011F6U3, STM32C011F6U6TR, STM32C011J4M3, STM32C011J4M6, STM32C011J6M3, STM32C011J6M6, STM32C0316-DK, STM32C031C4T3, STM32C031C4T6, STM32C031C4U3, STM32C031C4U6, STM32C031C6T3, STM32C031C6T6, STM32C031C6U3, STM32C031C6U6, STM32C031F4P3, STM32C031F4P6, STM32C031F6P3, STM32C031F6P6, STM32C031G4U3, STM32C031G4U6, STM32C031G6U3, STM32C031G6U6, STM32C031K4T3, STM32C031K4T6, STM32C031K4U3, STM32C031K4U6, STM32C031K6T3, STM32C031K6T6, STM32C031K6U3, STM32C031K6U6, STM32G071K8TXN, STM32G071K8UXN, STM32G081GBU6N, STM32G081KBT6N, STM32G081KBUXN, STM32G0B1CCT6N, STM32G0B1KCT6, STM32G0B1NEY6TR, STM32G0B1RCT6N, STM32G0C1CCT6, STM32G0C1CCT6N, STM32G0C1CCU6N, STM32G0C1CET6N, STM32G0C1CEU6N, STM32G0C1KCT6, STM32G0C1NEY6TR, STM32G0C1RCI6N, STM32G0C1RCT6N, STM32G0C1REI6N, STM32G0C1RET6N, STM32G0C1VCI6, STM32G0C1VEI6, STM32G471CCT6, STM32G471CCU6, STM32G471CET3, STM32G471CET6, STM32G471CEU3, STM32G471CEU6, STM32G471MCT6, STM32G471MET3, STM32G471MET6, STM32G471MEY6TR, STM32G471QCT6, STM32G471QET3, STM32G471RCT6, STM32G471RET3, STM32G471RET6, STM32G471VCH6, STM32G471VCI6, STM32G471VCT6, STM32G471VEH3, STM32G471VEH6, STM32G471VEI3, STM32G471VEI6, STM32G471VET3, STM32G471VET6, STM32G474CCT6, STM32H503CBT6, STM32H503CBU6, STM32H503EBY6TR, STM32H503KBU6, STM32H503RBT6, STM32H562AGI6, STM32H562AII6, STM32H562IGK6, STM32H562IGT6, STM32H562IIK6, STM32H562IIT6, STM32H562RGT6, STM32H562RGV6, STM32H562RIT6, STM32H562RIV6, STM32H562VGT6, STM32H562VIT6, STM32H562ZGT6, STM32H562ZIT6, STM32H563AGI6, STM32H563AII3Q, STM32H563AII6, STM32H563IGK6, STM32H563IGT6, STM32H563IIK3Q, STM32H563IIK6, STM32H563IIT3Q, STM32H563IIT6, STM32H563MIY3QTR, STM32H563RGT6, STM32H563RGV6, STM32H563RIT6, STM32H563RIV6, STM32H563VGT6, STM32H563VIT3Q, STM32H563VIT6, STM32H563ZGT6, STM32H563ZIT3Q, STM32H563ZIT6, STM32H573AII3Q, STM32H573AII6, STM32H573I-DK, STM32H573IIK3Q, STM32H573IIK6, STM32H573IIT3Q, STM32H573IIT6, STM32H573MIY3QTR, STM32H573RIT6, STM32H573RIV6, STM32H573VIT3Q, STM32H573VIT6, STM32H573ZIT3Q, STM32H573ZIT6, STM32L4R5QGI6STR, STM32MP131AAE3, STM32MP131AAF3, STM32MP131AAG3, STM32MP131CAE3, STM32MP131CAF3, STM32MP131CAG3, STM32MP131DAE7, STM32MP131DAF7, STM32MP131DAG7, STM32MP131FAE7, STM32MP131FAF7, STM32MP131FAG7, STM32MP133AAE3, STM32MP133AAF3, STM32MP133AAG3, STM32MP133CAE3, STM32MP133CAF3, STM32MP133CAG3, STM32MP133DAE7, STM32MP133DAF7, STM32MP133DAG7, STM32MP133FAE7, STM32MP133FAF7, STM32MP133FAG7, STM32MP135AAE3, STM32MP135AAF3, STM32MP135AAG3, STM32MP135CAE3, STM32MP135CAF3, STM32MP135CAG3, STM32MP135DAE7, STM32MP135DAF7, STM32MP135DAG7, STM32MP135F-DK, STM32MP135FAE7, STM32MP135FAF7, STM32MP135FAF7T, STM32MP135FAF7U, STM32MP135FAG7, STM32U535CBT6, STM32U535CBT6Q, STM32U535CBU6, STM32U535CBU6Q, STM32U535CCT6, STM32U535CCT6Q, STM32U535CCU6, STM32U535CCU6Q, STM32U535CET6, STM32U535CET6Q, STM32U535CEU6, STM32U535CEU6Q, STM32U535JEY6QTR, STM32U535NCY6QTR, STM32U535NEY6QTR, STM32U535RBI6, STM32U535RBI6Q, STM32U535RBT6, STM32U535RBT6Q, STM32U535RCI6, STM32U535RCI6Q, STM32U535RCT6, STM32U535RCT6Q, STM32U535REI6, STM32U535REI6Q, STM32U535RET6, STM32U535RET6Q, STM32U535VCI6, STM32U535VCI6Q, STM32U535VCT6, STM32U535VCT6Q, STM32U535VEI6, STM32U535VEI6Q, STM32U535VET6, STM32U535VET6Q, STM32U545CET6, STM32U545CET6Q, STM32U545CEU6, STM32U545CEU6Q, STM32U545JEY6QTR, STM32U545NEY6QTR, STM32U545REI6, STM32U545REI6Q, STM32U545RET6, STM32U545RET6Q, STM32U545VEI6, STM32U545VEI6Q, STM32U545VET6, STM32U545VET6Q, STM32U595AIH6, STM32U595AIH6Q, STM32U595AJH6, STM32U595AJH6Q, STM32U595QII6, STM32U595QII6Q, STM32U595QJI6, STM32U595QJI6Q, STM32U595RIT6, STM32U595RIT6Q, STM32U595RJT6, STM32U595RJT6Q, STM32U595VIT6, STM32U595VIT6Q, STM32U595VJT6, STM32U595VJT6Q, STM32U595ZIT6, STM32U595ZIT6Q, STM32U595ZIY6QTR, STM32U595ZJT6, STM32U595ZJT6Q, STM32U595ZJY6QTR, STM32U599BJY6QTR, STM32U599NIH6Q, STM32U599NJH6Q, STM32U599VIT6Q, STM32U599VJT6, STM32U599VJT6Q, STM32U599ZIT6Q, STM32U599ZIY6QTR, STM32U599ZJT6Q, STM32U599ZJY6QTR, STM32U5A5AJH6, STM32U5A5AJH6Q, STM32U5A5QJI6, STM32U5A5QJI6Q, STM32U5A5RJT6, STM32U5A5RJT6Q, STM32U5A5VJT6, STM32U5A5VJT6Q, STM32U5A5ZJT6, STM32U5A5ZJT6Q, STM32U5A5ZJY6QTR, STM32U5A9BJY6QTR, STM32U5A9J-DK, STM32U5A9NJH6Q, STM32U5A9VJT6Q, STM32U5A9ZJT6Q, STM32U5A9ZJY6QTR, STM32U5F7VIT6, STM32U5F7VIT6Q, STM32U5F7VJT6, STM32U5F7VJT6Q, STM32U5F9BJY6QTR, STM32U5F9NJH6Q, STM32U5F9VIT6Q, STM32U5F9VJT6Q, STM32U5F9ZIJ6QTR, STM32U5F9ZIT6Q, STM32U5F9ZJJ6QTR, STM32U5F9ZJT6Q, STM32U5G7VJT6, STM32U5G7VJT6Q, STM32U5G9BJY6QTR, STM32U5G9J-DK1, STM32U5G9J-DK2, STM32U5G9NJH6Q, STM32U5G9VJT6Q, STM32U5G9ZJJ6QTR, STM32U5G9ZJT6Q, STM32WB1MMCH6, STM32WBA52CEU6, STM32WBA52CEU6T, STM32WBA52CGU6, STM32WBA52CGU6T, STM32WBA52KEU6, STM32WBA52KEU6T, STM32WBA52KGU6, STM32WBA52KGU6T, STM32WL5MOCH6, STM32WL5MOCH6TR]
2023-08-24 08:47:22,436 [INFO] DbMcus:217 - Found 3848 MCUs, 3848 are supported
2023-08-24 08:47:22,443 [INFO] ApiDb:423 - Load user favorites file C:\Users\user/.stm32cubeide/favorites.mcus.txt: 2 item(s)
2023-08-24 08:47:22,444 [INFO] ApiDb:427 - User favorites MCUs=[STM32F103C8T6, STM32H750VBT6]
2023-08-24 08:47:22,444 [INFO] DbMcus:223 - Set 2 / 2 favorites MCUs
2023-08-24 08:47:22,926 [WARN] ThirdParty:833 - waiting for thirdparty lock release [change project]
2023-08-24 08:47:22,926 [INFO] ThirdParty:835 - entering critical section [change project]
2023-08-24 08:47:22,926 [INFO] ThirdParty:1030 - CMSIS Pack Vendor :STMicroelectronics X-CUBE-ISPU 1.1.0
2023-08-24 08:47:22,927 [INFO] ThirdParty:1030 - CMSIS Pack Vendor :STMicroelectronics USBPD 4.1
2023-08-24 08:47:22,927 [INFO] ThirdParty:1030 - CMSIS Pack Vendor :STMicroelectronics X-CUBE-GNSS1 6.0.0
2023-08-24 08:47:22,927 [INFO] ThirdParty:1030 - CMSIS Pack Vendor :STMicroelectronics USB_HOST 2.0.0
2023-08-24 08:47:22,927 [INFO] ThirdParty:1030 - CMSIS Pack Vendor :STMicroelectronics X-CUBE-AZRTOS-F4 1.1.0
2023-08-24 08:47:22,927 [INFO] ThirdParty:1030 - CMSIS Pack Vendor :STMicroelectronics LIBJPEG 8.0.0
2023-08-24 08:47:22,927 [INFO] ThirdParty:1030 - CMSIS Pack Vendor :wolfSSL I-CUBE-wolfSSL 5.6.3
2023-08-24 08:47:22,927 [INFO] ThirdParty:1030 - CMSIS Pack Vendor :STMicroelectronics X-CUBE-SMBUS 2.1.0
2023-08-24 08:47:22,927 [INFO] ThirdParty:1030 - CMSIS Pack Vendor :STMicroelectronics USB_DEVICE 3.0.0
2023-08-24 08:47:22,927 [INFO] ThirdParty:1030 - CMSIS Pack Vendor :STMicroelectronics X-CUBE-AZRTOS-WB 2.0.0
2023-08-24 08:47:22,927 [INFO] ThirdParty:1030 - CMSIS Pack Vendor :STMicroelectronics X-CUBE-FREERTOS 1.0.1
2023-08-24 08:47:22,927 [INFO] ThirdParty:1030 - CMSIS Pack Vendor :STMicroelectronics X-CUBE-TOUCHGFX 4.21.1
2023-08-24 08:47:22,927 [INFO] ThirdParty:1030 - CMSIS Pack Vendor :STMicroelectronics X-CUBE-TOUCHGFX 4.21.0
2023-08-24 08:47:22,927 [INFO] ThirdParty:1030 - CMSIS Pack Vendor :STMicroelectronics X-CUBE-AZRTOS-F7 1.1.0
2023-08-24 08:47:22,927 [INFO] ThirdParty:1030 - CMSIS Pack Vendor :STMicroelectronics X-CUBE-TOUCHGFX 4.21.4
2023-08-24 08:47:22,927 [INFO] ThirdParty:1030 - CMSIS Pack Vendor :STMicroelectronics X-CUBE-AZRTOS-L5 2.0.0
2023-08-24 08:47:22,928 [INFO] ThirdParty:1030 - CMSIS Pack Vendor :STMicroelectronics USB_DEVICE 2.0.0
2023-08-24 08:47:22,928 [INFO] ThirdParty:1030 - CMSIS Pack Vendor :STMicroelectronics X-CUBE-MEMS1 9.6.0
2023-08-24 08:47:22,928 [INFO] ThirdParty:1030 - CMSIS Pack Vendor :STMicroelectronics FP-SNS-MOTENV1 4.3.2
2023-08-24 08:47:22,928 [INFO] ThirdParty:1030 - CMSIS Pack Vendor :STMicroelectronics X-CUBE-ALGOBUILD 1.3.0
2023-08-24 08:47:22,928 [INFO] ThirdParty:1030 - CMSIS Pack Vendor :STMicroelectronics X-CUBE-BLE1 6.2.4
2023-08-24 08:47:22,928 [INFO] ThirdParty:1030 - CMSIS Pack Vendor :STMicroelectronics X-CUBE-AZRTOS-L5 1.1.0
2023-08-24 08:47:22,928 [INFO] ThirdParty:1030 - CMSIS Pack Vendor :STMicroelectronics FreeRTOS 0.0.1
2023-08-24 08:47:22,928 [INFO] ThirdParty:1030 - CMSIS Pack Vendor :STMicroelectronics X-CUBE-AZRTOS-G0 1.1.0
2023-08-24 08:47:22,928 [INFO] ThirdParty:1030 - CMSIS Pack Vendor :emotas I-CUBE-CANOPEN 1.1.3
2023-08-24 08:47:22,928 [INFO] ThirdParty:1030 - CMSIS Pack Vendor :STMicroelectronics X-CUBE-BLEMGR 2.0.0
2023-08-24 08:47:22,928 [INFO] ThirdParty:1030 - CMSIS Pack Vendor :STMicroelectronics X-CUBE-AI 8.0.1
2023-08-24 08:47:22,928 [INFO] ThirdParty:1030 - CMSIS Pack Vendor :STMicroelectronics X-CUBE-NFC4 3.0.0
2023-08-24 08:47:22,928 [INFO] ThirdParty:1030 - CMSIS Pack Vendor :STMicroelectronics X-CUBE-SUBG2 5.0.0
2023-08-24 08:47:22,928 [INFO] ThirdParty:1030 - CMSIS Pack Vendor :STMicroelectronics STM32_WPAN 1.0.0
2023-08-24 08:47:22,928 [INFO] ThirdParty:1030 - CMSIS Pack Vendor :STMicroelectronics lwIP 2.0.3
2023-08-24 08:47:22,928 [INFO] ThirdParty:1030 - CMSIS Pack Vendor :STMicroelectronics FP-SNS-FLIGHT1 5.0.2
2023-08-24 08:47:22,928 [INFO] ThirdParty:1030 - CMSIS Pack Vendor :STMicroelectronics USB_HOST 1.0.0
2023-08-24 08:47:22,928 [INFO] ThirdParty:1030 - CMSIS Pack Vendor :STMicroelectronics X-CUBE-TOF1 3.3.1
2023-08-24 08:47:22,928 [INFO] ThirdParty:1030 - CMSIS Pack Vendor :STMicroelectronics X-CUBE-AZRTOS-G4 2.0.0
2023-08-24 08:47:22,928 [INFO] ThirdParty:1030 - CMSIS Pack Vendor :STMicroelectronics PDM2PCM 3.1.0
2023-08-24 08:47:22,929 [INFO] ThirdParty:1030 - CMSIS Pack Vendor :STMicroelectronics X-CUBE-AZRTOS-H7 3.1.0
2023-08-24 08:47:22,929 [INFO] ThirdParty:1030 - CMSIS Pack Vendor :STMicroelectronics X-CUBE-TOF1 3.3.0
2023-08-24 08:47:22,929 [INFO] ThirdParty:1030 - CMSIS Pack Vendor :STMicroelectronics PDM2PCM 3.3.0
2023-08-24 08:47:22,929 [INFO] ThirdParty:1030 - CMSIS Pack Vendor :STMicroelectronics X-CUBE-DISPLAY 3.0.0
2023-08-24 08:47:22,929 [INFO] ThirdParty:1030 - CMSIS Pack Vendor :STMicroelectronics X-CUBE-BLE1 7.0.0
2023-08-24 08:47:22,929 [INFO] ThirdParty:1030 - CMSIS Pack Vendor :STMicroelectronics FP-ATR-SIGFOX1 3.2.0
2023-08-24 08:47:22,929 [INFO] ThirdParty:1030 - CMSIS Pack Vendor :STMicroelectronics HAL Drivers 0.0.0
2023-08-24 08:47:22,929 [INFO] ThirdParty:1030 - CMSIS Pack Vendor :STMicroelectronics MBEDTLS 2.16.2
2023-08-24 08:47:22,929 [INFO] ThirdParty:1030 - CMSIS Pack Vendor :emotas I-CUBE-CANOPEN 1.3.0
2023-08-24 08:47:22,929 [INFO] ThirdParty:1030 - CMSIS Pack Vendor :STMicroelectronics X-CUBE-TOUCHGFX 4.22.0
2023-08-24 08:47:22,929 [INFO] ThirdParty:1030 - CMSIS Pack Vendor :STMicroelectronics X-CUBE-NFC7 1.0.1
2023-08-24 08:47:22,929 [INFO] ThirdParty:1030 - CMSIS Pack Vendor :STMicroelectronics MBEDTLS 2.14.1
2023-08-24 08:47:22,929 [INFO] ThirdParty:1030 - CMSIS Pack Vendor :STMicroelectronics X-CUBE-EEPRMA1 4.1.0
2023-08-24 08:47:22,929 [INFO] ThirdParty:1030 - CMSIS Pack Vendor :portGmbH I-Cube-SoM-uGOAL 1.1.0
2023-08-24 08:47:22,929 [INFO] ThirdParty:1030 - CMSIS Pack Vendor :STMicroelectronics X-CUBE-ALS 1.0.1
2023-08-24 08:47:22,929 [INFO] ThirdParty:1030 - CMSIS Pack Vendor :STMicroelectronics ThreadX 1.0.0
2023-08-24 08:47:22,929 [INFO] ThirdParty:1030 - CMSIS Pack Vendor :STMicroelectronics X-CUBE-AZRTOS-WB 1.1.0
2023-08-24 08:47:22,929 [INFO] ThirdParty:1030 - CMSIS Pack Vendor :STMicroelectronics X-CUBE-AZRTOS-WL 2.0.0
2023-08-24 08:47:22,929 [INFO] ThirdParty:1030 - CMSIS Pack Vendor :SEGGER I-CUBE-embOS 1.3.1
2023-08-24 08:47:22,929 [INFO] ThirdParty:1030 - CMSIS Pack Vendor :STMicroelectronics USB_DEVICE 1.0.0
2023-08-24 08:47:22,929 [INFO] ThirdParty:1030 - CMSIS Pack Vendor :STMicroelectronics X-CUBE-AI 8.1.0
2023-08-24 08:47:22,929 [INFO] ThirdParty:1030 - CMSIS Pack Vendor :STMicroelectronics X-CUBE-AZRTOS-L4 2.0.0
2023-08-24 08:47:22,929 [INFO] ThirdParty:1030 - CMSIS Pack Vendor :STMicroelectronics ThreadX 0.0.2
2023-08-24 08:47:22,930 [INFO] ThirdParty:1030 - CMSIS Pack Vendor :WES I-CUBE-Cesium 1.3.0
2023-08-24 08:47:22,930 [INFO] ThirdParty:1030 - CMSIS Pack Vendor :STMicroelectronics FP-ATR-ASTRA1 2.0.0
2023-08-24 08:47:22,930 [INFO] ThirdParty:1030 - CMSIS Pack Vendor :STMicroelectronics lwIP 2.1.2
2023-08-24 08:47:22,930 [INFO] ThirdParty:1030 - CMSIS Pack Vendor :STMicroelectronics X-CUBE-SFXS2LP1 4.0.0
2023-08-24 08:47:22,930 [INFO] ThirdParty:1030 - CMSIS Pack Vendor :STMicroelectronics X-CUBE-BLE2 3.3.0
2023-08-24 08:47:22,930 [INFO] ThirdParty:1030 - CMSIS Pack Vendor :STMicroelectronics PDM2PCM 3.2.0
2023-08-24 08:47:22,930 [INFO] ThirdParty:1030 - CMSIS Pack Vendor :STMicroelectronics X-CUBE-TOUCHGFX 4.18.0
2023-08-24 08:47:22,930 [INFO] ThirdParty:841 - exiting critical section [change project]
2023-08-24 08:47:23,485 [INFO] PinOutPanel:1499 - setPackage(No Configuration,No Configuration)
2023-08-24 08:47:23,487 [INFO] PinOutPanel:1499 - setPackage(STM32H750VBTx,LQFP100)
2023-08-24 08:47:24,942 [INFO] UtilMem:75 - Before build in PCC Used Memory: 384306688 Bytes (471859200)
2023-08-24 08:47:26,149 [INFO] UtilMem:75 - After build in PCC Used Memory: 298448512 Bytes (471859200)
2023-08-24 08:47:26,241 [INFO] IPUIPlugin:80 - create IPUIPlugin
2023-08-24 08:47:26,241 [INFO] IPUIPlugin:80 - create IPUIPlugin
2023-08-24 08:47:26,241 [INFO] IPUIPlugin:80 - create IPUIPlugin
2023-08-24 08:47:26,241 [INFO] IPUIPlugin:80 - create IPUIPlugin
2023-08-24 08:47:26,241 [INFO] IPUIPlugin:80 - create IPUIPlugin
2023-08-24 08:47:26,241 [INFO] IPUIPlugin:80 - create IPUIPlugin
2023-08-24 08:47:26,242 [INFO] IPUIPlugin:80 - create IPUIPlugin
2023-08-24 08:47:26,242 [INFO] IPUIPlugin:80 - create IPUIPlugin
2023-08-24 08:47:26,243 [INFO] IPUIPlugin:80 - create IPUIPlugin
2023-08-24 08:47:26,243 [INFO] IPUIPlugin:80 - create IPUIPlugin
2023-08-24 08:47:26,243 [INFO] IPUIPlugin:80 - create IPUIPlugin
2023-08-24 08:47:26,244 [INFO] IPUIPlugin:80 - create IPUIPlugin
2023-08-24 08:47:26,244 [INFO] IPUIPlugin:80 - create IPUIPlugin
2023-08-24 08:47:26,244 [INFO] IPUIPlugin:80 - create IPUIPlugin
2023-08-24 08:47:26,244 [INFO] IPUIPlugin:80 - create IPUIPlugin
2023-08-24 08:47:26,245 [INFO] IPUIPlugin:80 - create IPUIPlugin
2023-08-24 08:47:26,245 [INFO] IPUIPlugin:80 - create IPUIPlugin
2023-08-24 08:47:26,245 [INFO] IPUIPlugin:80 - create IPUIPlugin
2023-08-24 08:47:26,245 [INFO] IPUIPlugin:80 - create IPUIPlugin
2023-08-24 08:47:26,246 [INFO] IPUIPlugin:80 - create IPUIPlugin
2023-08-24 08:47:26,246 [INFO] IPUIPlugin:80 - create IPUIPlugin
2023-08-24 08:47:26,247 [INFO] IPUIPlugin:80 - create IPUIPlugin
2023-08-24 08:47:26,247 [INFO] IPUIPlugin:80 - create IPUIPlugin
2023-08-24 08:47:26,247 [INFO] IPUIPlugin:80 - create IPUIPlugin
2023-08-24 08:47:26,247 [INFO] IPUIPlugin:80 - create IPUIPlugin
2023-08-24 08:47:26,248 [INFO] IPUIPlugin:80 - create IPUIPlugin
2023-08-24 08:47:26,248 [INFO] IPUIPlugin:80 - create IPUIPlugin
2023-08-24 08:47:26,248 [INFO] IPUIPlugin:80 - create IPUIPlugin
2023-08-24 08:47:26,248 [INFO] IPUIPlugin:80 - create IPUIPlugin
2023-08-24 08:47:26,249 [INFO] IPUIPlugin:80 - create IPUIPlugin
2023-08-24 08:47:26,249 [INFO] IPUIPlugin:80 - create IPUIPlugin
2023-08-24 08:47:26,250 [INFO] IPUIPlugin:80 - create IPUIPlugin
2023-08-24 08:47:26,250 [INFO] IPUIPlugin:80 - create IPUIPlugin
2023-08-24 08:47:26,251 [INFO] IPUIPlugin:80 - create IPUIPlugin
2023-08-24 08:47:26,251 [INFO] IPUIPlugin:80 - create IPUIPlugin
2023-08-24 08:47:26,252 [INFO] IPUIPlugin:80 - create IPUIPlugin
2023-08-24 08:47:26,252 [INFO] IPUIPlugin:80 - create IPUIPlugin
2023-08-24 08:47:26,253 [INFO] IPUIPlugin:80 - create IPUIPlugin
2023-08-24 08:47:26,253 [INFO] IPUIPlugin:80 - create IPUIPlugin
2023-08-24 08:47:26,254 [INFO] IPUIPlugin:80 - create IPUIPlugin
2023-08-24 08:47:26,254 [INFO] IPUIPlugin:80 - create IPUIPlugin
2023-08-24 08:47:26,254 [INFO] IPUIPlugin:80 - create IPUIPlugin
2023-08-24 08:47:26,255 [INFO] IPUIPlugin:80 - create IPUIPlugin
2023-08-24 08:47:26,255 [INFO] IPUIPlugin:80 - create IPUIPlugin
2023-08-24 08:47:26,255 [INFO] IPUIPlugin:80 - create IPUIPlugin
2023-08-24 08:47:26,256 [INFO] IPUIPlugin:80 - create IPUIPlugin
2023-08-24 08:47:26,256 [INFO] IPUIPlugin:80 - create IPUIPlugin
2023-08-24 08:47:26,257 [INFO] IPUIPlugin:80 - create IPUIPlugin
2023-08-24 08:47:26,257 [INFO] IPUIPlugin:80 - create IPUIPlugin
2023-08-24 08:47:26,258 [INFO] IPUIPlugin:80 - create IPUIPlugin
2023-08-24 08:47:26,258 [INFO] IPUIPlugin:80 - create IPUIPlugin
2023-08-24 08:47:26,259 [INFO] IPUIPlugin:80 - create IPUIPlugin
2023-08-24 08:47:26,259 [INFO] IPUIPlugin:80 - create IPUIPlugin
2023-08-24 08:47:26,260 [INFO] IPUIPlugin:80 - create IPUIPlugin
2023-08-24 08:47:26,260 [INFO] IPUIPlugin:80 - create IPUIPlugin
2023-08-24 08:47:26,261 [INFO] IPUIPlugin:80 - create IPUIPlugin
2023-08-24 08:47:26,261 [INFO] IPUIPlugin:80 - create IPUIPlugin
2023-08-24 08:47:26,261 [INFO] IPUIPlugin:80 - create IPUIPlugin
2023-08-24 08:47:26,262 [INFO] IPUIPlugin:80 - create IPUIPlugin
2023-08-24 08:47:26,262 [INFO] IPUIPlugin:80 - create IPUIPlugin
2023-08-24 08:47:26,263 [INFO] IPUIPlugin:80 - create IPUIPlugin
2023-08-24 08:47:26,263 [INFO] IPUIPlugin:80 - create IPUIPlugin
2023-08-24 08:47:26,264 [INFO] IPUIPlugin:80 - create IPUIPlugin
2023-08-24 08:47:26,265 [INFO] IPUIPlugin:80 - create IPUIPlugin
2023-08-24 08:47:26,265 [INFO] IPUIPlugin:80 - create IPUIPlugin
2023-08-24 08:47:26,265 [INFO] IPUIPlugin:80 - create IPUIPlugin
2023-08-24 08:47:26,265 [INFO] IPUIPlugin:80 - create IPUIPlugin
2023-08-24 08:47:26,265 [INFO] IPUIPlugin:80 - create IPUIPlugin
2023-08-24 08:47:26,267 [INFO] IPUIPlugin:80 - create IPUIPlugin
2023-08-24 08:47:26,268 [INFO] IPUIPlugin:80 - create IPUIPlugin
2023-08-24 08:47:26,268 [INFO] IPUIPlugin:80 - create IPUIPlugin
2023-08-24 08:47:26,269 [INFO] IPUIPlugin:80 - create IPUIPlugin
2023-08-24 08:47:26,269 [INFO] IPUIPlugin:80 - create IPUIPlugin
2023-08-24 08:47:26,270 [INFO] IPUIPlugin:80 - create IPUIPlugin
2023-08-24 08:47:26,270 [INFO] IPUIPlugin:80 - create IPUIPlugin
2023-08-24 08:47:26,270 [INFO] IPUIPlugin:80 - create IPUIPlugin
2023-08-24 08:47:26,271 [INFO] IPUIPlugin:80 - create IPUIPlugin
2023-08-24 08:47:26,271 [INFO] IPUIPlugin:80 - create IPUIPlugin
2023-08-24 08:47:26,272 [INFO] IPUIPlugin:80 - create IPUIPlugin
2023-08-24 08:47:26,272 [INFO] IPUIPlugin:80 - create IPUIPlugin
2023-08-24 08:47:26,273 [INFO] IPUIPlugin:80 - create IPUIPlugin
2023-08-24 08:47:26,273 [INFO] IPUIPlugin:80 - create IPUIPlugin
2023-08-24 08:47:26,274 [INFO] IPUIPlugin:80 - create IPUIPlugin
2023-08-24 08:47:26,274 [INFO] IPUIPlugin:80 - create IPUIPlugin
2023-08-24 08:47:26,275 [INFO] IPUIPlugin:80 - create IPUIPlugin
2023-08-24 08:47:26,275 [INFO] IPUIPlugin:80 - create IPUIPlugin
2023-08-24 08:47:26,276 [INFO] IPUIPlugin:80 - create IPUIPlugin
2023-08-24 08:47:26,276 [INFO] IPUIPlugin:80 - create IPUIPlugin
2023-08-24 08:47:26,277 [INFO] IPUIPlugin:80 - create IPUIPlugin
2023-08-24 08:47:26,278 [INFO] IPUIPlugin:80 - create IPUIPlugin
2023-08-24 08:47:26,279 [INFO] IPUIPlugin:80 - create IPUIPlugin
2023-08-24 08:47:26,279 [INFO] IPUIPlugin:80 - create IPUIPlugin
2023-08-24 08:47:26,280 [INFO] IPUIPlugin:80 - create IPUIPlugin
2023-08-24 08:47:26,281 [INFO] IPUIPlugin:80 - create IPUIPlugin
2023-08-24 08:47:26,282 [INFO] IPUIPlugin:80 - create IPUIPlugin
2023-08-24 08:47:26,283 [INFO] IPUIPlugin:80 - create IPUIPlugin
2023-08-24 08:47:26,284 [INFO] IPUIPlugin:80 - create IPUIPlugin
2023-08-24 08:47:26,284 [INFO] IPUIPlugin:80 - create IPUIPlugin
2023-08-24 08:47:26,285 [INFO] IPUIPlugin:80 - create IPUIPlugin
2023-08-24 08:47:26,319 [INFO] ApiDbMcu:507 - Load IP Config File for PDM2PCM
2023-08-24 08:47:26,648 [INFO] CADModel:165 - CPN selected for project levelSTM32H750VBT6
2023-08-24 08:47:26,648 [INFO] CADModel:114 - Register for checkConnection events
2023-08-24 08:47:26,702 [INFO] OpenFileManager:328 - Restore cursor
2023-08-24 08:47:30,768 [INFO] LogOutputStream:77 - [STDOUT_REDIRECT] 
2023-08-24 08:47:35,017 [INFO] McuFinderGlobals:63 - Set McuFinder mode to 2 (CubeIDE integrated)
2023-08-24 08:47:35,017 [INFO] UserAuth:179 - activating auth plugin
2023-08-24 08:47:35,021 [INFO] UserAuth:393 - Internet connection configuration mode: 1
2023-08-24 08:47:35,126 [INFO] JxBrowserEngine:151 - Initiate JxBrowser Engine with user profile folder
2023-08-24 08:47:38,538 [INFO] WebApp:157 - Instantiating new browser for Auth
2023-08-24 08:47:40,118 [INFO] WebApp:753 - Register for checkConnection events
2023-08-24 08:47:40,119 [INFO] WebApp:390 - Apply proxy settings
2023-08-24 08:47:40,119 [INFO] WebApp:475 - Chromium requires no authentication
2023-08-24 08:47:40,129 [INFO] WebApp:418 - Direct internet connection detected
2023-08-24 08:47:40,367 [INFO] WebApp:188 - Starting web application
2023-08-24 08:47:40,368 [INFO] WebApp:520 - Web application path used C:\ST\STM32CubeIDE_1.12.0\STM32CubeIDE\plugins\com.st.stm32cube.common.mx_6.9.1.202307191849\db\plugins\mcufinder\reactClient1\index.html
2023-08-24 08:48:01,521 [ERROR] LogOutputStream:75 - [STDERR_REDIRECT] SLF4J: Failed to load class "org.slf4j.impl.StaticLoggerBinder".
2023-08-24 08:48:01,523 [ERROR] LogOutputStream:75 - [STDERR_REDIRECT] SLF4J: Defaulting to no-operation (NOP) logger implementation
2023-08-24 08:48:01,524 [ERROR] LogOutputStream:75 - [STDERR_REDIRECT] SLF4J: See http://www.slf4j.org/codes.html#StaticLoggerBinder for further details.
