2024-06-20 08:33:50,212 [INFO] Activator:176 - 


2024-06-20 08:33:50,217 [INFO] Activator:177 - !SESSION log4j initialized
2024-06-20 08:33:58,057 [INFO] LogOutputStream:77 - [STDOUT_REDIRECT] 
2024-06-20 08:33:59,344 [ERROR] LogOutputStream:75 - [STDERR_REDIRECT] ??.?. 20, 2024 8:33:59 ??????? org.glassfish.grizzly.http.server.NetworkListener start
2024-06-20 08:33:59,348 [ERROR] LogOutputStream:75 - [STDERR_REDIRECT] INFO: Started listener bound to [localhost:1595]
2024-06-20 08:33:59,349 [ERROR] LogOutputStream:75 - [STDERR_REDIRECT] 
2024-06-20 08:33:59,354 [ERROR] LogOutputStream:75 - [STDERR_REDIRECT] ??.?. 20, 2024 8:33:59 ??????? org.glassfish.grizzly.http.server.HttpServer start
2024-06-20 08:33:59,355 [ERROR] LogOutputStream:75 - [STDERR_REDIRECT] INFO: [HttpServer] Started.
2024-06-20 08:33:59,356 [ERROR] LogOutputStream:75 - [STDERR_REDIRECT] 
2024-06-20 08:34:01,492 [INFO] ApplicationProperties:184 - Using Application install path: C:\ST\STM32CubeIDE_1.12.0\STM32CubeIDE\plugins\com.st.stm32cube.common.mx_6.11.1.202404110753
2024-06-20 08:34:01,552 [INFO] DbMcusXml:78 - Set database path to: C:\ST\STM32CubeIDE_1.12.0\STM32CubeIDE\plugins\com.st.stm32cube.common.mx_6.11.1.202404110753\\db\/mcu/
2024-06-20 08:34:01,552 [INFO] ApiDb:274 - Set plugin database path to: C:\ST\STM32CubeIDE_1.12.0\STM32CubeIDE\plugins\com.st.stm32cube.common.mx_6.11.1.202404110753\\db\/plugins/boardmanager/
2024-06-20 08:34:01,552 [WARN] ApiDb:259 - Overriding images path with different value:  => C:\ST\STM32CubeIDE_1.12.0\STM32CubeIDE\plugins\com.st.stm32cube.common.mx_6.11.1.202404110753\\db\/plugins/mcufinder/images/
2024-06-20 08:34:01,584 [INFO] ApiDb:250 - Set database path to: C:\Users\user\.stmcufinder\plugins\mcufinder//mcu/
2024-06-20 08:34:01,586 [INFO] DbMcusAds:125 - Set database path to: C:\Users\user\.stmcufinder\plugins\mcufinder//mcu/
2024-06-20 08:34:01,602 [INFO] CrossReferenceDbSqlite:203 - Set database path to: C:\Users\user\.stmcufinder\plugins\mcufinder//mcu/cs/
2024-06-20 08:34:01,823 [INFO] RulesReader:64 - Compatibility file has been processed (297 Rules)
2024-06-20 08:34:01,997 [INFO] DbMcusXml:78 - Set database path to: C:\ST\STM32CubeIDE_1.12.0\STM32CubeIDE\plugins\com.st.stm32cube.common.mx_6.11.1.202404110753\\db\/mcu/
2024-06-20 08:34:01,998 [INFO] ApiDb:274 - Set plugin database path to: C:\ST\STM32CubeIDE_1.12.0\STM32CubeIDE\plugins\com.st.stm32cube.common.mx_6.11.1.202404110753\\db\/plugins/boardmanager/
2024-06-20 08:34:01,998 [INFO] ApiDb:261 - Set plugin images path to: C:\ST\STM32CubeIDE_1.12.0\STM32CubeIDE\plugins\com.st.stm32cube.common.mx_6.11.1.202404110753\\db\/plugins/mcufinder/images/
2024-06-20 08:34:01,998 [WARN] DbFile:41 - Overriding database path with different value: C:\Users\user\.stmcufinder\plugins\mcufinder/ => C:\Users\user\.stmcufinder\plugins\mcufinder
2024-06-20 08:34:01,999 [INFO] ApiDb:250 - Set database path to: C:\Users\user\.stmcufinder\plugins\mcufinder//mcu/
2024-06-20 08:34:01,999 [WARN] DbFile:41 - Overriding database path with different value: C:\Users\user\.stmcufinder\plugins\mcufinder/ => C:\Users\user\.stmcufinder\plugins\mcufinder
2024-06-20 08:34:01,999 [INFO] DbMcusAds:125 - Set database path to: C:\Users\user\.stmcufinder\plugins\mcufinder//mcu/
2024-06-20 08:34:01,999 [WARN] DbFile:41 - Overriding database path with different value: C:\Users\user\.stmcufinder\plugins\mcufinder/ => C:\Users\user\.stmcufinder\plugins\mcufinder
2024-06-20 08:34:01,999 [WARN] DbFile:41 - Overriding database path with different value: C:\Users\user\.stmcufinder\plugins\mcufinder/ => C:\Users\user\.stmcufinder\plugins\mcufinder
2024-06-20 08:34:01,999 [INFO] CrossReferenceDbSqlite:203 - Set database path to: C:\Users\user\.stmcufinder\plugins\mcufinder//mcu/cs/
2024-06-20 08:34:02,132 [INFO] MainPanel:264 - HeapMemory: 300941312
2024-06-20 08:34:02,318 [INFO] DbMcusXml:78 - Set database path to: C:\ST\STM32CubeIDE_1.12.0\STM32CubeIDE\plugins\com.st.stm32cube.common.mx_6.11.1.202404110753\\db\/mcu/
2024-06-20 08:34:02,319 [INFO] ApiDb:274 - Set plugin database path to: C:\ST\STM32CubeIDE_1.12.0\STM32CubeIDE\plugins\com.st.stm32cube.common.mx_6.11.1.202404110753\\db\/plugins/boardmanager/
2024-06-20 08:34:02,319 [INFO] ApiDb:261 - Set plugin images path to: C:\ST\STM32CubeIDE_1.12.0\STM32CubeIDE\plugins\com.st.stm32cube.common.mx_6.11.1.202404110753\\db\/plugins/mcufinder/images/
2024-06-20 08:34:02,319 [WARN] DbFile:41 - Overriding database path with different value: C:\Users\user\.stmcufinder\plugins\mcufinder/ => C:\Users\user\.stmcufinder\plugins\mcufinder
2024-06-20 08:34:02,319 [INFO] ApiDb:250 - Set database path to: C:\Users\user\.stmcufinder\plugins\mcufinder//mcu/
2024-06-20 08:34:02,319 [WARN] DbFile:41 - Overriding database path with different value: C:\Users\user\.stmcufinder\plugins\mcufinder/ => C:\Users\user\.stmcufinder\plugins\mcufinder
2024-06-20 08:34:02,319 [INFO] DbMcusAds:125 - Set database path to: C:\Users\user\.stmcufinder\plugins\mcufinder//mcu/
2024-06-20 08:34:02,320 [WARN] DbFile:41 - Overriding database path with different value: C:\Users\user\.stmcufinder\plugins\mcufinder/ => C:\Users\user\.stmcufinder\plugins\mcufinder
2024-06-20 08:34:02,320 [WARN] DbFile:41 - Overriding database path with different value: C:\Users\user\.stmcufinder\plugins\mcufinder/ => C:\Users\user\.stmcufinder\plugins\mcufinder
2024-06-20 08:34:02,320 [INFO] CrossReferenceDbSqlite:203 - Set database path to: C:\Users\user\.stmcufinder\plugins\mcufinder//mcu/cs/
2024-06-20 08:34:02,354 [INFO] ApplicationProperties:184 - Using Application install path: C:\ST\STM32CubeIDE_1.12.0\STM32CubeIDE\plugins\com.st.stm32cube.common.mx_6.11.1.202404110753
2024-06-20 08:34:02,359 [INFO] PluginManage:196 - Search for loadable plugins [exclusion list=, ]
2024-06-20 08:34:02,362 [INFO] PluginManage:310 - Check plugin analytics
2024-06-20 08:34:02,704 [INFO] AnalyticsPlugin:253 - Accepted Software Licenses: STM32CubeMX.6.10.0,STM32CubeMX.6.11.0
2024-06-20 08:34:02,705 [INFO] AnalyticsPlugin:255 - Accepted CMSIS Pack Licenses: STMicroelectronics.X-CUBE-TOUCHGFX.4.23.2,STMicroelectronics.X-CUBE-TOF1.3.4.1
2024-06-20 08:34:02,705 [INFO] AnalyticsPlugin:257 - Accepted Firmware Licenses: FW.G0.1.6.0,FW.H7.1.11.0
2024-06-20 08:34:02,706 [INFO] PluginManage:359 - Loaded plugin analytics (category:tool,tabindex:-1)
2024-06-20 08:34:02,707 [INFO] PluginManage:310 - Check plugin cadmodel
2024-06-20 08:34:02,730 [INFO] CADModel:105 - Init CAD model plugin
2024-06-20 08:34:02,730 [INFO] PluginManage:359 - Loaded plugin cadmodel (category:power,tabindex:5)
2024-06-20 08:34:02,734 [INFO] PluginManage:310 - Check plugin clock
2024-06-20 08:34:02,750 [INFO] PluginManage:359 - Loaded plugin clock (category:base,tabindex:2)
2024-06-20 08:34:02,750 [INFO] PluginManage:310 - Check plugin ddr
2024-06-20 08:34:02,754 [INFO] PluginManage:359 - Loaded plugin ddr (category:tool,tabindex:6)
2024-06-20 08:34:02,754 [INFO] PluginManage:310 - Check plugin filemanager
2024-06-20 08:34:03,008 [INFO] PluginManage:359 - Loaded plugin filemanager (category:base,tabindex:10)
2024-06-20 08:34:03,008 [INFO] PluginManage:310 - Check plugin ipmanager
2024-06-20 08:34:03,019 [INFO] PluginManage:359 - Loaded plugin ipmanager (category:base,tabindex:5)
2024-06-20 08:34:03,020 [INFO] PluginManage:310 - Check plugin lpbam
2024-06-20 08:34:03,033 [INFO] PluginManage:359 - Loaded plugin lpbam (category:base,tabindex:0)
2024-06-20 08:34:03,034 [INFO] PluginManage:310 - Check plugin memorymap
2024-06-20 08:34:03,057 [INFO] PluginManage:359 - Loaded plugin memorymap (category:base,tabindex:4)
2024-06-20 08:34:03,057 [INFO] PluginManage:310 - Check plugin pinoutandconfiguration
2024-06-20 08:34:03,068 [INFO] PluginManage:359 - Loaded plugin pinoutandconfiguration (category:base,tabindex:1)
2024-06-20 08:34:03,068 [INFO] PluginManage:310 - Check plugin pinoutconfig
2024-06-20 08:34:03,219 [WARN] SupportedApi:132 - Cannot load RTOS API schema: s4s-elt-must-match.1: The content of 'definitions' must match (annotation?, (simpleType | complexType)?, (unique | key | keyref)*)). A problem was found starting at: attribute.
2024-06-20 08:34:03,408 [INFO] PluginManage:359 - Loaded plugin pinoutconfig (category:base,tabindex:0)
2024-06-20 08:34:03,409 [INFO] PluginManage:310 - Check plugin power
2024-06-20 08:34:03,426 [INFO] PluginManage:359 - Loaded plugin power (category:power,tabindex:4)
2024-06-20 08:34:03,426 [INFO] PluginManage:310 - Check plugin projectmanager
2024-06-20 08:34:03,443 [INFO] PluginManage:359 - Loaded plugin projectmanager (category:projectmanager,tabindex:3)
2024-06-20 08:34:03,443 [INFO] PluginManage:310 - Check plugin thirdparty
2024-06-20 08:34:03,758 [INFO] PluginManage:359 - Loaded plugin thirdparty (category:base,tabindex:-1)
2024-06-20 08:34:03,759 [INFO] PluginManage:310 - Check plugin tools
2024-06-20 08:34:03,761 [INFO] PluginManage:359 - Loaded plugin tools (category:base,tabindex:7)
2024-06-20 08:34:03,762 [INFO] PluginManage:310 - Check plugin tutovideos
2024-06-20 08:34:03,764 [WARN] IntegrityCheckThread:84 - waiting for thirdparty lock release [integrity check]
2024-06-20 08:34:03,764 [INFO] IntegrityCheckThread:86 - entering critical section [integrity check]
2024-06-20 08:34:03,765 [INFO] ThirdPartyUpdaterWithRetryManager:70 - Updater plugin not ready yet. [1/15]
2024-06-20 08:34:03,947 [INFO] PluginManage:359 - Loaded plugin tutovideos (category:base,tabindex:-1)
2024-06-20 08:34:03,947 [INFO] PluginManage:310 - Check plugin updater
2024-06-20 08:34:03,960 [INFO] PluginManage:359 - Loaded plugin updater (category:base,tabindex:12)
2024-06-20 08:34:03,960 [INFO] PluginManage:310 - Check plugin userauth
2024-06-20 08:34:03,966 [INFO] UserAuth:114 - Init User Auth plugin
2024-06-20 08:34:03,966 [INFO] PluginManage:359 - Loaded plugin userauth (category:base,tabindex:14)
2024-06-20 08:34:03,967 [INFO] PluginManage:283 - PluginManage : Loaded plugins [17]
2024-06-20 08:34:04,163 [INFO] PinOutPanel:1561 - setPackage(No Configuration,No Configuration)
2024-06-20 08:34:04,229 [INFO] CADModel:165 - CPN selected for project level
2024-06-20 08:34:04,229 [INFO] CADModel:114 - Register for checkConnection events
2024-06-20 08:34:04,245 [INFO] IPUIPlugin:80 - create IPUIPlugin
2024-06-20 08:34:04,245 [INFO] PluginManager:220 - loadIPPluginJar : add adc
2024-06-20 08:34:04,247 [INFO] IPUIPlugin:80 - create IPUIPlugin
2024-06-20 08:34:04,247 [INFO] PluginManager:220 - loadIPPluginJar : add aes
2024-06-20 08:34:04,250 [INFO] IPUIPlugin:80 - create IPUIPlugin
2024-06-20 08:34:04,250 [INFO] PluginManager:220 - loadIPPluginJar : add can
2024-06-20 08:34:04,252 [INFO] IPUIPlugin:80 - create IPUIPlugin
2024-06-20 08:34:04,252 [INFO] PluginManager:220 - loadIPPluginJar : add comp
2024-06-20 08:34:04,255 [INFO] IPUIPlugin:80 - create IPUIPlugin
2024-06-20 08:34:04,255 [INFO] PluginManager:220 - loadIPPluginJar : add cryp
2024-06-20 08:34:04,257 [INFO] IPUIPlugin:80 - create IPUIPlugin
2024-06-20 08:34:04,257 [INFO] PluginManager:220 - loadIPPluginJar : add dfsdm
2024-06-20 08:34:04,261 [INFO] IPUIPlugin:80 - create IPUIPlugin
2024-06-20 08:34:04,261 [INFO] PluginManager:220 - loadIPPluginJar : add dma
2024-06-20 08:34:04,264 [INFO] IPUIPlugin:80 - create IPUIPlugin
2024-06-20 08:34:04,264 [INFO] PluginManager:220 - loadIPPluginJar : add dma3
2024-06-20 08:34:04,267 [INFO] IPUIPlugin:80 - create IPUIPlugin
2024-06-20 08:34:04,267 [INFO] PluginManager:220 - loadIPPluginJar : add extmemmanager
2024-06-20 08:34:04,270 [INFO] IPUIPlugin:80 - create IPUIPlugin
2024-06-20 08:34:04,270 [INFO] PluginManager:220 - loadIPPluginJar : add fatfs
2024-06-20 08:34:04,273 [INFO] IPUIPlugin:80 - create IPUIPlugin
2024-06-20 08:34:04,273 [INFO] PluginManager:220 - loadIPPluginJar : add fmc
2024-06-20 08:34:04,278 [INFO] IPUIPlugin:80 - create IPUIPlugin
2024-06-20 08:34:04,278 [INFO] PluginManager:220 - loadIPPluginJar : add freertos
2024-06-20 08:34:04,279 [INFO] IPUIPlugin:80 - create IPUIPlugin
2024-06-20 08:34:04,280 [INFO] PluginManager:220 - loadIPPluginJar : add genericplugin
2024-06-20 08:34:04,282 [INFO] IPUIPlugin:80 - create IPUIPlugin
2024-06-20 08:34:04,282 [INFO] PluginManager:220 - loadIPPluginJar : add gfxmmu
2024-06-20 08:34:04,289 [INFO] IPUIPlugin:80 - create IPUIPlugin
2024-06-20 08:34:04,289 [INFO] PluginManager:220 - loadIPPluginJar : add gic
2024-06-20 08:34:04,293 [INFO] IPUIPlugin:80 - create IPUIPlugin
2024-06-20 08:34:04,293 [INFO] PluginManager:220 - loadIPPluginJar : add gpio
2024-06-20 08:34:04,296 [INFO] IPUIPlugin:80 - create IPUIPlugin
2024-06-20 08:34:04,297 [INFO] PluginManager:220 - loadIPPluginJar : add gtzc
2024-06-20 08:34:04,299 [INFO] IPUIPlugin:80 - create IPUIPlugin
2024-06-20 08:34:04,300 [INFO] PluginManager:220 - loadIPPluginJar : add hash
2024-06-20 08:34:04,304 [INFO] IPUIPlugin:80 - create IPUIPlugin
2024-06-20 08:34:04,304 [INFO] PluginManager:220 - loadIPPluginJar : add i2c
2024-06-20 08:34:04,306 [INFO] IPUIPlugin:80 - create IPUIPlugin
2024-06-20 08:34:04,307 [INFO] PluginManager:220 - loadIPPluginJar : add i2s
2024-06-20 08:34:04,309 [INFO] IPUIPlugin:80 - create IPUIPlugin
2024-06-20 08:34:04,309 [INFO] PluginManager:220 - loadIPPluginJar : add i3c
2024-06-20 08:34:04,312 [INFO] IPUIPlugin:80 - create IPUIPlugin
2024-06-20 08:34:04,312 [INFO] PluginManager:220 - loadIPPluginJar : add ipddr
2024-06-20 08:34:04,321 [INFO] IPUIPlugin:80 - create IPUIPlugin
2024-06-20 08:34:04,321 [INFO] PluginManager:220 - loadIPPluginJar : add linkedlist
2024-06-20 08:34:04,324 [INFO] IPUIPlugin:80 - create IPUIPlugin
2024-06-20 08:34:04,325 [INFO] PluginManager:220 - loadIPPluginJar : add lorawan
2024-06-20 08:34:04,326 [INFO] IPUIPlugin:80 - create IPUIPlugin
2024-06-20 08:34:04,326 [INFO] PluginManager:220 - loadIPPluginJar : add ltdc
2024-06-20 08:34:04,331 [INFO] IPUIPlugin:80 - create IPUIPlugin
2024-06-20 08:34:04,331 [INFO] PluginManager:220 - loadIPPluginJar : add mdma
2024-06-20 08:34:04,336 [INFO] IPUIPlugin:80 - create IPUIPlugin
2024-06-20 08:34:04,336 [INFO] PluginManager:220 - loadIPPluginJar : add nvic
2024-06-20 08:34:04,338 [INFO] IPUIPlugin:80 - create IPUIPlugin
2024-06-20 08:34:04,338 [INFO] PluginManager:220 - loadIPPluginJar : add opamp
2024-06-20 08:34:04,341 [INFO] IPUIPlugin:80 - create IPUIPlugin
2024-06-20 08:34:04,341 [INFO] PluginManager:220 - loadIPPluginJar : add openamp
2024-06-20 08:34:04,344 [INFO] IPUIPlugin:80 - create IPUIPlugin
2024-06-20 08:34:04,344 [INFO] PluginManager:220 - loadIPPluginJar : add pdm2pcm
2024-06-20 08:34:04,350 [INFO] IPUIPlugin:80 - create IPUIPlugin
2024-06-20 08:34:04,354 [INFO] PluginManager:220 - loadIPPluginJar : add plateformsettings
2024-06-20 08:34:04,355 [INFO] IPUIPlugin:80 - create IPUIPlugin
2024-06-20 08:34:04,355 [INFO] PluginManager:220 - loadIPPluginJar : add quadspi
2024-06-20 08:34:04,359 [INFO] IPUIPlugin:80 - create IPUIPlugin
2024-06-20 08:34:04,359 [INFO] PluginManager:220 - loadIPPluginJar : add resmgrutility
2024-06-20 08:34:04,361 [INFO] IPUIPlugin:80 - create IPUIPlugin
2024-06-20 08:34:04,361 [INFO] PluginManager:220 - loadIPPluginJar : add sai
2024-06-20 08:34:04,364 [INFO] IPUIPlugin:80 - create IPUIPlugin
2024-06-20 08:34:04,364 [INFO] PluginManager:220 - loadIPPluginJar : add spi
2024-06-20 08:34:04,370 [INFO] IPUIPlugin:80 - create IPUIPlugin
2024-06-20 08:34:04,370 [INFO] PluginManager:220 - loadIPPluginJar : add stm32_wpan
2024-06-20 08:34:04,372 [INFO] IPUIPlugin:80 - create IPUIPlugin
2024-06-20 08:34:04,372 [INFO] PluginManager:220 - loadIPPluginJar : add tim
2024-06-20 08:34:04,375 [INFO] IPUIPlugin:80 - create IPUIPlugin
2024-06-20 08:34:04,375 [INFO] PluginManager:220 - loadIPPluginJar : add touchsensing
2024-06-20 08:34:04,377 [INFO] IPUIPlugin:80 - create IPUIPlugin
2024-06-20 08:34:04,377 [INFO] PluginManager:220 - loadIPPluginJar : add tracer_emb
2024-06-20 08:34:04,378 [INFO] IPUIPlugin:80 - create IPUIPlugin
2024-06-20 08:34:04,378 [INFO] PluginManager:220 - loadIPPluginJar : add ts
2024-06-20 08:34:04,380 [INFO] IPUIPlugin:80 - create IPUIPlugin
2024-06-20 08:34:04,380 [INFO] PluginManager:220 - loadIPPluginJar : add tsc
2024-06-20 08:34:04,382 [INFO] IPUIPlugin:80 - create IPUIPlugin
2024-06-20 08:34:04,382 [INFO] PluginManager:220 - loadIPPluginJar : add ucpd
2024-06-20 08:34:04,387 [INFO] IPUIPlugin:80 - create IPUIPlugin
2024-06-20 08:34:04,387 [INFO] PluginManager:220 - loadIPPluginJar : add usart
2024-06-20 08:34:04,390 [INFO] IPUIPlugin:80 - create IPUIPlugin
2024-06-20 08:34:04,390 [INFO] PluginManager:220 - loadIPPluginJar : add usbx
2024-06-20 08:34:04,522 [INFO] CADModel:165 - CPN selected for project level
2024-06-20 08:34:04,522 [INFO] CADModel:114 - Register for checkConnection events
2024-06-20 08:34:04,523 [FATAL] Updater:308 - Updater called before beeing initialized
2024-06-20 08:34:04,523 [ERROR] CADModel:125 - Updater not yet initialized, retry later 
2024-06-20 08:34:04,660 [INFO] CADModel:165 - CPN selected for project level
2024-06-20 08:34:04,660 [INFO] CADModel:114 - Register for checkConnection events
2024-06-20 08:34:04,660 [FATAL] Updater:308 - Updater called before beeing initialized
2024-06-20 08:34:04,660 [ERROR] CADModel:125 - Updater not yet initialized, retry later 
2024-06-20 08:34:04,662 [FATAL] Updater:308 - Updater called before beeing initialized
2024-06-20 08:34:04,771 [FATAL] Updater:308 - Updater called before beeing initialized
2024-06-20 08:34:04,775 [INFO] DbMcusAds:53 - JSON generation date=Thu May 16 16:22:00 ICT 2024 (1715851320667)
2024-06-20 08:34:04,775 [FATAL] Updater:308 - Updater called before beeing initialized
2024-06-20 08:34:04,813 [WARN] DetailPanel:346 - Failed to get advertising image, set to default
2024-06-20 08:34:04,888 [FATAL] Updater:308 - Updater called before beeing initialized
2024-06-20 08:34:04,890 [FATAL] Updater:308 - Updater called before beeing initialized
2024-06-20 08:34:04,890 [FATAL] Updater:308 - Updater called before beeing initialized
2024-06-20 08:34:04,890 [WARN] DetailPanel:346 - Failed to get advertising image, set to default
2024-06-20 08:34:04,891 [FATAL] Updater:308 - Updater called before beeing initialized
2024-06-20 08:34:04,952 [ERROR] Updater:1120 - MainUpdater not yet initialized. External WinMGr cannot be set.
2024-06-20 08:34:04,958 [INFO] Updater:1056 - Updater Version found : 6.11.1
2024-06-20 08:34:04,989 [INFO] ApplicationProperties:184 - Using Application install path: C:\ST\STM32CubeIDE_1.12.0\STM32CubeIDE\plugins\com.st.stm32cube.common.mx_6.11.1.202404110753
2024-06-20 08:34:05,771 [INFO] MainUpdater:2873 - connection check result : 10
2024-06-20 08:34:05,772 [INFO] MainUpdater:290 - Updater Check For Update Now.
2024-06-20 08:34:05,772 [INFO] MicroXplorer:498 - Change Database Version : DB.6.0.111
2024-06-20 08:34:05,777 [INFO] McuFinderGlobals:63 - Set McuFinder mode to 2 (CubeIDE integrated)
2024-06-20 08:34:05,786 [INFO] UserAuth:415 - Internet connection configuration mode: 1
2024-06-20 08:34:05,804 [INFO] JxBrowserEngine:152 - Initiate JxBrowser Engine with user profile folder
2024-06-20 08:34:06,027 [INFO] CheckServerUpdateThread:120 - End of CheckServer Thread
2024-06-20 08:34:06,613 [INFO] WebApp:161 - Instantiating new browser for Auth
2024-06-20 08:34:07,028 [WARN] PackLoader:240 - Cannot read IP mode file for STMicroelectronics.FP-SNS-MOTENVWB1.1.4.0
2024-06-20 08:34:07,042 [WARN] PackLoader:240 - Cannot read IP mode file for STMicroelectronics.X-CUBE-SMBUS.2.1.0
2024-06-20 08:34:07,048 [WARN] PackLoader:240 - Cannot read IP mode file for STMicroelectronics.X-CUBE-TOUCHGFX.4.23.1
2024-06-20 08:34:07,056 [WARN] PackLoader:240 - Cannot read IP mode file for STMicroelectronics.X-CUBE-TOUCHGFX.4.23.0
2024-06-20 08:34:07,172 [WARN] PackLoader:240 - Cannot read IP mode file for STMicroelectronics.X-CUBE-TOUCHGFX.4.23.2
2024-06-20 08:34:07,333 [WARN] PackLoader:240 - Cannot read IP mode file for STMicroelectronics.X-CUBE-AZRTOS-F7.1.1.0
2024-06-20 08:34:07,356 [WARN] PackLoader:240 - Cannot read IP mode file for STMicroelectronics.FP-SNS-MOTENV1.4.3.2
2024-06-20 08:34:07,370 [WARN] PackLoader:240 - Cannot read IP mode file for STMicroelectronics.FP-SNS-FLIGHT1.5.0.2
2024-06-20 08:34:07,382 [WARN] PackLoader:240 - Cannot read IP mode file for STMicroelectronics.X-CUBE-DISPLAY.3.0.0
2024-06-20 08:34:07,411 [WARN] PackLoader:240 - Cannot read IP mode file for STMicroelectronics.X-CUBE-BLE1.7.0.0
2024-06-20 08:34:07,427 [WARN] PackLoader:240 - Cannot read IP mode file for emotas.I-CUBE-CANOPEN.1.3.0
2024-06-20 08:34:07,640 [WARN] PackLoader:240 - Cannot read IP mode file for STMicroelectronics.X-CUBE-TOUCHGFX.4.22.0
2024-06-20 08:34:07,690 [WARN] PackLoader:240 - Cannot read IP mode file for STMicroelectronics.X-CUBE-TOUCHGFX.4.22.1
2024-06-20 08:34:07,740 [WARN] PackLoader:240 - Cannot read IP mode file for STMicroelectronics.X-CUBE-BLEMGR.3.1.0
2024-06-20 08:34:07,751 [WARN] PackLoader:240 - Cannot read IP mode file for STMicroelectronics.FP-SNS-SMARTAG2.1.2.0
2024-06-20 08:34:07,763 [INFO] LogOutputStream:77 - [STDOUT_REDIRECT] 1 : Invalid condition id : UX_CORESTACK_Condition cause : null
2024-06-20 08:34:07,770 [INFO] LogOutputStream:77 - [STDOUT_REDIRECT] 1 : Invalid condition id : UX_CORESTACK_Condition cause : null
2024-06-20 08:34:07,772 [INFO] LogOutputStream:77 - [STDOUT_REDIRECT] 1 : Invalid condition id : UX_CORESTACK_Condition cause : null
2024-06-20 08:34:07,772 [INFO] LogOutputStream:77 - [STDOUT_REDIRECT] 1 : Invalid condition id : UX_CORESTACK_Condition cause : null
2024-06-20 08:34:07,775 [INFO] LogOutputStream:77 - [STDOUT_REDIRECT] 1 : Invalid condition id : UX_CORESTACK_Condition cause : null
2024-06-20 08:34:07,780 [WARN] PackLoader:240 - Cannot read IP mode file for STMicroelectronics.X-CUBE-AZRTOS-WL.2.0.0
2024-06-20 08:34:07,786 [WARN] PackLoader:240 - Cannot read IP mode file for STMicroelectronics.FP-SNS-MOTENV1.5.0.0
2024-06-20 08:34:07,797 [WARN] PackLoader:240 - Cannot read IP mode file for wolfSSL.I-CUBE-wolfMQTT.1.19.0
2024-06-20 08:34:07,807 [WARN] PackLoader:240 - Cannot read IP mode file for WES.I-CUBE-Cesium.1.3.0
2024-06-20 08:34:07,812 [WARN] PackLoader:240 - Cannot read IP mode file for STMicroelectronics.X-CUBE-BLE2.3.3.0
2024-06-20 08:34:07,820 [WARN] PackLoader:240 - Cannot read IP mode file for STMicroelectronics.X-CUBE-TOUCHGFX.4.18.0
2024-06-20 08:34:07,854 [WARN] PackLoader:240 - Cannot read IP mode file for STMicroelectronics.X-CUBE-TCPP.4.1.0
2024-06-20 08:34:07,868 [WARN] PackLoader:240 - Cannot read IP mode file for STMicroelectronics.X-CUBE-TOUCHGFX.4.21.1
2024-06-20 08:34:07,912 [WARN] PackLoader:240 - Cannot read IP mode file for STMicroelectronics.X-CUBE-TOUCHGFX.4.21.0
2024-06-20 08:34:07,944 [WARN] PackLoader:240 - Cannot read IP mode file for STMicroelectronics.X-CUBE-TOUCHGFX.4.21.4
2024-06-20 08:34:07,976 [WARN] PackLoader:240 - Cannot read IP mode file for STMicroelectronics.X-CUBE-ALGOBUILD.1.3.0
2024-06-20 08:34:08,007 [WARN] PackLoader:240 - Cannot read IP mode file for STMicroelectronics.X-CUBE-AZRTOS-G0.1.1.0
2024-06-20 08:34:08,019 [WARN] PackLoader:240 - Cannot read IP mode file for STMicroelectronics.X-CUBE-SAFEA1.1.2.2
2024-06-20 08:34:08,026 [WARN] PackLoader:240 - Cannot read IP mode file for STMicroelectronics.X-CUBE-NFC4.3.0.0
2024-06-20 08:34:08,049 [WARN] PackLoader:240 - Cannot read IP mode file for STMicroelectronics.X-CUBE-BLEMGR.3.0.0
2024-06-20 08:34:08,055 [WARN] PackLoader:240 - Cannot read IP mode file for STMicroelectronics.FP-ATR-SIGFOX1.3.2.0
2024-06-20 08:34:08,061 [WARN] PackLoader:240 - Cannot read IP mode file for STMicroelectronics.X-CUBE-EEPRMA1.5.1.0
2024-06-20 08:34:08,121 [WARN] PackLoader:240 - Cannot read IP mode file for SEGGER.I-CUBE-embOS.1.3.1
2024-06-20 08:34:08,195 [WARN] PackLoader:240 - Cannot read IP mode file for STMicroelectronics.X-CUBE-ALGOBUILD.1.4.0
2024-06-20 08:34:08,200 [WARN] PackLoader:240 - Cannot read IP mode file for STMicroelectronics.X-CUBE-GNSS1.6.0.0
2024-06-20 08:34:08,228 [WARN] PackLoader:240 - Cannot read IP mode file for STMicroelectronics.X-CUBE-AZRTOS-F4.1.1.0
2024-06-20 08:34:08,235 [WARN] PackLoader:240 - Cannot read IP mode file for STMicroelectronics.X-CUBE-FREERTOS.1.2.0
2024-06-20 08:34:08,242 [WARN] PackLoader:240 - Cannot read IP mode file for wolfSSL.I-CUBE-wolfSSL.5.6.6
2024-06-20 08:34:08,261 [WARN] PackLoader:240 - Cannot read IP mode file for STMicroelectronics.X-CUBE-AZRTOS-L5.2.0.0
2024-06-20 08:34:08,272 [WARN] PackLoader:240 - Cannot read IP mode file for STMicroelectronics.X-CUBE-EEPRMA1.4.2.0
2024-06-20 08:34:08,284 [WARN] PackLoader:240 - Cannot read IP mode file for STMicroelectronics.X-CUBE-NFC6.3.1.0
2024-06-20 08:34:08,292 [WARN] PackLoader:240 - Cannot read IP mode file for ITTIA_DB.I-CUBE-ITTIADB.8.8.0
2024-06-20 08:34:08,381 [WARN] PackLoader:240 - Cannot read IP mode file for emotas.I-CUBE-CANOPEN.1.1.3
2024-06-20 08:34:08,416 [WARN] PackLoader:240 - Cannot read IP mode file for STMicroelectronics.X-CUBE-AI.9.0.0
2024-06-20 08:34:08,432 [WARN] ConditionMgr:438 - getConditionDescription Invalid condition id : UX DEVICE CLASS RTOS Condition cause : null
2024-06-20 08:34:08,434 [WARN] ConditionMgr:438 - getConditionDescription Invalid condition id : UX DEVICE CLASS RTOS Condition cause : null
2024-06-20 08:34:08,437 [WARN] PackLoader:240 - Cannot read IP mode file for STMicroelectronics.X-CUBE-AZRTOS-H7.3.1.0
2024-06-20 08:34:08,438 [WARN] ConditionMgr:1039 - genDependencies : Invalid condition id : UX DEVICE CLASS RTOS Condition cause : null
2024-06-20 08:34:08,438 [WARN] ConditionMgr:1039 - genDependencies : Invalid condition id : UX DEVICE CLASS RTOS Condition cause : null
2024-06-20 08:34:08,438 [WARN] ConditionMgr:1039 - genDependencies : Invalid condition id : UX DEVICE CLASS RTOS Condition cause : null
2024-06-20 08:34:08,442 [WARN] ConditionMgr:1039 - genDependencies : Invalid condition id : UX DEVICE CLASS RTOS Condition cause : null
2024-06-20 08:34:08,442 [WARN] ConditionMgr:1039 - genDependencies : Invalid condition id : UX DEVICE CLASS RTOS Condition cause : null
2024-06-20 08:34:08,451 [WARN] ConditionMgr:438 - getConditionDescription Invalid condition id : UX DEVICE CLASS RTOS Condition cause : null
2024-06-20 08:34:08,451 [WARN] ConditionMgr:438 - getConditionDescription Invalid condition id : UX DEVICE CLASS RTOS Condition cause : null
2024-06-20 08:34:08,565 [WARN] PackLoader:240 - Cannot read IP mode file for STMicroelectronics.X-CUBE-NFC7.1.0.1
2024-06-20 08:34:08,571 [WARN] PackLoader:240 - Cannot read IP mode file for STMicroelectronics.X-CUBE-NFC6.3.0.0
2024-06-20 08:34:08,576 [WARN] PackLoader:240 - Cannot read IP mode file for STMicroelectronics.X-CUBE-AI.8.1.0
2024-06-20 08:34:08,591 [WARN] ConditionMgr:438 - getConditionDescription Invalid condition id : LAN8742 Phy interface Condition cause : null
2024-06-20 08:34:08,592 [WARN] PackLoader:240 - Cannot read IP mode file for STMicroelectronics.X-CUBE-AZRTOS-L4.2.0.0
2024-06-20 08:34:08,593 [WARN] ConditionMgr:1039 - genDependencies : Invalid condition id : LAN8742 Phy interface Condition cause : null
2024-06-20 08:34:08,594 [WARN] ConditionMgr:1039 - genDependencies : Invalid condition id : LAN8742 Phy interface Condition cause : null
2024-06-20 08:34:08,594 [WARN] ConditionMgr:1039 - genDependencies : Invalid condition id : LAN8742 Phy interface Condition cause : null
2024-06-20 08:34:08,601 [WARN] PackLoader:240 - Cannot read IP mode file for STMicroelectronics.X-CUBE-SFXS2LP1.4.0.0
2024-06-20 08:34:08,619 [WARN] ConditionMgr:438 - getConditionDescription Invalid condition id : UX DEVICE CLASS RTOS Condition cause : null
2024-06-20 08:34:08,620 [WARN] ConditionMgr:438 - getConditionDescription Invalid condition id : UX DEVICE CLASS RTOS Condition cause : null
2024-06-20 08:34:08,622 [WARN] PackLoader:240 - Cannot read IP mode file for STMicroelectronics.X-CUBE-AZRTOS-WB.2.0.0
2024-06-20 08:34:08,622 [WARN] ConditionMgr:1039 - genDependencies : Invalid condition id : UX DEVICE CLASS RTOS Condition cause : null
2024-06-20 08:34:08,622 [WARN] ConditionMgr:1039 - genDependencies : Invalid condition id : UX DEVICE CLASS RTOS Condition cause : null
2024-06-20 08:34:08,622 [WARN] ConditionMgr:1039 - genDependencies : Invalid condition id : UX DEVICE CLASS RTOS Condition cause : null
2024-06-20 08:34:08,622 [WARN] ConditionMgr:1039 - genDependencies : Invalid condition id : UX DEVICE CLASS RTOS Condition cause : null
2024-06-20 08:34:08,622 [WARN] ConditionMgr:1039 - genDependencies : Invalid condition id : UX DEVICE CLASS RTOS Condition cause : null
2024-06-20 08:34:08,635 [WARN] PackLoader:240 - Cannot read IP mode file for STMicroelectronics.X-CUBE-SUBG2.5.0.0
2024-06-20 08:34:08,642 [WARN] PackLoader:240 - Cannot read IP mode file for Cesanta.I-CUBE-Mongoose.7.13.0
2024-06-20 08:34:08,652 [WARN] PackLoader:240 - Cannot read IP mode file for STMicroelectronics.X-CUBE-TOF1.3.3.1
2024-06-20 08:34:08,712 [WARN] PackLoader:240 - Cannot read IP mode file for STMicroelectronics.X-CUBE-AZRTOS-G4.2.0.0
2024-06-20 08:34:08,742 [WARN] PackLoader:240 - Cannot read IP mode file for STMicroelectronics.X-CUBE-TOF1.3.3.0
2024-06-20 08:34:08,804 [WARN] PackLoader:240 - Cannot read IP mode file for Infineon.AIROC-Wi-Fi-Bluetooth-STM32.1.5.1
2024-06-20 08:34:08,812 [WARN] PackLoader:240 - Cannot read IP mode file for STMicroelectronics.FP-SNS-MOTENVWB1.1.3.1
2024-06-20 08:34:08,816 [WARN] PackLoader:240 - Cannot read IP mode file for STMicroelectronics.X-CUBE-ISPU.2.0.0
2024-06-20 08:34:08,822 [WARN] PackLoader:240 - Cannot read IP mode file for STMicroelectronics.X-CUBE-ALS.1.0.2
2024-06-20 08:34:08,864 [WARN] PackLoader:240 - Cannot read IP mode file for STMicroelectronics.X-CUBE-MEMS1.10.0.0
2024-06-20 08:34:09,001 [WARN] PackLoader:240 - Cannot read IP mode file for STMicroelectronics.X-CUBE-FREERTOS.1.1.0
2024-06-20 08:34:09,007 [WARN] PackLoader:240 - Cannot read IP mode file for portGmbH.I-Cube-SoM-uGOAL.1.1.0
2024-06-20 08:34:09,015 [WARN] PackLoader:240 - Cannot read IP mode file for STMicroelectronics.X-CUBE-ALS.1.0.1
2024-06-20 08:34:09,032 [WARN] PackLoader:240 - Cannot read IP mode file for STMicroelectronics.X-CUBE-AZRTOS-H7RS.1.0.0
2024-06-20 08:34:09,038 [WARN] PackLoader:240 - Cannot read IP mode file for STMicroelectronics.FP-ATR-ASTRA1.2.0.0
2024-06-20 08:34:09,049 [WARN] PackLoader:240 - Cannot read IP mode file for STMicroelectronics.X-CUBE-TOF1.3.4.0
2024-06-20 08:34:09,112 [WARN] PackLoader:240 - Cannot read IP mode file for STMicroelectronics.X-CUBE-TOF1.3.4.1
2024-06-20 08:34:09,218 [WARN] PackLoader:240 - Cannot read IP mode file for STMicroelectronics.X-CUBE-AZRTOS-H7.3.2.0
2024-06-20 08:34:09,291 [INFO] ThirdParty:978 - Integrity check success = true
2024-06-20 08:34:09,291 [INFO] IntegrityCheckThread:100 - exiting critical section [integrity check]
2024-06-20 08:34:09,291 [INFO] IntegrityCheckThread:103 - End integrity checks thread
2024-06-20 08:34:09,715 [INFO] WebApp:779 - Register for checkConnection events
2024-06-20 08:34:09,716 [INFO] WebApp:414 - Apply proxy settings
2024-06-20 08:34:09,716 [INFO] WebApp:499 - Chromium requires no authentication
2024-06-20 08:34:09,725 [INFO] WebApp:442 - Direct internet connection detected
2024-06-20 08:34:09,874 [INFO] WebApp:192 - Starting web application
2024-06-20 08:34:09,875 [INFO] WebApp:544 - Web application path used C:\ST\STM32CubeIDE_1.12.0\STM32CubeIDE\plugins\com.st.stm32cube.common.mx_6.11.1.202404110753\db\plugins\mcufinder\reactClient1\index.html
2024-06-20 12:58:17,831 [ERROR] LogOutputStream:75 - [STDERR_REDIRECT] 
2024-06-20 12:58:17,847 [ERROR] LogOutputStream:75 - [STDERR_REDIRECT] 
