2023-11-06 09:23:21,172 [INFO] Activator:176 - 


2023-11-06 09:23:21,181 [INFO] Activator:177 - !SESSION log4j initialized
2023-11-06 09:23:25,006 [INFO] LogOutputStream:77 - [STDOUT_REDIRECT] 
2023-11-06 09:23:32,845 [INFO] ApplicationProperties:184 - Using Application install path: C:\ST\STM32CubeIDE_1.12.0\STM32CubeIDE\plugins\com.st.stm32cube.common.mx_6.9.2.202309101412
2023-11-06 09:23:32,891 [INFO] DbMcusXml:78 - Set database path to: C:\ST\STM32CubeIDE_1.12.0\STM32CubeIDE\plugins\com.st.stm32cube.common.mx_6.9.2.202309101412\\db\/mcu/
2023-11-06 09:23:32,891 [INFO] ApiDb:274 - Set plugin database path to: C:\ST\STM32CubeIDE_1.12.0\STM32CubeIDE\plugins\com.st.stm32cube.common.mx_6.9.2.202309101412\\db\/plugins/boardmanager/
2023-11-06 09:23:32,892 [WARN] ApiDb:259 - Overriding images path with different value:  => C:\ST\STM32CubeIDE_1.12.0\STM32CubeIDE\plugins\com.st.stm32cube.common.mx_6.9.2.202309101412\\db\/plugins/mcufinder/images/
2023-11-06 09:23:32,917 [INFO] ApiDb:250 - Set database path to: C:\Users\user\.stmcufinder\plugins\mcufinder//mcu/
2023-11-06 09:23:32,920 [INFO] DbMcusAds:125 - Set database path to: C:\Users\user\.stmcufinder\plugins\mcufinder//mcu/
2023-11-06 09:23:32,922 [INFO] CrossReferenceDbSqlite:203 - Set database path to: C:\Users\user\.stmcufinder\plugins\mcufinder//mcu/cs/
2023-11-06 09:23:33,068 [INFO] RulesReader:64 - Compatibility file has been processed (293 Rules)
2023-11-06 09:23:33,172 [INFO] DbMcusXml:78 - Set database path to: C:\ST\STM32CubeIDE_1.12.0\STM32CubeIDE\plugins\com.st.stm32cube.common.mx_6.9.2.202309101412\\db\/mcu/
2023-11-06 09:23:33,172 [INFO] ApiDb:274 - Set plugin database path to: C:\ST\STM32CubeIDE_1.12.0\STM32CubeIDE\plugins\com.st.stm32cube.common.mx_6.9.2.202309101412\\db\/plugins/boardmanager/
2023-11-06 09:23:33,172 [INFO] ApiDb:261 - Set plugin images path to: C:\ST\STM32CubeIDE_1.12.0\STM32CubeIDE\plugins\com.st.stm32cube.common.mx_6.9.2.202309101412\\db\/plugins/mcufinder/images/
2023-11-06 09:23:33,172 [WARN] DbFile:41 - Overriding database path with different value: C:\Users\user\.stmcufinder\plugins\mcufinder/ => C:\Users\user\.stmcufinder\plugins\mcufinder
2023-11-06 09:23:33,172 [INFO] ApiDb:250 - Set database path to: C:\Users\user\.stmcufinder\plugins\mcufinder//mcu/
2023-11-06 09:23:33,172 [WARN] DbFile:41 - Overriding database path with different value: C:\Users\user\.stmcufinder\plugins\mcufinder/ => C:\Users\user\.stmcufinder\plugins\mcufinder
2023-11-06 09:23:33,172 [INFO] DbMcusAds:125 - Set database path to: C:\Users\user\.stmcufinder\plugins\mcufinder//mcu/
2023-11-06 09:23:33,172 [WARN] DbFile:41 - Overriding database path with different value: C:\Users\user\.stmcufinder\plugins\mcufinder/ => C:\Users\user\.stmcufinder\plugins\mcufinder
2023-11-06 09:23:33,173 [WARN] DbFile:41 - Overriding database path with different value: C:\Users\user\.stmcufinder\plugins\mcufinder/ => C:\Users\user\.stmcufinder\plugins\mcufinder
2023-11-06 09:23:33,173 [INFO] CrossReferenceDbSqlite:203 - Set database path to: C:\Users\user\.stmcufinder\plugins\mcufinder//mcu/cs/
2023-11-06 09:23:33,273 [INFO] MainPanel:262 - HeapMemory: 268435456
2023-11-06 09:23:33,398 [INFO] DbMcusXml:78 - Set database path to: C:\ST\STM32CubeIDE_1.12.0\STM32CubeIDE\plugins\com.st.stm32cube.common.mx_6.9.2.202309101412\\db\/mcu/
2023-11-06 09:23:33,399 [INFO] ApiDb:274 - Set plugin database path to: C:\ST\STM32CubeIDE_1.12.0\STM32CubeIDE\plugins\com.st.stm32cube.common.mx_6.9.2.202309101412\\db\/plugins/boardmanager/
2023-11-06 09:23:33,399 [INFO] ApiDb:261 - Set plugin images path to: C:\ST\STM32CubeIDE_1.12.0\STM32CubeIDE\plugins\com.st.stm32cube.common.mx_6.9.2.202309101412\\db\/plugins/mcufinder/images/
2023-11-06 09:23:33,400 [WARN] DbFile:41 - Overriding database path with different value: C:\Users\user\.stmcufinder\plugins\mcufinder/ => C:\Users\user\.stmcufinder\plugins\mcufinder
2023-11-06 09:23:33,400 [INFO] ApiDb:250 - Set database path to: C:\Users\user\.stmcufinder\plugins\mcufinder//mcu/
2023-11-06 09:23:33,400 [WARN] DbFile:41 - Overriding database path with different value: C:\Users\user\.stmcufinder\plugins\mcufinder/ => C:\Users\user\.stmcufinder\plugins\mcufinder
2023-11-06 09:23:33,400 [INFO] DbMcusAds:125 - Set database path to: C:\Users\user\.stmcufinder\plugins\mcufinder//mcu/
2023-11-06 09:23:33,400 [WARN] DbFile:41 - Overriding database path with different value: C:\Users\user\.stmcufinder\plugins\mcufinder/ => C:\Users\user\.stmcufinder\plugins\mcufinder
2023-11-06 09:23:33,400 [WARN] DbFile:41 - Overriding database path with different value: C:\Users\user\.stmcufinder\plugins\mcufinder/ => C:\Users\user\.stmcufinder\plugins\mcufinder
2023-11-06 09:23:33,400 [INFO] CrossReferenceDbSqlite:203 - Set database path to: C:\Users\user\.stmcufinder\plugins\mcufinder//mcu/cs/
2023-11-06 09:23:33,421 [INFO] ApplicationProperties:184 - Using Application install path: C:\ST\STM32CubeIDE_1.12.0\STM32CubeIDE\plugins\com.st.stm32cube.common.mx_6.9.2.202309101412
2023-11-06 09:23:33,422 [INFO] PluginManage:196 - Search for loadable plugins [exclusion list=, ]
2023-11-06 09:23:33,423 [INFO] PluginManage:310 - Check plugin analytics
2023-11-06 09:23:33,621 [INFO] AnalyticsPlugin:253 - Accepted Software Licenses: STM32CubeMX.6.8.0,STM32CubeMX.6.8.1,STM32CubeMX.6.5.0,STM32CubeMX.6.9.1,STM32CubeMX.6.9.2
2023-11-06 09:23:33,622 [INFO] AnalyticsPlugin:255 - Accepted CMSIS Pack Licenses: emotas.I-CUBE-CANOPEN.1.1.3,STMicroelectronics.X-CUBE-TOUCHGFX.4.21.0,STMicroelectronics.X-CUBE-TOUCHGFX.4.21.1,STMicroelectronics.X-CUBE-TOUCHGFX.4.18.0,STMicroelectronics.X-CUBE-TOUCHGFX.4.22.1
2023-11-06 09:23:33,622 [INFO] AnalyticsPlugin:257 - Accepted Firmware Licenses: FW.H7.1.11.0,FW.G0.1.6.0,FW.F4.1.27.0
2023-11-06 09:23:33,626 [INFO] PluginManage:359 - Loaded plugin analytics (category:tool,tabindex:-1)
2023-11-06 09:23:33,626 [INFO] PluginManage:310 - Check plugin cadmodel
2023-11-06 09:23:33,655 [INFO] CADModel:105 - Init CAD model plugin
2023-11-06 09:23:33,655 [INFO] PluginManage:359 - Loaded plugin cadmodel (category:power,tabindex:5)
2023-11-06 09:23:33,657 [INFO] PluginManage:310 - Check plugin clock
2023-11-06 09:23:33,682 [INFO] PluginManage:359 - Loaded plugin clock (category:base,tabindex:2)
2023-11-06 09:23:33,683 [INFO] PluginManage:310 - Check plugin ddr
2023-11-06 09:23:33,688 [INFO] PluginManage:359 - Loaded plugin ddr (category:tool,tabindex:6)
2023-11-06 09:23:33,688 [INFO] PluginManage:310 - Check plugin filemanager
2023-11-06 09:23:33,904 [INFO] PluginManage:359 - Loaded plugin filemanager (category:base,tabindex:10)
2023-11-06 09:23:33,905 [INFO] PluginManage:310 - Check plugin ipmanager
2023-11-06 09:23:33,916 [INFO] PluginManage:359 - Loaded plugin ipmanager (category:base,tabindex:5)
2023-11-06 09:23:33,916 [INFO] PluginManage:310 - Check plugin lpbam
2023-11-06 09:23:33,952 [INFO] PluginManage:359 - Loaded plugin lpbam (category:base,tabindex:0)
2023-11-06 09:23:33,953 [INFO] PluginManage:310 - Check plugin memorymap
2023-11-06 09:23:33,995 [INFO] PluginManage:359 - Loaded plugin memorymap (category:base,tabindex:4)
2023-11-06 09:23:33,995 [INFO] PluginManage:310 - Check plugin pinoutandconfiguration
2023-11-06 09:23:34,015 [INFO] PluginManage:359 - Loaded plugin pinoutandconfiguration (category:base,tabindex:1)
2023-11-06 09:23:34,016 [INFO] PluginManage:310 - Check plugin pinoutconfig
2023-11-06 09:23:34,131 [WARN] SupportedApi:132 - Cannot load RTOS API schema: s4s-elt-must-match.1: The content of 'definitions' must match (annotation?, (simpleType | complexType)?, (unique | key | keyref)*)). A problem was found starting at: attribute.
2023-11-06 09:23:34,321 [INFO] PluginManage:359 - Loaded plugin pinoutconfig (category:base,tabindex:0)
2023-11-06 09:23:34,321 [INFO] PluginManage:310 - Check plugin power
2023-11-06 09:23:34,355 [INFO] PluginManage:359 - Loaded plugin power (category:power,tabindex:4)
2023-11-06 09:23:34,355 [INFO] PluginManage:310 - Check plugin projectmanager
2023-11-06 09:23:34,376 [INFO] PluginManage:359 - Loaded plugin projectmanager (category:projectmanager,tabindex:3)
2023-11-06 09:23:34,376 [INFO] PluginManage:310 - Check plugin thirdparty
2023-11-06 09:23:34,735 [INFO] PluginManage:359 - Loaded plugin thirdparty (category:base,tabindex:-1)
2023-11-06 09:23:34,735 [INFO] PluginManage:310 - Check plugin tools
2023-11-06 09:23:34,737 [WARN] IntegrityCheckThread:84 - waiting for thirdparty lock release [integrity check]
2023-11-06 09:23:34,738 [INFO] IntegrityCheckThread:86 - entering critical section [integrity check]
2023-11-06 09:23:34,739 [INFO] ThirdPartyUpdaterWithRetryManager:70 - Updater plugin not ready yet. [1/15]
2023-11-06 09:23:34,779 [INFO] PluginManage:359 - Loaded plugin tools (category:base,tabindex:7)
2023-11-06 09:23:34,779 [INFO] PluginManage:310 - Check plugin tutovideos
2023-11-06 09:23:34,987 [INFO] PluginManage:359 - Loaded plugin tutovideos (category:base,tabindex:-1)
2023-11-06 09:23:34,987 [INFO] PluginManage:310 - Check plugin updater
2023-11-06 09:23:35,004 [INFO] PluginManage:359 - Loaded plugin updater (category:base,tabindex:12)
2023-11-06 09:23:35,004 [INFO] PluginManage:310 - Check plugin userauth
2023-11-06 09:23:35,009 [INFO] UserAuth:113 - Init User Auth plugin
2023-11-06 09:23:35,009 [INFO] PluginManage:359 - Loaded plugin userauth (category:base,tabindex:14)
2023-11-06 09:23:35,010 [INFO] PluginManage:283 - PluginManage : Loaded plugins [17]
2023-11-06 09:23:35,274 [INFO] PinOutPanel:1499 - setPackage(No Configuration,No Configuration)
2023-11-06 09:23:35,396 [INFO] CADModel:165 - CPN selected for project level
2023-11-06 09:23:35,396 [INFO] CADModel:114 - Register for checkConnection events
2023-11-06 09:23:35,434 [INFO] IPUIPlugin:80 - create IPUIPlugin
2023-11-06 09:23:35,434 [INFO] PluginManager:220 - loadIPPluginJar : add adc
2023-11-06 09:23:35,466 [INFO] IPUIPlugin:80 - create IPUIPlugin
2023-11-06 09:23:35,467 [INFO] PluginManager:220 - loadIPPluginJar : add aes
2023-11-06 09:23:35,505 [INFO] IPUIPlugin:80 - create IPUIPlugin
2023-11-06 09:23:35,505 [INFO] PluginManager:220 - loadIPPluginJar : add can
2023-11-06 09:23:35,525 [INFO] IPUIPlugin:80 - create IPUIPlugin
2023-11-06 09:23:35,525 [INFO] PluginManager:220 - loadIPPluginJar : add comp
2023-11-06 09:23:35,556 [INFO] IPUIPlugin:80 - create IPUIPlugin
2023-11-06 09:23:35,557 [INFO] PluginManager:220 - loadIPPluginJar : add cryp
2023-11-06 09:23:35,586 [INFO] IPUIPlugin:80 - create IPUIPlugin
2023-11-06 09:23:35,586 [INFO] PluginManager:220 - loadIPPluginJar : add dfsdm
2023-11-06 09:23:35,600 [INFO] IPUIPlugin:80 - create IPUIPlugin
2023-11-06 09:23:35,600 [INFO] PluginManager:220 - loadIPPluginJar : add dma
2023-11-06 09:23:35,645 [INFO] IPUIPlugin:80 - create IPUIPlugin
2023-11-06 09:23:35,645 [INFO] PluginManager:220 - loadIPPluginJar : add dma3
2023-11-06 09:23:35,663 [INFO] IPUIPlugin:80 - create IPUIPlugin
2023-11-06 09:23:35,663 [INFO] PluginManager:220 - loadIPPluginJar : add fatfs
2023-11-06 09:23:35,704 [INFO] IPUIPlugin:80 - create IPUIPlugin
2023-11-06 09:23:35,704 [INFO] PluginManager:220 - loadIPPluginJar : add fmc
2023-11-06 09:23:35,720 [INFO] IPUIPlugin:80 - create IPUIPlugin
2023-11-06 09:23:35,720 [INFO] PluginManager:220 - loadIPPluginJar : add freertos
2023-11-06 09:23:35,745 [INFO] IPUIPlugin:80 - create IPUIPlugin
2023-11-06 09:23:35,745 [INFO] PluginManager:220 - loadIPPluginJar : add genericplugin
2023-11-06 09:23:35,841 [INFO] IPUIPlugin:80 - create IPUIPlugin
2023-11-06 09:23:35,841 [INFO] PluginManager:220 - loadIPPluginJar : add gfxmmu
2023-11-06 09:23:35,971 [INFO] IPUIPlugin:80 - create IPUIPlugin
2023-11-06 09:23:35,971 [INFO] PluginManager:220 - loadIPPluginJar : add gic
2023-11-06 09:23:35,984 [INFO] IPUIPlugin:80 - create IPUIPlugin
2023-11-06 09:23:35,985 [INFO] PluginManager:220 - loadIPPluginJar : add gpio
2023-11-06 09:23:36,088 [INFO] IPUIPlugin:80 - create IPUIPlugin
2023-11-06 09:23:36,088 [INFO] PluginManager:220 - loadIPPluginJar : add gtzc
2023-11-06 09:23:36,124 [INFO] IPUIPlugin:80 - create IPUIPlugin
2023-11-06 09:23:36,124 [INFO] PluginManager:220 - loadIPPluginJar : add hash
2023-11-06 09:23:36,184 [INFO] IPUIPlugin:80 - create IPUIPlugin
2023-11-06 09:23:36,184 [INFO] PluginManager:220 - loadIPPluginJar : add i2c
2023-11-06 09:23:36,221 [INFO] IPUIPlugin:80 - create IPUIPlugin
2023-11-06 09:23:36,221 [INFO] PluginManager:220 - loadIPPluginJar : add i2s
2023-11-06 09:23:36,257 [INFO] IPUIPlugin:80 - create IPUIPlugin
2023-11-06 09:23:36,257 [INFO] PluginManager:220 - loadIPPluginJar : add i3c
2023-11-06 09:23:36,356 [INFO] IPUIPlugin:80 - create IPUIPlugin
2023-11-06 09:23:36,356 [INFO] PluginManager:220 - loadIPPluginJar : add ipddr
2023-11-06 09:23:36,449 [INFO] IPUIPlugin:80 - create IPUIPlugin
2023-11-06 09:23:36,449 [INFO] PluginManager:220 - loadIPPluginJar : add linkedlist
2023-11-06 09:23:36,480 [INFO] IPUIPlugin:80 - create IPUIPlugin
2023-11-06 09:23:36,480 [INFO] PluginManager:220 - loadIPPluginJar : add lorawan
2023-11-06 09:23:36,512 [INFO] IPUIPlugin:80 - create IPUIPlugin
2023-11-06 09:23:36,512 [INFO] PluginManager:220 - loadIPPluginJar : add ltdc
2023-11-06 09:23:36,524 [INFO] IPUIPlugin:80 - create IPUIPlugin
2023-11-06 09:23:36,525 [INFO] PluginManager:220 - loadIPPluginJar : add mdma
2023-11-06 09:23:36,537 [INFO] IPUIPlugin:80 - create IPUIPlugin
2023-11-06 09:23:36,537 [INFO] PluginManager:220 - loadIPPluginJar : add nvic
2023-11-06 09:23:36,570 [INFO] IPUIPlugin:80 - create IPUIPlugin
2023-11-06 09:23:36,571 [INFO] PluginManager:220 - loadIPPluginJar : add opamp
2023-11-06 09:23:36,627 [INFO] IPUIPlugin:80 - create IPUIPlugin
2023-11-06 09:23:36,627 [INFO] PluginManager:220 - loadIPPluginJar : add openamp
2023-11-06 09:23:36,669 [INFO] IPUIPlugin:80 - create IPUIPlugin
2023-11-06 09:23:36,669 [INFO] PluginManager:220 - loadIPPluginJar : add pdm2pcm
2023-11-06 09:23:36,685 [INFO] IPUIPlugin:80 - create IPUIPlugin
2023-11-06 09:23:36,687 [INFO] PluginManager:220 - loadIPPluginJar : add plateformsettings
2023-11-06 09:23:36,706 [INFO] IPUIPlugin:80 - create IPUIPlugin
2023-11-06 09:23:36,707 [INFO] PluginManager:220 - loadIPPluginJar : add quadspi
2023-11-06 09:23:36,721 [INFO] IPUIPlugin:80 - create IPUIPlugin
2023-11-06 09:23:36,721 [INFO] PluginManager:220 - loadIPPluginJar : add resmgrutility
2023-11-06 09:23:36,777 [INFO] IPUIPlugin:80 - create IPUIPlugin
2023-11-06 09:23:36,778 [INFO] PluginManager:220 - loadIPPluginJar : add sai
2023-11-06 09:23:36,821 [INFO] IPUIPlugin:80 - create IPUIPlugin
2023-11-06 09:23:36,821 [INFO] PluginManager:220 - loadIPPluginJar : add spi
2023-11-06 09:23:36,891 [INFO] IPUIPlugin:80 - create IPUIPlugin
2023-11-06 09:23:36,892 [INFO] PluginManager:220 - loadIPPluginJar : add stm32_wpan
2023-11-06 09:23:36,921 [INFO] IPUIPlugin:80 - create IPUIPlugin
2023-11-06 09:23:36,921 [INFO] PluginManager:220 - loadIPPluginJar : add tim
2023-11-06 09:23:36,983 [INFO] IPUIPlugin:80 - create IPUIPlugin
2023-11-06 09:23:36,983 [INFO] PluginManager:220 - loadIPPluginJar : add touchsensing
2023-11-06 09:23:37,005 [INFO] IPUIPlugin:80 - create IPUIPlugin
2023-11-06 09:23:37,005 [INFO] PluginManager:220 - loadIPPluginJar : add tracer_emb
2023-11-06 09:23:37,031 [INFO] IPUIPlugin:80 - create IPUIPlugin
2023-11-06 09:23:37,031 [INFO] PluginManager:220 - loadIPPluginJar : add ts
2023-11-06 09:23:37,053 [INFO] IPUIPlugin:80 - create IPUIPlugin
2023-11-06 09:23:37,053 [INFO] PluginManager:220 - loadIPPluginJar : add tsc
2023-11-06 09:23:37,079 [INFO] IPUIPlugin:80 - create IPUIPlugin
2023-11-06 09:23:37,079 [INFO] PluginManager:220 - loadIPPluginJar : add ucpd
2023-11-06 09:23:37,130 [INFO] IPUIPlugin:80 - create IPUIPlugin
2023-11-06 09:23:37,130 [INFO] PluginManager:220 - loadIPPluginJar : add usart
2023-11-06 09:23:37,174 [INFO] IPUIPlugin:80 - create IPUIPlugin
2023-11-06 09:23:37,174 [INFO] PluginManager:220 - loadIPPluginJar : add usbx
2023-11-06 09:23:37,312 [INFO] CADModel:165 - CPN selected for project level
2023-11-06 09:23:37,312 [INFO] CADModel:114 - Register for checkConnection events
2023-11-06 09:23:37,312 [FATAL] Updater:308 - Updater called before beeing initialized
2023-11-06 09:23:37,312 [ERROR] CADModel:125 - Updater not yet initialized, retry later 
2023-11-06 09:23:37,494 [INFO] CADModel:165 - CPN selected for project level
2023-11-06 09:23:37,494 [INFO] CADModel:114 - Register for checkConnection events
2023-11-06 09:23:37,494 [FATAL] Updater:308 - Updater called before beeing initialized
2023-11-06 09:23:37,494 [ERROR] CADModel:125 - Updater not yet initialized, retry later 
2023-11-06 09:23:37,500 [FATAL] Updater:308 - Updater called before beeing initialized
2023-11-06 09:23:37,632 [FATAL] Updater:308 - Updater called before beeing initialized
2023-11-06 09:23:37,643 [INFO] DbMcusAds:53 - JSON generation date=Tue Mar 07 15:50:55 ICT 2023 (1678179055335)
2023-11-06 09:23:37,644 [FATAL] Updater:308 - Updater called before beeing initialized
2023-11-06 09:23:37,689 [WARN] DetailPanel:346 - Failed to get advertising image, set to default
2023-11-06 09:23:37,740 [INFO] ThirdPartyUpdaterWithRetryManager:70 - Updater plugin not ready yet. [2/15]
2023-11-06 09:23:37,772 [FATAL] Updater:308 - Updater called before beeing initialized
2023-11-06 09:23:37,774 [FATAL] Updater:308 - Updater called before beeing initialized
2023-11-06 09:23:37,774 [FATAL] Updater:308 - Updater called before beeing initialized
2023-11-06 09:23:37,774 [WARN] DetailPanel:346 - Failed to get advertising image, set to default
2023-11-06 09:23:37,775 [FATAL] Updater:308 - Updater called before beeing initialized
2023-11-06 09:23:37,851 [ERROR] Updater:1120 - MainUpdater not yet initialized. External WinMGr cannot be set.
2023-11-06 09:23:37,861 [INFO] Updater:1056 - Updater Version found : 6.9.2
2023-11-06 09:23:37,880 [INFO] ApplicationProperties:184 - Using Application install path: C:\ST\STM32CubeIDE_1.12.0\STM32CubeIDE\plugins\com.st.stm32cube.common.mx_6.9.2.202309101412
2023-11-06 09:23:38,960 [INFO] McuFinderGlobals:63 - Set McuFinder mode to 2 (CubeIDE integrated)
2023-11-06 09:23:39,697 [INFO] MainUpdater:2868 - connection check result : 10
2023-11-06 09:23:39,699 [INFO] MainUpdater:285 - Updater Check For Update Now.
2023-11-06 09:23:39,712 [INFO] MicroXplorer:498 - Change Database Version : DB.6.0.92
2023-11-06 09:23:39,771 [INFO] McuFinderGlobals:63 - Set McuFinder mode to 2 (CubeIDE integrated)
2023-11-06 09:23:39,771 [INFO] UserAuth:179 - activating auth plugin
2023-11-06 09:23:39,775 [INFO] UserAuth:393 - Internet connection configuration mode: 1
2023-11-06 09:23:39,862 [INFO] JxBrowserEngine:151 - Initiate JxBrowser Engine with user profile folder
2023-11-06 09:23:40,074 [INFO] CheckServerUpdateThread:120 - End of CheckServer Thread
2023-11-06 09:23:40,125 [INFO] MainUpdater:2868 - connection check result : 10
2023-11-06 09:23:40,151 [INFO] McuFinderGlobals:76 - Set McuFinderConnectedMode to true
2023-11-06 09:23:40,420 [INFO] ServerAccessManage:473 - Download File mcusAds.json._tmp_
2023-11-06 09:23:40,534 [INFO] LoadUrlFilesThread:156 - End of LoadUrlFiles Thread
2023-11-06 09:23:40,741 [WARN] MainUpdater:1189 - Updater busy. Cannot search thirdparties
2023-11-06 09:23:40,741 [INFO] ThirdPartyUpdaterWithRetryManager:96 - Updater plugin is busy. [1/15]
2023-11-06 09:23:42,525 [INFO] ServerAccessManage:473 - Download File cube-finder-db.zip
2023-11-06 09:23:42,689 [INFO] WebApp:157 - Instantiating new browser for Auth
2023-11-06 09:23:43,564 [INFO] FileExtend:240 - Unzip File : cube-finder-db.zip
2023-11-06 09:23:43,565 [INFO] FileExtend:255 - Standard Zip Deflate
2023-11-06 09:23:43,743 [WARN] MainUpdater:1189 - Updater busy. Cannot search thirdparties
2023-11-06 09:23:43,743 [INFO] ThirdPartyUpdaterWithRetryManager:96 - Updater plugin is busy. [2/15]
2023-11-06 09:23:44,180 [INFO] WebApp:753 - Register for checkConnection events
2023-11-06 09:23:44,180 [INFO] WebApp:390 - Apply proxy settings
2023-11-06 09:23:44,181 [INFO] WebApp:475 - Chromium requires no authentication
2023-11-06 09:23:44,217 [INFO] WebApp:418 - Direct internet connection detected
2023-11-06 09:23:44,510 [INFO] LoadUrlFilesThread:156 - End of LoadUrlFiles Thread
2023-11-06 09:23:44,526 [INFO] WebApp:188 - Starting web application
2023-11-06 09:23:44,527 [INFO] WebApp:520 - Web application path used C:\ST\STM32CubeIDE_1.12.0\STM32CubeIDE\plugins\com.st.stm32cube.common.mx_6.9.2.202309101412\db\plugins\mcufinder\reactClient1\index.html
2023-11-06 09:23:45,675 [INFO] ServerAccessManage:473 - Download File crdb.zip
2023-11-06 09:23:46,594 [ERROR] LogOutputStream:75 - [STDERR_REDIRECT] SLF4J: Failed to load class "org.slf4j.impl.StaticLoggerBinder".
2023-11-06 09:23:46,594 [ERROR] LogOutputStream:75 - [STDERR_REDIRECT] SLF4J: Defaulting to no-operation (NOP) logger implementation
2023-11-06 09:23:46,595 [ERROR] LogOutputStream:75 - [STDERR_REDIRECT] SLF4J: See http://www.slf4j.org/codes.html#StaticLoggerBinder for further details.
2023-11-06 09:23:46,746 [WARN] MainUpdater:1189 - Updater busy. Cannot search thirdparties
2023-11-06 09:23:46,746 [INFO] ThirdPartyUpdaterWithRetryManager:96 - Updater plugin is busy. [3/15]
2023-11-06 09:23:47,520 [INFO] FileExtend:240 - Unzip File : crdb.zip
2023-11-06 09:23:47,520 [INFO] FileExtend:255 - Standard Zip Deflate
2023-11-06 09:23:47,659 [INFO] LoadUrlFilesThread:156 - End of LoadUrlFiles Thread
2023-11-06 09:23:49,524 [INFO] ServerAccessManage:473 - Download File tutoVideoDB.zip
2023-11-06 09:23:49,532 [INFO] FileExtend:240 - Unzip File : tutoVideoDB.zip
2023-11-06 09:23:49,533 [INFO] FileExtend:255 - Standard Zip Deflate
2023-11-06 09:23:49,652 [INFO] LoadUrlFilesThread:156 - End of LoadUrlFiles Thread
2023-11-06 09:23:49,654 [WARN] DbFile:41 - Overriding database path with different value: C:\Users\user\.stmcufinder\plugins\mcufinder/ => C:\Users\user\.stmcufinder\plugins\mcufinder
2023-11-06 09:23:49,746 [WARN] MainUpdater:1189 - Updater busy. Cannot search thirdparties
2023-11-06 09:23:49,746 [INFO] ThirdPartyUpdaterWithRetryManager:96 - Updater plugin is busy. [4/15]
2023-11-06 09:23:50,645 [INFO] ServerAccessManage:473 - Download File api_config.json
2023-11-06 09:23:50,756 [INFO] LoadUrlFilesThread:156 - End of LoadUrlFiles Thread
2023-11-06 09:23:50,757 [INFO] DbMcusAds:53 - JSON generation date=Tue Mar 07 15:50:55 ICT 2023 (1678179055335)
2023-11-06 09:23:50,782 [INFO] LoadUrlFilesThread:185 - End of LoadServerUrlFiles without Thread
2023-11-06 09:23:50,783 [INFO] TargetSelectorAdapter:259 - Refresh data is successful
2023-11-06 09:23:50,921 [INFO] ApiDb:581 - Connected to CubeFinder SQLite database (C:\Users\user\.stmcufinder\plugins\mcufinder\mcu\cube-finder-db.db)
2023-11-06 09:23:50,988 [INFO] ApiDb:668 - CubeFinder database Data Model version=2.1
2023-11-06 09:23:50,988 [INFO] ApiDb:669 - CubeFinder database Configuration version=3.0.37
2023-11-06 09:23:50,988 [INFO] ApiDb:670 - CubeFinder database generation date=2023-10-13 (1697197505)
2023-11-06 09:23:50,989 [INFO] ApiDb:671 - CubeFinder database FW Pack versions=[FP-ATR-ASTRA1_V2.0.0, FP-SNS-FLIGHT1_V5.0.1, FP-SNS-FLIGHT1_V5.0.2, FP-SNS-MOTENV1_V4.3.1, FP-SNS-MOTENV1_V4.3.2, FP-SNS-SMARTAG2_V1.2.0, I-CUBE-ITTIADB_V8.6.3-1, STM32Cube_FW_C0_V1.1.0, STM32Cube_FW_F4_V1.27.1, STM32Cube_FW_F7_V1.17.0, STM32Cube_FW_G0_V1.6.1, STM32Cube_FW_G4_V1.5.1, STM32Cube_FW_H5_V0.5.1, STM32Cube_FW_H5_V1.1.1, STM32Cube_FW_H7_V1.11.0, STM32Cube_FW_L0_V1.12.2, STM32Cube_FW_L5_V1.5.0, STM32Cube_FW_U5_V1.3.0, STM32Cube_FW_U5_V1.3.0RC4, STM32Cube_FW_WBA_V1.0.0RC1, STM32Cube_FW_WBA_V1.1.0RC1, STM32Cube_FW_WBA_V1.1.1, STM32Cube_FW_WB_V1.15.0RC1, STM32Cube_FW_WB_V1.16.0, STM32Cube_FW_WB_V1.16.0RC2, STM32Cube_FW_WB_V1.17.3, STM32Cube_FW_WL_V1.3.0, X-CUBE-ALGOBUILD_V1.3.0, X-CUBE-ALS_V1.0.1, X-CUBE-AZRTOS-F4_V1.1.0, X-CUBE-AZRTOS-F7_V1.1.0, X-CUBE-AZRTOS-G0_V1.1.0, X-CUBE-AZRTOS-G4_V2.0.0, X-CUBE-AZRTOS-H7_V3.1.0, X-CUBE-AZRTOS-L4_V1.0.0, X-CUBE-AZRTOS-L4_V2.0.0, X-CUBE-AZRTOS-L5_V1.1.0, X-CUBE-AZRTOS-WB_V2.0.0, X-CUBE-AZRTOS-WL_V2.0.0, X-CUBE-BLE1_V7.0.0, X-CUBE-BLE2_V3.3.0, X-CUBE-BLEMGR_V2.0.0, X-CUBE-EEPRMA1_V4.1.0, X-CUBE-FREERTOS_V1.1.0, X-CUBE-GNSS1_V6.0.0, X-CUBE-MEMS1_V10.0.0, X-CUBE-MEMS1_V9.1.0, X-CUBE-MEMS1_V9.4.0, X-CUBE-MEMS1_V9.6.0, X-CUBE-NFC4_V3.0.0, X-CUBE-NFC7_V1.0.1, X-CUBE-SFXS2LP1_V4.0.0, X-CUBE-SUBG2_V5.0.0, X-CUBE-TOF1_V3.3.1]
2023-11-06 09:23:53,130 [INFO] ApiDb:240 - Found 323 in-development CPN: [B-G473E-ZEST1S, B-WB1M-WPAN1, B-WL5M-SUBG1, NUCLEO-C031C6, NUCLEO-H503RB, NUCLEO-H563ZI, NUCLEO-U545RE-Q, NUCLEO-U5A5ZJ-Q, NUCLEO-WBA52CG, STEVAL-PROTEUS1, STEVAL-SMARTAG2, STEVAL-STWINBX1, STM320518-EVAL, STM32C0116-DK, STM32C011D6Y3TR, STM32C011D6Y6TR, STM32C011F4P3, STM32C011F4P6, STM32C011F4U3, STM32C011F4U6TR, STM32C011F6P3, STM32C011F6P6, STM32C011F6U3, STM32C011F6U6TR, STM32C011J4M3, STM32C011J4M6, STM32C011J6M3, STM32C011J6M6, STM32C0316-DK, STM32C031C4T3, STM32C031C4T6, STM32C031C4U3, STM32C031C4U6, STM32C031C6T3, STM32C031C6T6, STM32C031C6U3, STM32C031C6U6, STM32C031F4P3, STM32C031F4P6, STM32C031F6P3, STM32C031F6P6, STM32C031G4U3, STM32C031G4U6, STM32C031G6U3, STM32C031G6U6, STM32C031K4T3, STM32C031K4T6, STM32C031K4U3, STM32C031K4U6, STM32C031K6T3, STM32C031K6T6, STM32C031K6U3, STM32C031K6U6, STM32G071K8TXN, STM32G071K8UXN, STM32G081GBU6N, STM32G081KBT6N, STM32G081KBUXN, STM32G0B1CCT6N, STM32G0B1KCT6, STM32G0B1NEY6TR, STM32G0B1RCT6N, STM32G0C1CCT6, STM32G0C1CCT6N, STM32G0C1CCU6N, STM32G0C1CET6N, STM32G0C1CEU6N, STM32G0C1KCT6, STM32G0C1NEY6TR, STM32G0C1RCI6N, STM32G0C1RCT6N, STM32G0C1REI6N, STM32G0C1RET6N, STM32G0C1VCI6, STM32G0C1VEI6, STM32G471CCT6, STM32G471CCU6, STM32G471CET3, STM32G471CET6, STM32G471CEU3, STM32G471CEU6, STM32G471MCT6, STM32G471MET3, STM32G471MET6, STM32G471MEY6TR, STM32G471QCT6, STM32G471QET3, STM32G471RCT6, STM32G471RET3, STM32G471RET6, STM32G471VCH6, STM32G471VCI6, STM32G471VCT6, STM32G471VEH3, STM32G471VEH6, STM32G471VEI3, STM32G471VEI6, STM32G471VET3, STM32G471VET6, STM32G474CCT6, STM32H503CBT6, STM32H503CBU6, STM32H503EBY6TR, STM32H503KBU6, STM32H503RBT6, STM32H562AGI6, STM32H562AII6, STM32H562IGK6, STM32H562IGT6, STM32H562IIK6, STM32H562IIT6, STM32H562RGT6, STM32H562RGV6, STM32H562RIT6, STM32H562RIV6, STM32H562VGT6, STM32H562VIT6, STM32H562ZGT6, STM32H562ZIT6, STM32H563AGI6, STM32H563AII3Q, STM32H563AII6, STM32H563IGK6, STM32H563IGT6, STM32H563IIK3Q, STM32H563IIK6, STM32H563IIT3Q, STM32H563IIT6, STM32H563MIY3QTR, STM32H563RGT6, STM32H563RGV6, STM32H563RIT6, STM32H563RIV6, STM32H563VGT6, STM32H563VIT3Q, STM32H563VIT6, STM32H563ZGT6, STM32H563ZIT3Q, STM32H563ZIT6, STM32H573AII3Q, STM32H573AII6, STM32H573I-DK, STM32H573IIK3Q, STM32H573IIK6, STM32H573IIT3Q, STM32H573IIT6, STM32H573MIY3QTR, STM32H573RIT6, STM32H573RIV6, STM32H573VIT3Q, STM32H573VIT6, STM32H573ZIT3Q, STM32H573ZIT6, STM32L4R5QGI6STR, STM32MP131AAE3, STM32MP131AAF3, STM32MP131AAG3, STM32MP131CAE3, STM32MP131CAF3, STM32MP131CAG3, STM32MP131DAE7, STM32MP131DAF7, STM32MP131DAG7, STM32MP131FAE7, STM32MP131FAF7, STM32MP131FAG7, STM32MP133AAE3, STM32MP133AAF3, STM32MP133AAG3, STM32MP133CAE3, STM32MP133CAF3, STM32MP133CAG3, STM32MP133DAE7, STM32MP133DAF7, STM32MP133DAG7, STM32MP133FAE7, STM32MP133FAF7, STM32MP133FAG7, STM32MP135AAE3, STM32MP135AAF3, STM32MP135AAG3, STM32MP135CAE3, STM32MP135CAF3, STM32MP135CAG3, STM32MP135DAE7, STM32MP135DAF7, STM32MP135DAG7, STM32MP135F-DK, STM32MP135FAE7, STM32MP135FAF7, STM32MP135FAF7T, STM32MP135FAF7U, STM32MP135FAG7, STM32U535CBT6, STM32U535CBT6Q, STM32U535CBU6, STM32U535CBU6Q, STM32U535CCT6, STM32U535CCT6Q, STM32U535CCU6, STM32U535CCU6Q, STM32U535CET6, STM32U535CET6Q, STM32U535CEU6, STM32U535CEU6Q, STM32U535JEY6QTR, STM32U535NCY6QTR, STM32U535NEY6QTR, STM32U535RBI6, STM32U535RBI6Q, STM32U535RBT6, STM32U535RBT6Q, STM32U535RCI6, STM32U535RCI6Q, STM32U535RCT6, STM32U535RCT6Q, STM32U535REI6, STM32U535REI6Q, STM32U535RET6, STM32U535RET6Q, STM32U535VCI6, STM32U535VCI6Q, STM32U535VCT6, STM32U535VCT6Q, STM32U535VEI6, STM32U535VEI6Q, STM32U535VET6, STM32U535VET6Q, STM32U545CET6, STM32U545CET6Q, STM32U545CEU6, STM32U545CEU6Q, STM32U545JEY6QTR, STM32U545NEY6QTR, STM32U545REI6, STM32U545REI6Q, STM32U545RET6, STM32U545RET6Q, STM32U545VEI6, STM32U545VEI6Q, STM32U545VET6, STM32U545VET6Q, STM32U595AIH6, STM32U595AIH6Q, STM32U595AJH6, STM32U595AJH6Q, STM32U595QII6, STM32U595QII6Q, STM32U595QJI6, STM32U595QJI6Q, STM32U595RIT6, STM32U595RIT6Q, STM32U595RJT6, STM32U595RJT6Q, STM32U595VIT6, STM32U595VIT6Q, STM32U595VJT6, STM32U595VJT6Q, STM32U595ZIT6, STM32U595ZIT6Q, STM32U595ZIY6QTR, STM32U595ZJT6, STM32U595ZJT6Q, STM32U595ZJY6QTR, STM32U599BJY6QTR, STM32U599NIH6Q, STM32U599NJH6Q, STM32U599VIT6Q, STM32U599VJT6, STM32U599VJT6Q, STM32U599ZIT6Q, STM32U599ZIY6QTR, STM32U599ZJT6Q, STM32U599ZJY6QTR, STM32U5A5AJH6, STM32U5A5AJH6Q, STM32U5A5QJI6, STM32U5A5QJI6Q, STM32U5A5RJT6, STM32U5A5RJT6Q, STM32U5A5VJT6, STM32U5A5VJT6Q, STM32U5A5ZJT6, STM32U5A5ZJT6Q, STM32U5A5ZJY6QTR, STM32U5A9BJY6QTR, STM32U5A9J-DK, STM32U5A9NJH6Q, STM32U5A9VJT6Q, STM32U5A9ZJT6Q, STM32U5A9ZJY6QTR, STM32U5F7VIT6, STM32U5F7VIT6Q, STM32U5F7VJT6, STM32U5F7VJT6Q, STM32U5F9BJY6QTR, STM32U5F9NJH6Q, STM32U5F9VIT6Q, STM32U5F9VJT6Q, STM32U5F9ZIJ6QTR, STM32U5F9ZIT6Q, STM32U5F9ZJJ6QTR, STM32U5F9ZJT6Q, STM32U5G7VJT6, STM32U5G7VJT6Q, STM32U5G9BJY6QTR, STM32U5G9J-DK1, STM32U5G9J-DK2, STM32U5G9NJH6Q, STM32U5G9VJT6Q, STM32U5G9ZJJ6QTR, STM32U5G9ZJT6Q, STM32WB1MMCH6, STM32WBA52CEU6, STM32WBA52CEU6T, STM32WBA52CGU6, STM32WBA52CGU6T, STM32WBA52KEU6, STM32WBA52KEU6T, STM32WBA52KGU6, STM32WBA52KGU6T, STM32WL5MOCH6, STM32WL5MOCH6TR]
2023-11-06 09:23:53,135 [WARN] PackLoader:240 - Cannot read IP mode file for STMicroelectronics.X-CUBE-SMBUS.2.1.0
2023-11-06 09:23:53,137 [INFO] DbMcus:217 - Found 3848 MCUs, 3848 are supported
2023-11-06 09:23:53,149 [INFO] ApiDb:423 - Load user favorites file C:\Users\user/.stm32cubeide/favorites.mcus.txt: 2 item(s)
2023-11-06 09:23:53,150 [INFO] ApiDb:427 - User favorites MCUs=[STM32F103C8T6, STM32H750VBT6]
2023-11-06 09:23:53,150 [INFO] DbMcus:223 - Set 2 / 2 favorites MCUs
2023-11-06 09:23:53,197 [WARN] PackLoader:240 - Cannot read IP mode file for STMicroelectronics.X-CUBE-AZRTOS-F7.1.1.0
2023-11-06 09:23:53,229 [WARN] PackLoader:240 - Cannot read IP mode file for STMicroelectronics.FP-SNS-MOTENV1.4.3.2
2023-11-06 09:23:53,253 [WARN] PackLoader:240 - Cannot read IP mode file for STMicroelectronics.X-CUBE-BLE1.6.2.4
2023-11-06 09:23:53,268 [WARN] PackLoader:240 - Cannot read IP mode file for STMicroelectronics.FP-SNS-FLIGHT1.5.0.2
2023-11-06 09:23:53,292 [WARN] PackLoader:240 - Cannot read IP mode file for STMicroelectronics.X-CUBE-DISPLAY.3.0.0
2023-11-06 09:23:53,321 [WARN] PackLoader:240 - Cannot read IP mode file for STMicroelectronics.X-CUBE-BLE1.7.0.0
2023-11-06 09:23:53,358 [WARN] PackLoader:240 - Cannot read IP mode file for emotas.I-CUBE-CANOPEN.1.3.0
2023-11-06 09:23:53,527 [WARN] PackLoader:240 - Cannot read IP mode file for STMicroelectronics.X-CUBE-TOUCHGFX.4.22.0
2023-11-06 09:23:53,633 [WARN] PackLoader:240 - Cannot read IP mode file for STMicroelectronics.X-CUBE-TOUCHGFX.4.22.1
2023-11-06 09:23:53,651 [INFO] ApiDb:668 - CubeFinder database Data Model version=2.1
2023-11-06 09:23:53,651 [INFO] ApiDb:669 - CubeFinder database Configuration version=3.0.37
2023-11-06 09:23:53,651 [INFO] ApiDb:670 - CubeFinder database generation date=2023-10-13 (1697197505)
2023-11-06 09:23:53,651 [INFO] ApiDb:671 - CubeFinder database FW Pack versions=[FP-ATR-ASTRA1_V2.0.0, FP-SNS-FLIGHT1_V5.0.1, FP-SNS-FLIGHT1_V5.0.2, FP-SNS-MOTENV1_V4.3.1, FP-SNS-MOTENV1_V4.3.2, FP-SNS-SMARTAG2_V1.2.0, I-CUBE-ITTIADB_V8.6.3-1, STM32Cube_FW_C0_V1.1.0, STM32Cube_FW_F4_V1.27.1, STM32Cube_FW_F7_V1.17.0, STM32Cube_FW_G0_V1.6.1, STM32Cube_FW_G4_V1.5.1, STM32Cube_FW_H5_V0.5.1, STM32Cube_FW_H5_V1.1.1, STM32Cube_FW_H7_V1.11.0, STM32Cube_FW_L0_V1.12.2, STM32Cube_FW_L5_V1.5.0, STM32Cube_FW_U5_V1.3.0, STM32Cube_FW_U5_V1.3.0RC4, STM32Cube_FW_WBA_V1.0.0RC1, STM32Cube_FW_WBA_V1.1.0RC1, STM32Cube_FW_WBA_V1.1.1, STM32Cube_FW_WB_V1.15.0RC1, STM32Cube_FW_WB_V1.16.0, STM32Cube_FW_WB_V1.16.0RC2, STM32Cube_FW_WB_V1.17.3, STM32Cube_FW_WL_V1.3.0, X-CUBE-ALGOBUILD_V1.3.0, X-CUBE-ALS_V1.0.1, X-CUBE-AZRTOS-F4_V1.1.0, X-CUBE-AZRTOS-F7_V1.1.0, X-CUBE-AZRTOS-G0_V1.1.0, X-CUBE-AZRTOS-G4_V2.0.0, X-CUBE-AZRTOS-H7_V3.1.0, X-CUBE-AZRTOS-L4_V1.0.0, X-CUBE-AZRTOS-L4_V2.0.0, X-CUBE-AZRTOS-L5_V1.1.0, X-CUBE-AZRTOS-WB_V2.0.0, X-CUBE-AZRTOS-WL_V2.0.0, X-CUBE-BLE1_V7.0.0, X-CUBE-BLE2_V3.3.0, X-CUBE-BLEMGR_V2.0.0, X-CUBE-EEPRMA1_V4.1.0, X-CUBE-FREERTOS_V1.1.0, X-CUBE-GNSS1_V6.0.0, X-CUBE-MEMS1_V10.0.0, X-CUBE-MEMS1_V9.1.0, X-CUBE-MEMS1_V9.4.0, X-CUBE-MEMS1_V9.6.0, X-CUBE-NFC4_V3.0.0, X-CUBE-NFC7_V1.0.1, X-CUBE-SFXS2LP1_V4.0.0, X-CUBE-SUBG2_V5.0.0, X-CUBE-TOF1_V3.3.1]
2023-11-06 09:23:53,728 [WARN] PackLoader:240 - Cannot read IP mode file for STMicroelectronics.FP-SNS-SMARTAG2.1.2.0
2023-11-06 09:23:53,737 [INFO] DbBoardsSqlite:226 - include board P-NUCLEO-WB55-NUCLEO as a kit item of type 'Nucleo-64'
2023-11-06 09:23:53,737 [INFO] DbBoardsSqlite:226 - include board P-NUCLEO-WB55-USBDONGLE as a kit item of type 'Nucleo USB Dongle'
2023-11-06 09:23:53,739 [INFO] DbBoardsSqlite:226 - include board STEVAL-IDP005V1 as a kit item of type 'Evaluation Board'
2023-11-06 09:23:53,739 [INFO] DbBoardsSqlite:226 - include board STEVAL-IDP005V2 as a kit item of type 'Evaluation Board'
2023-11-06 09:23:53,766 [INFO] LogOutputStream:77 - [STDOUT_REDIRECT] 1 : Invalid condition id : UX_CORESTACK_Condition cause : null
2023-11-06 09:23:53,768 [INFO] LogOutputStream:77 - [STDOUT_REDIRECT] 1 : Invalid condition id : UX_CORESTACK_Condition cause : null
2023-11-06 09:23:53,769 [INFO] LogOutputStream:77 - [STDOUT_REDIRECT] 1 : Invalid condition id : UX_CORESTACK_Condition cause : null
2023-11-06 09:23:53,771 [INFO] LogOutputStream:77 - [STDOUT_REDIRECT] 1 : Invalid condition id : UX_CORESTACK_Condition cause : null
2023-11-06 09:23:53,772 [INFO] LogOutputStream:77 - [STDOUT_REDIRECT] 1 : Invalid condition id : UX_CORESTACK_Condition cause : null
2023-11-06 09:23:53,774 [WARN] PackLoader:240 - Cannot read IP mode file for STMicroelectronics.X-CUBE-AZRTOS-WL.2.0.0
2023-11-06 09:23:53,795 [WARN] PackLoader:240 - Cannot read IP mode file for WES.I-CUBE-Cesium.1.3.0
2023-11-06 09:23:53,798 [INFO] ApiDb:240 - Found 323 in-development CPN: [B-G473E-ZEST1S, B-WB1M-WPAN1, B-WL5M-SUBG1, NUCLEO-C031C6, NUCLEO-H503RB, NUCLEO-H563ZI, NUCLEO-U545RE-Q, NUCLEO-U5A5ZJ-Q, NUCLEO-WBA52CG, STEVAL-PROTEUS1, STEVAL-SMARTAG2, STEVAL-STWINBX1, STM320518-EVAL, STM32C0116-DK, STM32C011D6Y3TR, STM32C011D6Y6TR, STM32C011F4P3, STM32C011F4P6, STM32C011F4U3, STM32C011F4U6TR, STM32C011F6P3, STM32C011F6P6, STM32C011F6U3, STM32C011F6U6TR, STM32C011J4M3, STM32C011J4M6, STM32C011J6M3, STM32C011J6M6, STM32C0316-DK, STM32C031C4T3, STM32C031C4T6, STM32C031C4U3, STM32C031C4U6, STM32C031C6T3, STM32C031C6T6, STM32C031C6U3, STM32C031C6U6, STM32C031F4P3, STM32C031F4P6, STM32C031F6P3, STM32C031F6P6, STM32C031G4U3, STM32C031G4U6, STM32C031G6U3, STM32C031G6U6, STM32C031K4T3, STM32C031K4T6, STM32C031K4U3, STM32C031K4U6, STM32C031K6T3, STM32C031K6T6, STM32C031K6U3, STM32C031K6U6, STM32G071K8TXN, STM32G071K8UXN, STM32G081GBU6N, STM32G081KBT6N, STM32G081KBUXN, STM32G0B1CCT6N, STM32G0B1KCT6, STM32G0B1NEY6TR, STM32G0B1RCT6N, STM32G0C1CCT6, STM32G0C1CCT6N, STM32G0C1CCU6N, STM32G0C1CET6N, STM32G0C1CEU6N, STM32G0C1KCT6, STM32G0C1NEY6TR, STM32G0C1RCI6N, STM32G0C1RCT6N, STM32G0C1REI6N, STM32G0C1RET6N, STM32G0C1VCI6, STM32G0C1VEI6, STM32G471CCT6, STM32G471CCU6, STM32G471CET3, STM32G471CET6, STM32G471CEU3, STM32G471CEU6, STM32G471MCT6, STM32G471MET3, STM32G471MET6, STM32G471MEY6TR, STM32G471QCT6, STM32G471QET3, STM32G471RCT6, STM32G471RET3, STM32G471RET6, STM32G471VCH6, STM32G471VCI6, STM32G471VCT6, STM32G471VEH3, STM32G471VEH6, STM32G471VEI3, STM32G471VEI6, STM32G471VET3, STM32G471VET6, STM32G474CCT6, STM32H503CBT6, STM32H503CBU6, STM32H503EBY6TR, STM32H503KBU6, STM32H503RBT6, STM32H562AGI6, STM32H562AII6, STM32H562IGK6, STM32H562IGT6, STM32H562IIK6, STM32H562IIT6, STM32H562RGT6, STM32H562RGV6, STM32H562RIT6, STM32H562RIV6, STM32H562VGT6, STM32H562VIT6, STM32H562ZGT6, STM32H562ZIT6, STM32H563AGI6, STM32H563AII3Q, STM32H563AII6, STM32H563IGK6, STM32H563IGT6, STM32H563IIK3Q, STM32H563IIK6, STM32H563IIT3Q, STM32H563IIT6, STM32H563MIY3QTR, STM32H563RGT6, STM32H563RGV6, STM32H563RIT6, STM32H563RIV6, STM32H563VGT6, STM32H563VIT3Q, STM32H563VIT6, STM32H563ZGT6, STM32H563ZIT3Q, STM32H563ZIT6, STM32H573AII3Q, STM32H573AII6, STM32H573I-DK, STM32H573IIK3Q, STM32H573IIK6, STM32H573IIT3Q, STM32H573IIT6, STM32H573MIY3QTR, STM32H573RIT6, STM32H573RIV6, STM32H573VIT3Q, STM32H573VIT6, STM32H573ZIT3Q, STM32H573ZIT6, STM32L4R5QGI6STR, STM32MP131AAE3, STM32MP131AAF3, STM32MP131AAG3, STM32MP131CAE3, STM32MP131CAF3, STM32MP131CAG3, STM32MP131DAE7, STM32MP131DAF7, STM32MP131DAG7, STM32MP131FAE7, STM32MP131FAF7, STM32MP131FAG7, STM32MP133AAE3, STM32MP133AAF3, STM32MP133AAG3, STM32MP133CAE3, STM32MP133CAF3, STM32MP133CAG3, STM32MP133DAE7, STM32MP133DAF7, STM32MP133DAG7, STM32MP133FAE7, STM32MP133FAF7, STM32MP133FAG7, STM32MP135AAE3, STM32MP135AAF3, STM32MP135AAG3, STM32MP135CAE3, STM32MP135CAF3, STM32MP135CAG3, STM32MP135DAE7, STM32MP135DAF7, STM32MP135DAG7, STM32MP135F-DK, STM32MP135FAE7, STM32MP135FAF7, STM32MP135FAF7T, STM32MP135FAF7U, STM32MP135FAG7, STM32U535CBT6, STM32U535CBT6Q, STM32U535CBU6, STM32U535CBU6Q, STM32U535CCT6, STM32U535CCT6Q, STM32U535CCU6, STM32U535CCU6Q, STM32U535CET6, STM32U535CET6Q, STM32U535CEU6, STM32U535CEU6Q, STM32U535JEY6QTR, STM32U535NCY6QTR, STM32U535NEY6QTR, STM32U535RBI6, STM32U535RBI6Q, STM32U535RBT6, STM32U535RBT6Q, STM32U535RCI6, STM32U535RCI6Q, STM32U535RCT6, STM32U535RCT6Q, STM32U535REI6, STM32U535REI6Q, STM32U535RET6, STM32U535RET6Q, STM32U535VCI6, STM32U535VCI6Q, STM32U535VCT6, STM32U535VCT6Q, STM32U535VEI6, STM32U535VEI6Q, STM32U535VET6, STM32U535VET6Q, STM32U545CET6, STM32U545CET6Q, STM32U545CEU6, STM32U545CEU6Q, STM32U545JEY6QTR, STM32U545NEY6QTR, STM32U545REI6, STM32U545REI6Q, STM32U545RET6, STM32U545RET6Q, STM32U545VEI6, STM32U545VEI6Q, STM32U545VET6, STM32U545VET6Q, STM32U595AIH6, STM32U595AIH6Q, STM32U595AJH6, STM32U595AJH6Q, STM32U595QII6, STM32U595QII6Q, STM32U595QJI6, STM32U595QJI6Q, STM32U595RIT6, STM32U595RIT6Q, STM32U595RJT6, STM32U595RJT6Q, STM32U595VIT6, STM32U595VIT6Q, STM32U595VJT6, STM32U595VJT6Q, STM32U595ZIT6, STM32U595ZIT6Q, STM32U595ZIY6QTR, STM32U595ZJT6, STM32U595ZJT6Q, STM32U595ZJY6QTR, STM32U599BJY6QTR, STM32U599NIH6Q, STM32U599NJH6Q, STM32U599VIT6Q, STM32U599VJT6, STM32U599VJT6Q, STM32U599ZIT6Q, STM32U599ZIY6QTR, STM32U599ZJT6Q, STM32U599ZJY6QTR, STM32U5A5AJH6, STM32U5A5AJH6Q, STM32U5A5QJI6, STM32U5A5QJI6Q, STM32U5A5RJT6, STM32U5A5RJT6Q, STM32U5A5VJT6, STM32U5A5VJT6Q, STM32U5A5ZJT6, STM32U5A5ZJT6Q, STM32U5A5ZJY6QTR, STM32U5A9BJY6QTR, STM32U5A9J-DK, STM32U5A9NJH6Q, STM32U5A9VJT6Q, STM32U5A9ZJT6Q, STM32U5A9ZJY6QTR, STM32U5F7VIT6, STM32U5F7VIT6Q, STM32U5F7VJT6, STM32U5F7VJT6Q, STM32U5F9BJY6QTR, STM32U5F9NJH6Q, STM32U5F9VIT6Q, STM32U5F9VJT6Q, STM32U5F9ZIJ6QTR, STM32U5F9ZIT6Q, STM32U5F9ZJJ6QTR, STM32U5F9ZJT6Q, STM32U5G7VJT6, STM32U5G7VJT6Q, STM32U5G9BJY6QTR, STM32U5G9J-DK1, STM32U5G9J-DK2, STM32U5G9NJH6Q, STM32U5G9VJT6Q, STM32U5G9ZJJ6QTR, STM32U5G9ZJT6Q, STM32WB1MMCH6, STM32WBA52CEU6, STM32WBA52CEU6T, STM32WBA52CGU6, STM32WBA52CGU6T, STM32WBA52KEU6, STM32WBA52KEU6T, STM32WBA52KGU6, STM32WBA52KGU6T, STM32WL5MOCH6, STM32WL5MOCH6TR]
2023-11-06 09:23:53,811 [WARN] PackLoader:240 - Cannot read IP mode file for STMicroelectronics.X-CUBE-BLE2.3.3.0
2023-11-06 09:23:53,864 [WARN] PackLoader:240 - Cannot read IP mode file for STMicroelectronics.X-CUBE-TOUCHGFX.4.18.0
2023-11-06 09:23:53,954 [WARN] PackLoader:240 - Cannot read IP mode file for STMicroelectronics.X-CUBE-TOUCHGFX.4.21.1
2023-11-06 09:23:53,967 [INFO] BoardInfo:880 - No configuration file found for board P-NUCLEO-WB55
2023-11-06 09:23:53,967 [INFO] DbBoards:157 - Kit is not supported: P-NUCLEO-WB55
2023-11-06 09:23:53,975 [INFO] BoardInfo:880 - No configuration file found for board STEVAL-BFA001V1B
2023-11-06 09:23:53,975 [INFO] DbBoards:157 - Kit is not supported: STEVAL-BFA001V1B
2023-11-06 09:23:53,977 [INFO] BoardInfo:880 - No configuration file found for board STEVAL-BFA001V2B
2023-11-06 09:23:53,977 [INFO] DbBoards:157 - Kit is not supported: STEVAL-BFA001V2B
2023-11-06 09:23:54,040 [WARN] PackLoader:240 - Cannot read IP mode file for STMicroelectronics.X-CUBE-TOUCHGFX.4.21.0
2023-11-06 09:23:54,124 [WARN] PackLoader:240 - Cannot read IP mode file for STMicroelectronics.X-CUBE-TOUCHGFX.4.21.4
2023-11-06 09:23:54,155 [INFO] DbBoards:161 - Found 190 boards, 187 are supported
2023-11-06 09:23:54,173 [INFO] ApiDb:423 - Load user favorites file C:\Users\user/.stm32cubeide/favorites.boards.txt: 1 item(s)
2023-11-06 09:23:54,174 [INFO] ApiDb:427 - User favorites Boards=[STM32H750B-DK]
2023-11-06 09:23:54,174 [INFO] DbBoards:190 - Set 1 / 1 favorites Boards
2023-11-06 09:23:54,178 [INFO] ApiDb:668 - CubeFinder database Data Model version=2.1
2023-11-06 09:23:54,178 [INFO] ApiDb:669 - CubeFinder database Configuration version=3.0.37
2023-11-06 09:23:54,178 [INFO] ApiDb:670 - CubeFinder database generation date=2023-10-13 (1697197505)
2023-11-06 09:23:54,178 [INFO] ApiDb:671 - CubeFinder database FW Pack versions=[FP-ATR-ASTRA1_V2.0.0, FP-SNS-FLIGHT1_V5.0.1, FP-SNS-FLIGHT1_V5.0.2, FP-SNS-MOTENV1_V4.3.1, FP-SNS-MOTENV1_V4.3.2, FP-SNS-SMARTAG2_V1.2.0, I-CUBE-ITTIADB_V8.6.3-1, STM32Cube_FW_C0_V1.1.0, STM32Cube_FW_F4_V1.27.1, STM32Cube_FW_F7_V1.17.0, STM32Cube_FW_G0_V1.6.1, STM32Cube_FW_G4_V1.5.1, STM32Cube_FW_H5_V0.5.1, STM32Cube_FW_H5_V1.1.1, STM32Cube_FW_H7_V1.11.0, STM32Cube_FW_L0_V1.12.2, STM32Cube_FW_L5_V1.5.0, STM32Cube_FW_U5_V1.3.0, STM32Cube_FW_U5_V1.3.0RC4, STM32Cube_FW_WBA_V1.0.0RC1, STM32Cube_FW_WBA_V1.1.0RC1, STM32Cube_FW_WBA_V1.1.1, STM32Cube_FW_WB_V1.15.0RC1, STM32Cube_FW_WB_V1.16.0, STM32Cube_FW_WB_V1.16.0RC2, STM32Cube_FW_WB_V1.17.3, STM32Cube_FW_WL_V1.3.0, X-CUBE-ALGOBUILD_V1.3.0, X-CUBE-ALS_V1.0.1, X-CUBE-AZRTOS-F4_V1.1.0, X-CUBE-AZRTOS-F7_V1.1.0, X-CUBE-AZRTOS-G0_V1.1.0, X-CUBE-AZRTOS-G4_V2.0.0, X-CUBE-AZRTOS-H7_V3.1.0, X-CUBE-AZRTOS-L4_V1.0.0, X-CUBE-AZRTOS-L4_V2.0.0, X-CUBE-AZRTOS-L5_V1.1.0, X-CUBE-AZRTOS-WB_V2.0.0, X-CUBE-AZRTOS-WL_V2.0.0, X-CUBE-BLE1_V7.0.0, X-CUBE-BLE2_V3.3.0, X-CUBE-BLEMGR_V2.0.0, X-CUBE-EEPRMA1_V4.1.0, X-CUBE-FREERTOS_V1.1.0, X-CUBE-GNSS1_V6.0.0, X-CUBE-MEMS1_V10.0.0, X-CUBE-MEMS1_V9.1.0, X-CUBE-MEMS1_V9.4.0, X-CUBE-MEMS1_V9.6.0, X-CUBE-NFC4_V3.0.0, X-CUBE-NFC7_V1.0.1, X-CUBE-SFXS2LP1_V4.0.0, X-CUBE-SUBG2_V5.0.0, X-CUBE-TOF1_V3.3.1]
2023-11-06 09:23:54,227 [WARN] PackLoader:240 - Cannot read IP mode file for STMicroelectronics.X-CUBE-ALGOBUILD.1.3.0
2023-11-06 09:23:54,261 [WARN] PackLoader:240 - Cannot read IP mode file for STMicroelectronics.X-CUBE-AZRTOS-G0.1.1.0
2023-11-06 09:23:54,284 [WARN] PackLoader:240 - Cannot read IP mode file for STMicroelectronics.X-CUBE-NFC4.3.0.0
2023-11-06 09:23:54,304 [WARN] PackLoader:240 - Cannot read IP mode file for STMicroelectronics.X-CUBE-BLEMGR.3.0.0
2023-11-06 09:23:54,320 [WARN] PackLoader:240 - Cannot read IP mode file for STMicroelectronics.FP-ATR-SIGFOX1.3.2.0
2023-11-06 09:23:54,372 [WARN] PackLoader:240 - Cannot read IP mode file for SEGGER.I-CUBE-embOS.1.3.1
2023-11-06 09:23:54,440 [WARN] PackLoader:240 - Cannot read IP mode file for STMicroelectronics.X-CUBE-GNSS1.6.0.0
2023-11-06 09:23:54,479 [WARN] PackLoader:240 - Cannot read IP mode file for STMicroelectronics.X-CUBE-AZRTOS-F4.1.1.0
2023-11-06 09:23:54,502 [WARN] PackLoader:240 - Cannot read IP mode file for wolfSSL.I-CUBE-wolfSSL.5.6.3
2023-11-06 09:23:54,533 [WARN] PackLoader:240 - Cannot read IP mode file for STMicroelectronics.X-CUBE-AZRTOS-L5.2.0.0
2023-11-06 09:23:54,596 [WARN] PackLoader:240 - Cannot read IP mode file for STMicroelectronics.X-CUBE-MEMS1.9.6.0
2023-11-06 09:23:55,080 [WARN] PackLoader:240 - Cannot read IP mode file for STMicroelectronics.X-CUBE-EEPRMA1.4.2.0
2023-11-06 09:23:55,191 [WARN] PackLoader:240 - Cannot read IP mode file for ITTIA_DB.I-CUBE-ITTIADB.8.8.0
2023-11-06 09:23:55,212 [WARN] PackLoader:240 - Cannot read IP mode file for emotas.I-CUBE-CANOPEN.1.1.3
2023-11-06 09:23:55,227 [ERROR] DbExamplesSqlite:437 - Missing JSON key: board_cpn
2023-11-06 09:23:55,227 [ERROR] DbExamplesSqlite:437 - Missing JSON key: board_cpn
2023-11-06 09:23:55,229 [ERROR] DbExamplesSqlite:437 - Missing JSON key: board_cpn
2023-11-06 09:23:55,229 [ERROR] DbExamplesSqlite:437 - Missing JSON key: board_cpn
2023-11-06 09:23:55,239 [INFO] DbExamplesSqlite:395 - Ignored 27 examples not supported by CubeIDE
2023-11-06 09:23:55,240 [INFO] DbExamplesSqlite:396 - Found 7221 examples active
2023-11-06 09:23:55,240 [INFO] DbExamplesSqlite:397 - Found 777 examples obsolete
2023-11-06 09:23:55,240 [INFO] DbExamplesSqlite:398 - Found 0 examples under development
2023-11-06 09:23:55,240 [INFO] DbExamplesSqlite:399 - Found 74 examples not building
2023-11-06 09:23:55,243 [INFO] DbExamples:125 - Found 7268 examples
2023-11-06 09:23:55,257 [INFO] DbExamples:222 - Found 93 boards with related examples
2023-11-06 09:23:55,259 [INFO] DbExamples:235 - Found 79 MCUs with related examples
2023-11-06 09:23:55,279 [INFO] ApiDb:423 - Load user favorites file C:\Users\user/.stm32cubeide/favorites.examples.txt: 0 item(s)
2023-11-06 09:23:55,279 [INFO] ApiDb:427 - User favorites Examples=[]
2023-11-06 09:23:55,279 [INFO] DbExamples:250 - Set 0 / 0 favorites Examples
2023-11-06 09:23:55,303 [WARN] PackLoader:240 - Cannot read IP mode file for STMicroelectronics.X-CUBE-BLEMGR.2.0.0
2023-11-06 09:23:55,337 [WARN] ConditionMgr:438 - getConditionDescription Invalid condition id : UX DEVICE CLASS RTOS Condition cause : null
2023-11-06 09:23:55,337 [WARN] ConditionMgr:438 - getConditionDescription Invalid condition id : UX DEVICE CLASS RTOS Condition cause : null
2023-11-06 09:23:55,339 [WARN] PackLoader:240 - Cannot read IP mode file for STMicroelectronics.X-CUBE-AZRTOS-H7.3.1.0
2023-11-06 09:23:55,340 [WARN] ConditionMgr:1039 - genDependencies : Invalid condition id : UX DEVICE CLASS RTOS Condition cause : null
2023-11-06 09:23:55,341 [WARN] ConditionMgr:1039 - genDependencies : Invalid condition id : UX DEVICE CLASS RTOS Condition cause : null
2023-11-06 09:23:55,341 [WARN] ConditionMgr:1039 - genDependencies : Invalid condition id : UX DEVICE CLASS RTOS Condition cause : null
2023-11-06 09:23:55,342 [WARN] ConditionMgr:1039 - genDependencies : Invalid condition id : UX DEVICE CLASS RTOS Condition cause : null
2023-11-06 09:23:55,342 [WARN] ConditionMgr:1039 - genDependencies : Invalid condition id : UX DEVICE CLASS RTOS Condition cause : null
2023-11-06 09:23:55,362 [WARN] PackLoader:240 - Cannot read IP mode file for STMicroelectronics.X-CUBE-NFC7.1.0.1
2023-11-06 09:23:55,419 [WARN] PackLoader:240 - Cannot read IP mode file for STMicroelectronics.X-CUBE-NFC6.3.0.0
2023-11-06 09:23:55,441 [WARN] PackLoader:240 - Cannot read IP mode file for STMicroelectronics.X-CUBE-EEPRMA1.4.1.0
2023-11-06 09:23:55,456 [WARN] PackLoader:240 - Cannot read IP mode file for STMicroelectronics.X-CUBE-AI.8.1.0
2023-11-06 09:23:55,496 [WARN] ConditionMgr:438 - getConditionDescription Invalid condition id : LAN8742 Phy interface Condition cause : null
2023-11-06 09:23:55,497 [WARN] PackLoader:240 - Cannot read IP mode file for STMicroelectronics.X-CUBE-AZRTOS-L4.2.0.0
2023-11-06 09:23:55,500 [WARN] ConditionMgr:1039 - genDependencies : Invalid condition id : LAN8742 Phy interface Condition cause : null
2023-11-06 09:23:55,501 [WARN] ConditionMgr:1039 - genDependencies : Invalid condition id : LAN8742 Phy interface Condition cause : null
2023-11-06 09:23:55,502 [WARN] ConditionMgr:1039 - genDependencies : Invalid condition id : LAN8742 Phy interface Condition cause : null
2023-11-06 09:23:55,529 [WARN] PackLoader:240 - Cannot read IP mode file for STMicroelectronics.X-CUBE-SFXS2LP1.4.0.0
2023-11-06 09:23:55,545 [WARN] PackLoader:240 - Cannot read IP mode file for STMicroelectronics.X-CUBE-ISPU.1.1.0
2023-11-06 09:23:55,577 [WARN] ConditionMgr:438 - getConditionDescription Invalid condition id : UX DEVICE CLASS RTOS Condition cause : null
2023-11-06 09:23:55,577 [WARN] ConditionMgr:438 - getConditionDescription Invalid condition id : UX DEVICE CLASS RTOS Condition cause : null
2023-11-06 09:23:55,580 [WARN] PackLoader:240 - Cannot read IP mode file for STMicroelectronics.X-CUBE-AZRTOS-WB.2.0.0
2023-11-06 09:23:55,581 [WARN] ConditionMgr:1039 - genDependencies : Invalid condition id : UX DEVICE CLASS RTOS Condition cause : null
2023-11-06 09:23:55,581 [WARN] ConditionMgr:1039 - genDependencies : Invalid condition id : UX DEVICE CLASS RTOS Condition cause : null
2023-11-06 09:23:55,582 [WARN] ConditionMgr:1039 - genDependencies : Invalid condition id : UX DEVICE CLASS RTOS Condition cause : null
2023-11-06 09:23:55,582 [WARN] ConditionMgr:1039 - genDependencies : Invalid condition id : UX DEVICE CLASS RTOS Condition cause : null
2023-11-06 09:23:55,583 [WARN] ConditionMgr:1039 - genDependencies : Invalid condition id : UX DEVICE CLASS RTOS Condition cause : null
2023-11-06 09:23:55,606 [WARN] PackLoader:240 - Cannot read IP mode file for STMicroelectronics.X-CUBE-FREERTOS.1.0.1
2023-11-06 09:23:55,660 [WARN] PackLoader:240 - Cannot read IP mode file for STMicroelectronics.X-CUBE-AZRTOS-L5.1.1.0
2023-11-06 09:23:55,676 [WARN] PackLoader:240 - Cannot read IP mode file for STMicroelectronics.X-CUBE-AI.8.0.1
2023-11-06 09:23:55,700 [WARN] PackLoader:240 - Cannot read IP mode file for STMicroelectronics.X-CUBE-SUBG2.5.0.0
2023-11-06 09:23:55,735 [WARN] PackLoader:240 - Cannot read IP mode file for STMicroelectronics.X-CUBE-TOF1.3.3.1
2023-11-06 09:23:55,830 [INFO] McuFinderGlobals:76 - Set McuFinderConnectedMode to true
2023-11-06 09:23:55,841 [INFO] MultiScanPanel:200 - Auto-refresh data requested => check proxy status ongoing
2023-11-06 09:23:55,845 [INFO] FinderPluginLoader:95 - Searching for filters in installed packs
2023-11-06 09:23:55,942 [WARN] PackLoader:240 - Cannot read IP mode file for STMicroelectronics.X-CUBE-AZRTOS-G4.2.0.0
2023-11-06 09:23:55,975 [WARN] PackLoader:240 - Cannot read IP mode file for STMicroelectronics.X-CUBE-TOF1.3.3.0
2023-11-06 09:23:56,082 [WARN] PackLoader:240 - Cannot read IP mode file for Infineon.AIROC-Wi-Fi-Bluetooth-STM32.1.5.1
2023-11-06 09:23:56,154 [WARN] PackLoader:240 - Cannot read IP mode file for STMicroelectronics.X-CUBE-MEMS1.10.0.0
2023-11-06 09:23:56,410 [WARN] PackLoader:240 - Cannot read IP mode file for STMicroelectronics.X-CUBE-FREERTOS.1.1.0
2023-11-06 09:23:56,427 [WARN] PackLoader:240 - Cannot read IP mode file for portGmbH.I-Cube-SoM-uGOAL.1.1.0
2023-11-06 09:23:56,451 [WARN] PackLoader:240 - Cannot read IP mode file for STMicroelectronics.X-CUBE-ALS.1.0.1
2023-11-06 09:23:56,489 [WARN] PackLoader:240 - Cannot read IP mode file for STMicroelectronics.X-CUBE-AZRTOS-WB.1.1.0
2023-11-06 09:23:56,506 [WARN] PackLoader:240 - Cannot read IP mode file for STMicroelectronics.FP-ATR-ASTRA1.2.0.0
2023-11-06 09:23:56,507 [INFO] ThirdParty:978 - Integrity check success = true
2023-11-06 09:23:56,507 [INFO] IntegrityCheckThread:100 - exiting critical section [integrity check]
2023-11-06 09:23:56,507 [INFO] IntegrityCheckThread:103 - End integrity checks thread
2023-11-06 09:23:57,906 [INFO] LoadUrlFilesThread:185 - End of LoadServerUrlFiles without Thread
2023-11-06 09:23:57,918 [INFO] DetailPanel:341 - Set advertising image to C:/Users/user/STM32Cube/Repository/\en.prom-stm32h5-mcu-finder.jpg
2023-11-06 09:24:15,544 [INFO] MainUpdater:2868 - connection check result : 10
2023-11-06 09:24:15,545 [INFO] MainUpdater:2868 - connection check result : 10
2023-11-06 09:24:15,583 [INFO] MicroXplorer:468 - Change Database Path : 
2023-11-06 09:24:15,584 [INFO] MicroXplorer:498 - Change Database Version : DB.6.0.92
2023-11-06 09:24:15,592 [WARN] ThirdParty:871 - waiting for thirdparty lock release [close project]
2023-11-06 09:24:15,592 [INFO] ThirdParty:873 - entering critical section [close project]
2023-11-06 09:24:15,597 [INFO] ThirdParty:883 - exiting critical section [close project]
2023-11-06 09:24:15,601 [INFO] PinOutPanel:1499 - setPackage(No Configuration,No Configuration)
2023-11-06 09:24:15,609 [INFO] UtilMem:75 - Begin LoadConfig() Used Memory: 543772576 Bytes (621805568)
2023-11-06 09:24:15,610 [INFO] MicroXplorer:468 - Change Database Path : 
2023-11-06 09:24:15,610 [INFO] MicroXplorer:498 - Change Database Version : DB.6.0.92
2023-11-06 09:24:15,611 [INFO] OpenFileManager:308 - Change cursor
2023-11-06 09:24:15,860 [INFO] Mcu:1946 - Initializing MCU STM32F103C8Tx STM32F103C8Tx STM32F103C8T6
2023-11-06 09:24:16,947 [INFO] Context:659 - Trying to add GPIOservice into a context  which must be forbidden
2023-11-06 09:24:17,286 [INFO] ImportTextPane:194 - (OptionalMessage_ERROR) Unable to find key (Mcu.ThirdPartyNb) in loaded IOC file
2023-11-06 09:24:17,286 [INFO] ImportTextPane:194 - (OptionalMessage_ERROR) Unable to find key (Mcu.PinsNb) in loaded IOC file
2023-11-06 09:24:17,287 [INFO] ImportTextPane:194 - (OptionalMessage_ERROR) Unable to find key (Mcu.IPNb) in loaded IOC file
2023-11-06 09:24:17,660 [INFO] RtosManager:555 - Registered RTOS mode: class=CMSIS, group=RTOS, mode=CMSIS_V1, owner=FREERTOS
2023-11-06 09:24:17,660 [INFO] RtosManager:555 - Registered RTOS mode: class=CMSIS, group=RTOS2, mode=CMSIS_V2, owner=FREERTOS
2023-11-06 09:24:17,661 [INFO] RtosManager:555 - Registered RTOS mode: class=RTOS, group=Core, mode=CMSIS_V1, owner=FREERTOS
2023-11-06 09:24:17,661 [INFO] RtosManager:555 - Registered RTOS mode: class=RTOS, group=Core, mode=CMSIS_V2, owner=FREERTOS
2023-11-06 09:24:17,661 [WARN] ModelIntegratedComponent:184 - Missing modes for component STMicroelectronics:FreeRTOS:0.0.1:STMicroelectronics:RTOS:FreeRTOS:Core:::10.2.0:
2023-11-06 09:24:17,717 [WARN] ModelIntegratedComponent:63 - No mode defined for component null
2023-11-06 09:24:17,717 [WARN] ModelIntegratedComponent:63 - No mode defined for component null
2023-11-06 09:24:17,717 [WARN] ModelIntegratedComponent:63 - No mode defined for component null
2023-11-06 09:24:17,717 [WARN] ModelIntegratedComponent:63 - No mode defined for component null
2023-11-06 09:24:17,717 [WARN] ModelIntegratedComponent:63 - No mode defined for component null
2023-11-06 09:24:17,717 [WARN] ModelIntegratedComponent:63 - No mode defined for component null
2023-11-06 09:24:17,717 [WARN] ModelIntegratedComponent:63 - No mode defined for component null
2023-11-06 09:24:17,717 [WARN] ModelIntegratedComponent:63 - No mode defined for component null
2023-11-06 09:24:17,717 [WARN] ModelIntegratedComponent:63 - No mode defined for component null
2023-11-06 09:24:17,717 [WARN] ModelIntegratedComponent:63 - No mode defined for component null
2023-11-06 09:24:17,717 [WARN] ModelIntegratedComponent:63 - No mode defined for component null
2023-11-06 09:24:17,718 [WARN] ModelIntegratedComponent:63 - No mode defined for component null
2023-11-06 09:24:17,718 [WARN] ModelIntegratedComponent:63 - No mode defined for component null
2023-11-06 09:24:17,718 [WARN] ModelIntegratedComponent:63 - No mode defined for component null
2023-11-06 09:24:17,718 [WARN] ModelIntegratedComponent:63 - No mode defined for component null
2023-11-06 09:24:17,718 [WARN] ModelIntegratedComponent:63 - No mode defined for component null
2023-11-06 09:24:17,718 [WARN] ModelIntegratedComponent:63 - No mode defined for component null
2023-11-06 09:24:17,718 [WARN] ModelIntegratedComponent:63 - No mode defined for component null
2023-11-06 09:24:17,718 [WARN] ModelIntegratedComponent:63 - No mode defined for component null
2023-11-06 09:24:17,718 [WARN] ModelIntegratedComponent:63 - No mode defined for component null
2023-11-06 09:24:17,718 [WARN] ModelIntegratedComponent:63 - No mode defined for component null
2023-11-06 09:24:17,718 [WARN] ModelIntegratedComponent:63 - No mode defined for component null
2023-11-06 09:24:17,718 [WARN] ModelIntegratedComponent:63 - No mode defined for component null
2023-11-06 09:24:17,718 [WARN] ModelIntegratedComponent:63 - No mode defined for component null
2023-11-06 09:24:17,718 [WARN] ModelIntegratedComponent:63 - No mode defined for component null
2023-11-06 09:24:17,718 [WARN] ModelIntegratedComponent:63 - No mode defined for component null
2023-11-06 09:24:17,718 [WARN] ModelIntegratedComponent:63 - No mode defined for component null
2023-11-06 09:24:17,718 [WARN] ModelIntegratedComponent:63 - No mode defined for component null
2023-11-06 09:24:17,718 [WARN] ModelIntegratedComponent:63 - No mode defined for component null
2023-11-06 09:24:17,718 [WARN] ModelIntegratedComponent:63 - No mode defined for component null
2023-11-06 09:24:17,718 [WARN] ModelIntegratedComponent:63 - No mode defined for component null
2023-11-06 09:24:17,718 [WARN] ModelIntegratedComponent:63 - No mode defined for component null
2023-11-06 09:24:17,718 [WARN] ModelIntegratedComponent:63 - No mode defined for component null
2023-11-06 09:24:17,841 [INFO] ThirdPartyModel:298 - Start build external matchings
2023-11-06 09:24:18,879 [INFO] ThirdPartyModel:316 - End build external matchings
2023-11-06 09:24:19,172 [INFO] UtilMem:75 - End LoadConfig() Used Memory: 326333336 Bytes (621805568)
2023-11-06 09:24:19,223 [WARN] ThirdParty:833 - waiting for thirdparty lock release [change project]
2023-11-06 09:24:19,224 [INFO] ThirdParty:835 - entering critical section [change project]
2023-11-06 09:24:19,225 [INFO] ThirdParty:1030 - CMSIS Pack Vendor :STMicroelectronics X-CUBE-ISPU 1.1.0
2023-11-06 09:24:19,225 [INFO] ThirdParty:1030 - CMSIS Pack Vendor :STMicroelectronics USBPD 4.1
2023-11-06 09:24:19,225 [INFO] ThirdParty:1030 - CMSIS Pack Vendor :STMicroelectronics X-CUBE-GNSS1 6.0.0
2023-11-06 09:24:19,225 [INFO] ThirdParty:1030 - CMSIS Pack Vendor :STMicroelectronics USB_HOST 2.0.0
2023-11-06 09:24:19,225 [INFO] ThirdParty:1030 - CMSIS Pack Vendor :STMicroelectronics X-CUBE-AZRTOS-F4 1.1.0
2023-11-06 09:24:19,225 [INFO] ThirdParty:1030 - CMSIS Pack Vendor :STMicroelectronics LIBJPEG 8.0.0
2023-11-06 09:24:19,225 [INFO] ThirdParty:1030 - CMSIS Pack Vendor :wolfSSL I-CUBE-wolfSSL 5.6.3
2023-11-06 09:24:19,225 [INFO] ThirdParty:1030 - CMSIS Pack Vendor :STMicroelectronics X-CUBE-SMBUS 2.1.0
2023-11-06 09:24:19,225 [INFO] ThirdParty:1030 - CMSIS Pack Vendor :STMicroelectronics USB_DEVICE 3.0.0
2023-11-06 09:24:19,225 [INFO] ThirdParty:1030 - CMSIS Pack Vendor :STMicroelectronics X-CUBE-AZRTOS-WB 2.0.0
2023-11-06 09:24:19,225 [INFO] ThirdParty:1030 - CMSIS Pack Vendor :STMicroelectronics X-CUBE-FREERTOS 1.0.1
2023-11-06 09:24:19,225 [INFO] ThirdParty:1030 - CMSIS Pack Vendor :STMicroelectronics X-CUBE-TOUCHGFX 4.21.1
2023-11-06 09:24:19,225 [INFO] ThirdParty:1030 - CMSIS Pack Vendor :STMicroelectronics X-CUBE-TOUCHGFX 4.21.0
2023-11-06 09:24:19,225 [INFO] ThirdParty:1030 - CMSIS Pack Vendor :STMicroelectronics X-CUBE-AZRTOS-F7 1.1.0
2023-11-06 09:24:19,225 [INFO] ThirdParty:1030 - CMSIS Pack Vendor :STMicroelectronics X-CUBE-TOUCHGFX 4.21.4
2023-11-06 09:24:19,225 [INFO] ThirdParty:1030 - CMSIS Pack Vendor :STMicroelectronics X-CUBE-AZRTOS-L5 2.0.0
2023-11-06 09:24:19,225 [INFO] ThirdParty:1030 - CMSIS Pack Vendor :STMicroelectronics USB_DEVICE 2.0.0
2023-11-06 09:24:19,225 [INFO] ThirdParty:1030 - CMSIS Pack Vendor :STMicroelectronics X-CUBE-MEMS1 9.6.0
2023-11-06 09:24:19,225 [INFO] ThirdParty:1030 - CMSIS Pack Vendor :STMicroelectronics X-CUBE-EEPRMA1 4.2.0
2023-11-06 09:24:19,225 [INFO] ThirdParty:1030 - CMSIS Pack Vendor :ITTIA_DB I-CUBE-ITTIADB 8.8.0
2023-11-06 09:24:19,225 [INFO] ThirdParty:1030 - CMSIS Pack Vendor :STMicroelectronics FP-SNS-MOTENV1 4.3.2
2023-11-06 09:24:19,225 [INFO] ThirdParty:1030 - CMSIS Pack Vendor :STMicroelectronics X-CUBE-ALGOBUILD 1.3.0
2023-11-06 09:24:19,225 [INFO] ThirdParty:1030 - CMSIS Pack Vendor :STMicroelectronics X-CUBE-BLE1 6.2.4
2023-11-06 09:24:19,225 [INFO] ThirdParty:1030 - CMSIS Pack Vendor :STMicroelectronics X-CUBE-AZRTOS-L5 1.1.0
2023-11-06 09:24:19,226 [INFO] ThirdParty:1030 - CMSIS Pack Vendor :STMicroelectronics FreeRTOS 0.0.1
2023-11-06 09:24:19,226 [INFO] ThirdParty:1030 - CMSIS Pack Vendor :STMicroelectronics X-CUBE-AZRTOS-G0 1.1.0
2023-11-06 09:24:19,226 [INFO] ThirdParty:1030 - CMSIS Pack Vendor :emotas I-CUBE-CANOPEN 1.1.3
2023-11-06 09:24:19,226 [INFO] ThirdParty:1030 - CMSIS Pack Vendor :STMicroelectronics X-CUBE-BLEMGR 2.0.0
2023-11-06 09:24:19,226 [INFO] ThirdParty:1030 - CMSIS Pack Vendor :STMicroelectronics X-CUBE-AI 8.0.1
2023-11-06 09:24:19,226 [INFO] ThirdParty:1030 - CMSIS Pack Vendor :STMicroelectronics X-CUBE-NFC4 3.0.0
2023-11-06 09:24:19,226 [INFO] ThirdParty:1030 - CMSIS Pack Vendor :STMicroelectronics X-CUBE-SUBG2 5.0.0
2023-11-06 09:24:19,226 [INFO] ThirdParty:1030 - CMSIS Pack Vendor :STMicroelectronics STM32_WPAN 1.0.0
2023-11-06 09:24:19,226 [INFO] ThirdParty:1030 - CMSIS Pack Vendor :STMicroelectronics lwIP 2.0.3
2023-11-06 09:24:19,226 [INFO] ThirdParty:1030 - CMSIS Pack Vendor :STMicroelectronics FP-SNS-FLIGHT1 5.0.2
2023-11-06 09:24:19,226 [INFO] ThirdParty:1030 - CMSIS Pack Vendor :STMicroelectronics USB_HOST 1.0.0
2023-11-06 09:24:19,226 [INFO] ThirdParty:1030 - CMSIS Pack Vendor :STMicroelectronics X-CUBE-TOF1 3.3.1
2023-11-06 09:24:19,226 [INFO] ThirdParty:1030 - CMSIS Pack Vendor :STMicroelectronics X-CUBE-AZRTOS-G4 2.0.0
2023-11-06 09:24:19,226 [INFO] ThirdParty:1030 - CMSIS Pack Vendor :STMicroelectronics PDM2PCM 3.1.0
2023-11-06 09:24:19,226 [INFO] ThirdParty:1030 - CMSIS Pack Vendor :STMicroelectronics X-CUBE-AZRTOS-H7 3.1.0
2023-11-06 09:24:19,226 [INFO] ThirdParty:1030 - CMSIS Pack Vendor :STMicroelectronics X-CUBE-TOF1 3.3.0
2023-11-06 09:24:19,226 [INFO] ThirdParty:1030 - CMSIS Pack Vendor :Infineon AIROC-Wi-Fi-Bluetooth-STM32 1.5.1
2023-11-06 09:24:19,226 [INFO] ThirdParty:1030 - CMSIS Pack Vendor :STMicroelectronics X-CUBE-BLEMGR 3.0.0
2023-11-06 09:24:19,226 [INFO] ThirdParty:1030 - CMSIS Pack Vendor :STMicroelectronics PDM2PCM 3.3.0
2023-11-06 09:24:19,226 [INFO] ThirdParty:1030 - CMSIS Pack Vendor :STMicroelectronics X-CUBE-DISPLAY 3.0.0
2023-11-06 09:24:19,226 [INFO] ThirdParty:1030 - CMSIS Pack Vendor :STMicroelectronics X-CUBE-BLE1 7.0.0
2023-11-06 09:24:19,226 [INFO] ThirdParty:1030 - CMSIS Pack Vendor :STMicroelectronics FP-ATR-SIGFOX1 3.2.0
2023-11-06 09:24:19,226 [INFO] ThirdParty:1030 - CMSIS Pack Vendor :STMicroelectronics HAL Drivers 0.0.0
2023-11-06 09:24:19,226 [INFO] ThirdParty:1030 - CMSIS Pack Vendor :STMicroelectronics MBEDTLS 2.16.2
2023-11-06 09:24:19,226 [INFO] ThirdParty:1030 - CMSIS Pack Vendor :emotas I-CUBE-CANOPEN 1.3.0
2023-11-06 09:24:19,226 [INFO] ThirdParty:1030 - CMSIS Pack Vendor :STMicroelectronics X-CUBE-MEMS1 10.0.0
2023-11-06 09:24:19,227 [INFO] ThirdParty:1030 - CMSIS Pack Vendor :STMicroelectronics X-CUBE-FREERTOS 1.1.0
2023-11-06 09:24:19,227 [INFO] ThirdParty:1030 - CMSIS Pack Vendor :STMicroelectronics X-CUBE-TOUCHGFX 4.22.0
2023-11-06 09:24:19,227 [INFO] ThirdParty:1030 - CMSIS Pack Vendor :STMicroelectronics X-CUBE-NFC7 1.0.1
2023-11-06 09:24:19,227 [INFO] ThirdParty:1030 - CMSIS Pack Vendor :STMicroelectronics MBEDTLS 2.14.1
2023-11-06 09:24:19,227 [INFO] ThirdParty:1030 - CMSIS Pack Vendor :STMicroelectronics X-CUBE-TOUCHGFX 4.22.1
2023-11-06 09:24:19,227 [INFO] ThirdParty:1030 - CMSIS Pack Vendor :STMicroelectronics X-CUBE-NFC6 3.0.0
2023-11-06 09:24:19,227 [INFO] ThirdParty:1030 - CMSIS Pack Vendor :STMicroelectronics X-CUBE-EEPRMA1 4.1.0
2023-11-06 09:24:19,227 [INFO] ThirdParty:1030 - CMSIS Pack Vendor :portGmbH I-Cube-SoM-uGOAL 1.1.0
2023-11-06 09:24:19,227 [INFO] ThirdParty:1030 - CMSIS Pack Vendor :STMicroelectronics X-CUBE-ALS 1.0.1
2023-11-06 09:24:19,227 [INFO] ThirdParty:1030 - CMSIS Pack Vendor :STMicroelectronics ThreadX 1.0.0
2023-11-06 09:24:19,227 [INFO] ThirdParty:1030 - CMSIS Pack Vendor :STMicroelectronics FP-SNS-SMARTAG2 1.2.0
2023-11-06 09:24:19,227 [INFO] ThirdParty:1030 - CMSIS Pack Vendor :STMicroelectronics X-CUBE-AZRTOS-WB 1.1.0
2023-11-06 09:24:19,227 [INFO] ThirdParty:1030 - CMSIS Pack Vendor :STMicroelectronics X-CUBE-AZRTOS-WL 2.0.0
2023-11-06 09:24:19,227 [INFO] ThirdParty:1030 - CMSIS Pack Vendor :SEGGER I-CUBE-embOS 1.3.1
2023-11-06 09:24:19,227 [INFO] ThirdParty:1030 - CMSIS Pack Vendor :STMicroelectronics USB_DEVICE 1.0.0
2023-11-06 09:24:19,227 [INFO] ThirdParty:1030 - CMSIS Pack Vendor :STMicroelectronics X-CUBE-AI 8.1.0
2023-11-06 09:24:19,227 [INFO] ThirdParty:1030 - CMSIS Pack Vendor :STMicroelectronics X-CUBE-AZRTOS-L4 2.0.0
2023-11-06 09:24:19,227 [INFO] ThirdParty:1030 - CMSIS Pack Vendor :STMicroelectronics ThreadX 0.0.2
2023-11-06 09:24:19,227 [INFO] ThirdParty:1030 - CMSIS Pack Vendor :WES I-CUBE-Cesium 1.3.0
2023-11-06 09:24:19,227 [INFO] ThirdParty:1030 - CMSIS Pack Vendor :STMicroelectronics FP-ATR-ASTRA1 2.0.0
2023-11-06 09:24:19,227 [INFO] ThirdParty:1030 - CMSIS Pack Vendor :STMicroelectronics lwIP 2.1.2
2023-11-06 09:24:19,227 [INFO] ThirdParty:1030 - CMSIS Pack Vendor :STMicroelectronics X-CUBE-SFXS2LP1 4.0.0
2023-11-06 09:24:19,227 [INFO] ThirdParty:1030 - CMSIS Pack Vendor :STMicroelectronics X-CUBE-BLE2 3.3.0
2023-11-06 09:24:19,227 [INFO] ThirdParty:1030 - CMSIS Pack Vendor :STMicroelectronics PDM2PCM 3.2.0
2023-11-06 09:24:19,228 [INFO] ThirdParty:1030 - CMSIS Pack Vendor :STMicroelectronics X-CUBE-TOUCHGFX 4.18.0
2023-11-06 09:24:19,228 [INFO] ThirdParty:841 - exiting critical section [change project]
2023-11-06 09:24:19,553 [INFO] PinOutPanel:1499 - setPackage(No Configuration,No Configuration)
2023-11-06 09:24:19,554 [INFO] PinOutPanel:1499 - setPackage(STM32F103C8Tx,LQFP48)
2023-11-06 09:24:20,098 [INFO] UtilMem:75 - Before build in PCC Used Memory: 447373312 Bytes (621805568)
2023-11-06 09:24:20,979 [INFO] UtilMem:75 - After build in PCC Used Memory: 251326192 Bytes (621805568)
2023-11-06 09:24:21,013 [INFO] IPUIPlugin:80 - create IPUIPlugin
2023-11-06 09:24:21,013 [INFO] IPUIPlugin:80 - create IPUIPlugin
2023-11-06 09:24:21,014 [INFO] IPUIPlugin:80 - create IPUIPlugin
2023-11-06 09:24:21,014 [INFO] IPUIPlugin:80 - create IPUIPlugin
2023-11-06 09:24:21,014 [INFO] IPUIPlugin:80 - create IPUIPlugin
2023-11-06 09:24:21,014 [INFO] IPUIPlugin:80 - create IPUIPlugin
2023-11-06 09:24:21,015 [INFO] IPUIPlugin:80 - create IPUIPlugin
2023-11-06 09:24:21,015 [INFO] IPUIPlugin:80 - create IPUIPlugin
2023-11-06 09:24:21,015 [INFO] IPUIPlugin:80 - create IPUIPlugin
2023-11-06 09:24:21,015 [INFO] IPUIPlugin:80 - create IPUIPlugin
2023-11-06 09:24:21,016 [INFO] IPUIPlugin:80 - create IPUIPlugin
2023-11-06 09:24:21,016 [INFO] IPUIPlugin:80 - create IPUIPlugin
2023-11-06 09:24:21,016 [INFO] IPUIPlugin:80 - create IPUIPlugin
2023-11-06 09:24:21,016 [INFO] IPUIPlugin:80 - create IPUIPlugin
2023-11-06 09:24:21,017 [INFO] IPUIPlugin:80 - create IPUIPlugin
2023-11-06 09:24:21,017 [INFO] IPUIPlugin:80 - create IPUIPlugin
2023-11-06 09:24:21,017 [INFO] IPUIPlugin:80 - create IPUIPlugin
2023-11-06 09:24:21,018 [INFO] IPUIPlugin:80 - create IPUIPlugin
2023-11-06 09:24:21,018 [INFO] IPUIPlugin:80 - create IPUIPlugin
2023-11-06 09:24:21,018 [INFO] IPUIPlugin:80 - create IPUIPlugin
2023-11-06 09:24:21,018 [INFO] IPUIPlugin:80 - create IPUIPlugin
2023-11-06 09:24:21,019 [INFO] IPUIPlugin:80 - create IPUIPlugin
2023-11-06 09:24:21,019 [INFO] IPUIPlugin:80 - create IPUIPlugin
2023-11-06 09:24:21,020 [INFO] IPUIPlugin:80 - create IPUIPlugin
2023-11-06 09:24:21,020 [INFO] IPUIPlugin:80 - create IPUIPlugin
2023-11-06 09:24:21,020 [INFO] IPUIPlugin:80 - create IPUIPlugin
2023-11-06 09:24:21,021 [INFO] IPUIPlugin:80 - create IPUIPlugin
2023-11-06 09:24:21,265 [INFO] CADModel:165 - CPN selected for project levelSTM32F103C8T6
2023-11-06 09:24:21,265 [INFO] CADModel:114 - Register for checkConnection events
2023-11-06 09:24:21,310 [INFO] OpenFileManager:328 - Restore cursor
2023-11-06 09:24:22,431 [INFO] UtilMem:75 - End SaveConfig() Used Memory: 351560832 Bytes (621805568)
2023-11-06 09:24:22,567 [INFO] UtilMem:75 - End SaveConfig() Used Memory: 234469696 Bytes (621805568)
2023-11-06 09:24:23,160 [INFO] BlockDiagram:2759 - set Specific Code input for plugin: NVIC
2023-11-06 09:24:23,160 [INFO] BlockDiagram:2759 - set Specific Code input for plugin: RCC
2023-11-06 09:24:23,161 [INFO] CodeGenerator:799 - code generatio: config db path: C:\ST\STM32CubeIDE_1.12.0\STM32CubeIDE\plugins\com.st.stm32cube.common.mx_6.9.2.202309101412\\db\
2023-11-06 09:24:23,553 [INFO] CodeEngine:255 - oldGeneratedFile, D:\STM32\RCC\MXTmpFiles\license.tmp_save
2023-11-06 09:24:23,974 [INFO] CodeEngine:279 - Generated code: D:\STM32\RCC\MXTmpFiles\license.tmp
2023-11-06 09:24:24,005 [INFO] CodeEngine:255 - oldGeneratedFile, D:\STM32\RCC\Core\Src\stm32f1xx_it.c_save
2023-11-06 09:24:24,242 [INFO] CodeEngine:279 - Generated code: D:\STM32\RCC\Core\Src\stm32f1xx_it.c
2023-11-06 09:24:24,254 [INFO] CodeEngine:255 - oldGeneratedFile, D:\STM32\RCC\Core\Inc\stm32f1xx_it.h_save
2023-11-06 09:24:24,366 [INFO] CodeEngine:279 - Generated code: D:\STM32\RCC\Core\Inc\stm32f1xx_it.h
2023-11-06 09:24:24,487 [INFO] CodeEngine:255 - oldGeneratedFile, D:\STM32\RCC\Core\Src\stm32f1xx_hal_msp.c_save
2023-11-06 09:24:24,653 [INFO] CodeEngine:279 - Generated code: D:\STM32\RCC\Core\Src\stm32f1xx_hal_msp.c
2023-11-06 09:24:24,667 [INFO] CodeEngine:255 - oldGeneratedFile, D:\STM32\RCC\MXTmpFiles\system.tmp_save
2023-11-06 09:24:24,780 [INFO] CodeEngine:279 - Generated code: D:\STM32\RCC\MXTmpFiles\system.tmp
2023-11-06 09:24:24,804 [INFO] CodeEngine:311 - oldGeneratedFile, D:\STM32\RCC\Core\Inc\stm32f1xx_hal_conf.h_save
2023-11-06 09:24:25,001 [INFO] CodeEngine:335 - Generated code: D:\STM32\RCC\Core\Inc\stm32f1xx_hal_conf.h
2023-11-06 09:24:25,150 [INFO] CodeEngine:255 - oldGeneratedFile, D:\STM32\RCC\Core\Inc\main.h_save
2023-11-06 09:24:25,301 [INFO] CodeEngine:279 - Generated code: D:\STM32\RCC\Core\Inc\main.h
2023-11-06 09:24:25,309 [INFO] CodeEngine:255 - oldGeneratedFile, D:\STM32\RCC\Core\Src\main.c_save
2023-11-06 09:24:25,482 [INFO] CodeEngine:279 - Generated code: D:\STM32\RCC\Core\Src\main.c
2023-11-06 09:24:26,537 [INFO] ProjectBuilder:3064 - Time for Copy HAL[1] : 238mS.
2023-11-06 09:24:26,547 [INFO] ProjectBuilder:4404 - Project Generator version: 4.1.0
2023-11-06 09:24:26,866 [INFO] ConfigFileManager:1457 - The Die is : DIE410
2023-11-06 09:24:27,013 [INFO] ApiDbMcu:507 - Load IP Config File for FATFS
2023-11-06 09:24:27,338 [INFO] ApiDbMcu:507 - Load IP Config File for FREERTOS
2023-11-06 09:24:27,409 [INFO] ApiDbMcu:507 - Load IP Config File for USB_DEVICE
2023-11-06 09:24:29,682 [INFO] LogOutputStream:77 - [STDOUT_REDIRECT] 
2023-11-06 09:24:34,287 [INFO] ProjectBuilder:4626 - Time for Generating toolchain IDE Files: 7738mS.
2023-11-06 09:24:34,289 [INFO] ProjectBuilder:2935 - Time for Copy CMSIS : 0mS.
2023-11-06 09:24:34,292 [INFO] ProjectBuilder:2935 - Time for Copy CMSIS : 0mS.
2023-11-06 09:24:35,707 [INFO] McuFinderGlobals:76 - Set McuFinderConnectedMode to true
2023-11-06 09:24:35,714 [INFO] ApiDb:448 - Save user favorites file C:\Users\user/.stm32cubeide/favorites.mcus.txt: 2 item(s)
2023-11-06 09:24:35,715 [INFO] ApiDb:452 - User favorites MCUs=[STM32F103C8T6, STM32H750VBT6]
2023-11-06 09:25:22,760 [INFO] UtilMem:75 - End SaveConfig() Used Memory: 701896688 Bytes (1073741824)
2023-11-06 09:25:22,852 [INFO] UtilMem:75 - End SaveConfig() Used Memory: 724947040 Bytes (1073741824)
2023-11-06 09:25:24,454 [INFO] UtilMem:75 - End SaveConfig() Used Memory: 444907376 Bytes (1073741824)
2023-11-06 09:25:24,694 [INFO] BlockDiagram:2759 - set Specific Code input for plugin: NVIC
2023-11-06 09:25:24,695 [INFO] BlockDiagram:2759 - set Specific Code input for plugin: GPIO
2023-11-06 09:25:24,695 [INFO] BlockDiagram:2759 - set Specific Code input for plugin: RCC
2023-11-06 09:25:24,696 [INFO] CodeGenerator:799 - code generatio: config db path: C:\ST\STM32CubeIDE_1.12.0\STM32CubeIDE\plugins\com.st.stm32cube.common.mx_6.9.2.202309101412\\db\
2023-11-06 09:25:24,835 [INFO] CodeEngine:255 - oldGeneratedFile, D:\STM32\RCC\MXTmpFiles\license.tmp_save
2023-11-06 09:25:25,904 [INFO] CodeEngine:279 - Generated code: D:\STM32\RCC\MXTmpFiles\license.tmp
2023-11-06 09:25:25,938 [INFO] CodeEngine:255 - oldGeneratedFile, D:\STM32\RCC\MXTmpFiles\gpio.tmp_save
2023-11-06 09:25:26,116 [INFO] CodeEngine:279 - Generated code: D:\STM32\RCC\MXTmpFiles\gpio.tmp
2023-11-06 09:25:26,136 [INFO] CodeEngine:255 - oldGeneratedFile, D:\STM32\RCC\Core\Src\stm32f1xx_it.c_save
2023-11-06 09:25:26,255 [INFO] CodeEngine:279 - Generated code: D:\STM32\RCC\Core\Src\stm32f1xx_it.c
2023-11-06 09:25:26,258 [INFO] CodeEngine:255 - oldGeneratedFile, D:\STM32\RCC\Core\Inc\stm32f1xx_it.h_save
2023-11-06 09:25:26,353 [INFO] CodeEngine:279 - Generated code: D:\STM32\RCC\Core\Inc\stm32f1xx_it.h
2023-11-06 09:25:26,374 [INFO] CodeEngine:255 - oldGeneratedFile, D:\STM32\RCC\Core\Src\stm32f1xx_hal_msp.c_save
2023-11-06 09:25:26,516 [INFO] CodeEngine:279 - Generated code: D:\STM32\RCC\Core\Src\stm32f1xx_hal_msp.c
2023-11-06 09:25:26,520 [INFO] CodeEngine:255 - oldGeneratedFile, D:\STM32\RCC\MXTmpFiles\system.tmp_save
2023-11-06 09:25:26,585 [INFO] CodeEngine:279 - Generated code: D:\STM32\RCC\MXTmpFiles\system.tmp
2023-11-06 09:25:26,605 [INFO] CodeEngine:311 - oldGeneratedFile, D:\STM32\RCC\Core\Inc\stm32f1xx_hal_conf.h_save
2023-11-06 09:25:26,728 [INFO] CodeEngine:335 - Generated code: D:\STM32\RCC\Core\Inc\stm32f1xx_hal_conf.h
2023-11-06 09:25:26,784 [INFO] CodeEngine:255 - oldGeneratedFile, D:\STM32\RCC\Core\Inc\main.h_save
2023-11-06 09:25:26,908 [INFO] CodeEngine:279 - Generated code: D:\STM32\RCC\Core\Inc\main.h
2023-11-06 09:25:26,923 [INFO] CodeEngine:255 - oldGeneratedFile, D:\STM32\RCC\Core\Src\main.c_save
2023-11-06 09:25:27,050 [INFO] CodeEngine:279 - Generated code: D:\STM32\RCC\Core\Src\main.c
2023-11-06 09:25:27,898 [INFO] ProjectBuilder:3064 - Time for Copy HAL[1] : 144mS.
2023-11-06 09:25:27,902 [INFO] ProjectBuilder:4404 - Project Generator version: 4.1.0
2023-11-06 09:25:28,163 [INFO] ConfigFileManager:1457 - The Die is : DIE410
2023-11-06 09:25:30,796 [INFO] ProjectBuilder:4626 - Time for Generating toolchain IDE Files: 2894mS.
2023-11-06 09:25:30,797 [INFO] ProjectBuilder:2935 - Time for Copy CMSIS : 0mS.
2023-11-06 09:25:30,797 [INFO] ProjectBuilder:2935 - Time for Copy CMSIS : 0mS.
2023-11-06 17:29:21,679 [ERROR] LogOutputStream:75 - [STDERR_REDIRECT] 
