2023-12-22 13:22:19,993 [INFO] Activator:176 - 


2023-12-22 13:22:19,999 [INFO] Activator:177 - !SESSION log4j initialized
2023-12-22 13:22:30,534 [ERROR] LogOutputStream:75 - [STDERR_REDIRECT] ?.?. 22, 2023 1:22:30 ??????? org.glassfish.grizzly.http.server.NetworkListener start
2023-12-22 13:22:30,536 [ERROR] LogOutputStream:75 - [STDERR_REDIRECT] INFO: Started listener bound to [localhost:1596]
2023-12-22 13:22:30,537 [ERROR] LogOutputStream:75 - [STDERR_REDIRECT] 
2023-12-22 13:22:30,540 [ERROR] LogOutputStream:75 - [STDERR_REDIRECT] ?.?. 22, 2023 1:22:30 ??????? org.glassfish.grizzly.http.server.HttpServer start
2023-12-22 13:22:30,541 [ERROR] LogOutputStream:75 - [STDERR_REDIRECT] INFO: [HttpServer] Started.
2023-12-22 13:22:30,541 [ERROR] LogOutputStream:75 - [STDERR_REDIRECT] 
2023-12-22 13:22:32,526 [INFO] LogOutputStream:77 - [STDOUT_REDIRECT] 
2023-12-22 13:22:34,944 [INFO] ApplicationProperties:184 - Using Application install path: C:\ST\STM32CubeIDE_1.12.0\STM32CubeIDE\plugins\com.st.stm32cube.common.mx_6.10.0.202311202037
2023-12-22 13:22:34,975 [INFO] DbMcusXml:78 - Set database path to: C:\ST\STM32CubeIDE_1.12.0\STM32CubeIDE\plugins\com.st.stm32cube.common.mx_6.10.0.202311202037\\db\/mcu/
2023-12-22 13:22:34,976 [INFO] ApiDb:274 - Set plugin database path to: C:\ST\STM32CubeIDE_1.12.0\STM32CubeIDE\plugins\com.st.stm32cube.common.mx_6.10.0.202311202037\\db\/plugins/boardmanager/
2023-12-22 13:22:34,976 [WARN] ApiDb:259 - Overriding images path with different value:  => C:\ST\STM32CubeIDE_1.12.0\STM32CubeIDE\plugins\com.st.stm32cube.common.mx_6.10.0.202311202037\\db\/plugins/mcufinder/images/
2023-12-22 13:22:34,999 [INFO] ApiDb:250 - Set database path to: C:\Users\user\.stmcufinder\plugins\mcufinder//mcu/
2023-12-22 13:22:35,001 [INFO] DbMcusAds:125 - Set database path to: C:\Users\user\.stmcufinder\plugins\mcufinder//mcu/
2023-12-22 13:22:35,004 [INFO] CrossReferenceDbSqlite:203 - Set database path to: C:\Users\user\.stmcufinder\plugins\mcufinder//mcu/cs/
2023-12-22 13:22:35,222 [INFO] RulesReader:64 - Compatibility file has been processed (297 Rules)
2023-12-22 13:22:35,371 [INFO] DbMcusXml:78 - Set database path to: C:\ST\STM32CubeIDE_1.12.0\STM32CubeIDE\plugins\com.st.stm32cube.common.mx_6.10.0.202311202037\\db\/mcu/
2023-12-22 13:22:35,372 [INFO] ApiDb:274 - Set plugin database path to: C:\ST\STM32CubeIDE_1.12.0\STM32CubeIDE\plugins\com.st.stm32cube.common.mx_6.10.0.202311202037\\db\/plugins/boardmanager/
2023-12-22 13:22:35,372 [INFO] ApiDb:261 - Set plugin images path to: C:\ST\STM32CubeIDE_1.12.0\STM32CubeIDE\plugins\com.st.stm32cube.common.mx_6.10.0.202311202037\\db\/plugins/mcufinder/images/
2023-12-22 13:22:35,372 [WARN] DbFile:41 - Overriding database path with different value: C:\Users\user\.stmcufinder\plugins\mcufinder/ => C:\Users\user\.stmcufinder\plugins\mcufinder
2023-12-22 13:22:35,372 [INFO] ApiDb:250 - Set database path to: C:\Users\user\.stmcufinder\plugins\mcufinder//mcu/
2023-12-22 13:22:35,373 [WARN] DbFile:41 - Overriding database path with different value: C:\Users\user\.stmcufinder\plugins\mcufinder/ => C:\Users\user\.stmcufinder\plugins\mcufinder
2023-12-22 13:22:35,373 [INFO] DbMcusAds:125 - Set database path to: C:\Users\user\.stmcufinder\plugins\mcufinder//mcu/
2023-12-22 13:22:35,373 [WARN] DbFile:41 - Overriding database path with different value: C:\Users\user\.stmcufinder\plugins\mcufinder/ => C:\Users\user\.stmcufinder\plugins\mcufinder
2023-12-22 13:22:35,373 [WARN] DbFile:41 - Overriding database path with different value: C:\Users\user\.stmcufinder\plugins\mcufinder/ => C:\Users\user\.stmcufinder\plugins\mcufinder
2023-12-22 13:22:35,374 [INFO] CrossReferenceDbSqlite:203 - Set database path to: C:\Users\user\.stmcufinder\plugins\mcufinder//mcu/cs/
2023-12-22 13:22:35,524 [INFO] MainPanel:264 - HeapMemory: 591396864
2023-12-22 13:22:35,751 [INFO] DbMcusXml:78 - Set database path to: C:\ST\STM32CubeIDE_1.12.0\STM32CubeIDE\plugins\com.st.stm32cube.common.mx_6.10.0.202311202037\\db\/mcu/
2023-12-22 13:22:35,751 [INFO] ApiDb:274 - Set plugin database path to: C:\ST\STM32CubeIDE_1.12.0\STM32CubeIDE\plugins\com.st.stm32cube.common.mx_6.10.0.202311202037\\db\/plugins/boardmanager/
2023-12-22 13:22:35,752 [INFO] ApiDb:261 - Set plugin images path to: C:\ST\STM32CubeIDE_1.12.0\STM32CubeIDE\plugins\com.st.stm32cube.common.mx_6.10.0.202311202037\\db\/plugins/mcufinder/images/
2023-12-22 13:22:35,753 [WARN] DbFile:41 - Overriding database path with different value: C:\Users\user\.stmcufinder\plugins\mcufinder/ => C:\Users\user\.stmcufinder\plugins\mcufinder
2023-12-22 13:22:35,753 [INFO] ApiDb:250 - Set database path to: C:\Users\user\.stmcufinder\plugins\mcufinder//mcu/
2023-12-22 13:22:35,753 [WARN] DbFile:41 - Overriding database path with different value: C:\Users\user\.stmcufinder\plugins\mcufinder/ => C:\Users\user\.stmcufinder\plugins\mcufinder
2023-12-22 13:22:35,753 [INFO] DbMcusAds:125 - Set database path to: C:\Users\user\.stmcufinder\plugins\mcufinder//mcu/
2023-12-22 13:22:35,753 [WARN] DbFile:41 - Overriding database path with different value: C:\Users\user\.stmcufinder\plugins\mcufinder/ => C:\Users\user\.stmcufinder\plugins\mcufinder
2023-12-22 13:22:35,753 [WARN] DbFile:41 - Overriding database path with different value: C:\Users\user\.stmcufinder\plugins\mcufinder/ => C:\Users\user\.stmcufinder\plugins\mcufinder
2023-12-22 13:22:35,753 [INFO] CrossReferenceDbSqlite:203 - Set database path to: C:\Users\user\.stmcufinder\plugins\mcufinder//mcu/cs/
2023-12-22 13:22:35,783 [INFO] ApplicationProperties:184 - Using Application install path: C:\ST\STM32CubeIDE_1.12.0\STM32CubeIDE\plugins\com.st.stm32cube.common.mx_6.10.0.202311202037
2023-12-22 13:22:35,786 [INFO] PluginManage:196 - Search for loadable plugins [exclusion list=, ]
2023-12-22 13:22:35,789 [INFO] PluginManage:310 - Check plugin analytics
2023-12-22 13:22:36,222 [INFO] AnalyticsPlugin:253 - Accepted Software Licenses: STM32CubeMX.6.8.0,STM32CubeMX.6.8.1,STM32CubeMX.6.5.0,STM32CubeMX.6.9.1,STM32CubeMX.6.9.2,STM32CubeMX.6.10.0
2023-12-22 13:22:36,222 [INFO] AnalyticsPlugin:255 - Accepted CMSIS Pack Licenses: emotas.I-CUBE-CANOPEN.1.1.3,STMicroelectronics.X-CUBE-TOUCHGFX.4.21.0,STMicroelectronics.X-CUBE-TOUCHGFX.4.21.1,STMicroelectronics.X-CUBE-TOUCHGFX.4.18.0,STMicroelectronics.X-CUBE-TOUCHGFX.4.22.1,STMicroelectronics.X-CUBE-AZRTOS-H7.3.1.0,STMicroelectronics.X-CUBE-AZRTOS-H7.3.2.0,ITTIA_DB.I-CUBE-ITTIADB.8.8.0
2023-12-22 13:22:36,223 [INFO] AnalyticsPlugin:257 - Accepted Firmware Licenses: FW.H7.1.11.0,FW.G0.1.6.0,FW.F4.1.27.0
2023-12-22 13:22:36,225 [INFO] PluginManage:359 - Loaded plugin analytics (category:tool,tabindex:-1)
2023-12-22 13:22:36,225 [INFO] PluginManage:310 - Check plugin cadmodel
2023-12-22 13:22:36,233 [INFO] CADModel:105 - Init CAD model plugin
2023-12-22 13:22:36,234 [INFO] PluginManage:359 - Loaded plugin cadmodel (category:power,tabindex:5)
2023-12-22 13:22:36,234 [INFO] PluginManage:310 - Check plugin clock
2023-12-22 13:22:36,255 [INFO] PluginManage:359 - Loaded plugin clock (category:base,tabindex:2)
2023-12-22 13:22:36,255 [INFO] PluginManage:310 - Check plugin ddr
2023-12-22 13:22:36,258 [INFO] PluginManage:359 - Loaded plugin ddr (category:tool,tabindex:6)
2023-12-22 13:22:36,258 [INFO] PluginManage:310 - Check plugin filemanager
2023-12-22 13:22:36,484 [INFO] PluginManage:359 - Loaded plugin filemanager (category:base,tabindex:10)
2023-12-22 13:22:36,485 [INFO] PluginManage:310 - Check plugin ipmanager
2023-12-22 13:22:36,496 [INFO] PluginManage:359 - Loaded plugin ipmanager (category:base,tabindex:5)
2023-12-22 13:22:36,496 [INFO] PluginManage:310 - Check plugin lpbam
2023-12-22 13:22:36,511 [INFO] PluginManage:359 - Loaded plugin lpbam (category:base,tabindex:0)
2023-12-22 13:22:36,511 [INFO] PluginManage:310 - Check plugin memorymap
2023-12-22 13:22:36,533 [INFO] PluginManage:359 - Loaded plugin memorymap (category:base,tabindex:4)
2023-12-22 13:22:36,533 [INFO] PluginManage:310 - Check plugin pinoutandconfiguration
2023-12-22 13:22:36,547 [INFO] PluginManage:359 - Loaded plugin pinoutandconfiguration (category:base,tabindex:1)
2023-12-22 13:22:36,547 [INFO] PluginManage:310 - Check plugin pinoutconfig
2023-12-22 13:22:36,684 [WARN] SupportedApi:132 - Cannot load RTOS API schema: s4s-elt-must-match.1: The content of 'definitions' must match (annotation?, (simpleType | complexType)?, (unique | key | keyref)*)). A problem was found starting at: attribute.
2023-12-22 13:22:36,891 [INFO] PluginManage:359 - Loaded plugin pinoutconfig (category:base,tabindex:0)
2023-12-22 13:22:36,892 [INFO] PluginManage:310 - Check plugin power
2023-12-22 13:22:36,906 [INFO] PluginManage:359 - Loaded plugin power (category:power,tabindex:4)
2023-12-22 13:22:36,907 [INFO] PluginManage:310 - Check plugin projectmanager
2023-12-22 13:22:36,937 [INFO] PluginManage:359 - Loaded plugin projectmanager (category:projectmanager,tabindex:3)
2023-12-22 13:22:36,937 [INFO] PluginManage:310 - Check plugin thirdparty
2023-12-22 13:22:37,148 [INFO] PluginManage:359 - Loaded plugin thirdparty (category:base,tabindex:-1)
2023-12-22 13:22:37,148 [INFO] PluginManage:310 - Check plugin tools
2023-12-22 13:22:37,159 [INFO] PluginManage:359 - Loaded plugin tools (category:base,tabindex:7)
2023-12-22 13:22:37,161 [INFO] PluginManage:310 - Check plugin tutovideos
2023-12-22 13:22:37,178 [WARN] IntegrityCheckThread:84 - waiting for thirdparty lock release [integrity check]
2023-12-22 13:22:37,191 [INFO] IntegrityCheckThread:86 - entering critical section [integrity check]
2023-12-22 13:22:37,198 [INFO] ThirdPartyUpdaterWithRetryManager:70 - Updater plugin not ready yet. [1/15]
2023-12-22 13:22:37,673 [INFO] PluginManage:359 - Loaded plugin tutovideos (category:base,tabindex:-1)
2023-12-22 13:22:37,673 [INFO] PluginManage:310 - Check plugin updater
2023-12-22 13:22:37,689 [INFO] PluginManage:359 - Loaded plugin updater (category:base,tabindex:12)
2023-12-22 13:22:37,689 [INFO] PluginManage:310 - Check plugin userauth
2023-12-22 13:22:37,697 [INFO] UserAuth:114 - Init User Auth plugin
2023-12-22 13:22:37,698 [INFO] PluginManage:359 - Loaded plugin userauth (category:base,tabindex:14)
2023-12-22 13:22:37,698 [INFO] PluginManage:283 - PluginManage : Loaded plugins [17]
2023-12-22 13:22:38,134 [INFO] PinOutPanel:1499 - setPackage(No Configuration,No Configuration)
2023-12-22 13:22:38,244 [INFO] CADModel:165 - CPN selected for project level
2023-12-22 13:22:38,244 [INFO] CADModel:114 - Register for checkConnection events
2023-12-22 13:22:38,278 [INFO] IPUIPlugin:80 - create IPUIPlugin
2023-12-22 13:22:38,279 [INFO] PluginManager:220 - loadIPPluginJar : add adc
2023-12-22 13:22:38,284 [INFO] IPUIPlugin:80 - create IPUIPlugin
2023-12-22 13:22:38,284 [INFO] PluginManager:220 - loadIPPluginJar : add aes
2023-12-22 13:22:38,290 [INFO] IPUIPlugin:80 - create IPUIPlugin
2023-12-22 13:22:38,290 [INFO] PluginManager:220 - loadIPPluginJar : add can
2023-12-22 13:22:38,293 [INFO] IPUIPlugin:80 - create IPUIPlugin
2023-12-22 13:22:38,293 [INFO] PluginManager:220 - loadIPPluginJar : add comp
2023-12-22 13:22:38,297 [INFO] IPUIPlugin:80 - create IPUIPlugin
2023-12-22 13:22:38,297 [INFO] PluginManager:220 - loadIPPluginJar : add cryp
2023-12-22 13:22:38,300 [INFO] IPUIPlugin:80 - create IPUIPlugin
2023-12-22 13:22:38,300 [INFO] PluginManager:220 - loadIPPluginJar : add dfsdm
2023-12-22 13:22:38,310 [INFO] IPUIPlugin:80 - create IPUIPlugin
2023-12-22 13:22:38,311 [INFO] PluginManager:220 - loadIPPluginJar : add dma
2023-12-22 13:22:38,316 [INFO] IPUIPlugin:80 - create IPUIPlugin
2023-12-22 13:22:38,316 [INFO] PluginManager:220 - loadIPPluginJar : add dma3
2023-12-22 13:22:38,320 [INFO] IPUIPlugin:80 - create IPUIPlugin
2023-12-22 13:22:38,320 [INFO] PluginManager:220 - loadIPPluginJar : add fatfs
2023-12-22 13:22:38,327 [INFO] IPUIPlugin:80 - create IPUIPlugin
2023-12-22 13:22:38,327 [INFO] PluginManager:220 - loadIPPluginJar : add fmc
2023-12-22 13:22:38,337 [INFO] IPUIPlugin:80 - create IPUIPlugin
2023-12-22 13:22:38,337 [INFO] PluginManager:220 - loadIPPluginJar : add freertos
2023-12-22 13:22:38,340 [INFO] IPUIPlugin:80 - create IPUIPlugin
2023-12-22 13:22:38,341 [INFO] PluginManager:220 - loadIPPluginJar : add genericplugin
2023-12-22 13:22:38,345 [INFO] IPUIPlugin:80 - create IPUIPlugin
2023-12-22 13:22:38,345 [INFO] PluginManager:220 - loadIPPluginJar : add gfxmmu
2023-12-22 13:22:38,354 [INFO] IPUIPlugin:80 - create IPUIPlugin
2023-12-22 13:22:38,354 [INFO] PluginManager:220 - loadIPPluginJar : add gic
2023-12-22 13:22:38,360 [INFO] IPUIPlugin:80 - create IPUIPlugin
2023-12-22 13:22:38,362 [INFO] PluginManager:220 - loadIPPluginJar : add gpio
2023-12-22 13:22:38,366 [INFO] IPUIPlugin:80 - create IPUIPlugin
2023-12-22 13:22:38,366 [INFO] PluginManager:220 - loadIPPluginJar : add gtzc
2023-12-22 13:22:38,370 [INFO] IPUIPlugin:80 - create IPUIPlugin
2023-12-22 13:22:38,370 [INFO] PluginManager:220 - loadIPPluginJar : add hash
2023-12-22 13:22:38,375 [INFO] IPUIPlugin:80 - create IPUIPlugin
2023-12-22 13:22:38,375 [INFO] PluginManager:220 - loadIPPluginJar : add i2c
2023-12-22 13:22:38,380 [INFO] IPUIPlugin:80 - create IPUIPlugin
2023-12-22 13:22:38,380 [INFO] PluginManager:220 - loadIPPluginJar : add i2s
2023-12-22 13:22:38,386 [INFO] IPUIPlugin:80 - create IPUIPlugin
2023-12-22 13:22:38,386 [INFO] PluginManager:220 - loadIPPluginJar : add i3c
2023-12-22 13:22:38,394 [INFO] IPUIPlugin:80 - create IPUIPlugin
2023-12-22 13:22:38,394 [INFO] PluginManager:220 - loadIPPluginJar : add ipddr
2023-12-22 13:22:38,406 [INFO] IPUIPlugin:80 - create IPUIPlugin
2023-12-22 13:22:38,406 [INFO] PluginManager:220 - loadIPPluginJar : add linkedlist
2023-12-22 13:22:38,412 [INFO] IPUIPlugin:80 - create IPUIPlugin
2023-12-22 13:22:38,412 [INFO] PluginManager:220 - loadIPPluginJar : add lorawan
2023-12-22 13:22:38,416 [INFO] IPUIPlugin:80 - create IPUIPlugin
2023-12-22 13:22:38,416 [INFO] PluginManager:220 - loadIPPluginJar : add ltdc
2023-12-22 13:22:38,426 [INFO] IPUIPlugin:80 - create IPUIPlugin
2023-12-22 13:22:38,426 [INFO] PluginManager:220 - loadIPPluginJar : add mdma
2023-12-22 13:22:38,432 [INFO] IPUIPlugin:80 - create IPUIPlugin
2023-12-22 13:22:38,432 [INFO] PluginManager:220 - loadIPPluginJar : add nvic
2023-12-22 13:22:38,438 [INFO] IPUIPlugin:80 - create IPUIPlugin
2023-12-22 13:22:38,438 [INFO] PluginManager:220 - loadIPPluginJar : add opamp
2023-12-22 13:22:38,444 [INFO] IPUIPlugin:80 - create IPUIPlugin
2023-12-22 13:22:38,444 [INFO] PluginManager:220 - loadIPPluginJar : add openamp
2023-12-22 13:22:38,449 [INFO] IPUIPlugin:80 - create IPUIPlugin
2023-12-22 13:22:38,449 [INFO] PluginManager:220 - loadIPPluginJar : add pdm2pcm
2023-12-22 13:22:38,459 [INFO] IPUIPlugin:80 - create IPUIPlugin
2023-12-22 13:22:38,462 [INFO] PluginManager:220 - loadIPPluginJar : add plateformsettings
2023-12-22 13:22:38,465 [INFO] IPUIPlugin:80 - create IPUIPlugin
2023-12-22 13:22:38,465 [INFO] PluginManager:220 - loadIPPluginJar : add quadspi
2023-12-22 13:22:38,473 [INFO] IPUIPlugin:80 - create IPUIPlugin
2023-12-22 13:22:38,474 [INFO] PluginManager:220 - loadIPPluginJar : add resmgrutility
2023-12-22 13:22:38,479 [INFO] IPUIPlugin:80 - create IPUIPlugin
2023-12-22 13:22:38,479 [INFO] PluginManager:220 - loadIPPluginJar : add sai
2023-12-22 13:22:38,483 [INFO] IPUIPlugin:80 - create IPUIPlugin
2023-12-22 13:22:38,483 [INFO] PluginManager:220 - loadIPPluginJar : add spi
2023-12-22 13:22:38,493 [INFO] IPUIPlugin:80 - create IPUIPlugin
2023-12-22 13:22:38,493 [INFO] PluginManager:220 - loadIPPluginJar : add stm32_wpan
2023-12-22 13:22:38,497 [INFO] IPUIPlugin:80 - create IPUIPlugin
2023-12-22 13:22:38,497 [INFO] PluginManager:220 - loadIPPluginJar : add tim
2023-12-22 13:22:38,501 [INFO] IPUIPlugin:80 - create IPUIPlugin
2023-12-22 13:22:38,502 [INFO] PluginManager:220 - loadIPPluginJar : add touchsensing
2023-12-22 13:22:38,505 [INFO] IPUIPlugin:80 - create IPUIPlugin
2023-12-22 13:22:38,506 [INFO] PluginManager:220 - loadIPPluginJar : add tracer_emb
2023-12-22 13:22:38,511 [INFO] IPUIPlugin:80 - create IPUIPlugin
2023-12-22 13:22:38,511 [INFO] PluginManager:220 - loadIPPluginJar : add ts
2023-12-22 13:22:38,514 [INFO] IPUIPlugin:80 - create IPUIPlugin
2023-12-22 13:22:38,514 [INFO] PluginManager:220 - loadIPPluginJar : add tsc
2023-12-22 13:22:38,518 [INFO] IPUIPlugin:80 - create IPUIPlugin
2023-12-22 13:22:38,519 [INFO] PluginManager:220 - loadIPPluginJar : add ucpd
2023-12-22 13:22:38,525 [INFO] IPUIPlugin:80 - create IPUIPlugin
2023-12-22 13:22:38,526 [INFO] PluginManager:220 - loadIPPluginJar : add usart
2023-12-22 13:22:38,532 [INFO] IPUIPlugin:80 - create IPUIPlugin
2023-12-22 13:22:38,533 [INFO] PluginManager:220 - loadIPPluginJar : add usbx
2023-12-22 13:22:38,689 [INFO] CADModel:165 - CPN selected for project level
2023-12-22 13:22:38,689 [INFO] CADModel:114 - Register for checkConnection events
2023-12-22 13:22:38,689 [FATAL] Updater:308 - Updater called before beeing initialized
2023-12-22 13:22:38,689 [ERROR] CADModel:125 - Updater not yet initialized, retry later 
2023-12-22 13:22:38,941 [INFO] CADModel:165 - CPN selected for project level
2023-12-22 13:22:38,941 [INFO] CADModel:114 - Register for checkConnection events
2023-12-22 13:22:38,941 [FATAL] Updater:308 - Updater called before beeing initialized
2023-12-22 13:22:38,941 [ERROR] CADModel:125 - Updater not yet initialized, retry later 
2023-12-22 13:22:38,945 [FATAL] Updater:308 - Updater called before beeing initialized
2023-12-22 13:22:39,128 [FATAL] Updater:308 - Updater called before beeing initialized
2023-12-22 13:22:39,134 [INFO] DbMcusAds:53 - JSON generation date=Wed Nov 29 17:52:27 ICT 2023 (1701255147349)
2023-12-22 13:22:39,135 [FATAL] Updater:308 - Updater called before beeing initialized
2023-12-22 13:22:39,232 [WARN] DetailPanel:346 - Failed to get advertising image, set to default
2023-12-22 13:22:39,379 [FATAL] Updater:308 - Updater called before beeing initialized
2023-12-22 13:22:39,382 [FATAL] Updater:308 - Updater called before beeing initialized
2023-12-22 13:22:39,383 [FATAL] Updater:308 - Updater called before beeing initialized
2023-12-22 13:22:39,383 [WARN] DetailPanel:346 - Failed to get advertising image, set to default
2023-12-22 13:22:39,384 [FATAL] Updater:308 - Updater called before beeing initialized
2023-12-22 13:22:39,459 [ERROR] Updater:1120 - MainUpdater not yet initialized. External WinMGr cannot be set.
2023-12-22 13:22:39,463 [INFO] Updater:1056 - Updater Version found : 6.10.0
2023-12-22 13:22:39,497 [INFO] ApplicationProperties:184 - Using Application install path: C:\ST\STM32CubeIDE_1.12.0\STM32CubeIDE\plugins\com.st.stm32cube.common.mx_6.10.0.202311202037
2023-12-22 13:22:40,090 [INFO] MainUpdater:2873 - connection check result : 10
2023-12-22 13:22:40,091 [INFO] MainUpdater:290 - Updater Check For Update Now.
2023-12-22 13:22:40,092 [INFO] MicroXplorer:498 - Change Database Version : DB.6.0.100
2023-12-22 13:22:40,100 [INFO] McuFinderGlobals:63 - Set McuFinder mode to 2 (CubeIDE integrated)
2023-12-22 13:22:40,108 [INFO] UserAuth:404 - Internet connection configuration mode: 1
2023-12-22 13:22:40,137 [INFO] JxBrowserEngine:152 - Initiate JxBrowser Engine with user profile folder
2023-12-22 13:22:40,201 [WARN] MainUpdater:1194 - Updater busy. Cannot search thirdparties
2023-12-22 13:22:40,212 [INFO] ThirdPartyUpdaterWithRetryManager:96 - Updater plugin is busy. [1/15]
2023-12-22 13:22:40,330 [INFO] CheckServerUpdateThread:120 - End of CheckServer Thread
2023-12-22 13:22:43,437 [WARN] PackLoader:240 - Cannot read IP mode file for STMicroelectronics.X-CUBE-SMBUS.2.1.0
2023-12-22 13:22:43,451 [WARN] PackLoader:240 - Cannot read IP mode file for STMicroelectronics.X-CUBE-TOUCHGFX.4.23.0
2023-12-22 13:22:43,620 [WARN] PackLoader:240 - Cannot read IP mode file for STMicroelectronics.X-CUBE-AZRTOS-F7.1.1.0
2023-12-22 13:22:43,633 [WARN] PackLoader:240 - Cannot read IP mode file for STMicroelectronics.FP-SNS-MOTENV1.4.3.2
2023-12-22 13:22:43,642 [WARN] PackLoader:240 - Cannot read IP mode file for STMicroelectronics.FP-SNS-FLIGHT1.5.0.2
2023-12-22 13:22:43,657 [WARN] PackLoader:240 - Cannot read IP mode file for STMicroelectronics.X-CUBE-DISPLAY.3.0.0
2023-12-22 13:22:43,674 [WARN] PackLoader:240 - Cannot read IP mode file for STMicroelectronics.X-CUBE-BLE1.7.0.0
2023-12-22 13:22:43,684 [WARN] PackLoader:240 - Cannot read IP mode file for emotas.I-CUBE-CANOPEN.1.3.0
2023-12-22 13:22:43,722 [WARN] PackLoader:240 - Cannot read IP mode file for STMicroelectronics.X-CUBE-TOUCHGFX.4.22.0
2023-12-22 13:22:43,767 [WARN] PackLoader:240 - Cannot read IP mode file for STMicroelectronics.X-CUBE-TOUCHGFX.4.22.1
2023-12-22 13:22:43,828 [WARN] PackLoader:240 - Cannot read IP mode file for STMicroelectronics.FP-SNS-SMARTAG2.1.2.0
2023-12-22 13:22:43,851 [INFO] LogOutputStream:77 - [STDOUT_REDIRECT] 1 : Invalid condition id : UX_CORESTACK_Condition cause : null
2023-12-22 13:22:43,854 [INFO] LogOutputStream:77 - [STDOUT_REDIRECT] 1 : Invalid condition id : UX_CORESTACK_Condition cause : null
2023-12-22 13:22:43,856 [INFO] LogOutputStream:77 - [STDOUT_REDIRECT] 1 : Invalid condition id : UX_CORESTACK_Condition cause : null
2023-12-22 13:22:43,858 [INFO] LogOutputStream:77 - [STDOUT_REDIRECT] 1 : Invalid condition id : UX_CORESTACK_Condition cause : null
2023-12-22 13:22:43,860 [INFO] LogOutputStream:77 - [STDOUT_REDIRECT] 1 : Invalid condition id : UX_CORESTACK_Condition cause : null
2023-12-22 13:22:43,866 [WARN] PackLoader:240 - Cannot read IP mode file for STMicroelectronics.X-CUBE-AZRTOS-WL.2.0.0
2023-12-22 13:22:43,875 [WARN] PackLoader:240 - Cannot read IP mode file for WES.I-CUBE-Cesium.1.3.0
2023-12-22 13:22:43,883 [WARN] PackLoader:240 - Cannot read IP mode file for STMicroelectronics.X-CUBE-BLE2.3.3.0
2023-12-22 13:22:43,890 [WARN] PackLoader:240 - Cannot read IP mode file for STMicroelectronics.X-CUBE-TOUCHGFX.4.18.0
2023-12-22 13:22:43,930 [WARN] PackLoader:240 - Cannot read IP mode file for STMicroelectronics.X-CUBE-TOUCHGFX.4.21.1
2023-12-22 13:22:43,973 [WARN] PackLoader:240 - Cannot read IP mode file for STMicroelectronics.X-CUBE-TOUCHGFX.4.21.0
2023-12-22 13:22:44,026 [WARN] PackLoader:240 - Cannot read IP mode file for STMicroelectronics.X-CUBE-TOUCHGFX.4.21.4
2023-12-22 13:22:44,100 [WARN] PackLoader:240 - Cannot read IP mode file for STMicroelectronics.X-CUBE-ALGOBUILD.1.3.0
2023-12-22 13:22:44,120 [WARN] PackLoader:240 - Cannot read IP mode file for STMicroelectronics.X-CUBE-AZRTOS-G0.1.1.0
2023-12-22 13:22:44,131 [WARN] PackLoader:240 - Cannot read IP mode file for STMicroelectronics.X-CUBE-NFC4.3.0.0
2023-12-22 13:22:44,148 [WARN] PackLoader:240 - Cannot read IP mode file for STMicroelectronics.X-CUBE-BLEMGR.3.0.0
2023-12-22 13:22:44,157 [WARN] PackLoader:240 - Cannot read IP mode file for STMicroelectronics.FP-ATR-SIGFOX1.3.2.0
2023-12-22 13:22:44,163 [WARN] PackLoader:240 - Cannot read IP mode file for STMicroelectronics.X-CUBE-GNSS1.6.0.0
2023-12-22 13:22:44,182 [WARN] PackLoader:240 - Cannot read IP mode file for STMicroelectronics.X-CUBE-AZRTOS-F4.1.1.0
2023-12-22 13:22:44,191 [WARN] PackLoader:240 - Cannot read IP mode file for wolfSSL.I-CUBE-wolfSSL.5.6.4
2023-12-22 13:22:44,212 [WARN] PackLoader:240 - Cannot read IP mode file for STMicroelectronics.X-CUBE-AZRTOS-L5.2.0.0
2023-12-22 13:22:44,222 [WARN] PackLoader:240 - Cannot read IP mode file for STMicroelectronics.X-CUBE-EEPRMA1.4.2.0
2023-12-22 13:22:44,232 [WARN] PackLoader:240 - Cannot read IP mode file for ITTIA_DB.I-CUBE-ITTIADB.8.8.0
2023-12-22 13:22:44,265 [WARN] PackLoader:240 - Cannot read IP mode file for emotas.I-CUBE-CANOPEN.1.1.3
2023-12-22 13:22:44,315 [WARN] ConditionMgr:438 - getConditionDescription Invalid condition id : UX DEVICE CLASS RTOS Condition cause : null
2023-12-22 13:22:44,315 [WARN] ConditionMgr:438 - getConditionDescription Invalid condition id : UX DEVICE CLASS RTOS Condition cause : null
2023-12-22 13:22:44,320 [WARN] PackLoader:240 - Cannot read IP mode file for STMicroelectronics.X-CUBE-AZRTOS-H7.3.1.0
2023-12-22 13:22:44,322 [WARN] ConditionMgr:1039 - genDependencies : Invalid condition id : UX DEVICE CLASS RTOS Condition cause : null
2023-12-22 13:22:44,322 [WARN] ConditionMgr:1039 - genDependencies : Invalid condition id : UX DEVICE CLASS RTOS Condition cause : null
2023-12-22 13:22:44,323 [WARN] ConditionMgr:1039 - genDependencies : Invalid condition id : UX DEVICE CLASS RTOS Condition cause : null
2023-12-22 13:22:44,324 [WARN] ConditionMgr:1039 - genDependencies : Invalid condition id : UX DEVICE CLASS RTOS Condition cause : null
2023-12-22 13:22:44,324 [WARN] ConditionMgr:1039 - genDependencies : Invalid condition id : UX DEVICE CLASS RTOS Condition cause : null
2023-12-22 13:22:44,332 [WARN] ConditionMgr:438 - getConditionDescription Invalid condition id : UX DEVICE CLASS RTOS Condition cause : null
2023-12-22 13:22:44,332 [WARN] ConditionMgr:438 - getConditionDescription Invalid condition id : UX DEVICE CLASS RTOS Condition cause : null
2023-12-22 13:22:44,457 [WARN] PackLoader:240 - Cannot read IP mode file for STMicroelectronics.X-CUBE-NFC7.1.0.1
2023-12-22 13:22:44,467 [WARN] PackLoader:240 - Cannot read IP mode file for STMicroelectronics.X-CUBE-NFC6.3.0.0
2023-12-22 13:22:44,475 [WARN] PackLoader:240 - Cannot read IP mode file for STMicroelectronics.X-CUBE-AI.8.1.0
2023-12-22 13:22:44,514 [WARN] ConditionMgr:438 - getConditionDescription Invalid condition id : LAN8742 Phy interface Condition cause : null
2023-12-22 13:22:44,515 [WARN] PackLoader:240 - Cannot read IP mode file for STMicroelectronics.X-CUBE-AZRTOS-L4.2.0.0
2023-12-22 13:22:44,516 [WARN] ConditionMgr:1039 - genDependencies : Invalid condition id : LAN8742 Phy interface Condition cause : null
2023-12-22 13:22:44,517 [WARN] ConditionMgr:1039 - genDependencies : Invalid condition id : LAN8742 Phy interface Condition cause : null
2023-12-22 13:22:44,517 [WARN] ConditionMgr:1039 - genDependencies : Invalid condition id : LAN8742 Phy interface Condition cause : null
2023-12-22 13:22:44,526 [WARN] PackLoader:240 - Cannot read IP mode file for STMicroelectronics.X-CUBE-SFXS2LP1.4.0.0
2023-12-22 13:22:44,533 [WARN] PackLoader:240 - Cannot read IP mode file for STMicroelectronics.X-CUBE-ISPU.1.1.0
2023-12-22 13:22:44,568 [WARN] ConditionMgr:438 - getConditionDescription Invalid condition id : UX DEVICE CLASS RTOS Condition cause : null
2023-12-22 13:22:44,568 [WARN] ConditionMgr:438 - getConditionDescription Invalid condition id : UX DEVICE CLASS RTOS Condition cause : null
2023-12-22 13:22:44,570 [WARN] PackLoader:240 - Cannot read IP mode file for STMicroelectronics.X-CUBE-AZRTOS-WB.2.0.0
2023-12-22 13:22:44,572 [WARN] ConditionMgr:1039 - genDependencies : Invalid condition id : UX DEVICE CLASS RTOS Condition cause : null
2023-12-22 13:22:44,572 [WARN] ConditionMgr:1039 - genDependencies : Invalid condition id : UX DEVICE CLASS RTOS Condition cause : null
2023-12-22 13:22:44,573 [WARN] ConditionMgr:1039 - genDependencies : Invalid condition id : UX DEVICE CLASS RTOS Condition cause : null
2023-12-22 13:22:44,573 [WARN] ConditionMgr:1039 - genDependencies : Invalid condition id : UX DEVICE CLASS RTOS Condition cause : null
2023-12-22 13:22:44,573 [WARN] ConditionMgr:1039 - genDependencies : Invalid condition id : UX DEVICE CLASS RTOS Condition cause : null
2023-12-22 13:22:44,585 [WARN] PackLoader:240 - Cannot read IP mode file for STMicroelectronics.X-CUBE-SUBG2.5.0.0
2023-12-22 13:22:44,604 [WARN] PackLoader:240 - Cannot read IP mode file for STMicroelectronics.X-CUBE-TOF1.3.3.1
2023-12-22 13:22:44,676 [WARN] PackLoader:240 - Cannot read IP mode file for STMicroelectronics.X-CUBE-AZRTOS-G4.2.0.0
2023-12-22 13:22:44,688 [WARN] PackLoader:240 - Cannot read IP mode file for STMicroelectronics.X-CUBE-TOF1.3.3.0
2023-12-22 13:22:44,756 [WARN] PackLoader:240 - Cannot read IP mode file for Infineon.AIROC-Wi-Fi-Bluetooth-STM32.1.5.1
2023-12-22 13:22:44,767 [WARN] PackLoader:240 - Cannot read IP mode file for STMicroelectronics.FP-SNS-MOTENVWB1.1.3.0
2023-12-22 13:22:44,771 [WARN] PackLoader:240 - Cannot read IP mode file for STMicroelectronics.FP-SNS-MOTENVWB1.1.3.1
2023-12-22 13:22:44,776 [WARN] PackLoader:240 - Cannot read IP mode file for STMicroelectronics.X-CUBE-ISPU.2.0.0
2023-12-22 13:22:44,819 [WARN] PackLoader:240 - Cannot read IP mode file for STMicroelectronics.X-CUBE-MEMS1.10.0.0
2023-12-22 13:22:45,020 [WARN] PackLoader:240 - Cannot read IP mode file for STMicroelectronics.X-CUBE-FREERTOS.1.1.0
2023-12-22 13:22:45,025 [WARN] PackLoader:240 - Cannot read IP mode file for portGmbH.I-Cube-SoM-uGOAL.1.1.0
2023-12-22 13:22:45,030 [WARN] PackLoader:240 - Cannot read IP mode file for STMicroelectronics.X-CUBE-ALS.1.0.1
2023-12-22 13:22:45,035 [WARN] PackLoader:240 - Cannot read IP mode file for STMicroelectronics.FP-ATR-ASTRA1.2.0.0
2023-12-22 13:22:45,048 [WARN] PackLoader:240 - Cannot read IP mode file for STMicroelectronics.X-CUBE-TOF1.3.4.0
2023-12-22 13:22:45,129 [WARN] PackLoader:240 - Cannot read IP mode file for STMicroelectronics.X-CUBE-AZRTOS-H7.3.2.0
2023-12-22 13:22:45,252 [INFO] ThirdParty:978 - Integrity check success = true
2023-12-22 13:22:45,252 [INFO] IntegrityCheckThread:100 - exiting critical section [integrity check]
2023-12-22 13:22:45,252 [INFO] IntegrityCheckThread:103 - End integrity checks thread
2023-12-22 13:22:46,954 [INFO] WebApp:161 - Instantiating new browser for Auth
2023-12-22 13:22:48,260 [INFO] WebApp:780 - Register for checkConnection events
2023-12-22 13:22:48,260 [INFO] WebApp:414 - Apply proxy settings
2023-12-22 13:22:48,261 [INFO] WebApp:499 - Chromium requires no authentication
2023-12-22 13:22:48,272 [INFO] WebApp:442 - Direct internet connection detected
2023-12-22 13:22:48,549 [INFO] WebApp:192 - Starting web application
2023-12-22 13:22:48,549 [INFO] WebApp:544 - Web application path used C:\ST\STM32CubeIDE_1.12.0\STM32CubeIDE\plugins\com.st.stm32cube.common.mx_6.10.0.202311202037\db\plugins\mcufinder\reactClient1\index.html
2023-12-22 13:44:23,178 [INFO] Activator:176 - 


2023-12-22 13:44:23,182 [INFO] Activator:177 - !SESSION log4j initialized
2023-12-22 13:44:31,098 [ERROR] LogOutputStream:75 - [STDERR_REDIRECT] ?.?. 22, 2023 1:44:31 ??????? org.glassfish.grizzly.http.server.NetworkListener start
2023-12-22 13:44:31,110 [ERROR] LogOutputStream:75 - [STDERR_REDIRECT] INFO: Started listener bound to [localhost:1596]
2023-12-22 13:44:31,121 [ERROR] LogOutputStream:75 - [STDERR_REDIRECT] 
2023-12-22 13:44:31,128 [ERROR] LogOutputStream:75 - [STDERR_REDIRECT] ?.?. 22, 2023 1:44:31 ??????? org.glassfish.grizzly.http.server.HttpServer start
2023-12-22 13:44:31,130 [ERROR] LogOutputStream:75 - [STDERR_REDIRECT] INFO: [HttpServer] Started.
2023-12-22 13:44:31,130 [ERROR] LogOutputStream:75 - [STDERR_REDIRECT] 
2023-12-22 13:44:32,771 [INFO] LogOutputStream:77 - [STDOUT_REDIRECT] 
2023-12-22 13:44:34,261 [INFO] ApplicationProperties:184 - Using Application install path: C:\ST\STM32CubeIDE_1.12.0\STM32CubeIDE\plugins\com.st.stm32cube.common.mx_6.10.0.202311202037
2023-12-22 13:44:34,288 [INFO] DbMcusXml:78 - Set database path to: C:\ST\STM32CubeIDE_1.12.0\STM32CubeIDE\plugins\com.st.stm32cube.common.mx_6.10.0.202311202037\\db\/mcu/
2023-12-22 13:44:34,288 [INFO] ApiDb:274 - Set plugin database path to: C:\ST\STM32CubeIDE_1.12.0\STM32CubeIDE\plugins\com.st.stm32cube.common.mx_6.10.0.202311202037\\db\/plugins/boardmanager/
2023-12-22 13:44:34,288 [WARN] ApiDb:259 - Overriding images path with different value:  => C:\ST\STM32CubeIDE_1.12.0\STM32CubeIDE\plugins\com.st.stm32cube.common.mx_6.10.0.202311202037\\db\/plugins/mcufinder/images/
2023-12-22 13:44:34,299 [INFO] ApiDb:250 - Set database path to: C:\Users\user\.stmcufinder\plugins\mcufinder//mcu/
2023-12-22 13:44:34,301 [INFO] DbMcusAds:125 - Set database path to: C:\Users\user\.stmcufinder\plugins\mcufinder//mcu/
2023-12-22 13:44:34,304 [INFO] CrossReferenceDbSqlite:203 - Set database path to: C:\Users\user\.stmcufinder\plugins\mcufinder//mcu/cs/
2023-12-22 13:44:34,473 [INFO] RulesReader:64 - Compatibility file has been processed (297 Rules)
2023-12-22 13:44:34,580 [INFO] DbMcusXml:78 - Set database path to: C:\ST\STM32CubeIDE_1.12.0\STM32CubeIDE\plugins\com.st.stm32cube.common.mx_6.10.0.202311202037\\db\/mcu/
2023-12-22 13:44:34,580 [INFO] ApiDb:274 - Set plugin database path to: C:\ST\STM32CubeIDE_1.12.0\STM32CubeIDE\plugins\com.st.stm32cube.common.mx_6.10.0.202311202037\\db\/plugins/boardmanager/
2023-12-22 13:44:34,581 [INFO] ApiDb:261 - Set plugin images path to: C:\ST\STM32CubeIDE_1.12.0\STM32CubeIDE\plugins\com.st.stm32cube.common.mx_6.10.0.202311202037\\db\/plugins/mcufinder/images/
2023-12-22 13:44:34,581 [WARN] DbFile:41 - Overriding database path with different value: C:\Users\user\.stmcufinder\plugins\mcufinder/ => C:\Users\user\.stmcufinder\plugins\mcufinder
2023-12-22 13:44:34,581 [INFO] ApiDb:250 - Set database path to: C:\Users\user\.stmcufinder\plugins\mcufinder//mcu/
2023-12-22 13:44:34,581 [WARN] DbFile:41 - Overriding database path with different value: C:\Users\user\.stmcufinder\plugins\mcufinder/ => C:\Users\user\.stmcufinder\plugins\mcufinder
2023-12-22 13:44:34,581 [INFO] DbMcusAds:125 - Set database path to: C:\Users\user\.stmcufinder\plugins\mcufinder//mcu/
2023-12-22 13:44:34,581 [WARN] DbFile:41 - Overriding database path with different value: C:\Users\user\.stmcufinder\plugins\mcufinder/ => C:\Users\user\.stmcufinder\plugins\mcufinder
2023-12-22 13:44:34,581 [WARN] DbFile:41 - Overriding database path with different value: C:\Users\user\.stmcufinder\plugins\mcufinder/ => C:\Users\user\.stmcufinder\plugins\mcufinder
2023-12-22 13:44:34,582 [INFO] CrossReferenceDbSqlite:203 - Set database path to: C:\Users\user\.stmcufinder\plugins\mcufinder//mcu/cs/
2023-12-22 13:44:34,688 [INFO] MainPanel:264 - HeapMemory: 591396864
2023-12-22 13:44:34,838 [INFO] DbMcusXml:78 - Set database path to: C:\ST\STM32CubeIDE_1.12.0\STM32CubeIDE\plugins\com.st.stm32cube.common.mx_6.10.0.202311202037\\db\/mcu/
2023-12-22 13:44:34,839 [INFO] ApiDb:274 - Set plugin database path to: C:\ST\STM32CubeIDE_1.12.0\STM32CubeIDE\plugins\com.st.stm32cube.common.mx_6.10.0.202311202037\\db\/plugins/boardmanager/
2023-12-22 13:44:34,839 [INFO] ApiDb:261 - Set plugin images path to: C:\ST\STM32CubeIDE_1.12.0\STM32CubeIDE\plugins\com.st.stm32cube.common.mx_6.10.0.202311202037\\db\/plugins/mcufinder/images/
2023-12-22 13:44:34,839 [WARN] DbFile:41 - Overriding database path with different value: C:\Users\user\.stmcufinder\plugins\mcufinder/ => C:\Users\user\.stmcufinder\plugins\mcufinder
2023-12-22 13:44:34,840 [INFO] ApiDb:250 - Set database path to: C:\Users\user\.stmcufinder\plugins\mcufinder//mcu/
2023-12-22 13:44:34,840 [WARN] DbFile:41 - Overriding database path with different value: C:\Users\user\.stmcufinder\plugins\mcufinder/ => C:\Users\user\.stmcufinder\plugins\mcufinder
2023-12-22 13:44:34,840 [INFO] DbMcusAds:125 - Set database path to: C:\Users\user\.stmcufinder\plugins\mcufinder//mcu/
2023-12-22 13:44:34,840 [WARN] DbFile:41 - Overriding database path with different value: C:\Users\user\.stmcufinder\plugins\mcufinder/ => C:\Users\user\.stmcufinder\plugins\mcufinder
2023-12-22 13:44:34,840 [WARN] DbFile:41 - Overriding database path with different value: C:\Users\user\.stmcufinder\plugins\mcufinder/ => C:\Users\user\.stmcufinder\plugins\mcufinder
2023-12-22 13:44:34,840 [INFO] CrossReferenceDbSqlite:203 - Set database path to: C:\Users\user\.stmcufinder\plugins\mcufinder//mcu/cs/
2023-12-22 13:44:34,876 [INFO] ApplicationProperties:184 - Using Application install path: C:\ST\STM32CubeIDE_1.12.0\STM32CubeIDE\plugins\com.st.stm32cube.common.mx_6.10.0.202311202037
2023-12-22 13:44:34,878 [INFO] PluginManage:196 - Search for loadable plugins [exclusion list=, ]
2023-12-22 13:44:34,881 [INFO] PluginManage:310 - Check plugin analytics
2023-12-22 13:44:35,134 [INFO] AnalyticsPlugin:253 - Accepted Software Licenses: STM32CubeMX.6.8.0,STM32CubeMX.6.8.1,STM32CubeMX.6.5.0,STM32CubeMX.6.9.1,STM32CubeMX.6.9.2,STM32CubeMX.6.10.0
2023-12-22 13:44:35,135 [INFO] AnalyticsPlugin:255 - Accepted CMSIS Pack Licenses: emotas.I-CUBE-CANOPEN.1.1.3,STMicroelectronics.X-CUBE-TOUCHGFX.4.21.0,STMicroelectronics.X-CUBE-TOUCHGFX.4.21.1,STMicroelectronics.X-CUBE-TOUCHGFX.4.18.0,STMicroelectronics.X-CUBE-TOUCHGFX.4.22.1,STMicroelectronics.X-CUBE-AZRTOS-H7.3.1.0,STMicroelectronics.X-CUBE-AZRTOS-H7.3.2.0,ITTIA_DB.I-CUBE-ITTIADB.8.8.0
2023-12-22 13:44:35,135 [INFO] AnalyticsPlugin:257 - Accepted Firmware Licenses: FW.H7.1.11.0,FW.G0.1.6.0,FW.F4.1.27.0
2023-12-22 13:44:35,139 [INFO] PluginManage:359 - Loaded plugin analytics (category:tool,tabindex:-1)
2023-12-22 13:44:35,140 [INFO] PluginManage:310 - Check plugin cadmodel
2023-12-22 13:44:35,147 [INFO] CADModel:105 - Init CAD model plugin
2023-12-22 13:44:35,147 [INFO] PluginManage:359 - Loaded plugin cadmodel (category:power,tabindex:5)
2023-12-22 13:44:35,147 [INFO] PluginManage:310 - Check plugin clock
2023-12-22 13:44:35,162 [INFO] PluginManage:359 - Loaded plugin clock (category:base,tabindex:2)
2023-12-22 13:44:35,162 [INFO] PluginManage:310 - Check plugin ddr
2023-12-22 13:44:35,166 [INFO] PluginManage:359 - Loaded plugin ddr (category:tool,tabindex:6)
2023-12-22 13:44:35,166 [INFO] PluginManage:310 - Check plugin filemanager
2023-12-22 13:44:35,424 [INFO] PluginManage:359 - Loaded plugin filemanager (category:base,tabindex:10)
2023-12-22 13:44:35,424 [INFO] PluginManage:310 - Check plugin ipmanager
2023-12-22 13:44:35,433 [INFO] PluginManage:359 - Loaded plugin ipmanager (category:base,tabindex:5)
2023-12-22 13:44:35,433 [INFO] PluginManage:310 - Check plugin lpbam
2023-12-22 13:44:35,445 [INFO] PluginManage:359 - Loaded plugin lpbam (category:base,tabindex:0)
2023-12-22 13:44:35,445 [INFO] PluginManage:310 - Check plugin memorymap
2023-12-22 13:44:35,464 [INFO] PluginManage:359 - Loaded plugin memorymap (category:base,tabindex:4)
2023-12-22 13:44:35,464 [INFO] PluginManage:310 - Check plugin pinoutandconfiguration
2023-12-22 13:44:35,474 [INFO] PluginManage:359 - Loaded plugin pinoutandconfiguration (category:base,tabindex:1)
2023-12-22 13:44:35,475 [INFO] PluginManage:310 - Check plugin pinoutconfig
2023-12-22 13:44:35,596 [WARN] SupportedApi:132 - Cannot load RTOS API schema: s4s-elt-must-match.1: The content of 'definitions' must match (annotation?, (simpleType | complexType)?, (unique | key | keyref)*)). A problem was found starting at: attribute.
2023-12-22 13:44:35,774 [INFO] PluginManage:359 - Loaded plugin pinoutconfig (category:base,tabindex:0)
2023-12-22 13:44:35,774 [INFO] PluginManage:310 - Check plugin power
2023-12-22 13:44:35,787 [INFO] PluginManage:359 - Loaded plugin power (category:power,tabindex:4)
2023-12-22 13:44:35,787 [INFO] PluginManage:310 - Check plugin projectmanager
2023-12-22 13:44:35,809 [INFO] PluginManage:359 - Loaded plugin projectmanager (category:projectmanager,tabindex:3)
2023-12-22 13:44:35,809 [INFO] PluginManage:310 - Check plugin thirdparty
2023-12-22 13:44:35,992 [INFO] PluginManage:359 - Loaded plugin thirdparty (category:base,tabindex:-1)
2023-12-22 13:44:35,992 [WARN] IntegrityCheckThread:84 - waiting for thirdparty lock release [integrity check]
2023-12-22 13:44:35,992 [INFO] PluginManage:310 - Check plugin tools
2023-12-22 13:44:35,993 [INFO] IntegrityCheckThread:86 - entering critical section [integrity check]
2023-12-22 13:44:35,994 [INFO] ThirdPartyUpdaterWithRetryManager:70 - Updater plugin not ready yet. [1/15]
2023-12-22 13:44:35,997 [INFO] PluginManage:359 - Loaded plugin tools (category:base,tabindex:7)
2023-12-22 13:44:35,997 [INFO] PluginManage:310 - Check plugin tutovideos
2023-12-22 13:44:36,228 [INFO] PluginManage:359 - Loaded plugin tutovideos (category:base,tabindex:-1)
2023-12-22 13:44:36,228 [INFO] PluginManage:310 - Check plugin updater
2023-12-22 13:44:36,241 [INFO] PluginManage:359 - Loaded plugin updater (category:base,tabindex:12)
2023-12-22 13:44:36,241 [INFO] PluginManage:310 - Check plugin userauth
2023-12-22 13:44:36,248 [INFO] UserAuth:114 - Init User Auth plugin
2023-12-22 13:44:36,248 [INFO] PluginManage:359 - Loaded plugin userauth (category:base,tabindex:14)
2023-12-22 13:44:36,249 [INFO] PluginManage:283 - PluginManage : Loaded plugins [17]
2023-12-22 13:44:36,528 [INFO] PinOutPanel:1499 - setPackage(No Configuration,No Configuration)
2023-12-22 13:44:36,601 [INFO] CADModel:165 - CPN selected for project level
2023-12-22 13:44:36,602 [INFO] CADModel:114 - Register for checkConnection events
2023-12-22 13:44:36,618 [INFO] IPUIPlugin:80 - create IPUIPlugin
2023-12-22 13:44:36,618 [INFO] PluginManager:220 - loadIPPluginJar : add adc
2023-12-22 13:44:36,621 [INFO] IPUIPlugin:80 - create IPUIPlugin
2023-12-22 13:44:36,621 [INFO] PluginManager:220 - loadIPPluginJar : add aes
2023-12-22 13:44:36,624 [INFO] IPUIPlugin:80 - create IPUIPlugin
2023-12-22 13:44:36,624 [INFO] PluginManager:220 - loadIPPluginJar : add can
2023-12-22 13:44:36,625 [INFO] IPUIPlugin:80 - create IPUIPlugin
2023-12-22 13:44:36,625 [INFO] PluginManager:220 - loadIPPluginJar : add comp
2023-12-22 13:44:36,628 [INFO] IPUIPlugin:80 - create IPUIPlugin
2023-12-22 13:44:36,628 [INFO] PluginManager:220 - loadIPPluginJar : add cryp
2023-12-22 13:44:36,630 [INFO] IPUIPlugin:80 - create IPUIPlugin
2023-12-22 13:44:36,630 [INFO] PluginManager:220 - loadIPPluginJar : add dfsdm
2023-12-22 13:44:36,638 [INFO] IPUIPlugin:80 - create IPUIPlugin
2023-12-22 13:44:36,638 [INFO] PluginManager:220 - loadIPPluginJar : add dma
2023-12-22 13:44:36,641 [INFO] IPUIPlugin:80 - create IPUIPlugin
2023-12-22 13:44:36,641 [INFO] PluginManager:220 - loadIPPluginJar : add dma3
2023-12-22 13:44:36,643 [INFO] IPUIPlugin:80 - create IPUIPlugin
2023-12-22 13:44:36,643 [INFO] PluginManager:220 - loadIPPluginJar : add fatfs
2023-12-22 13:44:36,647 [INFO] IPUIPlugin:80 - create IPUIPlugin
2023-12-22 13:44:36,647 [INFO] PluginManager:220 - loadIPPluginJar : add fmc
2023-12-22 13:44:36,652 [INFO] IPUIPlugin:80 - create IPUIPlugin
2023-12-22 13:44:36,653 [INFO] PluginManager:220 - loadIPPluginJar : add freertos
2023-12-22 13:44:36,655 [INFO] IPUIPlugin:80 - create IPUIPlugin
2023-12-22 13:44:36,655 [INFO] PluginManager:220 - loadIPPluginJar : add genericplugin
2023-12-22 13:44:36,658 [INFO] IPUIPlugin:80 - create IPUIPlugin
2023-12-22 13:44:36,658 [INFO] PluginManager:220 - loadIPPluginJar : add gfxmmu
2023-12-22 13:44:36,663 [INFO] IPUIPlugin:80 - create IPUIPlugin
2023-12-22 13:44:36,663 [INFO] PluginManager:220 - loadIPPluginJar : add gic
2023-12-22 13:44:36,668 [INFO] IPUIPlugin:80 - create IPUIPlugin
2023-12-22 13:44:36,668 [INFO] PluginManager:220 - loadIPPluginJar : add gpio
2023-12-22 13:44:36,670 [INFO] IPUIPlugin:80 - create IPUIPlugin
2023-12-22 13:44:36,670 [INFO] PluginManager:220 - loadIPPluginJar : add gtzc
2023-12-22 13:44:36,673 [INFO] IPUIPlugin:80 - create IPUIPlugin
2023-12-22 13:44:36,673 [INFO] PluginManager:220 - loadIPPluginJar : add hash
2023-12-22 13:44:36,676 [INFO] IPUIPlugin:80 - create IPUIPlugin
2023-12-22 13:44:36,676 [INFO] PluginManager:220 - loadIPPluginJar : add i2c
2023-12-22 13:44:36,678 [INFO] IPUIPlugin:80 - create IPUIPlugin
2023-12-22 13:44:36,678 [INFO] PluginManager:220 - loadIPPluginJar : add i2s
2023-12-22 13:44:36,681 [INFO] IPUIPlugin:80 - create IPUIPlugin
2023-12-22 13:44:36,681 [INFO] PluginManager:220 - loadIPPluginJar : add i3c
2023-12-22 13:44:36,685 [INFO] IPUIPlugin:80 - create IPUIPlugin
2023-12-22 13:44:36,685 [INFO] PluginManager:220 - loadIPPluginJar : add ipddr
2023-12-22 13:44:36,694 [INFO] IPUIPlugin:80 - create IPUIPlugin
2023-12-22 13:44:36,695 [INFO] PluginManager:220 - loadIPPluginJar : add linkedlist
2023-12-22 13:44:36,697 [INFO] IPUIPlugin:80 - create IPUIPlugin
2023-12-22 13:44:36,698 [INFO] PluginManager:220 - loadIPPluginJar : add lorawan
2023-12-22 13:44:36,700 [INFO] IPUIPlugin:80 - create IPUIPlugin
2023-12-22 13:44:36,700 [INFO] PluginManager:220 - loadIPPluginJar : add ltdc
2023-12-22 13:44:36,706 [INFO] IPUIPlugin:80 - create IPUIPlugin
2023-12-22 13:44:36,706 [INFO] PluginManager:220 - loadIPPluginJar : add mdma
2023-12-22 13:44:36,710 [INFO] IPUIPlugin:80 - create IPUIPlugin
2023-12-22 13:44:36,710 [INFO] PluginManager:220 - loadIPPluginJar : add nvic
2023-12-22 13:44:36,714 [INFO] IPUIPlugin:80 - create IPUIPlugin
2023-12-22 13:44:36,715 [INFO] PluginManager:220 - loadIPPluginJar : add opamp
2023-12-22 13:44:36,718 [INFO] IPUIPlugin:80 - create IPUIPlugin
2023-12-22 13:44:36,718 [INFO] PluginManager:220 - loadIPPluginJar : add openamp
2023-12-22 13:44:36,722 [INFO] IPUIPlugin:80 - create IPUIPlugin
2023-12-22 13:44:36,722 [INFO] PluginManager:220 - loadIPPluginJar : add pdm2pcm
2023-12-22 13:44:36,729 [INFO] IPUIPlugin:80 - create IPUIPlugin
2023-12-22 13:44:36,730 [INFO] PluginManager:220 - loadIPPluginJar : add plateformsettings
2023-12-22 13:44:36,733 [INFO] IPUIPlugin:80 - create IPUIPlugin
2023-12-22 13:44:36,733 [INFO] PluginManager:220 - loadIPPluginJar : add quadspi
2023-12-22 13:44:36,737 [INFO] IPUIPlugin:80 - create IPUIPlugin
2023-12-22 13:44:36,738 [INFO] PluginManager:220 - loadIPPluginJar : add resmgrutility
2023-12-22 13:44:36,740 [INFO] IPUIPlugin:80 - create IPUIPlugin
2023-12-22 13:44:36,740 [INFO] PluginManager:220 - loadIPPluginJar : add sai
2023-12-22 13:44:36,742 [INFO] IPUIPlugin:80 - create IPUIPlugin
2023-12-22 13:44:36,742 [INFO] PluginManager:220 - loadIPPluginJar : add spi
2023-12-22 13:44:36,747 [INFO] IPUIPlugin:80 - create IPUIPlugin
2023-12-22 13:44:36,747 [INFO] PluginManager:220 - loadIPPluginJar : add stm32_wpan
2023-12-22 13:44:36,749 [INFO] IPUIPlugin:80 - create IPUIPlugin
2023-12-22 13:44:36,749 [INFO] PluginManager:220 - loadIPPluginJar : add tim
2023-12-22 13:44:36,752 [INFO] IPUIPlugin:80 - create IPUIPlugin
2023-12-22 13:44:36,752 [INFO] PluginManager:220 - loadIPPluginJar : add touchsensing
2023-12-22 13:44:36,754 [INFO] IPUIPlugin:80 - create IPUIPlugin
2023-12-22 13:44:36,754 [INFO] PluginManager:220 - loadIPPluginJar : add tracer_emb
2023-12-22 13:44:36,756 [INFO] IPUIPlugin:80 - create IPUIPlugin
2023-12-22 13:44:36,756 [INFO] PluginManager:220 - loadIPPluginJar : add ts
2023-12-22 13:44:36,757 [INFO] IPUIPlugin:80 - create IPUIPlugin
2023-12-22 13:44:36,757 [INFO] PluginManager:220 - loadIPPluginJar : add tsc
2023-12-22 13:44:36,760 [INFO] IPUIPlugin:80 - create IPUIPlugin
2023-12-22 13:44:36,760 [INFO] PluginManager:220 - loadIPPluginJar : add ucpd
2023-12-22 13:44:36,763 [INFO] IPUIPlugin:80 - create IPUIPlugin
2023-12-22 13:44:36,763 [INFO] PluginManager:220 - loadIPPluginJar : add usart
2023-12-22 13:44:36,766 [INFO] IPUIPlugin:80 - create IPUIPlugin
2023-12-22 13:44:36,767 [INFO] PluginManager:220 - loadIPPluginJar : add usbx
2023-12-22 13:44:36,896 [INFO] CADModel:165 - CPN selected for project level
2023-12-22 13:44:36,897 [INFO] CADModel:114 - Register for checkConnection events
2023-12-22 13:44:36,897 [FATAL] Updater:308 - Updater called before beeing initialized
2023-12-22 13:44:36,897 [ERROR] CADModel:125 - Updater not yet initialized, retry later 
2023-12-22 13:44:37,027 [INFO] CADModel:165 - CPN selected for project level
2023-12-22 13:44:37,029 [INFO] CADModel:114 - Register for checkConnection events
2023-12-22 13:44:37,029 [FATAL] Updater:308 - Updater called before beeing initialized
2023-12-22 13:44:37,029 [ERROR] CADModel:125 - Updater not yet initialized, retry later 
2023-12-22 13:44:37,032 [FATAL] Updater:308 - Updater called before beeing initialized
2023-12-22 13:44:37,138 [FATAL] Updater:308 - Updater called before beeing initialized
2023-12-22 13:44:37,142 [INFO] DbMcusAds:53 - JSON generation date=Wed Nov 29 17:52:27 ICT 2023 (1701255147349)
2023-12-22 13:44:37,142 [FATAL] Updater:308 - Updater called before beeing initialized
2023-12-22 13:44:37,183 [WARN] DetailPanel:346 - Failed to get advertising image, set to default
2023-12-22 13:44:37,272 [FATAL] Updater:308 - Updater called before beeing initialized
2023-12-22 13:44:37,274 [FATAL] Updater:308 - Updater called before beeing initialized
2023-12-22 13:44:37,274 [FATAL] Updater:308 - Updater called before beeing initialized
2023-12-22 13:44:37,274 [WARN] DetailPanel:346 - Failed to get advertising image, set to default
2023-12-22 13:44:37,274 [FATAL] Updater:308 - Updater called before beeing initialized
2023-12-22 13:44:37,330 [ERROR] Updater:1120 - MainUpdater not yet initialized. External WinMGr cannot be set.
2023-12-22 13:44:37,333 [INFO] Updater:1056 - Updater Version found : 6.10.0
2023-12-22 13:44:37,360 [INFO] ApplicationProperties:184 - Using Application install path: C:\ST\STM32CubeIDE_1.12.0\STM32CubeIDE\plugins\com.st.stm32cube.common.mx_6.10.0.202311202037
2023-12-22 13:44:37,843 [INFO] MainUpdater:2873 - connection check result : 10
2023-12-22 13:44:37,844 [INFO] MainUpdater:290 - Updater Check For Update Now.
2023-12-22 13:44:37,844 [INFO] MicroXplorer:498 - Change Database Version : DB.6.0.100
2023-12-22 13:44:37,851 [INFO] McuFinderGlobals:63 - Set McuFinder mode to 2 (CubeIDE integrated)
2023-12-22 13:44:37,859 [INFO] UserAuth:404 - Internet connection configuration mode: 1
2023-12-22 13:44:37,881 [INFO] JxBrowserEngine:152 - Initiate JxBrowser Engine with user profile folder
2023-12-22 13:44:38,069 [INFO] CheckServerUpdateThread:120 - End of CheckServer Thread
2023-12-22 13:44:38,808 [INFO] WebApp:161 - Instantiating new browser for Auth
2023-12-22 13:44:39,319 [WARN] PackLoader:240 - Cannot read IP mode file for STMicroelectronics.X-CUBE-SMBUS.2.1.0
2023-12-22 13:44:39,347 [WARN] PackLoader:240 - Cannot read IP mode file for STMicroelectronics.X-CUBE-TOUCHGFX.4.23.0
2023-12-22 13:44:39,523 [WARN] PackLoader:240 - Cannot read IP mode file for STMicroelectronics.X-CUBE-AZRTOS-F7.1.1.0
2023-12-22 13:44:39,540 [WARN] PackLoader:240 - Cannot read IP mode file for STMicroelectronics.FP-SNS-MOTENV1.4.3.2
2023-12-22 13:44:39,567 [WARN] PackLoader:240 - Cannot read IP mode file for STMicroelectronics.FP-SNS-FLIGHT1.5.0.2
2023-12-22 13:44:39,581 [WARN] PackLoader:240 - Cannot read IP mode file for STMicroelectronics.X-CUBE-DISPLAY.3.0.0
2023-12-22 13:44:39,598 [WARN] PackLoader:240 - Cannot read IP mode file for STMicroelectronics.X-CUBE-BLE1.7.0.0
2023-12-22 13:44:39,606 [WARN] PackLoader:240 - Cannot read IP mode file for emotas.I-CUBE-CANOPEN.1.3.0
2023-12-22 13:44:39,655 [WARN] PackLoader:240 - Cannot read IP mode file for STMicroelectronics.X-CUBE-TOUCHGFX.4.22.0
2023-12-22 13:44:39,710 [WARN] PackLoader:240 - Cannot read IP mode file for STMicroelectronics.X-CUBE-TOUCHGFX.4.22.1
2023-12-22 13:44:39,753 [WARN] PackLoader:240 - Cannot read IP mode file for STMicroelectronics.FP-SNS-SMARTAG2.1.2.0
2023-12-22 13:44:39,770 [INFO] LogOutputStream:77 - [STDOUT_REDIRECT] 1 : Invalid condition id : UX_CORESTACK_Condition cause : null
2023-12-22 13:44:39,771 [INFO] LogOutputStream:77 - [STDOUT_REDIRECT] 1 : Invalid condition id : UX_CORESTACK_Condition cause : null
2023-12-22 13:44:39,774 [INFO] LogOutputStream:77 - [STDOUT_REDIRECT] 1 : Invalid condition id : UX_CORESTACK_Condition cause : null
2023-12-22 13:44:39,775 [INFO] LogOutputStream:77 - [STDOUT_REDIRECT] 1 : Invalid condition id : UX_CORESTACK_Condition cause : null
2023-12-22 13:44:39,778 [INFO] LogOutputStream:77 - [STDOUT_REDIRECT] 1 : Invalid condition id : UX_CORESTACK_Condition cause : null
2023-12-22 13:44:39,786 [WARN] PackLoader:240 - Cannot read IP mode file for STMicroelectronics.X-CUBE-AZRTOS-WL.2.0.0
2023-12-22 13:44:39,806 [WARN] PackLoader:240 - Cannot read IP mode file for WES.I-CUBE-Cesium.1.3.0
2023-12-22 13:44:39,812 [WARN] PackLoader:240 - Cannot read IP mode file for STMicroelectronics.X-CUBE-BLE2.3.3.0
2023-12-22 13:44:39,818 [WARN] PackLoader:240 - Cannot read IP mode file for STMicroelectronics.X-CUBE-TOUCHGFX.4.18.0
2023-12-22 13:44:39,855 [WARN] PackLoader:240 - Cannot read IP mode file for STMicroelectronics.X-CUBE-TOUCHGFX.4.21.1
2023-12-22 13:44:39,898 [WARN] PackLoader:240 - Cannot read IP mode file for STMicroelectronics.X-CUBE-TOUCHGFX.4.21.0
2023-12-22 13:44:39,936 [WARN] PackLoader:240 - Cannot read IP mode file for STMicroelectronics.X-CUBE-TOUCHGFX.4.21.4
2023-12-22 13:44:39,978 [WARN] PackLoader:240 - Cannot read IP mode file for STMicroelectronics.X-CUBE-ALGOBUILD.1.3.0
2023-12-22 13:44:40,001 [WARN] PackLoader:240 - Cannot read IP mode file for STMicroelectronics.X-CUBE-AZRTOS-G0.1.1.0
2023-12-22 13:44:40,012 [WARN] PackLoader:240 - Cannot read IP mode file for STMicroelectronics.X-CUBE-NFC4.3.0.0
2023-12-22 13:44:40,024 [WARN] PackLoader:240 - Cannot read IP mode file for STMicroelectronics.X-CUBE-BLEMGR.3.0.0
2023-12-22 13:44:40,032 [WARN] PackLoader:240 - Cannot read IP mode file for STMicroelectronics.FP-ATR-SIGFOX1.3.2.0
2023-12-22 13:44:40,038 [WARN] PackLoader:240 - Cannot read IP mode file for STMicroelectronics.X-CUBE-GNSS1.6.0.0
2023-12-22 13:44:40,060 [WARN] PackLoader:240 - Cannot read IP mode file for STMicroelectronics.X-CUBE-AZRTOS-F4.1.1.0
2023-12-22 13:44:40,069 [WARN] PackLoader:240 - Cannot read IP mode file for wolfSSL.I-CUBE-wolfSSL.5.6.4
2023-12-22 13:44:40,087 [WARN] PackLoader:240 - Cannot read IP mode file for STMicroelectronics.X-CUBE-AZRTOS-L5.2.0.0
2023-12-22 13:44:40,095 [WARN] PackLoader:240 - Cannot read IP mode file for STMicroelectronics.X-CUBE-EEPRMA1.4.2.0
2023-12-22 13:44:40,103 [WARN] PackLoader:240 - Cannot read IP mode file for ITTIA_DB.I-CUBE-ITTIADB.8.8.0
2023-12-22 13:44:40,132 [WARN] PackLoader:240 - Cannot read IP mode file for emotas.I-CUBE-CANOPEN.1.1.3
2023-12-22 13:44:40,182 [WARN] ConditionMgr:438 - getConditionDescription Invalid condition id : UX DEVICE CLASS RTOS Condition cause : null
2023-12-22 13:44:40,182 [WARN] ConditionMgr:438 - getConditionDescription Invalid condition id : UX DEVICE CLASS RTOS Condition cause : null
2023-12-22 13:44:40,186 [WARN] PackLoader:240 - Cannot read IP mode file for STMicroelectronics.X-CUBE-AZRTOS-H7.3.1.0
2023-12-22 13:44:40,187 [WARN] ConditionMgr:1039 - genDependencies : Invalid condition id : UX DEVICE CLASS RTOS Condition cause : null
2023-12-22 13:44:40,187 [WARN] ConditionMgr:1039 - genDependencies : Invalid condition id : UX DEVICE CLASS RTOS Condition cause : null
2023-12-22 13:44:40,188 [WARN] ConditionMgr:1039 - genDependencies : Invalid condition id : UX DEVICE CLASS RTOS Condition cause : null
2023-12-22 13:44:40,189 [WARN] ConditionMgr:1039 - genDependencies : Invalid condition id : UX DEVICE CLASS RTOS Condition cause : null
2023-12-22 13:44:40,189 [WARN] ConditionMgr:1039 - genDependencies : Invalid condition id : UX DEVICE CLASS RTOS Condition cause : null
2023-12-22 13:44:40,198 [WARN] ConditionMgr:438 - getConditionDescription Invalid condition id : UX DEVICE CLASS RTOS Condition cause : null
2023-12-22 13:44:40,199 [WARN] ConditionMgr:438 - getConditionDescription Invalid condition id : UX DEVICE CLASS RTOS Condition cause : null
2023-12-22 13:44:40,325 [WARN] PackLoader:240 - Cannot read IP mode file for STMicroelectronics.X-CUBE-NFC7.1.0.1
2023-12-22 13:44:40,335 [WARN] PackLoader:240 - Cannot read IP mode file for STMicroelectronics.X-CUBE-NFC6.3.0.0
2023-12-22 13:44:40,343 [WARN] PackLoader:240 - Cannot read IP mode file for STMicroelectronics.X-CUBE-AI.8.1.0
2023-12-22 13:44:40,393 [WARN] ConditionMgr:438 - getConditionDescription Invalid condition id : LAN8742 Phy interface Condition cause : null
2023-12-22 13:44:40,394 [WARN] PackLoader:240 - Cannot read IP mode file for STMicroelectronics.X-CUBE-AZRTOS-L4.2.0.0
2023-12-22 13:44:40,395 [WARN] ConditionMgr:1039 - genDependencies : Invalid condition id : LAN8742 Phy interface Condition cause : null
2023-12-22 13:44:40,395 [WARN] ConditionMgr:1039 - genDependencies : Invalid condition id : LAN8742 Phy interface Condition cause : null
2023-12-22 13:44:40,396 [WARN] ConditionMgr:1039 - genDependencies : Invalid condition id : LAN8742 Phy interface Condition cause : null
2023-12-22 13:44:40,405 [WARN] PackLoader:240 - Cannot read IP mode file for STMicroelectronics.X-CUBE-SFXS2LP1.4.0.0
2023-12-22 13:44:40,422 [WARN] PackLoader:240 - Cannot read IP mode file for STMicroelectronics.X-CUBE-ISPU.1.1.0
2023-12-22 13:44:40,437 [WARN] ConditionMgr:438 - getConditionDescription Invalid condition id : UX DEVICE CLASS RTOS Condition cause : null
2023-12-22 13:44:40,441 [WARN] ConditionMgr:438 - getConditionDescription Invalid condition id : UX DEVICE CLASS RTOS Condition cause : null
2023-12-22 13:44:40,462 [WARN] PackLoader:240 - Cannot read IP mode file for STMicroelectronics.X-CUBE-AZRTOS-WB.2.0.0
2023-12-22 13:44:40,463 [WARN] ConditionMgr:1039 - genDependencies : Invalid condition id : UX DEVICE CLASS RTOS Condition cause : null
2023-12-22 13:44:40,464 [WARN] ConditionMgr:1039 - genDependencies : Invalid condition id : UX DEVICE CLASS RTOS Condition cause : null
2023-12-22 13:44:40,464 [WARN] ConditionMgr:1039 - genDependencies : Invalid condition id : UX DEVICE CLASS RTOS Condition cause : null
2023-12-22 13:44:40,465 [WARN] ConditionMgr:1039 - genDependencies : Invalid condition id : UX DEVICE CLASS RTOS Condition cause : null
2023-12-22 13:44:40,465 [WARN] ConditionMgr:1039 - genDependencies : Invalid condition id : UX DEVICE CLASS RTOS Condition cause : null
2023-12-22 13:44:40,479 [WARN] PackLoader:240 - Cannot read IP mode file for STMicroelectronics.X-CUBE-SUBG2.5.0.0
2023-12-22 13:44:40,500 [WARN] PackLoader:240 - Cannot read IP mode file for STMicroelectronics.X-CUBE-TOF1.3.3.1
2023-12-22 13:44:40,566 [WARN] PackLoader:240 - Cannot read IP mode file for STMicroelectronics.X-CUBE-AZRTOS-G4.2.0.0
2023-12-22 13:44:40,580 [WARN] PackLoader:240 - Cannot read IP mode file for STMicroelectronics.X-CUBE-TOF1.3.3.0
2023-12-22 13:44:40,647 [WARN] PackLoader:240 - Cannot read IP mode file for Infineon.AIROC-Wi-Fi-Bluetooth-STM32.1.5.1
2023-12-22 13:44:40,658 [WARN] PackLoader:240 - Cannot read IP mode file for STMicroelectronics.FP-SNS-MOTENVWB1.1.3.0
2023-12-22 13:44:40,663 [WARN] PackLoader:240 - Cannot read IP mode file for STMicroelectronics.FP-SNS-MOTENVWB1.1.3.1
2023-12-22 13:44:40,668 [WARN] PackLoader:240 - Cannot read IP mode file for STMicroelectronics.X-CUBE-ISPU.2.0.0
2023-12-22 13:44:40,712 [WARN] PackLoader:240 - Cannot read IP mode file for STMicroelectronics.X-CUBE-MEMS1.10.0.0
2023-12-22 13:44:40,944 [INFO] WebApp:780 - Register for checkConnection events
2023-12-22 13:44:40,945 [INFO] WebApp:414 - Apply proxy settings
2023-12-22 13:44:40,945 [INFO] WebApp:499 - Chromium requires no authentication
2023-12-22 13:44:40,946 [WARN] PackLoader:240 - Cannot read IP mode file for STMicroelectronics.X-CUBE-FREERTOS.1.1.0
2023-12-22 13:44:40,953 [WARN] PackLoader:240 - Cannot read IP mode file for portGmbH.I-Cube-SoM-uGOAL.1.1.0
2023-12-22 13:44:40,958 [WARN] PackLoader:240 - Cannot read IP mode file for STMicroelectronics.X-CUBE-ALS.1.0.1
2023-12-22 13:44:40,962 [INFO] WebApp:442 - Direct internet connection detected
2023-12-22 13:44:40,963 [WARN] PackLoader:240 - Cannot read IP mode file for STMicroelectronics.FP-ATR-ASTRA1.2.0.0
2023-12-22 13:44:40,977 [WARN] PackLoader:240 - Cannot read IP mode file for STMicroelectronics.X-CUBE-TOF1.3.4.0
2023-12-22 13:44:41,061 [WARN] PackLoader:240 - Cannot read IP mode file for STMicroelectronics.X-CUBE-AZRTOS-H7.3.2.0
2023-12-22 13:44:41,163 [INFO] ThirdParty:978 - Integrity check success = true
2023-12-22 13:44:41,163 [INFO] IntegrityCheckThread:100 - exiting critical section [integrity check]
2023-12-22 13:44:41,163 [INFO] IntegrityCheckThread:103 - End integrity checks thread
2023-12-22 13:44:41,293 [INFO] WebApp:192 - Starting web application
2023-12-22 13:44:41,294 [INFO] WebApp:544 - Web application path used C:\ST\STM32CubeIDE_1.12.0\STM32CubeIDE\plugins\com.st.stm32cube.common.mx_6.10.0.202311202037\db\plugins\mcufinder\reactClient1\index.html
2023-12-22 17:30:25,547 [ERROR] LogOutputStream:75 - [STDERR_REDIRECT] 
2023-12-22 17:30:25,549 [ERROR] LogOutputStream:75 - [STDERR_REDIRECT] 
