2024-01-18 10:53:55,799 [INFO] Activator:176 - 


2024-01-18 10:53:55,805 [INFO] Activator:177 - !SESSION log4j initialized
2024-01-18 10:54:05,420 [INFO] LogOutputStream:77 - [STDOUT_REDIRECT] 
2024-01-18 10:54:06,303 [ERROR] LogOutputStream:75 - [STDERR_REDIRECT] ?.?. 18, 2024 10:54:06 ??????? org.glassfish.grizzly.http.server.NetworkListener start
2024-01-18 10:54:06,304 [ERROR] LogOutputStream:75 - [STDERR_REDIRECT] INFO: Started listener bound to [localhost:1596]
2024-01-18 10:54:06,304 [ERROR] LogOutputStream:75 - [STDERR_REDIRECT] 
2024-01-18 10:54:06,306 [ERROR] LogOutputStream:75 - [STDERR_REDIRECT] ?.?. 18, 2024 10:54:06 ??????? org.glassfish.grizzly.http.server.HttpServer start
2024-01-18 10:54:06,307 [ERROR] LogOutputStream:75 - [STDERR_REDIRECT] INFO: [HttpServer] Started.
2024-01-18 10:54:06,308 [ERROR] LogOutputStream:75 - [STDERR_REDIRECT] 
2024-01-18 10:54:08,260 [INFO] ApplicationProperties:184 - Using Application install path: C:\ST\STM32CubeIDE_1.12.0\STM32CubeIDE\plugins\com.st.stm32cube.common.mx_6.10.0.202311202037
2024-01-18 10:54:08,294 [INFO] DbMcusXml:78 - Set database path to: C:\ST\STM32CubeIDE_1.12.0\STM32CubeIDE\plugins\com.st.stm32cube.common.mx_6.10.0.202311202037\\db\/mcu/
2024-01-18 10:54:08,295 [INFO] ApiDb:274 - Set plugin database path to: C:\ST\STM32CubeIDE_1.12.0\STM32CubeIDE\plugins\com.st.stm32cube.common.mx_6.10.0.202311202037\\db\/plugins/boardmanager/
2024-01-18 10:54:08,295 [WARN] ApiDb:259 - Overriding images path with different value:  => C:\ST\STM32CubeIDE_1.12.0\STM32CubeIDE\plugins\com.st.stm32cube.common.mx_6.10.0.202311202037\\db\/plugins/mcufinder/images/
2024-01-18 10:54:08,338 [INFO] ApiDb:250 - Set database path to: C:\Users\user\.stmcufinder\plugins\mcufinder//mcu/
2024-01-18 10:54:08,340 [INFO] DbMcusAds:125 - Set database path to: C:\Users\user\.stmcufinder\plugins\mcufinder//mcu/
2024-01-18 10:54:08,344 [INFO] CrossReferenceDbSqlite:203 - Set database path to: C:\Users\user\.stmcufinder\plugins\mcufinder//mcu/cs/
2024-01-18 10:54:08,499 [INFO] RulesReader:64 - Compatibility file has been processed (297 Rules)
2024-01-18 10:54:08,590 [INFO] DbMcusXml:78 - Set database path to: C:\ST\STM32CubeIDE_1.12.0\STM32CubeIDE\plugins\com.st.stm32cube.common.mx_6.10.0.202311202037\\db\/mcu/
2024-01-18 10:54:08,590 [INFO] ApiDb:274 - Set plugin database path to: C:\ST\STM32CubeIDE_1.12.0\STM32CubeIDE\plugins\com.st.stm32cube.common.mx_6.10.0.202311202037\\db\/plugins/boardmanager/
2024-01-18 10:54:08,590 [INFO] ApiDb:261 - Set plugin images path to: C:\ST\STM32CubeIDE_1.12.0\STM32CubeIDE\plugins\com.st.stm32cube.common.mx_6.10.0.202311202037\\db\/plugins/mcufinder/images/
2024-01-18 10:54:08,591 [WARN] DbFile:41 - Overriding database path with different value: C:\Users\user\.stmcufinder\plugins\mcufinder/ => C:\Users\user\.stmcufinder\plugins\mcufinder
2024-01-18 10:54:08,591 [INFO] ApiDb:250 - Set database path to: C:\Users\user\.stmcufinder\plugins\mcufinder//mcu/
2024-01-18 10:54:08,591 [WARN] DbFile:41 - Overriding database path with different value: C:\Users\user\.stmcufinder\plugins\mcufinder/ => C:\Users\user\.stmcufinder\plugins\mcufinder
2024-01-18 10:54:08,591 [INFO] DbMcusAds:125 - Set database path to: C:\Users\user\.stmcufinder\plugins\mcufinder//mcu/
2024-01-18 10:54:08,591 [WARN] DbFile:41 - Overriding database path with different value: C:\Users\user\.stmcufinder\plugins\mcufinder/ => C:\Users\user\.stmcufinder\plugins\mcufinder
2024-01-18 10:54:08,591 [WARN] DbFile:41 - Overriding database path with different value: C:\Users\user\.stmcufinder\plugins\mcufinder/ => C:\Users\user\.stmcufinder\plugins\mcufinder
2024-01-18 10:54:08,591 [INFO] CrossReferenceDbSqlite:203 - Set database path to: C:\Users\user\.stmcufinder\plugins\mcufinder//mcu/cs/
2024-01-18 10:54:08,713 [INFO] MainPanel:264 - HeapMemory: 268435456
2024-01-18 10:54:08,901 [INFO] DbMcusXml:78 - Set database path to: C:\ST\STM32CubeIDE_1.12.0\STM32CubeIDE\plugins\com.st.stm32cube.common.mx_6.10.0.202311202037\\db\/mcu/
2024-01-18 10:54:08,901 [INFO] ApiDb:274 - Set plugin database path to: C:\ST\STM32CubeIDE_1.12.0\STM32CubeIDE\plugins\com.st.stm32cube.common.mx_6.10.0.202311202037\\db\/plugins/boardmanager/
2024-01-18 10:54:08,902 [INFO] ApiDb:261 - Set plugin images path to: C:\ST\STM32CubeIDE_1.12.0\STM32CubeIDE\plugins\com.st.stm32cube.common.mx_6.10.0.202311202037\\db\/plugins/mcufinder/images/
2024-01-18 10:54:08,902 [WARN] DbFile:41 - Overriding database path with different value: C:\Users\user\.stmcufinder\plugins\mcufinder/ => C:\Users\user\.stmcufinder\plugins\mcufinder
2024-01-18 10:54:08,903 [INFO] ApiDb:250 - Set database path to: C:\Users\user\.stmcufinder\plugins\mcufinder//mcu/
2024-01-18 10:54:08,903 [WARN] DbFile:41 - Overriding database path with different value: C:\Users\user\.stmcufinder\plugins\mcufinder/ => C:\Users\user\.stmcufinder\plugins\mcufinder
2024-01-18 10:54:08,903 [INFO] DbMcusAds:125 - Set database path to: C:\Users\user\.stmcufinder\plugins\mcufinder//mcu/
2024-01-18 10:54:08,903 [WARN] DbFile:41 - Overriding database path with different value: C:\Users\user\.stmcufinder\plugins\mcufinder/ => C:\Users\user\.stmcufinder\plugins\mcufinder
2024-01-18 10:54:08,903 [WARN] DbFile:41 - Overriding database path with different value: C:\Users\user\.stmcufinder\plugins\mcufinder/ => C:\Users\user\.stmcufinder\plugins\mcufinder
2024-01-18 10:54:08,903 [INFO] CrossReferenceDbSqlite:203 - Set database path to: C:\Users\user\.stmcufinder\plugins\mcufinder//mcu/cs/
2024-01-18 10:54:08,934 [INFO] ApplicationProperties:184 - Using Application install path: C:\ST\STM32CubeIDE_1.12.0\STM32CubeIDE\plugins\com.st.stm32cube.common.mx_6.10.0.202311202037
2024-01-18 10:54:08,937 [INFO] PluginManage:196 - Search for loadable plugins [exclusion list=, ]
2024-01-18 10:54:08,939 [INFO] PluginManage:310 - Check plugin analytics
2024-01-18 10:54:09,264 [INFO] AnalyticsPlugin:253 - Accepted Software Licenses: STM32CubeMX.6.8.0,STM32CubeMX.6.8.1,STM32CubeMX.6.5.0,STM32CubeMX.6.9.1,STM32CubeMX.6.9.2,STM32CubeMX.6.10.0
2024-01-18 10:54:09,264 [INFO] AnalyticsPlugin:255 - Accepted CMSIS Pack Licenses: emotas.I-CUBE-CANOPEN.1.1.3,STMicroelectronics.X-CUBE-TOUCHGFX.4.21.0,STMicroelectronics.X-CUBE-TOUCHGFX.4.21.1,STMicroelectronics.X-CUBE-TOUCHGFX.4.18.0,STMicroelectronics.X-CUBE-TOUCHGFX.4.22.1,STMicroelectronics.X-CUBE-AZRTOS-H7.3.1.0,STMicroelectronics.X-CUBE-AZRTOS-H7.3.2.0,ITTIA_DB.I-CUBE-ITTIADB.8.8.0
2024-01-18 10:54:09,264 [INFO] AnalyticsPlugin:257 - Accepted Firmware Licenses: FW.H7.1.11.0,FW.G0.1.6.0,FW.F4.1.27.0
2024-01-18 10:54:09,268 [INFO] PluginManage:359 - Loaded plugin analytics (category:tool,tabindex:-1)
2024-01-18 10:54:09,269 [INFO] PluginManage:310 - Check plugin cadmodel
2024-01-18 10:54:09,278 [INFO] CADModel:105 - Init CAD model plugin
2024-01-18 10:54:09,278 [INFO] PluginManage:359 - Loaded plugin cadmodel (category:power,tabindex:5)
2024-01-18 10:54:09,278 [INFO] PluginManage:310 - Check plugin clock
2024-01-18 10:54:09,302 [INFO] PluginManage:359 - Loaded plugin clock (category:base,tabindex:2)
2024-01-18 10:54:09,302 [INFO] PluginManage:310 - Check plugin ddr
2024-01-18 10:54:09,306 [INFO] PluginManage:359 - Loaded plugin ddr (category:tool,tabindex:6)
2024-01-18 10:54:09,306 [INFO] PluginManage:310 - Check plugin filemanager
2024-01-18 10:54:09,513 [INFO] PluginManage:359 - Loaded plugin filemanager (category:base,tabindex:10)
2024-01-18 10:54:09,513 [INFO] PluginManage:310 - Check plugin ipmanager
2024-01-18 10:54:09,523 [INFO] PluginManage:359 - Loaded plugin ipmanager (category:base,tabindex:5)
2024-01-18 10:54:09,523 [INFO] PluginManage:310 - Check plugin lpbam
2024-01-18 10:54:09,537 [INFO] PluginManage:359 - Loaded plugin lpbam (category:base,tabindex:0)
2024-01-18 10:54:09,538 [INFO] PluginManage:310 - Check plugin memorymap
2024-01-18 10:54:09,570 [INFO] PluginManage:359 - Loaded plugin memorymap (category:base,tabindex:4)
2024-01-18 10:54:09,570 [INFO] PluginManage:310 - Check plugin pinoutandconfiguration
2024-01-18 10:54:09,584 [INFO] PluginManage:359 - Loaded plugin pinoutandconfiguration (category:base,tabindex:1)
2024-01-18 10:54:09,584 [INFO] PluginManage:310 - Check plugin pinoutconfig
2024-01-18 10:54:09,736 [WARN] SupportedApi:132 - Cannot load RTOS API schema: s4s-elt-must-match.1: The content of 'definitions' must match (annotation?, (simpleType | complexType)?, (unique | key | keyref)*)). A problem was found starting at: attribute.
2024-01-18 10:54:09,960 [INFO] PluginManage:359 - Loaded plugin pinoutconfig (category:base,tabindex:0)
2024-01-18 10:54:09,960 [INFO] PluginManage:310 - Check plugin power
2024-01-18 10:54:09,975 [INFO] PluginManage:359 - Loaded plugin power (category:power,tabindex:4)
2024-01-18 10:54:09,975 [INFO] PluginManage:310 - Check plugin projectmanager
2024-01-18 10:54:09,995 [INFO] PluginManage:359 - Loaded plugin projectmanager (category:projectmanager,tabindex:3)
2024-01-18 10:54:09,995 [INFO] PluginManage:310 - Check plugin thirdparty
2024-01-18 10:54:10,261 [INFO] PluginManage:359 - Loaded plugin thirdparty (category:base,tabindex:-1)
2024-01-18 10:54:10,261 [INFO] PluginManage:310 - Check plugin tools
2024-01-18 10:54:10,262 [WARN] IntegrityCheckThread:84 - waiting for thirdparty lock release [integrity check]
2024-01-18 10:54:10,263 [INFO] IntegrityCheckThread:86 - entering critical section [integrity check]
2024-01-18 10:54:10,264 [INFO] ThirdPartyUpdaterWithRetryManager:70 - Updater plugin not ready yet. [1/15]
2024-01-18 10:54:10,264 [INFO] PluginManage:359 - Loaded plugin tools (category:base,tabindex:7)
2024-01-18 10:54:10,265 [INFO] PluginManage:310 - Check plugin tutovideos
2024-01-18 10:54:10,573 [INFO] PluginManage:359 - Loaded plugin tutovideos (category:base,tabindex:-1)
2024-01-18 10:54:10,573 [INFO] PluginManage:310 - Check plugin updater
2024-01-18 10:54:10,589 [INFO] PluginManage:359 - Loaded plugin updater (category:base,tabindex:12)
2024-01-18 10:54:10,589 [INFO] PluginManage:310 - Check plugin userauth
2024-01-18 10:54:10,598 [INFO] UserAuth:114 - Init User Auth plugin
2024-01-18 10:54:10,598 [INFO] PluginManage:359 - Loaded plugin userauth (category:base,tabindex:14)
2024-01-18 10:54:10,598 [INFO] PluginManage:283 - PluginManage : Loaded plugins [17]
2024-01-18 10:54:10,925 [INFO] PinOutPanel:1499 - setPackage(No Configuration,No Configuration)
2024-01-18 10:54:11,015 [INFO] CADModel:165 - CPN selected for project level
2024-01-18 10:54:11,016 [INFO] CADModel:114 - Register for checkConnection events
2024-01-18 10:54:11,041 [INFO] IPUIPlugin:80 - create IPUIPlugin
2024-01-18 10:54:11,042 [INFO] PluginManager:220 - loadIPPluginJar : add adc
2024-01-18 10:54:11,046 [INFO] IPUIPlugin:80 - create IPUIPlugin
2024-01-18 10:54:11,046 [INFO] PluginManager:220 - loadIPPluginJar : add aes
2024-01-18 10:54:11,050 [INFO] IPUIPlugin:80 - create IPUIPlugin
2024-01-18 10:54:11,050 [INFO] PluginManager:220 - loadIPPluginJar : add can
2024-01-18 10:54:11,052 [INFO] IPUIPlugin:80 - create IPUIPlugin
2024-01-18 10:54:11,052 [INFO] PluginManager:220 - loadIPPluginJar : add comp
2024-01-18 10:54:11,056 [INFO] IPUIPlugin:80 - create IPUIPlugin
2024-01-18 10:54:11,056 [INFO] PluginManager:220 - loadIPPluginJar : add cryp
2024-01-18 10:54:11,061 [INFO] IPUIPlugin:80 - create IPUIPlugin
2024-01-18 10:54:11,061 [INFO] PluginManager:220 - loadIPPluginJar : add dfsdm
2024-01-18 10:54:11,071 [INFO] IPUIPlugin:80 - create IPUIPlugin
2024-01-18 10:54:11,072 [INFO] PluginManager:220 - loadIPPluginJar : add dma
2024-01-18 10:54:11,076 [INFO] IPUIPlugin:80 - create IPUIPlugin
2024-01-18 10:54:11,076 [INFO] PluginManager:220 - loadIPPluginJar : add dma3
2024-01-18 10:54:11,079 [INFO] IPUIPlugin:80 - create IPUIPlugin
2024-01-18 10:54:11,080 [INFO] PluginManager:220 - loadIPPluginJar : add fatfs
2024-01-18 10:54:11,086 [INFO] IPUIPlugin:80 - create IPUIPlugin
2024-01-18 10:54:11,086 [INFO] PluginManager:220 - loadIPPluginJar : add fmc
2024-01-18 10:54:11,096 [INFO] IPUIPlugin:80 - create IPUIPlugin
2024-01-18 10:54:11,097 [INFO] PluginManager:220 - loadIPPluginJar : add freertos
2024-01-18 10:54:11,101 [INFO] IPUIPlugin:80 - create IPUIPlugin
2024-01-18 10:54:11,102 [INFO] PluginManager:220 - loadIPPluginJar : add genericplugin
2024-01-18 10:54:11,104 [INFO] IPUIPlugin:80 - create IPUIPlugin
2024-01-18 10:54:11,104 [INFO] PluginManager:220 - loadIPPluginJar : add gfxmmu
2024-01-18 10:54:11,113 [INFO] IPUIPlugin:80 - create IPUIPlugin
2024-01-18 10:54:11,113 [INFO] PluginManager:220 - loadIPPluginJar : add gic
2024-01-18 10:54:11,120 [INFO] IPUIPlugin:80 - create IPUIPlugin
2024-01-18 10:54:11,121 [INFO] PluginManager:220 - loadIPPluginJar : add gpio
2024-01-18 10:54:11,125 [INFO] IPUIPlugin:80 - create IPUIPlugin
2024-01-18 10:54:11,125 [INFO] PluginManager:220 - loadIPPluginJar : add gtzc
2024-01-18 10:54:11,129 [INFO] IPUIPlugin:80 - create IPUIPlugin
2024-01-18 10:54:11,129 [INFO] PluginManager:220 - loadIPPluginJar : add hash
2024-01-18 10:54:11,135 [INFO] IPUIPlugin:80 - create IPUIPlugin
2024-01-18 10:54:11,135 [INFO] PluginManager:220 - loadIPPluginJar : add i2c
2024-01-18 10:54:11,140 [INFO] IPUIPlugin:80 - create IPUIPlugin
2024-01-18 10:54:11,140 [INFO] PluginManager:220 - loadIPPluginJar : add i2s
2024-01-18 10:54:11,145 [INFO] IPUIPlugin:80 - create IPUIPlugin
2024-01-18 10:54:11,145 [INFO] PluginManager:220 - loadIPPluginJar : add i3c
2024-01-18 10:54:11,150 [INFO] IPUIPlugin:80 - create IPUIPlugin
2024-01-18 10:54:11,150 [INFO] PluginManager:220 - loadIPPluginJar : add ipddr
2024-01-18 10:54:11,163 [INFO] IPUIPlugin:80 - create IPUIPlugin
2024-01-18 10:54:11,163 [INFO] PluginManager:220 - loadIPPluginJar : add linkedlist
2024-01-18 10:54:11,167 [INFO] IPUIPlugin:80 - create IPUIPlugin
2024-01-18 10:54:11,167 [INFO] PluginManager:220 - loadIPPluginJar : add lorawan
2024-01-18 10:54:11,170 [INFO] IPUIPlugin:80 - create IPUIPlugin
2024-01-18 10:54:11,170 [INFO] PluginManager:220 - loadIPPluginJar : add ltdc
2024-01-18 10:54:11,180 [INFO] IPUIPlugin:80 - create IPUIPlugin
2024-01-18 10:54:11,180 [INFO] PluginManager:220 - loadIPPluginJar : add mdma
2024-01-18 10:54:11,186 [INFO] IPUIPlugin:80 - create IPUIPlugin
2024-01-18 10:54:11,186 [INFO] PluginManager:220 - loadIPPluginJar : add nvic
2024-01-18 10:54:11,194 [INFO] IPUIPlugin:80 - create IPUIPlugin
2024-01-18 10:54:11,194 [INFO] PluginManager:220 - loadIPPluginJar : add opamp
2024-01-18 10:54:11,200 [INFO] IPUIPlugin:80 - create IPUIPlugin
2024-01-18 10:54:11,201 [INFO] PluginManager:220 - loadIPPluginJar : add openamp
2024-01-18 10:54:11,210 [INFO] IPUIPlugin:80 - create IPUIPlugin
2024-01-18 10:54:11,210 [INFO] PluginManager:220 - loadIPPluginJar : add pdm2pcm
2024-01-18 10:54:11,221 [INFO] IPUIPlugin:80 - create IPUIPlugin
2024-01-18 10:54:11,224 [INFO] PluginManager:220 - loadIPPluginJar : add plateformsettings
2024-01-18 10:54:11,230 [INFO] IPUIPlugin:80 - create IPUIPlugin
2024-01-18 10:54:11,231 [INFO] PluginManager:220 - loadIPPluginJar : add quadspi
2024-01-18 10:54:11,237 [INFO] IPUIPlugin:80 - create IPUIPlugin
2024-01-18 10:54:11,237 [INFO] PluginManager:220 - loadIPPluginJar : add resmgrutility
2024-01-18 10:54:11,243 [INFO] IPUIPlugin:80 - create IPUIPlugin
2024-01-18 10:54:11,244 [INFO] PluginManager:220 - loadIPPluginJar : add sai
2024-01-18 10:54:11,250 [INFO] IPUIPlugin:80 - create IPUIPlugin
2024-01-18 10:54:11,250 [INFO] PluginManager:220 - loadIPPluginJar : add spi
2024-01-18 10:54:11,263 [INFO] IPUIPlugin:80 - create IPUIPlugin
2024-01-18 10:54:11,263 [INFO] PluginManager:220 - loadIPPluginJar : add stm32_wpan
2024-01-18 10:54:11,268 [INFO] IPUIPlugin:80 - create IPUIPlugin
2024-01-18 10:54:11,268 [INFO] PluginManager:220 - loadIPPluginJar : add tim
2024-01-18 10:54:11,276 [INFO] IPUIPlugin:80 - create IPUIPlugin
2024-01-18 10:54:11,277 [INFO] PluginManager:220 - loadIPPluginJar : add touchsensing
2024-01-18 10:54:11,281 [INFO] IPUIPlugin:80 - create IPUIPlugin
2024-01-18 10:54:11,281 [INFO] PluginManager:220 - loadIPPluginJar : add tracer_emb
2024-01-18 10:54:11,286 [INFO] IPUIPlugin:80 - create IPUIPlugin
2024-01-18 10:54:11,286 [INFO] PluginManager:220 - loadIPPluginJar : add ts
2024-01-18 10:54:11,293 [INFO] IPUIPlugin:80 - create IPUIPlugin
2024-01-18 10:54:11,293 [INFO] PluginManager:220 - loadIPPluginJar : add tsc
2024-01-18 10:54:11,297 [INFO] IPUIPlugin:80 - create IPUIPlugin
2024-01-18 10:54:11,297 [INFO] PluginManager:220 - loadIPPluginJar : add ucpd
2024-01-18 10:54:11,303 [INFO] IPUIPlugin:80 - create IPUIPlugin
2024-01-18 10:54:11,303 [INFO] PluginManager:220 - loadIPPluginJar : add usart
2024-01-18 10:54:11,308 [INFO] IPUIPlugin:80 - create IPUIPlugin
2024-01-18 10:54:11,308 [INFO] PluginManager:220 - loadIPPluginJar : add usbx
2024-01-18 10:54:11,476 [INFO] CADModel:165 - CPN selected for project level
2024-01-18 10:54:11,476 [INFO] CADModel:114 - Register for checkConnection events
2024-01-18 10:54:11,477 [FATAL] Updater:308 - Updater called before beeing initialized
2024-01-18 10:54:11,477 [ERROR] CADModel:125 - Updater not yet initialized, retry later 
2024-01-18 10:54:11,688 [INFO] CADModel:165 - CPN selected for project level
2024-01-18 10:54:11,688 [INFO] CADModel:114 - Register for checkConnection events
2024-01-18 10:54:11,688 [FATAL] Updater:308 - Updater called before beeing initialized
2024-01-18 10:54:11,688 [ERROR] CADModel:125 - Updater not yet initialized, retry later 
2024-01-18 10:54:11,692 [FATAL] Updater:308 - Updater called before beeing initialized
2024-01-18 10:54:11,834 [FATAL] Updater:308 - Updater called before beeing initialized
2024-01-18 10:54:11,860 [INFO] DbMcusAds:53 - JSON generation date=Wed Nov 29 17:52:27 ICT 2023 (1701255147349)
2024-01-18 10:54:11,860 [FATAL] Updater:308 - Updater called before beeing initialized
2024-01-18 10:54:11,911 [WARN] DetailPanel:346 - Failed to get advertising image, set to default
2024-01-18 10:54:12,030 [FATAL] Updater:308 - Updater called before beeing initialized
2024-01-18 10:54:12,035 [FATAL] Updater:308 - Updater called before beeing initialized
2024-01-18 10:54:12,036 [FATAL] Updater:308 - Updater called before beeing initialized
2024-01-18 10:54:12,036 [WARN] DetailPanel:346 - Failed to get advertising image, set to default
2024-01-18 10:54:12,037 [FATAL] Updater:308 - Updater called before beeing initialized
2024-01-18 10:54:12,100 [ERROR] Updater:1120 - MainUpdater not yet initialized. External WinMGr cannot be set.
2024-01-18 10:54:12,105 [INFO] Updater:1056 - Updater Version found : 6.10.0
2024-01-18 10:54:12,137 [INFO] ApplicationProperties:184 - Using Application install path: C:\ST\STM32CubeIDE_1.12.0\STM32CubeIDE\plugins\com.st.stm32cube.common.mx_6.10.0.202311202037
2024-01-18 10:54:13,264 [INFO] ThirdPartyUpdaterWithRetryManager:70 - Updater plugin not ready yet. [2/15]
2024-01-18 10:54:13,640 [INFO] MainUpdater:2873 - connection check result : 10
2024-01-18 10:54:13,641 [INFO] MainUpdater:290 - Updater Check For Update Now.
2024-01-18 10:54:13,641 [INFO] MicroXplorer:498 - Change Database Version : DB.6.0.100
2024-01-18 10:54:13,651 [INFO] McuFinderGlobals:63 - Set McuFinder mode to 2 (CubeIDE integrated)
2024-01-18 10:54:13,652 [INFO] UserAuth:180 - activating auth plugin
2024-01-18 10:54:13,656 [INFO] UserAuth:404 - Internet connection configuration mode: 1
2024-01-18 10:54:13,735 [INFO] JxBrowserEngine:152 - Initiate JxBrowser Engine with user profile folder
2024-01-18 10:54:13,909 [INFO] CheckServerUpdateThread:120 - End of CheckServer Thread
2024-01-18 10:54:16,592 [WARN] PackLoader:240 - Cannot read IP mode file for STMicroelectronics.X-CUBE-SMBUS.2.1.0
2024-01-18 10:54:16,729 [WARN] PackLoader:240 - Cannot read IP mode file for STMicroelectronics.X-CUBE-TOUCHGFX.4.23.0
2024-01-18 10:54:17,211 [WARN] PackLoader:240 - Cannot read IP mode file for STMicroelectronics.X-CUBE-AZRTOS-F7.1.1.0
2024-01-18 10:54:17,301 [WARN] PackLoader:240 - Cannot read IP mode file for STMicroelectronics.FP-SNS-MOTENV1.4.3.2
2024-01-18 10:54:17,349 [WARN] PackLoader:240 - Cannot read IP mode file for STMicroelectronics.FP-SNS-FLIGHT1.5.0.2
2024-01-18 10:54:17,377 [WARN] PackLoader:240 - Cannot read IP mode file for STMicroelectronics.X-CUBE-DISPLAY.3.0.0
2024-01-18 10:54:17,423 [WARN] PackLoader:240 - Cannot read IP mode file for STMicroelectronics.X-CUBE-BLE1.7.0.0
2024-01-18 10:54:17,467 [WARN] PackLoader:240 - Cannot read IP mode file for emotas.I-CUBE-CANOPEN.1.3.0
2024-01-18 10:54:17,591 [WARN] PackLoader:240 - Cannot read IP mode file for STMicroelectronics.X-CUBE-TOUCHGFX.4.22.0
2024-01-18 10:54:17,725 [WARN] PackLoader:240 - Cannot read IP mode file for STMicroelectronics.X-CUBE-TOUCHGFX.4.22.1
2024-01-18 10:54:17,875 [WARN] PackLoader:240 - Cannot read IP mode file for STMicroelectronics.FP-SNS-SMARTAG2.1.2.0
2024-01-18 10:54:17,910 [INFO] LogOutputStream:77 - [STDOUT_REDIRECT] 1 : Invalid condition id : UX_CORESTACK_Condition cause : null
2024-01-18 10:54:17,914 [INFO] LogOutputStream:77 - [STDOUT_REDIRECT] 1 : Invalid condition id : UX_CORESTACK_Condition cause : null
2024-01-18 10:54:17,915 [INFO] LogOutputStream:77 - [STDOUT_REDIRECT] 1 : Invalid condition id : UX_CORESTACK_Condition cause : null
2024-01-18 10:54:17,916 [INFO] LogOutputStream:77 - [STDOUT_REDIRECT] 1 : Invalid condition id : UX_CORESTACK_Condition cause : null
2024-01-18 10:54:17,918 [INFO] LogOutputStream:77 - [STDOUT_REDIRECT] 1 : Invalid condition id : UX_CORESTACK_Condition cause : null
2024-01-18 10:54:17,951 [WARN] PackLoader:240 - Cannot read IP mode file for STMicroelectronics.X-CUBE-AZRTOS-WL.2.0.0
2024-01-18 10:54:17,994 [WARN] PackLoader:240 - Cannot read IP mode file for WES.I-CUBE-Cesium.1.3.0
2024-01-18 10:54:18,020 [WARN] PackLoader:240 - Cannot read IP mode file for STMicroelectronics.X-CUBE-BLE2.3.3.0
2024-01-18 10:54:18,049 [WARN] PackLoader:240 - Cannot read IP mode file for STMicroelectronics.X-CUBE-TOUCHGFX.4.18.0
2024-01-18 10:54:18,181 [WARN] PackLoader:240 - Cannot read IP mode file for STMicroelectronics.X-CUBE-TOUCHGFX.4.21.1
2024-01-18 10:54:18,363 [WARN] PackLoader:240 - Cannot read IP mode file for STMicroelectronics.X-CUBE-TOUCHGFX.4.21.0
2024-01-18 10:54:18,496 [WARN] PackLoader:240 - Cannot read IP mode file for STMicroelectronics.X-CUBE-TOUCHGFX.4.21.4
2024-01-18 10:54:18,577 [WARN] PackLoader:240 - Cannot read IP mode file for STMicroelectronics.X-CUBE-ALGOBUILD.1.3.0
2024-01-18 10:54:18,630 [WARN] PackLoader:240 - Cannot read IP mode file for STMicroelectronics.X-CUBE-AZRTOS-G0.1.1.0
2024-01-18 10:54:18,651 [WARN] PackLoader:240 - Cannot read IP mode file for STMicroelectronics.X-CUBE-NFC4.3.0.0
2024-01-18 10:54:18,686 [WARN] PackLoader:240 - Cannot read IP mode file for STMicroelectronics.X-CUBE-BLEMGR.3.0.0
2024-01-18 10:54:18,757 [WARN] PackLoader:240 - Cannot read IP mode file for STMicroelectronics.FP-ATR-SIGFOX1.3.2.0
2024-01-18 10:54:18,836 [WARN] PackLoader:240 - Cannot read IP mode file for SEGGER.I-CUBE-embOS.1.3.1
2024-01-18 10:54:19,051 [WARN] PackLoader:240 - Cannot read IP mode file for STMicroelectronics.X-CUBE-GNSS1.6.0.0
2024-01-18 10:54:19,142 [WARN] PackLoader:240 - Cannot read IP mode file for STMicroelectronics.X-CUBE-AZRTOS-F4.1.1.0
2024-01-18 10:54:19,195 [WARN] PackLoader:240 - Cannot read IP mode file for wolfSSL.I-CUBE-wolfSSL.5.6.6
2024-01-18 10:54:19,364 [WARN] PackLoader:240 - Cannot read IP mode file for STMicroelectronics.X-CUBE-AZRTOS-L5.2.0.0
2024-01-18 10:54:19,497 [WARN] PackLoader:240 - Cannot read IP mode file for STMicroelectronics.X-CUBE-EEPRMA1.4.2.0
2024-01-18 10:54:19,529 [WARN] PackLoader:240 - Cannot read IP mode file for ITTIA_DB.I-CUBE-ITTIADB.8.8.0
2024-01-18 10:54:19,645 [WARN] PackLoader:240 - Cannot read IP mode file for emotas.I-CUBE-CANOPEN.1.1.3
2024-01-18 10:54:19,767 [WARN] ConditionMgr:438 - getConditionDescription Invalid condition id : UX DEVICE CLASS RTOS Condition cause : null
2024-01-18 10:54:19,768 [WARN] ConditionMgr:438 - getConditionDescription Invalid condition id : UX DEVICE CLASS RTOS Condition cause : null
2024-01-18 10:54:19,771 [WARN] PackLoader:240 - Cannot read IP mode file for STMicroelectronics.X-CUBE-AZRTOS-H7.3.1.0
2024-01-18 10:54:19,772 [WARN] ConditionMgr:1039 - genDependencies : Invalid condition id : UX DEVICE CLASS RTOS Condition cause : null
2024-01-18 10:54:19,772 [WARN] ConditionMgr:1039 - genDependencies : Invalid condition id : UX DEVICE CLASS RTOS Condition cause : null
2024-01-18 10:54:19,773 [WARN] ConditionMgr:1039 - genDependencies : Invalid condition id : UX DEVICE CLASS RTOS Condition cause : null
2024-01-18 10:54:19,774 [WARN] ConditionMgr:1039 - genDependencies : Invalid condition id : UX DEVICE CLASS RTOS Condition cause : null
2024-01-18 10:54:19,774 [WARN] ConditionMgr:1039 - genDependencies : Invalid condition id : UX DEVICE CLASS RTOS Condition cause : null
2024-01-18 10:54:19,781 [WARN] ConditionMgr:438 - getConditionDescription Invalid condition id : UX DEVICE CLASS RTOS Condition cause : null
2024-01-18 10:54:19,781 [WARN] ConditionMgr:438 - getConditionDescription Invalid condition id : UX DEVICE CLASS RTOS Condition cause : null
2024-01-18 10:54:20,197 [WARN] PackLoader:240 - Cannot read IP mode file for STMicroelectronics.X-CUBE-NFC7.1.0.1
2024-01-18 10:54:20,215 [WARN] PackLoader:240 - Cannot read IP mode file for STMicroelectronics.X-CUBE-NFC6.3.0.0
2024-01-18 10:54:20,260 [WARN] PackLoader:240 - Cannot read IP mode file for STMicroelectronics.X-CUBE-AI.8.1.0
2024-01-18 10:54:20,305 [WARN] ConditionMgr:438 - getConditionDescription Invalid condition id : LAN8742 Phy interface Condition cause : null
2024-01-18 10:54:20,305 [WARN] PackLoader:240 - Cannot read IP mode file for STMicroelectronics.X-CUBE-AZRTOS-L4.2.0.0
2024-01-18 10:54:20,306 [WARN] ConditionMgr:1039 - genDependencies : Invalid condition id : LAN8742 Phy interface Condition cause : null
2024-01-18 10:54:20,307 [WARN] ConditionMgr:1039 - genDependencies : Invalid condition id : LAN8742 Phy interface Condition cause : null
2024-01-18 10:54:20,307 [WARN] ConditionMgr:1039 - genDependencies : Invalid condition id : LAN8742 Phy interface Condition cause : null
2024-01-18 10:54:20,330 [WARN] PackLoader:240 - Cannot read IP mode file for STMicroelectronics.X-CUBE-SFXS2LP1.4.0.0
2024-01-18 10:54:20,357 [WARN] ConditionMgr:438 - getConditionDescription Invalid condition id : UX DEVICE CLASS RTOS Condition cause : null
2024-01-18 10:54:20,357 [WARN] ConditionMgr:438 - getConditionDescription Invalid condition id : UX DEVICE CLASS RTOS Condition cause : null
2024-01-18 10:54:20,359 [WARN] PackLoader:240 - Cannot read IP mode file for STMicroelectronics.X-CUBE-AZRTOS-WB.2.0.0
2024-01-18 10:54:20,360 [WARN] ConditionMgr:1039 - genDependencies : Invalid condition id : UX DEVICE CLASS RTOS Condition cause : null
2024-01-18 10:54:20,360 [WARN] ConditionMgr:1039 - genDependencies : Invalid condition id : UX DEVICE CLASS RTOS Condition cause : null
2024-01-18 10:54:20,360 [WARN] ConditionMgr:1039 - genDependencies : Invalid condition id : UX DEVICE CLASS RTOS Condition cause : null
2024-01-18 10:54:20,360 [WARN] ConditionMgr:1039 - genDependencies : Invalid condition id : UX DEVICE CLASS RTOS Condition cause : null
2024-01-18 10:54:20,360 [WARN] ConditionMgr:1039 - genDependencies : Invalid condition id : UX DEVICE CLASS RTOS Condition cause : null
2024-01-18 10:54:20,676 [WARN] PackLoader:240 - Cannot read IP mode file for STMicroelectronics.X-CUBE-SUBG2.5.0.0
2024-01-18 10:54:20,883 [WARN] PackLoader:240 - Cannot read IP mode file for STMicroelectronics.X-CUBE-TOF1.3.3.1
2024-01-18 10:54:21,084 [WARN] PackLoader:240 - Cannot read IP mode file for STMicroelectronics.X-CUBE-AZRTOS-G4.2.0.0
2024-01-18 10:54:21,126 [WARN] PackLoader:240 - Cannot read IP mode file for STMicroelectronics.X-CUBE-TOF1.3.3.0
2024-01-18 10:54:21,275 [WARN] PackLoader:240 - Cannot read IP mode file for Infineon.AIROC-Wi-Fi-Bluetooth-STM32.1.5.1
2024-01-18 10:54:21,298 [WARN] PackLoader:240 - Cannot read IP mode file for STMicroelectronics.FP-SNS-MOTENVWB1.1.3.1
2024-01-18 10:54:21,321 [WARN] PackLoader:240 - Cannot read IP mode file for STMicroelectronics.X-CUBE-ISPU.2.0.0
2024-01-18 10:54:21,383 [WARN] PackLoader:240 - Cannot read IP mode file for STMicroelectronics.X-CUBE-MEMS1.10.0.0
2024-01-18 10:54:21,588 [WARN] PackLoader:240 - Cannot read IP mode file for STMicroelectronics.X-CUBE-FREERTOS.1.1.0
2024-01-18 10:54:21,610 [WARN] PackLoader:240 - Cannot read IP mode file for portGmbH.I-Cube-SoM-uGOAL.1.1.0
2024-01-18 10:54:21,697 [WARN] PackLoader:240 - Cannot read IP mode file for STMicroelectronics.X-CUBE-ALS.1.0.1
2024-01-18 10:54:21,863 [WARN] PackLoader:240 - Cannot read IP mode file for STMicroelectronics.FP-ATR-ASTRA1.2.0.0
2024-01-18 10:54:22,159 [WARN] PackLoader:240 - Cannot read IP mode file for STMicroelectronics.X-CUBE-TOF1.3.4.0
2024-01-18 10:54:22,659 [WARN] PackLoader:240 - Cannot read IP mode file for STMicroelectronics.X-CUBE-AZRTOS-H7.3.2.0
2024-01-18 10:54:22,800 [INFO] ThirdParty:978 - Integrity check success = true
2024-01-18 10:54:22,800 [INFO] IntegrityCheckThread:100 - exiting critical section [integrity check]
2024-01-18 10:54:22,800 [INFO] IntegrityCheckThread:103 - End integrity checks thread
2024-01-18 10:54:24,524 [INFO] WebApp:161 - Instantiating new browser for Auth
2024-01-18 10:54:26,481 [INFO] WebApp:780 - Register for checkConnection events
2024-01-18 10:54:26,489 [INFO] WebApp:414 - Apply proxy settings
2024-01-18 10:54:26,493 [INFO] WebApp:499 - Chromium requires no authentication
2024-01-18 10:54:26,508 [INFO] WebApp:442 - Direct internet connection detected
2024-01-18 10:54:26,894 [INFO] WebApp:192 - Starting web application
2024-01-18 10:54:26,895 [INFO] WebApp:544 - Web application path used C:\ST\STM32CubeIDE_1.12.0\STM32CubeIDE\plugins\com.st.stm32cube.common.mx_6.10.0.202311202037\db\plugins\mcufinder\reactClient1\index.html
2024-01-18 11:13:47,544 [INFO] McuFinderGlobals:63 - Set McuFinder mode to 2 (CubeIDE integrated)
2024-01-18 11:13:47,669 [INFO] MainUpdater:2873 - connection check result : 10
2024-01-18 11:13:47,674 [INFO] MainUpdater:2873 - connection check result : 10
2024-01-18 11:13:48,746 [INFO] MicroXplorer:468 - Change Database Path : 
2024-01-18 11:13:48,747 [INFO] MicroXplorer:498 - Change Database Version : DB.6.0.100
2024-01-18 11:13:48,850 [WARN] ThirdParty:871 - waiting for thirdparty lock release [close project]
2024-01-18 11:13:48,850 [INFO] ThirdParty:873 - entering critical section [close project]
2024-01-18 11:13:48,896 [INFO] ThirdParty:883 - exiting critical section [close project]
2024-01-18 11:13:48,924 [INFO] PinOutPanel:1499 - setPackage(No Configuration,No Configuration)
2024-01-18 11:13:49,005 [INFO] UtilMem:75 - Begin LoadConfig() Used Memory: 451048880 Bytes (1073741824)
2024-01-18 11:13:49,020 [INFO] MicroXplorer:468 - Change Database Path : 
2024-01-18 11:13:49,020 [INFO] MicroXplorer:498 - Change Database Version : DB.6.0.100
2024-01-18 11:13:49,024 [INFO] OpenFileManager:312 - Change cursor
2024-01-18 11:13:49,665 [INFO] Mcu:2016 - Initializing MCU STM32H750XBHx STM32H750XBHx STM32H750XBH6
2024-01-18 11:14:21,098 [INFO] Context:659 - Trying to add GPIOservice into a context  which must be forbidden
2024-01-18 11:14:52,797 [INFO] RtosManager:555 - Registered RTOS mode: class=CMSIS, group=RTOS, mode=CMSIS_V1, owner=FREERTOS
2024-01-18 11:14:52,810 [INFO] RtosManager:555 - Registered RTOS mode: class=CMSIS, group=RTOS2, mode=CMSIS_V2, owner=FREERTOS
2024-01-18 11:14:52,810 [INFO] RtosManager:555 - Registered RTOS mode: class=RTOS, group=Core, mode=CMSIS_V1, owner=FREERTOS
2024-01-18 11:14:52,810 [INFO] RtosManager:555 - Registered RTOS mode: class=RTOS, group=Core, mode=CMSIS_V2, owner=FREERTOS
2024-01-18 11:14:52,811 [WARN] ModelIntegratedComponent:184 - Missing modes for component STMicroelectronics:FreeRTOS:0.0.1:STMicroelectronics:RTOS:FreeRTOS:Core:::10.2.0:
2024-01-18 11:14:52,907 [WARN] ModelIntegratedComponent:63 - No mode defined for component null
2024-01-18 11:14:52,908 [WARN] ModelIntegratedComponent:63 - No mode defined for component null
2024-01-18 11:14:52,908 [WARN] ModelIntegratedComponent:63 - No mode defined for component null
2024-01-18 11:14:52,908 [WARN] ModelIntegratedComponent:63 - No mode defined for component null
2024-01-18 11:14:52,908 [WARN] ModelIntegratedComponent:63 - No mode defined for component null
2024-01-18 11:14:52,908 [WARN] ModelIntegratedComponent:63 - No mode defined for component null
2024-01-18 11:14:52,908 [WARN] ModelIntegratedComponent:63 - No mode defined for component null
2024-01-18 11:14:52,910 [WARN] ModelIntegratedComponent:63 - No mode defined for component null
2024-01-18 11:14:52,910 [WARN] ModelIntegratedComponent:63 - No mode defined for component null
2024-01-18 11:14:52,910 [WARN] ModelIntegratedComponent:63 - No mode defined for component null
2024-01-18 11:14:52,910 [WARN] ModelIntegratedComponent:63 - No mode defined for component null
2024-01-18 11:14:52,911 [WARN] ModelIntegratedComponent:63 - No mode defined for component null
2024-01-18 11:14:52,911 [WARN] ModelIntegratedComponent:63 - No mode defined for component null
2024-01-18 11:14:52,911 [WARN] ModelIntegratedComponent:63 - No mode defined for component null
2024-01-18 11:14:52,912 [WARN] ModelIntegratedComponent:63 - No mode defined for component null
2024-01-18 11:14:52,912 [WARN] ModelIntegratedComponent:63 - No mode defined for component null
2024-01-18 11:14:52,912 [WARN] ModelIntegratedComponent:63 - No mode defined for component null
2024-01-18 11:14:52,912 [WARN] ModelIntegratedComponent:63 - No mode defined for component null
2024-01-18 11:14:52,912 [WARN] ModelIntegratedComponent:63 - No mode defined for component null
2024-01-18 11:14:52,912 [WARN] ModelIntegratedComponent:63 - No mode defined for component null
2024-01-18 11:14:52,912 [WARN] ModelIntegratedComponent:63 - No mode defined for component null
2024-01-18 11:14:52,912 [WARN] ModelIntegratedComponent:63 - No mode defined for component null
2024-01-18 11:14:52,913 [WARN] ModelIntegratedComponent:63 - No mode defined for component null
2024-01-18 11:14:52,913 [WARN] ModelIntegratedComponent:63 - No mode defined for component null
2024-01-18 11:14:52,913 [WARN] ModelIntegratedComponent:63 - No mode defined for component null
2024-01-18 11:14:52,913 [WARN] ModelIntegratedComponent:63 - No mode defined for component null
2024-01-18 11:14:52,913 [WARN] ModelIntegratedComponent:63 - No mode defined for component null
2024-01-18 11:14:52,913 [WARN] ModelIntegratedComponent:63 - No mode defined for component null
2024-01-18 11:14:52,913 [WARN] ModelIntegratedComponent:63 - No mode defined for component null
2024-01-18 11:14:52,913 [WARN] ModelIntegratedComponent:63 - No mode defined for component null
2024-01-18 11:14:52,913 [WARN] ModelIntegratedComponent:63 - No mode defined for component null
2024-01-18 11:14:52,913 [WARN] ModelIntegratedComponent:63 - No mode defined for component null
2024-01-18 11:14:52,914 [WARN] ModelIntegratedComponent:63 - No mode defined for component null
2024-01-18 11:14:53,584 [INFO] ThirdPartyModel:298 - Start build external matchings
2024-01-18 11:14:58,138 [INFO] ThirdPartyModel:316 - End build external matchings
2024-01-18 11:14:58,507 [INFO] RtosManager:919 - Current active RTOS is FREERTOS [Cortex-M7NS]
2024-01-18 11:14:58,723 [WARN] IP:2119 - LWIP_NETIF_HOSTNAME not found: check if there is a RefParameter without a condition.
2024-01-18 11:14:58,849 [INFO] ImportTextPane:194 - (OptionalMessage_ERROR) IP (RCC) : Parameter (FDCANFreq_Value) has invalid value (200000000)
2024-01-18 11:14:58,850 [INFO] ImportTextPane:194 - (OptionalMessage_ERROR) IP (RCC) : Invalid parameter (FamilyName)
2024-01-18 11:14:58,850 [INFO] ImportTextPane:194 - (OptionalMessage_ERROR) IP (RCC) : Parameter (SAI1Freq_Value) has invalid value (200000000)
2024-01-18 11:14:58,850 [INFO] ImportTextPane:194 - (OptionalMessage_ERROR) IP (RCC) : Parameter (SAI23Freq_Value) has invalid value (200000000)
2024-01-18 11:14:58,850 [INFO] ImportTextPane:194 - (OptionalMessage_ERROR) IP (RCC) : Parameter (SAI4AFreq_Value) has invalid value (200000000)
2024-01-18 11:14:58,852 [INFO] ImportTextPane:194 - (OptionalMessage_ERROR) IP (RCC) : Parameter (SAI4BFreq_Value) has invalid value (200000000)
2024-01-18 11:14:58,853 [INFO] ImportTextPane:194 - (OptionalMessage_ERROR) IP (RCC) : Parameter (USBFreq_Value) has invalid value (200000000)
2024-01-18 11:15:04,363 [INFO] UtilMem:75 - End LoadConfig() Used Memory: 541019640 Bytes (1073741824)
2024-01-18 11:15:07,207 [INFO] ApiDb:581 - Connected to CubeFinder SQLite database (C:\Users\user\.stmcufinder\plugins\mcufinder\mcu\cube-finder-db.db)
2024-01-18 11:15:07,435 [INFO] ApiDb:668 - CubeFinder database Data Model version=2.1
2024-01-18 11:15:07,436 [INFO] ApiDb:669 - CubeFinder database Configuration version=3.0.39
2024-01-18 11:15:07,478 [INFO] ApiDb:670 - CubeFinder database generation date=2023-12-08 (1702028721)
2024-01-18 11:15:07,478 [INFO] ApiDb:671 - CubeFinder database FW Pack versions=[FP-ATR-ASTRA1_V2.0.0, FP-SNS-FLIGHT1_V5.0.1, FP-SNS-FLIGHT1_V5.0.2, FP-SNS-MOTENV1_V4.3.1, FP-SNS-MOTENV1_V4.3.2, FP-SNS-MOTENVWB1_V1.3.1, FP-SNS-SMARTAG2_V1.2.0, STM32Cube_FW_C0_V1.1.0, STM32Cube_FW_F4_V1.28.0, STM32Cube_FW_F7_V1.17.0, STM32Cube_FW_G0_V1.6.1, STM32Cube_FW_G4_V1.5.1, STM32Cube_FW_H5_V0.5.1, STM32Cube_FW_H5_V1.1.1, STM32Cube_FW_H5_V1.2.0RC2, STM32Cube_FW_H7_V1.11.0, STM32Cube_FW_L0_V1.12.2, STM32Cube_FW_L5_V1.5.0, STM32Cube_FW_U5_V1.3.0RC4, STM32Cube_FW_U5_V1.4.0, STM32Cube_FW_WBA_V1.0.0RC1, STM32Cube_FW_WBA_V1.1.0RC1, STM32Cube_FW_WBA_V1.2.0, STM32Cube_FW_WBA_V1.2.0RC2, STM32Cube_FW_WB_V1.15.0RC1, STM32Cube_FW_WB_V1.16.0, STM32Cube_FW_WB_V1.16.0RC2, STM32Cube_FW_WB_V1.18.0, STM32Cube_FW_WL_V1.3.0, X-CUBE-ALGOBUILD_V1.3.0, X-CUBE-ALS_V1.0.1, X-CUBE-AZRTOS-F4_V1.1.0, X-CUBE-AZRTOS-F7_V1.1.0, X-CUBE-AZRTOS-G0_V1.1.0, X-CUBE-AZRTOS-G4_V2.0.0, X-CUBE-AZRTOS-H7_V3.1.0, X-CUBE-AZRTOS-L4_V1.0.0, X-CUBE-AZRTOS-L4_V2.0.0, X-CUBE-AZRTOS-L5_V1.1.0, X-CUBE-AZRTOS-WB_V2.0.0, X-CUBE-AZRTOS-WL_V2.0.0, X-CUBE-BLE1_V7.0.0, X-CUBE-BLE2_V3.3.0, X-CUBE-BLEMGR_V3.0.0, X-CUBE-EEPRMA1_V4.1.0, X-CUBE-EEPRMA1_V4.2.0, X-CUBE-FREERTOS_V1.1.0, X-CUBE-GNSS1_V6.0.0, X-CUBE-MEMS1_V10.0.0, X-CUBE-MEMS1_V9.1.0, X-CUBE-MEMS1_V9.4.0, X-CUBE-MEMS1_V9.6.0, X-CUBE-NFC4_V3.0.0, X-CUBE-NFC7_V1.0.1, X-CUBE-SFXS2LP1_V4.0.0, X-CUBE-SUBG2_V5.0.0, X-CUBE-TOF1_V3.4.0]
2024-01-18 11:15:10,662 [INFO] ApiDb:240 - Found 371 in-development CPN: [B-G473E-ZEST1S, B-WB1M-WPAN1, B-WL5M-SUBG1, NUCLEO-C031C6, NUCLEO-H503RB, NUCLEO-H563ZI, NUCLEO-U545RE-Q, NUCLEO-U5A5ZJ-Q, NUCLEO-WBA52CG, NUCLEO-WBA55CG, STEVAL-MKBOXPRO, STEVAL-PROTEUS1, STEVAL-STWINBX1, STM320518-EVAL, STM32C0116-DK, STM32C011D6Y3TR, STM32C011D6Y6TR, STM32C011F4P3, STM32C011F4P6, STM32C011F4U3, STM32C011F4U6TR, STM32C011F6P3, STM32C011F6P6, STM32C011F6U3, STM32C011F6U6TR, STM32C011J4M3, STM32C011J4M6, STM32C011J6M3, STM32C011J6M6, STM32C0316-DK, STM32C031C4T3, STM32C031C4T6, STM32C031C4U3, STM32C031C4U6, STM32C031C6T3, STM32C031C6T6, STM32C031C6U3, STM32C031C6U6, STM32C031F4P3, STM32C031F4P6, STM32C031F6P3, STM32C031F6P6, STM32C031G4U3, STM32C031G4U6, STM32C031G6U3, STM32C031G6U6, STM32C031K4T3, STM32C031K4T6, STM32C031K4U3, STM32C031K4U6, STM32C031K6T3, STM32C031K6T6, STM32C031K6U3, STM32C031K6U6, STM32G071K8TXN, STM32G071K8UXN, STM32G081GBU6N, STM32G081KBT6N, STM32G081KBUXN, STM32G0B1CCT6N, STM32G0B1KCT6, STM32G0B1NEY6TR, STM32G0B1RCT6N, STM32G0C1CCT6, STM32G0C1CCT6N, STM32G0C1CCU6N, STM32G0C1CET6N, STM32G0C1CEU6N, STM32G0C1KCT6, STM32G0C1NEY6TR, STM32G0C1RCI6N, STM32G0C1RCT6N, STM32G0C1REI6N, STM32G0C1RET6N, STM32G0C1VCI6, STM32G0C1VEI6, STM32G471CCT6, STM32G471CCU6, STM32G471CET3, STM32G471CET6, STM32G471CEU3, STM32G471CEU6, STM32G471MCT6, STM32G471MET3, STM32G471MET6, STM32G471MEY6TR, STM32G471QCT6, STM32G471QET3, STM32G471RCT6, STM32G471RET3, STM32G471RET6, STM32G471VCH6, STM32G471VCI6, STM32G471VCT6, STM32G471VEH3, STM32G471VEH6, STM32G471VEI3, STM32G471VEI6, STM32G471VET3, STM32G471VET6, STM32G474CCT6, STM32H503CBT6, STM32H503CBU6, STM32H503EBY6TR, STM32H503KBU6, STM32H503RBT6, STM32H562AGI6, STM32H562AII6, STM32H562IGK6, STM32H562IGT6, STM32H562IIK6, STM32H562IIT6, STM32H562RGT6, STM32H562RGV6, STM32H562RIT6, STM32H562RIV6, STM32H562VGT6, STM32H562VIT6, STM32H562ZGT6, STM32H562ZIT6, STM32H563AGI6, STM32H563AII3Q, STM32H563AII6, STM32H563IGK6, STM32H563IGT6, STM32H563IIK3Q, STM32H563IIK6, STM32H563IIT3Q, STM32H563IIT6, STM32H563MIY3QTR, STM32H563RGT6, STM32H563RGV6, STM32H563RIT6, STM32H563RIV6, STM32H563VGT6, STM32H563VIT3Q, STM32H563VIT6, STM32H563ZGT6, STM32H563ZIT3Q, STM32H563ZIT6, STM32H573AII3Q, STM32H573AII6, STM32H573I-DK, STM32H573IIK3Q, STM32H573IIK6, STM32H573IIT3Q, STM32H573IIT6, STM32H573MIY3QTR, STM32H573RIT6, STM32H573RIV6, STM32H573VIT3Q, STM32H573VIT6, STM32H573ZIT3Q, STM32H573ZIT6, STM32L4R5QGI6STR, STM32MP131AAE3, STM32MP131AAF3, STM32MP131AAG3, STM32MP131CAE3, STM32MP131CAF3, STM32MP131CAG3, STM32MP131DAE7, STM32MP131DAF7, STM32MP131DAG7, STM32MP131FAE7, STM32MP131FAF7, STM32MP131FAG7, STM32MP133AAE3, STM32MP133AAF3, STM32MP133AAG3, STM32MP133CAE3, STM32MP133CAF3, STM32MP133CAG3, STM32MP133DAE7, STM32MP133DAF7, STM32MP133DAG7, STM32MP133FAE7, STM32MP133FAF7, STM32MP133FAG7, STM32MP135AAE3, STM32MP135AAF3, STM32MP135AAG3, STM32MP135CAE3, STM32MP135CAF3, STM32MP135CAG3, STM32MP135DAE7, STM32MP135DAF7, STM32MP135DAG7, STM32MP135F-DK, STM32MP135FAE7, STM32MP135FAF7, STM32MP135FAF7T, STM32MP135FAF7U, STM32MP135FAG7, STM32U535CBT6, STM32U535CBT6Q, STM32U535CBU6, STM32U535CBU6Q, STM32U535CCT6, STM32U535CCT6Q, STM32U535CCU6, STM32U535CCU6Q, STM32U535CET6, STM32U535CET6Q, STM32U535CEU6, STM32U535CEU6Q, STM32U535JEY6QTR, STM32U535NCY6QTR, STM32U535NEY6QTR, STM32U535RBI6, STM32U535RBI6Q, STM32U535RBT6, STM32U535RBT6Q, STM32U535RCI6, STM32U535RCI6Q, STM32U535RCT6, STM32U535RCT6Q, STM32U535REI6, STM32U535REI6Q, STM32U535RET6, STM32U535RET6Q, STM32U535VCI6, STM32U535VCI6Q, STM32U535VCT6, STM32U535VCT6Q, STM32U535VEI6, STM32U535VEI6Q, STM32U535VET6, STM32U535VET6Q, STM32U545CET6, STM32U545CET6Q, STM32U545CEU6, STM32U545CEU6Q, STM32U545JEY6QTR, STM32U545NEY6QTR, STM32U545REI6, STM32U545REI6Q, STM32U545RET6, STM32U545RET6Q, STM32U545VEI6, STM32U545VEI6Q, STM32U545VET6, STM32U545VET6Q, STM32U595AIH6, STM32U595AIH6Q, STM32U595AJH6, STM32U595AJH6Q, STM32U595QII6, STM32U595QII6Q, STM32U595QJI6, STM32U595QJI6Q, STM32U595RIT6, STM32U595RIT6Q, STM32U595RJT6, STM32U595RJT6Q, STM32U595VIT6, STM32U595VIT6Q, STM32U595VJT6, STM32U595VJT6Q, STM32U595ZIT6, STM32U595ZIT6Q, STM32U595ZIY6QTR, STM32U595ZJT6, STM32U595ZJT6Q, STM32U595ZJY6QTR, STM32U599BJY6QTR, STM32U599NIH6Q, STM32U599NJH6Q, STM32U599VIT6Q, STM32U599VJT6, STM32U599VJT6Q, STM32U599ZIT6Q, STM32U599ZIY6QTR, STM32U599ZJT6Q, STM32U599ZJY6QTR, STM32U5A5AJH6, STM32U5A5AJH6Q, STM32U5A5QJI6, STM32U5A5QJI6Q, STM32U5A5RJT6, STM32U5A5RJT6Q, STM32U5A5VJT6, STM32U5A5VJT6Q, STM32U5A5ZJT6, STM32U5A5ZJT6Q, STM32U5A5ZJY6QTR, STM32U5A9BJY6QTR, STM32U5A9J-DK, STM32U5A9NJH6Q, STM32U5A9VJT6Q, STM32U5A9ZJT6Q, STM32U5A9ZJY6QTR, STM32U5F7VIT6, STM32U5F7VIT6Q, STM32U5F7VJT6, STM32U5F7VJT6Q, STM32U5F9BJY6QTR, STM32U5F9NJH6Q, STM32U5F9VIT6Q, STM32U5F9VJT6Q, STM32U5F9ZIJ6QTR, STM32U5F9ZIT6Q, STM32U5F9ZJJ6QTR, STM32U5F9ZJT6Q, STM32U5G7VJT6, STM32U5G7VJT6Q, STM32U5G9BJY6QTR, STM32U5G9J-DK1, STM32U5G9J-DK2, STM32U5G9NJH6Q, STM32U5G9VJT6Q, STM32U5G9ZJJ6QTR, STM32U5G9ZJT6Q, STM32WB1MMCH6, STM32WBA50KEU6, STM32WBA50KEU6TR, STM32WBA50KGU6, STM32WBA50KGU6TR, STM32WBA52CEU6, STM32WBA52CEU6TR, STM32WBA52CEU7, STM32WBA52CEU7TR, STM32WBA52CGU6, STM32WBA52CGU6TR, STM32WBA52CGU6U, STM32WBA52CGU7, STM32WBA52CGU7TR, STM32WBA52KEU6, STM32WBA52KEU6TR, STM32WBA52KGU6, STM32WBA52KGU6TR, STM32WBA54CEU6, STM32WBA54CEU6TR, STM32WBA54CEU7, STM32WBA54CEU7TR, STM32WBA54CGU6, STM32WBA54CGU6TR, STM32WBA54CGU7, STM32WBA54CGU7TR, STM32WBA54KEU6, STM32WBA54KEU6TR, STM32WBA54KEU7, STM32WBA54KEU7TR, STM32WBA54KGU6, STM32WBA54KGU6TR, STM32WBA54KGU7, STM32WBA54KGU7TR, STM32WBA55CEU6, STM32WBA55CEU6TR, STM32WBA55CEU7, STM32WBA55CEU7TR, STM32WBA55CGU6, STM32WBA55CGU6TR, STM32WBA55CGU6U, STM32WBA55CGU7, STM32WBA55CGU7TR, STM32WBA55G-DK1, STM32WBA55HEF6, STM32WBA55HEF7, STM32WBA55HGF6, STM32WBA55HGF7, STM32WBA55UEI6, STM32WBA55UEI6TR, STM32WBA55UEI7, STM32WBA55UEI7TR, STM32WBA55UGI6, STM32WBA55UGI6TR, STM32WBA55UGI7, STM32WBA55UGI7TR, STM32WL5MOCH6, STM32WL5MOCH6TR]
2024-01-18 11:15:10,674 [INFO] DbMcus:218 - Found 3930 MCUs, 3930 are supported
2024-01-18 11:15:10,721 [INFO] ApiDb:423 - Load user favorites file C:\Users\user/.stm32cubeide/favorites.mcus.txt: 2 item(s)
2024-01-18 11:15:10,722 [INFO] ApiDb:427 - User favorites MCUs=[STM32F103C8T6, STM32H750VBT6]
2024-01-18 11:15:10,722 [INFO] DbMcus:224 - Set 2 / 2 favorites MCUs
2024-01-18 11:15:11,827 [INFO] MicroXplorer:468 - Change Database Path : 
2024-01-18 11:15:11,827 [INFO] MicroXplorer:498 - Change Database Version : DB.6.0.100
2024-01-18 11:15:11,834 [WARN] ThirdParty:833 - waiting for thirdparty lock release [change project]
2024-01-18 11:15:11,835 [INFO] ThirdParty:835 - entering critical section [change project]
2024-01-18 11:15:11,841 [INFO] ThirdParty:1030 - CMSIS Pack Vendor :STMicroelectronics USBPD 4.1
2024-01-18 11:15:11,843 [INFO] ThirdParty:1030 - CMSIS Pack Vendor :STMicroelectronics X-CUBE-GNSS1 6.0.0
2024-01-18 11:15:11,844 [INFO] ThirdParty:1030 - CMSIS Pack Vendor :STMicroelectronics USB_HOST 2.0.0
2024-01-18 11:15:11,845 [INFO] ThirdParty:1030 - CMSIS Pack Vendor :STMicroelectronics X-CUBE-AZRTOS-F4 1.1.0
2024-01-18 11:15:11,846 [INFO] ThirdParty:1030 - CMSIS Pack Vendor :STMicroelectronics LIBJPEG 8.0.0
2024-01-18 11:15:11,846 [INFO] ThirdParty:1030 - CMSIS Pack Vendor :STMicroelectronics X-CUBE-SMBUS 2.1.0
2024-01-18 11:15:11,847 [INFO] ThirdParty:1030 - CMSIS Pack Vendor :STMicroelectronics USB_DEVICE 3.0.0
2024-01-18 11:15:11,848 [INFO] ThirdParty:1030 - CMSIS Pack Vendor :STMicroelectronics X-CUBE-AZRTOS-WB 2.0.0
2024-01-18 11:15:11,850 [INFO] ThirdParty:1030 - CMSIS Pack Vendor :wolfSSL I-CUBE-wolfSSL 5.6.6
2024-01-18 11:15:11,850 [INFO] ThirdParty:1030 - CMSIS Pack Vendor :STMicroelectronics X-CUBE-TOUCHGFX 4.21.1
2024-01-18 11:15:11,851 [INFO] ThirdParty:1030 - CMSIS Pack Vendor :STMicroelectronics X-CUBE-TOUCHGFX 4.21.0
2024-01-18 11:15:11,851 [INFO] ThirdParty:1030 - CMSIS Pack Vendor :STMicroelectronics X-CUBE-TOUCHGFX 4.23.0
2024-01-18 11:15:11,852 [INFO] ThirdParty:1030 - CMSIS Pack Vendor :STMicroelectronics X-CUBE-AZRTOS-F7 1.1.0
2024-01-18 11:15:11,852 [INFO] ThirdParty:1030 - CMSIS Pack Vendor :STMicroelectronics X-CUBE-TOUCHGFX 4.21.4
2024-01-18 11:15:11,852 [INFO] ThirdParty:1030 - CMSIS Pack Vendor :STMicroelectronics X-CUBE-AZRTOS-L5 2.0.0
2024-01-18 11:15:11,852 [INFO] ThirdParty:1030 - CMSIS Pack Vendor :STMicroelectronics USB_DEVICE 2.0.0
2024-01-18 11:15:11,852 [INFO] ThirdParty:1030 - CMSIS Pack Vendor :STMicroelectronics X-CUBE-EEPRMA1 4.2.0
2024-01-18 11:15:11,853 [INFO] ThirdParty:1030 - CMSIS Pack Vendor :ITTIA_DB I-CUBE-ITTIADB 8.8.0
2024-01-18 11:15:11,853 [INFO] ThirdParty:1030 - CMSIS Pack Vendor :STMicroelectronics FP-SNS-MOTENV1 4.3.2
2024-01-18 11:15:11,853 [INFO] ThirdParty:1030 - CMSIS Pack Vendor :STMicroelectronics X-CUBE-ALGOBUILD 1.3.0
2024-01-18 11:15:11,854 [INFO] ThirdParty:1030 - CMSIS Pack Vendor :STMicroelectronics FreeRTOS 0.0.1
2024-01-18 11:15:11,855 [INFO] ThirdParty:1030 - CMSIS Pack Vendor :STMicroelectronics X-CUBE-AZRTOS-G0 1.1.0
2024-01-18 11:15:11,855 [INFO] ThirdParty:1030 - CMSIS Pack Vendor :emotas I-CUBE-CANOPEN 1.1.3
2024-01-18 11:15:11,858 [INFO] ThirdParty:1030 - CMSIS Pack Vendor :STMicroelectronics X-CUBE-NFC4 3.0.0
2024-01-18 11:15:11,860 [INFO] ThirdParty:1030 - CMSIS Pack Vendor :STMicroelectronics X-CUBE-SUBG2 5.0.0
2024-01-18 11:15:11,861 [INFO] ThirdParty:1030 - CMSIS Pack Vendor :STMicroelectronics STM32_WPAN 1.0.0
2024-01-18 11:15:11,862 [INFO] ThirdParty:1030 - CMSIS Pack Vendor :STMicroelectronics lwIP 2.0.3
2024-01-18 11:15:11,863 [INFO] ThirdParty:1030 - CMSIS Pack Vendor :STMicroelectronics FP-SNS-FLIGHT1 5.0.2
2024-01-18 11:15:11,864 [INFO] ThirdParty:1030 - CMSIS Pack Vendor :STMicroelectronics USB_HOST 1.0.0
2024-01-18 11:15:11,865 [INFO] ThirdParty:1030 - CMSIS Pack Vendor :STMicroelectronics X-CUBE-TOF1 3.3.1
2024-01-18 11:15:11,865 [INFO] ThirdParty:1030 - CMSIS Pack Vendor :STMicroelectronics X-CUBE-AZRTOS-G4 2.0.0
2024-01-18 11:15:11,868 [INFO] ThirdParty:1030 - CMSIS Pack Vendor :STMicroelectronics PDM2PCM 3.1.0
2024-01-18 11:15:11,869 [INFO] ThirdParty:1030 - CMSIS Pack Vendor :STMicroelectronics X-CUBE-AZRTOS-H7 3.1.0
2024-01-18 11:15:11,870 [INFO] ThirdParty:1030 - CMSIS Pack Vendor :STMicroelectronics X-CUBE-TOF1 3.3.0
2024-01-18 11:15:11,870 [INFO] ThirdParty:1030 - CMSIS Pack Vendor :Infineon AIROC-Wi-Fi-Bluetooth-STM32 1.5.1
2024-01-18 11:15:11,872 [INFO] ThirdParty:1030 - CMSIS Pack Vendor :STMicroelectronics X-CUBE-BLEMGR 3.0.0
2024-01-18 11:15:11,872 [INFO] ThirdParty:1030 - CMSIS Pack Vendor :STMicroelectronics PDM2PCM 3.3.0
2024-01-18 11:15:11,873 [INFO] ThirdParty:1030 - CMSIS Pack Vendor :STMicroelectronics X-CUBE-DISPLAY 3.0.0
2024-01-18 11:15:11,873 [INFO] ThirdParty:1030 - CMSIS Pack Vendor :STMicroelectronics FP-SNS-MOTENVWB1 1.3.1
2024-01-18 11:15:11,873 [INFO] ThirdParty:1030 - CMSIS Pack Vendor :STMicroelectronics X-CUBE-BLE1 7.0.0
2024-01-18 11:15:11,874 [INFO] ThirdParty:1030 - CMSIS Pack Vendor :STMicroelectronics FP-ATR-SIGFOX1 3.2.0
2024-01-18 11:15:11,874 [INFO] ThirdParty:1030 - CMSIS Pack Vendor :STMicroelectronics X-CUBE-ISPU 2.0.0
2024-01-18 11:15:11,874 [INFO] ThirdParty:1030 - CMSIS Pack Vendor :STMicroelectronics HAL Drivers 0.0.0
2024-01-18 11:15:11,874 [INFO] ThirdParty:1030 - CMSIS Pack Vendor :STMicroelectronics MBEDTLS 2.16.2
2024-01-18 11:15:11,874 [INFO] ThirdParty:1030 - CMSIS Pack Vendor :emotas I-CUBE-CANOPEN 1.3.0
2024-01-18 11:15:11,874 [INFO] ThirdParty:1030 - CMSIS Pack Vendor :STMicroelectronics X-CUBE-MEMS1 10.0.0
2024-01-18 11:15:11,874 [INFO] ThirdParty:1030 - CMSIS Pack Vendor :STMicroelectronics X-CUBE-FREERTOS 1.1.0
2024-01-18 11:15:11,874 [INFO] ThirdParty:1030 - CMSIS Pack Vendor :STMicroelectronics X-CUBE-TOUCHGFX 4.22.0
2024-01-18 11:15:11,878 [INFO] ThirdParty:1030 - CMSIS Pack Vendor :STMicroelectronics X-CUBE-NFC7 1.0.1
2024-01-18 11:15:11,878 [INFO] ThirdParty:1030 - CMSIS Pack Vendor :STMicroelectronics MBEDTLS 2.14.1
2024-01-18 11:15:11,879 [INFO] ThirdParty:1030 - CMSIS Pack Vendor :STMicroelectronics X-CUBE-TOUCHGFX 4.22.1
2024-01-18 11:15:11,879 [INFO] ThirdParty:1030 - CMSIS Pack Vendor :STMicroelectronics X-CUBE-NFC6 3.0.0
2024-01-18 11:15:11,903 [INFO] ThirdParty:1030 - CMSIS Pack Vendor :portGmbH I-Cube-SoM-uGOAL 1.1.0
2024-01-18 11:15:11,904 [INFO] ThirdParty:1030 - CMSIS Pack Vendor :STMicroelectronics X-CUBE-ALS 1.0.1
2024-01-18 11:15:11,905 [INFO] ThirdParty:1030 - CMSIS Pack Vendor :STMicroelectronics ThreadX 1.0.0
2024-01-18 11:15:11,905 [INFO] ThirdParty:1030 - CMSIS Pack Vendor :STMicroelectronics FP-SNS-SMARTAG2 1.2.0
2024-01-18 11:15:11,906 [INFO] ThirdParty:1030 - CMSIS Pack Vendor :STMicroelectronics X-CUBE-AZRTOS-WL 2.0.0
2024-01-18 11:15:11,906 [INFO] ThirdParty:1030 - CMSIS Pack Vendor :SEGGER I-CUBE-embOS 1.3.1
2024-01-18 11:15:11,908 [INFO] ThirdParty:1030 - CMSIS Pack Vendor :STMicroelectronics USB_DEVICE 1.0.0
2024-01-18 11:15:11,909 [INFO] ThirdParty:1030 - CMSIS Pack Vendor :STMicroelectronics X-CUBE-AI 8.1.0
2024-01-18 11:15:11,909 [INFO] ThirdParty:1030 - CMSIS Pack Vendor :STMicroelectronics X-CUBE-AZRTOS-L4 2.0.0
2024-01-18 11:15:11,911 [INFO] ThirdParty:1030 - CMSIS Pack Vendor :STMicroelectronics ThreadX 0.0.2
2024-01-18 11:15:11,911 [INFO] ThirdParty:1030 - CMSIS Pack Vendor :WES I-CUBE-Cesium 1.3.0
2024-01-18 11:15:11,913 [INFO] ThirdParty:1030 - CMSIS Pack Vendor :STMicroelectronics FP-ATR-ASTRA1 2.0.0
2024-01-18 11:15:11,914 [INFO] ThirdParty:1030 - CMSIS Pack Vendor :STMicroelectronics lwIP 2.1.2
2024-01-18 11:15:11,915 [INFO] ThirdParty:1030 - CMSIS Pack Vendor :STMicroelectronics X-CUBE-SFXS2LP1 4.0.0
2024-01-18 11:15:11,915 [INFO] ThirdParty:1030 - CMSIS Pack Vendor :STMicroelectronics X-CUBE-BLE2 3.3.0
2024-01-18 11:15:11,916 [INFO] ThirdParty:1030 - CMSIS Pack Vendor :STMicroelectronics X-CUBE-TOF1 3.4.0
2024-01-18 11:15:11,916 [INFO] ThirdParty:1030 - CMSIS Pack Vendor :STMicroelectronics X-CUBE-AZRTOS-H7 3.2.0
2024-01-18 11:15:11,916 [INFO] ThirdParty:1030 - CMSIS Pack Vendor :STMicroelectronics PDM2PCM 3.2.0
2024-01-18 11:15:11,916 [INFO] ThirdParty:1030 - CMSIS Pack Vendor :STMicroelectronics X-CUBE-TOUCHGFX 4.18.0
2024-01-18 11:15:11,922 [INFO] ThirdParty:841 - exiting critical section [change project]
2024-01-18 11:15:15,144 [INFO] PinOutPanel:1499 - setPackage(No Configuration,No Configuration)
2024-01-18 11:15:15,170 [INFO] PinOutPanel:1499 - setPackage(STM32H750XBHx,TFBGA240)
2024-01-18 11:15:25,443 [INFO] UtilMem:75 - Before build in PCC Used Memory: 318780728 Bytes (1073741824)
2024-01-18 11:15:30,315 [INFO] UtilMem:75 - After build in PCC Used Memory: 507187776 Bytes (1073741824)
2024-01-18 11:15:30,550 [INFO] ApiDbMcu:508 - Load IP Config File for FREERTOS
2024-01-18 11:15:30,587 [INFO] ApiDbMcu:508 - Load IP Config File for LWIP
2024-01-18 11:15:30,598 [WARN] BspModel:444 - BSP dependency skipped because of component: name='DP83848', api='BSP_COMPONENT_DRIVER'
2024-01-18 11:15:31,360 [INFO] IPUIPlugin:80 - create IPUIPlugin
2024-01-18 11:15:31,360 [INFO] IPUIPlugin:80 - create IPUIPlugin
2024-01-18 11:15:31,364 [INFO] IPUIPlugin:80 - create IPUIPlugin
2024-01-18 11:15:31,377 [INFO] IPUIPlugin:80 - create IPUIPlugin
2024-01-18 11:15:31,378 [INFO] IPUIPlugin:80 - create IPUIPlugin
2024-01-18 11:15:31,391 [INFO] IPUIPlugin:80 - create IPUIPlugin
2024-01-18 11:15:31,419 [INFO] IPUIPlugin:80 - create IPUIPlugin
2024-01-18 11:15:31,420 [INFO] IPUIPlugin:80 - create IPUIPlugin
2024-01-18 11:15:31,420 [INFO] IPUIPlugin:80 - create IPUIPlugin
2024-01-18 11:15:31,422 [INFO] IPUIPlugin:80 - create IPUIPlugin
2024-01-18 11:15:31,422 [INFO] IPUIPlugin:80 - create IPUIPlugin
2024-01-18 11:15:31,424 [INFO] IPUIPlugin:80 - create IPUIPlugin
2024-01-18 11:15:31,424 [INFO] IPUIPlugin:80 - create IPUIPlugin
2024-01-18 11:15:31,424 [INFO] IPUIPlugin:80 - create IPUIPlugin
2024-01-18 11:15:31,432 [INFO] IPUIPlugin:80 - create IPUIPlugin
2024-01-18 11:15:31,435 [INFO] IPUIPlugin:80 - create IPUIPlugin
2024-01-18 11:15:31,436 [INFO] IPUIPlugin:80 - create IPUIPlugin
2024-01-18 11:15:31,448 [INFO] IPUIPlugin:80 - create IPUIPlugin
2024-01-18 11:15:31,448 [INFO] IPUIPlugin:80 - create IPUIPlugin
2024-01-18 11:15:31,464 [INFO] IPUIPlugin:80 - create IPUIPlugin
2024-01-18 11:15:31,465 [INFO] IPUIPlugin:80 - create IPUIPlugin
2024-01-18 11:15:31,498 [INFO] IPUIPlugin:80 - create IPUIPlugin
2024-01-18 11:15:31,504 [INFO] IPUIPlugin:80 - create IPUIPlugin
2024-01-18 11:15:31,508 [INFO] IPUIPlugin:80 - create IPUIPlugin
2024-01-18 11:15:31,510 [INFO] IPUIPlugin:80 - create IPUIPlugin
2024-01-18 11:15:31,511 [INFO] IPUIPlugin:80 - create IPUIPlugin
2024-01-18 11:15:31,514 [INFO] IPUIPlugin:80 - create IPUIPlugin
2024-01-18 11:15:31,515 [INFO] IPUIPlugin:80 - create IPUIPlugin
2024-01-18 11:15:31,516 [INFO] IPUIPlugin:80 - create IPUIPlugin
2024-01-18 11:15:31,517 [INFO] IPUIPlugin:80 - create IPUIPlugin
2024-01-18 11:15:31,519 [INFO] IPUIPlugin:80 - create IPUIPlugin
2024-01-18 11:15:31,521 [INFO] IPUIPlugin:80 - create IPUIPlugin
2024-01-18 11:15:31,546 [INFO] IPUIPlugin:80 - create IPUIPlugin
2024-01-18 11:15:31,548 [INFO] IPUIPlugin:80 - create IPUIPlugin
2024-01-18 11:15:31,549 [INFO] IPUIPlugin:80 - create IPUIPlugin
2024-01-18 11:15:31,553 [INFO] IPUIPlugin:80 - create IPUIPlugin
2024-01-18 11:15:31,554 [INFO] IPUIPlugin:80 - create IPUIPlugin
2024-01-18 11:15:31,555 [INFO] IPUIPlugin:80 - create IPUIPlugin
2024-01-18 11:15:31,566 [INFO] IPUIPlugin:80 - create IPUIPlugin
2024-01-18 11:15:31,575 [INFO] IPUIPlugin:80 - create IPUIPlugin
2024-01-18 11:15:31,576 [INFO] IPUIPlugin:80 - create IPUIPlugin
2024-01-18 11:15:31,580 [INFO] IPUIPlugin:80 - create IPUIPlugin
2024-01-18 11:15:31,588 [INFO] IPUIPlugin:80 - create IPUIPlugin
2024-01-18 11:15:31,597 [INFO] IPUIPlugin:80 - create IPUIPlugin
2024-01-18 11:15:31,603 [INFO] IPUIPlugin:80 - create IPUIPlugin
2024-01-18 11:15:31,615 [INFO] IPUIPlugin:80 - create IPUIPlugin
2024-01-18 11:15:31,663 [INFO] IPUIPlugin:80 - create IPUIPlugin
2024-01-18 11:15:31,672 [INFO] IPUIPlugin:80 - create IPUIPlugin
2024-01-18 11:15:31,674 [INFO] IPUIPlugin:80 - create IPUIPlugin
2024-01-18 11:15:31,688 [INFO] IPUIPlugin:80 - create IPUIPlugin
2024-01-18 11:15:31,699 [INFO] IPUIPlugin:80 - create IPUIPlugin
2024-01-18 11:15:31,722 [INFO] IPUIPlugin:80 - create IPUIPlugin
2024-01-18 11:15:31,727 [INFO] IPUIPlugin:80 - create IPUIPlugin
2024-01-18 11:15:31,728 [INFO] IPUIPlugin:80 - create IPUIPlugin
2024-01-18 11:15:31,729 [INFO] IPUIPlugin:80 - create IPUIPlugin
2024-01-18 11:15:31,730 [INFO] IPUIPlugin:80 - create IPUIPlugin
2024-01-18 11:15:31,734 [INFO] IPUIPlugin:80 - create IPUIPlugin
2024-01-18 11:15:31,735 [INFO] IPUIPlugin:80 - create IPUIPlugin
2024-01-18 11:15:31,736 [INFO] IPUIPlugin:80 - create IPUIPlugin
2024-01-18 11:15:31,736 [INFO] IPUIPlugin:80 - create IPUIPlugin
2024-01-18 11:15:31,736 [INFO] IPUIPlugin:80 - create IPUIPlugin
2024-01-18 11:15:31,737 [INFO] IPUIPlugin:80 - create IPUIPlugin
2024-01-18 11:15:31,738 [INFO] IPUIPlugin:80 - create IPUIPlugin
2024-01-18 11:15:31,739 [INFO] IPUIPlugin:80 - create IPUIPlugin
2024-01-18 11:15:31,739 [INFO] IPUIPlugin:80 - create IPUIPlugin
2024-01-18 11:15:31,740 [INFO] IPUIPlugin:80 - create IPUIPlugin
2024-01-18 11:15:31,740 [INFO] IPUIPlugin:80 - create IPUIPlugin
2024-01-18 11:15:31,741 [INFO] IPUIPlugin:80 - create IPUIPlugin
2024-01-18 11:15:31,741 [INFO] IPUIPlugin:80 - create IPUIPlugin
2024-01-18 11:15:31,742 [INFO] IPUIPlugin:80 - create IPUIPlugin
2024-01-18 11:15:31,743 [INFO] IPUIPlugin:80 - create IPUIPlugin
2024-01-18 11:15:31,743 [INFO] IPUIPlugin:80 - create IPUIPlugin
2024-01-18 11:15:31,744 [INFO] IPUIPlugin:80 - create IPUIPlugin
2024-01-18 11:15:31,746 [INFO] IPUIPlugin:80 - create IPUIPlugin
2024-01-18 11:15:31,746 [INFO] IPUIPlugin:80 - create IPUIPlugin
2024-01-18 11:15:31,749 [INFO] IPUIPlugin:80 - create IPUIPlugin
2024-01-18 11:15:31,752 [INFO] IPUIPlugin:80 - create IPUIPlugin
2024-01-18 11:15:31,769 [INFO] IPUIPlugin:80 - create IPUIPlugin
2024-01-18 11:15:31,775 [INFO] IPUIPlugin:80 - create IPUIPlugin
2024-01-18 11:15:31,776 [INFO] IPUIPlugin:80 - create IPUIPlugin
2024-01-18 11:15:31,777 [INFO] IPUIPlugin:80 - create IPUIPlugin
2024-01-18 11:15:31,778 [INFO] IPUIPlugin:80 - create IPUIPlugin
2024-01-18 11:15:31,779 [INFO] IPUIPlugin:80 - create IPUIPlugin
2024-01-18 11:15:31,779 [INFO] IPUIPlugin:80 - create IPUIPlugin
2024-01-18 11:15:31,781 [INFO] IPUIPlugin:80 - create IPUIPlugin
2024-01-18 11:15:31,782 [INFO] IPUIPlugin:80 - create IPUIPlugin
2024-01-18 11:15:31,783 [INFO] IPUIPlugin:80 - create IPUIPlugin
2024-01-18 11:15:31,784 [INFO] IPUIPlugin:80 - create IPUIPlugin
2024-01-18 11:15:31,785 [INFO] IPUIPlugin:80 - create IPUIPlugin
2024-01-18 11:15:31,786 [INFO] IPUIPlugin:80 - create IPUIPlugin
2024-01-18 11:15:31,787 [INFO] IPUIPlugin:80 - create IPUIPlugin
2024-01-18 11:15:31,788 [INFO] IPUIPlugin:80 - create IPUIPlugin
2024-01-18 11:15:31,790 [INFO] IPUIPlugin:80 - create IPUIPlugin
2024-01-18 11:15:31,791 [INFO] IPUIPlugin:80 - create IPUIPlugin
2024-01-18 11:15:31,793 [INFO] IPUIPlugin:80 - create IPUIPlugin
2024-01-18 11:15:31,794 [INFO] IPUIPlugin:80 - create IPUIPlugin
2024-01-18 11:15:31,796 [INFO] IPUIPlugin:80 - create IPUIPlugin
2024-01-18 11:15:31,799 [INFO] IPUIPlugin:80 - create IPUIPlugin
2024-01-18 11:15:31,801 [INFO] IPUIPlugin:80 - create IPUIPlugin
2024-01-18 11:15:31,833 [INFO] ApiDbMcu:508 - Load IP Config File for PDM2PCM
2024-01-18 11:15:31,927 [WARN] FreeRTOS:1023 - Null or empty value: should not occur! (nothing added to the table)
2024-01-18 11:15:46,696 [INFO] CADModel:165 - CPN selected for project levelSTM32H750XBH6
2024-01-18 11:15:46,710 [INFO] CADModel:114 - Register for checkConnection events
2024-01-18 11:15:46,752 [INFO] RtosManager:697 - Active RTOS found at IOC load: FREERTOS [Cortex-M7NS]
2024-01-18 11:15:46,899 [INFO] OpenFileManager:343 - Restore cursor
2024-01-18 11:15:48,902 [WARN] IP:2119 - LWIP_NETIF_HOSTNAME not found: check if there is a RefParameter without a condition.
2024-01-18 11:15:49,143 [WARN] IP:2119 - LWIP_NETIF_HOSTNAME not found: check if there is a RefParameter without a condition.
2024-01-18 11:16:21,607 [WARN] IP:2119 - LWIP_NETIF_HOSTNAME not found: check if there is a RefParameter without a condition.
2024-01-18 11:16:32,299 [WARN] IP:2119 - LWIP_NETIF_HOSTNAME not found: check if there is a RefParameter without a condition.
2024-01-18 11:16:38,340 [WARN] BspModel:444 - BSP dependency skipped because of component: name='DP83848', api='BSP_COMPONENT_DRIVER'
2024-01-18 11:16:38,417 [WARN] IP:2119 - LWIP_NETIF_HOSTNAME not found: check if there is a RefParameter without a condition.
2024-01-18 11:16:38,460 [WARN] IP:2119 - LWIP_NETIF_HOSTNAME not found: check if there is a RefParameter without a condition.
2024-01-18 11:16:39,098 [WARN] IP:2119 - LWIP_NETIF_HOSTNAME not found: check if there is a RefParameter without a condition.
2024-01-18 11:16:56,410 [WARN] BspModel:444 - BSP dependency skipped because of component: name='DP83848', api='BSP_COMPONENT_DRIVER'
2024-01-18 11:16:56,590 [WARN] IP:2119 - LWIP_NETIF_HOSTNAME not found: check if there is a RefParameter without a condition.
2024-01-18 11:16:56,797 [WARN] IP:2119 - LWIP_NETIF_HOSTNAME not found: check if there is a RefParameter without a condition.
2024-01-18 11:16:57,729 [WARN] IP:2119 - LWIP_NETIF_HOSTNAME not found: check if there is a RefParameter without a condition.
2024-01-18 17:28:51,896 [ERROR] LogOutputStream:75 - [STDERR_REDIRECT] 
2024-01-18 17:28:51,905 [ERROR] LogOutputStream:75 - [STDERR_REDIRECT] 
