2024-03-08 10:17:12,313 [INFO] Activator:176 - 


2024-03-08 10:17:12,327 [INFO] Activator:177 - !SESSION log4j initialized
2024-03-08 10:17:24,180 [INFO] LogOutputStream:77 - [STDOUT_REDIRECT] 
2024-03-08 10:17:24,894 [ERROR] LogOutputStream:75 - [STDERR_REDIRECT] ??.?. 08, 2024 10:17:24 ??????? org.glassfish.grizzly.http.server.NetworkListener start
2024-03-08 10:17:24,895 [ERROR] LogOutputStream:75 - [STDERR_REDIRECT] INFO: Started listener bound to [localhost:1593]
2024-03-08 10:17:24,895 [ERROR] LogOutputStream:75 - [STDERR_REDIRECT] 
2024-03-08 10:17:24,898 [ERROR] LogOutputStream:75 - [STDERR_REDIRECT] ??.?. 08, 2024 10:17:24 ??????? org.glassfish.grizzly.http.server.HttpServer start
2024-03-08 10:17:24,899 [ERROR] LogOutputStream:75 - [STDERR_REDIRECT] INFO: [HttpServer] Started.
2024-03-08 10:17:24,899 [ERROR] LogOutputStream:75 - [STDERR_REDIRECT] 
2024-03-08 10:17:25,015 [INFO] ApplicationProperties:184 - Using Application install path: C:\ST\STM32CubeIDE_1.12.0\STM32CubeIDE\plugins\com.st.stm32cube.common.mx_6.10.0.202311202037
2024-03-08 10:17:25,033 [INFO] DbMcusXml:78 - Set database path to: C:\ST\STM32CubeIDE_1.12.0\STM32CubeIDE\plugins\com.st.stm32cube.common.mx_6.10.0.202311202037\\db\/mcu/
2024-03-08 10:17:25,033 [INFO] ApiDb:274 - Set plugin database path to: C:\ST\STM32CubeIDE_1.12.0\STM32CubeIDE\plugins\com.st.stm32cube.common.mx_6.10.0.202311202037\\db\/plugins/boardmanager/
2024-03-08 10:17:25,033 [WARN] ApiDb:259 - Overriding images path with different value:  => C:\ST\STM32CubeIDE_1.12.0\STM32CubeIDE\plugins\com.st.stm32cube.common.mx_6.10.0.202311202037\\db\/plugins/mcufinder/images/
2024-03-08 10:17:25,041 [INFO] ApiDb:250 - Set database path to: C:\Users\user\.stmcufinder\plugins\mcufinder//mcu/
2024-03-08 10:17:25,042 [INFO] DbMcusAds:125 - Set database path to: C:\Users\user\.stmcufinder\plugins\mcufinder//mcu/
2024-03-08 10:17:25,044 [INFO] CrossReferenceDbSqlite:203 - Set database path to: C:\Users\user\.stmcufinder\plugins\mcufinder//mcu/cs/
2024-03-08 10:17:25,166 [INFO] RulesReader:64 - Compatibility file has been processed (297 Rules)
2024-03-08 10:17:25,247 [INFO] DbMcusXml:78 - Set database path to: C:\ST\STM32CubeIDE_1.12.0\STM32CubeIDE\plugins\com.st.stm32cube.common.mx_6.10.0.202311202037\\db\/mcu/
2024-03-08 10:17:25,248 [INFO] ApiDb:274 - Set plugin database path to: C:\ST\STM32CubeIDE_1.12.0\STM32CubeIDE\plugins\com.st.stm32cube.common.mx_6.10.0.202311202037\\db\/plugins/boardmanager/
2024-03-08 10:17:25,248 [INFO] ApiDb:261 - Set plugin images path to: C:\ST\STM32CubeIDE_1.12.0\STM32CubeIDE\plugins\com.st.stm32cube.common.mx_6.10.0.202311202037\\db\/plugins/mcufinder/images/
2024-03-08 10:17:25,248 [WARN] DbFile:41 - Overriding database path with different value: C:\Users\user\.stmcufinder\plugins\mcufinder/ => C:\Users\user\.stmcufinder\plugins\mcufinder
2024-03-08 10:17:25,248 [INFO] ApiDb:250 - Set database path to: C:\Users\user\.stmcufinder\plugins\mcufinder//mcu/
2024-03-08 10:17:25,248 [WARN] DbFile:41 - Overriding database path with different value: C:\Users\user\.stmcufinder\plugins\mcufinder/ => C:\Users\user\.stmcufinder\plugins\mcufinder
2024-03-08 10:17:25,248 [INFO] DbMcusAds:125 - Set database path to: C:\Users\user\.stmcufinder\plugins\mcufinder//mcu/
2024-03-08 10:17:25,248 [WARN] DbFile:41 - Overriding database path with different value: C:\Users\user\.stmcufinder\plugins\mcufinder/ => C:\Users\user\.stmcufinder\plugins\mcufinder
2024-03-08 10:17:25,248 [WARN] DbFile:41 - Overriding database path with different value: C:\Users\user\.stmcufinder\plugins\mcufinder/ => C:\Users\user\.stmcufinder\plugins\mcufinder
2024-03-08 10:17:25,249 [INFO] CrossReferenceDbSqlite:203 - Set database path to: C:\Users\user\.stmcufinder\plugins\mcufinder//mcu/cs/
2024-03-08 10:17:25,341 [INFO] MainPanel:264 - HeapMemory: 272629760
2024-03-08 10:17:25,451 [INFO] DbMcusXml:78 - Set database path to: C:\ST\STM32CubeIDE_1.12.0\STM32CubeIDE\plugins\com.st.stm32cube.common.mx_6.10.0.202311202037\\db\/mcu/
2024-03-08 10:17:25,451 [INFO] ApiDb:274 - Set plugin database path to: C:\ST\STM32CubeIDE_1.12.0\STM32CubeIDE\plugins\com.st.stm32cube.common.mx_6.10.0.202311202037\\db\/plugins/boardmanager/
2024-03-08 10:17:25,451 [INFO] ApiDb:261 - Set plugin images path to: C:\ST\STM32CubeIDE_1.12.0\STM32CubeIDE\plugins\com.st.stm32cube.common.mx_6.10.0.202311202037\\db\/plugins/mcufinder/images/
2024-03-08 10:17:25,451 [WARN] DbFile:41 - Overriding database path with different value: C:\Users\user\.stmcufinder\plugins\mcufinder/ => C:\Users\user\.stmcufinder\plugins\mcufinder
2024-03-08 10:17:25,452 [INFO] ApiDb:250 - Set database path to: C:\Users\user\.stmcufinder\plugins\mcufinder//mcu/
2024-03-08 10:17:25,452 [WARN] DbFile:41 - Overriding database path with different value: C:\Users\user\.stmcufinder\plugins\mcufinder/ => C:\Users\user\.stmcufinder\plugins\mcufinder
2024-03-08 10:17:25,452 [INFO] DbMcusAds:125 - Set database path to: C:\Users\user\.stmcufinder\plugins\mcufinder//mcu/
2024-03-08 10:17:25,452 [WARN] DbFile:41 - Overriding database path with different value: C:\Users\user\.stmcufinder\plugins\mcufinder/ => C:\Users\user\.stmcufinder\plugins\mcufinder
2024-03-08 10:17:25,452 [WARN] DbFile:41 - Overriding database path with different value: C:\Users\user\.stmcufinder\plugins\mcufinder/ => C:\Users\user\.stmcufinder\plugins\mcufinder
2024-03-08 10:17:25,452 [INFO] CrossReferenceDbSqlite:203 - Set database path to: C:\Users\user\.stmcufinder\plugins\mcufinder//mcu/cs/
2024-03-08 10:17:25,467 [INFO] ApplicationProperties:184 - Using Application install path: C:\ST\STM32CubeIDE_1.12.0\STM32CubeIDE\plugins\com.st.stm32cube.common.mx_6.10.0.202311202037
2024-03-08 10:17:25,468 [INFO] PluginManage:196 - Search for loadable plugins [exclusion list=, ]
2024-03-08 10:17:25,470 [INFO] PluginManage:310 - Check plugin analytics
2024-03-08 10:17:25,654 [INFO] AnalyticsPlugin:253 - Accepted Software Licenses: 
2024-03-08 10:17:25,654 [INFO] AnalyticsPlugin:255 - Accepted CMSIS Pack Licenses: 
2024-03-08 10:17:25,654 [INFO] AnalyticsPlugin:257 - Accepted Firmware Licenses: 
2024-03-08 10:17:25,658 [INFO] PluginManage:359 - Loaded plugin analytics (category:tool,tabindex:-1)
2024-03-08 10:17:25,659 [INFO] PluginManage:310 - Check plugin cadmodel
2024-03-08 10:17:25,666 [INFO] CADModel:105 - Init CAD model plugin
2024-03-08 10:17:25,666 [INFO] PluginManage:359 - Loaded plugin cadmodel (category:power,tabindex:5)
2024-03-08 10:17:25,666 [INFO] PluginManage:310 - Check plugin clock
2024-03-08 10:17:25,679 [INFO] PluginManage:359 - Loaded plugin clock (category:base,tabindex:2)
2024-03-08 10:17:25,679 [INFO] PluginManage:310 - Check plugin ddr
2024-03-08 10:17:25,682 [INFO] PluginManage:359 - Loaded plugin ddr (category:tool,tabindex:6)
2024-03-08 10:17:25,682 [INFO] PluginManage:310 - Check plugin filemanager
2024-03-08 10:17:25,851 [INFO] PluginManage:359 - Loaded plugin filemanager (category:base,tabindex:10)
2024-03-08 10:17:25,851 [INFO] PluginManage:310 - Check plugin ipmanager
2024-03-08 10:17:25,857 [INFO] PluginManage:359 - Loaded plugin ipmanager (category:base,tabindex:5)
2024-03-08 10:17:25,858 [INFO] PluginManage:310 - Check plugin lpbam
2024-03-08 10:17:25,870 [INFO] PluginManage:359 - Loaded plugin lpbam (category:base,tabindex:0)
2024-03-08 10:17:25,870 [INFO] PluginManage:310 - Check plugin memorymap
2024-03-08 10:17:25,886 [INFO] PluginManage:359 - Loaded plugin memorymap (category:base,tabindex:4)
2024-03-08 10:17:25,886 [INFO] PluginManage:310 - Check plugin pinoutandconfiguration
2024-03-08 10:17:25,894 [INFO] PluginManage:359 - Loaded plugin pinoutandconfiguration (category:base,tabindex:1)
2024-03-08 10:17:25,894 [INFO] PluginManage:310 - Check plugin pinoutconfig
2024-03-08 10:17:25,984 [WARN] SupportedApi:132 - Cannot load RTOS API schema: s4s-elt-must-match.1: The content of 'definitions' must match (annotation?, (simpleType | complexType)?, (unique | key | keyref)*)). A problem was found starting at: attribute.
2024-03-08 10:17:26,125 [INFO] PluginManage:359 - Loaded plugin pinoutconfig (category:base,tabindex:0)
2024-03-08 10:17:26,126 [INFO] PluginManage:310 - Check plugin power
2024-03-08 10:17:26,138 [INFO] PluginManage:359 - Loaded plugin power (category:power,tabindex:4)
2024-03-08 10:17:26,138 [INFO] PluginManage:310 - Check plugin projectmanager
2024-03-08 10:17:26,156 [INFO] PluginManage:359 - Loaded plugin projectmanager (category:projectmanager,tabindex:3)
2024-03-08 10:17:26,156 [INFO] PluginManage:310 - Check plugin thirdparty
2024-03-08 10:17:26,282 [INFO] PluginManage:359 - Loaded plugin thirdparty (category:base,tabindex:-1)
2024-03-08 10:17:26,282 [WARN] IntegrityCheckThread:84 - waiting for thirdparty lock release [integrity check]
2024-03-08 10:17:26,282 [INFO] PluginManage:310 - Check plugin tools
2024-03-08 10:17:26,283 [INFO] IntegrityCheckThread:86 - entering critical section [integrity check]
2024-03-08 10:17:26,283 [INFO] ThirdPartyUpdaterWithRetryManager:70 - Updater plugin not ready yet. [1/15]
2024-03-08 10:17:26,287 [INFO] PluginManage:359 - Loaded plugin tools (category:base,tabindex:7)
2024-03-08 10:17:26,288 [INFO] PluginManage:310 - Check plugin tutovideos
2024-03-08 10:17:26,447 [INFO] PluginManage:359 - Loaded plugin tutovideos (category:base,tabindex:-1)
2024-03-08 10:17:26,449 [INFO] PluginManage:310 - Check plugin updater
2024-03-08 10:17:26,459 [INFO] PluginManage:359 - Loaded plugin updater (category:base,tabindex:12)
2024-03-08 10:17:26,459 [INFO] PluginManage:310 - Check plugin userauth
2024-03-08 10:17:26,464 [INFO] UserAuth:114 - Init User Auth plugin
2024-03-08 10:17:26,465 [INFO] PluginManage:359 - Loaded plugin userauth (category:base,tabindex:14)
2024-03-08 10:17:26,465 [INFO] PluginManage:283 - PluginManage : Loaded plugins [17]
2024-03-08 10:17:26,664 [INFO] PinOutPanel:1499 - setPackage(No Configuration,No Configuration)
2024-03-08 10:17:26,735 [INFO] CADModel:165 - CPN selected for project level
2024-03-08 10:17:26,735 [INFO] CADModel:114 - Register for checkConnection events
2024-03-08 10:17:26,759 [INFO] IPUIPlugin:80 - create IPUIPlugin
2024-03-08 10:17:26,759 [INFO] PluginManager:220 - loadIPPluginJar : add adc
2024-03-08 10:17:26,763 [INFO] IPUIPlugin:80 - create IPUIPlugin
2024-03-08 10:17:26,763 [INFO] PluginManager:220 - loadIPPluginJar : add aes
2024-03-08 10:17:26,766 [INFO] IPUIPlugin:80 - create IPUIPlugin
2024-03-08 10:17:26,767 [INFO] PluginManager:220 - loadIPPluginJar : add can
2024-03-08 10:17:26,769 [INFO] IPUIPlugin:80 - create IPUIPlugin
2024-03-08 10:17:26,769 [INFO] PluginManager:220 - loadIPPluginJar : add comp
2024-03-08 10:17:26,772 [INFO] IPUIPlugin:80 - create IPUIPlugin
2024-03-08 10:17:26,773 [INFO] PluginManager:220 - loadIPPluginJar : add cryp
2024-03-08 10:17:26,776 [INFO] IPUIPlugin:80 - create IPUIPlugin
2024-03-08 10:17:26,776 [INFO] PluginManager:220 - loadIPPluginJar : add dfsdm
2024-03-08 10:17:26,783 [INFO] IPUIPlugin:80 - create IPUIPlugin
2024-03-08 10:17:26,783 [INFO] PluginManager:220 - loadIPPluginJar : add dma
2024-03-08 10:17:26,786 [INFO] IPUIPlugin:80 - create IPUIPlugin
2024-03-08 10:17:26,787 [INFO] PluginManager:220 - loadIPPluginJar : add dma3
2024-03-08 10:17:26,789 [INFO] IPUIPlugin:80 - create IPUIPlugin
2024-03-08 10:17:26,789 [INFO] PluginManager:220 - loadIPPluginJar : add fatfs
2024-03-08 10:17:26,794 [INFO] IPUIPlugin:80 - create IPUIPlugin
2024-03-08 10:17:26,794 [INFO] PluginManager:220 - loadIPPluginJar : add fmc
2024-03-08 10:17:26,801 [INFO] IPUIPlugin:80 - create IPUIPlugin
2024-03-08 10:17:26,801 [INFO] PluginManager:220 - loadIPPluginJar : add freertos
2024-03-08 10:17:26,803 [INFO] IPUIPlugin:80 - create IPUIPlugin
2024-03-08 10:17:26,803 [INFO] PluginManager:220 - loadIPPluginJar : add genericplugin
2024-03-08 10:17:26,806 [INFO] IPUIPlugin:80 - create IPUIPlugin
2024-03-08 10:17:26,807 [INFO] PluginManager:220 - loadIPPluginJar : add gfxmmu
2024-03-08 10:17:26,813 [INFO] IPUIPlugin:80 - create IPUIPlugin
2024-03-08 10:17:26,813 [INFO] PluginManager:220 - loadIPPluginJar : add gic
2024-03-08 10:17:26,818 [INFO] IPUIPlugin:80 - create IPUIPlugin
2024-03-08 10:17:26,818 [INFO] PluginManager:220 - loadIPPluginJar : add gpio
2024-03-08 10:17:26,821 [INFO] IPUIPlugin:80 - create IPUIPlugin
2024-03-08 10:17:26,821 [INFO] PluginManager:220 - loadIPPluginJar : add gtzc
2024-03-08 10:17:26,824 [INFO] IPUIPlugin:80 - create IPUIPlugin
2024-03-08 10:17:26,825 [INFO] PluginManager:220 - loadIPPluginJar : add hash
2024-03-08 10:17:26,828 [INFO] IPUIPlugin:80 - create IPUIPlugin
2024-03-08 10:17:26,828 [INFO] PluginManager:220 - loadIPPluginJar : add i2c
2024-03-08 10:17:26,832 [INFO] IPUIPlugin:80 - create IPUIPlugin
2024-03-08 10:17:26,832 [INFO] PluginManager:220 - loadIPPluginJar : add i2s
2024-03-08 10:17:26,835 [INFO] IPUIPlugin:80 - create IPUIPlugin
2024-03-08 10:17:26,835 [INFO] PluginManager:220 - loadIPPluginJar : add i3c
2024-03-08 10:17:26,839 [INFO] IPUIPlugin:80 - create IPUIPlugin
2024-03-08 10:17:26,839 [INFO] PluginManager:220 - loadIPPluginJar : add ipddr
2024-03-08 10:17:26,848 [INFO] IPUIPlugin:80 - create IPUIPlugin
2024-03-08 10:17:26,848 [INFO] PluginManager:220 - loadIPPluginJar : add linkedlist
2024-03-08 10:17:26,850 [INFO] IPUIPlugin:80 - create IPUIPlugin
2024-03-08 10:17:26,850 [INFO] PluginManager:220 - loadIPPluginJar : add lorawan
2024-03-08 10:17:26,852 [INFO] IPUIPlugin:80 - create IPUIPlugin
2024-03-08 10:17:26,852 [INFO] PluginManager:220 - loadIPPluginJar : add ltdc
2024-03-08 10:17:26,858 [INFO] IPUIPlugin:80 - create IPUIPlugin
2024-03-08 10:17:26,858 [INFO] PluginManager:220 - loadIPPluginJar : add mdma
2024-03-08 10:17:26,861 [INFO] IPUIPlugin:80 - create IPUIPlugin
2024-03-08 10:17:26,861 [INFO] PluginManager:220 - loadIPPluginJar : add nvic
2024-03-08 10:17:26,865 [INFO] IPUIPlugin:80 - create IPUIPlugin
2024-03-08 10:17:26,865 [INFO] PluginManager:220 - loadIPPluginJar : add opamp
2024-03-08 10:17:26,867 [INFO] IPUIPlugin:80 - create IPUIPlugin
2024-03-08 10:17:26,867 [INFO] PluginManager:220 - loadIPPluginJar : add openamp
2024-03-08 10:17:26,870 [INFO] IPUIPlugin:80 - create IPUIPlugin
2024-03-08 10:17:26,870 [INFO] PluginManager:220 - loadIPPluginJar : add pdm2pcm
2024-03-08 10:17:26,875 [INFO] IPUIPlugin:80 - create IPUIPlugin
2024-03-08 10:17:26,876 [INFO] PluginManager:220 - loadIPPluginJar : add plateformsettings
2024-03-08 10:17:26,879 [INFO] IPUIPlugin:80 - create IPUIPlugin
2024-03-08 10:17:26,879 [INFO] PluginManager:220 - loadIPPluginJar : add quadspi
2024-03-08 10:17:26,881 [INFO] IPUIPlugin:80 - create IPUIPlugin
2024-03-08 10:17:26,883 [INFO] PluginManager:220 - loadIPPluginJar : add resmgrutility
2024-03-08 10:17:26,885 [INFO] IPUIPlugin:80 - create IPUIPlugin
2024-03-08 10:17:26,885 [INFO] PluginManager:220 - loadIPPluginJar : add sai
2024-03-08 10:17:26,887 [INFO] IPUIPlugin:80 - create IPUIPlugin
2024-03-08 10:17:26,887 [INFO] PluginManager:220 - loadIPPluginJar : add spi
2024-03-08 10:17:26,894 [INFO] IPUIPlugin:80 - create IPUIPlugin
2024-03-08 10:17:26,894 [INFO] PluginManager:220 - loadIPPluginJar : add stm32_wpan
2024-03-08 10:17:26,895 [INFO] IPUIPlugin:80 - create IPUIPlugin
2024-03-08 10:17:26,895 [INFO] PluginManager:220 - loadIPPluginJar : add tim
2024-03-08 10:17:26,899 [INFO] IPUIPlugin:80 - create IPUIPlugin
2024-03-08 10:17:26,899 [INFO] PluginManager:220 - loadIPPluginJar : add touchsensing
2024-03-08 10:17:26,900 [INFO] IPUIPlugin:80 - create IPUIPlugin
2024-03-08 10:17:26,900 [INFO] PluginManager:220 - loadIPPluginJar : add tracer_emb
2024-03-08 10:17:26,903 [INFO] IPUIPlugin:80 - create IPUIPlugin
2024-03-08 10:17:26,903 [INFO] PluginManager:220 - loadIPPluginJar : add ts
2024-03-08 10:17:26,905 [INFO] IPUIPlugin:80 - create IPUIPlugin
2024-03-08 10:17:26,905 [INFO] PluginManager:220 - loadIPPluginJar : add tsc
2024-03-08 10:17:26,906 [INFO] IPUIPlugin:80 - create IPUIPlugin
2024-03-08 10:17:26,906 [INFO] PluginManager:220 - loadIPPluginJar : add ucpd
2024-03-08 10:17:26,910 [INFO] IPUIPlugin:80 - create IPUIPlugin
2024-03-08 10:17:26,910 [INFO] PluginManager:220 - loadIPPluginJar : add usart
2024-03-08 10:17:26,913 [INFO] IPUIPlugin:80 - create IPUIPlugin
2024-03-08 10:17:26,913 [INFO] PluginManager:220 - loadIPPluginJar : add usbx
2024-03-08 10:17:27,037 [INFO] CADModel:165 - CPN selected for project level
2024-03-08 10:17:27,037 [INFO] CADModel:114 - Register for checkConnection events
2024-03-08 10:17:27,037 [FATAL] Updater:308 - Updater called before beeing initialized
2024-03-08 10:17:27,037 [ERROR] CADModel:125 - Updater not yet initialized, retry later 
2024-03-08 10:17:27,159 [INFO] CADModel:165 - CPN selected for project level
2024-03-08 10:17:27,159 [INFO] CADModel:114 - Register for checkConnection events
2024-03-08 10:17:27,159 [FATAL] Updater:308 - Updater called before beeing initialized
2024-03-08 10:17:27,159 [ERROR] CADModel:125 - Updater not yet initialized, retry later 
2024-03-08 10:17:27,164 [FATAL] Updater:308 - Updater called before beeing initialized
2024-03-08 10:17:27,265 [FATAL] Updater:308 - Updater called before beeing initialized
2024-03-08 10:17:27,271 [INFO] DbMcusAds:53 - JSON generation date=Wed Nov 29 17:52:27 ICT 2023 (1701255147349)
2024-03-08 10:17:27,271 [FATAL] Updater:308 - Updater called before beeing initialized
2024-03-08 10:17:27,307 [WARN] DetailPanel:346 - Failed to get advertising image, set to default
2024-03-08 10:17:27,382 [FATAL] Updater:308 - Updater called before beeing initialized
2024-03-08 10:17:27,383 [FATAL] Updater:308 - Updater called before beeing initialized
2024-03-08 10:17:27,383 [FATAL] Updater:308 - Updater called before beeing initialized
2024-03-08 10:17:27,383 [WARN] DetailPanel:346 - Failed to get advertising image, set to default
2024-03-08 10:17:27,385 [FATAL] Updater:308 - Updater called before beeing initialized
2024-03-08 10:17:27,431 [ERROR] Updater:1120 - MainUpdater not yet initialized. External WinMGr cannot be set.
2024-03-08 10:17:27,432 [INFO] Updater:1056 - Updater Version found : 6.10.0
2024-03-08 10:17:27,455 [INFO] ApplicationProperties:184 - Using Application install path: C:\ST\STM32CubeIDE_1.12.0\STM32CubeIDE\plugins\com.st.stm32cube.common.mx_6.10.0.202311202037
2024-03-08 10:17:29,284 [INFO] ThirdPartyUpdaterWithRetryManager:70 - Updater plugin not ready yet. [2/15]
2024-03-08 10:17:29,419 [INFO] MainUpdater:2873 - connection check result : 10
2024-03-08 10:17:29,419 [INFO] MainUpdater:290 - Updater Check For Update Now.
2024-03-08 10:17:29,419 [INFO] MicroXplorer:498 - Change Database Version : DB.6.0.100
2024-03-08 10:17:29,424 [INFO] McuFinderGlobals:63 - Set McuFinder mode to 2 (CubeIDE integrated)
2024-03-08 10:17:29,425 [INFO] UserAuth:180 - activating auth plugin
2024-03-08 10:17:29,427 [INFO] UserAuth:404 - Internet connection configuration mode: 1
2024-03-08 10:17:29,451 [INFO] JxBrowserEngine:152 - Initiate JxBrowser Engine with user profile folder
2024-03-08 10:17:29,615 [INFO] CheckServerUpdateThread:120 - End of CheckServer Thread
2024-03-08 10:17:30,220 [INFO] WebApp:161 - Instantiating new browser for Auth
2024-03-08 10:17:30,874 [INFO] WebApp:780 - Register for checkConnection events
2024-03-08 10:17:30,874 [INFO] WebApp:414 - Apply proxy settings
2024-03-08 10:17:30,874 [INFO] WebApp:499 - Chromium requires no authentication
2024-03-08 10:17:30,882 [INFO] WebApp:442 - Direct internet connection detected
2024-03-08 10:17:31,092 [INFO] WebApp:192 - Starting web application
2024-03-08 10:17:31,092 [INFO] WebApp:544 - Web application path used C:\ST\STM32CubeIDE_1.12.0\STM32CubeIDE\plugins\com.st.stm32cube.common.mx_6.10.0.202311202037\db\plugins\mcufinder\reactClient1\index.html
2024-03-08 10:17:32,459 [WARN] PackLoader:240 - Cannot read IP mode file for STMicroelectronics.X-CUBE-SMBUS.2.1.0
2024-03-08 10:17:32,473 [WARN] PackLoader:240 - Cannot read IP mode file for STMicroelectronics.X-CUBE-TOUCHGFX.4.23.0
2024-03-08 10:17:32,596 [WARN] PackLoader:240 - Cannot read IP mode file for STMicroelectronics.X-CUBE-AZRTOS-F7.1.1.0
2024-03-08 10:17:32,608 [WARN] PackLoader:240 - Cannot read IP mode file for STMicroelectronics.FP-SNS-MOTENV1.4.3.2
2024-03-08 10:17:32,616 [WARN] PackLoader:240 - Cannot read IP mode file for STMicroelectronics.FP-SNS-FLIGHT1.5.0.2
2024-03-08 10:17:32,627 [WARN] PackLoader:240 - Cannot read IP mode file for STMicroelectronics.X-CUBE-DISPLAY.3.0.0
2024-03-08 10:17:32,640 [WARN] PackLoader:240 - Cannot read IP mode file for STMicroelectronics.X-CUBE-BLE1.7.0.0
2024-03-08 10:17:32,648 [WARN] PackLoader:240 - Cannot read IP mode file for emotas.I-CUBE-CANOPEN.1.3.0
2024-03-08 10:17:32,681 [WARN] PackLoader:240 - Cannot read IP mode file for STMicroelectronics.X-CUBE-TOUCHGFX.4.22.0
2024-03-08 10:17:32,722 [WARN] PackLoader:240 - Cannot read IP mode file for STMicroelectronics.X-CUBE-TOUCHGFX.4.22.1
2024-03-08 10:17:32,765 [WARN] PackLoader:240 - Cannot read IP mode file for STMicroelectronics.X-CUBE-BLEMGR.3.1.0
2024-03-08 10:17:32,772 [WARN] PackLoader:240 - Cannot read IP mode file for STMicroelectronics.FP-SNS-SMARTAG2.1.2.0
2024-03-08 10:17:32,785 [INFO] LogOutputStream:77 - [STDOUT_REDIRECT] 1 : Invalid condition id : UX_CORESTACK_Condition cause : null
2024-03-08 10:17:32,787 [INFO] LogOutputStream:77 - [STDOUT_REDIRECT] 1 : Invalid condition id : UX_CORESTACK_Condition cause : null
2024-03-08 10:17:32,788 [INFO] LogOutputStream:77 - [STDOUT_REDIRECT] 1 : Invalid condition id : UX_CORESTACK_Condition cause : null
2024-03-08 10:17:32,789 [INFO] LogOutputStream:77 - [STDOUT_REDIRECT] 1 : Invalid condition id : UX_CORESTACK_Condition cause : null
2024-03-08 10:17:32,790 [INFO] LogOutputStream:77 - [STDOUT_REDIRECT] 1 : Invalid condition id : UX_CORESTACK_Condition cause : null
2024-03-08 10:17:32,796 [WARN] PackLoader:240 - Cannot read IP mode file for STMicroelectronics.X-CUBE-AZRTOS-WL.2.0.0
2024-03-08 10:17:32,805 [WARN] PackLoader:240 - Cannot read IP mode file for WES.I-CUBE-Cesium.1.3.0
2024-03-08 10:17:32,811 [WARN] PackLoader:240 - Cannot read IP mode file for STMicroelectronics.X-CUBE-BLE2.3.3.0
2024-03-08 10:17:32,816 [WARN] PackLoader:240 - Cannot read IP mode file for STMicroelectronics.X-CUBE-TOUCHGFX.4.18.0
2024-03-08 10:17:32,851 [WARN] PackLoader:240 - Cannot read IP mode file for STMicroelectronics.X-CUBE-TOUCHGFX.4.21.1
2024-03-08 10:17:32,897 [WARN] PackLoader:240 - Cannot read IP mode file for STMicroelectronics.X-CUBE-TOUCHGFX.4.21.0
2024-03-08 10:17:32,932 [WARN] PackLoader:240 - Cannot read IP mode file for STMicroelectronics.X-CUBE-TOUCHGFX.4.21.4
2024-03-08 10:17:32,971 [WARN] PackLoader:240 - Cannot read IP mode file for STMicroelectronics.X-CUBE-ALGOBUILD.1.3.0
2024-03-08 10:17:32,988 [WARN] PackLoader:240 - Cannot read IP mode file for STMicroelectronics.X-CUBE-AZRTOS-G0.1.1.0
2024-03-08 10:17:32,997 [WARN] PackLoader:240 - Cannot read IP mode file for STMicroelectronics.X-CUBE-NFC4.3.0.0
2024-03-08 10:17:33,005 [WARN] PackLoader:240 - Cannot read IP mode file for STMicroelectronics.X-CUBE-BLEMGR.3.0.0
2024-03-08 10:17:33,011 [WARN] PackLoader:240 - Cannot read IP mode file for STMicroelectronics.FP-ATR-SIGFOX1.3.2.0
2024-03-08 10:17:33,017 [WARN] PackLoader:240 - Cannot read IP mode file for STMicroelectronics.X-CUBE-EEPRMA1.5.1.0
2024-03-08 10:17:33,041 [WARN] PackLoader:240 - Cannot read IP mode file for SEGGER.I-CUBE-embOS.1.3.1
2024-03-08 10:17:33,081 [WARN] PackLoader:240 - Cannot read IP mode file for STMicroelectronics.X-CUBE-GNSS1.6.0.0
2024-03-08 10:17:33,094 [WARN] PackLoader:240 - Cannot read IP mode file for STMicroelectronics.X-CUBE-AZRTOS-F4.1.1.0
2024-03-08 10:17:33,099 [WARN] PackLoader:240 - Cannot read IP mode file for wolfSSL.I-CUBE-wolfSSL.5.6.6
2024-03-08 10:17:33,111 [WARN] PackLoader:240 - Cannot read IP mode file for STMicroelectronics.X-CUBE-AZRTOS-L5.2.0.0
2024-03-08 10:17:33,118 [WARN] PackLoader:240 - Cannot read IP mode file for STMicroelectronics.X-CUBE-EEPRMA1.4.2.0
2024-03-08 10:17:33,124 [WARN] PackLoader:240 - Cannot read IP mode file for ITTIA_DB.I-CUBE-ITTIADB.8.8.0
2024-03-08 10:17:33,158 [WARN] PackLoader:240 - Cannot read IP mode file for emotas.I-CUBE-CANOPEN.1.1.3
2024-03-08 10:17:33,206 [WARN] ConditionMgr:438 - getConditionDescription Invalid condition id : UX DEVICE CLASS RTOS Condition cause : null
2024-03-08 10:17:33,206 [WARN] ConditionMgr:438 - getConditionDescription Invalid condition id : UX DEVICE CLASS RTOS Condition cause : null
2024-03-08 10:17:33,210 [WARN] PackLoader:240 - Cannot read IP mode file for STMicroelectronics.X-CUBE-AZRTOS-H7.3.1.0
2024-03-08 10:17:33,212 [WARN] ConditionMgr:1039 - genDependencies : Invalid condition id : UX DEVICE CLASS RTOS Condition cause : null
2024-03-08 10:17:33,212 [WARN] ConditionMgr:1039 - genDependencies : Invalid condition id : UX DEVICE CLASS RTOS Condition cause : null
2024-03-08 10:17:33,213 [WARN] ConditionMgr:1039 - genDependencies : Invalid condition id : UX DEVICE CLASS RTOS Condition cause : null
2024-03-08 10:17:33,213 [WARN] ConditionMgr:1039 - genDependencies : Invalid condition id : UX DEVICE CLASS RTOS Condition cause : null
2024-03-08 10:17:33,213 [WARN] ConditionMgr:1039 - genDependencies : Invalid condition id : UX DEVICE CLASS RTOS Condition cause : null
2024-03-08 10:17:33,222 [WARN] ConditionMgr:438 - getConditionDescription Invalid condition id : UX DEVICE CLASS RTOS Condition cause : null
2024-03-08 10:17:33,222 [WARN] ConditionMgr:438 - getConditionDescription Invalid condition id : UX DEVICE CLASS RTOS Condition cause : null
2024-03-08 10:17:33,330 [WARN] PackLoader:240 - Cannot read IP mode file for STMicroelectronics.X-CUBE-NFC7.1.0.1
2024-03-08 10:17:33,339 [WARN] PackLoader:240 - Cannot read IP mode file for STMicroelectronics.X-CUBE-NFC6.3.0.0
2024-03-08 10:17:33,346 [WARN] PackLoader:240 - Cannot read IP mode file for STMicroelectronics.X-CUBE-AI.8.1.0
2024-03-08 10:17:33,369 [WARN] ConditionMgr:438 - getConditionDescription Invalid condition id : LAN8742 Phy interface Condition cause : null
2024-03-08 10:17:33,369 [WARN] PackLoader:240 - Cannot read IP mode file for STMicroelectronics.X-CUBE-AZRTOS-L4.2.0.0
2024-03-08 10:17:33,370 [WARN] ConditionMgr:1039 - genDependencies : Invalid condition id : LAN8742 Phy interface Condition cause : null
2024-03-08 10:17:33,372 [WARN] ConditionMgr:1039 - genDependencies : Invalid condition id : LAN8742 Phy interface Condition cause : null
2024-03-08 10:17:33,372 [WARN] ConditionMgr:1039 - genDependencies : Invalid condition id : LAN8742 Phy interface Condition cause : null
2024-03-08 10:17:33,380 [WARN] PackLoader:240 - Cannot read IP mode file for STMicroelectronics.X-CUBE-SFXS2LP1.4.0.0
2024-03-08 10:17:33,400 [WARN] ConditionMgr:438 - getConditionDescription Invalid condition id : UX DEVICE CLASS RTOS Condition cause : null
2024-03-08 10:17:33,400 [WARN] ConditionMgr:438 - getConditionDescription Invalid condition id : UX DEVICE CLASS RTOS Condition cause : null
2024-03-08 10:17:33,404 [WARN] PackLoader:240 - Cannot read IP mode file for STMicroelectronics.X-CUBE-AZRTOS-WB.2.0.0
2024-03-08 10:17:33,405 [WARN] ConditionMgr:1039 - genDependencies : Invalid condition id : UX DEVICE CLASS RTOS Condition cause : null
2024-03-08 10:17:33,405 [WARN] ConditionMgr:1039 - genDependencies : Invalid condition id : UX DEVICE CLASS RTOS Condition cause : null
2024-03-08 10:17:33,406 [WARN] ConditionMgr:1039 - genDependencies : Invalid condition id : UX DEVICE CLASS RTOS Condition cause : null
2024-03-08 10:17:33,406 [WARN] ConditionMgr:1039 - genDependencies : Invalid condition id : UX DEVICE CLASS RTOS Condition cause : null
2024-03-08 10:17:33,406 [WARN] ConditionMgr:1039 - genDependencies : Invalid condition id : UX DEVICE CLASS RTOS Condition cause : null
2024-03-08 10:17:33,418 [WARN] PackLoader:240 - Cannot read IP mode file for STMicroelectronics.X-CUBE-SUBG2.5.0.0
2024-03-08 10:17:33,438 [WARN] PackLoader:240 - Cannot read IP mode file for STMicroelectronics.X-CUBE-TOF1.3.3.1
2024-03-08 10:17:33,507 [WARN] PackLoader:240 - Cannot read IP mode file for STMicroelectronics.X-CUBE-AZRTOS-G4.2.0.0
2024-03-08 10:17:33,520 [WARN] PackLoader:240 - Cannot read IP mode file for STMicroelectronics.X-CUBE-TOF1.3.3.0
2024-03-08 10:17:33,577 [WARN] PackLoader:240 - Cannot read IP mode file for Infineon.AIROC-Wi-Fi-Bluetooth-STM32.1.5.1
2024-03-08 10:17:33,585 [WARN] PackLoader:240 - Cannot read IP mode file for STMicroelectronics.FP-SNS-MOTENVWB1.1.3.1
2024-03-08 10:17:33,589 [WARN] PackLoader:240 - Cannot read IP mode file for STMicroelectronics.X-CUBE-ISPU.2.0.0
2024-03-08 10:17:33,617 [WARN] PackLoader:240 - Cannot read IP mode file for STMicroelectronics.X-CUBE-MEMS1.10.0.0
2024-03-08 10:17:33,723 [WARN] PackLoader:240 - Cannot read IP mode file for STMicroelectronics.X-CUBE-FREERTOS.1.1.0
2024-03-08 10:17:33,730 [WARN] PackLoader:240 - Cannot read IP mode file for portGmbH.I-Cube-SoM-uGOAL.1.1.0
2024-03-08 10:17:33,733 [WARN] PackLoader:240 - Cannot read IP mode file for STMicroelectronics.X-CUBE-ALS.1.0.1
2024-03-08 10:17:33,737 [WARN] PackLoader:240 - Cannot read IP mode file for STMicroelectronics.FP-ATR-ASTRA1.2.0.0
2024-03-08 10:17:33,749 [WARN] PackLoader:240 - Cannot read IP mode file for STMicroelectronics.X-CUBE-TOF1.3.4.0
2024-03-08 10:17:33,803 [WARN] PackLoader:240 - Cannot read IP mode file for STMicroelectronics.X-CUBE-AZRTOS-H7.3.2.0
2024-03-08 10:17:33,885 [INFO] ThirdParty:978 - Integrity check success = true
2024-03-08 10:17:33,885 [INFO] IntegrityCheckThread:100 - exiting critical section [integrity check]
2024-03-08 10:17:33,885 [INFO] IntegrityCheckThread:103 - End integrity checks thread
2024-03-08 14:11:11,531 [INFO] McuFinderGlobals:63 - Set McuFinder mode to 2 (CubeIDE integrated)
2024-03-08 14:11:11,581 [INFO] MainUpdater:2873 - connection check result : 10
2024-03-08 14:11:11,583 [INFO] MainUpdater:2873 - connection check result : 10
2024-03-08 14:11:11,895 [INFO] MicroXplorer:468 - Change Database Path : 
2024-03-08 14:11:11,896 [INFO] MicroXplorer:498 - Change Database Version : DB.6.0.100
2024-03-08 14:11:11,926 [WARN] ThirdParty:871 - waiting for thirdparty lock release [close project]
2024-03-08 14:11:11,928 [INFO] ThirdParty:873 - entering critical section [close project]
2024-03-08 14:11:11,941 [INFO] ThirdParty:883 - exiting critical section [close project]
2024-03-08 14:11:11,951 [INFO] PinOutPanel:1499 - setPackage(No Configuration,No Configuration)
2024-03-08 14:11:11,968 [INFO] UtilMem:75 - Begin LoadConfig() Used Memory: 438584720 Bytes (780140544)
2024-03-08 14:11:15,992 [INFO] MicroXplorer:468 - Change Database Path : 
2024-03-08 14:11:15,992 [INFO] MicroXplorer:498 - Change Database Version : DB.6.0.100
2024-03-08 14:11:15,993 [INFO] OpenFileManager:312 - Change cursor
2024-03-08 14:11:16,353 [INFO] ApiDb:581 - Connected to CubeFinder SQLite database (C:\Users\user\.stmcufinder\plugins\mcufinder\mcu\cube-finder-db.db)
2024-03-08 14:11:16,424 [INFO] ApiDb:668 - CubeFinder database Data Model version=2.1
2024-03-08 14:11:16,424 [INFO] ApiDb:669 - CubeFinder database Configuration version=3.0.39
2024-03-08 14:11:16,428 [INFO] ApiDb:670 - CubeFinder database generation date=2024-02-19 (1708350410)
2024-03-08 14:11:16,428 [INFO] ApiDb:671 - CubeFinder database FW Pack versions=[FP-ATR-ASTRA1_V2.0.0, FP-SNS-FLIGHT1_V5.0.1, FP-SNS-FLIGHT1_V5.0.2, FP-SNS-MOTENV1_V4.3.1, FP-SNS-MOTENV1_V4.3.2, FP-SNS-MOTENVWB1_V1.3.1, FP-SNS-SMARTAG2_V1.2.0, STM32Cube_FW_C0_V1.1.0, STM32Cube_FW_F4_V1.28.0, STM32Cube_FW_F7_V1.17.0, STM32Cube_FW_G0_V1.6.2, STM32Cube_FW_G4_V1.5.2, STM32Cube_FW_H5_V0.5.1, STM32Cube_FW_H5_V1.1.1, STM32Cube_FW_H5_V1.2.0RC2, STM32Cube_FW_H7_V1.11.0, STM32Cube_FW_L0_V1.12.2, STM32Cube_FW_L5_V1.5.0, STM32Cube_FW_U5_V1.3.0RC4, STM32Cube_FW_U5_V1.4.0, STM32Cube_FW_WBA_V1.0.0RC1, STM32Cube_FW_WBA_V1.1.0RC1, STM32Cube_FW_WBA_V1.2.0, STM32Cube_FW_WBA_V1.2.0RC2, STM32Cube_FW_WB_V1.15.0RC1, STM32Cube_FW_WB_V1.16.0, STM32Cube_FW_WB_V1.16.0RC2, STM32Cube_FW_WB_V1.18.0, STM32Cube_FW_WL_V1.3.0, X-CUBE-ALGOBUILD_V1.3.0, X-CUBE-ALS_V1.0.1, X-CUBE-AZRTOS-F4_V1.1.0, X-CUBE-AZRTOS-F7_V1.1.0, X-CUBE-AZRTOS-G0_V1.1.0, X-CUBE-AZRTOS-G4_V2.0.0, X-CUBE-AZRTOS-H7_V3.2.0, X-CUBE-AZRTOS-L4_V1.0.0, X-CUBE-AZRTOS-L4_V2.0.0, X-CUBE-AZRTOS-L5_V1.1.0, X-CUBE-AZRTOS-WB_V2.0.0, X-CUBE-AZRTOS-WL_V2.0.0, X-CUBE-BLE1_V7.0.0, X-CUBE-BLE2_V3.3.0, X-CUBE-BLEMGR_V3.0.0, X-CUBE-EEPRMA1_V4.1.0, X-CUBE-EEPRMA1_V5.1.0, X-CUBE-FREERTOS_V1.1.0, X-CUBE-GNSS1_V6.0.0, X-CUBE-MEMS1_V10.0.0, X-CUBE-MEMS1_V9.1.0, X-CUBE-MEMS1_V9.4.0, X-CUBE-MEMS1_V9.6.0, X-CUBE-NFC4_V3.0.0, X-CUBE-NFC7_V1.0.1, X-CUBE-SFXS2LP1_V4.0.0, X-CUBE-SUBG2_V5.0.0, X-CUBE-TOF1_V3.4.0]
2024-03-08 14:11:16,583 [INFO] DbBoardsSqlite:226 - include board P-NUCLEO-WB55-NUCLEO as a kit item of type 'Nucleo-64'
2024-03-08 14:11:16,584 [INFO] DbBoardsSqlite:226 - include board P-NUCLEO-WB55-USBDONGLE as a kit item of type 'Nucleo USB Dongle'
2024-03-08 14:11:16,585 [INFO] DbBoardsSqlite:226 - include board STEVAL-IDP005V1 as a kit item of type 'Evaluation Board'
2024-03-08 14:11:16,585 [INFO] DbBoardsSqlite:226 - include board STEVAL-IDP005V2 as a kit item of type 'Evaluation Board'
2024-03-08 14:11:16,893 [INFO] ApiDb:240 - Found 371 in-development CPN: [B-G473E-ZEST1S, B-WB1M-WPAN1, B-WL5M-SUBG1, NUCLEO-C031C6, NUCLEO-H503RB, NUCLEO-H563ZI, NUCLEO-U545RE-Q, NUCLEO-U5A5ZJ-Q, NUCLEO-WBA52CG, NUCLEO-WBA55CG, STEVAL-MKBOXPRO, STEVAL-PROTEUS1, STEVAL-STWINBX1, STM320518-EVAL, STM32C0116-DK, STM32C011D6Y3TR, STM32C011D6Y6TR, STM32C011F4P3, STM32C011F4P6, STM32C011F4U3, STM32C011F4U6TR, STM32C011F6P3, STM32C011F6P6, STM32C011F6U3, STM32C011F6U6TR, STM32C011J4M3, STM32C011J4M6, STM32C011J6M3, STM32C011J6M6, STM32C0316-DK, STM32C031C4T3, STM32C031C4T6, STM32C031C4U3, STM32C031C4U6, STM32C031C6T3, STM32C031C6T6, STM32C031C6U3, STM32C031C6U6, STM32C031F4P3, STM32C031F4P6, STM32C031F6P3, STM32C031F6P6, STM32C031G4U3, STM32C031G4U6, STM32C031G6U3, STM32C031G6U6, STM32C031K4T3, STM32C031K4T6, STM32C031K4U3, STM32C031K4U6, STM32C031K6T3, STM32C031K6T6, STM32C031K6U3, STM32C031K6U6, STM32G071K8TXN, STM32G071K8UXN, STM32G081GBU6N, STM32G081KBT6N, STM32G081KBUXN, STM32G0B1CCT6N, STM32G0B1KCT6, STM32G0B1NEY6TR, STM32G0B1RCT6N, STM32G0C1CCT6, STM32G0C1CCT6N, STM32G0C1CCU6N, STM32G0C1CET6N, STM32G0C1CEU6N, STM32G0C1KCT6, STM32G0C1NEY6TR, STM32G0C1RCI6N, STM32G0C1RCT6N, STM32G0C1REI6N, STM32G0C1RET6N, STM32G0C1VCI6, STM32G0C1VEI6, STM32G471CCT6, STM32G471CCU6, STM32G471CET3, STM32G471CET6, STM32G471CEU3, STM32G471CEU6, STM32G471MCT6, STM32G471MET3, STM32G471MET6, STM32G471MEY6TR, STM32G471QCT6, STM32G471QET3, STM32G471RCT6, STM32G471RET3, STM32G471RET6, STM32G471VCH6, STM32G471VCI6, STM32G471VCT6, STM32G471VEH3, STM32G471VEH6, STM32G471VEI3, STM32G471VEI6, STM32G471VET3, STM32G471VET6, STM32G474CCT6, STM32H503CBT6, STM32H503CBU6, STM32H503EBY6TR, STM32H503KBU6, STM32H503RBT6, STM32H562AGI6, STM32H562AII6, STM32H562IGK6, STM32H562IGT6, STM32H562IIK6, STM32H562IIT6, STM32H562RGT6, STM32H562RGV6, STM32H562RIT6, STM32H562RIV6, STM32H562VGT6, STM32H562VIT6, STM32H562ZGT6, STM32H562ZIT6, STM32H563AGI6, STM32H563AII3Q, STM32H563AII6, STM32H563IGK6, STM32H563IGT6, STM32H563IIK3Q, STM32H563IIK6, STM32H563IIT3Q, STM32H563IIT6, STM32H563MIY3QTR, STM32H563RGT6, STM32H563RGV6, STM32H563RIT6, STM32H563RIV6, STM32H563VGT6, STM32H563VIT3Q, STM32H563VIT6, STM32H563ZGT6, STM32H563ZIT3Q, STM32H563ZIT6, STM32H573AII3Q, STM32H573AII6, STM32H573I-DK, STM32H573IIK3Q, STM32H573IIK6, STM32H573IIT3Q, STM32H573IIT6, STM32H573MIY3QTR, STM32H573RIT6, STM32H573RIV6, STM32H573VIT3Q, STM32H573VIT6, STM32H573ZIT3Q, STM32H573ZIT6, STM32L4R5QGI6STR, STM32MP131AAE3, STM32MP131AAF3, STM32MP131AAG3, STM32MP131CAE3, STM32MP131CAF3, STM32MP131CAG3, STM32MP131DAE7, STM32MP131DAF7, STM32MP131DAG7, STM32MP131FAE7, STM32MP131FAF7, STM32MP131FAG7, STM32MP133AAE3, STM32MP133AAF3, STM32MP133AAG3, STM32MP133CAE3, STM32MP133CAF3, STM32MP133CAG3, STM32MP133DAE7, STM32MP133DAF7, STM32MP133DAG7, STM32MP133FAE7, STM32MP133FAF7, STM32MP133FAG7, STM32MP135AAE3, STM32MP135AAF3, STM32MP135AAG3, STM32MP135CAE3, STM32MP135CAF3, STM32MP135CAG3, STM32MP135DAE7, STM32MP135DAF7, STM32MP135DAG7, STM32MP135F-DK, STM32MP135FAE7, STM32MP135FAF7, STM32MP135FAF7T, STM32MP135FAF7U, STM32MP135FAG7, STM32U535CBT6, STM32U535CBT6Q, STM32U535CBU6, STM32U535CBU6Q, STM32U535CCT6, STM32U535CCT6Q, STM32U535CCU6, STM32U535CCU6Q, STM32U535CET6, STM32U535CET6Q, STM32U535CEU6, STM32U535CEU6Q, STM32U535JEY6QTR, STM32U535NCY6QTR, STM32U535NEY6QTR, STM32U535RBI6, STM32U535RBI6Q, STM32U535RBT6, STM32U535RBT6Q, STM32U535RCI6, STM32U535RCI6Q, STM32U535RCT6, STM32U535RCT6Q, STM32U535REI6, STM32U535REI6Q, STM32U535RET6, STM32U535RET6Q, STM32U535VCI6, STM32U535VCI6Q, STM32U535VCT6, STM32U535VCT6Q, STM32U535VEI6, STM32U535VEI6Q, STM32U535VET6, STM32U535VET6Q, STM32U545CET6, STM32U545CET6Q, STM32U545CEU6, STM32U545CEU6Q, STM32U545JEY6QTR, STM32U545NEY6QTR, STM32U545REI6, STM32U545REI6Q, STM32U545RET6, STM32U545RET6Q, STM32U545VEI6, STM32U545VEI6Q, STM32U545VET6, STM32U545VET6Q, STM32U595AIH6, STM32U595AIH6Q, STM32U595AJH6, STM32U595AJH6Q, STM32U595QII6, STM32U595QII6Q, STM32U595QJI6, STM32U595QJI6Q, STM32U595RIT6, STM32U595RIT6Q, STM32U595RJT6, STM32U595RJT6Q, STM32U595VIT6, STM32U595VIT6Q, STM32U595VJT6, STM32U595VJT6Q, STM32U595ZIT6, STM32U595ZIT6Q, STM32U595ZIY6QTR, STM32U595ZJT6, STM32U595ZJT6Q, STM32U595ZJY6QTR, STM32U599BJY6QTR, STM32U599NIH6Q, STM32U599NJH6Q, STM32U599VIT6Q, STM32U599VJT6, STM32U599VJT6Q, STM32U599ZIT6Q, STM32U599ZIY6QTR, STM32U599ZJT6Q, STM32U599ZJY6QTR, STM32U5A5AJH6, STM32U5A5AJH6Q, STM32U5A5QJI6, STM32U5A5QJI6Q, STM32U5A5RJT6, STM32U5A5RJT6Q, STM32U5A5VJT6, STM32U5A5VJT6Q, STM32U5A5ZJT6, STM32U5A5ZJT6Q, STM32U5A5ZJY6QTR, STM32U5A9BJY6QTR, STM32U5A9J-DK, STM32U5A9NJH6Q, STM32U5A9VJT6Q, STM32U5A9ZJT6Q, STM32U5A9ZJY6QTR, STM32U5F7VIT6, STM32U5F7VIT6Q, STM32U5F7VJT6, STM32U5F7VJT6Q, STM32U5F9BJY6QTR, STM32U5F9NJH6Q, STM32U5F9VIT6Q, STM32U5F9VJT6Q, STM32U5F9ZIJ6QTR, STM32U5F9ZIT6Q, STM32U5F9ZJJ6QTR, STM32U5F9ZJT6Q, STM32U5G7VJT6, STM32U5G7VJT6Q, STM32U5G9BJY6QTR, STM32U5G9J-DK1, STM32U5G9J-DK2, STM32U5G9NJH6Q, STM32U5G9VJT6Q, STM32U5G9ZJJ6QTR, STM32U5G9ZJT6Q, STM32WB1MMCH6, STM32WBA50KEU6, STM32WBA50KEU6TR, STM32WBA50KGU6, STM32WBA50KGU6TR, STM32WBA52CEU6, STM32WBA52CEU6TR, STM32WBA52CEU7, STM32WBA52CEU7TR, STM32WBA52CGU6, STM32WBA52CGU6TR, STM32WBA52CGU6U, STM32WBA52CGU7, STM32WBA52CGU7TR, STM32WBA52KEU6, STM32WBA52KEU6TR, STM32WBA52KGU6, STM32WBA52KGU6TR, STM32WBA54CEU6, STM32WBA54CEU6TR, STM32WBA54CEU7, STM32WBA54CEU7TR, STM32WBA54CGU6, STM32WBA54CGU6TR, STM32WBA54CGU7, STM32WBA54CGU7TR, STM32WBA54KEU6, STM32WBA54KEU6TR, STM32WBA54KEU7, STM32WBA54KEU7TR, STM32WBA54KGU6, STM32WBA54KGU6TR, STM32WBA54KGU7, STM32WBA54KGU7TR, STM32WBA55CEU6, STM32WBA55CEU6TR, STM32WBA55CEU7, STM32WBA55CEU7TR, STM32WBA55CGU6, STM32WBA55CGU6TR, STM32WBA55CGU6U, STM32WBA55CGU7, STM32WBA55CGU7TR, STM32WBA55G-DK1, STM32WBA55HEF6, STM32WBA55HEF7, STM32WBA55HGF6, STM32WBA55HGF7, STM32WBA55UEI6, STM32WBA55UEI6TR, STM32WBA55UEI7, STM32WBA55UEI7TR, STM32WBA55UGI6, STM32WBA55UGI6TR, STM32WBA55UGI7, STM32WBA55UGI7TR, STM32WL5MOCH6, STM32WL5MOCH6TR]
2024-03-08 14:11:17,035 [INFO] BoardInfo:889 - No configuration file found for board P-NUCLEO-WB55
2024-03-08 14:11:17,036 [INFO] DbBoards:161 - Kit is not supported: P-NUCLEO-WB55
2024-03-08 14:11:17,040 [INFO] BoardInfo:889 - No configuration file found for board STEVAL-BFA001V1B
2024-03-08 14:11:17,040 [INFO] DbBoards:161 - Kit is not supported: STEVAL-BFA001V1B
2024-03-08 14:11:17,041 [INFO] BoardInfo:889 - No configuration file found for board STEVAL-BFA001V2B
2024-03-08 14:11:17,042 [INFO] DbBoards:161 - Kit is not supported: STEVAL-BFA001V2B
2024-03-08 14:11:17,257 [INFO] DbBoards:168 - Found 193 boards, 190 are supported
2024-03-08 14:11:17,257 [INFO] DbBoards:169 - Found 193 boards, 3 of them is supported for  Bsp
2024-03-08 14:11:17,290 [INFO] ApiDb:668 - CubeFinder database Data Model version=2.1
2024-03-08 14:11:17,290 [INFO] ApiDb:669 - CubeFinder database Configuration version=3.0.39
2024-03-08 14:11:17,290 [INFO] ApiDb:670 - CubeFinder database generation date=2024-02-19 (1708350410)
2024-03-08 14:11:17,290 [INFO] ApiDb:671 - CubeFinder database FW Pack versions=[FP-ATR-ASTRA1_V2.0.0, FP-SNS-FLIGHT1_V5.0.1, FP-SNS-FLIGHT1_V5.0.2, FP-SNS-MOTENV1_V4.3.1, FP-SNS-MOTENV1_V4.3.2, FP-SNS-MOTENVWB1_V1.3.1, FP-SNS-SMARTAG2_V1.2.0, STM32Cube_FW_C0_V1.1.0, STM32Cube_FW_F4_V1.28.0, STM32Cube_FW_F7_V1.17.0, STM32Cube_FW_G0_V1.6.2, STM32Cube_FW_G4_V1.5.2, STM32Cube_FW_H5_V0.5.1, STM32Cube_FW_H5_V1.1.1, STM32Cube_FW_H5_V1.2.0RC2, STM32Cube_FW_H7_V1.11.0, STM32Cube_FW_L0_V1.12.2, STM32Cube_FW_L5_V1.5.0, STM32Cube_FW_U5_V1.3.0RC4, STM32Cube_FW_U5_V1.4.0, STM32Cube_FW_WBA_V1.0.0RC1, STM32Cube_FW_WBA_V1.1.0RC1, STM32Cube_FW_WBA_V1.2.0, STM32Cube_FW_WBA_V1.2.0RC2, STM32Cube_FW_WB_V1.15.0RC1, STM32Cube_FW_WB_V1.16.0, STM32Cube_FW_WB_V1.16.0RC2, STM32Cube_FW_WB_V1.18.0, STM32Cube_FW_WL_V1.3.0, X-CUBE-ALGOBUILD_V1.3.0, X-CUBE-ALS_V1.0.1, X-CUBE-AZRTOS-F4_V1.1.0, X-CUBE-AZRTOS-F7_V1.1.0, X-CUBE-AZRTOS-G0_V1.1.0, X-CUBE-AZRTOS-G4_V2.0.0, X-CUBE-AZRTOS-H7_V3.2.0, X-CUBE-AZRTOS-L4_V1.0.0, X-CUBE-AZRTOS-L4_V2.0.0, X-CUBE-AZRTOS-L5_V1.1.0, X-CUBE-AZRTOS-WB_V2.0.0, X-CUBE-AZRTOS-WL_V2.0.0, X-CUBE-BLE1_V7.0.0, X-CUBE-BLE2_V3.3.0, X-CUBE-BLEMGR_V3.0.0, X-CUBE-EEPRMA1_V4.1.0, X-CUBE-EEPRMA1_V5.1.0, X-CUBE-FREERTOS_V1.1.0, X-CUBE-GNSS1_V6.0.0, X-CUBE-MEMS1_V10.0.0, X-CUBE-MEMS1_V9.1.0, X-CUBE-MEMS1_V9.4.0, X-CUBE-MEMS1_V9.6.0, X-CUBE-NFC4_V3.0.0, X-CUBE-NFC7_V1.0.1, X-CUBE-SFXS2LP1_V4.0.0, X-CUBE-SUBG2_V5.0.0, X-CUBE-TOF1_V3.4.0]
2024-03-08 14:11:19,561 [INFO] ApiDb:240 - Found 371 in-development CPN: [B-G473E-ZEST1S, B-WB1M-WPAN1, B-WL5M-SUBG1, NUCLEO-C031C6, NUCLEO-H503RB, NUCLEO-H563ZI, NUCLEO-U545RE-Q, NUCLEO-U5A5ZJ-Q, NUCLEO-WBA52CG, NUCLEO-WBA55CG, STEVAL-MKBOXPRO, STEVAL-PROTEUS1, STEVAL-STWINBX1, STM320518-EVAL, STM32C0116-DK, STM32C011D6Y3TR, STM32C011D6Y6TR, STM32C011F4P3, STM32C011F4P6, STM32C011F4U3, STM32C011F4U6TR, STM32C011F6P3, STM32C011F6P6, STM32C011F6U3, STM32C011F6U6TR, STM32C011J4M3, STM32C011J4M6, STM32C011J6M3, STM32C011J6M6, STM32C0316-DK, STM32C031C4T3, STM32C031C4T6, STM32C031C4U3, STM32C031C4U6, STM32C031C6T3, STM32C031C6T6, STM32C031C6U3, STM32C031C6U6, STM32C031F4P3, STM32C031F4P6, STM32C031F6P3, STM32C031F6P6, STM32C031G4U3, STM32C031G4U6, STM32C031G6U3, STM32C031G6U6, STM32C031K4T3, STM32C031K4T6, STM32C031K4U3, STM32C031K4U6, STM32C031K6T3, STM32C031K6T6, STM32C031K6U3, STM32C031K6U6, STM32G071K8TXN, STM32G071K8UXN, STM32G081GBU6N, STM32G081KBT6N, STM32G081KBUXN, STM32G0B1CCT6N, STM32G0B1KCT6, STM32G0B1NEY6TR, STM32G0B1RCT6N, STM32G0C1CCT6, STM32G0C1CCT6N, STM32G0C1CCU6N, STM32G0C1CET6N, STM32G0C1CEU6N, STM32G0C1KCT6, STM32G0C1NEY6TR, STM32G0C1RCI6N, STM32G0C1RCT6N, STM32G0C1REI6N, STM32G0C1RET6N, STM32G0C1VCI6, STM32G0C1VEI6, STM32G471CCT6, STM32G471CCU6, STM32G471CET3, STM32G471CET6, STM32G471CEU3, STM32G471CEU6, STM32G471MCT6, STM32G471MET3, STM32G471MET6, STM32G471MEY6TR, STM32G471QCT6, STM32G471QET3, STM32G471RCT6, STM32G471RET3, STM32G471RET6, STM32G471VCH6, STM32G471VCI6, STM32G471VCT6, STM32G471VEH3, STM32G471VEH6, STM32G471VEI3, STM32G471VEI6, STM32G471VET3, STM32G471VET6, STM32G474CCT6, STM32H503CBT6, STM32H503CBU6, STM32H503EBY6TR, STM32H503KBU6, STM32H503RBT6, STM32H562AGI6, STM32H562AII6, STM32H562IGK6, STM32H562IGT6, STM32H562IIK6, STM32H562IIT6, STM32H562RGT6, STM32H562RGV6, STM32H562RIT6, STM32H562RIV6, STM32H562VGT6, STM32H562VIT6, STM32H562ZGT6, STM32H562ZIT6, STM32H563AGI6, STM32H563AII3Q, STM32H563AII6, STM32H563IGK6, STM32H563IGT6, STM32H563IIK3Q, STM32H563IIK6, STM32H563IIT3Q, STM32H563IIT6, STM32H563MIY3QTR, STM32H563RGT6, STM32H563RGV6, STM32H563RIT6, STM32H563RIV6, STM32H563VGT6, STM32H563VIT3Q, STM32H563VIT6, STM32H563ZGT6, STM32H563ZIT3Q, STM32H563ZIT6, STM32H573AII3Q, STM32H573AII6, STM32H573I-DK, STM32H573IIK3Q, STM32H573IIK6, STM32H573IIT3Q, STM32H573IIT6, STM32H573MIY3QTR, STM32H573RIT6, STM32H573RIV6, STM32H573VIT3Q, STM32H573VIT6, STM32H573ZIT3Q, STM32H573ZIT6, STM32L4R5QGI6STR, STM32MP131AAE3, STM32MP131AAF3, STM32MP131AAG3, STM32MP131CAE3, STM32MP131CAF3, STM32MP131CAG3, STM32MP131DAE7, STM32MP131DAF7, STM32MP131DAG7, STM32MP131FAE7, STM32MP131FAF7, STM32MP131FAG7, STM32MP133AAE3, STM32MP133AAF3, STM32MP133AAG3, STM32MP133CAE3, STM32MP133CAF3, STM32MP133CAG3, STM32MP133DAE7, STM32MP133DAF7, STM32MP133DAG7, STM32MP133FAE7, STM32MP133FAF7, STM32MP133FAG7, STM32MP135AAE3, STM32MP135AAF3, STM32MP135AAG3, STM32MP135CAE3, STM32MP135CAF3, STM32MP135CAG3, STM32MP135DAE7, STM32MP135DAF7, STM32MP135DAG7, STM32MP135F-DK, STM32MP135FAE7, STM32MP135FAF7, STM32MP135FAF7T, STM32MP135FAF7U, STM32MP135FAG7, STM32U535CBT6, STM32U535CBT6Q, STM32U535CBU6, STM32U535CBU6Q, STM32U535CCT6, STM32U535CCT6Q, STM32U535CCU6, STM32U535CCU6Q, STM32U535CET6, STM32U535CET6Q, STM32U535CEU6, STM32U535CEU6Q, STM32U535JEY6QTR, STM32U535NCY6QTR, STM32U535NEY6QTR, STM32U535RBI6, STM32U535RBI6Q, STM32U535RBT6, STM32U535RBT6Q, STM32U535RCI6, STM32U535RCI6Q, STM32U535RCT6, STM32U535RCT6Q, STM32U535REI6, STM32U535REI6Q, STM32U535RET6, STM32U535RET6Q, STM32U535VCI6, STM32U535VCI6Q, STM32U535VCT6, STM32U535VCT6Q, STM32U535VEI6, STM32U535VEI6Q, STM32U535VET6, STM32U535VET6Q, STM32U545CET6, STM32U545CET6Q, STM32U545CEU6, STM32U545CEU6Q, STM32U545JEY6QTR, STM32U545NEY6QTR, STM32U545REI6, STM32U545REI6Q, STM32U545RET6, STM32U545RET6Q, STM32U545VEI6, STM32U545VEI6Q, STM32U545VET6, STM32U545VET6Q, STM32U595AIH6, STM32U595AIH6Q, STM32U595AJH6, STM32U595AJH6Q, STM32U595QII6, STM32U595QII6Q, STM32U595QJI6, STM32U595QJI6Q, STM32U595RIT6, STM32U595RIT6Q, STM32U595RJT6, STM32U595RJT6Q, STM32U595VIT6, STM32U595VIT6Q, STM32U595VJT6, STM32U595VJT6Q, STM32U595ZIT6, STM32U595ZIT6Q, STM32U595ZIY6QTR, STM32U595ZJT6, STM32U595ZJT6Q, STM32U595ZJY6QTR, STM32U599BJY6QTR, STM32U599NIH6Q, STM32U599NJH6Q, STM32U599VIT6Q, STM32U599VJT6, STM32U599VJT6Q, STM32U599ZIT6Q, STM32U599ZIY6QTR, STM32U599ZJT6Q, STM32U599ZJY6QTR, STM32U5A5AJH6, STM32U5A5AJH6Q, STM32U5A5QJI6, STM32U5A5QJI6Q, STM32U5A5RJT6, STM32U5A5RJT6Q, STM32U5A5VJT6, STM32U5A5VJT6Q, STM32U5A5ZJT6, STM32U5A5ZJT6Q, STM32U5A5ZJY6QTR, STM32U5A9BJY6QTR, STM32U5A9J-DK, STM32U5A9NJH6Q, STM32U5A9VJT6Q, STM32U5A9ZJT6Q, STM32U5A9ZJY6QTR, STM32U5F7VIT6, STM32U5F7VIT6Q, STM32U5F7VJT6, STM32U5F7VJT6Q, STM32U5F9BJY6QTR, STM32U5F9NJH6Q, STM32U5F9VIT6Q, STM32U5F9VJT6Q, STM32U5F9ZIJ6QTR, STM32U5F9ZIT6Q, STM32U5F9ZJJ6QTR, STM32U5F9ZJT6Q, STM32U5G7VJT6, STM32U5G7VJT6Q, STM32U5G9BJY6QTR, STM32U5G9J-DK1, STM32U5G9J-DK2, STM32U5G9NJH6Q, STM32U5G9VJT6Q, STM32U5G9ZJJ6QTR, STM32U5G9ZJT6Q, STM32WB1MMCH6, STM32WBA50KEU6, STM32WBA50KEU6TR, STM32WBA50KGU6, STM32WBA50KGU6TR, STM32WBA52CEU6, STM32WBA52CEU6TR, STM32WBA52CEU7, STM32WBA52CEU7TR, STM32WBA52CGU6, STM32WBA52CGU6TR, STM32WBA52CGU6U, STM32WBA52CGU7, STM32WBA52CGU7TR, STM32WBA52KEU6, STM32WBA52KEU6TR, STM32WBA52KGU6, STM32WBA52KGU6TR, STM32WBA54CEU6, STM32WBA54CEU6TR, STM32WBA54CEU7, STM32WBA54CEU7TR, STM32WBA54CGU6, STM32WBA54CGU6TR, STM32WBA54CGU7, STM32WBA54CGU7TR, STM32WBA54KEU6, STM32WBA54KEU6TR, STM32WBA54KEU7, STM32WBA54KEU7TR, STM32WBA54KGU6, STM32WBA54KGU6TR, STM32WBA54KGU7, STM32WBA54KGU7TR, STM32WBA55CEU6, STM32WBA55CEU6TR, STM32WBA55CEU7, STM32WBA55CEU7TR, STM32WBA55CGU6, STM32WBA55CGU6TR, STM32WBA55CGU6U, STM32WBA55CGU7, STM32WBA55CGU7TR, STM32WBA55G-DK1, STM32WBA55HEF6, STM32WBA55HEF7, STM32WBA55HGF6, STM32WBA55HGF7, STM32WBA55UEI6, STM32WBA55UEI6TR, STM32WBA55UEI7, STM32WBA55UEI7TR, STM32WBA55UGI6, STM32WBA55UGI6TR, STM32WBA55UGI7, STM32WBA55UGI7TR, STM32WL5MOCH6, STM32WL5MOCH6TR]
2024-03-08 14:11:19,565 [INFO] DbMcus:218 - Found 3930 MCUs, 3930 are supported
2024-03-08 14:11:19,566 [INFO] ApiDb:423 - Load user favorites file C:\Users\user/.stm32cubeide/favorites.mcus.txt: 3 item(s)
2024-03-08 14:11:19,566 [INFO] ApiDb:427 - User favorites MCUs=[STM32F103C8T6, STM32H723ZGT6, STM32H750VBT6]
2024-03-08 14:11:19,567 [INFO] DbMcus:224 - Set 3 / 3 favorites MCUs
2024-03-08 14:11:19,883 [INFO] ApiDb:423 - Load user favorites file C:\Users\user/.stm32cubeide/favorites.boards.txt: 2 item(s)
2024-03-08 14:11:19,884 [INFO] ApiDb:427 - User favorites Boards=[NUCLEO-H723ZG, STM32H750B-DK]
2024-03-08 14:11:19,884 [INFO] DbBoards:198 - Set 2 / 2 favorites Boards
2024-03-08 14:11:19,885 [INFO] ProjectFactory:440 - No CPN specified for board NUCLEO-H723ZG => set CPN to STM32H723ZGT6
2024-03-08 14:11:19,886 [INFO] Mcu:2016 - Initializing MCU STM32H723ZGTx STM32H723ZGTx STM32H723ZGT6
2024-03-08 14:11:26,509 [INFO] Context:659 - Trying to add GPIOservice into a context  which must be forbidden
2024-03-08 14:11:29,815 [INFO] Rule:228 - rule 117617 - U5Cobra4M][GTZC] default value MPCBB3 and MPCBB5 - Not Secured memory - MPCBB1 is applicable
2024-03-08 14:11:29,816 [INFO] Rule:228 - rule 117617 - U5Cobra4M][GTZC] default value MPCBB3 and MPCBB5 - Not Secured memory - MPCBB1 is applicable
2024-03-08 14:11:29,816 [INFO] Rule:228 - rule 117617 - U5Cobra4M][GTZC] default value MPCBB3 and MPCBB5 - Not Secured memory - MPCBB2 is applicable
2024-03-08 14:11:29,816 [INFO] Rule:228 - rule 117617 - U5Cobra4M][GTZC] default value MPCBB3 and MPCBB5 - Not Secured memory - MPCBB2 is applicable
2024-03-08 14:11:29,816 [INFO] Rule:228 - rule 117617 - U5Cobra4M][GTZC] default value MPCBB3 and MPCBB5 - Not Secured memory - MPCBB3 is applicable
2024-03-08 14:11:29,816 [INFO] Rule:228 - rule 117617 - U5Cobra4M][GTZC] default value MPCBB3 and MPCBB5 - Not Secured memory - MPCBB3 is applicable
2024-03-08 14:11:29,816 [INFO] Rule:228 - rule 117617 - U5Cobra4M][GTZC] default value MPCBB3 and MPCBB5 - Not Secured memory - MPCBB4 is applicable
2024-03-08 14:11:29,816 [INFO] Rule:228 - rule 117617 - U5Cobra4M][GTZC] default value MPCBB3 and MPCBB5 - Not Secured memory - MPCBB4 is applicable
2024-03-08 14:11:29,816 [INFO] Rule:228 - rule 117617 - U5Cobra4M][GTZC] default value MPCBB3 and MPCBB5 - Secured memory - MPCBB1 is applicable
2024-03-08 14:11:29,816 [INFO] Rule:228 - rule 117617 - U5Cobra4M][GTZC] default value MPCBB3 and MPCBB5 - Secured memory - MPCBB2 is applicable
2024-03-08 14:11:29,816 [INFO] Rule:228 - rule 117617 - U5Cobra4M][GTZC] default value MPCBB3 and MPCBB5 - Secured memory - MPCBB3 is applicable
2024-03-08 14:11:29,816 [INFO] Rule:228 - rule 117617 - U5Cobra4M][GTZC] default value MPCBB3 and MPCBB5 - Secured memory - MPCBB4 is applicable
2024-03-08 14:11:29,816 [INFO] Rule:228 - rule 117617 - U5Cobra4M][GTZC] default value MPCBB3 and MPCBB5 - Privileged memory - MPCBB1 is applicable
2024-03-08 14:11:29,816 [INFO] Rule:228 - rule 117617 - U5Cobra4M][GTZC] default value MPCBB3 and MPCBB5 - Privileged memory - MPCBB2 is applicable
2024-03-08 14:11:29,816 [INFO] Rule:228 - rule 117617 - U5Cobra4M][GTZC] default value MPCBB3 and MPCBB5 - Privileged memory - MPCBB3 is applicable
2024-03-08 14:11:29,816 [INFO] Rule:228 - rule 117617 - U5Cobra4M][GTZC] default value MPCBB3 and MPCBB5 - Privileged memory - MPCBB4 is applicable
2024-03-08 14:11:29,816 [INFO] Rule:228 - rule 117617 - U5Cobra4M][GTZC] default value MPCBB3 and MPCBB5 - Not Privileged memory - MPCBB1 is applicable
2024-03-08 14:11:29,816 [INFO] Rule:228 - rule 117617 - U5Cobra4M][GTZC] default value MPCBB3 and MPCBB5 - Not Privileged memory - MPCBB2 is applicable
2024-03-08 14:11:29,818 [INFO] Rule:228 - rule 117617 - U5Cobra4M][GTZC] default value MPCBB3 and MPCBB5 - Not Privileged memory - MPCBB3 is applicable
2024-03-08 14:11:29,818 [INFO] Rule:228 - rule 117617 - U5Cobra4M][GTZC] default value MPCBB3 and MPCBB5 - Not Privileged memory - MPCBB4 is applicable
2024-03-08 14:11:29,818 [INFO] Rule:228 - rule 117617 - U5Cobra4M][GTZC] default value MPCBB3 and MPCBB5 - Privileged memory - MPCBB1 is applicable
2024-03-08 14:11:29,818 [INFO] Rule:228 - rule 117617 - U5Cobra4M][GTZC] default value MPCBB3 and MPCBB5 - Privileged memory - MPCBB2 is applicable
2024-03-08 14:11:29,818 [INFO] Rule:228 - rule 117617 - U5Cobra4M][GTZC] default value MPCBB3 and MPCBB5 - Privileged memory - MPCBB3 is applicable
2024-03-08 14:11:29,818 [INFO] Rule:228 - rule 117617 - U5Cobra4M][GTZC] default value MPCBB3 and MPCBB5 - Privileged memory - MPCBB4 is applicable
2024-03-08 14:11:29,818 [INFO] Rule:228 - rule 117617 - U5Cobra4M][GTZC] default value MPCBB3 and MPCBB5 - Privileged memory - MPCBB1 is applicable
2024-03-08 14:11:29,818 [INFO] Rule:228 - rule 117617 - U5Cobra4M][GTZC] default value MPCBB3 and MPCBB5 - Privileged memory - MPCBB2 is applicable
2024-03-08 14:11:29,818 [INFO] Rule:228 - rule 117617 - U5Cobra4M][GTZC] default value MPCBB3 and MPCBB5 - Privileged memory - MPCBB3 is applicable
2024-03-08 14:11:29,818 [INFO] Rule:228 - rule 117617 - U5Cobra4M][GTZC] default value MPCBB3 and MPCBB5 - Privileged memory - MPCBB4 is applicable
2024-03-08 14:11:29,818 [INFO] Rule:228 - rule 117617 - U5Cobra4M][GTZC] default value MPCBB3 and MPCBB5 - Not Privileged memory - MPCBB1 is applicable
2024-03-08 14:11:29,818 [INFO] Rule:228 - rule 117617 - U5Cobra4M][GTZC] default value MPCBB3 and MPCBB5 - Not Privileged memory - MPCBB2 is applicable
2024-03-08 14:11:29,818 [INFO] Rule:228 - rule 117617 - U5Cobra4M][GTZC] default value MPCBB3 and MPCBB5 - Not Privileged memory - MPCBB3 is applicable
2024-03-08 14:11:29,819 [INFO] Rule:228 - rule 117617 - U5Cobra4M][GTZC] default value MPCBB3 and MPCBB5 - Not Privileged memory - MPCBB4 is applicable
2024-03-08 14:11:29,819 [INFO] Rule:228 - rule 117617 - U5Cobra4M][GTZC] default value MPCBB3 and MPCBB5 - Privileged memory - MPCBB1 is applicable
2024-03-08 14:11:29,819 [INFO] Rule:228 - rule 117617 - U5Cobra4M][GTZC] default value MPCBB3 and MPCBB5 - Privileged memory - MPCBB2 is applicable
2024-03-08 14:11:29,819 [INFO] Rule:228 - rule 117617 - U5Cobra4M][GTZC] default value MPCBB3 and MPCBB5 - Privileged memory - MPCBB3 is applicable
2024-03-08 14:11:29,819 [INFO] Rule:228 - rule 117617 - U5Cobra4M][GTZC] default value MPCBB3 and MPCBB5 - Privileged memory - MPCBB4 is applicable
2024-03-08 14:11:29,819 [INFO] Rule:228 - rule Rename SubGHz_Phy SUBGHZ_APPLICATION SUBGHZ_PINGPONG to SUBGHZ_ADV_APPLICATION is applicable
2024-03-08 14:11:29,819 [INFO] Rule:228 - rule GTZC_S instance for project manager is applicable
2024-03-08 14:11:29,819 [INFO] Rule:228 - rule GTZC_S instance for context M33S is applicable
2024-03-08 14:11:29,819 [INFO] Rule:228 - rule GTZC_S instance value for IP GTZC is applicable
2024-03-08 14:11:29,819 [INFO] Rule:228 - rule GTZC_S instance for mcu.IP is applicable
2024-03-08 14:11:29,819 [INFO] Rule:228 - rule GTZC_S instance for VP is applicable
2024-03-08 14:11:29,819 [INFO] Rule:228 - rule GTZC_S instance for signal is applicable
2024-03-08 14:11:29,820 [INFO] Rule:228 - rule WakeUp0 Mode is applicable
2024-03-08 14:11:29,820 [INFO] Rule:228 - rule WakeUp0 SIGNAL is applicable
2024-03-08 14:11:29,820 [INFO] Rule:228 - rule WakeUp1 Mode is applicable
2024-03-08 14:11:29,820 [INFO] Rule:228 - rule WakeUp1 SIGNAL is applicable
2024-03-08 14:11:29,820 [INFO] Rule:228 - rule WakeUp2 Mode is applicable
2024-03-08 14:11:29,820 [INFO] Rule:228 - rule WakeUp2 SIGNAL is applicable
2024-03-08 14:11:29,820 [INFO] Rule:228 - rule WakeUp4 Mode is applicable
2024-03-08 14:11:29,820 [INFO] Rule:228 - rule WakeUp4 SIGNAL is applicable
2024-03-08 14:11:29,820 [INFO] Rule:228 - rule WakeUp5 Mode is applicable
2024-03-08 14:11:29,820 [INFO] Rule:228 - rule WakeUp5 SIGNAL is applicable
2024-03-08 14:11:29,820 [INFO] Rule:228 - rule Change Default Value for LSE Drive Capability for WB family is applicable
2024-03-08 14:11:29,820 [INFO] Rule:228 - rule Change Default Value for ADC Clock Prescaler G0 family is applicable
2024-03-08 14:11:29,821 [INFO] Rule:228 - rule Change GPIO_Pu Default Value for I2C is applicable
2024-03-08 14:11:29,821 [INFO] Rule:228 - rule Change GPIO_Pu Default Value for SMBus is applicable
2024-03-08 14:11:29,821 [INFO] Rule:228 - rule change FDCAN default value is applicable
2024-03-08 14:11:29,827 [INFO] DbConfProperties:307 - Apply Compatibility (3/58 Rules)
2024-03-08 14:11:30,346 [INFO] RtosManager:555 - Registered RTOS mode: class=CMSIS, group=RTOS, mode=CMSIS_V1, owner=FREERTOS
2024-03-08 14:11:30,347 [INFO] RtosManager:555 - Registered RTOS mode: class=CMSIS, group=RTOS2, mode=CMSIS_V2, owner=FREERTOS
2024-03-08 14:11:30,347 [INFO] RtosManager:555 - Registered RTOS mode: class=RTOS, group=Core, mode=CMSIS_V1, owner=FREERTOS
2024-03-08 14:11:30,347 [INFO] RtosManager:555 - Registered RTOS mode: class=RTOS, group=Core, mode=CMSIS_V2, owner=FREERTOS
2024-03-08 14:11:30,347 [WARN] ModelIntegratedComponent:184 - Missing modes for component STMicroelectronics:FreeRTOS:0.0.1:STMicroelectronics:RTOS:FreeRTOS:Core:::10.2.0:
2024-03-08 14:11:30,355 [WARN] ModelIntegratedComponent:182 - Modes not found for component STMicroelectronics:USB_HOST:1.0.0:STMicroelectronics:USB::USB Host:Audio FS::1.0:USB_HOST_1_0_RESTRICTED_FS
2024-03-08 14:11:30,355 [WARN] ModelIntegratedComponent:188 - Modes not found for component STMicroelectronics:USB_HOST:1.0.0:STMicroelectronics:USB::USB Host:Audio FS::1.0:USB_HOST_1_0_RESTRICTED_FS
2024-03-08 14:11:30,355 [WARN] ModelIntegratedComponent:182 - Modes not found for component STMicroelectronics:USB_HOST:1.0.0:STMicroelectronics:USB::USB Host:CDC FS::1.0:USB_HOST_1_0_RESTRICTED_FS
2024-03-08 14:11:30,355 [WARN] ModelIntegratedComponent:188 - Modes not found for component STMicroelectronics:USB_HOST:1.0.0:STMicroelectronics:USB::USB Host:CDC FS::1.0:USB_HOST_1_0_RESTRICTED_FS
2024-03-08 14:11:30,355 [WARN] ModelIntegratedComponent:182 - Modes not found for component STMicroelectronics:USB_HOST:1.0.0:STMicroelectronics:USB::USB Host:MSC FS::1.0:USB_HOST_1_0_RESTRICTED_FS
2024-03-08 14:11:30,355 [WARN] ModelIntegratedComponent:188 - Modes not found for component STMicroelectronics:USB_HOST:1.0.0:STMicroelectronics:USB::USB Host:MSC FS::1.0:USB_HOST_1_0_RESTRICTED_FS
2024-03-08 14:11:30,355 [WARN] ModelIntegratedComponent:182 - Modes not found for component STMicroelectronics:USB_HOST:1.0.0:STMicroelectronics:USB::USB Host:HID FS::1.0:USB_HOST_1_0_RESTRICTED_FS
2024-03-08 14:11:30,355 [WARN] ModelIntegratedComponent:188 - Modes not found for component STMicroelectronics:USB_HOST:1.0.0:STMicroelectronics:USB::USB Host:HID FS::1.0:USB_HOST_1_0_RESTRICTED_FS
2024-03-08 14:11:30,355 [WARN] ModelIntegratedComponent:182 - Modes not found for component STMicroelectronics:USB_HOST:1.0.0:STMicroelectronics:USB::USB Host:MTP FS::1.0:USB_HOST_1_0_RESTRICTED_FS
2024-03-08 14:11:30,355 [WARN] ModelIntegratedComponent:188 - Modes not found for component STMicroelectronics:USB_HOST:1.0.0:STMicroelectronics:USB::USB Host:MTP FS::1.0:USB_HOST_1_0_RESTRICTED_FS
2024-03-08 14:11:30,376 [WARN] ModelIntegratedComponent:63 - No mode defined for component null
2024-03-08 14:11:30,376 [WARN] ModelIntegratedComponent:63 - No mode defined for component null
2024-03-08 14:11:30,376 [WARN] ModelIntegratedComponent:63 - No mode defined for component null
2024-03-08 14:11:30,376 [WARN] ModelIntegratedComponent:63 - No mode defined for component null
2024-03-08 14:11:30,376 [WARN] ModelIntegratedComponent:63 - No mode defined for component null
2024-03-08 14:11:30,376 [WARN] ModelIntegratedComponent:63 - No mode defined for component null
2024-03-08 14:11:30,376 [WARN] ModelIntegratedComponent:63 - No mode defined for component null
2024-03-08 14:11:30,376 [WARN] ModelIntegratedComponent:63 - No mode defined for component null
2024-03-08 14:11:30,376 [WARN] ModelIntegratedComponent:63 - No mode defined for component null
2024-03-08 14:11:30,376 [WARN] ModelIntegratedComponent:63 - No mode defined for component null
2024-03-08 14:11:30,376 [WARN] ModelIntegratedComponent:63 - No mode defined for component null
2024-03-08 14:11:30,376 [WARN] ModelIntegratedComponent:63 - No mode defined for component null
2024-03-08 14:11:30,376 [WARN] ModelIntegratedComponent:63 - No mode defined for component null
2024-03-08 14:11:30,376 [WARN] ModelIntegratedComponent:63 - No mode defined for component null
2024-03-08 14:11:30,376 [WARN] ModelIntegratedComponent:63 - No mode defined for component null
2024-03-08 14:11:30,376 [WARN] ModelIntegratedComponent:63 - No mode defined for component null
2024-03-08 14:11:30,376 [WARN] ModelIntegratedComponent:63 - No mode defined for component null
2024-03-08 14:11:30,376 [WARN] ModelIntegratedComponent:63 - No mode defined for component null
2024-03-08 14:11:30,376 [WARN] ModelIntegratedComponent:63 - No mode defined for component null
2024-03-08 14:11:30,376 [WARN] ModelIntegratedComponent:63 - No mode defined for component null
2024-03-08 14:11:30,377 [WARN] ModelIntegratedComponent:63 - No mode defined for component null
2024-03-08 14:11:30,377 [WARN] ModelIntegratedComponent:63 - No mode defined for component null
2024-03-08 14:11:30,378 [WARN] ModelIntegratedComponent:63 - No mode defined for component null
2024-03-08 14:11:30,378 [WARN] ModelIntegratedComponent:63 - No mode defined for component null
2024-03-08 14:11:30,378 [WARN] ModelIntegratedComponent:63 - No mode defined for component null
2024-03-08 14:11:30,378 [WARN] ModelIntegratedComponent:63 - No mode defined for component null
2024-03-08 14:11:30,378 [WARN] ModelIntegratedComponent:63 - No mode defined for component null
2024-03-08 14:11:30,378 [WARN] ModelIntegratedComponent:63 - No mode defined for component null
2024-03-08 14:11:30,378 [WARN] ModelIntegratedComponent:63 - No mode defined for component null
2024-03-08 14:11:30,378 [WARN] ModelIntegratedComponent:63 - No mode defined for component null
2024-03-08 14:11:30,378 [WARN] ModelIntegratedComponent:63 - No mode defined for component null
2024-03-08 14:11:30,378 [WARN] ModelIntegratedComponent:63 - No mode defined for component null
2024-03-08 14:11:30,378 [WARN] ModelIntegratedComponent:63 - No mode defined for component null
2024-03-08 14:11:30,491 [WARN] ModelIntegratedComponent:182 - Modes not found for component STMicroelectronics:USB_DEVICE:1.0.0:STMicroelectronics:USB::USB Device:Audio FS::1.0:USB_DEVICE_1_0_RESTRICTED_FS
2024-03-08 14:11:30,491 [WARN] ModelIntegratedComponent:188 - Modes not found for component STMicroelectronics:USB_DEVICE:1.0.0:STMicroelectronics:USB::USB Device:Audio FS::1.0:USB_DEVICE_1_0_RESTRICTED_FS
2024-03-08 14:11:30,491 [WARN] ModelIntegratedComponent:182 - Modes not found for component STMicroelectronics:USB_DEVICE:1.0.0:STMicroelectronics:USB::USB Device:CDC FS::1.0:USB_DEVICE_1_0_RESTRICTED_FS
2024-03-08 14:11:30,491 [WARN] ModelIntegratedComponent:188 - Modes not found for component STMicroelectronics:USB_DEVICE:1.0.0:STMicroelectronics:USB::USB Device:CDC FS::1.0:USB_DEVICE_1_0_RESTRICTED_FS
2024-03-08 14:11:30,491 [WARN] ModelIntegratedComponent:182 - Modes not found for component STMicroelectronics:USB_DEVICE:1.0.0:STMicroelectronics:USB::USB Device:DFU FS::1.0:USB_DEVICE_1_0_RESTRICTED_FS
2024-03-08 14:11:30,491 [WARN] ModelIntegratedComponent:188 - Modes not found for component STMicroelectronics:USB_DEVICE:1.0.0:STMicroelectronics:USB::USB Device:DFU FS::1.0:USB_DEVICE_1_0_RESTRICTED_FS
2024-03-08 14:11:30,491 [WARN] ModelIntegratedComponent:182 - Modes not found for component STMicroelectronics:USB_DEVICE:1.0.0:STMicroelectronics:USB::USB Device:HID FS::1.0:USB_DEVICE_1_0_RESTRICTED_FS
2024-03-08 14:11:30,491 [WARN] ModelIntegratedComponent:188 - Modes not found for component STMicroelectronics:USB_DEVICE:1.0.0:STMicroelectronics:USB::USB Device:HID FS::1.0:USB_DEVICE_1_0_RESTRICTED_FS
2024-03-08 14:11:30,491 [WARN] ModelIntegratedComponent:182 - Modes not found for component STMicroelectronics:USB_DEVICE:1.0.0:STMicroelectronics:USB::USB Device:Custom HID FS::1.0:USB_DEVICE_1_0_RESTRICTED_FS
2024-03-08 14:11:30,491 [WARN] ModelIntegratedComponent:188 - Modes not found for component STMicroelectronics:USB_DEVICE:1.0.0:STMicroelectronics:USB::USB Device:Custom HID FS::1.0:USB_DEVICE_1_0_RESTRICTED_FS
2024-03-08 14:11:30,491 [WARN] ModelIntegratedComponent:182 - Modes not found for component STMicroelectronics:USB_DEVICE:1.0.0:STMicroelectronics:USB::USB Device:MSC FS::1.0:USB_DEVICE_1_0_RESTRICTED_FS
2024-03-08 14:11:30,491 [WARN] ModelIntegratedComponent:188 - Modes not found for component STMicroelectronics:USB_DEVICE:1.0.0:STMicroelectronics:USB::USB Device:MSC FS::1.0:USB_DEVICE_1_0_RESTRICTED_FS
2024-03-08 14:11:30,532 [INFO] ThirdPartyModel:298 - Start build external matchings
2024-03-08 14:11:31,016 [INFO] ThirdPartyModel:316 - End build external matchings
2024-03-08 14:11:31,039 [INFO] ImportTextPane:194 - (OptionalMessage_ERROR) IP (ETH) : Invalid parameter (RxBuffAddress)
2024-03-08 14:11:31,049 [WARN] IP:2119 - CMSIS_VERSION not found: check if there is a RefParameter without a condition.
2024-03-08 14:11:31,068 [WARN] IP:2119 - LWIP_NETIF_HOSTNAME not found: check if there is a RefParameter without a condition.
2024-03-08 14:11:31,168 [INFO] ImportTextPane:194 - (OptionalMessage_ERROR) IP (RCC) : Parameter (ADCFreq_Value) has invalid value (608000000)
2024-03-08 14:11:31,171 [INFO] ImportTextPane:194 - (OptionalMessage_ERROR) IP (RCC) : Invalid parameter (FamilyName)
2024-03-08 14:11:32,701 [INFO] UtilMem:75 - End LoadConfig() Used Memory: 273524744 Bytes (1073741824)
2024-03-08 14:11:33,015 [INFO] MicroXplorer:468 - Change Database Path : 
2024-03-08 14:11:33,016 [INFO] MicroXplorer:498 - Change Database Version : DB.6.0.100
2024-03-08 14:11:33,017 [WARN] ThirdParty:833 - waiting for thirdparty lock release [change project]
2024-03-08 14:11:33,017 [INFO] ThirdParty:835 - entering critical section [change project]
2024-03-08 14:11:33,017 [INFO] ThirdParty:1030 - CMSIS Pack Vendor :STMicroelectronics USBPD 4.1
2024-03-08 14:11:33,017 [INFO] ThirdParty:1030 - CMSIS Pack Vendor :STMicroelectronics X-CUBE-GNSS1 6.0.0
2024-03-08 14:11:33,017 [INFO] ThirdParty:1030 - CMSIS Pack Vendor :STMicroelectronics USB_HOST 2.0.0
2024-03-08 14:11:33,017 [INFO] ThirdParty:1030 - CMSIS Pack Vendor :STMicroelectronics X-CUBE-AZRTOS-F4 1.1.0
2024-03-08 14:11:33,018 [INFO] ThirdParty:1030 - CMSIS Pack Vendor :STMicroelectronics LIBJPEG 8.0.0
2024-03-08 14:11:33,018 [INFO] ThirdParty:1030 - CMSIS Pack Vendor :STMicroelectronics X-CUBE-SMBUS 2.1.0
2024-03-08 14:11:33,018 [INFO] ThirdParty:1030 - CMSIS Pack Vendor :STMicroelectronics USB_DEVICE 3.0.0
2024-03-08 14:11:33,018 [INFO] ThirdParty:1030 - CMSIS Pack Vendor :STMicroelectronics X-CUBE-AZRTOS-WB 2.0.0
2024-03-08 14:11:33,018 [INFO] ThirdParty:1030 - CMSIS Pack Vendor :wolfSSL I-CUBE-wolfSSL 5.6.6
2024-03-08 14:11:33,018 [INFO] ThirdParty:1030 - CMSIS Pack Vendor :STMicroelectronics X-CUBE-TOUCHGFX 4.21.1
2024-03-08 14:11:33,018 [INFO] ThirdParty:1030 - CMSIS Pack Vendor :STMicroelectronics X-CUBE-TOUCHGFX 4.21.0
2024-03-08 14:11:33,018 [INFO] ThirdParty:1030 - CMSIS Pack Vendor :STMicroelectronics X-CUBE-TOUCHGFX 4.23.0
2024-03-08 14:11:33,018 [INFO] ThirdParty:1030 - CMSIS Pack Vendor :STMicroelectronics X-CUBE-AZRTOS-F7 1.1.0
2024-03-08 14:11:33,018 [INFO] ThirdParty:1030 - CMSIS Pack Vendor :STMicroelectronics X-CUBE-TOUCHGFX 4.21.4
2024-03-08 14:11:33,018 [INFO] ThirdParty:1030 - CMSIS Pack Vendor :STMicroelectronics X-CUBE-AZRTOS-L5 2.0.0
2024-03-08 14:11:33,018 [INFO] ThirdParty:1030 - CMSIS Pack Vendor :STMicroelectronics USB_DEVICE 2.0.0
2024-03-08 14:11:33,018 [INFO] ThirdParty:1030 - CMSIS Pack Vendor :STMicroelectronics X-CUBE-EEPRMA1 4.2.0
2024-03-08 14:11:33,018 [INFO] ThirdParty:1030 - CMSIS Pack Vendor :ITTIA_DB I-CUBE-ITTIADB 8.8.0
2024-03-08 14:11:33,018 [INFO] ThirdParty:1030 - CMSIS Pack Vendor :STMicroelectronics FP-SNS-MOTENV1 4.3.2
2024-03-08 14:11:33,018 [INFO] ThirdParty:1030 - CMSIS Pack Vendor :STMicroelectronics X-CUBE-ALGOBUILD 1.3.0
2024-03-08 14:11:33,018 [INFO] ThirdParty:1030 - CMSIS Pack Vendor :STMicroelectronics FreeRTOS 0.0.1
2024-03-08 14:11:33,018 [INFO] ThirdParty:1030 - CMSIS Pack Vendor :STMicroelectronics X-CUBE-AZRTOS-G0 1.1.0
2024-03-08 14:11:33,018 [INFO] ThirdParty:1030 - CMSIS Pack Vendor :emotas I-CUBE-CANOPEN 1.1.3
2024-03-08 14:11:33,018 [INFO] ThirdParty:1030 - CMSIS Pack Vendor :STMicroelectronics X-CUBE-NFC4 3.0.0
2024-03-08 14:11:33,018 [INFO] ThirdParty:1030 - CMSIS Pack Vendor :STMicroelectronics X-CUBE-SUBG2 5.0.0
2024-03-08 14:11:33,018 [INFO] ThirdParty:1030 - CMSIS Pack Vendor :STMicroelectronics STM32_WPAN 1.0.0
2024-03-08 14:11:33,018 [INFO] ThirdParty:1030 - CMSIS Pack Vendor :STMicroelectronics lwIP 2.0.3
2024-03-08 14:11:33,018 [INFO] ThirdParty:1030 - CMSIS Pack Vendor :STMicroelectronics FP-SNS-FLIGHT1 5.0.2
2024-03-08 14:11:33,018 [INFO] ThirdParty:1030 - CMSIS Pack Vendor :STMicroelectronics USB_HOST 1.0.0
2024-03-08 14:11:33,019 [INFO] ThirdParty:1030 - CMSIS Pack Vendor :STMicroelectronics X-CUBE-TOF1 3.3.1
2024-03-08 14:11:33,019 [INFO] ThirdParty:1030 - CMSIS Pack Vendor :STMicroelectronics X-CUBE-AZRTOS-G4 2.0.0
2024-03-08 14:11:33,019 [INFO] ThirdParty:1030 - CMSIS Pack Vendor :STMicroelectronics PDM2PCM 3.1.0
2024-03-08 14:11:33,019 [INFO] ThirdParty:1030 - CMSIS Pack Vendor :STMicroelectronics X-CUBE-AZRTOS-H7 3.1.0
2024-03-08 14:11:33,019 [INFO] ThirdParty:1030 - CMSIS Pack Vendor :STMicroelectronics X-CUBE-TOF1 3.3.0
2024-03-08 14:11:33,019 [INFO] ThirdParty:1030 - CMSIS Pack Vendor :Infineon AIROC-Wi-Fi-Bluetooth-STM32 1.5.1
2024-03-08 14:11:33,019 [INFO] ThirdParty:1030 - CMSIS Pack Vendor :STMicroelectronics X-CUBE-BLEMGR 3.0.0
2024-03-08 14:11:33,019 [INFO] ThirdParty:1030 - CMSIS Pack Vendor :STMicroelectronics PDM2PCM 3.3.0
2024-03-08 14:11:33,019 [INFO] ThirdParty:1030 - CMSIS Pack Vendor :STMicroelectronics X-CUBE-DISPLAY 3.0.0
2024-03-08 14:11:33,019 [INFO] ThirdParty:1030 - CMSIS Pack Vendor :STMicroelectronics FP-SNS-MOTENVWB1 1.3.1
2024-03-08 14:11:33,019 [INFO] ThirdParty:1030 - CMSIS Pack Vendor :STMicroelectronics X-CUBE-BLE1 7.0.0
2024-03-08 14:11:33,019 [INFO] ThirdParty:1030 - CMSIS Pack Vendor :STMicroelectronics FP-ATR-SIGFOX1 3.2.0
2024-03-08 14:11:33,019 [INFO] ThirdParty:1030 - CMSIS Pack Vendor :STMicroelectronics X-CUBE-ISPU 2.0.0
2024-03-08 14:11:33,019 [INFO] ThirdParty:1030 - CMSIS Pack Vendor :STMicroelectronics X-CUBE-EEPRMA1 5.1.0
2024-03-08 14:11:33,019 [INFO] ThirdParty:1030 - CMSIS Pack Vendor :STMicroelectronics HAL Drivers 0.0.0
2024-03-08 14:11:33,019 [INFO] ThirdParty:1030 - CMSIS Pack Vendor :STMicroelectronics MBEDTLS 2.16.2
2024-03-08 14:11:33,019 [INFO] ThirdParty:1030 - CMSIS Pack Vendor :emotas I-CUBE-CANOPEN 1.3.0
2024-03-08 14:11:33,019 [INFO] ThirdParty:1030 - CMSIS Pack Vendor :STMicroelectronics X-CUBE-MEMS1 10.0.0
2024-03-08 14:11:33,019 [INFO] ThirdParty:1030 - CMSIS Pack Vendor :STMicroelectronics X-CUBE-FREERTOS 1.1.0
2024-03-08 14:11:33,019 [INFO] ThirdParty:1030 - CMSIS Pack Vendor :STMicroelectronics X-CUBE-TOUCHGFX 4.22.0
2024-03-08 14:11:33,019 [INFO] ThirdParty:1030 - CMSIS Pack Vendor :STMicroelectronics X-CUBE-NFC7 1.0.1
2024-03-08 14:11:33,019 [INFO] ThirdParty:1030 - CMSIS Pack Vendor :STMicroelectronics MBEDTLS 2.14.1
2024-03-08 14:11:33,019 [INFO] ThirdParty:1030 - CMSIS Pack Vendor :STMicroelectronics X-CUBE-TOUCHGFX 4.22.1
2024-03-08 14:11:33,019 [INFO] ThirdParty:1030 - CMSIS Pack Vendor :STMicroelectronics X-CUBE-NFC6 3.0.0
2024-03-08 14:11:33,020 [INFO] ThirdParty:1030 - CMSIS Pack Vendor :portGmbH I-Cube-SoM-uGOAL 1.1.0
2024-03-08 14:11:33,020 [INFO] ThirdParty:1030 - CMSIS Pack Vendor :STMicroelectronics X-CUBE-ALS 1.0.1
2024-03-08 14:11:33,020 [INFO] ThirdParty:1030 - CMSIS Pack Vendor :STMicroelectronics X-CUBE-BLEMGR 3.1.0
2024-03-08 14:11:33,020 [INFO] ThirdParty:1030 - CMSIS Pack Vendor :STMicroelectronics ThreadX 1.0.0
2024-03-08 14:11:33,023 [INFO] ThirdParty:1030 - CMSIS Pack Vendor :STMicroelectronics FP-SNS-SMARTAG2 1.2.0
2024-03-08 14:11:33,024 [INFO] ThirdParty:1030 - CMSIS Pack Vendor :STMicroelectronics X-CUBE-AZRTOS-WL 2.0.0
2024-03-08 14:11:33,025 [INFO] ThirdParty:1030 - CMSIS Pack Vendor :SEGGER I-CUBE-embOS 1.3.1
2024-03-08 14:11:33,029 [INFO] ThirdParty:1030 - CMSIS Pack Vendor :STMicroelectronics USB_DEVICE 1.0.0
2024-03-08 14:11:33,029 [INFO] ThirdParty:1030 - CMSIS Pack Vendor :STMicroelectronics X-CUBE-AI 8.1.0
2024-03-08 14:11:33,030 [INFO] ThirdParty:1030 - CMSIS Pack Vendor :STMicroelectronics X-CUBE-AZRTOS-L4 2.0.0
2024-03-08 14:11:33,030 [INFO] ThirdParty:1030 - CMSIS Pack Vendor :STMicroelectronics ThreadX 0.0.2
2024-03-08 14:11:33,032 [INFO] ThirdParty:1030 - CMSIS Pack Vendor :WES I-CUBE-Cesium 1.3.0
2024-03-08 14:11:33,032 [INFO] ThirdParty:1030 - CMSIS Pack Vendor :STMicroelectronics FP-ATR-ASTRA1 2.0.0
2024-03-08 14:11:33,032 [INFO] ThirdParty:1030 - CMSIS Pack Vendor :STMicroelectronics lwIP 2.1.2
2024-03-08 14:11:33,032 [INFO] ThirdParty:1030 - CMSIS Pack Vendor :STMicroelectronics X-CUBE-SFXS2LP1 4.0.0
2024-03-08 14:11:33,032 [INFO] ThirdParty:1030 - CMSIS Pack Vendor :STMicroelectronics X-CUBE-BLE2 3.3.0
2024-03-08 14:11:33,032 [INFO] ThirdParty:1030 - CMSIS Pack Vendor :STMicroelectronics X-CUBE-TOF1 3.4.0
2024-03-08 14:11:33,032 [INFO] ThirdParty:1030 - CMSIS Pack Vendor :STMicroelectronics X-CUBE-AZRTOS-H7 3.2.0
2024-03-08 14:11:33,032 [INFO] ThirdParty:1030 - CMSIS Pack Vendor :STMicroelectronics PDM2PCM 3.2.0
2024-03-08 14:11:33,032 [INFO] ThirdParty:1030 - CMSIS Pack Vendor :STMicroelectronics X-CUBE-TOUCHGFX 4.18.0
2024-03-08 14:11:33,032 [INFO] ThirdParty:841 - exiting critical section [change project]
2024-03-08 14:11:34,276 [INFO] PinOutPanel:1499 - setPackage(No Configuration,No Configuration)
2024-03-08 14:11:34,293 [INFO] PinOutPanel:1499 - setPackage(STM32H723ZGTx,LQFP144)
2024-03-08 14:11:36,653 [INFO] UtilMem:75 - Before build in PCC Used Memory: 825020872 Bytes (922746880)
2024-03-08 14:11:40,359 [INFO] UtilMem:75 - After build in PCC Used Memory: 481601024 Bytes (939524096)
2024-03-08 14:11:40,501 [INFO] ApiDbMcu:508 - Load IP Config File for LWIP
2024-03-08 14:11:40,507 [WARN] BspModel:444 - BSP dependency skipped because of component: name='DP83848', api='BSP_COMPONENT_DRIVER'
2024-03-08 14:11:40,662 [INFO] IPUIPlugin:80 - create IPUIPlugin
2024-03-08 14:11:40,663 [INFO] IPUIPlugin:80 - create IPUIPlugin
2024-03-08 14:11:40,663 [INFO] IPUIPlugin:80 - create IPUIPlugin
2024-03-08 14:11:40,665 [INFO] IPUIPlugin:80 - create IPUIPlugin
2024-03-08 14:11:40,666 [INFO] IPUIPlugin:80 - create IPUIPlugin
2024-03-08 14:11:40,666 [INFO] IPUIPlugin:80 - create IPUIPlugin
2024-03-08 14:11:40,667 [INFO] IPUIPlugin:80 - create IPUIPlugin
2024-03-08 14:11:40,668 [INFO] IPUIPlugin:80 - create IPUIPlugin
2024-03-08 14:11:40,668 [INFO] IPUIPlugin:80 - create IPUIPlugin
2024-03-08 14:11:40,668 [INFO] IPUIPlugin:80 - create IPUIPlugin
2024-03-08 14:11:40,668 [INFO] IPUIPlugin:80 - create IPUIPlugin
2024-03-08 14:11:40,669 [INFO] IPUIPlugin:80 - create IPUIPlugin
2024-03-08 14:11:40,669 [INFO] IPUIPlugin:80 - create IPUIPlugin
2024-03-08 14:11:40,669 [INFO] IPUIPlugin:80 - create IPUIPlugin
2024-03-08 14:11:40,669 [INFO] IPUIPlugin:80 - create IPUIPlugin
2024-03-08 14:11:40,669 [INFO] IPUIPlugin:80 - create IPUIPlugin
2024-03-08 14:11:40,670 [INFO] IPUIPlugin:80 - create IPUIPlugin
2024-03-08 14:11:40,670 [INFO] IPUIPlugin:80 - create IPUIPlugin
2024-03-08 14:11:40,670 [INFO] IPUIPlugin:80 - create IPUIPlugin
2024-03-08 14:11:40,670 [INFO] IPUIPlugin:80 - create IPUIPlugin
2024-03-08 14:11:40,670 [INFO] IPUIPlugin:80 - create IPUIPlugin
2024-03-08 14:11:40,670 [INFO] IPUIPlugin:80 - create IPUIPlugin
2024-03-08 14:11:40,671 [INFO] IPUIPlugin:80 - create IPUIPlugin
2024-03-08 14:11:40,672 [INFO] IPUIPlugin:80 - create IPUIPlugin
2024-03-08 14:11:40,673 [INFO] IPUIPlugin:80 - create IPUIPlugin
2024-03-08 14:11:40,673 [INFO] IPUIPlugin:80 - create IPUIPlugin
2024-03-08 14:11:40,673 [INFO] IPUIPlugin:80 - create IPUIPlugin
2024-03-08 14:11:40,673 [INFO] IPUIPlugin:80 - create IPUIPlugin
2024-03-08 14:11:40,674 [INFO] IPUIPlugin:80 - create IPUIPlugin
2024-03-08 14:11:40,674 [INFO] IPUIPlugin:80 - create IPUIPlugin
2024-03-08 14:11:40,674 [INFO] IPUIPlugin:80 - create IPUIPlugin
2024-03-08 14:11:40,674 [INFO] IPUIPlugin:80 - create IPUIPlugin
2024-03-08 14:11:40,674 [INFO] IPUIPlugin:80 - create IPUIPlugin
2024-03-08 14:11:40,674 [INFO] IPUIPlugin:80 - create IPUIPlugin
2024-03-08 14:11:40,675 [INFO] IPUIPlugin:80 - create IPUIPlugin
2024-03-08 14:11:40,675 [INFO] IPUIPlugin:80 - create IPUIPlugin
2024-03-08 14:11:40,675 [INFO] IPUIPlugin:80 - create IPUIPlugin
2024-03-08 14:11:40,676 [INFO] IPUIPlugin:80 - create IPUIPlugin
2024-03-08 14:11:40,676 [INFO] IPUIPlugin:80 - create IPUIPlugin
2024-03-08 14:11:40,678 [INFO] IPUIPlugin:80 - create IPUIPlugin
2024-03-08 14:11:40,678 [INFO] IPUIPlugin:80 - create IPUIPlugin
2024-03-08 14:11:40,679 [INFO] IPUIPlugin:80 - create IPUIPlugin
2024-03-08 14:11:40,679 [INFO] IPUIPlugin:80 - create IPUIPlugin
2024-03-08 14:11:40,680 [INFO] IPUIPlugin:80 - create IPUIPlugin
2024-03-08 14:11:40,680 [INFO] IPUIPlugin:80 - create IPUIPlugin
2024-03-08 14:11:40,681 [INFO] IPUIPlugin:80 - create IPUIPlugin
2024-03-08 14:11:40,681 [INFO] IPUIPlugin:80 - create IPUIPlugin
2024-03-08 14:11:40,682 [INFO] IPUIPlugin:80 - create IPUIPlugin
2024-03-08 14:11:40,683 [INFO] IPUIPlugin:80 - create IPUIPlugin
2024-03-08 14:11:40,683 [INFO] IPUIPlugin:80 - create IPUIPlugin
2024-03-08 14:11:40,684 [INFO] IPUIPlugin:80 - create IPUIPlugin
2024-03-08 14:11:40,684 [INFO] IPUIPlugin:80 - create IPUIPlugin
2024-03-08 14:11:40,685 [INFO] IPUIPlugin:80 - create IPUIPlugin
2024-03-08 14:11:40,685 [INFO] IPUIPlugin:80 - create IPUIPlugin
2024-03-08 14:11:40,686 [INFO] IPUIPlugin:80 - create IPUIPlugin
2024-03-08 14:11:40,686 [INFO] IPUIPlugin:80 - create IPUIPlugin
2024-03-08 14:11:40,686 [INFO] IPUIPlugin:80 - create IPUIPlugin
2024-03-08 14:11:40,687 [INFO] IPUIPlugin:80 - create IPUIPlugin
2024-03-08 14:11:40,687 [INFO] IPUIPlugin:80 - create IPUIPlugin
2024-03-08 14:11:40,688 [INFO] IPUIPlugin:80 - create IPUIPlugin
2024-03-08 14:11:40,688 [INFO] IPUIPlugin:80 - create IPUIPlugin
2024-03-08 14:11:40,689 [INFO] IPUIPlugin:80 - create IPUIPlugin
2024-03-08 14:11:40,690 [INFO] IPUIPlugin:80 - create IPUIPlugin
2024-03-08 14:11:40,690 [INFO] IPUIPlugin:80 - create IPUIPlugin
2024-03-08 14:11:40,691 [INFO] IPUIPlugin:80 - create IPUIPlugin
2024-03-08 14:11:40,691 [INFO] IPUIPlugin:80 - create IPUIPlugin
2024-03-08 14:11:40,692 [INFO] IPUIPlugin:80 - create IPUIPlugin
2024-03-08 14:11:40,692 [INFO] IPUIPlugin:80 - create IPUIPlugin
2024-03-08 14:11:40,692 [INFO] IPUIPlugin:80 - create IPUIPlugin
2024-03-08 14:11:40,692 [INFO] IPUIPlugin:80 - create IPUIPlugin
2024-03-08 14:11:40,693 [INFO] IPUIPlugin:80 - create IPUIPlugin
2024-03-08 14:11:40,693 [INFO] IPUIPlugin:80 - create IPUIPlugin
2024-03-08 14:11:40,694 [INFO] IPUIPlugin:80 - create IPUIPlugin
2024-03-08 14:11:40,694 [INFO] IPUIPlugin:80 - create IPUIPlugin
2024-03-08 14:11:40,694 [INFO] IPUIPlugin:80 - create IPUIPlugin
2024-03-08 14:11:40,696 [INFO] IPUIPlugin:80 - create IPUIPlugin
2024-03-08 14:11:40,696 [INFO] IPUIPlugin:80 - create IPUIPlugin
2024-03-08 14:11:40,697 [INFO] IPUIPlugin:80 - create IPUIPlugin
2024-03-08 14:11:40,697 [INFO] IPUIPlugin:80 - create IPUIPlugin
2024-03-08 14:11:40,699 [INFO] IPUIPlugin:80 - create IPUIPlugin
2024-03-08 14:11:40,699 [INFO] IPUIPlugin:80 - create IPUIPlugin
2024-03-08 14:11:40,700 [INFO] IPUIPlugin:80 - create IPUIPlugin
2024-03-08 14:11:40,700 [INFO] IPUIPlugin:80 - create IPUIPlugin
2024-03-08 14:11:40,701 [INFO] IPUIPlugin:80 - create IPUIPlugin
2024-03-08 14:11:40,702 [INFO] IPUIPlugin:80 - create IPUIPlugin
2024-03-08 14:11:40,702 [INFO] IPUIPlugin:80 - create IPUIPlugin
2024-03-08 14:11:40,703 [INFO] IPUIPlugin:80 - create IPUIPlugin
2024-03-08 14:11:40,704 [INFO] IPUIPlugin:80 - create IPUIPlugin
2024-03-08 14:11:40,704 [INFO] IPUIPlugin:80 - create IPUIPlugin
2024-03-08 14:11:40,705 [INFO] IPUIPlugin:80 - create IPUIPlugin
2024-03-08 14:11:40,706 [INFO] IPUIPlugin:80 - create IPUIPlugin
2024-03-08 14:11:40,706 [INFO] IPUIPlugin:80 - create IPUIPlugin
2024-03-08 14:11:40,707 [INFO] IPUIPlugin:80 - create IPUIPlugin
2024-03-08 14:11:40,707 [INFO] IPUIPlugin:80 - create IPUIPlugin
2024-03-08 14:11:40,708 [INFO] IPUIPlugin:80 - create IPUIPlugin
2024-03-08 14:11:40,709 [INFO] IPUIPlugin:80 - create IPUIPlugin
2024-03-08 14:11:40,710 [INFO] IPUIPlugin:80 - create IPUIPlugin
2024-03-08 14:11:40,710 [INFO] IPUIPlugin:80 - create IPUIPlugin
2024-03-08 14:11:40,711 [INFO] IPUIPlugin:80 - create IPUIPlugin
2024-03-08 14:11:40,712 [INFO] IPUIPlugin:80 - create IPUIPlugin
2024-03-08 14:11:40,712 [INFO] IPUIPlugin:80 - create IPUIPlugin
2024-03-08 14:11:40,713 [INFO] IPUIPlugin:80 - create IPUIPlugin
2024-03-08 14:11:40,714 [INFO] IPUIPlugin:80 - create IPUIPlugin
2024-03-08 14:11:40,715 [INFO] IPUIPlugin:80 - create IPUIPlugin
2024-03-08 14:11:40,715 [INFO] IPUIPlugin:80 - create IPUIPlugin
2024-03-08 14:11:40,736 [INFO] ApiDbMcu:508 - Load IP Config File for PDM2PCM
2024-03-08 14:11:41,200 [INFO] CADModel:165 - CPN selected for project levelSTM32H723ZGT6
2024-03-08 14:11:41,200 [INFO] CADModel:114 - Register for checkConnection events
2024-03-08 14:11:41,293 [INFO] OpenFileManager:343 - Restore cursor
2024-03-08 14:11:41,952 [WARN] IP:2119 - CMSIS_VERSION not found: check if there is a RefParameter without a condition.
2024-03-08 14:11:41,960 [WARN] IP:2119 - LWIP_NETIF_HOSTNAME not found: check if there is a RefParameter without a condition.
2024-03-08 14:11:42,071 [WARN] IP:2119 - CMSIS_VERSION not found: check if there is a RefParameter without a condition.
2024-03-08 14:11:42,077 [WARN] IP:2119 - LWIP_NETIF_HOSTNAME not found: check if there is a RefParameter without a condition.
2024-03-08 15:14:53,198 [ERROR] LogOutputStream:75 - [STDERR_REDIRECT] 
