2024-06-22 15:45:48,833 [INFO] Activator:176 - 


2024-06-22 15:45:48,837 [INFO] Activator:177 - !SESSION log4j initialized
2024-06-22 15:45:54,568 [INFO] LogOutputStream:77 - [STDOUT_REDIRECT] 
2024-06-22 15:45:55,497 [INFO] ApplicationProperties:184 - Using Application install path: C:\ST\STM32CubeIDE_1.12.0\STM32CubeIDE\plugins\com.st.stm32cube.common.mx_6.11.1.202404110753
2024-06-22 15:45:55,512 [INFO] DbMcusXml:78 - Set database path to: C:\ST\STM32CubeIDE_1.12.0\STM32CubeIDE\plugins\com.st.stm32cube.common.mx_6.11.1.202404110753\\db\/mcu/
2024-06-22 15:45:55,513 [INFO] ApiDb:274 - Set plugin database path to: C:\ST\STM32CubeIDE_1.12.0\STM32CubeIDE\plugins\com.st.stm32cube.common.mx_6.11.1.202404110753\\db\/plugins/boardmanager/
2024-06-22 15:45:55,513 [WARN] ApiDb:259 - Overriding images path with different value:  => C:\ST\STM32CubeIDE_1.12.0\STM32CubeIDE\plugins\com.st.stm32cube.common.mx_6.11.1.202404110753\\db\/plugins/mcufinder/images/
2024-06-22 15:45:55,521 [INFO] ApiDb:250 - Set database path to: C:\Users\user\.stmcufinder\plugins\mcufinder//mcu/
2024-06-22 15:45:55,522 [INFO] DbMcusAds:125 - Set database path to: C:\Users\user\.stmcufinder\plugins\mcufinder//mcu/
2024-06-22 15:45:55,523 [INFO] CrossReferenceDbSqlite:203 - Set database path to: C:\Users\user\.stmcufinder\plugins\mcufinder//mcu/cs/
2024-06-22 15:45:55,627 [INFO] RulesReader:64 - Compatibility file has been processed (297 Rules)
2024-06-22 15:45:55,692 [INFO] DbMcusXml:78 - Set database path to: C:\ST\STM32CubeIDE_1.12.0\STM32CubeIDE\plugins\com.st.stm32cube.common.mx_6.11.1.202404110753\\db\/mcu/
2024-06-22 15:45:55,692 [INFO] ApiDb:274 - Set plugin database path to: C:\ST\STM32CubeIDE_1.12.0\STM32CubeIDE\plugins\com.st.stm32cube.common.mx_6.11.1.202404110753\\db\/plugins/boardmanager/
2024-06-22 15:45:55,692 [INFO] ApiDb:261 - Set plugin images path to: C:\ST\STM32CubeIDE_1.12.0\STM32CubeIDE\plugins\com.st.stm32cube.common.mx_6.11.1.202404110753\\db\/plugins/mcufinder/images/
2024-06-22 15:45:55,693 [WARN] DbFile:41 - Overriding database path with different value: C:\Users\user\.stmcufinder\plugins\mcufinder/ => C:\Users\user\.stmcufinder\plugins\mcufinder
2024-06-22 15:45:55,693 [INFO] ApiDb:250 - Set database path to: C:\Users\user\.stmcufinder\plugins\mcufinder//mcu/
2024-06-22 15:45:55,693 [WARN] DbFile:41 - Overriding database path with different value: C:\Users\user\.stmcufinder\plugins\mcufinder/ => C:\Users\user\.stmcufinder\plugins\mcufinder
2024-06-22 15:45:55,693 [INFO] DbMcusAds:125 - Set database path to: C:\Users\user\.stmcufinder\plugins\mcufinder//mcu/
2024-06-22 15:45:55,693 [WARN] DbFile:41 - Overriding database path with different value: C:\Users\user\.stmcufinder\plugins\mcufinder/ => C:\Users\user\.stmcufinder\plugins\mcufinder
2024-06-22 15:45:55,693 [WARN] DbFile:41 - Overriding database path with different value: C:\Users\user\.stmcufinder\plugins\mcufinder/ => C:\Users\user\.stmcufinder\plugins\mcufinder
2024-06-22 15:45:55,693 [INFO] CrossReferenceDbSqlite:203 - Set database path to: C:\Users\user\.stmcufinder\plugins\mcufinder//mcu/cs/
2024-06-22 15:45:55,776 [INFO] MainPanel:264 - HeapMemory: 268435456
2024-06-22 15:45:55,901 [INFO] DbMcusXml:78 - Set database path to: C:\ST\STM32CubeIDE_1.12.0\STM32CubeIDE\plugins\com.st.stm32cube.common.mx_6.11.1.202404110753\\db\/mcu/
2024-06-22 15:45:55,901 [INFO] ApiDb:274 - Set plugin database path to: C:\ST\STM32CubeIDE_1.12.0\STM32CubeIDE\plugins\com.st.stm32cube.common.mx_6.11.1.202404110753\\db\/plugins/boardmanager/
2024-06-22 15:45:55,901 [INFO] ApiDb:261 - Set plugin images path to: C:\ST\STM32CubeIDE_1.12.0\STM32CubeIDE\plugins\com.st.stm32cube.common.mx_6.11.1.202404110753\\db\/plugins/mcufinder/images/
2024-06-22 15:45:55,901 [WARN] DbFile:41 - Overriding database path with different value: C:\Users\user\.stmcufinder\plugins\mcufinder/ => C:\Users\user\.stmcufinder\plugins\mcufinder
2024-06-22 15:45:55,901 [INFO] ApiDb:250 - Set database path to: C:\Users\user\.stmcufinder\plugins\mcufinder//mcu/
2024-06-22 15:45:55,901 [WARN] DbFile:41 - Overriding database path with different value: C:\Users\user\.stmcufinder\plugins\mcufinder/ => C:\Users\user\.stmcufinder\plugins\mcufinder
2024-06-22 15:45:55,902 [INFO] DbMcusAds:125 - Set database path to: C:\Users\user\.stmcufinder\plugins\mcufinder//mcu/
2024-06-22 15:45:55,902 [WARN] DbFile:41 - Overriding database path with different value: C:\Users\user\.stmcufinder\plugins\mcufinder/ => C:\Users\user\.stmcufinder\plugins\mcufinder
2024-06-22 15:45:55,902 [WARN] DbFile:41 - Overriding database path with different value: C:\Users\user\.stmcufinder\plugins\mcufinder/ => C:\Users\user\.stmcufinder\plugins\mcufinder
2024-06-22 15:45:55,902 [INFO] CrossReferenceDbSqlite:203 - Set database path to: C:\Users\user\.stmcufinder\plugins\mcufinder//mcu/cs/
2024-06-22 15:45:55,921 [INFO] ApplicationProperties:184 - Using Application install path: C:\ST\STM32CubeIDE_1.12.0\STM32CubeIDE\plugins\com.st.stm32cube.common.mx_6.11.1.202404110753
2024-06-22 15:45:55,923 [INFO] PluginManage:196 - Search for loadable plugins [exclusion list=, ]
2024-06-22 15:45:55,924 [INFO] PluginManage:310 - Check plugin analytics
2024-06-22 15:45:56,102 [INFO] AnalyticsPlugin:253 - Accepted Software Licenses: STM32CubeMX.6.10.0,STM32CubeMX.6.11.0
2024-06-22 15:45:56,102 [INFO] AnalyticsPlugin:255 - Accepted CMSIS Pack Licenses: STMicroelectronics.X-CUBE-TOUCHGFX.4.23.2,STMicroelectronics.X-CUBE-TOF1.3.4.1
2024-06-22 15:45:56,103 [INFO] AnalyticsPlugin:257 - Accepted Firmware Licenses: FW.G0.1.6.0,FW.H7.1.11.0
2024-06-22 15:45:56,105 [INFO] PluginManage:359 - Loaded plugin analytics (category:tool,tabindex:-1)
2024-06-22 15:45:56,107 [INFO] PluginManage:310 - Check plugin cadmodel
2024-06-22 15:45:56,113 [INFO] CADModel:105 - Init CAD model plugin
2024-06-22 15:45:56,114 [INFO] PluginManage:359 - Loaded plugin cadmodel (category:power,tabindex:5)
2024-06-22 15:45:56,114 [INFO] PluginManage:310 - Check plugin clock
2024-06-22 15:45:56,126 [INFO] PluginManage:359 - Loaded plugin clock (category:base,tabindex:2)
2024-06-22 15:45:56,127 [INFO] PluginManage:310 - Check plugin ddr
2024-06-22 15:45:56,129 [INFO] PluginManage:359 - Loaded plugin ddr (category:tool,tabindex:6)
2024-06-22 15:45:56,129 [INFO] PluginManage:310 - Check plugin filemanager
2024-06-22 15:45:56,287 [INFO] PluginManage:359 - Loaded plugin filemanager (category:base,tabindex:10)
2024-06-22 15:45:56,287 [INFO] PluginManage:310 - Check plugin ipmanager
2024-06-22 15:45:56,295 [INFO] PluginManage:359 - Loaded plugin ipmanager (category:base,tabindex:5)
2024-06-22 15:45:56,295 [INFO] PluginManage:310 - Check plugin lpbam
2024-06-22 15:45:56,306 [INFO] PluginManage:359 - Loaded plugin lpbam (category:base,tabindex:0)
2024-06-22 15:45:56,306 [INFO] PluginManage:310 - Check plugin memorymap
2024-06-22 15:45:56,322 [INFO] PluginManage:359 - Loaded plugin memorymap (category:base,tabindex:4)
2024-06-22 15:45:56,322 [INFO] PluginManage:310 - Check plugin pinoutandconfiguration
2024-06-22 15:45:56,331 [INFO] PluginManage:359 - Loaded plugin pinoutandconfiguration (category:base,tabindex:1)
2024-06-22 15:45:56,331 [INFO] PluginManage:310 - Check plugin pinoutconfig
2024-06-22 15:45:56,415 [WARN] SupportedApi:132 - Cannot load RTOS API schema: s4s-elt-must-match.1: The content of 'definitions' must match (annotation?, (simpleType | complexType)?, (unique | key | keyref)*)). A problem was found starting at: attribute.
2024-06-22 15:45:56,563 [INFO] PluginManage:359 - Loaded plugin pinoutconfig (category:base,tabindex:0)
2024-06-22 15:45:56,563 [INFO] PluginManage:310 - Check plugin power
2024-06-22 15:45:56,574 [INFO] PluginManage:359 - Loaded plugin power (category:power,tabindex:4)
2024-06-22 15:45:56,574 [INFO] PluginManage:310 - Check plugin projectmanager
2024-06-22 15:45:56,593 [INFO] PluginManage:359 - Loaded plugin projectmanager (category:projectmanager,tabindex:3)
2024-06-22 15:45:56,594 [INFO] PluginManage:310 - Check plugin thirdparty
2024-06-22 15:45:56,774 [INFO] PluginManage:359 - Loaded plugin thirdparty (category:base,tabindex:-1)
2024-06-22 15:45:56,774 [INFO] PluginManage:310 - Check plugin tools
2024-06-22 15:45:56,775 [WARN] IntegrityCheckThread:84 - waiting for thirdparty lock release [integrity check]
2024-06-22 15:45:56,775 [INFO] IntegrityCheckThread:86 - entering critical section [integrity check]
2024-06-22 15:45:56,777 [INFO] ThirdPartyUpdaterWithRetryManager:70 - Updater plugin not ready yet. [1/15]
2024-06-22 15:45:56,780 [INFO] PluginManage:359 - Loaded plugin tools (category:base,tabindex:7)
2024-06-22 15:45:56,781 [INFO] PluginManage:310 - Check plugin tutovideos
2024-06-22 15:45:56,997 [INFO] PluginManage:359 - Loaded plugin tutovideos (category:base,tabindex:-1)
2024-06-22 15:45:56,998 [INFO] PluginManage:310 - Check plugin updater
2024-06-22 15:45:57,009 [INFO] PluginManage:359 - Loaded plugin updater (category:base,tabindex:12)
2024-06-22 15:45:57,010 [INFO] PluginManage:310 - Check plugin userauth
2024-06-22 15:45:57,017 [INFO] UserAuth:114 - Init User Auth plugin
2024-06-22 15:45:57,017 [INFO] PluginManage:359 - Loaded plugin userauth (category:base,tabindex:14)
2024-06-22 15:45:57,018 [INFO] PluginManage:283 - PluginManage : Loaded plugins [17]
2024-06-22 15:45:57,253 [INFO] PinOutPanel:1561 - setPackage(No Configuration,No Configuration)
2024-06-22 15:45:57,326 [INFO] CADModel:165 - CPN selected for project level
2024-06-22 15:45:57,326 [INFO] CADModel:114 - Register for checkConnection events
2024-06-22 15:45:57,341 [INFO] IPUIPlugin:80 - create IPUIPlugin
2024-06-22 15:45:57,341 [INFO] PluginManager:220 - loadIPPluginJar : add adc
2024-06-22 15:45:57,343 [INFO] IPUIPlugin:80 - create IPUIPlugin
2024-06-22 15:45:57,343 [INFO] PluginManager:220 - loadIPPluginJar : add aes
2024-06-22 15:45:57,345 [INFO] IPUIPlugin:80 - create IPUIPlugin
2024-06-22 15:45:57,345 [INFO] PluginManager:220 - loadIPPluginJar : add can
2024-06-22 15:45:57,347 [INFO] IPUIPlugin:80 - create IPUIPlugin
2024-06-22 15:45:57,348 [INFO] PluginManager:220 - loadIPPluginJar : add comp
2024-06-22 15:45:57,349 [INFO] IPUIPlugin:80 - create IPUIPlugin
2024-06-22 15:45:57,349 [INFO] PluginManager:220 - loadIPPluginJar : add cryp
2024-06-22 15:45:57,352 [INFO] IPUIPlugin:80 - create IPUIPlugin
2024-06-22 15:45:57,352 [INFO] PluginManager:220 - loadIPPluginJar : add dfsdm
2024-06-22 15:45:57,357 [INFO] IPUIPlugin:80 - create IPUIPlugin
2024-06-22 15:45:57,357 [INFO] PluginManager:220 - loadIPPluginJar : add dma
2024-06-22 15:45:57,359 [INFO] IPUIPlugin:80 - create IPUIPlugin
2024-06-22 15:45:57,360 [INFO] PluginManager:220 - loadIPPluginJar : add dma3
2024-06-22 15:45:57,363 [INFO] IPUIPlugin:80 - create IPUIPlugin
2024-06-22 15:45:57,363 [INFO] PluginManager:220 - loadIPPluginJar : add extmemmanager
2024-06-22 15:45:57,365 [INFO] IPUIPlugin:80 - create IPUIPlugin
2024-06-22 15:45:57,365 [INFO] PluginManager:220 - loadIPPluginJar : add fatfs
2024-06-22 15:45:57,369 [INFO] IPUIPlugin:80 - create IPUIPlugin
2024-06-22 15:45:57,369 [INFO] PluginManager:220 - loadIPPluginJar : add fmc
2024-06-22 15:45:57,376 [INFO] IPUIPlugin:80 - create IPUIPlugin
2024-06-22 15:45:57,377 [INFO] PluginManager:220 - loadIPPluginJar : add freertos
2024-06-22 15:45:57,379 [INFO] IPUIPlugin:80 - create IPUIPlugin
2024-06-22 15:45:57,379 [INFO] PluginManager:220 - loadIPPluginJar : add genericplugin
2024-06-22 15:45:57,381 [INFO] IPUIPlugin:80 - create IPUIPlugin
2024-06-22 15:45:57,381 [INFO] PluginManager:220 - loadIPPluginJar : add gfxmmu
2024-06-22 15:45:57,388 [INFO] IPUIPlugin:80 - create IPUIPlugin
2024-06-22 15:45:57,388 [INFO] PluginManager:220 - loadIPPluginJar : add gic
2024-06-22 15:45:57,394 [INFO] IPUIPlugin:80 - create IPUIPlugin
2024-06-22 15:45:57,394 [INFO] PluginManager:220 - loadIPPluginJar : add gpio
2024-06-22 15:45:57,397 [INFO] IPUIPlugin:80 - create IPUIPlugin
2024-06-22 15:45:57,397 [INFO] PluginManager:220 - loadIPPluginJar : add gtzc
2024-06-22 15:45:57,399 [INFO] IPUIPlugin:80 - create IPUIPlugin
2024-06-22 15:45:57,399 [INFO] PluginManager:220 - loadIPPluginJar : add hash
2024-06-22 15:45:57,402 [INFO] IPUIPlugin:80 - create IPUIPlugin
2024-06-22 15:45:57,402 [INFO] PluginManager:220 - loadIPPluginJar : add i2c
2024-06-22 15:45:57,405 [INFO] IPUIPlugin:80 - create IPUIPlugin
2024-06-22 15:45:57,405 [INFO] PluginManager:220 - loadIPPluginJar : add i2s
2024-06-22 15:45:57,408 [INFO] IPUIPlugin:80 - create IPUIPlugin
2024-06-22 15:45:57,408 [INFO] PluginManager:220 - loadIPPluginJar : add i3c
2024-06-22 15:45:57,412 [INFO] IPUIPlugin:80 - create IPUIPlugin
2024-06-22 15:45:57,413 [INFO] PluginManager:220 - loadIPPluginJar : add ipddr
2024-06-22 15:45:57,420 [INFO] IPUIPlugin:80 - create IPUIPlugin
2024-06-22 15:45:57,420 [INFO] PluginManager:220 - loadIPPluginJar : add linkedlist
2024-06-22 15:45:57,423 [INFO] IPUIPlugin:80 - create IPUIPlugin
2024-06-22 15:45:57,423 [INFO] PluginManager:220 - loadIPPluginJar : add lorawan
2024-06-22 15:45:57,425 [INFO] IPUIPlugin:80 - create IPUIPlugin
2024-06-22 15:45:57,425 [INFO] PluginManager:220 - loadIPPluginJar : add ltdc
2024-06-22 15:45:57,431 [INFO] IPUIPlugin:80 - create IPUIPlugin
2024-06-22 15:45:57,431 [INFO] PluginManager:220 - loadIPPluginJar : add mdma
2024-06-22 15:45:57,436 [INFO] IPUIPlugin:80 - create IPUIPlugin
2024-06-22 15:45:57,436 [INFO] PluginManager:220 - loadIPPluginJar : add nvic
2024-06-22 15:45:57,438 [INFO] IPUIPlugin:80 - create IPUIPlugin
2024-06-22 15:45:57,439 [INFO] PluginManager:220 - loadIPPluginJar : add opamp
2024-06-22 15:45:57,441 [INFO] IPUIPlugin:80 - create IPUIPlugin
2024-06-22 15:45:57,441 [INFO] PluginManager:220 - loadIPPluginJar : add openamp
2024-06-22 15:45:57,443 [INFO] IPUIPlugin:80 - create IPUIPlugin
2024-06-22 15:45:57,443 [INFO] PluginManager:220 - loadIPPluginJar : add pdm2pcm
2024-06-22 15:45:57,448 [INFO] IPUIPlugin:80 - create IPUIPlugin
2024-06-22 15:45:57,450 [INFO] PluginManager:220 - loadIPPluginJar : add plateformsettings
2024-06-22 15:45:57,452 [INFO] IPUIPlugin:80 - create IPUIPlugin
2024-06-22 15:45:57,452 [INFO] PluginManager:220 - loadIPPluginJar : add quadspi
2024-06-22 15:45:57,455 [INFO] IPUIPlugin:80 - create IPUIPlugin
2024-06-22 15:45:57,456 [INFO] PluginManager:220 - loadIPPluginJar : add resmgrutility
2024-06-22 15:45:57,458 [INFO] IPUIPlugin:80 - create IPUIPlugin
2024-06-22 15:45:57,458 [INFO] PluginManager:220 - loadIPPluginJar : add sai
2024-06-22 15:45:57,460 [INFO] IPUIPlugin:80 - create IPUIPlugin
2024-06-22 15:45:57,460 [INFO] PluginManager:220 - loadIPPluginJar : add spi
2024-06-22 15:45:57,464 [INFO] IPUIPlugin:80 - create IPUIPlugin
2024-06-22 15:45:57,464 [INFO] PluginManager:220 - loadIPPluginJar : add stm32_wpan
2024-06-22 15:45:57,465 [INFO] IPUIPlugin:80 - create IPUIPlugin
2024-06-22 15:45:57,465 [INFO] PluginManager:220 - loadIPPluginJar : add tim
2024-06-22 15:45:57,468 [INFO] IPUIPlugin:80 - create IPUIPlugin
2024-06-22 15:45:57,468 [INFO] PluginManager:220 - loadIPPluginJar : add touchsensing
2024-06-22 15:45:57,470 [INFO] IPUIPlugin:80 - create IPUIPlugin
2024-06-22 15:45:57,470 [INFO] PluginManager:220 - loadIPPluginJar : add tracer_emb
2024-06-22 15:45:57,473 [INFO] IPUIPlugin:80 - create IPUIPlugin
2024-06-22 15:45:57,473 [INFO] PluginManager:220 - loadIPPluginJar : add ts
2024-06-22 15:45:57,475 [INFO] IPUIPlugin:80 - create IPUIPlugin
2024-06-22 15:45:57,475 [INFO] PluginManager:220 - loadIPPluginJar : add tsc
2024-06-22 15:45:57,477 [INFO] IPUIPlugin:80 - create IPUIPlugin
2024-06-22 15:45:57,477 [INFO] PluginManager:220 - loadIPPluginJar : add ucpd
2024-06-22 15:45:57,480 [INFO] IPUIPlugin:80 - create IPUIPlugin
2024-06-22 15:45:57,480 [INFO] PluginManager:220 - loadIPPluginJar : add usart
2024-06-22 15:45:57,483 [INFO] IPUIPlugin:80 - create IPUIPlugin
2024-06-22 15:45:57,483 [INFO] PluginManager:220 - loadIPPluginJar : add usbx
2024-06-22 15:45:57,622 [INFO] CADModel:165 - CPN selected for project level
2024-06-22 15:45:57,622 [INFO] CADModel:114 - Register for checkConnection events
2024-06-22 15:45:57,622 [FATAL] Updater:308 - Updater called before beeing initialized
2024-06-22 15:45:57,622 [ERROR] CADModel:125 - Updater not yet initialized, retry later 
2024-06-22 15:45:57,763 [INFO] CADModel:165 - CPN selected for project level
2024-06-22 15:45:57,763 [INFO] CADModel:114 - Register for checkConnection events
2024-06-22 15:45:57,763 [FATAL] Updater:308 - Updater called before beeing initialized
2024-06-22 15:45:57,763 [ERROR] CADModel:125 - Updater not yet initialized, retry later 
2024-06-22 15:45:57,767 [FATAL] Updater:308 - Updater called before beeing initialized
2024-06-22 15:45:57,862 [FATAL] Updater:308 - Updater called before beeing initialized
2024-06-22 15:45:57,865 [INFO] DbMcusAds:53 - JSON generation date=Thu May 16 16:22:00 ICT 2024 (1715851320667)
2024-06-22 15:45:57,865 [FATAL] Updater:308 - Updater called before beeing initialized
2024-06-22 15:45:57,903 [WARN] DetailPanel:346 - Failed to get advertising image, set to default
2024-06-22 15:45:57,973 [FATAL] Updater:308 - Updater called before beeing initialized
2024-06-22 15:45:57,976 [FATAL] Updater:308 - Updater called before beeing initialized
2024-06-22 15:45:57,976 [FATAL] Updater:308 - Updater called before beeing initialized
2024-06-22 15:45:57,976 [WARN] DetailPanel:346 - Failed to get advertising image, set to default
2024-06-22 15:45:57,976 [FATAL] Updater:308 - Updater called before beeing initialized
2024-06-22 15:45:58,023 [ERROR] Updater:1120 - MainUpdater not yet initialized. External WinMGr cannot be set.
2024-06-22 15:45:58,025 [INFO] Updater:1056 - Updater Version found : 6.11.1
2024-06-22 15:45:58,048 [INFO] ApplicationProperties:184 - Using Application install path: C:\ST\STM32CubeIDE_1.12.0\STM32CubeIDE\plugins\com.st.stm32cube.common.mx_6.11.1.202404110753
2024-06-22 15:45:58,953 [INFO] MainUpdater:2873 - connection check result : 10
2024-06-22 15:45:58,954 [INFO] MainUpdater:290 - Updater Check For Update Now.
2024-06-22 15:45:58,955 [INFO] MicroXplorer:498 - Change Database Version : DB.6.0.111
2024-06-22 15:45:58,958 [INFO] McuFinderGlobals:63 - Set McuFinder mode to 2 (CubeIDE integrated)
2024-06-22 15:45:58,968 [INFO] UserAuth:415 - Internet connection configuration mode: 1
2024-06-22 15:45:58,996 [INFO] JxBrowserEngine:152 - Initiate JxBrowser Engine with user profile folder
2024-06-22 15:45:59,162 [INFO] CheckServerUpdateThread:120 - End of CheckServer Thread
2024-06-22 15:45:59,863 [INFO] WebApp:161 - Instantiating new browser for Auth
2024-06-22 15:46:00,308 [WARN] PackLoader:240 - Cannot read IP mode file for STMicroelectronics.FP-SNS-MOTENVWB1.1.4.0
2024-06-22 15:46:00,335 [WARN] PackLoader:240 - Cannot read IP mode file for STMicroelectronics.X-CUBE-SMBUS.2.1.0
2024-06-22 15:46:00,341 [WARN] PackLoader:240 - Cannot read IP mode file for STMicroelectronics.X-CUBE-TOUCHGFX.4.23.1
2024-06-22 15:46:00,352 [WARN] PackLoader:240 - Cannot read IP mode file for STMicroelectronics.X-CUBE-TOUCHGFX.4.23.0
2024-06-22 15:46:00,502 [WARN] PackLoader:240 - Cannot read IP mode file for STMicroelectronics.X-CUBE-TOUCHGFX.4.23.2
2024-06-22 15:46:00,590 [WARN] PackLoader:240 - Cannot read IP mode file for STMicroelectronics.X-CUBE-AZRTOS-F7.1.1.0
2024-06-22 15:46:00,605 [WARN] PackLoader:240 - Cannot read IP mode file for STMicroelectronics.FP-SNS-MOTENV1.4.3.2
2024-06-22 15:46:00,614 [WARN] PackLoader:240 - Cannot read IP mode file for STMicroelectronics.FP-SNS-FLIGHT1.5.0.2
2024-06-22 15:46:00,624 [WARN] PackLoader:240 - Cannot read IP mode file for STMicroelectronics.X-CUBE-DISPLAY.3.0.0
2024-06-22 15:46:00,638 [WARN] PackLoader:240 - Cannot read IP mode file for STMicroelectronics.X-CUBE-BLE1.7.0.0
2024-06-22 15:46:00,648 [WARN] PackLoader:240 - Cannot read IP mode file for emotas.I-CUBE-CANOPEN.1.3.0
2024-06-22 15:46:00,695 [WARN] PackLoader:240 - Cannot read IP mode file for STMicroelectronics.X-CUBE-TOUCHGFX.4.22.0
2024-06-22 15:46:00,762 [WARN] PackLoader:240 - Cannot read IP mode file for STMicroelectronics.X-CUBE-TOUCHGFX.4.22.1
2024-06-22 15:46:00,822 [WARN] PackLoader:240 - Cannot read IP mode file for STMicroelectronics.X-CUBE-BLEMGR.3.1.0
2024-06-22 15:46:00,832 [WARN] PackLoader:240 - Cannot read IP mode file for STMicroelectronics.FP-SNS-SMARTAG2.1.2.0
2024-06-22 15:46:00,848 [INFO] LogOutputStream:77 - [STDOUT_REDIRECT] 1 : Invalid condition id : UX_CORESTACK_Condition cause : null
2024-06-22 15:46:00,852 [INFO] LogOutputStream:77 - [STDOUT_REDIRECT] 1 : Invalid condition id : UX_CORESTACK_Condition cause : null
2024-06-22 15:46:00,853 [INFO] LogOutputStream:77 - [STDOUT_REDIRECT] 1 : Invalid condition id : UX_CORESTACK_Condition cause : null
2024-06-22 15:46:00,854 [INFO] LogOutputStream:77 - [STDOUT_REDIRECT] 1 : Invalid condition id : UX_CORESTACK_Condition cause : null
2024-06-22 15:46:00,868 [INFO] LogOutputStream:77 - [STDOUT_REDIRECT] 1 : Invalid condition id : UX_CORESTACK_Condition cause : null
2024-06-22 15:46:00,882 [WARN] PackLoader:240 - Cannot read IP mode file for STMicroelectronics.X-CUBE-AZRTOS-WL.2.0.0
2024-06-22 15:46:00,888 [WARN] PackLoader:240 - Cannot read IP mode file for STMicroelectronics.FP-SNS-MOTENV1.5.0.0
2024-06-22 15:46:00,900 [WARN] PackLoader:240 - Cannot read IP mode file for wolfSSL.I-CUBE-wolfMQTT.1.19.0
2024-06-22 15:46:00,917 [WARN] PackLoader:240 - Cannot read IP mode file for WES.I-CUBE-Cesium.1.3.0
2024-06-22 15:46:00,924 [WARN] PackLoader:240 - Cannot read IP mode file for STMicroelectronics.X-CUBE-BLE2.3.3.0
2024-06-22 15:46:00,935 [WARN] PackLoader:240 - Cannot read IP mode file for STMicroelectronics.X-CUBE-TOUCHGFX.4.18.0
2024-06-22 15:46:01,027 [WARN] PackLoader:240 - Cannot read IP mode file for STMicroelectronics.X-CUBE-TCPP.4.1.0
2024-06-22 15:46:01,037 [WARN] PackLoader:240 - Cannot read IP mode file for STMicroelectronics.X-CUBE-TOUCHGFX.4.21.1
2024-06-22 15:46:01,071 [WARN] PackLoader:240 - Cannot read IP mode file for STMicroelectronics.X-CUBE-TOUCHGFX.4.21.0
2024-06-22 15:46:01,123 [WARN] PackLoader:240 - Cannot read IP mode file for STMicroelectronics.X-CUBE-TOUCHGFX.4.21.4
2024-06-22 15:46:01,185 [WARN] PackLoader:240 - Cannot read IP mode file for STMicroelectronics.X-CUBE-ALGOBUILD.1.3.0
2024-06-22 15:46:01,267 [WARN] PackLoader:240 - Cannot read IP mode file for STMicroelectronics.X-CUBE-AZRTOS-G0.1.1.0
2024-06-22 15:46:01,279 [WARN] PackLoader:240 - Cannot read IP mode file for STMicroelectronics.X-CUBE-SAFEA1.1.2.2
2024-06-22 15:46:01,294 [WARN] PackLoader:240 - Cannot read IP mode file for STMicroelectronics.X-CUBE-NFC4.3.0.0
2024-06-22 15:46:01,311 [WARN] PackLoader:240 - Cannot read IP mode file for STMicroelectronics.X-CUBE-BLEMGR.3.0.0
2024-06-22 15:46:01,319 [WARN] PackLoader:240 - Cannot read IP mode file for STMicroelectronics.FP-ATR-SIGFOX1.3.2.0
2024-06-22 15:46:01,332 [WARN] PackLoader:240 - Cannot read IP mode file for STMicroelectronics.X-CUBE-EEPRMA1.5.1.0
2024-06-22 15:46:01,398 [WARN] PackLoader:240 - Cannot read IP mode file for SEGGER.I-CUBE-embOS.1.3.1
2024-06-22 15:46:01,568 [WARN] PackLoader:240 - Cannot read IP mode file for STMicroelectronics.X-CUBE-ALGOBUILD.1.4.0
2024-06-22 15:46:01,572 [WARN] PackLoader:240 - Cannot read IP mode file for STMicroelectronics.X-CUBE-GNSS1.6.0.0
2024-06-22 15:46:01,602 [WARN] PackLoader:240 - Cannot read IP mode file for STMicroelectronics.X-CUBE-AZRTOS-F4.1.1.0
2024-06-22 15:46:01,612 [WARN] PackLoader:240 - Cannot read IP mode file for STMicroelectronics.X-CUBE-FREERTOS.1.2.0
2024-06-22 15:46:01,612 [WARN] PackLoader:240 - Cannot read IP mode file for wolfSSL.I-CUBE-wolfSSL.5.6.6
2024-06-22 15:46:01,637 [WARN] PackLoader:240 - Cannot read IP mode file for STMicroelectronics.X-CUBE-AZRTOS-L5.2.0.0
2024-06-22 15:46:01,647 [WARN] PackLoader:240 - Cannot read IP mode file for STMicroelectronics.X-CUBE-EEPRMA1.4.2.0
2024-06-22 15:46:01,657 [WARN] PackLoader:240 - Cannot read IP mode file for STMicroelectronics.X-CUBE-NFC6.3.1.0
2024-06-22 15:46:01,669 [WARN] PackLoader:240 - Cannot read IP mode file for ITTIA_DB.I-CUBE-ITTIADB.8.8.0
2024-06-22 15:46:01,722 [WARN] PackLoader:240 - Cannot read IP mode file for emotas.I-CUBE-CANOPEN.1.1.3
2024-06-22 15:46:01,781 [WARN] PackLoader:240 - Cannot read IP mode file for STMicroelectronics.X-CUBE-AI.9.0.0
2024-06-22 15:46:01,837 [WARN] ConditionMgr:438 - getConditionDescription Invalid condition id : UX DEVICE CLASS RTOS Condition cause : null
2024-06-22 15:46:01,837 [WARN] ConditionMgr:438 - getConditionDescription Invalid condition id : UX DEVICE CLASS RTOS Condition cause : null
2024-06-22 15:46:01,842 [WARN] PackLoader:240 - Cannot read IP mode file for STMicroelectronics.X-CUBE-AZRTOS-H7.3.1.0
2024-06-22 15:46:01,842 [WARN] ConditionMgr:1039 - genDependencies : Invalid condition id : UX DEVICE CLASS RTOS Condition cause : null
2024-06-22 15:46:01,842 [WARN] ConditionMgr:1039 - genDependencies : Invalid condition id : UX DEVICE CLASS RTOS Condition cause : null
2024-06-22 15:46:01,842 [WARN] ConditionMgr:1039 - genDependencies : Invalid condition id : UX DEVICE CLASS RTOS Condition cause : null
2024-06-22 15:46:01,845 [WARN] ConditionMgr:1039 - genDependencies : Invalid condition id : UX DEVICE CLASS RTOS Condition cause : null
2024-06-22 15:46:01,845 [WARN] ConditionMgr:1039 - genDependencies : Invalid condition id : UX DEVICE CLASS RTOS Condition cause : null
2024-06-22 15:46:01,852 [WARN] ConditionMgr:438 - getConditionDescription Invalid condition id : UX DEVICE CLASS RTOS Condition cause : null
2024-06-22 15:46:01,852 [WARN] ConditionMgr:438 - getConditionDescription Invalid condition id : UX DEVICE CLASS RTOS Condition cause : null
2024-06-22 15:46:02,007 [WARN] PackLoader:240 - Cannot read IP mode file for STMicroelectronics.X-CUBE-NFC7.1.0.1
2024-06-22 15:46:02,017 [WARN] PackLoader:240 - Cannot read IP mode file for STMicroelectronics.X-CUBE-NFC6.3.0.0
2024-06-22 15:46:02,020 [WARN] PackLoader:240 - Cannot read IP mode file for STMicroelectronics.X-CUBE-AI.8.1.0
2024-06-22 15:46:02,047 [WARN] ConditionMgr:438 - getConditionDescription Invalid condition id : LAN8742 Phy interface Condition cause : null
2024-06-22 15:46:02,047 [WARN] PackLoader:240 - Cannot read IP mode file for STMicroelectronics.X-CUBE-AZRTOS-L4.2.0.0
2024-06-22 15:46:02,047 [WARN] ConditionMgr:1039 - genDependencies : Invalid condition id : LAN8742 Phy interface Condition cause : null
2024-06-22 15:46:02,052 [WARN] ConditionMgr:1039 - genDependencies : Invalid condition id : LAN8742 Phy interface Condition cause : null
2024-06-22 15:46:02,052 [WARN] ConditionMgr:1039 - genDependencies : Invalid condition id : LAN8742 Phy interface Condition cause : null
2024-06-22 15:46:02,057 [WARN] PackLoader:240 - Cannot read IP mode file for STMicroelectronics.X-CUBE-SFXS2LP1.4.0.0
2024-06-22 15:46:02,077 [WARN] ConditionMgr:438 - getConditionDescription Invalid condition id : UX DEVICE CLASS RTOS Condition cause : null
2024-06-22 15:46:02,077 [WARN] ConditionMgr:438 - getConditionDescription Invalid condition id : UX DEVICE CLASS RTOS Condition cause : null
2024-06-22 15:46:02,077 [WARN] PackLoader:240 - Cannot read IP mode file for STMicroelectronics.X-CUBE-AZRTOS-WB.2.0.0
2024-06-22 15:46:02,077 [WARN] ConditionMgr:1039 - genDependencies : Invalid condition id : UX DEVICE CLASS RTOS Condition cause : null
2024-06-22 15:46:02,077 [WARN] ConditionMgr:1039 - genDependencies : Invalid condition id : UX DEVICE CLASS RTOS Condition cause : null
2024-06-22 15:46:02,077 [WARN] ConditionMgr:1039 - genDependencies : Invalid condition id : UX DEVICE CLASS RTOS Condition cause : null
2024-06-22 15:46:02,082 [WARN] ConditionMgr:1039 - genDependencies : Invalid condition id : UX DEVICE CLASS RTOS Condition cause : null
2024-06-22 15:46:02,082 [WARN] ConditionMgr:1039 - genDependencies : Invalid condition id : UX DEVICE CLASS RTOS Condition cause : null
2024-06-22 15:46:02,088 [WARN] PackLoader:240 - Cannot read IP mode file for STMicroelectronics.X-CUBE-SUBG2.5.0.0
2024-06-22 15:46:02,100 [WARN] PackLoader:240 - Cannot read IP mode file for Cesanta.I-CUBE-Mongoose.7.13.0
2024-06-22 15:46:02,112 [WARN] PackLoader:240 - Cannot read IP mode file for STMicroelectronics.X-CUBE-TOF1.3.3.1
2024-06-22 15:46:02,188 [WARN] PackLoader:240 - Cannot read IP mode file for STMicroelectronics.X-CUBE-AZRTOS-G4.2.0.0
2024-06-22 15:46:02,202 [WARN] PackLoader:240 - Cannot read IP mode file for STMicroelectronics.X-CUBE-TOF1.3.3.0
2024-06-22 15:46:02,260 [WARN] PackLoader:240 - Cannot read IP mode file for Infineon.AIROC-Wi-Fi-Bluetooth-STM32.1.5.1
2024-06-22 15:46:02,276 [WARN] PackLoader:240 - Cannot read IP mode file for STMicroelectronics.FP-SNS-MOTENVWB1.1.3.1
2024-06-22 15:46:02,277 [WARN] PackLoader:240 - Cannot read IP mode file for STMicroelectronics.X-CUBE-ISPU.2.0.0
2024-06-22 15:46:02,282 [WARN] PackLoader:240 - Cannot read IP mode file for STMicroelectronics.X-CUBE-ALS.1.0.2
2024-06-22 15:46:02,333 [WARN] PackLoader:240 - Cannot read IP mode file for STMicroelectronics.X-CUBE-MEMS1.10.0.0
2024-06-22 15:46:02,463 [WARN] PackLoader:240 - Cannot read IP mode file for STMicroelectronics.X-CUBE-FREERTOS.1.1.0
2024-06-22 15:46:02,467 [WARN] PackLoader:240 - Cannot read IP mode file for portGmbH.I-Cube-SoM-uGOAL.1.1.0
2024-06-22 15:46:02,471 [WARN] PackLoader:240 - Cannot read IP mode file for STMicroelectronics.X-CUBE-ALS.1.0.1
2024-06-22 15:46:02,488 [WARN] PackLoader:240 - Cannot read IP mode file for STMicroelectronics.X-CUBE-AZRTOS-H7RS.1.0.0
2024-06-22 15:46:02,496 [WARN] PackLoader:240 - Cannot read IP mode file for STMicroelectronics.FP-ATR-ASTRA1.2.0.0
2024-06-22 15:46:02,506 [WARN] PackLoader:240 - Cannot read IP mode file for STMicroelectronics.X-CUBE-TOF1.3.4.0
2024-06-22 15:46:02,571 [WARN] PackLoader:240 - Cannot read IP mode file for STMicroelectronics.X-CUBE-TOF1.3.4.1
2024-06-22 15:46:02,655 [WARN] PackLoader:240 - Cannot read IP mode file for STMicroelectronics.X-CUBE-AZRTOS-H7.3.2.0
2024-06-22 15:46:02,746 [INFO] ThirdParty:978 - Integrity check success = true
2024-06-22 15:46:02,746 [INFO] IntegrityCheckThread:100 - exiting critical section [integrity check]
2024-06-22 15:46:02,746 [INFO] IntegrityCheckThread:103 - End integrity checks thread
2024-06-22 15:46:03,898 [INFO] WebApp:779 - Register for checkConnection events
2024-06-22 15:46:03,898 [INFO] WebApp:414 - Apply proxy settings
2024-06-22 15:46:03,898 [INFO] WebApp:499 - Chromium requires no authentication
2024-06-22 15:46:03,907 [INFO] WebApp:442 - Direct internet connection detected
2024-06-22 15:46:04,055 [INFO] WebApp:192 - Starting web application
2024-06-22 15:46:04,055 [INFO] WebApp:544 - Web application path used C:\ST\STM32CubeIDE_1.12.0\STM32CubeIDE\plugins\com.st.stm32cube.common.mx_6.11.1.202404110753\db\plugins\mcufinder\reactClient1\index.html
2024-06-22 15:46:04,488 [ERROR] LogOutputStream:75 - [STDERR_REDIRECT] Jun 22, 2024 3:46:04 PM org.glassfish.grizzly.http.server.NetworkListener start
2024-06-22 15:46:04,490 [ERROR] LogOutputStream:75 - [STDERR_REDIRECT] INFO: Started listener bound to [localhost:1596]
2024-06-22 15:46:04,490 [ERROR] LogOutputStream:75 - [STDERR_REDIRECT] 
2024-06-22 15:46:04,492 [ERROR] LogOutputStream:75 - [STDERR_REDIRECT] Jun 22, 2024 3:46:04 PM org.glassfish.grizzly.http.server.HttpServer start
2024-06-22 15:46:04,492 [ERROR] LogOutputStream:75 - [STDERR_REDIRECT] INFO: [HttpServer] Started.
2024-06-22 15:46:04,492 [ERROR] LogOutputStream:75 - [STDERR_REDIRECT] 
2024-06-22 17:30:16,946 [ERROR] LogOutputStream:75 - [STDERR_REDIRECT] 
2024-06-22 17:30:16,947 [ERROR] LogOutputStream:75 - [STDERR_REDIRECT] 
