2023-12-09 08:52:09,401 [INFO] Activator:176 - 


2023-12-09 08:52:09,408 [INFO] Activator:177 - !SESSION log4j initialized
2023-12-09 08:52:39,797 [ERROR] LogOutputStream:75 - [STDERR_REDIRECT] ?.?. 09, 2023 8:52:39 ??????? org.glassfish.grizzly.http.server.NetworkListener start
2023-12-09 08:52:39,804 [ERROR] LogOutputStream:75 - [STDERR_REDIRECT] INFO: Started listener bound to [localhost:1596]
2023-12-09 08:52:39,807 [ERROR] LogOutputStream:75 - [STDERR_REDIRECT] 
2023-12-09 08:52:39,824 [ERROR] LogOutputStream:75 - [STDERR_REDIRECT] ?.?. 09, 2023 8:52:39 ??????? org.glassfish.grizzly.http.server.HttpServer start
2023-12-09 08:52:39,833 [ERROR] LogOutputStream:75 - [STDERR_REDIRECT] INFO: [HttpServer] Started.
2023-12-09 08:52:39,855 [ERROR] LogOutputStream:75 - [STDERR_REDIRECT] 
2023-12-09 08:52:41,170 [INFO] LogOutputStream:77 - [STDOUT_REDIRECT] 
2023-12-09 08:52:43,221 [INFO] ApplicationProperties:184 - Using Application install path: C:\ST\STM32CubeIDE_1.12.0\STM32CubeIDE\plugins\com.st.stm32cube.common.mx_6.10.0.202311202037
2023-12-09 08:52:43,266 [INFO] DbMcusXml:78 - Set database path to: C:\ST\STM32CubeIDE_1.12.0\STM32CubeIDE\plugins\com.st.stm32cube.common.mx_6.10.0.202311202037\\db\/mcu/
2023-12-09 08:52:43,266 [INFO] ApiDb:274 - Set plugin database path to: C:\ST\STM32CubeIDE_1.12.0\STM32CubeIDE\plugins\com.st.stm32cube.common.mx_6.10.0.202311202037\\db\/plugins/boardmanager/
2023-12-09 08:52:43,267 [WARN] ApiDb:259 - Overriding images path with different value:  => C:\ST\STM32CubeIDE_1.12.0\STM32CubeIDE\plugins\com.st.stm32cube.common.mx_6.10.0.202311202037\\db\/plugins/mcufinder/images/
2023-12-09 08:52:43,291 [INFO] ApiDb:250 - Set database path to: C:\Users\user\.stmcufinder\plugins\mcufinder//mcu/
2023-12-09 08:52:43,297 [INFO] DbMcusAds:125 - Set database path to: C:\Users\user\.stmcufinder\plugins\mcufinder//mcu/
2023-12-09 08:52:43,301 [INFO] CrossReferenceDbSqlite:203 - Set database path to: C:\Users\user\.stmcufinder\plugins\mcufinder//mcu/cs/
2023-12-09 08:52:43,570 [INFO] RulesReader:64 - Compatibility file has been processed (297 Rules)
2023-12-09 08:52:43,750 [INFO] DbMcusXml:78 - Set database path to: C:\ST\STM32CubeIDE_1.12.0\STM32CubeIDE\plugins\com.st.stm32cube.common.mx_6.10.0.202311202037\\db\/mcu/
2023-12-09 08:52:43,751 [INFO] ApiDb:274 - Set plugin database path to: C:\ST\STM32CubeIDE_1.12.0\STM32CubeIDE\plugins\com.st.stm32cube.common.mx_6.10.0.202311202037\\db\/plugins/boardmanager/
2023-12-09 08:52:43,751 [INFO] ApiDb:261 - Set plugin images path to: C:\ST\STM32CubeIDE_1.12.0\STM32CubeIDE\plugins\com.st.stm32cube.common.mx_6.10.0.202311202037\\db\/plugins/mcufinder/images/
2023-12-09 08:52:43,751 [WARN] DbFile:41 - Overriding database path with different value: C:\Users\user\.stmcufinder\plugins\mcufinder/ => C:\Users\user\.stmcufinder\plugins\mcufinder
2023-12-09 08:52:43,751 [INFO] ApiDb:250 - Set database path to: C:\Users\user\.stmcufinder\plugins\mcufinder//mcu/
2023-12-09 08:52:43,751 [WARN] DbFile:41 - Overriding database path with different value: C:\Users\user\.stmcufinder\plugins\mcufinder/ => C:\Users\user\.stmcufinder\plugins\mcufinder
2023-12-09 08:52:43,751 [INFO] DbMcusAds:125 - Set database path to: C:\Users\user\.stmcufinder\plugins\mcufinder//mcu/
2023-12-09 08:52:43,752 [WARN] DbFile:41 - Overriding database path with different value: C:\Users\user\.stmcufinder\plugins\mcufinder/ => C:\Users\user\.stmcufinder\plugins\mcufinder
2023-12-09 08:52:43,752 [WARN] DbFile:41 - Overriding database path with different value: C:\Users\user\.stmcufinder\plugins\mcufinder/ => C:\Users\user\.stmcufinder\plugins\mcufinder
2023-12-09 08:52:43,752 [INFO] CrossReferenceDbSqlite:203 - Set database path to: C:\Users\user\.stmcufinder\plugins\mcufinder//mcu/cs/
2023-12-09 08:52:44,269 [INFO] MainPanel:264 - HeapMemory: 268435456
2023-12-09 08:52:44,618 [INFO] DbMcusXml:78 - Set database path to: C:\ST\STM32CubeIDE_1.12.0\STM32CubeIDE\plugins\com.st.stm32cube.common.mx_6.10.0.202311202037\\db\/mcu/
2023-12-09 08:52:44,619 [INFO] ApiDb:274 - Set plugin database path to: C:\ST\STM32CubeIDE_1.12.0\STM32CubeIDE\plugins\com.st.stm32cube.common.mx_6.10.0.202311202037\\db\/plugins/boardmanager/
2023-12-09 08:52:44,619 [INFO] ApiDb:261 - Set plugin images path to: C:\ST\STM32CubeIDE_1.12.0\STM32CubeIDE\plugins\com.st.stm32cube.common.mx_6.10.0.202311202037\\db\/plugins/mcufinder/images/
2023-12-09 08:52:44,621 [WARN] DbFile:41 - Overriding database path with different value: C:\Users\user\.stmcufinder\plugins\mcufinder/ => C:\Users\user\.stmcufinder\plugins\mcufinder
2023-12-09 08:52:44,621 [INFO] ApiDb:250 - Set database path to: C:\Users\user\.stmcufinder\plugins\mcufinder//mcu/
2023-12-09 08:52:44,621 [WARN] DbFile:41 - Overriding database path with different value: C:\Users\user\.stmcufinder\plugins\mcufinder/ => C:\Users\user\.stmcufinder\plugins\mcufinder
2023-12-09 08:52:44,621 [INFO] DbMcusAds:125 - Set database path to: C:\Users\user\.stmcufinder\plugins\mcufinder//mcu/
2023-12-09 08:52:44,622 [WARN] DbFile:41 - Overriding database path with different value: C:\Users\user\.stmcufinder\plugins\mcufinder/ => C:\Users\user\.stmcufinder\plugins\mcufinder
2023-12-09 08:52:44,622 [WARN] DbFile:41 - Overriding database path with different value: C:\Users\user\.stmcufinder\plugins\mcufinder/ => C:\Users\user\.stmcufinder\plugins\mcufinder
2023-12-09 08:52:44,622 [INFO] CrossReferenceDbSqlite:203 - Set database path to: C:\Users\user\.stmcufinder\plugins\mcufinder//mcu/cs/
2023-12-09 08:52:44,669 [INFO] ApplicationProperties:184 - Using Application install path: C:\ST\STM32CubeIDE_1.12.0\STM32CubeIDE\plugins\com.st.stm32cube.common.mx_6.10.0.202311202037
2023-12-09 08:52:44,673 [INFO] PluginManage:196 - Search for loadable plugins [exclusion list=, ]
2023-12-09 08:52:44,680 [INFO] PluginManage:310 - Check plugin analytics
2023-12-09 08:52:45,081 [INFO] AnalyticsPlugin:253 - Accepted Software Licenses: STM32CubeMX.6.8.0,STM32CubeMX.6.8.1,STM32CubeMX.6.5.0,STM32CubeMX.6.9.1,STM32CubeMX.6.9.2
2023-12-09 08:52:45,083 [INFO] AnalyticsPlugin:255 - Accepted CMSIS Pack Licenses: emotas.I-CUBE-CANOPEN.1.1.3,STMicroelectronics.X-CUBE-TOUCHGFX.4.21.0,STMicroelectronics.X-CUBE-TOUCHGFX.4.21.1,STMicroelectronics.X-CUBE-TOUCHGFX.4.18.0,STMicroelectronics.X-CUBE-TOUCHGFX.4.22.1,STMicroelectronics.X-CUBE-AZRTOS-H7.3.1.0,STMicroelectronics.X-CUBE-AZRTOS-H7.3.2.0,ITTIA_DB.I-CUBE-ITTIADB.8.8.0
2023-12-09 08:52:45,083 [INFO] AnalyticsPlugin:257 - Accepted Firmware Licenses: FW.H7.1.11.0,FW.G0.1.6.0,FW.F4.1.27.0
2023-12-09 08:52:45,088 [INFO] PluginManage:359 - Loaded plugin analytics (category:tool,tabindex:-1)
2023-12-09 08:52:45,088 [INFO] PluginManage:310 - Check plugin cadmodel
2023-12-09 08:52:45,105 [INFO] CADModel:105 - Init CAD model plugin
2023-12-09 08:52:45,105 [INFO] PluginManage:359 - Loaded plugin cadmodel (category:power,tabindex:5)
2023-12-09 08:52:45,106 [INFO] PluginManage:310 - Check plugin clock
2023-12-09 08:52:45,239 [INFO] PluginManage:359 - Loaded plugin clock (category:base,tabindex:2)
2023-12-09 08:52:45,239 [INFO] PluginManage:310 - Check plugin ddr
2023-12-09 08:52:45,253 [INFO] PluginManage:359 - Loaded plugin ddr (category:tool,tabindex:6)
2023-12-09 08:52:45,253 [INFO] PluginManage:310 - Check plugin filemanager
2023-12-09 08:52:45,725 [INFO] PluginManage:359 - Loaded plugin filemanager (category:base,tabindex:10)
2023-12-09 08:52:45,725 [INFO] PluginManage:310 - Check plugin ipmanager
2023-12-09 08:52:45,739 [INFO] PluginManage:359 - Loaded plugin ipmanager (category:base,tabindex:5)
2023-12-09 08:52:45,740 [INFO] PluginManage:310 - Check plugin lpbam
2023-12-09 08:52:45,758 [INFO] PluginManage:359 - Loaded plugin lpbam (category:base,tabindex:0)
2023-12-09 08:52:45,760 [INFO] PluginManage:310 - Check plugin memorymap
2023-12-09 08:52:45,796 [INFO] PluginManage:359 - Loaded plugin memorymap (category:base,tabindex:4)
2023-12-09 08:52:45,796 [INFO] PluginManage:310 - Check plugin pinoutandconfiguration
2023-12-09 08:52:45,819 [INFO] PluginManage:359 - Loaded plugin pinoutandconfiguration (category:base,tabindex:1)
2023-12-09 08:52:45,820 [INFO] PluginManage:310 - Check plugin pinoutconfig
2023-12-09 08:52:46,025 [WARN] SupportedApi:132 - Cannot load RTOS API schema: s4s-elt-must-match.1: The content of 'definitions' must match (annotation?, (simpleType | complexType)?, (unique | key | keyref)*)). A problem was found starting at: attribute.
2023-12-09 08:52:46,555 [INFO] PluginManage:359 - Loaded plugin pinoutconfig (category:base,tabindex:0)
2023-12-09 08:52:46,555 [INFO] PluginManage:310 - Check plugin power
2023-12-09 08:52:46,574 [INFO] PluginManage:359 - Loaded plugin power (category:power,tabindex:4)
2023-12-09 08:52:46,574 [INFO] PluginManage:310 - Check plugin projectmanager
2023-12-09 08:52:46,682 [INFO] PluginManage:359 - Loaded plugin projectmanager (category:projectmanager,tabindex:3)
2023-12-09 08:52:46,684 [INFO] PluginManage:310 - Check plugin thirdparty
2023-12-09 08:52:47,038 [WARN] IntegrityCheckThread:84 - waiting for thirdparty lock release [integrity check]
2023-12-09 08:52:47,038 [INFO] PluginManage:359 - Loaded plugin thirdparty (category:base,tabindex:-1)
2023-12-09 08:52:47,038 [INFO] IntegrityCheckThread:86 - entering critical section [integrity check]
2023-12-09 08:52:47,038 [INFO] PluginManage:310 - Check plugin tools
2023-12-09 08:52:47,039 [INFO] ThirdPartyUpdaterWithRetryManager:70 - Updater plugin not ready yet. [1/15]
2023-12-09 08:52:47,049 [INFO] PluginManage:359 - Loaded plugin tools (category:base,tabindex:7)
2023-12-09 08:52:47,049 [INFO] PluginManage:310 - Check plugin tutovideos
2023-12-09 08:52:47,566 [INFO] PluginManage:359 - Loaded plugin tutovideos (category:base,tabindex:-1)
2023-12-09 08:52:47,566 [INFO] PluginManage:310 - Check plugin updater
2023-12-09 08:52:47,657 [INFO] PluginManage:359 - Loaded plugin updater (category:base,tabindex:12)
2023-12-09 08:52:47,657 [INFO] PluginManage:310 - Check plugin userauth
2023-12-09 08:52:47,689 [INFO] UserAuth:114 - Init User Auth plugin
2023-12-09 08:52:47,689 [INFO] PluginManage:359 - Loaded plugin userauth (category:base,tabindex:14)
2023-12-09 08:52:47,690 [INFO] PluginManage:283 - PluginManage : Loaded plugins [17]
2023-12-09 08:52:48,390 [INFO] PinOutPanel:1499 - setPackage(No Configuration,No Configuration)
2023-12-09 08:52:48,546 [INFO] CADModel:165 - CPN selected for project level
2023-12-09 08:52:48,547 [INFO] CADModel:114 - Register for checkConnection events
2023-12-09 08:52:48,593 [INFO] IPUIPlugin:80 - create IPUIPlugin
2023-12-09 08:52:48,593 [INFO] PluginManager:220 - loadIPPluginJar : add adc
2023-12-09 08:52:48,598 [INFO] IPUIPlugin:80 - create IPUIPlugin
2023-12-09 08:52:48,598 [INFO] PluginManager:220 - loadIPPluginJar : add aes
2023-12-09 08:52:48,608 [INFO] IPUIPlugin:80 - create IPUIPlugin
2023-12-09 08:52:48,609 [INFO] PluginManager:220 - loadIPPluginJar : add can
2023-12-09 08:52:48,612 [INFO] IPUIPlugin:80 - create IPUIPlugin
2023-12-09 08:52:48,613 [INFO] PluginManager:220 - loadIPPluginJar : add comp
2023-12-09 08:52:48,617 [INFO] IPUIPlugin:80 - create IPUIPlugin
2023-12-09 08:52:48,617 [INFO] PluginManager:220 - loadIPPluginJar : add cryp
2023-12-09 08:52:48,622 [INFO] IPUIPlugin:80 - create IPUIPlugin
2023-12-09 08:52:48,622 [INFO] PluginManager:220 - loadIPPluginJar : add dfsdm
2023-12-09 08:52:48,633 [INFO] IPUIPlugin:80 - create IPUIPlugin
2023-12-09 08:52:48,634 [INFO] PluginManager:220 - loadIPPluginJar : add dma
2023-12-09 08:52:48,641 [INFO] IPUIPlugin:80 - create IPUIPlugin
2023-12-09 08:52:48,641 [INFO] PluginManager:220 - loadIPPluginJar : add dma3
2023-12-09 08:52:48,647 [INFO] IPUIPlugin:80 - create IPUIPlugin
2023-12-09 08:52:48,647 [INFO] PluginManager:220 - loadIPPluginJar : add fatfs
2023-12-09 08:52:48,654 [INFO] IPUIPlugin:80 - create IPUIPlugin
2023-12-09 08:52:48,654 [INFO] PluginManager:220 - loadIPPluginJar : add fmc
2023-12-09 08:52:48,666 [INFO] IPUIPlugin:80 - create IPUIPlugin
2023-12-09 08:52:48,666 [INFO] PluginManager:220 - loadIPPluginJar : add freertos
2023-12-09 08:52:48,669 [INFO] IPUIPlugin:80 - create IPUIPlugin
2023-12-09 08:52:48,670 [INFO] PluginManager:220 - loadIPPluginJar : add genericplugin
2023-12-09 08:52:48,674 [INFO] IPUIPlugin:80 - create IPUIPlugin
2023-12-09 08:52:48,674 [INFO] PluginManager:220 - loadIPPluginJar : add gfxmmu
2023-12-09 08:52:48,685 [INFO] IPUIPlugin:80 - create IPUIPlugin
2023-12-09 08:52:48,686 [INFO] PluginManager:220 - loadIPPluginJar : add gic
2023-12-09 08:52:48,693 [INFO] IPUIPlugin:80 - create IPUIPlugin
2023-12-09 08:52:48,694 [INFO] PluginManager:220 - loadIPPluginJar : add gpio
2023-12-09 08:52:48,700 [INFO] IPUIPlugin:80 - create IPUIPlugin
2023-12-09 08:52:48,700 [INFO] PluginManager:220 - loadIPPluginJar : add gtzc
2023-12-09 08:52:48,705 [INFO] IPUIPlugin:80 - create IPUIPlugin
2023-12-09 08:52:48,705 [INFO] PluginManager:220 - loadIPPluginJar : add hash
2023-12-09 08:52:48,711 [INFO] IPUIPlugin:80 - create IPUIPlugin
2023-12-09 08:52:48,711 [INFO] PluginManager:220 - loadIPPluginJar : add i2c
2023-12-09 08:52:48,718 [INFO] IPUIPlugin:80 - create IPUIPlugin
2023-12-09 08:52:48,718 [INFO] PluginManager:220 - loadIPPluginJar : add i2s
2023-12-09 08:52:48,722 [INFO] IPUIPlugin:80 - create IPUIPlugin
2023-12-09 08:52:48,722 [INFO] PluginManager:220 - loadIPPluginJar : add i3c
2023-12-09 08:52:48,733 [INFO] IPUIPlugin:80 - create IPUIPlugin
2023-12-09 08:52:48,733 [INFO] PluginManager:220 - loadIPPluginJar : add ipddr
2023-12-09 08:52:48,748 [INFO] IPUIPlugin:80 - create IPUIPlugin
2023-12-09 08:52:48,749 [INFO] PluginManager:220 - loadIPPluginJar : add linkedlist
2023-12-09 08:52:48,753 [INFO] IPUIPlugin:80 - create IPUIPlugin
2023-12-09 08:52:48,753 [INFO] PluginManager:220 - loadIPPluginJar : add lorawan
2023-12-09 08:52:48,756 [INFO] IPUIPlugin:80 - create IPUIPlugin
2023-12-09 08:52:48,756 [INFO] PluginManager:220 - loadIPPluginJar : add ltdc
2023-12-09 08:52:48,768 [INFO] IPUIPlugin:80 - create IPUIPlugin
2023-12-09 08:52:48,768 [INFO] PluginManager:220 - loadIPPluginJar : add mdma
2023-12-09 08:52:48,774 [INFO] IPUIPlugin:80 - create IPUIPlugin
2023-12-09 08:52:48,774 [INFO] PluginManager:220 - loadIPPluginJar : add nvic
2023-12-09 08:52:48,780 [INFO] IPUIPlugin:80 - create IPUIPlugin
2023-12-09 08:52:48,780 [INFO] PluginManager:220 - loadIPPluginJar : add opamp
2023-12-09 08:52:48,785 [INFO] IPUIPlugin:80 - create IPUIPlugin
2023-12-09 08:52:48,785 [INFO] PluginManager:220 - loadIPPluginJar : add openamp
2023-12-09 08:52:48,791 [INFO] IPUIPlugin:80 - create IPUIPlugin
2023-12-09 08:52:48,791 [INFO] PluginManager:220 - loadIPPluginJar : add pdm2pcm
2023-12-09 08:52:48,803 [INFO] IPUIPlugin:80 - create IPUIPlugin
2023-12-09 08:52:48,806 [INFO] PluginManager:220 - loadIPPluginJar : add plateformsettings
2023-12-09 08:52:48,809 [INFO] IPUIPlugin:80 - create IPUIPlugin
2023-12-09 08:52:48,810 [INFO] PluginManager:220 - loadIPPluginJar : add quadspi
2023-12-09 08:52:48,817 [INFO] IPUIPlugin:80 - create IPUIPlugin
2023-12-09 08:52:48,817 [INFO] PluginManager:220 - loadIPPluginJar : add resmgrutility
2023-12-09 08:52:48,822 [INFO] IPUIPlugin:80 - create IPUIPlugin
2023-12-09 08:52:48,822 [INFO] PluginManager:220 - loadIPPluginJar : add sai
2023-12-09 08:52:48,827 [INFO] IPUIPlugin:80 - create IPUIPlugin
2023-12-09 08:52:48,827 [INFO] PluginManager:220 - loadIPPluginJar : add spi
2023-12-09 08:52:48,836 [INFO] IPUIPlugin:80 - create IPUIPlugin
2023-12-09 08:52:48,836 [INFO] PluginManager:220 - loadIPPluginJar : add stm32_wpan
2023-12-09 08:52:48,839 [INFO] IPUIPlugin:80 - create IPUIPlugin
2023-12-09 08:52:48,839 [INFO] PluginManager:220 - loadIPPluginJar : add tim
2023-12-09 08:52:48,846 [INFO] IPUIPlugin:80 - create IPUIPlugin
2023-12-09 08:52:48,847 [INFO] PluginManager:220 - loadIPPluginJar : add touchsensing
2023-12-09 08:52:48,850 [INFO] IPUIPlugin:80 - create IPUIPlugin
2023-12-09 08:52:48,851 [INFO] PluginManager:220 - loadIPPluginJar : add tracer_emb
2023-12-09 08:52:48,855 [INFO] IPUIPlugin:80 - create IPUIPlugin
2023-12-09 08:52:48,855 [INFO] PluginManager:220 - loadIPPluginJar : add ts
2023-12-09 08:52:48,859 [INFO] IPUIPlugin:80 - create IPUIPlugin
2023-12-09 08:52:48,859 [INFO] PluginManager:220 - loadIPPluginJar : add tsc
2023-12-09 08:52:48,863 [INFO] IPUIPlugin:80 - create IPUIPlugin
2023-12-09 08:52:48,864 [INFO] PluginManager:220 - loadIPPluginJar : add ucpd
2023-12-09 08:52:48,868 [INFO] IPUIPlugin:80 - create IPUIPlugin
2023-12-09 08:52:48,868 [INFO] PluginManager:220 - loadIPPluginJar : add usart
2023-12-09 08:52:48,873 [INFO] IPUIPlugin:80 - create IPUIPlugin
2023-12-09 08:52:48,873 [INFO] PluginManager:220 - loadIPPluginJar : add usbx
2023-12-09 08:52:49,034 [INFO] CADModel:165 - CPN selected for project level
2023-12-09 08:52:49,035 [INFO] CADModel:114 - Register for checkConnection events
2023-12-09 08:52:49,035 [FATAL] Updater:308 - Updater called before beeing initialized
2023-12-09 08:52:49,035 [ERROR] CADModel:125 - Updater not yet initialized, retry later 
2023-12-09 08:52:49,303 [INFO] CADModel:165 - CPN selected for project level
2023-12-09 08:52:49,304 [INFO] CADModel:114 - Register for checkConnection events
2023-12-09 08:52:49,304 [FATAL] Updater:308 - Updater called before beeing initialized
2023-12-09 08:52:49,304 [ERROR] CADModel:125 - Updater not yet initialized, retry later 
2023-12-09 08:52:49,308 [FATAL] Updater:308 - Updater called before beeing initialized
2023-12-09 08:52:49,511 [FATAL] Updater:308 - Updater called before beeing initialized
2023-12-09 08:52:49,716 [INFO] DbMcusAds:53 - JSON generation date=Wed Nov 29 17:52:38 ICT 2023 (1701255158764)
2023-12-09 08:52:49,717 [FATAL] Updater:308 - Updater called before beeing initialized
2023-12-09 08:52:49,800 [WARN] DetailPanel:346 - Failed to get advertising image, set to default
2023-12-09 08:52:49,964 [FATAL] Updater:308 - Updater called before beeing initialized
2023-12-09 08:52:49,969 [FATAL] Updater:308 - Updater called before beeing initialized
2023-12-09 08:52:49,970 [FATAL] Updater:308 - Updater called before beeing initialized
2023-12-09 08:52:49,970 [WARN] DetailPanel:346 - Failed to get advertising image, set to default
2023-12-09 08:52:49,971 [FATAL] Updater:308 - Updater called before beeing initialized
2023-12-09 08:52:50,040 [INFO] ThirdPartyUpdaterWithRetryManager:70 - Updater plugin not ready yet. [2/15]
2023-12-09 08:52:50,062 [ERROR] Updater:1120 - MainUpdater not yet initialized. External WinMGr cannot be set.
2023-12-09 08:52:50,070 [INFO] Updater:1056 - Updater Version found : 6.10.0
2023-12-09 08:52:50,150 [INFO] ApplicationProperties:184 - Using Application install path: C:\ST\STM32CubeIDE_1.12.0\STM32CubeIDE\plugins\com.st.stm32cube.common.mx_6.10.0.202311202037
2023-12-09 08:52:53,043 [FATAL] Updater:308 - Updater called before beeing initialized
2023-12-09 08:52:53,044 [ERROR] IntegrityCheckThread:130 - Cannot retrieve database content from updater: error 21
2023-12-09 08:52:53,045 [INFO] ThirdParty:978 - Integrity check success = false
2023-12-09 08:52:53,045 [INFO] IntegrityCheckThread:100 - exiting critical section [integrity check]
2023-12-09 08:52:53,045 [INFO] IntegrityCheckThread:103 - End integrity checks thread
2023-12-09 08:52:53,873 [INFO] MainUpdater:2873 - connection check result : 10
2023-12-09 08:52:53,874 [INFO] MainUpdater:290 - Updater Check For Update Now.
2023-12-09 08:52:53,874 [INFO] MicroXplorer:498 - Change Database Version : DB.6.0.100
2023-12-09 08:52:53,884 [INFO] McuFinderGlobals:63 - Set McuFinder mode to 2 (CubeIDE integrated)
2023-12-09 08:52:54,094 [INFO] UserAuth:404 - Internet connection configuration mode: 1
2023-12-09 08:52:54,211 [INFO] JxBrowserEngine:152 - Initiate JxBrowser Engine with user profile folder
2023-12-09 08:52:54,392 [INFO] CheckServerUpdateThread:120 - End of CheckServer Thread
2023-12-09 08:53:04,268 [INFO] WebApp:161 - Instantiating new browser for Auth
2023-12-09 08:53:07,580 [INFO] WebApp:780 - Register for checkConnection events
2023-12-09 08:53:07,580 [INFO] WebApp:414 - Apply proxy settings
2023-12-09 08:53:07,581 [INFO] WebApp:499 - Chromium requires no authentication
2023-12-09 08:53:07,613 [INFO] WebApp:442 - Direct internet connection detected
2023-12-09 08:53:09,470 [INFO] WebApp:192 - Starting web application
2023-12-09 08:53:09,471 [INFO] WebApp:544 - Web application path used C:\ST\STM32CubeIDE_1.12.0\STM32CubeIDE\plugins\com.st.stm32cube.common.mx_6.10.0.202311202037\db\plugins\mcufinder\reactClient1\index.html
2023-12-09 15:55:13,503 [INFO] Activator:176 - 


2023-12-09 15:55:13,506 [INFO] Activator:177 - !SESSION log4j initialized
2023-12-09 15:55:22,607 [ERROR] LogOutputStream:75 - [STDERR_REDIRECT] ?.?. 09, 2023 3:55:22 ??????? org.glassfish.grizzly.http.server.NetworkListener start
2023-12-09 15:55:22,608 [ERROR] LogOutputStream:75 - [STDERR_REDIRECT] INFO: Started listener bound to [localhost:1593]
2023-12-09 15:55:22,619 [ERROR] LogOutputStream:75 - [STDERR_REDIRECT] 
2023-12-09 15:55:22,624 [ERROR] LogOutputStream:75 - [STDERR_REDIRECT] ?.?. 09, 2023 3:55:22 ??????? org.glassfish.grizzly.http.server.HttpServer start
2023-12-09 15:55:22,626 [ERROR] LogOutputStream:75 - [STDERR_REDIRECT] INFO: [HttpServer] Started.
2023-12-09 15:55:22,626 [ERROR] LogOutputStream:75 - [STDERR_REDIRECT] 
2023-12-09 15:55:24,125 [INFO] LogOutputStream:77 - [STDOUT_REDIRECT] 
2023-12-09 15:55:25,007 [INFO] ApplicationProperties:184 - Using Application install path: C:\ST\STM32CubeIDE_1.12.0\STM32CubeIDE\plugins\com.st.stm32cube.common.mx_6.10.0.202311202037
2023-12-09 15:55:25,032 [INFO] DbMcusXml:78 - Set database path to: C:\ST\STM32CubeIDE_1.12.0\STM32CubeIDE\plugins\com.st.stm32cube.common.mx_6.10.0.202311202037\\db\/mcu/
2023-12-09 15:55:25,032 [INFO] ApiDb:274 - Set plugin database path to: C:\ST\STM32CubeIDE_1.12.0\STM32CubeIDE\plugins\com.st.stm32cube.common.mx_6.10.0.202311202037\\db\/plugins/boardmanager/
2023-12-09 15:55:25,032 [WARN] ApiDb:259 - Overriding images path with different value:  => C:\ST\STM32CubeIDE_1.12.0\STM32CubeIDE\plugins\com.st.stm32cube.common.mx_6.10.0.202311202037\\db\/plugins/mcufinder/images/
2023-12-09 15:55:25,047 [INFO] ApiDb:250 - Set database path to: C:\Users\user\.stmcufinder\plugins\mcufinder//mcu/
2023-12-09 15:55:25,048 [INFO] DbMcusAds:125 - Set database path to: C:\Users\user\.stmcufinder\plugins\mcufinder//mcu/
2023-12-09 15:55:25,050 [INFO] CrossReferenceDbSqlite:203 - Set database path to: C:\Users\user\.stmcufinder\plugins\mcufinder//mcu/cs/
2023-12-09 15:55:25,214 [INFO] RulesReader:64 - Compatibility file has been processed (297 Rules)
2023-12-09 15:55:25,283 [INFO] DbMcusXml:78 - Set database path to: C:\ST\STM32CubeIDE_1.12.0\STM32CubeIDE\plugins\com.st.stm32cube.common.mx_6.10.0.202311202037\\db\/mcu/
2023-12-09 15:55:25,283 [INFO] ApiDb:274 - Set plugin database path to: C:\ST\STM32CubeIDE_1.12.0\STM32CubeIDE\plugins\com.st.stm32cube.common.mx_6.10.0.202311202037\\db\/plugins/boardmanager/
2023-12-09 15:55:25,283 [INFO] ApiDb:261 - Set plugin images path to: C:\ST\STM32CubeIDE_1.12.0\STM32CubeIDE\plugins\com.st.stm32cube.common.mx_6.10.0.202311202037\\db\/plugins/mcufinder/images/
2023-12-09 15:55:25,284 [WARN] DbFile:41 - Overriding database path with different value: C:\Users\user\.stmcufinder\plugins\mcufinder/ => C:\Users\user\.stmcufinder\plugins\mcufinder
2023-12-09 15:55:25,284 [INFO] ApiDb:250 - Set database path to: C:\Users\user\.stmcufinder\plugins\mcufinder//mcu/
2023-12-09 15:55:25,284 [WARN] DbFile:41 - Overriding database path with different value: C:\Users\user\.stmcufinder\plugins\mcufinder/ => C:\Users\user\.stmcufinder\plugins\mcufinder
2023-12-09 15:55:25,284 [INFO] DbMcusAds:125 - Set database path to: C:\Users\user\.stmcufinder\plugins\mcufinder//mcu/
2023-12-09 15:55:25,284 [WARN] DbFile:41 - Overriding database path with different value: C:\Users\user\.stmcufinder\plugins\mcufinder/ => C:\Users\user\.stmcufinder\plugins\mcufinder
2023-12-09 15:55:25,284 [WARN] DbFile:41 - Overriding database path with different value: C:\Users\user\.stmcufinder\plugins\mcufinder/ => C:\Users\user\.stmcufinder\plugins\mcufinder
2023-12-09 15:55:25,284 [INFO] CrossReferenceDbSqlite:203 - Set database path to: C:\Users\user\.stmcufinder\plugins\mcufinder//mcu/cs/
2023-12-09 15:55:25,362 [INFO] MainPanel:264 - HeapMemory: 268435456
2023-12-09 15:55:25,460 [INFO] DbMcusXml:78 - Set database path to: C:\ST\STM32CubeIDE_1.12.0\STM32CubeIDE\plugins\com.st.stm32cube.common.mx_6.10.0.202311202037\\db\/mcu/
2023-12-09 15:55:25,460 [INFO] ApiDb:274 - Set plugin database path to: C:\ST\STM32CubeIDE_1.12.0\STM32CubeIDE\plugins\com.st.stm32cube.common.mx_6.10.0.202311202037\\db\/plugins/boardmanager/
2023-12-09 15:55:25,460 [INFO] ApiDb:261 - Set plugin images path to: C:\ST\STM32CubeIDE_1.12.0\STM32CubeIDE\plugins\com.st.stm32cube.common.mx_6.10.0.202311202037\\db\/plugins/mcufinder/images/
2023-12-09 15:55:25,460 [WARN] DbFile:41 - Overriding database path with different value: C:\Users\user\.stmcufinder\plugins\mcufinder/ => C:\Users\user\.stmcufinder\plugins\mcufinder
2023-12-09 15:55:25,460 [INFO] ApiDb:250 - Set database path to: C:\Users\user\.stmcufinder\plugins\mcufinder//mcu/
2023-12-09 15:55:25,460 [WARN] DbFile:41 - Overriding database path with different value: C:\Users\user\.stmcufinder\plugins\mcufinder/ => C:\Users\user\.stmcufinder\plugins\mcufinder
2023-12-09 15:55:25,460 [INFO] DbMcusAds:125 - Set database path to: C:\Users\user\.stmcufinder\plugins\mcufinder//mcu/
2023-12-09 15:55:25,460 [WARN] DbFile:41 - Overriding database path with different value: C:\Users\user\.stmcufinder\plugins\mcufinder/ => C:\Users\user\.stmcufinder\plugins\mcufinder
2023-12-09 15:55:25,460 [WARN] DbFile:41 - Overriding database path with different value: C:\Users\user\.stmcufinder\plugins\mcufinder/ => C:\Users\user\.stmcufinder\plugins\mcufinder
2023-12-09 15:55:25,461 [INFO] CrossReferenceDbSqlite:203 - Set database path to: C:\Users\user\.stmcufinder\plugins\mcufinder//mcu/cs/
2023-12-09 15:55:25,478 [INFO] ApplicationProperties:184 - Using Application install path: C:\ST\STM32CubeIDE_1.12.0\STM32CubeIDE\plugins\com.st.stm32cube.common.mx_6.10.0.202311202037
2023-12-09 15:55:25,479 [INFO] PluginManage:196 - Search for loadable plugins [exclusion list=, ]
2023-12-09 15:55:25,480 [INFO] PluginManage:310 - Check plugin analytics
2023-12-09 15:55:25,673 [INFO] AnalyticsPlugin:253 - Accepted Software Licenses: STM32CubeMX.6.8.0,STM32CubeMX.6.8.1,STM32CubeMX.6.5.0,STM32CubeMX.6.9.1,STM32CubeMX.6.9.2
2023-12-09 15:55:25,675 [INFO] AnalyticsPlugin:255 - Accepted CMSIS Pack Licenses: emotas.I-CUBE-CANOPEN.1.1.3,STMicroelectronics.X-CUBE-TOUCHGFX.4.21.0,STMicroelectronics.X-CUBE-TOUCHGFX.4.21.1,STMicroelectronics.X-CUBE-TOUCHGFX.4.18.0,STMicroelectronics.X-CUBE-TOUCHGFX.4.22.1,STMicroelectronics.X-CUBE-AZRTOS-H7.3.1.0,STMicroelectronics.X-CUBE-AZRTOS-H7.3.2.0,ITTIA_DB.I-CUBE-ITTIADB.8.8.0
2023-12-09 15:55:25,675 [INFO] AnalyticsPlugin:257 - Accepted Firmware Licenses: FW.H7.1.11.0,FW.G0.1.6.0,FW.F4.1.27.0
2023-12-09 15:55:25,678 [INFO] PluginManage:359 - Loaded plugin analytics (category:tool,tabindex:-1)
2023-12-09 15:55:25,678 [INFO] PluginManage:310 - Check plugin cadmodel
2023-12-09 15:55:25,686 [INFO] CADModel:105 - Init CAD model plugin
2023-12-09 15:55:25,686 [INFO] PluginManage:359 - Loaded plugin cadmodel (category:power,tabindex:5)
2023-12-09 15:55:25,687 [INFO] PluginManage:310 - Check plugin clock
2023-12-09 15:55:25,700 [INFO] PluginManage:359 - Loaded plugin clock (category:base,tabindex:2)
2023-12-09 15:55:25,700 [INFO] PluginManage:310 - Check plugin ddr
2023-12-09 15:55:25,704 [INFO] PluginManage:359 - Loaded plugin ddr (category:tool,tabindex:6)
2023-12-09 15:55:25,704 [INFO] PluginManage:310 - Check plugin filemanager
2023-12-09 15:55:25,979 [INFO] PluginManage:359 - Loaded plugin filemanager (category:base,tabindex:10)
2023-12-09 15:55:25,979 [INFO] PluginManage:310 - Check plugin ipmanager
2023-12-09 15:55:25,985 [INFO] PluginManage:359 - Loaded plugin ipmanager (category:base,tabindex:5)
2023-12-09 15:55:25,985 [INFO] PluginManage:310 - Check plugin lpbam
2023-12-09 15:55:25,995 [INFO] PluginManage:359 - Loaded plugin lpbam (category:base,tabindex:0)
2023-12-09 15:55:25,995 [INFO] PluginManage:310 - Check plugin memorymap
2023-12-09 15:55:26,013 [INFO] PluginManage:359 - Loaded plugin memorymap (category:base,tabindex:4)
2023-12-09 15:55:26,013 [INFO] PluginManage:310 - Check plugin pinoutandconfiguration
2023-12-09 15:55:26,024 [INFO] PluginManage:359 - Loaded plugin pinoutandconfiguration (category:base,tabindex:1)
2023-12-09 15:55:26,024 [INFO] PluginManage:310 - Check plugin pinoutconfig
2023-12-09 15:55:26,145 [WARN] SupportedApi:132 - Cannot load RTOS API schema: s4s-elt-must-match.1: The content of 'definitions' must match (annotation?, (simpleType | complexType)?, (unique | key | keyref)*)). A problem was found starting at: attribute.
2023-12-09 15:55:26,292 [INFO] PluginManage:359 - Loaded plugin pinoutconfig (category:base,tabindex:0)
2023-12-09 15:55:26,292 [INFO] PluginManage:310 - Check plugin power
2023-12-09 15:55:26,304 [INFO] PluginManage:359 - Loaded plugin power (category:power,tabindex:4)
2023-12-09 15:55:26,304 [INFO] PluginManage:310 - Check plugin projectmanager
2023-12-09 15:55:26,323 [INFO] PluginManage:359 - Loaded plugin projectmanager (category:projectmanager,tabindex:3)
2023-12-09 15:55:26,323 [INFO] PluginManage:310 - Check plugin thirdparty
2023-12-09 15:55:26,497 [INFO] PluginManage:359 - Loaded plugin thirdparty (category:base,tabindex:-1)
2023-12-09 15:55:26,498 [INFO] PluginManage:310 - Check plugin tools
2023-12-09 15:55:26,499 [WARN] IntegrityCheckThread:84 - waiting for thirdparty lock release [integrity check]
2023-12-09 15:55:26,502 [INFO] PluginManage:359 - Loaded plugin tools (category:base,tabindex:7)
2023-12-09 15:55:26,502 [INFO] PluginManage:310 - Check plugin tutovideos
2023-12-09 15:55:26,503 [INFO] IntegrityCheckThread:86 - entering critical section [integrity check]
2023-12-09 15:55:26,503 [INFO] ThirdPartyUpdaterWithRetryManager:70 - Updater plugin not ready yet. [1/15]
2023-12-09 15:55:26,675 [INFO] PluginManage:359 - Loaded plugin tutovideos (category:base,tabindex:-1)
2023-12-09 15:55:26,675 [INFO] PluginManage:310 - Check plugin updater
2023-12-09 15:55:26,689 [INFO] PluginManage:359 - Loaded plugin updater (category:base,tabindex:12)
2023-12-09 15:55:26,689 [INFO] PluginManage:310 - Check plugin userauth
2023-12-09 15:55:26,694 [INFO] UserAuth:114 - Init User Auth plugin
2023-12-09 15:55:26,694 [INFO] PluginManage:359 - Loaded plugin userauth (category:base,tabindex:14)
2023-12-09 15:55:26,695 [INFO] PluginManage:283 - PluginManage : Loaded plugins [17]
2023-12-09 15:55:26,933 [INFO] PinOutPanel:1499 - setPackage(No Configuration,No Configuration)
2023-12-09 15:55:27,065 [INFO] CADModel:165 - CPN selected for project level
2023-12-09 15:55:27,065 [INFO] CADModel:114 - Register for checkConnection events
2023-12-09 15:55:27,099 [INFO] IPUIPlugin:80 - create IPUIPlugin
2023-12-09 15:55:27,099 [INFO] PluginManager:220 - loadIPPluginJar : add adc
2023-12-09 15:55:27,102 [INFO] IPUIPlugin:80 - create IPUIPlugin
2023-12-09 15:55:27,102 [INFO] PluginManager:220 - loadIPPluginJar : add aes
2023-12-09 15:55:27,116 [INFO] IPUIPlugin:80 - create IPUIPlugin
2023-12-09 15:55:27,117 [INFO] PluginManager:220 - loadIPPluginJar : add can
2023-12-09 15:55:27,119 [INFO] IPUIPlugin:80 - create IPUIPlugin
2023-12-09 15:55:27,120 [INFO] PluginManager:220 - loadIPPluginJar : add comp
2023-12-09 15:55:27,122 [INFO] IPUIPlugin:80 - create IPUIPlugin
2023-12-09 15:55:27,122 [INFO] PluginManager:220 - loadIPPluginJar : add cryp
2023-12-09 15:55:27,124 [INFO] IPUIPlugin:80 - create IPUIPlugin
2023-12-09 15:55:27,124 [INFO] PluginManager:220 - loadIPPluginJar : add dfsdm
2023-12-09 15:55:27,131 [INFO] IPUIPlugin:80 - create IPUIPlugin
2023-12-09 15:55:27,131 [INFO] PluginManager:220 - loadIPPluginJar : add dma
2023-12-09 15:55:27,134 [INFO] IPUIPlugin:80 - create IPUIPlugin
2023-12-09 15:55:27,134 [INFO] PluginManager:220 - loadIPPluginJar : add dma3
2023-12-09 15:55:27,144 [INFO] IPUIPlugin:80 - create IPUIPlugin
2023-12-09 15:55:27,144 [INFO] PluginManager:220 - loadIPPluginJar : add fatfs
2023-12-09 15:55:27,161 [INFO] IPUIPlugin:80 - create IPUIPlugin
2023-12-09 15:55:27,161 [INFO] PluginManager:220 - loadIPPluginJar : add fmc
2023-12-09 15:55:27,167 [INFO] IPUIPlugin:80 - create IPUIPlugin
2023-12-09 15:55:27,167 [INFO] PluginManager:220 - loadIPPluginJar : add freertos
2023-12-09 15:55:27,168 [INFO] IPUIPlugin:80 - create IPUIPlugin
2023-12-09 15:55:27,170 [INFO] PluginManager:220 - loadIPPluginJar : add genericplugin
2023-12-09 15:55:27,173 [INFO] IPUIPlugin:80 - create IPUIPlugin
2023-12-09 15:55:27,173 [INFO] PluginManager:220 - loadIPPluginJar : add gfxmmu
2023-12-09 15:55:27,179 [INFO] IPUIPlugin:80 - create IPUIPlugin
2023-12-09 15:55:27,179 [INFO] PluginManager:220 - loadIPPluginJar : add gic
2023-12-09 15:55:27,182 [INFO] IPUIPlugin:80 - create IPUIPlugin
2023-12-09 15:55:27,183 [INFO] PluginManager:220 - loadIPPluginJar : add gpio
2023-12-09 15:55:27,200 [INFO] IPUIPlugin:80 - create IPUIPlugin
2023-12-09 15:55:27,202 [INFO] PluginManager:220 - loadIPPluginJar : add gtzc
2023-12-09 15:55:27,207 [INFO] IPUIPlugin:80 - create IPUIPlugin
2023-12-09 15:55:27,207 [INFO] PluginManager:220 - loadIPPluginJar : add hash
2023-12-09 15:55:27,210 [INFO] IPUIPlugin:80 - create IPUIPlugin
2023-12-09 15:55:27,210 [INFO] PluginManager:220 - loadIPPluginJar : add i2c
2023-12-09 15:55:27,212 [INFO] IPUIPlugin:80 - create IPUIPlugin
2023-12-09 15:55:27,213 [INFO] PluginManager:220 - loadIPPluginJar : add i2s
2023-12-09 15:55:27,216 [INFO] IPUIPlugin:80 - create IPUIPlugin
2023-12-09 15:55:27,216 [INFO] PluginManager:220 - loadIPPluginJar : add i3c
2023-12-09 15:55:27,220 [INFO] IPUIPlugin:80 - create IPUIPlugin
2023-12-09 15:55:27,220 [INFO] PluginManager:220 - loadIPPluginJar : add ipddr
2023-12-09 15:55:27,229 [INFO] IPUIPlugin:80 - create IPUIPlugin
2023-12-09 15:55:27,229 [INFO] PluginManager:220 - loadIPPluginJar : add linkedlist
2023-12-09 15:55:27,232 [INFO] IPUIPlugin:80 - create IPUIPlugin
2023-12-09 15:55:27,232 [INFO] PluginManager:220 - loadIPPluginJar : add lorawan
2023-12-09 15:55:27,235 [INFO] IPUIPlugin:80 - create IPUIPlugin
2023-12-09 15:55:27,235 [INFO] PluginManager:220 - loadIPPluginJar : add ltdc
2023-12-09 15:55:27,242 [INFO] IPUIPlugin:80 - create IPUIPlugin
2023-12-09 15:55:27,243 [INFO] PluginManager:220 - loadIPPluginJar : add mdma
2023-12-09 15:55:27,249 [INFO] IPUIPlugin:80 - create IPUIPlugin
2023-12-09 15:55:27,249 [INFO] PluginManager:220 - loadIPPluginJar : add nvic
2023-12-09 15:55:27,253 [INFO] IPUIPlugin:80 - create IPUIPlugin
2023-12-09 15:55:27,254 [INFO] PluginManager:220 - loadIPPluginJar : add opamp
2023-12-09 15:55:27,257 [INFO] IPUIPlugin:80 - create IPUIPlugin
2023-12-09 15:55:27,257 [INFO] PluginManager:220 - loadIPPluginJar : add openamp
2023-12-09 15:55:27,262 [INFO] IPUIPlugin:80 - create IPUIPlugin
2023-12-09 15:55:27,262 [INFO] PluginManager:220 - loadIPPluginJar : add pdm2pcm
2023-12-09 15:55:27,269 [INFO] IPUIPlugin:80 - create IPUIPlugin
2023-12-09 15:55:27,271 [INFO] PluginManager:220 - loadIPPluginJar : add plateformsettings
2023-12-09 15:55:27,274 [INFO] IPUIPlugin:80 - create IPUIPlugin
2023-12-09 15:55:27,274 [INFO] PluginManager:220 - loadIPPluginJar : add quadspi
2023-12-09 15:55:27,279 [INFO] IPUIPlugin:80 - create IPUIPlugin
2023-12-09 15:55:27,279 [INFO] PluginManager:220 - loadIPPluginJar : add resmgrutility
2023-12-09 15:55:27,283 [INFO] IPUIPlugin:80 - create IPUIPlugin
2023-12-09 15:55:27,283 [INFO] PluginManager:220 - loadIPPluginJar : add sai
2023-12-09 15:55:27,302 [INFO] IPUIPlugin:80 - create IPUIPlugin
2023-12-09 15:55:27,302 [INFO] PluginManager:220 - loadIPPluginJar : add spi
2023-12-09 15:55:27,307 [INFO] IPUIPlugin:80 - create IPUIPlugin
2023-12-09 15:55:27,309 [INFO] PluginManager:220 - loadIPPluginJar : add stm32_wpan
2023-12-09 15:55:27,311 [INFO] IPUIPlugin:80 - create IPUIPlugin
2023-12-09 15:55:27,311 [INFO] PluginManager:220 - loadIPPluginJar : add tim
2023-12-09 15:55:27,315 [INFO] IPUIPlugin:80 - create IPUIPlugin
2023-12-09 15:55:27,315 [INFO] PluginManager:220 - loadIPPluginJar : add touchsensing
2023-12-09 15:55:27,317 [INFO] IPUIPlugin:80 - create IPUIPlugin
2023-12-09 15:55:27,317 [INFO] PluginManager:220 - loadIPPluginJar : add tracer_emb
2023-12-09 15:55:27,320 [INFO] IPUIPlugin:80 - create IPUIPlugin
2023-12-09 15:55:27,320 [INFO] PluginManager:220 - loadIPPluginJar : add ts
2023-12-09 15:55:27,321 [INFO] IPUIPlugin:80 - create IPUIPlugin
2023-12-09 15:55:27,321 [INFO] PluginManager:220 - loadIPPluginJar : add tsc
2023-12-09 15:55:27,324 [INFO] IPUIPlugin:80 - create IPUIPlugin
2023-12-09 15:55:27,324 [INFO] PluginManager:220 - loadIPPluginJar : add ucpd
2023-12-09 15:55:27,326 [INFO] IPUIPlugin:80 - create IPUIPlugin
2023-12-09 15:55:27,326 [INFO] PluginManager:220 - loadIPPluginJar : add usart
2023-12-09 15:55:27,330 [INFO] IPUIPlugin:80 - create IPUIPlugin
2023-12-09 15:55:27,330 [INFO] PluginManager:220 - loadIPPluginJar : add usbx
2023-12-09 15:55:27,474 [INFO] CADModel:165 - CPN selected for project level
2023-12-09 15:55:27,474 [INFO] CADModel:114 - Register for checkConnection events
2023-12-09 15:55:27,474 [FATAL] Updater:308 - Updater called before beeing initialized
2023-12-09 15:55:27,474 [ERROR] CADModel:125 - Updater not yet initialized, retry later 
2023-12-09 15:55:27,612 [INFO] CADModel:165 - CPN selected for project level
2023-12-09 15:55:27,612 [INFO] CADModel:114 - Register for checkConnection events
2023-12-09 15:55:27,612 [FATAL] Updater:308 - Updater called before beeing initialized
2023-12-09 15:55:27,612 [ERROR] CADModel:125 - Updater not yet initialized, retry later 
2023-12-09 15:55:27,615 [FATAL] Updater:308 - Updater called before beeing initialized
2023-12-09 15:55:27,732 [FATAL] Updater:308 - Updater called before beeing initialized
2023-12-09 15:55:27,741 [INFO] DbMcusAds:53 - JSON generation date=Wed Nov 29 17:52:38 ICT 2023 (1701255158764)
2023-12-09 15:55:27,741 [FATAL] Updater:308 - Updater called before beeing initialized
2023-12-09 15:55:27,778 [WARN] DetailPanel:346 - Failed to get advertising image, set to default
2023-12-09 15:55:27,847 [FATAL] Updater:308 - Updater called before beeing initialized
2023-12-09 15:55:27,848 [FATAL] Updater:308 - Updater called before beeing initialized
2023-12-09 15:55:27,848 [FATAL] Updater:308 - Updater called before beeing initialized
2023-12-09 15:55:27,849 [WARN] DetailPanel:346 - Failed to get advertising image, set to default
2023-12-09 15:55:27,849 [FATAL] Updater:308 - Updater called before beeing initialized
2023-12-09 15:55:27,900 [ERROR] Updater:1120 - MainUpdater not yet initialized. External WinMGr cannot be set.
2023-12-09 15:55:27,903 [INFO] Updater:1056 - Updater Version found : 6.10.0
2023-12-09 15:55:27,929 [INFO] ApplicationProperties:184 - Using Application install path: C:\ST\STM32CubeIDE_1.12.0\STM32CubeIDE\plugins\com.st.stm32cube.common.mx_6.10.0.202311202037
2023-12-09 15:55:28,277 [INFO] MainUpdater:526 - Copy updater definitions from MX database
2023-12-09 15:55:29,274 [INFO] MainUpdater:2873 - connection check result : 10
2023-12-09 15:55:29,274 [INFO] MainUpdater:3567 - Updater definition file requires update
2023-12-09 15:55:29,275 [INFO] MainUpdater:290 - Updater Check For Update Now.
2023-12-09 15:55:29,275 [INFO] MicroXplorer:498 - Change Database Version : DB.6.0.100
2023-12-09 15:55:29,283 [INFO] McuFinderGlobals:63 - Set McuFinder mode to 2 (CubeIDE integrated)
2023-12-09 15:55:29,295 [INFO] UserAuth:404 - Internet connection configuration mode: 1
2023-12-09 15:55:29,319 [INFO] JxBrowserEngine:152 - Initiate JxBrowser Engine with user profile folder
2023-12-09 15:55:29,341 [INFO] ServerAccessManage:473 - Download File updaters.zip
2023-12-09 15:55:29,444 [INFO] FileExtend:240 - Unzip File : updaters.zip
2023-12-09 15:55:29,444 [INFO] FileExtend:255 - Standard Zip Deflate
2023-12-09 15:55:29,539 [WARN] MainUpdater:1194 - Updater busy. Cannot search thirdparties
2023-12-09 15:55:29,542 [INFO] ThirdPartyUpdaterWithRetryManager:96 - Updater plugin is busy. [1/15]
2023-12-09 15:55:29,984 [INFO] ServerAccessManage:473 - Download File PacksControlFlags.xml
2023-12-09 15:55:30,080 [INFO] ServerAccessManage:473 - Download File cubemx.pidx
2023-12-09 15:55:30,209 [INFO] LoadServerUpdatesThread:375 - End of LoadServerUpdate Thread
2023-12-09 15:55:30,537 [INFO] CheckServerUpdateThread:120 - End of CheckServer Thread
2023-12-09 15:55:33,035 [WARN] PackLoader:240 - Cannot read IP mode file for STMicroelectronics.X-CUBE-SMBUS.2.1.0
2023-12-09 15:55:33,119 [WARN] PackLoader:240 - Cannot read IP mode file for STMicroelectronics.X-CUBE-AZRTOS-F7.1.1.0
2023-12-09 15:55:33,162 [WARN] PackLoader:240 - Cannot read IP mode file for STMicroelectronics.FP-SNS-MOTENV1.4.3.2
2023-12-09 15:55:33,188 [WARN] PackLoader:240 - Cannot read IP mode file for STMicroelectronics.FP-SNS-FLIGHT1.5.0.2
2023-12-09 15:55:33,219 [WARN] PackLoader:240 - Cannot read IP mode file for STMicroelectronics.X-CUBE-DISPLAY.3.0.0
2023-12-09 15:55:33,509 [WARN] PackLoader:240 - Cannot read IP mode file for STMicroelectronics.X-CUBE-BLE1.7.0.0
2023-12-09 15:55:33,550 [WARN] PackLoader:240 - Cannot read IP mode file for emotas.I-CUBE-CANOPEN.1.3.0
2023-12-09 15:55:33,693 [WARN] PackLoader:240 - Cannot read IP mode file for STMicroelectronics.X-CUBE-TOUCHGFX.4.22.0
2023-12-09 15:55:33,827 [WARN] PackLoader:240 - Cannot read IP mode file for STMicroelectronics.X-CUBE-TOUCHGFX.4.22.1
2023-12-09 15:55:34,109 [WARN] PackLoader:240 - Cannot read IP mode file for STMicroelectronics.FP-SNS-SMARTAG2.1.2.0
2023-12-09 15:55:34,157 [INFO] LogOutputStream:77 - [STDOUT_REDIRECT] 1 : Invalid condition id : UX_CORESTACK_Condition cause : null
2023-12-09 15:55:34,159 [INFO] LogOutputStream:77 - [STDOUT_REDIRECT] 1 : Invalid condition id : UX_CORESTACK_Condition cause : null
2023-12-09 15:55:34,160 [INFO] LogOutputStream:77 - [STDOUT_REDIRECT] 1 : Invalid condition id : UX_CORESTACK_Condition cause : null
2023-12-09 15:55:34,161 [INFO] LogOutputStream:77 - [STDOUT_REDIRECT] 1 : Invalid condition id : UX_CORESTACK_Condition cause : null
2023-12-09 15:55:34,162 [INFO] LogOutputStream:77 - [STDOUT_REDIRECT] 1 : Invalid condition id : UX_CORESTACK_Condition cause : null
2023-12-09 15:55:34,166 [WARN] PackLoader:240 - Cannot read IP mode file for STMicroelectronics.X-CUBE-AZRTOS-WL.2.0.0
2023-12-09 15:55:34,192 [WARN] PackLoader:240 - Cannot read IP mode file for WES.I-CUBE-Cesium.1.3.0
2023-12-09 15:55:34,217 [WARN] PackLoader:240 - Cannot read IP mode file for STMicroelectronics.X-CUBE-BLE2.3.3.0
2023-12-09 15:55:34,241 [WARN] PackLoader:240 - Cannot read IP mode file for STMicroelectronics.X-CUBE-TOUCHGFX.4.18.0
2023-12-09 15:55:34,406 [WARN] PackLoader:240 - Cannot read IP mode file for STMicroelectronics.X-CUBE-TOUCHGFX.4.21.1
2023-12-09 15:55:34,560 [WARN] PackLoader:240 - Cannot read IP mode file for STMicroelectronics.X-CUBE-TOUCHGFX.4.21.0
2023-12-09 15:55:34,753 [WARN] PackLoader:240 - Cannot read IP mode file for STMicroelectronics.X-CUBE-TOUCHGFX.4.21.4
2023-12-09 15:55:34,822 [WARN] PackLoader:240 - Cannot read IP mode file for STMicroelectronics.X-CUBE-ALGOBUILD.1.3.0
2023-12-09 15:55:34,879 [WARN] PackLoader:240 - Cannot read IP mode file for STMicroelectronics.X-CUBE-AZRTOS-G0.1.1.0
2023-12-09 15:55:34,900 [WARN] PackLoader:240 - Cannot read IP mode file for STMicroelectronics.X-CUBE-NFC4.3.0.0
2023-12-09 15:55:34,931 [WARN] PackLoader:240 - Cannot read IP mode file for STMicroelectronics.X-CUBE-BLEMGR.3.0.0
2023-12-09 15:55:34,961 [WARN] PackLoader:240 - Cannot read IP mode file for STMicroelectronics.FP-ATR-SIGFOX1.3.2.0
2023-12-09 15:55:34,987 [WARN] PackLoader:240 - Cannot read IP mode file for STMicroelectronics.X-CUBE-GNSS1.6.0.0
2023-12-09 15:55:35,061 [WARN] PackLoader:240 - Cannot read IP mode file for STMicroelectronics.X-CUBE-AZRTOS-F4.1.1.0
2023-12-09 15:55:35,081 [WARN] PackLoader:240 - Cannot read IP mode file for wolfSSL.I-CUBE-wolfSSL.5.6.4
2023-12-09 15:55:35,142 [WARN] PackLoader:240 - Cannot read IP mode file for STMicroelectronics.X-CUBE-AZRTOS-L5.2.0.0
2023-12-09 15:55:35,174 [WARN] PackLoader:240 - Cannot read IP mode file for STMicroelectronics.X-CUBE-EEPRMA1.4.2.0
2023-12-09 15:55:35,197 [WARN] PackLoader:240 - Cannot read IP mode file for ITTIA_DB.I-CUBE-ITTIADB.8.8.0
2023-12-09 15:55:35,280 [WARN] PackLoader:240 - Cannot read IP mode file for emotas.I-CUBE-CANOPEN.1.1.3
2023-12-09 15:55:35,602 [WARN] ConditionMgr:438 - getConditionDescription Invalid condition id : UX DEVICE CLASS RTOS Condition cause : null
2023-12-09 15:55:35,602 [WARN] ConditionMgr:438 - getConditionDescription Invalid condition id : UX DEVICE CLASS RTOS Condition cause : null
2023-12-09 15:55:35,605 [WARN] PackLoader:240 - Cannot read IP mode file for STMicroelectronics.X-CUBE-AZRTOS-H7.3.1.0
2023-12-09 15:55:35,606 [WARN] ConditionMgr:1039 - genDependencies : Invalid condition id : UX DEVICE CLASS RTOS Condition cause : null
2023-12-09 15:55:35,606 [WARN] ConditionMgr:1039 - genDependencies : Invalid condition id : UX DEVICE CLASS RTOS Condition cause : null
2023-12-09 15:55:35,607 [WARN] ConditionMgr:1039 - genDependencies : Invalid condition id : UX DEVICE CLASS RTOS Condition cause : null
2023-12-09 15:55:35,607 [WARN] ConditionMgr:1039 - genDependencies : Invalid condition id : UX DEVICE CLASS RTOS Condition cause : null
2023-12-09 15:55:35,607 [WARN] ConditionMgr:1039 - genDependencies : Invalid condition id : UX DEVICE CLASS RTOS Condition cause : null
2023-12-09 15:55:35,613 [WARN] ConditionMgr:438 - getConditionDescription Invalid condition id : UX DEVICE CLASS RTOS Condition cause : null
2023-12-09 15:55:35,614 [WARN] ConditionMgr:438 - getConditionDescription Invalid condition id : UX DEVICE CLASS RTOS Condition cause : null
2023-12-09 15:55:35,847 [WARN] PackLoader:240 - Cannot read IP mode file for STMicroelectronics.X-CUBE-NFC7.1.0.1
2023-12-09 15:55:35,869 [WARN] PackLoader:240 - Cannot read IP mode file for STMicroelectronics.X-CUBE-NFC6.3.0.0
2023-12-09 15:55:35,887 [WARN] PackLoader:240 - Cannot read IP mode file for STMicroelectronics.X-CUBE-AI.8.1.0
2023-12-09 15:55:35,924 [WARN] ConditionMgr:438 - getConditionDescription Invalid condition id : LAN8742 Phy interface Condition cause : null
2023-12-09 15:55:35,925 [WARN] PackLoader:240 - Cannot read IP mode file for STMicroelectronics.X-CUBE-AZRTOS-L4.2.0.0
2023-12-09 15:55:35,926 [WARN] ConditionMgr:1039 - genDependencies : Invalid condition id : LAN8742 Phy interface Condition cause : null
2023-12-09 15:55:35,927 [WARN] ConditionMgr:1039 - genDependencies : Invalid condition id : LAN8742 Phy interface Condition cause : null
2023-12-09 15:55:35,927 [WARN] ConditionMgr:1039 - genDependencies : Invalid condition id : LAN8742 Phy interface Condition cause : null
2023-12-09 15:55:35,946 [WARN] PackLoader:240 - Cannot read IP mode file for STMicroelectronics.X-CUBE-SFXS2LP1.4.0.0
2023-12-09 15:55:35,962 [WARN] PackLoader:240 - Cannot read IP mode file for STMicroelectronics.X-CUBE-ISPU.1.1.0
2023-12-09 15:55:35,988 [WARN] ConditionMgr:438 - getConditionDescription Invalid condition id : UX DEVICE CLASS RTOS Condition cause : null
2023-12-09 15:55:35,989 [WARN] ConditionMgr:438 - getConditionDescription Invalid condition id : UX DEVICE CLASS RTOS Condition cause : null
2023-12-09 15:55:35,990 [WARN] PackLoader:240 - Cannot read IP mode file for STMicroelectronics.X-CUBE-AZRTOS-WB.2.0.0
2023-12-09 15:55:35,990 [WARN] ConditionMgr:1039 - genDependencies : Invalid condition id : UX DEVICE CLASS RTOS Condition cause : null
2023-12-09 15:55:35,991 [WARN] ConditionMgr:1039 - genDependencies : Invalid condition id : UX DEVICE CLASS RTOS Condition cause : null
2023-12-09 15:55:35,991 [WARN] ConditionMgr:1039 - genDependencies : Invalid condition id : UX DEVICE CLASS RTOS Condition cause : null
2023-12-09 15:55:35,991 [WARN] ConditionMgr:1039 - genDependencies : Invalid condition id : UX DEVICE CLASS RTOS Condition cause : null
2023-12-09 15:55:35,991 [WARN] ConditionMgr:1039 - genDependencies : Invalid condition id : UX DEVICE CLASS RTOS Condition cause : null
2023-12-09 15:55:36,016 [WARN] PackLoader:240 - Cannot read IP mode file for STMicroelectronics.X-CUBE-SUBG2.5.0.0
2023-12-09 15:55:36,058 [WARN] PackLoader:240 - Cannot read IP mode file for STMicroelectronics.X-CUBE-TOF1.3.3.1
2023-12-09 15:55:36,429 [WARN] PackLoader:240 - Cannot read IP mode file for STMicroelectronics.X-CUBE-AZRTOS-G4.2.0.0
2023-12-09 15:55:36,459 [INFO] WebApp:161 - Instantiating new browser for Auth
2023-12-09 15:55:36,553 [WARN] PackLoader:240 - Cannot read IP mode file for STMicroelectronics.X-CUBE-TOF1.3.3.0
2023-12-09 15:55:36,820 [WARN] PackLoader:240 - Cannot read IP mode file for Infineon.AIROC-Wi-Fi-Bluetooth-STM32.1.5.1
2023-12-09 15:55:36,859 [WARN] PackLoader:240 - Cannot read IP mode file for STMicroelectronics.FP-SNS-MOTENVWB1.1.3.0
2023-12-09 15:55:36,894 [WARN] PackLoader:240 - Cannot read IP mode file for STMicroelectronics.FP-SNS-MOTENVWB1.1.3.1
2023-12-09 15:55:36,910 [WARN] PackLoader:240 - Cannot read IP mode file for STMicroelectronics.X-CUBE-ISPU.2.0.0
2023-12-09 15:55:37,082 [WARN] PackLoader:240 - Cannot read IP mode file for STMicroelectronics.X-CUBE-MEMS1.10.0.0
2023-12-09 15:55:37,953 [WARN] PackLoader:240 - Cannot read IP mode file for STMicroelectronics.X-CUBE-FREERTOS.1.1.0
2023-12-09 15:55:37,966 [WARN] PackLoader:240 - Cannot read IP mode file for portGmbH.I-Cube-SoM-uGOAL.1.1.0
2023-12-09 15:55:37,979 [WARN] PackLoader:240 - Cannot read IP mode file for STMicroelectronics.X-CUBE-ALS.1.0.1
2023-12-09 15:55:37,999 [WARN] PackLoader:240 - Cannot read IP mode file for STMicroelectronics.FP-ATR-ASTRA1.2.0.0
2023-12-09 15:55:38,029 [WARN] PackLoader:240 - Cannot read IP mode file for STMicroelectronics.X-CUBE-TOF1.3.4.0
2023-12-09 15:55:38,146 [WARN] PackLoader:240 - Cannot read IP mode file for STMicroelectronics.X-CUBE-AZRTOS-H7.3.2.0
2023-12-09 15:55:38,327 [INFO] ThirdParty:978 - Integrity check success = true
2023-12-09 15:55:38,327 [INFO] IntegrityCheckThread:100 - exiting critical section [integrity check]
2023-12-09 15:55:38,327 [INFO] IntegrityCheckThread:103 - End integrity checks thread
2023-12-09 15:55:38,474 [INFO] WebApp:780 - Register for checkConnection events
2023-12-09 15:55:38,475 [INFO] WebApp:414 - Apply proxy settings
2023-12-09 15:55:38,475 [INFO] WebApp:499 - Chromium requires no authentication
2023-12-09 15:55:38,483 [INFO] WebApp:442 - Direct internet connection detected
2023-12-09 15:55:38,691 [INFO] WebApp:192 - Starting web application
2023-12-09 15:55:38,691 [INFO] WebApp:544 - Web application path used C:\ST\STM32CubeIDE_1.12.0\STM32CubeIDE\plugins\com.st.stm32cube.common.mx_6.10.0.202311202037\db\plugins\mcufinder\reactClient1\index.html
2023-12-09 17:29:41,941 [ERROR] LogOutputStream:75 - [STDERR_REDIRECT] 
