2023-10-26 09:25:14,634 [ERROR] LogOutputStream:75 - [STDERR_REDIRECT] 
2023-10-26 10:39:13,016 [INFO] Activator:176 - 


2023-10-26 10:39:13,021 [INFO] Activator:177 - !SESSION log4j initialized
2023-10-26 10:39:17,255 [INFO] LogOutputStream:77 - [STDOUT_REDIRECT] 
2023-10-26 10:39:21,568 [INFO] ApplicationProperties:184 - Using Application install path: C:\ST\STM32CubeIDE_1.12.0\STM32CubeIDE\plugins\com.st.stm32cube.common.mx_6.9.2.202309101412
2023-10-26 10:39:21,596 [INFO] DbMcusXml:78 - Set database path to: C:\ST\STM32CubeIDE_1.12.0\STM32CubeIDE\plugins\com.st.stm32cube.common.mx_6.9.2.202309101412\\db\/mcu/
2023-10-26 10:39:21,596 [INFO] ApiDb:274 - Set plugin database path to: C:\ST\STM32CubeIDE_1.12.0\STM32CubeIDE\plugins\com.st.stm32cube.common.mx_6.9.2.202309101412\\db\/plugins/boardmanager/
2023-10-26 10:39:21,596 [WARN] ApiDb:259 - Overriding images path with different value:  => C:\ST\STM32CubeIDE_1.12.0\STM32CubeIDE\plugins\com.st.stm32cube.common.mx_6.9.2.202309101412\\db\/plugins/mcufinder/images/
2023-10-26 10:39:21,626 [INFO] ApiDb:250 - Set database path to: C:\Users\user\.stmcufinder\plugins\mcufinder//mcu/
2023-10-26 10:39:21,627 [INFO] DbMcusAds:125 - Set database path to: C:\Users\user\.stmcufinder\plugins\mcufinder//mcu/
2023-10-26 10:39:21,629 [INFO] CrossReferenceDbSqlite:203 - Set database path to: C:\Users\user\.stmcufinder\plugins\mcufinder//mcu/cs/
2023-10-26 10:39:21,765 [INFO] RulesReader:64 - Compatibility file has been processed (293 Rules)
2023-10-26 10:39:21,882 [INFO] DbMcusXml:78 - Set database path to: C:\ST\STM32CubeIDE_1.12.0\STM32CubeIDE\plugins\com.st.stm32cube.common.mx_6.9.2.202309101412\\db\/mcu/
2023-10-26 10:39:21,882 [INFO] ApiDb:274 - Set plugin database path to: C:\ST\STM32CubeIDE_1.12.0\STM32CubeIDE\plugins\com.st.stm32cube.common.mx_6.9.2.202309101412\\db\/plugins/boardmanager/
2023-10-26 10:39:21,882 [INFO] ApiDb:261 - Set plugin images path to: C:\ST\STM32CubeIDE_1.12.0\STM32CubeIDE\plugins\com.st.stm32cube.common.mx_6.9.2.202309101412\\db\/plugins/mcufinder/images/
2023-10-26 10:39:21,883 [WARN] DbFile:41 - Overriding database path with different value: C:\Users\user\.stmcufinder\plugins\mcufinder/ => C:\Users\user\.stmcufinder\plugins\mcufinder
2023-10-26 10:39:21,883 [INFO] ApiDb:250 - Set database path to: C:\Users\user\.stmcufinder\plugins\mcufinder//mcu/
2023-10-26 10:39:21,883 [WARN] DbFile:41 - Overriding database path with different value: C:\Users\user\.stmcufinder\plugins\mcufinder/ => C:\Users\user\.stmcufinder\plugins\mcufinder
2023-10-26 10:39:21,883 [INFO] DbMcusAds:125 - Set database path to: C:\Users\user\.stmcufinder\plugins\mcufinder//mcu/
2023-10-26 10:39:21,883 [WARN] DbFile:41 - Overriding database path with different value: C:\Users\user\.stmcufinder\plugins\mcufinder/ => C:\Users\user\.stmcufinder\plugins\mcufinder
2023-10-26 10:39:21,883 [WARN] DbFile:41 - Overriding database path with different value: C:\Users\user\.stmcufinder\plugins\mcufinder/ => C:\Users\user\.stmcufinder\plugins\mcufinder
2023-10-26 10:39:21,883 [INFO] CrossReferenceDbSqlite:203 - Set database path to: C:\Users\user\.stmcufinder\plugins\mcufinder//mcu/cs/
2023-10-26 10:39:22,000 [INFO] MainPanel:262 - HeapMemory: 268435456
2023-10-26 10:39:22,139 [INFO] DbMcusXml:78 - Set database path to: C:\ST\STM32CubeIDE_1.12.0\STM32CubeIDE\plugins\com.st.stm32cube.common.mx_6.9.2.202309101412\\db\/mcu/
2023-10-26 10:39:22,140 [INFO] ApiDb:274 - Set plugin database path to: C:\ST\STM32CubeIDE_1.12.0\STM32CubeIDE\plugins\com.st.stm32cube.common.mx_6.9.2.202309101412\\db\/plugins/boardmanager/
2023-10-26 10:39:22,140 [INFO] ApiDb:261 - Set plugin images path to: C:\ST\STM32CubeIDE_1.12.0\STM32CubeIDE\plugins\com.st.stm32cube.common.mx_6.9.2.202309101412\\db\/plugins/mcufinder/images/
2023-10-26 10:39:22,141 [WARN] DbFile:41 - Overriding database path with different value: C:\Users\user\.stmcufinder\plugins\mcufinder/ => C:\Users\user\.stmcufinder\plugins\mcufinder
2023-10-26 10:39:22,141 [INFO] ApiDb:250 - Set database path to: C:\Users\user\.stmcufinder\plugins\mcufinder//mcu/
2023-10-26 10:39:22,142 [WARN] DbFile:41 - Overriding database path with different value: C:\Users\user\.stmcufinder\plugins\mcufinder/ => C:\Users\user\.stmcufinder\plugins\mcufinder
2023-10-26 10:39:22,142 [INFO] DbMcusAds:125 - Set database path to: C:\Users\user\.stmcufinder\plugins\mcufinder//mcu/
2023-10-26 10:39:22,142 [WARN] DbFile:41 - Overriding database path with different value: C:\Users\user\.stmcufinder\plugins\mcufinder/ => C:\Users\user\.stmcufinder\plugins\mcufinder
2023-10-26 10:39:22,142 [WARN] DbFile:41 - Overriding database path with different value: C:\Users\user\.stmcufinder\plugins\mcufinder/ => C:\Users\user\.stmcufinder\plugins\mcufinder
2023-10-26 10:39:22,143 [INFO] CrossReferenceDbSqlite:203 - Set database path to: C:\Users\user\.stmcufinder\plugins\mcufinder//mcu/cs/
2023-10-26 10:39:22,163 [INFO] ApplicationProperties:184 - Using Application install path: C:\ST\STM32CubeIDE_1.12.0\STM32CubeIDE\plugins\com.st.stm32cube.common.mx_6.9.2.202309101412
2023-10-26 10:39:22,164 [INFO] PluginManage:196 - Search for loadable plugins [exclusion list=, ]
2023-10-26 10:39:22,165 [INFO] PluginManage:310 - Check plugin analytics
2023-10-26 10:39:22,379 [INFO] AnalyticsPlugin:253 - Accepted Software Licenses: STM32CubeMX.6.8.0,STM32CubeMX.6.8.1,STM32CubeMX.6.5.0,STM32CubeMX.6.9.1,STM32CubeMX.6.9.2
2023-10-26 10:39:22,380 [INFO] AnalyticsPlugin:255 - Accepted CMSIS Pack Licenses: emotas.I-CUBE-CANOPEN.1.1.3,STMicroelectronics.X-CUBE-TOUCHGFX.4.21.0,STMicroelectronics.X-CUBE-TOUCHGFX.4.21.1,STMicroelectronics.X-CUBE-TOUCHGFX.4.18.0,STMicroelectronics.X-CUBE-TOUCHGFX.4.22.1
2023-10-26 10:39:22,380 [INFO] AnalyticsPlugin:257 - Accepted Firmware Licenses: FW.H7.1.11.0,FW.G0.1.6.0,FW.F4.1.27.0
2023-10-26 10:39:22,385 [INFO] PluginManage:359 - Loaded plugin analytics (category:tool,tabindex:-1)
2023-10-26 10:39:22,386 [INFO] PluginManage:310 - Check plugin cadmodel
2023-10-26 10:39:22,410 [INFO] CADModel:105 - Init CAD model plugin
2023-10-26 10:39:22,411 [INFO] PluginManage:359 - Loaded plugin cadmodel (category:power,tabindex:5)
2023-10-26 10:39:22,411 [INFO] PluginManage:310 - Check plugin clock
2023-10-26 10:39:22,434 [INFO] PluginManage:359 - Loaded plugin clock (category:base,tabindex:2)
2023-10-26 10:39:22,435 [INFO] PluginManage:310 - Check plugin ddr
2023-10-26 10:39:22,438 [INFO] PluginManage:359 - Loaded plugin ddr (category:tool,tabindex:6)
2023-10-26 10:39:22,438 [INFO] PluginManage:310 - Check plugin filemanager
2023-10-26 10:39:22,622 [INFO] PluginManage:359 - Loaded plugin filemanager (category:base,tabindex:10)
2023-10-26 10:39:22,623 [INFO] PluginManage:310 - Check plugin ipmanager
2023-10-26 10:39:22,630 [INFO] PluginManage:359 - Loaded plugin ipmanager (category:base,tabindex:5)
2023-10-26 10:39:22,630 [INFO] PluginManage:310 - Check plugin lpbam
2023-10-26 10:39:22,651 [INFO] PluginManage:359 - Loaded plugin lpbam (category:base,tabindex:0)
2023-10-26 10:39:22,651 [INFO] PluginManage:310 - Check plugin memorymap
2023-10-26 10:39:22,677 [INFO] PluginManage:359 - Loaded plugin memorymap (category:base,tabindex:4)
2023-10-26 10:39:22,678 [INFO] PluginManage:310 - Check plugin pinoutandconfiguration
2023-10-26 10:39:22,696 [INFO] PluginManage:359 - Loaded plugin pinoutandconfiguration (category:base,tabindex:1)
2023-10-26 10:39:22,696 [INFO] PluginManage:310 - Check plugin pinoutconfig
2023-10-26 10:39:22,890 [WARN] SupportedApi:132 - Cannot load RTOS API schema: s4s-elt-must-match.1: The content of 'definitions' must match (annotation?, (simpleType | complexType)?, (unique | key | keyref)*)). A problem was found starting at: attribute.
2023-10-26 10:39:23,054 [INFO] PluginManage:359 - Loaded plugin pinoutconfig (category:base,tabindex:0)
2023-10-26 10:39:23,054 [INFO] PluginManage:310 - Check plugin power
2023-10-26 10:39:23,081 [INFO] PluginManage:359 - Loaded plugin power (category:power,tabindex:4)
2023-10-26 10:39:23,081 [INFO] PluginManage:310 - Check plugin projectmanager
2023-10-26 10:39:23,099 [INFO] PluginManage:359 - Loaded plugin projectmanager (category:projectmanager,tabindex:3)
2023-10-26 10:39:23,101 [INFO] PluginManage:310 - Check plugin thirdparty
2023-10-26 10:39:23,494 [INFO] PluginManage:359 - Loaded plugin thirdparty (category:base,tabindex:-1)
2023-10-26 10:39:23,494 [WARN] IntegrityCheckThread:84 - waiting for thirdparty lock release [integrity check]
2023-10-26 10:39:23,494 [INFO] PluginManage:310 - Check plugin tools
2023-10-26 10:39:23,494 [INFO] IntegrityCheckThread:86 - entering critical section [integrity check]
2023-10-26 10:39:23,495 [INFO] ThirdPartyUpdaterWithRetryManager:70 - Updater plugin not ready yet. [1/15]
2023-10-26 10:39:23,543 [INFO] PluginManage:359 - Loaded plugin tools (category:base,tabindex:7)
2023-10-26 10:39:23,544 [INFO] PluginManage:310 - Check plugin tutovideos
2023-10-26 10:39:23,762 [INFO] PluginManage:359 - Loaded plugin tutovideos (category:base,tabindex:-1)
2023-10-26 10:39:23,762 [INFO] PluginManage:310 - Check plugin updater
2023-10-26 10:39:23,778 [INFO] PluginManage:359 - Loaded plugin updater (category:base,tabindex:12)
2023-10-26 10:39:23,778 [INFO] PluginManage:310 - Check plugin userauth
2023-10-26 10:39:23,783 [INFO] UserAuth:113 - Init User Auth plugin
2023-10-26 10:39:23,783 [INFO] PluginManage:359 - Loaded plugin userauth (category:base,tabindex:14)
2023-10-26 10:39:23,783 [INFO] PluginManage:283 - PluginManage : Loaded plugins [17]
2023-10-26 10:39:24,064 [INFO] PinOutPanel:1499 - setPackage(No Configuration,No Configuration)
2023-10-26 10:39:24,211 [INFO] CADModel:165 - CPN selected for project level
2023-10-26 10:39:24,212 [INFO] CADModel:114 - Register for checkConnection events
2023-10-26 10:39:24,245 [INFO] IPUIPlugin:80 - create IPUIPlugin
2023-10-26 10:39:24,245 [INFO] PluginManager:220 - loadIPPluginJar : add adc
2023-10-26 10:39:24,289 [INFO] IPUIPlugin:80 - create IPUIPlugin
2023-10-26 10:39:24,290 [INFO] PluginManager:220 - loadIPPluginJar : add aes
2023-10-26 10:39:24,332 [INFO] IPUIPlugin:80 - create IPUIPlugin
2023-10-26 10:39:24,332 [INFO] PluginManager:220 - loadIPPluginJar : add can
2023-10-26 10:39:24,361 [INFO] IPUIPlugin:80 - create IPUIPlugin
2023-10-26 10:39:24,361 [INFO] PluginManager:220 - loadIPPluginJar : add comp
2023-10-26 10:39:24,400 [INFO] IPUIPlugin:80 - create IPUIPlugin
2023-10-26 10:39:24,400 [INFO] PluginManager:220 - loadIPPluginJar : add cryp
2023-10-26 10:39:24,431 [INFO] IPUIPlugin:80 - create IPUIPlugin
2023-10-26 10:39:24,431 [INFO] PluginManager:220 - loadIPPluginJar : add dfsdm
2023-10-26 10:39:24,445 [INFO] IPUIPlugin:80 - create IPUIPlugin
2023-10-26 10:39:24,446 [INFO] PluginManager:220 - loadIPPluginJar : add dma
2023-10-26 10:39:24,494 [INFO] IPUIPlugin:80 - create IPUIPlugin
2023-10-26 10:39:24,494 [INFO] PluginManager:220 - loadIPPluginJar : add dma3
2023-10-26 10:39:24,515 [INFO] IPUIPlugin:80 - create IPUIPlugin
2023-10-26 10:39:24,515 [INFO] PluginManager:220 - loadIPPluginJar : add fatfs
2023-10-26 10:39:24,563 [INFO] IPUIPlugin:80 - create IPUIPlugin
2023-10-26 10:39:24,563 [INFO] PluginManager:220 - loadIPPluginJar : add fmc
2023-10-26 10:39:24,580 [INFO] IPUIPlugin:80 - create IPUIPlugin
2023-10-26 10:39:24,580 [INFO] PluginManager:220 - loadIPPluginJar : add freertos
2023-10-26 10:39:24,602 [INFO] IPUIPlugin:80 - create IPUIPlugin
2023-10-26 10:39:24,602 [INFO] PluginManager:220 - loadIPPluginJar : add genericplugin
2023-10-26 10:39:24,709 [INFO] IPUIPlugin:80 - create IPUIPlugin
2023-10-26 10:39:24,709 [INFO] PluginManager:220 - loadIPPluginJar : add gfxmmu
2023-10-26 10:39:24,856 [INFO] IPUIPlugin:80 - create IPUIPlugin
2023-10-26 10:39:24,856 [INFO] PluginManager:220 - loadIPPluginJar : add gic
2023-10-26 10:39:24,870 [INFO] IPUIPlugin:80 - create IPUIPlugin
2023-10-26 10:39:24,870 [INFO] PluginManager:220 - loadIPPluginJar : add gpio
2023-10-26 10:39:24,960 [INFO] IPUIPlugin:80 - create IPUIPlugin
2023-10-26 10:39:24,960 [INFO] PluginManager:220 - loadIPPluginJar : add gtzc
2023-10-26 10:39:24,995 [INFO] IPUIPlugin:80 - create IPUIPlugin
2023-10-26 10:39:24,995 [INFO] PluginManager:220 - loadIPPluginJar : add hash
2023-10-26 10:39:25,047 [INFO] IPUIPlugin:80 - create IPUIPlugin
2023-10-26 10:39:25,047 [INFO] PluginManager:220 - loadIPPluginJar : add i2c
2023-10-26 10:39:25,092 [INFO] IPUIPlugin:80 - create IPUIPlugin
2023-10-26 10:39:25,092 [INFO] PluginManager:220 - loadIPPluginJar : add i2s
2023-10-26 10:39:25,131 [INFO] IPUIPlugin:80 - create IPUIPlugin
2023-10-26 10:39:25,131 [INFO] PluginManager:220 - loadIPPluginJar : add i3c
2023-10-26 10:39:25,278 [INFO] IPUIPlugin:80 - create IPUIPlugin
2023-10-26 10:39:25,278 [INFO] PluginManager:220 - loadIPPluginJar : add ipddr
2023-10-26 10:39:25,376 [INFO] IPUIPlugin:80 - create IPUIPlugin
2023-10-26 10:39:25,376 [INFO] PluginManager:220 - loadIPPluginJar : add linkedlist
2023-10-26 10:39:25,421 [INFO] IPUIPlugin:80 - create IPUIPlugin
2023-10-26 10:39:25,421 [INFO] PluginManager:220 - loadIPPluginJar : add lorawan
2023-10-26 10:39:25,462 [INFO] IPUIPlugin:80 - create IPUIPlugin
2023-10-26 10:39:25,462 [INFO] PluginManager:220 - loadIPPluginJar : add ltdc
2023-10-26 10:39:25,478 [INFO] IPUIPlugin:80 - create IPUIPlugin
2023-10-26 10:39:25,479 [INFO] PluginManager:220 - loadIPPluginJar : add mdma
2023-10-26 10:39:25,496 [INFO] IPUIPlugin:80 - create IPUIPlugin
2023-10-26 10:39:25,496 [INFO] PluginManager:220 - loadIPPluginJar : add nvic
2023-10-26 10:39:25,547 [INFO] IPUIPlugin:80 - create IPUIPlugin
2023-10-26 10:39:25,547 [INFO] PluginManager:220 - loadIPPluginJar : add opamp
2023-10-26 10:39:25,614 [INFO] IPUIPlugin:80 - create IPUIPlugin
2023-10-26 10:39:25,614 [INFO] PluginManager:220 - loadIPPluginJar : add openamp
2023-10-26 10:39:25,660 [INFO] IPUIPlugin:80 - create IPUIPlugin
2023-10-26 10:39:25,661 [INFO] PluginManager:220 - loadIPPluginJar : add pdm2pcm
2023-10-26 10:39:25,675 [INFO] IPUIPlugin:80 - create IPUIPlugin
2023-10-26 10:39:25,678 [INFO] PluginManager:220 - loadIPPluginJar : add plateformsettings
2023-10-26 10:39:25,701 [INFO] IPUIPlugin:80 - create IPUIPlugin
2023-10-26 10:39:25,703 [INFO] PluginManager:220 - loadIPPluginJar : add quadspi
2023-10-26 10:39:25,715 [INFO] IPUIPlugin:80 - create IPUIPlugin
2023-10-26 10:39:25,715 [INFO] PluginManager:220 - loadIPPluginJar : add resmgrutility
2023-10-26 10:39:25,763 [INFO] IPUIPlugin:80 - create IPUIPlugin
2023-10-26 10:39:25,763 [INFO] PluginManager:220 - loadIPPluginJar : add sai
2023-10-26 10:39:25,799 [INFO] IPUIPlugin:80 - create IPUIPlugin
2023-10-26 10:39:25,799 [INFO] PluginManager:220 - loadIPPluginJar : add spi
2023-10-26 10:39:25,858 [INFO] IPUIPlugin:80 - create IPUIPlugin
2023-10-26 10:39:25,858 [INFO] PluginManager:220 - loadIPPluginJar : add stm32_wpan
2023-10-26 10:39:25,880 [INFO] IPUIPlugin:80 - create IPUIPlugin
2023-10-26 10:39:25,880 [INFO] PluginManager:220 - loadIPPluginJar : add tim
2023-10-26 10:39:25,936 [INFO] IPUIPlugin:80 - create IPUIPlugin
2023-10-26 10:39:25,937 [INFO] PluginManager:220 - loadIPPluginJar : add touchsensing
2023-10-26 10:39:25,961 [INFO] IPUIPlugin:80 - create IPUIPlugin
2023-10-26 10:39:25,961 [INFO] PluginManager:220 - loadIPPluginJar : add tracer_emb
2023-10-26 10:39:25,983 [INFO] IPUIPlugin:80 - create IPUIPlugin
2023-10-26 10:39:25,983 [INFO] PluginManager:220 - loadIPPluginJar : add ts
2023-10-26 10:39:26,005 [INFO] IPUIPlugin:80 - create IPUIPlugin
2023-10-26 10:39:26,005 [INFO] PluginManager:220 - loadIPPluginJar : add tsc
2023-10-26 10:39:26,026 [INFO] IPUIPlugin:80 - create IPUIPlugin
2023-10-26 10:39:26,026 [INFO] PluginManager:220 - loadIPPluginJar : add ucpd
2023-10-26 10:39:26,076 [INFO] IPUIPlugin:80 - create IPUIPlugin
2023-10-26 10:39:26,076 [INFO] PluginManager:220 - loadIPPluginJar : add usart
2023-10-26 10:39:26,116 [INFO] IPUIPlugin:80 - create IPUIPlugin
2023-10-26 10:39:26,116 [INFO] PluginManager:220 - loadIPPluginJar : add usbx
2023-10-26 10:39:26,254 [INFO] CADModel:165 - CPN selected for project level
2023-10-26 10:39:26,255 [INFO] CADModel:114 - Register for checkConnection events
2023-10-26 10:39:26,255 [FATAL] Updater:308 - Updater called before beeing initialized
2023-10-26 10:39:26,255 [ERROR] CADModel:125 - Updater not yet initialized, retry later 
2023-10-26 10:39:26,435 [INFO] CADModel:165 - CPN selected for project level
2023-10-26 10:39:26,436 [INFO] CADModel:114 - Register for checkConnection events
2023-10-26 10:39:26,436 [FATAL] Updater:308 - Updater called before beeing initialized
2023-10-26 10:39:26,436 [ERROR] CADModel:125 - Updater not yet initialized, retry later 
2023-10-26 10:39:26,442 [FATAL] Updater:308 - Updater called before beeing initialized
2023-10-26 10:39:26,496 [INFO] ThirdPartyUpdaterWithRetryManager:70 - Updater plugin not ready yet. [2/15]
2023-10-26 10:39:26,595 [FATAL] Updater:308 - Updater called before beeing initialized
2023-10-26 10:39:26,608 [INFO] DbMcusAds:53 - JSON generation date=Tue Mar 07 15:50:55 ICT 2023 (1678179055114)
2023-10-26 10:39:26,608 [FATAL] Updater:308 - Updater called before beeing initialized
2023-10-26 10:39:26,654 [WARN] DetailPanel:346 - Failed to get advertising image, set to default
2023-10-26 10:39:26,755 [FATAL] Updater:308 - Updater called before beeing initialized
2023-10-26 10:39:26,758 [FATAL] Updater:308 - Updater called before beeing initialized
2023-10-26 10:39:26,758 [FATAL] Updater:308 - Updater called before beeing initialized
2023-10-26 10:39:26,758 [WARN] DetailPanel:346 - Failed to get advertising image, set to default
2023-10-26 10:39:26,759 [FATAL] Updater:308 - Updater called before beeing initialized
2023-10-26 10:39:26,848 [ERROR] Updater:1120 - MainUpdater not yet initialized. External WinMGr cannot be set.
2023-10-26 10:39:26,862 [INFO] Updater:1056 - Updater Version found : 6.9.2
2023-10-26 10:39:26,887 [INFO] ApplicationProperties:184 - Using Application install path: C:\ST\STM32CubeIDE_1.12.0\STM32CubeIDE\plugins\com.st.stm32cube.common.mx_6.9.2.202309101412
2023-10-26 10:39:27,327 [INFO] MainUpdater:521 - Copy updater definitions from MX database
2023-10-26 10:39:28,690 [INFO] MainUpdater:2868 - connection check result : 10
2023-10-26 10:39:28,691 [INFO] MainUpdater:3562 - Updater definition file requires update
2023-10-26 10:39:28,691 [INFO] MainUpdater:285 - Updater Check For Update Now.
2023-10-26 10:39:28,693 [INFO] MicroXplorer:498 - Change Database Version : DB.6.0.92
2023-10-26 10:39:28,721 [INFO] McuFinderGlobals:63 - Set McuFinder mode to 2 (CubeIDE integrated)
2023-10-26 10:39:28,721 [INFO] UserAuth:179 - activating auth plugin
2023-10-26 10:39:28,725 [INFO] UserAuth:393 - Internet connection configuration mode: 1
2023-10-26 10:39:28,754 [INFO] JxBrowserEngine:151 - Initiate JxBrowser Engine with user profile folder
2023-10-26 10:39:29,496 [WARN] MainUpdater:1189 - Updater busy. Cannot search thirdparties
2023-10-26 10:39:29,496 [INFO] ThirdPartyUpdaterWithRetryManager:96 - Updater plugin is busy. [1/15]
2023-10-26 10:39:30,388 [INFO] ServerAccessManage:473 - Download File updaters.zip
2023-10-26 10:39:30,496 [INFO] FileExtend:240 - Unzip File : updaters.zip
2023-10-26 10:39:30,497 [INFO] FileExtend:255 - Standard Zip Deflate
2023-10-26 10:39:31,710 [INFO] ServerAccessManage:473 - Download File PacksControlFlags.xml
2023-10-26 10:39:32,165 [INFO] WebApp:157 - Instantiating new browser for Auth
2023-10-26 10:39:32,497 [WARN] MainUpdater:1189 - Updater busy. Cannot search thirdparties
2023-10-26 10:39:32,499 [INFO] ThirdPartyUpdaterWithRetryManager:96 - Updater plugin is busy. [2/15]
2023-10-26 10:39:32,658 [INFO] ServerAccessManage:473 - Download File cubemx.pidx
2023-10-26 10:39:32,901 [INFO] LoadServerUpdatesThread:373 - End of LoadServerUpdate Thread
2023-10-26 10:39:33,269 [INFO] CheckServerUpdateThread:120 - End of CheckServer Thread
2023-10-26 10:39:34,179 [INFO] WebApp:753 - Register for checkConnection events
2023-10-26 10:39:34,180 [INFO] WebApp:390 - Apply proxy settings
2023-10-26 10:39:34,180 [INFO] WebApp:475 - Chromium requires no authentication
2023-10-26 10:39:34,194 [INFO] WebApp:418 - Direct internet connection detected
2023-10-26 10:39:34,513 [INFO] WebApp:188 - Starting web application
2023-10-26 10:39:34,514 [INFO] WebApp:520 - Web application path used C:\ST\STM32CubeIDE_1.12.0\STM32CubeIDE\plugins\com.st.stm32cube.common.mx_6.9.2.202309101412\db\plugins\mcufinder\reactClient1\index.html
2023-10-26 10:39:35,748 [WARN] PackLoader:240 - Cannot read IP mode file for STMicroelectronics.X-CUBE-SMBUS.2.1.0
2023-10-26 10:39:35,806 [WARN] PackLoader:240 - Cannot read IP mode file for STMicroelectronics.X-CUBE-AZRTOS-F7.1.1.0
2023-10-26 10:39:35,857 [WARN] PackLoader:240 - Cannot read IP mode file for STMicroelectronics.FP-SNS-MOTENV1.4.3.2
2023-10-26 10:39:35,890 [WARN] PackLoader:240 - Cannot read IP mode file for STMicroelectronics.X-CUBE-BLE1.6.2.4
2023-10-26 10:39:35,916 [WARN] PackLoader:240 - Cannot read IP mode file for STMicroelectronics.FP-SNS-FLIGHT1.5.0.2
2023-10-26 10:39:35,944 [WARN] PackLoader:240 - Cannot read IP mode file for STMicroelectronics.X-CUBE-DISPLAY.3.0.0
2023-10-26 10:39:35,984 [WARN] PackLoader:240 - Cannot read IP mode file for STMicroelectronics.X-CUBE-BLE1.7.0.0
2023-10-26 10:39:36,003 [WARN] PackLoader:240 - Cannot read IP mode file for emotas.I-CUBE-CANOPEN.1.3.0
2023-10-26 10:39:36,316 [WARN] PackLoader:240 - Cannot read IP mode file for STMicroelectronics.X-CUBE-TOUCHGFX.4.22.0
2023-10-26 10:39:36,460 [WARN] PackLoader:240 - Cannot read IP mode file for STMicroelectronics.X-CUBE-TOUCHGFX.4.22.1
2023-10-26 10:39:36,551 [WARN] PackLoader:240 - Cannot read IP mode file for STMicroelectronics.FP-SNS-SMARTAG2.1.2.0
2023-10-26 10:39:36,580 [INFO] LogOutputStream:77 - [STDOUT_REDIRECT] 1 : Invalid condition id : UX_CORESTACK_Condition cause : null
2023-10-26 10:39:36,583 [INFO] LogOutputStream:77 - [STDOUT_REDIRECT] 1 : Invalid condition id : UX_CORESTACK_Condition cause : null
2023-10-26 10:39:36,584 [INFO] LogOutputStream:77 - [STDOUT_REDIRECT] 1 : Invalid condition id : UX_CORESTACK_Condition cause : null
2023-10-26 10:39:36,586 [INFO] LogOutputStream:77 - [STDOUT_REDIRECT] 1 : Invalid condition id : UX_CORESTACK_Condition cause : null
2023-10-26 10:39:36,587 [INFO] LogOutputStream:77 - [STDOUT_REDIRECT] 1 : Invalid condition id : UX_CORESTACK_Condition cause : null
2023-10-26 10:39:36,592 [WARN] PackLoader:240 - Cannot read IP mode file for STMicroelectronics.X-CUBE-AZRTOS-WL.2.0.0
2023-10-26 10:39:36,624 [WARN] PackLoader:240 - Cannot read IP mode file for WES.I-CUBE-Cesium.1.3.0
2023-10-26 10:39:36,729 [WARN] PackLoader:240 - Cannot read IP mode file for STMicroelectronics.X-CUBE-BLE2.3.3.0
2023-10-26 10:39:36,769 [WARN] PackLoader:240 - Cannot read IP mode file for STMicroelectronics.X-CUBE-TOUCHGFX.4.18.0
2023-10-26 10:39:36,889 [WARN] PackLoader:240 - Cannot read IP mode file for STMicroelectronics.X-CUBE-TOUCHGFX.4.21.1
2023-10-26 10:39:37,013 [WARN] PackLoader:240 - Cannot read IP mode file for STMicroelectronics.X-CUBE-TOUCHGFX.4.21.0
2023-10-26 10:39:37,297 [WARN] PackLoader:240 - Cannot read IP mode file for STMicroelectronics.X-CUBE-TOUCHGFX.4.21.4
2023-10-26 10:39:37,699 [WARN] PackLoader:240 - Cannot read IP mode file for STMicroelectronics.X-CUBE-ALGOBUILD.1.3.0
2023-10-26 10:39:37,734 [WARN] PackLoader:240 - Cannot read IP mode file for STMicroelectronics.X-CUBE-AZRTOS-G0.1.1.0
2023-10-26 10:39:37,781 [WARN] PackLoader:240 - Cannot read IP mode file for STMicroelectronics.X-CUBE-NFC4.3.0.0
2023-10-26 10:39:37,817 [WARN] PackLoader:240 - Cannot read IP mode file for STMicroelectronics.FP-ATR-SIGFOX1.3.2.0
2023-10-26 10:39:37,898 [WARN] PackLoader:240 - Cannot read IP mode file for SEGGER.I-CUBE-embOS.1.3.1
2023-10-26 10:39:38,652 [WARN] PackLoader:240 - Cannot read IP mode file for STMicroelectronics.X-CUBE-GNSS1.6.0.0
2023-10-26 10:39:38,785 [WARN] PackLoader:240 - Cannot read IP mode file for STMicroelectronics.X-CUBE-AZRTOS-F4.1.1.0
2023-10-26 10:39:38,818 [WARN] PackLoader:240 - Cannot read IP mode file for wolfSSL.I-CUBE-wolfSSL.5.6.3
2023-10-26 10:39:38,902 [WARN] PackLoader:240 - Cannot read IP mode file for STMicroelectronics.X-CUBE-AZRTOS-L5.2.0.0
2023-10-26 10:39:39,045 [WARN] PackLoader:240 - Cannot read IP mode file for STMicroelectronics.X-CUBE-MEMS1.9.6.0
2023-10-26 10:39:39,307 [WARN] PackLoader:240 - Cannot read IP mode file for STMicroelectronics.X-CUBE-EEPRMA1.4.2.0
2023-10-26 10:39:39,382 [WARN] PackLoader:240 - Cannot read IP mode file for ITTIA_DB.I-CUBE-ITTIADB.8.8.0
2023-10-26 10:39:39,418 [WARN] PackLoader:240 - Cannot read IP mode file for emotas.I-CUBE-CANOPEN.1.1.3
2023-10-26 10:39:39,657 [WARN] PackLoader:240 - Cannot read IP mode file for STMicroelectronics.X-CUBE-BLEMGR.2.0.0
2023-10-26 10:39:39,696 [WARN] ConditionMgr:438 - getConditionDescription Invalid condition id : UX DEVICE CLASS RTOS Condition cause : null
2023-10-26 10:39:39,696 [WARN] ConditionMgr:438 - getConditionDescription Invalid condition id : UX DEVICE CLASS RTOS Condition cause : null
2023-10-26 10:39:39,700 [WARN] PackLoader:240 - Cannot read IP mode file for STMicroelectronics.X-CUBE-AZRTOS-H7.3.1.0
2023-10-26 10:39:39,703 [WARN] ConditionMgr:1039 - genDependencies : Invalid condition id : UX DEVICE CLASS RTOS Condition cause : null
2023-10-26 10:39:39,703 [WARN] ConditionMgr:1039 - genDependencies : Invalid condition id : UX DEVICE CLASS RTOS Condition cause : null
2023-10-26 10:39:39,704 [WARN] ConditionMgr:1039 - genDependencies : Invalid condition id : UX DEVICE CLASS RTOS Condition cause : null
2023-10-26 10:39:39,705 [WARN] ConditionMgr:1039 - genDependencies : Invalid condition id : UX DEVICE CLASS RTOS Condition cause : null
2023-10-26 10:39:39,705 [WARN] ConditionMgr:1039 - genDependencies : Invalid condition id : UX DEVICE CLASS RTOS Condition cause : null
2023-10-26 10:39:39,732 [WARN] PackLoader:240 - Cannot read IP mode file for STMicroelectronics.X-CUBE-NFC7.1.0.1
2023-10-26 10:39:39,751 [WARN] PackLoader:240 - Cannot read IP mode file for STMicroelectronics.X-CUBE-NFC6.3.0.0
2023-10-26 10:39:39,782 [WARN] PackLoader:240 - Cannot read IP mode file for STMicroelectronics.X-CUBE-EEPRMA1.4.1.0
2023-10-26 10:39:39,818 [WARN] PackLoader:240 - Cannot read IP mode file for STMicroelectronics.X-CUBE-AI.8.1.0
2023-10-26 10:39:39,851 [WARN] ConditionMgr:438 - getConditionDescription Invalid condition id : LAN8742 Phy interface Condition cause : null
2023-10-26 10:39:39,854 [WARN] PackLoader:240 - Cannot read IP mode file for STMicroelectronics.X-CUBE-AZRTOS-L4.2.0.0
2023-10-26 10:39:39,857 [WARN] ConditionMgr:1039 - genDependencies : Invalid condition id : LAN8742 Phy interface Condition cause : null
2023-10-26 10:39:39,857 [WARN] ConditionMgr:1039 - genDependencies : Invalid condition id : LAN8742 Phy interface Condition cause : null
2023-10-26 10:39:39,858 [WARN] ConditionMgr:1039 - genDependencies : Invalid condition id : LAN8742 Phy interface Condition cause : null
2023-10-26 10:39:39,871 [ERROR] LogOutputStream:75 - [STDERR_REDIRECT] SLF4J: Failed to load class "org.slf4j.impl.StaticLoggerBinder".
2023-10-26 10:39:39,872 [ERROR] LogOutputStream:75 - [STDERR_REDIRECT] SLF4J: Defaulting to no-operation (NOP) logger implementation
2023-10-26 10:39:39,873 [ERROR] LogOutputStream:75 - [STDERR_REDIRECT] SLF4J: See http://www.slf4j.org/codes.html#StaticLoggerBinder for further details.
2023-10-26 10:39:40,001 [WARN] PackLoader:240 - Cannot read IP mode file for STMicroelectronics.X-CUBE-SFXS2LP1.4.0.0
2023-10-26 10:39:40,237 [WARN] PackLoader:240 - Cannot read IP mode file for STMicroelectronics.X-CUBE-ISPU.1.1.0
2023-10-26 10:39:40,267 [WARN] ConditionMgr:438 - getConditionDescription Invalid condition id : UX DEVICE CLASS RTOS Condition cause : null
2023-10-26 10:39:40,267 [WARN] ConditionMgr:438 - getConditionDescription Invalid condition id : UX DEVICE CLASS RTOS Condition cause : null
2023-10-26 10:39:40,274 [WARN] PackLoader:240 - Cannot read IP mode file for STMicroelectronics.X-CUBE-AZRTOS-WB.2.0.0
2023-10-26 10:39:40,275 [WARN] ConditionMgr:1039 - genDependencies : Invalid condition id : UX DEVICE CLASS RTOS Condition cause : null
2023-10-26 10:39:40,275 [WARN] ConditionMgr:1039 - genDependencies : Invalid condition id : UX DEVICE CLASS RTOS Condition cause : null
2023-10-26 10:39:40,275 [WARN] ConditionMgr:1039 - genDependencies : Invalid condition id : UX DEVICE CLASS RTOS Condition cause : null
2023-10-26 10:39:40,276 [WARN] ConditionMgr:1039 - genDependencies : Invalid condition id : UX DEVICE CLASS RTOS Condition cause : null
2023-10-26 10:39:40,276 [WARN] ConditionMgr:1039 - genDependencies : Invalid condition id : UX DEVICE CLASS RTOS Condition cause : null
2023-10-26 10:39:40,333 [WARN] PackLoader:240 - Cannot read IP mode file for STMicroelectronics.X-CUBE-FREERTOS.1.0.1
2023-10-26 10:39:40,362 [WARN] PackLoader:240 - Cannot read IP mode file for STMicroelectronics.X-CUBE-AZRTOS-L5.1.1.0
2023-10-26 10:39:40,384 [WARN] PackLoader:240 - Cannot read IP mode file for STMicroelectronics.X-CUBE-AI.8.0.1
2023-10-26 10:39:40,406 [WARN] PackLoader:240 - Cannot read IP mode file for STMicroelectronics.X-CUBE-SUBG2.5.0.0
2023-10-26 10:39:40,433 [WARN] PackLoader:240 - Cannot read IP mode file for STMicroelectronics.X-CUBE-TOF1.3.3.1
2023-10-26 10:39:40,548 [WARN] PackLoader:240 - Cannot read IP mode file for STMicroelectronics.X-CUBE-AZRTOS-G4.2.0.0
2023-10-26 10:39:40,571 [WARN] PackLoader:240 - Cannot read IP mode file for STMicroelectronics.X-CUBE-TOF1.3.3.0
2023-10-26 10:39:40,744 [WARN] PackLoader:240 - Cannot read IP mode file for Infineon.AIROC-Wi-Fi-Bluetooth-STM32.1.5.1
2023-10-26 10:39:40,806 [WARN] PackLoader:240 - Cannot read IP mode file for STMicroelectronics.X-CUBE-MEMS1.10.0.0
2023-10-26 10:39:40,953 [WARN] PackLoader:240 - Cannot read IP mode file for STMicroelectronics.X-CUBE-FREERTOS.1.1.0
2023-10-26 10:39:40,995 [WARN] PackLoader:240 - Cannot read IP mode file for portGmbH.I-Cube-SoM-uGOAL.1.1.0
2023-10-26 10:39:41,050 [WARN] PackLoader:240 - Cannot read IP mode file for STMicroelectronics.X-CUBE-ALS.1.0.1
2023-10-26 10:39:41,345 [WARN] PackLoader:240 - Cannot read IP mode file for STMicroelectronics.X-CUBE-AZRTOS-WB.1.1.0
2023-10-26 10:39:41,507 [WARN] PackLoader:240 - Cannot read IP mode file for STMicroelectronics.FP-ATR-ASTRA1.2.0.0
2023-10-26 10:39:41,508 [INFO] ThirdParty:978 - Integrity check success = true
2023-10-26 10:39:41,508 [INFO] IntegrityCheckThread:100 - exiting critical section [integrity check]
2023-10-26 10:39:41,508 [INFO] IntegrityCheckThread:103 - End integrity checks thread
2023-10-26 10:40:30,015 [INFO] McuFinderGlobals:63 - Set McuFinder mode to 2 (CubeIDE integrated)
2023-10-26 10:40:30,052 [INFO] MainUpdater:2868 - connection check result : 10
2023-10-26 10:40:30,060 [INFO] MainUpdater:2868 - connection check result : 10
2023-10-26 10:40:30,308 [INFO] MicroXplorer:468 - Change Database Path : 
2023-10-26 10:40:30,308 [INFO] MicroXplorer:498 - Change Database Version : DB.6.0.92
2023-10-26 10:40:30,313 [WARN] ThirdParty:871 - waiting for thirdparty lock release [close project]
2023-10-26 10:40:30,313 [INFO] ThirdParty:873 - entering critical section [close project]
2023-10-26 10:40:30,314 [INFO] ThirdParty:883 - exiting critical section [close project]
2023-10-26 10:40:30,321 [INFO] PinOutPanel:1499 - setPackage(No Configuration,No Configuration)
2023-10-26 10:40:30,355 [INFO] UtilMem:75 - Begin LoadConfig() Used Memory: 195028480 Bytes (591396864)
2023-10-26 10:40:30,358 [INFO] MicroXplorer:468 - Change Database Path : 
2023-10-26 10:40:30,358 [INFO] MicroXplorer:498 - Change Database Version : DB.6.0.92
2023-10-26 10:40:30,358 [INFO] OpenFileManager:308 - Change cursor
2023-10-26 10:40:30,440 [INFO] Mcu:1946 - Initializing MCU STM32F103C(8-B)Tx STM32F103C8Tx STM32F103C8T6
2023-10-26 10:40:32,291 [INFO] Context:659 - Trying to add GPIOservice into a context  which must be forbidden
2023-10-26 10:40:32,947 [INFO] RtosManager:555 - Registered RTOS mode: class=CMSIS, group=RTOS, mode=CMSIS_V1, owner=FREERTOS
2023-10-26 10:40:32,947 [INFO] RtosManager:555 - Registered RTOS mode: class=CMSIS, group=RTOS2, mode=CMSIS_V2, owner=FREERTOS
2023-10-26 10:40:32,948 [INFO] RtosManager:555 - Registered RTOS mode: class=RTOS, group=Core, mode=CMSIS_V1, owner=FREERTOS
2023-10-26 10:40:32,948 [INFO] RtosManager:555 - Registered RTOS mode: class=RTOS, group=Core, mode=CMSIS_V2, owner=FREERTOS
2023-10-26 10:40:32,948 [WARN] ModelIntegratedComponent:184 - Missing modes for component STMicroelectronics:FreeRTOS:0.0.1:STMicroelectronics:RTOS:FreeRTOS:Core:::10.2.0:
2023-10-26 10:40:32,970 [WARN] ModelIntegratedComponent:63 - No mode defined for component null
2023-10-26 10:40:32,970 [WARN] ModelIntegratedComponent:63 - No mode defined for component null
2023-10-26 10:40:32,970 [WARN] ModelIntegratedComponent:63 - No mode defined for component null
2023-10-26 10:40:32,971 [WARN] ModelIntegratedComponent:63 - No mode defined for component null
2023-10-26 10:40:32,971 [WARN] ModelIntegratedComponent:63 - No mode defined for component null
2023-10-26 10:40:32,971 [WARN] ModelIntegratedComponent:63 - No mode defined for component null
2023-10-26 10:40:32,971 [WARN] ModelIntegratedComponent:63 - No mode defined for component null
2023-10-26 10:40:32,971 [WARN] ModelIntegratedComponent:63 - No mode defined for component null
2023-10-26 10:40:32,971 [WARN] ModelIntegratedComponent:63 - No mode defined for component null
2023-10-26 10:40:32,971 [WARN] ModelIntegratedComponent:63 - No mode defined for component null
2023-10-26 10:40:32,971 [WARN] ModelIntegratedComponent:63 - No mode defined for component null
2023-10-26 10:40:32,971 [WARN] ModelIntegratedComponent:63 - No mode defined for component null
2023-10-26 10:40:32,971 [WARN] ModelIntegratedComponent:63 - No mode defined for component null
2023-10-26 10:40:32,971 [WARN] ModelIntegratedComponent:63 - No mode defined for component null
2023-10-26 10:40:32,971 [WARN] ModelIntegratedComponent:63 - No mode defined for component null
2023-10-26 10:40:32,971 [WARN] ModelIntegratedComponent:63 - No mode defined for component null
2023-10-26 10:40:32,971 [WARN] ModelIntegratedComponent:63 - No mode defined for component null
2023-10-26 10:40:32,971 [WARN] ModelIntegratedComponent:63 - No mode defined for component null
2023-10-26 10:40:32,971 [WARN] ModelIntegratedComponent:63 - No mode defined for component null
2023-10-26 10:40:32,971 [WARN] ModelIntegratedComponent:63 - No mode defined for component null
2023-10-26 10:40:32,971 [WARN] ModelIntegratedComponent:63 - No mode defined for component null
2023-10-26 10:40:32,971 [WARN] ModelIntegratedComponent:63 - No mode defined for component null
2023-10-26 10:40:32,971 [WARN] ModelIntegratedComponent:63 - No mode defined for component null
2023-10-26 10:40:32,971 [WARN] ModelIntegratedComponent:63 - No mode defined for component null
2023-10-26 10:40:32,971 [WARN] ModelIntegratedComponent:63 - No mode defined for component null
2023-10-26 10:40:32,971 [WARN] ModelIntegratedComponent:63 - No mode defined for component null
2023-10-26 10:40:32,971 [WARN] ModelIntegratedComponent:63 - No mode defined for component null
2023-10-26 10:40:32,971 [WARN] ModelIntegratedComponent:63 - No mode defined for component null
2023-10-26 10:40:32,971 [WARN] ModelIntegratedComponent:63 - No mode defined for component null
2023-10-26 10:40:32,971 [WARN] ModelIntegratedComponent:63 - No mode defined for component null
2023-10-26 10:40:32,971 [WARN] ModelIntegratedComponent:63 - No mode defined for component null
2023-10-26 10:40:32,971 [WARN] ModelIntegratedComponent:63 - No mode defined for component null
2023-10-26 10:40:32,973 [WARN] ModelIntegratedComponent:63 - No mode defined for component null
2023-10-26 10:40:33,092 [INFO] ThirdPartyModel:298 - Start build external matchings
2023-10-26 10:40:33,825 [INFO] ThirdPartyModel:316 - End build external matchings
2023-10-26 10:40:33,873 [INFO] ImportTextPane:194 - (OptionalMessage_ERROR) IP (RCC) : Parameter (ADCFreqValue) has invalid value (36000000)
2023-10-26 10:40:33,874 [INFO] ImportTextPane:194 - (OptionalMessage_ERROR) IP (RCC) : Invalid parameter (FamilyName)
2023-10-26 10:40:33,874 [INFO] ImportTextPane:194 - (OptionalMessage_ERROR) IP (RCC) : Parameter (MCOFreq_Value) has invalid value (72000000)
2023-10-26 10:40:33,875 [INFO] ImportTextPane:194 - (OptionalMessage_ERROR) IP (RCC) : Parameter (USBFreq_Value) has invalid value (72000000)
2023-10-26 10:40:34,207 [INFO] UtilMem:75 - End LoadConfig() Used Memory: 340657504 Bytes (591396864)
2023-10-26 10:40:34,509 [INFO] ApiDb:581 - Connected to CubeFinder SQLite database (C:\Users\user\.stmcufinder\plugins\mcufinder\mcu\cube-finder-db.db)
2023-10-26 10:40:34,593 [INFO] ApiDb:668 - CubeFinder database Data Model version=2.1
2023-10-26 10:40:34,593 [INFO] ApiDb:669 - CubeFinder database Configuration version=3.0.37
2023-10-26 10:40:34,594 [INFO] ApiDb:670 - CubeFinder database generation date=2023-10-13 (1697197505)
2023-10-26 10:40:34,594 [INFO] ApiDb:671 - CubeFinder database FW Pack versions=[FP-ATR-ASTRA1_V2.0.0, FP-SNS-FLIGHT1_V5.0.1, FP-SNS-FLIGHT1_V5.0.2, FP-SNS-MOTENV1_V4.3.1, FP-SNS-MOTENV1_V4.3.2, FP-SNS-SMARTAG2_V1.2.0, I-CUBE-ITTIADB_V8.6.3-1, STM32Cube_FW_C0_V1.1.0, STM32Cube_FW_F4_V1.27.1, STM32Cube_FW_F7_V1.17.0, STM32Cube_FW_G0_V1.6.1, STM32Cube_FW_G4_V1.5.1, STM32Cube_FW_H5_V0.5.1, STM32Cube_FW_H5_V1.1.1, STM32Cube_FW_H7_V1.11.0, STM32Cube_FW_L0_V1.12.2, STM32Cube_FW_L5_V1.5.0, STM32Cube_FW_U5_V1.3.0, STM32Cube_FW_U5_V1.3.0RC4, STM32Cube_FW_WBA_V1.0.0RC1, STM32Cube_FW_WBA_V1.1.0RC1, STM32Cube_FW_WBA_V1.1.1, STM32Cube_FW_WB_V1.15.0RC1, STM32Cube_FW_WB_V1.16.0, STM32Cube_FW_WB_V1.16.0RC2, STM32Cube_FW_WB_V1.17.3, STM32Cube_FW_WL_V1.3.0, X-CUBE-ALGOBUILD_V1.3.0, X-CUBE-ALS_V1.0.1, X-CUBE-AZRTOS-F4_V1.1.0, X-CUBE-AZRTOS-F7_V1.1.0, X-CUBE-AZRTOS-G0_V1.1.0, X-CUBE-AZRTOS-G4_V2.0.0, X-CUBE-AZRTOS-H7_V3.1.0, X-CUBE-AZRTOS-L4_V1.0.0, X-CUBE-AZRTOS-L4_V2.0.0, X-CUBE-AZRTOS-L5_V1.1.0, X-CUBE-AZRTOS-WB_V2.0.0, X-CUBE-AZRTOS-WL_V2.0.0, X-CUBE-BLE1_V7.0.0, X-CUBE-BLE2_V3.3.0, X-CUBE-BLEMGR_V2.0.0, X-CUBE-EEPRMA1_V4.1.0, X-CUBE-FREERTOS_V1.1.0, X-CUBE-GNSS1_V6.0.0, X-CUBE-MEMS1_V10.0.0, X-CUBE-MEMS1_V9.1.0, X-CUBE-MEMS1_V9.4.0, X-CUBE-MEMS1_V9.6.0, X-CUBE-NFC4_V3.0.0, X-CUBE-NFC7_V1.0.1, X-CUBE-SFXS2LP1_V4.0.0, X-CUBE-SUBG2_V5.0.0, X-CUBE-TOF1_V3.3.1]
2023-10-26 10:40:36,787 [INFO] ApiDb:240 - Found 323 in-development CPN: [B-G473E-ZEST1S, B-WB1M-WPAN1, B-WL5M-SUBG1, NUCLEO-C031C6, NUCLEO-H503RB, NUCLEO-H563ZI, NUCLEO-U545RE-Q, NUCLEO-U5A5ZJ-Q, NUCLEO-WBA52CG, STEVAL-PROTEUS1, STEVAL-SMARTAG2, STEVAL-STWINBX1, STM320518-EVAL, STM32C0116-DK, STM32C011D6Y3TR, STM32C011D6Y6TR, STM32C011F4P3, STM32C011F4P6, STM32C011F4U3, STM32C011F4U6TR, STM32C011F6P3, STM32C011F6P6, STM32C011F6U3, STM32C011F6U6TR, STM32C011J4M3, STM32C011J4M6, STM32C011J6M3, STM32C011J6M6, STM32C0316-DK, STM32C031C4T3, STM32C031C4T6, STM32C031C4U3, STM32C031C4U6, STM32C031C6T3, STM32C031C6T6, STM32C031C6U3, STM32C031C6U6, STM32C031F4P3, STM32C031F4P6, STM32C031F6P3, STM32C031F6P6, STM32C031G4U3, STM32C031G4U6, STM32C031G6U3, STM32C031G6U6, STM32C031K4T3, STM32C031K4T6, STM32C031K4U3, STM32C031K4U6, STM32C031K6T3, STM32C031K6T6, STM32C031K6U3, STM32C031K6U6, STM32G071K8TXN, STM32G071K8UXN, STM32G081GBU6N, STM32G081KBT6N, STM32G081KBUXN, STM32G0B1CCT6N, STM32G0B1KCT6, STM32G0B1NEY6TR, STM32G0B1RCT6N, STM32G0C1CCT6, STM32G0C1CCT6N, STM32G0C1CCU6N, STM32G0C1CET6N, STM32G0C1CEU6N, STM32G0C1KCT6, STM32G0C1NEY6TR, STM32G0C1RCI6N, STM32G0C1RCT6N, STM32G0C1REI6N, STM32G0C1RET6N, STM32G0C1VCI6, STM32G0C1VEI6, STM32G471CCT6, STM32G471CCU6, STM32G471CET3, STM32G471CET6, STM32G471CEU3, STM32G471CEU6, STM32G471MCT6, STM32G471MET3, STM32G471MET6, STM32G471MEY6TR, STM32G471QCT6, STM32G471QET3, STM32G471RCT6, STM32G471RET3, STM32G471RET6, STM32G471VCH6, STM32G471VCI6, STM32G471VCT6, STM32G471VEH3, STM32G471VEH6, STM32G471VEI3, STM32G471VEI6, STM32G471VET3, STM32G471VET6, STM32G474CCT6, STM32H503CBT6, STM32H503CBU6, STM32H503EBY6TR, STM32H503KBU6, STM32H503RBT6, STM32H562AGI6, STM32H562AII6, STM32H562IGK6, STM32H562IGT6, STM32H562IIK6, STM32H562IIT6, STM32H562RGT6, STM32H562RGV6, STM32H562RIT6, STM32H562RIV6, STM32H562VGT6, STM32H562VIT6, STM32H562ZGT6, STM32H562ZIT6, STM32H563AGI6, STM32H563AII3Q, STM32H563AII6, STM32H563IGK6, STM32H563IGT6, STM32H563IIK3Q, STM32H563IIK6, STM32H563IIT3Q, STM32H563IIT6, STM32H563MIY3QTR, STM32H563RGT6, STM32H563RGV6, STM32H563RIT6, STM32H563RIV6, STM32H563VGT6, STM32H563VIT3Q, STM32H563VIT6, STM32H563ZGT6, STM32H563ZIT3Q, STM32H563ZIT6, STM32H573AII3Q, STM32H573AII6, STM32H573I-DK, STM32H573IIK3Q, STM32H573IIK6, STM32H573IIT3Q, STM32H573IIT6, STM32H573MIY3QTR, STM32H573RIT6, STM32H573RIV6, STM32H573VIT3Q, STM32H573VIT6, STM32H573ZIT3Q, STM32H573ZIT6, STM32L4R5QGI6STR, STM32MP131AAE3, STM32MP131AAF3, STM32MP131AAG3, STM32MP131CAE3, STM32MP131CAF3, STM32MP131CAG3, STM32MP131DAE7, STM32MP131DAF7, STM32MP131DAG7, STM32MP131FAE7, STM32MP131FAF7, STM32MP131FAG7, STM32MP133AAE3, STM32MP133AAF3, STM32MP133AAG3, STM32MP133CAE3, STM32MP133CAF3, STM32MP133CAG3, STM32MP133DAE7, STM32MP133DAF7, STM32MP133DAG7, STM32MP133FAE7, STM32MP133FAF7, STM32MP133FAG7, STM32MP135AAE3, STM32MP135AAF3, STM32MP135AAG3, STM32MP135CAE3, STM32MP135CAF3, STM32MP135CAG3, STM32MP135DAE7, STM32MP135DAF7, STM32MP135DAG7, STM32MP135F-DK, STM32MP135FAE7, STM32MP135FAF7, STM32MP135FAF7T, STM32MP135FAF7U, STM32MP135FAG7, STM32U535CBT6, STM32U535CBT6Q, STM32U535CBU6, STM32U535CBU6Q, STM32U535CCT6, STM32U535CCT6Q, STM32U535CCU6, STM32U535CCU6Q, STM32U535CET6, STM32U535CET6Q, STM32U535CEU6, STM32U535CEU6Q, STM32U535JEY6QTR, STM32U535NCY6QTR, STM32U535NEY6QTR, STM32U535RBI6, STM32U535RBI6Q, STM32U535RBT6, STM32U535RBT6Q, STM32U535RCI6, STM32U535RCI6Q, STM32U535RCT6, STM32U535RCT6Q, STM32U535REI6, STM32U535REI6Q, STM32U535RET6, STM32U535RET6Q, STM32U535VCI6, STM32U535VCI6Q, STM32U535VCT6, STM32U535VCT6Q, STM32U535VEI6, STM32U535VEI6Q, STM32U535VET6, STM32U535VET6Q, STM32U545CET6, STM32U545CET6Q, STM32U545CEU6, STM32U545CEU6Q, STM32U545JEY6QTR, STM32U545NEY6QTR, STM32U545REI6, STM32U545REI6Q, STM32U545RET6, STM32U545RET6Q, STM32U545VEI6, STM32U545VEI6Q, STM32U545VET6, STM32U545VET6Q, STM32U595AIH6, STM32U595AIH6Q, STM32U595AJH6, STM32U595AJH6Q, STM32U595QII6, STM32U595QII6Q, STM32U595QJI6, STM32U595QJI6Q, STM32U595RIT6, STM32U595RIT6Q, STM32U595RJT6, STM32U595RJT6Q, STM32U595VIT6, STM32U595VIT6Q, STM32U595VJT6, STM32U595VJT6Q, STM32U595ZIT6, STM32U595ZIT6Q, STM32U595ZIY6QTR, STM32U595ZJT6, STM32U595ZJT6Q, STM32U595ZJY6QTR, STM32U599BJY6QTR, STM32U599NIH6Q, STM32U599NJH6Q, STM32U599VIT6Q, STM32U599VJT6, STM32U599VJT6Q, STM32U599ZIT6Q, STM32U599ZIY6QTR, STM32U599ZJT6Q, STM32U599ZJY6QTR, STM32U5A5AJH6, STM32U5A5AJH6Q, STM32U5A5QJI6, STM32U5A5QJI6Q, STM32U5A5RJT6, STM32U5A5RJT6Q, STM32U5A5VJT6, STM32U5A5VJT6Q, STM32U5A5ZJT6, STM32U5A5ZJT6Q, STM32U5A5ZJY6QTR, STM32U5A9BJY6QTR, STM32U5A9J-DK, STM32U5A9NJH6Q, STM32U5A9VJT6Q, STM32U5A9ZJT6Q, STM32U5A9ZJY6QTR, STM32U5F7VIT6, STM32U5F7VIT6Q, STM32U5F7VJT6, STM32U5F7VJT6Q, STM32U5F9BJY6QTR, STM32U5F9NJH6Q, STM32U5F9VIT6Q, STM32U5F9VJT6Q, STM32U5F9ZIJ6QTR, STM32U5F9ZIT6Q, STM32U5F9ZJJ6QTR, STM32U5F9ZJT6Q, STM32U5G7VJT6, STM32U5G7VJT6Q, STM32U5G9BJY6QTR, STM32U5G9J-DK1, STM32U5G9J-DK2, STM32U5G9NJH6Q, STM32U5G9VJT6Q, STM32U5G9ZJJ6QTR, STM32U5G9ZJT6Q, STM32WB1MMCH6, STM32WBA52CEU6, STM32WBA52CEU6T, STM32WBA52CGU6, STM32WBA52CGU6T, STM32WBA52KEU6, STM32WBA52KEU6T, STM32WBA52KGU6, STM32WBA52KGU6T, STM32WL5MOCH6, STM32WL5MOCH6TR]
2023-10-26 10:40:36,795 [INFO] DbMcus:217 - Found 3848 MCUs, 3848 are supported
2023-10-26 10:40:36,809 [INFO] ApiDb:423 - Load user favorites file C:\Users\user/.stm32cubeide/favorites.mcus.txt: 2 item(s)
2023-10-26 10:40:36,809 [INFO] ApiDb:427 - User favorites MCUs=[STM32F103C8T6, STM32H750VBT6]
2023-10-26 10:40:36,810 [INFO] DbMcus:223 - Set 2 / 2 favorites MCUs
2023-10-26 10:40:37,133 [WARN] ThirdParty:833 - waiting for thirdparty lock release [change project]
2023-10-26 10:40:37,133 [INFO] ThirdParty:835 - entering critical section [change project]
2023-10-26 10:40:37,133 [INFO] ThirdParty:1030 - CMSIS Pack Vendor :STMicroelectronics X-CUBE-ISPU 1.1.0
2023-10-26 10:40:37,133 [INFO] ThirdParty:1030 - CMSIS Pack Vendor :STMicroelectronics USBPD 4.1
2023-10-26 10:40:37,133 [INFO] ThirdParty:1030 - CMSIS Pack Vendor :STMicroelectronics X-CUBE-GNSS1 6.0.0
2023-10-26 10:40:37,133 [INFO] ThirdParty:1030 - CMSIS Pack Vendor :STMicroelectronics USB_HOST 2.0.0
2023-10-26 10:40:37,133 [INFO] ThirdParty:1030 - CMSIS Pack Vendor :STMicroelectronics X-CUBE-AZRTOS-F4 1.1.0
2023-10-26 10:40:37,133 [INFO] ThirdParty:1030 - CMSIS Pack Vendor :STMicroelectronics LIBJPEG 8.0.0
2023-10-26 10:40:37,133 [INFO] ThirdParty:1030 - CMSIS Pack Vendor :wolfSSL I-CUBE-wolfSSL 5.6.3
2023-10-26 10:40:37,134 [INFO] ThirdParty:1030 - CMSIS Pack Vendor :STMicroelectronics X-CUBE-SMBUS 2.1.0
2023-10-26 10:40:37,134 [INFO] ThirdParty:1030 - CMSIS Pack Vendor :STMicroelectronics USB_DEVICE 3.0.0
2023-10-26 10:40:37,134 [INFO] ThirdParty:1030 - CMSIS Pack Vendor :STMicroelectronics X-CUBE-AZRTOS-WB 2.0.0
2023-10-26 10:40:37,134 [INFO] ThirdParty:1030 - CMSIS Pack Vendor :STMicroelectronics X-CUBE-FREERTOS 1.0.1
2023-10-26 10:40:37,134 [INFO] ThirdParty:1030 - CMSIS Pack Vendor :STMicroelectronics X-CUBE-TOUCHGFX 4.21.1
2023-10-26 10:40:37,134 [INFO] ThirdParty:1030 - CMSIS Pack Vendor :STMicroelectronics X-CUBE-TOUCHGFX 4.21.0
2023-10-26 10:40:37,134 [INFO] ThirdParty:1030 - CMSIS Pack Vendor :STMicroelectronics X-CUBE-AZRTOS-F7 1.1.0
2023-10-26 10:40:37,134 [INFO] ThirdParty:1030 - CMSIS Pack Vendor :STMicroelectronics X-CUBE-TOUCHGFX 4.21.4
2023-10-26 10:40:37,134 [INFO] ThirdParty:1030 - CMSIS Pack Vendor :STMicroelectronics X-CUBE-AZRTOS-L5 2.0.0
2023-10-26 10:40:37,134 [INFO] ThirdParty:1030 - CMSIS Pack Vendor :STMicroelectronics USB_DEVICE 2.0.0
2023-10-26 10:40:37,134 [INFO] ThirdParty:1030 - CMSIS Pack Vendor :STMicroelectronics X-CUBE-MEMS1 9.6.0
2023-10-26 10:40:37,134 [INFO] ThirdParty:1030 - CMSIS Pack Vendor :STMicroelectronics X-CUBE-EEPRMA1 4.2.0
2023-10-26 10:40:37,134 [INFO] ThirdParty:1030 - CMSIS Pack Vendor :ITTIA_DB I-CUBE-ITTIADB 8.8.0
2023-10-26 10:40:37,134 [INFO] ThirdParty:1030 - CMSIS Pack Vendor :STMicroelectronics FP-SNS-MOTENV1 4.3.2
2023-10-26 10:40:37,134 [INFO] ThirdParty:1030 - CMSIS Pack Vendor :STMicroelectronics X-CUBE-ALGOBUILD 1.3.0
2023-10-26 10:40:37,135 [INFO] ThirdParty:1030 - CMSIS Pack Vendor :STMicroelectronics X-CUBE-BLE1 6.2.4
2023-10-26 10:40:37,137 [INFO] ThirdParty:1030 - CMSIS Pack Vendor :STMicroelectronics X-CUBE-AZRTOS-L5 1.1.0
2023-10-26 10:40:37,137 [INFO] ThirdParty:1030 - CMSIS Pack Vendor :STMicroelectronics FreeRTOS 0.0.1
2023-10-26 10:40:37,137 [INFO] ThirdParty:1030 - CMSIS Pack Vendor :STMicroelectronics X-CUBE-AZRTOS-G0 1.1.0
2023-10-26 10:40:37,137 [INFO] ThirdParty:1030 - CMSIS Pack Vendor :emotas I-CUBE-CANOPEN 1.1.3
2023-10-26 10:40:37,137 [INFO] ThirdParty:1030 - CMSIS Pack Vendor :STMicroelectronics X-CUBE-BLEMGR 2.0.0
2023-10-26 10:40:37,138 [INFO] ThirdParty:1030 - CMSIS Pack Vendor :STMicroelectronics X-CUBE-AI 8.0.1
2023-10-26 10:40:37,138 [INFO] ThirdParty:1030 - CMSIS Pack Vendor :STMicroelectronics X-CUBE-NFC4 3.0.0
2023-10-26 10:40:37,138 [INFO] ThirdParty:1030 - CMSIS Pack Vendor :STMicroelectronics X-CUBE-SUBG2 5.0.0
2023-10-26 10:40:37,138 [INFO] ThirdParty:1030 - CMSIS Pack Vendor :STMicroelectronics STM32_WPAN 1.0.0
2023-10-26 10:40:37,138 [INFO] ThirdParty:1030 - CMSIS Pack Vendor :STMicroelectronics lwIP 2.0.3
2023-10-26 10:40:37,138 [INFO] ThirdParty:1030 - CMSIS Pack Vendor :STMicroelectronics FP-SNS-FLIGHT1 5.0.2
2023-10-26 10:40:37,138 [INFO] ThirdParty:1030 - CMSIS Pack Vendor :STMicroelectronics USB_HOST 1.0.0
2023-10-26 10:40:37,138 [INFO] ThirdParty:1030 - CMSIS Pack Vendor :STMicroelectronics X-CUBE-TOF1 3.3.1
2023-10-26 10:40:37,138 [INFO] ThirdParty:1030 - CMSIS Pack Vendor :STMicroelectronics X-CUBE-AZRTOS-G4 2.0.0
2023-10-26 10:40:37,138 [INFO] ThirdParty:1030 - CMSIS Pack Vendor :STMicroelectronics PDM2PCM 3.1.0
2023-10-26 10:40:37,138 [INFO] ThirdParty:1030 - CMSIS Pack Vendor :STMicroelectronics X-CUBE-AZRTOS-H7 3.1.0
2023-10-26 10:40:37,138 [INFO] ThirdParty:1030 - CMSIS Pack Vendor :STMicroelectronics X-CUBE-TOF1 3.3.0
2023-10-26 10:40:37,138 [INFO] ThirdParty:1030 - CMSIS Pack Vendor :Infineon AIROC-Wi-Fi-Bluetooth-STM32 1.5.1
2023-10-26 10:40:37,138 [INFO] ThirdParty:1030 - CMSIS Pack Vendor :STMicroelectronics PDM2PCM 3.3.0
2023-10-26 10:40:37,138 [INFO] ThirdParty:1030 - CMSIS Pack Vendor :STMicroelectronics X-CUBE-DISPLAY 3.0.0
2023-10-26 10:40:37,138 [INFO] ThirdParty:1030 - CMSIS Pack Vendor :STMicroelectronics X-CUBE-BLE1 7.0.0
2023-10-26 10:40:37,138 [INFO] ThirdParty:1030 - CMSIS Pack Vendor :STMicroelectronics FP-ATR-SIGFOX1 3.2.0
2023-10-26 10:40:37,138 [INFO] ThirdParty:1030 - CMSIS Pack Vendor :STMicroelectronics HAL Drivers 0.0.0
2023-10-26 10:40:37,138 [INFO] ThirdParty:1030 - CMSIS Pack Vendor :STMicroelectronics MBEDTLS 2.16.2
2023-10-26 10:40:37,138 [INFO] ThirdParty:1030 - CMSIS Pack Vendor :emotas I-CUBE-CANOPEN 1.3.0
2023-10-26 10:40:37,138 [INFO] ThirdParty:1030 - CMSIS Pack Vendor :STMicroelectronics X-CUBE-MEMS1 10.0.0
2023-10-26 10:40:37,139 [INFO] ThirdParty:1030 - CMSIS Pack Vendor :STMicroelectronics X-CUBE-FREERTOS 1.1.0
2023-10-26 10:40:37,139 [INFO] ThirdParty:1030 - CMSIS Pack Vendor :STMicroelectronics X-CUBE-TOUCHGFX 4.22.0
2023-10-26 10:40:37,139 [INFO] ThirdParty:1030 - CMSIS Pack Vendor :STMicroelectronics X-CUBE-NFC7 1.0.1
2023-10-26 10:40:37,139 [INFO] ThirdParty:1030 - CMSIS Pack Vendor :STMicroelectronics MBEDTLS 2.14.1
2023-10-26 10:40:37,139 [INFO] ThirdParty:1030 - CMSIS Pack Vendor :STMicroelectronics X-CUBE-TOUCHGFX 4.22.1
2023-10-26 10:40:37,139 [INFO] ThirdParty:1030 - CMSIS Pack Vendor :STMicroelectronics X-CUBE-NFC6 3.0.0
2023-10-26 10:40:37,139 [INFO] ThirdParty:1030 - CMSIS Pack Vendor :STMicroelectronics X-CUBE-EEPRMA1 4.1.0
2023-10-26 10:40:37,139 [INFO] ThirdParty:1030 - CMSIS Pack Vendor :portGmbH I-Cube-SoM-uGOAL 1.1.0
2023-10-26 10:40:37,139 [INFO] ThirdParty:1030 - CMSIS Pack Vendor :STMicroelectronics X-CUBE-ALS 1.0.1
2023-10-26 10:40:37,139 [INFO] ThirdParty:1030 - CMSIS Pack Vendor :STMicroelectronics ThreadX 1.0.0
2023-10-26 10:40:37,139 [INFO] ThirdParty:1030 - CMSIS Pack Vendor :STMicroelectronics FP-SNS-SMARTAG2 1.2.0
2023-10-26 10:40:37,139 [INFO] ThirdParty:1030 - CMSIS Pack Vendor :STMicroelectronics X-CUBE-AZRTOS-WB 1.1.0
2023-10-26 10:40:37,139 [INFO] ThirdParty:1030 - CMSIS Pack Vendor :STMicroelectronics X-CUBE-AZRTOS-WL 2.0.0
2023-10-26 10:40:37,139 [INFO] ThirdParty:1030 - CMSIS Pack Vendor :SEGGER I-CUBE-embOS 1.3.1
2023-10-26 10:40:37,139 [INFO] ThirdParty:1030 - CMSIS Pack Vendor :STMicroelectronics USB_DEVICE 1.0.0
2023-10-26 10:40:37,139 [INFO] ThirdParty:1030 - CMSIS Pack Vendor :STMicroelectronics X-CUBE-AI 8.1.0
2023-10-26 10:40:37,139 [INFO] ThirdParty:1030 - CMSIS Pack Vendor :STMicroelectronics X-CUBE-AZRTOS-L4 2.0.0
2023-10-26 10:40:37,139 [INFO] ThirdParty:1030 - CMSIS Pack Vendor :STMicroelectronics ThreadX 0.0.2
2023-10-26 10:40:37,139 [INFO] ThirdParty:1030 - CMSIS Pack Vendor :WES I-CUBE-Cesium 1.3.0
2023-10-26 10:40:37,139 [INFO] ThirdParty:1030 - CMSIS Pack Vendor :STMicroelectronics FP-ATR-ASTRA1 2.0.0
2023-10-26 10:40:37,139 [INFO] ThirdParty:1030 - CMSIS Pack Vendor :STMicroelectronics lwIP 2.1.2
2023-10-26 10:40:37,139 [INFO] ThirdParty:1030 - CMSIS Pack Vendor :STMicroelectronics X-CUBE-SFXS2LP1 4.0.0
2023-10-26 10:40:37,140 [INFO] ThirdParty:1030 - CMSIS Pack Vendor :STMicroelectronics X-CUBE-BLE2 3.3.0
2023-10-26 10:40:37,140 [INFO] ThirdParty:1030 - CMSIS Pack Vendor :STMicroelectronics PDM2PCM 3.2.0
2023-10-26 10:40:37,140 [INFO] ThirdParty:1030 - CMSIS Pack Vendor :STMicroelectronics X-CUBE-TOUCHGFX 4.18.0
2023-10-26 10:40:37,140 [INFO] ThirdParty:841 - exiting critical section [change project]
2023-10-26 10:40:37,698 [INFO] PinOutPanel:1499 - setPackage(No Configuration,No Configuration)
2023-10-26 10:40:37,702 [INFO] PinOutPanel:1499 - setPackage(STM32F103C8Tx,LQFP48)
2023-10-26 10:40:38,321 [INFO] UtilMem:75 - Before build in PCC Used Memory: 312220112 Bytes (591396864)
2023-10-26 10:40:39,513 [INFO] UtilMem:75 - After build in PCC Used Memory: 414918656 Bytes (591396864)
2023-10-26 10:40:39,551 [INFO] IPUIPlugin:80 - create IPUIPlugin
2023-10-26 10:40:39,551 [INFO] IPUIPlugin:80 - create IPUIPlugin
2023-10-26 10:40:39,553 [INFO] IPUIPlugin:80 - create IPUIPlugin
2023-10-26 10:40:39,555 [INFO] IPUIPlugin:80 - create IPUIPlugin
2023-10-26 10:40:39,555 [INFO] IPUIPlugin:80 - create IPUIPlugin
2023-10-26 10:40:39,555 [INFO] IPUIPlugin:80 - create IPUIPlugin
2023-10-26 10:40:39,556 [INFO] IPUIPlugin:80 - create IPUIPlugin
2023-10-26 10:40:39,557 [INFO] IPUIPlugin:80 - create IPUIPlugin
2023-10-26 10:40:39,558 [INFO] IPUIPlugin:80 - create IPUIPlugin
2023-10-26 10:40:39,559 [INFO] IPUIPlugin:80 - create IPUIPlugin
2023-10-26 10:40:39,559 [INFO] IPUIPlugin:80 - create IPUIPlugin
2023-10-26 10:40:39,561 [INFO] IPUIPlugin:80 - create IPUIPlugin
2023-10-26 10:40:39,561 [INFO] IPUIPlugin:80 - create IPUIPlugin
2023-10-26 10:40:39,563 [INFO] IPUIPlugin:80 - create IPUIPlugin
2023-10-26 10:40:39,565 [INFO] IPUIPlugin:80 - create IPUIPlugin
2023-10-26 10:40:39,565 [INFO] IPUIPlugin:80 - create IPUIPlugin
2023-10-26 10:40:39,566 [INFO] IPUIPlugin:80 - create IPUIPlugin
2023-10-26 10:40:39,566 [INFO] IPUIPlugin:80 - create IPUIPlugin
2023-10-26 10:40:39,566 [INFO] IPUIPlugin:80 - create IPUIPlugin
2023-10-26 10:40:39,567 [INFO] IPUIPlugin:80 - create IPUIPlugin
2023-10-26 10:40:39,567 [INFO] IPUIPlugin:80 - create IPUIPlugin
2023-10-26 10:40:39,568 [INFO] IPUIPlugin:80 - create IPUIPlugin
2023-10-26 10:40:39,569 [INFO] IPUIPlugin:80 - create IPUIPlugin
2023-10-26 10:40:39,569 [INFO] IPUIPlugin:80 - create IPUIPlugin
2023-10-26 10:40:39,569 [INFO] IPUIPlugin:80 - create IPUIPlugin
2023-10-26 10:40:39,570 [INFO] IPUIPlugin:80 - create IPUIPlugin
2023-10-26 10:40:39,570 [INFO] IPUIPlugin:80 - create IPUIPlugin
2023-10-26 10:40:39,923 [INFO] CADModel:165 - CPN selected for project levelSTM32F103C8T6
2023-10-26 10:40:39,923 [INFO] CADModel:114 - Register for checkConnection events
2023-10-26 10:40:39,978 [INFO] OpenFileManager:328 - Restore cursor
2023-10-26 10:41:40,605 [INFO] UtilMem:75 - End SaveConfig() Used Memory: 537658240 Bytes (790626304)
2023-10-26 10:41:40,727 [INFO] UtilMem:75 - End SaveConfig() Used Memory: 554454704 Bytes (790626304)
2023-10-26 10:41:43,068 [INFO] UtilMem:75 - End SaveConfig() Used Memory: 652214272 Bytes (790626304)
2023-10-26 10:41:43,972 [INFO] BlockDiagram:2759 - set Specific Code input for plugin: NVIC
2023-10-26 10:41:43,972 [INFO] BlockDiagram:2759 - set Specific Code input for plugin: TIM1_8F1
2023-10-26 10:41:43,972 [INFO] BlockDiagram:2759 - set Specific Code input for plugin: TIM1_8F1
2023-10-26 10:41:43,972 [INFO] BlockDiagram:2759 - set Specific Code input for plugin: TIM1_8F1
2023-10-26 10:41:43,972 [INFO] BlockDiagram:2759 - set Specific Code input for plugin: TIM1_8F1
2023-10-26 10:41:43,972 [INFO] BlockDiagram:2759 - set Specific Code input for plugin: SYS
2023-10-26 10:41:43,972 [INFO] BlockDiagram:2759 - set Specific Code input for plugin: GPIO
2023-10-26 10:41:43,972 [INFO] BlockDiagram:2759 - set Specific Code input for plugin: RCC
2023-10-26 10:41:43,973 [INFO] CodeGenerator:799 - code generatio: config db path: C:\ST\STM32CubeIDE_1.12.0\STM32CubeIDE\plugins\com.st.stm32cube.common.mx_6.9.2.202309101412\\db\
2023-10-26 10:41:44,673 [INFO] CodeEngine:255 - oldGeneratedFile, D:\STM32\motor123\MXTmpFiles\license.tmp_save
2023-10-26 10:41:46,685 [INFO] CodeEngine:279 - Generated code: D:\STM32\motor123\MXTmpFiles\license.tmp
2023-10-26 10:41:46,931 [INFO] CodeEngine:255 - oldGeneratedFile, D:\STM32\motor123\Core\Src\gpio.c_save
2023-10-26 10:41:47,194 [INFO] CodeEngine:279 - Generated code: D:\STM32\motor123\Core\Src\gpio.c
2023-10-26 10:41:47,215 [INFO] CodeEngine:255 - oldGeneratedFile, D:\STM32\motor123\Core\Inc\gpio.h_save
2023-10-26 10:41:47,359 [INFO] CodeEngine:279 - Generated code: D:\STM32\motor123\Core\Inc\gpio.h
2023-10-26 10:41:48,432 [INFO] CodeEngine:255 - oldGeneratedFile, D:\STM32\motor123\Core\Src\tim.c_save
2023-10-26 10:41:50,579 [INFO] CodeEngine:279 - Generated code: D:\STM32\motor123\Core\Src\tim.c
2023-10-26 10:41:50,606 [INFO] CodeEngine:255 - oldGeneratedFile, D:\STM32\motor123\Core\Inc\tim.h_save
2023-10-26 10:41:51,078 [INFO] CodeEngine:279 - Generated code: D:\STM32\motor123\Core\Inc\tim.h
2023-10-26 10:41:51,193 [INFO] CodeEngine:255 - oldGeneratedFile, D:\STM32\motor123\Core\Src\stm32f1xx_it.c_save
2023-10-26 10:41:51,494 [INFO] CodeEngine:279 - Generated code: D:\STM32\motor123\Core\Src\stm32f1xx_it.c
2023-10-26 10:41:51,504 [INFO] CodeEngine:255 - oldGeneratedFile, D:\STM32\motor123\Core\Inc\stm32f1xx_it.h_save
2023-10-26 10:41:51,633 [INFO] CodeEngine:279 - Generated code: D:\STM32\motor123\Core\Inc\stm32f1xx_it.h
2023-10-26 10:41:51,790 [INFO] CodeEngine:255 - oldGeneratedFile, D:\STM32\motor123\Core\Src\stm32f1xx_hal_msp.c_save
2023-10-26 10:41:52,249 [INFO] CodeEngine:279 - Generated code: D:\STM32\motor123\Core\Src\stm32f1xx_hal_msp.c
2023-10-26 10:41:52,281 [INFO] CodeEngine:255 - oldGeneratedFile, D:\STM32\motor123\MXTmpFiles\system.tmp_save
2023-10-26 10:41:52,427 [INFO] CodeEngine:279 - Generated code: D:\STM32\motor123\MXTmpFiles\system.tmp
2023-10-26 10:41:52,462 [INFO] CodeEngine:311 - oldGeneratedFile, D:\STM32\motor123\Core\Inc\stm32f1xx_hal_conf.h_save
2023-10-26 10:41:52,599 [INFO] CodeEngine:335 - Generated code: D:\STM32\motor123\Core\Inc\stm32f1xx_hal_conf.h
2023-10-26 10:41:52,732 [INFO] CodeEngine:255 - oldGeneratedFile, D:\STM32\motor123\Core\Inc\main.h_save
2023-10-26 10:41:52,940 [INFO] CodeEngine:279 - Generated code: D:\STM32\motor123\Core\Inc\main.h
2023-10-26 10:41:53,104 [INFO] CodeEngine:255 - oldGeneratedFile, D:\STM32\motor123\Core\Src\main.c_save
2023-10-26 10:41:53,632 [INFO] CodeEngine:279 - Generated code: D:\STM32\motor123\Core\Src\main.c
2023-10-26 10:41:54,959 [INFO] ProjectBuilder:3064 - Time for Copy HAL[1] : 274mS.
2023-10-26 10:41:54,972 [INFO] ProjectBuilder:4404 - Project Generator version: 4.1.0
2023-10-26 10:41:56,956 [INFO] ConfigFileManager:1457 - The Die is : DIE410
2023-10-26 10:41:57,279 [INFO] ApiDbMcu:507 - Load IP Config File for FATFS
2023-10-26 10:41:57,366 [INFO] ApiDbMcu:507 - Load IP Config File for FREERTOS
2023-10-26 10:41:57,541 [INFO] ApiDbMcu:507 - Load IP Config File for USB_DEVICE
2023-10-26 10:42:01,271 [INFO] LogOutputStream:77 - [STDOUT_REDIRECT] 
2023-10-26 10:42:07,936 [INFO] ProjectBuilder:4626 - Time for Generating toolchain IDE Files: 12963mS.
2023-10-26 10:42:07,938 [INFO] ProjectBuilder:2935 - Time for Copy CMSIS : 0mS.
2023-10-26 10:42:07,940 [INFO] ProjectBuilder:2935 - Time for Copy CMSIS : 0mS.
2023-10-26 13:26:14,382 [INFO] MainUpdater:2868 - connection check result : 10
2023-10-26 13:26:14,385 [INFO] MainUpdater:2868 - connection check result : 10
2023-10-26 13:26:14,405 [INFO] MicroXplorer:468 - Change Database Path : 
2023-10-26 13:26:14,405 [INFO] MicroXplorer:498 - Change Database Version : DB.6.0.92
2023-10-26 13:26:14,487 [WARN] ThirdParty:871 - waiting for thirdparty lock release [close project]
2023-10-26 13:26:14,487 [INFO] ThirdParty:873 - entering critical section [close project]
2023-10-26 13:26:14,487 [INFO] ThirdParty:883 - exiting critical section [close project]
2023-10-26 13:26:14,492 [INFO] PinOutPanel:1499 - setPackage(No Configuration,No Configuration)
2023-10-26 13:26:14,507 [INFO] UtilMem:75 - Begin LoadConfig() Used Memory: 419552736 Bytes (650117120)
2023-10-26 13:26:14,508 [INFO] MicroXplorer:468 - Change Database Path : 
2023-10-26 13:26:14,508 [INFO] MicroXplorer:498 - Change Database Version : DB.6.0.92
2023-10-26 13:26:14,508 [INFO] OpenFileManager:308 - Change cursor
2023-10-26 13:26:14,536 [INFO] RulesReader:64 - Compatibility file has been processed (293 Rules)
2023-10-26 13:26:14,541 [INFO] Mcu:1946 - Initializing MCU STM32F103C(8-B)Tx STM32F103C8Tx STM32F103C8T6
2023-10-26 13:26:15,288 [INFO] Context:659 - Trying to add GPIOservice into a context  which must be forbidden
2023-10-26 13:26:15,715 [INFO] RtosManager:555 - Registered RTOS mode: class=CMSIS, group=RTOS, mode=CMSIS_V1, owner=FREERTOS
2023-10-26 13:26:15,715 [INFO] RtosManager:555 - Registered RTOS mode: class=CMSIS, group=RTOS2, mode=CMSIS_V2, owner=FREERTOS
2023-10-26 13:26:15,715 [INFO] RtosManager:555 - Registered RTOS mode: class=RTOS, group=Core, mode=CMSIS_V1, owner=FREERTOS
2023-10-26 13:26:15,715 [INFO] RtosManager:555 - Registered RTOS mode: class=RTOS, group=Core, mode=CMSIS_V2, owner=FREERTOS
2023-10-26 13:26:15,715 [WARN] ModelIntegratedComponent:184 - Missing modes for component STMicroelectronics:FreeRTOS:0.0.1:STMicroelectronics:RTOS:FreeRTOS:Core:::10.2.0:
2023-10-26 13:26:15,729 [WARN] ModelIntegratedComponent:63 - No mode defined for component null
2023-10-26 13:26:15,730 [WARN] ModelIntegratedComponent:63 - No mode defined for component null
2023-10-26 13:26:15,730 [WARN] ModelIntegratedComponent:63 - No mode defined for component null
2023-10-26 13:26:15,731 [WARN] ModelIntegratedComponent:63 - No mode defined for component null
2023-10-26 13:26:15,731 [WARN] ModelIntegratedComponent:63 - No mode defined for component null
2023-10-26 13:26:15,732 [WARN] ModelIntegratedComponent:63 - No mode defined for component null
2023-10-26 13:26:15,732 [WARN] ModelIntegratedComponent:63 - No mode defined for component null
2023-10-26 13:26:15,732 [WARN] ModelIntegratedComponent:63 - No mode defined for component null
2023-10-26 13:26:15,732 [WARN] ModelIntegratedComponent:63 - No mode defined for component null
2023-10-26 13:26:15,732 [WARN] ModelIntegratedComponent:63 - No mode defined for component null
2023-10-26 13:26:15,732 [WARN] ModelIntegratedComponent:63 - No mode defined for component null
2023-10-26 13:26:15,732 [WARN] ModelIntegratedComponent:63 - No mode defined for component null
2023-10-26 13:26:15,732 [WARN] ModelIntegratedComponent:63 - No mode defined for component null
2023-10-26 13:26:15,732 [WARN] ModelIntegratedComponent:63 - No mode defined for component null
2023-10-26 13:26:15,732 [WARN] ModelIntegratedComponent:63 - No mode defined for component null
2023-10-26 13:26:15,732 [WARN] ModelIntegratedComponent:63 - No mode defined for component null
2023-10-26 13:26:15,732 [WARN] ModelIntegratedComponent:63 - No mode defined for component null
2023-10-26 13:26:15,732 [WARN] ModelIntegratedComponent:63 - No mode defined for component null
2023-10-26 13:26:15,732 [WARN] ModelIntegratedComponent:63 - No mode defined for component null
2023-10-26 13:26:15,732 [WARN] ModelIntegratedComponent:63 - No mode defined for component null
2023-10-26 13:26:15,732 [WARN] ModelIntegratedComponent:63 - No mode defined for component null
2023-10-26 13:26:15,732 [WARN] ModelIntegratedComponent:63 - No mode defined for component null
2023-10-26 13:26:15,732 [WARN] ModelIntegratedComponent:63 - No mode defined for component null
2023-10-26 13:26:15,732 [WARN] ModelIntegratedComponent:63 - No mode defined for component null
2023-10-26 13:26:15,732 [WARN] ModelIntegratedComponent:63 - No mode defined for component null
2023-10-26 13:26:15,732 [WARN] ModelIntegratedComponent:63 - No mode defined for component null
2023-10-26 13:26:15,732 [WARN] ModelIntegratedComponent:63 - No mode defined for component null
2023-10-26 13:26:15,732 [WARN] ModelIntegratedComponent:63 - No mode defined for component null
2023-10-26 13:26:15,732 [WARN] ModelIntegratedComponent:63 - No mode defined for component null
2023-10-26 13:26:15,732 [WARN] ModelIntegratedComponent:63 - No mode defined for component null
2023-10-26 13:26:15,732 [WARN] ModelIntegratedComponent:63 - No mode defined for component null
2023-10-26 13:26:15,732 [WARN] ModelIntegratedComponent:63 - No mode defined for component null
2023-10-26 13:26:15,732 [WARN] ModelIntegratedComponent:63 - No mode defined for component null
2023-10-26 13:26:15,870 [INFO] ThirdPartyModel:298 - Start build external matchings
2023-10-26 13:26:16,425 [INFO] ThirdPartyModel:316 - End build external matchings
2023-10-26 13:26:16,433 [INFO] ImportTextPane:194 - (OptionalMessage_ERROR) IP (RCC) : Parameter (ADCFreqValue) has invalid value (36000000)
2023-10-26 13:26:16,433 [INFO] ImportTextPane:194 - (OptionalMessage_ERROR) IP (RCC) : Invalid parameter (FamilyName)
2023-10-26 13:26:16,433 [INFO] ImportTextPane:194 - (OptionalMessage_ERROR) IP (RCC) : Parameter (MCOFreq_Value) has invalid value (72000000)
2023-10-26 13:26:16,434 [INFO] ImportTextPane:194 - (OptionalMessage_ERROR) IP (RCC) : Parameter (USBFreq_Value) has invalid value (72000000)
2023-10-26 13:26:16,715 [INFO] UtilMem:75 - End LoadConfig() Used Memory: 465896192 Bytes (683671552)
2023-10-26 13:26:16,760 [WARN] ThirdParty:833 - waiting for thirdparty lock release [change project]
2023-10-26 13:26:16,767 [INFO] ThirdParty:835 - entering critical section [change project]
2023-10-26 13:26:16,767 [INFO] ThirdParty:1030 - CMSIS Pack Vendor :STMicroelectronics X-CUBE-ISPU 1.1.0
2023-10-26 13:26:16,767 [INFO] ThirdParty:1030 - CMSIS Pack Vendor :STMicroelectronics USBPD 4.1
2023-10-26 13:26:16,767 [INFO] ThirdParty:1030 - CMSIS Pack Vendor :STMicroelectronics X-CUBE-GNSS1 6.0.0
2023-10-26 13:26:16,767 [INFO] ThirdParty:1030 - CMSIS Pack Vendor :STMicroelectronics USB_HOST 2.0.0
2023-10-26 13:26:16,767 [INFO] ThirdParty:1030 - CMSIS Pack Vendor :STMicroelectronics X-CUBE-AZRTOS-F4 1.1.0
2023-10-26 13:26:16,767 [INFO] ThirdParty:1030 - CMSIS Pack Vendor :STMicroelectronics LIBJPEG 8.0.0
2023-10-26 13:26:16,767 [INFO] ThirdParty:1030 - CMSIS Pack Vendor :wolfSSL I-CUBE-wolfSSL 5.6.3
2023-10-26 13:26:16,767 [INFO] ThirdParty:1030 - CMSIS Pack Vendor :STMicroelectronics X-CUBE-SMBUS 2.1.0
2023-10-26 13:26:16,767 [INFO] ThirdParty:1030 - CMSIS Pack Vendor :STMicroelectronics USB_DEVICE 3.0.0
2023-10-26 13:26:16,767 [INFO] ThirdParty:1030 - CMSIS Pack Vendor :STMicroelectronics X-CUBE-AZRTOS-WB 2.0.0
2023-10-26 13:26:16,768 [INFO] ThirdParty:1030 - CMSIS Pack Vendor :STMicroelectronics X-CUBE-FREERTOS 1.0.1
2023-10-26 13:26:16,768 [INFO] ThirdParty:1030 - CMSIS Pack Vendor :STMicroelectronics X-CUBE-TOUCHGFX 4.21.1
2023-10-26 13:26:16,768 [INFO] ThirdParty:1030 - CMSIS Pack Vendor :STMicroelectronics X-CUBE-TOUCHGFX 4.21.0
2023-10-26 13:26:16,768 [INFO] ThirdParty:1030 - CMSIS Pack Vendor :STMicroelectronics X-CUBE-AZRTOS-F7 1.1.0
2023-10-26 13:26:16,768 [INFO] ThirdParty:1030 - CMSIS Pack Vendor :STMicroelectronics X-CUBE-TOUCHGFX 4.21.4
2023-10-26 13:26:16,768 [INFO] ThirdParty:1030 - CMSIS Pack Vendor :STMicroelectronics X-CUBE-AZRTOS-L5 2.0.0
2023-10-26 13:26:16,768 [INFO] ThirdParty:1030 - CMSIS Pack Vendor :STMicroelectronics USB_DEVICE 2.0.0
2023-10-26 13:26:16,768 [INFO] ThirdParty:1030 - CMSIS Pack Vendor :STMicroelectronics X-CUBE-MEMS1 9.6.0
2023-10-26 13:26:16,768 [INFO] ThirdParty:1030 - CMSIS Pack Vendor :STMicroelectronics X-CUBE-EEPRMA1 4.2.0
2023-10-26 13:26:16,768 [INFO] ThirdParty:1030 - CMSIS Pack Vendor :ITTIA_DB I-CUBE-ITTIADB 8.8.0
2023-10-26 13:26:16,768 [INFO] ThirdParty:1030 - CMSIS Pack Vendor :STMicroelectronics FP-SNS-MOTENV1 4.3.2
2023-10-26 13:26:16,768 [INFO] ThirdParty:1030 - CMSIS Pack Vendor :STMicroelectronics X-CUBE-ALGOBUILD 1.3.0
2023-10-26 13:26:16,768 [INFO] ThirdParty:1030 - CMSIS Pack Vendor :STMicroelectronics X-CUBE-BLE1 6.2.4
2023-10-26 13:26:16,768 [INFO] ThirdParty:1030 - CMSIS Pack Vendor :STMicroelectronics X-CUBE-AZRTOS-L5 1.1.0
2023-10-26 13:26:16,768 [INFO] ThirdParty:1030 - CMSIS Pack Vendor :STMicroelectronics FreeRTOS 0.0.1
2023-10-26 13:26:16,768 [INFO] ThirdParty:1030 - CMSIS Pack Vendor :STMicroelectronics X-CUBE-AZRTOS-G0 1.1.0
2023-10-26 13:26:16,768 [INFO] ThirdParty:1030 - CMSIS Pack Vendor :emotas I-CUBE-CANOPEN 1.1.3
2023-10-26 13:26:16,768 [INFO] ThirdParty:1030 - CMSIS Pack Vendor :STMicroelectronics X-CUBE-BLEMGR 2.0.0
2023-10-26 13:26:16,768 [INFO] ThirdParty:1030 - CMSIS Pack Vendor :STMicroelectronics X-CUBE-AI 8.0.1
2023-10-26 13:26:16,768 [INFO] ThirdParty:1030 - CMSIS Pack Vendor :STMicroelectronics X-CUBE-NFC4 3.0.0
2023-10-26 13:26:16,768 [INFO] ThirdParty:1030 - CMSIS Pack Vendor :STMicroelectronics X-CUBE-SUBG2 5.0.0
2023-10-26 13:26:16,768 [INFO] ThirdParty:1030 - CMSIS Pack Vendor :STMicroelectronics STM32_WPAN 1.0.0
2023-10-26 13:26:16,769 [INFO] ThirdParty:1030 - CMSIS Pack Vendor :STMicroelectronics lwIP 2.0.3
2023-10-26 13:26:16,769 [INFO] ThirdParty:1030 - CMSIS Pack Vendor :STMicroelectronics FP-SNS-FLIGHT1 5.0.2
2023-10-26 13:26:16,769 [INFO] ThirdParty:1030 - CMSIS Pack Vendor :STMicroelectronics USB_HOST 1.0.0
2023-10-26 13:26:16,769 [INFO] ThirdParty:1030 - CMSIS Pack Vendor :STMicroelectronics X-CUBE-TOF1 3.3.1
2023-10-26 13:26:16,769 [INFO] ThirdParty:1030 - CMSIS Pack Vendor :STMicroelectronics X-CUBE-AZRTOS-G4 2.0.0
2023-10-26 13:26:16,769 [INFO] ThirdParty:1030 - CMSIS Pack Vendor :STMicroelectronics PDM2PCM 3.1.0
2023-10-26 13:26:16,769 [INFO] ThirdParty:1030 - CMSIS Pack Vendor :STMicroelectronics X-CUBE-AZRTOS-H7 3.1.0
2023-10-26 13:26:16,769 [INFO] ThirdParty:1030 - CMSIS Pack Vendor :STMicroelectronics X-CUBE-TOF1 3.3.0
2023-10-26 13:26:16,769 [INFO] ThirdParty:1030 - CMSIS Pack Vendor :Infineon AIROC-Wi-Fi-Bluetooth-STM32 1.5.1
2023-10-26 13:26:16,769 [INFO] ThirdParty:1030 - CMSIS Pack Vendor :STMicroelectronics PDM2PCM 3.3.0
2023-10-26 13:26:16,769 [INFO] ThirdParty:1030 - CMSIS Pack Vendor :STMicroelectronics X-CUBE-DISPLAY 3.0.0
2023-10-26 13:26:16,769 [INFO] ThirdParty:1030 - CMSIS Pack Vendor :STMicroelectronics X-CUBE-BLE1 7.0.0
2023-10-26 13:26:16,769 [INFO] ThirdParty:1030 - CMSIS Pack Vendor :STMicroelectronics FP-ATR-SIGFOX1 3.2.0
2023-10-26 13:26:16,769 [INFO] ThirdParty:1030 - CMSIS Pack Vendor :STMicroelectronics HAL Drivers 0.0.0
2023-10-26 13:26:16,769 [INFO] ThirdParty:1030 - CMSIS Pack Vendor :STMicroelectronics MBEDTLS 2.16.2
2023-10-26 13:26:16,769 [INFO] ThirdParty:1030 - CMSIS Pack Vendor :emotas I-CUBE-CANOPEN 1.3.0
2023-10-26 13:26:16,769 [INFO] ThirdParty:1030 - CMSIS Pack Vendor :STMicroelectronics X-CUBE-MEMS1 10.0.0
2023-10-26 13:26:16,769 [INFO] ThirdParty:1030 - CMSIS Pack Vendor :STMicroelectronics X-CUBE-FREERTOS 1.1.0
2023-10-26 13:26:16,770 [INFO] ThirdParty:1030 - CMSIS Pack Vendor :STMicroelectronics X-CUBE-TOUCHGFX 4.22.0
2023-10-26 13:26:16,770 [INFO] ThirdParty:1030 - CMSIS Pack Vendor :STMicroelectronics X-CUBE-NFC7 1.0.1
2023-10-26 13:26:16,770 [INFO] ThirdParty:1030 - CMSIS Pack Vendor :STMicroelectronics MBEDTLS 2.14.1
2023-10-26 13:26:16,770 [INFO] ThirdParty:1030 - CMSIS Pack Vendor :STMicroelectronics X-CUBE-TOUCHGFX 4.22.1
2023-10-26 13:26:16,770 [INFO] ThirdParty:1030 - CMSIS Pack Vendor :STMicroelectronics X-CUBE-NFC6 3.0.0
2023-10-26 13:26:16,770 [INFO] ThirdParty:1030 - CMSIS Pack Vendor :STMicroelectronics X-CUBE-EEPRMA1 4.1.0
2023-10-26 13:26:16,770 [INFO] ThirdParty:1030 - CMSIS Pack Vendor :portGmbH I-Cube-SoM-uGOAL 1.1.0
2023-10-26 13:26:16,771 [INFO] ThirdParty:1030 - CMSIS Pack Vendor :STMicroelectronics X-CUBE-ALS 1.0.1
2023-10-26 13:26:16,771 [INFO] ThirdParty:1030 - CMSIS Pack Vendor :STMicroelectronics ThreadX 1.0.0
2023-10-26 13:26:16,771 [INFO] ThirdParty:1030 - CMSIS Pack Vendor :STMicroelectronics FP-SNS-SMARTAG2 1.2.0
2023-10-26 13:26:16,771 [INFO] ThirdParty:1030 - CMSIS Pack Vendor :STMicroelectronics X-CUBE-AZRTOS-WB 1.1.0
2023-10-26 13:26:16,771 [INFO] ThirdParty:1030 - CMSIS Pack Vendor :STMicroelectronics X-CUBE-AZRTOS-WL 2.0.0
2023-10-26 13:26:16,771 [INFO] ThirdParty:1030 - CMSIS Pack Vendor :SEGGER I-CUBE-embOS 1.3.1
2023-10-26 13:26:16,771 [INFO] ThirdParty:1030 - CMSIS Pack Vendor :STMicroelectronics USB_DEVICE 1.0.0
2023-10-26 13:26:16,771 [INFO] ThirdParty:1030 - CMSIS Pack Vendor :STMicroelectronics X-CUBE-AI 8.1.0
2023-10-26 13:26:16,771 [INFO] ThirdParty:1030 - CMSIS Pack Vendor :STMicroelectronics X-CUBE-AZRTOS-L4 2.0.0
2023-10-26 13:26:16,771 [INFO] ThirdParty:1030 - CMSIS Pack Vendor :STMicroelectronics ThreadX 0.0.2
2023-10-26 13:26:16,771 [INFO] ThirdParty:1030 - CMSIS Pack Vendor :WES I-CUBE-Cesium 1.3.0
2023-10-26 13:26:16,771 [INFO] ThirdParty:1030 - CMSIS Pack Vendor :STMicroelectronics FP-ATR-ASTRA1 2.0.0
2023-10-26 13:26:16,771 [INFO] ThirdParty:1030 - CMSIS Pack Vendor :STMicroelectronics lwIP 2.1.2
2023-10-26 13:26:16,771 [INFO] ThirdParty:1030 - CMSIS Pack Vendor :STMicroelectronics X-CUBE-SFXS2LP1 4.0.0
2023-10-26 13:26:16,771 [INFO] ThirdParty:1030 - CMSIS Pack Vendor :STMicroelectronics X-CUBE-BLE2 3.3.0
2023-10-26 13:26:16,771 [INFO] ThirdParty:1030 - CMSIS Pack Vendor :STMicroelectronics PDM2PCM 3.2.0
2023-10-26 13:26:16,771 [INFO] ThirdParty:1030 - CMSIS Pack Vendor :STMicroelectronics X-CUBE-TOUCHGFX 4.18.0
2023-10-26 13:26:16,772 [INFO] ThirdParty:841 - exiting critical section [change project]
2023-10-26 13:26:16,927 [INFO] PinOutPanel:1499 - setPackage(No Configuration,No Configuration)
2023-10-26 13:26:16,929 [INFO] PinOutPanel:1499 - setPackage(STM32F103C8Tx,LQFP48)
2023-10-26 13:26:17,182 [INFO] UtilMem:75 - Before build in PCC Used Memory: 215004656 Bytes (683671552)
2023-10-26 13:26:17,402 [INFO] UtilMem:75 - After build in PCC Used Memory: 256421360 Bytes (683671552)
2023-10-26 13:26:17,419 [INFO] IPUIPlugin:80 - create IPUIPlugin
2023-10-26 13:26:17,419 [INFO] IPUIPlugin:80 - create IPUIPlugin
2023-10-26 13:26:17,419 [INFO] IPUIPlugin:80 - create IPUIPlugin
2023-10-26 13:26:17,419 [INFO] IPUIPlugin:80 - create IPUIPlugin
2023-10-26 13:26:17,419 [INFO] IPUIPlugin:80 - create IPUIPlugin
2023-10-26 13:26:17,419 [INFO] IPUIPlugin:80 - create IPUIPlugin
2023-10-26 13:26:17,420 [INFO] IPUIPlugin:80 - create IPUIPlugin
2023-10-26 13:26:17,420 [INFO] IPUIPlugin:80 - create IPUIPlugin
2023-10-26 13:26:17,420 [INFO] IPUIPlugin:80 - create IPUIPlugin
2023-10-26 13:26:17,420 [INFO] IPUIPlugin:80 - create IPUIPlugin
2023-10-26 13:26:17,420 [INFO] IPUIPlugin:80 - create IPUIPlugin
2023-10-26 13:26:17,420 [INFO] IPUIPlugin:80 - create IPUIPlugin
2023-10-26 13:26:17,420 [INFO] IPUIPlugin:80 - create IPUIPlugin
2023-10-26 13:26:17,421 [INFO] IPUIPlugin:80 - create IPUIPlugin
2023-10-26 13:26:17,421 [INFO] IPUIPlugin:80 - create IPUIPlugin
2023-10-26 13:26:17,421 [INFO] IPUIPlugin:80 - create IPUIPlugin
2023-10-26 13:26:17,421 [INFO] IPUIPlugin:80 - create IPUIPlugin
2023-10-26 13:26:17,421 [INFO] IPUIPlugin:80 - create IPUIPlugin
2023-10-26 13:26:17,421 [INFO] IPUIPlugin:80 - create IPUIPlugin
2023-10-26 13:26:17,422 [INFO] IPUIPlugin:80 - create IPUIPlugin
2023-10-26 13:26:17,422 [INFO] IPUIPlugin:80 - create IPUIPlugin
2023-10-26 13:26:17,422 [INFO] IPUIPlugin:80 - create IPUIPlugin
2023-10-26 13:26:17,422 [INFO] IPUIPlugin:80 - create IPUIPlugin
2023-10-26 13:26:17,422 [INFO] IPUIPlugin:80 - create IPUIPlugin
2023-10-26 13:26:17,422 [INFO] IPUIPlugin:80 - create IPUIPlugin
2023-10-26 13:26:17,422 [INFO] IPUIPlugin:80 - create IPUIPlugin
2023-10-26 13:26:17,423 [INFO] IPUIPlugin:80 - create IPUIPlugin
2023-10-26 13:26:17,477 [INFO] CADModel:165 - CPN selected for project levelSTM32F103C8T6
2023-10-26 13:26:17,477 [INFO] CADModel:114 - Register for checkConnection events
2023-10-26 13:26:17,542 [INFO] OpenFileManager:328 - Restore cursor
2023-10-26 13:37:11,488 [INFO] NvicIntPanel:101 - NVIC parent = com.st.microxplorer.plugins.ip.nvic.MultiNvicIntPanel[,0,0,0x0,invalid,layout=javax.swing.BoxLayout,alignmentX=0.0,alignmentY=0.0,border=,flags=9,maximumSize=,minimumSize=,preferredSize=]
2023-10-26 15:26:29,149 [INFO] NvicIntPanel:101 - NVIC parent = com.st.microxplorer.plugins.ip.nvic.MultiNvicIntPanel[,0,0,0x0,invalid,layout=javax.swing.BoxLayout,alignmentX=0.0,alignmentY=0.0,border=,flags=9,maximumSize=,minimumSize=,preferredSize=]
2023-10-26 15:29:02,775 [INFO] NvicIntPanel:101 - NVIC parent = com.st.microxplorer.plugins.ip.nvic.MultiNvicIntPanel[,0,0,0x0,invalid,layout=javax.swing.BoxLayout,alignmentX=0.0,alignmentY=0.0,border=,flags=9,maximumSize=,minimumSize=,preferredSize=]
2023-10-26 15:29:08,347 [INFO] NvicIntPanel:101 - NVIC parent = com.st.microxplorer.plugins.ip.nvic.MultiNvicIntPanel[,0,0,0x0,invalid,layout=javax.swing.BoxLayout,alignmentX=0.0,alignmentY=0.0,border=,flags=9,maximumSize=,minimumSize=,preferredSize=]
2023-10-26 15:29:18,367 [INFO] NvicIntPanel:101 - NVIC parent = com.st.microxplorer.plugins.ip.nvic.MultiNvicIntPanel[,0,0,0x0,invalid,layout=javax.swing.BoxLayout,alignmentX=0.0,alignmentY=0.0,border=,flags=9,maximumSize=,minimumSize=,preferredSize=]
2023-10-26 15:30:27,728 [INFO] NvicIntPanel:101 - NVIC parent = com.st.microxplorer.plugins.ip.nvic.MultiNvicIntPanel[,0,0,680x103,layout=javax.swing.BoxLayout,alignmentX=0.0,alignmentY=0.0,border=,flags=9,maximumSize=,minimumSize=,preferredSize=]
2023-10-26 15:30:28,546 [INFO] NvicIntPanel:101 - NVIC parent = com.st.microxplorer.plugins.ip.nvic.MultiNvicIntPanel[,0,0,0x0,invalid,layout=javax.swing.BoxLayout,alignmentX=0.0,alignmentY=0.0,border=,flags=9,maximumSize=,minimumSize=,preferredSize=]
2023-10-26 15:30:28,832 [INFO] NvicIntPanel:101 - NVIC parent = com.st.microxplorer.plugins.ip.nvic.MultiNvicIntPanel[,0,0,0x0,invalid,layout=javax.swing.BoxLayout,alignmentX=0.0,alignmentY=0.0,border=,flags=9,maximumSize=,minimumSize=,preferredSize=]
2023-10-26 15:30:29,316 [INFO] NvicIntPanel:101 - NVIC parent = com.st.microxplorer.plugins.ip.nvic.MultiNvicIntPanel[,0,0,0x0,invalid,layout=javax.swing.BoxLayout,alignmentX=0.0,alignmentY=0.0,border=,flags=9,maximumSize=,minimumSize=,preferredSize=]
2023-10-26 15:30:37,626 [INFO] NvicIntPanel:101 - NVIC parent = com.st.microxplorer.plugins.ip.nvic.MultiNvicIntPanel[,0,0,0x0,invalid,layout=javax.swing.BoxLayout,alignmentX=0.0,alignmentY=0.0,border=,flags=9,maximumSize=,minimumSize=,preferredSize=]
2023-10-26 15:30:40,941 [INFO] NvicIntPanel:101 - NVIC parent = com.st.microxplorer.plugins.ip.nvic.MultiNvicIntPanel[,0,0,0x0,invalid,layout=javax.swing.BoxLayout,alignmentX=0.0,alignmentY=0.0,border=,flags=9,maximumSize=,minimumSize=,preferredSize=]
2023-10-26 15:30:51,316 [INFO] NvicIntPanel:101 - NVIC parent = com.st.microxplorer.plugins.ip.nvic.MultiNvicIntPanel[,0,0,0x0,invalid,layout=javax.swing.BoxLayout,alignmentX=0.0,alignmentY=0.0,border=,flags=9,maximumSize=,minimumSize=,preferredSize=]
2023-10-26 15:30:53,272 [INFO] NvicIntPanel:101 - NVIC parent = com.st.microxplorer.plugins.ip.nvic.MultiNvicIntPanel[,0,0,0x0,invalid,layout=javax.swing.BoxLayout,alignmentX=0.0,alignmentY=0.0,border=,flags=9,maximumSize=,minimumSize=,preferredSize=]
2023-10-26 15:31:24,513 [INFO] NvicIntPanel:101 - NVIC parent = com.st.microxplorer.plugins.ip.nvic.MultiNvicIntPanel[,0,0,0x0,invalid,layout=javax.swing.BoxLayout,alignmentX=0.0,alignmentY=0.0,border=,flags=9,maximumSize=,minimumSize=,preferredSize=]
2023-10-26 15:31:29,225 [INFO] Mcu:1605 - InternalPropertyChange: try BijectiveRequest:Asynchronous
2023-10-26 15:31:39,423 [INFO] NvicIntPanel:101 - NVIC parent = com.st.microxplorer.plugins.ip.nvic.MultiNvicIntPanel[,0,0,680x152,layout=javax.swing.BoxLayout,alignmentX=0.0,alignmentY=0.0,border=,flags=9,maximumSize=,minimumSize=,preferredSize=]
2023-10-26 15:33:16,489 [INFO] Gpio:273 - dependency for GPIO [RCC, SYS, TIM1, TIM2, USART2]
2023-10-26 15:33:48,353 [INFO] Gpio:273 - dependency for GPIO [RCC, SYS, TIM1, TIM2, USART2]
2023-10-26 15:33:48,483 [INFO] Gpio:273 - dependency for GPIO [RCC, SYS, TIM1, TIM2, USART2]
2023-10-26 15:34:21,682 [INFO] Gpio:273 - dependency for GPIO [RCC, SYS, TIM1, TIM2, USART2]
2023-10-26 15:34:21,720 [INFO] NvicIntPanel:101 - NVIC parent = com.st.microxplorer.plugins.ip.nvic.MultiNvicIntPanel[,0,0,0x0,invalid,layout=javax.swing.BoxLayout,alignmentX=0.0,alignmentY=0.0,border=,flags=9,maximumSize=,minimumSize=,preferredSize=]
2023-10-26 15:34:21,834 [INFO] Gpio:273 - dependency for GPIO [RCC, SYS, TIM1, TIM2, USART2]
2023-10-26 15:34:21,887 [INFO] NvicIntPanel:101 - NVIC parent = com.st.microxplorer.plugins.ip.nvic.MultiNvicIntPanel[,0,0,0x0,invalid,layout=javax.swing.BoxLayout,alignmentX=0.0,alignmentY=0.0,border=,flags=9,maximumSize=,minimumSize=,preferredSize=]
2023-10-26 15:34:27,023 [INFO] Gpio:273 - dependency for GPIO [RCC, SYS, TIM1, TIM2, USART2]
2023-10-26 15:34:27,131 [INFO] Gpio:273 - dependency for GPIO [RCC, SYS, TIM1, TIM2, USART2]
2023-10-26 15:34:41,789 [INFO] Gpio:273 - dependency for GPIO [RCC, SYS, TIM1, TIM2, USART2]
2023-10-26 15:34:41,819 [INFO] NvicIntPanel:101 - NVIC parent = com.st.microxplorer.plugins.ip.nvic.MultiNvicIntPanel[,0,0,0x0,invalid,layout=javax.swing.BoxLayout,alignmentX=0.0,alignmentY=0.0,border=,flags=9,maximumSize=,minimumSize=,preferredSize=]
2023-10-26 15:34:41,939 [INFO] Gpio:273 - dependency for GPIO [RCC, SYS, TIM1, TIM2, USART2]
2023-10-26 15:34:41,975 [INFO] NvicIntPanel:101 - NVIC parent = com.st.microxplorer.plugins.ip.nvic.MultiNvicIntPanel[,0,0,0x0,invalid,layout=javax.swing.BoxLayout,alignmentX=0.0,alignmentY=0.0,border=,flags=9,maximumSize=,minimumSize=,preferredSize=]
2023-10-26 15:34:52,139 [INFO] Gpio:273 - dependency for GPIO [RCC, SYS, TIM1, TIM2, USART2]
2023-10-26 15:34:52,169 [INFO] NvicIntPanel:101 - NVIC parent = com.st.microxplorer.plugins.ip.nvic.MultiNvicIntPanel[,0,0,0x0,invalid,layout=javax.swing.BoxLayout,alignmentX=0.0,alignmentY=0.0,border=,flags=9,maximumSize=,minimumSize=,preferredSize=]
2023-10-26 15:34:52,266 [INFO] Gpio:273 - dependency for GPIO [RCC, SYS, TIM1, TIM2, USART2]
2023-10-26 15:34:52,295 [INFO] NvicIntPanel:101 - NVIC parent = com.st.microxplorer.plugins.ip.nvic.MultiNvicIntPanel[,0,0,0x0,invalid,layout=javax.swing.BoxLayout,alignmentX=0.0,alignmentY=0.0,border=,flags=9,maximumSize=,minimumSize=,preferredSize=]
2023-10-26 15:34:56,648 [INFO] Pin:2113 - value.trim() 
2023-10-26 15:34:56,648 [INFO] Pin:2114 - Pin value PC13-TAMPER-RTC
2023-10-26 15:35:12,372 [INFO] Gpio:273 - dependency for GPIO [RCC, SYS, TIM1, TIM2, USART2]
2023-10-26 15:35:37,495 [INFO] Gpio:273 - dependency for GPIO [RCC, SYS, TIM1, TIM2, USART2]
2023-10-26 16:38:05,854 [INFO] UtilMem:75 - End SaveConfig() Used Memory: 668499448 Bytes (801112064)
2023-10-26 16:38:08,063 [INFO] UtilMem:75 - End SaveConfig() Used Memory: 425214264 Bytes (801112064)
2023-10-26 16:38:08,657 [INFO] BlockDiagram:2759 - set Specific Code input for plugin: NVIC
2023-10-26 16:38:08,657 [INFO] BlockDiagram:2759 - set Specific Code input for plugin: USART
2023-10-26 16:38:08,657 [INFO] BlockDiagram:2759 - set Specific Code input for plugin: TIM1_8F1
2023-10-26 16:38:08,657 [INFO] BlockDiagram:2759 - set Specific Code input for plugin: TIM1_8F1
2023-10-26 16:38:08,657 [INFO] BlockDiagram:2759 - set Specific Code input for plugin: SYS
2023-10-26 16:38:08,657 [INFO] BlockDiagram:2759 - set Specific Code input for plugin: GPIO
2023-10-26 16:38:08,657 [INFO] BlockDiagram:2759 - set Specific Code input for plugin: RCC
2023-10-26 16:38:08,667 [INFO] CodeGenerator:799 - code generatio: config db path: C:\ST\STM32CubeIDE_1.12.0\STM32CubeIDE\plugins\com.st.stm32cube.common.mx_6.9.2.202309101412\\db\
2023-10-26 16:38:09,034 [INFO] CodeEngine:255 - oldGeneratedFile, D:\STM32\motor123\MXTmpFiles\license.tmp_save
2023-10-26 16:38:10,114 [INFO] CodeEngine:279 - Generated code: D:\STM32\motor123\MXTmpFiles\license.tmp
2023-10-26 16:38:10,210 [INFO] CodeEngine:255 - oldGeneratedFile, D:\STM32\motor123\Core\Src\gpio.c_save
2023-10-26 16:38:10,319 [INFO] CodeEngine:279 - Generated code: D:\STM32\motor123\Core\Src\gpio.c
2023-10-26 16:38:10,332 [INFO] CodeEngine:255 - oldGeneratedFile, D:\STM32\motor123\Core\Inc\gpio.h_save
2023-10-26 16:38:10,403 [INFO] CodeEngine:279 - Generated code: D:\STM32\motor123\Core\Inc\gpio.h
2023-10-26 16:38:10,548 [INFO] CodeEngine:255 - oldGeneratedFile, D:\STM32\motor123\Core\Src\tim.c_save
2023-10-26 16:38:10,699 [INFO] CodeEngine:279 - Generated code: D:\STM32\motor123\Core\Src\tim.c
2023-10-26 16:38:10,717 [INFO] CodeEngine:255 - oldGeneratedFile, D:\STM32\motor123\Core\Inc\tim.h_save
2023-10-26 16:38:10,797 [INFO] CodeEngine:279 - Generated code: D:\STM32\motor123\Core\Inc\tim.h
2023-10-26 16:38:10,802 [INFO] CodeEngine:255 - oldGeneratedFile, D:\STM32\motor123\Core\Src\usart.c_save
2023-10-26 16:38:10,915 [INFO] CodeEngine:279 - Generated code: D:\STM32\motor123\Core\Src\usart.c
2023-10-26 16:38:10,917 [INFO] CodeEngine:255 - oldGeneratedFile, D:\STM32\motor123\Core\Inc\usart.h_save
2023-10-26 16:38:10,997 [INFO] CodeEngine:279 - Generated code: D:\STM32\motor123\Core\Inc\usart.h
2023-10-26 16:38:11,019 [INFO] CodeEngine:255 - oldGeneratedFile, D:\STM32\motor123\Core\Src\stm32f1xx_it.c_save
2023-10-26 16:38:11,220 [INFO] CodeEngine:279 - Generated code: D:\STM32\motor123\Core\Src\stm32f1xx_it.c
2023-10-26 16:38:11,231 [INFO] CodeEngine:255 - oldGeneratedFile, D:\STM32\motor123\Core\Inc\stm32f1xx_it.h_save
2023-10-26 16:38:11,302 [INFO] CodeEngine:279 - Generated code: D:\STM32\motor123\Core\Inc\stm32f1xx_it.h
2023-10-26 16:38:11,327 [INFO] CodeEngine:255 - oldGeneratedFile, D:\STM32\motor123\Core\Src\stm32f1xx_hal_msp.c_save
2023-10-26 16:38:11,437 [INFO] CodeEngine:279 - Generated code: D:\STM32\motor123\Core\Src\stm32f1xx_hal_msp.c
2023-10-26 16:38:11,440 [INFO] CodeEngine:255 - oldGeneratedFile, D:\STM32\motor123\MXTmpFiles\system.tmp_save
2023-10-26 16:38:11,665 [INFO] CodeEngine:279 - Generated code: D:\STM32\motor123\MXTmpFiles\system.tmp
2023-10-26 16:38:11,688 [INFO] CodeEngine:311 - oldGeneratedFile, D:\STM32\motor123\Core\Inc\stm32f1xx_hal_conf.h_save
2023-10-26 16:38:11,815 [INFO] CodeEngine:335 - Generated code: D:\STM32\motor123\Core\Inc\stm32f1xx_hal_conf.h
2023-10-26 16:38:11,864 [INFO] CodeEngine:255 - oldGeneratedFile, D:\STM32\motor123\Core\Inc\main.h_save
2023-10-26 16:38:11,970 [INFO] CodeEngine:279 - Generated code: D:\STM32\motor123\Core\Inc\main.h
2023-10-26 16:38:11,984 [INFO] CodeEngine:255 - oldGeneratedFile, D:\STM32\motor123\Core\Src\main.c_save
2023-10-26 16:38:12,071 [INFO] CodeEngine:279 - Generated code: D:\STM32\motor123\Core\Src\main.c
2023-10-26 16:38:12,469 [INFO] ProjectBuilder:3064 - Time for Copy HAL[1] : 115mS.
2023-10-26 16:38:12,473 [INFO] ProjectBuilder:4404 - Project Generator version: 4.1.0
2023-10-26 16:38:12,633 [INFO] ConfigFileManager:1457 - The Die is : DIE410
2023-10-26 16:38:12,636 [INFO] ApiDbMcu:507 - Load IP Config File for FATFS
2023-10-26 16:38:12,639 [INFO] ApiDbMcu:507 - Load IP Config File for FREERTOS
2023-10-26 16:38:12,643 [INFO] ApiDbMcu:507 - Load IP Config File for USB_DEVICE
2023-10-26 16:38:16,592 [INFO] ProjectBuilder:4626 - Time for Generating toolchain IDE Files: 4084mS.
2023-10-26 16:38:16,635 [INFO] ProjectBuilder:2935 - Time for Copy CMSIS : 5mS.
2023-10-26 16:38:16,637 [INFO] ProjectBuilder:2935 - Time for Copy CMSIS : 0mS.
2023-10-26 17:30:34,895 [ERROR] LogOutputStream:75 - [STDERR_REDIRECT] 
