2024-01-12 14:33:58,419 [INFO] Activator:176 - 


2024-01-12 14:33:58,425 [INFO] Activator:177 - !SESSION log4j initialized
2024-01-12 14:34:05,006 [ERROR] LogOutputStream:75 - [STDERR_REDIRECT] ?.?. 12, 2024 2:34:04 ??????? org.glassfish.grizzly.http.server.NetworkListener start
2024-01-12 14:34:05,008 [ERROR] LogOutputStream:75 - [STDERR_REDIRECT] INFO: Started listener bound to [localhost:1595]
2024-01-12 14:34:05,009 [ERROR] LogOutputStream:75 - [STDERR_REDIRECT] 
2024-01-12 14:34:05,011 [ERROR] LogOutputStream:75 - [STDERR_REDIRECT] ?.?. 12, 2024 2:34:05 ??????? org.glassfish.grizzly.http.server.HttpServer start
2024-01-12 14:34:05,012 [ERROR] LogOutputStream:75 - [STDERR_REDIRECT] INFO: [HttpServer] Started.
2024-01-12 14:34:05,013 [ERROR] LogOutputStream:75 - [STDERR_REDIRECT] 
2024-01-12 14:34:06,194 [INFO] LogOutputStream:77 - [STDOUT_REDIRECT] 
2024-01-12 14:34:06,993 [INFO] ApplicationProperties:184 - Using Application install path: C:\ST\STM32CubeIDE_1.12.0\STM32CubeIDE\plugins\com.st.stm32cube.common.mx_6.10.0.202311202037
2024-01-12 14:34:07,013 [INFO] DbMcusXml:78 - Set database path to: C:\ST\STM32CubeIDE_1.12.0\STM32CubeIDE\plugins\com.st.stm32cube.common.mx_6.10.0.202311202037\\db\/mcu/
2024-01-12 14:34:07,013 [INFO] ApiDb:274 - Set plugin database path to: C:\ST\STM32CubeIDE_1.12.0\STM32CubeIDE\plugins\com.st.stm32cube.common.mx_6.10.0.202311202037\\db\/plugins/boardmanager/
2024-01-12 14:34:07,013 [WARN] ApiDb:259 - Overriding images path with different value:  => C:\ST\STM32CubeIDE_1.12.0\STM32CubeIDE\plugins\com.st.stm32cube.common.mx_6.10.0.202311202037\\db\/plugins/mcufinder/images/
2024-01-12 14:34:07,027 [INFO] ApiDb:250 - Set database path to: C:\Users\user\.stmcufinder\plugins\mcufinder//mcu/
2024-01-12 14:34:07,028 [INFO] DbMcusAds:125 - Set database path to: C:\Users\user\.stmcufinder\plugins\mcufinder//mcu/
2024-01-12 14:34:07,029 [INFO] CrossReferenceDbSqlite:203 - Set database path to: C:\Users\user\.stmcufinder\plugins\mcufinder//mcu/cs/
2024-01-12 14:34:07,151 [INFO] RulesReader:64 - Compatibility file has been processed (297 Rules)
2024-01-12 14:34:07,216 [INFO] DbMcusXml:78 - Set database path to: C:\ST\STM32CubeIDE_1.12.0\STM32CubeIDE\plugins\com.st.stm32cube.common.mx_6.10.0.202311202037\\db\/mcu/
2024-01-12 14:34:07,216 [INFO] ApiDb:274 - Set plugin database path to: C:\ST\STM32CubeIDE_1.12.0\STM32CubeIDE\plugins\com.st.stm32cube.common.mx_6.10.0.202311202037\\db\/plugins/boardmanager/
2024-01-12 14:34:07,216 [INFO] ApiDb:261 - Set plugin images path to: C:\ST\STM32CubeIDE_1.12.0\STM32CubeIDE\plugins\com.st.stm32cube.common.mx_6.10.0.202311202037\\db\/plugins/mcufinder/images/
2024-01-12 14:34:07,216 [WARN] DbFile:41 - Overriding database path with different value: C:\Users\user\.stmcufinder\plugins\mcufinder/ => C:\Users\user\.stmcufinder\plugins\mcufinder
2024-01-12 14:34:07,216 [INFO] ApiDb:250 - Set database path to: C:\Users\user\.stmcufinder\plugins\mcufinder//mcu/
2024-01-12 14:34:07,216 [WARN] DbFile:41 - Overriding database path with different value: C:\Users\user\.stmcufinder\plugins\mcufinder/ => C:\Users\user\.stmcufinder\plugins\mcufinder
2024-01-12 14:34:07,216 [INFO] DbMcusAds:125 - Set database path to: C:\Users\user\.stmcufinder\plugins\mcufinder//mcu/
2024-01-12 14:34:07,216 [WARN] DbFile:41 - Overriding database path with different value: C:\Users\user\.stmcufinder\plugins\mcufinder/ => C:\Users\user\.stmcufinder\plugins\mcufinder
2024-01-12 14:34:07,216 [WARN] DbFile:41 - Overriding database path with different value: C:\Users\user\.stmcufinder\plugins\mcufinder/ => C:\Users\user\.stmcufinder\plugins\mcufinder
2024-01-12 14:34:07,216 [INFO] CrossReferenceDbSqlite:203 - Set database path to: C:\Users\user\.stmcufinder\plugins\mcufinder//mcu/cs/
2024-01-12 14:34:07,309 [INFO] MainPanel:264 - HeapMemory: 268435456
2024-01-12 14:34:07,446 [INFO] DbMcusXml:78 - Set database path to: C:\ST\STM32CubeIDE_1.12.0\STM32CubeIDE\plugins\com.st.stm32cube.common.mx_6.10.0.202311202037\\db\/mcu/
2024-01-12 14:34:07,446 [INFO] ApiDb:274 - Set plugin database path to: C:\ST\STM32CubeIDE_1.12.0\STM32CubeIDE\plugins\com.st.stm32cube.common.mx_6.10.0.202311202037\\db\/plugins/boardmanager/
2024-01-12 14:34:07,446 [INFO] ApiDb:261 - Set plugin images path to: C:\ST\STM32CubeIDE_1.12.0\STM32CubeIDE\plugins\com.st.stm32cube.common.mx_6.10.0.202311202037\\db\/plugins/mcufinder/images/
2024-01-12 14:34:07,447 [WARN] DbFile:41 - Overriding database path with different value: C:\Users\user\.stmcufinder\plugins\mcufinder/ => C:\Users\user\.stmcufinder\plugins\mcufinder
2024-01-12 14:34:07,447 [INFO] ApiDb:250 - Set database path to: C:\Users\user\.stmcufinder\plugins\mcufinder//mcu/
2024-01-12 14:34:07,447 [WARN] DbFile:41 - Overriding database path with different value: C:\Users\user\.stmcufinder\plugins\mcufinder/ => C:\Users\user\.stmcufinder\plugins\mcufinder
2024-01-12 14:34:07,447 [INFO] DbMcusAds:125 - Set database path to: C:\Users\user\.stmcufinder\plugins\mcufinder//mcu/
2024-01-12 14:34:07,447 [WARN] DbFile:41 - Overriding database path with different value: C:\Users\user\.stmcufinder\plugins\mcufinder/ => C:\Users\user\.stmcufinder\plugins\mcufinder
2024-01-12 14:34:07,447 [WARN] DbFile:41 - Overriding database path with different value: C:\Users\user\.stmcufinder\plugins\mcufinder/ => C:\Users\user\.stmcufinder\plugins\mcufinder
2024-01-12 14:34:07,447 [INFO] CrossReferenceDbSqlite:203 - Set database path to: C:\Users\user\.stmcufinder\plugins\mcufinder//mcu/cs/
2024-01-12 14:34:07,468 [INFO] ApplicationProperties:184 - Using Application install path: C:\ST\STM32CubeIDE_1.12.0\STM32CubeIDE\plugins\com.st.stm32cube.common.mx_6.10.0.202311202037
2024-01-12 14:34:07,470 [INFO] PluginManage:196 - Search for loadable plugins [exclusion list=, ]
2024-01-12 14:34:07,473 [INFO] PluginManage:310 - Check plugin analytics
2024-01-12 14:34:07,690 [INFO] AnalyticsPlugin:253 - Accepted Software Licenses: STM32CubeMX.6.8.0,STM32CubeMX.6.8.1,STM32CubeMX.6.5.0,STM32CubeMX.6.9.1,STM32CubeMX.6.9.2,STM32CubeMX.6.10.0
2024-01-12 14:34:07,690 [INFO] AnalyticsPlugin:255 - Accepted CMSIS Pack Licenses: emotas.I-CUBE-CANOPEN.1.1.3,STMicroelectronics.X-CUBE-TOUCHGFX.4.21.0,STMicroelectronics.X-CUBE-TOUCHGFX.4.21.1,STMicroelectronics.X-CUBE-TOUCHGFX.4.18.0,STMicroelectronics.X-CUBE-TOUCHGFX.4.22.1,STMicroelectronics.X-CUBE-AZRTOS-H7.3.1.0,STMicroelectronics.X-CUBE-AZRTOS-H7.3.2.0,ITTIA_DB.I-CUBE-ITTIADB.8.8.0
2024-01-12 14:34:07,691 [INFO] AnalyticsPlugin:257 - Accepted Firmware Licenses: FW.H7.1.11.0,FW.G0.1.6.0,FW.F4.1.27.0
2024-01-12 14:34:07,694 [INFO] PluginManage:359 - Loaded plugin analytics (category:tool,tabindex:-1)
2024-01-12 14:34:07,695 [INFO] PluginManage:310 - Check plugin cadmodel
2024-01-12 14:34:07,704 [INFO] CADModel:105 - Init CAD model plugin
2024-01-12 14:34:07,704 [INFO] PluginManage:359 - Loaded plugin cadmodel (category:power,tabindex:5)
2024-01-12 14:34:07,704 [INFO] PluginManage:310 - Check plugin clock
2024-01-12 14:34:07,733 [INFO] PluginManage:359 - Loaded plugin clock (category:base,tabindex:2)
2024-01-12 14:34:07,733 [INFO] PluginManage:310 - Check plugin ddr
2024-01-12 14:34:07,735 [INFO] PluginManage:359 - Loaded plugin ddr (category:tool,tabindex:6)
2024-01-12 14:34:07,736 [INFO] PluginManage:310 - Check plugin filemanager
2024-01-12 14:34:07,910 [INFO] PluginManage:359 - Loaded plugin filemanager (category:base,tabindex:10)
2024-01-12 14:34:07,910 [INFO] PluginManage:310 - Check plugin ipmanager
2024-01-12 14:34:07,919 [INFO] PluginManage:359 - Loaded plugin ipmanager (category:base,tabindex:5)
2024-01-12 14:34:07,920 [INFO] PluginManage:310 - Check plugin lpbam
2024-01-12 14:34:07,928 [INFO] PluginManage:359 - Loaded plugin lpbam (category:base,tabindex:0)
2024-01-12 14:34:07,928 [INFO] PluginManage:310 - Check plugin memorymap
2024-01-12 14:34:07,943 [INFO] PluginManage:359 - Loaded plugin memorymap (category:base,tabindex:4)
2024-01-12 14:34:07,943 [INFO] PluginManage:310 - Check plugin pinoutandconfiguration
2024-01-12 14:34:07,952 [INFO] PluginManage:359 - Loaded plugin pinoutandconfiguration (category:base,tabindex:1)
2024-01-12 14:34:07,953 [INFO] PluginManage:310 - Check plugin pinoutconfig
2024-01-12 14:34:08,042 [WARN] SupportedApi:132 - Cannot load RTOS API schema: s4s-elt-must-match.1: The content of 'definitions' must match (annotation?, (simpleType | complexType)?, (unique | key | keyref)*)). A problem was found starting at: attribute.
2024-01-12 14:34:08,217 [INFO] PluginManage:359 - Loaded plugin pinoutconfig (category:base,tabindex:0)
2024-01-12 14:34:08,217 [INFO] PluginManage:310 - Check plugin power
2024-01-12 14:34:08,231 [INFO] PluginManage:359 - Loaded plugin power (category:power,tabindex:4)
2024-01-12 14:34:08,231 [INFO] PluginManage:310 - Check plugin projectmanager
2024-01-12 14:34:08,254 [INFO] PluginManage:359 - Loaded plugin projectmanager (category:projectmanager,tabindex:3)
2024-01-12 14:34:08,254 [INFO] PluginManage:310 - Check plugin thirdparty
2024-01-12 14:34:08,523 [INFO] PluginManage:359 - Loaded plugin thirdparty (category:base,tabindex:-1)
2024-01-12 14:34:08,523 [INFO] PluginManage:310 - Check plugin tools
2024-01-12 14:34:08,524 [WARN] IntegrityCheckThread:84 - waiting for thirdparty lock release [integrity check]
2024-01-12 14:34:08,527 [INFO] IntegrityCheckThread:86 - entering critical section [integrity check]
2024-01-12 14:34:08,527 [INFO] PluginManage:359 - Loaded plugin tools (category:base,tabindex:7)
2024-01-12 14:34:08,527 [INFO] ThirdPartyUpdaterWithRetryManager:70 - Updater plugin not ready yet. [1/15]
2024-01-12 14:34:08,527 [INFO] PluginManage:310 - Check plugin tutovideos
2024-01-12 14:34:08,774 [INFO] PluginManage:359 - Loaded plugin tutovideos (category:base,tabindex:-1)
2024-01-12 14:34:08,777 [INFO] PluginManage:310 - Check plugin updater
2024-01-12 14:34:08,807 [INFO] PluginManage:359 - Loaded plugin updater (category:base,tabindex:12)
2024-01-12 14:34:08,808 [INFO] PluginManage:310 - Check plugin userauth
2024-01-12 14:34:08,816 [INFO] UserAuth:114 - Init User Auth plugin
2024-01-12 14:34:08,817 [INFO] PluginManage:359 - Loaded plugin userauth (category:base,tabindex:14)
2024-01-12 14:34:08,818 [INFO] PluginManage:283 - PluginManage : Loaded plugins [17]
2024-01-12 14:34:09,061 [INFO] PinOutPanel:1499 - setPackage(No Configuration,No Configuration)
2024-01-12 14:34:09,138 [INFO] CADModel:165 - CPN selected for project level
2024-01-12 14:34:09,138 [INFO] CADModel:114 - Register for checkConnection events
2024-01-12 14:34:09,156 [INFO] IPUIPlugin:80 - create IPUIPlugin
2024-01-12 14:34:09,156 [INFO] PluginManager:220 - loadIPPluginJar : add adc
2024-01-12 14:34:09,160 [INFO] IPUIPlugin:80 - create IPUIPlugin
2024-01-12 14:34:09,160 [INFO] PluginManager:220 - loadIPPluginJar : add aes
2024-01-12 14:34:09,163 [INFO] IPUIPlugin:80 - create IPUIPlugin
2024-01-12 14:34:09,163 [INFO] PluginManager:220 - loadIPPluginJar : add can
2024-01-12 14:34:09,165 [INFO] IPUIPlugin:80 - create IPUIPlugin
2024-01-12 14:34:09,165 [INFO] PluginManager:220 - loadIPPluginJar : add comp
2024-01-12 14:34:09,168 [INFO] IPUIPlugin:80 - create IPUIPlugin
2024-01-12 14:34:09,168 [INFO] PluginManager:220 - loadIPPluginJar : add cryp
2024-01-12 14:34:09,170 [INFO] IPUIPlugin:80 - create IPUIPlugin
2024-01-12 14:34:09,170 [INFO] PluginManager:220 - loadIPPluginJar : add dfsdm
2024-01-12 14:34:09,176 [INFO] IPUIPlugin:80 - create IPUIPlugin
2024-01-12 14:34:09,176 [INFO] PluginManager:220 - loadIPPluginJar : add dma
2024-01-12 14:34:09,179 [INFO] IPUIPlugin:80 - create IPUIPlugin
2024-01-12 14:34:09,180 [INFO] PluginManager:220 - loadIPPluginJar : add dma3
2024-01-12 14:34:09,181 [INFO] IPUIPlugin:80 - create IPUIPlugin
2024-01-12 14:34:09,182 [INFO] PluginManager:220 - loadIPPluginJar : add fatfs
2024-01-12 14:34:09,185 [INFO] IPUIPlugin:80 - create IPUIPlugin
2024-01-12 14:34:09,185 [INFO] PluginManager:220 - loadIPPluginJar : add fmc
2024-01-12 14:34:09,192 [INFO] IPUIPlugin:80 - create IPUIPlugin
2024-01-12 14:34:09,192 [INFO] PluginManager:220 - loadIPPluginJar : add freertos
2024-01-12 14:34:09,195 [INFO] IPUIPlugin:80 - create IPUIPlugin
2024-01-12 14:34:09,195 [INFO] PluginManager:220 - loadIPPluginJar : add genericplugin
2024-01-12 14:34:09,197 [INFO] IPUIPlugin:80 - create IPUIPlugin
2024-01-12 14:34:09,198 [INFO] PluginManager:220 - loadIPPluginJar : add gfxmmu
2024-01-12 14:34:09,204 [INFO] IPUIPlugin:80 - create IPUIPlugin
2024-01-12 14:34:09,205 [INFO] PluginManager:220 - loadIPPluginJar : add gic
2024-01-12 14:34:09,210 [INFO] IPUIPlugin:80 - create IPUIPlugin
2024-01-12 14:34:09,210 [INFO] PluginManager:220 - loadIPPluginJar : add gpio
2024-01-12 14:34:09,215 [INFO] IPUIPlugin:80 - create IPUIPlugin
2024-01-12 14:34:09,217 [INFO] PluginManager:220 - loadIPPluginJar : add gtzc
2024-01-12 14:34:09,219 [INFO] IPUIPlugin:80 - create IPUIPlugin
2024-01-12 14:34:09,219 [INFO] PluginManager:220 - loadIPPluginJar : add hash
2024-01-12 14:34:09,222 [INFO] IPUIPlugin:80 - create IPUIPlugin
2024-01-12 14:34:09,222 [INFO] PluginManager:220 - loadIPPluginJar : add i2c
2024-01-12 14:34:09,225 [INFO] IPUIPlugin:80 - create IPUIPlugin
2024-01-12 14:34:09,227 [INFO] PluginManager:220 - loadIPPluginJar : add i2s
2024-01-12 14:34:09,230 [INFO] IPUIPlugin:80 - create IPUIPlugin
2024-01-12 14:34:09,230 [INFO] PluginManager:220 - loadIPPluginJar : add i3c
2024-01-12 14:34:09,234 [INFO] IPUIPlugin:80 - create IPUIPlugin
2024-01-12 14:34:09,234 [INFO] PluginManager:220 - loadIPPluginJar : add ipddr
2024-01-12 14:34:09,243 [INFO] IPUIPlugin:80 - create IPUIPlugin
2024-01-12 14:34:09,243 [INFO] PluginManager:220 - loadIPPluginJar : add linkedlist
2024-01-12 14:34:09,246 [INFO] IPUIPlugin:80 - create IPUIPlugin
2024-01-12 14:34:09,246 [INFO] PluginManager:220 - loadIPPluginJar : add lorawan
2024-01-12 14:34:09,248 [INFO] IPUIPlugin:80 - create IPUIPlugin
2024-01-12 14:34:09,248 [INFO] PluginManager:220 - loadIPPluginJar : add ltdc
2024-01-12 14:34:09,254 [INFO] IPUIPlugin:80 - create IPUIPlugin
2024-01-12 14:34:09,255 [INFO] PluginManager:220 - loadIPPluginJar : add mdma
2024-01-12 14:34:09,259 [INFO] IPUIPlugin:80 - create IPUIPlugin
2024-01-12 14:34:09,259 [INFO] PluginManager:220 - loadIPPluginJar : add nvic
2024-01-12 14:34:09,263 [INFO] IPUIPlugin:80 - create IPUIPlugin
2024-01-12 14:34:09,263 [INFO] PluginManager:220 - loadIPPluginJar : add opamp
2024-01-12 14:34:09,266 [INFO] IPUIPlugin:80 - create IPUIPlugin
2024-01-12 14:34:09,266 [INFO] PluginManager:220 - loadIPPluginJar : add openamp
2024-01-12 14:34:09,268 [INFO] IPUIPlugin:80 - create IPUIPlugin
2024-01-12 14:34:09,268 [INFO] PluginManager:220 - loadIPPluginJar : add pdm2pcm
2024-01-12 14:34:09,275 [INFO] IPUIPlugin:80 - create IPUIPlugin
2024-01-12 14:34:09,277 [INFO] PluginManager:220 - loadIPPluginJar : add plateformsettings
2024-01-12 14:34:09,280 [INFO] IPUIPlugin:80 - create IPUIPlugin
2024-01-12 14:34:09,280 [INFO] PluginManager:220 - loadIPPluginJar : add quadspi
2024-01-12 14:34:09,284 [INFO] IPUIPlugin:80 - create IPUIPlugin
2024-01-12 14:34:09,284 [INFO] PluginManager:220 - loadIPPluginJar : add resmgrutility
2024-01-12 14:34:09,287 [INFO] IPUIPlugin:80 - create IPUIPlugin
2024-01-12 14:34:09,287 [INFO] PluginManager:220 - loadIPPluginJar : add sai
2024-01-12 14:34:09,291 [INFO] IPUIPlugin:80 - create IPUIPlugin
2024-01-12 14:34:09,291 [INFO] PluginManager:220 - loadIPPluginJar : add spi
2024-01-12 14:34:09,298 [INFO] IPUIPlugin:80 - create IPUIPlugin
2024-01-12 14:34:09,298 [INFO] PluginManager:220 - loadIPPluginJar : add stm32_wpan
2024-01-12 14:34:09,300 [INFO] IPUIPlugin:80 - create IPUIPlugin
2024-01-12 14:34:09,300 [INFO] PluginManager:220 - loadIPPluginJar : add tim
2024-01-12 14:34:09,304 [INFO] IPUIPlugin:80 - create IPUIPlugin
2024-01-12 14:34:09,304 [INFO] PluginManager:220 - loadIPPluginJar : add touchsensing
2024-01-12 14:34:09,306 [INFO] IPUIPlugin:80 - create IPUIPlugin
2024-01-12 14:34:09,306 [INFO] PluginManager:220 - loadIPPluginJar : add tracer_emb
2024-01-12 14:34:09,310 [INFO] IPUIPlugin:80 - create IPUIPlugin
2024-01-12 14:34:09,310 [INFO] PluginManager:220 - loadIPPluginJar : add ts
2024-01-12 14:34:09,314 [INFO] IPUIPlugin:80 - create IPUIPlugin
2024-01-12 14:34:09,314 [INFO] PluginManager:220 - loadIPPluginJar : add tsc
2024-01-12 14:34:09,317 [INFO] IPUIPlugin:80 - create IPUIPlugin
2024-01-12 14:34:09,318 [INFO] PluginManager:220 - loadIPPluginJar : add ucpd
2024-01-12 14:34:09,322 [INFO] IPUIPlugin:80 - create IPUIPlugin
2024-01-12 14:34:09,322 [INFO] PluginManager:220 - loadIPPluginJar : add usart
2024-01-12 14:34:09,326 [INFO] IPUIPlugin:80 - create IPUIPlugin
2024-01-12 14:34:09,326 [INFO] PluginManager:220 - loadIPPluginJar : add usbx
2024-01-12 14:34:09,451 [INFO] CADModel:165 - CPN selected for project level
2024-01-12 14:34:09,451 [INFO] CADModel:114 - Register for checkConnection events
2024-01-12 14:34:09,451 [FATAL] Updater:308 - Updater called before beeing initialized
2024-01-12 14:34:09,452 [ERROR] CADModel:125 - Updater not yet initialized, retry later 
2024-01-12 14:34:09,597 [INFO] CADModel:165 - CPN selected for project level
2024-01-12 14:34:09,597 [INFO] CADModel:114 - Register for checkConnection events
2024-01-12 14:34:09,598 [FATAL] Updater:308 - Updater called before beeing initialized
2024-01-12 14:34:09,598 [ERROR] CADModel:125 - Updater not yet initialized, retry later 
2024-01-12 14:34:09,601 [FATAL] Updater:308 - Updater called before beeing initialized
2024-01-12 14:34:09,749 [FATAL] Updater:308 - Updater called before beeing initialized
2024-01-12 14:34:09,759 [INFO] DbMcusAds:53 - JSON generation date=Wed Nov 29 17:52:27 ICT 2023 (1701255147349)
2024-01-12 14:34:09,759 [FATAL] Updater:308 - Updater called before beeing initialized
2024-01-12 14:34:09,796 [WARN] DetailPanel:346 - Failed to get advertising image, set to default
2024-01-12 14:34:09,903 [FATAL] Updater:308 - Updater called before beeing initialized
2024-01-12 14:34:09,905 [FATAL] Updater:308 - Updater called before beeing initialized
2024-01-12 14:34:09,905 [FATAL] Updater:308 - Updater called before beeing initialized
2024-01-12 14:34:09,905 [WARN] DetailPanel:346 - Failed to get advertising image, set to default
2024-01-12 14:34:09,906 [FATAL] Updater:308 - Updater called before beeing initialized
2024-01-12 14:34:09,963 [ERROR] Updater:1120 - MainUpdater not yet initialized. External WinMGr cannot be set.
2024-01-12 14:34:09,966 [INFO] Updater:1056 - Updater Version found : 6.10.0
2024-01-12 14:34:10,000 [INFO] ApplicationProperties:184 - Using Application install path: C:\ST\STM32CubeIDE_1.12.0\STM32CubeIDE\plugins\com.st.stm32cube.common.mx_6.10.0.202311202037
2024-01-12 14:34:10,910 [INFO] MainUpdater:2873 - connection check result : 10
2024-01-12 14:34:10,911 [INFO] MainUpdater:290 - Updater Check For Update Now.
2024-01-12 14:34:10,912 [INFO] MicroXplorer:498 - Change Database Version : DB.6.0.100
2024-01-12 14:34:10,919 [INFO] McuFinderGlobals:63 - Set McuFinder mode to 2 (CubeIDE integrated)
2024-01-12 14:34:10,944 [INFO] UserAuth:404 - Internet connection configuration mode: 1
2024-01-12 14:34:10,999 [INFO] JxBrowserEngine:152 - Initiate JxBrowser Engine with user profile folder
2024-01-12 14:34:11,166 [INFO] CheckServerUpdateThread:120 - End of CheckServer Thread
2024-01-12 14:34:11,751 [WARN] PackLoader:240 - Cannot read IP mode file for STMicroelectronics.X-CUBE-SMBUS.2.1.0
2024-01-12 14:34:11,768 [WARN] PackLoader:240 - Cannot read IP mode file for STMicroelectronics.X-CUBE-TOUCHGFX.4.23.0
2024-01-12 14:34:11,978 [WARN] PackLoader:240 - Cannot read IP mode file for STMicroelectronics.X-CUBE-AZRTOS-F7.1.1.0
2024-01-12 14:34:12,009 [WARN] PackLoader:240 - Cannot read IP mode file for STMicroelectronics.FP-SNS-MOTENV1.4.3.2
2024-01-12 14:34:12,033 [WARN] PackLoader:240 - Cannot read IP mode file for STMicroelectronics.FP-SNS-FLIGHT1.5.0.2
2024-01-12 14:34:12,054 [WARN] PackLoader:240 - Cannot read IP mode file for STMicroelectronics.X-CUBE-DISPLAY.3.0.0
2024-01-12 14:34:12,085 [WARN] PackLoader:240 - Cannot read IP mode file for STMicroelectronics.X-CUBE-BLE1.7.0.0
2024-01-12 14:34:12,104 [WARN] PackLoader:240 - Cannot read IP mode file for emotas.I-CUBE-CANOPEN.1.3.0
2024-01-12 14:34:12,203 [WARN] PackLoader:240 - Cannot read IP mode file for STMicroelectronics.X-CUBE-TOUCHGFX.4.22.0
2024-01-12 14:34:12,284 [WARN] PackLoader:240 - Cannot read IP mode file for STMicroelectronics.X-CUBE-TOUCHGFX.4.22.1
2024-01-12 14:34:12,388 [WARN] PackLoader:240 - Cannot read IP mode file for STMicroelectronics.FP-SNS-SMARTAG2.1.2.0
2024-01-12 14:34:12,434 [INFO] LogOutputStream:77 - [STDOUT_REDIRECT] 1 : Invalid condition id : UX_CORESTACK_Condition cause : null
2024-01-12 14:34:12,451 [INFO] LogOutputStream:77 - [STDOUT_REDIRECT] 1 : Invalid condition id : UX_CORESTACK_Condition cause : null
2024-01-12 14:34:12,452 [INFO] LogOutputStream:77 - [STDOUT_REDIRECT] 1 : Invalid condition id : UX_CORESTACK_Condition cause : null
2024-01-12 14:34:12,453 [INFO] LogOutputStream:77 - [STDOUT_REDIRECT] 1 : Invalid condition id : UX_CORESTACK_Condition cause : null
2024-01-12 14:34:12,454 [INFO] LogOutputStream:77 - [STDOUT_REDIRECT] 1 : Invalid condition id : UX_CORESTACK_Condition cause : null
2024-01-12 14:34:12,462 [WARN] PackLoader:240 - Cannot read IP mode file for STMicroelectronics.X-CUBE-AZRTOS-WL.2.0.0
2024-01-12 14:34:12,483 [WARN] PackLoader:240 - Cannot read IP mode file for WES.I-CUBE-Cesium.1.3.0
2024-01-12 14:34:12,495 [WARN] PackLoader:240 - Cannot read IP mode file for STMicroelectronics.X-CUBE-BLE2.3.3.0
2024-01-12 14:34:12,506 [WARN] PackLoader:240 - Cannot read IP mode file for STMicroelectronics.X-CUBE-TOUCHGFX.4.18.0
2024-01-12 14:34:12,725 [WARN] PackLoader:240 - Cannot read IP mode file for STMicroelectronics.X-CUBE-TOUCHGFX.4.21.1
2024-01-12 14:34:12,790 [WARN] PackLoader:240 - Cannot read IP mode file for STMicroelectronics.X-CUBE-TOUCHGFX.4.21.0
2024-01-12 14:34:12,869 [WARN] PackLoader:240 - Cannot read IP mode file for STMicroelectronics.X-CUBE-TOUCHGFX.4.21.4
2024-01-12 14:34:12,930 [WARN] PackLoader:240 - Cannot read IP mode file for STMicroelectronics.X-CUBE-ALGOBUILD.1.3.0
2024-01-12 14:34:12,971 [WARN] PackLoader:240 - Cannot read IP mode file for STMicroelectronics.X-CUBE-AZRTOS-G0.1.1.0
2024-01-12 14:34:12,995 [WARN] PackLoader:240 - Cannot read IP mode file for STMicroelectronics.X-CUBE-NFC4.3.0.0
2024-01-12 14:34:13,041 [WARN] PackLoader:240 - Cannot read IP mode file for STMicroelectronics.X-CUBE-BLEMGR.3.0.0
2024-01-12 14:34:13,056 [WARN] PackLoader:240 - Cannot read IP mode file for STMicroelectronics.FP-ATR-SIGFOX1.3.2.0
2024-01-12 14:34:13,071 [WARN] PackLoader:240 - Cannot read IP mode file for STMicroelectronics.X-CUBE-GNSS1.6.0.0
2024-01-12 14:34:13,105 [WARN] PackLoader:240 - Cannot read IP mode file for STMicroelectronics.X-CUBE-AZRTOS-F4.1.1.0
2024-01-12 14:34:13,124 [WARN] PackLoader:240 - Cannot read IP mode file for wolfSSL.I-CUBE-wolfSSL.5.6.4
2024-01-12 14:34:13,157 [WARN] PackLoader:240 - Cannot read IP mode file for STMicroelectronics.X-CUBE-AZRTOS-L5.2.0.0
2024-01-12 14:34:13,186 [WARN] PackLoader:240 - Cannot read IP mode file for STMicroelectronics.X-CUBE-EEPRMA1.4.2.0
2024-01-12 14:34:13,209 [WARN] PackLoader:240 - Cannot read IP mode file for ITTIA_DB.I-CUBE-ITTIADB.8.8.0
2024-01-12 14:34:13,299 [WARN] PackLoader:240 - Cannot read IP mode file for emotas.I-CUBE-CANOPEN.1.1.3
2024-01-12 14:34:13,395 [WARN] ConditionMgr:438 - getConditionDescription Invalid condition id : UX DEVICE CLASS RTOS Condition cause : null
2024-01-12 14:34:13,396 [WARN] ConditionMgr:438 - getConditionDescription Invalid condition id : UX DEVICE CLASS RTOS Condition cause : null
2024-01-12 14:34:13,407 [WARN] PackLoader:240 - Cannot read IP mode file for STMicroelectronics.X-CUBE-AZRTOS-H7.3.1.0
2024-01-12 14:34:13,413 [WARN] ConditionMgr:1039 - genDependencies : Invalid condition id : UX DEVICE CLASS RTOS Condition cause : null
2024-01-12 14:34:13,413 [WARN] ConditionMgr:1039 - genDependencies : Invalid condition id : UX DEVICE CLASS RTOS Condition cause : null
2024-01-12 14:34:13,413 [WARN] ConditionMgr:1039 - genDependencies : Invalid condition id : UX DEVICE CLASS RTOS Condition cause : null
2024-01-12 14:34:13,414 [WARN] ConditionMgr:1039 - genDependencies : Invalid condition id : UX DEVICE CLASS RTOS Condition cause : null
2024-01-12 14:34:13,414 [WARN] ConditionMgr:1039 - genDependencies : Invalid condition id : UX DEVICE CLASS RTOS Condition cause : null
2024-01-12 14:34:13,419 [WARN] ConditionMgr:438 - getConditionDescription Invalid condition id : UX DEVICE CLASS RTOS Condition cause : null
2024-01-12 14:34:13,419 [WARN] ConditionMgr:438 - getConditionDescription Invalid condition id : UX DEVICE CLASS RTOS Condition cause : null
2024-01-12 14:34:13,694 [WARN] PackLoader:240 - Cannot read IP mode file for STMicroelectronics.X-CUBE-NFC7.1.0.1
2024-01-12 14:34:13,711 [WARN] PackLoader:240 - Cannot read IP mode file for STMicroelectronics.X-CUBE-NFC6.3.0.0
2024-01-12 14:34:13,736 [WARN] PackLoader:240 - Cannot read IP mode file for STMicroelectronics.X-CUBE-AI.8.1.0
2024-01-12 14:34:13,768 [WARN] ConditionMgr:438 - getConditionDescription Invalid condition id : LAN8742 Phy interface Condition cause : null
2024-01-12 14:34:13,768 [WARN] PackLoader:240 - Cannot read IP mode file for STMicroelectronics.X-CUBE-AZRTOS-L4.2.0.0
2024-01-12 14:34:13,769 [WARN] ConditionMgr:1039 - genDependencies : Invalid condition id : LAN8742 Phy interface Condition cause : null
2024-01-12 14:34:13,769 [WARN] ConditionMgr:1039 - genDependencies : Invalid condition id : LAN8742 Phy interface Condition cause : null
2024-01-12 14:34:13,770 [WARN] ConditionMgr:1039 - genDependencies : Invalid condition id : LAN8742 Phy interface Condition cause : null
2024-01-12 14:34:13,785 [WARN] PackLoader:240 - Cannot read IP mode file for STMicroelectronics.X-CUBE-SFXS2LP1.4.0.0
2024-01-12 14:34:13,799 [WARN] PackLoader:240 - Cannot read IP mode file for STMicroelectronics.X-CUBE-ISPU.1.1.0
2024-01-12 14:34:13,817 [WARN] ConditionMgr:438 - getConditionDescription Invalid condition id : UX DEVICE CLASS RTOS Condition cause : null
2024-01-12 14:34:13,818 [WARN] ConditionMgr:438 - getConditionDescription Invalid condition id : UX DEVICE CLASS RTOS Condition cause : null
2024-01-12 14:34:13,820 [WARN] PackLoader:240 - Cannot read IP mode file for STMicroelectronics.X-CUBE-AZRTOS-WB.2.0.0
2024-01-12 14:34:13,820 [WARN] ConditionMgr:1039 - genDependencies : Invalid condition id : UX DEVICE CLASS RTOS Condition cause : null
2024-01-12 14:34:13,820 [WARN] ConditionMgr:1039 - genDependencies : Invalid condition id : UX DEVICE CLASS RTOS Condition cause : null
2024-01-12 14:34:13,821 [WARN] ConditionMgr:1039 - genDependencies : Invalid condition id : UX DEVICE CLASS RTOS Condition cause : null
2024-01-12 14:34:13,821 [WARN] ConditionMgr:1039 - genDependencies : Invalid condition id : UX DEVICE CLASS RTOS Condition cause : null
2024-01-12 14:34:13,821 [WARN] ConditionMgr:1039 - genDependencies : Invalid condition id : UX DEVICE CLASS RTOS Condition cause : null
2024-01-12 14:34:13,841 [WARN] PackLoader:240 - Cannot read IP mode file for STMicroelectronics.X-CUBE-SUBG2.5.0.0
2024-01-12 14:34:13,938 [WARN] PackLoader:240 - Cannot read IP mode file for STMicroelectronics.X-CUBE-TOF1.3.3.1
2024-01-12 14:34:14,314 [WARN] PackLoader:240 - Cannot read IP mode file for STMicroelectronics.X-CUBE-AZRTOS-G4.2.0.0
2024-01-12 14:34:14,347 [WARN] PackLoader:240 - Cannot read IP mode file for STMicroelectronics.X-CUBE-TOF1.3.3.0
2024-01-12 14:34:14,471 [WARN] PackLoader:240 - Cannot read IP mode file for Infineon.AIROC-Wi-Fi-Bluetooth-STM32.1.5.1
2024-01-12 14:34:14,495 [WARN] PackLoader:240 - Cannot read IP mode file for STMicroelectronics.FP-SNS-MOTENVWB1.1.3.0
2024-01-12 14:34:14,520 [WARN] PackLoader:240 - Cannot read IP mode file for STMicroelectronics.FP-SNS-MOTENVWB1.1.3.1
2024-01-12 14:34:14,534 [WARN] PackLoader:240 - Cannot read IP mode file for STMicroelectronics.X-CUBE-ISPU.2.0.0
2024-01-12 14:34:14,700 [WARN] PackLoader:240 - Cannot read IP mode file for STMicroelectronics.X-CUBE-MEMS1.10.0.0
2024-01-12 14:34:15,002 [WARN] PackLoader:240 - Cannot read IP mode file for STMicroelectronics.X-CUBE-FREERTOS.1.1.0
2024-01-12 14:34:15,100 [WARN] PackLoader:240 - Cannot read IP mode file for portGmbH.I-Cube-SoM-uGOAL.1.1.0
2024-01-12 14:34:15,115 [WARN] PackLoader:240 - Cannot read IP mode file for STMicroelectronics.X-CUBE-ALS.1.0.1
2024-01-12 14:34:15,134 [WARN] PackLoader:240 - Cannot read IP mode file for STMicroelectronics.FP-ATR-ASTRA1.2.0.0
2024-01-12 14:34:15,166 [WARN] PackLoader:240 - Cannot read IP mode file for STMicroelectronics.X-CUBE-TOF1.3.4.0
2024-01-12 14:34:15,330 [WARN] PackLoader:240 - Cannot read IP mode file for STMicroelectronics.X-CUBE-AZRTOS-H7.3.2.0
2024-01-12 14:34:15,569 [INFO] ThirdParty:978 - Integrity check success = true
2024-01-12 14:34:15,569 [INFO] IntegrityCheckThread:100 - exiting critical section [integrity check]
2024-01-12 14:34:15,569 [INFO] IntegrityCheckThread:103 - End integrity checks thread
2024-01-12 14:34:16,153 [INFO] WebApp:161 - Instantiating new browser for Auth
2024-01-12 14:34:16,758 [INFO] WebApp:780 - Register for checkConnection events
2024-01-12 14:34:16,760 [INFO] WebApp:414 - Apply proxy settings
2024-01-12 14:34:16,760 [INFO] WebApp:499 - Chromium requires no authentication
2024-01-12 14:34:16,765 [INFO] WebApp:442 - Direct internet connection detected
2024-01-12 14:34:16,982 [INFO] WebApp:192 - Starting web application
2024-01-12 14:34:16,982 [INFO] WebApp:544 - Web application path used C:\ST\STM32CubeIDE_1.12.0\STM32CubeIDE\plugins\com.st.stm32cube.common.mx_6.10.0.202311202037\db\plugins\mcufinder\reactClient1\index.html
2024-01-12 15:55:07,731 [INFO] McuFinderGlobals:63 - Set McuFinder mode to 2 (CubeIDE integrated)
2024-01-12 15:55:07,911 [INFO] MainUpdater:2873 - connection check result : 10
2024-01-12 15:55:07,912 [INFO] MainUpdater:2873 - connection check result : 10
2024-01-12 15:55:08,359 [INFO] MicroXplorer:468 - Change Database Path : 
2024-01-12 15:55:08,360 [INFO] MicroXplorer:498 - Change Database Version : DB.6.0.100
2024-01-12 15:55:08,374 [WARN] ThirdParty:871 - waiting for thirdparty lock release [close project]
2024-01-12 15:55:08,375 [INFO] ThirdParty:873 - entering critical section [close project]
2024-01-12 15:55:08,386 [INFO] ThirdParty:883 - exiting critical section [close project]
2024-01-12 15:55:08,393 [INFO] PinOutPanel:1499 - setPackage(No Configuration,No Configuration)
2024-01-12 15:55:08,409 [INFO] UtilMem:75 - Begin LoadConfig() Used Memory: 512105632 Bytes (898629632)
2024-01-12 15:55:08,413 [INFO] MicroXplorer:468 - Change Database Path : 
2024-01-12 15:55:08,413 [INFO] MicroXplorer:498 - Change Database Version : DB.6.0.100
2024-01-12 15:55:08,413 [INFO] OpenFileManager:312 - Change cursor
2024-01-12 15:55:08,861 [INFO] Mcu:2016 - Initializing MCU STM32H750XBHx STM32H750XBHx STM32H750XBH6
2024-01-12 15:55:17,447 [INFO] Context:659 - Trying to add GPIOservice into a context  which must be forbidden
2024-01-12 15:55:22,724 [INFO] RtosManager:555 - Registered RTOS mode: class=CMSIS, group=RTOS, mode=CMSIS_V1, owner=FREERTOS
2024-01-12 15:55:22,725 [INFO] RtosManager:555 - Registered RTOS mode: class=CMSIS, group=RTOS2, mode=CMSIS_V2, owner=FREERTOS
2024-01-12 15:55:22,726 [INFO] RtosManager:555 - Registered RTOS mode: class=RTOS, group=Core, mode=CMSIS_V1, owner=FREERTOS
2024-01-12 15:55:22,726 [INFO] RtosManager:555 - Registered RTOS mode: class=RTOS, group=Core, mode=CMSIS_V2, owner=FREERTOS
2024-01-12 15:55:22,726 [WARN] ModelIntegratedComponent:184 - Missing modes for component STMicroelectronics:FreeRTOS:0.0.1:STMicroelectronics:RTOS:FreeRTOS:Core:::10.2.0:
2024-01-12 15:55:22,806 [WARN] ModelIntegratedComponent:63 - No mode defined for component null
2024-01-12 15:55:22,806 [WARN] ModelIntegratedComponent:63 - No mode defined for component null
2024-01-12 15:55:22,806 [WARN] ModelIntegratedComponent:63 - No mode defined for component null
2024-01-12 15:55:22,806 [WARN] ModelIntegratedComponent:63 - No mode defined for component null
2024-01-12 15:55:22,806 [WARN] ModelIntegratedComponent:63 - No mode defined for component null
2024-01-12 15:55:22,806 [WARN] ModelIntegratedComponent:63 - No mode defined for component null
2024-01-12 15:55:22,806 [WARN] ModelIntegratedComponent:63 - No mode defined for component null
2024-01-12 15:55:22,808 [WARN] ModelIntegratedComponent:63 - No mode defined for component null
2024-01-12 15:55:22,808 [WARN] ModelIntegratedComponent:63 - No mode defined for component null
2024-01-12 15:55:22,808 [WARN] ModelIntegratedComponent:63 - No mode defined for component null
2024-01-12 15:55:22,808 [WARN] ModelIntegratedComponent:63 - No mode defined for component null
2024-01-12 15:55:22,808 [WARN] ModelIntegratedComponent:63 - No mode defined for component null
2024-01-12 15:55:22,808 [WARN] ModelIntegratedComponent:63 - No mode defined for component null
2024-01-12 15:55:22,808 [WARN] ModelIntegratedComponent:63 - No mode defined for component null
2024-01-12 15:55:22,808 [WARN] ModelIntegratedComponent:63 - No mode defined for component null
2024-01-12 15:55:22,808 [WARN] ModelIntegratedComponent:63 - No mode defined for component null
2024-01-12 15:55:22,808 [WARN] ModelIntegratedComponent:63 - No mode defined for component null
2024-01-12 15:55:22,808 [WARN] ModelIntegratedComponent:63 - No mode defined for component null
2024-01-12 15:55:22,808 [WARN] ModelIntegratedComponent:63 - No mode defined for component null
2024-01-12 15:55:22,808 [WARN] ModelIntegratedComponent:63 - No mode defined for component null
2024-01-12 15:55:22,808 [WARN] ModelIntegratedComponent:63 - No mode defined for component null
2024-01-12 15:55:22,808 [WARN] ModelIntegratedComponent:63 - No mode defined for component null
2024-01-12 15:55:22,808 [WARN] ModelIntegratedComponent:63 - No mode defined for component null
2024-01-12 15:55:22,808 [WARN] ModelIntegratedComponent:63 - No mode defined for component null
2024-01-12 15:55:22,808 [WARN] ModelIntegratedComponent:63 - No mode defined for component null
2024-01-12 15:55:22,808 [WARN] ModelIntegratedComponent:63 - No mode defined for component null
2024-01-12 15:55:22,808 [WARN] ModelIntegratedComponent:63 - No mode defined for component null
2024-01-12 15:55:22,808 [WARN] ModelIntegratedComponent:63 - No mode defined for component null
2024-01-12 15:55:22,808 [WARN] ModelIntegratedComponent:63 - No mode defined for component null
2024-01-12 15:55:22,808 [WARN] ModelIntegratedComponent:63 - No mode defined for component null
2024-01-12 15:55:22,808 [WARN] ModelIntegratedComponent:63 - No mode defined for component null
2024-01-12 15:55:22,808 [WARN] ModelIntegratedComponent:63 - No mode defined for component null
2024-01-12 15:55:22,808 [WARN] ModelIntegratedComponent:63 - No mode defined for component null
2024-01-12 15:55:23,017 [INFO] ThirdPartyModel:298 - Start build external matchings
2024-01-12 15:55:23,827 [INFO] ThirdPartyModel:316 - End build external matchings
2024-01-12 15:55:23,848 [INFO] RtosManager:919 - Current active RTOS is FREERTOS [Cortex-M7NS]
2024-01-12 15:55:23,887 [WARN] IP:2119 - LWIP_NETIF_HOSTNAME not found: check if there is a RefParameter without a condition.
2024-01-12 15:55:23,961 [INFO] ImportTextPane:194 - (OptionalMessage_ERROR) IP (RCC) : Parameter (FDCANFreq_Value) has invalid value (200000000)
2024-01-12 15:55:23,961 [INFO] ImportTextPane:194 - (OptionalMessage_ERROR) IP (RCC) : Invalid parameter (FamilyName)
2024-01-12 15:55:23,962 [INFO] ImportTextPane:194 - (OptionalMessage_ERROR) IP (RCC) : Parameter (SAI1Freq_Value) has invalid value (200000000)
2024-01-12 15:55:23,962 [INFO] ImportTextPane:194 - (OptionalMessage_ERROR) IP (RCC) : Parameter (SAI23Freq_Value) has invalid value (200000000)
2024-01-12 15:55:23,962 [INFO] ImportTextPane:194 - (OptionalMessage_ERROR) IP (RCC) : Parameter (SAI4AFreq_Value) has invalid value (200000000)
2024-01-12 15:55:23,962 [INFO] ImportTextPane:194 - (OptionalMessage_ERROR) IP (RCC) : Parameter (SAI4BFreq_Value) has invalid value (200000000)
2024-01-12 15:55:23,962 [INFO] ImportTextPane:194 - (OptionalMessage_ERROR) IP (RCC) : Parameter (USBFreq_Value) has invalid value (200000000)
2024-01-12 15:55:25,437 [INFO] UtilMem:75 - End LoadConfig() Used Memory: 344910920 Bytes (998244352)
2024-01-12 15:55:26,195 [INFO] ApiDb:581 - Connected to CubeFinder SQLite database (C:\Users\user\.stmcufinder\plugins\mcufinder\mcu\cube-finder-db.db)
2024-01-12 15:55:26,467 [INFO] ApiDb:668 - CubeFinder database Data Model version=2.1
2024-01-12 15:55:26,467 [INFO] ApiDb:669 - CubeFinder database Configuration version=3.0.39
2024-01-12 15:55:26,471 [INFO] ApiDb:670 - CubeFinder database generation date=2023-12-08 (1702028721)
2024-01-12 15:55:26,471 [INFO] ApiDb:671 - CubeFinder database FW Pack versions=[FP-ATR-ASTRA1_V2.0.0, FP-SNS-FLIGHT1_V5.0.1, FP-SNS-FLIGHT1_V5.0.2, FP-SNS-MOTENV1_V4.3.1, FP-SNS-MOTENV1_V4.3.2, FP-SNS-MOTENVWB1_V1.3.1, FP-SNS-SMARTAG2_V1.2.0, STM32Cube_FW_C0_V1.1.0, STM32Cube_FW_F4_V1.28.0, STM32Cube_FW_F7_V1.17.0, STM32Cube_FW_G0_V1.6.1, STM32Cube_FW_G4_V1.5.1, STM32Cube_FW_H5_V0.5.1, STM32Cube_FW_H5_V1.1.1, STM32Cube_FW_H5_V1.2.0RC2, STM32Cube_FW_H7_V1.11.0, STM32Cube_FW_L0_V1.12.2, STM32Cube_FW_L5_V1.5.0, STM32Cube_FW_U5_V1.3.0RC4, STM32Cube_FW_U5_V1.4.0, STM32Cube_FW_WBA_V1.0.0RC1, STM32Cube_FW_WBA_V1.1.0RC1, STM32Cube_FW_WBA_V1.2.0, STM32Cube_FW_WBA_V1.2.0RC2, STM32Cube_FW_WB_V1.15.0RC1, STM32Cube_FW_WB_V1.16.0, STM32Cube_FW_WB_V1.16.0RC2, STM32Cube_FW_WB_V1.18.0, STM32Cube_FW_WL_V1.3.0, X-CUBE-ALGOBUILD_V1.3.0, X-CUBE-ALS_V1.0.1, X-CUBE-AZRTOS-F4_V1.1.0, X-CUBE-AZRTOS-F7_V1.1.0, X-CUBE-AZRTOS-G0_V1.1.0, X-CUBE-AZRTOS-G4_V2.0.0, X-CUBE-AZRTOS-H7_V3.1.0, X-CUBE-AZRTOS-L4_V1.0.0, X-CUBE-AZRTOS-L4_V2.0.0, X-CUBE-AZRTOS-L5_V1.1.0, X-CUBE-AZRTOS-WB_V2.0.0, X-CUBE-AZRTOS-WL_V2.0.0, X-CUBE-BLE1_V7.0.0, X-CUBE-BLE2_V3.3.0, X-CUBE-BLEMGR_V3.0.0, X-CUBE-EEPRMA1_V4.1.0, X-CUBE-EEPRMA1_V4.2.0, X-CUBE-FREERTOS_V1.1.0, X-CUBE-GNSS1_V6.0.0, X-CUBE-MEMS1_V10.0.0, X-CUBE-MEMS1_V9.1.0, X-CUBE-MEMS1_V9.4.0, X-CUBE-MEMS1_V9.6.0, X-CUBE-NFC4_V3.0.0, X-CUBE-NFC7_V1.0.1, X-CUBE-SFXS2LP1_V4.0.0, X-CUBE-SUBG2_V5.0.0, X-CUBE-TOF1_V3.4.0]
2024-01-12 15:55:29,306 [INFO] ApiDb:240 - Found 371 in-development CPN: [B-G473E-ZEST1S, B-WB1M-WPAN1, B-WL5M-SUBG1, NUCLEO-C031C6, NUCLEO-H503RB, NUCLEO-H563ZI, NUCLEO-U545RE-Q, NUCLEO-U5A5ZJ-Q, NUCLEO-WBA52CG, NUCLEO-WBA55CG, STEVAL-MKBOXPRO, STEVAL-PROTEUS1, STEVAL-STWINBX1, STM320518-EVAL, STM32C0116-DK, STM32C011D6Y3TR, STM32C011D6Y6TR, STM32C011F4P3, STM32C011F4P6, STM32C011F4U3, STM32C011F4U6TR, STM32C011F6P3, STM32C011F6P6, STM32C011F6U3, STM32C011F6U6TR, STM32C011J4M3, STM32C011J4M6, STM32C011J6M3, STM32C011J6M6, STM32C0316-DK, STM32C031C4T3, STM32C031C4T6, STM32C031C4U3, STM32C031C4U6, STM32C031C6T3, STM32C031C6T6, STM32C031C6U3, STM32C031C6U6, STM32C031F4P3, STM32C031F4P6, STM32C031F6P3, STM32C031F6P6, STM32C031G4U3, STM32C031G4U6, STM32C031G6U3, STM32C031G6U6, STM32C031K4T3, STM32C031K4T6, STM32C031K4U3, STM32C031K4U6, STM32C031K6T3, STM32C031K6T6, STM32C031K6U3, STM32C031K6U6, STM32G071K8TXN, STM32G071K8UXN, STM32G081GBU6N, STM32G081KBT6N, STM32G081KBUXN, STM32G0B1CCT6N, STM32G0B1KCT6, STM32G0B1NEY6TR, STM32G0B1RCT6N, STM32G0C1CCT6, STM32G0C1CCT6N, STM32G0C1CCU6N, STM32G0C1CET6N, STM32G0C1CEU6N, STM32G0C1KCT6, STM32G0C1NEY6TR, STM32G0C1RCI6N, STM32G0C1RCT6N, STM32G0C1REI6N, STM32G0C1RET6N, STM32G0C1VCI6, STM32G0C1VEI6, STM32G471CCT6, STM32G471CCU6, STM32G471CET3, STM32G471CET6, STM32G471CEU3, STM32G471CEU6, STM32G471MCT6, STM32G471MET3, STM32G471MET6, STM32G471MEY6TR, STM32G471QCT6, STM32G471QET3, STM32G471RCT6, STM32G471RET3, STM32G471RET6, STM32G471VCH6, STM32G471VCI6, STM32G471VCT6, STM32G471VEH3, STM32G471VEH6, STM32G471VEI3, STM32G471VEI6, STM32G471VET3, STM32G471VET6, STM32G474CCT6, STM32H503CBT6, STM32H503CBU6, STM32H503EBY6TR, STM32H503KBU6, STM32H503RBT6, STM32H562AGI6, STM32H562AII6, STM32H562IGK6, STM32H562IGT6, STM32H562IIK6, STM32H562IIT6, STM32H562RGT6, STM32H562RGV6, STM32H562RIT6, STM32H562RIV6, STM32H562VGT6, STM32H562VIT6, STM32H562ZGT6, STM32H562ZIT6, STM32H563AGI6, STM32H563AII3Q, STM32H563AII6, STM32H563IGK6, STM32H563IGT6, STM32H563IIK3Q, STM32H563IIK6, STM32H563IIT3Q, STM32H563IIT6, STM32H563MIY3QTR, STM32H563RGT6, STM32H563RGV6, STM32H563RIT6, STM32H563RIV6, STM32H563VGT6, STM32H563VIT3Q, STM32H563VIT6, STM32H563ZGT6, STM32H563ZIT3Q, STM32H563ZIT6, STM32H573AII3Q, STM32H573AII6, STM32H573I-DK, STM32H573IIK3Q, STM32H573IIK6, STM32H573IIT3Q, STM32H573IIT6, STM32H573MIY3QTR, STM32H573RIT6, STM32H573RIV6, STM32H573VIT3Q, STM32H573VIT6, STM32H573ZIT3Q, STM32H573ZIT6, STM32L4R5QGI6STR, STM32MP131AAE3, STM32MP131AAF3, STM32MP131AAG3, STM32MP131CAE3, STM32MP131CAF3, STM32MP131CAG3, STM32MP131DAE7, STM32MP131DAF7, STM32MP131DAG7, STM32MP131FAE7, STM32MP131FAF7, STM32MP131FAG7, STM32MP133AAE3, STM32MP133AAF3, STM32MP133AAG3, STM32MP133CAE3, STM32MP133CAF3, STM32MP133CAG3, STM32MP133DAE7, STM32MP133DAF7, STM32MP133DAG7, STM32MP133FAE7, STM32MP133FAF7, STM32MP133FAG7, STM32MP135AAE3, STM32MP135AAF3, STM32MP135AAG3, STM32MP135CAE3, STM32MP135CAF3, STM32MP135CAG3, STM32MP135DAE7, STM32MP135DAF7, STM32MP135DAG7, STM32MP135F-DK, STM32MP135FAE7, STM32MP135FAF7, STM32MP135FAF7T, STM32MP135FAF7U, STM32MP135FAG7, STM32U535CBT6, STM32U535CBT6Q, STM32U535CBU6, STM32U535CBU6Q, STM32U535CCT6, STM32U535CCT6Q, STM32U535CCU6, STM32U535CCU6Q, STM32U535CET6, STM32U535CET6Q, STM32U535CEU6, STM32U535CEU6Q, STM32U535JEY6QTR, STM32U535NCY6QTR, STM32U535NEY6QTR, STM32U535RBI6, STM32U535RBI6Q, STM32U535RBT6, STM32U535RBT6Q, STM32U535RCI6, STM32U535RCI6Q, STM32U535RCT6, STM32U535RCT6Q, STM32U535REI6, STM32U535REI6Q, STM32U535RET6, STM32U535RET6Q, STM32U535VCI6, STM32U535VCI6Q, STM32U535VCT6, STM32U535VCT6Q, STM32U535VEI6, STM32U535VEI6Q, STM32U535VET6, STM32U535VET6Q, STM32U545CET6, STM32U545CET6Q, STM32U545CEU6, STM32U545CEU6Q, STM32U545JEY6QTR, STM32U545NEY6QTR, STM32U545REI6, STM32U545REI6Q, STM32U545RET6, STM32U545RET6Q, STM32U545VEI6, STM32U545VEI6Q, STM32U545VET6, STM32U545VET6Q, STM32U595AIH6, STM32U595AIH6Q, STM32U595AJH6, STM32U595AJH6Q, STM32U595QII6, STM32U595QII6Q, STM32U595QJI6, STM32U595QJI6Q, STM32U595RIT6, STM32U595RIT6Q, STM32U595RJT6, STM32U595RJT6Q, STM32U595VIT6, STM32U595VIT6Q, STM32U595VJT6, STM32U595VJT6Q, STM32U595ZIT6, STM32U595ZIT6Q, STM32U595ZIY6QTR, STM32U595ZJT6, STM32U595ZJT6Q, STM32U595ZJY6QTR, STM32U599BJY6QTR, STM32U599NIH6Q, STM32U599NJH6Q, STM32U599VIT6Q, STM32U599VJT6, STM32U599VJT6Q, STM32U599ZIT6Q, STM32U599ZIY6QTR, STM32U599ZJT6Q, STM32U599ZJY6QTR, STM32U5A5AJH6, STM32U5A5AJH6Q, STM32U5A5QJI6, STM32U5A5QJI6Q, STM32U5A5RJT6, STM32U5A5RJT6Q, STM32U5A5VJT6, STM32U5A5VJT6Q, STM32U5A5ZJT6, STM32U5A5ZJT6Q, STM32U5A5ZJY6QTR, STM32U5A9BJY6QTR, STM32U5A9J-DK, STM32U5A9NJH6Q, STM32U5A9VJT6Q, STM32U5A9ZJT6Q, STM32U5A9ZJY6QTR, STM32U5F7VIT6, STM32U5F7VIT6Q, STM32U5F7VJT6, STM32U5F7VJT6Q, STM32U5F9BJY6QTR, STM32U5F9NJH6Q, STM32U5F9VIT6Q, STM32U5F9VJT6Q, STM32U5F9ZIJ6QTR, STM32U5F9ZIT6Q, STM32U5F9ZJJ6QTR, STM32U5F9ZJT6Q, STM32U5G7VJT6, STM32U5G7VJT6Q, STM32U5G9BJY6QTR, STM32U5G9J-DK1, STM32U5G9J-DK2, STM32U5G9NJH6Q, STM32U5G9VJT6Q, STM32U5G9ZJJ6QTR, STM32U5G9ZJT6Q, STM32WB1MMCH6, STM32WBA50KEU6, STM32WBA50KEU6TR, STM32WBA50KGU6, STM32WBA50KGU6TR, STM32WBA52CEU6, STM32WBA52CEU6TR, STM32WBA52CEU7, STM32WBA52CEU7TR, STM32WBA52CGU6, STM32WBA52CGU6TR, STM32WBA52CGU6U, STM32WBA52CGU7, STM32WBA52CGU7TR, STM32WBA52KEU6, STM32WBA52KEU6TR, STM32WBA52KGU6, STM32WBA52KGU6TR, STM32WBA54CEU6, STM32WBA54CEU6TR, STM32WBA54CEU7, STM32WBA54CEU7TR, STM32WBA54CGU6, STM32WBA54CGU6TR, STM32WBA54CGU7, STM32WBA54CGU7TR, STM32WBA54KEU6, STM32WBA54KEU6TR, STM32WBA54KEU7, STM32WBA54KEU7TR, STM32WBA54KGU6, STM32WBA54KGU6TR, STM32WBA54KGU7, STM32WBA54KGU7TR, STM32WBA55CEU6, STM32WBA55CEU6TR, STM32WBA55CEU7, STM32WBA55CEU7TR, STM32WBA55CGU6, STM32WBA55CGU6TR, STM32WBA55CGU6U, STM32WBA55CGU7, STM32WBA55CGU7TR, STM32WBA55G-DK1, STM32WBA55HEF6, STM32WBA55HEF7, STM32WBA55HGF6, STM32WBA55HGF7, STM32WBA55UEI6, STM32WBA55UEI6TR, STM32WBA55UEI7, STM32WBA55UEI7TR, STM32WBA55UGI6, STM32WBA55UGI6TR, STM32WBA55UGI7, STM32WBA55UGI7TR, STM32WL5MOCH6, STM32WL5MOCH6TR]
2024-01-12 15:55:29,309 [INFO] DbMcus:218 - Found 3930 MCUs, 3930 are supported
2024-01-12 15:55:29,319 [INFO] ApiDb:423 - Load user favorites file C:\Users\user/.stm32cubeide/favorites.mcus.txt: 2 item(s)
2024-01-12 15:55:29,319 [INFO] ApiDb:427 - User favorites MCUs=[STM32F103C8T6, STM32H750VBT6]
2024-01-12 15:55:29,319 [INFO] DbMcus:224 - Set 2 / 2 favorites MCUs
2024-01-12 15:55:29,771 [INFO] MicroXplorer:468 - Change Database Path : 
2024-01-12 15:55:29,771 [INFO] MicroXplorer:498 - Change Database Version : DB.6.0.100
2024-01-12 15:55:29,772 [WARN] ThirdParty:833 - waiting for thirdparty lock release [change project]
2024-01-12 15:55:29,773 [INFO] ThirdParty:835 - entering critical section [change project]
2024-01-12 15:55:29,774 [INFO] ThirdParty:1030 - CMSIS Pack Vendor :STMicroelectronics X-CUBE-ISPU 1.1.0
2024-01-12 15:55:29,774 [INFO] ThirdParty:1030 - CMSIS Pack Vendor :STMicroelectronics USBPD 4.1
2024-01-12 15:55:29,774 [INFO] ThirdParty:1030 - CMSIS Pack Vendor :STMicroelectronics X-CUBE-GNSS1 6.0.0
2024-01-12 15:55:29,774 [INFO] ThirdParty:1030 - CMSIS Pack Vendor :STMicroelectronics USB_HOST 2.0.0
2024-01-12 15:55:29,774 [INFO] ThirdParty:1030 - CMSIS Pack Vendor :STMicroelectronics X-CUBE-AZRTOS-F4 1.1.0
2024-01-12 15:55:29,774 [INFO] ThirdParty:1030 - CMSIS Pack Vendor :STMicroelectronics LIBJPEG 8.0.0
2024-01-12 15:55:29,774 [INFO] ThirdParty:1030 - CMSIS Pack Vendor :wolfSSL I-CUBE-wolfSSL 5.6.4
2024-01-12 15:55:29,774 [INFO] ThirdParty:1030 - CMSIS Pack Vendor :STMicroelectronics X-CUBE-SMBUS 2.1.0
2024-01-12 15:55:29,774 [INFO] ThirdParty:1030 - CMSIS Pack Vendor :STMicroelectronics USB_DEVICE 3.0.0
2024-01-12 15:55:29,774 [INFO] ThirdParty:1030 - CMSIS Pack Vendor :STMicroelectronics X-CUBE-AZRTOS-WB 2.0.0
2024-01-12 15:55:29,774 [INFO] ThirdParty:1030 - CMSIS Pack Vendor :STMicroelectronics X-CUBE-TOUCHGFX 4.21.1
2024-01-12 15:55:29,774 [INFO] ThirdParty:1030 - CMSIS Pack Vendor :STMicroelectronics X-CUBE-TOUCHGFX 4.21.0
2024-01-12 15:55:29,774 [INFO] ThirdParty:1030 - CMSIS Pack Vendor :STMicroelectronics X-CUBE-TOUCHGFX 4.23.0
2024-01-12 15:55:29,774 [INFO] ThirdParty:1030 - CMSIS Pack Vendor :STMicroelectronics X-CUBE-AZRTOS-F7 1.1.0
2024-01-12 15:55:29,774 [INFO] ThirdParty:1030 - CMSIS Pack Vendor :STMicroelectronics X-CUBE-TOUCHGFX 4.21.4
2024-01-12 15:55:29,774 [INFO] ThirdParty:1030 - CMSIS Pack Vendor :STMicroelectronics X-CUBE-AZRTOS-L5 2.0.0
2024-01-12 15:55:29,774 [INFO] ThirdParty:1030 - CMSIS Pack Vendor :STMicroelectronics USB_DEVICE 2.0.0
2024-01-12 15:55:29,774 [INFO] ThirdParty:1030 - CMSIS Pack Vendor :STMicroelectronics X-CUBE-EEPRMA1 4.2.0
2024-01-12 15:55:29,774 [INFO] ThirdParty:1030 - CMSIS Pack Vendor :ITTIA_DB I-CUBE-ITTIADB 8.8.0
2024-01-12 15:55:29,774 [INFO] ThirdParty:1030 - CMSIS Pack Vendor :STMicroelectronics FP-SNS-MOTENV1 4.3.2
2024-01-12 15:55:29,775 [INFO] ThirdParty:1030 - CMSIS Pack Vendor :STMicroelectronics X-CUBE-ALGOBUILD 1.3.0
2024-01-12 15:55:29,775 [INFO] ThirdParty:1030 - CMSIS Pack Vendor :STMicroelectronics FreeRTOS 0.0.1
2024-01-12 15:55:29,775 [INFO] ThirdParty:1030 - CMSIS Pack Vendor :STMicroelectronics X-CUBE-AZRTOS-G0 1.1.0
2024-01-12 15:55:29,775 [INFO] ThirdParty:1030 - CMSIS Pack Vendor :emotas I-CUBE-CANOPEN 1.1.3
2024-01-12 15:55:29,775 [INFO] ThirdParty:1030 - CMSIS Pack Vendor :STMicroelectronics X-CUBE-NFC4 3.0.0
2024-01-12 15:55:29,775 [INFO] ThirdParty:1030 - CMSIS Pack Vendor :STMicroelectronics X-CUBE-SUBG2 5.0.0
2024-01-12 15:55:29,775 [INFO] ThirdParty:1030 - CMSIS Pack Vendor :STMicroelectronics STM32_WPAN 1.0.0
2024-01-12 15:55:29,775 [INFO] ThirdParty:1030 - CMSIS Pack Vendor :STMicroelectronics lwIP 2.0.3
2024-01-12 15:55:29,775 [INFO] ThirdParty:1030 - CMSIS Pack Vendor :STMicroelectronics FP-SNS-FLIGHT1 5.0.2
2024-01-12 15:55:29,775 [INFO] ThirdParty:1030 - CMSIS Pack Vendor :STMicroelectronics USB_HOST 1.0.0
2024-01-12 15:55:29,775 [INFO] ThirdParty:1030 - CMSIS Pack Vendor :STMicroelectronics X-CUBE-TOF1 3.3.1
2024-01-12 15:55:29,775 [INFO] ThirdParty:1030 - CMSIS Pack Vendor :STMicroelectronics X-CUBE-AZRTOS-G4 2.0.0
2024-01-12 15:55:29,775 [INFO] ThirdParty:1030 - CMSIS Pack Vendor :STMicroelectronics PDM2PCM 3.1.0
2024-01-12 15:55:29,775 [INFO] ThirdParty:1030 - CMSIS Pack Vendor :STMicroelectronics X-CUBE-AZRTOS-H7 3.1.0
2024-01-12 15:55:29,775 [INFO] ThirdParty:1030 - CMSIS Pack Vendor :STMicroelectronics X-CUBE-TOF1 3.3.0
2024-01-12 15:55:29,775 [INFO] ThirdParty:1030 - CMSIS Pack Vendor :Infineon AIROC-Wi-Fi-Bluetooth-STM32 1.5.1
2024-01-12 15:55:29,775 [INFO] ThirdParty:1030 - CMSIS Pack Vendor :STMicroelectronics X-CUBE-BLEMGR 3.0.0
2024-01-12 15:55:29,775 [INFO] ThirdParty:1030 - CMSIS Pack Vendor :STMicroelectronics PDM2PCM 3.3.0
2024-01-12 15:55:29,775 [INFO] ThirdParty:1030 - CMSIS Pack Vendor :STMicroelectronics X-CUBE-DISPLAY 3.0.0
2024-01-12 15:55:29,775 [INFO] ThirdParty:1030 - CMSIS Pack Vendor :STMicroelectronics FP-SNS-MOTENVWB1 1.3.0
2024-01-12 15:55:29,775 [INFO] ThirdParty:1030 - CMSIS Pack Vendor :STMicroelectronics FP-SNS-MOTENVWB1 1.3.1
2024-01-12 15:55:29,775 [INFO] ThirdParty:1030 - CMSIS Pack Vendor :STMicroelectronics X-CUBE-BLE1 7.0.0
2024-01-12 15:55:29,776 [INFO] ThirdParty:1030 - CMSIS Pack Vendor :STMicroelectronics FP-ATR-SIGFOX1 3.2.0
2024-01-12 15:55:29,776 [INFO] ThirdParty:1030 - CMSIS Pack Vendor :STMicroelectronics X-CUBE-ISPU 2.0.0
2024-01-12 15:55:29,776 [INFO] ThirdParty:1030 - CMSIS Pack Vendor :STMicroelectronics HAL Drivers 0.0.0
2024-01-12 15:55:29,776 [INFO] ThirdParty:1030 - CMSIS Pack Vendor :STMicroelectronics MBEDTLS 2.16.2
2024-01-12 15:55:29,776 [INFO] ThirdParty:1030 - CMSIS Pack Vendor :emotas I-CUBE-CANOPEN 1.3.0
2024-01-12 15:55:29,776 [INFO] ThirdParty:1030 - CMSIS Pack Vendor :STMicroelectronics X-CUBE-MEMS1 10.0.0
2024-01-12 15:55:29,776 [INFO] ThirdParty:1030 - CMSIS Pack Vendor :STMicroelectronics X-CUBE-FREERTOS 1.1.0
2024-01-12 15:55:29,776 [INFO] ThirdParty:1030 - CMSIS Pack Vendor :STMicroelectronics X-CUBE-TOUCHGFX 4.22.0
2024-01-12 15:55:29,776 [INFO] ThirdParty:1030 - CMSIS Pack Vendor :STMicroelectronics X-CUBE-NFC7 1.0.1
2024-01-12 15:55:29,776 [INFO] ThirdParty:1030 - CMSIS Pack Vendor :STMicroelectronics MBEDTLS 2.14.1
2024-01-12 15:55:29,776 [INFO] ThirdParty:1030 - CMSIS Pack Vendor :STMicroelectronics X-CUBE-TOUCHGFX 4.22.1
2024-01-12 15:55:29,776 [INFO] ThirdParty:1030 - CMSIS Pack Vendor :STMicroelectronics X-CUBE-NFC6 3.0.0
2024-01-12 15:55:29,776 [INFO] ThirdParty:1030 - CMSIS Pack Vendor :portGmbH I-Cube-SoM-uGOAL 1.1.0
2024-01-12 15:55:29,776 [INFO] ThirdParty:1030 - CMSIS Pack Vendor :STMicroelectronics X-CUBE-ALS 1.0.1
2024-01-12 15:55:29,776 [INFO] ThirdParty:1030 - CMSIS Pack Vendor :STMicroelectronics ThreadX 1.0.0
2024-01-12 15:55:29,776 [INFO] ThirdParty:1030 - CMSIS Pack Vendor :STMicroelectronics FP-SNS-SMARTAG2 1.2.0
2024-01-12 15:55:29,776 [INFO] ThirdParty:1030 - CMSIS Pack Vendor :STMicroelectronics X-CUBE-AZRTOS-WL 2.0.0
2024-01-12 15:55:29,776 [INFO] ThirdParty:1030 - CMSIS Pack Vendor :STMicroelectronics USB_DEVICE 1.0.0
2024-01-12 15:55:29,776 [INFO] ThirdParty:1030 - CMSIS Pack Vendor :STMicroelectronics X-CUBE-AI 8.1.0
2024-01-12 15:55:29,776 [INFO] ThirdParty:1030 - CMSIS Pack Vendor :STMicroelectronics X-CUBE-AZRTOS-L4 2.0.0
2024-01-12 15:55:29,776 [INFO] ThirdParty:1030 - CMSIS Pack Vendor :STMicroelectronics ThreadX 0.0.2
2024-01-12 15:55:29,776 [INFO] ThirdParty:1030 - CMSIS Pack Vendor :WES I-CUBE-Cesium 1.3.0
2024-01-12 15:55:29,777 [INFO] ThirdParty:1030 - CMSIS Pack Vendor :STMicroelectronics FP-ATR-ASTRA1 2.0.0
2024-01-12 15:55:29,777 [INFO] ThirdParty:1030 - CMSIS Pack Vendor :STMicroelectronics lwIP 2.1.2
2024-01-12 15:55:29,777 [INFO] ThirdParty:1030 - CMSIS Pack Vendor :STMicroelectronics X-CUBE-SFXS2LP1 4.0.0
2024-01-12 15:55:29,777 [INFO] ThirdParty:1030 - CMSIS Pack Vendor :STMicroelectronics X-CUBE-BLE2 3.3.0
2024-01-12 15:55:29,777 [INFO] ThirdParty:1030 - CMSIS Pack Vendor :STMicroelectronics X-CUBE-TOF1 3.4.0
2024-01-12 15:55:29,777 [INFO] ThirdParty:1030 - CMSIS Pack Vendor :STMicroelectronics X-CUBE-AZRTOS-H7 3.2.0
2024-01-12 15:55:29,777 [INFO] ThirdParty:1030 - CMSIS Pack Vendor :STMicroelectronics PDM2PCM 3.2.0
2024-01-12 15:55:29,777 [INFO] ThirdParty:1030 - CMSIS Pack Vendor :STMicroelectronics X-CUBE-TOUCHGFX 4.18.0
2024-01-12 15:55:29,777 [INFO] ThirdParty:841 - exiting critical section [change project]
2024-01-12 15:55:30,895 [INFO] PinOutPanel:1499 - setPackage(No Configuration,No Configuration)
2024-01-12 15:55:30,903 [INFO] PinOutPanel:1499 - setPackage(STM32H750XBHx,TFBGA240)
2024-01-12 15:55:33,001 [INFO] UtilMem:75 - Before build in PCC Used Memory: 529967616 Bytes (998244352)
2024-01-12 15:55:35,215 [INFO] UtilMem:75 - After build in PCC Used Memory: 709800448 Bytes (998244352)
2024-01-12 15:55:35,367 [INFO] ApiDbMcu:508 - Load IP Config File for FREERTOS
2024-01-12 15:55:35,472 [INFO] ApiDbMcu:508 - Load IP Config File for LWIP
2024-01-12 15:55:35,476 [WARN] BspModel:444 - BSP dependency skipped because of component: name='DP83848', api='BSP_COMPONENT_DRIVER'
2024-01-12 15:55:35,620 [INFO] IPUIPlugin:80 - create IPUIPlugin
2024-01-12 15:55:35,620 [INFO] IPUIPlugin:80 - create IPUIPlugin
2024-01-12 15:55:35,620 [INFO] IPUIPlugin:80 - create IPUIPlugin
2024-01-12 15:55:35,622 [INFO] IPUIPlugin:80 - create IPUIPlugin
2024-01-12 15:55:35,622 [INFO] IPUIPlugin:80 - create IPUIPlugin
2024-01-12 15:55:35,622 [INFO] IPUIPlugin:80 - create IPUIPlugin
2024-01-12 15:55:35,623 [INFO] IPUIPlugin:80 - create IPUIPlugin
2024-01-12 15:55:35,624 [INFO] IPUIPlugin:80 - create IPUIPlugin
2024-01-12 15:55:35,624 [INFO] IPUIPlugin:80 - create IPUIPlugin
2024-01-12 15:55:35,624 [INFO] IPUIPlugin:80 - create IPUIPlugin
2024-01-12 15:55:35,624 [INFO] IPUIPlugin:80 - create IPUIPlugin
2024-01-12 15:55:35,625 [INFO] IPUIPlugin:80 - create IPUIPlugin
2024-01-12 15:55:35,625 [INFO] IPUIPlugin:80 - create IPUIPlugin
2024-01-12 15:55:35,625 [INFO] IPUIPlugin:80 - create IPUIPlugin
2024-01-12 15:55:35,625 [INFO] IPUIPlugin:80 - create IPUIPlugin
2024-01-12 15:55:35,625 [INFO] IPUIPlugin:80 - create IPUIPlugin
2024-01-12 15:55:35,626 [INFO] IPUIPlugin:80 - create IPUIPlugin
2024-01-12 15:55:35,626 [INFO] IPUIPlugin:80 - create IPUIPlugin
2024-01-12 15:55:35,626 [INFO] IPUIPlugin:80 - create IPUIPlugin
2024-01-12 15:55:35,626 [INFO] IPUIPlugin:80 - create IPUIPlugin
2024-01-12 15:55:35,627 [INFO] IPUIPlugin:80 - create IPUIPlugin
2024-01-12 15:55:35,627 [INFO] IPUIPlugin:80 - create IPUIPlugin
2024-01-12 15:55:35,627 [INFO] IPUIPlugin:80 - create IPUIPlugin
2024-01-12 15:55:35,628 [INFO] IPUIPlugin:80 - create IPUIPlugin
2024-01-12 15:55:35,628 [INFO] IPUIPlugin:80 - create IPUIPlugin
2024-01-12 15:55:35,628 [INFO] IPUIPlugin:80 - create IPUIPlugin
2024-01-12 15:55:35,628 [INFO] IPUIPlugin:80 - create IPUIPlugin
2024-01-12 15:55:35,629 [INFO] IPUIPlugin:80 - create IPUIPlugin
2024-01-12 15:55:35,629 [INFO] IPUIPlugin:80 - create IPUIPlugin
2024-01-12 15:55:35,629 [INFO] IPUIPlugin:80 - create IPUIPlugin
2024-01-12 15:55:35,629 [INFO] IPUIPlugin:80 - create IPUIPlugin
2024-01-12 15:55:35,630 [INFO] IPUIPlugin:80 - create IPUIPlugin
2024-01-12 15:55:35,630 [INFO] IPUIPlugin:80 - create IPUIPlugin
2024-01-12 15:55:35,630 [INFO] IPUIPlugin:80 - create IPUIPlugin
2024-01-12 15:55:35,631 [INFO] IPUIPlugin:80 - create IPUIPlugin
2024-01-12 15:55:35,631 [INFO] IPUIPlugin:80 - create IPUIPlugin
2024-01-12 15:55:35,631 [INFO] IPUIPlugin:80 - create IPUIPlugin
2024-01-12 15:55:35,631 [INFO] IPUIPlugin:80 - create IPUIPlugin
2024-01-12 15:55:35,634 [INFO] IPUIPlugin:80 - create IPUIPlugin
2024-01-12 15:55:35,635 [INFO] IPUIPlugin:80 - create IPUIPlugin
2024-01-12 15:55:35,636 [INFO] IPUIPlugin:80 - create IPUIPlugin
2024-01-12 15:55:35,636 [INFO] IPUIPlugin:80 - create IPUIPlugin
2024-01-12 15:55:35,636 [INFO] IPUIPlugin:80 - create IPUIPlugin
2024-01-12 15:55:35,637 [INFO] IPUIPlugin:80 - create IPUIPlugin
2024-01-12 15:55:35,638 [INFO] IPUIPlugin:80 - create IPUIPlugin
2024-01-12 15:55:35,638 [INFO] IPUIPlugin:80 - create IPUIPlugin
2024-01-12 15:55:35,639 [INFO] IPUIPlugin:80 - create IPUIPlugin
2024-01-12 15:55:35,639 [INFO] IPUIPlugin:80 - create IPUIPlugin
2024-01-12 15:55:35,639 [INFO] IPUIPlugin:80 - create IPUIPlugin
2024-01-12 15:55:35,640 [INFO] IPUIPlugin:80 - create IPUIPlugin
2024-01-12 15:55:35,640 [INFO] IPUIPlugin:80 - create IPUIPlugin
2024-01-12 15:55:35,641 [INFO] IPUIPlugin:80 - create IPUIPlugin
2024-01-12 15:55:35,642 [INFO] IPUIPlugin:80 - create IPUIPlugin
2024-01-12 15:55:35,642 [INFO] IPUIPlugin:80 - create IPUIPlugin
2024-01-12 15:55:35,642 [INFO] IPUIPlugin:80 - create IPUIPlugin
2024-01-12 15:55:35,643 [INFO] IPUIPlugin:80 - create IPUIPlugin
2024-01-12 15:55:35,643 [INFO] IPUIPlugin:80 - create IPUIPlugin
2024-01-12 15:55:35,644 [INFO] IPUIPlugin:80 - create IPUIPlugin
2024-01-12 15:55:35,644 [INFO] IPUIPlugin:80 - create IPUIPlugin
2024-01-12 15:55:35,645 [INFO] IPUIPlugin:80 - create IPUIPlugin
2024-01-12 15:55:35,645 [INFO] IPUIPlugin:80 - create IPUIPlugin
2024-01-12 15:55:35,646 [INFO] IPUIPlugin:80 - create IPUIPlugin
2024-01-12 15:55:35,646 [INFO] IPUIPlugin:80 - create IPUIPlugin
2024-01-12 15:55:35,646 [INFO] IPUIPlugin:80 - create IPUIPlugin
2024-01-12 15:55:35,647 [INFO] IPUIPlugin:80 - create IPUIPlugin
2024-01-12 15:55:35,647 [INFO] IPUIPlugin:80 - create IPUIPlugin
2024-01-12 15:55:35,647 [INFO] IPUIPlugin:80 - create IPUIPlugin
2024-01-12 15:55:35,648 [INFO] IPUIPlugin:80 - create IPUIPlugin
2024-01-12 15:55:35,648 [INFO] IPUIPlugin:80 - create IPUIPlugin
2024-01-12 15:55:35,649 [INFO] IPUIPlugin:80 - create IPUIPlugin
2024-01-12 15:55:35,649 [INFO] IPUIPlugin:80 - create IPUIPlugin
2024-01-12 15:55:35,651 [INFO] IPUIPlugin:80 - create IPUIPlugin
2024-01-12 15:55:35,652 [INFO] IPUIPlugin:80 - create IPUIPlugin
2024-01-12 15:55:35,652 [INFO] IPUIPlugin:80 - create IPUIPlugin
2024-01-12 15:55:35,653 [INFO] IPUIPlugin:80 - create IPUIPlugin
2024-01-12 15:55:35,653 [INFO] IPUIPlugin:80 - create IPUIPlugin
2024-01-12 15:55:35,654 [INFO] IPUIPlugin:80 - create IPUIPlugin
2024-01-12 15:55:35,654 [INFO] IPUIPlugin:80 - create IPUIPlugin
2024-01-12 15:55:35,655 [INFO] IPUIPlugin:80 - create IPUIPlugin
2024-01-12 15:55:35,656 [INFO] IPUIPlugin:80 - create IPUIPlugin
2024-01-12 15:55:35,656 [INFO] IPUIPlugin:80 - create IPUIPlugin
2024-01-12 15:55:35,657 [INFO] IPUIPlugin:80 - create IPUIPlugin
2024-01-12 15:55:35,657 [INFO] IPUIPlugin:80 - create IPUIPlugin
2024-01-12 15:55:35,658 [INFO] IPUIPlugin:80 - create IPUIPlugin
2024-01-12 15:55:35,658 [INFO] IPUIPlugin:80 - create IPUIPlugin
2024-01-12 15:55:35,659 [INFO] IPUIPlugin:80 - create IPUIPlugin
2024-01-12 15:55:35,660 [INFO] IPUIPlugin:80 - create IPUIPlugin
2024-01-12 15:55:35,663 [INFO] IPUIPlugin:80 - create IPUIPlugin
2024-01-12 15:55:35,663 [INFO] IPUIPlugin:80 - create IPUIPlugin
2024-01-12 15:55:35,664 [INFO] IPUIPlugin:80 - create IPUIPlugin
2024-01-12 15:55:35,665 [INFO] IPUIPlugin:80 - create IPUIPlugin
2024-01-12 15:55:35,667 [INFO] IPUIPlugin:80 - create IPUIPlugin
2024-01-12 15:55:35,667 [INFO] IPUIPlugin:80 - create IPUIPlugin
2024-01-12 15:55:35,668 [INFO] IPUIPlugin:80 - create IPUIPlugin
2024-01-12 15:55:35,668 [INFO] IPUIPlugin:80 - create IPUIPlugin
2024-01-12 15:55:35,669 [INFO] IPUIPlugin:80 - create IPUIPlugin
2024-01-12 15:55:35,669 [INFO] IPUIPlugin:80 - create IPUIPlugin
2024-01-12 15:55:35,669 [INFO] IPUIPlugin:80 - create IPUIPlugin
2024-01-12 15:55:35,671 [INFO] IPUIPlugin:80 - create IPUIPlugin
2024-01-12 15:55:35,701 [INFO] ApiDbMcu:508 - Load IP Config File for PDM2PCM
2024-01-12 15:55:35,757 [WARN] FreeRTOS:1023 - Null or empty value: should not occur! (nothing added to the table)
2024-01-12 15:55:37,427 [INFO] CADModel:165 - CPN selected for project levelSTM32H750XBH6
2024-01-12 15:55:37,428 [INFO] CADModel:114 - Register for checkConnection events
2024-01-12 15:55:37,437 [INFO] RtosManager:697 - Active RTOS found at IOC load: FREERTOS [Cortex-M7NS]
2024-01-12 15:55:37,537 [INFO] OpenFileManager:343 - Restore cursor
2024-01-12 15:55:38,114 [WARN] IP:2119 - LWIP_NETIF_HOSTNAME not found: check if there is a RefParameter without a condition.
2024-01-12 15:55:38,291 [WARN] IP:2119 - LWIP_NETIF_HOSTNAME not found: check if there is a RefParameter without a condition.
2024-01-12 15:55:53,105 [WARN] IP:2119 - LWIP_NETIF_HOSTNAME not found: check if there is a RefParameter without a condition.
2024-01-12 15:58:49,677 [WARN] IP:2119 - LWIP_NETIF_HOSTNAME not found: check if there is a RefParameter without a condition.
2024-01-12 15:58:49,986 [WARN] IP:2119 - LWIP_NETIF_HOSTNAME not found: check if there is a RefParameter without a condition.
2024-01-12 15:58:51,514 [WARN] IP:2119 - LWIP_NETIF_HOSTNAME not found: check if there is a RefParameter without a condition.
2024-01-12 15:58:57,917 [WARN] IP:2119 - LWIP_NETIF_HOSTNAME not found: check if there is a RefParameter without a condition.
2024-01-12 15:59:01,591 [WARN] IP:2119 - LWIP_NETIF_HOSTNAME not found: check if there is a RefParameter without a condition.
2024-01-12 15:59:04,342 [WARN] IP:2119 - LWIP_NETIF_HOSTNAME not found: check if there is a RefParameter without a condition.
2024-01-12 15:59:07,532 [WARN] IP:2119 - LWIP_NETIF_HOSTNAME not found: check if there is a RefParameter without a condition.
2024-01-12 15:59:08,466 [WARN] IP:2119 - LWIP_NETIF_HOSTNAME not found: check if there is a RefParameter without a condition.
2024-01-12 15:59:09,664 [WARN] IP:2119 - LWIP_NETIF_HOSTNAME not found: check if there is a RefParameter without a condition.
2024-01-12 15:59:10,487 [WARN] IP:2119 - LWIP_NETIF_HOSTNAME not found: check if there is a RefParameter without a condition.
2024-01-12 15:59:13,569 [WARN] IP:2119 - LWIP_NETIF_HOSTNAME not found: check if there is a RefParameter without a condition.
2024-01-12 15:59:18,523 [WARN] IP:2119 - LWIP_NETIF_HOSTNAME not found: check if there is a RefParameter without a condition.
2024-01-12 15:59:22,675 [WARN] IP:2119 - LWIP_NETIF_HOSTNAME not found: check if there is a RefParameter without a condition.
2024-01-12 16:28:26,489 [WARN] BspModel:444 - BSP dependency skipped because of component: name='DP83848', api='BSP_COMPONENT_DRIVER'
2024-01-12 16:28:26,746 [WARN] IP:2119 - LWIP_NETIF_HOSTNAME not found: check if there is a RefParameter without a condition.
2024-01-12 16:28:26,862 [WARN] IP:2119 - LWIP_NETIF_HOSTNAME not found: check if there is a RefParameter without a condition.
2024-01-12 16:28:27,619 [WARN] IP:2119 - LWIP_NETIF_HOSTNAME not found: check if there is a RefParameter without a condition.
2024-01-12 16:28:32,390 [INFO] UtilMem:75 - End SaveConfig() Used Memory: 744299216 Bytes (998244352)
2024-01-12 16:28:34,084 [INFO] UtilMem:75 - End SaveConfig() Used Memory: 783096528 Bytes (998244352)
2024-01-12 16:28:37,303 [INFO] UtilMem:75 - End SaveConfig() Used Memory: 457278464 Bytes (998244352)
2024-01-12 16:28:39,993 [INFO] BlockDiagram:2759 - set Specific Code input for plugin: FREERTOS
2024-01-12 16:28:39,993 [INFO] BlockDiagram:2759 - set Specific Code input for plugin: RCC
2024-01-12 16:28:39,993 [INFO] BlockDiagram:2759 - set Specific Code input for plugin: ETH
2024-01-12 16:28:39,993 [INFO] BlockDiagram:2759 - set Specific Code input for plugin: SYS
2024-01-12 16:28:39,994 [INFO] BlockDiagram:2759 - set Specific Code input for plugin: NVIC
2024-01-12 16:28:39,994 [INFO] BlockDiagram:2759 - set Specific Code input for plugin: LWIP
2024-01-12 16:28:39,994 [INFO] BlockDiagram:2759 - set Specific Code input for plugin: CORTEX_M7
2024-01-12 16:28:39,995 [INFO] BlockDiagram:2759 - set Specific Code input for plugin: GPIO
2024-01-12 16:28:40,000 [INFO] CodeGenerator:807 - code generatio: config db path: C:\ST\STM32CubeIDE_1.12.0\STM32CubeIDE\plugins\com.st.stm32cube.common.mx_6.10.0.202311202037\\db\
2024-01-12 16:28:45,689 [WARN] IP:2119 - LWIP_NETIF_HOSTNAME not found: check if there is a RefParameter without a condition.
2024-01-12 16:28:50,605 [INFO] CodeEngine:255 - oldGeneratedFile, D:\STM32\STM32H750_Disco_ETH\MXTmpFiles\license.tmp_save
2024-01-12 16:28:51,734 [INFO] CodeEngine:279 - Generated code: D:\STM32\STM32H750_Disco_ETH\MXTmpFiles\license.tmp
2024-01-12 16:28:52,437 [INFO] CodeEngine:255 - oldGeneratedFile, D:\STM32\STM32H750_Disco_ETH\MXTmpFiles\gpio.tmp_save
2024-01-12 16:28:53,421 [INFO] CodeEngine:279 - Generated code: D:\STM32\STM32H750_Disco_ETH\MXTmpFiles\gpio.tmp
2024-01-12 16:28:54,524 [INFO] CodeEngine:255 - oldGeneratedFile, D:\STM32\STM32H750_Disco_ETH\MXTmpFiles\eth_vars.tmp_save
2024-01-12 16:28:56,054 [INFO] CodeEngine:279 - Generated code: D:\STM32\STM32H750_Disco_ETH\MXTmpFiles\eth_vars.tmp
2024-01-12 16:28:56,083 [INFO] CodeEngine:255 - oldGeneratedFile, D:\STM32\STM32H750_Disco_ETH\MXTmpFiles\eth_inc.tmp_save
2024-01-12 16:28:56,581 [INFO] CodeEngine:279 - Generated code: D:\STM32\STM32H750_Disco_ETH\MXTmpFiles\eth_inc.tmp
2024-01-12 16:28:56,589 [INFO] CodeEngine:255 - oldGeneratedFile, D:\STM32\STM32H750_Disco_ETH\MXTmpFiles\eth_HalInit.tmp_save
2024-01-12 16:28:56,861 [INFO] CodeEngine:279 - Generated code: D:\STM32\STM32H750_Disco_ETH\MXTmpFiles\eth_HalInit.tmp
2024-01-12 16:28:56,865 [INFO] CodeEngine:255 - oldGeneratedFile, D:\STM32\STM32H750_Disco_ETH\MXTmpFiles\eth_Msp.tmp_save
2024-01-12 16:28:57,441 [INFO] CodeEngine:279 - Generated code: D:\STM32\STM32H750_Disco_ETH\MXTmpFiles\eth_Msp.tmp
2024-01-12 16:28:58,888 [INFO] Middleware:1439 - No code input for Bsp Dependency
2024-01-12 16:28:58,917 [INFO] CodeEngine:255 - oldGeneratedFile, D:\STM32\STM32H750_Disco_ETH\MXTmpFiles\rtos_inc.tmp_save
2024-01-12 16:28:59,276 [INFO] CodeEngine:279 - Generated code: D:\STM32\STM32H750_Disco_ETH\MXTmpFiles\rtos_inc.tmp
2024-01-12 16:28:59,290 [INFO] CodeEngine:255 - oldGeneratedFile, D:\STM32\STM32H750_Disco_ETH\MXTmpFiles\rtos_kernelInit.tmp_save
2024-01-12 16:28:59,408 [INFO] CodeEngine:279 - Generated code: D:\STM32\STM32H750_Disco_ETH\MXTmpFiles\rtos_kernelInit.tmp
2024-01-12 16:28:59,429 [INFO] CodeEngine:255 - oldGeneratedFile, D:\STM32\STM32H750_Disco_ETH\MXTmpFiles\rtos_kernelStart.tmp_save
2024-01-12 16:28:59,623 [INFO] CodeEngine:279 - Generated code: D:\STM32\STM32H750_Disco_ETH\MXTmpFiles\rtos_kernelStart.tmp
2024-01-12 16:28:59,630 [INFO] CodeEngine:255 - oldGeneratedFile, D:\STM32\STM32H750_Disco_ETH\MXTmpFiles\rtos_typedefs.tmp_save
2024-01-12 16:28:59,740 [INFO] CodeEngine:279 - Generated code: D:\STM32\STM32H750_Disco_ETH\MXTmpFiles\rtos_typedefs.tmp
2024-01-12 16:28:59,749 [INFO] CodeEngine:255 - oldGeneratedFile, D:\STM32\STM32H750_Disco_ETH\MXTmpFiles\rtos_vars.tmp_save
2024-01-12 16:29:00,332 [INFO] CodeEngine:279 - Generated code: D:\STM32\STM32H750_Disco_ETH\MXTmpFiles\rtos_vars.tmp
2024-01-12 16:29:00,342 [INFO] CodeEngine:255 - oldGeneratedFile, D:\STM32\STM32H750_Disco_ETH\MXTmpFiles\rtos_pfp.tmp_save
2024-01-12 16:29:00,531 [INFO] CodeEngine:279 - Generated code: D:\STM32\STM32H750_Disco_ETH\MXTmpFiles\rtos_pfp.tmp
2024-01-12 16:29:00,535 [INFO] CodeEngine:255 - oldGeneratedFile, D:\STM32\STM32H750_Disco_ETH\MXTmpFiles\rtos_obj_creat.tmp_save
2024-01-12 16:29:00,768 [INFO] CodeEngine:279 - Generated code: D:\STM32\STM32H750_Disco_ETH\MXTmpFiles\rtos_obj_creat.tmp
2024-01-12 16:29:00,772 [INFO] CodeEngine:255 - oldGeneratedFile, D:\STM32\STM32H750_Disco_ETH\MXTmpFiles\rtos_default_thread.tmp_save
2024-01-12 16:29:00,868 [INFO] CodeEngine:279 - Generated code: D:\STM32\STM32H750_Disco_ETH\MXTmpFiles\rtos_default_thread.tmp
2024-01-12 16:29:00,872 [INFO] CodeEngine:255 - oldGeneratedFile, D:\STM32\STM32H750_Disco_ETH\MXTmpFiles\rtos_threads.tmp_save
2024-01-12 16:29:00,938 [INFO] CodeEngine:279 - Generated code: D:\STM32\STM32H750_Disco_ETH\MXTmpFiles\rtos_threads.tmp
2024-01-12 16:29:00,966 [INFO] Middleware:1439 - No code input for Bsp Dependency
2024-01-12 16:29:00,999 [INFO] Middleware:1439 - No code input for Bsp Dependency
2024-01-12 16:29:01,066 [INFO] CodeEngine:255 - oldGeneratedFile, D:\STM32\STM32H750_Disco_ETH\MXTmpFiles\rtos_inc.tmp_save
2024-01-12 16:29:01,273 [INFO] CodeEngine:279 - Generated code: D:\STM32\STM32H750_Disco_ETH\MXTmpFiles\rtos_inc.tmp
2024-01-12 16:29:01,283 [INFO] CodeEngine:255 - oldGeneratedFile, D:\STM32\STM32H750_Disco_ETH\MXTmpFiles\rtos_kernelInit.tmp_save
2024-01-12 16:29:01,355 [INFO] CodeEngine:279 - Generated code: D:\STM32\STM32H750_Disco_ETH\MXTmpFiles\rtos_kernelInit.tmp
2024-01-12 16:29:01,359 [INFO] CodeEngine:255 - oldGeneratedFile, D:\STM32\STM32H750_Disco_ETH\MXTmpFiles\rtos_kernelStart.tmp_save
2024-01-12 16:29:01,423 [INFO] CodeEngine:279 - Generated code: D:\STM32\STM32H750_Disco_ETH\MXTmpFiles\rtos_kernelStart.tmp
2024-01-12 16:29:01,430 [INFO] CodeEngine:255 - oldGeneratedFile, D:\STM32\STM32H750_Disco_ETH\MXTmpFiles\rtos_typedefs.tmp_save
2024-01-12 16:29:01,495 [INFO] CodeEngine:279 - Generated code: D:\STM32\STM32H750_Disco_ETH\MXTmpFiles\rtos_typedefs.tmp
2024-01-12 16:29:01,498 [INFO] CodeEngine:255 - oldGeneratedFile, D:\STM32\STM32H750_Disco_ETH\MXTmpFiles\rtos_vars.tmp_save
2024-01-12 16:29:01,563 [INFO] CodeEngine:279 - Generated code: D:\STM32\STM32H750_Disco_ETH\MXTmpFiles\rtos_vars.tmp
2024-01-12 16:29:01,566 [INFO] CodeEngine:255 - oldGeneratedFile, D:\STM32\STM32H750_Disco_ETH\MXTmpFiles\rtos_pfp.tmp_save
2024-01-12 16:29:01,639 [INFO] CodeEngine:279 - Generated code: D:\STM32\STM32H750_Disco_ETH\MXTmpFiles\rtos_pfp.tmp
2024-01-12 16:29:01,648 [INFO] CodeEngine:255 - oldGeneratedFile, D:\STM32\STM32H750_Disco_ETH\MXTmpFiles\rtos_obj_creat.tmp_save
2024-01-12 16:29:01,730 [INFO] CodeEngine:279 - Generated code: D:\STM32\STM32H750_Disco_ETH\MXTmpFiles\rtos_obj_creat.tmp
2024-01-12 16:29:01,741 [INFO] CodeEngine:255 - oldGeneratedFile, D:\STM32\STM32H750_Disco_ETH\MXTmpFiles\rtos_default_thread.tmp_save
2024-01-12 16:29:01,804 [INFO] CodeEngine:279 - Generated code: D:\STM32\STM32H750_Disco_ETH\MXTmpFiles\rtos_default_thread.tmp
2024-01-12 16:29:01,807 [INFO] CodeEngine:255 - oldGeneratedFile, D:\STM32\STM32H750_Disco_ETH\MXTmpFiles\rtos_threads.tmp_save
2024-01-12 16:29:01,867 [INFO] CodeEngine:279 - Generated code: D:\STM32\STM32H750_Disco_ETH\MXTmpFiles\rtos_threads.tmp
2024-01-12 16:29:01,875 [INFO] CodeEngine:255 - oldGeneratedFile, D:\STM32\STM32H750_Disco_ETH\Core\Inc\FreeRTOSConfig.h_save
2024-01-12 16:29:02,075 [INFO] CodeEngine:279 - Generated code: D:\STM32\STM32H750_Disco_ETH\Core\Inc\FreeRTOSConfig.h
2024-01-12 16:29:02,084 [INFO] CodeEngine:255 - oldGeneratedFile, D:\STM32\STM32H750_Disco_ETH\Core\Src\freertos.c_save
2024-01-12 16:29:02,180 [INFO] CodeEngine:279 - Generated code: D:\STM32\STM32H750_Disco_ETH\Core\Src\freertos.c
2024-01-12 16:29:02,187 [INFO] CodeEngine:255 - oldGeneratedFile, D:\STM32\STM32H750_Disco_ETH\MXTmpFiles\cortex.tmp_save
2024-01-12 16:29:02,279 [INFO] CodeEngine:279 - Generated code: D:\STM32\STM32H750_Disco_ETH\MXTmpFiles\cortex.tmp
2024-01-12 16:29:02,308 [INFO] Middleware:1439 - No code input for Bsp Dependency
2024-01-12 16:29:02,353 [INFO] CodeEngine:255 - oldGeneratedFile, D:\STM32\STM32H750_Disco_ETH\LWIP\App\lwip.c_save
2024-01-12 16:29:02,487 [INFO] CodeEngine:279 - Generated code: D:\STM32\STM32H750_Disco_ETH\LWIP\App\lwip.c
2024-01-12 16:29:02,492 [INFO] CodeEngine:255 - oldGeneratedFile, D:\STM32\STM32H750_Disco_ETH\LWIP\App\lwip.h_save
2024-01-12 16:29:02,556 [INFO] CodeEngine:279 - Generated code: D:\STM32\STM32H750_Disco_ETH\LWIP\App\lwip.h
2024-01-12 16:29:02,562 [INFO] CodeEngine:255 - oldGeneratedFile, D:\STM32\STM32H750_Disco_ETH\LWIP\Target\lwipopts.h_save
2024-01-12 16:29:02,833 [INFO] CodeEngine:279 - Generated code: D:\STM32\STM32H750_Disco_ETH\LWIP\Target\lwipopts.h
2024-01-12 16:29:02,848 [INFO] CodeEngine:255 - oldGeneratedFile, D:\STM32\STM32H750_Disco_ETH\LWIP\Target\ethernetif.c_save
2024-01-12 16:29:02,941 [INFO] CodeEngine:279 - Generated code: D:\STM32\STM32H750_Disco_ETH\LWIP\Target\ethernetif.c
2024-01-12 16:29:02,947 [INFO] CodeEngine:255 - oldGeneratedFile, D:\STM32\STM32H750_Disco_ETH\LWIP\Target\ethernetif.h_save
2024-01-12 16:29:03,008 [INFO] CodeEngine:279 - Generated code: D:\STM32\STM32H750_Disco_ETH\LWIP\Target\ethernetif.h
2024-01-12 16:29:03,031 [INFO] CodeEngine:255 - oldGeneratedFile, D:\STM32\STM32H750_Disco_ETH\Core\Src\stm32h7xx_it.c_save
2024-01-12 16:29:03,213 [INFO] CodeEngine:279 - Generated code: D:\STM32\STM32H750_Disco_ETH\Core\Src\stm32h7xx_it.c
2024-01-12 16:29:03,219 [INFO] CodeEngine:255 - oldGeneratedFile, D:\STM32\STM32H750_Disco_ETH\Core\Inc\stm32h7xx_it.h_save
2024-01-12 16:29:03,303 [INFO] CodeEngine:279 - Generated code: D:\STM32\STM32H750_Disco_ETH\Core\Inc\stm32h7xx_it.h
2024-01-12 16:29:03,737 [INFO] CodeEngine:255 - oldGeneratedFile, D:\STM32\STM32H750_Disco_ETH\Core\Src\stm32h7xx_hal_msp.c_save
2024-01-12 16:29:03,869 [INFO] CodeEngine:279 - Generated code: D:\STM32\STM32H750_Disco_ETH\Core\Src\stm32h7xx_hal_msp.c
2024-01-12 16:29:03,873 [INFO] CodeEngine:255 - oldGeneratedFile, D:\STM32\STM32H750_Disco_ETH\MXTmpFiles\system.tmp_save
2024-01-12 16:29:03,964 [INFO] CodeEngine:279 - Generated code: D:\STM32\STM32H750_Disco_ETH\MXTmpFiles\system.tmp
2024-01-12 16:29:03,969 [INFO] CodeEngine:255 - oldGeneratedFile, D:\STM32\STM32H750_Disco_ETH\Core\Src\stm32h7xx_hal_timebase_tim.c_save
2024-01-12 16:29:04,038 [INFO] CodeEngine:279 - Generated code: D:\STM32\STM32H750_Disco_ETH\Core\Src\stm32h7xx_hal_timebase_tim.c
2024-01-12 16:29:04,047 [INFO] CodeEngine:311 - oldGeneratedFile, D:\STM32\STM32H750_Disco_ETH\Core\Inc\stm32h7xx_hal_conf.h_save
2024-01-12 16:29:04,118 [INFO] CodeEngine:335 - Generated code: D:\STM32\STM32H750_Disco_ETH\Core\Inc\stm32h7xx_hal_conf.h
2024-01-12 16:29:04,235 [INFO] CodeEngine:255 - oldGeneratedFile, D:\STM32\STM32H750_Disco_ETH\Core\Inc\main.h_save
2024-01-12 16:29:04,331 [INFO] CodeEngine:279 - Generated code: D:\STM32\STM32H750_Disco_ETH\Core\Inc\main.h
2024-01-12 16:29:04,335 [INFO] CodeEngine:255 - oldGeneratedFile, D:\STM32\STM32H750_Disco_ETH\Core\Src\main.c_save
2024-01-12 16:29:04,611 [INFO] CodeEngine:279 - Generated code: D:\STM32\STM32H750_Disco_ETH\Core\Src\main.c
2024-01-12 16:29:06,603 [INFO] ProjectBuilder:3076 - Time for Copy HAL[1] : 1271mS.
2024-01-12 16:29:06,638 [INFO] ProjectBuilder:4485 - Project Generator version: 4.2.0-B44
2024-01-12 16:29:07,081 [INFO] ConfigFileManager:1495 - The Die is : DIE450
2024-01-12 16:29:07,087 [INFO] ApiDbMcu:508 - Load IP Config File for FATFS
2024-01-12 16:29:07,090 [INFO] ApiDbMcu:508 - Load IP Config File for LIBJPEG
2024-01-12 16:29:07,106 [INFO] ApiDbMcu:508 - Load IP Config File for MBEDTLS
2024-01-12 16:29:07,124 [INFO] ApiDbMcu:508 - Load IP Config File for USB_DEVICE
2024-01-12 16:29:07,131 [INFO] ApiDbMcu:508 - Load IP Config File for USB_HOST
2024-01-12 16:29:09,388 [INFO] LogOutputStream:77 - [STDOUT_REDIRECT] 
2024-01-12 16:29:13,386 [INFO] ProjectBuilder:4747 - Time for Generating toolchain IDE Files: 6746mS.
2024-01-12 16:29:13,387 [INFO] ProjectBuilder:2947 - Time for Copy CMSIS : 1mS.
2024-01-12 16:29:13,395 [INFO] ProjectBuilder:2947 - Time for Copy CMSIS : 0mS.
2024-01-12 16:35:40,409 [WARN] BspModel:444 - BSP dependency skipped because of component: name='DP83848', api='BSP_COMPONENT_DRIVER'
2024-01-12 16:35:40,431 [WARN] IP:2119 - LWIP_NETIF_HOSTNAME not found: check if there is a RefParameter without a condition.
2024-01-12 16:35:40,483 [WARN] IP:2119 - LWIP_NETIF_HOSTNAME not found: check if there is a RefParameter without a condition.
2024-01-12 16:35:40,624 [WARN] IP:2119 - LWIP_NETIF_HOSTNAME not found: check if there is a RefParameter without a condition.
2024-01-12 16:35:44,580 [INFO] UtilMem:75 - End SaveConfig() Used Memory: 531408896 Bytes (1073741824)
2024-01-12 16:35:45,513 [INFO] UtilMem:75 - End SaveConfig() Used Memory: 661432320 Bytes (1073741824)
2024-01-12 16:35:46,009 [INFO] BlockDiagram:2759 - set Specific Code input for plugin: FREERTOS
2024-01-12 16:35:46,009 [INFO] BlockDiagram:2759 - set Specific Code input for plugin: RCC
2024-01-12 16:35:46,009 [INFO] BlockDiagram:2759 - set Specific Code input for plugin: ETH
2024-01-12 16:35:46,009 [INFO] BlockDiagram:2759 - set Specific Code input for plugin: SYS
2024-01-12 16:35:46,009 [INFO] BlockDiagram:2759 - set Specific Code input for plugin: NVIC
2024-01-12 16:35:46,010 [INFO] BlockDiagram:2759 - set Specific Code input for plugin: LWIP
2024-01-12 16:35:46,010 [INFO] BlockDiagram:2759 - set Specific Code input for plugin: CORTEX_M7
2024-01-12 16:35:46,010 [INFO] BlockDiagram:2759 - set Specific Code input for plugin: GPIO
2024-01-12 16:35:46,011 [INFO] CodeGenerator:807 - code generatio: config db path: C:\ST\STM32CubeIDE_1.12.0\STM32CubeIDE\plugins\com.st.stm32cube.common.mx_6.10.0.202311202037\\db\
2024-01-12 16:35:46,035 [WARN] IP:2119 - LWIP_NETIF_HOSTNAME not found: check if there is a RefParameter without a condition.
2024-01-12 16:35:46,331 [INFO] CodeEngine:255 - oldGeneratedFile, D:\STM32\STM32H750_Disco_ETH\MXTmpFiles\license.tmp_save
2024-01-12 16:35:46,520 [INFO] CodeEngine:279 - Generated code: D:\STM32\STM32H750_Disco_ETH\MXTmpFiles\license.tmp
2024-01-12 16:35:46,687 [INFO] CodeEngine:255 - oldGeneratedFile, D:\STM32\STM32H750_Disco_ETH\MXTmpFiles\gpio.tmp_save
2024-01-12 16:35:46,939 [INFO] CodeEngine:279 - Generated code: D:\STM32\STM32H750_Disco_ETH\MXTmpFiles\gpio.tmp
2024-01-12 16:35:47,133 [INFO] CodeEngine:255 - oldGeneratedFile, D:\STM32\STM32H750_Disco_ETH\MXTmpFiles\eth_vars.tmp_save
2024-01-12 16:35:47,188 [INFO] CodeEngine:279 - Generated code: D:\STM32\STM32H750_Disco_ETH\MXTmpFiles\eth_vars.tmp
2024-01-12 16:35:47,190 [INFO] CodeEngine:255 - oldGeneratedFile, D:\STM32\STM32H750_Disco_ETH\MXTmpFiles\eth_inc.tmp_save
2024-01-12 16:35:47,345 [INFO] CodeEngine:279 - Generated code: D:\STM32\STM32H750_Disco_ETH\MXTmpFiles\eth_inc.tmp
2024-01-12 16:35:47,348 [INFO] CodeEngine:255 - oldGeneratedFile, D:\STM32\STM32H750_Disco_ETH\MXTmpFiles\eth_HalInit.tmp_save
2024-01-12 16:35:47,439 [INFO] CodeEngine:279 - Generated code: D:\STM32\STM32H750_Disco_ETH\MXTmpFiles\eth_HalInit.tmp
2024-01-12 16:35:47,442 [INFO] CodeEngine:255 - oldGeneratedFile, D:\STM32\STM32H750_Disco_ETH\MXTmpFiles\eth_Msp.tmp_save
2024-01-12 16:35:47,585 [INFO] CodeEngine:279 - Generated code: D:\STM32\STM32H750_Disco_ETH\MXTmpFiles\eth_Msp.tmp
2024-01-12 16:35:48,071 [INFO] Middleware:1439 - No code input for Bsp Dependency
2024-01-12 16:35:48,078 [INFO] CodeEngine:255 - oldGeneratedFile, D:\STM32\STM32H750_Disco_ETH\MXTmpFiles\rtos_inc.tmp_save
2024-01-12 16:35:48,249 [INFO] CodeEngine:279 - Generated code: D:\STM32\STM32H750_Disco_ETH\MXTmpFiles\rtos_inc.tmp
2024-01-12 16:35:48,251 [INFO] CodeEngine:255 - oldGeneratedFile, D:\STM32\STM32H750_Disco_ETH\MXTmpFiles\rtos_kernelInit.tmp_save
2024-01-12 16:35:48,305 [INFO] CodeEngine:279 - Generated code: D:\STM32\STM32H750_Disco_ETH\MXTmpFiles\rtos_kernelInit.tmp
2024-01-12 16:35:48,308 [INFO] CodeEngine:255 - oldGeneratedFile, D:\STM32\STM32H750_Disco_ETH\MXTmpFiles\rtos_kernelStart.tmp_save
2024-01-12 16:35:48,365 [INFO] CodeEngine:279 - Generated code: D:\STM32\STM32H750_Disco_ETH\MXTmpFiles\rtos_kernelStart.tmp
2024-01-12 16:35:48,366 [INFO] CodeEngine:255 - oldGeneratedFile, D:\STM32\STM32H750_Disco_ETH\MXTmpFiles\rtos_typedefs.tmp_save
2024-01-12 16:35:48,408 [INFO] CodeEngine:279 - Generated code: D:\STM32\STM32H750_Disco_ETH\MXTmpFiles\rtos_typedefs.tmp
2024-01-12 16:35:48,410 [INFO] CodeEngine:255 - oldGeneratedFile, D:\STM32\STM32H750_Disco_ETH\MXTmpFiles\rtos_vars.tmp_save
2024-01-12 16:35:48,455 [INFO] CodeEngine:279 - Generated code: D:\STM32\STM32H750_Disco_ETH\MXTmpFiles\rtos_vars.tmp
2024-01-12 16:35:48,457 [INFO] CodeEngine:255 - oldGeneratedFile, D:\STM32\STM32H750_Disco_ETH\MXTmpFiles\rtos_pfp.tmp_save
2024-01-12 16:35:48,497 [INFO] CodeEngine:279 - Generated code: D:\STM32\STM32H750_Disco_ETH\MXTmpFiles\rtos_pfp.tmp
2024-01-12 16:35:48,499 [INFO] CodeEngine:255 - oldGeneratedFile, D:\STM32\STM32H750_Disco_ETH\MXTmpFiles\rtos_obj_creat.tmp_save
2024-01-12 16:35:48,549 [INFO] CodeEngine:279 - Generated code: D:\STM32\STM32H750_Disco_ETH\MXTmpFiles\rtos_obj_creat.tmp
2024-01-12 16:35:48,551 [INFO] CodeEngine:255 - oldGeneratedFile, D:\STM32\STM32H750_Disco_ETH\MXTmpFiles\rtos_default_thread.tmp_save
2024-01-12 16:35:48,608 [INFO] CodeEngine:279 - Generated code: D:\STM32\STM32H750_Disco_ETH\MXTmpFiles\rtos_default_thread.tmp
2024-01-12 16:35:48,611 [INFO] CodeEngine:255 - oldGeneratedFile, D:\STM32\STM32H750_Disco_ETH\MXTmpFiles\rtos_threads.tmp_save
2024-01-12 16:35:48,668 [INFO] CodeEngine:279 - Generated code: D:\STM32\STM32H750_Disco_ETH\MXTmpFiles\rtos_threads.tmp
2024-01-12 16:35:48,678 [INFO] Middleware:1439 - No code input for Bsp Dependency
2024-01-12 16:35:48,709 [INFO] Middleware:1439 - No code input for Bsp Dependency
2024-01-12 16:35:48,716 [INFO] CodeEngine:255 - oldGeneratedFile, D:\STM32\STM32H750_Disco_ETH\MXTmpFiles\rtos_inc.tmp_save
2024-01-12 16:35:48,772 [INFO] CodeEngine:279 - Generated code: D:\STM32\STM32H750_Disco_ETH\MXTmpFiles\rtos_inc.tmp
2024-01-12 16:35:48,774 [INFO] CodeEngine:255 - oldGeneratedFile, D:\STM32\STM32H750_Disco_ETH\MXTmpFiles\rtos_kernelInit.tmp_save
2024-01-12 16:35:48,821 [INFO] CodeEngine:279 - Generated code: D:\STM32\STM32H750_Disco_ETH\MXTmpFiles\rtos_kernelInit.tmp
2024-01-12 16:35:48,824 [INFO] CodeEngine:255 - oldGeneratedFile, D:\STM32\STM32H750_Disco_ETH\MXTmpFiles\rtos_kernelStart.tmp_save
2024-01-12 16:35:48,863 [INFO] CodeEngine:279 - Generated code: D:\STM32\STM32H750_Disco_ETH\MXTmpFiles\rtos_kernelStart.tmp
2024-01-12 16:35:48,866 [INFO] CodeEngine:255 - oldGeneratedFile, D:\STM32\STM32H750_Disco_ETH\MXTmpFiles\rtos_typedefs.tmp_save
2024-01-12 16:35:48,908 [INFO] CodeEngine:279 - Generated code: D:\STM32\STM32H750_Disco_ETH\MXTmpFiles\rtos_typedefs.tmp
2024-01-12 16:35:48,910 [INFO] CodeEngine:255 - oldGeneratedFile, D:\STM32\STM32H750_Disco_ETH\MXTmpFiles\rtos_vars.tmp_save
2024-01-12 16:35:48,954 [INFO] CodeEngine:279 - Generated code: D:\STM32\STM32H750_Disco_ETH\MXTmpFiles\rtos_vars.tmp
2024-01-12 16:35:48,957 [INFO] CodeEngine:255 - oldGeneratedFile, D:\STM32\STM32H750_Disco_ETH\MXTmpFiles\rtos_pfp.tmp_save
2024-01-12 16:35:49,016 [INFO] CodeEngine:279 - Generated code: D:\STM32\STM32H750_Disco_ETH\MXTmpFiles\rtos_pfp.tmp
2024-01-12 16:35:49,017 [INFO] CodeEngine:255 - oldGeneratedFile, D:\STM32\STM32H750_Disco_ETH\MXTmpFiles\rtos_obj_creat.tmp_save
2024-01-12 16:35:49,062 [INFO] CodeEngine:279 - Generated code: D:\STM32\STM32H750_Disco_ETH\MXTmpFiles\rtos_obj_creat.tmp
2024-01-12 16:35:49,063 [INFO] CodeEngine:255 - oldGeneratedFile, D:\STM32\STM32H750_Disco_ETH\MXTmpFiles\rtos_default_thread.tmp_save
2024-01-12 16:35:49,107 [INFO] CodeEngine:279 - Generated code: D:\STM32\STM32H750_Disco_ETH\MXTmpFiles\rtos_default_thread.tmp
2024-01-12 16:35:49,108 [INFO] CodeEngine:255 - oldGeneratedFile, D:\STM32\STM32H750_Disco_ETH\MXTmpFiles\rtos_threads.tmp_save
2024-01-12 16:35:49,157 [INFO] CodeEngine:279 - Generated code: D:\STM32\STM32H750_Disco_ETH\MXTmpFiles\rtos_threads.tmp
2024-01-12 16:35:49,159 [INFO] CodeEngine:255 - oldGeneratedFile, D:\STM32\STM32H750_Disco_ETH\Core\Inc\FreeRTOSConfig.h_save
2024-01-12 16:35:49,241 [INFO] CodeEngine:279 - Generated code: D:\STM32\STM32H750_Disco_ETH\Core\Inc\FreeRTOSConfig.h
2024-01-12 16:35:49,245 [INFO] CodeEngine:255 - oldGeneratedFile, D:\STM32\STM32H750_Disco_ETH\Core\Src\freertos.c_save
2024-01-12 16:35:49,329 [INFO] CodeEngine:279 - Generated code: D:\STM32\STM32H750_Disco_ETH\Core\Src\freertos.c
2024-01-12 16:35:49,333 [INFO] CodeEngine:255 - oldGeneratedFile, D:\STM32\STM32H750_Disco_ETH\MXTmpFiles\cortex.tmp_save
2024-01-12 16:35:49,378 [INFO] CodeEngine:279 - Generated code: D:\STM32\STM32H750_Disco_ETH\MXTmpFiles\cortex.tmp
2024-01-12 16:35:49,383 [INFO] Middleware:1439 - No code input for Bsp Dependency
2024-01-12 16:35:49,394 [INFO] CodeEngine:255 - oldGeneratedFile, D:\STM32\STM32H750_Disco_ETH\LWIP\App\lwip.c_save
2024-01-12 16:35:49,447 [INFO] CodeEngine:279 - Generated code: D:\STM32\STM32H750_Disco_ETH\LWIP\App\lwip.c
2024-01-12 16:35:49,450 [INFO] CodeEngine:255 - oldGeneratedFile, D:\STM32\STM32H750_Disco_ETH\LWIP\App\lwip.h_save
2024-01-12 16:35:49,508 [INFO] CodeEngine:279 - Generated code: D:\STM32\STM32H750_Disco_ETH\LWIP\App\lwip.h
2024-01-12 16:35:49,511 [INFO] CodeEngine:255 - oldGeneratedFile, D:\STM32\STM32H750_Disco_ETH\LWIP\Target\lwipopts.h_save
2024-01-12 16:35:49,654 [INFO] CodeEngine:279 - Generated code: D:\STM32\STM32H750_Disco_ETH\LWIP\Target\lwipopts.h
2024-01-12 16:35:49,657 [INFO] CodeEngine:255 - oldGeneratedFile, D:\STM32\STM32H750_Disco_ETH\LWIP\Target\ethernetif.c_save
2024-01-12 16:35:49,738 [INFO] CodeEngine:279 - Generated code: D:\STM32\STM32H750_Disco_ETH\LWIP\Target\ethernetif.c
2024-01-12 16:35:49,743 [INFO] CodeEngine:255 - oldGeneratedFile, D:\STM32\STM32H750_Disco_ETH\LWIP\Target\ethernetif.h_save
2024-01-12 16:35:49,800 [INFO] CodeEngine:279 - Generated code: D:\STM32\STM32H750_Disco_ETH\LWIP\Target\ethernetif.h
2024-01-12 16:35:49,817 [INFO] CodeEngine:255 - oldGeneratedFile, D:\STM32\STM32H750_Disco_ETH\Core\Src\stm32h7xx_it.c_save
2024-01-12 16:35:49,893 [INFO] CodeEngine:279 - Generated code: D:\STM32\STM32H750_Disco_ETH\Core\Src\stm32h7xx_it.c
2024-01-12 16:35:49,896 [INFO] CodeEngine:255 - oldGeneratedFile, D:\STM32\STM32H750_Disco_ETH\Core\Inc\stm32h7xx_it.h_save
2024-01-12 16:35:49,960 [INFO] CodeEngine:279 - Generated code: D:\STM32\STM32H750_Disco_ETH\Core\Inc\stm32h7xx_it.h
2024-01-12 16:35:50,097 [INFO] CodeEngine:255 - oldGeneratedFile, D:\STM32\STM32H750_Disco_ETH\Core\Src\stm32h7xx_hal_msp.c_save
2024-01-12 16:35:50,161 [INFO] CodeEngine:279 - Generated code: D:\STM32\STM32H750_Disco_ETH\Core\Src\stm32h7xx_hal_msp.c
2024-01-12 16:35:50,163 [INFO] CodeEngine:255 - oldGeneratedFile, D:\STM32\STM32H750_Disco_ETH\MXTmpFiles\system.tmp_save
2024-01-12 16:35:50,206 [INFO] CodeEngine:279 - Generated code: D:\STM32\STM32H750_Disco_ETH\MXTmpFiles\system.tmp
2024-01-12 16:35:50,209 [INFO] CodeEngine:255 - oldGeneratedFile, D:\STM32\STM32H750_Disco_ETH\Core\Src\stm32h7xx_hal_timebase_tim.c_save
2024-01-12 16:35:50,256 [INFO] CodeEngine:279 - Generated code: D:\STM32\STM32H750_Disco_ETH\Core\Src\stm32h7xx_hal_timebase_tim.c
2024-01-12 16:35:50,262 [INFO] CodeEngine:311 - oldGeneratedFile, D:\STM32\STM32H750_Disco_ETH\Core\Inc\stm32h7xx_hal_conf.h_save
2024-01-12 16:35:50,310 [INFO] CodeEngine:335 - Generated code: D:\STM32\STM32H750_Disco_ETH\Core\Inc\stm32h7xx_hal_conf.h
2024-01-12 16:35:50,340 [INFO] CodeEngine:255 - oldGeneratedFile, D:\STM32\STM32H750_Disco_ETH\Core\Inc\main.h_save
2024-01-12 16:35:50,398 [INFO] CodeEngine:279 - Generated code: D:\STM32\STM32H750_Disco_ETH\Core\Inc\main.h
2024-01-12 16:35:50,418 [INFO] CodeEngine:255 - oldGeneratedFile, D:\STM32\STM32H750_Disco_ETH\Core\Src\main.c_save
2024-01-12 16:35:50,503 [INFO] CodeEngine:279 - Generated code: D:\STM32\STM32H750_Disco_ETH\Core\Src\main.c
2024-01-12 16:35:51,597 [INFO] ProjectBuilder:3076 - Time for Copy HAL[1] : 648mS.
2024-01-12 16:35:51,609 [INFO] ProjectBuilder:4485 - Project Generator version: 4.2.0-B44
2024-01-12 16:35:51,876 [INFO] ConfigFileManager:1495 - The Die is : DIE450
2024-01-12 16:35:55,281 [INFO] ProjectBuilder:4747 - Time for Generating toolchain IDE Files: 3671mS.
2024-01-12 16:35:55,281 [INFO] ProjectBuilder:2947 - Time for Copy CMSIS : 0mS.
2024-01-12 16:35:55,288 [INFO] ProjectBuilder:2947 - Time for Copy CMSIS : 0mS.
2024-01-12 17:09:44,883 [INFO] UtilMem:75 - End SaveConfig() Used Memory: 496054776 Bytes (1073741824)
2024-01-12 17:09:45,303 [INFO] BlockDiagram:2759 - set Specific Code input for plugin: FREERTOS
2024-01-12 17:09:45,303 [INFO] BlockDiagram:2759 - set Specific Code input for plugin: RCC
2024-01-12 17:09:45,303 [INFO] BlockDiagram:2759 - set Specific Code input for plugin: ETH
2024-01-12 17:09:45,303 [INFO] BlockDiagram:2759 - set Specific Code input for plugin: SYS
2024-01-12 17:09:45,303 [INFO] BlockDiagram:2759 - set Specific Code input for plugin: NVIC
2024-01-12 17:09:45,303 [INFO] BlockDiagram:2759 - set Specific Code input for plugin: LWIP
2024-01-12 17:09:45,303 [INFO] BlockDiagram:2759 - set Specific Code input for plugin: CORTEX_M7
2024-01-12 17:09:45,305 [INFO] BlockDiagram:2759 - set Specific Code input for plugin: GPIO
2024-01-12 17:09:45,307 [INFO] CodeGenerator:807 - code generatio: config db path: C:\ST\STM32CubeIDE_1.12.0\STM32CubeIDE\plugins\com.st.stm32cube.common.mx_6.10.0.202311202037\\db\
2024-01-12 17:09:45,366 [WARN] IP:2119 - LWIP_NETIF_HOSTNAME not found: check if there is a RefParameter without a condition.
2024-01-12 17:09:45,740 [INFO] CodeEngine:255 - oldGeneratedFile, D:\STM32\STM32H750_Disco_ETH\MXTmpFiles\license.tmp_save
2024-01-12 17:09:46,102 [INFO] CodeEngine:279 - Generated code: D:\STM32\STM32H750_Disco_ETH\MXTmpFiles\license.tmp
2024-01-12 17:09:46,344 [INFO] CodeEngine:255 - oldGeneratedFile, D:\STM32\STM32H750_Disco_ETH\MXTmpFiles\gpio.tmp_save
2024-01-12 17:09:46,449 [INFO] CodeEngine:279 - Generated code: D:\STM32\STM32H750_Disco_ETH\MXTmpFiles\gpio.tmp
2024-01-12 17:09:47,406 [INFO] CodeEngine:255 - oldGeneratedFile, D:\STM32\STM32H750_Disco_ETH\MXTmpFiles\eth_vars.tmp_save
2024-01-12 17:09:47,490 [INFO] CodeEngine:279 - Generated code: D:\STM32\STM32H750_Disco_ETH\MXTmpFiles\eth_vars.tmp
2024-01-12 17:09:47,493 [INFO] CodeEngine:255 - oldGeneratedFile, D:\STM32\STM32H750_Disco_ETH\MXTmpFiles\eth_inc.tmp_save
2024-01-12 17:09:47,550 [INFO] CodeEngine:279 - Generated code: D:\STM32\STM32H750_Disco_ETH\MXTmpFiles\eth_inc.tmp
2024-01-12 17:09:47,554 [INFO] CodeEngine:255 - oldGeneratedFile, D:\STM32\STM32H750_Disco_ETH\MXTmpFiles\eth_HalInit.tmp_save
2024-01-12 17:09:47,636 [INFO] CodeEngine:279 - Generated code: D:\STM32\STM32H750_Disco_ETH\MXTmpFiles\eth_HalInit.tmp
2024-01-12 17:09:47,639 [INFO] CodeEngine:255 - oldGeneratedFile, D:\STM32\STM32H750_Disco_ETH\MXTmpFiles\eth_Msp.tmp_save
2024-01-12 17:09:47,720 [INFO] CodeEngine:279 - Generated code: D:\STM32\STM32H750_Disco_ETH\MXTmpFiles\eth_Msp.tmp
2024-01-12 17:09:48,289 [INFO] Middleware:1439 - No code input for Bsp Dependency
2024-01-12 17:09:48,295 [INFO] CodeEngine:255 - oldGeneratedFile, D:\STM32\STM32H750_Disco_ETH\MXTmpFiles\rtos_inc.tmp_save
2024-01-12 17:09:48,371 [INFO] CodeEngine:279 - Generated code: D:\STM32\STM32H750_Disco_ETH\MXTmpFiles\rtos_inc.tmp
2024-01-12 17:09:48,374 [INFO] CodeEngine:255 - oldGeneratedFile, D:\STM32\STM32H750_Disco_ETH\MXTmpFiles\rtos_kernelInit.tmp_save
2024-01-12 17:09:48,443 [INFO] CodeEngine:279 - Generated code: D:\STM32\STM32H750_Disco_ETH\MXTmpFiles\rtos_kernelInit.tmp
2024-01-12 17:09:48,448 [INFO] CodeEngine:255 - oldGeneratedFile, D:\STM32\STM32H750_Disco_ETH\MXTmpFiles\rtos_kernelStart.tmp_save
2024-01-12 17:09:48,510 [INFO] CodeEngine:279 - Generated code: D:\STM32\STM32H750_Disco_ETH\MXTmpFiles\rtos_kernelStart.tmp
2024-01-12 17:09:48,513 [INFO] CodeEngine:255 - oldGeneratedFile, D:\STM32\STM32H750_Disco_ETH\MXTmpFiles\rtos_typedefs.tmp_save
2024-01-12 17:09:48,583 [INFO] CodeEngine:279 - Generated code: D:\STM32\STM32H750_Disco_ETH\MXTmpFiles\rtos_typedefs.tmp
2024-01-12 17:09:48,586 [INFO] CodeEngine:255 - oldGeneratedFile, D:\STM32\STM32H750_Disco_ETH\MXTmpFiles\rtos_vars.tmp_save
2024-01-12 17:09:48,655 [INFO] CodeEngine:279 - Generated code: D:\STM32\STM32H750_Disco_ETH\MXTmpFiles\rtos_vars.tmp
2024-01-12 17:09:48,659 [INFO] CodeEngine:255 - oldGeneratedFile, D:\STM32\STM32H750_Disco_ETH\MXTmpFiles\rtos_pfp.tmp_save
2024-01-12 17:09:48,721 [INFO] CodeEngine:279 - Generated code: D:\STM32\STM32H750_Disco_ETH\MXTmpFiles\rtos_pfp.tmp
2024-01-12 17:09:48,724 [INFO] CodeEngine:255 - oldGeneratedFile, D:\STM32\STM32H750_Disco_ETH\MXTmpFiles\rtos_obj_creat.tmp_save
2024-01-12 17:09:48,855 [INFO] CodeEngine:279 - Generated code: D:\STM32\STM32H750_Disco_ETH\MXTmpFiles\rtos_obj_creat.tmp
2024-01-12 17:09:48,858 [INFO] CodeEngine:255 - oldGeneratedFile, D:\STM32\STM32H750_Disco_ETH\MXTmpFiles\rtos_default_thread.tmp_save
2024-01-12 17:09:48,931 [INFO] CodeEngine:279 - Generated code: D:\STM32\STM32H750_Disco_ETH\MXTmpFiles\rtos_default_thread.tmp
2024-01-12 17:09:48,935 [INFO] CodeEngine:255 - oldGeneratedFile, D:\STM32\STM32H750_Disco_ETH\MXTmpFiles\rtos_threads.tmp_save
2024-01-12 17:09:48,990 [INFO] CodeEngine:279 - Generated code: D:\STM32\STM32H750_Disco_ETH\MXTmpFiles\rtos_threads.tmp
2024-01-12 17:09:49,001 [INFO] Middleware:1439 - No code input for Bsp Dependency
2024-01-12 17:09:49,114 [INFO] Middleware:1439 - No code input for Bsp Dependency
2024-01-12 17:09:49,120 [INFO] CodeEngine:255 - oldGeneratedFile, D:\STM32\STM32H750_Disco_ETH\MXTmpFiles\rtos_inc.tmp_save
2024-01-12 17:09:49,191 [INFO] CodeEngine:279 - Generated code: D:\STM32\STM32H750_Disco_ETH\MXTmpFiles\rtos_inc.tmp
2024-01-12 17:09:49,194 [INFO] CodeEngine:255 - oldGeneratedFile, D:\STM32\STM32H750_Disco_ETH\MXTmpFiles\rtos_kernelInit.tmp_save
2024-01-12 17:09:49,595 [INFO] CodeEngine:279 - Generated code: D:\STM32\STM32H750_Disco_ETH\MXTmpFiles\rtos_kernelInit.tmp
2024-01-12 17:09:49,602 [INFO] CodeEngine:255 - oldGeneratedFile, D:\STM32\STM32H750_Disco_ETH\MXTmpFiles\rtos_kernelStart.tmp_save
2024-01-12 17:09:49,719 [INFO] CodeEngine:279 - Generated code: D:\STM32\STM32H750_Disco_ETH\MXTmpFiles\rtos_kernelStart.tmp
2024-01-12 17:09:49,722 [INFO] CodeEngine:255 - oldGeneratedFile, D:\STM32\STM32H750_Disco_ETH\MXTmpFiles\rtos_typedefs.tmp_save
2024-01-12 17:09:49,786 [INFO] CodeEngine:279 - Generated code: D:\STM32\STM32H750_Disco_ETH\MXTmpFiles\rtos_typedefs.tmp
2024-01-12 17:09:49,789 [INFO] CodeEngine:255 - oldGeneratedFile, D:\STM32\STM32H750_Disco_ETH\MXTmpFiles\rtos_vars.tmp_save
2024-01-12 17:09:49,872 [INFO] CodeEngine:279 - Generated code: D:\STM32\STM32H750_Disco_ETH\MXTmpFiles\rtos_vars.tmp
2024-01-12 17:09:49,875 [INFO] CodeEngine:255 - oldGeneratedFile, D:\STM32\STM32H750_Disco_ETH\MXTmpFiles\rtos_pfp.tmp_save
2024-01-12 17:09:49,954 [INFO] CodeEngine:279 - Generated code: D:\STM32\STM32H750_Disco_ETH\MXTmpFiles\rtos_pfp.tmp
2024-01-12 17:09:49,957 [INFO] CodeEngine:255 - oldGeneratedFile, D:\STM32\STM32H750_Disco_ETH\MXTmpFiles\rtos_obj_creat.tmp_save
2024-01-12 17:09:50,031 [INFO] CodeEngine:279 - Generated code: D:\STM32\STM32H750_Disco_ETH\MXTmpFiles\rtos_obj_creat.tmp
2024-01-12 17:09:50,039 [INFO] CodeEngine:255 - oldGeneratedFile, D:\STM32\STM32H750_Disco_ETH\MXTmpFiles\rtos_default_thread.tmp_save
2024-01-12 17:09:50,089 [INFO] CodeEngine:279 - Generated code: D:\STM32\STM32H750_Disco_ETH\MXTmpFiles\rtos_default_thread.tmp
2024-01-12 17:09:50,092 [INFO] CodeEngine:255 - oldGeneratedFile, D:\STM32\STM32H750_Disco_ETH\MXTmpFiles\rtos_threads.tmp_save
2024-01-12 17:09:50,143 [INFO] CodeEngine:279 - Generated code: D:\STM32\STM32H750_Disco_ETH\MXTmpFiles\rtos_threads.tmp
2024-01-12 17:09:50,146 [INFO] CodeEngine:255 - oldGeneratedFile, D:\STM32\STM32H750_Disco_ETH\Core\Inc\FreeRTOSConfig.h_save
2024-01-12 17:09:50,226 [INFO] CodeEngine:279 - Generated code: D:\STM32\STM32H750_Disco_ETH\Core\Inc\FreeRTOSConfig.h
2024-01-12 17:09:50,231 [INFO] CodeEngine:255 - oldGeneratedFile, D:\STM32\STM32H750_Disco_ETH\Core\Src\freertos.c_save
2024-01-12 17:09:50,310 [INFO] CodeEngine:279 - Generated code: D:\STM32\STM32H750_Disco_ETH\Core\Src\freertos.c
2024-01-12 17:09:50,319 [INFO] CodeEngine:255 - oldGeneratedFile, D:\STM32\STM32H750_Disco_ETH\MXTmpFiles\cortex.tmp_save
2024-01-12 17:09:50,389 [INFO] CodeEngine:279 - Generated code: D:\STM32\STM32H750_Disco_ETH\MXTmpFiles\cortex.tmp
2024-01-12 17:09:50,395 [INFO] Middleware:1439 - No code input for Bsp Dependency
2024-01-12 17:09:50,409 [INFO] CodeEngine:255 - oldGeneratedFile, D:\STM32\STM32H750_Disco_ETH\LWIP\App\lwip.c_save
2024-01-12 17:09:50,482 [INFO] CodeEngine:279 - Generated code: D:\STM32\STM32H750_Disco_ETH\LWIP\App\lwip.c
2024-01-12 17:09:50,486 [INFO] CodeEngine:255 - oldGeneratedFile, D:\STM32\STM32H750_Disco_ETH\LWIP\App\lwip.h_save
2024-01-12 17:09:50,558 [INFO] CodeEngine:279 - Generated code: D:\STM32\STM32H750_Disco_ETH\LWIP\App\lwip.h
2024-01-12 17:09:50,561 [INFO] CodeEngine:255 - oldGeneratedFile, D:\STM32\STM32H750_Disco_ETH\LWIP\Target\lwipopts.h_save
2024-01-12 17:09:50,753 [INFO] CodeEngine:279 - Generated code: D:\STM32\STM32H750_Disco_ETH\LWIP\Target\lwipopts.h
2024-01-12 17:09:50,757 [INFO] CodeEngine:255 - oldGeneratedFile, D:\STM32\STM32H750_Disco_ETH\LWIP\Target\ethernetif.c_save
2024-01-12 17:09:50,859 [INFO] CodeEngine:279 - Generated code: D:\STM32\STM32H750_Disco_ETH\LWIP\Target\ethernetif.c
2024-01-12 17:09:50,866 [INFO] CodeEngine:255 - oldGeneratedFile, D:\STM32\STM32H750_Disco_ETH\LWIP\Target\ethernetif.h_save
2024-01-12 17:09:50,929 [INFO] CodeEngine:279 - Generated code: D:\STM32\STM32H750_Disco_ETH\LWIP\Target\ethernetif.h
2024-01-12 17:09:50,944 [INFO] CodeEngine:255 - oldGeneratedFile, D:\STM32\STM32H750_Disco_ETH\Core\Src\stm32h7xx_it.c_save
2024-01-12 17:09:51,143 [INFO] CodeEngine:279 - Generated code: D:\STM32\STM32H750_Disco_ETH\Core\Src\stm32h7xx_it.c
2024-01-12 17:09:51,160 [INFO] CodeEngine:255 - oldGeneratedFile, D:\STM32\STM32H750_Disco_ETH\Core\Inc\stm32h7xx_it.h_save
2024-01-12 17:09:51,475 [INFO] CodeEngine:279 - Generated code: D:\STM32\STM32H750_Disco_ETH\Core\Inc\stm32h7xx_it.h
2024-01-12 17:09:51,772 [INFO] CodeEngine:255 - oldGeneratedFile, D:\STM32\STM32H750_Disco_ETH\Core\Src\stm32h7xx_hal_msp.c_save
2024-01-12 17:09:51,956 [INFO] CodeEngine:279 - Generated code: D:\STM32\STM32H750_Disco_ETH\Core\Src\stm32h7xx_hal_msp.c
2024-01-12 17:09:51,968 [INFO] CodeEngine:255 - oldGeneratedFile, D:\STM32\STM32H750_Disco_ETH\MXTmpFiles\system.tmp_save
2024-01-12 17:09:52,015 [INFO] CodeEngine:279 - Generated code: D:\STM32\STM32H750_Disco_ETH\MXTmpFiles\system.tmp
2024-01-12 17:09:52,018 [INFO] CodeEngine:255 - oldGeneratedFile, D:\STM32\STM32H750_Disco_ETH\Core\Src\stm32h7xx_hal_timebase_tim.c_save
2024-01-12 17:09:52,065 [INFO] CodeEngine:279 - Generated code: D:\STM32\STM32H750_Disco_ETH\Core\Src\stm32h7xx_hal_timebase_tim.c
2024-01-12 17:09:52,070 [INFO] CodeEngine:311 - oldGeneratedFile, D:\STM32\STM32H750_Disco_ETH\Core\Inc\stm32h7xx_hal_conf.h_save
2024-01-12 17:09:52,117 [INFO] CodeEngine:335 - Generated code: D:\STM32\STM32H750_Disco_ETH\Core\Inc\stm32h7xx_hal_conf.h
2024-01-12 17:09:52,146 [INFO] CodeEngine:255 - oldGeneratedFile, D:\STM32\STM32H750_Disco_ETH\Core\Inc\main.h_save
2024-01-12 17:09:52,202 [INFO] CodeEngine:279 - Generated code: D:\STM32\STM32H750_Disco_ETH\Core\Inc\main.h
2024-01-12 17:09:52,205 [INFO] CodeEngine:255 - oldGeneratedFile, D:\STM32\STM32H750_Disco_ETH\Core\Src\main.c_save
2024-01-12 17:09:52,289 [INFO] CodeEngine:279 - Generated code: D:\STM32\STM32H750_Disco_ETH\Core\Src\main.c
2024-01-12 17:09:53,423 [INFO] ProjectBuilder:3076 - Time for Copy HAL[1] : 640mS.
2024-01-12 17:09:53,433 [INFO] ProjectBuilder:4485 - Project Generator version: 4.2.0-B44
2024-01-12 17:09:53,616 [INFO] ConfigFileManager:1495 - The Die is : DIE450
2024-01-12 17:09:57,456 [INFO] ProjectBuilder:4747 - Time for Generating toolchain IDE Files: 4023mS.
2024-01-12 17:09:57,457 [INFO] ProjectBuilder:2947 - Time for Copy CMSIS : 0mS.
2024-01-12 17:09:57,543 [INFO] ProjectBuilder:2947 - Time for Copy CMSIS : 0mS.
