2024-03-30 08:34:15,387 [INFO] Activator:176 - 


2024-03-30 08:34:15,395 [INFO] Activator:177 - !SESSION log4j initialized
2024-03-30 08:34:31,439 [INFO] LogOutputStream:77 - [STDOUT_REDIRECT] 
2024-03-30 08:34:33,774 [ERROR] LogOutputStream:75 - [STDERR_REDIRECT] ??.?. 30, 2024 8:34:33 ??????? org.glassfish.grizzly.http.server.NetworkListener start
2024-03-30 08:34:33,775 [ERROR] LogOutputStream:75 - [STDERR_REDIRECT] INFO: Started listener bound to [localhost:1598]
2024-03-30 08:34:33,776 [ERROR] LogOutputStream:75 - [STDERR_REDIRECT] 
2024-03-30 08:34:33,778 [ERROR] LogOutputStream:75 - [STDERR_REDIRECT] ??.?. 30, 2024 8:34:33 ??????? org.glassfish.grizzly.http.server.HttpServer start
2024-03-30 08:34:33,779 [ERROR] LogOutputStream:75 - [STDERR_REDIRECT] INFO: [HttpServer] Started.
2024-03-30 08:34:33,780 [ERROR] LogOutputStream:75 - [STDERR_REDIRECT] 
2024-03-30 08:34:36,335 [INFO] ApplicationProperties:184 - Using Application install path: C:\ST\STM32CubeIDE_1.12.0\STM32CubeIDE\plugins\com.st.stm32cube.common.mx_6.11.0.202403141607
2024-03-30 08:34:36,431 [INFO] DbMcusXml:78 - Set database path to: C:\ST\STM32CubeIDE_1.12.0\STM32CubeIDE\plugins\com.st.stm32cube.common.mx_6.11.0.202403141607\\db\/mcu/
2024-03-30 08:34:36,431 [INFO] ApiDb:274 - Set plugin database path to: C:\ST\STM32CubeIDE_1.12.0\STM32CubeIDE\plugins\com.st.stm32cube.common.mx_6.11.0.202403141607\\db\/plugins/boardmanager/
2024-03-30 08:34:36,437 [WARN] ApiDb:259 - Overriding images path with different value:  => C:\ST\STM32CubeIDE_1.12.0\STM32CubeIDE\plugins\com.st.stm32cube.common.mx_6.11.0.202403141607\\db\/plugins/mcufinder/images/
2024-03-30 08:34:36,462 [INFO] ApiDb:250 - Set database path to: C:\Users\user\.stmcufinder\plugins\mcufinder//mcu/
2024-03-30 08:34:36,463 [INFO] DbMcusAds:125 - Set database path to: C:\Users\user\.stmcufinder\plugins\mcufinder//mcu/
2024-03-30 08:34:36,475 [INFO] CrossReferenceDbSqlite:203 - Set database path to: C:\Users\user\.stmcufinder\plugins\mcufinder//mcu/cs/
2024-03-30 08:34:36,874 [INFO] RulesReader:64 - Compatibility file has been processed (297 Rules)
2024-03-30 08:34:37,132 [INFO] DbMcusXml:78 - Set database path to: C:\ST\STM32CubeIDE_1.12.0\STM32CubeIDE\plugins\com.st.stm32cube.common.mx_6.11.0.202403141607\\db\/mcu/
2024-03-30 08:34:37,139 [INFO] ApiDb:274 - Set plugin database path to: C:\ST\STM32CubeIDE_1.12.0\STM32CubeIDE\plugins\com.st.stm32cube.common.mx_6.11.0.202403141607\\db\/plugins/boardmanager/
2024-03-30 08:34:37,140 [INFO] ApiDb:261 - Set plugin images path to: C:\ST\STM32CubeIDE_1.12.0\STM32CubeIDE\plugins\com.st.stm32cube.common.mx_6.11.0.202403141607\\db\/plugins/mcufinder/images/
2024-03-30 08:34:37,140 [WARN] DbFile:41 - Overriding database path with different value: C:\Users\user\.stmcufinder\plugins\mcufinder/ => C:\Users\user\.stmcufinder\plugins\mcufinder
2024-03-30 08:34:37,140 [INFO] ApiDb:250 - Set database path to: C:\Users\user\.stmcufinder\plugins\mcufinder//mcu/
2024-03-30 08:34:37,141 [WARN] DbFile:41 - Overriding database path with different value: C:\Users\user\.stmcufinder\plugins\mcufinder/ => C:\Users\user\.stmcufinder\plugins\mcufinder
2024-03-30 08:34:37,141 [INFO] DbMcusAds:125 - Set database path to: C:\Users\user\.stmcufinder\plugins\mcufinder//mcu/
2024-03-30 08:34:37,141 [WARN] DbFile:41 - Overriding database path with different value: C:\Users\user\.stmcufinder\plugins\mcufinder/ => C:\Users\user\.stmcufinder\plugins\mcufinder
2024-03-30 08:34:37,142 [WARN] DbFile:41 - Overriding database path with different value: C:\Users\user\.stmcufinder\plugins\mcufinder/ => C:\Users\user\.stmcufinder\plugins\mcufinder
2024-03-30 08:34:37,142 [INFO] CrossReferenceDbSqlite:203 - Set database path to: C:\Users\user\.stmcufinder\plugins\mcufinder//mcu/cs/
2024-03-30 08:34:37,391 [INFO] MainPanel:264 - HeapMemory: 268435456
2024-03-30 08:34:38,312 [INFO] DbMcusXml:78 - Set database path to: C:\ST\STM32CubeIDE_1.12.0\STM32CubeIDE\plugins\com.st.stm32cube.common.mx_6.11.0.202403141607\\db\/mcu/
2024-03-30 08:34:38,312 [INFO] ApiDb:274 - Set plugin database path to: C:\ST\STM32CubeIDE_1.12.0\STM32CubeIDE\plugins\com.st.stm32cube.common.mx_6.11.0.202403141607\\db\/plugins/boardmanager/
2024-03-30 08:34:38,313 [INFO] ApiDb:261 - Set plugin images path to: C:\ST\STM32CubeIDE_1.12.0\STM32CubeIDE\plugins\com.st.stm32cube.common.mx_6.11.0.202403141607\\db\/plugins/mcufinder/images/
2024-03-30 08:34:38,313 [WARN] DbFile:41 - Overriding database path with different value: C:\Users\user\.stmcufinder\plugins\mcufinder/ => C:\Users\user\.stmcufinder\plugins\mcufinder
2024-03-30 08:34:38,314 [INFO] ApiDb:250 - Set database path to: C:\Users\user\.stmcufinder\plugins\mcufinder//mcu/
2024-03-30 08:34:38,314 [WARN] DbFile:41 - Overriding database path with different value: C:\Users\user\.stmcufinder\plugins\mcufinder/ => C:\Users\user\.stmcufinder\plugins\mcufinder
2024-03-30 08:34:38,314 [INFO] DbMcusAds:125 - Set database path to: C:\Users\user\.stmcufinder\plugins\mcufinder//mcu/
2024-03-30 08:34:38,314 [WARN] DbFile:41 - Overriding database path with different value: C:\Users\user\.stmcufinder\plugins\mcufinder/ => C:\Users\user\.stmcufinder\plugins\mcufinder
2024-03-30 08:34:38,314 [WARN] DbFile:41 - Overriding database path with different value: C:\Users\user\.stmcufinder\plugins\mcufinder/ => C:\Users\user\.stmcufinder\plugins\mcufinder
2024-03-30 08:34:38,314 [INFO] CrossReferenceDbSqlite:203 - Set database path to: C:\Users\user\.stmcufinder\plugins\mcufinder//mcu/cs/
2024-03-30 08:34:38,369 [INFO] ApplicationProperties:184 - Using Application install path: C:\ST\STM32CubeIDE_1.12.0\STM32CubeIDE\plugins\com.st.stm32cube.common.mx_6.11.0.202403141607
2024-03-30 08:34:38,372 [INFO] PluginManage:196 - Search for loadable plugins [exclusion list=, ]
2024-03-30 08:34:38,375 [INFO] PluginManage:310 - Check plugin analytics
2024-03-30 08:34:38,922 [INFO] AnalyticsPlugin:253 - Accepted Software Licenses: STM32CubeMX.6.10.0
2024-03-30 08:34:38,923 [INFO] AnalyticsPlugin:255 - Accepted CMSIS Pack Licenses: 
2024-03-30 08:34:38,923 [INFO] AnalyticsPlugin:257 - Accepted Firmware Licenses: 
2024-03-30 08:34:38,927 [INFO] PluginManage:359 - Loaded plugin analytics (category:tool,tabindex:-1)
2024-03-30 08:34:38,928 [INFO] PluginManage:310 - Check plugin cadmodel
2024-03-30 08:34:38,959 [INFO] CADModel:105 - Init CAD model plugin
2024-03-30 08:34:38,959 [INFO] PluginManage:359 - Loaded plugin cadmodel (category:power,tabindex:5)
2024-03-30 08:34:38,960 [INFO] PluginManage:310 - Check plugin clock
2024-03-30 08:34:39,021 [INFO] PluginManage:359 - Loaded plugin clock (category:base,tabindex:2)
2024-03-30 08:34:39,021 [INFO] PluginManage:310 - Check plugin ddr
2024-03-30 08:34:39,036 [INFO] PluginManage:359 - Loaded plugin ddr (category:tool,tabindex:6)
2024-03-30 08:34:39,037 [INFO] PluginManage:310 - Check plugin filemanager
2024-03-30 08:34:39,467 [INFO] PluginManage:359 - Loaded plugin filemanager (category:base,tabindex:10)
2024-03-30 08:34:39,468 [INFO] PluginManage:310 - Check plugin ipmanager
2024-03-30 08:34:39,479 [INFO] PluginManage:359 - Loaded plugin ipmanager (category:base,tabindex:5)
2024-03-30 08:34:39,480 [INFO] PluginManage:310 - Check plugin lpbam
2024-03-30 08:34:39,496 [INFO] PluginManage:359 - Loaded plugin lpbam (category:base,tabindex:0)
2024-03-30 08:34:39,496 [INFO] PluginManage:310 - Check plugin memorymap
2024-03-30 08:34:39,558 [INFO] PluginManage:359 - Loaded plugin memorymap (category:base,tabindex:4)
2024-03-30 08:34:39,558 [INFO] PluginManage:310 - Check plugin pinoutandconfiguration
2024-03-30 08:34:39,576 [INFO] PluginManage:359 - Loaded plugin pinoutandconfiguration (category:base,tabindex:1)
2024-03-30 08:34:39,576 [INFO] PluginManage:310 - Check plugin pinoutconfig
2024-03-30 08:34:39,888 [WARN] SupportedApi:132 - Cannot load RTOS API schema: s4s-elt-must-match.1: The content of 'definitions' must match (annotation?, (simpleType | complexType)?, (unique | key | keyref)*)). A problem was found starting at: attribute.
2024-03-30 08:34:40,461 [INFO] PluginManage:359 - Loaded plugin pinoutconfig (category:base,tabindex:0)
2024-03-30 08:34:40,461 [INFO] PluginManage:310 - Check plugin power
2024-03-30 08:34:40,618 [INFO] PluginManage:359 - Loaded plugin power (category:power,tabindex:4)
2024-03-30 08:34:40,619 [INFO] PluginManage:310 - Check plugin projectmanager
2024-03-30 08:34:40,659 [INFO] PluginManage:359 - Loaded plugin projectmanager (category:projectmanager,tabindex:3)
2024-03-30 08:34:40,659 [INFO] PluginManage:310 - Check plugin thirdparty
2024-03-30 08:34:40,925 [INFO] PluginManage:359 - Loaded plugin thirdparty (category:base,tabindex:-1)
2024-03-30 08:34:40,926 [INFO] PluginManage:310 - Check plugin tools
2024-03-30 08:34:40,930 [INFO] PluginManage:359 - Loaded plugin tools (category:base,tabindex:7)
2024-03-30 08:34:40,930 [INFO] PluginManage:310 - Check plugin tutovideos
2024-03-30 08:34:40,936 [WARN] IntegrityCheckThread:84 - waiting for thirdparty lock release [integrity check]
2024-03-30 08:34:40,937 [INFO] IntegrityCheckThread:86 - entering critical section [integrity check]
2024-03-30 08:34:40,937 [INFO] ThirdPartyUpdaterWithRetryManager:70 - Updater plugin not ready yet. [1/15]
2024-03-30 08:34:41,342 [INFO] PluginManage:359 - Loaded plugin tutovideos (category:base,tabindex:-1)
2024-03-30 08:34:41,342 [INFO] PluginManage:310 - Check plugin updater
2024-03-30 08:34:41,376 [INFO] PluginManage:359 - Loaded plugin updater (category:base,tabindex:12)
2024-03-30 08:34:41,376 [INFO] PluginManage:310 - Check plugin userauth
2024-03-30 08:34:41,389 [INFO] UserAuth:114 - Init User Auth plugin
2024-03-30 08:34:41,390 [INFO] PluginManage:359 - Loaded plugin userauth (category:base,tabindex:14)
2024-03-30 08:34:41,391 [INFO] PluginManage:283 - PluginManage : Loaded plugins [17]
2024-03-30 08:34:41,990 [INFO] PinOutPanel:1561 - setPackage(No Configuration,No Configuration)
2024-03-30 08:34:42,127 [INFO] CADModel:165 - CPN selected for project level
2024-03-30 08:34:42,127 [INFO] CADModel:114 - Register for checkConnection events
2024-03-30 08:34:42,158 [INFO] IPUIPlugin:80 - create IPUIPlugin
2024-03-30 08:34:42,158 [INFO] PluginManager:220 - loadIPPluginJar : add adc
2024-03-30 08:34:42,161 [INFO] IPUIPlugin:80 - create IPUIPlugin
2024-03-30 08:34:42,161 [INFO] PluginManager:220 - loadIPPluginJar : add aes
2024-03-30 08:34:42,164 [INFO] IPUIPlugin:80 - create IPUIPlugin
2024-03-30 08:34:42,164 [INFO] PluginManager:220 - loadIPPluginJar : add can
2024-03-30 08:34:42,165 [INFO] IPUIPlugin:80 - create IPUIPlugin
2024-03-30 08:34:42,165 [INFO] PluginManager:220 - loadIPPluginJar : add comp
2024-03-30 08:34:42,169 [INFO] IPUIPlugin:80 - create IPUIPlugin
2024-03-30 08:34:42,170 [INFO] PluginManager:220 - loadIPPluginJar : add cryp
2024-03-30 08:34:42,172 [INFO] IPUIPlugin:80 - create IPUIPlugin
2024-03-30 08:34:42,174 [INFO] PluginManager:220 - loadIPPluginJar : add dfsdm
2024-03-30 08:34:42,181 [INFO] IPUIPlugin:80 - create IPUIPlugin
2024-03-30 08:34:42,182 [INFO] PluginManager:220 - loadIPPluginJar : add dma
2024-03-30 08:34:42,188 [INFO] IPUIPlugin:80 - create IPUIPlugin
2024-03-30 08:34:42,188 [INFO] PluginManager:220 - loadIPPluginJar : add dma3
2024-03-30 08:34:42,192 [INFO] IPUIPlugin:80 - create IPUIPlugin
2024-03-30 08:34:42,192 [INFO] PluginManager:220 - loadIPPluginJar : add extmemmanager
2024-03-30 08:34:42,194 [INFO] IPUIPlugin:80 - create IPUIPlugin
2024-03-30 08:34:42,194 [INFO] PluginManager:220 - loadIPPluginJar : add fatfs
2024-03-30 08:34:42,202 [INFO] IPUIPlugin:80 - create IPUIPlugin
2024-03-30 08:34:42,202 [INFO] PluginManager:220 - loadIPPluginJar : add fmc
2024-03-30 08:34:42,219 [INFO] IPUIPlugin:80 - create IPUIPlugin
2024-03-30 08:34:42,219 [INFO] PluginManager:220 - loadIPPluginJar : add freertos
2024-03-30 08:34:42,222 [INFO] IPUIPlugin:80 - create IPUIPlugin
2024-03-30 08:34:42,222 [INFO] PluginManager:220 - loadIPPluginJar : add genericplugin
2024-03-30 08:34:42,225 [INFO] IPUIPlugin:80 - create IPUIPlugin
2024-03-30 08:34:42,225 [INFO] PluginManager:220 - loadIPPluginJar : add gfxmmu
2024-03-30 08:34:42,235 [INFO] IPUIPlugin:80 - create IPUIPlugin
2024-03-30 08:34:42,235 [INFO] PluginManager:220 - loadIPPluginJar : add gic
2024-03-30 08:34:42,242 [INFO] IPUIPlugin:80 - create IPUIPlugin
2024-03-30 08:34:42,242 [INFO] PluginManager:220 - loadIPPluginJar : add gpio
2024-03-30 08:34:42,246 [INFO] IPUIPlugin:80 - create IPUIPlugin
2024-03-30 08:34:42,246 [INFO] PluginManager:220 - loadIPPluginJar : add gtzc
2024-03-30 08:34:42,251 [INFO] IPUIPlugin:80 - create IPUIPlugin
2024-03-30 08:34:42,253 [INFO] PluginManager:220 - loadIPPluginJar : add hash
2024-03-30 08:34:42,256 [INFO] IPUIPlugin:80 - create IPUIPlugin
2024-03-30 08:34:42,256 [INFO] PluginManager:220 - loadIPPluginJar : add i2c
2024-03-30 08:34:42,259 [INFO] IPUIPlugin:80 - create IPUIPlugin
2024-03-30 08:34:42,259 [INFO] PluginManager:220 - loadIPPluginJar : add i2s
2024-03-30 08:34:42,261 [INFO] IPUIPlugin:80 - create IPUIPlugin
2024-03-30 08:34:42,261 [INFO] PluginManager:220 - loadIPPluginJar : add i3c
2024-03-30 08:34:42,267 [INFO] IPUIPlugin:80 - create IPUIPlugin
2024-03-30 08:34:42,267 [INFO] PluginManager:220 - loadIPPluginJar : add ipddr
2024-03-30 08:34:42,278 [INFO] IPUIPlugin:80 - create IPUIPlugin
2024-03-30 08:34:42,278 [INFO] PluginManager:220 - loadIPPluginJar : add linkedlist
2024-03-30 08:34:42,281 [INFO] IPUIPlugin:80 - create IPUIPlugin
2024-03-30 08:34:42,281 [INFO] PluginManager:220 - loadIPPluginJar : add lorawan
2024-03-30 08:34:42,285 [INFO] IPUIPlugin:80 - create IPUIPlugin
2024-03-30 08:34:42,285 [INFO] PluginManager:220 - loadIPPluginJar : add ltdc
2024-03-30 08:34:42,293 [INFO] IPUIPlugin:80 - create IPUIPlugin
2024-03-30 08:34:42,293 [INFO] PluginManager:220 - loadIPPluginJar : add mdma
2024-03-30 08:34:42,298 [INFO] IPUIPlugin:80 - create IPUIPlugin
2024-03-30 08:34:42,298 [INFO] PluginManager:220 - loadIPPluginJar : add nvic
2024-03-30 08:34:42,303 [INFO] IPUIPlugin:80 - create IPUIPlugin
2024-03-30 08:34:42,303 [INFO] PluginManager:220 - loadIPPluginJar : add opamp
2024-03-30 08:34:42,308 [INFO] IPUIPlugin:80 - create IPUIPlugin
2024-03-30 08:34:42,308 [INFO] PluginManager:220 - loadIPPluginJar : add openamp
2024-03-30 08:34:42,314 [INFO] IPUIPlugin:80 - create IPUIPlugin
2024-03-30 08:34:42,314 [INFO] PluginManager:220 - loadIPPluginJar : add pdm2pcm
2024-03-30 08:34:42,322 [INFO] IPUIPlugin:80 - create IPUIPlugin
2024-03-30 08:34:42,325 [INFO] PluginManager:220 - loadIPPluginJar : add plateformsettings
2024-03-30 08:34:42,326 [INFO] IPUIPlugin:80 - create IPUIPlugin
2024-03-30 08:34:42,326 [INFO] PluginManager:220 - loadIPPluginJar : add quadspi
2024-03-30 08:34:42,337 [INFO] IPUIPlugin:80 - create IPUIPlugin
2024-03-30 08:34:42,337 [INFO] PluginManager:220 - loadIPPluginJar : add resmgrutility
2024-03-30 08:34:42,341 [INFO] IPUIPlugin:80 - create IPUIPlugin
2024-03-30 08:34:42,341 [INFO] PluginManager:220 - loadIPPluginJar : add sai
2024-03-30 08:34:42,345 [INFO] IPUIPlugin:80 - create IPUIPlugin
2024-03-30 08:34:42,346 [INFO] PluginManager:220 - loadIPPluginJar : add spi
2024-03-30 08:34:42,355 [INFO] IPUIPlugin:80 - create IPUIPlugin
2024-03-30 08:34:42,355 [INFO] PluginManager:220 - loadIPPluginJar : add stm32_wpan
2024-03-30 08:34:42,360 [INFO] IPUIPlugin:80 - create IPUIPlugin
2024-03-30 08:34:42,360 [INFO] PluginManager:220 - loadIPPluginJar : add tim
2024-03-30 08:34:42,371 [INFO] IPUIPlugin:80 - create IPUIPlugin
2024-03-30 08:34:42,371 [INFO] PluginManager:220 - loadIPPluginJar : add touchsensing
2024-03-30 08:34:42,378 [INFO] IPUIPlugin:80 - create IPUIPlugin
2024-03-30 08:34:42,378 [INFO] PluginManager:220 - loadIPPluginJar : add tracer_emb
2024-03-30 08:34:42,381 [INFO] IPUIPlugin:80 - create IPUIPlugin
2024-03-30 08:34:42,381 [INFO] PluginManager:220 - loadIPPluginJar : add ts
2024-03-30 08:34:42,386 [INFO] IPUIPlugin:80 - create IPUIPlugin
2024-03-30 08:34:42,388 [INFO] PluginManager:220 - loadIPPluginJar : add tsc
2024-03-30 08:34:42,393 [INFO] IPUIPlugin:80 - create IPUIPlugin
2024-03-30 08:34:42,393 [INFO] PluginManager:220 - loadIPPluginJar : add ucpd
2024-03-30 08:34:42,404 [INFO] IPUIPlugin:80 - create IPUIPlugin
2024-03-30 08:34:42,404 [INFO] PluginManager:220 - loadIPPluginJar : add usart
2024-03-30 08:34:42,411 [INFO] IPUIPlugin:80 - create IPUIPlugin
2024-03-30 08:34:42,411 [INFO] PluginManager:220 - loadIPPluginJar : add usbx
2024-03-30 08:34:42,599 [INFO] CADModel:165 - CPN selected for project level
2024-03-30 08:34:42,599 [INFO] CADModel:114 - Register for checkConnection events
2024-03-30 08:34:42,600 [FATAL] Updater:308 - Updater called before beeing initialized
2024-03-30 08:34:42,600 [ERROR] CADModel:125 - Updater not yet initialized, retry later 
2024-03-30 08:34:42,861 [INFO] CADModel:165 - CPN selected for project level
2024-03-30 08:34:42,861 [INFO] CADModel:114 - Register for checkConnection events
2024-03-30 08:34:42,862 [FATAL] Updater:308 - Updater called before beeing initialized
2024-03-30 08:34:42,862 [ERROR] CADModel:125 - Updater not yet initialized, retry later 
2024-03-30 08:34:42,868 [FATAL] Updater:308 - Updater called before beeing initialized
2024-03-30 08:34:43,058 [FATAL] Updater:308 - Updater called before beeing initialized
2024-03-30 08:34:43,064 [INFO] DbMcusAds:53 - JSON generation date=Wed Nov 29 17:52:27 ICT 2023 (1701255147349)
2024-03-30 08:34:43,064 [FATAL] Updater:308 - Updater called before beeing initialized
2024-03-30 08:34:43,128 [WARN] DetailPanel:346 - Failed to get advertising image, set to default
2024-03-30 08:34:43,248 [FATAL] Updater:308 - Updater called before beeing initialized
2024-03-30 08:34:43,253 [FATAL] Updater:308 - Updater called before beeing initialized
2024-03-30 08:34:43,253 [FATAL] Updater:308 - Updater called before beeing initialized
2024-03-30 08:34:43,253 [WARN] DetailPanel:346 - Failed to get advertising image, set to default
2024-03-30 08:34:43,254 [FATAL] Updater:308 - Updater called before beeing initialized
2024-03-30 08:34:43,321 [ERROR] Updater:1120 - MainUpdater not yet initialized. External WinMGr cannot be set.
2024-03-30 08:34:43,325 [INFO] Updater:1056 - Updater Version found : 6.11.0
2024-03-30 08:34:43,349 [INFO] ApplicationProperties:184 - Using Application install path: C:\ST\STM32CubeIDE_1.12.0\STM32CubeIDE\plugins\com.st.stm32cube.common.mx_6.11.0.202403141607
2024-03-30 08:34:43,939 [INFO] ThirdPartyUpdaterWithRetryManager:70 - Updater plugin not ready yet. [2/15]
2024-03-30 08:34:45,445 [INFO] MainUpdater:2873 - connection check result : 10
2024-03-30 08:34:45,446 [INFO] MainUpdater:290 - Updater Check For Update Now.
2024-03-30 08:34:45,446 [INFO] MicroXplorer:498 - Change Database Version : DB.6.0.110
2024-03-30 08:34:45,455 [INFO] McuFinderGlobals:63 - Set McuFinder mode to 2 (CubeIDE integrated)
2024-03-30 08:34:45,455 [INFO] UserAuth:179 - activating auth plugin
2024-03-30 08:34:45,463 [INFO] UserAuth:415 - Internet connection configuration mode: 1
2024-03-30 08:34:45,497 [INFO] JxBrowserEngine:152 - Initiate JxBrowser Engine with user profile folder
2024-03-30 08:34:45,912 [INFO] CheckServerUpdateThread:120 - End of CheckServer Thread
2024-03-30 08:34:47,126 [INFO] WebApp:161 - Instantiating new browser for Auth
2024-03-30 08:34:47,404 [WARN] PackLoader:240 - Cannot read IP mode file for STMicroelectronics.X-CUBE-SMBUS.2.1.0
2024-03-30 08:34:47,443 [WARN] PackLoader:240 - Cannot read IP mode file for STMicroelectronics.X-CUBE-TOUCHGFX.4.23.0
2024-03-30 08:34:47,925 [WARN] PackLoader:240 - Cannot read IP mode file for STMicroelectronics.X-CUBE-AZRTOS-F7.1.1.0
2024-03-30 08:34:47,939 [WARN] PackLoader:240 - Cannot read IP mode file for STMicroelectronics.FP-SNS-MOTENV1.4.3.2
2024-03-30 08:34:47,953 [WARN] PackLoader:240 - Cannot read IP mode file for STMicroelectronics.FP-SNS-FLIGHT1.5.0.2
2024-03-30 08:34:47,972 [WARN] PackLoader:240 - Cannot read IP mode file for STMicroelectronics.X-CUBE-DISPLAY.3.0.0
2024-03-30 08:34:47,988 [WARN] PackLoader:240 - Cannot read IP mode file for STMicroelectronics.X-CUBE-BLE1.7.0.0
2024-03-30 08:34:47,995 [WARN] PackLoader:240 - Cannot read IP mode file for emotas.I-CUBE-CANOPEN.1.3.0
2024-03-30 08:34:48,130 [WARN] PackLoader:240 - Cannot read IP mode file for STMicroelectronics.X-CUBE-TOUCHGFX.4.22.0
2024-03-30 08:34:48,219 [WARN] PackLoader:240 - Cannot read IP mode file for STMicroelectronics.X-CUBE-TOUCHGFX.4.22.1
2024-03-30 08:34:48,293 [WARN] PackLoader:240 - Cannot read IP mode file for STMicroelectronics.X-CUBE-BLEMGR.3.1.0
2024-03-30 08:34:48,307 [WARN] PackLoader:240 - Cannot read IP mode file for STMicroelectronics.FP-SNS-SMARTAG2.1.2.0
2024-03-30 08:34:48,340 [INFO] LogOutputStream:77 - [STDOUT_REDIRECT] 1 : Invalid condition id : UX_CORESTACK_Condition cause : null
2024-03-30 08:34:48,343 [INFO] LogOutputStream:77 - [STDOUT_REDIRECT] 1 : Invalid condition id : UX_CORESTACK_Condition cause : null
2024-03-30 08:34:48,345 [INFO] LogOutputStream:77 - [STDOUT_REDIRECT] 1 : Invalid condition id : UX_CORESTACK_Condition cause : null
2024-03-30 08:34:48,347 [INFO] LogOutputStream:77 - [STDOUT_REDIRECT] 1 : Invalid condition id : UX_CORESTACK_Condition cause : null
2024-03-30 08:34:48,353 [INFO] LogOutputStream:77 - [STDOUT_REDIRECT] 1 : Invalid condition id : UX_CORESTACK_Condition cause : null
2024-03-30 08:34:48,357 [WARN] PackLoader:240 - Cannot read IP mode file for STMicroelectronics.X-CUBE-AZRTOS-WL.2.0.0
2024-03-30 08:34:48,388 [WARN] PackLoader:240 - Cannot read IP mode file for WES.I-CUBE-Cesium.1.3.0
2024-03-30 08:34:48,414 [WARN] PackLoader:240 - Cannot read IP mode file for STMicroelectronics.X-CUBE-BLE2.3.3.0
2024-03-30 08:34:48,464 [WARN] PackLoader:240 - Cannot read IP mode file for STMicroelectronics.X-CUBE-TOUCHGFX.4.18.0
2024-03-30 08:34:48,560 [WARN] PackLoader:240 - Cannot read IP mode file for STMicroelectronics.X-CUBE-TOUCHGFX.4.21.1
2024-03-30 08:34:48,643 [WARN] PackLoader:240 - Cannot read IP mode file for STMicroelectronics.X-CUBE-TOUCHGFX.4.21.0
2024-03-30 08:34:48,756 [WARN] PackLoader:240 - Cannot read IP mode file for STMicroelectronics.X-CUBE-TOUCHGFX.4.21.4
2024-03-30 08:34:48,855 [WARN] PackLoader:240 - Cannot read IP mode file for STMicroelectronics.X-CUBE-ALGOBUILD.1.3.0
2024-03-30 08:34:48,926 [WARN] PackLoader:240 - Cannot read IP mode file for STMicroelectronics.X-CUBE-AZRTOS-G0.1.1.0
2024-03-30 08:34:48,947 [WARN] PackLoader:240 - Cannot read IP mode file for STMicroelectronics.X-CUBE-NFC4.3.0.0
2024-03-30 08:34:48,974 [WARN] PackLoader:240 - Cannot read IP mode file for STMicroelectronics.X-CUBE-BLEMGR.3.0.0
2024-03-30 08:34:48,986 [WARN] PackLoader:240 - Cannot read IP mode file for STMicroelectronics.FP-ATR-SIGFOX1.3.2.0
2024-03-30 08:34:48,994 [WARN] PackLoader:240 - Cannot read IP mode file for STMicroelectronics.X-CUBE-EEPRMA1.5.1.0
2024-03-30 08:34:49,127 [WARN] PackLoader:240 - Cannot read IP mode file for SEGGER.I-CUBE-embOS.1.3.1
2024-03-30 08:34:49,529 [WARN] PackLoader:240 - Cannot read IP mode file for STMicroelectronics.X-CUBE-GNSS1.6.0.0
2024-03-30 08:34:49,664 [WARN] PackLoader:240 - Cannot read IP mode file for STMicroelectronics.X-CUBE-AZRTOS-F4.1.1.0
2024-03-30 08:34:49,680 [WARN] PackLoader:240 - Cannot read IP mode file for wolfSSL.I-CUBE-wolfSSL.5.6.6
2024-03-30 08:34:49,819 [WARN] PackLoader:240 - Cannot read IP mode file for STMicroelectronics.X-CUBE-AZRTOS-L5.2.0.0
2024-03-30 08:34:49,830 [WARN] PackLoader:240 - Cannot read IP mode file for STMicroelectronics.X-CUBE-EEPRMA1.4.2.0
2024-03-30 08:34:49,852 [WARN] PackLoader:240 - Cannot read IP mode file for STMicroelectronics.X-CUBE-NFC6.3.1.0
2024-03-30 08:34:49,886 [WARN] PackLoader:240 - Cannot read IP mode file for ITTIA_DB.I-CUBE-ITTIADB.8.8.0
2024-03-30 08:34:49,928 [WARN] PackLoader:240 - Cannot read IP mode file for emotas.I-CUBE-CANOPEN.1.1.3
2024-03-30 08:34:50,112 [WARN] ConditionMgr:438 - getConditionDescription Invalid condition id : UX DEVICE CLASS RTOS Condition cause : null
2024-03-30 08:34:50,113 [WARN] ConditionMgr:438 - getConditionDescription Invalid condition id : UX DEVICE CLASS RTOS Condition cause : null
2024-03-30 08:34:50,122 [WARN] PackLoader:240 - Cannot read IP mode file for STMicroelectronics.X-CUBE-AZRTOS-H7.3.1.0
2024-03-30 08:34:50,145 [WARN] ConditionMgr:1039 - genDependencies : Invalid condition id : UX DEVICE CLASS RTOS Condition cause : null
2024-03-30 08:34:50,145 [WARN] ConditionMgr:1039 - genDependencies : Invalid condition id : UX DEVICE CLASS RTOS Condition cause : null
2024-03-30 08:34:50,146 [WARN] ConditionMgr:1039 - genDependencies : Invalid condition id : UX DEVICE CLASS RTOS Condition cause : null
2024-03-30 08:34:50,146 [WARN] ConditionMgr:1039 - genDependencies : Invalid condition id : UX DEVICE CLASS RTOS Condition cause : null
2024-03-30 08:34:50,146 [WARN] ConditionMgr:1039 - genDependencies : Invalid condition id : UX DEVICE CLASS RTOS Condition cause : null
2024-03-30 08:34:50,159 [WARN] ConditionMgr:438 - getConditionDescription Invalid condition id : UX DEVICE CLASS RTOS Condition cause : null
2024-03-30 08:34:50,159 [WARN] ConditionMgr:438 - getConditionDescription Invalid condition id : UX DEVICE CLASS RTOS Condition cause : null
2024-03-30 08:34:50,445 [WARN] PackLoader:240 - Cannot read IP mode file for STMicroelectronics.X-CUBE-NFC7.1.0.1
2024-03-30 08:34:50,457 [WARN] PackLoader:240 - Cannot read IP mode file for STMicroelectronics.X-CUBE-NFC6.3.0.0
2024-03-30 08:34:50,474 [WARN] PackLoader:240 - Cannot read IP mode file for STMicroelectronics.X-CUBE-AI.8.1.0
2024-03-30 08:34:50,523 [WARN] ConditionMgr:438 - getConditionDescription Invalid condition id : LAN8742 Phy interface Condition cause : null
2024-03-30 08:34:50,524 [WARN] PackLoader:240 - Cannot read IP mode file for STMicroelectronics.X-CUBE-AZRTOS-L4.2.0.0
2024-03-30 08:34:50,525 [WARN] ConditionMgr:1039 - genDependencies : Invalid condition id : LAN8742 Phy interface Condition cause : null
2024-03-30 08:34:50,526 [WARN] ConditionMgr:1039 - genDependencies : Invalid condition id : LAN8742 Phy interface Condition cause : null
2024-03-30 08:34:50,526 [WARN] ConditionMgr:1039 - genDependencies : Invalid condition id : LAN8742 Phy interface Condition cause : null
2024-03-30 08:34:50,539 [WARN] PackLoader:240 - Cannot read IP mode file for STMicroelectronics.X-CUBE-SFXS2LP1.4.0.0
2024-03-30 08:34:50,560 [WARN] ConditionMgr:438 - getConditionDescription Invalid condition id : UX DEVICE CLASS RTOS Condition cause : null
2024-03-30 08:34:50,560 [WARN] ConditionMgr:438 - getConditionDescription Invalid condition id : UX DEVICE CLASS RTOS Condition cause : null
2024-03-30 08:34:50,563 [WARN] PackLoader:240 - Cannot read IP mode file for STMicroelectronics.X-CUBE-AZRTOS-WB.2.0.0
2024-03-30 08:34:50,563 [WARN] ConditionMgr:1039 - genDependencies : Invalid condition id : UX DEVICE CLASS RTOS Condition cause : null
2024-03-30 08:34:50,564 [WARN] ConditionMgr:1039 - genDependencies : Invalid condition id : UX DEVICE CLASS RTOS Condition cause : null
2024-03-30 08:34:50,569 [WARN] ConditionMgr:1039 - genDependencies : Invalid condition id : UX DEVICE CLASS RTOS Condition cause : null
2024-03-30 08:34:50,571 [WARN] ConditionMgr:1039 - genDependencies : Invalid condition id : UX DEVICE CLASS RTOS Condition cause : null
2024-03-30 08:34:50,571 [WARN] ConditionMgr:1039 - genDependencies : Invalid condition id : UX DEVICE CLASS RTOS Condition cause : null
2024-03-30 08:34:50,586 [WARN] PackLoader:240 - Cannot read IP mode file for STMicroelectronics.X-CUBE-SUBG2.5.0.0
2024-03-30 08:34:50,614 [WARN] PackLoader:240 - Cannot read IP mode file for STMicroelectronics.X-CUBE-TOF1.3.3.1
2024-03-30 08:34:50,741 [WARN] PackLoader:240 - Cannot read IP mode file for STMicroelectronics.X-CUBE-AZRTOS-G4.2.0.0
2024-03-30 08:34:50,780 [WARN] PackLoader:240 - Cannot read IP mode file for STMicroelectronics.X-CUBE-TOF1.3.3.0
2024-03-30 08:34:50,893 [INFO] WebApp:779 - Register for checkConnection events
2024-03-30 08:34:50,893 [INFO] WebApp:414 - Apply proxy settings
2024-03-30 08:34:50,894 [INFO] WebApp:499 - Chromium requires no authentication
2024-03-30 08:34:50,935 [WARN] PackLoader:240 - Cannot read IP mode file for Infineon.AIROC-Wi-Fi-Bluetooth-STM32.1.5.1
2024-03-30 08:34:50,945 [WARN] PackLoader:240 - Cannot read IP mode file for STMicroelectronics.FP-SNS-MOTENVWB1.1.3.1
2024-03-30 08:34:50,951 [INFO] WebApp:442 - Direct internet connection detected
2024-03-30 08:34:50,958 [WARN] PackLoader:240 - Cannot read IP mode file for STMicroelectronics.X-CUBE-ISPU.2.0.0
2024-03-30 08:34:51,030 [WARN] PackLoader:240 - Cannot read IP mode file for STMicroelectronics.X-CUBE-MEMS1.10.0.0
2024-03-30 08:34:51,581 [WARN] PackLoader:240 - Cannot read IP mode file for STMicroelectronics.X-CUBE-FREERTOS.1.1.0
2024-03-30 08:34:51,594 [WARN] PackLoader:240 - Cannot read IP mode file for portGmbH.I-Cube-SoM-uGOAL.1.1.0
2024-03-30 08:34:51,604 [WARN] PackLoader:240 - Cannot read IP mode file for STMicroelectronics.X-CUBE-ALS.1.0.1
2024-03-30 08:34:51,609 [WARN] PackLoader:240 - Cannot read IP mode file for STMicroelectronics.FP-ATR-ASTRA1.2.0.0
2024-03-30 08:34:51,646 [WARN] PackLoader:240 - Cannot read IP mode file for STMicroelectronics.X-CUBE-TOF1.3.4.0
2024-03-30 08:34:51,762 [WARN] PackLoader:240 - Cannot read IP mode file for STMicroelectronics.X-CUBE-TOF1.3.4.1
2024-03-30 08:34:51,868 [INFO] WebApp:192 - Starting web application
2024-03-30 08:34:51,868 [INFO] WebApp:544 - Web application path used C:\ST\STM32CubeIDE_1.12.0\STM32CubeIDE\plugins\com.st.stm32cube.common.mx_6.11.0.202403141607\db\plugins\mcufinder\reactClient1\index.html
2024-03-30 08:34:51,870 [WARN] PackLoader:240 - Cannot read IP mode file for STMicroelectronics.X-CUBE-AZRTOS-H7.3.2.0
2024-03-30 08:34:52,382 [INFO] ThirdParty:978 - Integrity check success = true
2024-03-30 08:34:52,382 [INFO] IntegrityCheckThread:100 - exiting critical section [integrity check]
2024-03-30 08:34:52,383 [INFO] IntegrityCheckThread:103 - End integrity checks thread
2024-03-30 17:28:43,088 [INFO] WebApp:354 - JxBrowser engine has been closed 
