2024-01-08 16:03:09,816 [INFO] Activator:176 - 


2024-01-08 16:03:09,820 [INFO] Activator:177 - !SESSION log4j initialized
2024-01-08 16:03:19,401 [ERROR] LogOutputStream:75 - [STDERR_REDIRECT] ?.?. 08, 2024 4:03:19 ??????? org.glassfish.grizzly.http.server.NetworkListener start
2024-01-08 16:03:19,402 [ERROR] LogOutputStream:75 - [STDERR_REDIRECT] INFO: Started listener bound to [localhost:1593]
2024-01-08 16:03:19,403 [ERROR] LogOutputStream:75 - [STDERR_REDIRECT] 
2024-01-08 16:03:19,405 [ERROR] LogOutputStream:75 - [STDERR_REDIRECT] ?.?. 08, 2024 4:03:19 ??????? org.glassfish.grizzly.http.server.HttpServer start
2024-01-08 16:03:19,405 [ERROR] LogOutputStream:75 - [STDERR_REDIRECT] INFO: [HttpServer] Started.
2024-01-08 16:03:19,406 [ERROR] LogOutputStream:75 - [STDERR_REDIRECT] 
2024-01-08 16:03:20,748 [INFO] LogOutputStream:77 - [STDOUT_REDIRECT] 
2024-01-08 16:03:22,194 [INFO] ApplicationProperties:184 - Using Application install path: C:\ST\STM32CubeIDE_1.12.0\STM32CubeIDE\plugins\com.st.stm32cube.common.mx_6.10.0.202311202037
2024-01-08 16:03:22,262 [INFO] DbMcusXml:78 - Set database path to: C:\ST\STM32CubeIDE_1.12.0\STM32CubeIDE\plugins\com.st.stm32cube.common.mx_6.10.0.202311202037\\db\/mcu/
2024-01-08 16:03:22,262 [INFO] ApiDb:274 - Set plugin database path to: C:\ST\STM32CubeIDE_1.12.0\STM32CubeIDE\plugins\com.st.stm32cube.common.mx_6.10.0.202311202037\\db\/plugins/boardmanager/
2024-01-08 16:03:22,262 [WARN] ApiDb:259 - Overriding images path with different value:  => C:\ST\STM32CubeIDE_1.12.0\STM32CubeIDE\plugins\com.st.stm32cube.common.mx_6.10.0.202311202037\\db\/plugins/mcufinder/images/
2024-01-08 16:03:22,291 [INFO] ApiDb:250 - Set database path to: C:\Users\user\.stmcufinder\plugins\mcufinder//mcu/
2024-01-08 16:03:22,292 [INFO] DbMcusAds:125 - Set database path to: C:\Users\user\.stmcufinder\plugins\mcufinder//mcu/
2024-01-08 16:03:22,294 [INFO] CrossReferenceDbSqlite:203 - Set database path to: C:\Users\user\.stmcufinder\plugins\mcufinder//mcu/cs/
2024-01-08 16:03:22,487 [INFO] RulesReader:64 - Compatibility file has been processed (297 Rules)
2024-01-08 16:03:22,633 [INFO] DbMcusXml:78 - Set database path to: C:\ST\STM32CubeIDE_1.12.0\STM32CubeIDE\plugins\com.st.stm32cube.common.mx_6.10.0.202311202037\\db\/mcu/
2024-01-08 16:03:22,634 [INFO] ApiDb:274 - Set plugin database path to: C:\ST\STM32CubeIDE_1.12.0\STM32CubeIDE\plugins\com.st.stm32cube.common.mx_6.10.0.202311202037\\db\/plugins/boardmanager/
2024-01-08 16:03:22,636 [INFO] ApiDb:261 - Set plugin images path to: C:\ST\STM32CubeIDE_1.12.0\STM32CubeIDE\plugins\com.st.stm32cube.common.mx_6.10.0.202311202037\\db\/plugins/mcufinder/images/
2024-01-08 16:03:22,637 [WARN] DbFile:41 - Overriding database path with different value: C:\Users\user\.stmcufinder\plugins\mcufinder/ => C:\Users\user\.stmcufinder\plugins\mcufinder
2024-01-08 16:03:22,638 [INFO] ApiDb:250 - Set database path to: C:\Users\user\.stmcufinder\plugins\mcufinder//mcu/
2024-01-08 16:03:22,638 [WARN] DbFile:41 - Overriding database path with different value: C:\Users\user\.stmcufinder\plugins\mcufinder/ => C:\Users\user\.stmcufinder\plugins\mcufinder
2024-01-08 16:03:22,638 [INFO] DbMcusAds:125 - Set database path to: C:\Users\user\.stmcufinder\plugins\mcufinder//mcu/
2024-01-08 16:03:22,638 [WARN] DbFile:41 - Overriding database path with different value: C:\Users\user\.stmcufinder\plugins\mcufinder/ => C:\Users\user\.stmcufinder\plugins\mcufinder
2024-01-08 16:03:22,638 [WARN] DbFile:41 - Overriding database path with different value: C:\Users\user\.stmcufinder\plugins\mcufinder/ => C:\Users\user\.stmcufinder\plugins\mcufinder
2024-01-08 16:03:22,638 [INFO] CrossReferenceDbSqlite:203 - Set database path to: C:\Users\user\.stmcufinder\plugins\mcufinder//mcu/cs/
2024-01-08 16:03:22,908 [INFO] MainPanel:264 - HeapMemory: 268435456
2024-01-08 16:03:23,073 [INFO] DbMcusXml:78 - Set database path to: C:\ST\STM32CubeIDE_1.12.0\STM32CubeIDE\plugins\com.st.stm32cube.common.mx_6.10.0.202311202037\\db\/mcu/
2024-01-08 16:03:23,073 [INFO] ApiDb:274 - Set plugin database path to: C:\ST\STM32CubeIDE_1.12.0\STM32CubeIDE\plugins\com.st.stm32cube.common.mx_6.10.0.202311202037\\db\/plugins/boardmanager/
2024-01-08 16:03:23,073 [INFO] ApiDb:261 - Set plugin images path to: C:\ST\STM32CubeIDE_1.12.0\STM32CubeIDE\plugins\com.st.stm32cube.common.mx_6.10.0.202311202037\\db\/plugins/mcufinder/images/
2024-01-08 16:03:23,073 [WARN] DbFile:41 - Overriding database path with different value: C:\Users\user\.stmcufinder\plugins\mcufinder/ => C:\Users\user\.stmcufinder\plugins\mcufinder
2024-01-08 16:03:23,073 [INFO] ApiDb:250 - Set database path to: C:\Users\user\.stmcufinder\plugins\mcufinder//mcu/
2024-01-08 16:03:23,073 [WARN] DbFile:41 - Overriding database path with different value: C:\Users\user\.stmcufinder\plugins\mcufinder/ => C:\Users\user\.stmcufinder\plugins\mcufinder
2024-01-08 16:03:23,073 [INFO] DbMcusAds:125 - Set database path to: C:\Users\user\.stmcufinder\plugins\mcufinder//mcu/
2024-01-08 16:03:23,073 [WARN] DbFile:41 - Overriding database path with different value: C:\Users\user\.stmcufinder\plugins\mcufinder/ => C:\Users\user\.stmcufinder\plugins\mcufinder
2024-01-08 16:03:23,073 [WARN] DbFile:41 - Overriding database path with different value: C:\Users\user\.stmcufinder\plugins\mcufinder/ => C:\Users\user\.stmcufinder\plugins\mcufinder
2024-01-08 16:03:23,073 [INFO] CrossReferenceDbSqlite:203 - Set database path to: C:\Users\user\.stmcufinder\plugins\mcufinder//mcu/cs/
2024-01-08 16:03:23,104 [INFO] ApplicationProperties:184 - Using Application install path: C:\ST\STM32CubeIDE_1.12.0\STM32CubeIDE\plugins\com.st.stm32cube.common.mx_6.10.0.202311202037
2024-01-08 16:03:23,106 [INFO] PluginManage:196 - Search for loadable plugins [exclusion list=, ]
2024-01-08 16:03:23,107 [INFO] PluginManage:310 - Check plugin analytics
2024-01-08 16:03:23,723 [INFO] AnalyticsPlugin:253 - Accepted Software Licenses: STM32CubeMX.6.8.0,STM32CubeMX.6.8.1,STM32CubeMX.6.5.0,STM32CubeMX.6.9.1,STM32CubeMX.6.9.2,STM32CubeMX.6.10.0
2024-01-08 16:03:23,723 [INFO] AnalyticsPlugin:255 - Accepted CMSIS Pack Licenses: emotas.I-CUBE-CANOPEN.1.1.3,STMicroelectronics.X-CUBE-TOUCHGFX.4.21.0,STMicroelectronics.X-CUBE-TOUCHGFX.4.21.1,STMicroelectronics.X-CUBE-TOUCHGFX.4.18.0,STMicroelectronics.X-CUBE-TOUCHGFX.4.22.1,STMicroelectronics.X-CUBE-AZRTOS-H7.3.1.0,STMicroelectronics.X-CUBE-AZRTOS-H7.3.2.0,ITTIA_DB.I-CUBE-ITTIADB.8.8.0
2024-01-08 16:03:23,724 [INFO] AnalyticsPlugin:257 - Accepted Firmware Licenses: FW.H7.1.11.0,FW.G0.1.6.0,FW.F4.1.27.0
2024-01-08 16:03:23,734 [INFO] PluginManage:359 - Loaded plugin analytics (category:tool,tabindex:-1)
2024-01-08 16:03:23,740 [INFO] PluginManage:310 - Check plugin cadmodel
2024-01-08 16:03:23,757 [INFO] CADModel:105 - Init CAD model plugin
2024-01-08 16:03:23,758 [INFO] PluginManage:359 - Loaded plugin cadmodel (category:power,tabindex:5)
2024-01-08 16:03:23,758 [INFO] PluginManage:310 - Check plugin clock
2024-01-08 16:03:23,791 [INFO] PluginManage:359 - Loaded plugin clock (category:base,tabindex:2)
2024-01-08 16:03:23,791 [INFO] PluginManage:310 - Check plugin ddr
2024-01-08 16:03:23,795 [INFO] PluginManage:359 - Loaded plugin ddr (category:tool,tabindex:6)
2024-01-08 16:03:23,795 [INFO] PluginManage:310 - Check plugin filemanager
2024-01-08 16:03:24,127 [INFO] PluginManage:359 - Loaded plugin filemanager (category:base,tabindex:10)
2024-01-08 16:03:24,127 [INFO] PluginManage:310 - Check plugin ipmanager
2024-01-08 16:03:24,173 [INFO] PluginManage:359 - Loaded plugin ipmanager (category:base,tabindex:5)
2024-01-08 16:03:24,173 [INFO] PluginManage:310 - Check plugin lpbam
2024-01-08 16:03:24,212 [INFO] PluginManage:359 - Loaded plugin lpbam (category:base,tabindex:0)
2024-01-08 16:03:24,223 [INFO] PluginManage:310 - Check plugin memorymap
2024-01-08 16:03:24,271 [INFO] PluginManage:359 - Loaded plugin memorymap (category:base,tabindex:4)
2024-01-08 16:03:24,273 [INFO] PluginManage:310 - Check plugin pinoutandconfiguration
2024-01-08 16:03:24,294 [INFO] PluginManage:359 - Loaded plugin pinoutandconfiguration (category:base,tabindex:1)
2024-01-08 16:03:24,294 [INFO] PluginManage:310 - Check plugin pinoutconfig
2024-01-08 16:03:24,543 [WARN] SupportedApi:132 - Cannot load RTOS API schema: s4s-elt-must-match.1: The content of 'definitions' must match (annotation?, (simpleType | complexType)?, (unique | key | keyref)*)). A problem was found starting at: attribute.
2024-01-08 16:03:25,012 [INFO] PluginManage:359 - Loaded plugin pinoutconfig (category:base,tabindex:0)
2024-01-08 16:03:25,013 [INFO] PluginManage:310 - Check plugin power
2024-01-08 16:03:25,059 [INFO] PluginManage:359 - Loaded plugin power (category:power,tabindex:4)
2024-01-08 16:03:25,059 [INFO] PluginManage:310 - Check plugin projectmanager
2024-01-08 16:03:25,105 [INFO] PluginManage:359 - Loaded plugin projectmanager (category:projectmanager,tabindex:3)
2024-01-08 16:03:25,105 [INFO] PluginManage:310 - Check plugin thirdparty
2024-01-08 16:03:25,410 [INFO] PluginManage:359 - Loaded plugin thirdparty (category:base,tabindex:-1)
2024-01-08 16:03:25,410 [WARN] IntegrityCheckThread:84 - waiting for thirdparty lock release [integrity check]
2024-01-08 16:03:25,411 [INFO] PluginManage:310 - Check plugin tools
2024-01-08 16:03:25,411 [INFO] IntegrityCheckThread:86 - entering critical section [integrity check]
2024-01-08 16:03:25,411 [INFO] ThirdPartyUpdaterWithRetryManager:70 - Updater plugin not ready yet. [1/15]
2024-01-08 16:03:25,424 [INFO] PluginManage:359 - Loaded plugin tools (category:base,tabindex:7)
2024-01-08 16:03:25,424 [INFO] PluginManage:310 - Check plugin tutovideos
2024-01-08 16:03:25,806 [INFO] PluginManage:359 - Loaded plugin tutovideos (category:base,tabindex:-1)
2024-01-08 16:03:25,807 [INFO] PluginManage:310 - Check plugin updater
2024-01-08 16:03:25,838 [INFO] PluginManage:359 - Loaded plugin updater (category:base,tabindex:12)
2024-01-08 16:03:25,838 [INFO] PluginManage:310 - Check plugin userauth
2024-01-08 16:03:25,845 [INFO] UserAuth:114 - Init User Auth plugin
2024-01-08 16:03:25,845 [INFO] PluginManage:359 - Loaded plugin userauth (category:base,tabindex:14)
2024-01-08 16:03:25,845 [INFO] PluginManage:283 - PluginManage : Loaded plugins [17]
2024-01-08 16:03:26,312 [INFO] PinOutPanel:1499 - setPackage(No Configuration,No Configuration)
2024-01-08 16:03:26,445 [INFO] CADModel:165 - CPN selected for project level
2024-01-08 16:03:26,445 [INFO] CADModel:114 - Register for checkConnection events
2024-01-08 16:03:26,477 [INFO] IPUIPlugin:80 - create IPUIPlugin
2024-01-08 16:03:26,477 [INFO] PluginManager:220 - loadIPPluginJar : add adc
2024-01-08 16:03:26,485 [INFO] IPUIPlugin:80 - create IPUIPlugin
2024-01-08 16:03:26,487 [INFO] PluginManager:220 - loadIPPluginJar : add aes
2024-01-08 16:03:26,490 [INFO] IPUIPlugin:80 - create IPUIPlugin
2024-01-08 16:03:26,490 [INFO] PluginManager:220 - loadIPPluginJar : add can
2024-01-08 16:03:26,492 [INFO] IPUIPlugin:80 - create IPUIPlugin
2024-01-08 16:03:26,492 [INFO] PluginManager:220 - loadIPPluginJar : add comp
2024-01-08 16:03:26,495 [INFO] IPUIPlugin:80 - create IPUIPlugin
2024-01-08 16:03:26,495 [INFO] PluginManager:220 - loadIPPluginJar : add cryp
2024-01-08 16:03:26,504 [INFO] IPUIPlugin:80 - create IPUIPlugin
2024-01-08 16:03:26,504 [INFO] PluginManager:220 - loadIPPluginJar : add dfsdm
2024-01-08 16:03:26,512 [INFO] IPUIPlugin:80 - create IPUIPlugin
2024-01-08 16:03:26,512 [INFO] PluginManager:220 - loadIPPluginJar : add dma
2024-01-08 16:03:26,522 [INFO] IPUIPlugin:80 - create IPUIPlugin
2024-01-08 16:03:26,522 [INFO] PluginManager:220 - loadIPPluginJar : add dma3
2024-01-08 16:03:26,524 [INFO] IPUIPlugin:80 - create IPUIPlugin
2024-01-08 16:03:26,526 [INFO] PluginManager:220 - loadIPPluginJar : add fatfs
2024-01-08 16:03:26,539 [INFO] IPUIPlugin:80 - create IPUIPlugin
2024-01-08 16:03:26,539 [INFO] PluginManager:220 - loadIPPluginJar : add fmc
2024-01-08 16:03:26,555 [INFO] IPUIPlugin:80 - create IPUIPlugin
2024-01-08 16:03:26,556 [INFO] PluginManager:220 - loadIPPluginJar : add freertos
2024-01-08 16:03:26,558 [INFO] IPUIPlugin:80 - create IPUIPlugin
2024-01-08 16:03:26,559 [INFO] PluginManager:220 - loadIPPluginJar : add genericplugin
2024-01-08 16:03:26,571 [INFO] IPUIPlugin:80 - create IPUIPlugin
2024-01-08 16:03:26,571 [INFO] PluginManager:220 - loadIPPluginJar : add gfxmmu
2024-01-08 16:03:26,577 [INFO] IPUIPlugin:80 - create IPUIPlugin
2024-01-08 16:03:26,577 [INFO] PluginManager:220 - loadIPPluginJar : add gic
2024-01-08 16:03:26,590 [INFO] IPUIPlugin:80 - create IPUIPlugin
2024-01-08 16:03:26,591 [INFO] PluginManager:220 - loadIPPluginJar : add gpio
2024-01-08 16:03:26,594 [INFO] IPUIPlugin:80 - create IPUIPlugin
2024-01-08 16:03:26,594 [INFO] PluginManager:220 - loadIPPluginJar : add gtzc
2024-01-08 16:03:26,604 [INFO] IPUIPlugin:80 - create IPUIPlugin
2024-01-08 16:03:26,604 [INFO] PluginManager:220 - loadIPPluginJar : add hash
2024-01-08 16:03:26,609 [INFO] IPUIPlugin:80 - create IPUIPlugin
2024-01-08 16:03:26,609 [INFO] PluginManager:220 - loadIPPluginJar : add i2c
2024-01-08 16:03:26,612 [INFO] IPUIPlugin:80 - create IPUIPlugin
2024-01-08 16:03:26,612 [INFO] PluginManager:220 - loadIPPluginJar : add i2s
2024-01-08 16:03:26,623 [INFO] IPUIPlugin:80 - create IPUIPlugin
2024-01-08 16:03:26,623 [INFO] PluginManager:220 - loadIPPluginJar : add i3c
2024-01-08 16:03:26,629 [INFO] IPUIPlugin:80 - create IPUIPlugin
2024-01-08 16:03:26,629 [INFO] PluginManager:220 - loadIPPluginJar : add ipddr
2024-01-08 16:03:26,658 [INFO] IPUIPlugin:80 - create IPUIPlugin
2024-01-08 16:03:26,658 [INFO] PluginManager:220 - loadIPPluginJar : add linkedlist
2024-01-08 16:03:26,662 [INFO] IPUIPlugin:80 - create IPUIPlugin
2024-01-08 16:03:26,662 [INFO] PluginManager:220 - loadIPPluginJar : add lorawan
2024-01-08 16:03:26,671 [INFO] IPUIPlugin:80 - create IPUIPlugin
2024-01-08 16:03:26,671 [INFO] PluginManager:220 - loadIPPluginJar : add ltdc
2024-01-08 16:03:26,685 [INFO] IPUIPlugin:80 - create IPUIPlugin
2024-01-08 16:03:26,686 [INFO] PluginManager:220 - loadIPPluginJar : add mdma
2024-01-08 16:03:26,693 [INFO] IPUIPlugin:80 - create IPUIPlugin
2024-01-08 16:03:26,693 [INFO] PluginManager:220 - loadIPPluginJar : add nvic
2024-01-08 16:03:26,705 [INFO] IPUIPlugin:80 - create IPUIPlugin
2024-01-08 16:03:26,705 [INFO] PluginManager:220 - loadIPPluginJar : add opamp
2024-01-08 16:03:26,708 [INFO] IPUIPlugin:80 - create IPUIPlugin
2024-01-08 16:03:26,708 [INFO] PluginManager:220 - loadIPPluginJar : add openamp
2024-01-08 16:03:26,717 [INFO] IPUIPlugin:80 - create IPUIPlugin
2024-01-08 16:03:26,718 [INFO] PluginManager:220 - loadIPPluginJar : add pdm2pcm
2024-01-08 16:03:26,728 [INFO] IPUIPlugin:80 - create IPUIPlugin
2024-01-08 16:03:26,737 [INFO] PluginManager:220 - loadIPPluginJar : add plateformsettings
2024-01-08 16:03:26,741 [INFO] IPUIPlugin:80 - create IPUIPlugin
2024-01-08 16:03:26,741 [INFO] PluginManager:220 - loadIPPluginJar : add quadspi
2024-01-08 16:03:26,761 [INFO] IPUIPlugin:80 - create IPUIPlugin
2024-01-08 16:03:26,761 [INFO] PluginManager:220 - loadIPPluginJar : add resmgrutility
2024-01-08 16:03:26,773 [INFO] IPUIPlugin:80 - create IPUIPlugin
2024-01-08 16:03:26,773 [INFO] PluginManager:220 - loadIPPluginJar : add sai
2024-01-08 16:03:26,776 [INFO] IPUIPlugin:80 - create IPUIPlugin
2024-01-08 16:03:26,777 [INFO] PluginManager:220 - loadIPPluginJar : add spi
2024-01-08 16:03:26,790 [INFO] IPUIPlugin:80 - create IPUIPlugin
2024-01-08 16:03:26,790 [INFO] PluginManager:220 - loadIPPluginJar : add stm32_wpan
2024-01-08 16:03:26,792 [INFO] IPUIPlugin:80 - create IPUIPlugin
2024-01-08 16:03:26,793 [INFO] PluginManager:220 - loadIPPluginJar : add tim
2024-01-08 16:03:26,803 [INFO] IPUIPlugin:80 - create IPUIPlugin
2024-01-08 16:03:26,804 [INFO] PluginManager:220 - loadIPPluginJar : add touchsensing
2024-01-08 16:03:26,807 [INFO] IPUIPlugin:80 - create IPUIPlugin
2024-01-08 16:03:26,807 [INFO] PluginManager:220 - loadIPPluginJar : add tracer_emb
2024-01-08 16:03:26,810 [INFO] IPUIPlugin:80 - create IPUIPlugin
2024-01-08 16:03:26,810 [INFO] PluginManager:220 - loadIPPluginJar : add ts
2024-01-08 16:03:26,812 [INFO] IPUIPlugin:80 - create IPUIPlugin
2024-01-08 16:03:26,812 [INFO] PluginManager:220 - loadIPPluginJar : add tsc
2024-01-08 16:03:26,823 [INFO] IPUIPlugin:80 - create IPUIPlugin
2024-01-08 16:03:26,823 [INFO] PluginManager:220 - loadIPPluginJar : add ucpd
2024-01-08 16:03:26,827 [INFO] IPUIPlugin:80 - create IPUIPlugin
2024-01-08 16:03:26,827 [INFO] PluginManager:220 - loadIPPluginJar : add usart
2024-01-08 16:03:26,838 [INFO] IPUIPlugin:80 - create IPUIPlugin
2024-01-08 16:03:26,838 [INFO] PluginManager:220 - loadIPPluginJar : add usbx
2024-01-08 16:03:27,120 [INFO] CADModel:165 - CPN selected for project level
2024-01-08 16:03:27,120 [INFO] CADModel:114 - Register for checkConnection events
2024-01-08 16:03:27,120 [FATAL] Updater:308 - Updater called before beeing initialized
2024-01-08 16:03:27,121 [ERROR] CADModel:125 - Updater not yet initialized, retry later 
2024-01-08 16:03:27,290 [INFO] CADModel:165 - CPN selected for project level
2024-01-08 16:03:27,290 [INFO] CADModel:114 - Register for checkConnection events
2024-01-08 16:03:27,290 [FATAL] Updater:308 - Updater called before beeing initialized
2024-01-08 16:03:27,290 [ERROR] CADModel:125 - Updater not yet initialized, retry later 
2024-01-08 16:03:27,293 [FATAL] Updater:308 - Updater called before beeing initialized
2024-01-08 16:03:27,439 [FATAL] Updater:308 - Updater called before beeing initialized
2024-01-08 16:03:27,449 [INFO] DbMcusAds:53 - JSON generation date=Wed Nov 29 17:52:27 ICT 2023 (1701255147349)
2024-01-08 16:03:27,449 [FATAL] Updater:308 - Updater called before beeing initialized
2024-01-08 16:03:27,488 [WARN] DetailPanel:346 - Failed to get advertising image, set to default
2024-01-08 16:03:27,555 [FATAL] Updater:308 - Updater called before beeing initialized
2024-01-08 16:03:27,558 [FATAL] Updater:308 - Updater called before beeing initialized
2024-01-08 16:03:27,558 [FATAL] Updater:308 - Updater called before beeing initialized
2024-01-08 16:03:27,558 [WARN] DetailPanel:346 - Failed to get advertising image, set to default
2024-01-08 16:03:27,559 [FATAL] Updater:308 - Updater called before beeing initialized
2024-01-08 16:03:27,625 [ERROR] Updater:1120 - MainUpdater not yet initialized. External WinMGr cannot be set.
2024-01-08 16:03:27,626 [INFO] Updater:1056 - Updater Version found : 6.10.0
2024-01-08 16:03:27,646 [INFO] ApplicationProperties:184 - Using Application install path: C:\ST\STM32CubeIDE_1.12.0\STM32CubeIDE\plugins\com.st.stm32cube.common.mx_6.10.0.202311202037
2024-01-08 16:03:28,412 [INFO] ThirdPartyUpdaterWithRetryManager:70 - Updater plugin not ready yet. [2/15]
2024-01-08 16:03:28,672 [INFO] MainUpdater:2873 - connection check result : 10
2024-01-08 16:03:28,673 [INFO] MainUpdater:3567 - Updater definition file requires update
2024-01-08 16:03:28,674 [INFO] MainUpdater:290 - Updater Check For Update Now.
2024-01-08 16:03:28,674 [INFO] MicroXplorer:498 - Change Database Version : DB.6.0.100
2024-01-08 16:03:28,685 [INFO] McuFinderGlobals:63 - Set McuFinder mode to 2 (CubeIDE integrated)
2024-01-08 16:03:28,696 [INFO] UserAuth:404 - Internet connection configuration mode: 1
2024-01-08 16:03:28,720 [INFO] JxBrowserEngine:152 - Initiate JxBrowser Engine with user profile folder
2024-01-08 16:03:30,619 [INFO] ServerAccessManage:473 - Download File updaters.zip
2024-01-08 16:03:30,688 [INFO] FileExtend:240 - Unzip File : updaters.zip
2024-01-08 16:03:30,689 [INFO] FileExtend:255 - Standard Zip Deflate
2024-01-08 16:03:31,433 [WARN] MainUpdater:1194 - Updater busy. Cannot search thirdparties
2024-01-08 16:03:31,433 [INFO] ThirdPartyUpdaterWithRetryManager:96 - Updater plugin is busy. [1/15]
2024-01-08 16:03:32,169 [INFO] ServerAccessManage:473 - Download File PacksControlFlags.xml
2024-01-08 16:03:32,747 [INFO] WebApp:161 - Instantiating new browser for Auth
2024-01-08 16:03:33,541 [INFO] WebApp:780 - Register for checkConnection events
2024-01-08 16:03:33,541 [INFO] WebApp:414 - Apply proxy settings
2024-01-08 16:03:33,541 [INFO] WebApp:499 - Chromium requires no authentication
2024-01-08 16:03:33,552 [INFO] WebApp:442 - Direct internet connection detected
2024-01-08 16:03:33,562 [INFO] ServerAccessManage:473 - Download File cubemx.pidx
2024-01-08 16:03:33,677 [INFO] LoadServerUpdatesThread:375 - End of LoadServerUpdate Thread
2024-01-08 16:03:33,905 [INFO] WebApp:192 - Starting web application
2024-01-08 16:03:33,905 [INFO] WebApp:544 - Web application path used C:\ST\STM32CubeIDE_1.12.0\STM32CubeIDE\plugins\com.st.stm32cube.common.mx_6.10.0.202311202037\db\plugins\mcufinder\reactClient1\index.html
2024-01-08 16:03:33,961 [INFO] CheckServerUpdateThread:120 - End of CheckServer Thread
2024-01-08 16:03:34,822 [WARN] PackLoader:240 - Cannot read IP mode file for STMicroelectronics.X-CUBE-SMBUS.2.1.0
2024-01-08 16:03:34,842 [WARN] PackLoader:240 - Cannot read IP mode file for STMicroelectronics.X-CUBE-TOUCHGFX.4.23.0
2024-01-08 16:03:35,183 [WARN] PackLoader:240 - Cannot read IP mode file for STMicroelectronics.X-CUBE-AZRTOS-F7.1.1.0
2024-01-08 16:03:35,205 [WARN] PackLoader:240 - Cannot read IP mode file for STMicroelectronics.FP-SNS-MOTENV1.4.3.2
2024-01-08 16:03:35,222 [WARN] PackLoader:240 - Cannot read IP mode file for STMicroelectronics.FP-SNS-FLIGHT1.5.0.2
2024-01-08 16:03:35,242 [WARN] PackLoader:240 - Cannot read IP mode file for STMicroelectronics.X-CUBE-DISPLAY.3.0.0
2024-01-08 16:03:35,272 [WARN] PackLoader:240 - Cannot read IP mode file for STMicroelectronics.X-CUBE-BLE1.7.0.0
2024-01-08 16:03:35,291 [WARN] PackLoader:240 - Cannot read IP mode file for emotas.I-CUBE-CANOPEN.1.3.0
2024-01-08 16:03:35,369 [WARN] PackLoader:240 - Cannot read IP mode file for STMicroelectronics.X-CUBE-TOUCHGFX.4.22.0
2024-01-08 16:03:35,491 [WARN] PackLoader:240 - Cannot read IP mode file for STMicroelectronics.X-CUBE-TOUCHGFX.4.22.1
2024-01-08 16:03:35,573 [WARN] PackLoader:240 - Cannot read IP mode file for STMicroelectronics.FP-SNS-SMARTAG2.1.2.0
2024-01-08 16:03:35,623 [INFO] LogOutputStream:77 - [STDOUT_REDIRECT] 1 : Invalid condition id : UX_CORESTACK_Condition cause : null
2024-01-08 16:03:35,625 [INFO] LogOutputStream:77 - [STDOUT_REDIRECT] 1 : Invalid condition id : UX_CORESTACK_Condition cause : null
2024-01-08 16:03:35,627 [INFO] LogOutputStream:77 - [STDOUT_REDIRECT] 1 : Invalid condition id : UX_CORESTACK_Condition cause : null
2024-01-08 16:03:35,628 [INFO] LogOutputStream:77 - [STDOUT_REDIRECT] 1 : Invalid condition id : UX_CORESTACK_Condition cause : null
2024-01-08 16:03:35,633 [INFO] LogOutputStream:77 - [STDOUT_REDIRECT] 1 : Invalid condition id : UX_CORESTACK_Condition cause : null
2024-01-08 16:03:35,640 [WARN] PackLoader:240 - Cannot read IP mode file for STMicroelectronics.X-CUBE-AZRTOS-WL.2.0.0
2024-01-08 16:03:35,661 [WARN] PackLoader:240 - Cannot read IP mode file for WES.I-CUBE-Cesium.1.3.0
2024-01-08 16:03:35,684 [WARN] PackLoader:240 - Cannot read IP mode file for STMicroelectronics.X-CUBE-BLE2.3.3.0
2024-01-08 16:03:35,702 [WARN] PackLoader:240 - Cannot read IP mode file for STMicroelectronics.X-CUBE-TOUCHGFX.4.18.0
2024-01-08 16:03:35,786 [WARN] PackLoader:240 - Cannot read IP mode file for STMicroelectronics.X-CUBE-TOUCHGFX.4.21.1
2024-01-08 16:03:35,873 [WARN] PackLoader:240 - Cannot read IP mode file for STMicroelectronics.X-CUBE-TOUCHGFX.4.21.0
2024-01-08 16:03:35,937 [WARN] PackLoader:240 - Cannot read IP mode file for STMicroelectronics.X-CUBE-TOUCHGFX.4.21.4
2024-01-08 16:03:36,011 [WARN] PackLoader:240 - Cannot read IP mode file for STMicroelectronics.X-CUBE-ALGOBUILD.1.3.0
2024-01-08 16:03:36,050 [WARN] PackLoader:240 - Cannot read IP mode file for STMicroelectronics.X-CUBE-AZRTOS-G0.1.1.0
2024-01-08 16:03:36,090 [WARN] PackLoader:240 - Cannot read IP mode file for STMicroelectronics.X-CUBE-NFC4.3.0.0
2024-01-08 16:03:36,127 [WARN] PackLoader:240 - Cannot read IP mode file for STMicroelectronics.X-CUBE-BLEMGR.3.0.0
2024-01-08 16:03:36,143 [WARN] PackLoader:240 - Cannot read IP mode file for STMicroelectronics.FP-ATR-SIGFOX1.3.2.0
2024-01-08 16:03:36,159 [WARN] PackLoader:240 - Cannot read IP mode file for STMicroelectronics.X-CUBE-GNSS1.6.0.0
2024-01-08 16:03:36,210 [WARN] PackLoader:240 - Cannot read IP mode file for STMicroelectronics.X-CUBE-AZRTOS-F4.1.1.0
2024-01-08 16:03:36,235 [WARN] PackLoader:240 - Cannot read IP mode file for wolfSSL.I-CUBE-wolfSSL.5.6.4
2024-01-08 16:03:36,295 [WARN] PackLoader:240 - Cannot read IP mode file for STMicroelectronics.X-CUBE-AZRTOS-L5.2.0.0
2024-01-08 16:03:36,323 [WARN] PackLoader:240 - Cannot read IP mode file for STMicroelectronics.X-CUBE-EEPRMA1.4.2.0
2024-01-08 16:03:36,344 [WARN] PackLoader:240 - Cannot read IP mode file for ITTIA_DB.I-CUBE-ITTIADB.8.8.0
2024-01-08 16:03:36,451 [WARN] PackLoader:240 - Cannot read IP mode file for emotas.I-CUBE-CANOPEN.1.1.3
2024-01-08 16:03:36,574 [WARN] ConditionMgr:438 - getConditionDescription Invalid condition id : UX DEVICE CLASS RTOS Condition cause : null
2024-01-08 16:03:36,574 [WARN] ConditionMgr:438 - getConditionDescription Invalid condition id : UX DEVICE CLASS RTOS Condition cause : null
2024-01-08 16:03:36,578 [WARN] PackLoader:240 - Cannot read IP mode file for STMicroelectronics.X-CUBE-AZRTOS-H7.3.1.0
2024-01-08 16:03:36,585 [WARN] ConditionMgr:1039 - genDependencies : Invalid condition id : UX DEVICE CLASS RTOS Condition cause : null
2024-01-08 16:03:36,585 [WARN] ConditionMgr:1039 - genDependencies : Invalid condition id : UX DEVICE CLASS RTOS Condition cause : null
2024-01-08 16:03:36,586 [WARN] ConditionMgr:1039 - genDependencies : Invalid condition id : UX DEVICE CLASS RTOS Condition cause : null
2024-01-08 16:03:36,587 [WARN] ConditionMgr:1039 - genDependencies : Invalid condition id : UX DEVICE CLASS RTOS Condition cause : null
2024-01-08 16:03:36,587 [WARN] ConditionMgr:1039 - genDependencies : Invalid condition id : UX DEVICE CLASS RTOS Condition cause : null
2024-01-08 16:03:36,593 [WARN] ConditionMgr:438 - getConditionDescription Invalid condition id : UX DEVICE CLASS RTOS Condition cause : null
2024-01-08 16:03:36,593 [WARN] ConditionMgr:438 - getConditionDescription Invalid condition id : UX DEVICE CLASS RTOS Condition cause : null
2024-01-08 16:03:36,789 [WARN] PackLoader:240 - Cannot read IP mode file for STMicroelectronics.X-CUBE-NFC7.1.0.1
2024-01-08 16:03:36,810 [WARN] PackLoader:240 - Cannot read IP mode file for STMicroelectronics.X-CUBE-NFC6.3.0.0
2024-01-08 16:03:36,833 [WARN] PackLoader:240 - Cannot read IP mode file for STMicroelectronics.X-CUBE-AI.8.1.0
2024-01-08 16:03:36,892 [WARN] ConditionMgr:438 - getConditionDescription Invalid condition id : LAN8742 Phy interface Condition cause : null
2024-01-08 16:03:36,893 [WARN] PackLoader:240 - Cannot read IP mode file for STMicroelectronics.X-CUBE-AZRTOS-L4.2.0.0
2024-01-08 16:03:36,895 [WARN] ConditionMgr:1039 - genDependencies : Invalid condition id : LAN8742 Phy interface Condition cause : null
2024-01-08 16:03:36,895 [WARN] ConditionMgr:1039 - genDependencies : Invalid condition id : LAN8742 Phy interface Condition cause : null
2024-01-08 16:03:36,905 [WARN] ConditionMgr:1039 - genDependencies : Invalid condition id : LAN8742 Phy interface Condition cause : null
2024-01-08 16:03:36,925 [WARN] PackLoader:240 - Cannot read IP mode file for STMicroelectronics.X-CUBE-SFXS2LP1.4.0.0
2024-01-08 16:03:36,944 [WARN] PackLoader:240 - Cannot read IP mode file for STMicroelectronics.X-CUBE-ISPU.1.1.0
2024-01-08 16:03:36,979 [WARN] ConditionMgr:438 - getConditionDescription Invalid condition id : UX DEVICE CLASS RTOS Condition cause : null
2024-01-08 16:03:36,983 [WARN] ConditionMgr:438 - getConditionDescription Invalid condition id : UX DEVICE CLASS RTOS Condition cause : null
2024-01-08 16:03:36,986 [WARN] PackLoader:240 - Cannot read IP mode file for STMicroelectronics.X-CUBE-AZRTOS-WB.2.0.0
2024-01-08 16:03:36,986 [WARN] ConditionMgr:1039 - genDependencies : Invalid condition id : UX DEVICE CLASS RTOS Condition cause : null
2024-01-08 16:03:36,986 [WARN] ConditionMgr:1039 - genDependencies : Invalid condition id : UX DEVICE CLASS RTOS Condition cause : null
2024-01-08 16:03:36,987 [WARN] ConditionMgr:1039 - genDependencies : Invalid condition id : UX DEVICE CLASS RTOS Condition cause : null
2024-01-08 16:03:36,987 [WARN] ConditionMgr:1039 - genDependencies : Invalid condition id : UX DEVICE CLASS RTOS Condition cause : null
2024-01-08 16:03:36,987 [WARN] ConditionMgr:1039 - genDependencies : Invalid condition id : UX DEVICE CLASS RTOS Condition cause : null
2024-01-08 16:03:37,010 [WARN] PackLoader:240 - Cannot read IP mode file for STMicroelectronics.X-CUBE-SUBG2.5.0.0
2024-01-08 16:03:37,045 [WARN] PackLoader:240 - Cannot read IP mode file for STMicroelectronics.X-CUBE-TOF1.3.3.1
2024-01-08 16:03:37,192 [WARN] PackLoader:240 - Cannot read IP mode file for STMicroelectronics.X-CUBE-AZRTOS-G4.2.0.0
2024-01-08 16:03:37,273 [WARN] PackLoader:240 - Cannot read IP mode file for STMicroelectronics.X-CUBE-TOF1.3.3.0
2024-01-08 16:03:37,444 [WARN] PackLoader:240 - Cannot read IP mode file for Infineon.AIROC-Wi-Fi-Bluetooth-STM32.1.5.1
2024-01-08 16:03:37,472 [WARN] PackLoader:240 - Cannot read IP mode file for STMicroelectronics.FP-SNS-MOTENVWB1.1.3.0
2024-01-08 16:03:37,489 [WARN] PackLoader:240 - Cannot read IP mode file for STMicroelectronics.FP-SNS-MOTENVWB1.1.3.1
2024-01-08 16:03:37,507 [WARN] PackLoader:240 - Cannot read IP mode file for STMicroelectronics.X-CUBE-ISPU.2.0.0
2024-01-08 16:03:37,588 [WARN] PackLoader:240 - Cannot read IP mode file for STMicroelectronics.X-CUBE-MEMS1.10.0.0
2024-01-08 16:03:37,760 [WARN] PackLoader:240 - Cannot read IP mode file for STMicroelectronics.X-CUBE-FREERTOS.1.1.0
2024-01-08 16:03:37,778 [WARN] PackLoader:240 - Cannot read IP mode file for portGmbH.I-Cube-SoM-uGOAL.1.1.0
2024-01-08 16:03:37,794 [WARN] PackLoader:240 - Cannot read IP mode file for STMicroelectronics.X-CUBE-ALS.1.0.1
2024-01-08 16:03:37,812 [WARN] PackLoader:240 - Cannot read IP mode file for STMicroelectronics.FP-ATR-ASTRA1.2.0.0
2024-01-08 16:03:37,841 [WARN] PackLoader:240 - Cannot read IP mode file for STMicroelectronics.X-CUBE-TOF1.3.4.0
2024-01-08 16:03:37,969 [WARN] PackLoader:240 - Cannot read IP mode file for STMicroelectronics.X-CUBE-AZRTOS-H7.3.2.0
2024-01-08 16:03:38,129 [INFO] ThirdParty:978 - Integrity check success = true
2024-01-08 16:03:38,132 [INFO] IntegrityCheckThread:100 - exiting critical section [integrity check]
2024-01-08 16:03:38,133 [INFO] IntegrityCheckThread:103 - End integrity checks thread
