2024-08-14 08:50:03,113 [INFO] Activator:176 - 


2024-08-14 08:50:03,119 [INFO] Activator:177 - !SESSION log4j initialized
2024-08-14 08:50:11,259 [INFO] LogOutputStream:77 - [STDOUT_REDIRECT] 
2024-08-14 08:50:12,182 [INFO] ApplicationProperties:184 - Using Application install path: C:\ST\STM32CubeIDE_1.16.0\STM32CubeIDE\plugins\com.st.stm32cube.common.mx_6.12.0.202406281431
2024-08-14 08:50:12,198 [INFO] DbMcusXml:78 - Set database path to: C:\ST\STM32CubeIDE_1.16.0\STM32CubeIDE\plugins\com.st.stm32cube.common.mx_6.12.0.202406281431\\db\/mcu/
2024-08-14 08:50:12,199 [INFO] ApiDb:274 - Set plugin database path to: C:\ST\STM32CubeIDE_1.16.0\STM32CubeIDE\plugins\com.st.stm32cube.common.mx_6.12.0.202406281431\\db\/plugins/boardmanager/
2024-08-14 08:50:12,199 [WARN] ApiDb:259 - Overriding images path with different value:  => C:\ST\STM32CubeIDE_1.16.0\STM32CubeIDE\plugins\com.st.stm32cube.common.mx_6.12.0.202406281431\\db\/plugins/mcufinder/images/
2024-08-14 08:50:12,203 [INFO] ApiDb:250 - Set database path to: C:\Users\user\.stmcufinder\plugins\mcufinder//mcu/
2024-08-14 08:50:12,205 [INFO] DbMcusAds:125 - Set database path to: C:\Users\user\.stmcufinder\plugins\mcufinder//mcu/
2024-08-14 08:50:12,208 [INFO] CrossReferenceDbSqlite:203 - Set database path to: C:\Users\user\.stmcufinder\plugins\mcufinder//mcu/cs/
2024-08-14 08:50:12,316 [INFO] RulesReader:64 - Compatibility file has been processed (297 Rules)
2024-08-14 08:50:12,386 [INFO] DbMcusXml:78 - Set database path to: C:\ST\STM32CubeIDE_1.16.0\STM32CubeIDE\plugins\com.st.stm32cube.common.mx_6.12.0.202406281431\\db\/mcu/
2024-08-14 08:50:12,386 [INFO] ApiDb:274 - Set plugin database path to: C:\ST\STM32CubeIDE_1.16.0\STM32CubeIDE\plugins\com.st.stm32cube.common.mx_6.12.0.202406281431\\db\/plugins/boardmanager/
2024-08-14 08:50:12,386 [INFO] ApiDb:261 - Set plugin images path to: C:\ST\STM32CubeIDE_1.16.0\STM32CubeIDE\plugins\com.st.stm32cube.common.mx_6.12.0.202406281431\\db\/plugins/mcufinder/images/
2024-08-14 08:50:12,388 [WARN] DbFile:41 - Overriding database path with different value: C:\Users\user\.stmcufinder\plugins\mcufinder/ => C:\Users\user\.stmcufinder\plugins\mcufinder
2024-08-14 08:50:12,389 [INFO] ApiDb:250 - Set database path to: C:\Users\user\.stmcufinder\plugins\mcufinder//mcu/
2024-08-14 08:50:12,389 [WARN] DbFile:41 - Overriding database path with different value: C:\Users\user\.stmcufinder\plugins\mcufinder/ => C:\Users\user\.stmcufinder\plugins\mcufinder
2024-08-14 08:50:12,389 [INFO] DbMcusAds:125 - Set database path to: C:\Users\user\.stmcufinder\plugins\mcufinder//mcu/
2024-08-14 08:50:12,389 [WARN] DbFile:41 - Overriding database path with different value: C:\Users\user\.stmcufinder\plugins\mcufinder/ => C:\Users\user\.stmcufinder\plugins\mcufinder
2024-08-14 08:50:12,389 [WARN] DbFile:41 - Overriding database path with different value: C:\Users\user\.stmcufinder\plugins\mcufinder/ => C:\Users\user\.stmcufinder\plugins\mcufinder
2024-08-14 08:50:12,389 [INFO] CrossReferenceDbSqlite:203 - Set database path to: C:\Users\user\.stmcufinder\plugins\mcufinder//mcu/cs/
2024-08-14 08:50:12,475 [INFO] MainPanel:268 - HeapMemory: 268435456
2024-08-14 08:50:12,596 [INFO] DbMcusXml:78 - Set database path to: C:\ST\STM32CubeIDE_1.16.0\STM32CubeIDE\plugins\com.st.stm32cube.common.mx_6.12.0.202406281431\\db\/mcu/
2024-08-14 08:50:12,596 [INFO] ApiDb:274 - Set plugin database path to: C:\ST\STM32CubeIDE_1.16.0\STM32CubeIDE\plugins\com.st.stm32cube.common.mx_6.12.0.202406281431\\db\/plugins/boardmanager/
2024-08-14 08:50:12,596 [INFO] ApiDb:261 - Set plugin images path to: C:\ST\STM32CubeIDE_1.16.0\STM32CubeIDE\plugins\com.st.stm32cube.common.mx_6.12.0.202406281431\\db\/plugins/mcufinder/images/
2024-08-14 08:50:12,596 [WARN] DbFile:41 - Overriding database path with different value: C:\Users\user\.stmcufinder\plugins\mcufinder/ => C:\Users\user\.stmcufinder\plugins\mcufinder
2024-08-14 08:50:12,596 [INFO] ApiDb:250 - Set database path to: C:\Users\user\.stmcufinder\plugins\mcufinder//mcu/
2024-08-14 08:50:12,596 [WARN] DbFile:41 - Overriding database path with different value: C:\Users\user\.stmcufinder\plugins\mcufinder/ => C:\Users\user\.stmcufinder\plugins\mcufinder
2024-08-14 08:50:12,596 [INFO] DbMcusAds:125 - Set database path to: C:\Users\user\.stmcufinder\plugins\mcufinder//mcu/
2024-08-14 08:50:12,596 [WARN] DbFile:41 - Overriding database path with different value: C:\Users\user\.stmcufinder\plugins\mcufinder/ => C:\Users\user\.stmcufinder\plugins\mcufinder
2024-08-14 08:50:12,596 [WARN] DbFile:41 - Overriding database path with different value: C:\Users\user\.stmcufinder\plugins\mcufinder/ => C:\Users\user\.stmcufinder\plugins\mcufinder
2024-08-14 08:50:12,596 [INFO] CrossReferenceDbSqlite:203 - Set database path to: C:\Users\user\.stmcufinder\plugins\mcufinder//mcu/cs/
2024-08-14 08:50:12,629 [INFO] ApplicationProperties:184 - Using Application install path: C:\ST\STM32CubeIDE_1.16.0\STM32CubeIDE\plugins\com.st.stm32cube.common.mx_6.12.0.202406281431
2024-08-14 08:50:12,631 [INFO] PluginManage:196 - Search for loadable plugins [exclusion list=, ]
2024-08-14 08:50:12,633 [INFO] PluginManage:310 - Check plugin analytics
2024-08-14 08:50:12,965 [INFO] AnalyticsPlugin:253 - Accepted Software Licenses: STM32CubeMX.6.10.0,STM32CubeMX.6.11.0,STM32CubeMX.6.11.1,STM32CubeMX.6.12.0
2024-08-14 08:50:12,965 [INFO] AnalyticsPlugin:255 - Accepted CMSIS Pack Licenses: STMicroelectronics.X-CUBE-TOUCHGFX.4.23.2,STMicroelectronics.X-CUBE-TOF1.3.4.1,STMicroelectronics.X-CUBE-TOUCHGFX.4.24.0
2024-08-14 08:50:12,965 [INFO] AnalyticsPlugin:257 - Accepted Firmware Licenses: FW.G0.1.6.0,FW.H7.1.11.0,FW.C0.1.1.0
2024-08-14 08:50:12,969 [INFO] PluginManage:359 - Loaded plugin analytics (category:tool,tabindex:-1)
2024-08-14 08:50:12,969 [INFO] PluginManage:310 - Check plugin cadmodel
2024-08-14 08:50:12,978 [INFO] CADModel:105 - Init CAD model plugin
2024-08-14 08:50:12,980 [INFO] PluginManage:359 - Loaded plugin cadmodel (category:power,tabindex:5)
2024-08-14 08:50:12,980 [INFO] PluginManage:310 - Check plugin clock
2024-08-14 08:50:13,002 [INFO] PluginManage:359 - Loaded plugin clock (category:base,tabindex:2)
2024-08-14 08:50:13,003 [INFO] PluginManage:310 - Check plugin ddr
2024-08-14 08:50:13,009 [INFO] PluginManage:359 - Loaded plugin ddr (category:tool,tabindex:6)
2024-08-14 08:50:13,009 [INFO] PluginManage:310 - Check plugin filemanager
2024-08-14 08:50:13,315 [INFO] PluginManage:359 - Loaded plugin filemanager (category:base,tabindex:10)
2024-08-14 08:50:13,315 [INFO] PluginManage:310 - Check plugin ipmanager
2024-08-14 08:50:13,337 [INFO] PluginManage:359 - Loaded plugin ipmanager (category:base,tabindex:5)
2024-08-14 08:50:13,337 [INFO] PluginManage:310 - Check plugin lpbam
2024-08-14 08:50:13,363 [INFO] PluginManage:359 - Loaded plugin lpbam (category:base,tabindex:0)
2024-08-14 08:50:13,364 [INFO] PluginManage:310 - Check plugin memorymap
2024-08-14 08:50:13,442 [INFO] PluginManage:359 - Loaded plugin memorymap (category:base,tabindex:4)
2024-08-14 08:50:13,445 [INFO] PluginManage:310 - Check plugin pinoutandconfiguration
2024-08-14 08:50:13,484 [INFO] PluginManage:359 - Loaded plugin pinoutandconfiguration (category:base,tabindex:1)
2024-08-14 08:50:13,484 [INFO] PluginManage:310 - Check plugin pinoutconfig
2024-08-14 08:50:13,665 [WARN] SupportedApi:132 - Cannot load RTOS API schema: s4s-elt-must-match.1: The content of 'definitions' must match (annotation?, (simpleType | complexType)?, (unique | key | keyref)*)). A problem was found starting at: attribute.
2024-08-14 08:50:13,870 [INFO] PluginManage:359 - Loaded plugin pinoutconfig (category:base,tabindex:0)
2024-08-14 08:50:13,870 [INFO] PluginManage:310 - Check plugin power
2024-08-14 08:50:13,882 [INFO] PluginManage:359 - Loaded plugin power (category:power,tabindex:4)
2024-08-14 08:50:13,882 [INFO] PluginManage:310 - Check plugin projectmanager
2024-08-14 08:50:13,901 [INFO] PluginManage:359 - Loaded plugin projectmanager (category:projectmanager,tabindex:4)
2024-08-14 08:50:13,901 [INFO] PluginManage:310 - Check plugin rif
2024-08-14 08:50:13,911 [INFO] PluginManage:359 - Loaded plugin rif (category:base,tabindex:3)
2024-08-14 08:50:13,912 [INFO] PluginManage:310 - Check plugin thirdparty
2024-08-14 08:50:14,094 [INFO] PluginManage:359 - Loaded plugin thirdparty (category:base,tabindex:-1)
2024-08-14 08:50:14,094 [INFO] PluginManage:310 - Check plugin tools
2024-08-14 08:50:14,094 [WARN] IntegrityCheckThread:84 - waiting for thirdparty lock release [integrity check]
2024-08-14 08:50:14,094 [INFO] IntegrityCheckThread:86 - entering critical section [integrity check]
2024-08-14 08:50:14,095 [INFO] ThirdPartyUpdaterWithRetryManager:70 - Updater plugin not ready yet. [1/15]
2024-08-14 08:50:14,096 [INFO] PluginManage:359 - Loaded plugin tools (category:base,tabindex:7)
2024-08-14 08:50:14,096 [INFO] PluginManage:310 - Check plugin tutovideos
2024-08-14 08:50:14,265 [INFO] PluginManage:359 - Loaded plugin tutovideos (category:base,tabindex:-1)
2024-08-14 08:50:14,265 [INFO] PluginManage:310 - Check plugin updater
2024-08-14 08:50:14,283 [INFO] PluginManage:359 - Loaded plugin updater (category:base,tabindex:12)
2024-08-14 08:50:14,283 [INFO] PluginManage:310 - Check plugin userauth
2024-08-14 08:50:14,291 [INFO] UserAuth:113 - Init User Auth plugin
2024-08-14 08:50:14,291 [INFO] PluginManage:359 - Loaded plugin userauth (category:base,tabindex:14)
2024-08-14 08:50:14,291 [INFO] PluginManage:283 - PluginManage : Loaded plugins [18]
2024-08-14 08:50:14,536 [INFO] PinOutPanel:1561 - setPackage(No Configuration,No Configuration)
2024-08-14 08:50:14,617 [INFO] CADModel:165 - CPN selected for project level
2024-08-14 08:50:14,618 [INFO] CADModel:114 - Register for checkConnection events
2024-08-14 08:50:14,639 [INFO] IPUIPlugin:80 - create IPUIPlugin
2024-08-14 08:50:14,639 [INFO] PluginManager:220 - loadIPPluginJar : add adc
2024-08-14 08:50:14,642 [INFO] IPUIPlugin:80 - create IPUIPlugin
2024-08-14 08:50:14,643 [INFO] PluginManager:220 - loadIPPluginJar : add aes
2024-08-14 08:50:14,645 [INFO] IPUIPlugin:80 - create IPUIPlugin
2024-08-14 08:50:14,645 [INFO] PluginManager:220 - loadIPPluginJar : add can
2024-08-14 08:50:14,646 [INFO] IPUIPlugin:80 - create IPUIPlugin
2024-08-14 08:50:14,646 [INFO] PluginManager:220 - loadIPPluginJar : add comp
2024-08-14 08:50:14,648 [INFO] IPUIPlugin:80 - create IPUIPlugin
2024-08-14 08:50:14,648 [INFO] PluginManager:220 - loadIPPluginJar : add cryp
2024-08-14 08:50:14,651 [INFO] IPUIPlugin:80 - create IPUIPlugin
2024-08-14 08:50:14,652 [INFO] PluginManager:220 - loadIPPluginJar : add ddr_ctrl_phy
2024-08-14 08:50:14,656 [INFO] IPUIPlugin:80 - create IPUIPlugin
2024-08-14 08:50:14,656 [INFO] PluginManager:220 - loadIPPluginJar : add dfsdm
2024-08-14 08:50:14,661 [INFO] IPUIPlugin:80 - create IPUIPlugin
2024-08-14 08:50:14,662 [INFO] PluginManager:220 - loadIPPluginJar : add dma
2024-08-14 08:50:14,664 [INFO] IPUIPlugin:80 - create IPUIPlugin
2024-08-14 08:50:14,664 [INFO] PluginManager:220 - loadIPPluginJar : add dma3
2024-08-14 08:50:14,666 [INFO] IPUIPlugin:80 - create IPUIPlugin
2024-08-14 08:50:14,667 [INFO] PluginManager:220 - loadIPPluginJar : add extmemmanager
2024-08-14 08:50:14,668 [INFO] IPUIPlugin:80 - create IPUIPlugin
2024-08-14 08:50:14,668 [INFO] PluginManager:220 - loadIPPluginJar : add fatfs
2024-08-14 08:50:14,675 [INFO] IPUIPlugin:80 - create IPUIPlugin
2024-08-14 08:50:14,675 [INFO] PluginManager:220 - loadIPPluginJar : add fmc
2024-08-14 08:50:14,681 [INFO] IPUIPlugin:80 - create IPUIPlugin
2024-08-14 08:50:14,682 [INFO] PluginManager:220 - loadIPPluginJar : add freertos
2024-08-14 08:50:14,683 [INFO] IPUIPlugin:80 - create IPUIPlugin
2024-08-14 08:50:14,683 [INFO] PluginManager:220 - loadIPPluginJar : add genericplugin
2024-08-14 08:50:14,684 [INFO] IPUIPlugin:80 - create IPUIPlugin
2024-08-14 08:50:14,684 [INFO] PluginManager:220 - loadIPPluginJar : add gfxmmu
2024-08-14 08:50:14,690 [INFO] IPUIPlugin:80 - create IPUIPlugin
2024-08-14 08:50:14,691 [INFO] PluginManager:220 - loadIPPluginJar : add gic
2024-08-14 08:50:14,696 [INFO] IPUIPlugin:80 - create IPUIPlugin
2024-08-14 08:50:14,696 [INFO] PluginManager:220 - loadIPPluginJar : add gpio
2024-08-14 08:50:14,699 [INFO] IPUIPlugin:80 - create IPUIPlugin
2024-08-14 08:50:14,699 [INFO] PluginManager:220 - loadIPPluginJar : add gtzc
2024-08-14 08:50:14,702 [INFO] IPUIPlugin:80 - create IPUIPlugin
2024-08-14 08:50:14,702 [INFO] PluginManager:220 - loadIPPluginJar : add hash
2024-08-14 08:50:14,707 [INFO] IPUIPlugin:80 - create IPUIPlugin
2024-08-14 08:50:14,707 [INFO] PluginManager:220 - loadIPPluginJar : add i2c
2024-08-14 08:50:14,709 [INFO] IPUIPlugin:80 - create IPUIPlugin
2024-08-14 08:50:14,709 [INFO] PluginManager:220 - loadIPPluginJar : add i2s
2024-08-14 08:50:14,711 [INFO] IPUIPlugin:80 - create IPUIPlugin
2024-08-14 08:50:14,712 [INFO] PluginManager:220 - loadIPPluginJar : add i3c
2024-08-14 08:50:14,715 [INFO] IPUIPlugin:80 - create IPUIPlugin
2024-08-14 08:50:14,715 [INFO] PluginManager:220 - loadIPPluginJar : add ipddr
2024-08-14 08:50:14,725 [INFO] IPUIPlugin:80 - create IPUIPlugin
2024-08-14 08:50:14,726 [INFO] PluginManager:220 - loadIPPluginJar : add linkedlist
2024-08-14 08:50:14,727 [INFO] IPUIPlugin:80 - create IPUIPlugin
2024-08-14 08:50:14,728 [INFO] PluginManager:220 - loadIPPluginJar : add lorawan
2024-08-14 08:50:14,728 [INFO] IPUIPlugin:80 - create IPUIPlugin
2024-08-14 08:50:14,728 [INFO] PluginManager:220 - loadIPPluginJar : add ltdc
2024-08-14 08:50:14,732 [INFO] IPUIPlugin:80 - create IPUIPlugin
2024-08-14 08:50:14,733 [INFO] PluginManager:220 - loadIPPluginJar : add mdma
2024-08-14 08:50:14,736 [INFO] IPUIPlugin:80 - create IPUIPlugin
2024-08-14 08:50:14,736 [INFO] PluginManager:220 - loadIPPluginJar : add nvic
2024-08-14 08:50:14,741 [INFO] IPUIPlugin:80 - create IPUIPlugin
2024-08-14 08:50:14,741 [INFO] PluginManager:220 - loadIPPluginJar : add opamp
2024-08-14 08:50:14,744 [INFO] IPUIPlugin:80 - create IPUIPlugin
2024-08-14 08:50:14,744 [INFO] PluginManager:220 - loadIPPluginJar : add openamp
2024-08-14 08:50:14,746 [INFO] IPUIPlugin:80 - create IPUIPlugin
2024-08-14 08:50:14,747 [INFO] PluginManager:220 - loadIPPluginJar : add pdm2pcm
2024-08-14 08:50:14,753 [INFO] IPUIPlugin:80 - create IPUIPlugin
2024-08-14 08:50:14,758 [INFO] PluginManager:220 - loadIPPluginJar : add plateformsettings
2024-08-14 08:50:14,759 [INFO] IPUIPlugin:80 - create IPUIPlugin
2024-08-14 08:50:14,759 [INFO] PluginManager:220 - loadIPPluginJar : add quadspi
2024-08-14 08:50:14,762 [INFO] IPUIPlugin:80 - create IPUIPlugin
2024-08-14 08:50:14,762 [INFO] PluginManager:220 - loadIPPluginJar : add radio
2024-08-14 08:50:14,766 [INFO] IPUIPlugin:80 - create IPUIPlugin
2024-08-14 08:50:14,766 [INFO] PluginManager:220 - loadIPPluginJar : add resmgrutility
2024-08-14 08:50:14,770 [INFO] IPUIPlugin:80 - create IPUIPlugin
2024-08-14 08:50:14,770 [INFO] PluginManager:220 - loadIPPluginJar : add sai
2024-08-14 08:50:14,774 [INFO] IPUIPlugin:80 - create IPUIPlugin
2024-08-14 08:50:14,775 [INFO] PluginManager:220 - loadIPPluginJar : add spi
2024-08-14 08:50:14,781 [INFO] IPUIPlugin:80 - create IPUIPlugin
2024-08-14 08:50:14,781 [INFO] PluginManager:220 - loadIPPluginJar : add stm32_wpan
2024-08-14 08:50:14,783 [INFO] IPUIPlugin:80 - create IPUIPlugin
2024-08-14 08:50:14,783 [INFO] PluginManager:220 - loadIPPluginJar : add tim
2024-08-14 08:50:14,786 [INFO] IPUIPlugin:80 - create IPUIPlugin
2024-08-14 08:50:14,786 [INFO] PluginManager:220 - loadIPPluginJar : add touchsensing
2024-08-14 08:50:14,790 [INFO] IPUIPlugin:80 - create IPUIPlugin
2024-08-14 08:50:14,790 [INFO] PluginManager:220 - loadIPPluginJar : add tracer_emb
2024-08-14 08:50:14,792 [INFO] IPUIPlugin:80 - create IPUIPlugin
2024-08-14 08:50:14,792 [INFO] PluginManager:220 - loadIPPluginJar : add ts
2024-08-14 08:50:14,794 [INFO] IPUIPlugin:80 - create IPUIPlugin
2024-08-14 08:50:14,794 [INFO] PluginManager:220 - loadIPPluginJar : add tsc
2024-08-14 08:50:14,797 [INFO] IPUIPlugin:80 - create IPUIPlugin
2024-08-14 08:50:14,797 [INFO] PluginManager:220 - loadIPPluginJar : add ucpd
2024-08-14 08:50:14,799 [INFO] IPUIPlugin:80 - create IPUIPlugin
2024-08-14 08:50:14,799 [INFO] PluginManager:220 - loadIPPluginJar : add usart
2024-08-14 08:50:14,803 [INFO] IPUIPlugin:80 - create IPUIPlugin
2024-08-14 08:50:14,804 [INFO] PluginManager:220 - loadIPPluginJar : add usbx
2024-08-14 08:50:14,935 [INFO] CADModel:165 - CPN selected for project level
2024-08-14 08:50:14,935 [INFO] CADModel:114 - Register for checkConnection events
2024-08-14 08:50:14,935 [FATAL] Updater:334 - Updater called before beeing initialized
2024-08-14 08:50:14,935 [ERROR] CADModel:125 - Updater not yet initialized, retry later 
2024-08-14 08:50:15,081 [INFO] CADModel:165 - CPN selected for project level
2024-08-14 08:50:15,081 [INFO] CADModel:114 - Register for checkConnection events
2024-08-14 08:50:15,081 [FATAL] Updater:334 - Updater called before beeing initialized
2024-08-14 08:50:15,081 [ERROR] CADModel:125 - Updater not yet initialized, retry later 
2024-08-14 08:50:15,084 [FATAL] Updater:334 - Updater called before beeing initialized
2024-08-14 08:50:15,189 [FATAL] Updater:334 - Updater called before beeing initialized
2024-08-14 08:50:15,198 [INFO] DbMcusAds:53 - JSON generation date=Thu May 16 16:22:00 ICT 2024 (1715851320667)
2024-08-14 08:50:15,198 [FATAL] Updater:334 - Updater called before beeing initialized
2024-08-14 08:50:15,233 [WARN] DetailPanel:346 - Failed to get advertising image, set to default
2024-08-14 08:50:15,309 [FATAL] Updater:334 - Updater called before beeing initialized
2024-08-14 08:50:15,312 [FATAL] Updater:334 - Updater called before beeing initialized
2024-08-14 08:50:15,312 [FATAL] Updater:334 - Updater called before beeing initialized
2024-08-14 08:50:15,312 [WARN] DetailPanel:346 - Failed to get advertising image, set to default
2024-08-14 08:50:15,313 [FATAL] Updater:334 - Updater called before beeing initialized
2024-08-14 08:50:15,362 [ERROR] Updater:1164 - MainUpdater not yet initialized. External WinMGr cannot be set.
2024-08-14 08:50:15,363 [INFO] Updater:1100 - Updater Version found : 6.12.0
2024-08-14 08:50:15,384 [INFO] ApplicationProperties:184 - Using Application install path: C:\ST\STM32CubeIDE_1.16.0\STM32CubeIDE\plugins\com.st.stm32cube.common.mx_6.12.0.202406281431
2024-08-14 08:50:15,778 [INFO] MainUpdater:2873 - connection check result : 10
2024-08-14 08:50:15,779 [INFO] MainUpdater:290 - Updater Check For Update Now.
2024-08-14 08:50:15,779 [INFO] MicroXplorer:498 - Change Database Version : DB.6.0.120
2024-08-14 08:50:15,785 [INFO] McuFinderGlobals:63 - Set McuFinder mode to 2 (CubeIDE integrated)
2024-08-14 08:50:15,786 [INFO] UserAuth:417 - Internet connection configuration mode: 1
2024-08-14 08:50:15,812 [INFO] JxBrowserEngine:152 - Initiate JxBrowser Engine with user profile folder
2024-08-14 08:50:16,047 [INFO] CheckServerUpdateThread:120 - End of CheckServer Thread
2024-08-14 08:50:16,585 [INFO] WebApp:167 - Instantiating new browser for Auth
2024-08-14 08:50:17,349 [WARN] PackLoader:240 - Cannot read IP mode file for STMicroelectronics.FP-SNS-MOTENVWB1.1.4.0
2024-08-14 08:50:17,409 [WARN] PackLoader:240 - Cannot read IP mode file for STMicroelectronics.X-CUBE-SMBUS.2.1.0
2024-08-14 08:50:17,543 [WARN] PackLoader:240 - Cannot read IP mode file for STMicroelectronics.X-CUBE-AZRTOS-F7.1.1.0
2024-08-14 08:50:17,558 [WARN] PackLoader:240 - Cannot read IP mode file for STMicroelectronics.FP-SNS-FLIGHT1.5.0.2
2024-08-14 08:50:17,568 [WARN] PackLoader:240 - Cannot read IP mode file for STMicroelectronics.X-CUBE-DISPLAY.3.0.0
2024-08-14 08:50:17,644 [WARN] PackLoader:240 - Cannot read IP mode file for STMicroelectronics.X-CUBE-BLE1.7.0.0
2024-08-14 08:50:17,660 [WARN] PackLoader:240 - Cannot read IP mode file for emotas.I-CUBE-CANOPEN.1.3.0
2024-08-14 08:50:17,681 [WARN] PackLoader:240 - Cannot read IP mode file for STMicroelectronics.X-CUBE-BLEMGR.3.1.0
2024-08-14 08:50:17,697 [WARN] PackLoader:240 - Cannot read IP mode file for STMicroelectronics.FP-SNS-SMARTAG2.1.2.0
2024-08-14 08:50:17,723 [INFO] LogOutputStream:77 - [STDOUT_REDIRECT] 1 : Invalid condition id : UX_CORESTACK_Condition cause : null
2024-08-14 08:50:17,725 [INFO] LogOutputStream:77 - [STDOUT_REDIRECT] 1 : Invalid condition id : UX_CORESTACK_Condition cause : null
2024-08-14 08:50:17,726 [INFO] LogOutputStream:77 - [STDOUT_REDIRECT] 1 : Invalid condition id : UX_CORESTACK_Condition cause : null
2024-08-14 08:50:17,728 [INFO] LogOutputStream:77 - [STDOUT_REDIRECT] 1 : Invalid condition id : UX_CORESTACK_Condition cause : null
2024-08-14 08:50:17,730 [INFO] LogOutputStream:77 - [STDOUT_REDIRECT] 1 : Invalid condition id : UX_CORESTACK_Condition cause : null
2024-08-14 08:50:17,748 [WARN] PackLoader:240 - Cannot read IP mode file for STMicroelectronics.X-CUBE-AZRTOS-WL.2.0.0
2024-08-14 08:50:17,763 [WARN] PackLoader:240 - Cannot read IP mode file for STMicroelectronics.FP-SNS-MOTENV1.5.0.0
2024-08-14 08:50:17,796 [WARN] PackLoader:240 - Cannot read IP mode file for wolfSSL.I-CUBE-wolfMQTT.1.19.0
2024-08-14 08:50:17,803 [INFO] WebApp:448 - Apply proxy settings
2024-08-14 08:50:17,806 [INFO] WebApp:533 - Chromium requires no authentication
2024-08-14 08:50:17,809 [WARN] PackLoader:240 - Cannot read IP mode file for WES.I-CUBE-Cesium.1.3.0
2024-08-14 08:50:17,814 [WARN] PackLoader:240 - Cannot read IP mode file for STMicroelectronics.X-CUBE-BLE2.3.3.0
2024-08-14 08:50:17,820 [INFO] WebApp:476 - Direct internet connection detected
2024-08-14 08:50:17,825 [WARN] PackLoader:240 - Cannot read IP mode file for STMicroelectronics.X-CUBE-TCPP.4.1.0
2024-08-14 08:50:17,862 [WARN] PackLoader:240 - Cannot read IP mode file for STMicroelectronics.X-CUBE-AZRTOS-G0.1.1.0
2024-08-14 08:50:17,876 [WARN] PackLoader:240 - Cannot read IP mode file for STMicroelectronics.X-CUBE-SAFEA1.1.2.2
2024-08-14 08:50:17,883 [WARN] PackLoader:240 - Cannot read IP mode file for STMicroelectronics.X-CUBE-NFC4.3.0.0
2024-08-14 08:50:17,895 [INFO] WebApp:869 - Register for checkConnection events
2024-08-14 08:50:17,895 [INFO] WebApp:448 - Apply proxy settings
2024-08-14 08:50:17,895 [INFO] WebApp:533 - Chromium requires no authentication
2024-08-14 08:50:17,897 [INFO] WebApp:476 - Direct internet connection detected
2024-08-14 08:50:17,919 [WARN] PackLoader:240 - Cannot read IP mode file for EmbeddedOffice.I-CUBE-FS-RTOS.1.0.1
2024-08-14 08:50:17,919 [ERROR] ConditionMgr:805 - Attr not supported : Dmpu
2024-08-14 08:50:17,920 [ERROR] ConditionMgr:805 - Attr not supported : Dmpu
2024-08-14 08:50:17,920 [ERROR] ConditionMgr:805 - Attr not supported : Dmpu
2024-08-14 08:50:17,926 [ERROR] ConditionMgr:805 - Attr not supported : Dmpu
2024-08-14 08:50:17,926 [ERROR] ConditionMgr:805 - Attr not supported : Dmpu
2024-08-14 08:50:17,926 [ERROR] ConditionMgr:805 - Attr not supported : Dmpu
2024-08-14 08:50:17,926 [ERROR] ConditionMgr:805 - Attr not supported : Dmpu
2024-08-14 08:50:17,926 [ERROR] ConditionMgr:805 - Attr not supported : Dmpu
2024-08-14 08:50:17,927 [ERROR] ConditionMgr:805 - Attr not supported : Dmpu
2024-08-14 08:50:17,927 [ERROR] ConditionMgr:805 - Attr not supported : Dmpu
2024-08-14 08:50:17,927 [ERROR] ConditionMgr:805 - Attr not supported : Dmpu
2024-08-14 08:50:17,927 [ERROR] ConditionMgr:805 - Attr not supported : Dmpu
2024-08-14 08:50:17,927 [ERROR] ConditionMgr:805 - Attr not supported : Dmpu
2024-08-14 08:50:17,927 [ERROR] ConditionMgr:805 - Attr not supported : Dmpu
2024-08-14 08:50:17,927 [ERROR] ConditionMgr:805 - Attr not supported : Dmpu
2024-08-14 08:50:17,927 [ERROR] ConditionMgr:805 - Attr not supported : Dmpu
2024-08-14 08:50:17,927 [ERROR] ConditionMgr:805 - Attr not supported : Dmpu
2024-08-14 08:50:17,927 [ERROR] ConditionMgr:805 - Attr not supported : Dmpu
2024-08-14 08:50:17,928 [ERROR] ConditionMgr:805 - Attr not supported : Dmpu
2024-08-14 08:50:17,928 [ERROR] ConditionMgr:805 - Attr not supported : Dmpu
2024-08-14 08:50:17,928 [ERROR] ConditionMgr:805 - Attr not supported : Dmpu
2024-08-14 08:50:17,928 [ERROR] ConditionMgr:805 - Attr not supported : Dmpu
2024-08-14 08:50:17,928 [ERROR] ConditionMgr:805 - Attr not supported : Dmpu
2024-08-14 08:50:17,928 [ERROR] ConditionMgr:805 - Attr not supported : Dmpu
2024-08-14 08:50:17,928 [ERROR] ConditionMgr:805 - Attr not supported : Dmpu
2024-08-14 08:50:17,928 [ERROR] ConditionMgr:805 - Attr not supported : Dmpu
2024-08-14 08:50:17,928 [ERROR] ConditionMgr:805 - Attr not supported : Dmpu
2024-08-14 08:50:17,928 [ERROR] ConditionMgr:805 - Attr not supported : Dmpu
2024-08-14 08:50:17,928 [ERROR] ConditionMgr:805 - Attr not supported : Dmpu
2024-08-14 08:50:17,928 [ERROR] ConditionMgr:805 - Attr not supported : Dmpu
2024-08-14 08:50:17,928 [ERROR] ConditionMgr:805 - Attr not supported : Dmpu
2024-08-14 08:50:17,928 [ERROR] ConditionMgr:805 - Attr not supported : Dmpu
2024-08-14 08:50:17,928 [ERROR] ConditionMgr:805 - Attr not supported : Dmpu
2024-08-14 08:50:17,928 [ERROR] ConditionMgr:805 - Attr not supported : Dmpu
2024-08-14 08:50:17,929 [ERROR] ConditionMgr:805 - Attr not supported : Dmpu
2024-08-14 08:50:17,929 [ERROR] ConditionMgr:805 - Attr not supported : Dmpu
2024-08-14 08:50:17,929 [ERROR] ConditionMgr:805 - Attr not supported : Dmpu
2024-08-14 08:50:17,929 [ERROR] ConditionMgr:805 - Attr not supported : Dmpu
2024-08-14 08:50:17,929 [ERROR] ConditionMgr:805 - Attr not supported : Dmpu
2024-08-14 08:50:17,929 [ERROR] ConditionMgr:805 - Attr not supported : Dmpu
2024-08-14 08:50:17,929 [ERROR] ConditionMgr:805 - Attr not supported : Dmpu
2024-08-14 08:50:17,929 [ERROR] ConditionMgr:805 - Attr not supported : Dmpu
2024-08-14 08:50:17,929 [ERROR] ConditionMgr:805 - Attr not supported : Dmpu
2024-08-14 08:50:17,929 [ERROR] ConditionMgr:805 - Attr not supported : Dmpu
2024-08-14 08:50:17,929 [ERROR] ConditionMgr:805 - Attr not supported : Dmpu
2024-08-14 08:50:17,929 [ERROR] ConditionMgr:805 - Attr not supported : Dmpu
2024-08-14 08:50:17,929 [ERROR] ConditionMgr:805 - Attr not supported : Dmpu
2024-08-14 08:50:17,929 [ERROR] ConditionMgr:805 - Attr not supported : Dmpu
2024-08-14 08:50:17,929 [ERROR] ConditionMgr:805 - Attr not supported : Dmpu
2024-08-14 08:50:17,929 [ERROR] ConditionMgr:805 - Attr not supported : Dmpu
2024-08-14 08:50:17,929 [ERROR] ConditionMgr:805 - Attr not supported : Dmpu
2024-08-14 08:50:17,929 [ERROR] ConditionMgr:805 - Attr not supported : Dmpu
2024-08-14 08:50:17,929 [ERROR] ConditionMgr:805 - Attr not supported : Dmpu
2024-08-14 08:50:17,929 [ERROR] ConditionMgr:805 - Attr not supported : Dmpu
2024-08-14 08:50:17,929 [ERROR] ConditionMgr:805 - Attr not supported : Dmpu
2024-08-14 08:50:17,929 [ERROR] ConditionMgr:805 - Attr not supported : Dmpu
2024-08-14 08:50:17,930 [ERROR] ConditionMgr:805 - Attr not supported : Dmpu
2024-08-14 08:50:17,930 [ERROR] ConditionMgr:805 - Attr not supported : Dmpu
2024-08-14 08:50:17,930 [ERROR] ConditionMgr:805 - Attr not supported : Dmpu
2024-08-14 08:50:17,930 [ERROR] ConditionMgr:805 - Attr not supported : Dmpu
2024-08-14 08:50:17,931 [ERROR] ConditionMgr:805 - Attr not supported : Dmpu
2024-08-14 08:50:17,931 [ERROR] ConditionMgr:805 - Attr not supported : Dmpu
2024-08-14 08:50:17,931 [ERROR] ConditionMgr:805 - Attr not supported : Dmpu
2024-08-14 08:50:17,931 [ERROR] ConditionMgr:805 - Attr not supported : Dmpu
2024-08-14 08:50:17,936 [WARN] PackLoader:240 - Cannot read IP mode file for RealThread.X-CUBE-RT-Thread_Nano.4.1.1
2024-08-14 08:50:17,945 [WARN] PackLoader:240 - Cannot read IP mode file for wolfSSL.I-CUBE-wolfSSL.5.7.0
2024-08-14 08:50:17,949 [WARN] PackLoader:240 - Cannot read IP mode file for STMicroelectronics.FP-ATR-SIGFOX1.3.2.0
2024-08-14 08:50:17,960 [WARN] PackLoader:240 - Cannot read IP mode file for STMicroelectronics.X-CUBE-EEPRMA1.5.1.0
2024-08-14 08:50:17,980 [WARN] PackLoader:240 - Cannot read IP mode file for ITTIA_DB.I-CUBE-ITTIADB.8.9.0
2024-08-14 08:50:18,032 [WARN] PackLoader:240 - Cannot read IP mode file for SEGGER.I-CUBE-embOS.1.3.1
2024-08-14 08:50:18,161 [WARN] PackLoader:240 - Cannot read IP mode file for STMicroelectronics.X-CUBE-ALGOBUILD.1.4.0
2024-08-14 08:50:18,187 [WARN] PackLoader:240 - Cannot read IP mode file for STMicroelectronics.X-CUBE-GNSS1.6.0.0
2024-08-14 08:50:18,285 [WARN] PackLoader:240 - Cannot read IP mode file for STMicroelectronics.X-CUBE-AZRTOS-F4.1.1.0
2024-08-14 08:50:18,360 [WARN] PackLoader:240 - Cannot read IP mode file for STMicroelectronics.X-CUBE-FREERTOS.1.2.0
2024-08-14 08:50:18,385 [WARN] PackLoader:240 - Cannot read IP mode file for STMicroelectronics.X-CUBE-AZRTOS-L5.2.0.0
2024-08-14 08:50:18,483 [WARN] PackLoader:240 - Cannot read IP mode file for STMicroelectronics.X-CUBE-NFC6.3.1.0
2024-08-14 08:50:18,494 [WARN] PackLoader:240 - Cannot read IP mode file for STMicroelectronics.X-CUBE-DPower.1.2.0
2024-08-14 08:50:18,501 [WARN] PackLoader:240 - Cannot read IP mode file for STMicroelectronics.X-CUBE-AI.9.0.0
2024-08-14 08:50:18,515 [WARN] PackLoader:240 - Cannot read IP mode file for STMicroelectronics.X-CUBE-NFC7.1.0.1
2024-08-14 08:50:18,526 [WARN] PackLoader:240 - Cannot read IP mode file for wolfSSL.I-CUBE-wolfTPM.3.2.0
2024-08-14 08:50:18,596 [WARN] ConditionMgr:438 - getConditionDescription Invalid condition id : LAN8742 Phy interface Condition cause : null
2024-08-14 08:50:18,597 [WARN] PackLoader:240 - Cannot read IP mode file for STMicroelectronics.X-CUBE-AZRTOS-L4.2.0.0
2024-08-14 08:50:18,598 [WARN] ConditionMgr:1039 - genDependencies : Invalid condition id : LAN8742 Phy interface Condition cause : null
2024-08-14 08:50:18,598 [WARN] ConditionMgr:1039 - genDependencies : Invalid condition id : LAN8742 Phy interface Condition cause : null
2024-08-14 08:50:18,599 [WARN] ConditionMgr:1039 - genDependencies : Invalid condition id : LAN8742 Phy interface Condition cause : null
2024-08-14 08:50:18,611 [WARN] PackLoader:240 - Cannot read IP mode file for STMicroelectronics.X-CUBE-SFXS2LP1.4.0.0
2024-08-14 08:50:18,675 [INFO] WebApp:186 - Connection restablished
2024-08-14 08:50:18,682 [WARN] PackLoader:240 - Cannot read IP mode file for STMicroelectronics.X-CUBE-AZRTOS-H7.3.3.0
2024-08-14 08:50:18,733 [WARN] ConditionMgr:438 - getConditionDescription Invalid condition id : UX DEVICE CLASS RTOS Condition cause : null
2024-08-14 08:50:18,734 [WARN] ConditionMgr:438 - getConditionDescription Invalid condition id : UX DEVICE CLASS RTOS Condition cause : null
2024-08-14 08:50:18,736 [WARN] PackLoader:240 - Cannot read IP mode file for STMicroelectronics.X-CUBE-AZRTOS-WB.2.0.0
2024-08-14 08:50:18,754 [WARN] ConditionMgr:1039 - genDependencies : Invalid condition id : UX DEVICE CLASS RTOS Condition cause : null
2024-08-14 08:50:18,754 [WARN] ConditionMgr:1039 - genDependencies : Invalid condition id : UX DEVICE CLASS RTOS Condition cause : null
2024-08-14 08:50:18,758 [WARN] ConditionMgr:1039 - genDependencies : Invalid condition id : UX DEVICE CLASS RTOS Condition cause : null
2024-08-14 08:50:18,758 [WARN] ConditionMgr:1039 - genDependencies : Invalid condition id : UX DEVICE CLASS RTOS Condition cause : null
2024-08-14 08:50:18,758 [WARN] ConditionMgr:1039 - genDependencies : Invalid condition id : UX DEVICE CLASS RTOS Condition cause : null
2024-08-14 08:50:18,770 [WARN] PackLoader:240 - Cannot read IP mode file for STMicroelectronics.FP-SNS-STBOX1.2.0.0
2024-08-14 08:50:18,874 [WARN] PackLoader:240 - Cannot read IP mode file for STMicroelectronics.X-CUBE-SUBG2.5.0.0
2024-08-14 08:50:18,883 [WARN] PackLoader:240 - Cannot read IP mode file for Cesanta.I-CUBE-Mongoose.7.13.0
2024-08-14 08:50:18,979 [WARN] PackLoader:240 - Cannot read IP mode file for STMicroelectronics.X-CUBE-AZRTOS-G4.2.0.0
2024-08-14 08:50:19,021 [WARN] PackLoader:240 - Cannot read IP mode file for STMicroelectronics.X-CUBE-ISPU.2.0.0
2024-08-14 08:50:19,032 [WARN] PackLoader:240 - Cannot read IP mode file for STMicroelectronics.X-CUBE-ALS.1.0.2
2024-08-14 08:50:19,062 [INFO] WebApp:220 - Starting web application
2024-08-14 08:50:19,062 [INFO] WebApp:578 - Web application path used C:\ST\STM32CubeIDE_1.16.0\STM32CubeIDE\plugins\com.st.stm32cube.common.mx_6.12.0.202406281431\db\plugins\mcufinder\reactClient1\index.html
2024-08-14 08:50:19,127 [WARN] PackLoader:240 - Cannot read IP mode file for STMicroelectronics.X-CUBE-MEMS1.10.0.0
2024-08-14 08:50:19,486 [WARN] PackLoader:240 - Cannot read IP mode file for STMicroelectronics.X-CUBE-TOUCHGFX.4.24.0
2024-08-14 08:50:19,686 [WARN] PackLoader:240 - Cannot read IP mode file for portGmbH.I-Cube-SoM-uGOAL.1.1.0
2024-08-14 08:50:19,774 [WARN] PackLoader:240 - Cannot read IP mode file for STMicroelectronics.X-CUBE-AZRTOS-H7RS.1.0.0
2024-08-14 08:50:19,802 [WARN] PackLoader:240 - Cannot read IP mode file for STMicroelectronics.FP-ATR-ASTRA1.2.0.0
2024-08-14 08:50:19,858 [WARN] PackLoader:240 - Cannot read IP mode file for STMicroelectronics.X-CUBE-TOF1.3.4.2
2024-08-14 08:50:19,879 [WARN] PackLoader:240 - Cannot read IP mode file for STMicroelectronics.X-CUBE-TOF1.3.4.1
2024-08-14 08:50:20,003 [WARN] PackLoader:240 - Cannot read IP mode file for STMicroelectronics.X-CUBE-AZRTOS-H7.3.2.0
2024-08-14 08:50:20,099 [WARN] PackLoader:240 - Cannot read IP mode file for Infineon.AIROC-Wi-Fi-Bluetooth-STM32.1.6.0
2024-08-14 08:50:20,118 [WARN] PackLoader:240 - Cannot read IP mode file for wolfSSL.I-CUBE-wolfSSH.1.4.17
2024-08-14 08:50:20,118 [INFO] ThirdParty:978 - Integrity check success = true
2024-08-14 08:50:20,118 [INFO] IntegrityCheckThread:100 - exiting critical section [integrity check]
2024-08-14 08:50:20,118 [INFO] IntegrityCheckThread:103 - End integrity checks thread
2024-08-14 08:50:21,007 [INFO] UserAuth:417 - Internet connection configuration mode: 1
2024-08-14 12:00:51,924 [INFO] Activator:176 - 


2024-08-14 12:00:51,927 [INFO] Activator:177 - !SESSION log4j initialized
2024-08-14 12:00:57,326 [INFO] LogOutputStream:77 - [STDOUT_REDIRECT] 
2024-08-14 12:00:58,131 [INFO] ApplicationProperties:184 - Using Application install path: C:\ST\STM32CubeIDE_1.16.0\STM32CubeIDE\plugins\com.st.stm32cube.common.mx_6.12.0.202406281431
2024-08-14 12:00:58,149 [INFO] DbMcusXml:78 - Set database path to: C:\ST\STM32CubeIDE_1.16.0\STM32CubeIDE\plugins\com.st.stm32cube.common.mx_6.12.0.202406281431\\db\/mcu/
2024-08-14 12:00:58,151 [INFO] ApiDb:274 - Set plugin database path to: C:\ST\STM32CubeIDE_1.16.0\STM32CubeIDE\plugins\com.st.stm32cube.common.mx_6.12.0.202406281431\\db\/plugins/boardmanager/
2024-08-14 12:00:58,151 [WARN] ApiDb:259 - Overriding images path with different value:  => C:\ST\STM32CubeIDE_1.16.0\STM32CubeIDE\plugins\com.st.stm32cube.common.mx_6.12.0.202406281431\\db\/plugins/mcufinder/images/
2024-08-14 12:00:58,159 [INFO] ApiDb:250 - Set database path to: C:\Users\user\.stmcufinder\plugins\mcufinder//mcu/
2024-08-14 12:00:58,160 [INFO] DbMcusAds:125 - Set database path to: C:\Users\user\.stmcufinder\plugins\mcufinder//mcu/
2024-08-14 12:00:58,162 [INFO] CrossReferenceDbSqlite:203 - Set database path to: C:\Users\user\.stmcufinder\plugins\mcufinder//mcu/cs/
2024-08-14 12:00:58,277 [INFO] RulesReader:64 - Compatibility file has been processed (297 Rules)
2024-08-14 12:00:58,344 [INFO] DbMcusXml:78 - Set database path to: C:\ST\STM32CubeIDE_1.16.0\STM32CubeIDE\plugins\com.st.stm32cube.common.mx_6.12.0.202406281431\\db\/mcu/
2024-08-14 12:00:58,345 [INFO] ApiDb:274 - Set plugin database path to: C:\ST\STM32CubeIDE_1.16.0\STM32CubeIDE\plugins\com.st.stm32cube.common.mx_6.12.0.202406281431\\db\/plugins/boardmanager/
2024-08-14 12:00:58,345 [INFO] ApiDb:261 - Set plugin images path to: C:\ST\STM32CubeIDE_1.16.0\STM32CubeIDE\plugins\com.st.stm32cube.common.mx_6.12.0.202406281431\\db\/plugins/mcufinder/images/
2024-08-14 12:00:58,345 [WARN] DbFile:41 - Overriding database path with different value: C:\Users\user\.stmcufinder\plugins\mcufinder/ => C:\Users\user\.stmcufinder\plugins\mcufinder
2024-08-14 12:00:58,345 [INFO] ApiDb:250 - Set database path to: C:\Users\user\.stmcufinder\plugins\mcufinder//mcu/
2024-08-14 12:00:58,345 [WARN] DbFile:41 - Overriding database path with different value: C:\Users\user\.stmcufinder\plugins\mcufinder/ => C:\Users\user\.stmcufinder\plugins\mcufinder
2024-08-14 12:00:58,345 [INFO] DbMcusAds:125 - Set database path to: C:\Users\user\.stmcufinder\plugins\mcufinder//mcu/
2024-08-14 12:00:58,345 [WARN] DbFile:41 - Overriding database path with different value: C:\Users\user\.stmcufinder\plugins\mcufinder/ => C:\Users\user\.stmcufinder\plugins\mcufinder
2024-08-14 12:00:58,345 [WARN] DbFile:41 - Overriding database path with different value: C:\Users\user\.stmcufinder\plugins\mcufinder/ => C:\Users\user\.stmcufinder\plugins\mcufinder
2024-08-14 12:00:58,345 [INFO] CrossReferenceDbSqlite:203 - Set database path to: C:\Users\user\.stmcufinder\plugins\mcufinder//mcu/cs/
2024-08-14 12:00:58,423 [INFO] MainPanel:268 - HeapMemory: 268435456
2024-08-14 12:00:58,519 [INFO] DbMcusXml:78 - Set database path to: C:\ST\STM32CubeIDE_1.16.0\STM32CubeIDE\plugins\com.st.stm32cube.common.mx_6.12.0.202406281431\\db\/mcu/
2024-08-14 12:00:58,519 [INFO] ApiDb:274 - Set plugin database path to: C:\ST\STM32CubeIDE_1.16.0\STM32CubeIDE\plugins\com.st.stm32cube.common.mx_6.12.0.202406281431\\db\/plugins/boardmanager/
2024-08-14 12:00:58,519 [INFO] ApiDb:261 - Set plugin images path to: C:\ST\STM32CubeIDE_1.16.0\STM32CubeIDE\plugins\com.st.stm32cube.common.mx_6.12.0.202406281431\\db\/plugins/mcufinder/images/
2024-08-14 12:00:58,521 [WARN] DbFile:41 - Overriding database path with different value: C:\Users\user\.stmcufinder\plugins\mcufinder/ => C:\Users\user\.stmcufinder\plugins\mcufinder
2024-08-14 12:00:58,521 [INFO] ApiDb:250 - Set database path to: C:\Users\user\.stmcufinder\plugins\mcufinder//mcu/
2024-08-14 12:00:58,521 [WARN] DbFile:41 - Overriding database path with different value: C:\Users\user\.stmcufinder\plugins\mcufinder/ => C:\Users\user\.stmcufinder\plugins\mcufinder
2024-08-14 12:00:58,521 [INFO] DbMcusAds:125 - Set database path to: C:\Users\user\.stmcufinder\plugins\mcufinder//mcu/
2024-08-14 12:00:58,521 [WARN] DbFile:41 - Overriding database path with different value: C:\Users\user\.stmcufinder\plugins\mcufinder/ => C:\Users\user\.stmcufinder\plugins\mcufinder
2024-08-14 12:00:58,521 [WARN] DbFile:41 - Overriding database path with different value: C:\Users\user\.stmcufinder\plugins\mcufinder/ => C:\Users\user\.stmcufinder\plugins\mcufinder
2024-08-14 12:00:58,521 [INFO] CrossReferenceDbSqlite:203 - Set database path to: C:\Users\user\.stmcufinder\plugins\mcufinder//mcu/cs/
2024-08-14 12:00:58,536 [INFO] ApplicationProperties:184 - Using Application install path: C:\ST\STM32CubeIDE_1.16.0\STM32CubeIDE\plugins\com.st.stm32cube.common.mx_6.12.0.202406281431
2024-08-14 12:00:58,537 [INFO] PluginManage:196 - Search for loadable plugins [exclusion list=, ]
2024-08-14 12:00:58,538 [INFO] PluginManage:310 - Check plugin analytics
2024-08-14 12:00:58,741 [INFO] AnalyticsPlugin:253 - Accepted Software Licenses: STM32CubeMX.6.10.0,STM32CubeMX.6.11.0,STM32CubeMX.6.11.1,STM32CubeMX.6.12.0
2024-08-14 12:00:58,742 [INFO] AnalyticsPlugin:255 - Accepted CMSIS Pack Licenses: STMicroelectronics.X-CUBE-TOUCHGFX.4.23.2,STMicroelectronics.X-CUBE-TOF1.3.4.1,STMicroelectronics.X-CUBE-TOUCHGFX.4.24.0
2024-08-14 12:00:58,743 [INFO] AnalyticsPlugin:257 - Accepted Firmware Licenses: FW.G0.1.6.0,FW.H7.1.11.0,FW.C0.1.1.0
2024-08-14 12:00:58,747 [INFO] PluginManage:359 - Loaded plugin analytics (category:tool,tabindex:-1)
2024-08-14 12:00:58,748 [INFO] PluginManage:310 - Check plugin cadmodel
2024-08-14 12:00:58,757 [INFO] CADModel:105 - Init CAD model plugin
2024-08-14 12:00:58,757 [INFO] PluginManage:359 - Loaded plugin cadmodel (category:power,tabindex:5)
2024-08-14 12:00:58,757 [INFO] PluginManage:310 - Check plugin clock
2024-08-14 12:00:58,769 [INFO] PluginManage:359 - Loaded plugin clock (category:base,tabindex:2)
2024-08-14 12:00:58,769 [INFO] PluginManage:310 - Check plugin ddr
2024-08-14 12:00:58,772 [INFO] PluginManage:359 - Loaded plugin ddr (category:tool,tabindex:6)
2024-08-14 12:00:58,772 [INFO] PluginManage:310 - Check plugin filemanager
2024-08-14 12:00:58,937 [INFO] PluginManage:359 - Loaded plugin filemanager (category:base,tabindex:10)
2024-08-14 12:00:58,938 [INFO] PluginManage:310 - Check plugin ipmanager
2024-08-14 12:00:58,984 [INFO] PluginManage:359 - Loaded plugin ipmanager (category:base,tabindex:5)
2024-08-14 12:00:58,984 [INFO] PluginManage:310 - Check plugin lpbam
2024-08-14 12:00:58,996 [INFO] PluginManage:359 - Loaded plugin lpbam (category:base,tabindex:0)
2024-08-14 12:00:58,996 [INFO] PluginManage:310 - Check plugin memorymap
2024-08-14 12:00:59,013 [INFO] PluginManage:359 - Loaded plugin memorymap (category:base,tabindex:4)
2024-08-14 12:00:59,013 [INFO] PluginManage:310 - Check plugin pinoutandconfiguration
2024-08-14 12:00:59,020 [INFO] PluginManage:359 - Loaded plugin pinoutandconfiguration (category:base,tabindex:1)
2024-08-14 12:00:59,020 [INFO] PluginManage:310 - Check plugin pinoutconfig
2024-08-14 12:00:59,127 [WARN] SupportedApi:132 - Cannot load RTOS API schema: s4s-elt-must-match.1: The content of 'definitions' must match (annotation?, (simpleType | complexType)?, (unique | key | keyref)*)). A problem was found starting at: attribute.
2024-08-14 12:00:59,248 [INFO] PluginManage:359 - Loaded plugin pinoutconfig (category:base,tabindex:0)
2024-08-14 12:00:59,248 [INFO] PluginManage:310 - Check plugin power
2024-08-14 12:00:59,255 [INFO] PluginManage:359 - Loaded plugin power (category:power,tabindex:4)
2024-08-14 12:00:59,255 [INFO] PluginManage:310 - Check plugin projectmanager
2024-08-14 12:00:59,269 [INFO] PluginManage:359 - Loaded plugin projectmanager (category:projectmanager,tabindex:4)
2024-08-14 12:00:59,269 [INFO] PluginManage:310 - Check plugin rif
2024-08-14 12:00:59,276 [INFO] PluginManage:359 - Loaded plugin rif (category:base,tabindex:3)
2024-08-14 12:00:59,277 [INFO] PluginManage:310 - Check plugin thirdparty
2024-08-14 12:00:59,420 [INFO] PluginManage:359 - Loaded plugin thirdparty (category:base,tabindex:-1)
2024-08-14 12:00:59,420 [INFO] PluginManage:310 - Check plugin tools
2024-08-14 12:00:59,420 [WARN] IntegrityCheckThread:84 - waiting for thirdparty lock release [integrity check]
2024-08-14 12:00:59,420 [INFO] IntegrityCheckThread:86 - entering critical section [integrity check]
2024-08-14 12:00:59,421 [INFO] ThirdPartyUpdaterWithRetryManager:70 - Updater plugin not ready yet. [1/15]
2024-08-14 12:00:59,422 [INFO] PluginManage:359 - Loaded plugin tools (category:base,tabindex:7)
2024-08-14 12:00:59,422 [INFO] PluginManage:310 - Check plugin tutovideos
2024-08-14 12:00:59,613 [INFO] PluginManage:359 - Loaded plugin tutovideos (category:base,tabindex:-1)
2024-08-14 12:00:59,613 [INFO] PluginManage:310 - Check plugin updater
2024-08-14 12:00:59,628 [INFO] PluginManage:359 - Loaded plugin updater (category:base,tabindex:12)
2024-08-14 12:00:59,628 [INFO] PluginManage:310 - Check plugin userauth
2024-08-14 12:00:59,634 [INFO] UserAuth:113 - Init User Auth plugin
2024-08-14 12:00:59,634 [INFO] PluginManage:359 - Loaded plugin userauth (category:base,tabindex:14)
2024-08-14 12:00:59,634 [INFO] PluginManage:283 - PluginManage : Loaded plugins [18]
2024-08-14 12:00:59,829 [INFO] PinOutPanel:1561 - setPackage(No Configuration,No Configuration)
2024-08-14 12:00:59,914 [INFO] CADModel:165 - CPN selected for project level
2024-08-14 12:00:59,914 [INFO] CADModel:114 - Register for checkConnection events
2024-08-14 12:00:59,930 [INFO] IPUIPlugin:80 - create IPUIPlugin
2024-08-14 12:00:59,930 [INFO] PluginManager:220 - loadIPPluginJar : add adc
2024-08-14 12:00:59,931 [INFO] IPUIPlugin:80 - create IPUIPlugin
2024-08-14 12:00:59,931 [INFO] PluginManager:220 - loadIPPluginJar : add aes
2024-08-14 12:00:59,934 [INFO] IPUIPlugin:80 - create IPUIPlugin
2024-08-14 12:00:59,934 [INFO] PluginManager:220 - loadIPPluginJar : add can
2024-08-14 12:00:59,935 [INFO] IPUIPlugin:80 - create IPUIPlugin
2024-08-14 12:00:59,935 [INFO] PluginManager:220 - loadIPPluginJar : add comp
2024-08-14 12:00:59,937 [INFO] IPUIPlugin:80 - create IPUIPlugin
2024-08-14 12:00:59,937 [INFO] PluginManager:220 - loadIPPluginJar : add cryp
2024-08-14 12:00:59,939 [INFO] IPUIPlugin:80 - create IPUIPlugin
2024-08-14 12:00:59,939 [INFO] PluginManager:220 - loadIPPluginJar : add ddr_ctrl_phy
2024-08-14 12:00:59,942 [INFO] IPUIPlugin:80 - create IPUIPlugin
2024-08-14 12:00:59,942 [INFO] PluginManager:220 - loadIPPluginJar : add dfsdm
2024-08-14 12:00:59,946 [INFO] IPUIPlugin:80 - create IPUIPlugin
2024-08-14 12:00:59,946 [INFO] PluginManager:220 - loadIPPluginJar : add dma
2024-08-14 12:00:59,948 [INFO] IPUIPlugin:80 - create IPUIPlugin
2024-08-14 12:00:59,948 [INFO] PluginManager:220 - loadIPPluginJar : add dma3
2024-08-14 12:00:59,949 [INFO] IPUIPlugin:80 - create IPUIPlugin
2024-08-14 12:00:59,949 [INFO] PluginManager:220 - loadIPPluginJar : add extmemmanager
2024-08-14 12:00:59,951 [INFO] IPUIPlugin:80 - create IPUIPlugin
2024-08-14 12:00:59,951 [INFO] PluginManager:220 - loadIPPluginJar : add fatfs
2024-08-14 12:00:59,954 [INFO] IPUIPlugin:80 - create IPUIPlugin
2024-08-14 12:00:59,954 [INFO] PluginManager:220 - loadIPPluginJar : add fmc
2024-08-14 12:00:59,961 [INFO] IPUIPlugin:80 - create IPUIPlugin
2024-08-14 12:00:59,961 [INFO] PluginManager:220 - loadIPPluginJar : add freertos
2024-08-14 12:00:59,963 [INFO] IPUIPlugin:80 - create IPUIPlugin
2024-08-14 12:00:59,963 [INFO] PluginManager:220 - loadIPPluginJar : add genericplugin
2024-08-14 12:00:59,965 [INFO] IPUIPlugin:80 - create IPUIPlugin
2024-08-14 12:00:59,965 [INFO] PluginManager:220 - loadIPPluginJar : add gfxmmu
2024-08-14 12:00:59,969 [INFO] IPUIPlugin:80 - create IPUIPlugin
2024-08-14 12:00:59,969 [INFO] PluginManager:220 - loadIPPluginJar : add gic
2024-08-14 12:00:59,972 [INFO] IPUIPlugin:80 - create IPUIPlugin
2024-08-14 12:00:59,972 [INFO] PluginManager:220 - loadIPPluginJar : add gpio
2024-08-14 12:00:59,975 [INFO] IPUIPlugin:80 - create IPUIPlugin
2024-08-14 12:00:59,975 [INFO] PluginManager:220 - loadIPPluginJar : add gtzc
2024-08-14 12:00:59,978 [INFO] IPUIPlugin:80 - create IPUIPlugin
2024-08-14 12:00:59,978 [INFO] PluginManager:220 - loadIPPluginJar : add hash
2024-08-14 12:00:59,979 [INFO] IPUIPlugin:80 - create IPUIPlugin
2024-08-14 12:00:59,981 [INFO] PluginManager:220 - loadIPPluginJar : add i2c
2024-08-14 12:00:59,983 [INFO] IPUIPlugin:80 - create IPUIPlugin
2024-08-14 12:00:59,983 [INFO] PluginManager:220 - loadIPPluginJar : add i2s
2024-08-14 12:00:59,986 [INFO] IPUIPlugin:80 - create IPUIPlugin
2024-08-14 12:00:59,986 [INFO] PluginManager:220 - loadIPPluginJar : add i3c
2024-08-14 12:00:59,989 [INFO] IPUIPlugin:80 - create IPUIPlugin
2024-08-14 12:00:59,989 [INFO] PluginManager:220 - loadIPPluginJar : add ipddr
2024-08-14 12:00:59,999 [INFO] IPUIPlugin:80 - create IPUIPlugin
2024-08-14 12:00:59,999 [INFO] PluginManager:220 - loadIPPluginJar : add linkedlist
2024-08-14 12:01:00,001 [INFO] IPUIPlugin:80 - create IPUIPlugin
2024-08-14 12:01:00,001 [INFO] PluginManager:220 - loadIPPluginJar : add lorawan
2024-08-14 12:01:00,003 [INFO] IPUIPlugin:80 - create IPUIPlugin
2024-08-14 12:01:00,003 [INFO] PluginManager:220 - loadIPPluginJar : add ltdc
2024-08-14 12:01:00,007 [INFO] IPUIPlugin:80 - create IPUIPlugin
2024-08-14 12:01:00,008 [INFO] PluginManager:220 - loadIPPluginJar : add mdma
2024-08-14 12:01:00,010 [INFO] IPUIPlugin:80 - create IPUIPlugin
2024-08-14 12:01:00,011 [INFO] PluginManager:220 - loadIPPluginJar : add nvic
2024-08-14 12:01:00,013 [INFO] IPUIPlugin:80 - create IPUIPlugin
2024-08-14 12:01:00,013 [INFO] PluginManager:220 - loadIPPluginJar : add opamp
2024-08-14 12:01:00,017 [INFO] IPUIPlugin:80 - create IPUIPlugin
2024-08-14 12:01:00,017 [INFO] PluginManager:220 - loadIPPluginJar : add openamp
2024-08-14 12:01:00,020 [INFO] IPUIPlugin:80 - create IPUIPlugin
2024-08-14 12:01:00,020 [INFO] PluginManager:220 - loadIPPluginJar : add pdm2pcm
2024-08-14 12:01:00,026 [INFO] IPUIPlugin:80 - create IPUIPlugin
2024-08-14 12:01:00,028 [INFO] PluginManager:220 - loadIPPluginJar : add plateformsettings
2024-08-14 12:01:00,029 [INFO] IPUIPlugin:80 - create IPUIPlugin
2024-08-14 12:01:00,029 [INFO] PluginManager:220 - loadIPPluginJar : add quadspi
2024-08-14 12:01:00,031 [INFO] IPUIPlugin:80 - create IPUIPlugin
2024-08-14 12:01:00,031 [INFO] PluginManager:220 - loadIPPluginJar : add radio
2024-08-14 12:01:00,034 [INFO] IPUIPlugin:80 - create IPUIPlugin
2024-08-14 12:01:00,034 [INFO] PluginManager:220 - loadIPPluginJar : add resmgrutility
2024-08-14 12:01:00,036 [INFO] IPUIPlugin:80 - create IPUIPlugin
2024-08-14 12:01:00,036 [INFO] PluginManager:220 - loadIPPluginJar : add sai
2024-08-14 12:01:00,037 [INFO] IPUIPlugin:80 - create IPUIPlugin
2024-08-14 12:01:00,037 [INFO] PluginManager:220 - loadIPPluginJar : add spi
2024-08-14 12:01:00,042 [INFO] IPUIPlugin:80 - create IPUIPlugin
2024-08-14 12:01:00,042 [INFO] PluginManager:220 - loadIPPluginJar : add stm32_wpan
2024-08-14 12:01:00,043 [INFO] IPUIPlugin:80 - create IPUIPlugin
2024-08-14 12:01:00,043 [INFO] PluginManager:220 - loadIPPluginJar : add tim
2024-08-14 12:01:00,045 [INFO] IPUIPlugin:80 - create IPUIPlugin
2024-08-14 12:01:00,045 [INFO] PluginManager:220 - loadIPPluginJar : add touchsensing
2024-08-14 12:01:00,046 [INFO] IPUIPlugin:80 - create IPUIPlugin
2024-08-14 12:01:00,046 [INFO] PluginManager:220 - loadIPPluginJar : add tracer_emb
2024-08-14 12:01:00,048 [INFO] IPUIPlugin:80 - create IPUIPlugin
2024-08-14 12:01:00,048 [INFO] PluginManager:220 - loadIPPluginJar : add ts
2024-08-14 12:01:00,049 [INFO] IPUIPlugin:80 - create IPUIPlugin
2024-08-14 12:01:00,049 [INFO] PluginManager:220 - loadIPPluginJar : add tsc
2024-08-14 12:01:00,050 [INFO] IPUIPlugin:80 - create IPUIPlugin
2024-08-14 12:01:00,050 [INFO] PluginManager:220 - loadIPPluginJar : add ucpd
2024-08-14 12:01:00,052 [INFO] IPUIPlugin:80 - create IPUIPlugin
2024-08-14 12:01:00,052 [INFO] PluginManager:220 - loadIPPluginJar : add usart
2024-08-14 12:01:00,056 [INFO] IPUIPlugin:80 - create IPUIPlugin
2024-08-14 12:01:00,056 [INFO] PluginManager:220 - loadIPPluginJar : add usbx
2024-08-14 12:01:00,174 [INFO] CADModel:165 - CPN selected for project level
2024-08-14 12:01:00,176 [INFO] CADModel:114 - Register for checkConnection events
2024-08-14 12:01:00,176 [FATAL] Updater:334 - Updater called before beeing initialized
2024-08-14 12:01:00,177 [ERROR] CADModel:125 - Updater not yet initialized, retry later 
2024-08-14 12:01:00,313 [INFO] CADModel:165 - CPN selected for project level
2024-08-14 12:01:00,313 [INFO] CADModel:114 - Register for checkConnection events
2024-08-14 12:01:00,313 [FATAL] Updater:334 - Updater called before beeing initialized
2024-08-14 12:01:00,313 [ERROR] CADModel:125 - Updater not yet initialized, retry later 
2024-08-14 12:01:00,317 [FATAL] Updater:334 - Updater called before beeing initialized
2024-08-14 12:01:00,403 [FATAL] Updater:334 - Updater called before beeing initialized
2024-08-14 12:01:00,407 [INFO] DbMcusAds:53 - JSON generation date=Thu May 16 16:22:00 ICT 2024 (1715851320667)
2024-08-14 12:01:00,407 [FATAL] Updater:334 - Updater called before beeing initialized
2024-08-14 12:01:00,438 [WARN] DetailPanel:346 - Failed to get advertising image, set to default
2024-08-14 12:01:00,502 [FATAL] Updater:334 - Updater called before beeing initialized
2024-08-14 12:01:00,504 [FATAL] Updater:334 - Updater called before beeing initialized
2024-08-14 12:01:00,504 [FATAL] Updater:334 - Updater called before beeing initialized
2024-08-14 12:01:00,504 [WARN] DetailPanel:346 - Failed to get advertising image, set to default
2024-08-14 12:01:00,505 [FATAL] Updater:334 - Updater called before beeing initialized
2024-08-14 12:01:00,547 [ERROR] Updater:1164 - MainUpdater not yet initialized. External WinMGr cannot be set.
2024-08-14 12:01:00,549 [INFO] Updater:1100 - Updater Version found : 6.12.0
2024-08-14 12:01:00,572 [INFO] ApplicationProperties:184 - Using Application install path: C:\ST\STM32CubeIDE_1.16.0\STM32CubeIDE\plugins\com.st.stm32cube.common.mx_6.12.0.202406281431
2024-08-14 12:01:00,996 [INFO] MainUpdater:2873 - connection check result : 10
2024-08-14 12:01:00,997 [INFO] MainUpdater:290 - Updater Check For Update Now.
2024-08-14 12:01:00,997 [INFO] MicroXplorer:498 - Change Database Version : DB.6.0.120
2024-08-14 12:01:01,003 [INFO] McuFinderGlobals:63 - Set McuFinder mode to 2 (CubeIDE integrated)
2024-08-14 12:01:01,004 [INFO] UserAuth:417 - Internet connection configuration mode: 1
2024-08-14 12:01:01,022 [INFO] JxBrowserEngine:152 - Initiate JxBrowser Engine with user profile folder
2024-08-14 12:01:01,224 [INFO] CheckServerUpdateThread:120 - End of CheckServer Thread
2024-08-14 12:01:02,018 [INFO] WebApp:167 - Instantiating new browser for Auth
2024-08-14 12:01:02,712 [WARN] PackLoader:240 - Cannot read IP mode file for STMicroelectronics.FP-SNS-MOTENVWB1.1.4.0
2024-08-14 12:01:02,733 [WARN] PackLoader:240 - Cannot read IP mode file for STMicroelectronics.X-CUBE-SMBUS.2.1.0
2024-08-14 12:01:02,782 [WARN] PackLoader:240 - Cannot read IP mode file for STMicroelectronics.X-CUBE-AZRTOS-F7.1.1.0
2024-08-14 12:01:02,798 [WARN] PackLoader:240 - Cannot read IP mode file for STMicroelectronics.FP-SNS-FLIGHT1.5.0.2
2024-08-14 12:01:02,809 [WARN] PackLoader:240 - Cannot read IP mode file for STMicroelectronics.X-CUBE-DISPLAY.3.0.0
2024-08-14 12:01:02,827 [WARN] PackLoader:240 - Cannot read IP mode file for STMicroelectronics.X-CUBE-BLE1.7.0.0
2024-08-14 12:01:02,840 [WARN] PackLoader:240 - Cannot read IP mode file for emotas.I-CUBE-CANOPEN.1.3.0
2024-08-14 12:01:02,852 [WARN] PackLoader:240 - Cannot read IP mode file for STMicroelectronics.X-CUBE-BLEMGR.3.1.0
2024-08-14 12:01:02,862 [WARN] PackLoader:240 - Cannot read IP mode file for STMicroelectronics.FP-SNS-SMARTAG2.1.2.0
2024-08-14 12:01:02,878 [INFO] LogOutputStream:77 - [STDOUT_REDIRECT] 1 : Invalid condition id : UX_CORESTACK_Condition cause : null
2024-08-14 12:01:02,880 [INFO] LogOutputStream:77 - [STDOUT_REDIRECT] 1 : Invalid condition id : UX_CORESTACK_Condition cause : null
2024-08-14 12:01:02,881 [INFO] LogOutputStream:77 - [STDOUT_REDIRECT] 1 : Invalid condition id : UX_CORESTACK_Condition cause : null
2024-08-14 12:01:02,883 [INFO] LogOutputStream:77 - [STDOUT_REDIRECT] 1 : Invalid condition id : UX_CORESTACK_Condition cause : null
2024-08-14 12:01:02,885 [INFO] LogOutputStream:77 - [STDOUT_REDIRECT] 1 : Invalid condition id : UX_CORESTACK_Condition cause : null
2024-08-14 12:01:02,888 [WARN] PackLoader:240 - Cannot read IP mode file for STMicroelectronics.X-CUBE-AZRTOS-WL.2.0.0
2024-08-14 12:01:02,896 [WARN] PackLoader:240 - Cannot read IP mode file for STMicroelectronics.FP-SNS-MOTENV1.5.0.0
2024-08-14 12:01:02,902 [WARN] PackLoader:240 - Cannot read IP mode file for wolfSSL.I-CUBE-wolfMQTT.1.19.0
2024-08-14 12:01:02,915 [WARN] PackLoader:240 - Cannot read IP mode file for WES.I-CUBE-Cesium.1.3.0
2024-08-14 12:01:02,921 [WARN] PackLoader:240 - Cannot read IP mode file for STMicroelectronics.X-CUBE-BLE2.3.3.0
2024-08-14 12:01:02,933 [WARN] PackLoader:240 - Cannot read IP mode file for STMicroelectronics.X-CUBE-TCPP.4.1.0
2024-08-14 12:01:02,958 [WARN] PackLoader:240 - Cannot read IP mode file for STMicroelectronics.X-CUBE-AZRTOS-G0.1.1.0
2024-08-14 12:01:02,972 [WARN] PackLoader:240 - Cannot read IP mode file for STMicroelectronics.X-CUBE-SAFEA1.1.2.2
2024-08-14 12:01:02,981 [WARN] PackLoader:240 - Cannot read IP mode file for STMicroelectronics.X-CUBE-NFC4.3.0.0
2024-08-14 12:01:02,992 [WARN] PackLoader:240 - Cannot read IP mode file for EmbeddedOffice.I-CUBE-FS-RTOS.1.0.1
2024-08-14 12:01:02,993 [ERROR] ConditionMgr:805 - Attr not supported : Dmpu
2024-08-14 12:01:02,993 [ERROR] ConditionMgr:805 - Attr not supported : Dmpu
2024-08-14 12:01:02,993 [ERROR] ConditionMgr:805 - Attr not supported : Dmpu
2024-08-14 12:01:02,993 [ERROR] ConditionMgr:805 - Attr not supported : Dmpu
2024-08-14 12:01:02,993 [ERROR] ConditionMgr:805 - Attr not supported : Dmpu
2024-08-14 12:01:02,993 [ERROR] ConditionMgr:805 - Attr not supported : Dmpu
2024-08-14 12:01:02,993 [ERROR] ConditionMgr:805 - Attr not supported : Dmpu
2024-08-14 12:01:02,993 [ERROR] ConditionMgr:805 - Attr not supported : Dmpu
2024-08-14 12:01:02,993 [ERROR] ConditionMgr:805 - Attr not supported : Dmpu
2024-08-14 12:01:02,993 [ERROR] ConditionMgr:805 - Attr not supported : Dmpu
2024-08-14 12:01:02,993 [ERROR] ConditionMgr:805 - Attr not supported : Dmpu
2024-08-14 12:01:02,993 [ERROR] ConditionMgr:805 - Attr not supported : Dmpu
2024-08-14 12:01:02,993 [ERROR] ConditionMgr:805 - Attr not supported : Dmpu
2024-08-14 12:01:02,994 [ERROR] ConditionMgr:805 - Attr not supported : Dmpu
2024-08-14 12:01:02,994 [ERROR] ConditionMgr:805 - Attr not supported : Dmpu
2024-08-14 12:01:02,994 [ERROR] ConditionMgr:805 - Attr not supported : Dmpu
2024-08-14 12:01:02,994 [ERROR] ConditionMgr:805 - Attr not supported : Dmpu
2024-08-14 12:01:02,994 [ERROR] ConditionMgr:805 - Attr not supported : Dmpu
2024-08-14 12:01:02,994 [ERROR] ConditionMgr:805 - Attr not supported : Dmpu
2024-08-14 12:01:02,994 [ERROR] ConditionMgr:805 - Attr not supported : Dmpu
2024-08-14 12:01:02,994 [ERROR] ConditionMgr:805 - Attr not supported : Dmpu
2024-08-14 12:01:02,994 [ERROR] ConditionMgr:805 - Attr not supported : Dmpu
2024-08-14 12:01:02,994 [ERROR] ConditionMgr:805 - Attr not supported : Dmpu
2024-08-14 12:01:02,994 [ERROR] ConditionMgr:805 - Attr not supported : Dmpu
2024-08-14 12:01:02,994 [ERROR] ConditionMgr:805 - Attr not supported : Dmpu
2024-08-14 12:01:02,994 [ERROR] ConditionMgr:805 - Attr not supported : Dmpu
2024-08-14 12:01:02,994 [ERROR] ConditionMgr:805 - Attr not supported : Dmpu
2024-08-14 12:01:02,994 [ERROR] ConditionMgr:805 - Attr not supported : Dmpu
2024-08-14 12:01:02,994 [ERROR] ConditionMgr:805 - Attr not supported : Dmpu
2024-08-14 12:01:02,994 [ERROR] ConditionMgr:805 - Attr not supported : Dmpu
2024-08-14 12:01:02,994 [ERROR] ConditionMgr:805 - Attr not supported : Dmpu
2024-08-14 12:01:02,994 [ERROR] ConditionMgr:805 - Attr not supported : Dmpu
2024-08-14 12:01:02,994 [ERROR] ConditionMgr:805 - Attr not supported : Dmpu
2024-08-14 12:01:02,995 [ERROR] ConditionMgr:805 - Attr not supported : Dmpu
2024-08-14 12:01:02,995 [ERROR] ConditionMgr:805 - Attr not supported : Dmpu
2024-08-14 12:01:02,995 [ERROR] ConditionMgr:805 - Attr not supported : Dmpu
2024-08-14 12:01:02,995 [ERROR] ConditionMgr:805 - Attr not supported : Dmpu
2024-08-14 12:01:02,995 [ERROR] ConditionMgr:805 - Attr not supported : Dmpu
2024-08-14 12:01:02,995 [ERROR] ConditionMgr:805 - Attr not supported : Dmpu
2024-08-14 12:01:02,995 [ERROR] ConditionMgr:805 - Attr not supported : Dmpu
2024-08-14 12:01:02,995 [ERROR] ConditionMgr:805 - Attr not supported : Dmpu
2024-08-14 12:01:02,995 [ERROR] ConditionMgr:805 - Attr not supported : Dmpu
2024-08-14 12:01:02,995 [ERROR] ConditionMgr:805 - Attr not supported : Dmpu
2024-08-14 12:01:02,995 [ERROR] ConditionMgr:805 - Attr not supported : Dmpu
2024-08-14 12:01:02,995 [ERROR] ConditionMgr:805 - Attr not supported : Dmpu
2024-08-14 12:01:02,995 [ERROR] ConditionMgr:805 - Attr not supported : Dmpu
2024-08-14 12:01:02,995 [ERROR] ConditionMgr:805 - Attr not supported : Dmpu
2024-08-14 12:01:02,995 [ERROR] ConditionMgr:805 - Attr not supported : Dmpu
2024-08-14 12:01:02,996 [ERROR] ConditionMgr:805 - Attr not supported : Dmpu
2024-08-14 12:01:02,996 [ERROR] ConditionMgr:805 - Attr not supported : Dmpu
2024-08-14 12:01:02,996 [ERROR] ConditionMgr:805 - Attr not supported : Dmpu
2024-08-14 12:01:02,996 [ERROR] ConditionMgr:805 - Attr not supported : Dmpu
2024-08-14 12:01:02,996 [ERROR] ConditionMgr:805 - Attr not supported : Dmpu
2024-08-14 12:01:02,996 [ERROR] ConditionMgr:805 - Attr not supported : Dmpu
2024-08-14 12:01:02,996 [ERROR] ConditionMgr:805 - Attr not supported : Dmpu
2024-08-14 12:01:02,996 [ERROR] ConditionMgr:805 - Attr not supported : Dmpu
2024-08-14 12:01:02,996 [ERROR] ConditionMgr:805 - Attr not supported : Dmpu
2024-08-14 12:01:02,996 [ERROR] ConditionMgr:805 - Attr not supported : Dmpu
2024-08-14 12:01:02,996 [ERROR] ConditionMgr:805 - Attr not supported : Dmpu
2024-08-14 12:01:02,996 [ERROR] ConditionMgr:805 - Attr not supported : Dmpu
2024-08-14 12:01:02,996 [ERROR] ConditionMgr:805 - Attr not supported : Dmpu
2024-08-14 12:01:02,996 [ERROR] ConditionMgr:805 - Attr not supported : Dmpu
2024-08-14 12:01:02,996 [ERROR] ConditionMgr:805 - Attr not supported : Dmpu
2024-08-14 12:01:02,996 [ERROR] ConditionMgr:805 - Attr not supported : Dmpu
2024-08-14 12:01:03,014 [WARN] PackLoader:240 - Cannot read IP mode file for RealThread.X-CUBE-RT-Thread_Nano.4.1.1
2024-08-14 12:01:03,019 [WARN] PackLoader:240 - Cannot read IP mode file for wolfSSL.I-CUBE-wolfSSL.5.7.0
2024-08-14 12:01:03,023 [WARN] PackLoader:240 - Cannot read IP mode file for STMicroelectronics.FP-ATR-SIGFOX1.3.2.0
2024-08-14 12:01:03,042 [WARN] PackLoader:240 - Cannot read IP mode file for STMicroelectronics.X-CUBE-EEPRMA1.5.1.0
2024-08-14 12:01:03,062 [WARN] PackLoader:240 - Cannot read IP mode file for ITTIA_DB.I-CUBE-ITTIADB.8.9.0
2024-08-14 12:01:03,110 [WARN] PackLoader:240 - Cannot read IP mode file for SEGGER.I-CUBE-embOS.1.3.1
2024-08-14 12:01:03,182 [WARN] PackLoader:240 - Cannot read IP mode file for STMicroelectronics.X-CUBE-ALGOBUILD.1.4.0
2024-08-14 12:01:03,212 [WARN] PackLoader:240 - Cannot read IP mode file for STMicroelectronics.X-CUBE-GNSS1.6.0.0
2024-08-14 12:01:03,245 [WARN] PackLoader:240 - Cannot read IP mode file for STMicroelectronics.X-CUBE-AZRTOS-F4.1.1.0
2024-08-14 12:01:03,400 [WARN] PackLoader:240 - Cannot read IP mode file for STMicroelectronics.X-CUBE-FREERTOS.1.2.0
2024-08-14 12:01:03,421 [WARN] PackLoader:240 - Cannot read IP mode file for STMicroelectronics.X-CUBE-AZRTOS-L5.2.0.0
2024-08-14 12:01:03,436 [WARN] PackLoader:240 - Cannot read IP mode file for STMicroelectronics.X-CUBE-NFC6.3.1.0
2024-08-14 12:01:03,446 [WARN] PackLoader:240 - Cannot read IP mode file for STMicroelectronics.X-CUBE-DPower.1.2.0
2024-08-14 12:01:03,450 [WARN] PackLoader:240 - Cannot read IP mode file for STMicroelectronics.X-CUBE-AI.9.0.0
2024-08-14 12:01:03,456 [WARN] PackLoader:240 - Cannot read IP mode file for STMicroelectronics.X-CUBE-NFC7.1.0.1
2024-08-14 12:01:03,460 [WARN] PackLoader:240 - Cannot read IP mode file for wolfSSL.I-CUBE-wolfTPM.3.2.0
2024-08-14 12:01:03,481 [WARN] ConditionMgr:438 - getConditionDescription Invalid condition id : LAN8742 Phy interface Condition cause : null
2024-08-14 12:01:03,482 [WARN] PackLoader:240 - Cannot read IP mode file for STMicroelectronics.X-CUBE-AZRTOS-L4.2.0.0
2024-08-14 12:01:03,484 [WARN] ConditionMgr:1039 - genDependencies : Invalid condition id : LAN8742 Phy interface Condition cause : null
2024-08-14 12:01:03,484 [WARN] ConditionMgr:1039 - genDependencies : Invalid condition id : LAN8742 Phy interface Condition cause : null
2024-08-14 12:01:03,485 [WARN] ConditionMgr:1039 - genDependencies : Invalid condition id : LAN8742 Phy interface Condition cause : null
2024-08-14 12:01:03,500 [WARN] PackLoader:240 - Cannot read IP mode file for STMicroelectronics.X-CUBE-SFXS2LP1.4.0.0
2024-08-14 12:01:03,549 [WARN] PackLoader:240 - Cannot read IP mode file for STMicroelectronics.X-CUBE-AZRTOS-H7.3.3.0
2024-08-14 12:01:03,577 [WARN] ConditionMgr:438 - getConditionDescription Invalid condition id : UX DEVICE CLASS RTOS Condition cause : null
2024-08-14 12:01:03,577 [WARN] ConditionMgr:438 - getConditionDescription Invalid condition id : UX DEVICE CLASS RTOS Condition cause : null
2024-08-14 12:01:03,579 [WARN] PackLoader:240 - Cannot read IP mode file for STMicroelectronics.X-CUBE-AZRTOS-WB.2.0.0
2024-08-14 12:01:03,579 [WARN] ConditionMgr:1039 - genDependencies : Invalid condition id : UX DEVICE CLASS RTOS Condition cause : null
2024-08-14 12:01:03,579 [WARN] ConditionMgr:1039 - genDependencies : Invalid condition id : UX DEVICE CLASS RTOS Condition cause : null
2024-08-14 12:01:03,580 [WARN] ConditionMgr:1039 - genDependencies : Invalid condition id : UX DEVICE CLASS RTOS Condition cause : null
2024-08-14 12:01:03,580 [WARN] ConditionMgr:1039 - genDependencies : Invalid condition id : UX DEVICE CLASS RTOS Condition cause : null
2024-08-14 12:01:03,580 [WARN] ConditionMgr:1039 - genDependencies : Invalid condition id : UX DEVICE CLASS RTOS Condition cause : null
2024-08-14 12:01:03,587 [WARN] PackLoader:240 - Cannot read IP mode file for STMicroelectronics.FP-SNS-STBOX1.2.0.0
2024-08-14 12:01:03,601 [WARN] PackLoader:240 - Cannot read IP mode file for STMicroelectronics.X-CUBE-SUBG2.5.0.0
2024-08-14 12:01:03,609 [WARN] PackLoader:240 - Cannot read IP mode file for Cesanta.I-CUBE-Mongoose.7.13.0
2024-08-14 12:01:03,622 [WARN] PackLoader:240 - Cannot read IP mode file for STMicroelectronics.X-CUBE-AZRTOS-G4.2.0.0
2024-08-14 12:01:03,631 [WARN] PackLoader:240 - Cannot read IP mode file for STMicroelectronics.X-CUBE-ISPU.2.0.0
2024-08-14 12:01:03,636 [WARN] PackLoader:240 - Cannot read IP mode file for STMicroelectronics.X-CUBE-ALS.1.0.2
2024-08-14 12:01:03,694 [WARN] PackLoader:240 - Cannot read IP mode file for STMicroelectronics.X-CUBE-MEMS1.10.0.0
2024-08-14 12:01:03,883 [WARN] PackLoader:240 - Cannot read IP mode file for STMicroelectronics.X-CUBE-TOUCHGFX.4.24.0
2024-08-14 12:01:04,142 [WARN] PackLoader:240 - Cannot read IP mode file for portGmbH.I-Cube-SoM-uGOAL.1.1.0
2024-08-14 12:01:04,175 [WARN] PackLoader:240 - Cannot read IP mode file for STMicroelectronics.X-CUBE-AZRTOS-H7RS.1.0.0
2024-08-14 12:01:04,184 [WARN] PackLoader:240 - Cannot read IP mode file for STMicroelectronics.FP-ATR-ASTRA1.2.0.0
2024-08-14 12:01:04,250 [WARN] PackLoader:240 - Cannot read IP mode file for STMicroelectronics.X-CUBE-TOF1.3.4.2
2024-08-14 12:01:04,269 [WARN] PackLoader:240 - Cannot read IP mode file for STMicroelectronics.X-CUBE-TOF1.3.4.1
2024-08-14 12:01:04,298 [WARN] PackLoader:240 - Cannot read IP mode file for STMicroelectronics.X-CUBE-AZRTOS-H7.3.2.0
2024-08-14 12:01:04,313 [WARN] PackLoader:240 - Cannot read IP mode file for Infineon.AIROC-Wi-Fi-Bluetooth-STM32.1.6.0
2024-08-14 12:01:04,319 [WARN] PackLoader:240 - Cannot read IP mode file for wolfSSL.I-CUBE-wolfSSH.1.4.17
2024-08-14 12:01:04,320 [INFO] ThirdParty:978 - Integrity check success = true
2024-08-14 12:01:04,320 [INFO] IntegrityCheckThread:100 - exiting critical section [integrity check]
2024-08-14 12:01:04,320 [INFO] IntegrityCheckThread:103 - End integrity checks thread
2024-08-14 12:01:05,141 [INFO] WebApp:448 - Apply proxy settings
2024-08-14 12:01:05,143 [INFO] WebApp:533 - Chromium requires no authentication
2024-08-14 12:01:05,153 [INFO] WebApp:476 - Direct internet connection detected
2024-08-14 12:01:05,183 [INFO] WebApp:869 - Register for checkConnection events
2024-08-14 12:01:05,183 [INFO] WebApp:448 - Apply proxy settings
2024-08-14 12:01:05,183 [INFO] WebApp:533 - Chromium requires no authentication
2024-08-14 12:01:05,183 [INFO] WebApp:476 - Direct internet connection detected
2024-08-14 12:01:05,377 [INFO] WebApp:220 - Starting web application
2024-08-14 12:01:05,377 [INFO] WebApp:578 - Web application path used C:\ST\STM32CubeIDE_1.16.0\STM32CubeIDE\plugins\com.st.stm32cube.common.mx_6.12.0.202406281431\db\plugins\mcufinder\reactClient1\index.html
2024-08-14 12:01:05,508 [INFO] UserAuth:417 - Internet connection configuration mode: 1
2024-08-14 12:01:06,067 [INFO] WebApp:186 - Connection restablished
