2023-10-26 08:42:40,519 [INFO] MainUpdater:2868 - connection check result : 10
2023-10-26 08:42:40,600 [INFO] MainUpdater:2868 - connection check result : 10
2023-10-26 08:42:40,676 [INFO] MicroXplorer:468 - Change Database Path : 
2023-10-26 08:42:40,677 [INFO] MicroXplorer:498 - Change Database Version : DB.6.0.92
2023-10-26 08:42:41,026 [WARN] ThirdParty:871 - waiting for thirdparty lock release [close project]
2023-10-26 08:42:41,027 [INFO] ThirdParty:873 - entering critical section [close project]
2023-10-26 08:42:41,028 [INFO] ThirdParty:883 - exiting critical section [close project]
2023-10-26 08:42:41,037 [INFO] PinOutPanel:1499 - setPackage(No Configuration,No Configuration)
2023-10-26 08:42:41,059 [INFO] UtilMem:75 - Begin LoadConfig() Used Memory: 447170664 Bytes (1073741824)
2023-10-26 08:42:41,061 [INFO] MicroXplorer:468 - Change Database Path : 
2023-10-26 08:42:41,063 [INFO] MicroXplorer:498 - Change Database Version : DB.6.0.92
2023-10-26 08:42:41,063 [INFO] OpenFileManager:308 - Change cursor
2023-10-26 08:42:41,141 [INFO] RulesReader:64 - Compatibility file has been processed (293 Rules)
2023-10-26 08:42:41,163 [INFO] Mcu:1946 - Initializing MCU STM32F103C(8-B)Tx STM32F103C8Tx STM32F103C8T6
2023-10-26 08:42:41,739 [INFO] Context:659 - Trying to add GPIOservice into a context  which must be forbidden
2023-10-26 08:42:42,074 [INFO] RtosManager:555 - Registered RTOS mode: class=CMSIS, group=RTOS, mode=CMSIS_V1, owner=FREERTOS
2023-10-26 08:42:42,074 [INFO] RtosManager:555 - Registered RTOS mode: class=CMSIS, group=RTOS2, mode=CMSIS_V2, owner=FREERTOS
2023-10-26 08:42:42,074 [INFO] RtosManager:555 - Registered RTOS mode: class=RTOS, group=Core, mode=CMSIS_V1, owner=FREERTOS
2023-10-26 08:42:42,074 [INFO] RtosManager:555 - Registered RTOS mode: class=RTOS, group=Core, mode=CMSIS_V2, owner=FREERTOS
2023-10-26 08:42:42,074 [WARN] ModelIntegratedComponent:184 - Missing modes for component STMicroelectronics:FreeRTOS:0.0.1:STMicroelectronics:RTOS:FreeRTOS:Core:::10.2.0:
2023-10-26 08:42:42,092 [WARN] ModelIntegratedComponent:63 - No mode defined for component null
2023-10-26 08:42:42,092 [WARN] ModelIntegratedComponent:63 - No mode defined for component null
2023-10-26 08:42:42,092 [WARN] ModelIntegratedComponent:63 - No mode defined for component null
2023-10-26 08:42:42,092 [WARN] ModelIntegratedComponent:63 - No mode defined for component null
2023-10-26 08:42:42,092 [WARN] ModelIntegratedComponent:63 - No mode defined for component null
2023-10-26 08:42:42,092 [WARN] ModelIntegratedComponent:63 - No mode defined for component null
2023-10-26 08:42:42,092 [WARN] ModelIntegratedComponent:63 - No mode defined for component null
2023-10-26 08:42:42,092 [WARN] ModelIntegratedComponent:63 - No mode defined for component null
2023-10-26 08:42:42,092 [WARN] ModelIntegratedComponent:63 - No mode defined for component null
2023-10-26 08:42:42,092 [WARN] ModelIntegratedComponent:63 - No mode defined for component null
2023-10-26 08:42:42,092 [WARN] ModelIntegratedComponent:63 - No mode defined for component null
2023-10-26 08:42:42,092 [WARN] ModelIntegratedComponent:63 - No mode defined for component null
2023-10-26 08:42:42,092 [WARN] ModelIntegratedComponent:63 - No mode defined for component null
2023-10-26 08:42:42,092 [WARN] ModelIntegratedComponent:63 - No mode defined for component null
2023-10-26 08:42:42,092 [WARN] ModelIntegratedComponent:63 - No mode defined for component null
2023-10-26 08:42:42,092 [WARN] ModelIntegratedComponent:63 - No mode defined for component null
2023-10-26 08:42:42,092 [WARN] ModelIntegratedComponent:63 - No mode defined for component null
2023-10-26 08:42:42,092 [WARN] ModelIntegratedComponent:63 - No mode defined for component null
2023-10-26 08:42:42,092 [WARN] ModelIntegratedComponent:63 - No mode defined for component null
2023-10-26 08:42:42,092 [WARN] ModelIntegratedComponent:63 - No mode defined for component null
2023-10-26 08:42:42,093 [WARN] ModelIntegratedComponent:63 - No mode defined for component null
2023-10-26 08:42:42,093 [WARN] ModelIntegratedComponent:63 - No mode defined for component null
2023-10-26 08:42:42,093 [WARN] ModelIntegratedComponent:63 - No mode defined for component null
2023-10-26 08:42:42,093 [WARN] ModelIntegratedComponent:63 - No mode defined for component null
2023-10-26 08:42:42,093 [WARN] ModelIntegratedComponent:63 - No mode defined for component null
2023-10-26 08:42:42,093 [WARN] ModelIntegratedComponent:63 - No mode defined for component null
2023-10-26 08:42:42,093 [WARN] ModelIntegratedComponent:63 - No mode defined for component null
2023-10-26 08:42:42,093 [WARN] ModelIntegratedComponent:63 - No mode defined for component null
2023-10-26 08:42:42,093 [WARN] ModelIntegratedComponent:63 - No mode defined for component null
2023-10-26 08:42:42,093 [WARN] ModelIntegratedComponent:63 - No mode defined for component null
2023-10-26 08:42:42,093 [WARN] ModelIntegratedComponent:63 - No mode defined for component null
2023-10-26 08:42:42,093 [WARN] ModelIntegratedComponent:63 - No mode defined for component null
2023-10-26 08:42:42,093 [WARN] ModelIntegratedComponent:63 - No mode defined for component null
2023-10-26 08:42:42,198 [INFO] ThirdPartyModel:298 - Start build external matchings
2023-10-26 08:42:43,168 [INFO] ThirdPartyModel:316 - End build external matchings
2023-10-26 08:42:43,176 [INFO] ImportTextPane:194 - (OptionalMessage_ERROR) IP (RCC) : Parameter (ADCFreqValue) has invalid value (36000000)
2023-10-26 08:42:43,176 [INFO] ImportTextPane:194 - (OptionalMessage_ERROR) IP (RCC) : Invalid parameter (FamilyName)
2023-10-26 08:42:43,177 [INFO] ImportTextPane:194 - (OptionalMessage_ERROR) IP (RCC) : Parameter (MCOFreq_Value) has invalid value (72000000)
2023-10-26 08:42:43,177 [INFO] ImportTextPane:194 - (OptionalMessage_ERROR) IP (RCC) : Parameter (USBFreq_Value) has invalid value (72000000)
2023-10-26 08:42:43,308 [INFO] UtilMem:75 - End LoadConfig() Used Memory: 692494048 Bytes (1073741824)
2023-10-26 08:42:43,340 [WARN] ThirdParty:833 - waiting for thirdparty lock release [change project]
2023-10-26 08:42:43,341 [INFO] ThirdParty:835 - entering critical section [change project]
2023-10-26 08:42:43,341 [INFO] ThirdParty:1030 - CMSIS Pack Vendor :STMicroelectronics X-CUBE-ISPU 1.1.0
2023-10-26 08:42:43,341 [INFO] ThirdParty:1030 - CMSIS Pack Vendor :STMicroelectronics USBPD 4.1
2023-10-26 08:42:43,341 [INFO] ThirdParty:1030 - CMSIS Pack Vendor :STMicroelectronics X-CUBE-GNSS1 6.0.0
2023-10-26 08:42:43,341 [INFO] ThirdParty:1030 - CMSIS Pack Vendor :STMicroelectronics USB_HOST 2.0.0
2023-10-26 08:42:43,341 [INFO] ThirdParty:1030 - CMSIS Pack Vendor :STMicroelectronics X-CUBE-AZRTOS-F4 1.1.0
2023-10-26 08:42:43,341 [INFO] ThirdParty:1030 - CMSIS Pack Vendor :STMicroelectronics LIBJPEG 8.0.0
2023-10-26 08:42:43,341 [INFO] ThirdParty:1030 - CMSIS Pack Vendor :wolfSSL I-CUBE-wolfSSL 5.6.3
2023-10-26 08:42:43,341 [INFO] ThirdParty:1030 - CMSIS Pack Vendor :STMicroelectronics X-CUBE-SMBUS 2.1.0
2023-10-26 08:42:43,341 [INFO] ThirdParty:1030 - CMSIS Pack Vendor :STMicroelectronics USB_DEVICE 3.0.0
2023-10-26 08:42:43,341 [INFO] ThirdParty:1030 - CMSIS Pack Vendor :STMicroelectronics X-CUBE-AZRTOS-WB 2.0.0
2023-10-26 08:42:43,341 [INFO] ThirdParty:1030 - CMSIS Pack Vendor :STMicroelectronics X-CUBE-FREERTOS 1.0.1
2023-10-26 08:42:43,341 [INFO] ThirdParty:1030 - CMSIS Pack Vendor :STMicroelectronics X-CUBE-TOUCHGFX 4.21.1
2023-10-26 08:42:43,341 [INFO] ThirdParty:1030 - CMSIS Pack Vendor :STMicroelectronics X-CUBE-TOUCHGFX 4.21.0
2023-10-26 08:42:43,341 [INFO] ThirdParty:1030 - CMSIS Pack Vendor :STMicroelectronics X-CUBE-AZRTOS-F7 1.1.0
2023-10-26 08:42:43,341 [INFO] ThirdParty:1030 - CMSIS Pack Vendor :STMicroelectronics X-CUBE-TOUCHGFX 4.21.4
2023-10-26 08:42:43,341 [INFO] ThirdParty:1030 - CMSIS Pack Vendor :STMicroelectronics X-CUBE-AZRTOS-L5 2.0.0
2023-10-26 08:42:43,341 [INFO] ThirdParty:1030 - CMSIS Pack Vendor :STMicroelectronics USB_DEVICE 2.0.0
2023-10-26 08:42:43,341 [INFO] ThirdParty:1030 - CMSIS Pack Vendor :STMicroelectronics X-CUBE-MEMS1 9.6.0
2023-10-26 08:42:43,341 [INFO] ThirdParty:1030 - CMSIS Pack Vendor :ITTIA_DB I-CUBE-ITTIADB 8.8.0
2023-10-26 08:42:43,342 [INFO] ThirdParty:1030 - CMSIS Pack Vendor :STMicroelectronics FP-SNS-MOTENV1 4.3.2
2023-10-26 08:42:43,342 [INFO] ThirdParty:1030 - CMSIS Pack Vendor :STMicroelectronics X-CUBE-ALGOBUILD 1.3.0
2023-10-26 08:42:43,342 [INFO] ThirdParty:1030 - CMSIS Pack Vendor :STMicroelectronics X-CUBE-BLE1 6.2.4
2023-10-26 08:42:43,342 [INFO] ThirdParty:1030 - CMSIS Pack Vendor :STMicroelectronics X-CUBE-AZRTOS-L5 1.1.0
2023-10-26 08:42:43,342 [INFO] ThirdParty:1030 - CMSIS Pack Vendor :STMicroelectronics FreeRTOS 0.0.1
2023-10-26 08:42:43,342 [INFO] ThirdParty:1030 - CMSIS Pack Vendor :STMicroelectronics X-CUBE-AZRTOS-G0 1.1.0
2023-10-26 08:42:43,342 [INFO] ThirdParty:1030 - CMSIS Pack Vendor :emotas I-CUBE-CANOPEN 1.1.3
2023-10-26 08:42:43,342 [INFO] ThirdParty:1030 - CMSIS Pack Vendor :STMicroelectronics X-CUBE-BLEMGR 2.0.0
2023-10-26 08:42:43,342 [INFO] ThirdParty:1030 - CMSIS Pack Vendor :STMicroelectronics X-CUBE-AI 8.0.1
2023-10-26 08:42:43,342 [INFO] ThirdParty:1030 - CMSIS Pack Vendor :STMicroelectronics X-CUBE-NFC4 3.0.0
2023-10-26 08:42:43,342 [INFO] ThirdParty:1030 - CMSIS Pack Vendor :STMicroelectronics X-CUBE-SUBG2 5.0.0
2023-10-26 08:42:43,342 [INFO] ThirdParty:1030 - CMSIS Pack Vendor :STMicroelectronics STM32_WPAN 1.0.0
2023-10-26 08:42:43,343 [INFO] ThirdParty:1030 - CMSIS Pack Vendor :STMicroelectronics lwIP 2.0.3
2023-10-26 08:42:43,343 [INFO] ThirdParty:1030 - CMSIS Pack Vendor :STMicroelectronics FP-SNS-FLIGHT1 5.0.2
2023-10-26 08:42:43,344 [INFO] ThirdParty:1030 - CMSIS Pack Vendor :STMicroelectronics USB_HOST 1.0.0
2023-10-26 08:42:43,344 [INFO] ThirdParty:1030 - CMSIS Pack Vendor :STMicroelectronics X-CUBE-TOF1 3.3.1
2023-10-26 08:42:43,344 [INFO] ThirdParty:1030 - CMSIS Pack Vendor :STMicroelectronics X-CUBE-AZRTOS-G4 2.0.0
2023-10-26 08:42:43,345 [INFO] ThirdParty:1030 - CMSIS Pack Vendor :STMicroelectronics PDM2PCM 3.1.0
2023-10-26 08:42:43,345 [INFO] ThirdParty:1030 - CMSIS Pack Vendor :STMicroelectronics X-CUBE-AZRTOS-H7 3.1.0
2023-10-26 08:42:43,348 [INFO] ThirdParty:1030 - CMSIS Pack Vendor :STMicroelectronics X-CUBE-TOF1 3.3.0
2023-10-26 08:42:43,348 [INFO] ThirdParty:1030 - CMSIS Pack Vendor :Infineon AIROC-Wi-Fi-Bluetooth-STM32 1.5.1
2023-10-26 08:42:43,348 [INFO] ThirdParty:1030 - CMSIS Pack Vendor :STMicroelectronics PDM2PCM 3.3.0
2023-10-26 08:42:43,348 [INFO] ThirdParty:1030 - CMSIS Pack Vendor :STMicroelectronics X-CUBE-DISPLAY 3.0.0
2023-10-26 08:42:43,348 [INFO] ThirdParty:1030 - CMSIS Pack Vendor :STMicroelectronics X-CUBE-BLE1 7.0.0
2023-10-26 08:42:43,348 [INFO] ThirdParty:1030 - CMSIS Pack Vendor :STMicroelectronics FP-ATR-SIGFOX1 3.2.0
2023-10-26 08:42:43,348 [INFO] ThirdParty:1030 - CMSIS Pack Vendor :STMicroelectronics HAL Drivers 0.0.0
2023-10-26 08:42:43,348 [INFO] ThirdParty:1030 - CMSIS Pack Vendor :STMicroelectronics MBEDTLS 2.16.2
2023-10-26 08:42:43,348 [INFO] ThirdParty:1030 - CMSIS Pack Vendor :emotas I-CUBE-CANOPEN 1.3.0
2023-10-26 08:42:43,348 [INFO] ThirdParty:1030 - CMSIS Pack Vendor :STMicroelectronics X-CUBE-MEMS1 10.0.0
2023-10-26 08:42:43,348 [INFO] ThirdParty:1030 - CMSIS Pack Vendor :STMicroelectronics X-CUBE-FREERTOS 1.1.0
2023-10-26 08:42:43,348 [INFO] ThirdParty:1030 - CMSIS Pack Vendor :STMicroelectronics X-CUBE-TOUCHGFX 4.22.0
2023-10-26 08:42:43,348 [INFO] ThirdParty:1030 - CMSIS Pack Vendor :STMicroelectronics X-CUBE-NFC7 1.0.1
2023-10-26 08:42:43,348 [INFO] ThirdParty:1030 - CMSIS Pack Vendor :STMicroelectronics MBEDTLS 2.14.1
2023-10-26 08:42:43,348 [INFO] ThirdParty:1030 - CMSIS Pack Vendor :STMicroelectronics X-CUBE-TOUCHGFX 4.22.1
2023-10-26 08:42:43,348 [INFO] ThirdParty:1030 - CMSIS Pack Vendor :STMicroelectronics X-CUBE-NFC6 3.0.0
2023-10-26 08:42:43,350 [INFO] ThirdParty:1030 - CMSIS Pack Vendor :STMicroelectronics X-CUBE-EEPRMA1 4.1.0
2023-10-26 08:42:43,350 [INFO] ThirdParty:1030 - CMSIS Pack Vendor :portGmbH I-Cube-SoM-uGOAL 1.1.0
2023-10-26 08:42:43,350 [INFO] ThirdParty:1030 - CMSIS Pack Vendor :STMicroelectronics X-CUBE-ALS 1.0.1
2023-10-26 08:42:43,350 [INFO] ThirdParty:1030 - CMSIS Pack Vendor :STMicroelectronics ThreadX 1.0.0
2023-10-26 08:42:43,350 [INFO] ThirdParty:1030 - CMSIS Pack Vendor :STMicroelectronics FP-SNS-SMARTAG2 1.2.0
2023-10-26 08:42:43,350 [INFO] ThirdParty:1030 - CMSIS Pack Vendor :STMicroelectronics X-CUBE-AZRTOS-WB 1.1.0
2023-10-26 08:42:43,350 [INFO] ThirdParty:1030 - CMSIS Pack Vendor :STMicroelectronics X-CUBE-AZRTOS-WL 2.0.0
2023-10-26 08:42:43,350 [INFO] ThirdParty:1030 - CMSIS Pack Vendor :SEGGER I-CUBE-embOS 1.3.1
2023-10-26 08:42:43,350 [INFO] ThirdParty:1030 - CMSIS Pack Vendor :STMicroelectronics USB_DEVICE 1.0.0
2023-10-26 08:42:43,350 [INFO] ThirdParty:1030 - CMSIS Pack Vendor :STMicroelectronics X-CUBE-AI 8.1.0
2023-10-26 08:42:43,350 [INFO] ThirdParty:1030 - CMSIS Pack Vendor :STMicroelectronics X-CUBE-AZRTOS-L4 2.0.0
2023-10-26 08:42:43,350 [INFO] ThirdParty:1030 - CMSIS Pack Vendor :STMicroelectronics ThreadX 0.0.2
2023-10-26 08:42:43,350 [INFO] ThirdParty:1030 - CMSIS Pack Vendor :WES I-CUBE-Cesium 1.3.0
2023-10-26 08:42:43,350 [INFO] ThirdParty:1030 - CMSIS Pack Vendor :STMicroelectronics FP-ATR-ASTRA1 2.0.0
2023-10-26 08:42:43,350 [INFO] ThirdParty:1030 - CMSIS Pack Vendor :STMicroelectronics lwIP 2.1.2
2023-10-26 08:42:43,350 [INFO] ThirdParty:1030 - CMSIS Pack Vendor :STMicroelectronics X-CUBE-SFXS2LP1 4.0.0
2023-10-26 08:42:43,350 [INFO] ThirdParty:1030 - CMSIS Pack Vendor :STMicroelectronics X-CUBE-BLE2 3.3.0
2023-10-26 08:42:43,350 [INFO] ThirdParty:1030 - CMSIS Pack Vendor :STMicroelectronics PDM2PCM 3.2.0
2023-10-26 08:42:43,350 [INFO] ThirdParty:1030 - CMSIS Pack Vendor :STMicroelectronics X-CUBE-TOUCHGFX 4.18.0
2023-10-26 08:42:43,351 [INFO] ThirdParty:841 - exiting critical section [change project]
2023-10-26 08:42:43,454 [INFO] PinOutPanel:1499 - setPackage(No Configuration,No Configuration)
2023-10-26 08:42:43,455 [INFO] PinOutPanel:1499 - setPackage(STM32F103C8Tx,LQFP48)
2023-10-26 08:42:43,618 [INFO] UtilMem:75 - Before build in PCC Used Memory: 812568856 Bytes (1073741824)
2023-10-26 08:42:43,944 [INFO] UtilMem:75 - After build in PCC Used Memory: 381226776 Bytes (1073741824)
2023-10-26 08:42:43,964 [INFO] IPUIPlugin:80 - create IPUIPlugin
2023-10-26 08:42:43,964 [INFO] IPUIPlugin:80 - create IPUIPlugin
2023-10-26 08:42:43,964 [INFO] IPUIPlugin:80 - create IPUIPlugin
2023-10-26 08:42:43,964 [INFO] IPUIPlugin:80 - create IPUIPlugin
2023-10-26 08:42:43,964 [INFO] IPUIPlugin:80 - create IPUIPlugin
2023-10-26 08:42:43,964 [INFO] IPUIPlugin:80 - create IPUIPlugin
2023-10-26 08:42:43,965 [INFO] IPUIPlugin:80 - create IPUIPlugin
2023-10-26 08:42:43,965 [INFO] IPUIPlugin:80 - create IPUIPlugin
2023-10-26 08:42:43,965 [INFO] IPUIPlugin:80 - create IPUIPlugin
2023-10-26 08:42:43,965 [INFO] IPUIPlugin:80 - create IPUIPlugin
2023-10-26 08:42:43,966 [INFO] IPUIPlugin:80 - create IPUIPlugin
2023-10-26 08:42:43,966 [INFO] IPUIPlugin:80 - create IPUIPlugin
2023-10-26 08:42:43,966 [INFO] IPUIPlugin:80 - create IPUIPlugin
2023-10-26 08:42:43,966 [INFO] IPUIPlugin:80 - create IPUIPlugin
2023-10-26 08:42:43,966 [INFO] IPUIPlugin:80 - create IPUIPlugin
2023-10-26 08:42:43,966 [INFO] IPUIPlugin:80 - create IPUIPlugin
2023-10-26 08:42:43,966 [INFO] IPUIPlugin:80 - create IPUIPlugin
2023-10-26 08:42:43,966 [INFO] IPUIPlugin:80 - create IPUIPlugin
2023-10-26 08:42:43,967 [INFO] IPUIPlugin:80 - create IPUIPlugin
2023-10-26 08:42:43,967 [INFO] IPUIPlugin:80 - create IPUIPlugin
2023-10-26 08:42:43,967 [INFO] IPUIPlugin:80 - create IPUIPlugin
2023-10-26 08:42:43,967 [INFO] IPUIPlugin:80 - create IPUIPlugin
2023-10-26 08:42:43,967 [INFO] IPUIPlugin:80 - create IPUIPlugin
2023-10-26 08:42:43,968 [INFO] IPUIPlugin:80 - create IPUIPlugin
2023-10-26 08:42:43,968 [INFO] IPUIPlugin:80 - create IPUIPlugin
2023-10-26 08:42:43,968 [INFO] IPUIPlugin:80 - create IPUIPlugin
2023-10-26 08:42:43,968 [INFO] IPUIPlugin:80 - create IPUIPlugin
2023-10-26 08:42:44,008 [INFO] CADModel:165 - CPN selected for project levelSTM32F103C8T6
2023-10-26 08:42:44,008 [INFO] CADModel:114 - Register for checkConnection events
2023-10-26 08:42:44,056 [INFO] OpenFileManager:328 - Restore cursor
2023-10-26 08:43:10,762 [INFO] NvicIntPanel:101 - NVIC parent = com.st.microxplorer.plugins.ip.nvic.MultiNvicIntPanel[,0,0,0x0,invalid,layout=javax.swing.BoxLayout,alignmentX=0.0,alignmentY=0.0,border=,flags=9,maximumSize=,minimumSize=,preferredSize=]
2023-10-26 08:43:20,760 [INFO] NvicIntPanel:101 - NVIC parent = com.st.microxplorer.plugins.ip.nvic.MultiNvicIntPanel[,0,0,0x0,invalid,layout=javax.swing.BoxLayout,alignmentX=0.0,alignmentY=0.0,border=,flags=9,maximumSize=,minimumSize=,preferredSize=]
2023-10-26 08:44:00,758 [INFO] NvicIntPanel:101 - NVIC parent = com.st.microxplorer.plugins.ip.nvic.MultiNvicIntPanel[,0,0,0x0,invalid,layout=javax.swing.BoxLayout,alignmentX=0.0,alignmentY=0.0,border=,flags=9,maximumSize=,minimumSize=,preferredSize=]
2023-10-26 08:47:07,885 [INFO] NvicIntPanel:101 - NVIC parent = com.st.microxplorer.plugins.ip.nvic.MultiNvicIntPanel[,0,0,0x0,invalid,layout=javax.swing.BoxLayout,alignmentX=0.0,alignmentY=0.0,border=,flags=9,maximumSize=,minimumSize=,preferredSize=]
2023-10-26 08:47:40,985 [INFO] UtilMem:75 - End SaveConfig() Used Memory: 753970736 Bytes (1073741824)
2023-10-26 08:47:41,243 [INFO] UtilMem:75 - End SaveConfig() Used Memory: 776946624 Bytes (1073741824)
2023-10-26 08:47:41,790 [INFO] UtilMem:75 - End SaveConfig() Used Memory: 809976752 Bytes (1073741824)
2023-10-26 08:47:42,101 [INFO] BlockDiagram:2759 - set Specific Code input for plugin: TIM1_8F1
2023-10-26 08:47:42,101 [INFO] BlockDiagram:2759 - set Specific Code input for plugin: TIM1_8F1
2023-10-26 08:47:42,101 [INFO] BlockDiagram:2759 - set Specific Code input for plugin: TIM1_8F1
2023-10-26 08:47:42,101 [INFO] BlockDiagram:2759 - set Specific Code input for plugin: TIM1_8F1
2023-10-26 08:47:42,101 [INFO] BlockDiagram:2759 - set Specific Code input for plugin: SYS
2023-10-26 08:47:42,101 [INFO] BlockDiagram:2759 - set Specific Code input for plugin: RCC
2023-10-26 08:47:42,101 [INFO] BlockDiagram:2759 - set Specific Code input for plugin: NVIC
2023-10-26 08:47:42,101 [INFO] BlockDiagram:2759 - set Specific Code input for plugin: GPIO
2023-10-26 08:47:42,102 [INFO] CodeGenerator:799 - code generatio: config db path: C:\ST\STM32CubeIDE_1.12.0\STM32CubeIDE\plugins\com.st.stm32cube.common.mx_6.9.2.202309101412\\db\
2023-10-26 08:47:42,298 [INFO] CodeEngine:255 - oldGeneratedFile, D:\STM32\motor123\MXTmpFiles\license.tmp_save
2023-10-26 08:47:42,394 [INFO] CodeEngine:279 - Generated code: D:\STM32\motor123\MXTmpFiles\license.tmp
2023-10-26 08:47:42,453 [INFO] CodeEngine:255 - oldGeneratedFile, D:\STM32\motor123\MXTmpFiles\gpio.tmp_save
2023-10-26 08:47:42,558 [INFO] CodeEngine:279 - Generated code: D:\STM32\motor123\MXTmpFiles\gpio.tmp
2023-10-26 08:47:42,714 [INFO] CodeEngine:255 - oldGeneratedFile, D:\STM32\motor123\Core\Src\stm32f1xx_it.c_save
2023-10-26 08:47:42,930 [INFO] CodeEngine:279 - Generated code: D:\STM32\motor123\Core\Src\stm32f1xx_it.c
2023-10-26 08:47:42,944 [INFO] CodeEngine:255 - oldGeneratedFile, D:\STM32\motor123\Core\Inc\stm32f1xx_it.h_save
2023-10-26 08:47:42,997 [INFO] CodeEngine:279 - Generated code: D:\STM32\motor123\Core\Inc\stm32f1xx_it.h
2023-10-26 08:47:43,019 [INFO] CodeEngine:255 - oldGeneratedFile, D:\STM32\motor123\Core\Src\stm32f1xx_hal_msp.c_save
2023-10-26 08:47:43,134 [INFO] CodeEngine:279 - Generated code: D:\STM32\motor123\Core\Src\stm32f1xx_hal_msp.c
2023-10-26 08:47:43,142 [INFO] CodeEngine:255 - oldGeneratedFile, D:\STM32\motor123\MXTmpFiles\system.tmp_save
2023-10-26 08:47:43,187 [INFO] CodeEngine:279 - Generated code: D:\STM32\motor123\MXTmpFiles\system.tmp
2023-10-26 08:47:43,206 [INFO] CodeEngine:311 - oldGeneratedFile, D:\STM32\motor123\Core\Inc\stm32f1xx_hal_conf.h_save
2023-10-26 08:47:43,382 [INFO] CodeEngine:335 - Generated code: D:\STM32\motor123\Core\Inc\stm32f1xx_hal_conf.h
2023-10-26 08:47:43,404 [WARN] IPConfigManager:3431 - IP not found : TIM
2023-10-26 08:47:43,404 [WARN] CodeGenerator:3764 - IP not found : null
2023-10-26 08:47:43,423 [INFO] CodeEngine:255 - oldGeneratedFile, D:\STM32\motor123\Core\Inc\main.h_save
2023-10-26 08:47:43,497 [INFO] CodeEngine:279 - Generated code: D:\STM32\motor123\Core\Inc\main.h
2023-10-26 08:47:43,513 [INFO] CodeEngine:255 - oldGeneratedFile, D:\STM32\motor123\Core\Src\main.c_save
2023-10-26 08:47:43,613 [INFO] CodeEngine:279 - Generated code: D:\STM32\motor123\Core\Src\main.c
2023-10-26 08:47:44,031 [INFO] ProjectBuilder:3064 - Time for Copy HAL[1] : 104mS.
2023-10-26 08:47:44,033 [INFO] ProjectBuilder:4404 - Project Generator version: 4.1.0
2023-10-26 08:47:44,263 [INFO] ConfigFileManager:1457 - The Die is : DIE410
2023-10-26 08:47:44,276 [INFO] ApiDbMcu:507 - Load IP Config File for FATFS
2023-10-26 08:47:44,317 [INFO] ApiDbMcu:507 - Load IP Config File for FREERTOS
2023-10-26 08:47:44,343 [INFO] ApiDbMcu:507 - Load IP Config File for USB_DEVICE
2023-10-26 08:47:46,244 [INFO] ProjectBuilder:4626 - Time for Generating toolchain IDE Files: 2211mS.
2023-10-26 08:47:46,245 [INFO] ProjectBuilder:2935 - Time for Copy CMSIS : 1mS.
2023-10-26 08:47:46,245 [INFO] ProjectBuilder:2935 - Time for Copy CMSIS : 0mS.
