2024-01-22 09:27:19,548 [INFO] Activator:176 - 


2024-01-22 09:27:19,553 [INFO] Activator:177 - !SESSION log4j initialized
2024-01-22 09:27:27,246 [INFO] LogOutputStream:77 - [STDOUT_REDIRECT] 
2024-01-22 09:27:28,194 [ERROR] LogOutputStream:75 - [STDERR_REDIRECT] ?.?. 22, 2024 9:27:28 ??????? org.glassfish.grizzly.http.server.NetworkListener start
2024-01-22 09:27:28,195 [ERROR] LogOutputStream:75 - [STDERR_REDIRECT] INFO: Started listener bound to [localhost:1593]
2024-01-22 09:27:28,196 [ERROR] LogOutputStream:75 - [STDERR_REDIRECT] 
2024-01-22 09:27:28,198 [ERROR] LogOutputStream:75 - [STDERR_REDIRECT] ?.?. 22, 2024 9:27:28 ??????? org.glassfish.grizzly.http.server.HttpServer start
2024-01-22 09:27:28,201 [ERROR] LogOutputStream:75 - [STDERR_REDIRECT] INFO: [HttpServer] Started.
2024-01-22 09:27:28,202 [ERROR] LogOutputStream:75 - [STDERR_REDIRECT] 
2024-01-22 09:27:28,482 [INFO] ApplicationProperties:184 - Using Application install path: C:\ST\STM32CubeIDE_1.12.0\STM32CubeIDE\plugins\com.st.stm32cube.common.mx_6.10.0.202311202037
2024-01-22 09:27:28,503 [INFO] DbMcusXml:78 - Set database path to: C:\ST\STM32CubeIDE_1.12.0\STM32CubeIDE\plugins\com.st.stm32cube.common.mx_6.10.0.202311202037\\db\/mcu/
2024-01-22 09:27:28,504 [INFO] ApiDb:274 - Set plugin database path to: C:\ST\STM32CubeIDE_1.12.0\STM32CubeIDE\plugins\com.st.stm32cube.common.mx_6.10.0.202311202037\\db\/plugins/boardmanager/
2024-01-22 09:27:28,505 [WARN] ApiDb:259 - Overriding images path with different value:  => C:\ST\STM32CubeIDE_1.12.0\STM32CubeIDE\plugins\com.st.stm32cube.common.mx_6.10.0.202311202037\\db\/plugins/mcufinder/images/
2024-01-22 09:27:28,522 [INFO] ApiDb:250 - Set database path to: C:\Users\user\.stmcufinder\plugins\mcufinder//mcu/
2024-01-22 09:27:28,523 [INFO] DbMcusAds:125 - Set database path to: C:\Users\user\.stmcufinder\plugins\mcufinder//mcu/
2024-01-22 09:27:28,526 [INFO] CrossReferenceDbSqlite:203 - Set database path to: C:\Users\user\.stmcufinder\plugins\mcufinder//mcu/cs/
2024-01-22 09:27:28,651 [INFO] RulesReader:64 - Compatibility file has been processed (297 Rules)
2024-01-22 09:27:28,737 [INFO] DbMcusXml:78 - Set database path to: C:\ST\STM32CubeIDE_1.12.0\STM32CubeIDE\plugins\com.st.stm32cube.common.mx_6.10.0.202311202037\\db\/mcu/
2024-01-22 09:27:28,738 [INFO] ApiDb:274 - Set plugin database path to: C:\ST\STM32CubeIDE_1.12.0\STM32CubeIDE\plugins\com.st.stm32cube.common.mx_6.10.0.202311202037\\db\/plugins/boardmanager/
2024-01-22 09:27:28,738 [INFO] ApiDb:261 - Set plugin images path to: C:\ST\STM32CubeIDE_1.12.0\STM32CubeIDE\plugins\com.st.stm32cube.common.mx_6.10.0.202311202037\\db\/plugins/mcufinder/images/
2024-01-22 09:27:28,738 [WARN] DbFile:41 - Overriding database path with different value: C:\Users\user\.stmcufinder\plugins\mcufinder/ => C:\Users\user\.stmcufinder\plugins\mcufinder
2024-01-22 09:27:28,738 [INFO] ApiDb:250 - Set database path to: C:\Users\user\.stmcufinder\plugins\mcufinder//mcu/
2024-01-22 09:27:28,738 [WARN] DbFile:41 - Overriding database path with different value: C:\Users\user\.stmcufinder\plugins\mcufinder/ => C:\Users\user\.stmcufinder\plugins\mcufinder
2024-01-22 09:27:28,738 [INFO] DbMcusAds:125 - Set database path to: C:\Users\user\.stmcufinder\plugins\mcufinder//mcu/
2024-01-22 09:27:28,738 [WARN] DbFile:41 - Overriding database path with different value: C:\Users\user\.stmcufinder\plugins\mcufinder/ => C:\Users\user\.stmcufinder\plugins\mcufinder
2024-01-22 09:27:28,738 [WARN] DbFile:41 - Overriding database path with different value: C:\Users\user\.stmcufinder\plugins\mcufinder/ => C:\Users\user\.stmcufinder\plugins\mcufinder
2024-01-22 09:27:28,739 [INFO] CrossReferenceDbSqlite:203 - Set database path to: C:\Users\user\.stmcufinder\plugins\mcufinder//mcu/cs/
2024-01-22 09:27:28,831 [INFO] MainPanel:264 - HeapMemory: 268435456
2024-01-22 09:27:28,952 [INFO] DbMcusXml:78 - Set database path to: C:\ST\STM32CubeIDE_1.12.0\STM32CubeIDE\plugins\com.st.stm32cube.common.mx_6.10.0.202311202037\\db\/mcu/
2024-01-22 09:27:28,952 [INFO] ApiDb:274 - Set plugin database path to: C:\ST\STM32CubeIDE_1.12.0\STM32CubeIDE\plugins\com.st.stm32cube.common.mx_6.10.0.202311202037\\db\/plugins/boardmanager/
2024-01-22 09:27:28,953 [INFO] ApiDb:261 - Set plugin images path to: C:\ST\STM32CubeIDE_1.12.0\STM32CubeIDE\plugins\com.st.stm32cube.common.mx_6.10.0.202311202037\\db\/plugins/mcufinder/images/
2024-01-22 09:27:28,953 [WARN] DbFile:41 - Overriding database path with different value: C:\Users\user\.stmcufinder\plugins\mcufinder/ => C:\Users\user\.stmcufinder\plugins\mcufinder
2024-01-22 09:27:28,953 [INFO] ApiDb:250 - Set database path to: C:\Users\user\.stmcufinder\plugins\mcufinder//mcu/
2024-01-22 09:27:28,953 [WARN] DbFile:41 - Overriding database path with different value: C:\Users\user\.stmcufinder\plugins\mcufinder/ => C:\Users\user\.stmcufinder\plugins\mcufinder
2024-01-22 09:27:28,953 [INFO] DbMcusAds:125 - Set database path to: C:\Users\user\.stmcufinder\plugins\mcufinder//mcu/
2024-01-22 09:27:28,953 [WARN] DbFile:41 - Overriding database path with different value: C:\Users\user\.stmcufinder\plugins\mcufinder/ => C:\Users\user\.stmcufinder\plugins\mcufinder
2024-01-22 09:27:28,953 [WARN] DbFile:41 - Overriding database path with different value: C:\Users\user\.stmcufinder\plugins\mcufinder/ => C:\Users\user\.stmcufinder\plugins\mcufinder
2024-01-22 09:27:28,953 [INFO] CrossReferenceDbSqlite:203 - Set database path to: C:\Users\user\.stmcufinder\plugins\mcufinder//mcu/cs/
2024-01-22 09:27:28,971 [INFO] ApplicationProperties:184 - Using Application install path: C:\ST\STM32CubeIDE_1.12.0\STM32CubeIDE\plugins\com.st.stm32cube.common.mx_6.10.0.202311202037
2024-01-22 09:27:28,974 [INFO] PluginManage:196 - Search for loadable plugins [exclusion list=, ]
2024-01-22 09:27:28,976 [INFO] PluginManage:310 - Check plugin analytics
2024-01-22 09:27:29,230 [INFO] AnalyticsPlugin:253 - Accepted Software Licenses: STM32CubeMX.6.8.0,STM32CubeMX.6.8.1,STM32CubeMX.6.5.0,STM32CubeMX.6.9.1,STM32CubeMX.6.9.2,STM32CubeMX.6.10.0
2024-01-22 09:27:29,230 [INFO] AnalyticsPlugin:255 - Accepted CMSIS Pack Licenses: emotas.I-CUBE-CANOPEN.1.1.3,STMicroelectronics.X-CUBE-TOUCHGFX.4.21.0,STMicroelectronics.X-CUBE-TOUCHGFX.4.21.1,STMicroelectronics.X-CUBE-TOUCHGFX.4.18.0,STMicroelectronics.X-CUBE-TOUCHGFX.4.22.1,STMicroelectronics.X-CUBE-AZRTOS-H7.3.1.0,STMicroelectronics.X-CUBE-AZRTOS-H7.3.2.0,ITTIA_DB.I-CUBE-ITTIADB.8.8.0
2024-01-22 09:27:29,231 [INFO] AnalyticsPlugin:257 - Accepted Firmware Licenses: FW.H7.1.11.0,FW.G0.1.6.0,FW.F4.1.27.0
2024-01-22 09:27:29,234 [INFO] PluginManage:359 - Loaded plugin analytics (category:tool,tabindex:-1)
2024-01-22 09:27:29,234 [INFO] PluginManage:310 - Check plugin cadmodel
2024-01-22 09:27:29,243 [INFO] CADModel:105 - Init CAD model plugin
2024-01-22 09:27:29,243 [INFO] PluginManage:359 - Loaded plugin cadmodel (category:power,tabindex:5)
2024-01-22 09:27:29,244 [INFO] PluginManage:310 - Check plugin clock
2024-01-22 09:27:29,261 [INFO] PluginManage:359 - Loaded plugin clock (category:base,tabindex:2)
2024-01-22 09:27:29,262 [INFO] PluginManage:310 - Check plugin ddr
2024-01-22 09:27:29,265 [INFO] PluginManage:359 - Loaded plugin ddr (category:tool,tabindex:6)
2024-01-22 09:27:29,265 [INFO] PluginManage:310 - Check plugin filemanager
2024-01-22 09:27:29,449 [INFO] PluginManage:359 - Loaded plugin filemanager (category:base,tabindex:10)
2024-01-22 09:27:29,449 [INFO] PluginManage:310 - Check plugin ipmanager
2024-01-22 09:27:29,455 [INFO] PluginManage:359 - Loaded plugin ipmanager (category:base,tabindex:5)
2024-01-22 09:27:29,455 [INFO] PluginManage:310 - Check plugin lpbam
2024-01-22 09:27:29,467 [INFO] PluginManage:359 - Loaded plugin lpbam (category:base,tabindex:0)
2024-01-22 09:27:29,467 [INFO] PluginManage:310 - Check plugin memorymap
2024-01-22 09:27:29,483 [INFO] PluginManage:359 - Loaded plugin memorymap (category:base,tabindex:4)
2024-01-22 09:27:29,483 [INFO] PluginManage:310 - Check plugin pinoutandconfiguration
2024-01-22 09:27:29,494 [INFO] PluginManage:359 - Loaded plugin pinoutandconfiguration (category:base,tabindex:1)
2024-01-22 09:27:29,494 [INFO] PluginManage:310 - Check plugin pinoutconfig
2024-01-22 09:27:29,588 [WARN] SupportedApi:132 - Cannot load RTOS API schema: s4s-elt-must-match.1: The content of 'definitions' must match (annotation?, (simpleType | complexType)?, (unique | key | keyref)*)). A problem was found starting at: attribute.
2024-01-22 09:27:29,777 [INFO] PluginManage:359 - Loaded plugin pinoutconfig (category:base,tabindex:0)
2024-01-22 09:27:29,778 [INFO] PluginManage:310 - Check plugin power
2024-01-22 09:27:29,809 [INFO] PluginManage:359 - Loaded plugin power (category:power,tabindex:4)
2024-01-22 09:27:29,809 [INFO] PluginManage:310 - Check plugin projectmanager
2024-01-22 09:27:29,834 [INFO] PluginManage:359 - Loaded plugin projectmanager (category:projectmanager,tabindex:3)
2024-01-22 09:27:29,834 [INFO] PluginManage:310 - Check plugin thirdparty
2024-01-22 09:27:30,053 [INFO] PluginManage:359 - Loaded plugin thirdparty (category:base,tabindex:-1)
2024-01-22 09:27:30,053 [INFO] PluginManage:310 - Check plugin tools
2024-01-22 09:27:30,055 [WARN] IntegrityCheckThread:84 - waiting for thirdparty lock release [integrity check]
2024-01-22 09:27:30,056 [INFO] IntegrityCheckThread:86 - entering critical section [integrity check]
2024-01-22 09:27:30,057 [INFO] ThirdPartyUpdaterWithRetryManager:70 - Updater plugin not ready yet. [1/15]
2024-01-22 09:27:30,057 [INFO] PluginManage:359 - Loaded plugin tools (category:base,tabindex:7)
2024-01-22 09:27:30,057 [INFO] PluginManage:310 - Check plugin tutovideos
2024-01-22 09:27:30,270 [INFO] PluginManage:359 - Loaded plugin tutovideos (category:base,tabindex:-1)
2024-01-22 09:27:30,270 [INFO] PluginManage:310 - Check plugin updater
2024-01-22 09:27:30,284 [INFO] PluginManage:359 - Loaded plugin updater (category:base,tabindex:12)
2024-01-22 09:27:30,284 [INFO] PluginManage:310 - Check plugin userauth
2024-01-22 09:27:30,292 [INFO] UserAuth:114 - Init User Auth plugin
2024-01-22 09:27:30,292 [INFO] PluginManage:359 - Loaded plugin userauth (category:base,tabindex:14)
2024-01-22 09:27:30,292 [INFO] PluginManage:283 - PluginManage : Loaded plugins [17]
2024-01-22 09:27:30,527 [INFO] PinOutPanel:1499 - setPackage(No Configuration,No Configuration)
2024-01-22 09:27:30,631 [INFO] CADModel:165 - CPN selected for project level
2024-01-22 09:27:30,631 [INFO] CADModel:114 - Register for checkConnection events
2024-01-22 09:27:30,650 [INFO] IPUIPlugin:80 - create IPUIPlugin
2024-01-22 09:27:30,650 [INFO] PluginManager:220 - loadIPPluginJar : add adc
2024-01-22 09:27:30,653 [INFO] IPUIPlugin:80 - create IPUIPlugin
2024-01-22 09:27:30,653 [INFO] PluginManager:220 - loadIPPluginJar : add aes
2024-01-22 09:27:30,655 [INFO] IPUIPlugin:80 - create IPUIPlugin
2024-01-22 09:27:30,657 [INFO] PluginManager:220 - loadIPPluginJar : add can
2024-01-22 09:27:30,658 [INFO] IPUIPlugin:80 - create IPUIPlugin
2024-01-22 09:27:30,659 [INFO] PluginManager:220 - loadIPPluginJar : add comp
2024-01-22 09:27:30,661 [INFO] IPUIPlugin:80 - create IPUIPlugin
2024-01-22 09:27:30,661 [INFO] PluginManager:220 - loadIPPluginJar : add cryp
2024-01-22 09:27:30,665 [INFO] IPUIPlugin:80 - create IPUIPlugin
2024-01-22 09:27:30,665 [INFO] PluginManager:220 - loadIPPluginJar : add dfsdm
2024-01-22 09:27:30,671 [INFO] IPUIPlugin:80 - create IPUIPlugin
2024-01-22 09:27:30,671 [INFO] PluginManager:220 - loadIPPluginJar : add dma
2024-01-22 09:27:30,675 [INFO] IPUIPlugin:80 - create IPUIPlugin
2024-01-22 09:27:30,675 [INFO] PluginManager:220 - loadIPPluginJar : add dma3
2024-01-22 09:27:30,677 [INFO] IPUIPlugin:80 - create IPUIPlugin
2024-01-22 09:27:30,677 [INFO] PluginManager:220 - loadIPPluginJar : add fatfs
2024-01-22 09:27:30,680 [INFO] IPUIPlugin:80 - create IPUIPlugin
2024-01-22 09:27:30,681 [INFO] PluginManager:220 - loadIPPluginJar : add fmc
2024-01-22 09:27:30,686 [INFO] IPUIPlugin:80 - create IPUIPlugin
2024-01-22 09:27:30,686 [INFO] PluginManager:220 - loadIPPluginJar : add freertos
2024-01-22 09:27:30,689 [INFO] IPUIPlugin:80 - create IPUIPlugin
2024-01-22 09:27:30,689 [INFO] PluginManager:220 - loadIPPluginJar : add genericplugin
2024-01-22 09:27:30,692 [INFO] IPUIPlugin:80 - create IPUIPlugin
2024-01-22 09:27:30,692 [INFO] PluginManager:220 - loadIPPluginJar : add gfxmmu
2024-01-22 09:27:30,697 [INFO] IPUIPlugin:80 - create IPUIPlugin
2024-01-22 09:27:30,697 [INFO] PluginManager:220 - loadIPPluginJar : add gic
2024-01-22 09:27:30,700 [INFO] IPUIPlugin:80 - create IPUIPlugin
2024-01-22 09:27:30,700 [INFO] PluginManager:220 - loadIPPluginJar : add gpio
2024-01-22 09:27:30,704 [INFO] IPUIPlugin:80 - create IPUIPlugin
2024-01-22 09:27:30,704 [INFO] PluginManager:220 - loadIPPluginJar : add gtzc
2024-01-22 09:27:30,707 [INFO] IPUIPlugin:80 - create IPUIPlugin
2024-01-22 09:27:30,708 [INFO] PluginManager:220 - loadIPPluginJar : add hash
2024-01-22 09:27:30,712 [INFO] IPUIPlugin:80 - create IPUIPlugin
2024-01-22 09:27:30,712 [INFO] PluginManager:220 - loadIPPluginJar : add i2c
2024-01-22 09:27:30,715 [INFO] IPUIPlugin:80 - create IPUIPlugin
2024-01-22 09:27:30,715 [INFO] PluginManager:220 - loadIPPluginJar : add i2s
2024-01-22 09:27:30,718 [INFO] IPUIPlugin:80 - create IPUIPlugin
2024-01-22 09:27:30,718 [INFO] PluginManager:220 - loadIPPluginJar : add i3c
2024-01-22 09:27:30,723 [INFO] IPUIPlugin:80 - create IPUIPlugin
2024-01-22 09:27:30,723 [INFO] PluginManager:220 - loadIPPluginJar : add ipddr
2024-01-22 09:27:30,735 [INFO] IPUIPlugin:80 - create IPUIPlugin
2024-01-22 09:27:30,735 [INFO] PluginManager:220 - loadIPPluginJar : add linkedlist
2024-01-22 09:27:30,739 [INFO] IPUIPlugin:80 - create IPUIPlugin
2024-01-22 09:27:30,739 [INFO] PluginManager:220 - loadIPPluginJar : add lorawan
2024-01-22 09:27:30,743 [INFO] IPUIPlugin:80 - create IPUIPlugin
2024-01-22 09:27:30,743 [INFO] PluginManager:220 - loadIPPluginJar : add ltdc
2024-01-22 09:27:30,750 [INFO] IPUIPlugin:80 - create IPUIPlugin
2024-01-22 09:27:30,751 [INFO] PluginManager:220 - loadIPPluginJar : add mdma
2024-01-22 09:27:30,759 [INFO] IPUIPlugin:80 - create IPUIPlugin
2024-01-22 09:27:30,759 [INFO] PluginManager:220 - loadIPPluginJar : add nvic
2024-01-22 09:27:30,762 [INFO] IPUIPlugin:80 - create IPUIPlugin
2024-01-22 09:27:30,762 [INFO] PluginManager:220 - loadIPPluginJar : add opamp
2024-01-22 09:27:30,767 [INFO] IPUIPlugin:80 - create IPUIPlugin
2024-01-22 09:27:30,767 [INFO] PluginManager:220 - loadIPPluginJar : add openamp
2024-01-22 09:27:30,770 [INFO] IPUIPlugin:80 - create IPUIPlugin
2024-01-22 09:27:30,771 [INFO] PluginManager:220 - loadIPPluginJar : add pdm2pcm
2024-01-22 09:27:30,778 [INFO] IPUIPlugin:80 - create IPUIPlugin
2024-01-22 09:27:30,779 [INFO] PluginManager:220 - loadIPPluginJar : add plateformsettings
2024-01-22 09:27:30,781 [INFO] IPUIPlugin:80 - create IPUIPlugin
2024-01-22 09:27:30,781 [INFO] PluginManager:220 - loadIPPluginJar : add quadspi
2024-01-22 09:27:30,787 [INFO] IPUIPlugin:80 - create IPUIPlugin
2024-01-22 09:27:30,787 [INFO] PluginManager:220 - loadIPPluginJar : add resmgrutility
2024-01-22 09:27:30,791 [INFO] IPUIPlugin:80 - create IPUIPlugin
2024-01-22 09:27:30,791 [INFO] PluginManager:220 - loadIPPluginJar : add sai
2024-01-22 09:27:30,794 [INFO] IPUIPlugin:80 - create IPUIPlugin
2024-01-22 09:27:30,794 [INFO] PluginManager:220 - loadIPPluginJar : add spi
2024-01-22 09:27:30,800 [INFO] IPUIPlugin:80 - create IPUIPlugin
2024-01-22 09:27:30,801 [INFO] PluginManager:220 - loadIPPluginJar : add stm32_wpan
2024-01-22 09:27:30,802 [INFO] IPUIPlugin:80 - create IPUIPlugin
2024-01-22 09:27:30,803 [INFO] PluginManager:220 - loadIPPluginJar : add tim
2024-01-22 09:27:30,807 [INFO] IPUIPlugin:80 - create IPUIPlugin
2024-01-22 09:27:30,807 [INFO] PluginManager:220 - loadIPPluginJar : add touchsensing
2024-01-22 09:27:30,810 [INFO] IPUIPlugin:80 - create IPUIPlugin
2024-01-22 09:27:30,810 [INFO] PluginManager:220 - loadIPPluginJar : add tracer_emb
2024-01-22 09:27:30,812 [INFO] IPUIPlugin:80 - create IPUIPlugin
2024-01-22 09:27:30,813 [INFO] PluginManager:220 - loadIPPluginJar : add ts
2024-01-22 09:27:30,814 [INFO] IPUIPlugin:80 - create IPUIPlugin
2024-01-22 09:27:30,814 [INFO] PluginManager:220 - loadIPPluginJar : add tsc
2024-01-22 09:27:30,817 [INFO] IPUIPlugin:80 - create IPUIPlugin
2024-01-22 09:27:30,818 [INFO] PluginManager:220 - loadIPPluginJar : add ucpd
2024-01-22 09:27:30,821 [INFO] IPUIPlugin:80 - create IPUIPlugin
2024-01-22 09:27:30,821 [INFO] PluginManager:220 - loadIPPluginJar : add usart
2024-01-22 09:27:30,826 [INFO] IPUIPlugin:80 - create IPUIPlugin
2024-01-22 09:27:30,826 [INFO] PluginManager:220 - loadIPPluginJar : add usbx
2024-01-22 09:27:30,952 [INFO] CADModel:165 - CPN selected for project level
2024-01-22 09:27:30,952 [INFO] CADModel:114 - Register for checkConnection events
2024-01-22 09:27:30,952 [FATAL] Updater:308 - Updater called before beeing initialized
2024-01-22 09:27:30,953 [ERROR] CADModel:125 - Updater not yet initialized, retry later 
2024-01-22 09:27:31,105 [INFO] CADModel:165 - CPN selected for project level
2024-01-22 09:27:31,106 [INFO] CADModel:114 - Register for checkConnection events
2024-01-22 09:27:31,106 [FATAL] Updater:308 - Updater called before beeing initialized
2024-01-22 09:27:31,106 [ERROR] CADModel:125 - Updater not yet initialized, retry later 
2024-01-22 09:27:31,110 [FATAL] Updater:308 - Updater called before beeing initialized
2024-01-22 09:27:31,239 [FATAL] Updater:308 - Updater called before beeing initialized
2024-01-22 09:27:31,248 [INFO] DbMcusAds:53 - JSON generation date=Wed Nov 29 17:52:27 ICT 2023 (1701255147200)
2024-01-22 09:27:31,248 [FATAL] Updater:308 - Updater called before beeing initialized
2024-01-22 09:27:31,285 [WARN] DetailPanel:346 - Failed to get advertising image, set to default
2024-01-22 09:27:31,365 [FATAL] Updater:308 - Updater called before beeing initialized
2024-01-22 09:27:31,367 [FATAL] Updater:308 - Updater called before beeing initialized
2024-01-22 09:27:31,367 [FATAL] Updater:308 - Updater called before beeing initialized
2024-01-22 09:27:31,367 [WARN] DetailPanel:346 - Failed to get advertising image, set to default
2024-01-22 09:27:31,368 [FATAL] Updater:308 - Updater called before beeing initialized
2024-01-22 09:27:31,410 [ERROR] Updater:1120 - MainUpdater not yet initialized. External WinMGr cannot be set.
2024-01-22 09:27:31,412 [INFO] Updater:1056 - Updater Version found : 6.10.0
2024-01-22 09:27:31,430 [INFO] ApplicationProperties:184 - Using Application install path: C:\ST\STM32CubeIDE_1.12.0\STM32CubeIDE\plugins\com.st.stm32cube.common.mx_6.10.0.202311202037
2024-01-22 09:27:32,361 [INFO] MainUpdater:2873 - connection check result : 10
2024-01-22 09:27:32,362 [INFO] MainUpdater:290 - Updater Check For Update Now.
2024-01-22 09:27:32,362 [INFO] MicroXplorer:498 - Change Database Version : DB.6.0.100
2024-01-22 09:27:32,368 [INFO] McuFinderGlobals:63 - Set McuFinder mode to 2 (CubeIDE integrated)
2024-01-22 09:27:32,368 [INFO] UserAuth:180 - activating auth plugin
2024-01-22 09:27:32,371 [INFO] UserAuth:404 - Internet connection configuration mode: 1
2024-01-22 09:27:32,447 [INFO] JxBrowserEngine:152 - Initiate JxBrowser Engine with user profile folder
2024-01-22 09:27:32,612 [INFO] CheckServerUpdateThread:120 - End of CheckServer Thread
2024-01-22 09:27:33,277 [WARN] PackLoader:240 - Cannot read IP mode file for STMicroelectronics.X-CUBE-SMBUS.2.1.0
2024-01-22 09:27:33,310 [WARN] PackLoader:240 - Cannot read IP mode file for STMicroelectronics.X-CUBE-TOUCHGFX.4.23.0
2024-01-22 09:27:33,496 [WARN] PackLoader:240 - Cannot read IP mode file for STMicroelectronics.X-CUBE-AZRTOS-F7.1.1.0
2024-01-22 09:27:33,547 [WARN] PackLoader:240 - Cannot read IP mode file for STMicroelectronics.FP-SNS-MOTENV1.4.3.2
2024-01-22 09:27:33,576 [WARN] PackLoader:240 - Cannot read IP mode file for STMicroelectronics.FP-SNS-FLIGHT1.5.0.2
2024-01-22 09:27:33,600 [WARN] PackLoader:240 - Cannot read IP mode file for STMicroelectronics.X-CUBE-DISPLAY.3.0.0
2024-01-22 09:27:33,652 [WARN] PackLoader:240 - Cannot read IP mode file for STMicroelectronics.X-CUBE-BLE1.7.0.0
2024-01-22 09:27:33,683 [WARN] PackLoader:240 - Cannot read IP mode file for emotas.I-CUBE-CANOPEN.1.3.0
2024-01-22 09:27:33,788 [WARN] PackLoader:240 - Cannot read IP mode file for STMicroelectronics.X-CUBE-TOUCHGFX.4.22.0
2024-01-22 09:27:33,886 [WARN] PackLoader:240 - Cannot read IP mode file for STMicroelectronics.X-CUBE-TOUCHGFX.4.22.1
2024-01-22 09:27:33,987 [WARN] PackLoader:240 - Cannot read IP mode file for STMicroelectronics.FP-SNS-SMARTAG2.1.2.0
2024-01-22 09:27:34,013 [INFO] LogOutputStream:77 - [STDOUT_REDIRECT] 1 : Invalid condition id : UX_CORESTACK_Condition cause : null
2024-01-22 09:27:34,015 [INFO] LogOutputStream:77 - [STDOUT_REDIRECT] 1 : Invalid condition id : UX_CORESTACK_Condition cause : null
2024-01-22 09:27:34,016 [INFO] LogOutputStream:77 - [STDOUT_REDIRECT] 1 : Invalid condition id : UX_CORESTACK_Condition cause : null
2024-01-22 09:27:34,017 [INFO] LogOutputStream:77 - [STDOUT_REDIRECT] 1 : Invalid condition id : UX_CORESTACK_Condition cause : null
2024-01-22 09:27:34,018 [INFO] LogOutputStream:77 - [STDOUT_REDIRECT] 1 : Invalid condition id : UX_CORESTACK_Condition cause : null
2024-01-22 09:27:34,023 [WARN] PackLoader:240 - Cannot read IP mode file for STMicroelectronics.X-CUBE-AZRTOS-WL.2.0.0
2024-01-22 09:27:34,047 [WARN] PackLoader:240 - Cannot read IP mode file for WES.I-CUBE-Cesium.1.3.0
2024-01-22 09:27:34,062 [WARN] PackLoader:240 - Cannot read IP mode file for STMicroelectronics.X-CUBE-BLE2.3.3.0
2024-01-22 09:27:34,077 [WARN] PackLoader:240 - Cannot read IP mode file for STMicroelectronics.X-CUBE-TOUCHGFX.4.18.0
2024-01-22 09:27:34,165 [WARN] PackLoader:240 - Cannot read IP mode file for STMicroelectronics.X-CUBE-TOUCHGFX.4.21.1
2024-01-22 09:27:34,267 [WARN] PackLoader:240 - Cannot read IP mode file for STMicroelectronics.X-CUBE-TOUCHGFX.4.21.0
2024-01-22 09:27:34,352 [WARN] PackLoader:240 - Cannot read IP mode file for STMicroelectronics.X-CUBE-TOUCHGFX.4.21.4
2024-01-22 09:27:34,443 [WARN] PackLoader:240 - Cannot read IP mode file for STMicroelectronics.X-CUBE-ALGOBUILD.1.3.0
2024-01-22 09:27:34,508 [WARN] PackLoader:240 - Cannot read IP mode file for STMicroelectronics.X-CUBE-AZRTOS-G0.1.1.0
2024-01-22 09:27:34,555 [WARN] PackLoader:240 - Cannot read IP mode file for STMicroelectronics.X-CUBE-NFC4.3.0.0
2024-01-22 09:27:34,582 [WARN] PackLoader:240 - Cannot read IP mode file for STMicroelectronics.X-CUBE-BLEMGR.3.0.0
2024-01-22 09:27:34,607 [WARN] PackLoader:240 - Cannot read IP mode file for STMicroelectronics.FP-ATR-SIGFOX1.3.2.0
2024-01-22 09:27:34,662 [WARN] PackLoader:240 - Cannot read IP mode file for SEGGER.I-CUBE-embOS.1.3.1
2024-01-22 09:27:34,757 [WARN] PackLoader:240 - Cannot read IP mode file for STMicroelectronics.X-CUBE-GNSS1.6.0.0
2024-01-22 09:27:34,828 [WARN] PackLoader:240 - Cannot read IP mode file for STMicroelectronics.X-CUBE-AZRTOS-F4.1.1.0
2024-01-22 09:27:34,846 [WARN] PackLoader:240 - Cannot read IP mode file for wolfSSL.I-CUBE-wolfSSL.5.6.6
2024-01-22 09:27:34,883 [WARN] PackLoader:240 - Cannot read IP mode file for STMicroelectronics.X-CUBE-AZRTOS-L5.2.0.0
2024-01-22 09:27:34,902 [WARN] PackLoader:240 - Cannot read IP mode file for STMicroelectronics.X-CUBE-EEPRMA1.4.2.0
2024-01-22 09:27:34,944 [WARN] PackLoader:240 - Cannot read IP mode file for ITTIA_DB.I-CUBE-ITTIADB.8.8.0
2024-01-22 09:27:35,024 [WARN] PackLoader:240 - Cannot read IP mode file for emotas.I-CUBE-CANOPEN.1.1.3
2024-01-22 09:27:35,143 [WARN] ConditionMgr:438 - getConditionDescription Invalid condition id : UX DEVICE CLASS RTOS Condition cause : null
2024-01-22 09:27:35,143 [WARN] ConditionMgr:438 - getConditionDescription Invalid condition id : UX DEVICE CLASS RTOS Condition cause : null
2024-01-22 09:27:35,176 [WARN] PackLoader:240 - Cannot read IP mode file for STMicroelectronics.X-CUBE-AZRTOS-H7.3.1.0
2024-01-22 09:27:35,177 [WARN] ConditionMgr:1039 - genDependencies : Invalid condition id : UX DEVICE CLASS RTOS Condition cause : null
2024-01-22 09:27:35,177 [WARN] ConditionMgr:1039 - genDependencies : Invalid condition id : UX DEVICE CLASS RTOS Condition cause : null
2024-01-22 09:27:35,177 [WARN] ConditionMgr:1039 - genDependencies : Invalid condition id : UX DEVICE CLASS RTOS Condition cause : null
2024-01-22 09:27:35,178 [WARN] ConditionMgr:1039 - genDependencies : Invalid condition id : UX DEVICE CLASS RTOS Condition cause : null
2024-01-22 09:27:35,178 [WARN] ConditionMgr:1039 - genDependencies : Invalid condition id : UX DEVICE CLASS RTOS Condition cause : null
2024-01-22 09:27:35,245 [WARN] ConditionMgr:438 - getConditionDescription Invalid condition id : UX DEVICE CLASS RTOS Condition cause : null
2024-01-22 09:27:35,245 [WARN] ConditionMgr:438 - getConditionDescription Invalid condition id : UX DEVICE CLASS RTOS Condition cause : null
2024-01-22 09:27:35,554 [WARN] PackLoader:240 - Cannot read IP mode file for STMicroelectronics.X-CUBE-NFC7.1.0.1
2024-01-22 09:27:35,714 [WARN] PackLoader:240 - Cannot read IP mode file for STMicroelectronics.X-CUBE-NFC6.3.0.0
2024-01-22 09:27:35,762 [WARN] PackLoader:240 - Cannot read IP mode file for STMicroelectronics.X-CUBE-AI.8.1.0
2024-01-22 09:27:35,791 [WARN] ConditionMgr:438 - getConditionDescription Invalid condition id : LAN8742 Phy interface Condition cause : null
2024-01-22 09:27:35,792 [WARN] PackLoader:240 - Cannot read IP mode file for STMicroelectronics.X-CUBE-AZRTOS-L4.2.0.0
2024-01-22 09:27:35,794 [WARN] ConditionMgr:1039 - genDependencies : Invalid condition id : LAN8742 Phy interface Condition cause : null
2024-01-22 09:27:35,795 [WARN] ConditionMgr:1039 - genDependencies : Invalid condition id : LAN8742 Phy interface Condition cause : null
2024-01-22 09:27:35,798 [WARN] ConditionMgr:1039 - genDependencies : Invalid condition id : LAN8742 Phy interface Condition cause : null
2024-01-22 09:27:35,817 [WARN] PackLoader:240 - Cannot read IP mode file for STMicroelectronics.X-CUBE-SFXS2LP1.4.0.0
2024-01-22 09:27:35,857 [WARN] ConditionMgr:438 - getConditionDescription Invalid condition id : UX DEVICE CLASS RTOS Condition cause : null
2024-01-22 09:27:35,858 [WARN] ConditionMgr:438 - getConditionDescription Invalid condition id : UX DEVICE CLASS RTOS Condition cause : null
2024-01-22 09:27:35,859 [WARN] PackLoader:240 - Cannot read IP mode file for STMicroelectronics.X-CUBE-AZRTOS-WB.2.0.0
2024-01-22 09:27:35,859 [WARN] ConditionMgr:1039 - genDependencies : Invalid condition id : UX DEVICE CLASS RTOS Condition cause : null
2024-01-22 09:27:35,859 [WARN] ConditionMgr:1039 - genDependencies : Invalid condition id : UX DEVICE CLASS RTOS Condition cause : null
2024-01-22 09:27:35,859 [WARN] ConditionMgr:1039 - genDependencies : Invalid condition id : UX DEVICE CLASS RTOS Condition cause : null
2024-01-22 09:27:35,860 [WARN] ConditionMgr:1039 - genDependencies : Invalid condition id : UX DEVICE CLASS RTOS Condition cause : null
2024-01-22 09:27:35,860 [WARN] ConditionMgr:1039 - genDependencies : Invalid condition id : UX DEVICE CLASS RTOS Condition cause : null
2024-01-22 09:27:35,994 [WARN] PackLoader:240 - Cannot read IP mode file for STMicroelectronics.X-CUBE-SUBG2.5.0.0
2024-01-22 09:27:36,035 [WARN] PackLoader:240 - Cannot read IP mode file for STMicroelectronics.X-CUBE-TOF1.3.3.1
2024-01-22 09:27:36,361 [WARN] PackLoader:240 - Cannot read IP mode file for STMicroelectronics.X-CUBE-AZRTOS-G4.2.0.0
2024-01-22 09:27:36,389 [WARN] PackLoader:240 - Cannot read IP mode file for STMicroelectronics.X-CUBE-TOF1.3.3.0
2024-01-22 09:27:36,526 [WARN] PackLoader:240 - Cannot read IP mode file for Infineon.AIROC-Wi-Fi-Bluetooth-STM32.1.5.1
2024-01-22 09:27:36,551 [WARN] PackLoader:240 - Cannot read IP mode file for STMicroelectronics.FP-SNS-MOTENVWB1.1.3.1
2024-01-22 09:27:36,566 [WARN] PackLoader:240 - Cannot read IP mode file for STMicroelectronics.X-CUBE-ISPU.2.0.0
2024-01-22 09:27:36,639 [WARN] PackLoader:240 - Cannot read IP mode file for STMicroelectronics.X-CUBE-MEMS1.10.0.0
2024-01-22 09:27:36,767 [WARN] PackLoader:240 - Cannot read IP mode file for STMicroelectronics.X-CUBE-FREERTOS.1.1.0
2024-01-22 09:27:36,784 [WARN] PackLoader:240 - Cannot read IP mode file for portGmbH.I-Cube-SoM-uGOAL.1.1.0
2024-01-22 09:27:36,803 [WARN] PackLoader:240 - Cannot read IP mode file for STMicroelectronics.X-CUBE-ALS.1.0.1
2024-01-22 09:27:36,824 [WARN] PackLoader:240 - Cannot read IP mode file for STMicroelectronics.FP-ATR-ASTRA1.2.0.0
2024-01-22 09:27:36,853 [WARN] PackLoader:240 - Cannot read IP mode file for STMicroelectronics.X-CUBE-TOF1.3.4.0
2024-01-22 09:27:36,967 [WARN] PackLoader:240 - Cannot read IP mode file for STMicroelectronics.X-CUBE-AZRTOS-H7.3.2.0
2024-01-22 09:27:37,093 [INFO] ThirdParty:978 - Integrity check success = true
2024-01-22 09:27:37,093 [INFO] IntegrityCheckThread:100 - exiting critical section [integrity check]
2024-01-22 09:27:37,093 [INFO] IntegrityCheckThread:103 - End integrity checks thread
2024-01-22 09:27:37,900 [INFO] WebApp:161 - Instantiating new browser for Auth
2024-01-22 09:27:38,597 [INFO] WebApp:780 - Register for checkConnection events
2024-01-22 09:27:38,597 [INFO] WebApp:414 - Apply proxy settings
2024-01-22 09:27:38,597 [INFO] WebApp:499 - Chromium requires no authentication
2024-01-22 09:27:38,606 [INFO] WebApp:442 - Direct internet connection detected
2024-01-22 09:27:38,767 [INFO] WebApp:192 - Starting web application
2024-01-22 09:27:38,767 [INFO] WebApp:544 - Web application path used C:\ST\STM32CubeIDE_1.12.0\STM32CubeIDE\plugins\com.st.stm32cube.common.mx_6.10.0.202311202037\db\plugins\mcufinder\reactClient1\index.html
2024-01-22 09:38:14,035 [INFO] McuFinderGlobals:63 - Set McuFinder mode to 2 (CubeIDE integrated)
2024-01-22 09:38:14,047 [INFO] MainUpdater:2873 - connection check result : 10
2024-01-22 09:38:14,049 [INFO] MainUpdater:2873 - connection check result : 10
2024-01-22 09:38:14,140 [INFO] MicroXplorer:468 - Change Database Path : 
2024-01-22 09:38:14,140 [INFO] MicroXplorer:498 - Change Database Version : DB.6.0.100
2024-01-22 09:38:14,147 [WARN] ThirdParty:871 - waiting for thirdparty lock release [close project]
2024-01-22 09:38:14,148 [INFO] ThirdParty:873 - entering critical section [close project]
2024-01-22 09:38:14,160 [INFO] ThirdParty:883 - exiting critical section [close project]
2024-01-22 09:38:14,165 [INFO] PinOutPanel:1499 - setPackage(No Configuration,No Configuration)
2024-01-22 09:38:14,169 [INFO] UtilMem:75 - Begin LoadConfig() Used Memory: 883164232 Bytes (1073741824)
2024-01-22 09:38:14,175 [INFO] MicroXplorer:468 - Change Database Path : 
2024-01-22 09:38:14,175 [INFO] MicroXplorer:498 - Change Database Version : DB.6.0.100
2024-01-22 09:38:14,175 [INFO] OpenFileManager:312 - Change cursor
2024-01-22 09:38:14,332 [INFO] Mcu:2016 - Initializing MCU STM32H750XBHx STM32H750XBHx STM32H750XBH6
2024-01-22 09:38:21,881 [INFO] Context:659 - Trying to add GPIOservice into a context  which must be forbidden
2024-01-22 09:38:25,229 [INFO] RtosManager:555 - Registered RTOS mode: class=CMSIS, group=RTOS, mode=CMSIS_V1, owner=FREERTOS
2024-01-22 09:38:25,230 [INFO] RtosManager:555 - Registered RTOS mode: class=CMSIS, group=RTOS2, mode=CMSIS_V2, owner=FREERTOS
2024-01-22 09:38:25,230 [INFO] RtosManager:555 - Registered RTOS mode: class=RTOS, group=Core, mode=CMSIS_V1, owner=FREERTOS
2024-01-22 09:38:25,230 [INFO] RtosManager:555 - Registered RTOS mode: class=RTOS, group=Core, mode=CMSIS_V2, owner=FREERTOS
2024-01-22 09:38:25,230 [WARN] ModelIntegratedComponent:184 - Missing modes for component STMicroelectronics:FreeRTOS:0.0.1:STMicroelectronics:RTOS:FreeRTOS:Core:::10.2.0:
2024-01-22 09:38:25,272 [WARN] ModelIntegratedComponent:63 - No mode defined for component null
2024-01-22 09:38:25,272 [WARN] ModelIntegratedComponent:63 - No mode defined for component null
2024-01-22 09:38:25,272 [WARN] ModelIntegratedComponent:63 - No mode defined for component null
2024-01-22 09:38:25,272 [WARN] ModelIntegratedComponent:63 - No mode defined for component null
2024-01-22 09:38:25,272 [WARN] ModelIntegratedComponent:63 - No mode defined for component null
2024-01-22 09:38:25,272 [WARN] ModelIntegratedComponent:63 - No mode defined for component null
2024-01-22 09:38:25,272 [WARN] ModelIntegratedComponent:63 - No mode defined for component null
2024-01-22 09:38:25,272 [WARN] ModelIntegratedComponent:63 - No mode defined for component null
2024-01-22 09:38:25,272 [WARN] ModelIntegratedComponent:63 - No mode defined for component null
2024-01-22 09:38:25,272 [WARN] ModelIntegratedComponent:63 - No mode defined for component null
2024-01-22 09:38:25,272 [WARN] ModelIntegratedComponent:63 - No mode defined for component null
2024-01-22 09:38:25,272 [WARN] ModelIntegratedComponent:63 - No mode defined for component null
2024-01-22 09:38:25,272 [WARN] ModelIntegratedComponent:63 - No mode defined for component null
2024-01-22 09:38:25,273 [WARN] ModelIntegratedComponent:63 - No mode defined for component null
2024-01-22 09:38:25,273 [WARN] ModelIntegratedComponent:63 - No mode defined for component null
2024-01-22 09:38:25,273 [WARN] ModelIntegratedComponent:63 - No mode defined for component null
2024-01-22 09:38:25,273 [WARN] ModelIntegratedComponent:63 - No mode defined for component null
2024-01-22 09:38:25,273 [WARN] ModelIntegratedComponent:63 - No mode defined for component null
2024-01-22 09:38:25,273 [WARN] ModelIntegratedComponent:63 - No mode defined for component null
2024-01-22 09:38:25,273 [WARN] ModelIntegratedComponent:63 - No mode defined for component null
2024-01-22 09:38:25,273 [WARN] ModelIntegratedComponent:63 - No mode defined for component null
2024-01-22 09:38:25,273 [WARN] ModelIntegratedComponent:63 - No mode defined for component null
2024-01-22 09:38:25,273 [WARN] ModelIntegratedComponent:63 - No mode defined for component null
2024-01-22 09:38:25,273 [WARN] ModelIntegratedComponent:63 - No mode defined for component null
2024-01-22 09:38:25,273 [WARN] ModelIntegratedComponent:63 - No mode defined for component null
2024-01-22 09:38:25,273 [WARN] ModelIntegratedComponent:63 - No mode defined for component null
2024-01-22 09:38:25,273 [WARN] ModelIntegratedComponent:63 - No mode defined for component null
2024-01-22 09:38:25,273 [WARN] ModelIntegratedComponent:63 - No mode defined for component null
2024-01-22 09:38:25,273 [WARN] ModelIntegratedComponent:63 - No mode defined for component null
2024-01-22 09:38:25,273 [WARN] ModelIntegratedComponent:63 - No mode defined for component null
2024-01-22 09:38:25,273 [WARN] ModelIntegratedComponent:63 - No mode defined for component null
2024-01-22 09:38:25,273 [WARN] ModelIntegratedComponent:63 - No mode defined for component null
2024-01-22 09:38:25,274 [WARN] ModelIntegratedComponent:63 - No mode defined for component null
2024-01-22 09:38:25,439 [INFO] ThirdPartyModel:298 - Start build external matchings
2024-01-22 09:38:26,132 [INFO] ThirdPartyModel:316 - End build external matchings
2024-01-22 09:38:26,152 [INFO] RtosManager:919 - Current active RTOS is FREERTOS [Cortex-M7NS]
2024-01-22 09:38:26,187 [WARN] IP:2119 - LWIP_NETIF_HOSTNAME not found: check if there is a RefParameter without a condition.
2024-01-22 09:38:26,254 [INFO] ImportTextPane:194 - (OptionalMessage_ERROR) IP (RCC) : Parameter (FDCANFreq_Value) has invalid value (200000000)
2024-01-22 09:38:26,254 [INFO] ImportTextPane:194 - (OptionalMessage_ERROR) IP (RCC) : Invalid parameter (FamilyName)
2024-01-22 09:38:26,255 [INFO] ImportTextPane:194 - (OptionalMessage_ERROR) IP (RCC) : Parameter (SAI1Freq_Value) has invalid value (200000000)
2024-01-22 09:38:26,255 [INFO] ImportTextPane:194 - (OptionalMessage_ERROR) IP (RCC) : Parameter (SAI23Freq_Value) has invalid value (200000000)
2024-01-22 09:38:26,255 [INFO] ImportTextPane:194 - (OptionalMessage_ERROR) IP (RCC) : Parameter (SAI4AFreq_Value) has invalid value (200000000)
2024-01-22 09:38:26,255 [INFO] ImportTextPane:194 - (OptionalMessage_ERROR) IP (RCC) : Parameter (SAI4BFreq_Value) has invalid value (200000000)
2024-01-22 09:38:27,669 [INFO] UtilMem:75 - End LoadConfig() Used Memory: 772573128 Bytes (1073741824)
2024-01-22 09:38:28,088 [INFO] ApiDb:581 - Connected to CubeFinder SQLite database (C:\Users\user\.stmcufinder\plugins\mcufinder\mcu\cube-finder-db.db)
2024-01-22 09:38:28,180 [INFO] ApiDb:668 - CubeFinder database Data Model version=2.1
2024-01-22 09:38:28,180 [INFO] ApiDb:669 - CubeFinder database Configuration version=3.0.39
2024-01-22 09:38:28,181 [INFO] ApiDb:670 - CubeFinder database generation date=2023-12-08 (1702028721)
2024-01-22 09:38:28,181 [INFO] ApiDb:671 - CubeFinder database FW Pack versions=[FP-ATR-ASTRA1_V2.0.0, FP-SNS-FLIGHT1_V5.0.1, FP-SNS-FLIGHT1_V5.0.2, FP-SNS-MOTENV1_V4.3.1, FP-SNS-MOTENV1_V4.3.2, FP-SNS-MOTENVWB1_V1.3.1, FP-SNS-SMARTAG2_V1.2.0, STM32Cube_FW_C0_V1.1.0, STM32Cube_FW_F4_V1.28.0, STM32Cube_FW_F7_V1.17.0, STM32Cube_FW_G0_V1.6.1, STM32Cube_FW_G4_V1.5.1, STM32Cube_FW_H5_V0.5.1, STM32Cube_FW_H5_V1.1.1, STM32Cube_FW_H5_V1.2.0RC2, STM32Cube_FW_H7_V1.11.0, STM32Cube_FW_L0_V1.12.2, STM32Cube_FW_L5_V1.5.0, STM32Cube_FW_U5_V1.3.0RC4, STM32Cube_FW_U5_V1.4.0, STM32Cube_FW_WBA_V1.0.0RC1, STM32Cube_FW_WBA_V1.1.0RC1, STM32Cube_FW_WBA_V1.2.0, STM32Cube_FW_WBA_V1.2.0RC2, STM32Cube_FW_WB_V1.15.0RC1, STM32Cube_FW_WB_V1.16.0, STM32Cube_FW_WB_V1.16.0RC2, STM32Cube_FW_WB_V1.18.0, STM32Cube_FW_WL_V1.3.0, X-CUBE-ALGOBUILD_V1.3.0, X-CUBE-ALS_V1.0.1, X-CUBE-AZRTOS-F4_V1.1.0, X-CUBE-AZRTOS-F7_V1.1.0, X-CUBE-AZRTOS-G0_V1.1.0, X-CUBE-AZRTOS-G4_V2.0.0, X-CUBE-AZRTOS-H7_V3.1.0, X-CUBE-AZRTOS-L4_V1.0.0, X-CUBE-AZRTOS-L4_V2.0.0, X-CUBE-AZRTOS-L5_V1.1.0, X-CUBE-AZRTOS-WB_V2.0.0, X-CUBE-AZRTOS-WL_V2.0.0, X-CUBE-BLE1_V7.0.0, X-CUBE-BLE2_V3.3.0, X-CUBE-BLEMGR_V3.0.0, X-CUBE-EEPRMA1_V4.1.0, X-CUBE-EEPRMA1_V4.2.0, X-CUBE-FREERTOS_V1.1.0, X-CUBE-GNSS1_V6.0.0, X-CUBE-MEMS1_V10.0.0, X-CUBE-MEMS1_V9.1.0, X-CUBE-MEMS1_V9.4.0, X-CUBE-MEMS1_V9.6.0, X-CUBE-NFC4_V3.0.0, X-CUBE-NFC7_V1.0.1, X-CUBE-SFXS2LP1_V4.0.0, X-CUBE-SUBG2_V5.0.0, X-CUBE-TOF1_V3.4.0]
2024-01-22 09:38:30,550 [INFO] ApiDb:240 - Found 371 in-development CPN: [B-G473E-ZEST1S, B-WB1M-WPAN1, B-WL5M-SUBG1, NUCLEO-C031C6, NUCLEO-H503RB, NUCLEO-H563ZI, NUCLEO-U545RE-Q, NUCLEO-U5A5ZJ-Q, NUCLEO-WBA52CG, NUCLEO-WBA55CG, STEVAL-MKBOXPRO, STEVAL-PROTEUS1, STEVAL-STWINBX1, STM320518-EVAL, STM32C0116-DK, STM32C011D6Y3TR, STM32C011D6Y6TR, STM32C011F4P3, STM32C011F4P6, STM32C011F4U3, STM32C011F4U6TR, STM32C011F6P3, STM32C011F6P6, STM32C011F6U3, STM32C011F6U6TR, STM32C011J4M3, STM32C011J4M6, STM32C011J6M3, STM32C011J6M6, STM32C0316-DK, STM32C031C4T3, STM32C031C4T6, STM32C031C4U3, STM32C031C4U6, STM32C031C6T3, STM32C031C6T6, STM32C031C6U3, STM32C031C6U6, STM32C031F4P3, STM32C031F4P6, STM32C031F6P3, STM32C031F6P6, STM32C031G4U3, STM32C031G4U6, STM32C031G6U3, STM32C031G6U6, STM32C031K4T3, STM32C031K4T6, STM32C031K4U3, STM32C031K4U6, STM32C031K6T3, STM32C031K6T6, STM32C031K6U3, STM32C031K6U6, STM32G071K8TXN, STM32G071K8UXN, STM32G081GBU6N, STM32G081KBT6N, STM32G081KBUXN, STM32G0B1CCT6N, STM32G0B1KCT6, STM32G0B1NEY6TR, STM32G0B1RCT6N, STM32G0C1CCT6, STM32G0C1CCT6N, STM32G0C1CCU6N, STM32G0C1CET6N, STM32G0C1CEU6N, STM32G0C1KCT6, STM32G0C1NEY6TR, STM32G0C1RCI6N, STM32G0C1RCT6N, STM32G0C1REI6N, STM32G0C1RET6N, STM32G0C1VCI6, STM32G0C1VEI6, STM32G471CCT6, STM32G471CCU6, STM32G471CET3, STM32G471CET6, STM32G471CEU3, STM32G471CEU6, STM32G471MCT6, STM32G471MET3, STM32G471MET6, STM32G471MEY6TR, STM32G471QCT6, STM32G471QET3, STM32G471RCT6, STM32G471RET3, STM32G471RET6, STM32G471VCH6, STM32G471VCI6, STM32G471VCT6, STM32G471VEH3, STM32G471VEH6, STM32G471VEI3, STM32G471VEI6, STM32G471VET3, STM32G471VET6, STM32G474CCT6, STM32H503CBT6, STM32H503CBU6, STM32H503EBY6TR, STM32H503KBU6, STM32H503RBT6, STM32H562AGI6, STM32H562AII6, STM32H562IGK6, STM32H562IGT6, STM32H562IIK6, STM32H562IIT6, STM32H562RGT6, STM32H562RGV6, STM32H562RIT6, STM32H562RIV6, STM32H562VGT6, STM32H562VIT6, STM32H562ZGT6, STM32H562ZIT6, STM32H563AGI6, STM32H563AII3Q, STM32H563AII6, STM32H563IGK6, STM32H563IGT6, STM32H563IIK3Q, STM32H563IIK6, STM32H563IIT3Q, STM32H563IIT6, STM32H563MIY3QTR, STM32H563RGT6, STM32H563RGV6, STM32H563RIT6, STM32H563RIV6, STM32H563VGT6, STM32H563VIT3Q, STM32H563VIT6, STM32H563ZGT6, STM32H563ZIT3Q, STM32H563ZIT6, STM32H573AII3Q, STM32H573AII6, STM32H573I-DK, STM32H573IIK3Q, STM32H573IIK6, STM32H573IIT3Q, STM32H573IIT6, STM32H573MIY3QTR, STM32H573RIT6, STM32H573RIV6, STM32H573VIT3Q, STM32H573VIT6, STM32H573ZIT3Q, STM32H573ZIT6, STM32L4R5QGI6STR, STM32MP131AAE3, STM32MP131AAF3, STM32MP131AAG3, STM32MP131CAE3, STM32MP131CAF3, STM32MP131CAG3, STM32MP131DAE7, STM32MP131DAF7, STM32MP131DAG7, STM32MP131FAE7, STM32MP131FAF7, STM32MP131FAG7, STM32MP133AAE3, STM32MP133AAF3, STM32MP133AAG3, STM32MP133CAE3, STM32MP133CAF3, STM32MP133CAG3, STM32MP133DAE7, STM32MP133DAF7, STM32MP133DAG7, STM32MP133FAE7, STM32MP133FAF7, STM32MP133FAG7, STM32MP135AAE3, STM32MP135AAF3, STM32MP135AAG3, STM32MP135CAE3, STM32MP135CAF3, STM32MP135CAG3, STM32MP135DAE7, STM32MP135DAF7, STM32MP135DAG7, STM32MP135F-DK, STM32MP135FAE7, STM32MP135FAF7, STM32MP135FAF7T, STM32MP135FAF7U, STM32MP135FAG7, STM32U535CBT6, STM32U535CBT6Q, STM32U535CBU6, STM32U535CBU6Q, STM32U535CCT6, STM32U535CCT6Q, STM32U535CCU6, STM32U535CCU6Q, STM32U535CET6, STM32U535CET6Q, STM32U535CEU6, STM32U535CEU6Q, STM32U535JEY6QTR, STM32U535NCY6QTR, STM32U535NEY6QTR, STM32U535RBI6, STM32U535RBI6Q, STM32U535RBT6, STM32U535RBT6Q, STM32U535RCI6, STM32U535RCI6Q, STM32U535RCT6, STM32U535RCT6Q, STM32U535REI6, STM32U535REI6Q, STM32U535RET6, STM32U535RET6Q, STM32U535VCI6, STM32U535VCI6Q, STM32U535VCT6, STM32U535VCT6Q, STM32U535VEI6, STM32U535VEI6Q, STM32U535VET6, STM32U535VET6Q, STM32U545CET6, STM32U545CET6Q, STM32U545CEU6, STM32U545CEU6Q, STM32U545JEY6QTR, STM32U545NEY6QTR, STM32U545REI6, STM32U545REI6Q, STM32U545RET6, STM32U545RET6Q, STM32U545VEI6, STM32U545VEI6Q, STM32U545VET6, STM32U545VET6Q, STM32U595AIH6, STM32U595AIH6Q, STM32U595AJH6, STM32U595AJH6Q, STM32U595QII6, STM32U595QII6Q, STM32U595QJI6, STM32U595QJI6Q, STM32U595RIT6, STM32U595RIT6Q, STM32U595RJT6, STM32U595RJT6Q, STM32U595VIT6, STM32U595VIT6Q, STM32U595VJT6, STM32U595VJT6Q, STM32U595ZIT6, STM32U595ZIT6Q, STM32U595ZIY6QTR, STM32U595ZJT6, STM32U595ZJT6Q, STM32U595ZJY6QTR, STM32U599BJY6QTR, STM32U599NIH6Q, STM32U599NJH6Q, STM32U599VIT6Q, STM32U599VJT6, STM32U599VJT6Q, STM32U599ZIT6Q, STM32U599ZIY6QTR, STM32U599ZJT6Q, STM32U599ZJY6QTR, STM32U5A5AJH6, STM32U5A5AJH6Q, STM32U5A5QJI6, STM32U5A5QJI6Q, STM32U5A5RJT6, STM32U5A5RJT6Q, STM32U5A5VJT6, STM32U5A5VJT6Q, STM32U5A5ZJT6, STM32U5A5ZJT6Q, STM32U5A5ZJY6QTR, STM32U5A9BJY6QTR, STM32U5A9J-DK, STM32U5A9NJH6Q, STM32U5A9VJT6Q, STM32U5A9ZJT6Q, STM32U5A9ZJY6QTR, STM32U5F7VIT6, STM32U5F7VIT6Q, STM32U5F7VJT6, STM32U5F7VJT6Q, STM32U5F9BJY6QTR, STM32U5F9NJH6Q, STM32U5F9VIT6Q, STM32U5F9VJT6Q, STM32U5F9ZIJ6QTR, STM32U5F9ZIT6Q, STM32U5F9ZJJ6QTR, STM32U5F9ZJT6Q, STM32U5G7VJT6, STM32U5G7VJT6Q, STM32U5G9BJY6QTR, STM32U5G9J-DK1, STM32U5G9J-DK2, STM32U5G9NJH6Q, STM32U5G9VJT6Q, STM32U5G9ZJJ6QTR, STM32U5G9ZJT6Q, STM32WB1MMCH6, STM32WBA50KEU6, STM32WBA50KEU6TR, STM32WBA50KGU6, STM32WBA50KGU6TR, STM32WBA52CEU6, STM32WBA52CEU6TR, STM32WBA52CEU7, STM32WBA52CEU7TR, STM32WBA52CGU6, STM32WBA52CGU6TR, STM32WBA52CGU6U, STM32WBA52CGU7, STM32WBA52CGU7TR, STM32WBA52KEU6, STM32WBA52KEU6TR, STM32WBA52KGU6, STM32WBA52KGU6TR, STM32WBA54CEU6, STM32WBA54CEU6TR, STM32WBA54CEU7, STM32WBA54CEU7TR, STM32WBA54CGU6, STM32WBA54CGU6TR, STM32WBA54CGU7, STM32WBA54CGU7TR, STM32WBA54KEU6, STM32WBA54KEU6TR, STM32WBA54KEU7, STM32WBA54KEU7TR, STM32WBA54KGU6, STM32WBA54KGU6TR, STM32WBA54KGU7, STM32WBA54KGU7TR, STM32WBA55CEU6, STM32WBA55CEU6TR, STM32WBA55CEU7, STM32WBA55CEU7TR, STM32WBA55CGU6, STM32WBA55CGU6TR, STM32WBA55CGU6U, STM32WBA55CGU7, STM32WBA55CGU7TR, STM32WBA55G-DK1, STM32WBA55HEF6, STM32WBA55HEF7, STM32WBA55HGF6, STM32WBA55HGF7, STM32WBA55UEI6, STM32WBA55UEI6TR, STM32WBA55UEI7, STM32WBA55UEI7TR, STM32WBA55UGI6, STM32WBA55UGI6TR, STM32WBA55UGI7, STM32WBA55UGI7TR, STM32WL5MOCH6, STM32WL5MOCH6TR]
2024-01-22 09:38:30,554 [INFO] DbMcus:218 - Found 3930 MCUs, 3930 are supported
2024-01-22 09:38:30,560 [INFO] ApiDb:423 - Load user favorites file C:\Users\user/.stm32cubeide/favorites.mcus.txt: 2 item(s)
2024-01-22 09:38:30,560 [INFO] ApiDb:427 - User favorites MCUs=[STM32F103C8T6, STM32H750VBT6]
2024-01-22 09:38:30,561 [INFO] DbMcus:224 - Set 2 / 2 favorites MCUs
2024-01-22 09:38:30,892 [INFO] MicroXplorer:468 - Change Database Path : 
2024-01-22 09:38:30,892 [INFO] MicroXplorer:498 - Change Database Version : DB.6.0.100
2024-01-22 09:38:30,893 [WARN] ThirdParty:833 - waiting for thirdparty lock release [change project]
2024-01-22 09:38:30,893 [INFO] ThirdParty:835 - entering critical section [change project]
2024-01-22 09:38:30,893 [INFO] ThirdParty:1030 - CMSIS Pack Vendor :STMicroelectronics USBPD 4.1
2024-01-22 09:38:30,893 [INFO] ThirdParty:1030 - CMSIS Pack Vendor :STMicroelectronics X-CUBE-GNSS1 6.0.0
2024-01-22 09:38:30,893 [INFO] ThirdParty:1030 - CMSIS Pack Vendor :STMicroelectronics USB_HOST 2.0.0
2024-01-22 09:38:30,893 [INFO] ThirdParty:1030 - CMSIS Pack Vendor :STMicroelectronics X-CUBE-AZRTOS-F4 1.1.0
2024-01-22 09:38:30,893 [INFO] ThirdParty:1030 - CMSIS Pack Vendor :STMicroelectronics LIBJPEG 8.0.0
2024-01-22 09:38:30,893 [INFO] ThirdParty:1030 - CMSIS Pack Vendor :STMicroelectronics X-CUBE-SMBUS 2.1.0
2024-01-22 09:38:30,893 [INFO] ThirdParty:1030 - CMSIS Pack Vendor :STMicroelectronics USB_DEVICE 3.0.0
2024-01-22 09:38:30,893 [INFO] ThirdParty:1030 - CMSIS Pack Vendor :STMicroelectronics X-CUBE-AZRTOS-WB 2.0.0
2024-01-22 09:38:30,893 [INFO] ThirdParty:1030 - CMSIS Pack Vendor :wolfSSL I-CUBE-wolfSSL 5.6.6
2024-01-22 09:38:30,893 [INFO] ThirdParty:1030 - CMSIS Pack Vendor :STMicroelectronics X-CUBE-TOUCHGFX 4.21.1
2024-01-22 09:38:30,893 [INFO] ThirdParty:1030 - CMSIS Pack Vendor :STMicroelectronics X-CUBE-TOUCHGFX 4.21.0
2024-01-22 09:38:30,893 [INFO] ThirdParty:1030 - CMSIS Pack Vendor :STMicroelectronics X-CUBE-TOUCHGFX 4.23.0
2024-01-22 09:38:30,893 [INFO] ThirdParty:1030 - CMSIS Pack Vendor :STMicroelectronics X-CUBE-AZRTOS-F7 1.1.0
2024-01-22 09:38:30,893 [INFO] ThirdParty:1030 - CMSIS Pack Vendor :STMicroelectronics X-CUBE-TOUCHGFX 4.21.4
2024-01-22 09:38:30,893 [INFO] ThirdParty:1030 - CMSIS Pack Vendor :STMicroelectronics X-CUBE-AZRTOS-L5 2.0.0
2024-01-22 09:38:30,893 [INFO] ThirdParty:1030 - CMSIS Pack Vendor :STMicroelectronics USB_DEVICE 2.0.0
2024-01-22 09:38:30,893 [INFO] ThirdParty:1030 - CMSIS Pack Vendor :STMicroelectronics X-CUBE-EEPRMA1 4.2.0
2024-01-22 09:38:30,893 [INFO] ThirdParty:1030 - CMSIS Pack Vendor :ITTIA_DB I-CUBE-ITTIADB 8.8.0
2024-01-22 09:38:30,893 [INFO] ThirdParty:1030 - CMSIS Pack Vendor :STMicroelectronics FP-SNS-MOTENV1 4.3.2
2024-01-22 09:38:30,894 [INFO] ThirdParty:1030 - CMSIS Pack Vendor :STMicroelectronics X-CUBE-ALGOBUILD 1.3.0
2024-01-22 09:38:30,894 [INFO] ThirdParty:1030 - CMSIS Pack Vendor :STMicroelectronics FreeRTOS 0.0.1
2024-01-22 09:38:30,894 [INFO] ThirdParty:1030 - CMSIS Pack Vendor :STMicroelectronics X-CUBE-AZRTOS-G0 1.1.0
2024-01-22 09:38:30,894 [INFO] ThirdParty:1030 - CMSIS Pack Vendor :emotas I-CUBE-CANOPEN 1.1.3
2024-01-22 09:38:30,894 [INFO] ThirdParty:1030 - CMSIS Pack Vendor :STMicroelectronics X-CUBE-NFC4 3.0.0
2024-01-22 09:38:30,894 [INFO] ThirdParty:1030 - CMSIS Pack Vendor :STMicroelectronics X-CUBE-SUBG2 5.0.0
2024-01-22 09:38:30,894 [INFO] ThirdParty:1030 - CMSIS Pack Vendor :STMicroelectronics STM32_WPAN 1.0.0
2024-01-22 09:38:30,894 [INFO] ThirdParty:1030 - CMSIS Pack Vendor :STMicroelectronics lwIP 2.0.3
2024-01-22 09:38:30,894 [INFO] ThirdParty:1030 - CMSIS Pack Vendor :STMicroelectronics FP-SNS-FLIGHT1 5.0.2
2024-01-22 09:38:30,894 [INFO] ThirdParty:1030 - CMSIS Pack Vendor :STMicroelectronics USB_HOST 1.0.0
2024-01-22 09:38:30,894 [INFO] ThirdParty:1030 - CMSIS Pack Vendor :STMicroelectronics X-CUBE-TOF1 3.3.1
2024-01-22 09:38:30,894 [INFO] ThirdParty:1030 - CMSIS Pack Vendor :STMicroelectronics X-CUBE-AZRTOS-G4 2.0.0
2024-01-22 09:38:30,894 [INFO] ThirdParty:1030 - CMSIS Pack Vendor :STMicroelectronics PDM2PCM 3.1.0
2024-01-22 09:38:30,894 [INFO] ThirdParty:1030 - CMSIS Pack Vendor :STMicroelectronics X-CUBE-AZRTOS-H7 3.1.0
2024-01-22 09:38:30,894 [INFO] ThirdParty:1030 - CMSIS Pack Vendor :STMicroelectronics X-CUBE-TOF1 3.3.0
2024-01-22 09:38:30,894 [INFO] ThirdParty:1030 - CMSIS Pack Vendor :Infineon AIROC-Wi-Fi-Bluetooth-STM32 1.5.1
2024-01-22 09:38:30,894 [INFO] ThirdParty:1030 - CMSIS Pack Vendor :STMicroelectronics X-CUBE-BLEMGR 3.0.0
2024-01-22 09:38:30,894 [INFO] ThirdParty:1030 - CMSIS Pack Vendor :STMicroelectronics PDM2PCM 3.3.0
2024-01-22 09:38:30,895 [INFO] ThirdParty:1030 - CMSIS Pack Vendor :STMicroelectronics X-CUBE-DISPLAY 3.0.0
2024-01-22 09:38:30,895 [INFO] ThirdParty:1030 - CMSIS Pack Vendor :STMicroelectronics FP-SNS-MOTENVWB1 1.3.1
2024-01-22 09:38:30,895 [INFO] ThirdParty:1030 - CMSIS Pack Vendor :STMicroelectronics X-CUBE-BLE1 7.0.0
2024-01-22 09:38:30,895 [INFO] ThirdParty:1030 - CMSIS Pack Vendor :STMicroelectronics FP-ATR-SIGFOX1 3.2.0
2024-01-22 09:38:30,895 [INFO] ThirdParty:1030 - CMSIS Pack Vendor :STMicroelectronics X-CUBE-ISPU 2.0.0
2024-01-22 09:38:30,895 [INFO] ThirdParty:1030 - CMSIS Pack Vendor :STMicroelectronics HAL Drivers 0.0.0
2024-01-22 09:38:30,895 [INFO] ThirdParty:1030 - CMSIS Pack Vendor :STMicroelectronics MBEDTLS 2.16.2
2024-01-22 09:38:30,895 [INFO] ThirdParty:1030 - CMSIS Pack Vendor :emotas I-CUBE-CANOPEN 1.3.0
2024-01-22 09:38:30,895 [INFO] ThirdParty:1030 - CMSIS Pack Vendor :STMicroelectronics X-CUBE-MEMS1 10.0.0
2024-01-22 09:38:30,895 [INFO] ThirdParty:1030 - CMSIS Pack Vendor :STMicroelectronics X-CUBE-FREERTOS 1.1.0
2024-01-22 09:38:30,895 [INFO] ThirdParty:1030 - CMSIS Pack Vendor :STMicroelectronics X-CUBE-TOUCHGFX 4.22.0
2024-01-22 09:38:30,895 [INFO] ThirdParty:1030 - CMSIS Pack Vendor :STMicroelectronics X-CUBE-NFC7 1.0.1
2024-01-22 09:38:30,895 [INFO] ThirdParty:1030 - CMSIS Pack Vendor :STMicroelectronics MBEDTLS 2.14.1
2024-01-22 09:38:30,895 [INFO] ThirdParty:1030 - CMSIS Pack Vendor :STMicroelectronics X-CUBE-TOUCHGFX 4.22.1
2024-01-22 09:38:30,895 [INFO] ThirdParty:1030 - CMSIS Pack Vendor :STMicroelectronics X-CUBE-NFC6 3.0.0
2024-01-22 09:38:30,895 [INFO] ThirdParty:1030 - CMSIS Pack Vendor :portGmbH I-Cube-SoM-uGOAL 1.1.0
2024-01-22 09:38:30,895 [INFO] ThirdParty:1030 - CMSIS Pack Vendor :STMicroelectronics X-CUBE-ALS 1.0.1
2024-01-22 09:38:30,895 [INFO] ThirdParty:1030 - CMSIS Pack Vendor :STMicroelectronics ThreadX 1.0.0
2024-01-22 09:38:30,895 [INFO] ThirdParty:1030 - CMSIS Pack Vendor :STMicroelectronics FP-SNS-SMARTAG2 1.2.0
2024-01-22 09:38:30,895 [INFO] ThirdParty:1030 - CMSIS Pack Vendor :STMicroelectronics X-CUBE-AZRTOS-WL 2.0.0
2024-01-22 09:38:30,895 [INFO] ThirdParty:1030 - CMSIS Pack Vendor :SEGGER I-CUBE-embOS 1.3.1
2024-01-22 09:38:30,895 [INFO] ThirdParty:1030 - CMSIS Pack Vendor :STMicroelectronics USB_DEVICE 1.0.0
2024-01-22 09:38:30,895 [INFO] ThirdParty:1030 - CMSIS Pack Vendor :STMicroelectronics X-CUBE-AI 8.1.0
2024-01-22 09:38:30,895 [INFO] ThirdParty:1030 - CMSIS Pack Vendor :STMicroelectronics X-CUBE-AZRTOS-L4 2.0.0
2024-01-22 09:38:30,895 [INFO] ThirdParty:1030 - CMSIS Pack Vendor :STMicroelectronics ThreadX 0.0.2
2024-01-22 09:38:30,895 [INFO] ThirdParty:1030 - CMSIS Pack Vendor :WES I-CUBE-Cesium 1.3.0
2024-01-22 09:38:30,895 [INFO] ThirdParty:1030 - CMSIS Pack Vendor :STMicroelectronics FP-ATR-ASTRA1 2.0.0
2024-01-22 09:38:30,895 [INFO] ThirdParty:1030 - CMSIS Pack Vendor :STMicroelectronics lwIP 2.1.2
2024-01-22 09:38:30,895 [INFO] ThirdParty:1030 - CMSIS Pack Vendor :STMicroelectronics X-CUBE-SFXS2LP1 4.0.0
2024-01-22 09:38:30,895 [INFO] ThirdParty:1030 - CMSIS Pack Vendor :STMicroelectronics X-CUBE-BLE2 3.3.0
2024-01-22 09:38:30,895 [INFO] ThirdParty:1030 - CMSIS Pack Vendor :STMicroelectronics X-CUBE-TOF1 3.4.0
2024-01-22 09:38:30,896 [INFO] ThirdParty:1030 - CMSIS Pack Vendor :STMicroelectronics X-CUBE-AZRTOS-H7 3.2.0
2024-01-22 09:38:30,896 [INFO] ThirdParty:1030 - CMSIS Pack Vendor :STMicroelectronics PDM2PCM 3.2.0
2024-01-22 09:38:30,896 [INFO] ThirdParty:1030 - CMSIS Pack Vendor :STMicroelectronics X-CUBE-TOUCHGFX 4.18.0
2024-01-22 09:38:30,896 [INFO] ThirdParty:841 - exiting critical section [change project]
2024-01-22 09:38:32,037 [INFO] PinOutPanel:1499 - setPackage(No Configuration,No Configuration)
2024-01-22 09:38:32,040 [INFO] PinOutPanel:1499 - setPackage(STM32H750XBHx,TFBGA240)
2024-01-22 09:38:34,387 [INFO] UtilMem:75 - Before build in PCC Used Memory: 701105616 Bytes (1073741824)
2024-01-22 09:38:35,739 [INFO] UtilMem:75 - After build in PCC Used Memory: 809108944 Bytes (1073741824)
2024-01-22 09:38:35,845 [INFO] ApiDbMcu:508 - Load IP Config File for FREERTOS
2024-01-22 09:38:35,862 [INFO] ApiDbMcu:508 - Load IP Config File for LWIP
2024-01-22 09:38:35,864 [WARN] BspModel:444 - BSP dependency skipped because of component: name='DP83848', api='BSP_COMPONENT_DRIVER'
2024-01-22 09:38:35,949 [INFO] IPUIPlugin:80 - create IPUIPlugin
2024-01-22 09:38:35,949 [INFO] IPUIPlugin:80 - create IPUIPlugin
2024-01-22 09:38:35,950 [INFO] IPUIPlugin:80 - create IPUIPlugin
2024-01-22 09:38:35,950 [INFO] IPUIPlugin:80 - create IPUIPlugin
2024-01-22 09:38:35,950 [INFO] IPUIPlugin:80 - create IPUIPlugin
2024-01-22 09:38:35,950 [INFO] IPUIPlugin:80 - create IPUIPlugin
2024-01-22 09:38:35,951 [INFO] IPUIPlugin:80 - create IPUIPlugin
2024-01-22 09:38:35,952 [INFO] IPUIPlugin:80 - create IPUIPlugin
2024-01-22 09:38:35,952 [INFO] IPUIPlugin:80 - create IPUIPlugin
2024-01-22 09:38:35,952 [INFO] IPUIPlugin:80 - create IPUIPlugin
2024-01-22 09:38:35,953 [INFO] IPUIPlugin:80 - create IPUIPlugin
2024-01-22 09:38:35,954 [INFO] IPUIPlugin:80 - create IPUIPlugin
2024-01-22 09:38:35,954 [INFO] IPUIPlugin:80 - create IPUIPlugin
2024-01-22 09:38:35,954 [INFO] IPUIPlugin:80 - create IPUIPlugin
2024-01-22 09:38:35,957 [INFO] IPUIPlugin:80 - create IPUIPlugin
2024-01-22 09:38:35,957 [INFO] IPUIPlugin:80 - create IPUIPlugin
2024-01-22 09:38:35,958 [INFO] IPUIPlugin:80 - create IPUIPlugin
2024-01-22 09:38:35,958 [INFO] IPUIPlugin:80 - create IPUIPlugin
2024-01-22 09:38:35,958 [INFO] IPUIPlugin:80 - create IPUIPlugin
2024-01-22 09:38:35,958 [INFO] IPUIPlugin:80 - create IPUIPlugin
2024-01-22 09:38:35,959 [INFO] IPUIPlugin:80 - create IPUIPlugin
2024-01-22 09:38:35,959 [INFO] IPUIPlugin:80 - create IPUIPlugin
2024-01-22 09:38:35,960 [INFO] IPUIPlugin:80 - create IPUIPlugin
2024-01-22 09:38:35,961 [INFO] IPUIPlugin:80 - create IPUIPlugin
2024-01-22 09:38:35,961 [INFO] IPUIPlugin:80 - create IPUIPlugin
2024-01-22 09:38:35,961 [INFO] IPUIPlugin:80 - create IPUIPlugin
2024-01-22 09:38:35,961 [INFO] IPUIPlugin:80 - create IPUIPlugin
2024-01-22 09:38:35,961 [INFO] IPUIPlugin:80 - create IPUIPlugin
2024-01-22 09:38:35,961 [INFO] IPUIPlugin:80 - create IPUIPlugin
2024-01-22 09:38:35,962 [INFO] IPUIPlugin:80 - create IPUIPlugin
2024-01-22 09:38:35,962 [INFO] IPUIPlugin:80 - create IPUIPlugin
2024-01-22 09:38:35,962 [INFO] IPUIPlugin:80 - create IPUIPlugin
2024-01-22 09:38:35,962 [INFO] IPUIPlugin:80 - create IPUIPlugin
2024-01-22 09:38:35,962 [INFO] IPUIPlugin:80 - create IPUIPlugin
2024-01-22 09:38:35,962 [INFO] IPUIPlugin:80 - create IPUIPlugin
2024-01-22 09:38:35,963 [INFO] IPUIPlugin:80 - create IPUIPlugin
2024-01-22 09:38:35,963 [INFO] IPUIPlugin:80 - create IPUIPlugin
2024-01-22 09:38:35,963 [INFO] IPUIPlugin:80 - create IPUIPlugin
2024-01-22 09:38:35,964 [INFO] IPUIPlugin:80 - create IPUIPlugin
2024-01-22 09:38:35,964 [INFO] IPUIPlugin:80 - create IPUIPlugin
2024-01-22 09:38:35,964 [INFO] IPUIPlugin:80 - create IPUIPlugin
2024-01-22 09:38:35,964 [INFO] IPUIPlugin:80 - create IPUIPlugin
2024-01-22 09:38:35,965 [INFO] IPUIPlugin:80 - create IPUIPlugin
2024-01-22 09:38:35,965 [INFO] IPUIPlugin:80 - create IPUIPlugin
2024-01-22 09:38:35,965 [INFO] IPUIPlugin:80 - create IPUIPlugin
2024-01-22 09:38:35,966 [INFO] IPUIPlugin:80 - create IPUIPlugin
2024-01-22 09:38:35,966 [INFO] IPUIPlugin:80 - create IPUIPlugin
2024-01-22 09:38:35,966 [INFO] IPUIPlugin:80 - create IPUIPlugin
2024-01-22 09:38:35,966 [INFO] IPUIPlugin:80 - create IPUIPlugin
2024-01-22 09:38:35,967 [INFO] IPUIPlugin:80 - create IPUIPlugin
2024-01-22 09:38:35,967 [INFO] IPUIPlugin:80 - create IPUIPlugin
2024-01-22 09:38:35,968 [INFO] IPUIPlugin:80 - create IPUIPlugin
2024-01-22 09:38:35,968 [INFO] IPUIPlugin:80 - create IPUIPlugin
2024-01-22 09:38:35,969 [INFO] IPUIPlugin:80 - create IPUIPlugin
2024-01-22 09:38:35,969 [INFO] IPUIPlugin:80 - create IPUIPlugin
2024-01-22 09:38:35,969 [INFO] IPUIPlugin:80 - create IPUIPlugin
2024-01-22 09:38:35,970 [INFO] IPUIPlugin:80 - create IPUIPlugin
2024-01-22 09:38:35,970 [INFO] IPUIPlugin:80 - create IPUIPlugin
2024-01-22 09:38:35,971 [INFO] IPUIPlugin:80 - create IPUIPlugin
2024-01-22 09:38:35,971 [INFO] IPUIPlugin:80 - create IPUIPlugin
2024-01-22 09:38:35,971 [INFO] IPUIPlugin:80 - create IPUIPlugin
2024-01-22 09:38:35,972 [INFO] IPUIPlugin:80 - create IPUIPlugin
2024-01-22 09:38:35,972 [INFO] IPUIPlugin:80 - create IPUIPlugin
2024-01-22 09:38:35,973 [INFO] IPUIPlugin:80 - create IPUIPlugin
2024-01-22 09:38:35,973 [INFO] IPUIPlugin:80 - create IPUIPlugin
2024-01-22 09:38:35,973 [INFO] IPUIPlugin:80 - create IPUIPlugin
2024-01-22 09:38:35,974 [INFO] IPUIPlugin:80 - create IPUIPlugin
2024-01-22 09:38:35,974 [INFO] IPUIPlugin:80 - create IPUIPlugin
2024-01-22 09:38:35,974 [INFO] IPUIPlugin:80 - create IPUIPlugin
2024-01-22 09:38:35,975 [INFO] IPUIPlugin:80 - create IPUIPlugin
2024-01-22 09:38:35,975 [INFO] IPUIPlugin:80 - create IPUIPlugin
2024-01-22 09:38:35,975 [INFO] IPUIPlugin:80 - create IPUIPlugin
2024-01-22 09:38:35,977 [INFO] IPUIPlugin:80 - create IPUIPlugin
2024-01-22 09:38:35,978 [INFO] IPUIPlugin:80 - create IPUIPlugin
2024-01-22 09:38:35,979 [INFO] IPUIPlugin:80 - create IPUIPlugin
2024-01-22 09:38:35,979 [INFO] IPUIPlugin:80 - create IPUIPlugin
2024-01-22 09:38:35,980 [INFO] IPUIPlugin:80 - create IPUIPlugin
2024-01-22 09:38:35,980 [INFO] IPUIPlugin:80 - create IPUIPlugin
2024-01-22 09:38:35,981 [INFO] IPUIPlugin:80 - create IPUIPlugin
2024-01-22 09:38:35,982 [INFO] IPUIPlugin:80 - create IPUIPlugin
2024-01-22 09:38:35,983 [INFO] IPUIPlugin:80 - create IPUIPlugin
2024-01-22 09:38:35,983 [INFO] IPUIPlugin:80 - create IPUIPlugin
2024-01-22 09:38:35,984 [INFO] IPUIPlugin:80 - create IPUIPlugin
2024-01-22 09:38:35,984 [INFO] IPUIPlugin:80 - create IPUIPlugin
2024-01-22 09:38:35,985 [INFO] IPUIPlugin:80 - create IPUIPlugin
2024-01-22 09:38:35,985 [INFO] IPUIPlugin:80 - create IPUIPlugin
2024-01-22 09:38:35,986 [INFO] IPUIPlugin:80 - create IPUIPlugin
2024-01-22 09:38:35,986 [INFO] IPUIPlugin:80 - create IPUIPlugin
2024-01-22 09:38:35,987 [INFO] IPUIPlugin:80 - create IPUIPlugin
2024-01-22 09:38:35,987 [INFO] IPUIPlugin:80 - create IPUIPlugin
2024-01-22 09:38:35,988 [INFO] IPUIPlugin:80 - create IPUIPlugin
2024-01-22 09:38:35,989 [INFO] IPUIPlugin:80 - create IPUIPlugin
2024-01-22 09:38:35,989 [INFO] IPUIPlugin:80 - create IPUIPlugin
2024-01-22 09:38:35,989 [INFO] IPUIPlugin:80 - create IPUIPlugin
2024-01-22 09:38:35,990 [INFO] IPUIPlugin:80 - create IPUIPlugin
2024-01-22 09:38:35,991 [INFO] IPUIPlugin:80 - create IPUIPlugin
2024-01-22 09:38:35,991 [INFO] IPUIPlugin:80 - create IPUIPlugin
2024-01-22 09:38:35,992 [INFO] IPUIPlugin:80 - create IPUIPlugin
2024-01-22 09:38:35,993 [INFO] IPUIPlugin:80 - create IPUIPlugin
2024-01-22 09:38:36,015 [INFO] ApiDbMcu:508 - Load IP Config File for PDM2PCM
2024-01-22 09:38:36,069 [WARN] FreeRTOS:1023 - Null or empty value: should not occur! (nothing added to the table)
2024-01-22 09:38:36,533 [INFO] CADModel:165 - CPN selected for project levelSTM32H750XBH6
2024-01-22 09:38:36,533 [INFO] CADModel:114 - Register for checkConnection events
2024-01-22 09:38:36,540 [INFO] RtosManager:697 - Active RTOS found at IOC load: FREERTOS [Cortex-M7NS]
2024-01-22 09:38:36,651 [INFO] OpenFileManager:343 - Restore cursor
2024-01-22 09:38:37,042 [WARN] IP:2119 - LWIP_NETIF_HOSTNAME not found: check if there is a RefParameter without a condition.
2024-01-22 09:38:37,086 [WARN] IP:2119 - LWIP_NETIF_HOSTNAME not found: check if there is a RefParameter without a condition.
2024-01-22 09:40:30,106 [WARN] IP:2119 - LWIP_NETIF_HOSTNAME not found: check if there is a RefParameter without a condition.
2024-01-22 10:45:09,523 [WARN] BspModel:444 - BSP dependency skipped because of component: name='DP83848', api='BSP_COMPONENT_DRIVER'
2024-01-22 10:45:09,654 [WARN] IP:2119 - LWIP_NETIF_HOSTNAME not found: check if there is a RefParameter without a condition.
2024-01-22 10:45:09,709 [WARN] IP:2119 - LWIP_NETIF_HOSTNAME not found: check if there is a RefParameter without a condition.
2024-01-22 10:45:10,361 [WARN] IP:2119 - LWIP_NETIF_HOSTNAME not found: check if there is a RefParameter without a condition.
2024-01-22 10:45:12,458 [WARN] BspModel:444 - BSP dependency skipped because of component: name='DP83848', api='BSP_COMPONENT_DRIVER'
2024-01-22 10:45:12,481 [WARN] IP:2119 - LWIP_NETIF_HOSTNAME not found: check if there is a RefParameter without a condition.
2024-01-22 10:45:12,534 [WARN] IP:2119 - LWIP_NETIF_HOSTNAME not found: check if there is a RefParameter without a condition.
2024-01-22 10:45:12,905 [WARN] IP:2119 - LWIP_NETIF_HOSTNAME not found: check if there is a RefParameter without a condition.
2024-01-22 10:45:17,758 [WARN] BspModel:444 - BSP dependency skipped because of component: name='DP83848', api='BSP_COMPONENT_DRIVER'
2024-01-22 10:45:17,818 [WARN] IP:2119 - LWIP_NETIF_HOSTNAME not found: check if there is a RefParameter without a condition.
2024-01-22 10:45:17,941 [WARN] IP:2119 - LWIP_NETIF_HOSTNAME not found: check if there is a RefParameter without a condition.
2024-01-22 10:45:18,422 [WARN] IP:2119 - LWIP_NETIF_HOSTNAME not found: check if there is a RefParameter without a condition.
2024-01-22 10:45:22,178 [WARN] BspModel:444 - BSP dependency skipped because of component: name='DP83848', api='BSP_COMPONENT_DRIVER'
2024-01-22 10:45:22,217 [WARN] IP:2119 - LWIP_NETIF_HOSTNAME not found: check if there is a RefParameter without a condition.
2024-01-22 10:45:22,346 [WARN] IP:2119 - LWIP_NETIF_HOSTNAME not found: check if there is a RefParameter without a condition.
2024-01-22 10:45:22,654 [WARN] IP:2119 - LWIP_NETIF_HOSTNAME not found: check if there is a RefParameter without a condition.
2024-01-22 10:45:26,378 [WARN] BspModel:444 - BSP dependency skipped because of component: name='DP83848', api='BSP_COMPONENT_DRIVER'
2024-01-22 10:45:26,416 [WARN] IP:2119 - LWIP_NETIF_HOSTNAME not found: check if there is a RefParameter without a condition.
2024-01-22 10:45:26,487 [WARN] IP:2119 - LWIP_NETIF_HOSTNAME not found: check if there is a RefParameter without a condition.
2024-01-22 10:45:26,652 [WARN] IP:2119 - LWIP_NETIF_HOSTNAME not found: check if there is a RefParameter without a condition.
2024-01-22 10:45:44,924 [WARN] BspModel:444 - BSP dependency skipped because of component: name='DP83848', api='BSP_COMPONENT_DRIVER'
2024-01-22 10:45:44,946 [WARN] IP:2119 - LWIP_NETIF_HOSTNAME not found: check if there is a RefParameter without a condition.
2024-01-22 10:45:44,978 [WARN] IP:2119 - LWIP_NETIF_HOSTNAME not found: check if there is a RefParameter without a condition.
2024-01-22 10:45:45,131 [WARN] IP:2119 - LWIP_NETIF_HOSTNAME not found: check if there is a RefParameter without a condition.
2024-01-22 10:45:55,759 [INFO] UtilMem:75 - End SaveConfig() Used Memory: 860996120 Bytes (1073741824)
2024-01-22 10:45:56,662 [INFO] UtilMem:75 - End SaveConfig() Used Memory: 378393072 Bytes (1073741824)
2024-01-22 10:45:59,671 [INFO] UtilMem:75 - End SaveConfig() Used Memory: 525193712 Bytes (1073741824)
2024-01-22 10:46:00,958 [INFO] BlockDiagram:2759 - set Specific Code input for plugin: FREERTOS
2024-01-22 10:46:00,958 [INFO] BlockDiagram:2759 - set Specific Code input for plugin: RCC
2024-01-22 10:46:00,959 [INFO] BlockDiagram:2759 - set Specific Code input for plugin: ETH
2024-01-22 10:46:00,959 [INFO] BlockDiagram:2759 - set Specific Code input for plugin: SYS
2024-01-22 10:46:00,959 [INFO] BlockDiagram:2759 - set Specific Code input for plugin: USB_OTG_FS
2024-01-22 10:46:00,959 [INFO] BlockDiagram:2759 - set Specific Code input for plugin: NVIC
2024-01-22 10:46:00,959 [INFO] BlockDiagram:2759 - set Specific Code input for plugin: LWIP
2024-01-22 10:46:00,959 [INFO] BlockDiagram:2759 - set Specific Code input for plugin: CORTEX_M7
2024-01-22 10:46:00,970 [INFO] BlockDiagram:2759 - set Specific Code input for plugin: GPIO
2024-01-22 10:46:00,976 [INFO] CodeGenerator:807 - code generatio: config db path: C:\ST\STM32CubeIDE_1.12.0\STM32CubeIDE\plugins\com.st.stm32cube.common.mx_6.10.0.202311202037\\db\
2024-01-22 10:46:01,120 [WARN] IP:2119 - LWIP_NETIF_HOSTNAME not found: check if there is a RefParameter without a condition.
2024-01-22 10:46:03,363 [INFO] CodeEngine:255 - oldGeneratedFile, D:\STM32\STM32H750_Disco_ETH\MXTmpFiles\license.tmp_save
2024-01-22 10:46:05,701 [INFO] CodeEngine:279 - Generated code: D:\STM32\STM32H750_Disco_ETH\MXTmpFiles\license.tmp
2024-01-22 10:46:06,203 [INFO] CodeEngine:255 - oldGeneratedFile, D:\STM32\STM32H750_Disco_ETH\MXTmpFiles\gpio.tmp_save
2024-01-22 10:46:06,505 [INFO] CodeEngine:279 - Generated code: D:\STM32\STM32H750_Disco_ETH\MXTmpFiles\gpio.tmp
2024-01-22 10:46:10,871 [INFO] CodeEngine:255 - oldGeneratedFile, D:\STM32\STM32H750_Disco_ETH\MXTmpFiles\eth_vars.tmp_save
2024-01-22 10:46:11,026 [INFO] CodeEngine:279 - Generated code: D:\STM32\STM32H750_Disco_ETH\MXTmpFiles\eth_vars.tmp
2024-01-22 10:46:11,031 [INFO] CodeEngine:255 - oldGeneratedFile, D:\STM32\STM32H750_Disco_ETH\MXTmpFiles\eth_inc.tmp_save
2024-01-22 10:46:11,121 [INFO] CodeEngine:279 - Generated code: D:\STM32\STM32H750_Disco_ETH\MXTmpFiles\eth_inc.tmp
2024-01-22 10:46:11,126 [INFO] CodeEngine:255 - oldGeneratedFile, D:\STM32\STM32H750_Disco_ETH\MXTmpFiles\eth_HalInit.tmp_save
2024-01-22 10:46:11,608 [INFO] CodeEngine:279 - Generated code: D:\STM32\STM32H750_Disco_ETH\MXTmpFiles\eth_HalInit.tmp
2024-01-22 10:46:11,623 [INFO] CodeEngine:255 - oldGeneratedFile, D:\STM32\STM32H750_Disco_ETH\MXTmpFiles\eth_Msp.tmp_save
2024-01-22 10:46:12,021 [INFO] CodeEngine:279 - Generated code: D:\STM32\STM32H750_Disco_ETH\MXTmpFiles\eth_Msp.tmp
2024-01-22 10:46:18,673 [INFO] Middleware:1439 - No code input for Bsp Dependency
2024-01-22 10:46:18,698 [INFO] CodeEngine:255 - oldGeneratedFile, D:\STM32\STM32H750_Disco_ETH\MXTmpFiles\rtos_inc.tmp_save
2024-01-22 10:46:18,824 [INFO] CodeEngine:279 - Generated code: D:\STM32\STM32H750_Disco_ETH\MXTmpFiles\rtos_inc.tmp
2024-01-22 10:46:18,832 [INFO] CodeEngine:255 - oldGeneratedFile, D:\STM32\STM32H750_Disco_ETH\MXTmpFiles\rtos_kernelInit.tmp_save
2024-01-22 10:46:18,965 [INFO] CodeEngine:279 - Generated code: D:\STM32\STM32H750_Disco_ETH\MXTmpFiles\rtos_kernelInit.tmp
2024-01-22 10:46:18,970 [INFO] CodeEngine:255 - oldGeneratedFile, D:\STM32\STM32H750_Disco_ETH\MXTmpFiles\rtos_kernelStart.tmp_save
2024-01-22 10:46:19,098 [INFO] CodeEngine:279 - Generated code: D:\STM32\STM32H750_Disco_ETH\MXTmpFiles\rtos_kernelStart.tmp
2024-01-22 10:46:19,103 [INFO] CodeEngine:255 - oldGeneratedFile, D:\STM32\STM32H750_Disco_ETH\MXTmpFiles\rtos_typedefs.tmp_save
2024-01-22 10:46:19,201 [INFO] CodeEngine:279 - Generated code: D:\STM32\STM32H750_Disco_ETH\MXTmpFiles\rtos_typedefs.tmp
2024-01-22 10:46:19,204 [INFO] CodeEngine:255 - oldGeneratedFile, D:\STM32\STM32H750_Disco_ETH\MXTmpFiles\rtos_vars.tmp_save
2024-01-22 10:46:19,305 [INFO] CodeEngine:279 - Generated code: D:\STM32\STM32H750_Disco_ETH\MXTmpFiles\rtos_vars.tmp
2024-01-22 10:46:19,314 [INFO] CodeEngine:255 - oldGeneratedFile, D:\STM32\STM32H750_Disco_ETH\MXTmpFiles\rtos_pfp.tmp_save
2024-01-22 10:46:19,405 [INFO] CodeEngine:279 - Generated code: D:\STM32\STM32H750_Disco_ETH\MXTmpFiles\rtos_pfp.tmp
2024-01-22 10:46:19,410 [INFO] CodeEngine:255 - oldGeneratedFile, D:\STM32\STM32H750_Disco_ETH\MXTmpFiles\rtos_obj_creat.tmp_save
2024-01-22 10:46:19,516 [INFO] CodeEngine:279 - Generated code: D:\STM32\STM32H750_Disco_ETH\MXTmpFiles\rtos_obj_creat.tmp
2024-01-22 10:46:19,520 [INFO] CodeEngine:255 - oldGeneratedFile, D:\STM32\STM32H750_Disco_ETH\MXTmpFiles\rtos_default_thread.tmp_save
2024-01-22 10:46:19,648 [INFO] CodeEngine:279 - Generated code: D:\STM32\STM32H750_Disco_ETH\MXTmpFiles\rtos_default_thread.tmp
2024-01-22 10:46:19,654 [INFO] CodeEngine:255 - oldGeneratedFile, D:\STM32\STM32H750_Disco_ETH\MXTmpFiles\rtos_threads.tmp_save
2024-01-22 10:46:19,779 [INFO] CodeEngine:279 - Generated code: D:\STM32\STM32H750_Disco_ETH\MXTmpFiles\rtos_threads.tmp
2024-01-22 10:46:19,995 [INFO] Middleware:1439 - No code input for Bsp Dependency
2024-01-22 10:46:20,234 [INFO] Middleware:1439 - No code input for Bsp Dependency
2024-01-22 10:46:20,270 [INFO] CodeEngine:255 - oldGeneratedFile, D:\STM32\STM32H750_Disco_ETH\MXTmpFiles\rtos_inc.tmp_save
2024-01-22 10:46:20,531 [INFO] CodeEngine:279 - Generated code: D:\STM32\STM32H750_Disco_ETH\MXTmpFiles\rtos_inc.tmp
2024-01-22 10:46:20,538 [INFO] CodeEngine:255 - oldGeneratedFile, D:\STM32\STM32H750_Disco_ETH\MXTmpFiles\rtos_kernelInit.tmp_save
2024-01-22 10:46:20,647 [INFO] CodeEngine:279 - Generated code: D:\STM32\STM32H750_Disco_ETH\MXTmpFiles\rtos_kernelInit.tmp
2024-01-22 10:46:20,652 [INFO] CodeEngine:255 - oldGeneratedFile, D:\STM32\STM32H750_Disco_ETH\MXTmpFiles\rtos_kernelStart.tmp_save
2024-01-22 10:46:20,751 [INFO] CodeEngine:279 - Generated code: D:\STM32\STM32H750_Disco_ETH\MXTmpFiles\rtos_kernelStart.tmp
2024-01-22 10:46:20,754 [INFO] CodeEngine:255 - oldGeneratedFile, D:\STM32\STM32H750_Disco_ETH\MXTmpFiles\rtos_typedefs.tmp_save
2024-01-22 10:46:20,839 [INFO] CodeEngine:279 - Generated code: D:\STM32\STM32H750_Disco_ETH\MXTmpFiles\rtos_typedefs.tmp
2024-01-22 10:46:20,842 [INFO] CodeEngine:255 - oldGeneratedFile, D:\STM32\STM32H750_Disco_ETH\MXTmpFiles\rtos_vars.tmp_save
2024-01-22 10:46:20,921 [INFO] CodeEngine:279 - Generated code: D:\STM32\STM32H750_Disco_ETH\MXTmpFiles\rtos_vars.tmp
2024-01-22 10:46:20,923 [INFO] CodeEngine:255 - oldGeneratedFile, D:\STM32\STM32H750_Disco_ETH\MXTmpFiles\rtos_pfp.tmp_save
2024-01-22 10:46:20,992 [INFO] CodeEngine:279 - Generated code: D:\STM32\STM32H750_Disco_ETH\MXTmpFiles\rtos_pfp.tmp
2024-01-22 10:46:20,997 [INFO] CodeEngine:255 - oldGeneratedFile, D:\STM32\STM32H750_Disco_ETH\MXTmpFiles\rtos_obj_creat.tmp_save
2024-01-22 10:46:21,068 [INFO] CodeEngine:279 - Generated code: D:\STM32\STM32H750_Disco_ETH\MXTmpFiles\rtos_obj_creat.tmp
2024-01-22 10:46:21,073 [INFO] CodeEngine:255 - oldGeneratedFile, D:\STM32\STM32H750_Disco_ETH\MXTmpFiles\rtos_default_thread.tmp_save
2024-01-22 10:46:21,140 [INFO] CodeEngine:279 - Generated code: D:\STM32\STM32H750_Disco_ETH\MXTmpFiles\rtos_default_thread.tmp
2024-01-22 10:46:21,144 [INFO] CodeEngine:255 - oldGeneratedFile, D:\STM32\STM32H750_Disco_ETH\MXTmpFiles\rtos_threads.tmp_save
2024-01-22 10:46:21,261 [INFO] CodeEngine:279 - Generated code: D:\STM32\STM32H750_Disco_ETH\MXTmpFiles\rtos_threads.tmp
2024-01-22 10:46:21,266 [INFO] CodeEngine:255 - oldGeneratedFile, D:\STM32\STM32H750_Disco_ETH\Core\Inc\FreeRTOSConfig.h_save
2024-01-22 10:46:21,385 [INFO] CodeEngine:279 - Generated code: D:\STM32\STM32H750_Disco_ETH\Core\Inc\FreeRTOSConfig.h
2024-01-22 10:46:21,390 [INFO] CodeEngine:255 - oldGeneratedFile, D:\STM32\STM32H750_Disco_ETH\Core\Src\freertos.c_save
2024-01-22 10:46:21,513 [INFO] CodeEngine:279 - Generated code: D:\STM32\STM32H750_Disco_ETH\Core\Src\freertos.c
2024-01-22 10:46:21,523 [INFO] CodeEngine:255 - oldGeneratedFile, D:\STM32\STM32H750_Disco_ETH\MXTmpFiles\cortex.tmp_save
2024-01-22 10:46:21,631 [INFO] CodeEngine:279 - Generated code: D:\STM32\STM32H750_Disco_ETH\MXTmpFiles\cortex.tmp
2024-01-22 10:46:21,672 [INFO] Middleware:1439 - No code input for Bsp Dependency
2024-01-22 10:46:21,816 [INFO] CodeEngine:255 - oldGeneratedFile, D:\STM32\STM32H750_Disco_ETH\LWIP\App\lwip.c_save
2024-01-22 10:46:22,138 [INFO] CodeEngine:279 - Generated code: D:\STM32\STM32H750_Disco_ETH\LWIP\App\lwip.c
2024-01-22 10:46:22,142 [INFO] CodeEngine:255 - oldGeneratedFile, D:\STM32\STM32H750_Disco_ETH\LWIP\App\lwip.h_save
2024-01-22 10:46:22,285 [INFO] CodeEngine:279 - Generated code: D:\STM32\STM32H750_Disco_ETH\LWIP\App\lwip.h
2024-01-22 10:46:22,292 [INFO] CodeEngine:255 - oldGeneratedFile, D:\STM32\STM32H750_Disco_ETH\LWIP\Target\lwipopts.h_save
2024-01-22 10:46:22,849 [INFO] CodeEngine:279 - Generated code: D:\STM32\STM32H750_Disco_ETH\LWIP\Target\lwipopts.h
2024-01-22 10:46:22,855 [INFO] CodeEngine:255 - oldGeneratedFile, D:\STM32\STM32H750_Disco_ETH\LWIP\Target\ethernetif.c_save
2024-01-22 10:46:23,017 [INFO] CodeEngine:279 - Generated code: D:\STM32\STM32H750_Disco_ETH\LWIP\Target\ethernetif.c
2024-01-22 10:46:23,025 [INFO] CodeEngine:255 - oldGeneratedFile, D:\STM32\STM32H750_Disco_ETH\LWIP\Target\ethernetif.h_save
2024-01-22 10:46:23,108 [INFO] CodeEngine:279 - Generated code: D:\STM32\STM32H750_Disco_ETH\LWIP\Target\ethernetif.h
2024-01-22 10:46:23,158 [INFO] CodeEngine:255 - oldGeneratedFile, D:\STM32\STM32H750_Disco_ETH\Core\Src\stm32h7xx_it.c_save
2024-01-22 10:46:23,395 [INFO] CodeEngine:279 - Generated code: D:\STM32\STM32H750_Disco_ETH\Core\Src\stm32h7xx_it.c
2024-01-22 10:46:23,402 [INFO] CodeEngine:255 - oldGeneratedFile, D:\STM32\STM32H750_Disco_ETH\Core\Inc\stm32h7xx_it.h_save
2024-01-22 10:46:23,508 [INFO] CodeEngine:279 - Generated code: D:\STM32\STM32H750_Disco_ETH\Core\Inc\stm32h7xx_it.h
2024-01-22 10:46:23,918 [INFO] CodeEngine:255 - oldGeneratedFile, D:\STM32\STM32H750_Disco_ETH\Core\Src\stm32h7xx_hal_msp.c_save
2024-01-22 10:46:24,090 [INFO] CodeEngine:279 - Generated code: D:\STM32\STM32H750_Disco_ETH\Core\Src\stm32h7xx_hal_msp.c
2024-01-22 10:46:24,099 [INFO] CodeEngine:255 - oldGeneratedFile, D:\STM32\STM32H750_Disco_ETH\MXTmpFiles\system.tmp_save
2024-01-22 10:46:24,174 [INFO] CodeEngine:279 - Generated code: D:\STM32\STM32H750_Disco_ETH\MXTmpFiles\system.tmp
2024-01-22 10:46:24,178 [INFO] CodeEngine:255 - oldGeneratedFile, D:\STM32\STM32H750_Disco_ETH\Core\Src\stm32h7xx_hal_timebase_tim.c_save
2024-01-22 10:46:24,255 [INFO] CodeEngine:279 - Generated code: D:\STM32\STM32H750_Disco_ETH\Core\Src\stm32h7xx_hal_timebase_tim.c
2024-01-22 10:46:24,270 [INFO] CodeEngine:311 - oldGeneratedFile, D:\STM32\STM32H750_Disco_ETH\Core\Inc\stm32h7xx_hal_conf.h_save
2024-01-22 10:46:24,345 [INFO] CodeEngine:335 - Generated code: D:\STM32\STM32H750_Disco_ETH\Core\Inc\stm32h7xx_hal_conf.h
2024-01-22 10:46:24,469 [WARN] IPConfigManager:3440 - IP not found : USB_OTG
2024-01-22 10:46:24,470 [WARN] CodeGenerator:3939 - IP not found : null
2024-01-22 10:46:24,485 [INFO] CodeEngine:255 - oldGeneratedFile, D:\STM32\STM32H750_Disco_ETH\Core\Inc\main.h_save
2024-01-22 10:46:24,668 [INFO] CodeEngine:279 - Generated code: D:\STM32\STM32H750_Disco_ETH\Core\Inc\main.h
2024-01-22 10:46:24,678 [INFO] CodeEngine:255 - oldGeneratedFile, D:\STM32\STM32H750_Disco_ETH\Core\Src\main.c_save
2024-01-22 10:46:25,186 [INFO] CodeEngine:279 - Generated code: D:\STM32\STM32H750_Disco_ETH\Core\Src\main.c
2024-01-22 10:46:29,465 [INFO] ProjectBuilder:3076 - Time for Copy HAL[1] : 2858mS.
2024-01-22 10:46:29,848 [INFO] ProjectBuilder:4485 - Project Generator version: 4.2.0-B44
2024-01-22 10:46:31,387 [INFO] ConfigFileManager:1495 - The Die is : DIE450
2024-01-22 10:46:31,417 [INFO] ApiDbMcu:508 - Load IP Config File for FATFS
2024-01-22 10:46:31,422 [INFO] ApiDbMcu:508 - Load IP Config File for LIBJPEG
2024-01-22 10:46:31,539 [INFO] ApiDbMcu:508 - Load IP Config File for MBEDTLS
2024-01-22 10:46:31,601 [INFO] ApiDbMcu:508 - Load IP Config File for USB_DEVICE
2024-01-22 10:46:31,616 [INFO] ApiDbMcu:508 - Load IP Config File for USB_HOST
2024-01-22 10:46:47,013 [INFO] LogOutputStream:77 - [STDOUT_REDIRECT] 
2024-01-22 10:46:56,833 [INFO] ProjectBuilder:4747 - Time for Generating toolchain IDE Files: 26976mS.
2024-01-22 10:46:56,858 [INFO] ProjectBuilder:2947 - Time for Copy CMSIS : 2mS.
2024-01-22 10:46:56,885 [INFO] ProjectBuilder:2947 - Time for Copy CMSIS : 0mS.
2024-01-22 17:28:28,410 [ERROR] LogOutputStream:75 - [STDERR_REDIRECT] 
2024-01-22 17:28:28,417 [ERROR] LogOutputStream:75 - [STDERR_REDIRECT] 
