2024-04-01 08:46:39,680 [INFO] Activator:176 - 


2024-04-01 08:46:39,684 [INFO] Activator:177 - !SESSION log4j initialized
2024-04-01 08:46:48,794 [INFO] LogOutputStream:77 - [STDOUT_REDIRECT] 
2024-04-01 08:46:50,282 [ERROR] LogOutputStream:75 - [STDERR_REDIRECT] ??.?. 01, 2024 8:46:50 ??????? org.glassfish.grizzly.http.server.NetworkListener start
2024-04-01 08:46:50,285 [ERROR] LogOutputStream:75 - [STDERR_REDIRECT] INFO: Started listener bound to [localhost:1598]
2024-04-01 08:46:50,285 [ERROR] LogOutputStream:75 - [STDERR_REDIRECT] 
2024-04-01 08:46:50,307 [ERROR] LogOutputStream:75 - [STDERR_REDIRECT] ??.?. 01, 2024 8:46:50 ??????? org.glassfish.grizzly.http.server.HttpServer start
2024-04-01 08:46:50,318 [ERROR] LogOutputStream:75 - [STDERR_REDIRECT] INFO: [HttpServer] Started.
2024-04-01 08:46:50,319 [ERROR] LogOutputStream:75 - [STDERR_REDIRECT] 
2024-04-01 08:46:51,607 [INFO] ApplicationProperties:184 - Using Application install path: C:\ST\STM32CubeIDE_1.12.0\STM32CubeIDE\plugins\com.st.stm32cube.common.mx_6.11.0.202403141607
2024-04-01 08:46:51,636 [INFO] DbMcusXml:78 - Set database path to: C:\ST\STM32CubeIDE_1.12.0\STM32CubeIDE\plugins\com.st.stm32cube.common.mx_6.11.0.202403141607\\db\/mcu/
2024-04-01 08:46:51,637 [INFO] ApiDb:274 - Set plugin database path to: C:\ST\STM32CubeIDE_1.12.0\STM32CubeIDE\plugins\com.st.stm32cube.common.mx_6.11.0.202403141607\\db\/plugins/boardmanager/
2024-04-01 08:46:51,637 [WARN] ApiDb:259 - Overriding images path with different value:  => C:\ST\STM32CubeIDE_1.12.0\STM32CubeIDE\plugins\com.st.stm32cube.common.mx_6.11.0.202403141607\\db\/plugins/mcufinder/images/
2024-04-01 08:46:51,651 [INFO] ApiDb:250 - Set database path to: C:\Users\user\.stmcufinder\plugins\mcufinder//mcu/
2024-04-01 08:46:51,652 [INFO] DbMcusAds:125 - Set database path to: C:\Users\user\.stmcufinder\plugins\mcufinder//mcu/
2024-04-01 08:46:51,655 [INFO] CrossReferenceDbSqlite:203 - Set database path to: C:\Users\user\.stmcufinder\plugins\mcufinder//mcu/cs/
2024-04-01 08:46:51,836 [INFO] RulesReader:64 - Compatibility file has been processed (297 Rules)
2024-04-01 08:46:51,915 [INFO] DbMcusXml:78 - Set database path to: C:\ST\STM32CubeIDE_1.12.0\STM32CubeIDE\plugins\com.st.stm32cube.common.mx_6.11.0.202403141607\\db\/mcu/
2024-04-01 08:46:51,916 [INFO] ApiDb:274 - Set plugin database path to: C:\ST\STM32CubeIDE_1.12.0\STM32CubeIDE\plugins\com.st.stm32cube.common.mx_6.11.0.202403141607\\db\/plugins/boardmanager/
2024-04-01 08:46:51,916 [INFO] ApiDb:261 - Set plugin images path to: C:\ST\STM32CubeIDE_1.12.0\STM32CubeIDE\plugins\com.st.stm32cube.common.mx_6.11.0.202403141607\\db\/plugins/mcufinder/images/
2024-04-01 08:46:51,916 [WARN] DbFile:41 - Overriding database path with different value: C:\Users\user\.stmcufinder\plugins\mcufinder/ => C:\Users\user\.stmcufinder\plugins\mcufinder
2024-04-01 08:46:51,916 [INFO] ApiDb:250 - Set database path to: C:\Users\user\.stmcufinder\plugins\mcufinder//mcu/
2024-04-01 08:46:51,916 [WARN] DbFile:41 - Overriding database path with different value: C:\Users\user\.stmcufinder\plugins\mcufinder/ => C:\Users\user\.stmcufinder\plugins\mcufinder
2024-04-01 08:46:51,917 [INFO] DbMcusAds:125 - Set database path to: C:\Users\user\.stmcufinder\plugins\mcufinder//mcu/
2024-04-01 08:46:51,917 [WARN] DbFile:41 - Overriding database path with different value: C:\Users\user\.stmcufinder\plugins\mcufinder/ => C:\Users\user\.stmcufinder\plugins\mcufinder
2024-04-01 08:46:51,917 [WARN] DbFile:41 - Overriding database path with different value: C:\Users\user\.stmcufinder\plugins\mcufinder/ => C:\Users\user\.stmcufinder\plugins\mcufinder
2024-04-01 08:46:51,917 [INFO] CrossReferenceDbSqlite:203 - Set database path to: C:\Users\user\.stmcufinder\plugins\mcufinder//mcu/cs/
2024-04-01 08:46:52,040 [INFO] MainPanel:264 - HeapMemory: 268435456
2024-04-01 08:46:52,174 [INFO] DbMcusXml:78 - Set database path to: C:\ST\STM32CubeIDE_1.12.0\STM32CubeIDE\plugins\com.st.stm32cube.common.mx_6.11.0.202403141607\\db\/mcu/
2024-04-01 08:46:52,176 [INFO] ApiDb:274 - Set plugin database path to: C:\ST\STM32CubeIDE_1.12.0\STM32CubeIDE\plugins\com.st.stm32cube.common.mx_6.11.0.202403141607\\db\/plugins/boardmanager/
2024-04-01 08:46:52,176 [INFO] ApiDb:261 - Set plugin images path to: C:\ST\STM32CubeIDE_1.12.0\STM32CubeIDE\plugins\com.st.stm32cube.common.mx_6.11.0.202403141607\\db\/plugins/mcufinder/images/
2024-04-01 08:46:52,177 [WARN] DbFile:41 - Overriding database path with different value: C:\Users\user\.stmcufinder\plugins\mcufinder/ => C:\Users\user\.stmcufinder\plugins\mcufinder
2024-04-01 08:46:52,177 [INFO] ApiDb:250 - Set database path to: C:\Users\user\.stmcufinder\plugins\mcufinder//mcu/
2024-04-01 08:46:52,177 [WARN] DbFile:41 - Overriding database path with different value: C:\Users\user\.stmcufinder\plugins\mcufinder/ => C:\Users\user\.stmcufinder\plugins\mcufinder
2024-04-01 08:46:52,177 [INFO] DbMcusAds:125 - Set database path to: C:\Users\user\.stmcufinder\plugins\mcufinder//mcu/
2024-04-01 08:46:52,177 [WARN] DbFile:41 - Overriding database path with different value: C:\Users\user\.stmcufinder\plugins\mcufinder/ => C:\Users\user\.stmcufinder\plugins\mcufinder
2024-04-01 08:46:52,177 [WARN] DbFile:41 - Overriding database path with different value: C:\Users\user\.stmcufinder\plugins\mcufinder/ => C:\Users\user\.stmcufinder\plugins\mcufinder
2024-04-01 08:46:52,177 [INFO] CrossReferenceDbSqlite:203 - Set database path to: C:\Users\user\.stmcufinder\plugins\mcufinder//mcu/cs/
2024-04-01 08:46:52,200 [INFO] ApplicationProperties:184 - Using Application install path: C:\ST\STM32CubeIDE_1.12.0\STM32CubeIDE\plugins\com.st.stm32cube.common.mx_6.11.0.202403141607
2024-04-01 08:46:52,202 [INFO] PluginManage:196 - Search for loadable plugins [exclusion list=, ]
2024-04-01 08:46:52,203 [INFO] PluginManage:310 - Check plugin analytics
2024-04-01 08:46:52,751 [INFO] AnalyticsPlugin:253 - Accepted Software Licenses: STM32CubeMX.6.10.0
2024-04-01 08:46:52,751 [INFO] AnalyticsPlugin:255 - Accepted CMSIS Pack Licenses: 
2024-04-01 08:46:52,751 [INFO] AnalyticsPlugin:257 - Accepted Firmware Licenses: 
2024-04-01 08:46:52,755 [INFO] PluginManage:359 - Loaded plugin analytics (category:tool,tabindex:-1)
2024-04-01 08:46:52,756 [INFO] PluginManage:310 - Check plugin cadmodel
2024-04-01 08:46:52,771 [INFO] CADModel:105 - Init CAD model plugin
2024-04-01 08:46:52,772 [INFO] PluginManage:359 - Loaded plugin cadmodel (category:power,tabindex:5)
2024-04-01 08:46:52,772 [INFO] PluginManage:310 - Check plugin clock
2024-04-01 08:46:52,801 [INFO] PluginManage:359 - Loaded plugin clock (category:base,tabindex:2)
2024-04-01 08:46:52,801 [INFO] PluginManage:310 - Check plugin ddr
2024-04-01 08:46:52,804 [INFO] PluginManage:359 - Loaded plugin ddr (category:tool,tabindex:6)
2024-04-01 08:46:52,805 [INFO] PluginManage:310 - Check plugin filemanager
2024-04-01 08:46:53,019 [INFO] PluginManage:359 - Loaded plugin filemanager (category:base,tabindex:10)
2024-04-01 08:46:53,019 [INFO] PluginManage:310 - Check plugin ipmanager
2024-04-01 08:46:53,026 [INFO] PluginManage:359 - Loaded plugin ipmanager (category:base,tabindex:5)
2024-04-01 08:46:53,028 [INFO] PluginManage:310 - Check plugin lpbam
2024-04-01 08:46:53,036 [INFO] PluginManage:359 - Loaded plugin lpbam (category:base,tabindex:0)
2024-04-01 08:46:53,036 [INFO] PluginManage:310 - Check plugin memorymap
2024-04-01 08:46:53,051 [INFO] PluginManage:359 - Loaded plugin memorymap (category:base,tabindex:4)
2024-04-01 08:46:53,051 [INFO] PluginManage:310 - Check plugin pinoutandconfiguration
2024-04-01 08:46:53,058 [INFO] PluginManage:359 - Loaded plugin pinoutandconfiguration (category:base,tabindex:1)
2024-04-01 08:46:53,058 [INFO] PluginManage:310 - Check plugin pinoutconfig
2024-04-01 08:46:53,188 [WARN] SupportedApi:132 - Cannot load RTOS API schema: s4s-elt-must-match.1: The content of 'definitions' must match (annotation?, (simpleType | complexType)?, (unique | key | keyref)*)). A problem was found starting at: attribute.
2024-04-01 08:46:53,427 [INFO] PluginManage:359 - Loaded plugin pinoutconfig (category:base,tabindex:0)
2024-04-01 08:46:53,427 [INFO] PluginManage:310 - Check plugin power
2024-04-01 08:46:53,440 [INFO] PluginManage:359 - Loaded plugin power (category:power,tabindex:4)
2024-04-01 08:46:53,440 [INFO] PluginManage:310 - Check plugin projectmanager
2024-04-01 08:46:53,469 [INFO] PluginManage:359 - Loaded plugin projectmanager (category:projectmanager,tabindex:3)
2024-04-01 08:46:53,469 [INFO] PluginManage:310 - Check plugin thirdparty
2024-04-01 08:46:53,720 [INFO] PluginManage:359 - Loaded plugin thirdparty (category:base,tabindex:-1)
2024-04-01 08:46:53,721 [INFO] PluginManage:310 - Check plugin tools
2024-04-01 08:46:53,721 [WARN] IntegrityCheckThread:84 - waiting for thirdparty lock release [integrity check]
2024-04-01 08:46:53,721 [INFO] IntegrityCheckThread:86 - entering critical section [integrity check]
2024-04-01 08:46:53,723 [INFO] ThirdPartyUpdaterWithRetryManager:70 - Updater plugin not ready yet. [1/15]
2024-04-01 08:46:53,727 [INFO] PluginManage:359 - Loaded plugin tools (category:base,tabindex:7)
2024-04-01 08:46:53,727 [INFO] PluginManage:310 - Check plugin tutovideos
2024-04-01 08:46:53,974 [INFO] PluginManage:359 - Loaded plugin tutovideos (category:base,tabindex:-1)
2024-04-01 08:46:53,974 [INFO] PluginManage:310 - Check plugin updater
2024-04-01 08:46:53,996 [INFO] PluginManage:359 - Loaded plugin updater (category:base,tabindex:12)
2024-04-01 08:46:53,997 [INFO] PluginManage:310 - Check plugin userauth
2024-04-01 08:46:54,003 [INFO] UserAuth:114 - Init User Auth plugin
2024-04-01 08:46:54,003 [INFO] PluginManage:359 - Loaded plugin userauth (category:base,tabindex:14)
2024-04-01 08:46:54,004 [INFO] PluginManage:283 - PluginManage : Loaded plugins [17]
2024-04-01 08:46:54,252 [INFO] PinOutPanel:1561 - setPackage(No Configuration,No Configuration)
2024-04-01 08:46:54,337 [INFO] CADModel:165 - CPN selected for project level
2024-04-01 08:46:54,338 [INFO] CADModel:114 - Register for checkConnection events
2024-04-01 08:46:54,364 [INFO] IPUIPlugin:80 - create IPUIPlugin
2024-04-01 08:46:54,365 [INFO] PluginManager:220 - loadIPPluginJar : add adc
2024-04-01 08:46:54,370 [INFO] IPUIPlugin:80 - create IPUIPlugin
2024-04-01 08:46:54,370 [INFO] PluginManager:220 - loadIPPluginJar : add aes
2024-04-01 08:46:54,373 [INFO] IPUIPlugin:80 - create IPUIPlugin
2024-04-01 08:46:54,374 [INFO] PluginManager:220 - loadIPPluginJar : add can
2024-04-01 08:46:54,377 [INFO] IPUIPlugin:80 - create IPUIPlugin
2024-04-01 08:46:54,377 [INFO] PluginManager:220 - loadIPPluginJar : add comp
2024-04-01 08:46:54,382 [INFO] IPUIPlugin:80 - create IPUIPlugin
2024-04-01 08:46:54,383 [INFO] PluginManager:220 - loadIPPluginJar : add cryp
2024-04-01 08:46:54,385 [INFO] IPUIPlugin:80 - create IPUIPlugin
2024-04-01 08:46:54,385 [INFO] PluginManager:220 - loadIPPluginJar : add dfsdm
2024-04-01 08:46:54,389 [INFO] IPUIPlugin:80 - create IPUIPlugin
2024-04-01 08:46:54,390 [INFO] PluginManager:220 - loadIPPluginJar : add dma
2024-04-01 08:46:54,394 [INFO] IPUIPlugin:80 - create IPUIPlugin
2024-04-01 08:46:54,394 [INFO] PluginManager:220 - loadIPPluginJar : add dma3
2024-04-01 08:46:54,400 [INFO] IPUIPlugin:80 - create IPUIPlugin
2024-04-01 08:46:54,400 [INFO] PluginManager:220 - loadIPPluginJar : add extmemmanager
2024-04-01 08:46:54,402 [INFO] IPUIPlugin:80 - create IPUIPlugin
2024-04-01 08:46:54,402 [INFO] PluginManager:220 - loadIPPluginJar : add fatfs
2024-04-01 08:46:54,407 [INFO] IPUIPlugin:80 - create IPUIPlugin
2024-04-01 08:46:54,407 [INFO] PluginManager:220 - loadIPPluginJar : add fmc
2024-04-01 08:46:54,417 [INFO] IPUIPlugin:80 - create IPUIPlugin
2024-04-01 08:46:54,417 [INFO] PluginManager:220 - loadIPPluginJar : add freertos
2024-04-01 08:46:54,419 [INFO] IPUIPlugin:80 - create IPUIPlugin
2024-04-01 08:46:54,419 [INFO] PluginManager:220 - loadIPPluginJar : add genericplugin
2024-04-01 08:46:54,421 [INFO] IPUIPlugin:80 - create IPUIPlugin
2024-04-01 08:46:54,422 [INFO] PluginManager:220 - loadIPPluginJar : add gfxmmu
2024-04-01 08:46:54,428 [INFO] IPUIPlugin:80 - create IPUIPlugin
2024-04-01 08:46:54,430 [INFO] PluginManager:220 - loadIPPluginJar : add gic
2024-04-01 08:46:54,435 [INFO] IPUIPlugin:80 - create IPUIPlugin
2024-04-01 08:46:54,435 [INFO] PluginManager:220 - loadIPPluginJar : add gpio
2024-04-01 08:46:54,439 [INFO] IPUIPlugin:80 - create IPUIPlugin
2024-04-01 08:46:54,440 [INFO] PluginManager:220 - loadIPPluginJar : add gtzc
2024-04-01 08:46:54,444 [INFO] IPUIPlugin:80 - create IPUIPlugin
2024-04-01 08:46:54,444 [INFO] PluginManager:220 - loadIPPluginJar : add hash
2024-04-01 08:46:54,448 [INFO] IPUIPlugin:80 - create IPUIPlugin
2024-04-01 08:46:54,448 [INFO] PluginManager:220 - loadIPPluginJar : add i2c
2024-04-01 08:46:54,452 [INFO] IPUIPlugin:80 - create IPUIPlugin
2024-04-01 08:46:54,453 [INFO] PluginManager:220 - loadIPPluginJar : add i2s
2024-04-01 08:46:54,455 [INFO] IPUIPlugin:80 - create IPUIPlugin
2024-04-01 08:46:54,455 [INFO] PluginManager:220 - loadIPPluginJar : add i3c
2024-04-01 08:46:54,460 [INFO] IPUIPlugin:80 - create IPUIPlugin
2024-04-01 08:46:54,460 [INFO] PluginManager:220 - loadIPPluginJar : add ipddr
2024-04-01 08:46:54,470 [INFO] IPUIPlugin:80 - create IPUIPlugin
2024-04-01 08:46:54,470 [INFO] PluginManager:220 - loadIPPluginJar : add linkedlist
2024-04-01 08:46:54,472 [INFO] IPUIPlugin:80 - create IPUIPlugin
2024-04-01 08:46:54,472 [INFO] PluginManager:220 - loadIPPluginJar : add lorawan
2024-04-01 08:46:54,474 [INFO] IPUIPlugin:80 - create IPUIPlugin
2024-04-01 08:46:54,474 [INFO] PluginManager:220 - loadIPPluginJar : add ltdc
2024-04-01 08:46:54,486 [INFO] IPUIPlugin:80 - create IPUIPlugin
2024-04-01 08:46:54,486 [INFO] PluginManager:220 - loadIPPluginJar : add mdma
2024-04-01 08:46:54,489 [INFO] IPUIPlugin:80 - create IPUIPlugin
2024-04-01 08:46:54,489 [INFO] PluginManager:220 - loadIPPluginJar : add nvic
2024-04-01 08:46:54,495 [INFO] IPUIPlugin:80 - create IPUIPlugin
2024-04-01 08:46:54,495 [INFO] PluginManager:220 - loadIPPluginJar : add opamp
2024-04-01 08:46:54,500 [INFO] IPUIPlugin:80 - create IPUIPlugin
2024-04-01 08:46:54,500 [INFO] PluginManager:220 - loadIPPluginJar : add openamp
2024-04-01 08:46:54,505 [INFO] IPUIPlugin:80 - create IPUIPlugin
2024-04-01 08:46:54,505 [INFO] PluginManager:220 - loadIPPluginJar : add pdm2pcm
2024-04-01 08:46:54,515 [INFO] IPUIPlugin:80 - create IPUIPlugin
2024-04-01 08:46:54,519 [INFO] PluginManager:220 - loadIPPluginJar : add plateformsettings
2024-04-01 08:46:54,520 [INFO] IPUIPlugin:80 - create IPUIPlugin
2024-04-01 08:46:54,520 [INFO] PluginManager:220 - loadIPPluginJar : add quadspi
2024-04-01 08:46:54,527 [INFO] IPUIPlugin:80 - create IPUIPlugin
2024-04-01 08:46:54,527 [INFO] PluginManager:220 - loadIPPluginJar : add resmgrutility
2024-04-01 08:46:54,533 [INFO] IPUIPlugin:80 - create IPUIPlugin
2024-04-01 08:46:54,533 [INFO] PluginManager:220 - loadIPPluginJar : add sai
2024-04-01 08:46:54,536 [INFO] IPUIPlugin:80 - create IPUIPlugin
2024-04-01 08:46:54,536 [INFO] PluginManager:220 - loadIPPluginJar : add spi
2024-04-01 08:46:54,540 [INFO] IPUIPlugin:80 - create IPUIPlugin
2024-04-01 08:46:54,540 [INFO] PluginManager:220 - loadIPPluginJar : add stm32_wpan
2024-04-01 08:46:54,546 [INFO] IPUIPlugin:80 - create IPUIPlugin
2024-04-01 08:46:54,546 [INFO] PluginManager:220 - loadIPPluginJar : add tim
2024-04-01 08:46:54,552 [INFO] IPUIPlugin:80 - create IPUIPlugin
2024-04-01 08:46:54,553 [INFO] PluginManager:220 - loadIPPluginJar : add touchsensing
2024-04-01 08:46:54,555 [INFO] IPUIPlugin:80 - create IPUIPlugin
2024-04-01 08:46:54,555 [INFO] PluginManager:220 - loadIPPluginJar : add tracer_emb
2024-04-01 08:46:54,557 [INFO] IPUIPlugin:80 - create IPUIPlugin
2024-04-01 08:46:54,557 [INFO] PluginManager:220 - loadIPPluginJar : add ts
2024-04-01 08:46:54,560 [INFO] IPUIPlugin:80 - create IPUIPlugin
2024-04-01 08:46:54,562 [INFO] PluginManager:220 - loadIPPluginJar : add tsc
2024-04-01 08:46:54,565 [INFO] IPUIPlugin:80 - create IPUIPlugin
2024-04-01 08:46:54,566 [INFO] PluginManager:220 - loadIPPluginJar : add ucpd
2024-04-01 08:46:54,569 [INFO] IPUIPlugin:80 - create IPUIPlugin
2024-04-01 08:46:54,570 [INFO] PluginManager:220 - loadIPPluginJar : add usart
2024-04-01 08:46:54,573 [INFO] IPUIPlugin:80 - create IPUIPlugin
2024-04-01 08:46:54,573 [INFO] PluginManager:220 - loadIPPluginJar : add usbx
2024-04-01 08:46:54,713 [INFO] CADModel:165 - CPN selected for project level
2024-04-01 08:46:54,713 [INFO] CADModel:114 - Register for checkConnection events
2024-04-01 08:46:54,714 [FATAL] Updater:308 - Updater called before beeing initialized
2024-04-01 08:46:54,714 [ERROR] CADModel:125 - Updater not yet initialized, retry later 
2024-04-01 08:46:54,900 [INFO] CADModel:165 - CPN selected for project level
2024-04-01 08:46:54,900 [INFO] CADModel:114 - Register for checkConnection events
2024-04-01 08:46:54,900 [FATAL] Updater:308 - Updater called before beeing initialized
2024-04-01 08:46:54,900 [ERROR] CADModel:125 - Updater not yet initialized, retry later 
2024-04-01 08:46:54,905 [FATAL] Updater:308 - Updater called before beeing initialized
2024-04-01 08:46:55,099 [FATAL] Updater:308 - Updater called before beeing initialized
2024-04-01 08:46:55,104 [INFO] DbMcusAds:53 - JSON generation date=Wed Nov 29 17:52:27 ICT 2023 (1701255147349)
2024-04-01 08:46:55,104 [FATAL] Updater:308 - Updater called before beeing initialized
2024-04-01 08:46:55,150 [WARN] DetailPanel:346 - Failed to get advertising image, set to default
2024-04-01 08:46:55,230 [FATAL] Updater:308 - Updater called before beeing initialized
2024-04-01 08:46:55,233 [FATAL] Updater:308 - Updater called before beeing initialized
2024-04-01 08:46:55,233 [FATAL] Updater:308 - Updater called before beeing initialized
2024-04-01 08:46:55,234 [WARN] DetailPanel:346 - Failed to get advertising image, set to default
2024-04-01 08:46:55,234 [FATAL] Updater:308 - Updater called before beeing initialized
2024-04-01 08:46:55,289 [ERROR] Updater:1120 - MainUpdater not yet initialized. External WinMGr cannot be set.
2024-04-01 08:46:55,292 [INFO] Updater:1056 - Updater Version found : 6.11.0
2024-04-01 08:46:55,313 [INFO] ApplicationProperties:184 - Using Application install path: C:\ST\STM32CubeIDE_1.12.0\STM32CubeIDE\plugins\com.st.stm32cube.common.mx_6.11.0.202403141607
2024-04-01 08:46:56,661 [INFO] MainUpdater:2873 - connection check result : 10
2024-04-01 08:46:56,662 [INFO] MainUpdater:290 - Updater Check For Update Now.
2024-04-01 08:46:56,662 [INFO] MicroXplorer:498 - Change Database Version : DB.6.0.110
2024-04-01 08:46:56,670 [INFO] McuFinderGlobals:63 - Set McuFinder mode to 2 (CubeIDE integrated)
2024-04-01 08:46:56,670 [INFO] UserAuth:179 - activating auth plugin
2024-04-01 08:46:56,675 [INFO] UserAuth:415 - Internet connection configuration mode: 1
2024-04-01 08:46:56,697 [INFO] JxBrowserEngine:152 - Initiate JxBrowser Engine with user profile folder
2024-04-01 08:46:56,727 [WARN] MainUpdater:1194 - Updater busy. Cannot search thirdparties
2024-04-01 08:46:56,728 [INFO] ThirdPartyUpdaterWithRetryManager:96 - Updater plugin is busy. [1/15]
2024-04-01 08:46:56,919 [INFO] CheckServerUpdateThread:120 - End of CheckServer Thread
2024-04-01 08:46:57,829 [INFO] WebApp:161 - Instantiating new browser for Auth
2024-04-01 08:46:58,628 [INFO] WebApp:779 - Register for checkConnection events
2024-04-01 08:46:58,630 [INFO] WebApp:414 - Apply proxy settings
2024-04-01 08:46:58,631 [INFO] WebApp:499 - Chromium requires no authentication
2024-04-01 08:46:58,642 [INFO] WebApp:442 - Direct internet connection detected
2024-04-01 08:46:58,888 [INFO] WebApp:192 - Starting web application
2024-04-01 08:46:58,888 [INFO] WebApp:544 - Web application path used C:\ST\STM32CubeIDE_1.12.0\STM32CubeIDE\plugins\com.st.stm32cube.common.mx_6.11.0.202403141607\db\plugins\mcufinder\reactClient1\index.html
2024-04-01 08:46:59,943 [WARN] PackLoader:240 - Cannot read IP mode file for STMicroelectronics.X-CUBE-SMBUS.2.1.0
2024-04-01 08:46:59,953 [WARN] PackLoader:240 - Cannot read IP mode file for STMicroelectronics.X-CUBE-TOUCHGFX.4.23.0
2024-04-01 08:47:00,312 [WARN] PackLoader:240 - Cannot read IP mode file for STMicroelectronics.X-CUBE-AZRTOS-F7.1.1.0
2024-04-01 08:47:00,332 [WARN] PackLoader:240 - Cannot read IP mode file for STMicroelectronics.FP-SNS-MOTENV1.4.3.2
2024-04-01 08:47:00,347 [WARN] PackLoader:240 - Cannot read IP mode file for STMicroelectronics.FP-SNS-FLIGHT1.5.0.2
2024-04-01 08:47:00,363 [WARN] PackLoader:240 - Cannot read IP mode file for STMicroelectronics.X-CUBE-DISPLAY.3.0.0
2024-04-01 08:47:00,389 [WARN] PackLoader:240 - Cannot read IP mode file for STMicroelectronics.X-CUBE-BLE1.7.0.0
2024-04-01 08:47:00,415 [WARN] PackLoader:240 - Cannot read IP mode file for emotas.I-CUBE-CANOPEN.1.3.0
2024-04-01 08:47:00,521 [WARN] PackLoader:240 - Cannot read IP mode file for STMicroelectronics.X-CUBE-TOUCHGFX.4.22.0
2024-04-01 08:47:00,634 [WARN] PackLoader:240 - Cannot read IP mode file for STMicroelectronics.X-CUBE-TOUCHGFX.4.22.1
2024-04-01 08:47:00,733 [WARN] PackLoader:240 - Cannot read IP mode file for STMicroelectronics.X-CUBE-BLEMGR.3.1.0
2024-04-01 08:47:00,770 [WARN] PackLoader:240 - Cannot read IP mode file for STMicroelectronics.FP-SNS-SMARTAG2.1.2.0
2024-04-01 08:47:00,787 [INFO] LogOutputStream:77 - [STDOUT_REDIRECT] 1 : Invalid condition id : UX_CORESTACK_Condition cause : null
2024-04-01 08:47:00,788 [INFO] LogOutputStream:77 - [STDOUT_REDIRECT] 1 : Invalid condition id : UX_CORESTACK_Condition cause : null
2024-04-01 08:47:00,790 [INFO] LogOutputStream:77 - [STDOUT_REDIRECT] 1 : Invalid condition id : UX_CORESTACK_Condition cause : null
2024-04-01 08:47:00,794 [INFO] LogOutputStream:77 - [STDOUT_REDIRECT] 1 : Invalid condition id : UX_CORESTACK_Condition cause : null
2024-04-01 08:47:00,796 [INFO] LogOutputStream:77 - [STDOUT_REDIRECT] 1 : Invalid condition id : UX_CORESTACK_Condition cause : null
2024-04-01 08:47:00,799 [WARN] PackLoader:240 - Cannot read IP mode file for STMicroelectronics.X-CUBE-AZRTOS-WL.2.0.0
2024-04-01 08:47:00,816 [WARN] PackLoader:240 - Cannot read IP mode file for WES.I-CUBE-Cesium.1.3.0
2024-04-01 08:47:00,823 [WARN] PackLoader:240 - Cannot read IP mode file for STMicroelectronics.X-CUBE-BLE2.3.3.0
2024-04-01 08:47:00,837 [WARN] PackLoader:240 - Cannot read IP mode file for STMicroelectronics.X-CUBE-TOUCHGFX.4.18.0
2024-04-01 08:47:00,883 [WARN] PackLoader:240 - Cannot read IP mode file for STMicroelectronics.X-CUBE-TOUCHGFX.4.21.1
2024-04-01 08:47:00,935 [WARN] PackLoader:240 - Cannot read IP mode file for STMicroelectronics.X-CUBE-TOUCHGFX.4.21.0
2024-04-01 08:47:00,990 [WARN] PackLoader:240 - Cannot read IP mode file for STMicroelectronics.X-CUBE-TOUCHGFX.4.21.4
2024-04-01 08:47:01,090 [WARN] PackLoader:240 - Cannot read IP mode file for STMicroelectronics.X-CUBE-ALGOBUILD.1.3.0
2024-04-01 08:47:01,135 [WARN] PackLoader:240 - Cannot read IP mode file for STMicroelectronics.X-CUBE-AZRTOS-G0.1.1.0
2024-04-01 08:47:01,181 [WARN] PackLoader:240 - Cannot read IP mode file for STMicroelectronics.X-CUBE-NFC4.3.0.0
2024-04-01 08:47:01,198 [WARN] PackLoader:240 - Cannot read IP mode file for STMicroelectronics.X-CUBE-BLEMGR.3.0.0
2024-04-01 08:47:01,206 [WARN] PackLoader:240 - Cannot read IP mode file for STMicroelectronics.FP-ATR-SIGFOX1.3.2.0
2024-04-01 08:47:01,230 [WARN] PackLoader:240 - Cannot read IP mode file for STMicroelectronics.X-CUBE-EEPRMA1.5.1.0
2024-04-01 08:47:01,302 [WARN] PackLoader:240 - Cannot read IP mode file for SEGGER.I-CUBE-embOS.1.3.1
2024-04-01 08:47:01,399 [WARN] PackLoader:240 - Cannot read IP mode file for STMicroelectronics.X-CUBE-GNSS1.6.0.0
2024-04-01 08:47:01,423 [WARN] PackLoader:240 - Cannot read IP mode file for STMicroelectronics.X-CUBE-AZRTOS-F4.1.1.0
2024-04-01 08:47:01,440 [WARN] PackLoader:240 - Cannot read IP mode file for wolfSSL.I-CUBE-wolfSSL.5.6.6
2024-04-01 08:47:01,472 [WARN] PackLoader:240 - Cannot read IP mode file for STMicroelectronics.X-CUBE-AZRTOS-L5.2.0.0
2024-04-01 08:47:01,484 [WARN] PackLoader:240 - Cannot read IP mode file for STMicroelectronics.X-CUBE-EEPRMA1.4.2.0
2024-04-01 08:47:01,502 [WARN] PackLoader:240 - Cannot read IP mode file for STMicroelectronics.X-CUBE-NFC6.3.1.0
2024-04-01 08:47:01,524 [WARN] PackLoader:240 - Cannot read IP mode file for ITTIA_DB.I-CUBE-ITTIADB.8.8.0
2024-04-01 08:47:01,567 [WARN] PackLoader:240 - Cannot read IP mode file for emotas.I-CUBE-CANOPEN.1.1.3
2024-04-01 08:47:01,638 [WARN] ConditionMgr:438 - getConditionDescription Invalid condition id : UX DEVICE CLASS RTOS Condition cause : null
2024-04-01 08:47:01,639 [WARN] ConditionMgr:438 - getConditionDescription Invalid condition id : UX DEVICE CLASS RTOS Condition cause : null
2024-04-01 08:47:01,652 [WARN] PackLoader:240 - Cannot read IP mode file for STMicroelectronics.X-CUBE-AZRTOS-H7.3.1.0
2024-04-01 08:47:01,653 [WARN] ConditionMgr:1039 - genDependencies : Invalid condition id : UX DEVICE CLASS RTOS Condition cause : null
2024-04-01 08:47:01,653 [WARN] ConditionMgr:1039 - genDependencies : Invalid condition id : UX DEVICE CLASS RTOS Condition cause : null
2024-04-01 08:47:01,654 [WARN] ConditionMgr:1039 - genDependencies : Invalid condition id : UX DEVICE CLASS RTOS Condition cause : null
2024-04-01 08:47:01,654 [WARN] ConditionMgr:1039 - genDependencies : Invalid condition id : UX DEVICE CLASS RTOS Condition cause : null
2024-04-01 08:47:01,654 [WARN] ConditionMgr:1039 - genDependencies : Invalid condition id : UX DEVICE CLASS RTOS Condition cause : null
2024-04-01 08:47:01,661 [WARN] ConditionMgr:438 - getConditionDescription Invalid condition id : UX DEVICE CLASS RTOS Condition cause : null
2024-04-01 08:47:01,661 [WARN] ConditionMgr:438 - getConditionDescription Invalid condition id : UX DEVICE CLASS RTOS Condition cause : null
2024-04-01 08:47:01,800 [WARN] PackLoader:240 - Cannot read IP mode file for STMicroelectronics.X-CUBE-NFC7.1.0.1
2024-04-01 08:47:01,811 [WARN] PackLoader:240 - Cannot read IP mode file for STMicroelectronics.X-CUBE-NFC6.3.0.0
2024-04-01 08:47:01,817 [WARN] PackLoader:240 - Cannot read IP mode file for STMicroelectronics.X-CUBE-AI.8.1.0
2024-04-01 08:47:01,853 [WARN] ConditionMgr:438 - getConditionDescription Invalid condition id : LAN8742 Phy interface Condition cause : null
2024-04-01 08:47:01,854 [WARN] PackLoader:240 - Cannot read IP mode file for STMicroelectronics.X-CUBE-AZRTOS-L4.2.0.0
2024-04-01 08:47:01,855 [WARN] ConditionMgr:1039 - genDependencies : Invalid condition id : LAN8742 Phy interface Condition cause : null
2024-04-01 08:47:01,856 [WARN] ConditionMgr:1039 - genDependencies : Invalid condition id : LAN8742 Phy interface Condition cause : null
2024-04-01 08:47:01,856 [WARN] ConditionMgr:1039 - genDependencies : Invalid condition id : LAN8742 Phy interface Condition cause : null
2024-04-01 08:47:01,871 [WARN] PackLoader:240 - Cannot read IP mode file for STMicroelectronics.X-CUBE-SFXS2LP1.4.0.0
2024-04-01 08:47:01,886 [WARN] ConditionMgr:438 - getConditionDescription Invalid condition id : UX DEVICE CLASS RTOS Condition cause : null
2024-04-01 08:47:01,887 [WARN] ConditionMgr:438 - getConditionDescription Invalid condition id : UX DEVICE CLASS RTOS Condition cause : null
2024-04-01 08:47:01,889 [WARN] PackLoader:240 - Cannot read IP mode file for STMicroelectronics.X-CUBE-AZRTOS-WB.2.0.0
2024-04-01 08:47:01,889 [WARN] ConditionMgr:1039 - genDependencies : Invalid condition id : UX DEVICE CLASS RTOS Condition cause : null
2024-04-01 08:47:01,889 [WARN] ConditionMgr:1039 - genDependencies : Invalid condition id : UX DEVICE CLASS RTOS Condition cause : null
2024-04-01 08:47:01,890 [WARN] ConditionMgr:1039 - genDependencies : Invalid condition id : UX DEVICE CLASS RTOS Condition cause : null
2024-04-01 08:47:01,890 [WARN] ConditionMgr:1039 - genDependencies : Invalid condition id : UX DEVICE CLASS RTOS Condition cause : null
2024-04-01 08:47:01,890 [WARN] ConditionMgr:1039 - genDependencies : Invalid condition id : UX DEVICE CLASS RTOS Condition cause : null
2024-04-01 08:47:01,907 [WARN] PackLoader:240 - Cannot read IP mode file for STMicroelectronics.X-CUBE-SUBG2.5.0.0
2024-04-01 08:47:01,928 [WARN] PackLoader:240 - Cannot read IP mode file for STMicroelectronics.X-CUBE-TOF1.3.3.1
2024-04-01 08:47:02,018 [WARN] PackLoader:240 - Cannot read IP mode file for STMicroelectronics.X-CUBE-AZRTOS-G4.2.0.0
2024-04-01 08:47:02,087 [WARN] PackLoader:240 - Cannot read IP mode file for STMicroelectronics.X-CUBE-TOF1.3.3.0
2024-04-01 08:47:02,307 [WARN] PackLoader:240 - Cannot read IP mode file for Infineon.AIROC-Wi-Fi-Bluetooth-STM32.1.5.1
2024-04-01 08:47:02,317 [WARN] PackLoader:240 - Cannot read IP mode file for STMicroelectronics.FP-SNS-MOTENVWB1.1.3.1
2024-04-01 08:47:02,323 [WARN] PackLoader:240 - Cannot read IP mode file for STMicroelectronics.X-CUBE-ISPU.2.0.0
2024-04-01 08:47:02,386 [WARN] PackLoader:240 - Cannot read IP mode file for STMicroelectronics.X-CUBE-MEMS1.10.0.0
2024-04-01 08:47:02,597 [WARN] PackLoader:240 - Cannot read IP mode file for STMicroelectronics.X-CUBE-FREERTOS.1.1.0
2024-04-01 08:47:02,605 [WARN] PackLoader:240 - Cannot read IP mode file for portGmbH.I-Cube-SoM-uGOAL.1.1.0
2024-04-01 08:47:02,618 [WARN] PackLoader:240 - Cannot read IP mode file for STMicroelectronics.X-CUBE-ALS.1.0.1
2024-04-01 08:47:02,632 [WARN] PackLoader:240 - Cannot read IP mode file for STMicroelectronics.FP-ATR-ASTRA1.2.0.0
2024-04-01 08:47:02,653 [WARN] PackLoader:240 - Cannot read IP mode file for STMicroelectronics.X-CUBE-TOF1.3.4.0
2024-04-01 08:47:02,739 [WARN] PackLoader:240 - Cannot read IP mode file for STMicroelectronics.X-CUBE-TOF1.3.4.1
2024-04-01 08:47:02,774 [WARN] PackLoader:240 - Cannot read IP mode file for STMicroelectronics.X-CUBE-AZRTOS-H7.3.2.0
2024-04-01 08:47:02,870 [INFO] ThirdParty:978 - Integrity check success = true
2024-04-01 08:47:02,870 [INFO] IntegrityCheckThread:100 - exiting critical section [integrity check]
2024-04-01 08:47:02,870 [INFO] IntegrityCheckThread:103 - End integrity checks thread
2024-04-01 16:08:58,436 [ERROR] LogOutputStream:75 - [STDERR_REDIRECT] 
