2023-09-05 13:28:25,935 [INFO] Activator:176 - 


2023-09-05 13:28:25,946 [INFO] Activator:177 - !SESSION log4j initialized
2023-09-05 13:28:35,255 [INFO] LogOutputStream:77 - [STDOUT_REDIRECT] 
2023-09-05 13:28:41,101 [INFO] ApplicationProperties:184 - Using Application install path: C:\ST\STM32CubeIDE_1.12.0\STM32CubeIDE\plugins\com.st.stm32cube.common.mx_6.9.1.202307191849
2023-09-05 13:28:41,127 [INFO] DbMcusXml:78 - Set database path to: C:\ST\STM32CubeIDE_1.12.0\STM32CubeIDE\plugins\com.st.stm32cube.common.mx_6.9.1.202307191849\\db\/mcu/
2023-09-05 13:28:41,127 [INFO] ApiDb:274 - Set plugin database path to: C:\ST\STM32CubeIDE_1.12.0\STM32CubeIDE\plugins\com.st.stm32cube.common.mx_6.9.1.202307191849\\db\/plugins/boardmanager/
2023-09-05 13:28:41,128 [WARN] ApiDb:259 - Overriding images path with different value:  => C:\ST\STM32CubeIDE_1.12.0\STM32CubeIDE\plugins\com.st.stm32cube.common.mx_6.9.1.202307191849\\db\/plugins/mcufinder/images/
2023-09-05 13:28:41,158 [INFO] ApiDb:250 - Set database path to: C:\Users\user\.stmcufinder\plugins\mcufinder//mcu/
2023-09-05 13:28:41,159 [INFO] DbMcusAds:125 - Set database path to: C:\Users\user\.stmcufinder\plugins\mcufinder//mcu/
2023-09-05 13:28:41,162 [INFO] CrossReferenceDbSqlite:203 - Set database path to: C:\Users\user\.stmcufinder\plugins\mcufinder//mcu/cs/
2023-09-05 13:28:41,312 [INFO] RulesReader:64 - Compatibility file has been processed (293 Rules)
2023-09-05 13:28:41,431 [INFO] DbMcusXml:78 - Set database path to: C:\ST\STM32CubeIDE_1.12.0\STM32CubeIDE\plugins\com.st.stm32cube.common.mx_6.9.1.202307191849\\db\/mcu/
2023-09-05 13:28:41,431 [INFO] ApiDb:274 - Set plugin database path to: C:\ST\STM32CubeIDE_1.12.0\STM32CubeIDE\plugins\com.st.stm32cube.common.mx_6.9.1.202307191849\\db\/plugins/boardmanager/
2023-09-05 13:28:41,431 [INFO] ApiDb:261 - Set plugin images path to: C:\ST\STM32CubeIDE_1.12.0\STM32CubeIDE\plugins\com.st.stm32cube.common.mx_6.9.1.202307191849\\db\/plugins/mcufinder/images/
2023-09-05 13:28:41,432 [WARN] DbFile:41 - Overriding database path with different value: C:\Users\user\.stmcufinder\plugins\mcufinder/ => C:\Users\user\.stmcufinder\plugins\mcufinder
2023-09-05 13:28:41,432 [INFO] ApiDb:250 - Set database path to: C:\Users\user\.stmcufinder\plugins\mcufinder//mcu/
2023-09-05 13:28:41,432 [WARN] DbFile:41 - Overriding database path with different value: C:\Users\user\.stmcufinder\plugins\mcufinder/ => C:\Users\user\.stmcufinder\plugins\mcufinder
2023-09-05 13:28:41,432 [INFO] DbMcusAds:125 - Set database path to: C:\Users\user\.stmcufinder\plugins\mcufinder//mcu/
2023-09-05 13:28:41,432 [WARN] DbFile:41 - Overriding database path with different value: C:\Users\user\.stmcufinder\plugins\mcufinder/ => C:\Users\user\.stmcufinder\plugins\mcufinder
2023-09-05 13:28:41,432 [WARN] DbFile:41 - Overriding database path with different value: C:\Users\user\.stmcufinder\plugins\mcufinder/ => C:\Users\user\.stmcufinder\plugins\mcufinder
2023-09-05 13:28:41,432 [INFO] CrossReferenceDbSqlite:203 - Set database path to: C:\Users\user\.stmcufinder\plugins\mcufinder//mcu/cs/
2023-09-05 13:28:41,541 [INFO] MainPanel:262 - HeapMemory: 268435456
2023-09-05 13:28:41,686 [INFO] DbMcusXml:78 - Set database path to: C:\ST\STM32CubeIDE_1.12.0\STM32CubeIDE\plugins\com.st.stm32cube.common.mx_6.9.1.202307191849\\db\/mcu/
2023-09-05 13:28:41,686 [INFO] ApiDb:274 - Set plugin database path to: C:\ST\STM32CubeIDE_1.12.0\STM32CubeIDE\plugins\com.st.stm32cube.common.mx_6.9.1.202307191849\\db\/plugins/boardmanager/
2023-09-05 13:28:41,686 [INFO] ApiDb:261 - Set plugin images path to: C:\ST\STM32CubeIDE_1.12.0\STM32CubeIDE\plugins\com.st.stm32cube.common.mx_6.9.1.202307191849\\db\/plugins/mcufinder/images/
2023-09-05 13:28:41,687 [WARN] DbFile:41 - Overriding database path with different value: C:\Users\user\.stmcufinder\plugins\mcufinder/ => C:\Users\user\.stmcufinder\plugins\mcufinder
2023-09-05 13:28:41,687 [INFO] ApiDb:250 - Set database path to: C:\Users\user\.stmcufinder\plugins\mcufinder//mcu/
2023-09-05 13:28:41,687 [WARN] DbFile:41 - Overriding database path with different value: C:\Users\user\.stmcufinder\plugins\mcufinder/ => C:\Users\user\.stmcufinder\plugins\mcufinder
2023-09-05 13:28:41,687 [INFO] DbMcusAds:125 - Set database path to: C:\Users\user\.stmcufinder\plugins\mcufinder//mcu/
2023-09-05 13:28:41,687 [WARN] DbFile:41 - Overriding database path with different value: C:\Users\user\.stmcufinder\plugins\mcufinder/ => C:\Users\user\.stmcufinder\plugins\mcufinder
2023-09-05 13:28:41,687 [WARN] DbFile:41 - Overriding database path with different value: C:\Users\user\.stmcufinder\plugins\mcufinder/ => C:\Users\user\.stmcufinder\plugins\mcufinder
2023-09-05 13:28:41,688 [INFO] CrossReferenceDbSqlite:203 - Set database path to: C:\Users\user\.stmcufinder\plugins\mcufinder//mcu/cs/
2023-09-05 13:28:41,709 [INFO] ApplicationProperties:184 - Using Application install path: C:\ST\STM32CubeIDE_1.12.0\STM32CubeIDE\plugins\com.st.stm32cube.common.mx_6.9.1.202307191849
2023-09-05 13:28:41,710 [INFO] PluginManage:196 - Search for loadable plugins [exclusion list=, ]
2023-09-05 13:28:41,712 [INFO] PluginManage:310 - Check plugin analytics
2023-09-05 13:28:41,923 [INFO] AnalyticsPlugin:253 - Accepted Software Licenses: STM32CubeMX.6.8.0,STM32CubeMX.6.8.1,STM32CubeMX.6.5.0,STM32CubeMX.6.9.1
2023-09-05 13:28:41,923 [INFO] AnalyticsPlugin:255 - Accepted CMSIS Pack Licenses: emotas.I-CUBE-CANOPEN.1.1.3,STMicroelectronics.X-CUBE-TOUCHGFX.4.21.0,STMicroelectronics.X-CUBE-TOUCHGFX.4.21.1,STMicroelectronics.X-CUBE-TOUCHGFX.4.18.0
2023-09-05 13:28:41,923 [INFO] AnalyticsPlugin:257 - Accepted Firmware Licenses: FW.H7.1.11.0,FW.G0.1.6.0,FW.F4.1.27.0
2023-09-05 13:28:41,925 [INFO] PluginManage:359 - Loaded plugin analytics (category:tool,tabindex:-1)
2023-09-05 13:28:41,926 [INFO] PluginManage:310 - Check plugin cadmodel
2023-09-05 13:28:42,029 [INFO] CADModel:105 - Init CAD model plugin
2023-09-05 13:28:42,029 [INFO] PluginManage:359 - Loaded plugin cadmodel (category:power,tabindex:5)
2023-09-05 13:28:42,029 [INFO] PluginManage:310 - Check plugin clock
2023-09-05 13:28:42,058 [INFO] PluginManage:359 - Loaded plugin clock (category:base,tabindex:2)
2023-09-05 13:28:42,058 [INFO] PluginManage:310 - Check plugin ddr
2023-09-05 13:28:42,061 [INFO] PluginManage:359 - Loaded plugin ddr (category:tool,tabindex:6)
2023-09-05 13:28:42,061 [INFO] PluginManage:310 - Check plugin filemanager
2023-09-05 13:28:42,252 [INFO] PluginManage:359 - Loaded plugin filemanager (category:base,tabindex:10)
2023-09-05 13:28:42,253 [INFO] PluginManage:310 - Check plugin ipmanager
2023-09-05 13:28:42,264 [INFO] PluginManage:359 - Loaded plugin ipmanager (category:base,tabindex:5)
2023-09-05 13:28:42,264 [INFO] PluginManage:310 - Check plugin lpbam
2023-09-05 13:28:42,288 [INFO] PluginManage:359 - Loaded plugin lpbam (category:base,tabindex:0)
2023-09-05 13:28:42,289 [INFO] PluginManage:310 - Check plugin memorymap
2023-09-05 13:28:42,324 [INFO] PluginManage:359 - Loaded plugin memorymap (category:base,tabindex:4)
2023-09-05 13:28:42,324 [INFO] PluginManage:310 - Check plugin pinoutandconfiguration
2023-09-05 13:28:42,350 [INFO] PluginManage:359 - Loaded plugin pinoutandconfiguration (category:base,tabindex:1)
2023-09-05 13:28:42,350 [INFO] PluginManage:310 - Check plugin pinoutconfig
2023-09-05 13:28:42,487 [WARN] SupportedApi:132 - Cannot load RTOS API schema: s4s-elt-must-match.1: The content of 'definitions' must match (annotation?, (simpleType | complexType)?, (unique | key | keyref)*)). A problem was found starting at: attribute.
2023-09-05 13:28:42,665 [INFO] PluginManage:359 - Loaded plugin pinoutconfig (category:base,tabindex:0)
2023-09-05 13:28:42,665 [INFO] PluginManage:310 - Check plugin power
2023-09-05 13:28:42,694 [INFO] PluginManage:359 - Loaded plugin power (category:power,tabindex:4)
2023-09-05 13:28:42,694 [INFO] PluginManage:310 - Check plugin projectmanager
2023-09-05 13:28:42,709 [INFO] PluginManage:359 - Loaded plugin projectmanager (category:projectmanager,tabindex:3)
2023-09-05 13:28:42,709 [INFO] PluginManage:310 - Check plugin thirdparty
2023-09-05 13:28:43,470 [INFO] PluginManage:359 - Loaded plugin thirdparty (category:base,tabindex:-1)
2023-09-05 13:28:43,470 [WARN] IntegrityCheckThread:84 - waiting for thirdparty lock release [integrity check]
2023-09-05 13:28:43,472 [INFO] PluginManage:310 - Check plugin tools
2023-09-05 13:28:43,472 [INFO] IntegrityCheckThread:86 - entering critical section [integrity check]
2023-09-05 13:28:43,473 [INFO] ThirdPartyUpdaterWithRetryManager:70 - Updater plugin not ready yet. [1/15]
2023-09-05 13:28:43,602 [INFO] PluginManage:359 - Loaded plugin tools (category:base,tabindex:7)
2023-09-05 13:28:43,603 [INFO] PluginManage:310 - Check plugin tutovideos
2023-09-05 13:28:43,864 [ERROR] LogOutputStream:75 - [STDERR_REDIRECT] SLF4J: Failed to load class "org.slf4j.impl.StaticLoggerBinder".
2023-09-05 13:28:43,865 [ERROR] LogOutputStream:75 - [STDERR_REDIRECT] SLF4J: Defaulting to no-operation (NOP) logger implementation
2023-09-05 13:28:43,867 [ERROR] LogOutputStream:75 - [STDERR_REDIRECT] SLF4J: See http://www.slf4j.org/codes.html#StaticLoggerBinder for further details.
2023-09-05 13:28:43,947 [INFO] PluginManage:359 - Loaded plugin tutovideos (category:base,tabindex:-1)
2023-09-05 13:28:43,947 [INFO] PluginManage:310 - Check plugin updater
2023-09-05 13:28:43,972 [INFO] PluginManage:359 - Loaded plugin updater (category:base,tabindex:12)
2023-09-05 13:28:43,972 [INFO] PluginManage:310 - Check plugin userauth
2023-09-05 13:28:43,980 [INFO] UserAuth:113 - Init User Auth plugin
2023-09-05 13:28:43,980 [INFO] PluginManage:359 - Loaded plugin userauth (category:base,tabindex:14)
2023-09-05 13:28:43,980 [INFO] PluginManage:283 - PluginManage : Loaded plugins [17]
2023-09-05 13:28:44,478 [INFO] PinOutPanel:1499 - setPackage(No Configuration,No Configuration)
2023-09-05 13:28:44,689 [INFO] CADModel:165 - CPN selected for project level
2023-09-05 13:28:44,690 [INFO] CADModel:114 - Register for checkConnection events
2023-09-05 13:28:44,747 [INFO] IPUIPlugin:80 - create IPUIPlugin
2023-09-05 13:28:44,747 [INFO] PluginManager:220 - loadIPPluginJar : add adc
2023-09-05 13:28:44,812 [INFO] IPUIPlugin:80 - create IPUIPlugin
2023-09-05 13:28:44,812 [INFO] PluginManager:220 - loadIPPluginJar : add aes
2023-09-05 13:28:44,874 [INFO] IPUIPlugin:80 - create IPUIPlugin
2023-09-05 13:28:44,874 [INFO] PluginManager:220 - loadIPPluginJar : add can
2023-09-05 13:28:44,905 [INFO] IPUIPlugin:80 - create IPUIPlugin
2023-09-05 13:28:44,905 [INFO] PluginManager:220 - loadIPPluginJar : add comp
2023-09-05 13:28:44,961 [INFO] IPUIPlugin:80 - create IPUIPlugin
2023-09-05 13:28:44,961 [INFO] PluginManager:220 - loadIPPluginJar : add cryp
2023-09-05 13:28:45,006 [INFO] IPUIPlugin:80 - create IPUIPlugin
2023-09-05 13:28:45,006 [INFO] PluginManager:220 - loadIPPluginJar : add dfsdm
2023-09-05 13:28:45,023 [INFO] IPUIPlugin:80 - create IPUIPlugin
2023-09-05 13:28:45,023 [INFO] PluginManager:220 - loadIPPluginJar : add dma
2023-09-05 13:28:45,079 [INFO] IPUIPlugin:80 - create IPUIPlugin
2023-09-05 13:28:45,079 [INFO] PluginManager:220 - loadIPPluginJar : add dma3
2023-09-05 13:28:45,110 [INFO] IPUIPlugin:80 - create IPUIPlugin
2023-09-05 13:28:45,111 [INFO] PluginManager:220 - loadIPPluginJar : add fatfs
2023-09-05 13:28:45,173 [INFO] IPUIPlugin:80 - create IPUIPlugin
2023-09-05 13:28:45,173 [INFO] PluginManager:220 - loadIPPluginJar : add fmc
2023-09-05 13:28:45,190 [INFO] IPUIPlugin:80 - create IPUIPlugin
2023-09-05 13:28:45,190 [INFO] PluginManager:220 - loadIPPluginJar : add freertos
2023-09-05 13:28:45,232 [INFO] IPUIPlugin:80 - create IPUIPlugin
2023-09-05 13:28:45,234 [INFO] PluginManager:220 - loadIPPluginJar : add genericplugin
2023-09-05 13:28:45,507 [INFO] IPUIPlugin:80 - create IPUIPlugin
2023-09-05 13:28:45,508 [INFO] PluginManager:220 - loadIPPluginJar : add gfxmmu
2023-09-05 13:28:46,095 [INFO] IPUIPlugin:80 - create IPUIPlugin
2023-09-05 13:28:46,095 [INFO] PluginManager:220 - loadIPPluginJar : add gic
2023-09-05 13:28:46,170 [INFO] IPUIPlugin:80 - create IPUIPlugin
2023-09-05 13:28:46,170 [INFO] PluginManager:220 - loadIPPluginJar : add gpio
2023-09-05 13:28:46,441 [INFO] IPUIPlugin:80 - create IPUIPlugin
2023-09-05 13:28:46,441 [INFO] PluginManager:220 - loadIPPluginJar : add gtzc
2023-09-05 13:28:46,476 [INFO] ThirdPartyUpdaterWithRetryManager:70 - Updater plugin not ready yet. [2/15]
2023-09-05 13:28:46,508 [INFO] IPUIPlugin:80 - create IPUIPlugin
2023-09-05 13:28:46,508 [INFO] PluginManager:220 - loadIPPluginJar : add hash
2023-09-05 13:28:46,642 [INFO] IPUIPlugin:80 - create IPUIPlugin
2023-09-05 13:28:46,642 [INFO] PluginManager:220 - loadIPPluginJar : add i2c
2023-09-05 13:28:46,722 [INFO] IPUIPlugin:80 - create IPUIPlugin
2023-09-05 13:28:46,723 [INFO] PluginManager:220 - loadIPPluginJar : add i2s
2023-09-05 13:28:46,805 [INFO] IPUIPlugin:80 - create IPUIPlugin
2023-09-05 13:28:46,805 [INFO] PluginManager:220 - loadIPPluginJar : add i3c
2023-09-05 13:28:46,973 [INFO] IPUIPlugin:80 - create IPUIPlugin
2023-09-05 13:28:46,973 [INFO] PluginManager:220 - loadIPPluginJar : add ipddr
2023-09-05 13:28:47,092 [INFO] IPUIPlugin:80 - create IPUIPlugin
2023-09-05 13:28:47,092 [INFO] PluginManager:220 - loadIPPluginJar : add linkedlist
2023-09-05 13:28:47,136 [INFO] IPUIPlugin:80 - create IPUIPlugin
2023-09-05 13:28:47,137 [INFO] PluginManager:220 - loadIPPluginJar : add lorawan
2023-09-05 13:28:47,184 [INFO] IPUIPlugin:80 - create IPUIPlugin
2023-09-05 13:28:47,185 [INFO] PluginManager:220 - loadIPPluginJar : add ltdc
2023-09-05 13:28:47,206 [INFO] IPUIPlugin:80 - create IPUIPlugin
2023-09-05 13:28:47,206 [INFO] PluginManager:220 - loadIPPluginJar : add mdma
2023-09-05 13:28:47,226 [INFO] IPUIPlugin:80 - create IPUIPlugin
2023-09-05 13:28:47,226 [INFO] PluginManager:220 - loadIPPluginJar : add nvic
2023-09-05 13:28:47,301 [INFO] IPUIPlugin:80 - create IPUIPlugin
2023-09-05 13:28:47,301 [INFO] PluginManager:220 - loadIPPluginJar : add opamp
2023-09-05 13:28:47,430 [INFO] IPUIPlugin:80 - create IPUIPlugin
2023-09-05 13:28:47,434 [INFO] PluginManager:220 - loadIPPluginJar : add openamp
2023-09-05 13:28:47,531 [INFO] IPUIPlugin:80 - create IPUIPlugin
2023-09-05 13:28:47,532 [INFO] PluginManager:220 - loadIPPluginJar : add pdm2pcm
2023-09-05 13:28:47,578 [INFO] IPUIPlugin:80 - create IPUIPlugin
2023-09-05 13:28:47,581 [INFO] PluginManager:220 - loadIPPluginJar : add plateformsettings
2023-09-05 13:28:47,629 [INFO] IPUIPlugin:80 - create IPUIPlugin
2023-09-05 13:28:47,629 [INFO] PluginManager:220 - loadIPPluginJar : add quadspi
2023-09-05 13:28:47,669 [INFO] IPUIPlugin:80 - create IPUIPlugin
2023-09-05 13:28:47,670 [INFO] PluginManager:220 - loadIPPluginJar : add resmgrutility
2023-09-05 13:28:47,770 [INFO] IPUIPlugin:80 - create IPUIPlugin
2023-09-05 13:28:47,770 [INFO] PluginManager:220 - loadIPPluginJar : add sai
2023-09-05 13:28:47,827 [INFO] IPUIPlugin:80 - create IPUIPlugin
2023-09-05 13:28:47,827 [INFO] PluginManager:220 - loadIPPluginJar : add spi
2023-09-05 13:28:47,923 [INFO] IPUIPlugin:80 - create IPUIPlugin
2023-09-05 13:28:47,923 [INFO] PluginManager:220 - loadIPPluginJar : add stm32_wpan
2023-09-05 13:28:47,959 [INFO] IPUIPlugin:80 - create IPUIPlugin
2023-09-05 13:28:47,959 [INFO] PluginManager:220 - loadIPPluginJar : add tim
2023-09-05 13:28:48,038 [INFO] IPUIPlugin:80 - create IPUIPlugin
2023-09-05 13:28:48,038 [INFO] PluginManager:220 - loadIPPluginJar : add touchsensing
2023-09-05 13:28:48,072 [INFO] IPUIPlugin:80 - create IPUIPlugin
2023-09-05 13:28:48,073 [INFO] PluginManager:220 - loadIPPluginJar : add tracer_emb
2023-09-05 13:28:48,105 [INFO] IPUIPlugin:80 - create IPUIPlugin
2023-09-05 13:28:48,105 [INFO] PluginManager:220 - loadIPPluginJar : add ts
2023-09-05 13:28:48,145 [INFO] IPUIPlugin:80 - create IPUIPlugin
2023-09-05 13:28:48,146 [INFO] PluginManager:220 - loadIPPluginJar : add tsc
2023-09-05 13:28:48,180 [INFO] IPUIPlugin:80 - create IPUIPlugin
2023-09-05 13:28:48,180 [INFO] PluginManager:220 - loadIPPluginJar : add ucpd
2023-09-05 13:28:48,240 [INFO] IPUIPlugin:80 - create IPUIPlugin
2023-09-05 13:28:48,240 [INFO] PluginManager:220 - loadIPPluginJar : add usart
2023-09-05 13:28:48,303 [INFO] IPUIPlugin:80 - create IPUIPlugin
2023-09-05 13:28:48,303 [INFO] PluginManager:220 - loadIPPluginJar : add usbx
2023-09-05 13:28:48,456 [INFO] CADModel:165 - CPN selected for project level
2023-09-05 13:28:48,456 [INFO] CADModel:114 - Register for checkConnection events
2023-09-05 13:28:48,456 [FATAL] Updater:308 - Updater called before beeing initialized
2023-09-05 13:28:48,457 [ERROR] CADModel:125 - Updater not yet initialized, retry later 
2023-09-05 13:28:48,662 [INFO] CADModel:165 - CPN selected for project level
2023-09-05 13:28:48,664 [INFO] CADModel:114 - Register for checkConnection events
2023-09-05 13:28:48,664 [FATAL] Updater:308 - Updater called before beeing initialized
2023-09-05 13:28:48,664 [ERROR] CADModel:125 - Updater not yet initialized, retry later 
2023-09-05 13:28:48,674 [FATAL] Updater:308 - Updater called before beeing initialized
2023-09-05 13:28:49,021 [FATAL] Updater:308 - Updater called before beeing initialized
2023-09-05 13:28:49,038 [INFO] DbMcusAds:53 - JSON generation date=Tue Mar 07 15:50:55 ICT 2023 (1678179055114)
2023-09-05 13:28:49,038 [FATAL] Updater:308 - Updater called before beeing initialized
2023-09-05 13:28:49,112 [WARN] DetailPanel:346 - Failed to get advertising image, set to default
2023-09-05 13:28:49,300 [FATAL] Updater:308 - Updater called before beeing initialized
2023-09-05 13:28:49,303 [FATAL] Updater:308 - Updater called before beeing initialized
2023-09-05 13:28:49,303 [FATAL] Updater:308 - Updater called before beeing initialized
2023-09-05 13:28:49,303 [WARN] DetailPanel:346 - Failed to get advertising image, set to default
2023-09-05 13:28:49,305 [FATAL] Updater:308 - Updater called before beeing initialized
2023-09-05 13:28:49,436 [ERROR] Updater:1120 - MainUpdater not yet initialized. External WinMGr cannot be set.
2023-09-05 13:28:49,452 [INFO] Updater:1056 - Updater Version found : 6.9.1
2023-09-05 13:28:49,486 [INFO] ApplicationProperties:184 - Using Application install path: C:\ST\STM32CubeIDE_1.12.0\STM32CubeIDE\plugins\com.st.stm32cube.common.mx_6.9.1.202307191849
2023-09-05 13:28:49,487 [INFO] ThirdPartyUpdaterWithRetryManager:70 - Updater plugin not ready yet. [3/15]
2023-09-05 13:28:50,876 [INFO] MainUpdater:2868 - connection check result : 10
2023-09-05 13:28:50,876 [INFO] MainUpdater:3562 - Updater definition file requires update
2023-09-05 13:28:50,878 [INFO] MainUpdater:285 - Updater Check For Update Now.
2023-09-05 13:28:50,878 [INFO] MicroXplorer:498 - Change Database Version : DB.6.0.91
2023-09-05 13:28:51,037 [INFO] ServerAccessManage:473 - Download File updaters.zip
2023-09-05 13:28:51,078 [INFO] McuFinderGlobals:63 - Set McuFinder mode to 2 (CubeIDE integrated)
2023-09-05 13:28:51,078 [INFO] UserAuth:179 - activating auth plugin
2023-09-05 13:28:51,125 [INFO] UserAuth:393 - Internet connection configuration mode: 1
2023-09-05 13:28:51,244 [INFO] FileExtend:240 - Unzip File : updaters.zip
2023-09-05 13:28:51,244 [INFO] FileExtend:255 - Standard Zip Deflate
2023-09-05 13:28:51,271 [INFO] JxBrowserEngine:151 - Initiate JxBrowser Engine with user profile folder
2023-09-05 13:28:52,521 [WARN] MainUpdater:1189 - Updater busy. Cannot search thirdparties
2023-09-05 13:28:52,521 [INFO] ThirdPartyUpdaterWithRetryManager:96 - Updater plugin is busy. [1/15]
2023-09-05 13:28:53,164 [INFO] ServerAccessManage:473 - Download File PacksControlFlags.xml
2023-09-05 13:28:53,244 [INFO] ServerAccessManage:473 - Download File cubemx.pidx
2023-09-05 13:28:53,561 [INFO] LoadServerUpdatesThread:373 - End of LoadServerUpdate Thread
2023-09-05 13:28:53,926 [INFO] CheckServerUpdateThread:120 - End of CheckServer Thread
2023-09-05 13:28:56,007 [WARN] PackLoader:240 - Cannot read IP mode file for STMicroelectronics.X-CUBE-SMBUS.2.1.0
2023-09-05 13:28:56,095 [WARN] PackLoader:240 - Cannot read IP mode file for STMicroelectronics.X-CUBE-AZRTOS-F7.1.1.0
2023-09-05 13:28:56,135 [WARN] PackLoader:240 - Cannot read IP mode file for STMicroelectronics.FP-SNS-MOTENV1.4.3.2
2023-09-05 13:28:56,290 [WARN] PackLoader:240 - Cannot read IP mode file for STMicroelectronics.X-CUBE-BLE1.6.2.4
2023-09-05 13:28:56,352 [WARN] PackLoader:240 - Cannot read IP mode file for STMicroelectronics.FP-SNS-FLIGHT1.5.0.2
2023-09-05 13:28:56,444 [WARN] PackLoader:240 - Cannot read IP mode file for STMicroelectronics.X-CUBE-DISPLAY.3.0.0
2023-09-05 13:28:56,471 [WARN] PackLoader:240 - Cannot read IP mode file for STMicroelectronics.X-CUBE-BLE1.7.0.0
2023-09-05 13:28:56,575 [WARN] PackLoader:240 - Cannot read IP mode file for emotas.I-CUBE-CANOPEN.1.3.0
2023-09-05 13:28:56,755 [WARN] PackLoader:240 - Cannot read IP mode file for STMicroelectronics.X-CUBE-TOUCHGFX.4.22.0
2023-09-05 13:28:56,888 [INFO] LogOutputStream:77 - [STDOUT_REDIRECT] 1 : Invalid condition id : UX_CORESTACK_Condition cause : null
2023-09-05 13:28:56,904 [INFO] LogOutputStream:77 - [STDOUT_REDIRECT] 1 : Invalid condition id : UX_CORESTACK_Condition cause : null
2023-09-05 13:28:56,905 [INFO] LogOutputStream:77 - [STDOUT_REDIRECT] 1 : Invalid condition id : UX_CORESTACK_Condition cause : null
2023-09-05 13:28:56,907 [INFO] LogOutputStream:77 - [STDOUT_REDIRECT] 1 : Invalid condition id : UX_CORESTACK_Condition cause : null
2023-09-05 13:28:56,910 [INFO] LogOutputStream:77 - [STDOUT_REDIRECT] 1 : Invalid condition id : UX_CORESTACK_Condition cause : null
2023-09-05 13:28:56,956 [WARN] PackLoader:240 - Cannot read IP mode file for STMicroelectronics.X-CUBE-AZRTOS-WL.2.0.0
2023-09-05 13:28:57,000 [WARN] PackLoader:240 - Cannot read IP mode file for WES.I-CUBE-Cesium.1.3.0
2023-09-05 13:28:57,023 [WARN] PackLoader:240 - Cannot read IP mode file for STMicroelectronics.X-CUBE-BLE2.3.3.0
2023-09-05 13:28:57,046 [WARN] PackLoader:240 - Cannot read IP mode file for STMicroelectronics.X-CUBE-TOUCHGFX.4.18.0
2023-09-05 13:28:57,148 [WARN] PackLoader:240 - Cannot read IP mode file for STMicroelectronics.X-CUBE-TOUCHGFX.4.21.1
2023-09-05 13:28:57,257 [WARN] PackLoader:240 - Cannot read IP mode file for STMicroelectronics.X-CUBE-TOUCHGFX.4.21.0
2023-09-05 13:28:57,371 [WARN] PackLoader:240 - Cannot read IP mode file for STMicroelectronics.X-CUBE-TOUCHGFX.4.21.4
2023-09-05 13:28:57,454 [WARN] PackLoader:240 - Cannot read IP mode file for STMicroelectronics.X-CUBE-ALGOBUILD.1.3.0
2023-09-05 13:28:57,528 [WARN] PackLoader:240 - Cannot read IP mode file for STMicroelectronics.X-CUBE-AZRTOS-G0.1.1.0
2023-09-05 13:28:57,570 [WARN] PackLoader:240 - Cannot read IP mode file for STMicroelectronics.X-CUBE-NFC4.3.0.0
2023-09-05 13:28:57,587 [WARN] PackLoader:240 - Cannot read IP mode file for STMicroelectronics.FP-ATR-SIGFOX1.3.2.0
2023-09-05 13:28:57,645 [WARN] PackLoader:240 - Cannot read IP mode file for SEGGER.I-CUBE-embOS.1.3.1
2023-09-05 13:28:57,768 [WARN] PackLoader:240 - Cannot read IP mode file for STMicroelectronics.X-CUBE-GNSS1.6.0.0
2023-09-05 13:28:57,819 [WARN] PackLoader:240 - Cannot read IP mode file for STMicroelectronics.X-CUBE-AZRTOS-F4.1.1.0
2023-09-05 13:28:57,859 [WARN] PackLoader:240 - Cannot read IP mode file for wolfSSL.I-CUBE-wolfSSL.5.6.3
2023-09-05 13:28:57,931 [WARN] PackLoader:240 - Cannot read IP mode file for STMicroelectronics.X-CUBE-AZRTOS-L5.2.0.0
2023-09-05 13:28:58,120 [WARN] PackLoader:240 - Cannot read IP mode file for STMicroelectronics.X-CUBE-MEMS1.9.6.0
2023-09-05 13:28:58,420 [WARN] PackLoader:240 - Cannot read IP mode file for emotas.I-CUBE-CANOPEN.1.1.3
2023-09-05 13:28:58,523 [WARN] PackLoader:240 - Cannot read IP mode file for STMicroelectronics.X-CUBE-BLEMGR.2.0.0
2023-09-05 13:28:58,680 [WARN] ConditionMgr:438 - getConditionDescription Invalid condition id : UX DEVICE CLASS RTOS Condition cause : null
2023-09-05 13:28:58,683 [WARN] ConditionMgr:438 - getConditionDescription Invalid condition id : UX DEVICE CLASS RTOS Condition cause : null
2023-09-05 13:28:58,686 [WARN] PackLoader:240 - Cannot read IP mode file for STMicroelectronics.X-CUBE-AZRTOS-H7.3.1.0
2023-09-05 13:28:58,687 [WARN] ConditionMgr:1039 - genDependencies : Invalid condition id : UX DEVICE CLASS RTOS Condition cause : null
2023-09-05 13:28:58,688 [WARN] ConditionMgr:1039 - genDependencies : Invalid condition id : UX DEVICE CLASS RTOS Condition cause : null
2023-09-05 13:28:58,688 [WARN] ConditionMgr:1039 - genDependencies : Invalid condition id : UX DEVICE CLASS RTOS Condition cause : null
2023-09-05 13:28:58,689 [WARN] ConditionMgr:1039 - genDependencies : Invalid condition id : UX DEVICE CLASS RTOS Condition cause : null
2023-09-05 13:28:58,689 [WARN] ConditionMgr:1039 - genDependencies : Invalid condition id : UX DEVICE CLASS RTOS Condition cause : null
2023-09-05 13:28:58,773 [WARN] PackLoader:240 - Cannot read IP mode file for STMicroelectronics.X-CUBE-NFC7.1.0.1
2023-09-05 13:28:58,813 [WARN] PackLoader:240 - Cannot read IP mode file for STMicroelectronics.X-CUBE-EEPRMA1.4.1.0
2023-09-05 13:28:58,839 [WARN] PackLoader:240 - Cannot read IP mode file for STMicroelectronics.X-CUBE-AI.8.1.0
2023-09-05 13:28:58,884 [WARN] ConditionMgr:438 - getConditionDescription Invalid condition id : LAN8742 Phy interface Condition cause : null
2023-09-05 13:28:58,884 [WARN] PackLoader:240 - Cannot read IP mode file for STMicroelectronics.X-CUBE-AZRTOS-L4.2.0.0
2023-09-05 13:28:58,886 [WARN] ConditionMgr:1039 - genDependencies : Invalid condition id : LAN8742 Phy interface Condition cause : null
2023-09-05 13:28:58,886 [WARN] ConditionMgr:1039 - genDependencies : Invalid condition id : LAN8742 Phy interface Condition cause : null
2023-09-05 13:28:58,886 [WARN] ConditionMgr:1039 - genDependencies : Invalid condition id : LAN8742 Phy interface Condition cause : null
2023-09-05 13:28:58,994 [WARN] PackLoader:240 - Cannot read IP mode file for STMicroelectronics.X-CUBE-SFXS2LP1.4.0.0
2023-09-05 13:28:59,150 [WARN] PackLoader:240 - Cannot read IP mode file for STMicroelectronics.X-CUBE-ISPU.1.1.0
2023-09-05 13:28:59,243 [WARN] ConditionMgr:438 - getConditionDescription Invalid condition id : UX DEVICE CLASS RTOS Condition cause : null
2023-09-05 13:28:59,244 [WARN] ConditionMgr:438 - getConditionDescription Invalid condition id : UX DEVICE CLASS RTOS Condition cause : null
2023-09-05 13:28:59,247 [WARN] PackLoader:240 - Cannot read IP mode file for STMicroelectronics.X-CUBE-AZRTOS-WB.2.0.0
2023-09-05 13:28:59,249 [WARN] ConditionMgr:1039 - genDependencies : Invalid condition id : UX DEVICE CLASS RTOS Condition cause : null
2023-09-05 13:28:59,250 [WARN] ConditionMgr:1039 - genDependencies : Invalid condition id : UX DEVICE CLASS RTOS Condition cause : null
2023-09-05 13:28:59,250 [WARN] ConditionMgr:1039 - genDependencies : Invalid condition id : UX DEVICE CLASS RTOS Condition cause : null
2023-09-05 13:28:59,250 [WARN] ConditionMgr:1039 - genDependencies : Invalid condition id : UX DEVICE CLASS RTOS Condition cause : null
2023-09-05 13:28:59,250 [WARN] ConditionMgr:1039 - genDependencies : Invalid condition id : UX DEVICE CLASS RTOS Condition cause : null
2023-09-05 13:28:59,282 [WARN] PackLoader:240 - Cannot read IP mode file for STMicroelectronics.X-CUBE-FREERTOS.1.0.1
2023-09-05 13:28:59,345 [WARN] PackLoader:240 - Cannot read IP mode file for STMicroelectronics.X-CUBE-AZRTOS-L5.1.1.0
2023-09-05 13:28:59,505 [WARN] PackLoader:240 - Cannot read IP mode file for STMicroelectronics.X-CUBE-AI.8.0.1
2023-09-05 13:28:59,600 [WARN] PackLoader:240 - Cannot read IP mode file for STMicroelectronics.X-CUBE-SUBG2.5.0.0
2023-09-05 13:28:59,635 [WARN] PackLoader:240 - Cannot read IP mode file for STMicroelectronics.X-CUBE-TOF1.3.3.1
2023-09-05 13:28:59,857 [WARN] PackLoader:240 - Cannot read IP mode file for STMicroelectronics.X-CUBE-AZRTOS-G4.2.0.0
2023-09-05 13:28:59,884 [WARN] PackLoader:240 - Cannot read IP mode file for STMicroelectronics.X-CUBE-TOF1.3.3.0
2023-09-05 13:29:00,166 [WARN] PackLoader:240 - Cannot read IP mode file for STMicroelectronics.X-CUBE-FREERTOS.1.1.0
2023-09-05 13:29:00,212 [WARN] PackLoader:240 - Cannot read IP mode file for portGmbH.I-Cube-SoM-uGOAL.1.1.0
2023-09-05 13:29:00,301 [WARN] PackLoader:240 - Cannot read IP mode file for STMicroelectronics.X-CUBE-ALS.1.0.1
2023-09-05 13:29:00,416 [WARN] PackLoader:240 - Cannot read IP mode file for STMicroelectronics.X-CUBE-AZRTOS-WB.1.1.0
2023-09-05 13:29:00,520 [WARN] PackLoader:240 - Cannot read IP mode file for STMicroelectronics.FP-ATR-ASTRA1.2.0.0
2023-09-05 13:29:00,521 [INFO] ThirdParty:978 - Integrity check success = true
2023-09-05 13:29:00,521 [INFO] IntegrityCheckThread:100 - exiting critical section [integrity check]
2023-09-05 13:29:00,522 [INFO] IntegrityCheckThread:103 - End integrity checks thread
2023-09-05 13:29:01,625 [INFO] WebApp:157 - Instantiating new browser for Auth
2023-09-05 13:29:04,463 [INFO] WebApp:753 - Register for checkConnection events
2023-09-05 13:29:04,465 [INFO] WebApp:390 - Apply proxy settings
2023-09-05 13:29:04,466 [INFO] WebApp:475 - Chromium requires no authentication
2023-09-05 13:29:04,480 [INFO] WebApp:418 - Direct internet connection detected
2023-09-05 13:29:04,974 [INFO] WebApp:188 - Starting web application
2023-09-05 13:29:04,974 [INFO] WebApp:520 - Web application path used C:\ST\STM32CubeIDE_1.12.0\STM32CubeIDE\plugins\com.st.stm32cube.common.mx_6.9.1.202307191849\db\plugins\mcufinder\reactClient1\index.html
