2024-06-25 15:40:31,415 [INFO] Activator:176 - 


2024-06-25 15:40:31,417 [INFO] Activator:177 - !SESSION log4j initialized
2024-06-25 15:40:37,056 [INFO] LogOutputStream:77 - [STDOUT_REDIRECT] 
2024-06-25 15:40:38,222 [INFO] ApplicationProperties:184 - Using Application install path: C:\ST\STM32CubeIDE_1.12.0\STM32CubeIDE\plugins\com.st.stm32cube.common.mx_6.11.1.202404110753
2024-06-25 15:40:38,244 [INFO] DbMcusXml:78 - Set database path to: C:\ST\STM32CubeIDE_1.12.0\STM32CubeIDE\plugins\com.st.stm32cube.common.mx_6.11.1.202404110753\\db\/mcu/
2024-06-25 15:40:38,245 [INFO] ApiDb:274 - Set plugin database path to: C:\ST\STM32CubeIDE_1.12.0\STM32CubeIDE\plugins\com.st.stm32cube.common.mx_6.11.1.202404110753\\db\/plugins/boardmanager/
2024-06-25 15:40:38,245 [WARN] ApiDb:259 - Overriding images path with different value:  => C:\ST\STM32CubeIDE_1.12.0\STM32CubeIDE\plugins\com.st.stm32cube.common.mx_6.11.1.202404110753\\db\/plugins/mcufinder/images/
2024-06-25 15:40:38,257 [INFO] ApiDb:250 - Set database path to: C:\Users\user\.stmcufinder\plugins\mcufinder//mcu/
2024-06-25 15:40:38,259 [INFO] DbMcusAds:125 - Set database path to: C:\Users\user\.stmcufinder\plugins\mcufinder//mcu/
2024-06-25 15:40:38,261 [INFO] CrossReferenceDbSqlite:203 - Set database path to: C:\Users\user\.stmcufinder\plugins\mcufinder//mcu/cs/
2024-06-25 15:40:38,398 [INFO] RulesReader:64 - Compatibility file has been processed (297 Rules)
2024-06-25 15:40:38,476 [INFO] DbMcusXml:78 - Set database path to: C:\ST\STM32CubeIDE_1.12.0\STM32CubeIDE\plugins\com.st.stm32cube.common.mx_6.11.1.202404110753\\db\/mcu/
2024-06-25 15:40:38,476 [INFO] ApiDb:274 - Set plugin database path to: C:\ST\STM32CubeIDE_1.12.0\STM32CubeIDE\plugins\com.st.stm32cube.common.mx_6.11.1.202404110753\\db\/plugins/boardmanager/
2024-06-25 15:40:38,476 [INFO] ApiDb:261 - Set plugin images path to: C:\ST\STM32CubeIDE_1.12.0\STM32CubeIDE\plugins\com.st.stm32cube.common.mx_6.11.1.202404110753\\db\/plugins/mcufinder/images/
2024-06-25 15:40:38,476 [WARN] DbFile:41 - Overriding database path with different value: C:\Users\user\.stmcufinder\plugins\mcufinder/ => C:\Users\user\.stmcufinder\plugins\mcufinder
2024-06-25 15:40:38,476 [INFO] ApiDb:250 - Set database path to: C:\Users\user\.stmcufinder\plugins\mcufinder//mcu/
2024-06-25 15:40:38,476 [WARN] DbFile:41 - Overriding database path with different value: C:\Users\user\.stmcufinder\plugins\mcufinder/ => C:\Users\user\.stmcufinder\plugins\mcufinder
2024-06-25 15:40:38,476 [INFO] DbMcusAds:125 - Set database path to: C:\Users\user\.stmcufinder\plugins\mcufinder//mcu/
2024-06-25 15:40:38,476 [WARN] DbFile:41 - Overriding database path with different value: C:\Users\user\.stmcufinder\plugins\mcufinder/ => C:\Users\user\.stmcufinder\plugins\mcufinder
2024-06-25 15:40:38,476 [WARN] DbFile:41 - Overriding database path with different value: C:\Users\user\.stmcufinder\plugins\mcufinder/ => C:\Users\user\.stmcufinder\plugins\mcufinder
2024-06-25 15:40:38,476 [INFO] CrossReferenceDbSqlite:203 - Set database path to: C:\Users\user\.stmcufinder\plugins\mcufinder//mcu/cs/
2024-06-25 15:40:38,564 [INFO] MainPanel:264 - HeapMemory: 591396864
2024-06-25 15:40:38,675 [INFO] DbMcusXml:78 - Set database path to: C:\ST\STM32CubeIDE_1.12.0\STM32CubeIDE\plugins\com.st.stm32cube.common.mx_6.11.1.202404110753\\db\/mcu/
2024-06-25 15:40:38,675 [INFO] ApiDb:274 - Set plugin database path to: C:\ST\STM32CubeIDE_1.12.0\STM32CubeIDE\plugins\com.st.stm32cube.common.mx_6.11.1.202404110753\\db\/plugins/boardmanager/
2024-06-25 15:40:38,675 [INFO] ApiDb:261 - Set plugin images path to: C:\ST\STM32CubeIDE_1.12.0\STM32CubeIDE\plugins\com.st.stm32cube.common.mx_6.11.1.202404110753\\db\/plugins/mcufinder/images/
2024-06-25 15:40:38,675 [WARN] DbFile:41 - Overriding database path with different value: C:\Users\user\.stmcufinder\plugins\mcufinder/ => C:\Users\user\.stmcufinder\plugins\mcufinder
2024-06-25 15:40:38,676 [INFO] ApiDb:250 - Set database path to: C:\Users\user\.stmcufinder\plugins\mcufinder//mcu/
2024-06-25 15:40:38,676 [WARN] DbFile:41 - Overriding database path with different value: C:\Users\user\.stmcufinder\plugins\mcufinder/ => C:\Users\user\.stmcufinder\plugins\mcufinder
2024-06-25 15:40:38,676 [INFO] DbMcusAds:125 - Set database path to: C:\Users\user\.stmcufinder\plugins\mcufinder//mcu/
2024-06-25 15:40:38,676 [WARN] DbFile:41 - Overriding database path with different value: C:\Users\user\.stmcufinder\plugins\mcufinder/ => C:\Users\user\.stmcufinder\plugins\mcufinder
2024-06-25 15:40:38,676 [WARN] DbFile:41 - Overriding database path with different value: C:\Users\user\.stmcufinder\plugins\mcufinder/ => C:\Users\user\.stmcufinder\plugins\mcufinder
2024-06-25 15:40:38,676 [INFO] CrossReferenceDbSqlite:203 - Set database path to: C:\Users\user\.stmcufinder\plugins\mcufinder//mcu/cs/
2024-06-25 15:40:38,696 [INFO] ApplicationProperties:184 - Using Application install path: C:\ST\STM32CubeIDE_1.12.0\STM32CubeIDE\plugins\com.st.stm32cube.common.mx_6.11.1.202404110753
2024-06-25 15:40:38,699 [INFO] PluginManage:196 - Search for loadable plugins [exclusion list=, ]
2024-06-25 15:40:38,701 [INFO] PluginManage:310 - Check plugin analytics
2024-06-25 15:40:38,868 [INFO] AnalyticsPlugin:253 - Accepted Software Licenses: STM32CubeMX.6.10.0,STM32CubeMX.6.11.0
2024-06-25 15:40:38,868 [INFO] AnalyticsPlugin:255 - Accepted CMSIS Pack Licenses: STMicroelectronics.X-CUBE-TOUCHGFX.4.23.2,STMicroelectronics.X-CUBE-TOF1.3.4.1
2024-06-25 15:40:38,869 [INFO] AnalyticsPlugin:257 - Accepted Firmware Licenses: FW.G0.1.6.0,FW.H7.1.11.0
2024-06-25 15:40:38,871 [INFO] PluginManage:359 - Loaded plugin analytics (category:tool,tabindex:-1)
2024-06-25 15:40:38,871 [INFO] PluginManage:310 - Check plugin cadmodel
2024-06-25 15:40:38,878 [INFO] CADModel:105 - Init CAD model plugin
2024-06-25 15:40:38,879 [INFO] PluginManage:359 - Loaded plugin cadmodel (category:power,tabindex:5)
2024-06-25 15:40:38,879 [INFO] PluginManage:310 - Check plugin clock
2024-06-25 15:40:38,889 [INFO] PluginManage:359 - Loaded plugin clock (category:base,tabindex:2)
2024-06-25 15:40:38,889 [INFO] PluginManage:310 - Check plugin ddr
2024-06-25 15:40:38,893 [INFO] PluginManage:359 - Loaded plugin ddr (category:tool,tabindex:6)
2024-06-25 15:40:38,893 [INFO] PluginManage:310 - Check plugin filemanager
2024-06-25 15:40:39,050 [INFO] PluginManage:359 - Loaded plugin filemanager (category:base,tabindex:10)
2024-06-25 15:40:39,050 [INFO] PluginManage:310 - Check plugin ipmanager
2024-06-25 15:40:39,057 [INFO] PluginManage:359 - Loaded plugin ipmanager (category:base,tabindex:5)
2024-06-25 15:40:39,057 [INFO] PluginManage:310 - Check plugin lpbam
2024-06-25 15:40:39,066 [INFO] PluginManage:359 - Loaded plugin lpbam (category:base,tabindex:0)
2024-06-25 15:40:39,066 [INFO] PluginManage:310 - Check plugin memorymap
2024-06-25 15:40:39,081 [INFO] PluginManage:359 - Loaded plugin memorymap (category:base,tabindex:4)
2024-06-25 15:40:39,081 [INFO] PluginManage:310 - Check plugin pinoutandconfiguration
2024-06-25 15:40:39,089 [INFO] PluginManage:359 - Loaded plugin pinoutandconfiguration (category:base,tabindex:1)
2024-06-25 15:40:39,089 [INFO] PluginManage:310 - Check plugin pinoutconfig
2024-06-25 15:40:39,176 [WARN] SupportedApi:132 - Cannot load RTOS API schema: s4s-elt-must-match.1: The content of 'definitions' must match (annotation?, (simpleType | complexType)?, (unique | key | keyref)*)). A problem was found starting at: attribute.
2024-06-25 15:40:39,319 [INFO] PluginManage:359 - Loaded plugin pinoutconfig (category:base,tabindex:0)
2024-06-25 15:40:39,320 [INFO] PluginManage:310 - Check plugin power
2024-06-25 15:40:39,331 [INFO] PluginManage:359 - Loaded plugin power (category:power,tabindex:4)
2024-06-25 15:40:39,331 [INFO] PluginManage:310 - Check plugin projectmanager
2024-06-25 15:40:39,347 [INFO] PluginManage:359 - Loaded plugin projectmanager (category:projectmanager,tabindex:3)
2024-06-25 15:40:39,347 [INFO] PluginManage:310 - Check plugin thirdparty
2024-06-25 15:40:39,474 [INFO] PluginManage:359 - Loaded plugin thirdparty (category:base,tabindex:-1)
2024-06-25 15:40:39,474 [WARN] IntegrityCheckThread:84 - waiting for thirdparty lock release [integrity check]
2024-06-25 15:40:39,474 [INFO] PluginManage:310 - Check plugin tools
2024-06-25 15:40:39,475 [INFO] IntegrityCheckThread:86 - entering critical section [integrity check]
2024-06-25 15:40:39,475 [INFO] ThirdPartyUpdaterWithRetryManager:70 - Updater plugin not ready yet. [1/15]
2024-06-25 15:40:39,477 [INFO] PluginManage:359 - Loaded plugin tools (category:base,tabindex:7)
2024-06-25 15:40:39,477 [INFO] PluginManage:310 - Check plugin tutovideos
2024-06-25 15:40:39,676 [INFO] PluginManage:359 - Loaded plugin tutovideos (category:base,tabindex:-1)
2024-06-25 15:40:39,676 [INFO] PluginManage:310 - Check plugin updater
2024-06-25 15:40:39,689 [INFO] PluginManage:359 - Loaded plugin updater (category:base,tabindex:12)
2024-06-25 15:40:39,689 [INFO] PluginManage:310 - Check plugin userauth
2024-06-25 15:40:39,696 [INFO] UserAuth:114 - Init User Auth plugin
2024-06-25 15:40:39,697 [INFO] PluginManage:359 - Loaded plugin userauth (category:base,tabindex:14)
2024-06-25 15:40:39,698 [INFO] PluginManage:283 - PluginManage : Loaded plugins [17]
2024-06-25 15:40:39,905 [INFO] PinOutPanel:1561 - setPackage(No Configuration,No Configuration)
2024-06-25 15:40:39,986 [INFO] CADModel:165 - CPN selected for project level
2024-06-25 15:40:39,986 [INFO] CADModel:114 - Register for checkConnection events
2024-06-25 15:40:40,009 [INFO] IPUIPlugin:80 - create IPUIPlugin
2024-06-25 15:40:40,009 [INFO] PluginManager:220 - loadIPPluginJar : add adc
2024-06-25 15:40:40,013 [INFO] IPUIPlugin:80 - create IPUIPlugin
2024-06-25 15:40:40,013 [INFO] PluginManager:220 - loadIPPluginJar : add aes
2024-06-25 15:40:40,017 [INFO] IPUIPlugin:80 - create IPUIPlugin
2024-06-25 15:40:40,017 [INFO] PluginManager:220 - loadIPPluginJar : add can
2024-06-25 15:40:40,019 [INFO] IPUIPlugin:80 - create IPUIPlugin
2024-06-25 15:40:40,019 [INFO] PluginManager:220 - loadIPPluginJar : add comp
2024-06-25 15:40:40,023 [INFO] IPUIPlugin:80 - create IPUIPlugin
2024-06-25 15:40:40,023 [INFO] PluginManager:220 - loadIPPluginJar : add cryp
2024-06-25 15:40:40,026 [INFO] IPUIPlugin:80 - create IPUIPlugin
2024-06-25 15:40:40,026 [INFO] PluginManager:220 - loadIPPluginJar : add dfsdm
2024-06-25 15:40:40,033 [INFO] IPUIPlugin:80 - create IPUIPlugin
2024-06-25 15:40:40,034 [INFO] PluginManager:220 - loadIPPluginJar : add dma
2024-06-25 15:40:40,038 [INFO] IPUIPlugin:80 - create IPUIPlugin
2024-06-25 15:40:40,039 [INFO] PluginManager:220 - loadIPPluginJar : add dma3
2024-06-25 15:40:40,042 [INFO] IPUIPlugin:80 - create IPUIPlugin
2024-06-25 15:40:40,042 [INFO] PluginManager:220 - loadIPPluginJar : add extmemmanager
2024-06-25 15:40:40,044 [INFO] IPUIPlugin:80 - create IPUIPlugin
2024-06-25 15:40:40,045 [INFO] PluginManager:220 - loadIPPluginJar : add fatfs
2024-06-25 15:40:40,051 [INFO] IPUIPlugin:80 - create IPUIPlugin
2024-06-25 15:40:40,051 [INFO] PluginManager:220 - loadIPPluginJar : add fmc
2024-06-25 15:40:40,058 [INFO] IPUIPlugin:80 - create IPUIPlugin
2024-06-25 15:40:40,059 [INFO] PluginManager:220 - loadIPPluginJar : add freertos
2024-06-25 15:40:40,061 [INFO] IPUIPlugin:80 - create IPUIPlugin
2024-06-25 15:40:40,061 [INFO] PluginManager:220 - loadIPPluginJar : add genericplugin
2024-06-25 15:40:40,063 [INFO] IPUIPlugin:80 - create IPUIPlugin
2024-06-25 15:40:40,064 [INFO] PluginManager:220 - loadIPPluginJar : add gfxmmu
2024-06-25 15:40:40,069 [INFO] IPUIPlugin:80 - create IPUIPlugin
2024-06-25 15:40:40,071 [INFO] PluginManager:220 - loadIPPluginJar : add gic
2024-06-25 15:40:40,076 [INFO] IPUIPlugin:80 - create IPUIPlugin
2024-06-25 15:40:40,076 [INFO] PluginManager:220 - loadIPPluginJar : add gpio
2024-06-25 15:40:40,079 [INFO] IPUIPlugin:80 - create IPUIPlugin
2024-06-25 15:40:40,079 [INFO] PluginManager:220 - loadIPPluginJar : add gtzc
2024-06-25 15:40:40,082 [INFO] IPUIPlugin:80 - create IPUIPlugin
2024-06-25 15:40:40,082 [INFO] PluginManager:220 - loadIPPluginJar : add hash
2024-06-25 15:40:40,086 [INFO] IPUIPlugin:80 - create IPUIPlugin
2024-06-25 15:40:40,086 [INFO] PluginManager:220 - loadIPPluginJar : add i2c
2024-06-25 15:40:40,090 [INFO] IPUIPlugin:80 - create IPUIPlugin
2024-06-25 15:40:40,090 [INFO] PluginManager:220 - loadIPPluginJar : add i2s
2024-06-25 15:40:40,093 [INFO] IPUIPlugin:80 - create IPUIPlugin
2024-06-25 15:40:40,093 [INFO] PluginManager:220 - loadIPPluginJar : add i3c
2024-06-25 15:40:40,097 [INFO] IPUIPlugin:80 - create IPUIPlugin
2024-06-25 15:40:40,097 [INFO] PluginManager:220 - loadIPPluginJar : add ipddr
2024-06-25 15:40:40,107 [INFO] IPUIPlugin:80 - create IPUIPlugin
2024-06-25 15:40:40,107 [INFO] PluginManager:220 - loadIPPluginJar : add linkedlist
2024-06-25 15:40:40,110 [INFO] IPUIPlugin:80 - create IPUIPlugin
2024-06-25 15:40:40,110 [INFO] PluginManager:220 - loadIPPluginJar : add lorawan
2024-06-25 15:40:40,112 [INFO] IPUIPlugin:80 - create IPUIPlugin
2024-06-25 15:40:40,112 [INFO] PluginManager:220 - loadIPPluginJar : add ltdc
2024-06-25 15:40:40,119 [INFO] IPUIPlugin:80 - create IPUIPlugin
2024-06-25 15:40:40,119 [INFO] PluginManager:220 - loadIPPluginJar : add mdma
2024-06-25 15:40:40,123 [INFO] IPUIPlugin:80 - create IPUIPlugin
2024-06-25 15:40:40,123 [INFO] PluginManager:220 - loadIPPluginJar : add nvic
2024-06-25 15:40:40,125 [INFO] IPUIPlugin:80 - create IPUIPlugin
2024-06-25 15:40:40,125 [INFO] PluginManager:220 - loadIPPluginJar : add opamp
2024-06-25 15:40:40,129 [INFO] IPUIPlugin:80 - create IPUIPlugin
2024-06-25 15:40:40,129 [INFO] PluginManager:220 - loadIPPluginJar : add openamp
2024-06-25 15:40:40,131 [INFO] IPUIPlugin:80 - create IPUIPlugin
2024-06-25 15:40:40,131 [INFO] PluginManager:220 - loadIPPluginJar : add pdm2pcm
2024-06-25 15:40:40,137 [INFO] IPUIPlugin:80 - create IPUIPlugin
2024-06-25 15:40:40,139 [INFO] PluginManager:220 - loadIPPluginJar : add plateformsettings
2024-06-25 15:40:40,141 [INFO] IPUIPlugin:80 - create IPUIPlugin
2024-06-25 15:40:40,141 [INFO] PluginManager:220 - loadIPPluginJar : add quadspi
2024-06-25 15:40:40,145 [INFO] IPUIPlugin:80 - create IPUIPlugin
2024-06-25 15:40:40,145 [INFO] PluginManager:220 - loadIPPluginJar : add resmgrutility
2024-06-25 15:40:40,147 [INFO] IPUIPlugin:80 - create IPUIPlugin
2024-06-25 15:40:40,147 [INFO] PluginManager:220 - loadIPPluginJar : add sai
2024-06-25 15:40:40,149 [INFO] IPUIPlugin:80 - create IPUIPlugin
2024-06-25 15:40:40,149 [INFO] PluginManager:220 - loadIPPluginJar : add spi
2024-06-25 15:40:40,154 [INFO] IPUIPlugin:80 - create IPUIPlugin
2024-06-25 15:40:40,154 [INFO] PluginManager:220 - loadIPPluginJar : add stm32_wpan
2024-06-25 15:40:40,156 [INFO] IPUIPlugin:80 - create IPUIPlugin
2024-06-25 15:40:40,156 [INFO] PluginManager:220 - loadIPPluginJar : add tim
2024-06-25 15:40:40,158 [INFO] IPUIPlugin:80 - create IPUIPlugin
2024-06-25 15:40:40,158 [INFO] PluginManager:220 - loadIPPluginJar : add touchsensing
2024-06-25 15:40:40,161 [INFO] IPUIPlugin:80 - create IPUIPlugin
2024-06-25 15:40:40,161 [INFO] PluginManager:220 - loadIPPluginJar : add tracer_emb
2024-06-25 15:40:40,163 [INFO] IPUIPlugin:80 - create IPUIPlugin
2024-06-25 15:40:40,163 [INFO] PluginManager:220 - loadIPPluginJar : add ts
2024-06-25 15:40:40,165 [INFO] IPUIPlugin:80 - create IPUIPlugin
2024-06-25 15:40:40,166 [INFO] PluginManager:220 - loadIPPluginJar : add tsc
2024-06-25 15:40:40,168 [INFO] IPUIPlugin:80 - create IPUIPlugin
2024-06-25 15:40:40,168 [INFO] PluginManager:220 - loadIPPluginJar : add ucpd
2024-06-25 15:40:40,171 [INFO] IPUIPlugin:80 - create IPUIPlugin
2024-06-25 15:40:40,171 [INFO] PluginManager:220 - loadIPPluginJar : add usart
2024-06-25 15:40:40,174 [INFO] IPUIPlugin:80 - create IPUIPlugin
2024-06-25 15:40:40,174 [INFO] PluginManager:220 - loadIPPluginJar : add usbx
2024-06-25 15:40:40,300 [INFO] CADModel:165 - CPN selected for project level
2024-06-25 15:40:40,300 [INFO] CADModel:114 - Register for checkConnection events
2024-06-25 15:40:40,300 [FATAL] Updater:308 - Updater called before beeing initialized
2024-06-25 15:40:40,302 [ERROR] CADModel:125 - Updater not yet initialized, retry later 
2024-06-25 15:40:40,533 [INFO] CADModel:165 - CPN selected for project level
2024-06-25 15:40:40,534 [INFO] CADModel:114 - Register for checkConnection events
2024-06-25 15:40:40,534 [FATAL] Updater:308 - Updater called before beeing initialized
2024-06-25 15:40:40,534 [ERROR] CADModel:125 - Updater not yet initialized, retry later 
2024-06-25 15:40:40,539 [FATAL] Updater:308 - Updater called before beeing initialized
2024-06-25 15:40:40,678 [FATAL] Updater:308 - Updater called before beeing initialized
2024-06-25 15:40:40,685 [INFO] DbMcusAds:53 - JSON generation date=Thu May 16 16:22:00 ICT 2024 (1715851320667)
2024-06-25 15:40:40,685 [FATAL] Updater:308 - Updater called before beeing initialized
2024-06-25 15:40:40,738 [WARN] DetailPanel:346 - Failed to get advertising image, set to default
2024-06-25 15:40:41,014 [FATAL] Updater:308 - Updater called before beeing initialized
2024-06-25 15:40:41,019 [FATAL] Updater:308 - Updater called before beeing initialized
2024-06-25 15:40:41,019 [FATAL] Updater:308 - Updater called before beeing initialized
2024-06-25 15:40:41,019 [WARN] DetailPanel:346 - Failed to get advertising image, set to default
2024-06-25 15:40:41,020 [FATAL] Updater:308 - Updater called before beeing initialized
2024-06-25 15:40:41,094 [ERROR] Updater:1120 - MainUpdater not yet initialized. External WinMGr cannot be set.
2024-06-25 15:40:41,103 [INFO] Updater:1056 - Updater Version found : 6.11.1
2024-06-25 15:40:41,155 [INFO] ApplicationProperties:184 - Using Application install path: C:\ST\STM32CubeIDE_1.12.0\STM32CubeIDE\plugins\com.st.stm32cube.common.mx_6.11.1.202404110753
2024-06-25 15:40:42,478 [INFO] ThirdPartyUpdaterWithRetryManager:70 - Updater plugin not ready yet. [2/15]
2024-06-25 15:40:43,132 [INFO] MainUpdater:2873 - connection check result : 10
2024-06-25 15:40:43,132 [INFO] MainUpdater:290 - Updater Check For Update Now.
2024-06-25 15:40:43,134 [INFO] MicroXplorer:498 - Change Database Version : DB.6.0.111
2024-06-25 15:40:43,142 [INFO] McuFinderGlobals:63 - Set McuFinder mode to 2 (CubeIDE integrated)
2024-06-25 15:40:43,150 [INFO] UserAuth:415 - Internet connection configuration mode: 1
2024-06-25 15:40:43,203 [INFO] JxBrowserEngine:152 - Initiate JxBrowser Engine with user profile folder
2024-06-25 15:40:43,442 [INFO] CheckServerUpdateThread:120 - End of CheckServer Thread
2024-06-25 15:40:44,221 [INFO] WebApp:161 - Instantiating new browser for Auth
2024-06-25 15:40:44,839 [INFO] WebApp:779 - Register for checkConnection events
2024-06-25 15:40:44,839 [INFO] WebApp:414 - Apply proxy settings
2024-06-25 15:40:44,840 [INFO] WebApp:499 - Chromium requires no authentication
2024-06-25 15:40:44,847 [INFO] WebApp:442 - Direct internet connection detected
2024-06-25 15:40:45,011 [INFO] WebApp:192 - Starting web application
2024-06-25 15:40:45,011 [INFO] WebApp:544 - Web application path used C:\ST\STM32CubeIDE_1.12.0\STM32CubeIDE\plugins\com.st.stm32cube.common.mx_6.11.1.202404110753\db\plugins\mcufinder\reactClient1\index.html
2024-06-25 15:40:45,610 [ERROR] LogOutputStream:75 - [STDERR_REDIRECT] Jun 25, 2024 3:40:45 PM org.glassfish.grizzly.http.server.NetworkListener start
2024-06-25 15:40:45,612 [ERROR] LogOutputStream:75 - [STDERR_REDIRECT] INFO: Started listener bound to [localhost:1598]
2024-06-25 15:40:45,612 [ERROR] LogOutputStream:75 - [STDERR_REDIRECT] 
2024-06-25 15:40:45,614 [ERROR] LogOutputStream:75 - [STDERR_REDIRECT] Jun 25, 2024 3:40:45 PM org.glassfish.grizzly.http.server.HttpServer start
2024-06-25 15:40:45,615 [ERROR] LogOutputStream:75 - [STDERR_REDIRECT] INFO: [HttpServer] Started.
2024-06-25 15:40:45,615 [ERROR] LogOutputStream:75 - [STDERR_REDIRECT] 
2024-06-25 15:40:45,720 [WARN] PackLoader:240 - Cannot read IP mode file for STMicroelectronics.FP-SNS-MOTENVWB1.1.4.0
2024-06-25 15:40:45,733 [WARN] PackLoader:240 - Cannot read IP mode file for STMicroelectronics.X-CUBE-SMBUS.2.1.0
2024-06-25 15:40:45,742 [WARN] PackLoader:240 - Cannot read IP mode file for STMicroelectronics.X-CUBE-TOUCHGFX.4.23.1
2024-06-25 15:40:45,750 [WARN] PackLoader:240 - Cannot read IP mode file for STMicroelectronics.X-CUBE-TOUCHGFX.4.23.0
2024-06-25 15:40:45,946 [WARN] PackLoader:240 - Cannot read IP mode file for STMicroelectronics.X-CUBE-TOUCHGFX.4.23.2
2024-06-25 15:40:46,066 [WARN] PackLoader:240 - Cannot read IP mode file for STMicroelectronics.X-CUBE-AZRTOS-F7.1.1.0
2024-06-25 15:40:46,080 [WARN] PackLoader:240 - Cannot read IP mode file for STMicroelectronics.FP-SNS-MOTENV1.4.3.2
2024-06-25 15:40:46,090 [WARN] PackLoader:240 - Cannot read IP mode file for STMicroelectronics.FP-SNS-FLIGHT1.5.0.2
2024-06-25 15:40:46,110 [WARN] PackLoader:240 - Cannot read IP mode file for STMicroelectronics.X-CUBE-DISPLAY.3.0.0
2024-06-25 15:40:46,129 [WARN] PackLoader:240 - Cannot read IP mode file for STMicroelectronics.X-CUBE-BLE1.7.0.0
2024-06-25 15:40:46,146 [WARN] PackLoader:240 - Cannot read IP mode file for emotas.I-CUBE-CANOPEN.1.3.0
2024-06-25 15:40:46,191 [WARN] PackLoader:240 - Cannot read IP mode file for STMicroelectronics.X-CUBE-TOUCHGFX.4.22.0
2024-06-25 15:40:46,230 [WARN] PackLoader:240 - Cannot read IP mode file for STMicroelectronics.X-CUBE-TOUCHGFX.4.22.1
2024-06-25 15:40:46,269 [WARN] PackLoader:240 - Cannot read IP mode file for STMicroelectronics.X-CUBE-BLEMGR.3.1.0
2024-06-25 15:40:46,281 [WARN] PackLoader:240 - Cannot read IP mode file for STMicroelectronics.FP-SNS-SMARTAG2.1.2.0
2024-06-25 15:40:46,294 [INFO] LogOutputStream:77 - [STDOUT_REDIRECT] 1 : Invalid condition id : UX_CORESTACK_Condition cause : null
2024-06-25 15:40:46,295 [INFO] LogOutputStream:77 - [STDOUT_REDIRECT] 1 : Invalid condition id : UX_CORESTACK_Condition cause : null
2024-06-25 15:40:46,296 [INFO] LogOutputStream:77 - [STDOUT_REDIRECT] 1 : Invalid condition id : UX_CORESTACK_Condition cause : null
2024-06-25 15:40:46,297 [INFO] LogOutputStream:77 - [STDOUT_REDIRECT] 1 : Invalid condition id : UX_CORESTACK_Condition cause : null
2024-06-25 15:40:46,299 [INFO] LogOutputStream:77 - [STDOUT_REDIRECT] 1 : Invalid condition id : UX_CORESTACK_Condition cause : null
2024-06-25 15:40:46,303 [WARN] PackLoader:240 - Cannot read IP mode file for STMicroelectronics.X-CUBE-AZRTOS-WL.2.0.0
2024-06-25 15:40:46,308 [WARN] PackLoader:240 - Cannot read IP mode file for STMicroelectronics.FP-SNS-MOTENV1.5.0.0
2024-06-25 15:40:46,595 [WARN] PackLoader:240 - Cannot read IP mode file for wolfSSL.I-CUBE-wolfMQTT.1.19.0
2024-06-25 15:40:46,609 [WARN] PackLoader:240 - Cannot read IP mode file for WES.I-CUBE-Cesium.1.3.0
2024-06-25 15:40:46,618 [WARN] PackLoader:240 - Cannot read IP mode file for STMicroelectronics.X-CUBE-BLE2.3.3.0
2024-06-25 15:40:46,624 [WARN] PackLoader:240 - Cannot read IP mode file for STMicroelectronics.X-CUBE-TOUCHGFX.4.18.0
2024-06-25 15:40:46,701 [WARN] PackLoader:240 - Cannot read IP mode file for STMicroelectronics.X-CUBE-TCPP.4.1.0
2024-06-25 15:40:46,708 [WARN] PackLoader:240 - Cannot read IP mode file for STMicroelectronics.X-CUBE-TOUCHGFX.4.21.1
2024-06-25 15:40:46,748 [WARN] PackLoader:240 - Cannot read IP mode file for STMicroelectronics.X-CUBE-TOUCHGFX.4.21.0
2024-06-25 15:40:46,789 [WARN] PackLoader:240 - Cannot read IP mode file for STMicroelectronics.X-CUBE-TOUCHGFX.4.21.4
2024-06-25 15:40:46,925 [WARN] PackLoader:240 - Cannot read IP mode file for STMicroelectronics.X-CUBE-ALGOBUILD.1.3.0
2024-06-25 15:40:46,949 [WARN] PackLoader:240 - Cannot read IP mode file for STMicroelectronics.X-CUBE-AZRTOS-G0.1.1.0
2024-06-25 15:40:46,959 [WARN] PackLoader:240 - Cannot read IP mode file for STMicroelectronics.X-CUBE-SAFEA1.1.2.2
2024-06-25 15:40:46,969 [WARN] PackLoader:240 - Cannot read IP mode file for STMicroelectronics.X-CUBE-NFC4.3.0.0
2024-06-25 15:40:46,986 [WARN] PackLoader:240 - Cannot read IP mode file for STMicroelectronics.X-CUBE-BLEMGR.3.0.0
2024-06-25 15:40:47,004 [WARN] PackLoader:240 - Cannot read IP mode file for STMicroelectronics.FP-ATR-SIGFOX1.3.2.0
2024-06-25 15:40:47,013 [WARN] PackLoader:240 - Cannot read IP mode file for STMicroelectronics.X-CUBE-EEPRMA1.5.1.0
2024-06-25 15:40:47,074 [WARN] PackLoader:240 - Cannot read IP mode file for SEGGER.I-CUBE-embOS.1.3.1
2024-06-25 15:40:47,132 [WARN] PackLoader:240 - Cannot read IP mode file for STMicroelectronics.X-CUBE-ALGOBUILD.1.4.0
2024-06-25 15:40:47,138 [WARN] PackLoader:240 - Cannot read IP mode file for STMicroelectronics.X-CUBE-GNSS1.6.0.0
2024-06-25 15:40:47,166 [WARN] PackLoader:240 - Cannot read IP mode file for STMicroelectronics.X-CUBE-AZRTOS-F4.1.1.0
2024-06-25 15:40:47,175 [WARN] PackLoader:240 - Cannot read IP mode file for STMicroelectronics.X-CUBE-FREERTOS.1.2.0
2024-06-25 15:40:47,179 [WARN] PackLoader:240 - Cannot read IP mode file for wolfSSL.I-CUBE-wolfSSL.5.6.6
2024-06-25 15:40:47,204 [WARN] PackLoader:240 - Cannot read IP mode file for STMicroelectronics.X-CUBE-AZRTOS-L5.2.0.0
2024-06-25 15:40:47,212 [WARN] PackLoader:240 - Cannot read IP mode file for STMicroelectronics.X-CUBE-EEPRMA1.4.2.0
2024-06-25 15:40:47,219 [WARN] PackLoader:240 - Cannot read IP mode file for STMicroelectronics.X-CUBE-NFC6.3.1.0
2024-06-25 15:40:47,228 [WARN] PackLoader:240 - Cannot read IP mode file for ITTIA_DB.I-CUBE-ITTIADB.8.8.0
2024-06-25 15:40:47,259 [WARN] PackLoader:240 - Cannot read IP mode file for emotas.I-CUBE-CANOPEN.1.1.3
2024-06-25 15:40:47,288 [WARN] PackLoader:240 - Cannot read IP mode file for STMicroelectronics.X-CUBE-AI.9.0.0
2024-06-25 15:40:47,309 [WARN] ConditionMgr:438 - getConditionDescription Invalid condition id : UX DEVICE CLASS RTOS Condition cause : null
2024-06-25 15:40:47,309 [WARN] ConditionMgr:438 - getConditionDescription Invalid condition id : UX DEVICE CLASS RTOS Condition cause : null
2024-06-25 15:40:47,312 [WARN] PackLoader:240 - Cannot read IP mode file for STMicroelectronics.X-CUBE-AZRTOS-H7.3.1.0
2024-06-25 15:40:47,313 [WARN] ConditionMgr:1039 - genDependencies : Invalid condition id : UX DEVICE CLASS RTOS Condition cause : null
2024-06-25 15:40:47,313 [WARN] ConditionMgr:1039 - genDependencies : Invalid condition id : UX DEVICE CLASS RTOS Condition cause : null
2024-06-25 15:40:47,314 [WARN] ConditionMgr:1039 - genDependencies : Invalid condition id : UX DEVICE CLASS RTOS Condition cause : null
2024-06-25 15:40:47,315 [WARN] ConditionMgr:1039 - genDependencies : Invalid condition id : UX DEVICE CLASS RTOS Condition cause : null
2024-06-25 15:40:47,315 [WARN] ConditionMgr:1039 - genDependencies : Invalid condition id : UX DEVICE CLASS RTOS Condition cause : null
2024-06-25 15:40:47,322 [WARN] ConditionMgr:438 - getConditionDescription Invalid condition id : UX DEVICE CLASS RTOS Condition cause : null
2024-06-25 15:40:47,324 [WARN] ConditionMgr:438 - getConditionDescription Invalid condition id : UX DEVICE CLASS RTOS Condition cause : null
2024-06-25 15:40:47,557 [WARN] PackLoader:240 - Cannot read IP mode file for STMicroelectronics.X-CUBE-NFC7.1.0.1
2024-06-25 15:40:47,565 [WARN] PackLoader:240 - Cannot read IP mode file for STMicroelectronics.X-CUBE-NFC6.3.0.0
2024-06-25 15:40:47,576 [WARN] PackLoader:240 - Cannot read IP mode file for STMicroelectronics.X-CUBE-AI.8.1.0
2024-06-25 15:40:47,595 [WARN] ConditionMgr:438 - getConditionDescription Invalid condition id : LAN8742 Phy interface Condition cause : null
2024-06-25 15:40:47,596 [WARN] PackLoader:240 - Cannot read IP mode file for STMicroelectronics.X-CUBE-AZRTOS-L4.2.0.0
2024-06-25 15:40:47,606 [WARN] ConditionMgr:1039 - genDependencies : Invalid condition id : LAN8742 Phy interface Condition cause : null
2024-06-25 15:40:47,606 [WARN] ConditionMgr:1039 - genDependencies : Invalid condition id : LAN8742 Phy interface Condition cause : null
2024-06-25 15:40:47,606 [WARN] ConditionMgr:1039 - genDependencies : Invalid condition id : LAN8742 Phy interface Condition cause : null
2024-06-25 15:40:47,618 [WARN] PackLoader:240 - Cannot read IP mode file for STMicroelectronics.X-CUBE-SFXS2LP1.4.0.0
2024-06-25 15:40:47,632 [WARN] ConditionMgr:438 - getConditionDescription Invalid condition id : UX DEVICE CLASS RTOS Condition cause : null
2024-06-25 15:40:47,633 [WARN] ConditionMgr:438 - getConditionDescription Invalid condition id : UX DEVICE CLASS RTOS Condition cause : null
2024-06-25 15:40:47,634 [WARN] PackLoader:240 - Cannot read IP mode file for STMicroelectronics.X-CUBE-AZRTOS-WB.2.0.0
2024-06-25 15:40:47,635 [WARN] ConditionMgr:1039 - genDependencies : Invalid condition id : UX DEVICE CLASS RTOS Condition cause : null
2024-06-25 15:40:47,635 [WARN] ConditionMgr:1039 - genDependencies : Invalid condition id : UX DEVICE CLASS RTOS Condition cause : null
2024-06-25 15:40:47,635 [WARN] ConditionMgr:1039 - genDependencies : Invalid condition id : UX DEVICE CLASS RTOS Condition cause : null
2024-06-25 15:40:47,635 [WARN] ConditionMgr:1039 - genDependencies : Invalid condition id : UX DEVICE CLASS RTOS Condition cause : null
2024-06-25 15:40:47,635 [WARN] ConditionMgr:1039 - genDependencies : Invalid condition id : UX DEVICE CLASS RTOS Condition cause : null
2024-06-25 15:40:47,858 [WARN] PackLoader:240 - Cannot read IP mode file for STMicroelectronics.X-CUBE-SUBG2.5.0.0
2024-06-25 15:40:47,901 [WARN] PackLoader:240 - Cannot read IP mode file for Cesanta.I-CUBE-Mongoose.7.13.0
2024-06-25 15:40:47,918 [WARN] PackLoader:240 - Cannot read IP mode file for STMicroelectronics.X-CUBE-TOF1.3.3.1
2024-06-25 15:40:48,080 [WARN] PackLoader:240 - Cannot read IP mode file for STMicroelectronics.X-CUBE-AZRTOS-G4.2.0.0
2024-06-25 15:40:48,100 [WARN] PackLoader:240 - Cannot read IP mode file for STMicroelectronics.X-CUBE-TOF1.3.3.0
2024-06-25 15:40:48,180 [WARN] PackLoader:240 - Cannot read IP mode file for Infineon.AIROC-Wi-Fi-Bluetooth-STM32.1.5.1
2024-06-25 15:40:48,191 [WARN] PackLoader:240 - Cannot read IP mode file for STMicroelectronics.FP-SNS-MOTENVWB1.1.3.1
2024-06-25 15:40:48,195 [WARN] PackLoader:240 - Cannot read IP mode file for STMicroelectronics.X-CUBE-ISPU.2.0.0
2024-06-25 15:40:48,199 [WARN] PackLoader:240 - Cannot read IP mode file for STMicroelectronics.X-CUBE-ALS.1.0.2
2024-06-25 15:40:48,239 [WARN] PackLoader:240 - Cannot read IP mode file for STMicroelectronics.X-CUBE-MEMS1.10.0.0
2024-06-25 15:40:49,059 [WARN] PackLoader:240 - Cannot read IP mode file for STMicroelectronics.X-CUBE-FREERTOS.1.1.0
2024-06-25 15:40:49,097 [WARN] PackLoader:240 - Cannot read IP mode file for portGmbH.I-Cube-SoM-uGOAL.1.1.0
2024-06-25 15:40:49,126 [WARN] PackLoader:240 - Cannot read IP mode file for STMicroelectronics.X-CUBE-ALS.1.0.1
2024-06-25 15:40:49,155 [WARN] PackLoader:240 - Cannot read IP mode file for STMicroelectronics.X-CUBE-AZRTOS-H7RS.1.0.0
2024-06-25 15:40:49,168 [WARN] PackLoader:240 - Cannot read IP mode file for STMicroelectronics.FP-ATR-ASTRA1.2.0.0
2024-06-25 15:40:49,181 [WARN] PackLoader:240 - Cannot read IP mode file for STMicroelectronics.X-CUBE-TOF1.3.4.0
2024-06-25 15:40:49,245 [WARN] PackLoader:240 - Cannot read IP mode file for STMicroelectronics.X-CUBE-TOF1.3.4.1
2024-06-25 15:40:49,362 [WARN] PackLoader:240 - Cannot read IP mode file for STMicroelectronics.X-CUBE-AZRTOS-H7.3.2.0
2024-06-25 15:40:49,456 [INFO] ThirdParty:978 - Integrity check success = true
2024-06-25 15:40:49,456 [INFO] IntegrityCheckThread:100 - exiting critical section [integrity check]
2024-06-25 15:40:49,456 [INFO] IntegrityCheckThread:103 - End integrity checks thread
2024-06-25 17:28:09,026 [ERROR] LogOutputStream:75 - [STDERR_REDIRECT] 
