2024-04-29 13:25:59,811 [INFO] Activator:176 - 


2024-04-29 13:25:59,816 [INFO] Activator:177 - !SESSION log4j initialized
2024-04-29 13:26:06,725 [INFO] LogOutputStream:77 - [STDOUT_REDIRECT] 
2024-04-29 13:26:07,462 [ERROR] LogOutputStream:75 - [STDERR_REDIRECT] ??.?. 29, 2024 1:26:07 ??????? org.glassfish.grizzly.http.server.NetworkListener start
2024-04-29 13:26:07,463 [ERROR] LogOutputStream:75 - [STDERR_REDIRECT] INFO: Started listener bound to [localhost:1596]
2024-04-29 13:26:07,463 [ERROR] LogOutputStream:75 - [STDERR_REDIRECT] 
2024-04-29 13:26:07,467 [ERROR] LogOutputStream:75 - [STDERR_REDIRECT] ??.?. 29, 2024 1:26:07 ??????? org.glassfish.grizzly.http.server.HttpServer start
2024-04-29 13:26:07,467 [ERROR] LogOutputStream:75 - [STDERR_REDIRECT] INFO: [HttpServer] Started.
2024-04-29 13:26:07,468 [ERROR] LogOutputStream:75 - [STDERR_REDIRECT] 
2024-04-29 13:26:07,999 [INFO] ApplicationProperties:184 - Using Application install path: C:\ST\STM32CubeIDE_1.12.0\STM32CubeIDE\plugins\com.st.stm32cube.common.mx_6.11.0.202403141607
2024-04-29 13:26:08,014 [INFO] DbMcusXml:78 - Set database path to: C:\ST\STM32CubeIDE_1.12.0\STM32CubeIDE\plugins\com.st.stm32cube.common.mx_6.11.0.202403141607\\db\/mcu/
2024-04-29 13:26:08,014 [INFO] ApiDb:274 - Set plugin database path to: C:\ST\STM32CubeIDE_1.12.0\STM32CubeIDE\plugins\com.st.stm32cube.common.mx_6.11.0.202403141607\\db\/plugins/boardmanager/
2024-04-29 13:26:08,014 [WARN] ApiDb:259 - Overriding images path with different value:  => C:\ST\STM32CubeIDE_1.12.0\STM32CubeIDE\plugins\com.st.stm32cube.common.mx_6.11.0.202403141607\\db\/plugins/mcufinder/images/
2024-04-29 13:26:08,024 [INFO] ApiDb:250 - Set database path to: C:\Users\user\.stmcufinder\plugins\mcufinder//mcu/
2024-04-29 13:26:08,026 [INFO] DbMcusAds:125 - Set database path to: C:\Users\user\.stmcufinder\plugins\mcufinder//mcu/
2024-04-29 13:26:08,028 [INFO] CrossReferenceDbSqlite:203 - Set database path to: C:\Users\user\.stmcufinder\plugins\mcufinder//mcu/cs/
2024-04-29 13:26:08,135 [INFO] RulesReader:64 - Compatibility file has been processed (297 Rules)
2024-04-29 13:26:08,191 [INFO] DbMcusXml:78 - Set database path to: C:\ST\STM32CubeIDE_1.12.0\STM32CubeIDE\plugins\com.st.stm32cube.common.mx_6.11.0.202403141607\\db\/mcu/
2024-04-29 13:26:08,192 [INFO] ApiDb:274 - Set plugin database path to: C:\ST\STM32CubeIDE_1.12.0\STM32CubeIDE\plugins\com.st.stm32cube.common.mx_6.11.0.202403141607\\db\/plugins/boardmanager/
2024-04-29 13:26:08,192 [INFO] ApiDb:261 - Set plugin images path to: C:\ST\STM32CubeIDE_1.12.0\STM32CubeIDE\plugins\com.st.stm32cube.common.mx_6.11.0.202403141607\\db\/plugins/mcufinder/images/
2024-04-29 13:26:08,192 [WARN] DbFile:41 - Overriding database path with different value: C:\Users\user\.stmcufinder\plugins\mcufinder/ => C:\Users\user\.stmcufinder\plugins\mcufinder
2024-04-29 13:26:08,192 [INFO] ApiDb:250 - Set database path to: C:\Users\user\.stmcufinder\plugins\mcufinder//mcu/
2024-04-29 13:26:08,192 [WARN] DbFile:41 - Overriding database path with different value: C:\Users\user\.stmcufinder\plugins\mcufinder/ => C:\Users\user\.stmcufinder\plugins\mcufinder
2024-04-29 13:26:08,192 [INFO] DbMcusAds:125 - Set database path to: C:\Users\user\.stmcufinder\plugins\mcufinder//mcu/
2024-04-29 13:26:08,192 [WARN] DbFile:41 - Overriding database path with different value: C:\Users\user\.stmcufinder\plugins\mcufinder/ => C:\Users\user\.stmcufinder\plugins\mcufinder
2024-04-29 13:26:08,192 [WARN] DbFile:41 - Overriding database path with different value: C:\Users\user\.stmcufinder\plugins\mcufinder/ => C:\Users\user\.stmcufinder\plugins\mcufinder
2024-04-29 13:26:08,192 [INFO] CrossReferenceDbSqlite:203 - Set database path to: C:\Users\user\.stmcufinder\plugins\mcufinder//mcu/cs/
2024-04-29 13:26:08,274 [INFO] MainPanel:264 - HeapMemory: 268435456
2024-04-29 13:26:08,366 [INFO] DbMcusXml:78 - Set database path to: C:\ST\STM32CubeIDE_1.12.0\STM32CubeIDE\plugins\com.st.stm32cube.common.mx_6.11.0.202403141607\\db\/mcu/
2024-04-29 13:26:08,366 [INFO] ApiDb:274 - Set plugin database path to: C:\ST\STM32CubeIDE_1.12.0\STM32CubeIDE\plugins\com.st.stm32cube.common.mx_6.11.0.202403141607\\db\/plugins/boardmanager/
2024-04-29 13:26:08,366 [INFO] ApiDb:261 - Set plugin images path to: C:\ST\STM32CubeIDE_1.12.0\STM32CubeIDE\plugins\com.st.stm32cube.common.mx_6.11.0.202403141607\\db\/plugins/mcufinder/images/
2024-04-29 13:26:08,368 [WARN] DbFile:41 - Overriding database path with different value: C:\Users\user\.stmcufinder\plugins\mcufinder/ => C:\Users\user\.stmcufinder\plugins\mcufinder
2024-04-29 13:26:08,368 [INFO] ApiDb:250 - Set database path to: C:\Users\user\.stmcufinder\plugins\mcufinder//mcu/
2024-04-29 13:26:08,368 [WARN] DbFile:41 - Overriding database path with different value: C:\Users\user\.stmcufinder\plugins\mcufinder/ => C:\Users\user\.stmcufinder\plugins\mcufinder
2024-04-29 13:26:08,368 [INFO] DbMcusAds:125 - Set database path to: C:\Users\user\.stmcufinder\plugins\mcufinder//mcu/
2024-04-29 13:26:08,368 [WARN] DbFile:41 - Overriding database path with different value: C:\Users\user\.stmcufinder\plugins\mcufinder/ => C:\Users\user\.stmcufinder\plugins\mcufinder
2024-04-29 13:26:08,368 [WARN] DbFile:41 - Overriding database path with different value: C:\Users\user\.stmcufinder\plugins\mcufinder/ => C:\Users\user\.stmcufinder\plugins\mcufinder
2024-04-29 13:26:08,368 [INFO] CrossReferenceDbSqlite:203 - Set database path to: C:\Users\user\.stmcufinder\plugins\mcufinder//mcu/cs/
2024-04-29 13:26:08,387 [INFO] ApplicationProperties:184 - Using Application install path: C:\ST\STM32CubeIDE_1.12.0\STM32CubeIDE\plugins\com.st.stm32cube.common.mx_6.11.0.202403141607
2024-04-29 13:26:08,389 [INFO] PluginManage:196 - Search for loadable plugins [exclusion list=, ]
2024-04-29 13:26:08,390 [INFO] PluginManage:310 - Check plugin analytics
2024-04-29 13:26:08,555 [INFO] AnalyticsPlugin:253 - Accepted Software Licenses: STM32CubeMX.6.10.0,STM32CubeMX.6.11.0
2024-04-29 13:26:08,556 [INFO] AnalyticsPlugin:255 - Accepted CMSIS Pack Licenses: STMicroelectronics.X-CUBE-TOUCHGFX.4.23.2,STMicroelectronics.X-CUBE-TOF1.3.4.1
2024-04-29 13:26:08,556 [INFO] AnalyticsPlugin:257 - Accepted Firmware Licenses: FW.G0.1.6.0,FW.H7.1.11.0
2024-04-29 13:26:08,558 [INFO] PluginManage:359 - Loaded plugin analytics (category:tool,tabindex:-1)
2024-04-29 13:26:08,558 [INFO] PluginManage:310 - Check plugin cadmodel
2024-04-29 13:26:08,565 [INFO] CADModel:105 - Init CAD model plugin
2024-04-29 13:26:08,566 [INFO] PluginManage:359 - Loaded plugin cadmodel (category:power,tabindex:5)
2024-04-29 13:26:08,566 [INFO] PluginManage:310 - Check plugin clock
2024-04-29 13:26:08,579 [INFO] PluginManage:359 - Loaded plugin clock (category:base,tabindex:2)
2024-04-29 13:26:08,579 [INFO] PluginManage:310 - Check plugin ddr
2024-04-29 13:26:08,581 [INFO] PluginManage:359 - Loaded plugin ddr (category:tool,tabindex:6)
2024-04-29 13:26:08,583 [INFO] PluginManage:310 - Check plugin filemanager
2024-04-29 13:26:08,804 [INFO] PluginManage:359 - Loaded plugin filemanager (category:base,tabindex:10)
2024-04-29 13:26:08,804 [INFO] PluginManage:310 - Check plugin ipmanager
2024-04-29 13:26:08,815 [INFO] PluginManage:359 - Loaded plugin ipmanager (category:base,tabindex:5)
2024-04-29 13:26:08,815 [INFO] PluginManage:310 - Check plugin lpbam
2024-04-29 13:26:08,825 [INFO] PluginManage:359 - Loaded plugin lpbam (category:base,tabindex:0)
2024-04-29 13:26:08,825 [INFO] PluginManage:310 - Check plugin memorymap
2024-04-29 13:26:08,839 [INFO] PluginManage:359 - Loaded plugin memorymap (category:base,tabindex:4)
2024-04-29 13:26:08,839 [INFO] PluginManage:310 - Check plugin pinoutandconfiguration
2024-04-29 13:26:08,848 [INFO] PluginManage:359 - Loaded plugin pinoutandconfiguration (category:base,tabindex:1)
2024-04-29 13:26:08,848 [INFO] PluginManage:310 - Check plugin pinoutconfig
2024-04-29 13:26:08,926 [WARN] SupportedApi:132 - Cannot load RTOS API schema: s4s-elt-must-match.1: The content of 'definitions' must match (annotation?, (simpleType | complexType)?, (unique | key | keyref)*)). A problem was found starting at: attribute.
2024-04-29 13:26:09,123 [INFO] PluginManage:359 - Loaded plugin pinoutconfig (category:base,tabindex:0)
2024-04-29 13:26:09,123 [INFO] PluginManage:310 - Check plugin power
2024-04-29 13:26:09,136 [INFO] PluginManage:359 - Loaded plugin power (category:power,tabindex:4)
2024-04-29 13:26:09,136 [INFO] PluginManage:310 - Check plugin projectmanager
2024-04-29 13:26:09,160 [INFO] PluginManage:359 - Loaded plugin projectmanager (category:projectmanager,tabindex:3)
2024-04-29 13:26:09,160 [INFO] PluginManage:310 - Check plugin thirdparty
2024-04-29 13:26:09,395 [INFO] PluginManage:359 - Loaded plugin thirdparty (category:base,tabindex:-1)
2024-04-29 13:26:09,395 [INFO] PluginManage:310 - Check plugin tools
2024-04-29 13:26:09,400 [INFO] PluginManage:359 - Loaded plugin tools (category:base,tabindex:7)
2024-04-29 13:26:09,400 [INFO] PluginManage:310 - Check plugin tutovideos
2024-04-29 13:26:09,401 [WARN] IntegrityCheckThread:84 - waiting for thirdparty lock release [integrity check]
2024-04-29 13:26:09,401 [INFO] IntegrityCheckThread:86 - entering critical section [integrity check]
2024-04-29 13:26:09,402 [INFO] ThirdPartyUpdaterWithRetryManager:70 - Updater plugin not ready yet. [1/15]
2024-04-29 13:26:09,702 [INFO] PluginManage:359 - Loaded plugin tutovideos (category:base,tabindex:-1)
2024-04-29 13:26:09,703 [INFO] PluginManage:310 - Check plugin updater
2024-04-29 13:26:09,722 [INFO] PluginManage:359 - Loaded plugin updater (category:base,tabindex:12)
2024-04-29 13:26:09,723 [INFO] PluginManage:310 - Check plugin userauth
2024-04-29 13:26:09,730 [INFO] UserAuth:114 - Init User Auth plugin
2024-04-29 13:26:09,730 [INFO] PluginManage:359 - Loaded plugin userauth (category:base,tabindex:14)
2024-04-29 13:26:09,731 [INFO] PluginManage:283 - PluginManage : Loaded plugins [17]
2024-04-29 13:26:10,058 [INFO] PinOutPanel:1561 - setPackage(No Configuration,No Configuration)
2024-04-29 13:26:10,181 [INFO] CADModel:165 - CPN selected for project level
2024-04-29 13:26:10,182 [INFO] CADModel:114 - Register for checkConnection events
2024-04-29 13:26:10,216 [INFO] IPUIPlugin:80 - create IPUIPlugin
2024-04-29 13:26:10,216 [INFO] PluginManager:220 - loadIPPluginJar : add adc
2024-04-29 13:26:10,220 [INFO] IPUIPlugin:80 - create IPUIPlugin
2024-04-29 13:26:10,220 [INFO] PluginManager:220 - loadIPPluginJar : add aes
2024-04-29 13:26:10,223 [INFO] IPUIPlugin:80 - create IPUIPlugin
2024-04-29 13:26:10,223 [INFO] PluginManager:220 - loadIPPluginJar : add can
2024-04-29 13:26:10,226 [INFO] IPUIPlugin:80 - create IPUIPlugin
2024-04-29 13:26:10,226 [INFO] PluginManager:220 - loadIPPluginJar : add comp
2024-04-29 13:26:10,230 [INFO] IPUIPlugin:80 - create IPUIPlugin
2024-04-29 13:26:10,232 [INFO] PluginManager:220 - loadIPPluginJar : add cryp
2024-04-29 13:26:10,236 [INFO] IPUIPlugin:80 - create IPUIPlugin
2024-04-29 13:26:10,236 [INFO] PluginManager:220 - loadIPPluginJar : add dfsdm
2024-04-29 13:26:10,244 [INFO] IPUIPlugin:80 - create IPUIPlugin
2024-04-29 13:26:10,245 [INFO] PluginManager:220 - loadIPPluginJar : add dma
2024-04-29 13:26:10,251 [INFO] IPUIPlugin:80 - create IPUIPlugin
2024-04-29 13:26:10,251 [INFO] PluginManager:220 - loadIPPluginJar : add dma3
2024-04-29 13:26:10,255 [INFO] IPUIPlugin:80 - create IPUIPlugin
2024-04-29 13:26:10,255 [INFO] PluginManager:220 - loadIPPluginJar : add extmemmanager
2024-04-29 13:26:10,259 [INFO] IPUIPlugin:80 - create IPUIPlugin
2024-04-29 13:26:10,259 [INFO] PluginManager:220 - loadIPPluginJar : add fatfs
2024-04-29 13:26:10,270 [INFO] IPUIPlugin:80 - create IPUIPlugin
2024-04-29 13:26:10,270 [INFO] PluginManager:220 - loadIPPluginJar : add fmc
2024-04-29 13:26:10,277 [INFO] IPUIPlugin:80 - create IPUIPlugin
2024-04-29 13:26:10,277 [INFO] PluginManager:220 - loadIPPluginJar : add freertos
2024-04-29 13:26:10,279 [INFO] IPUIPlugin:80 - create IPUIPlugin
2024-04-29 13:26:10,279 [INFO] PluginManager:220 - loadIPPluginJar : add genericplugin
2024-04-29 13:26:10,287 [INFO] IPUIPlugin:80 - create IPUIPlugin
2024-04-29 13:26:10,287 [INFO] PluginManager:220 - loadIPPluginJar : add gfxmmu
2024-04-29 13:26:10,293 [INFO] IPUIPlugin:80 - create IPUIPlugin
2024-04-29 13:26:10,293 [INFO] PluginManager:220 - loadIPPluginJar : add gic
2024-04-29 13:26:10,302 [INFO] IPUIPlugin:80 - create IPUIPlugin
2024-04-29 13:26:10,303 [INFO] PluginManager:220 - loadIPPluginJar : add gpio
2024-04-29 13:26:10,306 [INFO] IPUIPlugin:80 - create IPUIPlugin
2024-04-29 13:26:10,308 [INFO] PluginManager:220 - loadIPPluginJar : add gtzc
2024-04-29 13:26:10,318 [INFO] IPUIPlugin:80 - create IPUIPlugin
2024-04-29 13:26:10,319 [INFO] PluginManager:220 - loadIPPluginJar : add hash
2024-04-29 13:26:10,323 [INFO] IPUIPlugin:80 - create IPUIPlugin
2024-04-29 13:26:10,323 [INFO] PluginManager:220 - loadIPPluginJar : add i2c
2024-04-29 13:26:10,330 [INFO] IPUIPlugin:80 - create IPUIPlugin
2024-04-29 13:26:10,333 [INFO] PluginManager:220 - loadIPPluginJar : add i2s
2024-04-29 13:26:10,338 [INFO] IPUIPlugin:80 - create IPUIPlugin
2024-04-29 13:26:10,338 [INFO] PluginManager:220 - loadIPPluginJar : add i3c
2024-04-29 13:26:10,344 [INFO] IPUIPlugin:80 - create IPUIPlugin
2024-04-29 13:26:10,345 [INFO] PluginManager:220 - loadIPPluginJar : add ipddr
2024-04-29 13:26:10,360 [INFO] IPUIPlugin:80 - create IPUIPlugin
2024-04-29 13:26:10,360 [INFO] PluginManager:220 - loadIPPluginJar : add linkedlist
2024-04-29 13:26:10,366 [INFO] IPUIPlugin:80 - create IPUIPlugin
2024-04-29 13:26:10,366 [INFO] PluginManager:220 - loadIPPluginJar : add lorawan
2024-04-29 13:26:10,370 [INFO] IPUIPlugin:80 - create IPUIPlugin
2024-04-29 13:26:10,372 [INFO] PluginManager:220 - loadIPPluginJar : add ltdc
2024-04-29 13:26:10,383 [INFO] IPUIPlugin:80 - create IPUIPlugin
2024-04-29 13:26:10,383 [INFO] PluginManager:220 - loadIPPluginJar : add mdma
2024-04-29 13:26:10,388 [INFO] IPUIPlugin:80 - create IPUIPlugin
2024-04-29 13:26:10,388 [INFO] PluginManager:220 - loadIPPluginJar : add nvic
2024-04-29 13:26:10,395 [INFO] IPUIPlugin:80 - create IPUIPlugin
2024-04-29 13:26:10,395 [INFO] PluginManager:220 - loadIPPluginJar : add opamp
2024-04-29 13:26:10,405 [INFO] IPUIPlugin:80 - create IPUIPlugin
2024-04-29 13:26:10,405 [INFO] PluginManager:220 - loadIPPluginJar : add openamp
2024-04-29 13:26:10,410 [INFO] IPUIPlugin:80 - create IPUIPlugin
2024-04-29 13:26:10,410 [INFO] PluginManager:220 - loadIPPluginJar : add pdm2pcm
2024-04-29 13:26:10,432 [INFO] IPUIPlugin:80 - create IPUIPlugin
2024-04-29 13:26:10,436 [INFO] PluginManager:220 - loadIPPluginJar : add plateformsettings
2024-04-29 13:26:10,439 [INFO] IPUIPlugin:80 - create IPUIPlugin
2024-04-29 13:26:10,439 [INFO] PluginManager:220 - loadIPPluginJar : add quadspi
2024-04-29 13:26:10,444 [INFO] IPUIPlugin:80 - create IPUIPlugin
2024-04-29 13:26:10,444 [INFO] PluginManager:220 - loadIPPluginJar : add resmgrutility
2024-04-29 13:26:10,451 [INFO] IPUIPlugin:80 - create IPUIPlugin
2024-04-29 13:26:10,451 [INFO] PluginManager:220 - loadIPPluginJar : add sai
2024-04-29 13:26:10,456 [INFO] IPUIPlugin:80 - create IPUIPlugin
2024-04-29 13:26:10,456 [INFO] PluginManager:220 - loadIPPluginJar : add spi
2024-04-29 13:26:10,468 [INFO] IPUIPlugin:80 - create IPUIPlugin
2024-04-29 13:26:10,469 [INFO] PluginManager:220 - loadIPPluginJar : add stm32_wpan
2024-04-29 13:26:10,472 [INFO] IPUIPlugin:80 - create IPUIPlugin
2024-04-29 13:26:10,472 [INFO] PluginManager:220 - loadIPPluginJar : add tim
2024-04-29 13:26:10,477 [INFO] IPUIPlugin:80 - create IPUIPlugin
2024-04-29 13:26:10,478 [INFO] PluginManager:220 - loadIPPluginJar : add touchsensing
2024-04-29 13:26:10,483 [INFO] IPUIPlugin:80 - create IPUIPlugin
2024-04-29 13:26:10,483 [INFO] PluginManager:220 - loadIPPluginJar : add tracer_emb
2024-04-29 13:26:10,485 [INFO] IPUIPlugin:80 - create IPUIPlugin
2024-04-29 13:26:10,485 [INFO] PluginManager:220 - loadIPPluginJar : add ts
2024-04-29 13:26:10,489 [INFO] IPUIPlugin:80 - create IPUIPlugin
2024-04-29 13:26:10,489 [INFO] PluginManager:220 - loadIPPluginJar : add tsc
2024-04-29 13:26:10,492 [INFO] IPUIPlugin:80 - create IPUIPlugin
2024-04-29 13:26:10,492 [INFO] PluginManager:220 - loadIPPluginJar : add ucpd
2024-04-29 13:26:10,496 [INFO] IPUIPlugin:80 - create IPUIPlugin
2024-04-29 13:26:10,496 [INFO] PluginManager:220 - loadIPPluginJar : add usart
2024-04-29 13:26:10,501 [INFO] IPUIPlugin:80 - create IPUIPlugin
2024-04-29 13:26:10,502 [INFO] PluginManager:220 - loadIPPluginJar : add usbx
2024-04-29 13:26:10,676 [INFO] CADModel:165 - CPN selected for project level
2024-04-29 13:26:10,676 [INFO] CADModel:114 - Register for checkConnection events
2024-04-29 13:26:10,677 [FATAL] Updater:308 - Updater called before beeing initialized
2024-04-29 13:26:10,677 [ERROR] CADModel:125 - Updater not yet initialized, retry later 
2024-04-29 13:26:10,905 [INFO] CADModel:165 - CPN selected for project level
2024-04-29 13:26:10,905 [INFO] CADModel:114 - Register for checkConnection events
2024-04-29 13:26:10,905 [FATAL] Updater:308 - Updater called before beeing initialized
2024-04-29 13:26:10,905 [ERROR] CADModel:125 - Updater not yet initialized, retry later 
2024-04-29 13:26:10,911 [FATAL] Updater:308 - Updater called before beeing initialized
2024-04-29 13:26:11,075 [FATAL] Updater:308 - Updater called before beeing initialized
2024-04-29 13:26:11,083 [INFO] DbMcusAds:53 - JSON generation date=Wed Nov 29 17:52:27 ICT 2023 (1701255147349)
2024-04-29 13:26:11,083 [FATAL] Updater:308 - Updater called before beeing initialized
2024-04-29 13:26:11,138 [WARN] DetailPanel:346 - Failed to get advertising image, set to default
2024-04-29 13:26:11,272 [FATAL] Updater:308 - Updater called before beeing initialized
2024-04-29 13:26:11,277 [FATAL] Updater:308 - Updater called before beeing initialized
2024-04-29 13:26:11,278 [FATAL] Updater:308 - Updater called before beeing initialized
2024-04-29 13:26:11,278 [WARN] DetailPanel:346 - Failed to get advertising image, set to default
2024-04-29 13:26:11,279 [FATAL] Updater:308 - Updater called before beeing initialized
2024-04-29 13:26:11,352 [ERROR] Updater:1120 - MainUpdater not yet initialized. External WinMGr cannot be set.
2024-04-29 13:26:11,360 [INFO] Updater:1056 - Updater Version found : 6.11.0
2024-04-29 13:26:11,392 [INFO] ApplicationProperties:184 - Using Application install path: C:\ST\STM32CubeIDE_1.12.0\STM32CubeIDE\plugins\com.st.stm32cube.common.mx_6.11.0.202403141607
2024-04-29 13:26:11,996 [INFO] MainUpdater:2873 - connection check result : 10
2024-04-29 13:26:11,996 [INFO] MainUpdater:3567 - Updater definition file requires update
2024-04-29 13:26:11,998 [INFO] MainUpdater:290 - Updater Check For Update Now.
2024-04-29 13:26:11,998 [INFO] MicroXplorer:498 - Change Database Version : DB.6.0.110
2024-04-29 13:26:12,004 [INFO] McuFinderGlobals:63 - Set McuFinder mode to 2 (CubeIDE integrated)
2024-04-29 13:26:12,011 [INFO] UserAuth:415 - Internet connection configuration mode: 1
2024-04-29 13:26:12,030 [INFO] JxBrowserEngine:152 - Initiate JxBrowser Engine with user profile folder
2024-04-29 13:26:12,405 [WARN] MainUpdater:1194 - Updater busy. Cannot search thirdparties
2024-04-29 13:26:12,406 [INFO] ThirdPartyUpdaterWithRetryManager:96 - Updater plugin is busy. [1/15]
2024-04-29 13:26:13,112 [INFO] WebApp:161 - Instantiating new browser for Auth
2024-04-29 13:26:13,818 [INFO] ServerAccessManage:473 - Download File updaters.zip
2024-04-29 13:26:13,933 [INFO] FileExtend:240 - Unzip File : updaters.zip
2024-04-29 13:26:13,933 [INFO] FileExtend:255 - Standard Zip Deflate
2024-04-29 13:26:14,444 [INFO] WebApp:779 - Register for checkConnection events
2024-04-29 13:26:14,444 [INFO] WebApp:414 - Apply proxy settings
2024-04-29 13:26:14,445 [INFO] WebApp:499 - Chromium requires no authentication
2024-04-29 13:26:14,458 [INFO] WebApp:442 - Direct internet connection detected
2024-04-29 13:26:14,688 [INFO] WebApp:192 - Starting web application
2024-04-29 13:26:14,688 [INFO] WebApp:544 - Web application path used C:\ST\STM32CubeIDE_1.12.0\STM32CubeIDE\plugins\com.st.stm32cube.common.mx_6.11.0.202403141607\db\plugins\mcufinder\reactClient1\index.html
2024-04-29 13:26:15,186 [INFO] ServerAccessManage:473 - Download File PacksControlFlags.xml
2024-04-29 13:26:15,407 [WARN] MainUpdater:1194 - Updater busy. Cannot search thirdparties
2024-04-29 13:26:15,407 [INFO] ThirdPartyUpdaterWithRetryManager:96 - Updater plugin is busy. [2/15]
2024-04-29 13:26:16,172 [INFO] ServerAccessManage:473 - Download File cubemx.pidx
2024-04-29 13:26:17,824 [INFO] ServerAccessManage:473 - Download File STMicroelectronics.X-CUBE-FREERTOS.pdsc
2024-04-29 13:26:18,408 [WARN] MainUpdater:1194 - Updater busy. Cannot search thirdparties
2024-04-29 13:26:18,408 [INFO] ThirdPartyUpdaterWithRetryManager:96 - Updater plugin is busy. [3/15]
2024-04-29 13:26:21,409 [WARN] MainUpdater:1194 - Updater busy. Cannot search thirdparties
2024-04-29 13:26:21,409 [INFO] ThirdPartyUpdaterWithRetryManager:96 - Updater plugin is busy. [4/15]
2024-04-29 13:26:22,278 [WARN] PackLoader:240 - Cannot read IP mode file for STMicroelectronics.X-CUBE-FREERTOS.1.2.0
2024-04-29 13:26:22,279 [INFO] PopulateThirdPartyThread:66 - Ending populate Thread
2024-04-29 13:26:22,281 [INFO] ThirdParty:1030 - CMSIS Pack Vendor :STMicroelectronics X-CUBE-FREERTOS 1.2.0
2024-04-29 13:26:22,282 [INFO] LoadServerUpdatesThread:375 - End of LoadServerUpdate Thread
2024-04-29 13:26:22,406 [INFO] CheckServerUpdateThread:120 - End of CheckServer Thread
2024-04-29 13:26:24,576 [WARN] PackLoader:240 - Cannot read IP mode file for STMicroelectronics.FP-SNS-MOTENVWB1.1.4.0
2024-04-29 13:26:24,585 [WARN] PackLoader:240 - Cannot read IP mode file for STMicroelectronics.X-CUBE-SMBUS.2.1.0
2024-04-29 13:26:24,590 [WARN] PackLoader:240 - Cannot read IP mode file for STMicroelectronics.X-CUBE-TOUCHGFX.4.23.1
2024-04-29 13:26:24,596 [WARN] PackLoader:240 - Cannot read IP mode file for STMicroelectronics.X-CUBE-TOUCHGFX.4.23.0
2024-04-29 13:26:24,674 [WARN] PackLoader:240 - Cannot read IP mode file for STMicroelectronics.X-CUBE-TOUCHGFX.4.23.2
2024-04-29 13:26:24,750 [WARN] PackLoader:240 - Cannot read IP mode file for STMicroelectronics.X-CUBE-AZRTOS-F7.1.1.0
2024-04-29 13:26:24,766 [WARN] PackLoader:240 - Cannot read IP mode file for STMicroelectronics.FP-SNS-MOTENV1.4.3.2
2024-04-29 13:26:24,774 [WARN] PackLoader:240 - Cannot read IP mode file for STMicroelectronics.FP-SNS-FLIGHT1.5.0.2
2024-04-29 13:26:24,785 [WARN] PackLoader:240 - Cannot read IP mode file for STMicroelectronics.X-CUBE-DISPLAY.3.0.0
2024-04-29 13:26:24,806 [WARN] PackLoader:240 - Cannot read IP mode file for STMicroelectronics.X-CUBE-BLE1.7.0.0
2024-04-29 13:26:24,816 [WARN] PackLoader:240 - Cannot read IP mode file for emotas.I-CUBE-CANOPEN.1.3.0
2024-04-29 13:26:24,859 [WARN] PackLoader:240 - Cannot read IP mode file for STMicroelectronics.X-CUBE-TOUCHGFX.4.22.0
2024-04-29 13:26:24,896 [WARN] PackLoader:240 - Cannot read IP mode file for STMicroelectronics.X-CUBE-TOUCHGFX.4.22.1
2024-04-29 13:26:24,943 [WARN] PackLoader:240 - Cannot read IP mode file for STMicroelectronics.X-CUBE-BLEMGR.3.1.0
2024-04-29 13:26:24,955 [WARN] PackLoader:240 - Cannot read IP mode file for STMicroelectronics.FP-SNS-SMARTAG2.1.2.0
2024-04-29 13:26:24,970 [INFO] LogOutputStream:77 - [STDOUT_REDIRECT] 1 : Invalid condition id : UX_CORESTACK_Condition cause : null
2024-04-29 13:26:24,973 [INFO] LogOutputStream:77 - [STDOUT_REDIRECT] 1 : Invalid condition id : UX_CORESTACK_Condition cause : null
2024-04-29 13:26:24,974 [INFO] LogOutputStream:77 - [STDOUT_REDIRECT] 1 : Invalid condition id : UX_CORESTACK_Condition cause : null
2024-04-29 13:26:24,976 [INFO] LogOutputStream:77 - [STDOUT_REDIRECT] 1 : Invalid condition id : UX_CORESTACK_Condition cause : null
2024-04-29 13:26:24,977 [INFO] LogOutputStream:77 - [STDOUT_REDIRECT] 1 : Invalid condition id : UX_CORESTACK_Condition cause : null
2024-04-29 13:26:24,984 [WARN] PackLoader:240 - Cannot read IP mode file for STMicroelectronics.X-CUBE-AZRTOS-WL.2.0.0
2024-04-29 13:26:24,995 [WARN] PackLoader:240 - Cannot read IP mode file for STMicroelectronics.FP-SNS-MOTENV1.5.0.0
2024-04-29 13:26:25,008 [WARN] PackLoader:240 - Cannot read IP mode file for WES.I-CUBE-Cesium.1.3.0
2024-04-29 13:26:25,014 [WARN] PackLoader:240 - Cannot read IP mode file for STMicroelectronics.X-CUBE-BLE2.3.3.0
2024-04-29 13:26:25,023 [WARN] PackLoader:240 - Cannot read IP mode file for STMicroelectronics.X-CUBE-TOUCHGFX.4.18.0
2024-04-29 13:26:25,060 [WARN] PackLoader:240 - Cannot read IP mode file for STMicroelectronics.X-CUBE-TCPP.4.1.0
2024-04-29 13:26:25,078 [WARN] PackLoader:240 - Cannot read IP mode file for STMicroelectronics.X-CUBE-TOUCHGFX.4.21.1
2024-04-29 13:26:25,118 [WARN] PackLoader:240 - Cannot read IP mode file for STMicroelectronics.X-CUBE-TOUCHGFX.4.21.0
2024-04-29 13:26:25,145 [WARN] PackLoader:240 - Cannot read IP mode file for STMicroelectronics.X-CUBE-TOUCHGFX.4.21.4
2024-04-29 13:26:25,173 [WARN] PackLoader:240 - Cannot read IP mode file for STMicroelectronics.X-CUBE-ALGOBUILD.1.3.0
2024-04-29 13:26:25,191 [WARN] PackLoader:240 - Cannot read IP mode file for STMicroelectronics.X-CUBE-AZRTOS-G0.1.1.0
2024-04-29 13:26:25,200 [WARN] PackLoader:240 - Cannot read IP mode file for STMicroelectronics.X-CUBE-SAFEA1.1.2.2
2024-04-29 13:26:25,207 [WARN] PackLoader:240 - Cannot read IP mode file for STMicroelectronics.X-CUBE-NFC4.3.0.0
2024-04-29 13:26:25,217 [WARN] PackLoader:240 - Cannot read IP mode file for STMicroelectronics.X-CUBE-BLEMGR.3.0.0
2024-04-29 13:26:25,223 [WARN] PackLoader:240 - Cannot read IP mode file for STMicroelectronics.FP-ATR-SIGFOX1.3.2.0
2024-04-29 13:26:25,230 [WARN] PackLoader:240 - Cannot read IP mode file for STMicroelectronics.X-CUBE-EEPRMA1.5.1.0
2024-04-29 13:26:25,283 [WARN] PackLoader:240 - Cannot read IP mode file for SEGGER.I-CUBE-embOS.1.3.1
2024-04-29 13:26:25,345 [WARN] PackLoader:240 - Cannot read IP mode file for STMicroelectronics.X-CUBE-GNSS1.6.0.0
2024-04-29 13:26:25,363 [WARN] PackLoader:240 - Cannot read IP mode file for STMicroelectronics.X-CUBE-AZRTOS-F4.1.1.0
2024-04-29 13:26:25,374 [WARN] PackLoader:240 - Cannot read IP mode file for STMicroelectronics.X-CUBE-FREERTOS.1.2.0
2024-04-29 13:26:25,384 [WARN] PackLoader:240 - Cannot read IP mode file for wolfSSL.I-CUBE-wolfSSL.5.6.6
2024-04-29 13:26:25,401 [WARN] PackLoader:240 - Cannot read IP mode file for STMicroelectronics.X-CUBE-AZRTOS-L5.2.0.0
2024-04-29 13:26:25,409 [WARN] PackLoader:240 - Cannot read IP mode file for STMicroelectronics.X-CUBE-EEPRMA1.4.2.0
2024-04-29 13:26:25,420 [WARN] PackLoader:240 - Cannot read IP mode file for STMicroelectronics.X-CUBE-NFC6.3.1.0
2024-04-29 13:26:25,429 [WARN] PackLoader:240 - Cannot read IP mode file for ITTIA_DB.I-CUBE-ITTIADB.8.8.0
2024-04-29 13:26:25,490 [WARN] PackLoader:240 - Cannot read IP mode file for emotas.I-CUBE-CANOPEN.1.1.3
2024-04-29 13:26:25,511 [WARN] PackLoader:240 - Cannot read IP mode file for STMicroelectronics.X-CUBE-AI.9.0.0
2024-04-29 13:26:25,528 [WARN] ConditionMgr:438 - getConditionDescription Invalid condition id : UX DEVICE CLASS RTOS Condition cause : null
2024-04-29 13:26:25,528 [WARN] ConditionMgr:438 - getConditionDescription Invalid condition id : UX DEVICE CLASS RTOS Condition cause : null
2024-04-29 13:26:25,531 [WARN] PackLoader:240 - Cannot read IP mode file for STMicroelectronics.X-CUBE-AZRTOS-H7.3.1.0
2024-04-29 13:26:25,549 [WARN] ConditionMgr:1039 - genDependencies : Invalid condition id : UX DEVICE CLASS RTOS Condition cause : null
2024-04-29 13:26:25,550 [WARN] ConditionMgr:1039 - genDependencies : Invalid condition id : UX DEVICE CLASS RTOS Condition cause : null
2024-04-29 13:26:25,550 [WARN] ConditionMgr:1039 - genDependencies : Invalid condition id : UX DEVICE CLASS RTOS Condition cause : null
2024-04-29 13:26:25,551 [WARN] ConditionMgr:1039 - genDependencies : Invalid condition id : UX DEVICE CLASS RTOS Condition cause : null
2024-04-29 13:26:25,551 [WARN] ConditionMgr:1039 - genDependencies : Invalid condition id : UX DEVICE CLASS RTOS Condition cause : null
2024-04-29 13:26:25,557 [WARN] ConditionMgr:438 - getConditionDescription Invalid condition id : UX DEVICE CLASS RTOS Condition cause : null
2024-04-29 13:26:25,558 [WARN] ConditionMgr:438 - getConditionDescription Invalid condition id : UX DEVICE CLASS RTOS Condition cause : null
2024-04-29 13:26:25,641 [WARN] PackLoader:240 - Cannot read IP mode file for STMicroelectronics.X-CUBE-NFC7.1.0.1
2024-04-29 13:26:25,648 [WARN] PackLoader:240 - Cannot read IP mode file for STMicroelectronics.X-CUBE-NFC6.3.0.0
2024-04-29 13:26:25,654 [WARN] PackLoader:240 - Cannot read IP mode file for STMicroelectronics.X-CUBE-AI.8.1.0
2024-04-29 13:26:25,670 [WARN] ConditionMgr:438 - getConditionDescription Invalid condition id : LAN8742 Phy interface Condition cause : null
2024-04-29 13:26:25,670 [WARN] PackLoader:240 - Cannot read IP mode file for STMicroelectronics.X-CUBE-AZRTOS-L4.2.0.0
2024-04-29 13:26:25,672 [WARN] ConditionMgr:1039 - genDependencies : Invalid condition id : LAN8742 Phy interface Condition cause : null
2024-04-29 13:26:25,672 [WARN] ConditionMgr:1039 - genDependencies : Invalid condition id : LAN8742 Phy interface Condition cause : null
2024-04-29 13:26:25,673 [WARN] ConditionMgr:1039 - genDependencies : Invalid condition id : LAN8742 Phy interface Condition cause : null
2024-04-29 13:26:25,680 [WARN] PackLoader:240 - Cannot read IP mode file for STMicroelectronics.X-CUBE-SFXS2LP1.4.0.0
2024-04-29 13:26:25,692 [WARN] ConditionMgr:438 - getConditionDescription Invalid condition id : UX DEVICE CLASS RTOS Condition cause : null
2024-04-29 13:26:25,692 [WARN] ConditionMgr:438 - getConditionDescription Invalid condition id : UX DEVICE CLASS RTOS Condition cause : null
2024-04-29 13:26:25,694 [WARN] PackLoader:240 - Cannot read IP mode file for STMicroelectronics.X-CUBE-AZRTOS-WB.2.0.0
2024-04-29 13:26:25,694 [WARN] ConditionMgr:1039 - genDependencies : Invalid condition id : UX DEVICE CLASS RTOS Condition cause : null
2024-04-29 13:26:25,695 [WARN] ConditionMgr:1039 - genDependencies : Invalid condition id : UX DEVICE CLASS RTOS Condition cause : null
2024-04-29 13:26:25,695 [WARN] ConditionMgr:1039 - genDependencies : Invalid condition id : UX DEVICE CLASS RTOS Condition cause : null
2024-04-29 13:26:25,695 [WARN] ConditionMgr:1039 - genDependencies : Invalid condition id : UX DEVICE CLASS RTOS Condition cause : null
2024-04-29 13:26:25,695 [WARN] ConditionMgr:1039 - genDependencies : Invalid condition id : UX DEVICE CLASS RTOS Condition cause : null
2024-04-29 13:26:25,704 [WARN] PackLoader:240 - Cannot read IP mode file for STMicroelectronics.X-CUBE-SUBG2.5.0.0
2024-04-29 13:26:25,719 [WARN] PackLoader:240 - Cannot read IP mode file for STMicroelectronics.X-CUBE-TOF1.3.3.1
2024-04-29 13:26:25,779 [WARN] PackLoader:240 - Cannot read IP mode file for STMicroelectronics.X-CUBE-AZRTOS-G4.2.0.0
2024-04-29 13:26:25,818 [WARN] PackLoader:240 - Cannot read IP mode file for STMicroelectronics.X-CUBE-TOF1.3.3.0
2024-04-29 13:26:25,888 [WARN] PackLoader:240 - Cannot read IP mode file for Infineon.AIROC-Wi-Fi-Bluetooth-STM32.1.5.1
2024-04-29 13:26:25,900 [WARN] PackLoader:240 - Cannot read IP mode file for STMicroelectronics.FP-SNS-MOTENVWB1.1.3.1
2024-04-29 13:26:25,906 [WARN] PackLoader:240 - Cannot read IP mode file for STMicroelectronics.X-CUBE-ISPU.2.0.0
2024-04-29 13:26:25,948 [WARN] PackLoader:240 - Cannot read IP mode file for STMicroelectronics.X-CUBE-MEMS1.10.0.0
2024-04-29 13:26:26,027 [WARN] PackLoader:240 - Cannot read IP mode file for STMicroelectronics.X-CUBE-FREERTOS.1.1.0
2024-04-29 13:26:26,033 [WARN] PackLoader:240 - Cannot read IP mode file for portGmbH.I-Cube-SoM-uGOAL.1.1.0
2024-04-29 13:26:26,037 [WARN] PackLoader:240 - Cannot read IP mode file for STMicroelectronics.X-CUBE-ALS.1.0.1
2024-04-29 13:26:26,055 [WARN] PackLoader:240 - Cannot read IP mode file for STMicroelectronics.X-CUBE-AZRTOS-H7RS.1.0.0
2024-04-29 13:26:26,061 [WARN] PackLoader:240 - Cannot read IP mode file for STMicroelectronics.FP-ATR-ASTRA1.2.0.0
2024-04-29 13:26:26,080 [WARN] PackLoader:240 - Cannot read IP mode file for STMicroelectronics.X-CUBE-TOF1.3.4.0
2024-04-29 13:26:26,139 [WARN] PackLoader:240 - Cannot read IP mode file for STMicroelectronics.X-CUBE-TOF1.3.4.1
2024-04-29 13:26:26,219 [WARN] PackLoader:240 - Cannot read IP mode file for STMicroelectronics.X-CUBE-AZRTOS-H7.3.2.0
2024-04-29 13:26:26,292 [INFO] ThirdParty:978 - Integrity check success = true
2024-04-29 13:26:26,292 [INFO] IntegrityCheckThread:100 - exiting critical section [integrity check]
2024-04-29 13:26:26,292 [INFO] IntegrityCheckThread:103 - End integrity checks thread
2024-04-29 14:29:14,665 [INFO] Activator:176 - 


2024-04-29 14:29:14,666 [INFO] Activator:177 - !SESSION log4j initialized
2024-04-29 14:29:21,628 [INFO] LogOutputStream:77 - [STDOUT_REDIRECT] 
2024-04-29 14:29:22,450 [ERROR] LogOutputStream:75 - [STDERR_REDIRECT] ??.?. 29, 2024 2:29:22 ??????? org.glassfish.grizzly.http.server.NetworkListener start
2024-04-29 14:29:22,453 [ERROR] LogOutputStream:75 - [STDERR_REDIRECT] INFO: Started listener bound to [localhost:1597]
2024-04-29 14:29:22,454 [ERROR] LogOutputStream:75 - [STDERR_REDIRECT] 
2024-04-29 14:29:22,456 [ERROR] LogOutputStream:75 - [STDERR_REDIRECT] ??.?. 29, 2024 2:29:22 ??????? org.glassfish.grizzly.http.server.HttpServer start
2024-04-29 14:29:22,457 [ERROR] LogOutputStream:75 - [STDERR_REDIRECT] INFO: [HttpServer] Started.
2024-04-29 14:29:22,457 [ERROR] LogOutputStream:75 - [STDERR_REDIRECT] 
2024-04-29 14:29:23,877 [INFO] ApplicationProperties:184 - Using Application install path: C:\ST\STM32CubeIDE_1.12.0\STM32CubeIDE\plugins\com.st.stm32cube.common.mx_6.11.0.202403141607
2024-04-29 14:29:23,893 [INFO] DbMcusXml:78 - Set database path to: C:\ST\STM32CubeIDE_1.12.0\STM32CubeIDE\plugins\com.st.stm32cube.common.mx_6.11.0.202403141607\\db\/mcu/
2024-04-29 14:29:23,893 [INFO] ApiDb:274 - Set plugin database path to: C:\ST\STM32CubeIDE_1.12.0\STM32CubeIDE\plugins\com.st.stm32cube.common.mx_6.11.0.202403141607\\db\/plugins/boardmanager/
2024-04-29 14:29:23,894 [WARN] ApiDb:259 - Overriding images path with different value:  => C:\ST\STM32CubeIDE_1.12.0\STM32CubeIDE\plugins\com.st.stm32cube.common.mx_6.11.0.202403141607\\db\/plugins/mcufinder/images/
2024-04-29 14:29:23,898 [INFO] ApiDb:250 - Set database path to: C:\Users\user\.stmcufinder\plugins\mcufinder//mcu/
2024-04-29 14:29:23,899 [INFO] DbMcusAds:125 - Set database path to: C:\Users\user\.stmcufinder\plugins\mcufinder//mcu/
2024-04-29 14:29:23,901 [INFO] CrossReferenceDbSqlite:203 - Set database path to: C:\Users\user\.stmcufinder\plugins\mcufinder//mcu/cs/
2024-04-29 14:29:24,022 [INFO] RulesReader:64 - Compatibility file has been processed (297 Rules)
2024-04-29 14:29:24,075 [INFO] DbMcusXml:78 - Set database path to: C:\ST\STM32CubeIDE_1.12.0\STM32CubeIDE\plugins\com.st.stm32cube.common.mx_6.11.0.202403141607\\db\/mcu/
2024-04-29 14:29:24,075 [INFO] ApiDb:274 - Set plugin database path to: C:\ST\STM32CubeIDE_1.12.0\STM32CubeIDE\plugins\com.st.stm32cube.common.mx_6.11.0.202403141607\\db\/plugins/boardmanager/
2024-04-29 14:29:24,075 [INFO] ApiDb:261 - Set plugin images path to: C:\ST\STM32CubeIDE_1.12.0\STM32CubeIDE\plugins\com.st.stm32cube.common.mx_6.11.0.202403141607\\db\/plugins/mcufinder/images/
2024-04-29 14:29:24,076 [WARN] DbFile:41 - Overriding database path with different value: C:\Users\user\.stmcufinder\plugins\mcufinder/ => C:\Users\user\.stmcufinder\plugins\mcufinder
2024-04-29 14:29:24,076 [INFO] ApiDb:250 - Set database path to: C:\Users\user\.stmcufinder\plugins\mcufinder//mcu/
2024-04-29 14:29:24,076 [WARN] DbFile:41 - Overriding database path with different value: C:\Users\user\.stmcufinder\plugins\mcufinder/ => C:\Users\user\.stmcufinder\plugins\mcufinder
2024-04-29 14:29:24,076 [INFO] DbMcusAds:125 - Set database path to: C:\Users\user\.stmcufinder\plugins\mcufinder//mcu/
2024-04-29 14:29:24,076 [WARN] DbFile:41 - Overriding database path with different value: C:\Users\user\.stmcufinder\plugins\mcufinder/ => C:\Users\user\.stmcufinder\plugins\mcufinder
2024-04-29 14:29:24,076 [WARN] DbFile:41 - Overriding database path with different value: C:\Users\user\.stmcufinder\plugins\mcufinder/ => C:\Users\user\.stmcufinder\plugins\mcufinder
2024-04-29 14:29:24,076 [INFO] CrossReferenceDbSqlite:203 - Set database path to: C:\Users\user\.stmcufinder\plugins\mcufinder//mcu/cs/
2024-04-29 14:29:24,152 [INFO] MainPanel:264 - HeapMemory: 268435456
2024-04-29 14:29:24,258 [INFO] DbMcusXml:78 - Set database path to: C:\ST\STM32CubeIDE_1.12.0\STM32CubeIDE\plugins\com.st.stm32cube.common.mx_6.11.0.202403141607\\db\/mcu/
2024-04-29 14:29:24,258 [INFO] ApiDb:274 - Set plugin database path to: C:\ST\STM32CubeIDE_1.12.0\STM32CubeIDE\plugins\com.st.stm32cube.common.mx_6.11.0.202403141607\\db\/plugins/boardmanager/
2024-04-29 14:29:24,258 [INFO] ApiDb:261 - Set plugin images path to: C:\ST\STM32CubeIDE_1.12.0\STM32CubeIDE\plugins\com.st.stm32cube.common.mx_6.11.0.202403141607\\db\/plugins/mcufinder/images/
2024-04-29 14:29:24,259 [WARN] DbFile:41 - Overriding database path with different value: C:\Users\user\.stmcufinder\plugins\mcufinder/ => C:\Users\user\.stmcufinder\plugins\mcufinder
2024-04-29 14:29:24,259 [INFO] ApiDb:250 - Set database path to: C:\Users\user\.stmcufinder\plugins\mcufinder//mcu/
2024-04-29 14:29:24,259 [WARN] DbFile:41 - Overriding database path with different value: C:\Users\user\.stmcufinder\plugins\mcufinder/ => C:\Users\user\.stmcufinder\plugins\mcufinder
2024-04-29 14:29:24,259 [INFO] DbMcusAds:125 - Set database path to: C:\Users\user\.stmcufinder\plugins\mcufinder//mcu/
2024-04-29 14:29:24,259 [WARN] DbFile:41 - Overriding database path with different value: C:\Users\user\.stmcufinder\plugins\mcufinder/ => C:\Users\user\.stmcufinder\plugins\mcufinder
2024-04-29 14:29:24,259 [WARN] DbFile:41 - Overriding database path with different value: C:\Users\user\.stmcufinder\plugins\mcufinder/ => C:\Users\user\.stmcufinder\plugins\mcufinder
2024-04-29 14:29:24,259 [INFO] CrossReferenceDbSqlite:203 - Set database path to: C:\Users\user\.stmcufinder\plugins\mcufinder//mcu/cs/
2024-04-29 14:29:24,276 [INFO] ApplicationProperties:184 - Using Application install path: C:\ST\STM32CubeIDE_1.12.0\STM32CubeIDE\plugins\com.st.stm32cube.common.mx_6.11.0.202403141607
2024-04-29 14:29:24,278 [INFO] PluginManage:196 - Search for loadable plugins [exclusion list=, ]
2024-04-29 14:29:24,279 [INFO] PluginManage:310 - Check plugin analytics
2024-04-29 14:29:24,520 [INFO] AnalyticsPlugin:253 - Accepted Software Licenses: STM32CubeMX.6.10.0,STM32CubeMX.6.11.0
2024-04-29 14:29:24,520 [INFO] AnalyticsPlugin:255 - Accepted CMSIS Pack Licenses: STMicroelectronics.X-CUBE-TOUCHGFX.4.23.2,STMicroelectronics.X-CUBE-TOF1.3.4.1
2024-04-29 14:29:24,520 [INFO] AnalyticsPlugin:257 - Accepted Firmware Licenses: FW.G0.1.6.0,FW.H7.1.11.0
2024-04-29 14:29:24,522 [INFO] PluginManage:359 - Loaded plugin analytics (category:tool,tabindex:-1)
2024-04-29 14:29:24,523 [INFO] PluginManage:310 - Check plugin cadmodel
2024-04-29 14:29:24,531 [INFO] CADModel:105 - Init CAD model plugin
2024-04-29 14:29:24,532 [INFO] PluginManage:359 - Loaded plugin cadmodel (category:power,tabindex:5)
2024-04-29 14:29:24,532 [INFO] PluginManage:310 - Check plugin clock
2024-04-29 14:29:24,545 [INFO] PluginManage:359 - Loaded plugin clock (category:base,tabindex:2)
2024-04-29 14:29:24,545 [INFO] PluginManage:310 - Check plugin ddr
2024-04-29 14:29:24,549 [INFO] PluginManage:359 - Loaded plugin ddr (category:tool,tabindex:6)
2024-04-29 14:29:24,549 [INFO] PluginManage:310 - Check plugin filemanager
2024-04-29 14:29:24,727 [INFO] PluginManage:359 - Loaded plugin filemanager (category:base,tabindex:10)
2024-04-29 14:29:24,727 [INFO] PluginManage:310 - Check plugin ipmanager
2024-04-29 14:29:24,736 [INFO] PluginManage:359 - Loaded plugin ipmanager (category:base,tabindex:5)
2024-04-29 14:29:24,736 [INFO] PluginManage:310 - Check plugin lpbam
2024-04-29 14:29:24,744 [INFO] PluginManage:359 - Loaded plugin lpbam (category:base,tabindex:0)
2024-04-29 14:29:24,744 [INFO] PluginManage:310 - Check plugin memorymap
2024-04-29 14:29:24,758 [INFO] PluginManage:359 - Loaded plugin memorymap (category:base,tabindex:4)
2024-04-29 14:29:24,758 [INFO] PluginManage:310 - Check plugin pinoutandconfiguration
2024-04-29 14:29:24,765 [INFO] PluginManage:359 - Loaded plugin pinoutandconfiguration (category:base,tabindex:1)
2024-04-29 14:29:24,766 [INFO] PluginManage:310 - Check plugin pinoutconfig
2024-04-29 14:29:24,974 [WARN] SupportedApi:132 - Cannot load RTOS API schema: s4s-elt-must-match.1: The content of 'definitions' must match (annotation?, (simpleType | complexType)?, (unique | key | keyref)*)). A problem was found starting at: attribute.
2024-04-29 14:29:25,133 [INFO] PluginManage:359 - Loaded plugin pinoutconfig (category:base,tabindex:0)
2024-04-29 14:29:25,133 [INFO] PluginManage:310 - Check plugin power
2024-04-29 14:29:25,146 [INFO] PluginManage:359 - Loaded plugin power (category:power,tabindex:4)
2024-04-29 14:29:25,146 [INFO] PluginManage:310 - Check plugin projectmanager
2024-04-29 14:29:25,166 [INFO] PluginManage:359 - Loaded plugin projectmanager (category:projectmanager,tabindex:3)
2024-04-29 14:29:25,166 [INFO] PluginManage:310 - Check plugin thirdparty
2024-04-29 14:29:25,312 [INFO] PluginManage:359 - Loaded plugin thirdparty (category:base,tabindex:-1)
2024-04-29 14:29:25,312 [INFO] PluginManage:310 - Check plugin tools
2024-04-29 14:29:25,313 [WARN] IntegrityCheckThread:84 - waiting for thirdparty lock release [integrity check]
2024-04-29 14:29:25,316 [INFO] PluginManage:359 - Loaded plugin tools (category:base,tabindex:7)
2024-04-29 14:29:25,316 [INFO] PluginManage:310 - Check plugin tutovideos
2024-04-29 14:29:25,316 [INFO] IntegrityCheckThread:86 - entering critical section [integrity check]
2024-04-29 14:29:25,317 [INFO] ThirdPartyUpdaterWithRetryManager:70 - Updater plugin not ready yet. [1/15]
2024-04-29 14:29:25,478 [INFO] PluginManage:359 - Loaded plugin tutovideos (category:base,tabindex:-1)
2024-04-29 14:29:25,478 [INFO] PluginManage:310 - Check plugin updater
2024-04-29 14:29:25,487 [INFO] PluginManage:359 - Loaded plugin updater (category:base,tabindex:12)
2024-04-29 14:29:25,488 [INFO] PluginManage:310 - Check plugin userauth
2024-04-29 14:29:25,493 [INFO] UserAuth:114 - Init User Auth plugin
2024-04-29 14:29:25,493 [INFO] PluginManage:359 - Loaded plugin userauth (category:base,tabindex:14)
2024-04-29 14:29:25,493 [INFO] PluginManage:283 - PluginManage : Loaded plugins [17]
2024-04-29 14:29:25,700 [INFO] PinOutPanel:1561 - setPackage(No Configuration,No Configuration)
2024-04-29 14:29:25,764 [INFO] CADModel:165 - CPN selected for project level
2024-04-29 14:29:25,764 [INFO] CADModel:114 - Register for checkConnection events
2024-04-29 14:29:25,779 [INFO] IPUIPlugin:80 - create IPUIPlugin
2024-04-29 14:29:25,780 [INFO] PluginManager:220 - loadIPPluginJar : add adc
2024-04-29 14:29:25,782 [INFO] IPUIPlugin:80 - create IPUIPlugin
2024-04-29 14:29:25,783 [INFO] PluginManager:220 - loadIPPluginJar : add aes
2024-04-29 14:29:25,784 [INFO] IPUIPlugin:80 - create IPUIPlugin
2024-04-29 14:29:25,784 [INFO] PluginManager:220 - loadIPPluginJar : add can
2024-04-29 14:29:25,787 [INFO] IPUIPlugin:80 - create IPUIPlugin
2024-04-29 14:29:25,787 [INFO] PluginManager:220 - loadIPPluginJar : add comp
2024-04-29 14:29:25,789 [INFO] IPUIPlugin:80 - create IPUIPlugin
2024-04-29 14:29:25,790 [INFO] PluginManager:220 - loadIPPluginJar : add cryp
2024-04-29 14:29:25,791 [INFO] IPUIPlugin:80 - create IPUIPlugin
2024-04-29 14:29:25,792 [INFO] PluginManager:220 - loadIPPluginJar : add dfsdm
2024-04-29 14:29:25,796 [INFO] IPUIPlugin:80 - create IPUIPlugin
2024-04-29 14:29:25,796 [INFO] PluginManager:220 - loadIPPluginJar : add dma
2024-04-29 14:29:25,798 [INFO] IPUIPlugin:80 - create IPUIPlugin
2024-04-29 14:29:25,798 [INFO] PluginManager:220 - loadIPPluginJar : add dma3
2024-04-29 14:29:25,800 [INFO] IPUIPlugin:80 - create IPUIPlugin
2024-04-29 14:29:25,800 [INFO] PluginManager:220 - loadIPPluginJar : add extmemmanager
2024-04-29 14:29:25,801 [INFO] IPUIPlugin:80 - create IPUIPlugin
2024-04-29 14:29:25,801 [INFO] PluginManager:220 - loadIPPluginJar : add fatfs
2024-04-29 14:29:25,806 [INFO] IPUIPlugin:80 - create IPUIPlugin
2024-04-29 14:29:25,806 [INFO] PluginManager:220 - loadIPPluginJar : add fmc
2024-04-29 14:29:25,810 [INFO] IPUIPlugin:80 - create IPUIPlugin
2024-04-29 14:29:25,810 [INFO] PluginManager:220 - loadIPPluginJar : add freertos
2024-04-29 14:29:25,811 [INFO] IPUIPlugin:80 - create IPUIPlugin
2024-04-29 14:29:25,811 [INFO] PluginManager:220 - loadIPPluginJar : add genericplugin
2024-04-29 14:29:25,813 [INFO] IPUIPlugin:80 - create IPUIPlugin
2024-04-29 14:29:25,813 [INFO] PluginManager:220 - loadIPPluginJar : add gfxmmu
2024-04-29 14:29:25,816 [INFO] IPUIPlugin:80 - create IPUIPlugin
2024-04-29 14:29:25,816 [INFO] PluginManager:220 - loadIPPluginJar : add gic
2024-04-29 14:29:25,818 [INFO] IPUIPlugin:80 - create IPUIPlugin
2024-04-29 14:29:25,818 [INFO] PluginManager:220 - loadIPPluginJar : add gpio
2024-04-29 14:29:25,821 [INFO] IPUIPlugin:80 - create IPUIPlugin
2024-04-29 14:29:25,822 [INFO] PluginManager:220 - loadIPPluginJar : add gtzc
2024-04-29 14:29:25,825 [INFO] IPUIPlugin:80 - create IPUIPlugin
2024-04-29 14:29:25,825 [INFO] PluginManager:220 - loadIPPluginJar : add hash
2024-04-29 14:29:25,828 [INFO] IPUIPlugin:80 - create IPUIPlugin
2024-04-29 14:29:25,828 [INFO] PluginManager:220 - loadIPPluginJar : add i2c
2024-04-29 14:29:25,830 [INFO] IPUIPlugin:80 - create IPUIPlugin
2024-04-29 14:29:25,830 [INFO] PluginManager:220 - loadIPPluginJar : add i2s
2024-04-29 14:29:25,833 [INFO] IPUIPlugin:80 - create IPUIPlugin
2024-04-29 14:29:25,833 [INFO] PluginManager:220 - loadIPPluginJar : add i3c
2024-04-29 14:29:25,837 [INFO] IPUIPlugin:80 - create IPUIPlugin
2024-04-29 14:29:25,837 [INFO] PluginManager:220 - loadIPPluginJar : add ipddr
2024-04-29 14:29:25,846 [INFO] IPUIPlugin:80 - create IPUIPlugin
2024-04-29 14:29:25,846 [INFO] PluginManager:220 - loadIPPluginJar : add linkedlist
2024-04-29 14:29:25,848 [INFO] IPUIPlugin:80 - create IPUIPlugin
2024-04-29 14:29:25,848 [INFO] PluginManager:220 - loadIPPluginJar : add lorawan
2024-04-29 14:29:25,849 [INFO] IPUIPlugin:80 - create IPUIPlugin
2024-04-29 14:29:25,850 [INFO] PluginManager:220 - loadIPPluginJar : add ltdc
2024-04-29 14:29:25,856 [INFO] IPUIPlugin:80 - create IPUIPlugin
2024-04-29 14:29:25,856 [INFO] PluginManager:220 - loadIPPluginJar : add mdma
2024-04-29 14:29:25,859 [INFO] IPUIPlugin:80 - create IPUIPlugin
2024-04-29 14:29:25,859 [INFO] PluginManager:220 - loadIPPluginJar : add nvic
2024-04-29 14:29:25,861 [INFO] IPUIPlugin:80 - create IPUIPlugin
2024-04-29 14:29:25,861 [INFO] PluginManager:220 - loadIPPluginJar : add opamp
2024-04-29 14:29:25,863 [INFO] IPUIPlugin:80 - create IPUIPlugin
2024-04-29 14:29:25,863 [INFO] PluginManager:220 - loadIPPluginJar : add openamp
2024-04-29 14:29:25,865 [INFO] IPUIPlugin:80 - create IPUIPlugin
2024-04-29 14:29:25,865 [INFO] PluginManager:220 - loadIPPluginJar : add pdm2pcm
2024-04-29 14:29:25,868 [INFO] IPUIPlugin:80 - create IPUIPlugin
2024-04-29 14:29:25,871 [INFO] PluginManager:220 - loadIPPluginJar : add plateformsettings
2024-04-29 14:29:25,872 [INFO] IPUIPlugin:80 - create IPUIPlugin
2024-04-29 14:29:25,872 [INFO] PluginManager:220 - loadIPPluginJar : add quadspi
2024-04-29 14:29:25,875 [INFO] IPUIPlugin:80 - create IPUIPlugin
2024-04-29 14:29:25,875 [INFO] PluginManager:220 - loadIPPluginJar : add resmgrutility
2024-04-29 14:29:25,877 [INFO] IPUIPlugin:80 - create IPUIPlugin
2024-04-29 14:29:25,877 [INFO] PluginManager:220 - loadIPPluginJar : add sai
2024-04-29 14:29:25,880 [INFO] IPUIPlugin:80 - create IPUIPlugin
2024-04-29 14:29:25,880 [INFO] PluginManager:220 - loadIPPluginJar : add spi
2024-04-29 14:29:25,883 [INFO] IPUIPlugin:80 - create IPUIPlugin
2024-04-29 14:29:25,883 [INFO] PluginManager:220 - loadIPPluginJar : add stm32_wpan
2024-04-29 14:29:25,884 [INFO] IPUIPlugin:80 - create IPUIPlugin
2024-04-29 14:29:25,884 [INFO] PluginManager:220 - loadIPPluginJar : add tim
2024-04-29 14:29:25,886 [INFO] IPUIPlugin:80 - create IPUIPlugin
2024-04-29 14:29:25,886 [INFO] PluginManager:220 - loadIPPluginJar : add touchsensing
2024-04-29 14:29:25,889 [INFO] IPUIPlugin:80 - create IPUIPlugin
2024-04-29 14:29:25,889 [INFO] PluginManager:220 - loadIPPluginJar : add tracer_emb
2024-04-29 14:29:25,891 [INFO] IPUIPlugin:80 - create IPUIPlugin
2024-04-29 14:29:25,891 [INFO] PluginManager:220 - loadIPPluginJar : add ts
2024-04-29 14:29:25,892 [INFO] IPUIPlugin:80 - create IPUIPlugin
2024-04-29 14:29:25,892 [INFO] PluginManager:220 - loadIPPluginJar : add tsc
2024-04-29 14:29:25,893 [INFO] IPUIPlugin:80 - create IPUIPlugin
2024-04-29 14:29:25,894 [INFO] PluginManager:220 - loadIPPluginJar : add ucpd
2024-04-29 14:29:25,896 [INFO] IPUIPlugin:80 - create IPUIPlugin
2024-04-29 14:29:25,897 [INFO] PluginManager:220 - loadIPPluginJar : add usart
2024-04-29 14:29:25,899 [INFO] IPUIPlugin:80 - create IPUIPlugin
2024-04-29 14:29:25,899 [INFO] PluginManager:220 - loadIPPluginJar : add usbx
2024-04-29 14:29:26,024 [INFO] CADModel:165 - CPN selected for project level
2024-04-29 14:29:26,024 [INFO] CADModel:114 - Register for checkConnection events
2024-04-29 14:29:26,024 [FATAL] Updater:308 - Updater called before beeing initialized
2024-04-29 14:29:26,024 [ERROR] CADModel:125 - Updater not yet initialized, retry later 
2024-04-29 14:29:26,162 [INFO] CADModel:165 - CPN selected for project level
2024-04-29 14:29:26,162 [INFO] CADModel:114 - Register for checkConnection events
2024-04-29 14:29:26,162 [FATAL] Updater:308 - Updater called before beeing initialized
2024-04-29 14:29:26,162 [ERROR] CADModel:125 - Updater not yet initialized, retry later 
2024-04-29 14:29:26,165 [FATAL] Updater:308 - Updater called before beeing initialized
2024-04-29 14:29:26,269 [FATAL] Updater:308 - Updater called before beeing initialized
2024-04-29 14:29:26,274 [INFO] DbMcusAds:53 - JSON generation date=Wed Nov 29 17:52:27 ICT 2023 (1701255147349)
2024-04-29 14:29:26,274 [FATAL] Updater:308 - Updater called before beeing initialized
2024-04-29 14:29:26,303 [WARN] DetailPanel:346 - Failed to get advertising image, set to default
2024-04-29 14:29:26,368 [FATAL] Updater:308 - Updater called before beeing initialized
2024-04-29 14:29:26,370 [FATAL] Updater:308 - Updater called before beeing initialized
2024-04-29 14:29:26,370 [FATAL] Updater:308 - Updater called before beeing initialized
2024-04-29 14:29:26,370 [WARN] DetailPanel:346 - Failed to get advertising image, set to default
2024-04-29 14:29:26,370 [FATAL] Updater:308 - Updater called before beeing initialized
2024-04-29 14:29:26,416 [ERROR] Updater:1120 - MainUpdater not yet initialized. External WinMGr cannot be set.
2024-04-29 14:29:26,418 [INFO] Updater:1056 - Updater Version found : 6.11.0
2024-04-29 14:29:26,436 [INFO] ApplicationProperties:184 - Using Application install path: C:\ST\STM32CubeIDE_1.12.0\STM32CubeIDE\plugins\com.st.stm32cube.common.mx_6.11.0.202403141607
2024-04-29 14:29:27,020 [INFO] MainUpdater:2873 - connection check result : 10
2024-04-29 14:29:27,020 [INFO] MainUpdater:290 - Updater Check For Update Now.
2024-04-29 14:29:27,020 [INFO] MicroXplorer:498 - Change Database Version : DB.6.0.110
2024-04-29 14:29:27,029 [INFO] McuFinderGlobals:63 - Set McuFinder mode to 2 (CubeIDE integrated)
2024-04-29 14:29:27,037 [INFO] UserAuth:415 - Internet connection configuration mode: 1
2024-04-29 14:29:27,054 [INFO] JxBrowserEngine:152 - Initiate JxBrowser Engine with user profile folder
2024-04-29 14:29:27,299 [INFO] CheckServerUpdateThread:120 - End of CheckServer Thread
2024-04-29 14:29:27,747 [INFO] WebApp:161 - Instantiating new browser for Auth
2024-04-29 14:29:28,332 [INFO] WebApp:779 - Register for checkConnection events
2024-04-29 14:29:28,333 [INFO] WebApp:414 - Apply proxy settings
2024-04-29 14:29:28,333 [INFO] WebApp:499 - Chromium requires no authentication
2024-04-29 14:29:28,343 [INFO] WebApp:442 - Direct internet connection detected
2024-04-29 14:29:28,517 [WARN] PackLoader:240 - Cannot read IP mode file for STMicroelectronics.FP-SNS-MOTENVWB1.1.4.0
2024-04-29 14:29:28,531 [WARN] PackLoader:240 - Cannot read IP mode file for STMicroelectronics.X-CUBE-SMBUS.2.1.0
2024-04-29 14:29:28,540 [WARN] PackLoader:240 - Cannot read IP mode file for STMicroelectronics.X-CUBE-TOUCHGFX.4.23.1
2024-04-29 14:29:28,547 [WARN] PackLoader:240 - Cannot read IP mode file for STMicroelectronics.X-CUBE-TOUCHGFX.4.23.0
2024-04-29 14:29:28,682 [WARN] PackLoader:240 - Cannot read IP mode file for STMicroelectronics.X-CUBE-TOUCHGFX.4.23.2
2024-04-29 14:29:28,767 [WARN] PackLoader:240 - Cannot read IP mode file for STMicroelectronics.X-CUBE-AZRTOS-F7.1.1.0
2024-04-29 14:29:28,791 [WARN] PackLoader:240 - Cannot read IP mode file for STMicroelectronics.FP-SNS-MOTENV1.4.3.2
2024-04-29 14:29:28,801 [WARN] PackLoader:240 - Cannot read IP mode file for STMicroelectronics.FP-SNS-FLIGHT1.5.0.2
2024-04-29 14:29:28,812 [WARN] PackLoader:240 - Cannot read IP mode file for STMicroelectronics.X-CUBE-DISPLAY.3.0.0
2024-04-29 14:29:28,827 [WARN] PackLoader:240 - Cannot read IP mode file for STMicroelectronics.X-CUBE-BLE1.7.0.0
2024-04-29 14:29:28,834 [WARN] PackLoader:240 - Cannot read IP mode file for emotas.I-CUBE-CANOPEN.1.3.0
2024-04-29 14:29:28,905 [WARN] PackLoader:240 - Cannot read IP mode file for STMicroelectronics.X-CUBE-TOUCHGFX.4.22.0
2024-04-29 14:29:28,918 [INFO] WebApp:192 - Starting web application
2024-04-29 14:29:28,918 [INFO] WebApp:544 - Web application path used C:\ST\STM32CubeIDE_1.12.0\STM32CubeIDE\plugins\com.st.stm32cube.common.mx_6.11.0.202403141607\db\plugins\mcufinder\reactClient1\index.html
2024-04-29 14:29:28,947 [WARN] PackLoader:240 - Cannot read IP mode file for STMicroelectronics.X-CUBE-TOUCHGFX.4.22.1
2024-04-29 14:29:28,999 [WARN] PackLoader:240 - Cannot read IP mode file for STMicroelectronics.X-CUBE-BLEMGR.3.1.0
2024-04-29 14:29:29,011 [WARN] PackLoader:240 - Cannot read IP mode file for STMicroelectronics.FP-SNS-SMARTAG2.1.2.0
2024-04-29 14:29:29,026 [INFO] LogOutputStream:77 - [STDOUT_REDIRECT] 1 : Invalid condition id : UX_CORESTACK_Condition cause : null
2024-04-29 14:29:29,028 [INFO] LogOutputStream:77 - [STDOUT_REDIRECT] 1 : Invalid condition id : UX_CORESTACK_Condition cause : null
2024-04-29 14:29:29,029 [INFO] LogOutputStream:77 - [STDOUT_REDIRECT] 1 : Invalid condition id : UX_CORESTACK_Condition cause : null
2024-04-29 14:29:29,030 [INFO] LogOutputStream:77 - [STDOUT_REDIRECT] 1 : Invalid condition id : UX_CORESTACK_Condition cause : null
2024-04-29 14:29:29,031 [INFO] LogOutputStream:77 - [STDOUT_REDIRECT] 1 : Invalid condition id : UX_CORESTACK_Condition cause : null
2024-04-29 14:29:29,037 [WARN] PackLoader:240 - Cannot read IP mode file for STMicroelectronics.X-CUBE-AZRTOS-WL.2.0.0
2024-04-29 14:29:29,043 [WARN] PackLoader:240 - Cannot read IP mode file for STMicroelectronics.FP-SNS-MOTENV1.5.0.0
2024-04-29 14:29:29,060 [WARN] PackLoader:240 - Cannot read IP mode file for WES.I-CUBE-Cesium.1.3.0
2024-04-29 14:29:29,065 [WARN] PackLoader:240 - Cannot read IP mode file for STMicroelectronics.X-CUBE-BLE2.3.3.0
2024-04-29 14:29:29,069 [WARN] PackLoader:240 - Cannot read IP mode file for STMicroelectronics.X-CUBE-TOUCHGFX.4.18.0
2024-04-29 14:29:29,117 [WARN] PackLoader:240 - Cannot read IP mode file for STMicroelectronics.X-CUBE-TCPP.4.1.0
2024-04-29 14:29:29,128 [WARN] PackLoader:240 - Cannot read IP mode file for STMicroelectronics.X-CUBE-TOUCHGFX.4.21.1
2024-04-29 14:29:29,167 [WARN] PackLoader:240 - Cannot read IP mode file for STMicroelectronics.X-CUBE-TOUCHGFX.4.21.0
2024-04-29 14:29:29,195 [WARN] PackLoader:240 - Cannot read IP mode file for STMicroelectronics.X-CUBE-TOUCHGFX.4.21.4
2024-04-29 14:29:29,223 [WARN] PackLoader:240 - Cannot read IP mode file for STMicroelectronics.X-CUBE-ALGOBUILD.1.3.0
2024-04-29 14:29:29,246 [WARN] PackLoader:240 - Cannot read IP mode file for STMicroelectronics.X-CUBE-AZRTOS-G0.1.1.0
2024-04-29 14:29:29,263 [WARN] PackLoader:240 - Cannot read IP mode file for STMicroelectronics.X-CUBE-SAFEA1.1.2.2
2024-04-29 14:29:29,273 [WARN] PackLoader:240 - Cannot read IP mode file for STMicroelectronics.X-CUBE-NFC4.3.0.0
2024-04-29 14:29:29,284 [WARN] PackLoader:240 - Cannot read IP mode file for STMicroelectronics.X-CUBE-BLEMGR.3.0.0
2024-04-29 14:29:29,291 [WARN] PackLoader:240 - Cannot read IP mode file for STMicroelectronics.FP-ATR-SIGFOX1.3.2.0
2024-04-29 14:29:29,299 [WARN] PackLoader:240 - Cannot read IP mode file for STMicroelectronics.X-CUBE-EEPRMA1.5.1.0
2024-04-29 14:29:29,346 [WARN] PackLoader:240 - Cannot read IP mode file for SEGGER.I-CUBE-embOS.1.3.1
2024-04-29 14:29:29,413 [WARN] PackLoader:240 - Cannot read IP mode file for STMicroelectronics.X-CUBE-GNSS1.6.0.0
2024-04-29 14:29:29,446 [WARN] PackLoader:240 - Cannot read IP mode file for STMicroelectronics.X-CUBE-AZRTOS-F4.1.1.0
2024-04-29 14:29:29,456 [WARN] PackLoader:240 - Cannot read IP mode file for STMicroelectronics.X-CUBE-FREERTOS.1.2.0
2024-04-29 14:29:29,461 [WARN] PackLoader:240 - Cannot read IP mode file for wolfSSL.I-CUBE-wolfSSL.5.6.6
2024-04-29 14:29:29,476 [WARN] PackLoader:240 - Cannot read IP mode file for STMicroelectronics.X-CUBE-AZRTOS-L5.2.0.0
2024-04-29 14:29:29,483 [WARN] PackLoader:240 - Cannot read IP mode file for STMicroelectronics.X-CUBE-EEPRMA1.4.2.0
2024-04-29 14:29:29,492 [WARN] PackLoader:240 - Cannot read IP mode file for STMicroelectronics.X-CUBE-NFC6.3.1.0
2024-04-29 14:29:29,502 [WARN] PackLoader:240 - Cannot read IP mode file for ITTIA_DB.I-CUBE-ITTIADB.8.8.0
2024-04-29 14:29:29,529 [WARN] PackLoader:240 - Cannot read IP mode file for emotas.I-CUBE-CANOPEN.1.1.3
2024-04-29 14:29:29,562 [WARN] PackLoader:240 - Cannot read IP mode file for STMicroelectronics.X-CUBE-AI.9.0.0
2024-04-29 14:29:29,578 [WARN] ConditionMgr:438 - getConditionDescription Invalid condition id : UX DEVICE CLASS RTOS Condition cause : null
2024-04-29 14:29:29,578 [WARN] ConditionMgr:438 - getConditionDescription Invalid condition id : UX DEVICE CLASS RTOS Condition cause : null
2024-04-29 14:29:29,581 [WARN] PackLoader:240 - Cannot read IP mode file for STMicroelectronics.X-CUBE-AZRTOS-H7.3.1.0
2024-04-29 14:29:29,582 [WARN] ConditionMgr:1039 - genDependencies : Invalid condition id : UX DEVICE CLASS RTOS Condition cause : null
2024-04-29 14:29:29,582 [WARN] ConditionMgr:1039 - genDependencies : Invalid condition id : UX DEVICE CLASS RTOS Condition cause : null
2024-04-29 14:29:29,583 [WARN] ConditionMgr:1039 - genDependencies : Invalid condition id : UX DEVICE CLASS RTOS Condition cause : null
2024-04-29 14:29:29,583 [WARN] ConditionMgr:1039 - genDependencies : Invalid condition id : UX DEVICE CLASS RTOS Condition cause : null
2024-04-29 14:29:29,583 [WARN] ConditionMgr:1039 - genDependencies : Invalid condition id : UX DEVICE CLASS RTOS Condition cause : null
2024-04-29 14:29:29,589 [WARN] ConditionMgr:438 - getConditionDescription Invalid condition id : UX DEVICE CLASS RTOS Condition cause : null
2024-04-29 14:29:29,590 [WARN] ConditionMgr:438 - getConditionDescription Invalid condition id : UX DEVICE CLASS RTOS Condition cause : null
2024-04-29 14:29:29,717 [WARN] PackLoader:240 - Cannot read IP mode file for STMicroelectronics.X-CUBE-NFC7.1.0.1
2024-04-29 14:29:29,726 [WARN] PackLoader:240 - Cannot read IP mode file for STMicroelectronics.X-CUBE-NFC6.3.0.0
2024-04-29 14:29:29,731 [WARN] PackLoader:240 - Cannot read IP mode file for STMicroelectronics.X-CUBE-AI.8.1.0
2024-04-29 14:29:29,748 [WARN] ConditionMgr:438 - getConditionDescription Invalid condition id : LAN8742 Phy interface Condition cause : null
2024-04-29 14:29:29,748 [WARN] PackLoader:240 - Cannot read IP mode file for STMicroelectronics.X-CUBE-AZRTOS-L4.2.0.0
2024-04-29 14:29:29,749 [WARN] ConditionMgr:1039 - genDependencies : Invalid condition id : LAN8742 Phy interface Condition cause : null
2024-04-29 14:29:29,749 [WARN] ConditionMgr:1039 - genDependencies : Invalid condition id : LAN8742 Phy interface Condition cause : null
2024-04-29 14:29:29,750 [WARN] ConditionMgr:1039 - genDependencies : Invalid condition id : LAN8742 Phy interface Condition cause : null
2024-04-29 14:29:29,758 [WARN] PackLoader:240 - Cannot read IP mode file for STMicroelectronics.X-CUBE-SFXS2LP1.4.0.0
2024-04-29 14:29:29,771 [WARN] ConditionMgr:438 - getConditionDescription Invalid condition id : UX DEVICE CLASS RTOS Condition cause : null
2024-04-29 14:29:29,771 [WARN] ConditionMgr:438 - getConditionDescription Invalid condition id : UX DEVICE CLASS RTOS Condition cause : null
2024-04-29 14:29:29,773 [WARN] PackLoader:240 - Cannot read IP mode file for STMicroelectronics.X-CUBE-AZRTOS-WB.2.0.0
2024-04-29 14:29:29,773 [WARN] ConditionMgr:1039 - genDependencies : Invalid condition id : UX DEVICE CLASS RTOS Condition cause : null
2024-04-29 14:29:29,773 [WARN] ConditionMgr:1039 - genDependencies : Invalid condition id : UX DEVICE CLASS RTOS Condition cause : null
2024-04-29 14:29:29,775 [WARN] ConditionMgr:1039 - genDependencies : Invalid condition id : UX DEVICE CLASS RTOS Condition cause : null
2024-04-29 14:29:29,775 [WARN] ConditionMgr:1039 - genDependencies : Invalid condition id : UX DEVICE CLASS RTOS Condition cause : null
2024-04-29 14:29:29,775 [WARN] ConditionMgr:1039 - genDependencies : Invalid condition id : UX DEVICE CLASS RTOS Condition cause : null
2024-04-29 14:29:29,785 [WARN] PackLoader:240 - Cannot read IP mode file for STMicroelectronics.X-CUBE-SUBG2.5.0.0
2024-04-29 14:29:29,799 [WARN] PackLoader:240 - Cannot read IP mode file for STMicroelectronics.X-CUBE-TOF1.3.3.1
2024-04-29 14:29:29,887 [WARN] PackLoader:240 - Cannot read IP mode file for STMicroelectronics.X-CUBE-AZRTOS-G4.2.0.0
2024-04-29 14:29:29,896 [WARN] PackLoader:240 - Cannot read IP mode file for STMicroelectronics.X-CUBE-TOF1.3.3.0
2024-04-29 14:29:29,961 [WARN] PackLoader:240 - Cannot read IP mode file for Infineon.AIROC-Wi-Fi-Bluetooth-STM32.1.5.1
2024-04-29 14:29:30,017 [WARN] PackLoader:240 - Cannot read IP mode file for STMicroelectronics.FP-SNS-MOTENVWB1.1.3.1
2024-04-29 14:29:30,023 [WARN] PackLoader:240 - Cannot read IP mode file for STMicroelectronics.X-CUBE-ISPU.2.0.0
2024-04-29 14:29:30,062 [WARN] PackLoader:240 - Cannot read IP mode file for STMicroelectronics.X-CUBE-MEMS1.10.0.0
2024-04-29 14:29:30,190 [WARN] PackLoader:240 - Cannot read IP mode file for STMicroelectronics.X-CUBE-FREERTOS.1.1.0
2024-04-29 14:29:30,203 [WARN] PackLoader:240 - Cannot read IP mode file for portGmbH.I-Cube-SoM-uGOAL.1.1.0
2024-04-29 14:29:30,207 [WARN] PackLoader:240 - Cannot read IP mode file for STMicroelectronics.X-CUBE-ALS.1.0.1
2024-04-29 14:29:30,221 [WARN] PackLoader:240 - Cannot read IP mode file for STMicroelectronics.X-CUBE-AZRTOS-H7RS.1.0.0
2024-04-29 14:29:30,228 [WARN] PackLoader:240 - Cannot read IP mode file for STMicroelectronics.FP-ATR-ASTRA1.2.0.0
2024-04-29 14:29:30,238 [WARN] PackLoader:240 - Cannot read IP mode file for STMicroelectronics.X-CUBE-TOF1.3.4.0
2024-04-29 14:29:30,311 [WARN] PackLoader:240 - Cannot read IP mode file for STMicroelectronics.X-CUBE-TOF1.3.4.1
2024-04-29 14:29:30,374 [WARN] PackLoader:240 - Cannot read IP mode file for STMicroelectronics.X-CUBE-AZRTOS-H7.3.2.0
2024-04-29 14:29:30,731 [INFO] ThirdParty:978 - Integrity check success = true
2024-04-29 14:29:30,731 [INFO] IntegrityCheckThread:100 - exiting critical section [integrity check]
2024-04-29 14:29:30,731 [INFO] IntegrityCheckThread:103 - End integrity checks thread
2024-04-29 17:36:07,266 [ERROR] LogOutputStream:75 - [STDERR_REDIRECT] 
2024-04-29 17:36:07,266 [ERROR] LogOutputStream:75 - [STDERR_REDIRECT] 
