2024-08-15 09:05:53,321 [INFO] Activator:176 - 


2024-08-15 09:05:53,328 [INFO] Activator:177 - !SESSION log4j initialized
2024-08-15 09:06:00,145 [INFO] LogOutputStream:77 - [STDOUT_REDIRECT] 
2024-08-15 09:06:01,831 [INFO] ApplicationProperties:184 - Using Application install path: C:\ST\STM32CubeIDE_1.16.0\STM32CubeIDE\plugins\com.st.stm32cube.common.mx_6.12.0.202406281431
2024-08-15 09:06:01,851 [INFO] DbMcusXml:78 - Set database path to: C:\ST\STM32CubeIDE_1.16.0\STM32CubeIDE\plugins\com.st.stm32cube.common.mx_6.12.0.202406281431\\db\/mcu/
2024-08-15 09:06:01,852 [INFO] ApiDb:274 - Set plugin database path to: C:\ST\STM32CubeIDE_1.16.0\STM32CubeIDE\plugins\com.st.stm32cube.common.mx_6.12.0.202406281431\\db\/plugins/boardmanager/
2024-08-15 09:06:01,852 [WARN] ApiDb:259 - Overriding images path with different value:  => C:\ST\STM32CubeIDE_1.16.0\STM32CubeIDE\plugins\com.st.stm32cube.common.mx_6.12.0.202406281431\\db\/plugins/mcufinder/images/
2024-08-15 09:06:01,861 [INFO] ApiDb:250 - Set database path to: C:\Users\user\.stmcufinder\plugins\mcufinder//mcu/
2024-08-15 09:06:01,862 [INFO] DbMcusAds:125 - Set database path to: C:\Users\user\.stmcufinder\plugins\mcufinder//mcu/
2024-08-15 09:06:01,863 [INFO] CrossReferenceDbSqlite:203 - Set database path to: C:\Users\user\.stmcufinder\plugins\mcufinder//mcu/cs/
2024-08-15 09:06:01,968 [INFO] RulesReader:64 - Compatibility file has been processed (297 Rules)
2024-08-15 09:06:02,038 [INFO] DbMcusXml:78 - Set database path to: C:\ST\STM32CubeIDE_1.16.0\STM32CubeIDE\plugins\com.st.stm32cube.common.mx_6.12.0.202406281431\\db\/mcu/
2024-08-15 09:06:02,039 [INFO] ApiDb:274 - Set plugin database path to: C:\ST\STM32CubeIDE_1.16.0\STM32CubeIDE\plugins\com.st.stm32cube.common.mx_6.12.0.202406281431\\db\/plugins/boardmanager/
2024-08-15 09:06:02,039 [INFO] ApiDb:261 - Set plugin images path to: C:\ST\STM32CubeIDE_1.16.0\STM32CubeIDE\plugins\com.st.stm32cube.common.mx_6.12.0.202406281431\\db\/plugins/mcufinder/images/
2024-08-15 09:06:02,039 [WARN] DbFile:41 - Overriding database path with different value: C:\Users\user\.stmcufinder\plugins\mcufinder/ => C:\Users\user\.stmcufinder\plugins\mcufinder
2024-08-15 09:06:02,039 [INFO] ApiDb:250 - Set database path to: C:\Users\user\.stmcufinder\plugins\mcufinder//mcu/
2024-08-15 09:06:02,039 [WARN] DbFile:41 - Overriding database path with different value: C:\Users\user\.stmcufinder\plugins\mcufinder/ => C:\Users\user\.stmcufinder\plugins\mcufinder
2024-08-15 09:06:02,039 [INFO] DbMcusAds:125 - Set database path to: C:\Users\user\.stmcufinder\plugins\mcufinder//mcu/
2024-08-15 09:06:02,039 [WARN] DbFile:41 - Overriding database path with different value: C:\Users\user\.stmcufinder\plugins\mcufinder/ => C:\Users\user\.stmcufinder\plugins\mcufinder
2024-08-15 09:06:02,039 [WARN] DbFile:41 - Overriding database path with different value: C:\Users\user\.stmcufinder\plugins\mcufinder/ => C:\Users\user\.stmcufinder\plugins\mcufinder
2024-08-15 09:06:02,039 [INFO] CrossReferenceDbSqlite:203 - Set database path to: C:\Users\user\.stmcufinder\plugins\mcufinder//mcu/cs/
2024-08-15 09:06:02,123 [INFO] MainPanel:268 - HeapMemory: 268435456
2024-08-15 09:06:02,237 [INFO] DbMcusXml:78 - Set database path to: C:\ST\STM32CubeIDE_1.16.0\STM32CubeIDE\plugins\com.st.stm32cube.common.mx_6.12.0.202406281431\\db\/mcu/
2024-08-15 09:06:02,237 [INFO] ApiDb:274 - Set plugin database path to: C:\ST\STM32CubeIDE_1.16.0\STM32CubeIDE\plugins\com.st.stm32cube.common.mx_6.12.0.202406281431\\db\/plugins/boardmanager/
2024-08-15 09:06:02,237 [INFO] ApiDb:261 - Set plugin images path to: C:\ST\STM32CubeIDE_1.16.0\STM32CubeIDE\plugins\com.st.stm32cube.common.mx_6.12.0.202406281431\\db\/plugins/mcufinder/images/
2024-08-15 09:06:02,238 [WARN] DbFile:41 - Overriding database path with different value: C:\Users\user\.stmcufinder\plugins\mcufinder/ => C:\Users\user\.stmcufinder\plugins\mcufinder
2024-08-15 09:06:02,238 [INFO] ApiDb:250 - Set database path to: C:\Users\user\.stmcufinder\plugins\mcufinder//mcu/
2024-08-15 09:06:02,238 [WARN] DbFile:41 - Overriding database path with different value: C:\Users\user\.stmcufinder\plugins\mcufinder/ => C:\Users\user\.stmcufinder\plugins\mcufinder
2024-08-15 09:06:02,238 [INFO] DbMcusAds:125 - Set database path to: C:\Users\user\.stmcufinder\plugins\mcufinder//mcu/
2024-08-15 09:06:02,238 [WARN] DbFile:41 - Overriding database path with different value: C:\Users\user\.stmcufinder\plugins\mcufinder/ => C:\Users\user\.stmcufinder\plugins\mcufinder
2024-08-15 09:06:02,238 [WARN] DbFile:41 - Overriding database path with different value: C:\Users\user\.stmcufinder\plugins\mcufinder/ => C:\Users\user\.stmcufinder\plugins\mcufinder
2024-08-15 09:06:02,238 [INFO] CrossReferenceDbSqlite:203 - Set database path to: C:\Users\user\.stmcufinder\plugins\mcufinder//mcu/cs/
2024-08-15 09:06:02,253 [INFO] ApplicationProperties:184 - Using Application install path: C:\ST\STM32CubeIDE_1.16.0\STM32CubeIDE\plugins\com.st.stm32cube.common.mx_6.12.0.202406281431
2024-08-15 09:06:02,254 [INFO] PluginManage:196 - Search for loadable plugins [exclusion list=, ]
2024-08-15 09:06:02,255 [INFO] PluginManage:310 - Check plugin analytics
2024-08-15 09:06:02,458 [INFO] AnalyticsPlugin:253 - Accepted Software Licenses: STM32CubeMX.6.10.0,STM32CubeMX.6.11.0,STM32CubeMX.6.11.1,STM32CubeMX.6.12.0
2024-08-15 09:06:02,459 [INFO] AnalyticsPlugin:255 - Accepted CMSIS Pack Licenses: STMicroelectronics.X-CUBE-TOUCHGFX.4.23.2,STMicroelectronics.X-CUBE-TOF1.3.4.1,STMicroelectronics.X-CUBE-TOUCHGFX.4.24.0
2024-08-15 09:06:02,460 [INFO] AnalyticsPlugin:257 - Accepted Firmware Licenses: FW.G0.1.6.0,FW.H7.1.11.0,FW.C0.1.1.0
2024-08-15 09:06:02,463 [INFO] PluginManage:359 - Loaded plugin analytics (category:tool,tabindex:-1)
2024-08-15 09:06:02,464 [INFO] PluginManage:310 - Check plugin cadmodel
2024-08-15 09:06:02,472 [INFO] CADModel:105 - Init CAD model plugin
2024-08-15 09:06:02,473 [INFO] PluginManage:359 - Loaded plugin cadmodel (category:power,tabindex:5)
2024-08-15 09:06:02,473 [INFO] PluginManage:310 - Check plugin clock
2024-08-15 09:06:02,486 [INFO] PluginManage:359 - Loaded plugin clock (category:base,tabindex:2)
2024-08-15 09:06:02,486 [INFO] PluginManage:310 - Check plugin ddr
2024-08-15 09:06:02,488 [INFO] PluginManage:359 - Loaded plugin ddr (category:tool,tabindex:6)
2024-08-15 09:06:02,489 [INFO] PluginManage:310 - Check plugin filemanager
2024-08-15 09:06:02,645 [INFO] PluginManage:359 - Loaded plugin filemanager (category:base,tabindex:10)
2024-08-15 09:06:02,645 [INFO] PluginManage:310 - Check plugin ipmanager
2024-08-15 09:06:02,653 [INFO] PluginManage:359 - Loaded plugin ipmanager (category:base,tabindex:5)
2024-08-15 09:06:02,654 [INFO] PluginManage:310 - Check plugin lpbam
2024-08-15 09:06:02,663 [INFO] PluginManage:359 - Loaded plugin lpbam (category:base,tabindex:0)
2024-08-15 09:06:02,663 [INFO] PluginManage:310 - Check plugin memorymap
2024-08-15 09:06:02,680 [INFO] PluginManage:359 - Loaded plugin memorymap (category:base,tabindex:4)
2024-08-15 09:06:02,680 [INFO] PluginManage:310 - Check plugin pinoutandconfiguration
2024-08-15 09:06:02,692 [INFO] PluginManage:359 - Loaded plugin pinoutandconfiguration (category:base,tabindex:1)
2024-08-15 09:06:02,692 [INFO] PluginManage:310 - Check plugin pinoutconfig
2024-08-15 09:06:02,846 [WARN] SupportedApi:132 - Cannot load RTOS API schema: s4s-elt-must-match.1: The content of 'definitions' must match (annotation?, (simpleType | complexType)?, (unique | key | keyref)*)). A problem was found starting at: attribute.
2024-08-15 09:06:03,008 [INFO] PluginManage:359 - Loaded plugin pinoutconfig (category:base,tabindex:0)
2024-08-15 09:06:03,008 [INFO] PluginManage:310 - Check plugin power
2024-08-15 09:06:03,017 [INFO] PluginManage:359 - Loaded plugin power (category:power,tabindex:4)
2024-08-15 09:06:03,018 [INFO] PluginManage:310 - Check plugin projectmanager
2024-08-15 09:06:03,030 [INFO] PluginManage:359 - Loaded plugin projectmanager (category:projectmanager,tabindex:4)
2024-08-15 09:06:03,030 [INFO] PluginManage:310 - Check plugin rif
2024-08-15 09:06:03,038 [INFO] PluginManage:359 - Loaded plugin rif (category:base,tabindex:3)
2024-08-15 09:06:03,039 [INFO] PluginManage:310 - Check plugin thirdparty
2024-08-15 09:06:03,189 [INFO] PluginManage:359 - Loaded plugin thirdparty (category:base,tabindex:-1)
2024-08-15 09:06:03,190 [INFO] PluginManage:310 - Check plugin tools
2024-08-15 09:06:03,191 [WARN] IntegrityCheckThread:84 - waiting for thirdparty lock release [integrity check]
2024-08-15 09:06:03,191 [INFO] IntegrityCheckThread:86 - entering critical section [integrity check]
2024-08-15 09:06:03,192 [INFO] ThirdPartyUpdaterWithRetryManager:70 - Updater plugin not ready yet. [1/15]
2024-08-15 09:06:03,193 [INFO] PluginManage:359 - Loaded plugin tools (category:base,tabindex:7)
2024-08-15 09:06:03,193 [INFO] PluginManage:310 - Check plugin tutovideos
2024-08-15 09:06:03,363 [INFO] PluginManage:359 - Loaded plugin tutovideos (category:base,tabindex:-1)
2024-08-15 09:06:03,363 [INFO] PluginManage:310 - Check plugin updater
2024-08-15 09:06:03,379 [INFO] PluginManage:359 - Loaded plugin updater (category:base,tabindex:12)
2024-08-15 09:06:03,379 [INFO] PluginManage:310 - Check plugin userauth
2024-08-15 09:06:03,386 [INFO] UserAuth:113 - Init User Auth plugin
2024-08-15 09:06:03,386 [INFO] PluginManage:359 - Loaded plugin userauth (category:base,tabindex:14)
2024-08-15 09:06:03,387 [INFO] PluginManage:283 - PluginManage : Loaded plugins [18]
2024-08-15 09:06:03,575 [INFO] PinOutPanel:1561 - setPackage(No Configuration,No Configuration)
2024-08-15 09:06:03,651 [INFO] CADModel:165 - CPN selected for project level
2024-08-15 09:06:03,652 [INFO] CADModel:114 - Register for checkConnection events
2024-08-15 09:06:03,667 [INFO] IPUIPlugin:80 - create IPUIPlugin
2024-08-15 09:06:03,668 [INFO] PluginManager:220 - loadIPPluginJar : add adc
2024-08-15 09:06:03,671 [INFO] IPUIPlugin:80 - create IPUIPlugin
2024-08-15 09:06:03,671 [INFO] PluginManager:220 - loadIPPluginJar : add aes
2024-08-15 09:06:03,674 [INFO] IPUIPlugin:80 - create IPUIPlugin
2024-08-15 09:06:03,674 [INFO] PluginManager:220 - loadIPPluginJar : add can
2024-08-15 09:06:03,676 [INFO] IPUIPlugin:80 - create IPUIPlugin
2024-08-15 09:06:03,676 [INFO] PluginManager:220 - loadIPPluginJar : add comp
2024-08-15 09:06:03,679 [INFO] IPUIPlugin:80 - create IPUIPlugin
2024-08-15 09:06:03,679 [INFO] PluginManager:220 - loadIPPluginJar : add cryp
2024-08-15 09:06:03,683 [INFO] IPUIPlugin:80 - create IPUIPlugin
2024-08-15 09:06:03,683 [INFO] PluginManager:220 - loadIPPluginJar : add ddr_ctrl_phy
2024-08-15 09:06:03,686 [INFO] IPUIPlugin:80 - create IPUIPlugin
2024-08-15 09:06:03,687 [INFO] PluginManager:220 - loadIPPluginJar : add dfsdm
2024-08-15 09:06:03,692 [INFO] IPUIPlugin:80 - create IPUIPlugin
2024-08-15 09:06:03,693 [INFO] PluginManager:220 - loadIPPluginJar : add dma
2024-08-15 09:06:03,696 [INFO] IPUIPlugin:80 - create IPUIPlugin
2024-08-15 09:06:03,696 [INFO] PluginManager:220 - loadIPPluginJar : add dma3
2024-08-15 09:06:03,699 [INFO] IPUIPlugin:80 - create IPUIPlugin
2024-08-15 09:06:03,699 [INFO] PluginManager:220 - loadIPPluginJar : add extmemmanager
2024-08-15 09:06:03,701 [INFO] IPUIPlugin:80 - create IPUIPlugin
2024-08-15 09:06:03,702 [INFO] PluginManager:220 - loadIPPluginJar : add fatfs
2024-08-15 09:06:03,707 [INFO] IPUIPlugin:80 - create IPUIPlugin
2024-08-15 09:06:03,707 [INFO] PluginManager:220 - loadIPPluginJar : add fmc
2024-08-15 09:06:03,712 [INFO] IPUIPlugin:80 - create IPUIPlugin
2024-08-15 09:06:03,712 [INFO] PluginManager:220 - loadIPPluginJar : add freertos
2024-08-15 09:06:03,715 [INFO] IPUIPlugin:80 - create IPUIPlugin
2024-08-15 09:06:03,715 [INFO] PluginManager:220 - loadIPPluginJar : add genericplugin
2024-08-15 09:06:03,718 [INFO] IPUIPlugin:80 - create IPUIPlugin
2024-08-15 09:06:03,718 [INFO] PluginManager:220 - loadIPPluginJar : add gfxmmu
2024-08-15 09:06:03,724 [INFO] IPUIPlugin:80 - create IPUIPlugin
2024-08-15 09:06:03,724 [INFO] PluginManager:220 - loadIPPluginJar : add gic
2024-08-15 09:06:03,728 [INFO] IPUIPlugin:80 - create IPUIPlugin
2024-08-15 09:06:03,728 [INFO] PluginManager:220 - loadIPPluginJar : add gpio
2024-08-15 09:06:03,731 [INFO] IPUIPlugin:80 - create IPUIPlugin
2024-08-15 09:06:03,731 [INFO] PluginManager:220 - loadIPPluginJar : add gtzc
2024-08-15 09:06:03,734 [INFO] IPUIPlugin:80 - create IPUIPlugin
2024-08-15 09:06:03,734 [INFO] PluginManager:220 - loadIPPluginJar : add hash
2024-08-15 09:06:03,738 [INFO] IPUIPlugin:80 - create IPUIPlugin
2024-08-15 09:06:03,739 [INFO] PluginManager:220 - loadIPPluginJar : add i2c
2024-08-15 09:06:03,741 [INFO] IPUIPlugin:80 - create IPUIPlugin
2024-08-15 09:06:03,741 [INFO] PluginManager:220 - loadIPPluginJar : add i2s
2024-08-15 09:06:03,744 [INFO] IPUIPlugin:80 - create IPUIPlugin
2024-08-15 09:06:03,744 [INFO] PluginManager:220 - loadIPPluginJar : add i3c
2024-08-15 09:06:03,747 [INFO] IPUIPlugin:80 - create IPUIPlugin
2024-08-15 09:06:03,747 [INFO] PluginManager:220 - loadIPPluginJar : add ipddr
2024-08-15 09:06:03,757 [INFO] IPUIPlugin:80 - create IPUIPlugin
2024-08-15 09:06:03,757 [INFO] PluginManager:220 - loadIPPluginJar : add linkedlist
2024-08-15 09:06:03,761 [INFO] IPUIPlugin:80 - create IPUIPlugin
2024-08-15 09:06:03,761 [INFO] PluginManager:220 - loadIPPluginJar : add lorawan
2024-08-15 09:06:03,763 [INFO] IPUIPlugin:80 - create IPUIPlugin
2024-08-15 09:06:03,763 [INFO] PluginManager:220 - loadIPPluginJar : add ltdc
2024-08-15 09:06:03,770 [INFO] IPUIPlugin:80 - create IPUIPlugin
2024-08-15 09:06:03,770 [INFO] PluginManager:220 - loadIPPluginJar : add mdma
2024-08-15 09:06:03,773 [INFO] IPUIPlugin:80 - create IPUIPlugin
2024-08-15 09:06:03,775 [INFO] PluginManager:220 - loadIPPluginJar : add nvic
2024-08-15 09:06:03,778 [INFO] IPUIPlugin:80 - create IPUIPlugin
2024-08-15 09:06:03,779 [INFO] PluginManager:220 - loadIPPluginJar : add opamp
2024-08-15 09:06:03,784 [INFO] IPUIPlugin:80 - create IPUIPlugin
2024-08-15 09:06:03,784 [INFO] PluginManager:220 - loadIPPluginJar : add openamp
2024-08-15 09:06:03,789 [INFO] IPUIPlugin:80 - create IPUIPlugin
2024-08-15 09:06:03,790 [INFO] PluginManager:220 - loadIPPluginJar : add pdm2pcm
2024-08-15 09:06:03,798 [INFO] IPUIPlugin:80 - create IPUIPlugin
2024-08-15 09:06:03,801 [INFO] PluginManager:220 - loadIPPluginJar : add plateformsettings
2024-08-15 09:06:03,804 [INFO] IPUIPlugin:80 - create IPUIPlugin
2024-08-15 09:06:03,804 [INFO] PluginManager:220 - loadIPPluginJar : add quadspi
2024-08-15 09:06:03,805 [INFO] IPUIPlugin:80 - create IPUIPlugin
2024-08-15 09:06:03,806 [INFO] PluginManager:220 - loadIPPluginJar : add radio
2024-08-15 09:06:03,810 [INFO] IPUIPlugin:80 - create IPUIPlugin
2024-08-15 09:06:03,810 [INFO] PluginManager:220 - loadIPPluginJar : add resmgrutility
2024-08-15 09:06:03,814 [INFO] IPUIPlugin:80 - create IPUIPlugin
2024-08-15 09:06:03,814 [INFO] PluginManager:220 - loadIPPluginJar : add sai
2024-08-15 09:06:03,817 [INFO] IPUIPlugin:80 - create IPUIPlugin
2024-08-15 09:06:03,818 [INFO] PluginManager:220 - loadIPPluginJar : add spi
2024-08-15 09:06:03,822 [INFO] IPUIPlugin:80 - create IPUIPlugin
2024-08-15 09:06:03,822 [INFO] PluginManager:220 - loadIPPluginJar : add stm32_wpan
2024-08-15 09:06:03,824 [INFO] IPUIPlugin:80 - create IPUIPlugin
2024-08-15 09:06:03,824 [INFO] PluginManager:220 - loadIPPluginJar : add tim
2024-08-15 09:06:03,827 [INFO] IPUIPlugin:80 - create IPUIPlugin
2024-08-15 09:06:03,827 [INFO] PluginManager:220 - loadIPPluginJar : add touchsensing
2024-08-15 09:06:03,830 [INFO] IPUIPlugin:80 - create IPUIPlugin
2024-08-15 09:06:03,831 [INFO] PluginManager:220 - loadIPPluginJar : add tracer_emb
2024-08-15 09:06:03,833 [INFO] IPUIPlugin:80 - create IPUIPlugin
2024-08-15 09:06:03,833 [INFO] PluginManager:220 - loadIPPluginJar : add ts
2024-08-15 09:06:03,835 [INFO] IPUIPlugin:80 - create IPUIPlugin
2024-08-15 09:06:03,837 [INFO] PluginManager:220 - loadIPPluginJar : add tsc
2024-08-15 09:06:03,839 [INFO] IPUIPlugin:80 - create IPUIPlugin
2024-08-15 09:06:03,839 [INFO] PluginManager:220 - loadIPPluginJar : add ucpd
2024-08-15 09:06:03,841 [INFO] IPUIPlugin:80 - create IPUIPlugin
2024-08-15 09:06:03,842 [INFO] PluginManager:220 - loadIPPluginJar : add usart
2024-08-15 09:06:03,843 [INFO] IPUIPlugin:80 - create IPUIPlugin
2024-08-15 09:06:03,844 [INFO] PluginManager:220 - loadIPPluginJar : add usbx
2024-08-15 09:06:03,960 [INFO] CADModel:165 - CPN selected for project level
2024-08-15 09:06:03,960 [INFO] CADModel:114 - Register for checkConnection events
2024-08-15 09:06:03,960 [FATAL] Updater:334 - Updater called before beeing initialized
2024-08-15 09:06:03,960 [ERROR] CADModel:125 - Updater not yet initialized, retry later 
2024-08-15 09:06:04,103 [INFO] CADModel:165 - CPN selected for project level
2024-08-15 09:06:04,103 [INFO] CADModel:114 - Register for checkConnection events
2024-08-15 09:06:04,103 [FATAL] Updater:334 - Updater called before beeing initialized
2024-08-15 09:06:04,103 [ERROR] CADModel:125 - Updater not yet initialized, retry later 
2024-08-15 09:06:04,107 [FATAL] Updater:334 - Updater called before beeing initialized
2024-08-15 09:06:04,197 [FATAL] Updater:334 - Updater called before beeing initialized
2024-08-15 09:06:04,203 [INFO] DbMcusAds:53 - JSON generation date=Thu May 16 16:22:00 ICT 2024 (1715851320667)
2024-08-15 09:06:04,204 [FATAL] Updater:334 - Updater called before beeing initialized
2024-08-15 09:06:04,239 [WARN] DetailPanel:346 - Failed to get advertising image, set to default
2024-08-15 09:06:04,331 [FATAL] Updater:334 - Updater called before beeing initialized
2024-08-15 09:06:04,334 [FATAL] Updater:334 - Updater called before beeing initialized
2024-08-15 09:06:04,334 [FATAL] Updater:334 - Updater called before beeing initialized
2024-08-15 09:06:04,335 [WARN] DetailPanel:346 - Failed to get advertising image, set to default
2024-08-15 09:06:04,335 [FATAL] Updater:334 - Updater called before beeing initialized
2024-08-15 09:06:04,384 [ERROR] Updater:1164 - MainUpdater not yet initialized. External WinMGr cannot be set.
2024-08-15 09:06:04,388 [INFO] Updater:1100 - Updater Version found : 6.12.0
2024-08-15 09:06:04,425 [INFO] ApplicationProperties:184 - Using Application install path: C:\ST\STM32CubeIDE_1.16.0\STM32CubeIDE\plugins\com.st.stm32cube.common.mx_6.12.0.202406281431
2024-08-15 09:06:04,767 [INFO] MainUpdater:2873 - connection check result : 10
2024-08-15 09:06:04,768 [INFO] MainUpdater:290 - Updater Check For Update Now.
2024-08-15 09:06:04,768 [INFO] MicroXplorer:498 - Change Database Version : DB.6.0.120
2024-08-15 09:06:04,775 [INFO] McuFinderGlobals:63 - Set McuFinder mode to 2 (CubeIDE integrated)
2024-08-15 09:06:04,776 [INFO] UserAuth:417 - Internet connection configuration mode: 1
2024-08-15 09:06:04,810 [INFO] JxBrowserEngine:152 - Initiate JxBrowser Engine with user profile folder
2024-08-15 09:06:04,978 [INFO] CheckServerUpdateThread:120 - End of CheckServer Thread
2024-08-15 09:06:05,613 [INFO] WebApp:167 - Instantiating new browser for Auth
2024-08-15 09:06:06,423 [WARN] PackLoader:240 - Cannot read IP mode file for STMicroelectronics.FP-SNS-MOTENVWB1.1.4.0
2024-08-15 09:06:06,439 [WARN] PackLoader:240 - Cannot read IP mode file for STMicroelectronics.X-CUBE-SMBUS.2.1.0
2024-08-15 09:06:06,485 [WARN] PackLoader:240 - Cannot read IP mode file for STMicroelectronics.X-CUBE-AZRTOS-F7.1.1.0
2024-08-15 09:06:06,503 [WARN] PackLoader:240 - Cannot read IP mode file for STMicroelectronics.FP-SNS-FLIGHT1.5.0.2
2024-08-15 09:06:06,517 [WARN] PackLoader:240 - Cannot read IP mode file for STMicroelectronics.X-CUBE-DISPLAY.3.0.0
2024-08-15 09:06:06,536 [WARN] PackLoader:240 - Cannot read IP mode file for STMicroelectronics.X-CUBE-BLE1.7.0.0
2024-08-15 09:06:06,550 [WARN] PackLoader:240 - Cannot read IP mode file for emotas.I-CUBE-CANOPEN.1.3.0
2024-08-15 09:06:06,562 [WARN] PackLoader:240 - Cannot read IP mode file for STMicroelectronics.X-CUBE-BLEMGR.3.1.0
2024-08-15 09:06:06,573 [WARN] PackLoader:240 - Cannot read IP mode file for STMicroelectronics.FP-SNS-SMARTAG2.1.2.0
2024-08-15 09:06:06,597 [INFO] LogOutputStream:77 - [STDOUT_REDIRECT] 1 : Invalid condition id : UX_CORESTACK_Condition cause : null
2024-08-15 09:06:06,599 [INFO] LogOutputStream:77 - [STDOUT_REDIRECT] 1 : Invalid condition id : UX_CORESTACK_Condition cause : null
2024-08-15 09:06:06,601 [INFO] LogOutputStream:77 - [STDOUT_REDIRECT] 1 : Invalid condition id : UX_CORESTACK_Condition cause : null
2024-08-15 09:06:06,602 [INFO] LogOutputStream:77 - [STDOUT_REDIRECT] 1 : Invalid condition id : UX_CORESTACK_Condition cause : null
2024-08-15 09:06:06,603 [INFO] LogOutputStream:77 - [STDOUT_REDIRECT] 1 : Invalid condition id : UX_CORESTACK_Condition cause : null
2024-08-15 09:06:06,607 [WARN] PackLoader:240 - Cannot read IP mode file for STMicroelectronics.X-CUBE-AZRTOS-WL.2.0.0
2024-08-15 09:06:06,616 [WARN] PackLoader:240 - Cannot read IP mode file for STMicroelectronics.FP-SNS-MOTENV1.5.0.0
2024-08-15 09:06:06,624 [WARN] PackLoader:240 - Cannot read IP mode file for wolfSSL.I-CUBE-wolfMQTT.1.19.0
2024-08-15 09:06:06,635 [WARN] PackLoader:240 - Cannot read IP mode file for WES.I-CUBE-Cesium.1.3.0
2024-08-15 09:06:06,648 [WARN] PackLoader:240 - Cannot read IP mode file for STMicroelectronics.X-CUBE-BLE2.3.3.0
2024-08-15 09:06:06,659 [WARN] PackLoader:240 - Cannot read IP mode file for STMicroelectronics.X-CUBE-TCPP.4.1.0
2024-08-15 09:06:06,690 [WARN] PackLoader:240 - Cannot read IP mode file for STMicroelectronics.X-CUBE-AZRTOS-G0.1.1.0
2024-08-15 09:06:06,701 [WARN] PackLoader:240 - Cannot read IP mode file for STMicroelectronics.X-CUBE-SAFEA1.1.2.2
2024-08-15 09:06:06,707 [WARN] PackLoader:240 - Cannot read IP mode file for STMicroelectronics.X-CUBE-NFC4.3.0.0
2024-08-15 09:06:06,750 [WARN] PackLoader:240 - Cannot read IP mode file for EmbeddedOffice.I-CUBE-FS-RTOS.1.0.1
2024-08-15 09:06:06,750 [ERROR] ConditionMgr:805 - Attr not supported : Dmpu
2024-08-15 09:06:06,750 [ERROR] ConditionMgr:805 - Attr not supported : Dmpu
2024-08-15 09:06:06,750 [ERROR] ConditionMgr:805 - Attr not supported : Dmpu
2024-08-15 09:06:06,751 [ERROR] ConditionMgr:805 - Attr not supported : Dmpu
2024-08-15 09:06:06,751 [ERROR] ConditionMgr:805 - Attr not supported : Dmpu
2024-08-15 09:06:06,751 [ERROR] ConditionMgr:805 - Attr not supported : Dmpu
2024-08-15 09:06:06,751 [ERROR] ConditionMgr:805 - Attr not supported : Dmpu
2024-08-15 09:06:06,751 [ERROR] ConditionMgr:805 - Attr not supported : Dmpu
2024-08-15 09:06:06,751 [ERROR] ConditionMgr:805 - Attr not supported : Dmpu
2024-08-15 09:06:06,751 [ERROR] ConditionMgr:805 - Attr not supported : Dmpu
2024-08-15 09:06:06,751 [ERROR] ConditionMgr:805 - Attr not supported : Dmpu
2024-08-15 09:06:06,751 [ERROR] ConditionMgr:805 - Attr not supported : Dmpu
2024-08-15 09:06:06,751 [ERROR] ConditionMgr:805 - Attr not supported : Dmpu
2024-08-15 09:06:06,751 [ERROR] ConditionMgr:805 - Attr not supported : Dmpu
2024-08-15 09:06:06,751 [ERROR] ConditionMgr:805 - Attr not supported : Dmpu
2024-08-15 09:06:06,752 [ERROR] ConditionMgr:805 - Attr not supported : Dmpu
2024-08-15 09:06:06,752 [ERROR] ConditionMgr:805 - Attr not supported : Dmpu
2024-08-15 09:06:06,752 [ERROR] ConditionMgr:805 - Attr not supported : Dmpu
2024-08-15 09:06:06,752 [ERROR] ConditionMgr:805 - Attr not supported : Dmpu
2024-08-15 09:06:06,752 [ERROR] ConditionMgr:805 - Attr not supported : Dmpu
2024-08-15 09:06:06,752 [ERROR] ConditionMgr:805 - Attr not supported : Dmpu
2024-08-15 09:06:06,753 [ERROR] ConditionMgr:805 - Attr not supported : Dmpu
2024-08-15 09:06:06,753 [ERROR] ConditionMgr:805 - Attr not supported : Dmpu
2024-08-15 09:06:06,753 [ERROR] ConditionMgr:805 - Attr not supported : Dmpu
2024-08-15 09:06:06,753 [ERROR] ConditionMgr:805 - Attr not supported : Dmpu
2024-08-15 09:06:06,753 [ERROR] ConditionMgr:805 - Attr not supported : Dmpu
2024-08-15 09:06:06,753 [ERROR] ConditionMgr:805 - Attr not supported : Dmpu
2024-08-15 09:06:06,753 [ERROR] ConditionMgr:805 - Attr not supported : Dmpu
2024-08-15 09:06:06,754 [ERROR] ConditionMgr:805 - Attr not supported : Dmpu
2024-08-15 09:06:06,754 [ERROR] ConditionMgr:805 - Attr not supported : Dmpu
2024-08-15 09:06:06,754 [ERROR] ConditionMgr:805 - Attr not supported : Dmpu
2024-08-15 09:06:06,754 [ERROR] ConditionMgr:805 - Attr not supported : Dmpu
2024-08-15 09:06:06,754 [ERROR] ConditionMgr:805 - Attr not supported : Dmpu
2024-08-15 09:06:06,754 [ERROR] ConditionMgr:805 - Attr not supported : Dmpu
2024-08-15 09:06:06,755 [ERROR] ConditionMgr:805 - Attr not supported : Dmpu
2024-08-15 09:06:06,764 [ERROR] ConditionMgr:805 - Attr not supported : Dmpu
2024-08-15 09:06:06,765 [ERROR] ConditionMgr:805 - Attr not supported : Dmpu
2024-08-15 09:06:06,765 [ERROR] ConditionMgr:805 - Attr not supported : Dmpu
2024-08-15 09:06:06,765 [ERROR] ConditionMgr:805 - Attr not supported : Dmpu
2024-08-15 09:06:06,765 [ERROR] ConditionMgr:805 - Attr not supported : Dmpu
2024-08-15 09:06:06,765 [ERROR] ConditionMgr:805 - Attr not supported : Dmpu
2024-08-15 09:06:06,765 [ERROR] ConditionMgr:805 - Attr not supported : Dmpu
2024-08-15 09:06:06,765 [ERROR] ConditionMgr:805 - Attr not supported : Dmpu
2024-08-15 09:06:06,765 [ERROR] ConditionMgr:805 - Attr not supported : Dmpu
2024-08-15 09:06:06,765 [ERROR] ConditionMgr:805 - Attr not supported : Dmpu
2024-08-15 09:06:06,766 [ERROR] ConditionMgr:805 - Attr not supported : Dmpu
2024-08-15 09:06:06,766 [ERROR] ConditionMgr:805 - Attr not supported : Dmpu
2024-08-15 09:06:06,766 [ERROR] ConditionMgr:805 - Attr not supported : Dmpu
2024-08-15 09:06:06,766 [ERROR] ConditionMgr:805 - Attr not supported : Dmpu
2024-08-15 09:06:06,766 [ERROR] ConditionMgr:805 - Attr not supported : Dmpu
2024-08-15 09:06:06,766 [ERROR] ConditionMgr:805 - Attr not supported : Dmpu
2024-08-15 09:06:06,766 [ERROR] ConditionMgr:805 - Attr not supported : Dmpu
2024-08-15 09:06:06,766 [ERROR] ConditionMgr:805 - Attr not supported : Dmpu
2024-08-15 09:06:06,766 [ERROR] ConditionMgr:805 - Attr not supported : Dmpu
2024-08-15 09:06:06,766 [ERROR] ConditionMgr:805 - Attr not supported : Dmpu
2024-08-15 09:06:06,766 [ERROR] ConditionMgr:805 - Attr not supported : Dmpu
2024-08-15 09:06:06,766 [ERROR] ConditionMgr:805 - Attr not supported : Dmpu
2024-08-15 09:06:06,767 [ERROR] ConditionMgr:805 - Attr not supported : Dmpu
2024-08-15 09:06:06,767 [ERROR] ConditionMgr:805 - Attr not supported : Dmpu
2024-08-15 09:06:06,767 [ERROR] ConditionMgr:805 - Attr not supported : Dmpu
2024-08-15 09:06:06,767 [ERROR] ConditionMgr:805 - Attr not supported : Dmpu
2024-08-15 09:06:06,767 [ERROR] ConditionMgr:805 - Attr not supported : Dmpu
2024-08-15 09:06:06,767 [ERROR] ConditionMgr:805 - Attr not supported : Dmpu
2024-08-15 09:06:06,767 [ERROR] ConditionMgr:805 - Attr not supported : Dmpu
2024-08-15 09:06:06,843 [WARN] PackLoader:240 - Cannot read IP mode file for RealThread.X-CUBE-RT-Thread_Nano.4.1.1
2024-08-15 09:06:06,847 [WARN] PackLoader:240 - Cannot read IP mode file for wolfSSL.I-CUBE-wolfSSL.5.7.0
2024-08-15 09:06:06,860 [WARN] PackLoader:240 - Cannot read IP mode file for STMicroelectronics.FP-ATR-SIGFOX1.3.2.0
2024-08-15 09:06:06,891 [WARN] PackLoader:240 - Cannot read IP mode file for STMicroelectronics.X-CUBE-EEPRMA1.5.1.0
2024-08-15 09:06:06,960 [WARN] PackLoader:240 - Cannot read IP mode file for ITTIA_DB.I-CUBE-ITTIADB.8.9.0
2024-08-15 09:06:07,040 [WARN] PackLoader:240 - Cannot read IP mode file for SEGGER.I-CUBE-embOS.1.3.1
2024-08-15 09:06:07,089 [WARN] PackLoader:240 - Cannot read IP mode file for STMicroelectronics.X-CUBE-ALGOBUILD.1.4.0
2024-08-15 09:06:07,097 [WARN] PackLoader:240 - Cannot read IP mode file for STMicroelectronics.X-CUBE-GNSS1.6.0.0
2024-08-15 09:06:07,123 [WARN] PackLoader:240 - Cannot read IP mode file for STMicroelectronics.X-CUBE-AZRTOS-F4.1.1.0
2024-08-15 09:06:07,132 [WARN] PackLoader:240 - Cannot read IP mode file for STMicroelectronics.X-CUBE-FREERTOS.1.2.0
2024-08-15 09:06:07,153 [WARN] PackLoader:240 - Cannot read IP mode file for STMicroelectronics.X-CUBE-AZRTOS-L5.2.0.0
2024-08-15 09:06:07,174 [WARN] PackLoader:240 - Cannot read IP mode file for STMicroelectronics.X-CUBE-NFC6.3.1.0
2024-08-15 09:06:07,183 [WARN] PackLoader:240 - Cannot read IP mode file for STMicroelectronics.X-CUBE-DPower.1.2.0
2024-08-15 09:06:07,188 [WARN] PackLoader:240 - Cannot read IP mode file for STMicroelectronics.X-CUBE-AI.9.0.0
2024-08-15 09:06:07,194 [WARN] PackLoader:240 - Cannot read IP mode file for STMicroelectronics.X-CUBE-NFC7.1.0.1
2024-08-15 09:06:07,199 [WARN] PackLoader:240 - Cannot read IP mode file for wolfSSL.I-CUBE-wolfTPM.3.2.0
2024-08-15 09:06:07,242 [WARN] ConditionMgr:438 - getConditionDescription Invalid condition id : LAN8742 Phy interface Condition cause : null
2024-08-15 09:06:07,242 [WARN] PackLoader:240 - Cannot read IP mode file for STMicroelectronics.X-CUBE-AZRTOS-L4.2.0.0
2024-08-15 09:06:07,243 [WARN] ConditionMgr:1039 - genDependencies : Invalid condition id : LAN8742 Phy interface Condition cause : null
2024-08-15 09:06:07,243 [WARN] ConditionMgr:1039 - genDependencies : Invalid condition id : LAN8742 Phy interface Condition cause : null
2024-08-15 09:06:07,243 [WARN] ConditionMgr:1039 - genDependencies : Invalid condition id : LAN8742 Phy interface Condition cause : null
2024-08-15 09:06:07,253 [WARN] PackLoader:240 - Cannot read IP mode file for STMicroelectronics.X-CUBE-SFXS2LP1.4.0.0
2024-08-15 09:06:07,275 [WARN] PackLoader:240 - Cannot read IP mode file for STMicroelectronics.X-CUBE-AZRTOS-H7.3.3.0
2024-08-15 09:06:07,290 [WARN] ConditionMgr:438 - getConditionDescription Invalid condition id : UX DEVICE CLASS RTOS Condition cause : null
2024-08-15 09:06:07,293 [WARN] ConditionMgr:438 - getConditionDescription Invalid condition id : UX DEVICE CLASS RTOS Condition cause : null
2024-08-15 09:06:07,295 [WARN] PackLoader:240 - Cannot read IP mode file for STMicroelectronics.X-CUBE-AZRTOS-WB.2.0.0
2024-08-15 09:06:07,297 [WARN] ConditionMgr:1039 - genDependencies : Invalid condition id : UX DEVICE CLASS RTOS Condition cause : null
2024-08-15 09:06:07,298 [WARN] ConditionMgr:1039 - genDependencies : Invalid condition id : UX DEVICE CLASS RTOS Condition cause : null
2024-08-15 09:06:07,299 [WARN] ConditionMgr:1039 - genDependencies : Invalid condition id : UX DEVICE CLASS RTOS Condition cause : null
2024-08-15 09:06:07,299 [WARN] ConditionMgr:1039 - genDependencies : Invalid condition id : UX DEVICE CLASS RTOS Condition cause : null
2024-08-15 09:06:07,299 [WARN] ConditionMgr:1039 - genDependencies : Invalid condition id : UX DEVICE CLASS RTOS Condition cause : null
2024-08-15 09:06:07,307 [WARN] PackLoader:240 - Cannot read IP mode file for STMicroelectronics.FP-SNS-STBOX1.2.0.0
2024-08-15 09:06:07,320 [WARN] PackLoader:240 - Cannot read IP mode file for STMicroelectronics.X-CUBE-SUBG2.5.0.0
2024-08-15 09:06:07,328 [WARN] PackLoader:240 - Cannot read IP mode file for Cesanta.I-CUBE-Mongoose.7.13.0
2024-08-15 09:06:07,340 [WARN] PackLoader:240 - Cannot read IP mode file for STMicroelectronics.X-CUBE-AZRTOS-G4.2.0.0
2024-08-15 09:06:07,345 [WARN] PackLoader:240 - Cannot read IP mode file for STMicroelectronics.X-CUBE-ISPU.2.0.0
2024-08-15 09:06:07,351 [WARN] PackLoader:240 - Cannot read IP mode file for STMicroelectronics.X-CUBE-ALS.1.0.2
2024-08-15 09:06:07,401 [WARN] PackLoader:240 - Cannot read IP mode file for STMicroelectronics.X-CUBE-MEMS1.10.0.0
2024-08-15 09:06:07,745 [WARN] PackLoader:240 - Cannot read IP mode file for STMicroelectronics.X-CUBE-TOUCHGFX.4.24.0
2024-08-15 09:06:07,889 [WARN] PackLoader:240 - Cannot read IP mode file for portGmbH.I-Cube-SoM-uGOAL.1.1.0
2024-08-15 09:06:07,907 [WARN] PackLoader:240 - Cannot read IP mode file for STMicroelectronics.X-CUBE-AZRTOS-H7RS.1.0.0
2024-08-15 09:06:07,914 [WARN] PackLoader:240 - Cannot read IP mode file for STMicroelectronics.FP-ATR-ASTRA1.2.0.0
2024-08-15 09:06:07,997 [WARN] PackLoader:240 - Cannot read IP mode file for STMicroelectronics.X-CUBE-TOF1.3.4.2
2024-08-15 09:06:08,021 [WARN] PackLoader:240 - Cannot read IP mode file for STMicroelectronics.X-CUBE-TOF1.3.4.1
2024-08-15 09:06:08,046 [WARN] PackLoader:240 - Cannot read IP mode file for STMicroelectronics.X-CUBE-AZRTOS-H7.3.2.0
2024-08-15 09:06:08,065 [WARN] PackLoader:240 - Cannot read IP mode file for Infineon.AIROC-Wi-Fi-Bluetooth-STM32.1.6.0
2024-08-15 09:06:08,082 [WARN] PackLoader:240 - Cannot read IP mode file for wolfSSL.I-CUBE-wolfSSH.1.4.17
2024-08-15 09:06:08,082 [INFO] ThirdParty:978 - Integrity check success = true
2024-08-15 09:06:08,082 [INFO] IntegrityCheckThread:100 - exiting critical section [integrity check]
2024-08-15 09:06:08,082 [INFO] IntegrityCheckThread:103 - End integrity checks thread
2024-08-15 09:06:08,212 [INFO] WebApp:448 - Apply proxy settings
2024-08-15 09:06:08,213 [INFO] WebApp:533 - Chromium requires no authentication
2024-08-15 09:06:08,227 [INFO] WebApp:476 - Direct internet connection detected
2024-08-15 09:06:08,259 [INFO] WebApp:869 - Register for checkConnection events
2024-08-15 09:06:08,259 [INFO] WebApp:448 - Apply proxy settings
2024-08-15 09:06:08,259 [INFO] WebApp:533 - Chromium requires no authentication
2024-08-15 09:06:08,260 [INFO] WebApp:476 - Direct internet connection detected
2024-08-15 09:06:08,423 [INFO] WebApp:220 - Starting web application
2024-08-15 09:06:08,423 [INFO] WebApp:578 - Web application path used C:\ST\STM32CubeIDE_1.16.0\STM32CubeIDE\plugins\com.st.stm32cube.common.mx_6.12.0.202406281431\db\plugins\mcufinder\reactClient1\index.html
2024-08-15 09:06:08,527 [INFO] UserAuth:417 - Internet connection configuration mode: 1
2024-08-15 09:06:09,533 [INFO] WebApp:186 - Connection restablished
2024-08-15 17:33:49,015 [INFO] WebApp:388 - JxBrowser engine has been closed 
2024-08-15 17:33:49,848 [ERROR] LogOutputStream:75 - [STDERR_REDIRECT] 
