2023-04-28 09:23:35,704 [INFO] Gpio:273 - dependency for GPIO [DEBUG, RCC]
2023-04-28 13:41:17,779 [INFO] MainUpdater:2854 - connection check result : 10
2023-04-28 13:41:17,804 [INFO] McuFinderGlobals:66 - Set McuFinderConnectedMode to true
2023-04-28 13:41:18,623 [INFO] ServerAccessManage:473 - Download File mcusAds.json._tmp_
2023-04-28 13:41:18,801 [INFO] LoadUrlFilesThread:156 - End of LoadUrlFiles Thread
2023-04-28 13:41:18,856 [INFO] ServerAccessManage:473 - Download File cube-finder-db.zip
2023-04-28 13:41:20,424 [INFO] FileExtend:240 - Unzip File : cube-finder-db.zip
2023-04-28 13:41:20,426 [INFO] FileExtend:255 - Standard Zip Deflate
2023-04-28 13:41:22,114 [INFO] LoadUrlFilesThread:156 - End of LoadUrlFiles Thread
2023-04-28 13:41:24,271 [INFO] ServerAccessManage:473 - Download File crdb.zip
2023-04-28 13:41:25,661 [INFO] FileExtend:240 - Unzip File : crdb.zip
2023-04-28 13:41:25,661 [INFO] FileExtend:255 - Standard Zip Deflate
2023-04-28 13:41:25,816 [INFO] LoadUrlFilesThread:156 - End of LoadUrlFiles Thread
2023-04-28 13:41:25,881 [INFO] ServerAccessManage:473 - Download File tutoVideoDB.zip
2023-04-28 13:41:25,899 [INFO] FileExtend:240 - Unzip File : tutoVideoDB.zip
2023-04-28 13:41:25,899 [INFO] FileExtend:255 - Standard Zip Deflate
2023-04-28 13:41:26,017 [INFO] LoadUrlFilesThread:156 - End of LoadUrlFiles Thread
2023-04-28 13:41:26,048 [WARN] DbFile:41 - Overriding database path with different value: C:\Users\user\.stmcufinder\plugins\mcufinder/ => C:\Users\user\.stmcufinder\plugins\mcufinder
2023-04-28 13:41:26,963 [INFO] ServerAccessManage:473 - Download File api_config.json
2023-04-28 13:41:27,108 [INFO] LoadUrlFilesThread:156 - End of LoadUrlFiles Thread
2023-04-28 13:41:27,130 [INFO] DbMcusAds:53 - JSON generation date=Tue Mar 07 15:50:55 ICT 2023 (1678179055335)
2023-04-28 13:41:27,133 [INFO] ApiDb:448 - Save user favorites file C:\Users\user/.stm32cubeide/favorites.mcus.txt: 2 item(s)
2023-04-28 13:41:27,134 [INFO] ApiDb:452 - User favorites MCUs=[STM32F103C8T6, STM32H750VBT6]
2023-04-28 13:41:27,159 [INFO] ApiDb:581 - Connected to CubeFinder SQLite database (C:\Users\user\.stmcufinder\plugins\mcufinder\mcu\cube-finder-db.db)
2023-04-28 13:41:27,304 [INFO] ApiDb:668 - CubeFinder database Data Model version=2.1
2023-04-28 13:41:27,305 [INFO] ApiDb:669 - CubeFinder database Configuration version=3.0.35
2023-04-28 13:41:27,305 [INFO] ApiDb:670 - CubeFinder database generation date=2023-04-03 (1680511692)
2023-04-28 13:41:27,306 [INFO] ApiDb:671 - CubeFinder database FW Pack versions=[FP-ATR-ASTRA1_V2.0.0, STM32Cube_FW_C0_V1.0.1, STM32Cube_FW_F0_V1.11.4, STM32Cube_FW_F3_V1.11.4, STM32Cube_FW_F4_V1.27.1, STM32Cube_FW_F7_V1.17.0, STM32Cube_FW_G0_V1.6.1, STM32Cube_FW_G4_V1.5.1, STM32Cube_FW_H5_V0.5.1, STM32Cube_FW_H5_V1.0.0, STM32Cube_FW_H7_V1.11.0, STM32Cube_FW_L0_V1.12.2, STM32Cube_FW_L5_V1.5.0, STM32Cube_FW_U5_V1.2.0, STM32Cube_FW_WBA_V1.0.0, STM32Cube_FW_WBA_V1.0.0RC1, STM32Cube_FW_WBA_V1.0.0RC3, STM32Cube_FW_WB_V1.15.0RC1, STM32Cube_FW_WB_V1.16.0, STM32Cube_FW_WB_V1.16.0RC2, STM32Cube_FW_WL_V1.3.0, X-CUBE-ALGOBUILD_V1.3.0, X-CUBE-ALS_V1.0.1, X-CUBE-AZRTOS-F4_V1.1.0, X-CUBE-AZRTOS-F7_V1.1.0, X-CUBE-AZRTOS-G0_V1.1.0, X-CUBE-AZRTOS-G4_V1.0.0, X-CUBE-AZRTOS-H7_V3.0.0, X-CUBE-AZRTOS-L4_V1.0.0, X-CUBE-AZRTOS-L5_V1.1.0, X-CUBE-AZRTOS-WB_V1.1.0, X-CUBE-AZRTOS-WL_V1.0.0, X-CUBE-BLE1_V6.2.4, X-CUBE-BLE2_V3.3.0, X-CUBE-BLEMGR_V1.3.0, X-CUBE-EEPRMA1_V4.1.0, X-CUBE-FREERTOS_V1.0.1, X-CUBE-GNSS1_V6.0.0, X-CUBE-MEMS1_V9.1.0, X-CUBE-MEMS1_V9.4.0, X-CUBE-MEMS1_V9.5.0, X-CUBE-NFC4_V3.0.0, X-CUBE-NFC7_V1.0.0, X-CUBE-SFXS2LP1_V4.0.0, X-CUBE-SUBG2_V5.0.0]
2023-04-28 13:41:28,623 [INFO] ApiDb:240 - Found 297 in-development CPN: [B-G473E-ZEST1S, B-WB1M-WPAN1, B-WL5M-SUBG1, NUCLEO-C031C6, NUCLEO-H503RB, NUCLEO-H563ZI, NUCLEO-U545RE-Q, NUCLEO-U5A5ZJ-Q, NUCLEO-WBA52CG, STEVAL-PROTEUS1, STEVAL-STWINBX1, STM320518-EVAL, STM32C0116-DK, STM32C011D6Y3TR, STM32C011D6Y6TR, STM32C011F4P3, STM32C011F4P6, STM32C011F4U3, STM32C011F4U6TR, STM32C011F6P3, STM32C011F6P6, STM32C011F6U3, STM32C011F6U6TR, STM32C011J4M3, STM32C011J4M6, STM32C011J6M3, STM32C011J6M6, STM32C0316-DK, STM32C031C4T3, STM32C031C4T6, STM32C031C4U3, STM32C031C4U6, STM32C031C6T3, STM32C031C6T6, STM32C031C6U3, STM32C031C6U6, STM32C031F4P3, STM32C031F4P6, STM32C031F6P3, STM32C031F6P6, STM32C031G4U3, STM32C031G4U6, STM32C031G6U3, STM32C031G6U6, STM32C031K4T3, STM32C031K4T6, STM32C031K4U3, STM32C031K4U6, STM32C031K6T3, STM32C031K6T6, STM32C031K6U3, STM32C031K6U6, STM32G071K8TXN, STM32G071K8UXN, STM32G081GBU6N, STM32G081KBT6N, STM32G081KBUXN, STM32G0B1CCT6N, STM32G0B1KCT6, STM32G0B1NEY6TR, STM32G0B1RCT6N, STM32G0C1CCT6, STM32G0C1CCT6N, STM32G0C1CCU6N, STM32G0C1CET6N, STM32G0C1CEU6N, STM32G0C1KCT6, STM32G0C1NEY6TR, STM32G0C1RCI6N, STM32G0C1RCT6N, STM32G0C1REI6N, STM32G0C1RET6N, STM32G0C1VCI6, STM32G0C1VEI6, STM32G471CCT6, STM32G471CCU6, STM32G471CET3, STM32G471CET6, STM32G471CEU3, STM32G471CEU6, STM32G471MCT6, STM32G471MET3, STM32G471MET6, STM32G471MEY6TR, STM32G471QCT6, STM32G471QET3, STM32G471RCT6, STM32G471RET3, STM32G471RET6, STM32G471VCH6, STM32G471VCI6, STM32G471VCT6, STM32G471VEH3, STM32G471VEH6, STM32G471VEI3, STM32G471VEI6, STM32G471VET3, STM32G471VET6, STM32G474CCT6, STM32H503CBT6, STM32H503CBU6, STM32H503EBY6TR, STM32H503KBU6, STM32H503RBT6, STM32H562AGI6, STM32H562AII6, STM32H562IGK6, STM32H562IGT6, STM32H562IIK6, STM32H562IIT6, STM32H562RGT6, STM32H562RGV6, STM32H562RIT6, STM32H562RIV6, STM32H562VGT6, STM32H562VIT6, STM32H562ZGT6, STM32H562ZIT6, STM32H563AGI6, STM32H563AII3Q, STM32H563AII6, STM32H563IGK6, STM32H563IGT6, STM32H563IIK3Q, STM32H563IIK6, STM32H563IIT3Q, STM32H563IIT6, STM32H563MIY3QTR, STM32H563RGT6, STM32H563RGV6, STM32H563RIT6, STM32H563RIV6, STM32H563VGT6, STM32H563VIT3Q, STM32H563VIT6, STM32H563ZGT6, STM32H563ZIT3Q, STM32H563ZIT6, STM32H573AII3Q, STM32H573AII6, STM32H573I-DK, STM32H573IIK3Q, STM32H573IIK6, STM32H573IIT3Q, STM32H573IIT6, STM32H573MIY3QTR, STM32H573RIT6, STM32H573RIV6, STM32H573VIT3Q, STM32H573VIT6, STM32H573ZIT3Q, STM32H573ZIT6, STM32L4R5QGI6STR, STM32MP131AAE3, STM32MP131AAF3, STM32MP131AAG3, STM32MP131CAE3, STM32MP131CAF3, STM32MP131CAG3, STM32MP131DAE7, STM32MP131DAF7, STM32MP131DAG7, STM32MP131FAE7, STM32MP131FAF7, STM32MP131FAG7, STM32MP133AAE3, STM32MP133AAF3, STM32MP133AAG3, STM32MP133CAE3, STM32MP133CAF3, STM32MP133CAG3, STM32MP133DAE7, STM32MP133DAF7, STM32MP133DAG7, STM32MP133FAE7, STM32MP133FAF7, STM32MP133FAG7, STM32MP135AAE3, STM32MP135AAF3, STM32MP135AAG3, STM32MP135CAE3, STM32MP135CAF3, STM32MP135CAG3, STM32MP135DAE7, STM32MP135DAF7, STM32MP135DAG7, STM32MP135F-DK, STM32MP135FAE7, STM32MP135FAF7, STM32MP135FAF7T, STM32MP135FAF7U, STM32MP135FAG7, STM32U535CBT6, STM32U535CBT6Q, STM32U535CBU6, STM32U535CBU6Q, STM32U535CCT6, STM32U535CCT6Q, STM32U535CCU6, STM32U535CCU6Q, STM32U535CET6, STM32U535CET6Q, STM32U535CEU6, STM32U535CEU6Q, STM32U535JEY6QTR, STM32U535NCY6QTR, STM32U535NEY6QTR, STM32U535RBI6, STM32U535RBI6Q, STM32U535RBT6, STM32U535RBT6Q, STM32U535RCI6, STM32U535RCI6Q, STM32U535RCT6, STM32U535RCT6Q, STM32U535REI6, STM32U535REI6Q, STM32U535RET6, STM32U535RET6Q, STM32U535VCI6, STM32U535VCI6Q, STM32U535VCT6, STM32U535VCT6Q, STM32U535VEI6, STM32U535VEI6Q, STM32U535VET6, STM32U535VET6Q, STM32U545CET6, STM32U545CET6Q, STM32U545CEU6, STM32U545CEU6Q, STM32U545JEY6QTR, STM32U545NEY6QTR, STM32U545REI6, STM32U545REI6Q, STM32U545RET6, STM32U545RET6Q, STM32U545VEI6, STM32U545VEI6Q, STM32U545VET6, STM32U545VET6Q, STM32U595AIH6, STM32U595AIH6Q, STM32U595AJH6, STM32U595AJH6Q, STM32U595QII6, STM32U595QII6Q, STM32U595QJI6, STM32U595QJI6Q, STM32U595RIT6, STM32U595RIT6Q, STM32U595RJT6, STM32U595RJT6Q, STM32U595VIT6, STM32U595VIT6Q, STM32U595VJT6, STM32U595VJT6Q, STM32U595ZIT6, STM32U595ZIT6Q, STM32U595ZIY6QTR, STM32U595ZJT6, STM32U595ZJT6Q, STM32U595ZJY6QTR, STM32U599BJY6QTR, STM32U599NIH6Q, STM32U599NJH6Q, STM32U599VIT6Q, STM32U599VJT6, STM32U599VJT6Q, STM32U599ZIT6Q, STM32U599ZIY6QTR, STM32U599ZJT6Q, STM32U599ZJY6QTR, STM32U5A5AJH6, STM32U5A5AJH6Q, STM32U5A5QJI6, STM32U5A5QJI6Q, STM32U5A5RJT6, STM32U5A5RJT6Q, STM32U5A5VJT6, STM32U5A5VJT6Q, STM32U5A5ZJT6, STM32U5A5ZJT6Q, STM32U5A5ZJY6QTR, STM32U5A9BJY6QTR, STM32U5A9J-DK, STM32U5A9NJH6Q, STM32U5A9VJT6Q, STM32U5A9ZJT6Q, STM32U5A9ZJY6QTR, STM32WB1MMCH6, STM32WBA52CEU6, STM32WBA52CEU6T, STM32WBA52CGU6, STM32WBA52CGU6T, STM32WL5MOCH6, STM32WL5MOCH6TR]
2023-04-28 13:41:28,625 [INFO] DbMcus:216 - Found 3775 MCUs, 3775 are supported
2023-04-28 13:41:28,626 [INFO] ApiDb:423 - Load user favorites file C:\Users\user/.stm32cubeide/favorites.mcus.txt: 2 item(s)
2023-04-28 13:41:28,626 [INFO] ApiDb:427 - User favorites MCUs=[STM32F103C8T6, STM32H750VBT6]
2023-04-28 13:41:28,626 [INFO] DbMcus:222 - Set 2 / 2 favorites MCUs
2023-04-28 13:41:28,757 [INFO] ApiDb:448 - Save user favorites file C:\Users\user/.stm32cubeide/favorites.boards.txt: 1 item(s)
2023-04-28 13:41:28,757 [INFO] ApiDb:452 - User favorites Boards=[STM32H750B-DK]
2023-04-28 13:41:28,759 [INFO] ApiDb:581 - Connected to CubeFinder SQLite database (C:\Users\user\.stmcufinder\plugins\mcufinder\mcu\cube-finder-db.db)
2023-04-28 13:41:28,793 [INFO] ApiDb:668 - CubeFinder database Data Model version=2.1
2023-04-28 13:41:28,793 [INFO] ApiDb:669 - CubeFinder database Configuration version=3.0.35
2023-04-28 13:41:28,793 [INFO] ApiDb:670 - CubeFinder database generation date=2023-04-03 (1680511692)
2023-04-28 13:41:28,793 [INFO] ApiDb:671 - CubeFinder database FW Pack versions=[FP-ATR-ASTRA1_V2.0.0, STM32Cube_FW_C0_V1.0.1, STM32Cube_FW_F0_V1.11.4, STM32Cube_FW_F3_V1.11.4, STM32Cube_FW_F4_V1.27.1, STM32Cube_FW_F7_V1.17.0, STM32Cube_FW_G0_V1.6.1, STM32Cube_FW_G4_V1.5.1, STM32Cube_FW_H5_V0.5.1, STM32Cube_FW_H5_V1.0.0, STM32Cube_FW_H7_V1.11.0, STM32Cube_FW_L0_V1.12.2, STM32Cube_FW_L5_V1.5.0, STM32Cube_FW_U5_V1.2.0, STM32Cube_FW_WBA_V1.0.0, STM32Cube_FW_WBA_V1.0.0RC1, STM32Cube_FW_WBA_V1.0.0RC3, STM32Cube_FW_WB_V1.15.0RC1, STM32Cube_FW_WB_V1.16.0, STM32Cube_FW_WB_V1.16.0RC2, STM32Cube_FW_WL_V1.3.0, X-CUBE-ALGOBUILD_V1.3.0, X-CUBE-ALS_V1.0.1, X-CUBE-AZRTOS-F4_V1.1.0, X-CUBE-AZRTOS-F7_V1.1.0, X-CUBE-AZRTOS-G0_V1.1.0, X-CUBE-AZRTOS-G4_V1.0.0, X-CUBE-AZRTOS-H7_V3.0.0, X-CUBE-AZRTOS-L4_V1.0.0, X-CUBE-AZRTOS-L5_V1.1.0, X-CUBE-AZRTOS-WB_V1.1.0, X-CUBE-AZRTOS-WL_V1.0.0, X-CUBE-BLE1_V6.2.4, X-CUBE-BLE2_V3.3.0, X-CUBE-BLEMGR_V1.3.0, X-CUBE-EEPRMA1_V4.1.0, X-CUBE-FREERTOS_V1.0.1, X-CUBE-GNSS1_V6.0.0, X-CUBE-MEMS1_V9.1.0, X-CUBE-MEMS1_V9.4.0, X-CUBE-MEMS1_V9.5.0, X-CUBE-NFC4_V3.0.0, X-CUBE-NFC7_V1.0.0, X-CUBE-SFXS2LP1_V4.0.0, X-CUBE-SUBG2_V5.0.0]
2023-04-28 13:41:28,829 [INFO] DbBoardsSqlite:226 - include board P-NUCLEO-WB55-NUCLEO as a kit item of type 'Nucleo-64'
2023-04-28 13:41:28,829 [INFO] DbBoardsSqlite:226 - include board P-NUCLEO-WB55-USBDONGLE as a kit item of type 'Nucleo USB Dongle'
2023-04-28 13:41:28,829 [INFO] DbBoardsSqlite:226 - include board STEVAL-IDP005V1 as a kit item of type 'Evaluation Board'
2023-04-28 13:41:28,829 [INFO] DbBoardsSqlite:226 - include board STEVAL-IDP005V2 as a kit item of type 'Evaluation Board'
2023-04-28 13:41:28,860 [INFO] ApiDb:240 - Found 297 in-development CPN: [B-G473E-ZEST1S, B-WB1M-WPAN1, B-WL5M-SUBG1, NUCLEO-C031C6, NUCLEO-H503RB, NUCLEO-H563ZI, NUCLEO-U545RE-Q, NUCLEO-U5A5ZJ-Q, NUCLEO-WBA52CG, STEVAL-PROTEUS1, STEVAL-STWINBX1, STM320518-EVAL, STM32C0116-DK, STM32C011D6Y3TR, STM32C011D6Y6TR, STM32C011F4P3, STM32C011F4P6, STM32C011F4U3, STM32C011F4U6TR, STM32C011F6P3, STM32C011F6P6, STM32C011F6U3, STM32C011F6U6TR, STM32C011J4M3, STM32C011J4M6, STM32C011J6M3, STM32C011J6M6, STM32C0316-DK, STM32C031C4T3, STM32C031C4T6, STM32C031C4U3, STM32C031C4U6, STM32C031C6T3, STM32C031C6T6, STM32C031C6U3, STM32C031C6U6, STM32C031F4P3, STM32C031F4P6, STM32C031F6P3, STM32C031F6P6, STM32C031G4U3, STM32C031G4U6, STM32C031G6U3, STM32C031G6U6, STM32C031K4T3, STM32C031K4T6, STM32C031K4U3, STM32C031K4U6, STM32C031K6T3, STM32C031K6T6, STM32C031K6U3, STM32C031K6U6, STM32G071K8TXN, STM32G071K8UXN, STM32G081GBU6N, STM32G081KBT6N, STM32G081KBUXN, STM32G0B1CCT6N, STM32G0B1KCT6, STM32G0B1NEY6TR, STM32G0B1RCT6N, STM32G0C1CCT6, STM32G0C1CCT6N, STM32G0C1CCU6N, STM32G0C1CET6N, STM32G0C1CEU6N, STM32G0C1KCT6, STM32G0C1NEY6TR, STM32G0C1RCI6N, STM32G0C1RCT6N, STM32G0C1REI6N, STM32G0C1RET6N, STM32G0C1VCI6, STM32G0C1VEI6, STM32G471CCT6, STM32G471CCU6, STM32G471CET3, STM32G471CET6, STM32G471CEU3, STM32G471CEU6, STM32G471MCT6, STM32G471MET3, STM32G471MET6, STM32G471MEY6TR, STM32G471QCT6, STM32G471QET3, STM32G471RCT6, STM32G471RET3, STM32G471RET6, STM32G471VCH6, STM32G471VCI6, STM32G471VCT6, STM32G471VEH3, STM32G471VEH6, STM32G471VEI3, STM32G471VEI6, STM32G471VET3, STM32G471VET6, STM32G474CCT6, STM32H503CBT6, STM32H503CBU6, STM32H503EBY6TR, STM32H503KBU6, STM32H503RBT6, STM32H562AGI6, STM32H562AII6, STM32H562IGK6, STM32H562IGT6, STM32H562IIK6, STM32H562IIT6, STM32H562RGT6, STM32H562RGV6, STM32H562RIT6, STM32H562RIV6, STM32H562VGT6, STM32H562VIT6, STM32H562ZGT6, STM32H562ZIT6, STM32H563AGI6, STM32H563AII3Q, STM32H563AII6, STM32H563IGK6, STM32H563IGT6, STM32H563IIK3Q, STM32H563IIK6, STM32H563IIT3Q, STM32H563IIT6, STM32H563MIY3QTR, STM32H563RGT6, STM32H563RGV6, STM32H563RIT6, STM32H563RIV6, STM32H563VGT6, STM32H563VIT3Q, STM32H563VIT6, STM32H563ZGT6, STM32H563ZIT3Q, STM32H563ZIT6, STM32H573AII3Q, STM32H573AII6, STM32H573I-DK, STM32H573IIK3Q, STM32H573IIK6, STM32H573IIT3Q, STM32H573IIT6, STM32H573MIY3QTR, STM32H573RIT6, STM32H573RIV6, STM32H573VIT3Q, STM32H573VIT6, STM32H573ZIT3Q, STM32H573ZIT6, STM32L4R5QGI6STR, STM32MP131AAE3, STM32MP131AAF3, STM32MP131AAG3, STM32MP131CAE3, STM32MP131CAF3, STM32MP131CAG3, STM32MP131DAE7, STM32MP131DAF7, STM32MP131DAG7, STM32MP131FAE7, STM32MP131FAF7, STM32MP131FAG7, STM32MP133AAE3, STM32MP133AAF3, STM32MP133AAG3, STM32MP133CAE3, STM32MP133CAF3, STM32MP133CAG3, STM32MP133DAE7, STM32MP133DAF7, STM32MP133DAG7, STM32MP133FAE7, STM32MP133FAF7, STM32MP133FAG7, STM32MP135AAE3, STM32MP135AAF3, STM32MP135AAG3, STM32MP135CAE3, STM32MP135CAF3, STM32MP135CAG3, STM32MP135DAE7, STM32MP135DAF7, STM32MP135DAG7, STM32MP135F-DK, STM32MP135FAE7, STM32MP135FAF7, STM32MP135FAF7T, STM32MP135FAF7U, STM32MP135FAG7, STM32U535CBT6, STM32U535CBT6Q, STM32U535CBU6, STM32U535CBU6Q, STM32U535CCT6, STM32U535CCT6Q, STM32U535CCU6, STM32U535CCU6Q, STM32U535CET6, STM32U535CET6Q, STM32U535CEU6, STM32U535CEU6Q, STM32U535JEY6QTR, STM32U535NCY6QTR, STM32U535NEY6QTR, STM32U535RBI6, STM32U535RBI6Q, STM32U535RBT6, STM32U535RBT6Q, STM32U535RCI6, STM32U535RCI6Q, STM32U535RCT6, STM32U535RCT6Q, STM32U535REI6, STM32U535REI6Q, STM32U535RET6, STM32U535RET6Q, STM32U535VCI6, STM32U535VCI6Q, STM32U535VCT6, STM32U535VCT6Q, STM32U535VEI6, STM32U535VEI6Q, STM32U535VET6, STM32U535VET6Q, STM32U545CET6, STM32U545CET6Q, STM32U545CEU6, STM32U545CEU6Q, STM32U545JEY6QTR, STM32U545NEY6QTR, STM32U545REI6, STM32U545REI6Q, STM32U545RET6, STM32U545RET6Q, STM32U545VEI6, STM32U545VEI6Q, STM32U545VET6, STM32U545VET6Q, STM32U595AIH6, STM32U595AIH6Q, STM32U595AJH6, STM32U595AJH6Q, STM32U595QII6, STM32U595QII6Q, STM32U595QJI6, STM32U595QJI6Q, STM32U595RIT6, STM32U595RIT6Q, STM32U595RJT6, STM32U595RJT6Q, STM32U595VIT6, STM32U595VIT6Q, STM32U595VJT6, STM32U595VJT6Q, STM32U595ZIT6, STM32U595ZIT6Q, STM32U595ZIY6QTR, STM32U595ZJT6, STM32U595ZJT6Q, STM32U595ZJY6QTR, STM32U599BJY6QTR, STM32U599NIH6Q, STM32U599NJH6Q, STM32U599VIT6Q, STM32U599VJT6, STM32U599VJT6Q, STM32U599ZIT6Q, STM32U599ZIY6QTR, STM32U599ZJT6Q, STM32U599ZJY6QTR, STM32U5A5AJH6, STM32U5A5AJH6Q, STM32U5A5QJI6, STM32U5A5QJI6Q, STM32U5A5RJT6, STM32U5A5RJT6Q, STM32U5A5VJT6, STM32U5A5VJT6Q, STM32U5A5ZJT6, STM32U5A5ZJT6Q, STM32U5A5ZJY6QTR, STM32U5A9BJY6QTR, STM32U5A9J-DK, STM32U5A9NJH6Q, STM32U5A9VJT6Q, STM32U5A9ZJT6Q, STM32U5A9ZJY6QTR, STM32WB1MMCH6, STM32WBA52CEU6, STM32WBA52CEU6T, STM32WBA52CGU6, STM32WBA52CGU6T, STM32WL5MOCH6, STM32WL5MOCH6TR]
2023-04-28 13:41:29,194 [INFO] BoardInfo:880 - No configuration file found for board P-NUCLEO-WB55
2023-04-28 13:41:29,194 [INFO] DbBoards:157 - Kit is not supported: P-NUCLEO-WB55
2023-04-28 13:41:29,206 [INFO] BoardInfo:880 - No configuration file found for board STEVAL-BFA001V1B
2023-04-28 13:41:29,206 [INFO] DbBoards:157 - Kit is not supported: STEVAL-BFA001V1B
2023-04-28 13:41:29,209 [INFO] BoardInfo:880 - No configuration file found for board STEVAL-BFA001V2B
2023-04-28 13:41:29,209 [INFO] DbBoards:157 - Kit is not supported: STEVAL-BFA001V2B
2023-04-28 13:41:29,531 [INFO] DbBoards:161 - Found 187 boards, 184 are supported
2023-04-28 13:41:29,533 [INFO] ApiDb:423 - Load user favorites file C:\Users\user/.stm32cubeide/favorites.boards.txt: 1 item(s)
2023-04-28 13:41:29,533 [INFO] ApiDb:427 - User favorites Boards=[STM32H750B-DK]
2023-04-28 13:41:29,534 [INFO] DbBoards:190 - Set 1 / 1 favorites Boards
2023-04-28 13:41:29,567 [INFO] LoadUrlFilesThread:185 - End of LoadServerUrlFiles without Thread
2023-04-28 13:41:29,567 [INFO] TargetSelectorAdapter:259 - Refresh data is successful
2023-04-28 13:41:29,571 [INFO] ApiDb:668 - CubeFinder database Data Model version=2.1
2023-04-28 13:41:29,571 [INFO] ApiDb:669 - CubeFinder database Configuration version=3.0.35
2023-04-28 13:41:29,571 [INFO] ApiDb:670 - CubeFinder database generation date=2023-04-03 (1680511692)
2023-04-28 13:41:29,571 [INFO] ApiDb:671 - CubeFinder database FW Pack versions=[FP-ATR-ASTRA1_V2.0.0, STM32Cube_FW_C0_V1.0.1, STM32Cube_FW_F0_V1.11.4, STM32Cube_FW_F3_V1.11.4, STM32Cube_FW_F4_V1.27.1, STM32Cube_FW_F7_V1.17.0, STM32Cube_FW_G0_V1.6.1, STM32Cube_FW_G4_V1.5.1, STM32Cube_FW_H5_V0.5.1, STM32Cube_FW_H5_V1.0.0, STM32Cube_FW_H7_V1.11.0, STM32Cube_FW_L0_V1.12.2, STM32Cube_FW_L5_V1.5.0, STM32Cube_FW_U5_V1.2.0, STM32Cube_FW_WBA_V1.0.0, STM32Cube_FW_WBA_V1.0.0RC1, STM32Cube_FW_WBA_V1.0.0RC3, STM32Cube_FW_WB_V1.15.0RC1, STM32Cube_FW_WB_V1.16.0, STM32Cube_FW_WB_V1.16.0RC2, STM32Cube_FW_WL_V1.3.0, X-CUBE-ALGOBUILD_V1.3.0, X-CUBE-ALS_V1.0.1, X-CUBE-AZRTOS-F4_V1.1.0, X-CUBE-AZRTOS-F7_V1.1.0, X-CUBE-AZRTOS-G0_V1.1.0, X-CUBE-AZRTOS-G4_V1.0.0, X-CUBE-AZRTOS-H7_V3.0.0, X-CUBE-AZRTOS-L4_V1.0.0, X-CUBE-AZRTOS-L5_V1.1.0, X-CUBE-AZRTOS-WB_V1.1.0, X-CUBE-AZRTOS-WL_V1.0.0, X-CUBE-BLE1_V6.2.4, X-CUBE-BLE2_V3.3.0, X-CUBE-BLEMGR_V1.3.0, X-CUBE-EEPRMA1_V4.1.0, X-CUBE-FREERTOS_V1.0.1, X-CUBE-GNSS1_V6.0.0, X-CUBE-MEMS1_V9.1.0, X-CUBE-MEMS1_V9.4.0, X-CUBE-MEMS1_V9.5.0, X-CUBE-NFC4_V3.0.0, X-CUBE-NFC7_V1.0.0, X-CUBE-SFXS2LP1_V4.0.0, X-CUBE-SUBG2_V5.0.0]
2023-04-28 13:41:31,315 [INFO] DbExamplesSqlite:376 - Ignored 46 examples not supported by CubeIDE
2023-04-28 13:41:31,315 [INFO] DbExamplesSqlite:377 - Found 7336 examples active
2023-04-28 13:41:31,315 [INFO] DbExamplesSqlite:378 - Found 1095 examples obsolete
2023-04-28 13:41:31,315 [INFO] DbExamplesSqlite:379 - Found 0 examples under development
2023-04-28 13:41:31,315 [INFO] DbExamplesSqlite:380 - Found 77 examples not building
2023-04-28 13:41:31,316 [INFO] DbExamples:125 - Found 7367 examples
2023-04-28 13:41:31,329 [INFO] DbExamples:222 - Found 92 boards with related examples
2023-04-28 13:41:31,330 [INFO] DbExamples:235 - Found 78 MCUs with related examples
2023-04-28 13:41:31,349 [INFO] ApiDb:414 - User favorites file not found: C:\Users\user/.stm32cubeide/favorites.examples.txt
2023-04-28 13:41:31,356 [INFO] DbExamples:250 - Set 0 / 0 favorites Examples
2023-04-28 13:41:31,477 [INFO] McuFinderGlobals:66 - Set McuFinderConnectedMode to true
2023-04-28 13:41:31,479 [INFO] MultiScanPanel:200 - Auto-refresh data requested => check proxy status ongoing
2023-04-28 13:41:31,480 [INFO] FinderPluginLoader:95 - Searching for filters in installed packs
2023-04-28 13:41:32,435 [INFO] LoadUrlFilesThread:185 - End of LoadServerUrlFiles without Thread
2023-04-28 13:41:32,437 [INFO] DetailPanel:341 - Set advertising image to C:/Users/user/STM32Cube/Repository/\en.prom-stm32h5-mcu-finder.jpg
2023-04-28 13:42:24,108 [INFO] MainUpdater:2854 - connection check result : 10
2023-04-28 13:42:24,108 [INFO] MainUpdater:2854 - connection check result : 10
2023-04-28 13:42:25,692 [INFO] MicroXplorer:468 - Change Database Path : 
2023-04-28 13:42:25,692 [INFO] MicroXplorer:498 - Change Database Version : DB.6.0.80
2023-04-28 13:42:25,759 [WARN] ThirdParty:871 - waiting for thirdparty lock release [close project]
2023-04-28 13:42:25,759 [INFO] ThirdParty:873 - entering critical section [close project]
2023-04-28 13:42:25,759 [INFO] ThirdParty:883 - exiting critical section [close project]
2023-04-28 13:42:25,763 [INFO] PinOutPanel:1499 - setPackage(No Configuration,No Configuration)
2023-04-28 13:42:25,775 [WARN] IpParametersView:150 - Warning: This peripheral hasn't parameters
2023-04-28 13:42:25,783 [WARN] MainPanel:257 - <html><b><center>Warning: This peripheral has no parameters to be configured<br></b></html>
2023-04-28 13:42:25,788 [INFO] UtilMem:75 - Begin LoadConfig() Used Memory: 652461112 Bytes (1073741824)
2023-04-28 13:42:25,788 [INFO] MicroXplorer:468 - Change Database Path : 
2023-04-28 13:42:25,788 [INFO] MicroXplorer:498 - Change Database Version : DB.6.0.80
2023-04-28 13:42:25,788 [INFO] OpenFileManager:308 - Change cursor
2023-04-28 13:42:25,812 [INFO] RulesReader:64 - Compatibility file has been processed (293 Rules)
2023-04-28 13:42:25,828 [INFO] Mcu:1937 - Initializing MCU STM32H750VBTx STM32H750VBTx 
2023-04-28 13:42:25,828 [INFO] Mcu:1950 - No CPN specified => set CPN to STM32H750VBT6
2023-04-28 13:42:29,581 [INFO] Context:659 - Trying to add GPIOservice into a context  which must be forbidden
2023-04-28 13:42:30,844 [INFO] ImportTextPane:194 - (OptionalMessage_ERROR) Unable to find key (Mcu.ThirdPartyNb) in loaded IOC file
2023-04-28 13:42:30,844 [INFO] ImportTextPane:194 - (OptionalMessage_ERROR) Unable to find key (Mcu.PinsNb) in loaded IOC file
2023-04-28 13:42:30,844 [INFO] ImportTextPane:194 - (OptionalMessage_ERROR) Unable to find key (Mcu.IPNb) in loaded IOC file
2023-04-28 13:42:30,875 [INFO] RtosManager:555 - Registered RTOS mode: class=CMSIS, group=RTOS, mode=CMSIS_V1, owner=FREERTOS
2023-04-28 13:42:30,875 [INFO] RtosManager:555 - Registered RTOS mode: class=CMSIS, group=RTOS2, mode=CMSIS_V2, owner=FREERTOS
2023-04-28 13:42:30,875 [INFO] RtosManager:555 - Registered RTOS mode: class=RTOS, group=Core, mode=CMSIS_V1, owner=FREERTOS
2023-04-28 13:42:30,875 [INFO] RtosManager:555 - Registered RTOS mode: class=RTOS, group=Core, mode=CMSIS_V2, owner=FREERTOS
2023-04-28 13:42:30,875 [WARN] ModelIntegratedComponent:184 - Missing modes for component STMicroelectronics:FreeRTOS:0.0.1:STMicroelectronics:RTOS:FreeRTOS:Core:::10.2.0:
2023-04-28 13:42:30,882 [WARN] ModelIntegratedComponent:63 - No mode defined for component null
2023-04-28 13:42:30,882 [WARN] ModelIntegratedComponent:63 - No mode defined for component null
2023-04-28 13:42:30,882 [WARN] ModelIntegratedComponent:63 - No mode defined for component null
2023-04-28 13:42:30,882 [WARN] ModelIntegratedComponent:63 - No mode defined for component null
2023-04-28 13:42:30,882 [WARN] ModelIntegratedComponent:63 - No mode defined for component null
2023-04-28 13:42:30,882 [WARN] ModelIntegratedComponent:63 - No mode defined for component null
2023-04-28 13:42:30,882 [WARN] ModelIntegratedComponent:63 - No mode defined for component null
2023-04-28 13:42:30,882 [WARN] ModelIntegratedComponent:63 - No mode defined for component null
2023-04-28 13:42:30,882 [WARN] ModelIntegratedComponent:63 - No mode defined for component null
2023-04-28 13:42:30,882 [WARN] ModelIntegratedComponent:63 - No mode defined for component null
2023-04-28 13:42:30,882 [WARN] ModelIntegratedComponent:63 - No mode defined for component null
2023-04-28 13:42:30,882 [WARN] ModelIntegratedComponent:63 - No mode defined for component null
2023-04-28 13:42:30,882 [WARN] ModelIntegratedComponent:63 - No mode defined for component null
2023-04-28 13:42:30,882 [WARN] ModelIntegratedComponent:63 - No mode defined for component null
2023-04-28 13:42:30,882 [WARN] ModelIntegratedComponent:63 - No mode defined for component null
2023-04-28 13:42:30,882 [WARN] ModelIntegratedComponent:63 - No mode defined for component null
2023-04-28 13:42:30,882 [WARN] ModelIntegratedComponent:63 - No mode defined for component null
2023-04-28 13:42:30,882 [WARN] ModelIntegratedComponent:63 - No mode defined for component null
2023-04-28 13:42:30,882 [WARN] ModelIntegratedComponent:63 - No mode defined for component null
2023-04-28 13:42:30,882 [WARN] ModelIntegratedComponent:63 - No mode defined for component null
2023-04-28 13:42:30,882 [WARN] ModelIntegratedComponent:63 - No mode defined for component null
2023-04-28 13:42:30,882 [WARN] ModelIntegratedComponent:63 - No mode defined for component null
2023-04-28 13:42:30,882 [WARN] ModelIntegratedComponent:63 - No mode defined for component null
2023-04-28 13:42:30,882 [WARN] ModelIntegratedComponent:63 - No mode defined for component null
2023-04-28 13:42:30,882 [WARN] ModelIntegratedComponent:63 - No mode defined for component null
2023-04-28 13:42:30,882 [WARN] ModelIntegratedComponent:63 - No mode defined for component null
2023-04-28 13:42:30,882 [WARN] ModelIntegratedComponent:63 - No mode defined for component null
2023-04-28 13:42:30,882 [WARN] ModelIntegratedComponent:63 - No mode defined for component null
2023-04-28 13:42:30,882 [WARN] ModelIntegratedComponent:63 - No mode defined for component null
2023-04-28 13:42:30,882 [WARN] ModelIntegratedComponent:63 - No mode defined for component null
2023-04-28 13:42:30,882 [WARN] ModelIntegratedComponent:63 - No mode defined for component null
2023-04-28 13:42:30,882 [WARN] ModelIntegratedComponent:63 - No mode defined for component null
2023-04-28 13:42:30,882 [WARN] ModelIntegratedComponent:63 - No mode defined for component null
2023-04-28 13:42:30,932 [INFO] ThirdPartyModel:298 - Start build external matchings
2023-04-28 13:42:31,097 [INFO] ThirdPartyModel:316 - End build external matchings
2023-04-28 13:42:31,407 [INFO] UtilMem:75 - End LoadConfig() Used Memory: 809466408 Bytes (1073741824)
2023-04-28 13:42:31,420 [WARN] ThirdParty:833 - waiting for thirdparty lock release [change project]
2023-04-28 13:42:31,420 [INFO] ThirdParty:835 - entering critical section [change project]
2023-04-28 13:42:31,420 [INFO] ThirdParty:1030 - CMSIS Pack Vendor :STMicroelectronics X-CUBE-ISPU 1.1.0
2023-04-28 13:42:31,420 [INFO] ThirdParty:1030 - CMSIS Pack Vendor :RoweBots I-CUBE-UNISONRTOS 5.5.0-4
2023-04-28 13:42:31,420 [INFO] ThirdParty:1030 - CMSIS Pack Vendor :STMicroelectronics X-CUBE-GNSS1 6.0.0
2023-04-28 13:42:31,420 [INFO] ThirdParty:1030 - CMSIS Pack Vendor :STMicroelectronics USB_HOST 2.0.0
2023-04-28 13:42:31,420 [INFO] ThirdParty:1030 - CMSIS Pack Vendor :STMicroelectronics X-CUBE-AZRTOS-F4 1.1.0
2023-04-28 13:42:31,420 [INFO] ThirdParty:1030 - CMSIS Pack Vendor :STMicroelectronics LIBJPEG 8.0.0
2023-04-28 13:42:31,420 [INFO] ThirdParty:1030 - CMSIS Pack Vendor :STMicroelectronics X-CUBE-SMBUS 2.1.0
2023-04-28 13:42:31,420 [INFO] ThirdParty:1030 - CMSIS Pack Vendor :STMicroelectronics USB_DEVICE 3.0.0
2023-04-28 13:42:31,420 [INFO] ThirdParty:1030 - CMSIS Pack Vendor :STMicroelectronics X-CUBE-AI 8.0.0
2023-04-28 13:42:31,420 [INFO] ThirdParty:1030 - CMSIS Pack Vendor :STMicroelectronics X-CUBE-FREERTOS 1.0.0
2023-04-28 13:42:31,420 [INFO] ThirdParty:1030 - CMSIS Pack Vendor :STMicroelectronics X-CUBE-FREERTOS 1.0.1
2023-04-28 13:42:31,420 [INFO] ThirdParty:1030 - CMSIS Pack Vendor :STMicroelectronics X-CUBE-TOUCHGFX 4.21.1
2023-04-28 13:42:31,420 [INFO] ThirdParty:1030 - CMSIS Pack Vendor :STMicroelectronics X-CUBE-TOUCHGFX 4.21.3
2023-04-28 13:42:31,420 [INFO] ThirdParty:1030 - CMSIS Pack Vendor :STMicroelectronics X-CUBE-AZRTOS-F7 1.1.0
2023-04-28 13:42:31,420 [INFO] ThirdParty:1030 - CMSIS Pack Vendor :STMicroelectronics USB_DEVICE 2.0.0
2023-04-28 13:42:31,420 [INFO] ThirdParty:1030 - CMSIS Pack Vendor :STMicroelectronics X-CUBE-ALGOBUILD 1.3.0
2023-04-28 13:42:31,420 [INFO] ThirdParty:1030 - CMSIS Pack Vendor :STMicroelectronics X-CUBE-BLE1 6.2.4
2023-04-28 13:42:31,420 [INFO] ThirdParty:1030 - CMSIS Pack Vendor :STMicroelectronics X-CUBE-AZRTOS-L5 1.1.0
2023-04-28 13:42:31,420 [INFO] ThirdParty:1030 - CMSIS Pack Vendor :STMicroelectronics FreeRTOS 0.0.1
2023-04-28 13:42:31,420 [INFO] ThirdParty:1030 - CMSIS Pack Vendor :emotas I-CUBE-CANOPEN 1.1.3
2023-04-28 13:42:31,420 [INFO] ThirdParty:1030 - CMSIS Pack Vendor :STMicroelectronics X-CUBE-AZRTOS-G0 1.1.0
2023-04-28 13:42:31,420 [INFO] ThirdParty:1030 - CMSIS Pack Vendor :STMicroelectronics X-CUBE-BLEMGR 2.0.0
2023-04-28 13:42:31,420 [INFO] ThirdParty:1030 - CMSIS Pack Vendor :STMicroelectronics X-CUBE-SUBG2 5.0.0
2023-04-28 13:42:31,420 [INFO] ThirdParty:1030 - CMSIS Pack Vendor :STMicroelectronics X-CUBE-NFC4 3.0.0
2023-04-28 13:42:31,420 [INFO] ThirdParty:1030 - CMSIS Pack Vendor :STMicroelectronics STM32_WPAN 1.0.0
2023-04-28 13:42:31,420 [INFO] ThirdParty:1030 - CMSIS Pack Vendor :STMicroelectronics lwIP 2.0.3
2023-04-28 13:42:31,420 [INFO] ThirdParty:1030 - CMSIS Pack Vendor :STMicroelectronics USB_HOST 1.0.0
2023-04-28 13:42:31,420 [INFO] ThirdParty:1030 - CMSIS Pack Vendor :STMicroelectronics PDM2PCM 3.1.0
2023-04-28 13:42:31,420 [INFO] ThirdParty:1030 - CMSIS Pack Vendor :STMicroelectronics X-CUBE-AZRTOS-H7 3.1.0
2023-04-28 13:42:31,420 [INFO] ThirdParty:1030 - CMSIS Pack Vendor :STMicroelectronics X-CUBE-TOF1 3.3.0
2023-04-28 13:42:31,420 [INFO] ThirdParty:1030 - CMSIS Pack Vendor :STMicroelectronics FP-ATR-ASTRA1 1.1.1
2023-04-28 13:42:31,420 [INFO] ThirdParty:1030 - CMSIS Pack Vendor :STMicroelectronics PDM2PCM 3.3.0
2023-04-28 13:42:31,420 [INFO] ThirdParty:1030 - CMSIS Pack Vendor :STMicroelectronics X-CUBE-DISPLAY 3.0.0
2023-04-28 13:42:31,420 [INFO] ThirdParty:1030 - CMSIS Pack Vendor :STMicroelectronics X-CUBE-AZRTOS-G4 1.0.0
2023-04-28 13:42:31,420 [INFO] ThirdParty:1030 - CMSIS Pack Vendor :STMicroelectronics FP-ATR-SIGFOX1 3.2.0
2023-04-28 13:42:31,420 [INFO] ThirdParty:1030 - CMSIS Pack Vendor :wolfSSL I-CUBE-wolfSSL 5.5.4
2023-04-28 13:42:31,420 [INFO] ThirdParty:1030 - CMSIS Pack Vendor :STMicroelectronics X-CUBE-AZRTOS-L4 1.0.0
2023-04-28 13:42:31,420 [INFO] ThirdParty:1030 - CMSIS Pack Vendor :STMicroelectronics HAL Drivers 0.0.0
2023-04-28 13:42:31,420 [INFO] ThirdParty:1030 - CMSIS Pack Vendor :STMicroelectronics MBEDTLS 2.16.2
2023-04-28 13:42:31,420 [INFO] ThirdParty:1030 - CMSIS Pack Vendor :STMicroelectronics MBEDTLS 2.14.1
2023-04-28 13:42:31,420 [INFO] ThirdParty:1030 - CMSIS Pack Vendor :STMicroelectronics X-CUBE-NFC7 1.0.0
2023-04-28 13:42:31,420 [INFO] ThirdParty:1030 - CMSIS Pack Vendor :STMicroelectronics X-CUBE-AZRTOS-WL 1.0.0
2023-04-28 13:42:31,420 [INFO] ThirdParty:1030 - CMSIS Pack Vendor :STMicroelectronics X-CUBE-EEPRMA1 4.1.0
2023-04-28 13:42:31,420 [INFO] ThirdParty:1030 - CMSIS Pack Vendor :portGmbH I-Cube-SoM-uGOAL 1.1.0
2023-04-28 13:42:31,420 [INFO] ThirdParty:1030 - CMSIS Pack Vendor :STMicroelectronics X-CUBE-ALS 1.0.1
2023-04-28 13:42:31,420 [INFO] ThirdParty:1030 - CMSIS Pack Vendor :STMicroelectronics X-CUBE-MEMS1 9.5.0
2023-04-28 13:42:31,420 [INFO] ThirdParty:1030 - CMSIS Pack Vendor :STMicroelectronics ThreadX 1.0.0
2023-04-28 13:42:31,420 [INFO] ThirdParty:1030 - CMSIS Pack Vendor :STMicroelectronics X-CUBE-AZRTOS-WB 1.1.0
2023-04-28 13:42:31,420 [INFO] ThirdParty:1030 - CMSIS Pack Vendor :SEGGER I-CUBE-embOS 1.3.1
2023-04-28 13:42:31,420 [INFO] ThirdParty:1030 - CMSIS Pack Vendor :STMicroelectronics USB_DEVICE 1.0.0
2023-04-28 13:42:31,420 [INFO] ThirdParty:1030 - CMSIS Pack Vendor :STMicroelectronics ThreadX 0.0.2
2023-04-28 13:42:31,420 [INFO] ThirdParty:1030 - CMSIS Pack Vendor :WES I-CUBE-Cesium 1.3.0
2023-04-28 13:42:31,420 [INFO] ThirdParty:1030 - CMSIS Pack Vendor :STMicroelectronics FP-ATR-ASTRA1 2.0.0
2023-04-28 13:42:31,420 [INFO] ThirdParty:1030 - CMSIS Pack Vendor :STMicroelectronics lwIP 2.1.2
2023-04-28 13:42:31,420 [INFO] ThirdParty:1030 - CMSIS Pack Vendor :STMicroelectronics X-CUBE-SFXS2LP1 4.0.0
2023-04-28 13:42:31,420 [INFO] ThirdParty:1030 - CMSIS Pack Vendor :STMicroelectronics X-CUBE-BLE2 3.3.0
2023-04-28 13:42:31,420 [INFO] ThirdParty:1030 - CMSIS Pack Vendor :STMicroelectronics X-CUBE-TOF1 3.2.0
2023-04-28 13:42:31,420 [INFO] ThirdParty:1030 - CMSIS Pack Vendor :STMicroelectronics PDM2PCM 3.2.0
2023-04-28 13:42:31,422 [INFO] ThirdParty:1030 - CMSIS Pack Vendor :STMicroelectronics X-CUBE-AZRTOS-H7 3.0.0
2023-04-28 13:42:31,422 [INFO] ThirdParty:841 - exiting critical section [change project]
2023-04-28 13:42:31,704 [INFO] PinOutPanel:1499 - setPackage(No Configuration,No Configuration)
2023-04-28 13:42:31,709 [INFO] PinOutPanel:1499 - setPackage(STM32H750VBTx,LQFP100)
2023-04-28 13:42:32,409 [INFO] UtilMem:75 - Before build in PCC Used Memory: 784427064 Bytes (1073741824)
2023-04-28 13:42:32,658 [INFO] UtilMem:75 - After build in PCC Used Memory: 843673656 Bytes (1073741824)
2023-04-28 13:42:32,692 [INFO] IPUIPlugin:80 - create IPUIPlugin
2023-04-28 13:42:32,692 [INFO] IPUIPlugin:80 - create IPUIPlugin
2023-04-28 13:42:32,692 [INFO] IPUIPlugin:80 - create IPUIPlugin
2023-04-28 13:42:32,692 [INFO] IPUIPlugin:80 - create IPUIPlugin
2023-04-28 13:42:32,692 [INFO] IPUIPlugin:80 - create IPUIPlugin
2023-04-28 13:42:32,692 [INFO] IPUIPlugin:80 - create IPUIPlugin
2023-04-28 13:42:32,692 [INFO] IPUIPlugin:80 - create IPUIPlugin
2023-04-28 13:42:32,692 [INFO] IPUIPlugin:80 - create IPUIPlugin
2023-04-28 13:42:32,692 [INFO] IPUIPlugin:80 - create IPUIPlugin
2023-04-28 13:42:32,692 [INFO] IPUIPlugin:80 - create IPUIPlugin
2023-04-28 13:42:32,692 [INFO] IPUIPlugin:80 - create IPUIPlugin
2023-04-28 13:42:32,692 [INFO] IPUIPlugin:80 - create IPUIPlugin
2023-04-28 13:42:32,692 [INFO] IPUIPlugin:80 - create IPUIPlugin
2023-04-28 13:42:32,692 [INFO] IPUIPlugin:80 - create IPUIPlugin
2023-04-28 13:42:32,692 [INFO] IPUIPlugin:80 - create IPUIPlugin
2023-04-28 13:42:32,692 [INFO] IPUIPlugin:80 - create IPUIPlugin
2023-04-28 13:42:32,692 [INFO] IPUIPlugin:80 - create IPUIPlugin
2023-04-28 13:42:32,692 [INFO] IPUIPlugin:80 - create IPUIPlugin
2023-04-28 13:42:32,692 [INFO] IPUIPlugin:80 - create IPUIPlugin
2023-04-28 13:42:32,692 [INFO] IPUIPlugin:80 - create IPUIPlugin
2023-04-28 13:42:32,692 [INFO] IPUIPlugin:80 - create IPUIPlugin
2023-04-28 13:42:32,692 [INFO] IPUIPlugin:80 - create IPUIPlugin
2023-04-28 13:42:32,692 [INFO] IPUIPlugin:80 - create IPUIPlugin
2023-04-28 13:42:32,692 [INFO] IPUIPlugin:80 - create IPUIPlugin
2023-04-28 13:42:32,692 [INFO] IPUIPlugin:80 - create IPUIPlugin
2023-04-28 13:42:32,692 [INFO] IPUIPlugin:80 - create IPUIPlugin
2023-04-28 13:42:32,692 [INFO] IPUIPlugin:80 - create IPUIPlugin
2023-04-28 13:42:32,692 [INFO] IPUIPlugin:80 - create IPUIPlugin
2023-04-28 13:42:32,692 [INFO] IPUIPlugin:80 - create IPUIPlugin
2023-04-28 13:42:32,694 [INFO] IPUIPlugin:80 - create IPUIPlugin
2023-04-28 13:42:32,694 [INFO] IPUIPlugin:80 - create IPUIPlugin
2023-04-28 13:42:32,694 [INFO] IPUIPlugin:80 - create IPUIPlugin
2023-04-28 13:42:32,694 [INFO] IPUIPlugin:80 - create IPUIPlugin
2023-04-28 13:42:32,694 [INFO] IPUIPlugin:80 - create IPUIPlugin
2023-04-28 13:42:32,694 [INFO] IPUIPlugin:80 - create IPUIPlugin
2023-04-28 13:42:32,694 [INFO] IPUIPlugin:80 - create IPUIPlugin
2023-04-28 13:42:32,694 [INFO] IPUIPlugin:80 - create IPUIPlugin
2023-04-28 13:42:32,694 [INFO] IPUIPlugin:80 - create IPUIPlugin
2023-04-28 13:42:32,695 [INFO] IPUIPlugin:80 - create IPUIPlugin
2023-04-28 13:42:32,695 [INFO] IPUIPlugin:80 - create IPUIPlugin
2023-04-28 13:42:32,695 [INFO] IPUIPlugin:80 - create IPUIPlugin
2023-04-28 13:42:32,695 [INFO] IPUIPlugin:80 - create IPUIPlugin
2023-04-28 13:42:32,696 [INFO] IPUIPlugin:80 - create IPUIPlugin
2023-04-28 13:42:32,696 [INFO] IPUIPlugin:80 - create IPUIPlugin
2023-04-28 13:42:32,696 [INFO] IPUIPlugin:80 - create IPUIPlugin
2023-04-28 13:42:32,696 [INFO] IPUIPlugin:80 - create IPUIPlugin
2023-04-28 13:42:32,696 [INFO] IPUIPlugin:80 - create IPUIPlugin
2023-04-28 13:42:32,696 [INFO] IPUIPlugin:80 - create IPUIPlugin
2023-04-28 13:42:32,697 [INFO] IPUIPlugin:80 - create IPUIPlugin
2023-04-28 13:42:32,697 [INFO] IPUIPlugin:80 - create IPUIPlugin
2023-04-28 13:42:32,698 [INFO] IPUIPlugin:80 - create IPUIPlugin
2023-04-28 13:42:32,698 [INFO] IPUIPlugin:80 - create IPUIPlugin
2023-04-28 13:42:32,698 [INFO] IPUIPlugin:80 - create IPUIPlugin
2023-04-28 13:42:32,698 [INFO] IPUIPlugin:80 - create IPUIPlugin
2023-04-28 13:42:32,699 [INFO] IPUIPlugin:80 - create IPUIPlugin
2023-04-28 13:42:32,700 [INFO] IPUIPlugin:80 - create IPUIPlugin
2023-04-28 13:42:32,700 [INFO] IPUIPlugin:80 - create IPUIPlugin
2023-04-28 13:42:32,700 [INFO] IPUIPlugin:80 - create IPUIPlugin
2023-04-28 13:42:32,700 [INFO] IPUIPlugin:80 - create IPUIPlugin
2023-04-28 13:42:32,701 [INFO] IPUIPlugin:80 - create IPUIPlugin
2023-04-28 13:42:32,701 [INFO] IPUIPlugin:80 - create IPUIPlugin
2023-04-28 13:42:32,702 [INFO] IPUIPlugin:80 - create IPUIPlugin
2023-04-28 13:42:32,703 [INFO] IPUIPlugin:80 - create IPUIPlugin
2023-04-28 13:42:32,703 [INFO] IPUIPlugin:80 - create IPUIPlugin
2023-04-28 13:42:32,704 [INFO] IPUIPlugin:80 - create IPUIPlugin
2023-04-28 13:42:32,704 [INFO] IPUIPlugin:80 - create IPUIPlugin
2023-04-28 13:42:32,704 [INFO] IPUIPlugin:80 - create IPUIPlugin
2023-04-28 13:42:32,705 [INFO] IPUIPlugin:80 - create IPUIPlugin
2023-04-28 13:42:32,705 [INFO] IPUIPlugin:80 - create IPUIPlugin
2023-04-28 13:42:32,706 [INFO] IPUIPlugin:80 - create IPUIPlugin
2023-04-28 13:42:32,706 [INFO] IPUIPlugin:80 - create IPUIPlugin
2023-04-28 13:42:32,706 [INFO] IPUIPlugin:80 - create IPUIPlugin
2023-04-28 13:42:32,707 [INFO] IPUIPlugin:80 - create IPUIPlugin
2023-04-28 13:42:32,707 [INFO] IPUIPlugin:80 - create IPUIPlugin
2023-04-28 13:42:32,707 [INFO] IPUIPlugin:80 - create IPUIPlugin
2023-04-28 13:42:32,708 [INFO] IPUIPlugin:80 - create IPUIPlugin
2023-04-28 13:42:32,708 [INFO] IPUIPlugin:80 - create IPUIPlugin
2023-04-28 13:42:32,708 [INFO] IPUIPlugin:80 - create IPUIPlugin
2023-04-28 13:42:32,708 [INFO] IPUIPlugin:80 - create IPUIPlugin
2023-04-28 13:42:32,709 [INFO] IPUIPlugin:80 - create IPUIPlugin
2023-04-28 13:42:32,709 [INFO] IPUIPlugin:80 - create IPUIPlugin
2023-04-28 13:42:32,710 [INFO] IPUIPlugin:80 - create IPUIPlugin
2023-04-28 13:42:32,710 [INFO] IPUIPlugin:80 - create IPUIPlugin
2023-04-28 13:42:32,710 [INFO] IPUIPlugin:80 - create IPUIPlugin
2023-04-28 13:42:32,711 [INFO] IPUIPlugin:80 - create IPUIPlugin
2023-04-28 13:42:32,711 [INFO] IPUIPlugin:80 - create IPUIPlugin
2023-04-28 13:42:32,711 [INFO] IPUIPlugin:80 - create IPUIPlugin
2023-04-28 13:42:32,712 [INFO] IPUIPlugin:80 - create IPUIPlugin
2023-04-28 13:42:32,712 [INFO] IPUIPlugin:80 - create IPUIPlugin
2023-04-28 13:42:32,713 [INFO] IPUIPlugin:80 - create IPUIPlugin
2023-04-28 13:42:32,713 [INFO] IPUIPlugin:80 - create IPUIPlugin
2023-04-28 13:42:32,713 [INFO] IPUIPlugin:80 - create IPUIPlugin
2023-04-28 13:42:32,714 [INFO] IPUIPlugin:80 - create IPUIPlugin
2023-04-28 13:42:32,715 [INFO] IPUIPlugin:80 - create IPUIPlugin
2023-04-28 13:42:32,715 [INFO] IPUIPlugin:80 - create IPUIPlugin
2023-04-28 13:42:32,715 [INFO] IPUIPlugin:80 - create IPUIPlugin
2023-04-28 13:42:32,716 [INFO] IPUIPlugin:80 - create IPUIPlugin
2023-04-28 13:42:32,717 [INFO] IPUIPlugin:80 - create IPUIPlugin
2023-04-28 13:42:32,746 [INFO] ApiDbMcu:507 - Load IP Config File for PDM2PCM
2023-04-28 13:42:32,775 [INFO] CADModel:165 - CPN selected for project levelSTM32H750VBT6
2023-04-28 13:42:32,775 [INFO] CADModel:114 - Register for checkConnection events
2023-04-28 13:42:32,823 [INFO] OpenFileManager:328 - Restore cursor
2023-04-28 13:42:33,386 [INFO] UtilMem:75 - End SaveConfig() Used Memory: 576954416 Bytes (1073741824)
2023-04-28 13:42:33,443 [INFO] UtilMem:75 - End SaveConfig() Used Memory: 606314544 Bytes (1073741824)
2023-04-28 13:42:33,744 [INFO] BlockDiagram:2759 - set Specific Code input for plugin: RCC
2023-04-28 13:42:33,744 [INFO] BlockDiagram:2759 - set Specific Code input for plugin: NVIC
2023-04-28 13:42:33,745 [INFO] CodeGenerator:793 - code generatio: config db path: C:\ST\STM32CubeIDE_1.12.0\STM32CubeIDE\plugins\com.st.stm32cube.common.mx_6.8.0.202302231600\\db\
2023-04-28 13:42:34,015 [INFO] CodeEngine:255 - oldGeneratedFile, D:\STM32\myhx711\MXTmpFiles\license.tmp_save
2023-04-28 13:42:34,110 [INFO] CodeEngine:279 - Generated code: D:\STM32\myhx711\MXTmpFiles\license.tmp
2023-04-28 13:42:34,230 [INFO] CodeEngine:255 - oldGeneratedFile, D:\STM32\myhx711\MXTmpFiles\cortex.tmp_save
2023-04-28 13:42:34,314 [INFO] CodeEngine:279 - Generated code: D:\STM32\myhx711\MXTmpFiles\cortex.tmp
2023-04-28 13:42:34,329 [INFO] CodeEngine:255 - oldGeneratedFile, D:\STM32\myhx711\Core\Src\stm32h7xx_it.c_save
2023-04-28 13:42:34,535 [INFO] CodeEngine:279 - Generated code: D:\STM32\myhx711\Core\Src\stm32h7xx_it.c
2023-04-28 13:42:34,546 [INFO] CodeEngine:255 - oldGeneratedFile, D:\STM32\myhx711\Core\Inc\stm32h7xx_it.h_save
2023-04-28 13:42:34,612 [INFO] CodeEngine:279 - Generated code: D:\STM32\myhx711\Core\Inc\stm32h7xx_it.h
2023-04-28 13:42:34,664 [INFO] CodeEngine:255 - oldGeneratedFile, D:\STM32\myhx711\Core\Src\stm32h7xx_hal_msp.c_save
2023-04-28 13:42:34,761 [INFO] CodeEngine:279 - Generated code: D:\STM32\myhx711\Core\Src\stm32h7xx_hal_msp.c
2023-04-28 13:42:34,770 [INFO] CodeEngine:255 - oldGeneratedFile, D:\STM32\myhx711\MXTmpFiles\system.tmp_save
2023-04-28 13:42:34,829 [INFO] CodeEngine:279 - Generated code: D:\STM32\myhx711\MXTmpFiles\system.tmp
2023-04-28 13:42:34,850 [INFO] CodeEngine:311 - oldGeneratedFile, D:\STM32\myhx711\Core\Inc\stm32h7xx_hal_conf.h_save
2023-04-28 13:42:34,924 [INFO] CodeEngine:335 - Generated code: D:\STM32\myhx711\Core\Inc\stm32h7xx_hal_conf.h
2023-04-28 13:42:34,964 [INFO] CodeEngine:255 - oldGeneratedFile, D:\STM32\myhx711\Core\Inc\main.h_save
2023-04-28 13:42:35,046 [INFO] CodeEngine:279 - Generated code: D:\STM32\myhx711\Core\Inc\main.h
2023-04-28 13:42:35,054 [INFO] CodeEngine:255 - oldGeneratedFile, D:\STM32\myhx711\Core\Src\main.c_save
2023-04-28 13:42:35,135 [INFO] CodeEngine:279 - Generated code: D:\STM32\myhx711\Core\Src\main.c
2023-04-28 13:42:36,131 [INFO] ProjectBuilder:2996 - Time for Copy HAL[1] : 207mS.
2023-04-28 13:42:36,135 [INFO] ProjectBuilder:4304 - Project Generator version: 3.19.2
2023-04-28 13:42:36,383 [INFO] ConfigFileManager:1483 - The Die is : DIE450
2023-04-28 13:42:36,392 [INFO] ApiDbMcu:507 - Load IP Config File for FATFS
2023-04-28 13:42:36,404 [INFO] ApiDbMcu:507 - Load IP Config File for FREERTOS
2023-04-28 13:42:36,412 [INFO] ApiDbMcu:507 - Load IP Config File for LIBJPEG
2023-04-28 13:42:36,422 [INFO] ApiDbMcu:507 - Load IP Config File for LWIP
2023-04-28 13:42:36,431 [INFO] ApiDbMcu:507 - Load IP Config File for MBEDTLS
2023-04-28 13:42:36,445 [INFO] ApiDbMcu:507 - Load IP Config File for USB_DEVICE
2023-04-28 13:42:36,454 [INFO] ApiDbMcu:507 - Load IP Config File for USB_HOST
2023-04-28 13:42:40,723 [INFO] ProjectBuilder:4505 - Time for Generating toolchain IDE Files: 4588mS.
2023-04-28 13:42:40,724 [INFO] ProjectBuilder:2867 - Time for Copy CMSIS : 1mS.
2023-04-28 13:42:40,725 [INFO] ProjectBuilder:2867 - Time for Copy CMSIS : 0mS.
2023-04-28 13:42:41,735 [INFO] McuFinderGlobals:66 - Set McuFinderConnectedMode to true
2023-04-28 13:42:41,736 [INFO] ApiDb:448 - Save user favorites file C:\Users\user/.stm32cubeide/favorites.mcus.txt: 2 item(s)
2023-04-28 13:42:41,737 [INFO] ApiDb:452 - User favorites MCUs=[STM32F103C8T6, STM32H750VBT6]
2023-04-28 13:44:00,697 [INFO] Gpio:273 - dependency for GPIO [RCC]
2023-04-28 13:44:14,630 [INFO] Gpio:273 - dependency for GPIO [RCC]
2023-04-28 13:44:16,521 [WARN] MainPanel:257 - <html><b><center>Warning: This peripheral has no parameters to be configured<br></b></html>
2023-04-28 13:44:21,139 [WARN] MainPanel:257 - <html><b><center>Warning: This peripheral has no parameters to be configured<br></b></html>
2023-04-28 13:44:24,301 [WARN] MainPanel:257 - <html><b><center>Warning: This peripheral has no parameters to be configured<br></b></html>
2023-04-28 13:44:28,776 [WARN] MainPanel:257 - <html><b><center>Warning: This peripheral has no parameters to be configured<br></b></html>
2023-04-28 13:44:29,010 [WARN] MainPanel:257 - <html><b><center>Warning: This peripheral has no parameters to be configured<br></b></html>
2023-04-28 13:44:50,541 [WARN] MainPanel:257 - <html><b><center>Warning: This peripheral has no parameters to be configured<br></b></html>
2023-04-28 13:44:52,202 [WARN] MainPanel:257 - <html><b><center>Warning: This peripheral has no parameters to be configured<br></b></html>
2023-04-28 13:44:55,967 [WARN] MainPanel:257 - <html><b><center>Warning: This peripheral has no parameters to be configured<br></b></html>
2023-04-28 13:45:02,072 [WARN] MainPanel:257 - <html><b><center>Warning: This peripheral has no parameters to be configured<br></b></html>
2023-04-28 13:45:04,225 [WARN] MainPanel:257 - <html><b><center>Warning: This peripheral has no parameters to be configured<br></b></html>
2023-04-28 13:45:32,689 [INFO] UtilMem:75 - End SaveConfig() Used Memory: 494150408 Bytes (1073741824)
2023-04-28 13:45:33,569 [INFO] UtilMem:75 - End SaveConfig() Used Memory: 460170776 Bytes (1073741824)
2023-04-28 13:45:33,845 [INFO] BlockDiagram:2759 - set Specific Code input for plugin: RCC
2023-04-28 13:45:33,845 [INFO] BlockDiagram:2759 - set Specific Code input for plugin: SYS
2023-04-28 13:45:33,845 [INFO] BlockDiagram:2759 - set Specific Code input for plugin: NVIC
2023-04-28 13:45:33,845 [INFO] BlockDiagram:2759 - set Specific Code input for plugin: DEBUG
2023-04-28 13:45:33,845 [INFO] BlockDiagram:2759 - set Specific Code input for plugin: GPIO
2023-04-28 13:45:33,846 [INFO] CodeGenerator:793 - code generatio: config db path: C:\ST\STM32CubeIDE_1.12.0\STM32CubeIDE\plugins\com.st.stm32cube.common.mx_6.8.0.202302231600\\db\
2023-04-28 13:45:34,127 [INFO] CodeEngine:255 - oldGeneratedFile, D:\STM32\myhx711\MXTmpFiles\license.tmp_save
2023-04-28 13:45:34,237 [INFO] CodeEngine:279 - Generated code: D:\STM32\myhx711\MXTmpFiles\license.tmp
2023-04-28 13:45:34,294 [INFO] CodeEngine:255 - oldGeneratedFile, D:\STM32\myhx711\MXTmpFiles\gpio.tmp_save
2023-04-28 13:45:34,359 [INFO] CodeEngine:279 - Generated code: D:\STM32\myhx711\MXTmpFiles\gpio.tmp
2023-04-28 13:45:34,371 [WARN] IPConfigManager:99 - WARNING: Missing Config File for DEBUG ip!!
2023-04-28 13:45:34,414 [INFO] CodeEngine:255 - oldGeneratedFile, D:\STM32\myhx711\MXTmpFiles\cortex.tmp_save
2023-04-28 13:45:34,477 [INFO] CodeEngine:279 - Generated code: D:\STM32\myhx711\MXTmpFiles\cortex.tmp
2023-04-28 13:45:34,489 [INFO] CodeEngine:255 - oldGeneratedFile, D:\STM32\myhx711\Core\Src\stm32h7xx_it.c_save
2023-04-28 13:45:34,550 [INFO] CodeEngine:279 - Generated code: D:\STM32\myhx711\Core\Src\stm32h7xx_it.c
2023-04-28 13:45:34,552 [INFO] CodeEngine:255 - oldGeneratedFile, D:\STM32\myhx711\Core\Inc\stm32h7xx_it.h_save
2023-04-28 13:45:34,602 [INFO] CodeEngine:279 - Generated code: D:\STM32\myhx711\Core\Inc\stm32h7xx_it.h
2023-04-28 13:45:34,639 [INFO] CodeEngine:255 - oldGeneratedFile, D:\STM32\myhx711\Core\Src\stm32h7xx_hal_msp.c_save
2023-04-28 13:45:34,705 [INFO] CodeEngine:279 - Generated code: D:\STM32\myhx711\Core\Src\stm32h7xx_hal_msp.c
2023-04-28 13:45:34,707 [INFO] CodeEngine:255 - oldGeneratedFile, D:\STM32\myhx711\MXTmpFiles\system.tmp_save
2023-04-28 13:45:34,749 [INFO] CodeEngine:279 - Generated code: D:\STM32\myhx711\MXTmpFiles\system.tmp
2023-04-28 13:45:34,759 [INFO] CodeEngine:311 - oldGeneratedFile, D:\STM32\myhx711\Core\Inc\stm32h7xx_hal_conf.h_save
2023-04-28 13:45:34,835 [INFO] CodeEngine:335 - Generated code: D:\STM32\myhx711\Core\Inc\stm32h7xx_hal_conf.h
2023-04-28 13:45:34,872 [INFO] CodeEngine:255 - oldGeneratedFile, D:\STM32\myhx711\Core\Inc\main.h_save
2023-04-28 13:45:34,951 [INFO] CodeEngine:279 - Generated code: D:\STM32\myhx711\Core\Inc\main.h
2023-04-28 13:45:34,960 [INFO] CodeEngine:255 - oldGeneratedFile, D:\STM32\myhx711\Core\Src\main.c_save
2023-04-28 13:45:35,038 [INFO] CodeEngine:279 - Generated code: D:\STM32\myhx711\Core\Src\main.c
2023-04-28 13:45:35,708 [INFO] ProjectBuilder:2996 - Time for Copy HAL[1] : 116mS.
2023-04-28 13:45:35,709 [INFO] ProjectBuilder:4304 - Project Generator version: 3.19.2
2023-04-28 13:45:36,168 [INFO] ConfigFileManager:1483 - The Die is : DIE450
2023-04-28 13:45:37,539 [INFO] ProjectBuilder:4505 - Time for Generating toolchain IDE Files: 1829mS.
2023-04-28 13:45:37,542 [INFO] ProjectBuilder:2867 - Time for Copy CMSIS : 0mS.
2023-04-28 13:45:37,543 [INFO] ProjectBuilder:2867 - Time for Copy CMSIS : 0mS.
2023-04-28 14:42:28,704 [INFO] UtilMem:75 - End SaveConfig() Used Memory: 631933312 Bytes (1073741824)
2023-04-28 14:42:29,082 [INFO] UtilMem:75 - End SaveConfig() Used Memory: 678929560 Bytes (1073741824)
2023-04-28 14:42:29,331 [INFO] BlockDiagram:2759 - set Specific Code input for plugin: RCC
2023-04-28 14:42:29,331 [INFO] BlockDiagram:2759 - set Specific Code input for plugin: SYS
2023-04-28 14:42:29,331 [INFO] BlockDiagram:2759 - set Specific Code input for plugin: NVIC
2023-04-28 14:42:29,331 [INFO] BlockDiagram:2759 - set Specific Code input for plugin: DEBUG
2023-04-28 14:42:29,331 [INFO] BlockDiagram:2759 - set Specific Code input for plugin: GPIO
2023-04-28 14:42:29,331 [INFO] CodeGenerator:793 - code generatio: config db path: C:\ST\STM32CubeIDE_1.12.0\STM32CubeIDE\plugins\com.st.stm32cube.common.mx_6.8.0.202302231600\\db\
2023-04-28 14:42:29,523 [INFO] CodeEngine:255 - oldGeneratedFile, D:\STM32\myhx711\MXTmpFiles\license.tmp_save
2023-04-28 14:42:29,611 [INFO] CodeEngine:279 - Generated code: D:\STM32\myhx711\MXTmpFiles\license.tmp
2023-04-28 14:42:29,627 [INFO] CodeEngine:255 - oldGeneratedFile, D:\STM32\myhx711\MXTmpFiles\gpio.tmp_save
2023-04-28 14:42:29,752 [INFO] CodeEngine:279 - Generated code: D:\STM32\myhx711\MXTmpFiles\gpio.tmp
2023-04-28 14:42:29,764 [WARN] IPConfigManager:99 - WARNING: Missing Config File for DEBUG ip!!
2023-04-28 14:42:29,803 [INFO] CodeEngine:255 - oldGeneratedFile, D:\STM32\myhx711\MXTmpFiles\cortex.tmp_save
2023-04-28 14:42:29,878 [INFO] CodeEngine:279 - Generated code: D:\STM32\myhx711\MXTmpFiles\cortex.tmp
2023-04-28 14:42:29,910 [INFO] CodeEngine:255 - oldGeneratedFile, D:\STM32\myhx711\Core\Src\stm32h7xx_it.c_save
2023-04-28 14:42:30,027 [INFO] CodeEngine:279 - Generated code: D:\STM32\myhx711\Core\Src\stm32h7xx_it.c
2023-04-28 14:42:30,034 [INFO] CodeEngine:255 - oldGeneratedFile, D:\STM32\myhx711\Core\Inc\stm32h7xx_it.h_save
2023-04-28 14:42:30,077 [INFO] CodeEngine:279 - Generated code: D:\STM32\myhx711\Core\Inc\stm32h7xx_it.h
2023-04-28 14:42:30,277 [INFO] CodeEngine:255 - oldGeneratedFile, D:\STM32\myhx711\Core\Src\stm32h7xx_hal_msp.c_save
2023-04-28 14:42:30,346 [INFO] CodeEngine:279 - Generated code: D:\STM32\myhx711\Core\Src\stm32h7xx_hal_msp.c
2023-04-28 14:42:30,348 [INFO] CodeEngine:255 - oldGeneratedFile, D:\STM32\myhx711\MXTmpFiles\system.tmp_save
2023-04-28 14:42:30,391 [INFO] CodeEngine:279 - Generated code: D:\STM32\myhx711\MXTmpFiles\system.tmp
2023-04-28 14:42:30,403 [INFO] CodeEngine:311 - oldGeneratedFile, D:\STM32\myhx711\Core\Inc\stm32h7xx_hal_conf.h_save
2023-04-28 14:42:30,473 [INFO] CodeEngine:335 - Generated code: D:\STM32\myhx711\Core\Inc\stm32h7xx_hal_conf.h
2023-04-28 14:42:30,507 [INFO] CodeEngine:255 - oldGeneratedFile, D:\STM32\myhx711\Core\Inc\main.h_save
2023-04-28 14:42:30,583 [INFO] CodeEngine:279 - Generated code: D:\STM32\myhx711\Core\Inc\main.h
2023-04-28 14:42:30,591 [INFO] CodeEngine:255 - oldGeneratedFile, D:\STM32\myhx711\Core\Src\main.c_save
2023-04-28 14:42:30,665 [INFO] CodeEngine:279 - Generated code: D:\STM32\myhx711\Core\Src\main.c
2023-04-28 14:42:31,323 [INFO] ProjectBuilder:2996 - Time for Copy HAL[1] : 202mS.
2023-04-28 14:42:31,325 [INFO] ProjectBuilder:4304 - Project Generator version: 3.19.2
2023-04-28 14:42:31,504 [INFO] ConfigFileManager:1483 - The Die is : DIE450
2023-04-28 14:42:33,275 [INFO] ProjectBuilder:4505 - Time for Generating toolchain IDE Files: 1928mS.
2023-04-28 14:42:33,276 [INFO] ProjectBuilder:2867 - Time for Copy CMSIS : 1mS.
2023-04-28 14:42:33,276 [INFO] ProjectBuilder:2867 - Time for Copy CMSIS : 0mS.
2023-04-28 14:49:46,403 [INFO] UtilMem:75 - End SaveConfig() Used Memory: 671278016 Bytes (1073741824)
2023-04-28 14:49:46,831 [INFO] UtilMem:75 - End SaveConfig() Used Memory: 513852568 Bytes (1073741824)
2023-04-28 14:49:47,088 [INFO] BlockDiagram:2759 - set Specific Code input for plugin: RCC
2023-04-28 14:49:47,088 [INFO] BlockDiagram:2759 - set Specific Code input for plugin: SYS
2023-04-28 14:49:47,088 [INFO] BlockDiagram:2759 - set Specific Code input for plugin: NVIC
2023-04-28 14:49:47,088 [INFO] BlockDiagram:2759 - set Specific Code input for plugin: DEBUG
2023-04-28 14:49:47,088 [INFO] BlockDiagram:2759 - set Specific Code input for plugin: GPIO
2023-04-28 14:49:47,089 [INFO] CodeGenerator:793 - code generatio: config db path: C:\ST\STM32CubeIDE_1.12.0\STM32CubeIDE\plugins\com.st.stm32cube.common.mx_6.8.0.202302231600\\db\
2023-04-28 14:49:47,284 [INFO] CodeEngine:255 - oldGeneratedFile, D:\STM32\myhx711\MXTmpFiles\license.tmp_save
2023-04-28 14:49:47,382 [INFO] CodeEngine:279 - Generated code: D:\STM32\myhx711\MXTmpFiles\license.tmp
2023-04-28 14:49:47,436 [INFO] CodeEngine:255 - oldGeneratedFile, D:\STM32\myhx711\Core\Src\gpio.c_save
2023-04-28 14:49:47,579 [INFO] CodeEngine:279 - Generated code: D:\STM32\myhx711\Core\Src\gpio.c
2023-04-28 14:49:47,588 [INFO] CodeEngine:255 - oldGeneratedFile, D:\STM32\myhx711\Core\Inc\gpio.h_save
2023-04-28 14:49:47,674 [INFO] CodeEngine:279 - Generated code: D:\STM32\myhx711\Core\Inc\gpio.h
2023-04-28 14:49:47,690 [WARN] IPConfigManager:99 - WARNING: Missing Config File for DEBUG ip!!
2023-04-28 14:49:47,737 [INFO] CodeEngine:255 - oldGeneratedFile, D:\STM32\myhx711\MXTmpFiles\cortex.tmp_save
2023-04-28 14:49:47,815 [INFO] CodeEngine:279 - Generated code: D:\STM32\myhx711\MXTmpFiles\cortex.tmp
2023-04-28 14:49:47,830 [INFO] CodeEngine:255 - oldGeneratedFile, D:\STM32\myhx711\Core\Src\stm32h7xx_it.c_save
2023-04-28 14:49:47,982 [INFO] CodeEngine:279 - Generated code: D:\STM32\myhx711\Core\Src\stm32h7xx_it.c
2023-04-28 14:49:47,985 [INFO] CodeEngine:255 - oldGeneratedFile, D:\STM32\myhx711\Core\Inc\stm32h7xx_it.h_save
2023-04-28 14:49:48,116 [INFO] CodeEngine:279 - Generated code: D:\STM32\myhx711\Core\Inc\stm32h7xx_it.h
2023-04-28 14:49:48,145 [INFO] CodeEngine:255 - oldGeneratedFile, D:\STM32\myhx711\Core\Src\stm32h7xx_hal_msp.c_save
2023-04-28 14:49:48,214 [INFO] CodeEngine:279 - Generated code: D:\STM32\myhx711\Core\Src\stm32h7xx_hal_msp.c
2023-04-28 14:49:48,217 [INFO] CodeEngine:255 - oldGeneratedFile, D:\STM32\myhx711\MXTmpFiles\system.tmp_save
2023-04-28 14:49:48,256 [INFO] CodeEngine:279 - Generated code: D:\STM32\myhx711\MXTmpFiles\system.tmp
2023-04-28 14:49:48,267 [INFO] CodeEngine:311 - oldGeneratedFile, D:\STM32\myhx711\Core\Inc\stm32h7xx_hal_conf.h_save
2023-04-28 14:49:48,332 [INFO] CodeEngine:335 - Generated code: D:\STM32\myhx711\Core\Inc\stm32h7xx_hal_conf.h
2023-04-28 14:49:48,365 [INFO] CodeEngine:255 - oldGeneratedFile, D:\STM32\myhx711\Core\Inc\main.h_save
2023-04-28 14:49:48,425 [INFO] CodeEngine:279 - Generated code: D:\STM32\myhx711\Core\Inc\main.h
2023-04-28 14:49:48,432 [INFO] CodeEngine:255 - oldGeneratedFile, D:\STM32\myhx711\Core\Src\main.c_save
2023-04-28 14:49:48,503 [INFO] CodeEngine:279 - Generated code: D:\STM32\myhx711\Core\Src\main.c
2023-04-28 14:49:49,058 [INFO] ProjectBuilder:2996 - Time for Copy HAL[1] : 89mS.
2023-04-28 14:49:49,060 [INFO] ProjectBuilder:4304 - Project Generator version: 3.19.2
2023-04-28 14:49:49,278 [INFO] ConfigFileManager:1483 - The Die is : DIE450
2023-04-28 14:49:50,681 [INFO] ProjectBuilder:4505 - Time for Generating toolchain IDE Files: 1621mS.
2023-04-28 14:49:50,682 [INFO] ProjectBuilder:2867 - Time for Copy CMSIS : 1mS.
2023-04-28 14:49:50,683 [INFO] ProjectBuilder:2867 - Time for Copy CMSIS : 1mS.
2023-04-28 15:21:52,442 [INFO] UtilMem:75 - End SaveConfig() Used Memory: 821988056 Bytes (1073741824)
2023-04-28 15:21:52,933 [INFO] UtilMem:75 - End SaveConfig() Used Memory: 872799872 Bytes (1073741824)
2023-04-28 15:21:53,269 [INFO] BlockDiagram:2759 - set Specific Code input for plugin: RCC
2023-04-28 15:21:53,269 [INFO] BlockDiagram:2759 - set Specific Code input for plugin: SYS
2023-04-28 15:21:53,269 [INFO] BlockDiagram:2759 - set Specific Code input for plugin: NVIC
2023-04-28 15:21:53,270 [INFO] BlockDiagram:2759 - set Specific Code input for plugin: DEBUG
2023-04-28 15:21:53,270 [INFO] BlockDiagram:2759 - set Specific Code input for plugin: GPIO
2023-04-28 15:21:53,271 [INFO] CodeGenerator:793 - code generatio: config db path: C:\ST\STM32CubeIDE_1.12.0\STM32CubeIDE\plugins\com.st.stm32cube.common.mx_6.8.0.202302231600\\db\
2023-04-28 15:21:53,484 [INFO] CodeEngine:255 - oldGeneratedFile, D:\STM32\myhx711\MXTmpFiles\license.tmp_save
2023-04-28 15:21:53,565 [INFO] CodeEngine:279 - Generated code: D:\STM32\myhx711\MXTmpFiles\license.tmp
2023-04-28 15:21:53,592 [INFO] CodeEngine:255 - oldGeneratedFile, D:\STM32\myhx711\Core\Src\gpio.c_save
2023-04-28 15:21:53,731 [INFO] CodeEngine:279 - Generated code: D:\STM32\myhx711\Core\Src\gpio.c
2023-04-28 15:21:53,737 [INFO] CodeEngine:255 - oldGeneratedFile, D:\STM32\myhx711\Core\Inc\gpio.h_save
2023-04-28 15:21:53,781 [INFO] CodeEngine:279 - Generated code: D:\STM32\myhx711\Core\Inc\gpio.h
2023-04-28 15:21:53,793 [WARN] IPConfigManager:99 - WARNING: Missing Config File for DEBUG ip!!
2023-04-28 15:21:53,827 [INFO] CodeEngine:255 - oldGeneratedFile, D:\STM32\myhx711\MXTmpFiles\cortex.tmp_save
2023-04-28 15:21:53,904 [INFO] CodeEngine:279 - Generated code: D:\STM32\myhx711\MXTmpFiles\cortex.tmp
2023-04-28 15:21:53,919 [INFO] CodeEngine:255 - oldGeneratedFile, D:\STM32\myhx711\Core\Src\stm32h7xx_it.c_save
2023-04-28 15:21:54,246 [INFO] CodeEngine:279 - Generated code: D:\STM32\myhx711\Core\Src\stm32h7xx_it.c
2023-04-28 15:21:54,251 [INFO] CodeEngine:255 - oldGeneratedFile, D:\STM32\myhx711\Core\Inc\stm32h7xx_it.h_save
2023-04-28 15:21:54,300 [INFO] CodeEngine:279 - Generated code: D:\STM32\myhx711\Core\Inc\stm32h7xx_it.h
2023-04-28 15:21:54,339 [INFO] CodeEngine:255 - oldGeneratedFile, D:\STM32\myhx711\Core\Src\stm32h7xx_hal_msp.c_save
2023-04-28 15:21:54,432 [INFO] CodeEngine:279 - Generated code: D:\STM32\myhx711\Core\Src\stm32h7xx_hal_msp.c
2023-04-28 15:21:54,432 [INFO] CodeEngine:255 - oldGeneratedFile, D:\STM32\myhx711\MXTmpFiles\system.tmp_save
2023-04-28 15:21:54,472 [INFO] CodeEngine:279 - Generated code: D:\STM32\myhx711\MXTmpFiles\system.tmp
2023-04-28 15:21:54,485 [INFO] CodeEngine:311 - oldGeneratedFile, D:\STM32\myhx711\Core\Inc\stm32h7xx_hal_conf.h_save
2023-04-28 15:21:54,557 [INFO] CodeEngine:335 - Generated code: D:\STM32\myhx711\Core\Inc\stm32h7xx_hal_conf.h
2023-04-28 15:21:54,610 [INFO] CodeEngine:255 - oldGeneratedFile, D:\STM32\myhx711\Core\Inc\main.h_save
2023-04-28 15:21:54,690 [INFO] CodeEngine:279 - Generated code: D:\STM32\myhx711\Core\Inc\main.h
2023-04-28 15:21:54,699 [INFO] CodeEngine:255 - oldGeneratedFile, D:\STM32\myhx711\Core\Src\main.c_save
2023-04-28 15:21:54,761 [INFO] CodeEngine:279 - Generated code: D:\STM32\myhx711\Core\Src\main.c
2023-04-28 15:21:55,288 [INFO] ProjectBuilder:2996 - Time for Copy HAL[1] : 118mS.
2023-04-28 15:21:55,290 [INFO] ProjectBuilder:4304 - Project Generator version: 3.19.2
2023-04-28 15:21:55,600 [INFO] ConfigFileManager:1483 - The Die is : DIE450
2023-04-28 15:21:57,910 [INFO] ProjectBuilder:4505 - Time for Generating toolchain IDE Files: 2620mS.
2023-04-28 15:21:57,910 [INFO] ProjectBuilder:2867 - Time for Copy CMSIS : 0mS.
2023-04-28 15:21:57,910 [INFO] ProjectBuilder:2867 - Time for Copy CMSIS : 0mS.
2023-04-28 15:25:20,563 [INFO] NvicIntPanel:101 - NVIC parent = com.st.microxplorer.plugins.ip.nvic.MultiNvicIntPanel[,0,0,488x343,layout=javax.swing.BoxLayout,alignmentX=0.0,alignmentY=0.0,border=,flags=9,maximumSize=,minimumSize=,preferredSize=]
2023-04-28 15:26:15,498 [INFO] NvicIntPanel:101 - NVIC parent = com.st.microxplorer.plugins.ip.nvic.MultiNvicIntPanel[,0,0,0x0,invalid,layout=javax.swing.BoxLayout,alignmentX=0.0,alignmentY=0.0,border=,flags=9,maximumSize=,minimumSize=,preferredSize=]
2023-04-28 15:36:02,650 [INFO] UtilMem:75 - End SaveConfig() Used Memory: 871679872 Bytes (1073741824)
2023-04-28 15:36:03,180 [INFO] UtilMem:75 - End SaveConfig() Used Memory: 486886104 Bytes (1073741824)
2023-04-28 15:36:03,489 [INFO] BlockDiagram:2759 - set Specific Code input for plugin: RCC
2023-04-28 15:36:03,489 [INFO] BlockDiagram:2759 - set Specific Code input for plugin: TIM1_8H7
2023-04-28 15:36:03,489 [INFO] BlockDiagram:2759 - set Specific Code input for plugin: SYS
2023-04-28 15:36:03,489 [INFO] BlockDiagram:2759 - set Specific Code input for plugin: NVIC
2023-04-28 15:36:03,489 [INFO] BlockDiagram:2759 - set Specific Code input for plugin: DEBUG
2023-04-28 15:36:03,489 [INFO] BlockDiagram:2759 - set Specific Code input for plugin: GPIO
2023-04-28 15:36:03,489 [INFO] CodeGenerator:793 - code generatio: config db path: C:\ST\STM32CubeIDE_1.12.0\STM32CubeIDE\plugins\com.st.stm32cube.common.mx_6.8.0.202302231600\\db\
2023-04-28 15:36:03,686 [INFO] CodeEngine:255 - oldGeneratedFile, D:\STM32\myhx711\MXTmpFiles\license.tmp_save
2023-04-28 15:36:03,776 [INFO] CodeEngine:279 - Generated code: D:\STM32\myhx711\MXTmpFiles\license.tmp
2023-04-28 15:36:03,806 [INFO] CodeEngine:255 - oldGeneratedFile, D:\STM32\myhx711\Core\Src\gpio.c_save
2023-04-28 15:36:03,931 [INFO] CodeEngine:279 - Generated code: D:\STM32\myhx711\Core\Src\gpio.c
2023-04-28 15:36:03,931 [INFO] CodeEngine:255 - oldGeneratedFile, D:\STM32\myhx711\Core\Inc\gpio.h_save
2023-04-28 15:36:03,988 [INFO] CodeEngine:279 - Generated code: D:\STM32\myhx711\Core\Inc\gpio.h
2023-04-28 15:36:04,001 [WARN] IPConfigManager:99 - WARNING: Missing Config File for DEBUG ip!!
2023-04-28 15:36:04,221 [INFO] CodeEngine:255 - oldGeneratedFile, D:\STM32\myhx711\MXTmpFiles\cortex.tmp_save
2023-04-28 15:36:04,307 [INFO] CodeEngine:279 - Generated code: D:\STM32\myhx711\MXTmpFiles\cortex.tmp
2023-04-28 15:36:04,316 [INFO] CodeEngine:255 - oldGeneratedFile, D:\STM32\myhx711\Core\Src\tim.c_save
2023-04-28 15:36:04,396 [INFO] CodeEngine:279 - Generated code: D:\STM32\myhx711\Core\Src\tim.c
2023-04-28 15:36:04,401 [INFO] CodeEngine:255 - oldGeneratedFile, D:\STM32\myhx711\Core\Inc\tim.h_save
2023-04-28 15:36:04,468 [INFO] CodeEngine:279 - Generated code: D:\STM32\myhx711\Core\Inc\tim.h
2023-04-28 15:36:04,497 [INFO] CodeEngine:255 - oldGeneratedFile, D:\STM32\myhx711\Core\Src\stm32h7xx_it.c_save
2023-04-28 15:36:04,986 [INFO] CodeEngine:279 - Generated code: D:\STM32\myhx711\Core\Src\stm32h7xx_it.c
2023-04-28 15:36:04,993 [INFO] CodeEngine:255 - oldGeneratedFile, D:\STM32\myhx711\Core\Inc\stm32h7xx_it.h_save
2023-04-28 15:36:05,096 [INFO] CodeEngine:279 - Generated code: D:\STM32\myhx711\Core\Inc\stm32h7xx_it.h
2023-04-28 15:36:05,161 [INFO] CodeEngine:255 - oldGeneratedFile, D:\STM32\myhx711\Core\Src\stm32h7xx_hal_msp.c_save
2023-04-28 15:36:05,274 [INFO] CodeEngine:279 - Generated code: D:\STM32\myhx711\Core\Src\stm32h7xx_hal_msp.c
2023-04-28 15:36:05,276 [INFO] CodeEngine:255 - oldGeneratedFile, D:\STM32\myhx711\MXTmpFiles\system.tmp_save
2023-04-28 15:36:05,413 [INFO] CodeEngine:279 - Generated code: D:\STM32\myhx711\MXTmpFiles\system.tmp
2023-04-28 15:36:05,426 [INFO] CodeEngine:311 - oldGeneratedFile, D:\STM32\myhx711\Core\Inc\stm32h7xx_hal_conf.h_save
2023-04-28 15:36:05,523 [INFO] CodeEngine:335 - Generated code: D:\STM32\myhx711\Core\Inc\stm32h7xx_hal_conf.h
2023-04-28 15:36:05,566 [INFO] CodeEngine:255 - oldGeneratedFile, D:\STM32\myhx711\Core\Inc\main.h_save
2023-04-28 15:36:05,647 [INFO] CodeEngine:279 - Generated code: D:\STM32\myhx711\Core\Inc\main.h
2023-04-28 15:36:05,656 [INFO] CodeEngine:255 - oldGeneratedFile, D:\STM32\myhx711\Core\Src\main.c_save
2023-04-28 15:36:05,741 [INFO] CodeEngine:279 - Generated code: D:\STM32\myhx711\Core\Src\main.c
2023-04-28 15:36:06,396 [INFO] ProjectBuilder:2996 - Time for Copy HAL[1] : 291mS.
2023-04-28 15:36:06,397 [INFO] ProjectBuilder:4304 - Project Generator version: 3.19.2
2023-04-28 15:36:06,831 [INFO] ConfigFileManager:1483 - The Die is : DIE450
2023-04-28 15:36:09,056 [INFO] ProjectBuilder:4505 - Time for Generating toolchain IDE Files: 2659mS.
2023-04-28 15:36:09,056 [INFO] ProjectBuilder:2867 - Time for Copy CMSIS : 0mS.
2023-04-28 15:36:09,057 [INFO] ProjectBuilder:2867 - Time for Copy CMSIS : 0mS.
2023-04-28 16:23:31,765 [INFO] NvicIntPanel:101 - NVIC parent = com.st.microxplorer.plugins.ip.nvic.MultiNvicIntPanel[,0,0,0x0,invalid,layout=javax.swing.BoxLayout,alignmentX=0.0,alignmentY=0.0,border=,flags=9,maximumSize=,minimumSize=,preferredSize=]
2023-04-28 16:23:37,557 [INFO] UtilMem:75 - End SaveConfig() Used Memory: 700113432 Bytes (1073741824)
2023-04-28 16:23:37,938 [INFO] UtilMem:75 - End SaveConfig() Used Memory: 792910360 Bytes (1073741824)
2023-04-28 16:23:38,208 [INFO] BlockDiagram:2759 - set Specific Code input for plugin: RCC
2023-04-28 16:23:38,208 [INFO] BlockDiagram:2759 - set Specific Code input for plugin: TIM1_8H7
2023-04-28 16:23:38,208 [INFO] BlockDiagram:2759 - set Specific Code input for plugin: SYS
2023-04-28 16:23:38,208 [INFO] BlockDiagram:2759 - set Specific Code input for plugin: NVIC
2023-04-28 16:23:38,208 [INFO] BlockDiagram:2759 - set Specific Code input for plugin: DEBUG
2023-04-28 16:23:38,209 [INFO] BlockDiagram:2759 - set Specific Code input for plugin: GPIO
2023-04-28 16:23:38,209 [INFO] CodeGenerator:793 - code generatio: config db path: C:\ST\STM32CubeIDE_1.12.0\STM32CubeIDE\plugins\com.st.stm32cube.common.mx_6.8.0.202302231600\\db\
2023-04-28 16:23:38,411 [INFO] CodeEngine:255 - oldGeneratedFile, D:\STM32\myhx711\MXTmpFiles\license.tmp_save
2023-04-28 16:23:38,493 [INFO] CodeEngine:279 - Generated code: D:\STM32\myhx711\MXTmpFiles\license.tmp
2023-04-28 16:23:38,517 [INFO] CodeEngine:255 - oldGeneratedFile, D:\STM32\myhx711\Core\Src\gpio.c_save
2023-04-28 16:23:38,638 [INFO] CodeEngine:279 - Generated code: D:\STM32\myhx711\Core\Src\gpio.c
2023-04-28 16:23:38,646 [INFO] CodeEngine:255 - oldGeneratedFile, D:\STM32\myhx711\Core\Inc\gpio.h_save
2023-04-28 16:23:38,701 [INFO] CodeEngine:279 - Generated code: D:\STM32\myhx711\Core\Inc\gpio.h
2023-04-28 16:23:38,711 [WARN] IPConfigManager:99 - WARNING: Missing Config File for DEBUG ip!!
2023-04-28 16:23:38,769 [INFO] CodeEngine:255 - oldGeneratedFile, D:\STM32\myhx711\MXTmpFiles\cortex.tmp_save
2023-04-28 16:23:38,843 [INFO] CodeEngine:279 - Generated code: D:\STM32\myhx711\MXTmpFiles\cortex.tmp
2023-04-28 16:23:38,856 [INFO] CodeEngine:255 - oldGeneratedFile, D:\STM32\myhx711\Core\Src\tim.c_save
2023-04-28 16:23:38,930 [INFO] CodeEngine:279 - Generated code: D:\STM32\myhx711\Core\Src\tim.c
2023-04-28 16:23:38,933 [INFO] CodeEngine:255 - oldGeneratedFile, D:\STM32\myhx711\Core\Inc\tim.h_save
2023-04-28 16:23:38,981 [INFO] CodeEngine:279 - Generated code: D:\STM32\myhx711\Core\Inc\tim.h
2023-04-28 16:23:38,996 [INFO] CodeEngine:255 - oldGeneratedFile, D:\STM32\myhx711\Core\Src\stm32h7xx_it.c_save
2023-04-28 16:23:39,249 [INFO] CodeEngine:279 - Generated code: D:\STM32\myhx711\Core\Src\stm32h7xx_it.c
2023-04-28 16:23:39,254 [INFO] CodeEngine:255 - oldGeneratedFile, D:\STM32\myhx711\Core\Inc\stm32h7xx_it.h_save
2023-04-28 16:23:39,303 [INFO] CodeEngine:279 - Generated code: D:\STM32\myhx711\Core\Inc\stm32h7xx_it.h
2023-04-28 16:23:39,346 [INFO] CodeEngine:255 - oldGeneratedFile, D:\STM32\myhx711\Core\Src\stm32h7xx_hal_msp.c_save
2023-04-28 16:23:39,410 [INFO] CodeEngine:279 - Generated code: D:\STM32\myhx711\Core\Src\stm32h7xx_hal_msp.c
2023-04-28 16:23:39,413 [INFO] CodeEngine:255 - oldGeneratedFile, D:\STM32\myhx711\MXTmpFiles\system.tmp_save
2023-04-28 16:23:39,455 [INFO] CodeEngine:279 - Generated code: D:\STM32\myhx711\MXTmpFiles\system.tmp
2023-04-28 16:23:39,466 [INFO] CodeEngine:311 - oldGeneratedFile, D:\STM32\myhx711\Core\Inc\stm32h7xx_hal_conf.h_save
2023-04-28 16:23:39,531 [INFO] CodeEngine:335 - Generated code: D:\STM32\myhx711\Core\Inc\stm32h7xx_hal_conf.h
2023-04-28 16:23:39,565 [INFO] CodeEngine:255 - oldGeneratedFile, D:\STM32\myhx711\Core\Inc\main.h_save
2023-04-28 16:23:39,635 [INFO] CodeEngine:279 - Generated code: D:\STM32\myhx711\Core\Inc\main.h
2023-04-28 16:23:39,645 [INFO] CodeEngine:255 - oldGeneratedFile, D:\STM32\myhx711\Core\Src\main.c_save
2023-04-28 16:23:39,702 [INFO] CodeEngine:279 - Generated code: D:\STM32\myhx711\Core\Src\main.c
2023-04-28 16:23:40,216 [INFO] ProjectBuilder:2996 - Time for Copy HAL[1] : 113mS.
2023-04-28 16:23:40,218 [INFO] ProjectBuilder:4304 - Project Generator version: 3.19.2
2023-04-28 16:23:40,431 [INFO] ConfigFileManager:1483 - The Die is : DIE450
2023-04-28 16:23:42,241 [INFO] ProjectBuilder:4505 - Time for Generating toolchain IDE Files: 2022mS.
2023-04-28 16:23:42,241 [INFO] ProjectBuilder:2867 - Time for Copy CMSIS : 0mS.
2023-04-28 16:23:42,242 [INFO] ProjectBuilder:2867 - Time for Copy CMSIS : 0mS.
