2024-03-12 13:19:23,052 [INFO] Activator:176 - 


2024-03-12 13:19:23,057 [INFO] Activator:177 - !SESSION log4j initialized
2024-03-12 13:19:31,837 [INFO] LogOutputStream:77 - [STDOUT_REDIRECT] 
2024-03-12 13:19:32,896 [ERROR] LogOutputStream:75 - [STDERR_REDIRECT] ??.?. 12, 2024 1:19:32 ??????? org.glassfish.grizzly.http.server.NetworkListener start
2024-03-12 13:19:32,897 [ERROR] LogOutputStream:75 - [STDERR_REDIRECT] INFO: Started listener bound to [localhost:1595]
2024-03-12 13:19:32,898 [ERROR] LogOutputStream:75 - [STDERR_REDIRECT] 
2024-03-12 13:19:32,900 [ERROR] LogOutputStream:75 - [STDERR_REDIRECT] ??.?. 12, 2024 1:19:32 ??????? org.glassfish.grizzly.http.server.HttpServer start
2024-03-12 13:19:32,901 [ERROR] LogOutputStream:75 - [STDERR_REDIRECT] INFO: [HttpServer] Started.
2024-03-12 13:19:32,901 [ERROR] LogOutputStream:75 - [STDERR_REDIRECT] 
2024-03-12 13:19:33,427 [INFO] ApplicationProperties:184 - Using Application install path: C:\ST\STM32CubeIDE_1.12.0\STM32CubeIDE\plugins\com.st.stm32cube.common.mx_6.10.0.202311202037
2024-03-12 13:19:33,494 [INFO] DbMcusXml:78 - Set database path to: C:\ST\STM32CubeIDE_1.12.0\STM32CubeIDE\plugins\com.st.stm32cube.common.mx_6.10.0.202311202037\\db\/mcu/
2024-03-12 13:19:33,494 [INFO] ApiDb:274 - Set plugin database path to: C:\ST\STM32CubeIDE_1.12.0\STM32CubeIDE\plugins\com.st.stm32cube.common.mx_6.10.0.202311202037\\db\/plugins/boardmanager/
2024-03-12 13:19:33,494 [WARN] ApiDb:259 - Overriding images path with different value:  => C:\ST\STM32CubeIDE_1.12.0\STM32CubeIDE\plugins\com.st.stm32cube.common.mx_6.10.0.202311202037\\db\/plugins/mcufinder/images/
2024-03-12 13:19:33,517 [INFO] ApiDb:250 - Set database path to: C:\Users\user\.stmcufinder\plugins\mcufinder//mcu/
2024-03-12 13:19:33,519 [INFO] DbMcusAds:125 - Set database path to: C:\Users\user\.stmcufinder\plugins\mcufinder//mcu/
2024-03-12 13:19:33,524 [INFO] CrossReferenceDbSqlite:203 - Set database path to: C:\Users\user\.stmcufinder\plugins\mcufinder//mcu/cs/
2024-03-12 13:19:33,693 [INFO] RulesReader:64 - Compatibility file has been processed (297 Rules)
2024-03-12 13:19:33,802 [INFO] DbMcusXml:78 - Set database path to: C:\ST\STM32CubeIDE_1.12.0\STM32CubeIDE\plugins\com.st.stm32cube.common.mx_6.10.0.202311202037\\db\/mcu/
2024-03-12 13:19:33,802 [INFO] ApiDb:274 - Set plugin database path to: C:\ST\STM32CubeIDE_1.12.0\STM32CubeIDE\plugins\com.st.stm32cube.common.mx_6.10.0.202311202037\\db\/plugins/boardmanager/
2024-03-12 13:19:33,803 [INFO] ApiDb:261 - Set plugin images path to: C:\ST\STM32CubeIDE_1.12.0\STM32CubeIDE\plugins\com.st.stm32cube.common.mx_6.10.0.202311202037\\db\/plugins/mcufinder/images/
2024-03-12 13:19:33,803 [WARN] DbFile:41 - Overriding database path with different value: C:\Users\user\.stmcufinder\plugins\mcufinder/ => C:\Users\user\.stmcufinder\plugins\mcufinder
2024-03-12 13:19:33,803 [INFO] ApiDb:250 - Set database path to: C:\Users\user\.stmcufinder\plugins\mcufinder//mcu/
2024-03-12 13:19:33,803 [WARN] DbFile:41 - Overriding database path with different value: C:\Users\user\.stmcufinder\plugins\mcufinder/ => C:\Users\user\.stmcufinder\plugins\mcufinder
2024-03-12 13:19:33,803 [INFO] DbMcusAds:125 - Set database path to: C:\Users\user\.stmcufinder\plugins\mcufinder//mcu/
2024-03-12 13:19:33,803 [WARN] DbFile:41 - Overriding database path with different value: C:\Users\user\.stmcufinder\plugins\mcufinder/ => C:\Users\user\.stmcufinder\plugins\mcufinder
2024-03-12 13:19:33,803 [WARN] DbFile:41 - Overriding database path with different value: C:\Users\user\.stmcufinder\plugins\mcufinder/ => C:\Users\user\.stmcufinder\plugins\mcufinder
2024-03-12 13:19:33,803 [INFO] CrossReferenceDbSqlite:203 - Set database path to: C:\Users\user\.stmcufinder\plugins\mcufinder//mcu/cs/
2024-03-12 13:19:33,889 [INFO] MainPanel:264 - HeapMemory: 279969792
2024-03-12 13:19:33,980 [INFO] DbMcusXml:78 - Set database path to: C:\ST\STM32CubeIDE_1.12.0\STM32CubeIDE\plugins\com.st.stm32cube.common.mx_6.10.0.202311202037\\db\/mcu/
2024-03-12 13:19:33,980 [INFO] ApiDb:274 - Set plugin database path to: C:\ST\STM32CubeIDE_1.12.0\STM32CubeIDE\plugins\com.st.stm32cube.common.mx_6.10.0.202311202037\\db\/plugins/boardmanager/
2024-03-12 13:19:33,980 [INFO] ApiDb:261 - Set plugin images path to: C:\ST\STM32CubeIDE_1.12.0\STM32CubeIDE\plugins\com.st.stm32cube.common.mx_6.10.0.202311202037\\db\/plugins/mcufinder/images/
2024-03-12 13:19:33,981 [WARN] DbFile:41 - Overriding database path with different value: C:\Users\user\.stmcufinder\plugins\mcufinder/ => C:\Users\user\.stmcufinder\plugins\mcufinder
2024-03-12 13:19:33,981 [INFO] ApiDb:250 - Set database path to: C:\Users\user\.stmcufinder\plugins\mcufinder//mcu/
2024-03-12 13:19:33,981 [WARN] DbFile:41 - Overriding database path with different value: C:\Users\user\.stmcufinder\plugins\mcufinder/ => C:\Users\user\.stmcufinder\plugins\mcufinder
2024-03-12 13:19:33,981 [INFO] DbMcusAds:125 - Set database path to: C:\Users\user\.stmcufinder\plugins\mcufinder//mcu/
2024-03-12 13:19:33,981 [WARN] DbFile:41 - Overriding database path with different value: C:\Users\user\.stmcufinder\plugins\mcufinder/ => C:\Users\user\.stmcufinder\plugins\mcufinder
2024-03-12 13:19:33,981 [WARN] DbFile:41 - Overriding database path with different value: C:\Users\user\.stmcufinder\plugins\mcufinder/ => C:\Users\user\.stmcufinder\plugins\mcufinder
2024-03-12 13:19:33,981 [INFO] CrossReferenceDbSqlite:203 - Set database path to: C:\Users\user\.stmcufinder\plugins\mcufinder//mcu/cs/
2024-03-12 13:19:33,999 [INFO] ApplicationProperties:184 - Using Application install path: C:\ST\STM32CubeIDE_1.12.0\STM32CubeIDE\plugins\com.st.stm32cube.common.mx_6.10.0.202311202037
2024-03-12 13:19:34,002 [INFO] PluginManage:196 - Search for loadable plugins [exclusion list=, ]
2024-03-12 13:19:34,003 [INFO] PluginManage:310 - Check plugin analytics
2024-03-12 13:19:34,251 [INFO] AnalyticsPlugin:253 - Accepted Software Licenses: STM32CubeMX.6.10.0
2024-03-12 13:19:34,252 [INFO] AnalyticsPlugin:255 - Accepted CMSIS Pack Licenses: 
2024-03-12 13:19:34,252 [INFO] AnalyticsPlugin:257 - Accepted Firmware Licenses: 
2024-03-12 13:19:34,254 [INFO] PluginManage:359 - Loaded plugin analytics (category:tool,tabindex:-1)
2024-03-12 13:19:34,259 [INFO] PluginManage:310 - Check plugin cadmodel
2024-03-12 13:19:34,266 [INFO] CADModel:105 - Init CAD model plugin
2024-03-12 13:19:34,266 [INFO] PluginManage:359 - Loaded plugin cadmodel (category:power,tabindex:5)
2024-03-12 13:19:34,266 [INFO] PluginManage:310 - Check plugin clock
2024-03-12 13:19:34,281 [INFO] PluginManage:359 - Loaded plugin clock (category:base,tabindex:2)
2024-03-12 13:19:34,281 [INFO] PluginManage:310 - Check plugin ddr
2024-03-12 13:19:34,283 [INFO] PluginManage:359 - Loaded plugin ddr (category:tool,tabindex:6)
2024-03-12 13:19:34,283 [INFO] PluginManage:310 - Check plugin filemanager
2024-03-12 13:19:34,476 [INFO] PluginManage:359 - Loaded plugin filemanager (category:base,tabindex:10)
2024-03-12 13:19:34,476 [INFO] PluginManage:310 - Check plugin ipmanager
2024-03-12 13:19:34,481 [INFO] PluginManage:359 - Loaded plugin ipmanager (category:base,tabindex:5)
2024-03-12 13:19:34,481 [INFO] PluginManage:310 - Check plugin lpbam
2024-03-12 13:19:34,492 [INFO] PluginManage:359 - Loaded plugin lpbam (category:base,tabindex:0)
2024-03-12 13:19:34,493 [INFO] PluginManage:310 - Check plugin memorymap
2024-03-12 13:19:34,507 [INFO] PluginManage:359 - Loaded plugin memorymap (category:base,tabindex:4)
2024-03-12 13:19:34,507 [INFO] PluginManage:310 - Check plugin pinoutandconfiguration
2024-03-12 13:19:34,515 [INFO] PluginManage:359 - Loaded plugin pinoutandconfiguration (category:base,tabindex:1)
2024-03-12 13:19:34,515 [INFO] PluginManage:310 - Check plugin pinoutconfig
2024-03-12 13:19:34,602 [WARN] SupportedApi:132 - Cannot load RTOS API schema: s4s-elt-must-match.1: The content of 'definitions' must match (annotation?, (simpleType | complexType)?, (unique | key | keyref)*)). A problem was found starting at: attribute.
2024-03-12 13:19:34,804 [INFO] PluginManage:359 - Loaded plugin pinoutconfig (category:base,tabindex:0)
2024-03-12 13:19:34,804 [INFO] PluginManage:310 - Check plugin power
2024-03-12 13:19:34,831 [INFO] PluginManage:359 - Loaded plugin power (category:power,tabindex:4)
2024-03-12 13:19:34,832 [INFO] PluginManage:310 - Check plugin projectmanager
2024-03-12 13:19:34,862 [INFO] PluginManage:359 - Loaded plugin projectmanager (category:projectmanager,tabindex:3)
2024-03-12 13:19:34,862 [INFO] PluginManage:310 - Check plugin thirdparty
2024-03-12 13:19:35,048 [INFO] PluginManage:359 - Loaded plugin thirdparty (category:base,tabindex:-1)
2024-03-12 13:19:35,047 [WARN] IntegrityCheckThread:84 - waiting for thirdparty lock release [integrity check]
2024-03-12 13:19:35,048 [INFO] PluginManage:310 - Check plugin tools
2024-03-12 13:19:35,049 [INFO] IntegrityCheckThread:86 - entering critical section [integrity check]
2024-03-12 13:19:35,049 [INFO] ThirdPartyUpdaterWithRetryManager:70 - Updater plugin not ready yet. [1/15]
2024-03-12 13:19:35,051 [INFO] PluginManage:359 - Loaded plugin tools (category:base,tabindex:7)
2024-03-12 13:19:35,052 [INFO] PluginManage:310 - Check plugin tutovideos
2024-03-12 13:19:35,237 [INFO] PluginManage:359 - Loaded plugin tutovideos (category:base,tabindex:-1)
2024-03-12 13:19:35,237 [INFO] PluginManage:310 - Check plugin updater
2024-03-12 13:19:35,251 [INFO] PluginManage:359 - Loaded plugin updater (category:base,tabindex:12)
2024-03-12 13:19:35,251 [INFO] PluginManage:310 - Check plugin userauth
2024-03-12 13:19:35,258 [INFO] UserAuth:114 - Init User Auth plugin
2024-03-12 13:19:35,258 [INFO] PluginManage:359 - Loaded plugin userauth (category:base,tabindex:14)
2024-03-12 13:19:35,258 [INFO] PluginManage:283 - PluginManage : Loaded plugins [17]
2024-03-12 13:19:35,453 [INFO] PinOutPanel:1499 - setPackage(No Configuration,No Configuration)
2024-03-12 13:19:35,532 [INFO] CADModel:165 - CPN selected for project level
2024-03-12 13:19:35,532 [INFO] CADModel:114 - Register for checkConnection events
2024-03-12 13:19:35,565 [INFO] IPUIPlugin:80 - create IPUIPlugin
2024-03-12 13:19:35,565 [INFO] PluginManager:220 - loadIPPluginJar : add adc
2024-03-12 13:19:35,568 [INFO] IPUIPlugin:80 - create IPUIPlugin
2024-03-12 13:19:35,568 [INFO] PluginManager:220 - loadIPPluginJar : add aes
2024-03-12 13:19:35,571 [INFO] IPUIPlugin:80 - create IPUIPlugin
2024-03-12 13:19:35,571 [INFO] PluginManager:220 - loadIPPluginJar : add can
2024-03-12 13:19:35,575 [INFO] IPUIPlugin:80 - create IPUIPlugin
2024-03-12 13:19:35,575 [INFO] PluginManager:220 - loadIPPluginJar : add comp
2024-03-12 13:19:35,579 [INFO] IPUIPlugin:80 - create IPUIPlugin
2024-03-12 13:19:35,579 [INFO] PluginManager:220 - loadIPPluginJar : add cryp
2024-03-12 13:19:35,581 [INFO] IPUIPlugin:80 - create IPUIPlugin
2024-03-12 13:19:35,582 [INFO] PluginManager:220 - loadIPPluginJar : add dfsdm
2024-03-12 13:19:35,586 [INFO] IPUIPlugin:80 - create IPUIPlugin
2024-03-12 13:19:35,587 [INFO] PluginManager:220 - loadIPPluginJar : add dma
2024-03-12 13:19:35,590 [INFO] IPUIPlugin:80 - create IPUIPlugin
2024-03-12 13:19:35,590 [INFO] PluginManager:220 - loadIPPluginJar : add dma3
2024-03-12 13:19:35,593 [INFO] IPUIPlugin:80 - create IPUIPlugin
2024-03-12 13:19:35,593 [INFO] PluginManager:220 - loadIPPluginJar : add fatfs
2024-03-12 13:19:35,595 [INFO] IPUIPlugin:80 - create IPUIPlugin
2024-03-12 13:19:35,595 [INFO] PluginManager:220 - loadIPPluginJar : add fmc
2024-03-12 13:19:35,600 [INFO] IPUIPlugin:80 - create IPUIPlugin
2024-03-12 13:19:35,600 [INFO] PluginManager:220 - loadIPPluginJar : add freertos
2024-03-12 13:19:35,602 [INFO] IPUIPlugin:80 - create IPUIPlugin
2024-03-12 13:19:35,602 [INFO] PluginManager:220 - loadIPPluginJar : add genericplugin
2024-03-12 13:19:35,604 [INFO] IPUIPlugin:80 - create IPUIPlugin
2024-03-12 13:19:35,604 [INFO] PluginManager:220 - loadIPPluginJar : add gfxmmu
2024-03-12 13:19:35,608 [INFO] IPUIPlugin:80 - create IPUIPlugin
2024-03-12 13:19:35,608 [INFO] PluginManager:220 - loadIPPluginJar : add gic
2024-03-12 13:19:35,612 [INFO] IPUIPlugin:80 - create IPUIPlugin
2024-03-12 13:19:35,612 [INFO] PluginManager:220 - loadIPPluginJar : add gpio
2024-03-12 13:19:35,614 [INFO] IPUIPlugin:80 - create IPUIPlugin
2024-03-12 13:19:35,614 [INFO] PluginManager:220 - loadIPPluginJar : add gtzc
2024-03-12 13:19:35,616 [INFO] IPUIPlugin:80 - create IPUIPlugin
2024-03-12 13:19:35,616 [INFO] PluginManager:220 - loadIPPluginJar : add hash
2024-03-12 13:19:35,619 [INFO] IPUIPlugin:80 - create IPUIPlugin
2024-03-12 13:19:35,619 [INFO] PluginManager:220 - loadIPPluginJar : add i2c
2024-03-12 13:19:35,621 [INFO] IPUIPlugin:80 - create IPUIPlugin
2024-03-12 13:19:35,621 [INFO] PluginManager:220 - loadIPPluginJar : add i2s
2024-03-12 13:19:35,624 [INFO] IPUIPlugin:80 - create IPUIPlugin
2024-03-12 13:19:35,625 [INFO] PluginManager:220 - loadIPPluginJar : add i3c
2024-03-12 13:19:35,628 [INFO] IPUIPlugin:80 - create IPUIPlugin
2024-03-12 13:19:35,628 [INFO] PluginManager:220 - loadIPPluginJar : add ipddr
2024-03-12 13:19:35,633 [INFO] IPUIPlugin:80 - create IPUIPlugin
2024-03-12 13:19:35,634 [INFO] PluginManager:220 - loadIPPluginJar : add linkedlist
2024-03-12 13:19:35,636 [INFO] IPUIPlugin:80 - create IPUIPlugin
2024-03-12 13:19:35,637 [INFO] PluginManager:220 - loadIPPluginJar : add lorawan
2024-03-12 13:19:35,639 [INFO] IPUIPlugin:80 - create IPUIPlugin
2024-03-12 13:19:35,640 [INFO] PluginManager:220 - loadIPPluginJar : add ltdc
2024-03-12 13:19:35,644 [INFO] IPUIPlugin:80 - create IPUIPlugin
2024-03-12 13:19:35,645 [INFO] PluginManager:220 - loadIPPluginJar : add mdma
2024-03-12 13:19:35,648 [INFO] IPUIPlugin:80 - create IPUIPlugin
2024-03-12 13:19:35,648 [INFO] PluginManager:220 - loadIPPluginJar : add nvic
2024-03-12 13:19:35,651 [INFO] IPUIPlugin:80 - create IPUIPlugin
2024-03-12 13:19:35,651 [INFO] PluginManager:220 - loadIPPluginJar : add opamp
2024-03-12 13:19:35,653 [INFO] IPUIPlugin:80 - create IPUIPlugin
2024-03-12 13:19:35,653 [INFO] PluginManager:220 - loadIPPluginJar : add openamp
2024-03-12 13:19:35,657 [INFO] IPUIPlugin:80 - create IPUIPlugin
2024-03-12 13:19:35,657 [INFO] PluginManager:220 - loadIPPluginJar : add pdm2pcm
2024-03-12 13:19:35,664 [INFO] IPUIPlugin:80 - create IPUIPlugin
2024-03-12 13:19:35,667 [INFO] PluginManager:220 - loadIPPluginJar : add plateformsettings
2024-03-12 13:19:35,669 [INFO] IPUIPlugin:80 - create IPUIPlugin
2024-03-12 13:19:35,669 [INFO] PluginManager:220 - loadIPPluginJar : add quadspi
2024-03-12 13:19:35,675 [INFO] IPUIPlugin:80 - create IPUIPlugin
2024-03-12 13:19:35,676 [INFO] PluginManager:220 - loadIPPluginJar : add resmgrutility
2024-03-12 13:19:35,679 [INFO] IPUIPlugin:80 - create IPUIPlugin
2024-03-12 13:19:35,680 [INFO] PluginManager:220 - loadIPPluginJar : add sai
2024-03-12 13:19:35,683 [INFO] IPUIPlugin:80 - create IPUIPlugin
2024-03-12 13:19:35,683 [INFO] PluginManager:220 - loadIPPluginJar : add spi
2024-03-12 13:19:35,691 [INFO] IPUIPlugin:80 - create IPUIPlugin
2024-03-12 13:19:35,691 [INFO] PluginManager:220 - loadIPPluginJar : add stm32_wpan
2024-03-12 13:19:35,693 [INFO] IPUIPlugin:80 - create IPUIPlugin
2024-03-12 13:19:35,694 [INFO] PluginManager:220 - loadIPPluginJar : add tim
2024-03-12 13:19:35,697 [INFO] IPUIPlugin:80 - create IPUIPlugin
2024-03-12 13:19:35,697 [INFO] PluginManager:220 - loadIPPluginJar : add touchsensing
2024-03-12 13:19:35,699 [INFO] IPUIPlugin:80 - create IPUIPlugin
2024-03-12 13:19:35,699 [INFO] PluginManager:220 - loadIPPluginJar : add tracer_emb
2024-03-12 13:19:35,702 [INFO] IPUIPlugin:80 - create IPUIPlugin
2024-03-12 13:19:35,702 [INFO] PluginManager:220 - loadIPPluginJar : add ts
2024-03-12 13:19:35,704 [INFO] IPUIPlugin:80 - create IPUIPlugin
2024-03-12 13:19:35,705 [INFO] PluginManager:220 - loadIPPluginJar : add tsc
2024-03-12 13:19:35,709 [INFO] IPUIPlugin:80 - create IPUIPlugin
2024-03-12 13:19:35,709 [INFO] PluginManager:220 - loadIPPluginJar : add ucpd
2024-03-12 13:19:35,714 [INFO] IPUIPlugin:80 - create IPUIPlugin
2024-03-12 13:19:35,714 [INFO] PluginManager:220 - loadIPPluginJar : add usart
2024-03-12 13:19:35,731 [INFO] IPUIPlugin:80 - create IPUIPlugin
2024-03-12 13:19:35,733 [INFO] PluginManager:220 - loadIPPluginJar : add usbx
2024-03-12 13:19:35,985 [INFO] CADModel:165 - CPN selected for project level
2024-03-12 13:19:35,985 [INFO] CADModel:114 - Register for checkConnection events
2024-03-12 13:19:35,985 [FATAL] Updater:308 - Updater called before beeing initialized
2024-03-12 13:19:35,986 [ERROR] CADModel:125 - Updater not yet initialized, retry later 
2024-03-12 13:19:36,470 [INFO] CADModel:165 - CPN selected for project level
2024-03-12 13:19:36,470 [INFO] CADModel:114 - Register for checkConnection events
2024-03-12 13:19:36,470 [FATAL] Updater:308 - Updater called before beeing initialized
2024-03-12 13:19:36,470 [ERROR] CADModel:125 - Updater not yet initialized, retry later 
2024-03-12 13:19:36,477 [FATAL] Updater:308 - Updater called before beeing initialized
2024-03-12 13:19:36,950 [FATAL] Updater:308 - Updater called before beeing initialized
2024-03-12 13:19:36,959 [INFO] DbMcusAds:53 - JSON generation date=Wed Nov 29 17:52:27 ICT 2023 (1701255147349)
2024-03-12 13:19:36,960 [FATAL] Updater:308 - Updater called before beeing initialized
2024-03-12 13:19:37,011 [WARN] DetailPanel:346 - Failed to get advertising image, set to default
2024-03-12 13:19:37,110 [FATAL] Updater:308 - Updater called before beeing initialized
2024-03-12 13:19:37,112 [FATAL] Updater:308 - Updater called before beeing initialized
2024-03-12 13:19:37,112 [FATAL] Updater:308 - Updater called before beeing initialized
2024-03-12 13:19:37,112 [WARN] DetailPanel:346 - Failed to get advertising image, set to default
2024-03-12 13:19:37,113 [FATAL] Updater:308 - Updater called before beeing initialized
2024-03-12 13:19:37,197 [ERROR] Updater:1120 - MainUpdater not yet initialized. External WinMGr cannot be set.
2024-03-12 13:19:37,200 [INFO] Updater:1056 - Updater Version found : 6.10.0
2024-03-12 13:19:37,243 [INFO] ApplicationProperties:184 - Using Application install path: C:\ST\STM32CubeIDE_1.12.0\STM32CubeIDE\plugins\com.st.stm32cube.common.mx_6.10.0.202311202037
2024-03-12 13:19:38,053 [INFO] ThirdPartyUpdaterWithRetryManager:70 - Updater plugin not ready yet. [2/15]
2024-03-12 13:19:38,592 [INFO] MainUpdater:2873 - connection check result : 10
2024-03-12 13:19:38,593 [INFO] MainUpdater:290 - Updater Check For Update Now.
2024-03-12 13:19:38,593 [INFO] MicroXplorer:498 - Change Database Version : DB.6.0.100
2024-03-12 13:19:38,601 [INFO] McuFinderGlobals:63 - Set McuFinder mode to 2 (CubeIDE integrated)
2024-03-12 13:19:38,601 [INFO] UserAuth:180 - activating auth plugin
2024-03-12 13:19:38,603 [INFO] UserAuth:404 - Internet connection configuration mode: 1
2024-03-12 13:19:38,697 [INFO] JxBrowserEngine:152 - Initiate JxBrowser Engine with user profile folder
2024-03-12 13:19:39,434 [INFO] CheckServerUpdateThread:120 - End of CheckServer Thread
2024-03-12 13:19:40,212 [INFO] WebApp:161 - Instantiating new browser for Auth
2024-03-12 13:19:40,914 [INFO] WebApp:780 - Register for checkConnection events
2024-03-12 13:19:40,914 [INFO] WebApp:414 - Apply proxy settings
2024-03-12 13:19:40,915 [INFO] WebApp:499 - Chromium requires no authentication
2024-03-12 13:19:40,923 [INFO] WebApp:442 - Direct internet connection detected
2024-03-12 13:19:41,087 [INFO] WebApp:192 - Starting web application
2024-03-12 13:19:41,087 [INFO] WebApp:544 - Web application path used C:\ST\STM32CubeIDE_1.12.0\STM32CubeIDE\plugins\com.st.stm32cube.common.mx_6.10.0.202311202037\db\plugins\mcufinder\reactClient1\index.html
2024-03-12 13:19:41,353 [WARN] PackLoader:240 - Cannot read IP mode file for STMicroelectronics.X-CUBE-SMBUS.2.1.0
2024-03-12 13:19:41,376 [WARN] PackLoader:240 - Cannot read IP mode file for STMicroelectronics.X-CUBE-TOUCHGFX.4.23.0
2024-03-12 13:19:41,603 [WARN] PackLoader:240 - Cannot read IP mode file for STMicroelectronics.X-CUBE-AZRTOS-F7.1.1.0
2024-03-12 13:19:41,625 [WARN] PackLoader:240 - Cannot read IP mode file for STMicroelectronics.FP-SNS-MOTENV1.4.3.2
2024-03-12 13:19:41,648 [WARN] PackLoader:240 - Cannot read IP mode file for STMicroelectronics.FP-SNS-FLIGHT1.5.0.2
2024-03-12 13:19:41,662 [WARN] PackLoader:240 - Cannot read IP mode file for STMicroelectronics.X-CUBE-DISPLAY.3.0.0
2024-03-12 13:19:41,685 [WARN] PackLoader:240 - Cannot read IP mode file for STMicroelectronics.X-CUBE-BLE1.7.0.0
2024-03-12 13:19:41,716 [WARN] PackLoader:240 - Cannot read IP mode file for emotas.I-CUBE-CANOPEN.1.3.0
2024-03-12 13:19:41,787 [WARN] PackLoader:240 - Cannot read IP mode file for STMicroelectronics.X-CUBE-TOUCHGFX.4.22.0
2024-03-12 13:19:41,859 [WARN] PackLoader:240 - Cannot read IP mode file for STMicroelectronics.X-CUBE-TOUCHGFX.4.22.1
2024-03-12 13:19:41,936 [WARN] PackLoader:240 - Cannot read IP mode file for STMicroelectronics.X-CUBE-BLEMGR.3.1.0
2024-03-12 13:19:41,952 [WARN] PackLoader:240 - Cannot read IP mode file for STMicroelectronics.FP-SNS-SMARTAG2.1.2.0
2024-03-12 13:19:41,970 [INFO] LogOutputStream:77 - [STDOUT_REDIRECT] 1 : Invalid condition id : UX_CORESTACK_Condition cause : null
2024-03-12 13:19:41,974 [INFO] LogOutputStream:77 - [STDOUT_REDIRECT] 1 : Invalid condition id : UX_CORESTACK_Condition cause : null
2024-03-12 13:19:41,975 [INFO] LogOutputStream:77 - [STDOUT_REDIRECT] 1 : Invalid condition id : UX_CORESTACK_Condition cause : null
2024-03-12 13:19:41,977 [INFO] LogOutputStream:77 - [STDOUT_REDIRECT] 1 : Invalid condition id : UX_CORESTACK_Condition cause : null
2024-03-12 13:19:41,981 [INFO] LogOutputStream:77 - [STDOUT_REDIRECT] 1 : Invalid condition id : UX_CORESTACK_Condition cause : null
2024-03-12 13:19:41,984 [WARN] PackLoader:240 - Cannot read IP mode file for STMicroelectronics.X-CUBE-AZRTOS-WL.2.0.0
2024-03-12 13:19:42,009 [WARN] PackLoader:240 - Cannot read IP mode file for WES.I-CUBE-Cesium.1.3.0
2024-03-12 13:19:42,015 [WARN] PackLoader:240 - Cannot read IP mode file for STMicroelectronics.X-CUBE-BLE2.3.3.0
2024-03-12 13:19:42,021 [WARN] PackLoader:240 - Cannot read IP mode file for STMicroelectronics.X-CUBE-TOUCHGFX.4.18.0
2024-03-12 13:19:42,085 [WARN] PackLoader:240 - Cannot read IP mode file for STMicroelectronics.X-CUBE-TOUCHGFX.4.21.1
2024-03-12 13:19:42,129 [WARN] PackLoader:240 - Cannot read IP mode file for STMicroelectronics.X-CUBE-TOUCHGFX.4.21.0
2024-03-12 13:19:42,165 [WARN] PackLoader:240 - Cannot read IP mode file for STMicroelectronics.X-CUBE-TOUCHGFX.4.21.4
2024-03-12 13:19:42,217 [WARN] PackLoader:240 - Cannot read IP mode file for STMicroelectronics.X-CUBE-ALGOBUILD.1.3.0
2024-03-12 13:19:42,266 [WARN] PackLoader:240 - Cannot read IP mode file for STMicroelectronics.X-CUBE-AZRTOS-G0.1.1.0
2024-03-12 13:19:42,279 [WARN] PackLoader:240 - Cannot read IP mode file for STMicroelectronics.X-CUBE-NFC4.3.0.0
2024-03-12 13:19:42,289 [WARN] PackLoader:240 - Cannot read IP mode file for STMicroelectronics.X-CUBE-BLEMGR.3.0.0
2024-03-12 13:19:42,298 [WARN] PackLoader:240 - Cannot read IP mode file for STMicroelectronics.FP-ATR-SIGFOX1.3.2.0
2024-03-12 13:19:42,345 [WARN] PackLoader:240 - Cannot read IP mode file for STMicroelectronics.X-CUBE-EEPRMA1.5.1.0
2024-03-12 13:19:42,435 [WARN] PackLoader:240 - Cannot read IP mode file for SEGGER.I-CUBE-embOS.1.3.1
2024-03-12 13:19:42,524 [WARN] PackLoader:240 - Cannot read IP mode file for STMicroelectronics.X-CUBE-GNSS1.6.0.0
2024-03-12 13:19:42,545 [WARN] PackLoader:240 - Cannot read IP mode file for STMicroelectronics.X-CUBE-AZRTOS-F4.1.1.0
2024-03-12 13:19:42,553 [WARN] PackLoader:240 - Cannot read IP mode file for wolfSSL.I-CUBE-wolfSSL.5.6.6
2024-03-12 13:19:42,580 [WARN] PackLoader:240 - Cannot read IP mode file for STMicroelectronics.X-CUBE-AZRTOS-L5.2.0.0
2024-03-12 13:19:42,592 [WARN] PackLoader:240 - Cannot read IP mode file for STMicroelectronics.X-CUBE-EEPRMA1.4.2.0
2024-03-12 13:19:42,600 [WARN] PackLoader:240 - Cannot read IP mode file for ITTIA_DB.I-CUBE-ITTIADB.8.8.0
2024-03-12 13:19:42,653 [WARN] PackLoader:240 - Cannot read IP mode file for emotas.I-CUBE-CANOPEN.1.1.3
2024-03-12 13:19:42,715 [WARN] ConditionMgr:438 - getConditionDescription Invalid condition id : UX DEVICE CLASS RTOS Condition cause : null
2024-03-12 13:19:42,716 [WARN] ConditionMgr:438 - getConditionDescription Invalid condition id : UX DEVICE CLASS RTOS Condition cause : null
2024-03-12 13:19:42,719 [WARN] PackLoader:240 - Cannot read IP mode file for STMicroelectronics.X-CUBE-AZRTOS-H7.3.1.0
2024-03-12 13:19:42,727 [WARN] ConditionMgr:1039 - genDependencies : Invalid condition id : UX DEVICE CLASS RTOS Condition cause : null
2024-03-12 13:19:42,727 [WARN] ConditionMgr:1039 - genDependencies : Invalid condition id : UX DEVICE CLASS RTOS Condition cause : null
2024-03-12 13:19:42,728 [WARN] ConditionMgr:1039 - genDependencies : Invalid condition id : UX DEVICE CLASS RTOS Condition cause : null
2024-03-12 13:19:42,729 [WARN] ConditionMgr:1039 - genDependencies : Invalid condition id : UX DEVICE CLASS RTOS Condition cause : null
2024-03-12 13:19:42,729 [WARN] ConditionMgr:1039 - genDependencies : Invalid condition id : UX DEVICE CLASS RTOS Condition cause : null
2024-03-12 13:19:42,734 [WARN] ConditionMgr:438 - getConditionDescription Invalid condition id : UX DEVICE CLASS RTOS Condition cause : null
2024-03-12 13:19:42,735 [WARN] ConditionMgr:438 - getConditionDescription Invalid condition id : UX DEVICE CLASS RTOS Condition cause : null
2024-03-12 13:19:42,880 [WARN] PackLoader:240 - Cannot read IP mode file for STMicroelectronics.X-CUBE-NFC7.1.0.1
2024-03-12 13:19:42,885 [WARN] PackLoader:240 - Cannot read IP mode file for STMicroelectronics.X-CUBE-NFC6.3.0.0
2024-03-12 13:19:42,896 [WARN] PackLoader:240 - Cannot read IP mode file for STMicroelectronics.X-CUBE-AI.8.1.0
2024-03-12 13:19:42,915 [WARN] ConditionMgr:438 - getConditionDescription Invalid condition id : LAN8742 Phy interface Condition cause : null
2024-03-12 13:19:42,915 [WARN] PackLoader:240 - Cannot read IP mode file for STMicroelectronics.X-CUBE-AZRTOS-L4.2.0.0
2024-03-12 13:19:42,917 [WARN] ConditionMgr:1039 - genDependencies : Invalid condition id : LAN8742 Phy interface Condition cause : null
2024-03-12 13:19:42,917 [WARN] ConditionMgr:1039 - genDependencies : Invalid condition id : LAN8742 Phy interface Condition cause : null
2024-03-12 13:19:42,918 [WARN] ConditionMgr:1039 - genDependencies : Invalid condition id : LAN8742 Phy interface Condition cause : null
2024-03-12 13:19:42,927 [WARN] PackLoader:240 - Cannot read IP mode file for STMicroelectronics.X-CUBE-SFXS2LP1.4.0.0
2024-03-12 13:19:42,942 [WARN] ConditionMgr:438 - getConditionDescription Invalid condition id : UX DEVICE CLASS RTOS Condition cause : null
2024-03-12 13:19:42,942 [WARN] ConditionMgr:438 - getConditionDescription Invalid condition id : UX DEVICE CLASS RTOS Condition cause : null
2024-03-12 13:19:42,945 [WARN] PackLoader:240 - Cannot read IP mode file for STMicroelectronics.X-CUBE-AZRTOS-WB.2.0.0
2024-03-12 13:19:42,945 [WARN] ConditionMgr:1039 - genDependencies : Invalid condition id : UX DEVICE CLASS RTOS Condition cause : null
2024-03-12 13:19:42,945 [WARN] ConditionMgr:1039 - genDependencies : Invalid condition id : UX DEVICE CLASS RTOS Condition cause : null
2024-03-12 13:19:42,946 [WARN] ConditionMgr:1039 - genDependencies : Invalid condition id : UX DEVICE CLASS RTOS Condition cause : null
2024-03-12 13:19:42,946 [WARN] ConditionMgr:1039 - genDependencies : Invalid condition id : UX DEVICE CLASS RTOS Condition cause : null
2024-03-12 13:19:42,946 [WARN] ConditionMgr:1039 - genDependencies : Invalid condition id : UX DEVICE CLASS RTOS Condition cause : null
2024-03-12 13:19:42,985 [WARN] PackLoader:240 - Cannot read IP mode file for STMicroelectronics.X-CUBE-SUBG2.5.0.0
2024-03-12 13:19:43,010 [WARN] PackLoader:240 - Cannot read IP mode file for STMicroelectronics.X-CUBE-TOF1.3.3.1
2024-03-12 13:19:43,070 [WARN] PackLoader:240 - Cannot read IP mode file for STMicroelectronics.X-CUBE-AZRTOS-G4.2.0.0
2024-03-12 13:19:43,085 [WARN] PackLoader:240 - Cannot read IP mode file for STMicroelectronics.X-CUBE-TOF1.3.3.0
2024-03-12 13:19:43,152 [WARN] PackLoader:240 - Cannot read IP mode file for Infineon.AIROC-Wi-Fi-Bluetooth-STM32.1.5.1
2024-03-12 13:19:43,162 [WARN] PackLoader:240 - Cannot read IP mode file for STMicroelectronics.FP-SNS-MOTENVWB1.1.3.1
2024-03-12 13:19:43,164 [WARN] PackLoader:240 - Cannot read IP mode file for STMicroelectronics.X-CUBE-ISPU.2.0.0
2024-03-12 13:19:43,203 [WARN] PackLoader:240 - Cannot read IP mode file for STMicroelectronics.X-CUBE-MEMS1.10.0.0
2024-03-12 13:19:43,404 [WARN] PackLoader:240 - Cannot read IP mode file for STMicroelectronics.X-CUBE-FREERTOS.1.1.0
2024-03-12 13:19:43,413 [WARN] PackLoader:240 - Cannot read IP mode file for portGmbH.I-Cube-SoM-uGOAL.1.1.0
2024-03-12 13:19:43,417 [WARN] PackLoader:240 - Cannot read IP mode file for STMicroelectronics.X-CUBE-ALS.1.0.1
2024-03-12 13:19:43,424 [WARN] PackLoader:240 - Cannot read IP mode file for STMicroelectronics.FP-ATR-ASTRA1.2.0.0
2024-03-12 13:19:43,453 [WARN] PackLoader:240 - Cannot read IP mode file for STMicroelectronics.X-CUBE-TOF1.3.4.0
2024-03-12 13:19:43,515 [WARN] PackLoader:240 - Cannot read IP mode file for STMicroelectronics.X-CUBE-TOF1.3.4.1
2024-03-12 13:19:43,565 [WARN] PackLoader:240 - Cannot read IP mode file for STMicroelectronics.X-CUBE-AZRTOS-H7.3.2.0
2024-03-12 13:19:43,654 [INFO] ThirdParty:978 - Integrity check success = true
2024-03-12 13:19:43,657 [INFO] IntegrityCheckThread:100 - exiting critical section [integrity check]
2024-03-12 13:19:43,657 [INFO] IntegrityCheckThread:103 - End integrity checks thread
2024-03-12 13:52:16,146 [INFO] McuFinderGlobals:63 - Set McuFinder mode to 2 (CubeIDE integrated)
2024-03-12 13:52:16,155 [INFO] MainUpdater:2873 - connection check result : 10
2024-03-12 13:52:16,155 [INFO] MainUpdater:2873 - connection check result : 10
2024-03-12 13:52:16,213 [INFO] MicroXplorer:468 - Change Database Path : 
2024-03-12 13:52:16,214 [INFO] MicroXplorer:498 - Change Database Version : DB.6.0.100
2024-03-12 13:52:16,220 [WARN] ThirdParty:871 - waiting for thirdparty lock release [close project]
2024-03-12 13:52:16,220 [INFO] ThirdParty:873 - entering critical section [close project]
2024-03-12 13:52:16,224 [INFO] ThirdParty:883 - exiting critical section [close project]
2024-03-12 13:52:16,228 [INFO] PinOutPanel:1499 - setPackage(No Configuration,No Configuration)
2024-03-12 13:52:16,232 [INFO] UtilMem:75 - Begin LoadConfig() Used Memory: 279672432 Bytes (846200832)
2024-03-12 13:52:16,235 [INFO] MicroXplorer:468 - Change Database Path : 
2024-03-12 13:52:16,235 [INFO] MicroXplorer:498 - Change Database Version : DB.6.0.100
2024-03-12 13:52:16,235 [INFO] OpenFileManager:312 - Change cursor
2024-03-12 13:52:16,303 [INFO] Mcu:2016 - Initializing MCU STM32H750XBHx STM32H750XBHx STM32H750XBH6
2024-03-12 13:52:20,604 [INFO] Context:659 - Trying to add GPIOservice into a context  which must be forbidden
2024-03-12 13:52:23,403 [INFO] RtosManager:555 - Registered RTOS mode: class=CMSIS, group=RTOS, mode=CMSIS_V1, owner=FREERTOS
2024-03-12 13:52:23,404 [INFO] RtosManager:555 - Registered RTOS mode: class=CMSIS, group=RTOS2, mode=CMSIS_V2, owner=FREERTOS
2024-03-12 13:52:23,404 [INFO] RtosManager:555 - Registered RTOS mode: class=RTOS, group=Core, mode=CMSIS_V1, owner=FREERTOS
2024-03-12 13:52:23,404 [INFO] RtosManager:555 - Registered RTOS mode: class=RTOS, group=Core, mode=CMSIS_V2, owner=FREERTOS
2024-03-12 13:52:23,404 [WARN] ModelIntegratedComponent:184 - Missing modes for component STMicroelectronics:FreeRTOS:0.0.1:STMicroelectronics:RTOS:FreeRTOS:Core:::10.2.0:
2024-03-12 13:52:23,445 [WARN] ModelIntegratedComponent:63 - No mode defined for component null
2024-03-12 13:52:23,445 [WARN] ModelIntegratedComponent:63 - No mode defined for component null
2024-03-12 13:52:23,445 [WARN] ModelIntegratedComponent:63 - No mode defined for component null
2024-03-12 13:52:23,445 [WARN] ModelIntegratedComponent:63 - No mode defined for component null
2024-03-12 13:52:23,445 [WARN] ModelIntegratedComponent:63 - No mode defined for component null
2024-03-12 13:52:23,445 [WARN] ModelIntegratedComponent:63 - No mode defined for component null
2024-03-12 13:52:23,445 [WARN] ModelIntegratedComponent:63 - No mode defined for component null
2024-03-12 13:52:23,445 [WARN] ModelIntegratedComponent:63 - No mode defined for component null
2024-03-12 13:52:23,445 [WARN] ModelIntegratedComponent:63 - No mode defined for component null
2024-03-12 13:52:23,445 [WARN] ModelIntegratedComponent:63 - No mode defined for component null
2024-03-12 13:52:23,445 [WARN] ModelIntegratedComponent:63 - No mode defined for component null
2024-03-12 13:52:23,445 [WARN] ModelIntegratedComponent:63 - No mode defined for component null
2024-03-12 13:52:23,445 [WARN] ModelIntegratedComponent:63 - No mode defined for component null
2024-03-12 13:52:23,445 [WARN] ModelIntegratedComponent:63 - No mode defined for component null
2024-03-12 13:52:23,445 [WARN] ModelIntegratedComponent:63 - No mode defined for component null
2024-03-12 13:52:23,445 [WARN] ModelIntegratedComponent:63 - No mode defined for component null
2024-03-12 13:52:23,445 [WARN] ModelIntegratedComponent:63 - No mode defined for component null
2024-03-12 13:52:23,445 [WARN] ModelIntegratedComponent:63 - No mode defined for component null
2024-03-12 13:52:23,445 [WARN] ModelIntegratedComponent:63 - No mode defined for component null
2024-03-12 13:52:23,445 [WARN] ModelIntegratedComponent:63 - No mode defined for component null
2024-03-12 13:52:23,446 [WARN] ModelIntegratedComponent:63 - No mode defined for component null
2024-03-12 13:52:23,446 [WARN] ModelIntegratedComponent:63 - No mode defined for component null
2024-03-12 13:52:23,446 [WARN] ModelIntegratedComponent:63 - No mode defined for component null
2024-03-12 13:52:23,446 [WARN] ModelIntegratedComponent:63 - No mode defined for component null
2024-03-12 13:52:23,446 [WARN] ModelIntegratedComponent:63 - No mode defined for component null
2024-03-12 13:52:23,446 [WARN] ModelIntegratedComponent:63 - No mode defined for component null
2024-03-12 13:52:23,446 [WARN] ModelIntegratedComponent:63 - No mode defined for component null
2024-03-12 13:52:23,446 [WARN] ModelIntegratedComponent:63 - No mode defined for component null
2024-03-12 13:52:23,446 [WARN] ModelIntegratedComponent:63 - No mode defined for component null
2024-03-12 13:52:23,446 [WARN] ModelIntegratedComponent:63 - No mode defined for component null
2024-03-12 13:52:23,446 [WARN] ModelIntegratedComponent:63 - No mode defined for component null
2024-03-12 13:52:23,446 [WARN] ModelIntegratedComponent:63 - No mode defined for component null
2024-03-12 13:52:23,446 [WARN] ModelIntegratedComponent:63 - No mode defined for component null
2024-03-12 13:52:23,548 [INFO] ThirdPartyModel:298 - Start build external matchings
2024-03-12 13:52:23,881 [INFO] ThirdPartyModel:316 - End build external matchings
2024-03-12 13:52:23,893 [INFO] RtosManager:919 - Current active RTOS is FREERTOS [Cortex-M7NS]
2024-03-12 13:52:23,898 [INFO] ImportTextPane:194 - (OptionalMessage_ERROR) IP (ETH) : Invalid parameter (RxBuffAddress)
2024-03-12 13:52:23,923 [WARN] IP:2119 - LWIP_NETIF_HOSTNAME not found: check if there is a RefParameter without a condition.
2024-03-12 13:52:23,994 [INFO] ImportTextPane:194 - (OptionalMessage_ERROR) IP (RCC) : Parameter (FDCANFreq_Value) has invalid value (200000000)
2024-03-12 13:52:23,994 [INFO] ImportTextPane:194 - (OptionalMessage_ERROR) IP (RCC) : Invalid parameter (FamilyName)
2024-03-12 13:52:23,995 [INFO] ImportTextPane:194 - (OptionalMessage_ERROR) IP (RCC) : Parameter (SAI1Freq_Value) has invalid value (200000000)
2024-03-12 13:52:23,995 [INFO] ImportTextPane:194 - (OptionalMessage_ERROR) IP (RCC) : Parameter (SAI23Freq_Value) has invalid value (200000000)
2024-03-12 13:52:23,995 [INFO] ImportTextPane:194 - (OptionalMessage_ERROR) IP (RCC) : Parameter (SAI4AFreq_Value) has invalid value (200000000)
2024-03-12 13:52:23,995 [INFO] ImportTextPane:194 - (OptionalMessage_ERROR) IP (RCC) : Parameter (SAI4BFreq_Value) has invalid value (200000000)
2024-03-12 13:52:23,995 [INFO] ImportTextPane:194 - (OptionalMessage_ERROR) IP (RCC) : Parameter (USBFreq_Value) has invalid value (200000000)
2024-03-12 13:52:25,301 [INFO] UtilMem:75 - End LoadConfig() Used Memory: 466351352 Bytes (895483904)
2024-03-12 13:52:25,438 [INFO] ApiDb:581 - Connected to CubeFinder SQLite database (C:\Users\user\.stmcufinder\plugins\mcufinder\mcu\cube-finder-db.db)
2024-03-12 13:52:25,509 [INFO] ApiDb:668 - CubeFinder database Data Model version=2.1
2024-03-12 13:52:25,509 [INFO] ApiDb:669 - CubeFinder database Configuration version=3.0.39
2024-03-12 13:52:25,511 [INFO] ApiDb:670 - CubeFinder database generation date=2024-02-19 (1708350410)
2024-03-12 13:52:25,511 [INFO] ApiDb:671 - CubeFinder database FW Pack versions=[FP-ATR-ASTRA1_V2.0.0, FP-SNS-FLIGHT1_V5.0.1, FP-SNS-FLIGHT1_V5.0.2, FP-SNS-MOTENV1_V4.3.1, FP-SNS-MOTENV1_V4.3.2, FP-SNS-MOTENVWB1_V1.3.1, FP-SNS-SMARTAG2_V1.2.0, STM32Cube_FW_C0_V1.1.0, STM32Cube_FW_F4_V1.28.0, STM32Cube_FW_F7_V1.17.0, STM32Cube_FW_G0_V1.6.2, STM32Cube_FW_G4_V1.5.2, STM32Cube_FW_H5_V0.5.1, STM32Cube_FW_H5_V1.1.1, STM32Cube_FW_H5_V1.2.0RC2, STM32Cube_FW_H7_V1.11.0, STM32Cube_FW_L0_V1.12.2, STM32Cube_FW_L5_V1.5.0, STM32Cube_FW_U5_V1.3.0RC4, STM32Cube_FW_U5_V1.4.0, STM32Cube_FW_WBA_V1.0.0RC1, STM32Cube_FW_WBA_V1.1.0RC1, STM32Cube_FW_WBA_V1.2.0, STM32Cube_FW_WBA_V1.2.0RC2, STM32Cube_FW_WB_V1.15.0RC1, STM32Cube_FW_WB_V1.16.0, STM32Cube_FW_WB_V1.16.0RC2, STM32Cube_FW_WB_V1.18.0, STM32Cube_FW_WL_V1.3.0, X-CUBE-ALGOBUILD_V1.3.0, X-CUBE-ALS_V1.0.1, X-CUBE-AZRTOS-F4_V1.1.0, X-CUBE-AZRTOS-F7_V1.1.0, X-CUBE-AZRTOS-G0_V1.1.0, X-CUBE-AZRTOS-G4_V2.0.0, X-CUBE-AZRTOS-H7_V3.2.0, X-CUBE-AZRTOS-L4_V1.0.0, X-CUBE-AZRTOS-L4_V2.0.0, X-CUBE-AZRTOS-L5_V1.1.0, X-CUBE-AZRTOS-WB_V2.0.0, X-CUBE-AZRTOS-WL_V2.0.0, X-CUBE-BLE1_V7.0.0, X-CUBE-BLE2_V3.3.0, X-CUBE-BLEMGR_V3.0.0, X-CUBE-EEPRMA1_V4.1.0, X-CUBE-EEPRMA1_V5.1.0, X-CUBE-FREERTOS_V1.1.0, X-CUBE-GNSS1_V6.0.0, X-CUBE-MEMS1_V10.0.0, X-CUBE-MEMS1_V9.1.0, X-CUBE-MEMS1_V9.4.0, X-CUBE-MEMS1_V9.6.0, X-CUBE-NFC4_V3.0.0, X-CUBE-NFC7_V1.0.1, X-CUBE-SFXS2LP1_V4.0.0, X-CUBE-SUBG2_V5.0.0, X-CUBE-TOF1_V3.4.0]
2024-03-12 13:52:27,455 [INFO] ApiDb:240 - Found 371 in-development CPN: [B-G473E-ZEST1S, B-WB1M-WPAN1, B-WL5M-SUBG1, NUCLEO-C031C6, NUCLEO-H503RB, NUCLEO-H563ZI, NUCLEO-U545RE-Q, NUCLEO-U5A5ZJ-Q, NUCLEO-WBA52CG, NUCLEO-WBA55CG, STEVAL-MKBOXPRO, STEVAL-PROTEUS1, STEVAL-STWINBX1, STM320518-EVAL, STM32C0116-DK, STM32C011D6Y3TR, STM32C011D6Y6TR, STM32C011F4P3, STM32C011F4P6, STM32C011F4U3, STM32C011F4U6TR, STM32C011F6P3, STM32C011F6P6, STM32C011F6U3, STM32C011F6U6TR, STM32C011J4M3, STM32C011J4M6, STM32C011J6M3, STM32C011J6M6, STM32C0316-DK, STM32C031C4T3, STM32C031C4T6, STM32C031C4U3, STM32C031C4U6, STM32C031C6T3, STM32C031C6T6, STM32C031C6U3, STM32C031C6U6, STM32C031F4P3, STM32C031F4P6, STM32C031F6P3, STM32C031F6P6, STM32C031G4U3, STM32C031G4U6, STM32C031G6U3, STM32C031G6U6, STM32C031K4T3, STM32C031K4T6, STM32C031K4U3, STM32C031K4U6, STM32C031K6T3, STM32C031K6T6, STM32C031K6U3, STM32C031K6U6, STM32G071K8TXN, STM32G071K8UXN, STM32G081GBU6N, STM32G081KBT6N, STM32G081KBUXN, STM32G0B1CCT6N, STM32G0B1KCT6, STM32G0B1NEY6TR, STM32G0B1RCT6N, STM32G0C1CCT6, STM32G0C1CCT6N, STM32G0C1CCU6N, STM32G0C1CET6N, STM32G0C1CEU6N, STM32G0C1KCT6, STM32G0C1NEY6TR, STM32G0C1RCI6N, STM32G0C1RCT6N, STM32G0C1REI6N, STM32G0C1RET6N, STM32G0C1VCI6, STM32G0C1VEI6, STM32G471CCT6, STM32G471CCU6, STM32G471CET3, STM32G471CET6, STM32G471CEU3, STM32G471CEU6, STM32G471MCT6, STM32G471MET3, STM32G471MET6, STM32G471MEY6TR, STM32G471QCT6, STM32G471QET3, STM32G471RCT6, STM32G471RET3, STM32G471RET6, STM32G471VCH6, STM32G471VCI6, STM32G471VCT6, STM32G471VEH3, STM32G471VEH6, STM32G471VEI3, STM32G471VEI6, STM32G471VET3, STM32G471VET6, STM32G474CCT6, STM32H503CBT6, STM32H503CBU6, STM32H503EBY6TR, STM32H503KBU6, STM32H503RBT6, STM32H562AGI6, STM32H562AII6, STM32H562IGK6, STM32H562IGT6, STM32H562IIK6, STM32H562IIT6, STM32H562RGT6, STM32H562RGV6, STM32H562RIT6, STM32H562RIV6, STM32H562VGT6, STM32H562VIT6, STM32H562ZGT6, STM32H562ZIT6, STM32H563AGI6, STM32H563AII3Q, STM32H563AII6, STM32H563IGK6, STM32H563IGT6, STM32H563IIK3Q, STM32H563IIK6, STM32H563IIT3Q, STM32H563IIT6, STM32H563MIY3QTR, STM32H563RGT6, STM32H563RGV6, STM32H563RIT6, STM32H563RIV6, STM32H563VGT6, STM32H563VIT3Q, STM32H563VIT6, STM32H563ZGT6, STM32H563ZIT3Q, STM32H563ZIT6, STM32H573AII3Q, STM32H573AII6, STM32H573I-DK, STM32H573IIK3Q, STM32H573IIK6, STM32H573IIT3Q, STM32H573IIT6, STM32H573MIY3QTR, STM32H573RIT6, STM32H573RIV6, STM32H573VIT3Q, STM32H573VIT6, STM32H573ZIT3Q, STM32H573ZIT6, STM32L4R5QGI6STR, STM32MP131AAE3, STM32MP131AAF3, STM32MP131AAG3, STM32MP131CAE3, STM32MP131CAF3, STM32MP131CAG3, STM32MP131DAE7, STM32MP131DAF7, STM32MP131DAG7, STM32MP131FAE7, STM32MP131FAF7, STM32MP131FAG7, STM32MP133AAE3, STM32MP133AAF3, STM32MP133AAG3, STM32MP133CAE3, STM32MP133CAF3, STM32MP133CAG3, STM32MP133DAE7, STM32MP133DAF7, STM32MP133DAG7, STM32MP133FAE7, STM32MP133FAF7, STM32MP133FAG7, STM32MP135AAE3, STM32MP135AAF3, STM32MP135AAG3, STM32MP135CAE3, STM32MP135CAF3, STM32MP135CAG3, STM32MP135DAE7, STM32MP135DAF7, STM32MP135DAG7, STM32MP135F-DK, STM32MP135FAE7, STM32MP135FAF7, STM32MP135FAF7T, STM32MP135FAF7U, STM32MP135FAG7, STM32U535CBT6, STM32U535CBT6Q, STM32U535CBU6, STM32U535CBU6Q, STM32U535CCT6, STM32U535CCT6Q, STM32U535CCU6, STM32U535CCU6Q, STM32U535CET6, STM32U535CET6Q, STM32U535CEU6, STM32U535CEU6Q, STM32U535JEY6QTR, STM32U535NCY6QTR, STM32U535NEY6QTR, STM32U535RBI6, STM32U535RBI6Q, STM32U535RBT6, STM32U535RBT6Q, STM32U535RCI6, STM32U535RCI6Q, STM32U535RCT6, STM32U535RCT6Q, STM32U535REI6, STM32U535REI6Q, STM32U535RET6, STM32U535RET6Q, STM32U535VCI6, STM32U535VCI6Q, STM32U535VCT6, STM32U535VCT6Q, STM32U535VEI6, STM32U535VEI6Q, STM32U535VET6, STM32U535VET6Q, STM32U545CET6, STM32U545CET6Q, STM32U545CEU6, STM32U545CEU6Q, STM32U545JEY6QTR, STM32U545NEY6QTR, STM32U545REI6, STM32U545REI6Q, STM32U545RET6, STM32U545RET6Q, STM32U545VEI6, STM32U545VEI6Q, STM32U545VET6, STM32U545VET6Q, STM32U595AIH6, STM32U595AIH6Q, STM32U595AJH6, STM32U595AJH6Q, STM32U595QII6, STM32U595QII6Q, STM32U595QJI6, STM32U595QJI6Q, STM32U595RIT6, STM32U595RIT6Q, STM32U595RJT6, STM32U595RJT6Q, STM32U595VIT6, STM32U595VIT6Q, STM32U595VJT6, STM32U595VJT6Q, STM32U595ZIT6, STM32U595ZIT6Q, STM32U595ZIY6QTR, STM32U595ZJT6, STM32U595ZJT6Q, STM32U595ZJY6QTR, STM32U599BJY6QTR, STM32U599NIH6Q, STM32U599NJH6Q, STM32U599VIT6Q, STM32U599VJT6, STM32U599VJT6Q, STM32U599ZIT6Q, STM32U599ZIY6QTR, STM32U599ZJT6Q, STM32U599ZJY6QTR, STM32U5A5AJH6, STM32U5A5AJH6Q, STM32U5A5QJI6, STM32U5A5QJI6Q, STM32U5A5RJT6, STM32U5A5RJT6Q, STM32U5A5VJT6, STM32U5A5VJT6Q, STM32U5A5ZJT6, STM32U5A5ZJT6Q, STM32U5A5ZJY6QTR, STM32U5A9BJY6QTR, STM32U5A9J-DK, STM32U5A9NJH6Q, STM32U5A9VJT6Q, STM32U5A9ZJT6Q, STM32U5A9ZJY6QTR, STM32U5F7VIT6, STM32U5F7VIT6Q, STM32U5F7VJT6, STM32U5F7VJT6Q, STM32U5F9BJY6QTR, STM32U5F9NJH6Q, STM32U5F9VIT6Q, STM32U5F9VJT6Q, STM32U5F9ZIJ6QTR, STM32U5F9ZIT6Q, STM32U5F9ZJJ6QTR, STM32U5F9ZJT6Q, STM32U5G7VJT6, STM32U5G7VJT6Q, STM32U5G9BJY6QTR, STM32U5G9J-DK1, STM32U5G9J-DK2, STM32U5G9NJH6Q, STM32U5G9VJT6Q, STM32U5G9ZJJ6QTR, STM32U5G9ZJT6Q, STM32WB1MMCH6, STM32WBA50KEU6, STM32WBA50KEU6TR, STM32WBA50KGU6, STM32WBA50KGU6TR, STM32WBA52CEU6, STM32WBA52CEU6TR, STM32WBA52CEU7, STM32WBA52CEU7TR, STM32WBA52CGU6, STM32WBA52CGU6TR, STM32WBA52CGU6U, STM32WBA52CGU7, STM32WBA52CGU7TR, STM32WBA52KEU6, STM32WBA52KEU6TR, STM32WBA52KGU6, STM32WBA52KGU6TR, STM32WBA54CEU6, STM32WBA54CEU6TR, STM32WBA54CEU7, STM32WBA54CEU7TR, STM32WBA54CGU6, STM32WBA54CGU6TR, STM32WBA54CGU7, STM32WBA54CGU7TR, STM32WBA54KEU6, STM32WBA54KEU6TR, STM32WBA54KEU7, STM32WBA54KEU7TR, STM32WBA54KGU6, STM32WBA54KGU6TR, STM32WBA54KGU7, STM32WBA54KGU7TR, STM32WBA55CEU6, STM32WBA55CEU6TR, STM32WBA55CEU7, STM32WBA55CEU7TR, STM32WBA55CGU6, STM32WBA55CGU6TR, STM32WBA55CGU6U, STM32WBA55CGU7, STM32WBA55CGU7TR, STM32WBA55G-DK1, STM32WBA55HEF6, STM32WBA55HEF7, STM32WBA55HGF6, STM32WBA55HGF7, STM32WBA55UEI6, STM32WBA55UEI6TR, STM32WBA55UEI7, STM32WBA55UEI7TR, STM32WBA55UGI6, STM32WBA55UGI6TR, STM32WBA55UGI7, STM32WBA55UGI7TR, STM32WL5MOCH6, STM32WL5MOCH6TR]
2024-03-12 13:52:27,457 [INFO] DbMcus:218 - Found 3930 MCUs, 3930 are supported
2024-03-12 13:52:27,459 [INFO] ApiDb:423 - Load user favorites file C:\Users\user/.stm32cubeide/favorites.mcus.txt: 3 item(s)
2024-03-12 13:52:27,459 [INFO] ApiDb:427 - User favorites MCUs=[STM32F103C8T6, STM32H723ZGT6, STM32H750VBT6]
2024-03-12 13:52:27,459 [INFO] DbMcus:224 - Set 3 / 3 favorites MCUs
2024-03-12 13:52:27,789 [INFO] MicroXplorer:468 - Change Database Path : 
2024-03-12 13:52:27,789 [INFO] MicroXplorer:498 - Change Database Version : DB.6.0.100
2024-03-12 13:52:27,789 [WARN] ThirdParty:833 - waiting for thirdparty lock release [change project]
2024-03-12 13:52:27,789 [INFO] ThirdParty:835 - entering critical section [change project]
2024-03-12 13:52:27,789 [INFO] ThirdParty:1030 - CMSIS Pack Vendor :STMicroelectronics USBPD 4.1
2024-03-12 13:52:27,789 [INFO] ThirdParty:1030 - CMSIS Pack Vendor :STMicroelectronics X-CUBE-GNSS1 6.0.0
2024-03-12 13:52:27,789 [INFO] ThirdParty:1030 - CMSIS Pack Vendor :STMicroelectronics USB_HOST 2.0.0
2024-03-12 13:52:27,789 [INFO] ThirdParty:1030 - CMSIS Pack Vendor :STMicroelectronics X-CUBE-AZRTOS-F4 1.1.0
2024-03-12 13:52:27,789 [INFO] ThirdParty:1030 - CMSIS Pack Vendor :STMicroelectronics LIBJPEG 8.0.0
2024-03-12 13:52:27,789 [INFO] ThirdParty:1030 - CMSIS Pack Vendor :STMicroelectronics X-CUBE-SMBUS 2.1.0
2024-03-12 13:52:27,789 [INFO] ThirdParty:1030 - CMSIS Pack Vendor :STMicroelectronics USB_DEVICE 3.0.0
2024-03-12 13:52:27,789 [INFO] ThirdParty:1030 - CMSIS Pack Vendor :STMicroelectronics X-CUBE-AZRTOS-WB 2.0.0
2024-03-12 13:52:27,789 [INFO] ThirdParty:1030 - CMSIS Pack Vendor :wolfSSL I-CUBE-wolfSSL 5.6.6
2024-03-12 13:52:27,789 [INFO] ThirdParty:1030 - CMSIS Pack Vendor :STMicroelectronics X-CUBE-TOUCHGFX 4.21.1
2024-03-12 13:52:27,789 [INFO] ThirdParty:1030 - CMSIS Pack Vendor :STMicroelectronics X-CUBE-TOUCHGFX 4.21.0
2024-03-12 13:52:27,789 [INFO] ThirdParty:1030 - CMSIS Pack Vendor :STMicroelectronics X-CUBE-TOUCHGFX 4.23.0
2024-03-12 13:52:27,789 [INFO] ThirdParty:1030 - CMSIS Pack Vendor :STMicroelectronics X-CUBE-AZRTOS-F7 1.1.0
2024-03-12 13:52:27,789 [INFO] ThirdParty:1030 - CMSIS Pack Vendor :STMicroelectronics X-CUBE-TOUCHGFX 4.21.4
2024-03-12 13:52:27,789 [INFO] ThirdParty:1030 - CMSIS Pack Vendor :STMicroelectronics X-CUBE-AZRTOS-L5 2.0.0
2024-03-12 13:52:27,789 [INFO] ThirdParty:1030 - CMSIS Pack Vendor :STMicroelectronics USB_DEVICE 2.0.0
2024-03-12 13:52:27,789 [INFO] ThirdParty:1030 - CMSIS Pack Vendor :STMicroelectronics X-CUBE-EEPRMA1 4.2.0
2024-03-12 13:52:27,790 [INFO] ThirdParty:1030 - CMSIS Pack Vendor :ITTIA_DB I-CUBE-ITTIADB 8.8.0
2024-03-12 13:52:27,790 [INFO] ThirdParty:1030 - CMSIS Pack Vendor :STMicroelectronics FP-SNS-MOTENV1 4.3.2
2024-03-12 13:52:27,790 [INFO] ThirdParty:1030 - CMSIS Pack Vendor :STMicroelectronics X-CUBE-ALGOBUILD 1.3.0
2024-03-12 13:52:27,790 [INFO] ThirdParty:1030 - CMSIS Pack Vendor :STMicroelectronics FreeRTOS 0.0.1
2024-03-12 13:52:27,790 [INFO] ThirdParty:1030 - CMSIS Pack Vendor :STMicroelectronics X-CUBE-AZRTOS-G0 1.1.0
2024-03-12 13:52:27,790 [INFO] ThirdParty:1030 - CMSIS Pack Vendor :emotas I-CUBE-CANOPEN 1.1.3
2024-03-12 13:52:27,790 [INFO] ThirdParty:1030 - CMSIS Pack Vendor :STMicroelectronics X-CUBE-NFC4 3.0.0
2024-03-12 13:52:27,790 [INFO] ThirdParty:1030 - CMSIS Pack Vendor :STMicroelectronics X-CUBE-SUBG2 5.0.0
2024-03-12 13:52:27,790 [INFO] ThirdParty:1030 - CMSIS Pack Vendor :STMicroelectronics STM32_WPAN 1.0.0
2024-03-12 13:52:27,791 [INFO] ThirdParty:1030 - CMSIS Pack Vendor :STMicroelectronics lwIP 2.0.3
2024-03-12 13:52:27,791 [INFO] ThirdParty:1030 - CMSIS Pack Vendor :STMicroelectronics FP-SNS-FLIGHT1 5.0.2
2024-03-12 13:52:27,791 [INFO] ThirdParty:1030 - CMSIS Pack Vendor :STMicroelectronics USB_HOST 1.0.0
2024-03-12 13:52:27,791 [INFO] ThirdParty:1030 - CMSIS Pack Vendor :STMicroelectronics X-CUBE-TOF1 3.3.1
2024-03-12 13:52:27,791 [INFO] ThirdParty:1030 - CMSIS Pack Vendor :STMicroelectronics X-CUBE-AZRTOS-G4 2.0.0
2024-03-12 13:52:27,791 [INFO] ThirdParty:1030 - CMSIS Pack Vendor :STMicroelectronics PDM2PCM 3.1.0
2024-03-12 13:52:27,791 [INFO] ThirdParty:1030 - CMSIS Pack Vendor :STMicroelectronics X-CUBE-AZRTOS-H7 3.1.0
2024-03-12 13:52:27,791 [INFO] ThirdParty:1030 - CMSIS Pack Vendor :STMicroelectronics X-CUBE-TOF1 3.3.0
2024-03-12 13:52:27,791 [INFO] ThirdParty:1030 - CMSIS Pack Vendor :Infineon AIROC-Wi-Fi-Bluetooth-STM32 1.5.1
2024-03-12 13:52:27,791 [INFO] ThirdParty:1030 - CMSIS Pack Vendor :STMicroelectronics X-CUBE-BLEMGR 3.0.0
2024-03-12 13:52:27,791 [INFO] ThirdParty:1030 - CMSIS Pack Vendor :STMicroelectronics PDM2PCM 3.3.0
2024-03-12 13:52:27,791 [INFO] ThirdParty:1030 - CMSIS Pack Vendor :STMicroelectronics X-CUBE-DISPLAY 3.0.0
2024-03-12 13:52:27,791 [INFO] ThirdParty:1030 - CMSIS Pack Vendor :STMicroelectronics FP-SNS-MOTENVWB1 1.3.1
2024-03-12 13:52:27,791 [INFO] ThirdParty:1030 - CMSIS Pack Vendor :STMicroelectronics X-CUBE-BLE1 7.0.0
2024-03-12 13:52:27,791 [INFO] ThirdParty:1030 - CMSIS Pack Vendor :STMicroelectronics FP-ATR-SIGFOX1 3.2.0
2024-03-12 13:52:27,791 [INFO] ThirdParty:1030 - CMSIS Pack Vendor :STMicroelectronics X-CUBE-ISPU 2.0.0
2024-03-12 13:52:27,791 [INFO] ThirdParty:1030 - CMSIS Pack Vendor :STMicroelectronics X-CUBE-EEPRMA1 5.1.0
2024-03-12 13:52:27,791 [INFO] ThirdParty:1030 - CMSIS Pack Vendor :STMicroelectronics HAL Drivers 0.0.0
2024-03-12 13:52:27,791 [INFO] ThirdParty:1030 - CMSIS Pack Vendor :STMicroelectronics MBEDTLS 2.16.2
2024-03-12 13:52:27,791 [INFO] ThirdParty:1030 - CMSIS Pack Vendor :emotas I-CUBE-CANOPEN 1.3.0
2024-03-12 13:52:27,791 [INFO] ThirdParty:1030 - CMSIS Pack Vendor :STMicroelectronics X-CUBE-MEMS1 10.0.0
2024-03-12 13:52:27,791 [INFO] ThirdParty:1030 - CMSIS Pack Vendor :STMicroelectronics X-CUBE-FREERTOS 1.1.0
2024-03-12 13:52:27,791 [INFO] ThirdParty:1030 - CMSIS Pack Vendor :STMicroelectronics X-CUBE-TOUCHGFX 4.22.0
2024-03-12 13:52:27,791 [INFO] ThirdParty:1030 - CMSIS Pack Vendor :STMicroelectronics X-CUBE-NFC7 1.0.1
2024-03-12 13:52:27,791 [INFO] ThirdParty:1030 - CMSIS Pack Vendor :STMicroelectronics MBEDTLS 2.14.1
2024-03-12 13:52:27,792 [INFO] ThirdParty:1030 - CMSIS Pack Vendor :STMicroelectronics X-CUBE-TOUCHGFX 4.22.1
2024-03-12 13:52:27,792 [INFO] ThirdParty:1030 - CMSIS Pack Vendor :STMicroelectronics X-CUBE-NFC6 3.0.0
2024-03-12 13:52:27,792 [INFO] ThirdParty:1030 - CMSIS Pack Vendor :portGmbH I-Cube-SoM-uGOAL 1.1.0
2024-03-12 13:52:27,792 [INFO] ThirdParty:1030 - CMSIS Pack Vendor :STMicroelectronics X-CUBE-ALS 1.0.1
2024-03-12 13:52:27,792 [INFO] ThirdParty:1030 - CMSIS Pack Vendor :STMicroelectronics X-CUBE-BLEMGR 3.1.0
2024-03-12 13:52:27,792 [INFO] ThirdParty:1030 - CMSIS Pack Vendor :STMicroelectronics ThreadX 1.0.0
2024-03-12 13:52:27,792 [INFO] ThirdParty:1030 - CMSIS Pack Vendor :STMicroelectronics FP-SNS-SMARTAG2 1.2.0
2024-03-12 13:52:27,792 [INFO] ThirdParty:1030 - CMSIS Pack Vendor :STMicroelectronics X-CUBE-AZRTOS-WL 2.0.0
2024-03-12 13:52:27,792 [INFO] ThirdParty:1030 - CMSIS Pack Vendor :SEGGER I-CUBE-embOS 1.3.1
2024-03-12 13:52:27,792 [INFO] ThirdParty:1030 - CMSIS Pack Vendor :STMicroelectronics USB_DEVICE 1.0.0
2024-03-12 13:52:27,792 [INFO] ThirdParty:1030 - CMSIS Pack Vendor :STMicroelectronics X-CUBE-AI 8.1.0
2024-03-12 13:52:27,792 [INFO] ThirdParty:1030 - CMSIS Pack Vendor :STMicroelectronics X-CUBE-AZRTOS-L4 2.0.0
2024-03-12 13:52:27,792 [INFO] ThirdParty:1030 - CMSIS Pack Vendor :STMicroelectronics ThreadX 0.0.2
2024-03-12 13:52:27,792 [INFO] ThirdParty:1030 - CMSIS Pack Vendor :WES I-CUBE-Cesium 1.3.0
2024-03-12 13:52:27,792 [INFO] ThirdParty:1030 - CMSIS Pack Vendor :STMicroelectronics FP-ATR-ASTRA1 2.0.0
2024-03-12 13:52:27,792 [INFO] ThirdParty:1030 - CMSIS Pack Vendor :STMicroelectronics lwIP 2.1.2
2024-03-12 13:52:27,792 [INFO] ThirdParty:1030 - CMSIS Pack Vendor :STMicroelectronics X-CUBE-SFXS2LP1 4.0.0
2024-03-12 13:52:27,792 [INFO] ThirdParty:1030 - CMSIS Pack Vendor :STMicroelectronics X-CUBE-BLE2 3.3.0
2024-03-12 13:52:27,792 [INFO] ThirdParty:1030 - CMSIS Pack Vendor :STMicroelectronics X-CUBE-TOF1 3.4.0
2024-03-12 13:52:27,792 [INFO] ThirdParty:1030 - CMSIS Pack Vendor :STMicroelectronics X-CUBE-TOF1 3.4.1
2024-03-12 13:52:27,792 [INFO] ThirdParty:1030 - CMSIS Pack Vendor :STMicroelectronics X-CUBE-AZRTOS-H7 3.2.0
2024-03-12 13:52:27,792 [INFO] ThirdParty:1030 - CMSIS Pack Vendor :STMicroelectronics PDM2PCM 3.2.0
2024-03-12 13:52:27,792 [INFO] ThirdParty:1030 - CMSIS Pack Vendor :STMicroelectronics X-CUBE-TOUCHGFX 4.18.0
2024-03-12 13:52:27,793 [INFO] ThirdParty:841 - exiting critical section [change project]
2024-03-12 13:52:28,662 [INFO] PinOutPanel:1499 - setPackage(No Configuration,No Configuration)
2024-03-12 13:52:28,664 [INFO] PinOutPanel:1499 - setPackage(STM32H750XBHx,TFBGA240)
2024-03-12 13:52:30,340 [INFO] UtilMem:75 - Before build in PCC Used Memory: 509778880 Bytes (895483904)
2024-03-12 13:52:31,501 [INFO] UtilMem:75 - After build in PCC Used Memory: 617782208 Bytes (895483904)
2024-03-12 13:52:31,599 [INFO] ApiDbMcu:508 - Load IP Config File for FREERTOS
2024-03-12 13:52:31,621 [INFO] ApiDbMcu:508 - Load IP Config File for LWIP
2024-03-12 13:52:31,622 [WARN] BspModel:444 - BSP dependency skipped because of component: name='DP83848', api='BSP_COMPONENT_DRIVER'
2024-03-12 13:52:31,688 [INFO] IPUIPlugin:80 - create IPUIPlugin
2024-03-12 13:52:31,688 [INFO] IPUIPlugin:80 - create IPUIPlugin
2024-03-12 13:52:31,688 [INFO] IPUIPlugin:80 - create IPUIPlugin
2024-03-12 13:52:31,689 [INFO] IPUIPlugin:80 - create IPUIPlugin
2024-03-12 13:52:31,689 [INFO] IPUIPlugin:80 - create IPUIPlugin
2024-03-12 13:52:31,689 [INFO] IPUIPlugin:80 - create IPUIPlugin
2024-03-12 13:52:31,689 [INFO] IPUIPlugin:80 - create IPUIPlugin
2024-03-12 13:52:31,689 [INFO] IPUIPlugin:80 - create IPUIPlugin
2024-03-12 13:52:31,691 [INFO] IPUIPlugin:80 - create IPUIPlugin
2024-03-12 13:52:31,691 [INFO] IPUIPlugin:80 - create IPUIPlugin
2024-03-12 13:52:31,691 [INFO] IPUIPlugin:80 - create IPUIPlugin
2024-03-12 13:52:31,691 [INFO] IPUIPlugin:80 - create IPUIPlugin
2024-03-12 13:52:31,691 [INFO] IPUIPlugin:80 - create IPUIPlugin
2024-03-12 13:52:31,691 [INFO] IPUIPlugin:80 - create IPUIPlugin
2024-03-12 13:52:31,693 [INFO] IPUIPlugin:80 - create IPUIPlugin
2024-03-12 13:52:31,693 [INFO] IPUIPlugin:80 - create IPUIPlugin
2024-03-12 13:52:31,694 [INFO] IPUIPlugin:80 - create IPUIPlugin
2024-03-12 13:52:31,694 [INFO] IPUIPlugin:80 - create IPUIPlugin
2024-03-12 13:52:31,694 [INFO] IPUIPlugin:80 - create IPUIPlugin
2024-03-12 13:52:31,694 [INFO] IPUIPlugin:80 - create IPUIPlugin
2024-03-12 13:52:31,694 [INFO] IPUIPlugin:80 - create IPUIPlugin
2024-03-12 13:52:31,694 [INFO] IPUIPlugin:80 - create IPUIPlugin
2024-03-12 13:52:31,694 [INFO] IPUIPlugin:80 - create IPUIPlugin
2024-03-12 13:52:31,695 [INFO] IPUIPlugin:80 - create IPUIPlugin
2024-03-12 13:52:31,695 [INFO] IPUIPlugin:80 - create IPUIPlugin
2024-03-12 13:52:31,695 [INFO] IPUIPlugin:80 - create IPUIPlugin
2024-03-12 13:52:31,695 [INFO] IPUIPlugin:80 - create IPUIPlugin
2024-03-12 13:52:31,695 [INFO] IPUIPlugin:80 - create IPUIPlugin
2024-03-12 13:52:31,696 [INFO] IPUIPlugin:80 - create IPUIPlugin
2024-03-12 13:52:31,696 [INFO] IPUIPlugin:80 - create IPUIPlugin
2024-03-12 13:52:31,696 [INFO] IPUIPlugin:80 - create IPUIPlugin
2024-03-12 13:52:31,696 [INFO] IPUIPlugin:80 - create IPUIPlugin
2024-03-12 13:52:31,696 [INFO] IPUIPlugin:80 - create IPUIPlugin
2024-03-12 13:52:31,696 [INFO] IPUIPlugin:80 - create IPUIPlugin
2024-03-12 13:52:31,697 [INFO] IPUIPlugin:80 - create IPUIPlugin
2024-03-12 13:52:31,697 [INFO] IPUIPlugin:80 - create IPUIPlugin
2024-03-12 13:52:31,697 [INFO] IPUIPlugin:80 - create IPUIPlugin
2024-03-12 13:52:31,697 [INFO] IPUIPlugin:80 - create IPUIPlugin
2024-03-12 13:52:31,698 [INFO] IPUIPlugin:80 - create IPUIPlugin
2024-03-12 13:52:31,699 [INFO] IPUIPlugin:80 - create IPUIPlugin
2024-03-12 13:52:31,699 [INFO] IPUIPlugin:80 - create IPUIPlugin
2024-03-12 13:52:31,699 [INFO] IPUIPlugin:80 - create IPUIPlugin
2024-03-12 13:52:31,700 [INFO] IPUIPlugin:80 - create IPUIPlugin
2024-03-12 13:52:31,701 [INFO] IPUIPlugin:80 - create IPUIPlugin
2024-03-12 13:52:31,701 [INFO] IPUIPlugin:80 - create IPUIPlugin
2024-03-12 13:52:31,701 [INFO] IPUIPlugin:80 - create IPUIPlugin
2024-03-12 13:52:31,701 [INFO] IPUIPlugin:80 - create IPUIPlugin
2024-03-12 13:52:31,701 [INFO] IPUIPlugin:80 - create IPUIPlugin
2024-03-12 13:52:31,702 [INFO] IPUIPlugin:80 - create IPUIPlugin
2024-03-12 13:52:31,702 [INFO] IPUIPlugin:80 - create IPUIPlugin
2024-03-12 13:52:31,702 [INFO] IPUIPlugin:80 - create IPUIPlugin
2024-03-12 13:52:31,702 [INFO] IPUIPlugin:80 - create IPUIPlugin
2024-03-12 13:52:31,703 [INFO] IPUIPlugin:80 - create IPUIPlugin
2024-03-12 13:52:31,703 [INFO] IPUIPlugin:80 - create IPUIPlugin
2024-03-12 13:52:31,704 [INFO] IPUIPlugin:80 - create IPUIPlugin
2024-03-12 13:52:31,704 [INFO] IPUIPlugin:80 - create IPUIPlugin
2024-03-12 13:52:31,704 [INFO] IPUIPlugin:80 - create IPUIPlugin
2024-03-12 13:52:31,704 [INFO] IPUIPlugin:80 - create IPUIPlugin
2024-03-12 13:52:31,704 [INFO] IPUIPlugin:80 - create IPUIPlugin
2024-03-12 13:52:31,705 [INFO] IPUIPlugin:80 - create IPUIPlugin
2024-03-12 13:52:31,705 [INFO] IPUIPlugin:80 - create IPUIPlugin
2024-03-12 13:52:31,705 [INFO] IPUIPlugin:80 - create IPUIPlugin
2024-03-12 13:52:31,706 [INFO] IPUIPlugin:80 - create IPUIPlugin
2024-03-12 13:52:31,706 [INFO] IPUIPlugin:80 - create IPUIPlugin
2024-03-12 13:52:31,708 [INFO] IPUIPlugin:80 - create IPUIPlugin
2024-03-12 13:52:31,709 [INFO] IPUIPlugin:80 - create IPUIPlugin
2024-03-12 13:52:31,709 [INFO] IPUIPlugin:80 - create IPUIPlugin
2024-03-12 13:52:31,709 [INFO] IPUIPlugin:80 - create IPUIPlugin
2024-03-12 13:52:31,709 [INFO] IPUIPlugin:80 - create IPUIPlugin
2024-03-12 13:52:31,709 [INFO] IPUIPlugin:80 - create IPUIPlugin
2024-03-12 13:52:31,711 [INFO] IPUIPlugin:80 - create IPUIPlugin
2024-03-12 13:52:31,712 [INFO] IPUIPlugin:80 - create IPUIPlugin
2024-03-12 13:52:31,712 [INFO] IPUIPlugin:80 - create IPUIPlugin
2024-03-12 13:52:31,715 [INFO] IPUIPlugin:80 - create IPUIPlugin
2024-03-12 13:52:31,715 [INFO] IPUIPlugin:80 - create IPUIPlugin
2024-03-12 13:52:31,715 [INFO] IPUIPlugin:80 - create IPUIPlugin
2024-03-12 13:52:31,716 [INFO] IPUIPlugin:80 - create IPUIPlugin
2024-03-12 13:52:31,716 [INFO] IPUIPlugin:80 - create IPUIPlugin
2024-03-12 13:52:31,716 [INFO] IPUIPlugin:80 - create IPUIPlugin
2024-03-12 13:52:31,717 [INFO] IPUIPlugin:80 - create IPUIPlugin
2024-03-12 13:52:31,717 [INFO] IPUIPlugin:80 - create IPUIPlugin
2024-03-12 13:52:31,717 [INFO] IPUIPlugin:80 - create IPUIPlugin
2024-03-12 13:52:31,717 [INFO] IPUIPlugin:80 - create IPUIPlugin
2024-03-12 13:52:31,718 [INFO] IPUIPlugin:80 - create IPUIPlugin
2024-03-12 13:52:31,718 [INFO] IPUIPlugin:80 - create IPUIPlugin
2024-03-12 13:52:31,718 [INFO] IPUIPlugin:80 - create IPUIPlugin
2024-03-12 13:52:31,719 [INFO] IPUIPlugin:80 - create IPUIPlugin
2024-03-12 13:52:31,719 [INFO] IPUIPlugin:80 - create IPUIPlugin
2024-03-12 13:52:31,719 [INFO] IPUIPlugin:80 - create IPUIPlugin
2024-03-12 13:52:31,720 [INFO] IPUIPlugin:80 - create IPUIPlugin
2024-03-12 13:52:31,720 [INFO] IPUIPlugin:80 - create IPUIPlugin
2024-03-12 13:52:31,720 [INFO] IPUIPlugin:80 - create IPUIPlugin
2024-03-12 13:52:31,721 [INFO] IPUIPlugin:80 - create IPUIPlugin
2024-03-12 13:52:31,721 [INFO] IPUIPlugin:80 - create IPUIPlugin
2024-03-12 13:52:31,722 [INFO] IPUIPlugin:80 - create IPUIPlugin
2024-03-12 13:52:31,722 [INFO] IPUIPlugin:80 - create IPUIPlugin
2024-03-12 13:52:31,723 [INFO] IPUIPlugin:80 - create IPUIPlugin
2024-03-12 13:52:31,724 [INFO] IPUIPlugin:80 - create IPUIPlugin
2024-03-12 13:52:31,724 [INFO] IPUIPlugin:80 - create IPUIPlugin
2024-03-12 13:52:31,739 [INFO] ApiDbMcu:508 - Load IP Config File for PDM2PCM
2024-03-12 13:52:31,845 [WARN] FreeRTOS:1023 - Null or empty value: should not occur! (nothing added to the table)
2024-03-12 13:52:32,200 [INFO] CADModel:165 - CPN selected for project levelSTM32H750XBH6
2024-03-12 13:52:32,200 [INFO] CADModel:114 - Register for checkConnection events
2024-03-12 13:52:32,204 [INFO] RtosManager:697 - Active RTOS found at IOC load: FREERTOS [Cortex-M7NS]
2024-03-12 13:52:32,266 [INFO] OpenFileManager:343 - Restore cursor
2024-03-12 13:52:32,671 [WARN] IP:2119 - LWIP_NETIF_HOSTNAME not found: check if there is a RefParameter without a condition.
2024-03-12 13:52:32,756 [WARN] IP:2119 - LWIP_NETIF_HOSTNAME not found: check if there is a RefParameter without a condition.
2024-03-12 13:53:38,640 [ERROR] RtosPanel:558 - Can not restore the selected Tab for FREERTOS(A reason can be that the tab is no more available.)
2024-03-12 13:54:04,734 [WARN] IP:2119 - LWIP_NETIF_HOSTNAME not found: check if there is a RefParameter without a condition.
2024-03-12 13:54:06,902 [WARN] IP:2119 - LWIP_NETIF_HOSTNAME not found: check if there is a RefParameter without a condition.
2024-03-12 13:54:08,379 [WARN] BspModel:444 - BSP dependency skipped because of component: name='DP83848', api='BSP_COMPONENT_DRIVER'
2024-03-12 13:54:08,398 [WARN] IP:2119 - LWIP_NETIF_HOSTNAME not found: check if there is a RefParameter without a condition.
2024-03-12 13:54:08,420 [WARN] IP:2119 - LWIP_NETIF_HOSTNAME not found: check if there is a RefParameter without a condition.
2024-03-12 13:54:08,572 [WARN] IP:2119 - LWIP_NETIF_HOSTNAME not found: check if there is a RefParameter without a condition.
2024-03-12 13:54:13,721 [INFO] UtilMem:75 - End SaveConfig() Used Memory: 361795448 Bytes (965738496)
2024-03-12 13:54:13,925 [INFO] UtilMem:75 - End SaveConfig() Used Memory: 394549712 Bytes (965738496)
2024-03-12 13:54:15,275 [INFO] UtilMem:75 - End SaveConfig() Used Memory: 608459216 Bytes (965738496)
2024-03-12 13:54:15,872 [INFO] ProjectBuilder:2359 - IP not ready for code generation: FREERTOS
2024-03-12 13:54:18,395 [INFO] BlockDiagram:2759 - set Specific Code input for plugin: FREERTOS
2024-03-12 13:54:18,395 [INFO] BlockDiagram:2759 - set Specific Code input for plugin: RCC
2024-03-12 13:54:18,395 [INFO] BlockDiagram:2759 - set Specific Code input for plugin: RTC
2024-03-12 13:54:18,396 [INFO] BlockDiagram:2759 - set Specific Code input for plugin: ETH
2024-03-12 13:54:18,396 [INFO] BlockDiagram:2759 - set Specific Code input for plugin: SYS
2024-03-12 13:54:18,396 [INFO] BlockDiagram:2759 - set Specific Code input for plugin: NVIC
2024-03-12 13:54:18,396 [INFO] BlockDiagram:2759 - set Specific Code input for plugin: LWIP
2024-03-12 13:54:18,396 [INFO] BlockDiagram:2759 - set Specific Code input for plugin: CORTEX_M7
2024-03-12 13:54:18,398 [INFO] BlockDiagram:2759 - set Specific Code input for plugin: GPIO
2024-03-12 13:54:18,400 [INFO] CodeGenerator:807 - code generatio: config db path: C:\ST\STM32CubeIDE_1.12.0\STM32CubeIDE\plugins\com.st.stm32cube.common.mx_6.10.0.202311202037\\db\
2024-03-12 13:54:18,439 [WARN] IP:2119 - LWIP_NETIF_HOSTNAME not found: check if there is a RefParameter without a condition.
2024-03-12 13:54:18,937 [INFO] CodeEngine:255 - oldGeneratedFile, D:\STM32\STM32H750_Disco_ETH\MXTmpFiles\license.tmp_save
2024-03-12 13:54:19,356 [INFO] CodeEngine:279 - Generated code: D:\STM32\STM32H750_Disco_ETH\MXTmpFiles\license.tmp
2024-03-12 13:54:19,915 [INFO] CodeEngine:255 - oldGeneratedFile, D:\STM32\STM32H750_Disco_ETH\MXTmpFiles\gpio.tmp_save
2024-03-12 13:54:20,096 [INFO] CodeEngine:279 - Generated code: D:\STM32\STM32H750_Disco_ETH\MXTmpFiles\gpio.tmp
2024-03-12 13:54:21,272 [INFO] CodeEngine:255 - oldGeneratedFile, D:\STM32\STM32H750_Disco_ETH\MXTmpFiles\eth_vars.tmp_save
2024-03-12 13:54:21,387 [INFO] CodeEngine:279 - Generated code: D:\STM32\STM32H750_Disco_ETH\MXTmpFiles\eth_vars.tmp
2024-03-12 13:54:21,391 [INFO] CodeEngine:255 - oldGeneratedFile, D:\STM32\STM32H750_Disco_ETH\MXTmpFiles\eth_inc.tmp_save
2024-03-12 13:54:21,471 [INFO] CodeEngine:279 - Generated code: D:\STM32\STM32H750_Disco_ETH\MXTmpFiles\eth_inc.tmp
2024-03-12 13:54:21,475 [INFO] CodeEngine:255 - oldGeneratedFile, D:\STM32\STM32H750_Disco_ETH\MXTmpFiles\eth_HalInit.tmp_save
2024-03-12 13:54:21,636 [INFO] CodeEngine:279 - Generated code: D:\STM32\STM32H750_Disco_ETH\MXTmpFiles\eth_HalInit.tmp
2024-03-12 13:54:21,641 [INFO] CodeEngine:255 - oldGeneratedFile, D:\STM32\STM32H750_Disco_ETH\MXTmpFiles\eth_Msp.tmp_save
2024-03-12 13:54:21,769 [INFO] CodeEngine:279 - Generated code: D:\STM32\STM32H750_Disco_ETH\MXTmpFiles\eth_Msp.tmp
2024-03-12 13:54:23,550 [INFO] Middleware:1439 - No code input for Bsp Dependency
2024-03-12 13:54:23,557 [INFO] CodeEngine:255 - oldGeneratedFile, D:\STM32\STM32H750_Disco_ETH\MXTmpFiles\rtos_inc.tmp_save
2024-03-12 13:54:23,634 [INFO] CodeEngine:279 - Generated code: D:\STM32\STM32H750_Disco_ETH\MXTmpFiles\rtos_inc.tmp
2024-03-12 13:54:23,638 [INFO] CodeEngine:255 - oldGeneratedFile, D:\STM32\STM32H750_Disco_ETH\MXTmpFiles\rtos_kernelInit.tmp_save
2024-03-12 13:54:23,728 [INFO] CodeEngine:279 - Generated code: D:\STM32\STM32H750_Disco_ETH\MXTmpFiles\rtos_kernelInit.tmp
2024-03-12 13:54:23,733 [INFO] CodeEngine:255 - oldGeneratedFile, D:\STM32\STM32H750_Disco_ETH\MXTmpFiles\rtos_kernelStart.tmp_save
2024-03-12 13:54:23,797 [INFO] CodeEngine:279 - Generated code: D:\STM32\STM32H750_Disco_ETH\MXTmpFiles\rtos_kernelStart.tmp
2024-03-12 13:54:23,800 [INFO] CodeEngine:255 - oldGeneratedFile, D:\STM32\STM32H750_Disco_ETH\MXTmpFiles\rtos_typedefs.tmp_save
2024-03-12 13:54:23,867 [INFO] CodeEngine:279 - Generated code: D:\STM32\STM32H750_Disco_ETH\MXTmpFiles\rtos_typedefs.tmp
2024-03-12 13:54:23,870 [INFO] CodeEngine:255 - oldGeneratedFile, D:\STM32\STM32H750_Disco_ETH\MXTmpFiles\rtos_vars.tmp_save
2024-03-12 13:54:23,943 [INFO] CodeEngine:279 - Generated code: D:\STM32\STM32H750_Disco_ETH\MXTmpFiles\rtos_vars.tmp
2024-03-12 13:54:23,949 [INFO] CodeEngine:255 - oldGeneratedFile, D:\STM32\STM32H750_Disco_ETH\MXTmpFiles\rtos_pfp.tmp_save
2024-03-12 13:54:24,019 [INFO] CodeEngine:279 - Generated code: D:\STM32\STM32H750_Disco_ETH\MXTmpFiles\rtos_pfp.tmp
2024-03-12 13:54:24,028 [INFO] CodeEngine:255 - oldGeneratedFile, D:\STM32\STM32H750_Disco_ETH\MXTmpFiles\rtos_obj_creat.tmp_save
2024-03-12 13:54:24,094 [INFO] CodeEngine:279 - Generated code: D:\STM32\STM32H750_Disco_ETH\MXTmpFiles\rtos_obj_creat.tmp
2024-03-12 13:54:24,099 [INFO] CodeEngine:255 - oldGeneratedFile, D:\STM32\STM32H750_Disco_ETH\MXTmpFiles\rtos_default_thread.tmp_save
2024-03-12 13:54:24,157 [INFO] CodeEngine:279 - Generated code: D:\STM32\STM32H750_Disco_ETH\MXTmpFiles\rtos_default_thread.tmp
2024-03-12 13:54:24,161 [INFO] CodeEngine:255 - oldGeneratedFile, D:\STM32\STM32H750_Disco_ETH\MXTmpFiles\rtos_threads.tmp_save
2024-03-12 13:54:24,226 [INFO] CodeEngine:279 - Generated code: D:\STM32\STM32H750_Disco_ETH\MXTmpFiles\rtos_threads.tmp
2024-03-12 13:54:24,253 [INFO] Middleware:1439 - No code input for Bsp Dependency
2024-03-12 13:54:24,283 [INFO] Middleware:1439 - No code input for Bsp Dependency
2024-03-12 13:54:24,289 [INFO] CodeEngine:255 - oldGeneratedFile, D:\STM32\STM32H750_Disco_ETH\MXTmpFiles\rtos_inc.tmp_save
2024-03-12 13:54:24,359 [INFO] CodeEngine:279 - Generated code: D:\STM32\STM32H750_Disco_ETH\MXTmpFiles\rtos_inc.tmp
2024-03-12 13:54:24,363 [INFO] CodeEngine:255 - oldGeneratedFile, D:\STM32\STM32H750_Disco_ETH\MXTmpFiles\rtos_kernelInit.tmp_save
2024-03-12 13:54:24,420 [INFO] CodeEngine:279 - Generated code: D:\STM32\STM32H750_Disco_ETH\MXTmpFiles\rtos_kernelInit.tmp
2024-03-12 13:54:24,422 [INFO] CodeEngine:255 - oldGeneratedFile, D:\STM32\STM32H750_Disco_ETH\MXTmpFiles\rtos_kernelStart.tmp_save
2024-03-12 13:54:24,470 [INFO] CodeEngine:279 - Generated code: D:\STM32\STM32H750_Disco_ETH\MXTmpFiles\rtos_kernelStart.tmp
2024-03-12 13:54:24,472 [INFO] CodeEngine:255 - oldGeneratedFile, D:\STM32\STM32H750_Disco_ETH\MXTmpFiles\rtos_typedefs.tmp_save
2024-03-12 13:54:24,520 [INFO] CodeEngine:279 - Generated code: D:\STM32\STM32H750_Disco_ETH\MXTmpFiles\rtos_typedefs.tmp
2024-03-12 13:54:24,523 [INFO] CodeEngine:255 - oldGeneratedFile, D:\STM32\STM32H750_Disco_ETH\MXTmpFiles\rtos_vars.tmp_save
2024-03-12 13:54:24,569 [INFO] CodeEngine:279 - Generated code: D:\STM32\STM32H750_Disco_ETH\MXTmpFiles\rtos_vars.tmp
2024-03-12 13:54:24,572 [INFO] CodeEngine:255 - oldGeneratedFile, D:\STM32\STM32H750_Disco_ETH\MXTmpFiles\rtos_pfp.tmp_save
2024-03-12 13:54:24,620 [INFO] CodeEngine:279 - Generated code: D:\STM32\STM32H750_Disco_ETH\MXTmpFiles\rtos_pfp.tmp
2024-03-12 13:54:24,623 [INFO] CodeEngine:255 - oldGeneratedFile, D:\STM32\STM32H750_Disco_ETH\MXTmpFiles\rtos_obj_creat.tmp_save
2024-03-12 13:54:24,674 [INFO] CodeEngine:279 - Generated code: D:\STM32\STM32H750_Disco_ETH\MXTmpFiles\rtos_obj_creat.tmp
2024-03-12 13:54:24,679 [INFO] CodeEngine:255 - oldGeneratedFile, D:\STM32\STM32H750_Disco_ETH\MXTmpFiles\rtos_default_thread.tmp_save
2024-03-12 13:54:24,737 [INFO] CodeEngine:279 - Generated code: D:\STM32\STM32H750_Disco_ETH\MXTmpFiles\rtos_default_thread.tmp
2024-03-12 13:54:24,739 [INFO] CodeEngine:255 - oldGeneratedFile, D:\STM32\STM32H750_Disco_ETH\MXTmpFiles\rtos_threads.tmp_save
2024-03-12 13:54:24,784 [INFO] CodeEngine:279 - Generated code: D:\STM32\STM32H750_Disco_ETH\MXTmpFiles\rtos_threads.tmp
2024-03-12 13:54:24,787 [INFO] CodeEngine:255 - oldGeneratedFile, D:\STM32\STM32H750_Disco_ETH\Core\Inc\FreeRTOSConfig.h_save
2024-03-12 13:54:24,854 [INFO] CodeEngine:279 - Generated code: D:\STM32\STM32H750_Disco_ETH\Core\Inc\FreeRTOSConfig.h
2024-03-12 13:54:24,858 [INFO] CodeEngine:255 - oldGeneratedFile, D:\STM32\STM32H750_Disco_ETH\Core\Src\freertos.c_save
2024-03-12 13:54:24,932 [INFO] CodeEngine:279 - Generated code: D:\STM32\STM32H750_Disco_ETH\Core\Src\freertos.c
2024-03-12 13:54:24,939 [INFO] CodeEngine:255 - oldGeneratedFile, D:\STM32\STM32H750_Disco_ETH\MXTmpFiles\cortex.tmp_save
2024-03-12 13:54:24,998 [INFO] CodeEngine:279 - Generated code: D:\STM32\STM32H750_Disco_ETH\MXTmpFiles\cortex.tmp
2024-03-12 13:54:25,007 [INFO] Middleware:1439 - No code input for Bsp Dependency
2024-03-12 13:54:25,019 [INFO] CodeEngine:255 - oldGeneratedFile, D:\STM32\STM32H750_Disco_ETH\LWIP\App\lwip.c_save
2024-03-12 13:54:25,126 [INFO] CodeEngine:279 - Generated code: D:\STM32\STM32H750_Disco_ETH\LWIP\App\lwip.c
2024-03-12 13:54:25,133 [INFO] CodeEngine:255 - oldGeneratedFile, D:\STM32\STM32H750_Disco_ETH\LWIP\App\lwip.h_save
2024-03-12 13:54:25,223 [INFO] CodeEngine:279 - Generated code: D:\STM32\STM32H750_Disco_ETH\LWIP\App\lwip.h
2024-03-12 13:54:25,227 [INFO] CodeEngine:255 - oldGeneratedFile, D:\STM32\STM32H750_Disco_ETH\LWIP\Target\lwipopts.h_save
2024-03-12 13:54:25,471 [INFO] CodeEngine:279 - Generated code: D:\STM32\STM32H750_Disco_ETH\LWIP\Target\lwipopts.h
2024-03-12 13:54:25,474 [INFO] CodeEngine:255 - oldGeneratedFile, D:\STM32\STM32H750_Disco_ETH\LWIP\Target\ethernetif.c_save
2024-03-12 13:54:25,555 [INFO] CodeEngine:279 - Generated code: D:\STM32\STM32H750_Disco_ETH\LWIP\Target\ethernetif.c
2024-03-12 13:54:25,561 [INFO] CodeEngine:255 - oldGeneratedFile, D:\STM32\STM32H750_Disco_ETH\LWIP\Target\ethernetif.h_save
2024-03-12 13:54:25,622 [INFO] CodeEngine:279 - Generated code: D:\STM32\STM32H750_Disco_ETH\LWIP\Target\ethernetif.h
2024-03-12 13:54:25,641 [INFO] CodeEngine:255 - oldGeneratedFile, D:\STM32\STM32H750_Disco_ETH\Core\Src\stm32h7xx_it.c_save
2024-03-12 13:54:25,835 [INFO] CodeEngine:279 - Generated code: D:\STM32\STM32H750_Disco_ETH\Core\Src\stm32h7xx_it.c
2024-03-12 13:54:25,839 [INFO] CodeEngine:255 - oldGeneratedFile, D:\STM32\STM32H750_Disco_ETH\Core\Inc\stm32h7xx_it.h_save
2024-03-12 13:54:26,020 [INFO] CodeEngine:279 - Generated code: D:\STM32\STM32H750_Disco_ETH\Core\Inc\stm32h7xx_it.h
2024-03-12 13:54:27,179 [INFO] CodeEngine:255 - oldGeneratedFile, D:\STM32\STM32H750_Disco_ETH\Core\Src\stm32h7xx_hal_msp.c_save
2024-03-12 13:54:27,266 [INFO] CodeEngine:279 - Generated code: D:\STM32\STM32H750_Disco_ETH\Core\Src\stm32h7xx_hal_msp.c
2024-03-12 13:54:27,269 [INFO] CodeEngine:255 - oldGeneratedFile, D:\STM32\STM32H750_Disco_ETH\MXTmpFiles\system.tmp_save
2024-03-12 13:54:27,350 [INFO] CodeEngine:279 - Generated code: D:\STM32\STM32H750_Disco_ETH\MXTmpFiles\system.tmp
2024-03-12 13:54:27,353 [INFO] CodeEngine:255 - oldGeneratedFile, D:\STM32\STM32H750_Disco_ETH\Core\Src\stm32h7xx_hal_timebase_tim.c_save
2024-03-12 13:54:27,423 [INFO] CodeEngine:279 - Generated code: D:\STM32\STM32H750_Disco_ETH\Core\Src\stm32h7xx_hal_timebase_tim.c
2024-03-12 13:54:27,434 [INFO] CodeEngine:311 - oldGeneratedFile, D:\STM32\STM32H750_Disco_ETH\Core\Inc\stm32h7xx_hal_conf.h_save
2024-03-12 13:54:27,489 [INFO] CodeEngine:335 - Generated code: D:\STM32\STM32H750_Disco_ETH\Core\Inc\stm32h7xx_hal_conf.h
2024-03-12 13:54:27,586 [INFO] CodeEngine:255 - oldGeneratedFile, D:\STM32\STM32H750_Disco_ETH\Core\Inc\main.h_save
2024-03-12 13:54:27,670 [INFO] CodeEngine:279 - Generated code: D:\STM32\STM32H750_Disco_ETH\Core\Inc\main.h
2024-03-12 13:54:27,674 [INFO] CodeEngine:255 - oldGeneratedFile, D:\STM32\STM32H750_Disco_ETH\Core\Src\main.c_save
2024-03-12 13:54:27,973 [INFO] CodeEngine:279 - Generated code: D:\STM32\STM32H750_Disco_ETH\Core\Src\main.c
2024-03-12 13:54:29,290 [INFO] ProjectBuilder:3076 - Time for Copy HAL[1] : 596mS.
2024-03-12 13:54:29,306 [INFO] ProjectBuilder:4485 - Project Generator version: 4.2.0-B44
2024-03-12 13:54:29,701 [INFO] ConfigFileManager:1495 - The Die is : DIE450
2024-03-12 13:54:29,704 [INFO] ApiDbMcu:508 - Load IP Config File for FATFS
2024-03-12 13:54:29,709 [INFO] ApiDbMcu:508 - Load IP Config File for LIBJPEG
2024-03-12 13:54:29,715 [INFO] ApiDbMcu:508 - Load IP Config File for MBEDTLS
2024-03-12 13:54:29,722 [INFO] ApiDbMcu:508 - Load IP Config File for USB_DEVICE
2024-03-12 13:54:29,732 [INFO] ApiDbMcu:508 - Load IP Config File for USB_HOST
2024-03-12 13:54:31,495 [INFO] LogOutputStream:77 - [STDOUT_REDIRECT] 
2024-03-12 13:54:34,081 [INFO] ProjectBuilder:4747 - Time for Generating toolchain IDE Files: 4775mS.
2024-03-12 13:54:34,082 [INFO] ProjectBuilder:2947 - Time for Copy CMSIS : 0mS.
2024-03-12 13:54:34,089 [INFO] ProjectBuilder:2947 - Time for Copy CMSIS : 0mS.
2024-03-12 14:20:25,370 [WARN] BspModel:444 - BSP dependency skipped because of component: name='DP83848', api='BSP_COMPONENT_DRIVER'
2024-03-12 14:20:25,384 [WARN] IP:2119 - LWIP_NETIF_HOSTNAME not found: check if there is a RefParameter without a condition.
2024-03-12 14:20:25,413 [WARN] IP:2119 - LWIP_NETIF_HOSTNAME not found: check if there is a RefParameter without a condition.
2024-03-12 14:20:25,528 [WARN] IP:2119 - LWIP_NETIF_HOSTNAME not found: check if there is a RefParameter without a condition.
2024-03-12 14:20:30,974 [INFO] UtilMem:75 - End SaveConfig() Used Memory: 406656608 Bytes (1073741824)
2024-03-12 14:20:31,170 [INFO] UtilMem:75 - End SaveConfig() Used Memory: 449648224 Bytes (1073741824)
2024-03-12 14:20:32,163 [INFO] UtilMem:75 - End SaveConfig() Used Memory: 599068256 Bytes (1073741824)
2024-03-12 14:20:32,353 [INFO] ProjectBuilder:2359 - IP not ready for code generation: FREERTOS
2024-03-12 14:20:34,674 [INFO] BlockDiagram:2759 - set Specific Code input for plugin: FREERTOS
2024-03-12 14:20:34,674 [INFO] BlockDiagram:2759 - set Specific Code input for plugin: RCC
2024-03-12 14:20:34,674 [INFO] BlockDiagram:2759 - set Specific Code input for plugin: RTC
2024-03-12 14:20:34,674 [INFO] BlockDiagram:2759 - set Specific Code input for plugin: ETH
2024-03-12 14:20:34,674 [INFO] BlockDiagram:2759 - set Specific Code input for plugin: SYS
2024-03-12 14:20:34,674 [INFO] BlockDiagram:2759 - set Specific Code input for plugin: NVIC
2024-03-12 14:20:34,674 [INFO] BlockDiagram:2759 - set Specific Code input for plugin: LWIP
2024-03-12 14:20:34,674 [INFO] BlockDiagram:2759 - set Specific Code input for plugin: CORTEX_M7
2024-03-12 14:20:34,676 [INFO] BlockDiagram:2759 - set Specific Code input for plugin: GPIO
2024-03-12 14:20:34,676 [INFO] CodeGenerator:807 - code generatio: config db path: C:\ST\STM32CubeIDE_1.12.0\STM32CubeIDE\plugins\com.st.stm32cube.common.mx_6.10.0.202311202037\\db\
2024-03-12 14:20:34,693 [WARN] IP:2119 - LWIP_NETIF_HOSTNAME not found: check if there is a RefParameter without a condition.
2024-03-12 14:20:34,997 [INFO] CodeEngine:255 - oldGeneratedFile, D:\STM32\STM32H750_Disco_ETH\MXTmpFiles\license.tmp_save
2024-03-12 14:20:35,136 [INFO] CodeEngine:279 - Generated code: D:\STM32\STM32H750_Disco_ETH\MXTmpFiles\license.tmp
2024-03-12 14:20:35,677 [INFO] CodeEngine:255 - oldGeneratedFile, D:\STM32\STM32H750_Disco_ETH\MXTmpFiles\gpio.tmp_save
2024-03-12 14:20:35,750 [INFO] CodeEngine:279 - Generated code: D:\STM32\STM32H750_Disco_ETH\MXTmpFiles\gpio.tmp
2024-03-12 14:20:36,363 [INFO] CodeEngine:255 - oldGeneratedFile, D:\STM32\STM32H750_Disco_ETH\MXTmpFiles\eth_vars.tmp_save
2024-03-12 14:20:36,423 [INFO] CodeEngine:279 - Generated code: D:\STM32\STM32H750_Disco_ETH\MXTmpFiles\eth_vars.tmp
2024-03-12 14:20:36,425 [INFO] CodeEngine:255 - oldGeneratedFile, D:\STM32\STM32H750_Disco_ETH\MXTmpFiles\eth_inc.tmp_save
2024-03-12 14:20:36,477 [INFO] CodeEngine:279 - Generated code: D:\STM32\STM32H750_Disco_ETH\MXTmpFiles\eth_inc.tmp
2024-03-12 14:20:36,479 [INFO] CodeEngine:255 - oldGeneratedFile, D:\STM32\STM32H750_Disco_ETH\MXTmpFiles\eth_HalInit.tmp_save
2024-03-12 14:20:36,535 [INFO] CodeEngine:279 - Generated code: D:\STM32\STM32H750_Disco_ETH\MXTmpFiles\eth_HalInit.tmp
2024-03-12 14:20:36,537 [INFO] CodeEngine:255 - oldGeneratedFile, D:\STM32\STM32H750_Disco_ETH\MXTmpFiles\eth_Msp.tmp_save
2024-03-12 14:20:36,625 [INFO] CodeEngine:279 - Generated code: D:\STM32\STM32H750_Disco_ETH\MXTmpFiles\eth_Msp.tmp
2024-03-12 14:20:37,794 [INFO] Middleware:1439 - No code input for Bsp Dependency
2024-03-12 14:20:37,800 [INFO] CodeEngine:255 - oldGeneratedFile, D:\STM32\STM32H750_Disco_ETH\MXTmpFiles\rtos_inc.tmp_save
2024-03-12 14:20:37,848 [INFO] CodeEngine:279 - Generated code: D:\STM32\STM32H750_Disco_ETH\MXTmpFiles\rtos_inc.tmp
2024-03-12 14:20:37,850 [INFO] CodeEngine:255 - oldGeneratedFile, D:\STM32\STM32H750_Disco_ETH\MXTmpFiles\rtos_kernelInit.tmp_save
2024-03-12 14:20:37,889 [INFO] CodeEngine:279 - Generated code: D:\STM32\STM32H750_Disco_ETH\MXTmpFiles\rtos_kernelInit.tmp
2024-03-12 14:20:37,891 [INFO] CodeEngine:255 - oldGeneratedFile, D:\STM32\STM32H750_Disco_ETH\MXTmpFiles\rtos_kernelStart.tmp_save
2024-03-12 14:20:37,939 [INFO] CodeEngine:279 - Generated code: D:\STM32\STM32H750_Disco_ETH\MXTmpFiles\rtos_kernelStart.tmp
2024-03-12 14:20:37,942 [INFO] CodeEngine:255 - oldGeneratedFile, D:\STM32\STM32H750_Disco_ETH\MXTmpFiles\rtos_typedefs.tmp_save
2024-03-12 14:20:37,980 [INFO] CodeEngine:279 - Generated code: D:\STM32\STM32H750_Disco_ETH\MXTmpFiles\rtos_typedefs.tmp
2024-03-12 14:20:37,982 [INFO] CodeEngine:255 - oldGeneratedFile, D:\STM32\STM32H750_Disco_ETH\MXTmpFiles\rtos_vars.tmp_save
2024-03-12 14:20:38,025 [INFO] CodeEngine:279 - Generated code: D:\STM32\STM32H750_Disco_ETH\MXTmpFiles\rtos_vars.tmp
2024-03-12 14:20:38,028 [INFO] CodeEngine:255 - oldGeneratedFile, D:\STM32\STM32H750_Disco_ETH\MXTmpFiles\rtos_pfp.tmp_save
2024-03-12 14:20:38,066 [INFO] CodeEngine:279 - Generated code: D:\STM32\STM32H750_Disco_ETH\MXTmpFiles\rtos_pfp.tmp
2024-03-12 14:20:38,068 [INFO] CodeEngine:255 - oldGeneratedFile, D:\STM32\STM32H750_Disco_ETH\MXTmpFiles\rtos_obj_creat.tmp_save
2024-03-12 14:20:38,108 [INFO] CodeEngine:279 - Generated code: D:\STM32\STM32H750_Disco_ETH\MXTmpFiles\rtos_obj_creat.tmp
2024-03-12 14:20:38,110 [INFO] CodeEngine:255 - oldGeneratedFile, D:\STM32\STM32H750_Disco_ETH\MXTmpFiles\rtos_default_thread.tmp_save
2024-03-12 14:20:38,147 [INFO] CodeEngine:279 - Generated code: D:\STM32\STM32H750_Disco_ETH\MXTmpFiles\rtos_default_thread.tmp
2024-03-12 14:20:38,149 [INFO] CodeEngine:255 - oldGeneratedFile, D:\STM32\STM32H750_Disco_ETH\MXTmpFiles\rtos_threads.tmp_save
2024-03-12 14:20:38,185 [INFO] CodeEngine:279 - Generated code: D:\STM32\STM32H750_Disco_ETH\MXTmpFiles\rtos_threads.tmp
2024-03-12 14:20:38,191 [INFO] Middleware:1439 - No code input for Bsp Dependency
2024-03-12 14:20:38,206 [INFO] Middleware:1439 - No code input for Bsp Dependency
2024-03-12 14:20:38,211 [INFO] CodeEngine:255 - oldGeneratedFile, D:\STM32\STM32H750_Disco_ETH\MXTmpFiles\rtos_inc.tmp_save
2024-03-12 14:20:38,266 [INFO] CodeEngine:279 - Generated code: D:\STM32\STM32H750_Disco_ETH\MXTmpFiles\rtos_inc.tmp
2024-03-12 14:20:38,268 [INFO] CodeEngine:255 - oldGeneratedFile, D:\STM32\STM32H750_Disco_ETH\MXTmpFiles\rtos_kernelInit.tmp_save
2024-03-12 14:20:38,315 [INFO] CodeEngine:279 - Generated code: D:\STM32\STM32H750_Disco_ETH\MXTmpFiles\rtos_kernelInit.tmp
2024-03-12 14:20:38,316 [INFO] CodeEngine:255 - oldGeneratedFile, D:\STM32\STM32H750_Disco_ETH\MXTmpFiles\rtos_kernelStart.tmp_save
2024-03-12 14:20:38,352 [INFO] CodeEngine:279 - Generated code: D:\STM32\STM32H750_Disco_ETH\MXTmpFiles\rtos_kernelStart.tmp
2024-03-12 14:20:38,354 [INFO] CodeEngine:255 - oldGeneratedFile, D:\STM32\STM32H750_Disco_ETH\MXTmpFiles\rtos_typedefs.tmp_save
2024-03-12 14:20:38,393 [INFO] CodeEngine:279 - Generated code: D:\STM32\STM32H750_Disco_ETH\MXTmpFiles\rtos_typedefs.tmp
2024-03-12 14:20:38,396 [INFO] CodeEngine:255 - oldGeneratedFile, D:\STM32\STM32H750_Disco_ETH\MXTmpFiles\rtos_vars.tmp_save
2024-03-12 14:20:38,437 [INFO] CodeEngine:279 - Generated code: D:\STM32\STM32H750_Disco_ETH\MXTmpFiles\rtos_vars.tmp
2024-03-12 14:20:38,439 [INFO] CodeEngine:255 - oldGeneratedFile, D:\STM32\STM32H750_Disco_ETH\MXTmpFiles\rtos_pfp.tmp_save
2024-03-12 14:20:38,481 [INFO] CodeEngine:279 - Generated code: D:\STM32\STM32H750_Disco_ETH\MXTmpFiles\rtos_pfp.tmp
2024-03-12 14:20:38,483 [INFO] CodeEngine:255 - oldGeneratedFile, D:\STM32\STM32H750_Disco_ETH\MXTmpFiles\rtos_obj_creat.tmp_save
2024-03-12 14:20:38,521 [INFO] CodeEngine:279 - Generated code: D:\STM32\STM32H750_Disco_ETH\MXTmpFiles\rtos_obj_creat.tmp
2024-03-12 14:20:38,524 [INFO] CodeEngine:255 - oldGeneratedFile, D:\STM32\STM32H750_Disco_ETH\MXTmpFiles\rtos_default_thread.tmp_save
2024-03-12 14:20:38,576 [INFO] CodeEngine:279 - Generated code: D:\STM32\STM32H750_Disco_ETH\MXTmpFiles\rtos_default_thread.tmp
2024-03-12 14:20:38,578 [INFO] CodeEngine:255 - oldGeneratedFile, D:\STM32\STM32H750_Disco_ETH\MXTmpFiles\rtos_threads.tmp_save
2024-03-12 14:20:38,614 [INFO] CodeEngine:279 - Generated code: D:\STM32\STM32H750_Disco_ETH\MXTmpFiles\rtos_threads.tmp
2024-03-12 14:20:38,617 [INFO] CodeEngine:255 - oldGeneratedFile, D:\STM32\STM32H750_Disco_ETH\Core\Inc\FreeRTOSConfig.h_save
2024-03-12 14:20:38,670 [INFO] CodeEngine:279 - Generated code: D:\STM32\STM32H750_Disco_ETH\Core\Inc\FreeRTOSConfig.h
2024-03-12 14:20:38,672 [INFO] CodeEngine:255 - oldGeneratedFile, D:\STM32\STM32H750_Disco_ETH\Core\Src\freertos.c_save
2024-03-12 14:20:38,715 [INFO] CodeEngine:279 - Generated code: D:\STM32\STM32H750_Disco_ETH\Core\Src\freertos.c
2024-03-12 14:20:38,720 [INFO] CodeEngine:255 - oldGeneratedFile, D:\STM32\STM32H750_Disco_ETH\MXTmpFiles\cortex.tmp_save
2024-03-12 14:20:38,758 [INFO] CodeEngine:279 - Generated code: D:\STM32\STM32H750_Disco_ETH\MXTmpFiles\cortex.tmp
2024-03-12 14:20:38,766 [INFO] Middleware:1439 - No code input for Bsp Dependency
2024-03-12 14:20:38,773 [INFO] CodeEngine:255 - oldGeneratedFile, D:\STM32\STM32H750_Disco_ETH\LWIP\App\lwip.c_save
2024-03-12 14:20:38,822 [INFO] CodeEngine:279 - Generated code: D:\STM32\STM32H750_Disco_ETH\LWIP\App\lwip.c
2024-03-12 14:20:38,824 [INFO] CodeEngine:255 - oldGeneratedFile, D:\STM32\STM32H750_Disco_ETH\LWIP\App\lwip.h_save
2024-03-12 14:20:38,869 [INFO] CodeEngine:279 - Generated code: D:\STM32\STM32H750_Disco_ETH\LWIP\App\lwip.h
2024-03-12 14:20:38,872 [INFO] CodeEngine:255 - oldGeneratedFile, D:\STM32\STM32H750_Disco_ETH\LWIP\Target\lwipopts.h_save
2024-03-12 14:20:38,991 [INFO] CodeEngine:279 - Generated code: D:\STM32\STM32H750_Disco_ETH\LWIP\Target\lwipopts.h
2024-03-12 14:20:38,996 [INFO] CodeEngine:255 - oldGeneratedFile, D:\STM32\STM32H750_Disco_ETH\LWIP\Target\ethernetif.c_save
2024-03-12 14:20:39,062 [INFO] CodeEngine:279 - Generated code: D:\STM32\STM32H750_Disco_ETH\LWIP\Target\ethernetif.c
2024-03-12 14:20:39,065 [INFO] CodeEngine:255 - oldGeneratedFile, D:\STM32\STM32H750_Disco_ETH\LWIP\Target\ethernetif.h_save
2024-03-12 14:20:39,105 [INFO] CodeEngine:279 - Generated code: D:\STM32\STM32H750_Disco_ETH\LWIP\Target\ethernetif.h
2024-03-12 14:20:39,117 [INFO] CodeEngine:255 - oldGeneratedFile, D:\STM32\STM32H750_Disco_ETH\Core\Src\stm32h7xx_it.c_save
2024-03-12 14:20:39,239 [INFO] CodeEngine:279 - Generated code: D:\STM32\STM32H750_Disco_ETH\Core\Src\stm32h7xx_it.c
2024-03-12 14:20:39,243 [INFO] CodeEngine:255 - oldGeneratedFile, D:\STM32\STM32H750_Disco_ETH\Core\Inc\stm32h7xx_it.h_save
2024-03-12 14:20:39,295 [INFO] CodeEngine:279 - Generated code: D:\STM32\STM32H750_Disco_ETH\Core\Inc\stm32h7xx_it.h
2024-03-12 14:20:39,802 [INFO] CodeEngine:255 - oldGeneratedFile, D:\STM32\STM32H750_Disco_ETH\Core\Src\stm32h7xx_hal_msp.c_save
2024-03-12 14:20:39,889 [INFO] CodeEngine:279 - Generated code: D:\STM32\STM32H750_Disco_ETH\Core\Src\stm32h7xx_hal_msp.c
2024-03-12 14:20:39,892 [INFO] CodeEngine:255 - oldGeneratedFile, D:\STM32\STM32H750_Disco_ETH\MXTmpFiles\system.tmp_save
2024-03-12 14:20:39,943 [INFO] CodeEngine:279 - Generated code: D:\STM32\STM32H750_Disco_ETH\MXTmpFiles\system.tmp
2024-03-12 14:20:39,946 [INFO] CodeEngine:255 - oldGeneratedFile, D:\STM32\STM32H750_Disco_ETH\Core\Src\stm32h7xx_hal_timebase_tim.c_save
2024-03-12 14:20:39,995 [INFO] CodeEngine:279 - Generated code: D:\STM32\STM32H750_Disco_ETH\Core\Src\stm32h7xx_hal_timebase_tim.c
2024-03-12 14:20:39,999 [INFO] CodeEngine:311 - oldGeneratedFile, D:\STM32\STM32H750_Disco_ETH\Core\Inc\stm32h7xx_hal_conf.h_save
2024-03-12 14:20:40,044 [INFO] CodeEngine:335 - Generated code: D:\STM32\STM32H750_Disco_ETH\Core\Inc\stm32h7xx_hal_conf.h
2024-03-12 14:20:40,070 [INFO] CodeEngine:255 - oldGeneratedFile, D:\STM32\STM32H750_Disco_ETH\Core\Inc\main.h_save
2024-03-12 14:20:40,118 [INFO] CodeEngine:279 - Generated code: D:\STM32\STM32H750_Disco_ETH\Core\Inc\main.h
2024-03-12 14:20:40,121 [INFO] CodeEngine:255 - oldGeneratedFile, D:\STM32\STM32H750_Disco_ETH\Core\Src\main.c_save
2024-03-12 14:20:40,206 [INFO] CodeEngine:279 - Generated code: D:\STM32\STM32H750_Disco_ETH\Core\Src\main.c
2024-03-12 14:20:41,055 [INFO] ProjectBuilder:3076 - Time for Copy HAL[1] : 366mS.
2024-03-12 14:20:41,061 [INFO] ProjectBuilder:4485 - Project Generator version: 4.2.0-B44
2024-03-12 14:20:41,224 [INFO] ConfigFileManager:1495 - The Die is : DIE450
2024-03-12 14:20:43,513 [INFO] ProjectBuilder:4747 - Time for Generating toolchain IDE Files: 2452mS.
2024-03-12 14:20:43,514 [INFO] ProjectBuilder:2947 - Time for Copy CMSIS : 0mS.
2024-03-12 14:20:43,533 [INFO] ProjectBuilder:2947 - Time for Copy CMSIS : 0mS.
2024-03-12 17:59:30,147 [ERROR] LogOutputStream:75 - [STDERR_REDIRECT] 
