2023-12-11 13:26:36,620 [INFO] Activator:176 - 


2023-12-11 13:26:36,626 [INFO] Activator:177 - !SESSION log4j initialized
2023-12-11 13:26:51,432 [ERROR] LogOutputStream:75 - [STDERR_REDIRECT] ?.?. 11, 2023 1:26:51 ??????? org.glassfish.grizzly.http.server.NetworkListener start
2023-12-11 13:26:51,435 [ERROR] LogOutputStream:75 - [STDERR_REDIRECT] INFO: Started listener bound to [localhost:1598]
2023-12-11 13:26:51,436 [ERROR] LogOutputStream:75 - [STDERR_REDIRECT] 
2023-12-11 13:26:51,440 [ERROR] LogOutputStream:75 - [STDERR_REDIRECT] ?.?. 11, 2023 1:26:51 ??????? org.glassfish.grizzly.http.server.HttpServer start
2023-12-11 13:26:51,451 [ERROR] LogOutputStream:75 - [STDERR_REDIRECT] INFO: [HttpServer] Started.
2023-12-11 13:26:51,454 [ERROR] LogOutputStream:75 - [STDERR_REDIRECT] 
2023-12-11 13:26:53,202 [INFO] LogOutputStream:77 - [STDOUT_REDIRECT] 
2023-12-11 13:27:01,861 [INFO] ApplicationProperties:184 - Using Application install path: C:\ST\STM32CubeIDE_1.12.0\STM32CubeIDE\plugins\com.st.stm32cube.common.mx_6.10.0.202311202037
2023-12-11 13:27:01,890 [INFO] DbMcusXml:78 - Set database path to: C:\ST\STM32CubeIDE_1.12.0\STM32CubeIDE\plugins\com.st.stm32cube.common.mx_6.10.0.202311202037\\db\/mcu/
2023-12-11 13:27:01,891 [INFO] ApiDb:274 - Set plugin database path to: C:\ST\STM32CubeIDE_1.12.0\STM32CubeIDE\plugins\com.st.stm32cube.common.mx_6.10.0.202311202037\\db\/plugins/boardmanager/
2023-12-11 13:27:01,891 [WARN] ApiDb:259 - Overriding images path with different value:  => C:\ST\STM32CubeIDE_1.12.0\STM32CubeIDE\plugins\com.st.stm32cube.common.mx_6.10.0.202311202037\\db\/plugins/mcufinder/images/
2023-12-11 13:27:02,658 [INFO] ApiDb:250 - Set database path to: C:\Users\user\.stmcufinder\plugins\mcufinder//mcu/
2023-12-11 13:27:02,661 [INFO] DbMcusAds:125 - Set database path to: C:\Users\user\.stmcufinder\plugins\mcufinder//mcu/
2023-12-11 13:27:02,666 [INFO] CrossReferenceDbSqlite:203 - Set database path to: C:\Users\user\.stmcufinder\plugins\mcufinder//mcu/cs/
2023-12-11 13:27:02,869 [INFO] RulesReader:64 - Compatibility file has been processed (297 Rules)
2023-12-11 13:27:03,064 [INFO] DbMcusXml:78 - Set database path to: C:\ST\STM32CubeIDE_1.12.0\STM32CubeIDE\plugins\com.st.stm32cube.common.mx_6.10.0.202311202037\\db\/mcu/
2023-12-11 13:27:03,064 [INFO] ApiDb:274 - Set plugin database path to: C:\ST\STM32CubeIDE_1.12.0\STM32CubeIDE\plugins\com.st.stm32cube.common.mx_6.10.0.202311202037\\db\/plugins/boardmanager/
2023-12-11 13:27:03,064 [INFO] ApiDb:261 - Set plugin images path to: C:\ST\STM32CubeIDE_1.12.0\STM32CubeIDE\plugins\com.st.stm32cube.common.mx_6.10.0.202311202037\\db\/plugins/mcufinder/images/
2023-12-11 13:27:03,064 [WARN] DbFile:41 - Overriding database path with different value: C:\Users\user\.stmcufinder\plugins\mcufinder/ => C:\Users\user\.stmcufinder\plugins\mcufinder
2023-12-11 13:27:03,064 [INFO] ApiDb:250 - Set database path to: C:\Users\user\.stmcufinder\plugins\mcufinder//mcu/
2023-12-11 13:27:03,064 [WARN] DbFile:41 - Overriding database path with different value: C:\Users\user\.stmcufinder\plugins\mcufinder/ => C:\Users\user\.stmcufinder\plugins\mcufinder
2023-12-11 13:27:03,065 [INFO] DbMcusAds:125 - Set database path to: C:\Users\user\.stmcufinder\plugins\mcufinder//mcu/
2023-12-11 13:27:03,065 [WARN] DbFile:41 - Overriding database path with different value: C:\Users\user\.stmcufinder\plugins\mcufinder/ => C:\Users\user\.stmcufinder\plugins\mcufinder
2023-12-11 13:27:03,065 [WARN] DbFile:41 - Overriding database path with different value: C:\Users\user\.stmcufinder\plugins\mcufinder/ => C:\Users\user\.stmcufinder\plugins\mcufinder
2023-12-11 13:27:03,065 [INFO] CrossReferenceDbSqlite:203 - Set database path to: C:\Users\user\.stmcufinder\plugins\mcufinder//mcu/cs/
2023-12-11 13:27:03,377 [INFO] MainPanel:264 - HeapMemory: 356515840
2023-12-11 13:27:03,632 [INFO] DbMcusXml:78 - Set database path to: C:\ST\STM32CubeIDE_1.12.0\STM32CubeIDE\plugins\com.st.stm32cube.common.mx_6.10.0.202311202037\\db\/mcu/
2023-12-11 13:27:03,632 [INFO] ApiDb:274 - Set plugin database path to: C:\ST\STM32CubeIDE_1.12.0\STM32CubeIDE\plugins\com.st.stm32cube.common.mx_6.10.0.202311202037\\db\/plugins/boardmanager/
2023-12-11 13:27:03,632 [INFO] ApiDb:261 - Set plugin images path to: C:\ST\STM32CubeIDE_1.12.0\STM32CubeIDE\plugins\com.st.stm32cube.common.mx_6.10.0.202311202037\\db\/plugins/mcufinder/images/
2023-12-11 13:27:03,634 [WARN] DbFile:41 - Overriding database path with different value: C:\Users\user\.stmcufinder\plugins\mcufinder/ => C:\Users\user\.stmcufinder\plugins\mcufinder
2023-12-11 13:27:03,635 [INFO] ApiDb:250 - Set database path to: C:\Users\user\.stmcufinder\plugins\mcufinder//mcu/
2023-12-11 13:27:03,636 [WARN] DbFile:41 - Overriding database path with different value: C:\Users\user\.stmcufinder\plugins\mcufinder/ => C:\Users\user\.stmcufinder\plugins\mcufinder
2023-12-11 13:27:03,636 [INFO] DbMcusAds:125 - Set database path to: C:\Users\user\.stmcufinder\plugins\mcufinder//mcu/
2023-12-11 13:27:03,636 [WARN] DbFile:41 - Overriding database path with different value: C:\Users\user\.stmcufinder\plugins\mcufinder/ => C:\Users\user\.stmcufinder\plugins\mcufinder
2023-12-11 13:27:03,636 [WARN] DbFile:41 - Overriding database path with different value: C:\Users\user\.stmcufinder\plugins\mcufinder/ => C:\Users\user\.stmcufinder\plugins\mcufinder
2023-12-11 13:27:03,637 [INFO] CrossReferenceDbSqlite:203 - Set database path to: C:\Users\user\.stmcufinder\plugins\mcufinder//mcu/cs/
2023-12-11 13:27:03,688 [INFO] ApplicationProperties:184 - Using Application install path: C:\ST\STM32CubeIDE_1.12.0\STM32CubeIDE\plugins\com.st.stm32cube.common.mx_6.10.0.202311202037
2023-12-11 13:27:03,690 [INFO] PluginManage:196 - Search for loadable plugins [exclusion list=, ]
2023-12-11 13:27:03,692 [INFO] PluginManage:310 - Check plugin analytics
2023-12-11 13:27:06,331 [INFO] AnalyticsPlugin:253 - Accepted Software Licenses: STM32CubeMX.6.8.0,STM32CubeMX.6.8.1,STM32CubeMX.6.5.0,STM32CubeMX.6.9.1,STM32CubeMX.6.9.2
2023-12-11 13:27:06,336 [INFO] AnalyticsPlugin:255 - Accepted CMSIS Pack Licenses: emotas.I-CUBE-CANOPEN.1.1.3,STMicroelectronics.X-CUBE-TOUCHGFX.4.21.0,STMicroelectronics.X-CUBE-TOUCHGFX.4.21.1,STMicroelectronics.X-CUBE-TOUCHGFX.4.18.0,STMicroelectronics.X-CUBE-TOUCHGFX.4.22.1,STMicroelectronics.X-CUBE-AZRTOS-H7.3.1.0,STMicroelectronics.X-CUBE-AZRTOS-H7.3.2.0,ITTIA_DB.I-CUBE-ITTIADB.8.8.0
2023-12-11 13:27:06,336 [INFO] AnalyticsPlugin:257 - Accepted Firmware Licenses: FW.H7.1.11.0,FW.G0.1.6.0,FW.F4.1.27.0
2023-12-11 13:27:06,344 [INFO] PluginManage:359 - Loaded plugin analytics (category:tool,tabindex:-1)
2023-12-11 13:27:06,345 [INFO] PluginManage:310 - Check plugin cadmodel
2023-12-11 13:27:06,363 [INFO] CADModel:105 - Init CAD model plugin
2023-12-11 13:27:06,364 [INFO] PluginManage:359 - Loaded plugin cadmodel (category:power,tabindex:5)
2023-12-11 13:27:06,364 [INFO] PluginManage:310 - Check plugin clock
2023-12-11 13:27:06,389 [INFO] PluginManage:359 - Loaded plugin clock (category:base,tabindex:2)
2023-12-11 13:27:06,390 [INFO] PluginManage:310 - Check plugin ddr
2023-12-11 13:27:06,395 [INFO] PluginManage:359 - Loaded plugin ddr (category:tool,tabindex:6)
2023-12-11 13:27:06,395 [INFO] PluginManage:310 - Check plugin filemanager
2023-12-11 13:27:06,737 [INFO] PluginManage:359 - Loaded plugin filemanager (category:base,tabindex:10)
2023-12-11 13:27:06,737 [INFO] PluginManage:310 - Check plugin ipmanager
2023-12-11 13:27:06,748 [INFO] PluginManage:359 - Loaded plugin ipmanager (category:base,tabindex:5)
2023-12-11 13:27:06,748 [INFO] PluginManage:310 - Check plugin lpbam
2023-12-11 13:27:06,762 [INFO] PluginManage:359 - Loaded plugin lpbam (category:base,tabindex:0)
2023-12-11 13:27:06,762 [INFO] PluginManage:310 - Check plugin memorymap
2023-12-11 13:27:06,786 [INFO] PluginManage:359 - Loaded plugin memorymap (category:base,tabindex:4)
2023-12-11 13:27:06,786 [INFO] PluginManage:310 - Check plugin pinoutandconfiguration
2023-12-11 13:27:06,799 [INFO] PluginManage:359 - Loaded plugin pinoutandconfiguration (category:base,tabindex:1)
2023-12-11 13:27:06,799 [INFO] PluginManage:310 - Check plugin pinoutconfig
2023-12-11 13:27:07,272 [WARN] SupportedApi:132 - Cannot load RTOS API schema: s4s-elt-must-match.1: The content of 'definitions' must match (annotation?, (simpleType | complexType)?, (unique | key | keyref)*)). A problem was found starting at: attribute.
2023-12-11 13:27:07,609 [INFO] PluginManage:359 - Loaded plugin pinoutconfig (category:base,tabindex:0)
2023-12-11 13:27:07,609 [INFO] PluginManage:310 - Check plugin power
2023-12-11 13:27:07,640 [INFO] PluginManage:359 - Loaded plugin power (category:power,tabindex:4)
2023-12-11 13:27:07,640 [INFO] PluginManage:310 - Check plugin projectmanager
2023-12-11 13:27:07,681 [INFO] PluginManage:359 - Loaded plugin projectmanager (category:projectmanager,tabindex:3)
2023-12-11 13:27:07,681 [INFO] PluginManage:310 - Check plugin thirdparty
2023-12-11 13:27:08,791 [INFO] PluginManage:359 - Loaded plugin thirdparty (category:base,tabindex:-1)
2023-12-11 13:27:08,791 [INFO] PluginManage:310 - Check plugin tools
2023-12-11 13:27:08,791 [WARN] IntegrityCheckThread:84 - waiting for thirdparty lock release [integrity check]
2023-12-11 13:27:08,795 [INFO] IntegrityCheckThread:86 - entering critical section [integrity check]
2023-12-11 13:27:08,795 [INFO] ThirdPartyUpdaterWithRetryManager:70 - Updater plugin not ready yet. [1/15]
2023-12-11 13:27:08,796 [INFO] PluginManage:359 - Loaded plugin tools (category:base,tabindex:7)
2023-12-11 13:27:08,796 [INFO] PluginManage:310 - Check plugin tutovideos
2023-12-11 13:27:09,199 [INFO] PluginManage:359 - Loaded plugin tutovideos (category:base,tabindex:-1)
2023-12-11 13:27:09,199 [INFO] PluginManage:310 - Check plugin updater
2023-12-11 13:27:09,219 [INFO] PluginManage:359 - Loaded plugin updater (category:base,tabindex:12)
2023-12-11 13:27:09,219 [INFO] PluginManage:310 - Check plugin userauth
2023-12-11 13:27:09,230 [INFO] UserAuth:114 - Init User Auth plugin
2023-12-11 13:27:09,231 [INFO] PluginManage:359 - Loaded plugin userauth (category:base,tabindex:14)
2023-12-11 13:27:09,231 [INFO] PluginManage:283 - PluginManage : Loaded plugins [17]
2023-12-11 13:27:09,628 [INFO] PinOutPanel:1499 - setPackage(No Configuration,No Configuration)
2023-12-11 13:27:09,814 [INFO] CADModel:165 - CPN selected for project level
2023-12-11 13:27:09,815 [INFO] CADModel:114 - Register for checkConnection events
2023-12-11 13:27:09,843 [INFO] IPUIPlugin:80 - create IPUIPlugin
2023-12-11 13:27:09,846 [INFO] PluginManager:220 - loadIPPluginJar : add adc
2023-12-11 13:27:09,855 [INFO] IPUIPlugin:80 - create IPUIPlugin
2023-12-11 13:27:09,855 [INFO] PluginManager:220 - loadIPPluginJar : add aes
2023-12-11 13:27:09,863 [INFO] IPUIPlugin:80 - create IPUIPlugin
2023-12-11 13:27:09,864 [INFO] PluginManager:220 - loadIPPluginJar : add can
2023-12-11 13:27:09,870 [INFO] IPUIPlugin:80 - create IPUIPlugin
2023-12-11 13:27:09,871 [INFO] PluginManager:220 - loadIPPluginJar : add comp
2023-12-11 13:27:09,880 [INFO] IPUIPlugin:80 - create IPUIPlugin
2023-12-11 13:27:09,881 [INFO] PluginManager:220 - loadIPPluginJar : add cryp
2023-12-11 13:27:09,884 [INFO] IPUIPlugin:80 - create IPUIPlugin
2023-12-11 13:27:09,885 [INFO] PluginManager:220 - loadIPPluginJar : add dfsdm
2023-12-11 13:27:09,896 [INFO] IPUIPlugin:80 - create IPUIPlugin
2023-12-11 13:27:09,897 [INFO] PluginManager:220 - loadIPPluginJar : add dma
2023-12-11 13:27:09,901 [INFO] IPUIPlugin:80 - create IPUIPlugin
2023-12-11 13:27:09,901 [INFO] PluginManager:220 - loadIPPluginJar : add dma3
2023-12-11 13:27:09,907 [INFO] IPUIPlugin:80 - create IPUIPlugin
2023-12-11 13:27:09,908 [INFO] PluginManager:220 - loadIPPluginJar : add fatfs
2023-12-11 13:27:09,914 [INFO] IPUIPlugin:80 - create IPUIPlugin
2023-12-11 13:27:09,915 [INFO] PluginManager:220 - loadIPPluginJar : add fmc
2023-12-11 13:27:09,931 [INFO] IPUIPlugin:80 - create IPUIPlugin
2023-12-11 13:27:09,931 [INFO] PluginManager:220 - loadIPPluginJar : add freertos
2023-12-11 13:27:09,936 [INFO] IPUIPlugin:80 - create IPUIPlugin
2023-12-11 13:27:09,936 [INFO] PluginManager:220 - loadIPPluginJar : add genericplugin
2023-12-11 13:27:09,940 [INFO] IPUIPlugin:80 - create IPUIPlugin
2023-12-11 13:27:09,940 [INFO] PluginManager:220 - loadIPPluginJar : add gfxmmu
2023-12-11 13:27:09,953 [INFO] IPUIPlugin:80 - create IPUIPlugin
2023-12-11 13:27:09,954 [INFO] PluginManager:220 - loadIPPluginJar : add gic
2023-12-11 13:27:09,961 [INFO] IPUIPlugin:80 - create IPUIPlugin
2023-12-11 13:27:09,961 [INFO] PluginManager:220 - loadIPPluginJar : add gpio
2023-12-11 13:27:09,966 [INFO] IPUIPlugin:80 - create IPUIPlugin
2023-12-11 13:27:09,966 [INFO] PluginManager:220 - loadIPPluginJar : add gtzc
2023-12-11 13:27:09,985 [INFO] IPUIPlugin:80 - create IPUIPlugin
2023-12-11 13:27:09,985 [INFO] PluginManager:220 - loadIPPluginJar : add hash
2023-12-11 13:27:09,993 [INFO] IPUIPlugin:80 - create IPUIPlugin
2023-12-11 13:27:09,993 [INFO] PluginManager:220 - loadIPPluginJar : add i2c
2023-12-11 13:27:09,997 [INFO] IPUIPlugin:80 - create IPUIPlugin
2023-12-11 13:27:09,997 [INFO] PluginManager:220 - loadIPPluginJar : add i2s
2023-12-11 13:27:10,002 [INFO] IPUIPlugin:80 - create IPUIPlugin
2023-12-11 13:27:10,002 [INFO] PluginManager:220 - loadIPPluginJar : add i3c
2023-12-11 13:27:10,007 [INFO] IPUIPlugin:80 - create IPUIPlugin
2023-12-11 13:27:10,007 [INFO] PluginManager:220 - loadIPPluginJar : add ipddr
2023-12-11 13:27:10,025 [INFO] IPUIPlugin:80 - create IPUIPlugin
2023-12-11 13:27:10,025 [INFO] PluginManager:220 - loadIPPluginJar : add linkedlist
2023-12-11 13:27:10,030 [INFO] IPUIPlugin:80 - create IPUIPlugin
2023-12-11 13:27:10,030 [INFO] PluginManager:220 - loadIPPluginJar : add lorawan
2023-12-11 13:27:10,033 [INFO] IPUIPlugin:80 - create IPUIPlugin
2023-12-11 13:27:10,033 [INFO] PluginManager:220 - loadIPPluginJar : add ltdc
2023-12-11 13:27:10,065 [INFO] IPUIPlugin:80 - create IPUIPlugin
2023-12-11 13:27:10,066 [INFO] PluginManager:220 - loadIPPluginJar : add mdma
2023-12-11 13:27:10,075 [INFO] IPUIPlugin:80 - create IPUIPlugin
2023-12-11 13:27:10,075 [INFO] PluginManager:220 - loadIPPluginJar : add nvic
2023-12-11 13:27:10,089 [INFO] IPUIPlugin:80 - create IPUIPlugin
2023-12-11 13:27:10,089 [INFO] PluginManager:220 - loadIPPluginJar : add opamp
2023-12-11 13:27:10,101 [INFO] IPUIPlugin:80 - create IPUIPlugin
2023-12-11 13:27:10,101 [INFO] PluginManager:220 - loadIPPluginJar : add openamp
2023-12-11 13:27:10,107 [INFO] IPUIPlugin:80 - create IPUIPlugin
2023-12-11 13:27:10,107 [INFO] PluginManager:220 - loadIPPluginJar : add pdm2pcm
2023-12-11 13:27:10,131 [INFO] IPUIPlugin:80 - create IPUIPlugin
2023-12-11 13:27:10,135 [INFO] PluginManager:220 - loadIPPluginJar : add plateformsettings
2023-12-11 13:27:10,138 [INFO] IPUIPlugin:80 - create IPUIPlugin
2023-12-11 13:27:10,138 [INFO] PluginManager:220 - loadIPPluginJar : add quadspi
2023-12-11 13:27:10,185 [INFO] IPUIPlugin:80 - create IPUIPlugin
2023-12-11 13:27:10,185 [INFO] PluginManager:220 - loadIPPluginJar : add resmgrutility
2023-12-11 13:27:10,202 [INFO] IPUIPlugin:80 - create IPUIPlugin
2023-12-11 13:27:10,203 [INFO] PluginManager:220 - loadIPPluginJar : add sai
2023-12-11 13:27:10,208 [INFO] IPUIPlugin:80 - create IPUIPlugin
2023-12-11 13:27:10,209 [INFO] PluginManager:220 - loadIPPluginJar : add spi
2023-12-11 13:27:10,221 [INFO] IPUIPlugin:80 - create IPUIPlugin
2023-12-11 13:27:10,221 [INFO] PluginManager:220 - loadIPPluginJar : add stm32_wpan
2023-12-11 13:27:10,227 [INFO] IPUIPlugin:80 - create IPUIPlugin
2023-12-11 13:27:10,228 [INFO] PluginManager:220 - loadIPPluginJar : add tim
2023-12-11 13:27:10,234 [INFO] IPUIPlugin:80 - create IPUIPlugin
2023-12-11 13:27:10,234 [INFO] PluginManager:220 - loadIPPluginJar : add touchsensing
2023-12-11 13:27:10,239 [INFO] IPUIPlugin:80 - create IPUIPlugin
2023-12-11 13:27:10,240 [INFO] PluginManager:220 - loadIPPluginJar : add tracer_emb
2023-12-11 13:27:10,249 [INFO] IPUIPlugin:80 - create IPUIPlugin
2023-12-11 13:27:10,249 [INFO] PluginManager:220 - loadIPPluginJar : add ts
2023-12-11 13:27:10,253 [INFO] IPUIPlugin:80 - create IPUIPlugin
2023-12-11 13:27:10,253 [INFO] PluginManager:220 - loadIPPluginJar : add tsc
2023-12-11 13:27:10,259 [INFO] IPUIPlugin:80 - create IPUIPlugin
2023-12-11 13:27:10,261 [INFO] PluginManager:220 - loadIPPluginJar : add ucpd
2023-12-11 13:27:10,267 [INFO] IPUIPlugin:80 - create IPUIPlugin
2023-12-11 13:27:10,267 [INFO] PluginManager:220 - loadIPPluginJar : add usart
2023-12-11 13:27:10,272 [INFO] IPUIPlugin:80 - create IPUIPlugin
2023-12-11 13:27:10,272 [INFO] PluginManager:220 - loadIPPluginJar : add usbx
2023-12-11 13:27:10,457 [INFO] CADModel:165 - CPN selected for project level
2023-12-11 13:27:10,457 [INFO] CADModel:114 - Register for checkConnection events
2023-12-11 13:27:10,457 [FATAL] Updater:308 - Updater called before beeing initialized
2023-12-11 13:27:10,458 [ERROR] CADModel:125 - Updater not yet initialized, retry later 
2023-12-11 13:27:10,781 [INFO] CADModel:165 - CPN selected for project level
2023-12-11 13:27:10,781 [INFO] CADModel:114 - Register for checkConnection events
2023-12-11 13:27:10,781 [FATAL] Updater:308 - Updater called before beeing initialized
2023-12-11 13:27:10,781 [ERROR] CADModel:125 - Updater not yet initialized, retry later 
2023-12-11 13:27:10,786 [FATAL] Updater:308 - Updater called before beeing initialized
2023-12-11 13:27:11,022 [FATAL] Updater:308 - Updater called before beeing initialized
2023-12-11 13:27:11,151 [INFO] DbMcusAds:53 - JSON generation date=Wed Nov 29 17:52:38 ICT 2023 (1701255158764)
2023-12-11 13:27:11,152 [FATAL] Updater:308 - Updater called before beeing initialized
2023-12-11 13:27:11,305 [WARN] DetailPanel:346 - Failed to get advertising image, set to default
2023-12-11 13:27:11,743 [FATAL] Updater:308 - Updater called before beeing initialized
2023-12-11 13:27:11,748 [FATAL] Updater:308 - Updater called before beeing initialized
2023-12-11 13:27:11,748 [FATAL] Updater:308 - Updater called before beeing initialized
2023-12-11 13:27:11,748 [WARN] DetailPanel:346 - Failed to get advertising image, set to default
2023-12-11 13:27:11,751 [FATAL] Updater:308 - Updater called before beeing initialized
2023-12-11 13:27:11,929 [INFO] ThirdPartyUpdaterWithRetryManager:70 - Updater plugin not ready yet. [2/15]
2023-12-11 13:27:12,420 [ERROR] Updater:1120 - MainUpdater not yet initialized. External WinMGr cannot be set.
2023-12-11 13:27:12,429 [INFO] Updater:1056 - Updater Version found : 6.10.0
2023-12-11 13:27:12,487 [INFO] ApplicationProperties:184 - Using Application install path: C:\ST\STM32CubeIDE_1.12.0\STM32CubeIDE\plugins\com.st.stm32cube.common.mx_6.10.0.202311202037
2023-12-11 13:27:14,937 [FATAL] Updater:308 - Updater called before beeing initialized
2023-12-11 13:27:14,938 [ERROR] IntegrityCheckThread:130 - Cannot retrieve database content from updater: error 21
2023-12-11 13:27:14,938 [INFO] ThirdParty:978 - Integrity check success = false
2023-12-11 13:27:14,938 [INFO] IntegrityCheckThread:100 - exiting critical section [integrity check]
2023-12-11 13:27:14,938 [INFO] IntegrityCheckThread:103 - End integrity checks thread
2023-12-11 13:27:15,791 [INFO] MainUpdater:2873 - connection check result : 10
2023-12-11 13:27:15,792 [INFO] MainUpdater:290 - Updater Check For Update Now.
2023-12-11 13:27:15,793 [INFO] MicroXplorer:498 - Change Database Version : DB.6.0.100
2023-12-11 13:27:15,802 [INFO] McuFinderGlobals:63 - Set McuFinder mode to 2 (CubeIDE integrated)
2023-12-11 13:27:15,828 [INFO] UserAuth:404 - Internet connection configuration mode: 1
2023-12-11 13:27:16,539 [INFO] JxBrowserEngine:152 - Initiate JxBrowser Engine with user profile folder
2023-12-11 13:27:19,420 [INFO] CheckServerUpdateThread:120 - End of CheckServer Thread
2023-12-11 13:27:29,990 [INFO] WebApp:161 - Instantiating new browser for Auth
2023-12-11 13:27:31,417 [INFO] WebApp:780 - Register for checkConnection events
2023-12-11 13:27:31,419 [INFO] WebApp:414 - Apply proxy settings
2023-12-11 13:27:31,421 [INFO] WebApp:499 - Chromium requires no authentication
2023-12-11 13:27:31,433 [INFO] WebApp:442 - Direct internet connection detected
2023-12-11 13:27:31,761 [INFO] WebApp:192 - Starting web application
2023-12-11 13:27:31,761 [INFO] WebApp:544 - Web application path used C:\ST\STM32CubeIDE_1.12.0\STM32CubeIDE\plugins\com.st.stm32cube.common.mx_6.10.0.202311202037\db\plugins\mcufinder\reactClient1\index.html
2023-12-11 17:30:06,967 [ERROR] LogOutputStream:75 - [STDERR_REDIRECT] 
