2024-07-24 08:49:02,403 [INFO] Activator:176 - 


2024-07-24 08:49:02,407 [INFO] Activator:177 - !SESSION log4j initialized
2024-07-24 08:49:08,925 [INFO] LogOutputStream:77 - [STDOUT_REDIRECT] 
2024-07-24 08:49:09,839 [INFO] ApplicationProperties:184 - Using Application install path: C:\ST\STM32CubeIDE_1.16.0\STM32CubeIDE\plugins\com.st.stm32cube.common.mx_6.12.0.202406281431
2024-07-24 08:49:09,858 [INFO] DbMcusXml:78 - Set database path to: C:\ST\STM32CubeIDE_1.16.0\STM32CubeIDE\plugins\com.st.stm32cube.common.mx_6.12.0.202406281431\\db\/mcu/
2024-07-24 08:49:09,858 [INFO] ApiDb:274 - Set plugin database path to: C:\ST\STM32CubeIDE_1.16.0\STM32CubeIDE\plugins\com.st.stm32cube.common.mx_6.12.0.202406281431\\db\/plugins/boardmanager/
2024-07-24 08:49:09,859 [WARN] ApiDb:259 - Overriding images path with different value:  => C:\ST\STM32CubeIDE_1.16.0\STM32CubeIDE\plugins\com.st.stm32cube.common.mx_6.12.0.202406281431\\db\/plugins/mcufinder/images/
2024-07-24 08:49:09,867 [INFO] ApiDb:250 - Set database path to: C:\Users\user\.stmcufinder\plugins\mcufinder//mcu/
2024-07-24 08:49:09,868 [INFO] DbMcusAds:125 - Set database path to: C:\Users\user\.stmcufinder\plugins\mcufinder//mcu/
2024-07-24 08:49:09,876 [INFO] CrossReferenceDbSqlite:203 - Set database path to: C:\Users\user\.stmcufinder\plugins\mcufinder//mcu/cs/
2024-07-24 08:49:10,013 [INFO] RulesReader:64 - Compatibility file has been processed (297 Rules)
2024-07-24 08:49:10,064 [INFO] DbMcusXml:78 - Set database path to: C:\ST\STM32CubeIDE_1.16.0\STM32CubeIDE\plugins\com.st.stm32cube.common.mx_6.12.0.202406281431\\db\/mcu/
2024-07-24 08:49:10,064 [INFO] ApiDb:274 - Set plugin database path to: C:\ST\STM32CubeIDE_1.16.0\STM32CubeIDE\plugins\com.st.stm32cube.common.mx_6.12.0.202406281431\\db\/plugins/boardmanager/
2024-07-24 08:49:10,064 [INFO] ApiDb:261 - Set plugin images path to: C:\ST\STM32CubeIDE_1.16.0\STM32CubeIDE\plugins\com.st.stm32cube.common.mx_6.12.0.202406281431\\db\/plugins/mcufinder/images/
2024-07-24 08:49:10,065 [WARN] DbFile:41 - Overriding database path with different value: C:\Users\user\.stmcufinder\plugins\mcufinder/ => C:\Users\user\.stmcufinder\plugins\mcufinder
2024-07-24 08:49:10,065 [INFO] ApiDb:250 - Set database path to: C:\Users\user\.stmcufinder\plugins\mcufinder//mcu/
2024-07-24 08:49:10,065 [WARN] DbFile:41 - Overriding database path with different value: C:\Users\user\.stmcufinder\plugins\mcufinder/ => C:\Users\user\.stmcufinder\plugins\mcufinder
2024-07-24 08:49:10,065 [INFO] DbMcusAds:125 - Set database path to: C:\Users\user\.stmcufinder\plugins\mcufinder//mcu/
2024-07-24 08:49:10,065 [WARN] DbFile:41 - Overriding database path with different value: C:\Users\user\.stmcufinder\plugins\mcufinder/ => C:\Users\user\.stmcufinder\plugins\mcufinder
2024-07-24 08:49:10,065 [WARN] DbFile:41 - Overriding database path with different value: C:\Users\user\.stmcufinder\plugins\mcufinder/ => C:\Users\user\.stmcufinder\plugins\mcufinder
2024-07-24 08:49:10,065 [INFO] CrossReferenceDbSqlite:203 - Set database path to: C:\Users\user\.stmcufinder\plugins\mcufinder//mcu/cs/
2024-07-24 08:49:10,162 [INFO] MainPanel:268 - HeapMemory: 300941312
2024-07-24 08:49:10,258 [INFO] DbMcusXml:78 - Set database path to: C:\ST\STM32CubeIDE_1.16.0\STM32CubeIDE\plugins\com.st.stm32cube.common.mx_6.12.0.202406281431\\db\/mcu/
2024-07-24 08:49:10,258 [INFO] ApiDb:274 - Set plugin database path to: C:\ST\STM32CubeIDE_1.16.0\STM32CubeIDE\plugins\com.st.stm32cube.common.mx_6.12.0.202406281431\\db\/plugins/boardmanager/
2024-07-24 08:49:10,258 [INFO] ApiDb:261 - Set plugin images path to: C:\ST\STM32CubeIDE_1.16.0\STM32CubeIDE\plugins\com.st.stm32cube.common.mx_6.12.0.202406281431\\db\/plugins/mcufinder/images/
2024-07-24 08:49:10,259 [WARN] DbFile:41 - Overriding database path with different value: C:\Users\user\.stmcufinder\plugins\mcufinder/ => C:\Users\user\.stmcufinder\plugins\mcufinder
2024-07-24 08:49:10,259 [INFO] ApiDb:250 - Set database path to: C:\Users\user\.stmcufinder\plugins\mcufinder//mcu/
2024-07-24 08:49:10,259 [WARN] DbFile:41 - Overriding database path with different value: C:\Users\user\.stmcufinder\plugins\mcufinder/ => C:\Users\user\.stmcufinder\plugins\mcufinder
2024-07-24 08:49:10,259 [INFO] DbMcusAds:125 - Set database path to: C:\Users\user\.stmcufinder\plugins\mcufinder//mcu/
2024-07-24 08:49:10,259 [WARN] DbFile:41 - Overriding database path with different value: C:\Users\user\.stmcufinder\plugins\mcufinder/ => C:\Users\user\.stmcufinder\plugins\mcufinder
2024-07-24 08:49:10,259 [WARN] DbFile:41 - Overriding database path with different value: C:\Users\user\.stmcufinder\plugins\mcufinder/ => C:\Users\user\.stmcufinder\plugins\mcufinder
2024-07-24 08:49:10,259 [INFO] CrossReferenceDbSqlite:203 - Set database path to: C:\Users\user\.stmcufinder\plugins\mcufinder//mcu/cs/
2024-07-24 08:49:10,276 [INFO] ApplicationProperties:184 - Using Application install path: C:\ST\STM32CubeIDE_1.16.0\STM32CubeIDE\plugins\com.st.stm32cube.common.mx_6.12.0.202406281431
2024-07-24 08:49:10,278 [INFO] PluginManage:196 - Search for loadable plugins [exclusion list=, ]
2024-07-24 08:49:10,279 [INFO] PluginManage:310 - Check plugin analytics
2024-07-24 08:49:10,491 [INFO] AnalyticsPlugin:253 - Accepted Software Licenses: STM32CubeMX.6.10.0,STM32CubeMX.6.11.0,STM32CubeMX.6.11.1,STM32CubeMX.6.12.0
2024-07-24 08:49:10,492 [INFO] AnalyticsPlugin:255 - Accepted CMSIS Pack Licenses: STMicroelectronics.X-CUBE-TOUCHGFX.4.23.2,STMicroelectronics.X-CUBE-TOF1.3.4.1,STMicroelectronics.X-CUBE-TOUCHGFX.4.24.0
2024-07-24 08:49:10,492 [INFO] AnalyticsPlugin:257 - Accepted Firmware Licenses: FW.G0.1.6.0,FW.H7.1.11.0,FW.C0.1.1.0
2024-07-24 08:49:10,495 [INFO] PluginManage:359 - Loaded plugin analytics (category:tool,tabindex:-1)
2024-07-24 08:49:10,495 [INFO] PluginManage:310 - Check plugin cadmodel
2024-07-24 08:49:10,502 [INFO] CADModel:105 - Init CAD model plugin
2024-07-24 08:49:10,502 [INFO] PluginManage:359 - Loaded plugin cadmodel (category:power,tabindex:5)
2024-07-24 08:49:10,503 [INFO] PluginManage:310 - Check plugin clock
2024-07-24 08:49:10,518 [INFO] PluginManage:359 - Loaded plugin clock (category:base,tabindex:2)
2024-07-24 08:49:10,518 [INFO] PluginManage:310 - Check plugin ddr
2024-07-24 08:49:10,522 [INFO] PluginManage:359 - Loaded plugin ddr (category:tool,tabindex:6)
2024-07-24 08:49:10,522 [INFO] PluginManage:310 - Check plugin filemanager
2024-07-24 08:49:10,752 [INFO] PluginManage:359 - Loaded plugin filemanager (category:base,tabindex:10)
2024-07-24 08:49:10,752 [INFO] PluginManage:310 - Check plugin ipmanager
2024-07-24 08:49:10,759 [INFO] PluginManage:359 - Loaded plugin ipmanager (category:base,tabindex:5)
2024-07-24 08:49:10,760 [INFO] PluginManage:310 - Check plugin lpbam
2024-07-24 08:49:10,773 [INFO] PluginManage:359 - Loaded plugin lpbam (category:base,tabindex:0)
2024-07-24 08:49:10,773 [INFO] PluginManage:310 - Check plugin memorymap
2024-07-24 08:49:10,792 [INFO] PluginManage:359 - Loaded plugin memorymap (category:base,tabindex:4)
2024-07-24 08:49:10,792 [INFO] PluginManage:310 - Check plugin pinoutandconfiguration
2024-07-24 08:49:10,802 [INFO] PluginManage:359 - Loaded plugin pinoutandconfiguration (category:base,tabindex:1)
2024-07-24 08:49:10,802 [INFO] PluginManage:310 - Check plugin pinoutconfig
2024-07-24 08:49:10,882 [WARN] SupportedApi:132 - Cannot load RTOS API schema: s4s-elt-must-match.1: The content of 'definitions' must match (annotation?, (simpleType | complexType)?, (unique | key | keyref)*)). A problem was found starting at: attribute.
2024-07-24 08:49:11,040 [INFO] PluginManage:359 - Loaded plugin pinoutconfig (category:base,tabindex:0)
2024-07-24 08:49:11,040 [INFO] PluginManage:310 - Check plugin power
2024-07-24 08:49:11,057 [INFO] PluginManage:359 - Loaded plugin power (category:power,tabindex:4)
2024-07-24 08:49:11,057 [INFO] PluginManage:310 - Check plugin projectmanager
2024-07-24 08:49:11,075 [INFO] PluginManage:359 - Loaded plugin projectmanager (category:projectmanager,tabindex:4)
2024-07-24 08:49:11,075 [INFO] PluginManage:310 - Check plugin rif
2024-07-24 08:49:11,083 [INFO] PluginManage:359 - Loaded plugin rif (category:base,tabindex:3)
2024-07-24 08:49:11,084 [INFO] PluginManage:310 - Check plugin thirdparty
2024-07-24 08:49:11,248 [INFO] PluginManage:359 - Loaded plugin thirdparty (category:base,tabindex:-1)
2024-07-24 08:49:11,249 [INFO] PluginManage:310 - Check plugin tools
2024-07-24 08:49:11,249 [WARN] IntegrityCheckThread:84 - waiting for thirdparty lock release [integrity check]
2024-07-24 08:49:11,249 [INFO] IntegrityCheckThread:86 - entering critical section [integrity check]
2024-07-24 08:49:11,250 [INFO] ThirdPartyUpdaterWithRetryManager:70 - Updater plugin not ready yet. [1/15]
2024-07-24 08:49:11,252 [INFO] PluginManage:359 - Loaded plugin tools (category:base,tabindex:7)
2024-07-24 08:49:11,252 [INFO] PluginManage:310 - Check plugin tutovideos
2024-07-24 08:49:11,492 [INFO] PluginManage:359 - Loaded plugin tutovideos (category:base,tabindex:-1)
2024-07-24 08:49:11,492 [INFO] PluginManage:310 - Check plugin updater
2024-07-24 08:49:11,513 [INFO] PluginManage:359 - Loaded plugin updater (category:base,tabindex:12)
2024-07-24 08:49:11,514 [INFO] PluginManage:310 - Check plugin userauth
2024-07-24 08:49:11,524 [INFO] UserAuth:113 - Init User Auth plugin
2024-07-24 08:49:11,524 [INFO] PluginManage:359 - Loaded plugin userauth (category:base,tabindex:14)
2024-07-24 08:49:11,524 [INFO] PluginManage:283 - PluginManage : Loaded plugins [18]
2024-07-24 08:49:11,720 [INFO] PinOutPanel:1561 - setPackage(No Configuration,No Configuration)
2024-07-24 08:49:11,812 [INFO] CADModel:165 - CPN selected for project level
2024-07-24 08:49:11,812 [INFO] CADModel:114 - Register for checkConnection events
2024-07-24 08:49:11,833 [INFO] IPUIPlugin:80 - create IPUIPlugin
2024-07-24 08:49:11,834 [INFO] PluginManager:220 - loadIPPluginJar : add adc
2024-07-24 08:49:11,835 [INFO] IPUIPlugin:80 - create IPUIPlugin
2024-07-24 08:49:11,837 [INFO] PluginManager:220 - loadIPPluginJar : add aes
2024-07-24 08:49:11,840 [INFO] IPUIPlugin:80 - create IPUIPlugin
2024-07-24 08:49:11,840 [INFO] PluginManager:220 - loadIPPluginJar : add can
2024-07-24 08:49:11,842 [INFO] IPUIPlugin:80 - create IPUIPlugin
2024-07-24 08:49:11,842 [INFO] PluginManager:220 - loadIPPluginJar : add comp
2024-07-24 08:49:11,845 [INFO] IPUIPlugin:80 - create IPUIPlugin
2024-07-24 08:49:11,845 [INFO] PluginManager:220 - loadIPPluginJar : add cryp
2024-07-24 08:49:11,849 [INFO] IPUIPlugin:80 - create IPUIPlugin
2024-07-24 08:49:11,849 [INFO] PluginManager:220 - loadIPPluginJar : add ddr_ctrl_phy
2024-07-24 08:49:11,853 [INFO] IPUIPlugin:80 - create IPUIPlugin
2024-07-24 08:49:11,853 [INFO] PluginManager:220 - loadIPPluginJar : add dfsdm
2024-07-24 08:49:11,858 [INFO] IPUIPlugin:80 - create IPUIPlugin
2024-07-24 08:49:11,858 [INFO] PluginManager:220 - loadIPPluginJar : add dma
2024-07-24 08:49:11,862 [INFO] IPUIPlugin:80 - create IPUIPlugin
2024-07-24 08:49:11,862 [INFO] PluginManager:220 - loadIPPluginJar : add dma3
2024-07-24 08:49:11,865 [INFO] IPUIPlugin:80 - create IPUIPlugin
2024-07-24 08:49:11,865 [INFO] PluginManager:220 - loadIPPluginJar : add extmemmanager
2024-07-24 08:49:11,865 [INFO] IPUIPlugin:80 - create IPUIPlugin
2024-07-24 08:49:11,865 [INFO] PluginManager:220 - loadIPPluginJar : add fatfs
2024-07-24 08:49:11,869 [INFO] IPUIPlugin:80 - create IPUIPlugin
2024-07-24 08:49:11,870 [INFO] PluginManager:220 - loadIPPluginJar : add fmc
2024-07-24 08:49:11,875 [INFO] IPUIPlugin:80 - create IPUIPlugin
2024-07-24 08:49:11,875 [INFO] PluginManager:220 - loadIPPluginJar : add freertos
2024-07-24 08:49:11,876 [INFO] IPUIPlugin:80 - create IPUIPlugin
2024-07-24 08:49:11,877 [INFO] PluginManager:220 - loadIPPluginJar : add genericplugin
2024-07-24 08:49:11,879 [INFO] IPUIPlugin:80 - create IPUIPlugin
2024-07-24 08:49:11,879 [INFO] PluginManager:220 - loadIPPluginJar : add gfxmmu
2024-07-24 08:49:11,883 [INFO] IPUIPlugin:80 - create IPUIPlugin
2024-07-24 08:49:11,883 [INFO] PluginManager:220 - loadIPPluginJar : add gic
2024-07-24 08:49:11,888 [INFO] IPUIPlugin:80 - create IPUIPlugin
2024-07-24 08:49:11,888 [INFO] PluginManager:220 - loadIPPluginJar : add gpio
2024-07-24 08:49:11,890 [INFO] IPUIPlugin:80 - create IPUIPlugin
2024-07-24 08:49:11,890 [INFO] PluginManager:220 - loadIPPluginJar : add gtzc
2024-07-24 08:49:11,893 [INFO] IPUIPlugin:80 - create IPUIPlugin
2024-07-24 08:49:11,893 [INFO] PluginManager:220 - loadIPPluginJar : add hash
2024-07-24 08:49:11,895 [INFO] IPUIPlugin:80 - create IPUIPlugin
2024-07-24 08:49:11,895 [INFO] PluginManager:220 - loadIPPluginJar : add i2c
2024-07-24 08:49:11,898 [INFO] IPUIPlugin:80 - create IPUIPlugin
2024-07-24 08:49:11,898 [INFO] PluginManager:220 - loadIPPluginJar : add i2s
2024-07-24 08:49:11,900 [INFO] IPUIPlugin:80 - create IPUIPlugin
2024-07-24 08:49:11,900 [INFO] PluginManager:220 - loadIPPluginJar : add i3c
2024-07-24 08:49:11,902 [INFO] IPUIPlugin:80 - create IPUIPlugin
2024-07-24 08:49:11,902 [INFO] PluginManager:220 - loadIPPluginJar : add ipddr
2024-07-24 08:49:11,909 [INFO] IPUIPlugin:80 - create IPUIPlugin
2024-07-24 08:49:11,910 [INFO] PluginManager:220 - loadIPPluginJar : add linkedlist
2024-07-24 08:49:11,913 [INFO] IPUIPlugin:80 - create IPUIPlugin
2024-07-24 08:49:11,913 [INFO] PluginManager:220 - loadIPPluginJar : add lorawan
2024-07-24 08:49:11,915 [INFO] IPUIPlugin:80 - create IPUIPlugin
2024-07-24 08:49:11,915 [INFO] PluginManager:220 - loadIPPluginJar : add ltdc
2024-07-24 08:49:11,921 [INFO] IPUIPlugin:80 - create IPUIPlugin
2024-07-24 08:49:11,921 [INFO] PluginManager:220 - loadIPPluginJar : add mdma
2024-07-24 08:49:11,924 [INFO] IPUIPlugin:80 - create IPUIPlugin
2024-07-24 08:49:11,924 [INFO] PluginManager:220 - loadIPPluginJar : add nvic
2024-07-24 08:49:11,926 [INFO] IPUIPlugin:80 - create IPUIPlugin
2024-07-24 08:49:11,926 [INFO] PluginManager:220 - loadIPPluginJar : add opamp
2024-07-24 08:49:11,929 [INFO] IPUIPlugin:80 - create IPUIPlugin
2024-07-24 08:49:11,929 [INFO] PluginManager:220 - loadIPPluginJar : add openamp
2024-07-24 08:49:11,933 [INFO] IPUIPlugin:80 - create IPUIPlugin
2024-07-24 08:49:11,933 [INFO] PluginManager:220 - loadIPPluginJar : add pdm2pcm
2024-07-24 08:49:11,937 [INFO] IPUIPlugin:80 - create IPUIPlugin
2024-07-24 08:49:11,939 [INFO] PluginManager:220 - loadIPPluginJar : add plateformsettings
2024-07-24 08:49:11,940 [INFO] IPUIPlugin:80 - create IPUIPlugin
2024-07-24 08:49:11,942 [INFO] PluginManager:220 - loadIPPluginJar : add quadspi
2024-07-24 08:49:11,943 [INFO] IPUIPlugin:80 - create IPUIPlugin
2024-07-24 08:49:11,944 [INFO] PluginManager:220 - loadIPPluginJar : add radio
2024-07-24 08:49:11,948 [INFO] IPUIPlugin:80 - create IPUIPlugin
2024-07-24 08:49:11,948 [INFO] PluginManager:220 - loadIPPluginJar : add resmgrutility
2024-07-24 08:49:11,950 [INFO] IPUIPlugin:80 - create IPUIPlugin
2024-07-24 08:49:11,950 [INFO] PluginManager:220 - loadIPPluginJar : add sai
2024-07-24 08:49:11,953 [INFO] IPUIPlugin:80 - create IPUIPlugin
2024-07-24 08:49:11,954 [INFO] PluginManager:220 - loadIPPluginJar : add spi
2024-07-24 08:49:11,958 [INFO] IPUIPlugin:80 - create IPUIPlugin
2024-07-24 08:49:11,958 [INFO] PluginManager:220 - loadIPPluginJar : add stm32_wpan
2024-07-24 08:49:11,960 [INFO] IPUIPlugin:80 - create IPUIPlugin
2024-07-24 08:49:11,960 [INFO] PluginManager:220 - loadIPPluginJar : add tim
2024-07-24 08:49:11,964 [INFO] IPUIPlugin:80 - create IPUIPlugin
2024-07-24 08:49:11,964 [INFO] PluginManager:220 - loadIPPluginJar : add touchsensing
2024-07-24 08:49:11,966 [INFO] IPUIPlugin:80 - create IPUIPlugin
2024-07-24 08:49:11,967 [INFO] PluginManager:220 - loadIPPluginJar : add tracer_emb
2024-07-24 08:49:11,970 [INFO] IPUIPlugin:80 - create IPUIPlugin
2024-07-24 08:49:11,970 [INFO] PluginManager:220 - loadIPPluginJar : add ts
2024-07-24 08:49:11,971 [INFO] IPUIPlugin:80 - create IPUIPlugin
2024-07-24 08:49:11,971 [INFO] PluginManager:220 - loadIPPluginJar : add tsc
2024-07-24 08:49:11,973 [INFO] IPUIPlugin:80 - create IPUIPlugin
2024-07-24 08:49:11,973 [INFO] PluginManager:220 - loadIPPluginJar : add ucpd
2024-07-24 08:49:11,977 [INFO] IPUIPlugin:80 - create IPUIPlugin
2024-07-24 08:49:11,977 [INFO] PluginManager:220 - loadIPPluginJar : add usart
2024-07-24 08:49:11,980 [INFO] IPUIPlugin:80 - create IPUIPlugin
2024-07-24 08:49:11,980 [INFO] PluginManager:220 - loadIPPluginJar : add usbx
2024-07-24 08:49:12,099 [INFO] CADModel:165 - CPN selected for project level
2024-07-24 08:49:12,100 [INFO] CADModel:114 - Register for checkConnection events
2024-07-24 08:49:12,100 [FATAL] Updater:334 - Updater called before beeing initialized
2024-07-24 08:49:12,100 [ERROR] CADModel:125 - Updater not yet initialized, retry later 
2024-07-24 08:49:12,235 [INFO] CADModel:165 - CPN selected for project level
2024-07-24 08:49:12,235 [INFO] CADModel:114 - Register for checkConnection events
2024-07-24 08:49:12,235 [FATAL] Updater:334 - Updater called before beeing initialized
2024-07-24 08:49:12,235 [ERROR] CADModel:125 - Updater not yet initialized, retry later 
2024-07-24 08:49:12,238 [FATAL] Updater:334 - Updater called before beeing initialized
2024-07-24 08:49:12,342 [FATAL] Updater:334 - Updater called before beeing initialized
2024-07-24 08:49:12,347 [INFO] DbMcusAds:53 - JSON generation date=Thu May 16 16:22:00 ICT 2024 (1715851320667)
2024-07-24 08:49:12,347 [FATAL] Updater:334 - Updater called before beeing initialized
2024-07-24 08:49:12,381 [WARN] DetailPanel:346 - Failed to get advertising image, set to default
2024-07-24 08:49:12,450 [FATAL] Updater:334 - Updater called before beeing initialized
2024-07-24 08:49:12,452 [FATAL] Updater:334 - Updater called before beeing initialized
2024-07-24 08:49:12,452 [FATAL] Updater:334 - Updater called before beeing initialized
2024-07-24 08:49:12,452 [WARN] DetailPanel:346 - Failed to get advertising image, set to default
2024-07-24 08:49:12,453 [FATAL] Updater:334 - Updater called before beeing initialized
2024-07-24 08:49:12,500 [ERROR] Updater:1164 - MainUpdater not yet initialized. External WinMGr cannot be set.
2024-07-24 08:49:12,502 [INFO] Updater:1100 - Updater Version found : 6.12.0
2024-07-24 08:49:12,522 [INFO] ApplicationProperties:184 - Using Application install path: C:\ST\STM32CubeIDE_1.16.0\STM32CubeIDE\plugins\com.st.stm32cube.common.mx_6.12.0.202406281431
2024-07-24 08:49:13,013 [INFO] MainUpdater:2873 - connection check result : 10
2024-07-24 08:49:13,013 [INFO] MainUpdater:290 - Updater Check For Update Now.
2024-07-24 08:49:13,013 [INFO] MicroXplorer:498 - Change Database Version : DB.6.0.120
2024-07-24 08:49:13,020 [INFO] McuFinderGlobals:63 - Set McuFinder mode to 2 (CubeIDE integrated)
2024-07-24 08:49:13,020 [INFO] UserAuth:417 - Internet connection configuration mode: 1
2024-07-24 08:49:13,039 [INFO] JxBrowserEngine:152 - Initiate JxBrowser Engine with user profile folder
2024-07-24 08:49:13,216 [INFO] CheckServerUpdateThread:120 - End of CheckServer Thread
2024-07-24 08:49:13,875 [INFO] WebApp:167 - Instantiating new browser for Auth
2024-07-24 08:49:14,454 [WARN] PackLoader:240 - Cannot read IP mode file for STMicroelectronics.FP-SNS-MOTENVWB1.1.4.0
2024-07-24 08:49:14,473 [WARN] PackLoader:240 - Cannot read IP mode file for STMicroelectronics.X-CUBE-SMBUS.2.1.0
2024-07-24 08:49:14,509 [WARN] PackLoader:240 - Cannot read IP mode file for STMicroelectronics.X-CUBE-AZRTOS-F7.1.1.0
2024-07-24 08:49:14,521 [WARN] PackLoader:240 - Cannot read IP mode file for STMicroelectronics.FP-SNS-FLIGHT1.5.0.2
2024-07-24 08:49:14,533 [WARN] PackLoader:240 - Cannot read IP mode file for STMicroelectronics.X-CUBE-DISPLAY.3.0.0
2024-07-24 08:49:14,547 [WARN] PackLoader:240 - Cannot read IP mode file for STMicroelectronics.X-CUBE-BLE1.7.0.0
2024-07-24 08:49:14,557 [WARN] PackLoader:240 - Cannot read IP mode file for emotas.I-CUBE-CANOPEN.1.3.0
2024-07-24 08:49:14,570 [WARN] PackLoader:240 - Cannot read IP mode file for STMicroelectronics.X-CUBE-BLEMGR.3.1.0
2024-07-24 08:49:14,582 [WARN] PackLoader:240 - Cannot read IP mode file for STMicroelectronics.FP-SNS-SMARTAG2.1.2.0
2024-07-24 08:49:14,601 [INFO] LogOutputStream:77 - [STDOUT_REDIRECT] 1 : Invalid condition id : UX_CORESTACK_Condition cause : null
2024-07-24 08:49:14,604 [INFO] LogOutputStream:77 - [STDOUT_REDIRECT] 1 : Invalid condition id : UX_CORESTACK_Condition cause : null
2024-07-24 08:49:14,605 [INFO] LogOutputStream:77 - [STDOUT_REDIRECT] 1 : Invalid condition id : UX_CORESTACK_Condition cause : null
2024-07-24 08:49:14,607 [INFO] LogOutputStream:77 - [STDOUT_REDIRECT] 1 : Invalid condition id : UX_CORESTACK_Condition cause : null
2024-07-24 08:49:14,609 [INFO] LogOutputStream:77 - [STDOUT_REDIRECT] 1 : Invalid condition id : UX_CORESTACK_Condition cause : null
2024-07-24 08:49:14,613 [WARN] PackLoader:240 - Cannot read IP mode file for STMicroelectronics.X-CUBE-AZRTOS-WL.2.0.0
2024-07-24 08:49:14,620 [WARN] PackLoader:240 - Cannot read IP mode file for STMicroelectronics.FP-SNS-MOTENV1.5.0.0
2024-07-24 08:49:14,626 [WARN] PackLoader:240 - Cannot read IP mode file for wolfSSL.I-CUBE-wolfMQTT.1.19.0
2024-07-24 08:49:14,636 [WARN] PackLoader:240 - Cannot read IP mode file for WES.I-CUBE-Cesium.1.3.0
2024-07-24 08:49:14,645 [WARN] PackLoader:240 - Cannot read IP mode file for STMicroelectronics.X-CUBE-BLE2.3.3.0
2024-07-24 08:49:14,651 [WARN] PackLoader:240 - Cannot read IP mode file for STMicroelectronics.X-CUBE-TCPP.4.1.0
2024-07-24 08:49:14,705 [WARN] PackLoader:240 - Cannot read IP mode file for STMicroelectronics.X-CUBE-AZRTOS-G0.1.1.0
2024-07-24 08:49:14,717 [WARN] PackLoader:240 - Cannot read IP mode file for STMicroelectronics.X-CUBE-SAFEA1.1.2.2
2024-07-24 08:49:14,725 [WARN] PackLoader:240 - Cannot read IP mode file for STMicroelectronics.X-CUBE-NFC4.3.0.0
2024-07-24 08:49:14,737 [WARN] PackLoader:240 - Cannot read IP mode file for EmbeddedOffice.I-CUBE-FS-RTOS.1.0.1
2024-07-24 08:49:14,737 [ERROR] ConditionMgr:805 - Attr not supported : Dmpu
2024-07-24 08:49:14,737 [ERROR] ConditionMgr:805 - Attr not supported : Dmpu
2024-07-24 08:49:14,737 [ERROR] ConditionMgr:805 - Attr not supported : Dmpu
2024-07-24 08:49:14,737 [ERROR] ConditionMgr:805 - Attr not supported : Dmpu
2024-07-24 08:49:14,738 [ERROR] ConditionMgr:805 - Attr not supported : Dmpu
2024-07-24 08:49:14,738 [ERROR] ConditionMgr:805 - Attr not supported : Dmpu
2024-07-24 08:49:14,738 [ERROR] ConditionMgr:805 - Attr not supported : Dmpu
2024-07-24 08:49:14,738 [ERROR] ConditionMgr:805 - Attr not supported : Dmpu
2024-07-24 08:49:14,738 [ERROR] ConditionMgr:805 - Attr not supported : Dmpu
2024-07-24 08:49:14,738 [ERROR] ConditionMgr:805 - Attr not supported : Dmpu
2024-07-24 08:49:14,738 [ERROR] ConditionMgr:805 - Attr not supported : Dmpu
2024-07-24 08:49:14,738 [ERROR] ConditionMgr:805 - Attr not supported : Dmpu
2024-07-24 08:49:14,738 [ERROR] ConditionMgr:805 - Attr not supported : Dmpu
2024-07-24 08:49:14,738 [ERROR] ConditionMgr:805 - Attr not supported : Dmpu
2024-07-24 08:49:14,738 [ERROR] ConditionMgr:805 - Attr not supported : Dmpu
2024-07-24 08:49:14,738 [ERROR] ConditionMgr:805 - Attr not supported : Dmpu
2024-07-24 08:49:14,738 [ERROR] ConditionMgr:805 - Attr not supported : Dmpu
2024-07-24 08:49:14,739 [ERROR] ConditionMgr:805 - Attr not supported : Dmpu
2024-07-24 08:49:14,739 [ERROR] ConditionMgr:805 - Attr not supported : Dmpu
2024-07-24 08:49:14,739 [ERROR] ConditionMgr:805 - Attr not supported : Dmpu
2024-07-24 08:49:14,739 [ERROR] ConditionMgr:805 - Attr not supported : Dmpu
2024-07-24 08:49:14,739 [ERROR] ConditionMgr:805 - Attr not supported : Dmpu
2024-07-24 08:49:14,739 [ERROR] ConditionMgr:805 - Attr not supported : Dmpu
2024-07-24 08:49:14,739 [ERROR] ConditionMgr:805 - Attr not supported : Dmpu
2024-07-24 08:49:14,739 [ERROR] ConditionMgr:805 - Attr not supported : Dmpu
2024-07-24 08:49:14,740 [ERROR] ConditionMgr:805 - Attr not supported : Dmpu
2024-07-24 08:49:14,740 [ERROR] ConditionMgr:805 - Attr not supported : Dmpu
2024-07-24 08:49:14,740 [ERROR] ConditionMgr:805 - Attr not supported : Dmpu
2024-07-24 08:49:14,740 [ERROR] ConditionMgr:805 - Attr not supported : Dmpu
2024-07-24 08:49:14,740 [ERROR] ConditionMgr:805 - Attr not supported : Dmpu
2024-07-24 08:49:14,740 [ERROR] ConditionMgr:805 - Attr not supported : Dmpu
2024-07-24 08:49:14,740 [ERROR] ConditionMgr:805 - Attr not supported : Dmpu
2024-07-24 08:49:14,740 [ERROR] ConditionMgr:805 - Attr not supported : Dmpu
2024-07-24 08:49:14,741 [ERROR] ConditionMgr:805 - Attr not supported : Dmpu
2024-07-24 08:49:14,741 [ERROR] ConditionMgr:805 - Attr not supported : Dmpu
2024-07-24 08:49:14,741 [ERROR] ConditionMgr:805 - Attr not supported : Dmpu
2024-07-24 08:49:14,741 [ERROR] ConditionMgr:805 - Attr not supported : Dmpu
2024-07-24 08:49:14,741 [ERROR] ConditionMgr:805 - Attr not supported : Dmpu
2024-07-24 08:49:14,741 [ERROR] ConditionMgr:805 - Attr not supported : Dmpu
2024-07-24 08:49:14,741 [ERROR] ConditionMgr:805 - Attr not supported : Dmpu
2024-07-24 08:49:14,741 [ERROR] ConditionMgr:805 - Attr not supported : Dmpu
2024-07-24 08:49:14,741 [ERROR] ConditionMgr:805 - Attr not supported : Dmpu
2024-07-24 08:49:14,741 [ERROR] ConditionMgr:805 - Attr not supported : Dmpu
2024-07-24 08:49:14,741 [ERROR] ConditionMgr:805 - Attr not supported : Dmpu
2024-07-24 08:49:14,741 [ERROR] ConditionMgr:805 - Attr not supported : Dmpu
2024-07-24 08:49:14,741 [ERROR] ConditionMgr:805 - Attr not supported : Dmpu
2024-07-24 08:49:14,741 [ERROR] ConditionMgr:805 - Attr not supported : Dmpu
2024-07-24 08:49:14,742 [ERROR] ConditionMgr:805 - Attr not supported : Dmpu
2024-07-24 08:49:14,742 [ERROR] ConditionMgr:805 - Attr not supported : Dmpu
2024-07-24 08:49:14,742 [ERROR] ConditionMgr:805 - Attr not supported : Dmpu
2024-07-24 08:49:14,742 [ERROR] ConditionMgr:805 - Attr not supported : Dmpu
2024-07-24 08:49:14,742 [ERROR] ConditionMgr:805 - Attr not supported : Dmpu
2024-07-24 08:49:14,742 [ERROR] ConditionMgr:805 - Attr not supported : Dmpu
2024-07-24 08:49:14,742 [ERROR] ConditionMgr:805 - Attr not supported : Dmpu
2024-07-24 08:49:14,742 [ERROR] ConditionMgr:805 - Attr not supported : Dmpu
2024-07-24 08:49:14,742 [ERROR] ConditionMgr:805 - Attr not supported : Dmpu
2024-07-24 08:49:14,742 [ERROR] ConditionMgr:805 - Attr not supported : Dmpu
2024-07-24 08:49:14,742 [ERROR] ConditionMgr:805 - Attr not supported : Dmpu
2024-07-24 08:49:14,742 [ERROR] ConditionMgr:805 - Attr not supported : Dmpu
2024-07-24 08:49:14,742 [ERROR] ConditionMgr:805 - Attr not supported : Dmpu
2024-07-24 08:49:14,742 [ERROR] ConditionMgr:805 - Attr not supported : Dmpu
2024-07-24 08:49:14,743 [ERROR] ConditionMgr:805 - Attr not supported : Dmpu
2024-07-24 08:49:14,743 [ERROR] ConditionMgr:805 - Attr not supported : Dmpu
2024-07-24 08:49:14,743 [ERROR] ConditionMgr:805 - Attr not supported : Dmpu
2024-07-24 08:49:14,748 [WARN] PackLoader:240 - Cannot read IP mode file for RealThread.X-CUBE-RT-Thread_Nano.4.1.1
2024-07-24 08:49:14,752 [WARN] PackLoader:240 - Cannot read IP mode file for wolfSSL.I-CUBE-wolfSSL.5.7.0
2024-07-24 08:49:14,762 [WARN] PackLoader:240 - Cannot read IP mode file for STMicroelectronics.FP-ATR-SIGFOX1.3.2.0
2024-07-24 08:49:14,774 [WARN] PackLoader:240 - Cannot read IP mode file for STMicroelectronics.X-CUBE-EEPRMA1.5.1.0
2024-07-24 08:49:14,781 [WARN] PackLoader:240 - Cannot read IP mode file for ITTIA_DB.I-CUBE-ITTIADB.8.9.0
2024-07-24 08:49:14,813 [WARN] PackLoader:240 - Cannot read IP mode file for SEGGER.I-CUBE-embOS.1.3.1
2024-07-24 08:49:14,867 [WARN] PackLoader:240 - Cannot read IP mode file for STMicroelectronics.X-CUBE-ALGOBUILD.1.4.0
2024-07-24 08:49:14,874 [WARN] PackLoader:240 - Cannot read IP mode file for STMicroelectronics.X-CUBE-GNSS1.6.0.0
2024-07-24 08:49:14,913 [WARN] PackLoader:240 - Cannot read IP mode file for STMicroelectronics.X-CUBE-AZRTOS-F4.1.1.0
2024-07-24 08:49:14,920 [WARN] PackLoader:240 - Cannot read IP mode file for STMicroelectronics.X-CUBE-FREERTOS.1.2.0
2024-07-24 08:49:14,938 [WARN] PackLoader:240 - Cannot read IP mode file for STMicroelectronics.X-CUBE-AZRTOS-L5.2.0.0
2024-07-24 08:49:14,952 [WARN] PackLoader:240 - Cannot read IP mode file for STMicroelectronics.X-CUBE-NFC6.3.1.0
2024-07-24 08:49:14,962 [WARN] PackLoader:240 - Cannot read IP mode file for STMicroelectronics.X-CUBE-DPower.1.2.0
2024-07-24 08:49:14,968 [WARN] PackLoader:240 - Cannot read IP mode file for STMicroelectronics.X-CUBE-AI.9.0.0
2024-07-24 08:49:14,974 [WARN] PackLoader:240 - Cannot read IP mode file for STMicroelectronics.X-CUBE-NFC7.1.0.1
2024-07-24 08:49:14,979 [WARN] PackLoader:240 - Cannot read IP mode file for wolfSSL.I-CUBE-wolfTPM.3.2.0
2024-07-24 08:49:14,997 [WARN] ConditionMgr:438 - getConditionDescription Invalid condition id : LAN8742 Phy interface Condition cause : null
2024-07-24 08:49:14,997 [WARN] PackLoader:240 - Cannot read IP mode file for STMicroelectronics.X-CUBE-AZRTOS-L4.2.0.0
2024-07-24 08:49:14,999 [WARN] ConditionMgr:1039 - genDependencies : Invalid condition id : LAN8742 Phy interface Condition cause : null
2024-07-24 08:49:14,999 [WARN] ConditionMgr:1039 - genDependencies : Invalid condition id : LAN8742 Phy interface Condition cause : null
2024-07-24 08:49:15,000 [WARN] ConditionMgr:1039 - genDependencies : Invalid condition id : LAN8742 Phy interface Condition cause : null
2024-07-24 08:49:15,009 [WARN] PackLoader:240 - Cannot read IP mode file for STMicroelectronics.X-CUBE-SFXS2LP1.4.0.0
2024-07-24 08:49:15,027 [WARN] ConditionMgr:438 - getConditionDescription Invalid condition id : UX DEVICE CLASS RTOS Condition cause : null
2024-07-24 08:49:15,027 [WARN] ConditionMgr:438 - getConditionDescription Invalid condition id : UX DEVICE CLASS RTOS Condition cause : null
2024-07-24 08:49:15,029 [WARN] PackLoader:240 - Cannot read IP mode file for STMicroelectronics.X-CUBE-AZRTOS-WB.2.0.0
2024-07-24 08:49:15,029 [WARN] ConditionMgr:1039 - genDependencies : Invalid condition id : UX DEVICE CLASS RTOS Condition cause : null
2024-07-24 08:49:15,029 [WARN] ConditionMgr:1039 - genDependencies : Invalid condition id : UX DEVICE CLASS RTOS Condition cause : null
2024-07-24 08:49:15,030 [WARN] ConditionMgr:1039 - genDependencies : Invalid condition id : UX DEVICE CLASS RTOS Condition cause : null
2024-07-24 08:49:15,030 [WARN] ConditionMgr:1039 - genDependencies : Invalid condition id : UX DEVICE CLASS RTOS Condition cause : null
2024-07-24 08:49:15,030 [WARN] ConditionMgr:1039 - genDependencies : Invalid condition id : UX DEVICE CLASS RTOS Condition cause : null
2024-07-24 08:49:15,040 [WARN] PackLoader:240 - Cannot read IP mode file for STMicroelectronics.FP-SNS-STBOX1.2.0.0
2024-07-24 08:49:15,054 [WARN] PackLoader:240 - Cannot read IP mode file for STMicroelectronics.X-CUBE-SUBG2.5.0.0
2024-07-24 08:49:15,065 [WARN] PackLoader:240 - Cannot read IP mode file for Cesanta.I-CUBE-Mongoose.7.13.0
2024-07-24 08:49:15,077 [WARN] PackLoader:240 - Cannot read IP mode file for STMicroelectronics.X-CUBE-AZRTOS-G4.2.0.0
2024-07-24 08:49:15,083 [WARN] PackLoader:240 - Cannot read IP mode file for STMicroelectronics.X-CUBE-ISPU.2.0.0
2024-07-24 08:49:15,088 [WARN] PackLoader:240 - Cannot read IP mode file for STMicroelectronics.X-CUBE-ALS.1.0.2
2024-07-24 08:49:15,154 [WARN] PackLoader:240 - Cannot read IP mode file for STMicroelectronics.X-CUBE-MEMS1.10.0.0
2024-07-24 08:49:15,327 [WARN] PackLoader:240 - Cannot read IP mode file for STMicroelectronics.X-CUBE-TOUCHGFX.4.24.0
2024-07-24 08:49:15,548 [WARN] PackLoader:240 - Cannot read IP mode file for portGmbH.I-Cube-SoM-uGOAL.1.1.0
2024-07-24 08:49:15,574 [WARN] PackLoader:240 - Cannot read IP mode file for STMicroelectronics.X-CUBE-AZRTOS-H7RS.1.0.0
2024-07-24 08:49:15,582 [WARN] PackLoader:240 - Cannot read IP mode file for STMicroelectronics.FP-ATR-ASTRA1.2.0.0
2024-07-24 08:49:15,597 [WARN] PackLoader:240 - Cannot read IP mode file for STMicroelectronics.X-CUBE-TOF1.3.4.1
2024-07-24 08:49:15,620 [WARN] PackLoader:240 - Cannot read IP mode file for STMicroelectronics.X-CUBE-AZRTOS-H7.3.2.0
2024-07-24 08:49:15,634 [WARN] PackLoader:240 - Cannot read IP mode file for Infineon.AIROC-Wi-Fi-Bluetooth-STM32.1.6.0
2024-07-24 08:49:15,641 [WARN] PackLoader:240 - Cannot read IP mode file for wolfSSL.I-CUBE-wolfSSH.1.4.17
2024-07-24 08:49:15,642 [INFO] ThirdParty:978 - Integrity check success = true
2024-07-24 08:49:15,642 [INFO] IntegrityCheckThread:100 - exiting critical section [integrity check]
2024-07-24 08:49:15,643 [INFO] IntegrityCheckThread:103 - End integrity checks thread
2024-07-24 08:49:15,995 [INFO] WebApp:448 - Apply proxy settings
2024-07-24 08:49:15,996 [INFO] WebApp:533 - Chromium requires no authentication
2024-07-24 08:49:16,009 [INFO] WebApp:476 - Direct internet connection detected
2024-07-24 08:49:16,050 [INFO] WebApp:869 - Register for checkConnection events
2024-07-24 08:49:16,050 [INFO] WebApp:448 - Apply proxy settings
2024-07-24 08:49:16,050 [INFO] WebApp:533 - Chromium requires no authentication
2024-07-24 08:49:16,053 [INFO] WebApp:476 - Direct internet connection detected
2024-07-24 08:49:16,322 [INFO] WebApp:220 - Starting web application
2024-07-24 08:49:16,322 [INFO] WebApp:578 - Web application path used C:\ST\STM32CubeIDE_1.16.0\STM32CubeIDE\plugins\com.st.stm32cube.common.mx_6.12.0.202406281431\db\plugins\mcufinder\reactClient1\index.html
2024-07-24 08:49:16,442 [INFO] UserAuth:417 - Internet connection configuration mode: 1
2024-07-24 08:49:16,516 [INFO] WebApp:186 - Connection restablished
2024-07-24 08:49:16,869 [ERROR] LogOutputStream:75 - [STDERR_REDIRECT] Jul 24, 2024 8:49:16 AM org.glassfish.grizzly.http.server.NetworkListener start
2024-07-24 08:49:16,870 [ERROR] LogOutputStream:75 - [STDERR_REDIRECT] INFO: Started listener bound to [localhost:1594]
2024-07-24 08:49:16,870 [ERROR] LogOutputStream:75 - [STDERR_REDIRECT] 
2024-07-24 08:49:16,871 [ERROR] LogOutputStream:75 - [STDERR_REDIRECT] Jul 24, 2024 8:49:16 AM org.glassfish.grizzly.http.server.HttpServer start
2024-07-24 08:49:16,872 [ERROR] LogOutputStream:75 - [STDERR_REDIRECT] INFO: [HttpServer] Started.
2024-07-24 08:49:16,872 [ERROR] LogOutputStream:75 - [STDERR_REDIRECT] 
2024-07-24 14:26:53,947 [INFO] Activator:176 - 


2024-07-24 14:26:53,950 [INFO] Activator:177 - !SESSION log4j initialized
2024-07-24 14:27:00,998 [INFO] LogOutputStream:77 - [STDOUT_REDIRECT] 
2024-07-24 14:27:01,972 [INFO] ApplicationProperties:184 - Using Application install path: C:\ST\STM32CubeIDE_1.16.0\STM32CubeIDE\plugins\com.st.stm32cube.common.mx_6.12.0.202406281431
2024-07-24 14:27:01,989 [INFO] DbMcusXml:78 - Set database path to: C:\ST\STM32CubeIDE_1.16.0\STM32CubeIDE\plugins\com.st.stm32cube.common.mx_6.12.0.202406281431\\db\/mcu/
2024-07-24 14:27:01,989 [INFO] ApiDb:274 - Set plugin database path to: C:\ST\STM32CubeIDE_1.16.0\STM32CubeIDE\plugins\com.st.stm32cube.common.mx_6.12.0.202406281431\\db\/plugins/boardmanager/
2024-07-24 14:27:01,990 [WARN] ApiDb:259 - Overriding images path with different value:  => C:\ST\STM32CubeIDE_1.16.0\STM32CubeIDE\plugins\com.st.stm32cube.common.mx_6.12.0.202406281431\\db\/plugins/mcufinder/images/
2024-07-24 14:27:01,997 [INFO] ApiDb:250 - Set database path to: C:\Users\user\.stmcufinder\plugins\mcufinder//mcu/
2024-07-24 14:27:01,998 [INFO] DbMcusAds:125 - Set database path to: C:\Users\user\.stmcufinder\plugins\mcufinder//mcu/
2024-07-24 14:27:01,999 [INFO] CrossReferenceDbSqlite:203 - Set database path to: C:\Users\user\.stmcufinder\plugins\mcufinder//mcu/cs/
2024-07-24 14:27:02,119 [INFO] RulesReader:64 - Compatibility file has been processed (297 Rules)
2024-07-24 14:27:02,190 [INFO] DbMcusXml:78 - Set database path to: C:\ST\STM32CubeIDE_1.16.0\STM32CubeIDE\plugins\com.st.stm32cube.common.mx_6.12.0.202406281431\\db\/mcu/
2024-07-24 14:27:02,190 [INFO] ApiDb:274 - Set plugin database path to: C:\ST\STM32CubeIDE_1.16.0\STM32CubeIDE\plugins\com.st.stm32cube.common.mx_6.12.0.202406281431\\db\/plugins/boardmanager/
2024-07-24 14:27:02,190 [INFO] ApiDb:261 - Set plugin images path to: C:\ST\STM32CubeIDE_1.16.0\STM32CubeIDE\plugins\com.st.stm32cube.common.mx_6.12.0.202406281431\\db\/plugins/mcufinder/images/
2024-07-24 14:27:02,190 [WARN] DbFile:41 - Overriding database path with different value: C:\Users\user\.stmcufinder\plugins\mcufinder/ => C:\Users\user\.stmcufinder\plugins\mcufinder
2024-07-24 14:27:02,193 [INFO] ApiDb:250 - Set database path to: C:\Users\user\.stmcufinder\plugins\mcufinder//mcu/
2024-07-24 14:27:02,193 [WARN] DbFile:41 - Overriding database path with different value: C:\Users\user\.stmcufinder\plugins\mcufinder/ => C:\Users\user\.stmcufinder\plugins\mcufinder
2024-07-24 14:27:02,194 [INFO] DbMcusAds:125 - Set database path to: C:\Users\user\.stmcufinder\plugins\mcufinder//mcu/
2024-07-24 14:27:02,194 [WARN] DbFile:41 - Overriding database path with different value: C:\Users\user\.stmcufinder\plugins\mcufinder/ => C:\Users\user\.stmcufinder\plugins\mcufinder
2024-07-24 14:27:02,194 [WARN] DbFile:41 - Overriding database path with different value: C:\Users\user\.stmcufinder\plugins\mcufinder/ => C:\Users\user\.stmcufinder\plugins\mcufinder
2024-07-24 14:27:02,194 [INFO] CrossReferenceDbSqlite:203 - Set database path to: C:\Users\user\.stmcufinder\plugins\mcufinder//mcu/cs/
2024-07-24 14:27:02,296 [INFO] MainPanel:268 - HeapMemory: 268435456
2024-07-24 14:27:02,398 [INFO] DbMcusXml:78 - Set database path to: C:\ST\STM32CubeIDE_1.16.0\STM32CubeIDE\plugins\com.st.stm32cube.common.mx_6.12.0.202406281431\\db\/mcu/
2024-07-24 14:27:02,398 [INFO] ApiDb:274 - Set plugin database path to: C:\ST\STM32CubeIDE_1.16.0\STM32CubeIDE\plugins\com.st.stm32cube.common.mx_6.12.0.202406281431\\db\/plugins/boardmanager/
2024-07-24 14:27:02,398 [INFO] ApiDb:261 - Set plugin images path to: C:\ST\STM32CubeIDE_1.16.0\STM32CubeIDE\plugins\com.st.stm32cube.common.mx_6.12.0.202406281431\\db\/plugins/mcufinder/images/
2024-07-24 14:27:02,399 [WARN] DbFile:41 - Overriding database path with different value: C:\Users\user\.stmcufinder\plugins\mcufinder/ => C:\Users\user\.stmcufinder\plugins\mcufinder
2024-07-24 14:27:02,399 [INFO] ApiDb:250 - Set database path to: C:\Users\user\.stmcufinder\plugins\mcufinder//mcu/
2024-07-24 14:27:02,399 [WARN] DbFile:41 - Overriding database path with different value: C:\Users\user\.stmcufinder\plugins\mcufinder/ => C:\Users\user\.stmcufinder\plugins\mcufinder
2024-07-24 14:27:02,399 [INFO] DbMcusAds:125 - Set database path to: C:\Users\user\.stmcufinder\plugins\mcufinder//mcu/
2024-07-24 14:27:02,399 [WARN] DbFile:41 - Overriding database path with different value: C:\Users\user\.stmcufinder\plugins\mcufinder/ => C:\Users\user\.stmcufinder\plugins\mcufinder
2024-07-24 14:27:02,399 [WARN] DbFile:41 - Overriding database path with different value: C:\Users\user\.stmcufinder\plugins\mcufinder/ => C:\Users\user\.stmcufinder\plugins\mcufinder
2024-07-24 14:27:02,399 [INFO] CrossReferenceDbSqlite:203 - Set database path to: C:\Users\user\.stmcufinder\plugins\mcufinder//mcu/cs/
2024-07-24 14:27:02,415 [INFO] ApplicationProperties:184 - Using Application install path: C:\ST\STM32CubeIDE_1.16.0\STM32CubeIDE\plugins\com.st.stm32cube.common.mx_6.12.0.202406281431
2024-07-24 14:27:02,416 [INFO] PluginManage:196 - Search for loadable plugins [exclusion list=, ]
2024-07-24 14:27:02,417 [INFO] PluginManage:310 - Check plugin analytics
2024-07-24 14:27:02,640 [INFO] AnalyticsPlugin:253 - Accepted Software Licenses: STM32CubeMX.6.10.0,STM32CubeMX.6.11.0,STM32CubeMX.6.11.1,STM32CubeMX.6.12.0
2024-07-24 14:27:02,643 [INFO] AnalyticsPlugin:255 - Accepted CMSIS Pack Licenses: STMicroelectronics.X-CUBE-TOUCHGFX.4.23.2,STMicroelectronics.X-CUBE-TOF1.3.4.1,STMicroelectronics.X-CUBE-TOUCHGFX.4.24.0
2024-07-24 14:27:02,643 [INFO] AnalyticsPlugin:257 - Accepted Firmware Licenses: FW.G0.1.6.0,FW.H7.1.11.0,FW.C0.1.1.0
2024-07-24 14:27:02,653 [INFO] PluginManage:359 - Loaded plugin analytics (category:tool,tabindex:-1)
2024-07-24 14:27:02,654 [INFO] PluginManage:310 - Check plugin cadmodel
2024-07-24 14:27:02,661 [INFO] CADModel:105 - Init CAD model plugin
2024-07-24 14:27:02,662 [INFO] PluginManage:359 - Loaded plugin cadmodel (category:power,tabindex:5)
2024-07-24 14:27:02,662 [INFO] PluginManage:310 - Check plugin clock
2024-07-24 14:27:02,670 [INFO] PluginManage:359 - Loaded plugin clock (category:base,tabindex:2)
2024-07-24 14:27:02,670 [INFO] PluginManage:310 - Check plugin ddr
2024-07-24 14:27:02,672 [INFO] PluginManage:359 - Loaded plugin ddr (category:tool,tabindex:6)
2024-07-24 14:27:02,673 [INFO] PluginManage:310 - Check plugin filemanager
2024-07-24 14:27:02,914 [INFO] PluginManage:359 - Loaded plugin filemanager (category:base,tabindex:10)
2024-07-24 14:27:02,915 [INFO] PluginManage:310 - Check plugin ipmanager
2024-07-24 14:27:02,921 [INFO] PluginManage:359 - Loaded plugin ipmanager (category:base,tabindex:5)
2024-07-24 14:27:02,921 [INFO] PluginManage:310 - Check plugin lpbam
2024-07-24 14:27:02,954 [INFO] PluginManage:359 - Loaded plugin lpbam (category:base,tabindex:0)
2024-07-24 14:27:02,954 [INFO] PluginManage:310 - Check plugin memorymap
2024-07-24 14:27:02,969 [INFO] PluginManage:359 - Loaded plugin memorymap (category:base,tabindex:4)
2024-07-24 14:27:02,970 [INFO] PluginManage:310 - Check plugin pinoutandconfiguration
2024-07-24 14:27:02,980 [INFO] PluginManage:359 - Loaded plugin pinoutandconfiguration (category:base,tabindex:1)
2024-07-24 14:27:02,981 [INFO] PluginManage:310 - Check plugin pinoutconfig
2024-07-24 14:27:03,078 [WARN] SupportedApi:132 - Cannot load RTOS API schema: s4s-elt-must-match.1: The content of 'definitions' must match (annotation?, (simpleType | complexType)?, (unique | key | keyref)*)). A problem was found starting at: attribute.
2024-07-24 14:27:03,204 [INFO] PluginManage:359 - Loaded plugin pinoutconfig (category:base,tabindex:0)
2024-07-24 14:27:03,204 [INFO] PluginManage:310 - Check plugin power
2024-07-24 14:27:03,215 [INFO] PluginManage:359 - Loaded plugin power (category:power,tabindex:4)
2024-07-24 14:27:03,215 [INFO] PluginManage:310 - Check plugin projectmanager
2024-07-24 14:27:03,236 [INFO] PluginManage:359 - Loaded plugin projectmanager (category:projectmanager,tabindex:4)
2024-07-24 14:27:03,237 [INFO] PluginManage:310 - Check plugin rif
2024-07-24 14:27:03,243 [INFO] PluginManage:359 - Loaded plugin rif (category:base,tabindex:3)
2024-07-24 14:27:03,243 [INFO] PluginManage:310 - Check plugin thirdparty
2024-07-24 14:27:03,397 [INFO] PluginManage:359 - Loaded plugin thirdparty (category:base,tabindex:-1)
2024-07-24 14:27:03,398 [INFO] PluginManage:310 - Check plugin tools
2024-07-24 14:27:03,397 [WARN] IntegrityCheckThread:84 - waiting for thirdparty lock release [integrity check]
2024-07-24 14:27:03,399 [INFO] IntegrityCheckThread:86 - entering critical section [integrity check]
2024-07-24 14:27:03,399 [INFO] ThirdPartyUpdaterWithRetryManager:70 - Updater plugin not ready yet. [1/15]
2024-07-24 14:27:03,400 [INFO] PluginManage:359 - Loaded plugin tools (category:base,tabindex:7)
2024-07-24 14:27:03,400 [INFO] PluginManage:310 - Check plugin tutovideos
2024-07-24 14:27:03,732 [INFO] PluginManage:359 - Loaded plugin tutovideos (category:base,tabindex:-1)
2024-07-24 14:27:03,732 [INFO] PluginManage:310 - Check plugin updater
2024-07-24 14:27:03,749 [INFO] PluginManage:359 - Loaded plugin updater (category:base,tabindex:12)
2024-07-24 14:27:03,749 [INFO] PluginManage:310 - Check plugin userauth
2024-07-24 14:27:03,756 [INFO] UserAuth:113 - Init User Auth plugin
2024-07-24 14:27:03,756 [INFO] PluginManage:359 - Loaded plugin userauth (category:base,tabindex:14)
2024-07-24 14:27:03,756 [INFO] PluginManage:283 - PluginManage : Loaded plugins [18]
2024-07-24 14:27:03,977 [INFO] PinOutPanel:1561 - setPackage(No Configuration,No Configuration)
2024-07-24 14:27:04,121 [INFO] CADModel:165 - CPN selected for project level
2024-07-24 14:27:04,123 [INFO] CADModel:114 - Register for checkConnection events
2024-07-24 14:27:04,144 [INFO] IPUIPlugin:80 - create IPUIPlugin
2024-07-24 14:27:04,144 [INFO] PluginManager:220 - loadIPPluginJar : add adc
2024-07-24 14:27:04,149 [INFO] IPUIPlugin:80 - create IPUIPlugin
2024-07-24 14:27:04,149 [INFO] PluginManager:220 - loadIPPluginJar : add aes
2024-07-24 14:27:04,154 [INFO] IPUIPlugin:80 - create IPUIPlugin
2024-07-24 14:27:04,154 [INFO] PluginManager:220 - loadIPPluginJar : add can
2024-07-24 14:27:04,156 [INFO] IPUIPlugin:80 - create IPUIPlugin
2024-07-24 14:27:04,157 [INFO] PluginManager:220 - loadIPPluginJar : add comp
2024-07-24 14:27:04,162 [INFO] IPUIPlugin:80 - create IPUIPlugin
2024-07-24 14:27:04,162 [INFO] PluginManager:220 - loadIPPluginJar : add cryp
2024-07-24 14:27:04,165 [INFO] IPUIPlugin:80 - create IPUIPlugin
2024-07-24 14:27:04,166 [INFO] PluginManager:220 - loadIPPluginJar : add ddr_ctrl_phy
2024-07-24 14:27:04,168 [INFO] IPUIPlugin:80 - create IPUIPlugin
2024-07-24 14:27:04,169 [INFO] PluginManager:220 - loadIPPluginJar : add dfsdm
2024-07-24 14:27:04,176 [INFO] IPUIPlugin:80 - create IPUIPlugin
2024-07-24 14:27:04,177 [INFO] PluginManager:220 - loadIPPluginJar : add dma
2024-07-24 14:27:04,191 [INFO] IPUIPlugin:80 - create IPUIPlugin
2024-07-24 14:27:04,191 [INFO] PluginManager:220 - loadIPPluginJar : add dma3
2024-07-24 14:27:04,196 [INFO] IPUIPlugin:80 - create IPUIPlugin
2024-07-24 14:27:04,196 [INFO] PluginManager:220 - loadIPPluginJar : add extmemmanager
2024-07-24 14:27:04,197 [INFO] IPUIPlugin:80 - create IPUIPlugin
2024-07-24 14:27:04,198 [INFO] PluginManager:220 - loadIPPluginJar : add fatfs
2024-07-24 14:27:04,203 [INFO] IPUIPlugin:80 - create IPUIPlugin
2024-07-24 14:27:04,204 [INFO] PluginManager:220 - loadIPPluginJar : add fmc
2024-07-24 14:27:04,214 [INFO] IPUIPlugin:80 - create IPUIPlugin
2024-07-24 14:27:04,216 [INFO] PluginManager:220 - loadIPPluginJar : add freertos
2024-07-24 14:27:04,228 [INFO] IPUIPlugin:80 - create IPUIPlugin
2024-07-24 14:27:04,228 [INFO] PluginManager:220 - loadIPPluginJar : add genericplugin
2024-07-24 14:27:04,231 [INFO] IPUIPlugin:80 - create IPUIPlugin
2024-07-24 14:27:04,231 [INFO] PluginManager:220 - loadIPPluginJar : add gfxmmu
2024-07-24 14:27:04,237 [INFO] IPUIPlugin:80 - create IPUIPlugin
2024-07-24 14:27:04,238 [INFO] PluginManager:220 - loadIPPluginJar : add gic
2024-07-24 14:27:04,242 [INFO] IPUIPlugin:80 - create IPUIPlugin
2024-07-24 14:27:04,243 [INFO] PluginManager:220 - loadIPPluginJar : add gpio
2024-07-24 14:27:04,247 [INFO] IPUIPlugin:80 - create IPUIPlugin
2024-07-24 14:27:04,247 [INFO] PluginManager:220 - loadIPPluginJar : add gtzc
2024-07-24 14:27:04,251 [INFO] IPUIPlugin:80 - create IPUIPlugin
2024-07-24 14:27:04,251 [INFO] PluginManager:220 - loadIPPluginJar : add hash
2024-07-24 14:27:04,254 [INFO] IPUIPlugin:80 - create IPUIPlugin
2024-07-24 14:27:04,254 [INFO] PluginManager:220 - loadIPPluginJar : add i2c
2024-07-24 14:27:04,257 [INFO] IPUIPlugin:80 - create IPUIPlugin
2024-07-24 14:27:04,257 [INFO] PluginManager:220 - loadIPPluginJar : add i2s
2024-07-24 14:27:04,261 [INFO] IPUIPlugin:80 - create IPUIPlugin
2024-07-24 14:27:04,262 [INFO] PluginManager:220 - loadIPPluginJar : add i3c
2024-07-24 14:27:04,266 [INFO] IPUIPlugin:80 - create IPUIPlugin
2024-07-24 14:27:04,267 [INFO] PluginManager:220 - loadIPPluginJar : add ipddr
2024-07-24 14:27:04,276 [INFO] IPUIPlugin:80 - create IPUIPlugin
2024-07-24 14:27:04,276 [INFO] PluginManager:220 - loadIPPluginJar : add linkedlist
2024-07-24 14:27:04,283 [INFO] IPUIPlugin:80 - create IPUIPlugin
2024-07-24 14:27:04,284 [INFO] PluginManager:220 - loadIPPluginJar : add lorawan
2024-07-24 14:27:04,285 [INFO] IPUIPlugin:80 - create IPUIPlugin
2024-07-24 14:27:04,285 [INFO] PluginManager:220 - loadIPPluginJar : add ltdc
2024-07-24 14:27:04,294 [INFO] IPUIPlugin:80 - create IPUIPlugin
2024-07-24 14:27:04,295 [INFO] PluginManager:220 - loadIPPluginJar : add mdma
2024-07-24 14:27:04,300 [INFO] IPUIPlugin:80 - create IPUIPlugin
2024-07-24 14:27:04,301 [INFO] PluginManager:220 - loadIPPluginJar : add nvic
2024-07-24 14:27:04,312 [INFO] IPUIPlugin:80 - create IPUIPlugin
2024-07-24 14:27:04,312 [INFO] PluginManager:220 - loadIPPluginJar : add opamp
2024-07-24 14:27:04,317 [INFO] IPUIPlugin:80 - create IPUIPlugin
2024-07-24 14:27:04,317 [INFO] PluginManager:220 - loadIPPluginJar : add openamp
2024-07-24 14:27:04,320 [INFO] IPUIPlugin:80 - create IPUIPlugin
2024-07-24 14:27:04,320 [INFO] PluginManager:220 - loadIPPluginJar : add pdm2pcm
2024-07-24 14:27:04,330 [INFO] IPUIPlugin:80 - create IPUIPlugin
2024-07-24 14:27:04,333 [INFO] PluginManager:220 - loadIPPluginJar : add plateformsettings
2024-07-24 14:27:04,335 [INFO] IPUIPlugin:80 - create IPUIPlugin
2024-07-24 14:27:04,336 [INFO] PluginManager:220 - loadIPPluginJar : add quadspi
2024-07-24 14:27:04,338 [INFO] IPUIPlugin:80 - create IPUIPlugin
2024-07-24 14:27:04,339 [INFO] PluginManager:220 - loadIPPluginJar : add radio
2024-07-24 14:27:04,347 [INFO] IPUIPlugin:80 - create IPUIPlugin
2024-07-24 14:27:04,348 [INFO] PluginManager:220 - loadIPPluginJar : add resmgrutility
2024-07-24 14:27:04,351 [INFO] IPUIPlugin:80 - create IPUIPlugin
2024-07-24 14:27:04,351 [INFO] PluginManager:220 - loadIPPluginJar : add sai
2024-07-24 14:27:04,355 [INFO] IPUIPlugin:80 - create IPUIPlugin
2024-07-24 14:27:04,355 [INFO] PluginManager:220 - loadIPPluginJar : add spi
2024-07-24 14:27:04,365 [INFO] IPUIPlugin:80 - create IPUIPlugin
2024-07-24 14:27:04,365 [INFO] PluginManager:220 - loadIPPluginJar : add stm32_wpan
2024-07-24 14:27:04,367 [INFO] IPUIPlugin:80 - create IPUIPlugin
2024-07-24 14:27:04,367 [INFO] PluginManager:220 - loadIPPluginJar : add tim
2024-07-24 14:27:04,371 [INFO] IPUIPlugin:80 - create IPUIPlugin
2024-07-24 14:27:04,372 [INFO] PluginManager:220 - loadIPPluginJar : add touchsensing
2024-07-24 14:27:04,374 [INFO] IPUIPlugin:80 - create IPUIPlugin
2024-07-24 14:27:04,374 [INFO] PluginManager:220 - loadIPPluginJar : add tracer_emb
2024-07-24 14:27:04,377 [INFO] IPUIPlugin:80 - create IPUIPlugin
2024-07-24 14:27:04,377 [INFO] PluginManager:220 - loadIPPluginJar : add ts
2024-07-24 14:27:04,381 [INFO] IPUIPlugin:80 - create IPUIPlugin
2024-07-24 14:27:04,381 [INFO] PluginManager:220 - loadIPPluginJar : add tsc
2024-07-24 14:27:04,383 [INFO] IPUIPlugin:80 - create IPUIPlugin
2024-07-24 14:27:04,384 [INFO] PluginManager:220 - loadIPPluginJar : add ucpd
2024-07-24 14:27:04,387 [INFO] IPUIPlugin:80 - create IPUIPlugin
2024-07-24 14:27:04,387 [INFO] PluginManager:220 - loadIPPluginJar : add usart
2024-07-24 14:27:04,391 [INFO] IPUIPlugin:80 - create IPUIPlugin
2024-07-24 14:27:04,392 [INFO] PluginManager:220 - loadIPPluginJar : add usbx
2024-07-24 14:27:04,529 [INFO] CADModel:165 - CPN selected for project level
2024-07-24 14:27:04,529 [INFO] CADModel:114 - Register for checkConnection events
2024-07-24 14:27:04,529 [FATAL] Updater:334 - Updater called before beeing initialized
2024-07-24 14:27:04,530 [ERROR] CADModel:125 - Updater not yet initialized, retry later 
2024-07-24 14:27:04,664 [INFO] CADModel:165 - CPN selected for project level
2024-07-24 14:27:04,664 [INFO] CADModel:114 - Register for checkConnection events
2024-07-24 14:27:04,664 [FATAL] Updater:334 - Updater called before beeing initialized
2024-07-24 14:27:04,664 [ERROR] CADModel:125 - Updater not yet initialized, retry later 
2024-07-24 14:27:04,668 [FATAL] Updater:334 - Updater called before beeing initialized
2024-07-24 14:27:04,780 [FATAL] Updater:334 - Updater called before beeing initialized
2024-07-24 14:27:04,786 [INFO] DbMcusAds:53 - JSON generation date=Thu May 16 16:22:00 ICT 2024 (1715851320667)
2024-07-24 14:27:04,786 [FATAL] Updater:334 - Updater called before beeing initialized
2024-07-24 14:27:04,827 [WARN] DetailPanel:346 - Failed to get advertising image, set to default
2024-07-24 14:27:04,926 [FATAL] Updater:334 - Updater called before beeing initialized
2024-07-24 14:27:04,927 [FATAL] Updater:334 - Updater called before beeing initialized
2024-07-24 14:27:04,928 [FATAL] Updater:334 - Updater called before beeing initialized
2024-07-24 14:27:04,928 [WARN] DetailPanel:346 - Failed to get advertising image, set to default
2024-07-24 14:27:04,929 [FATAL] Updater:334 - Updater called before beeing initialized
2024-07-24 14:27:05,016 [ERROR] Updater:1164 - MainUpdater not yet initialized. External WinMGr cannot be set.
2024-07-24 14:27:05,018 [INFO] Updater:1100 - Updater Version found : 6.12.0
2024-07-24 14:27:05,038 [INFO] ApplicationProperties:184 - Using Application install path: C:\ST\STM32CubeIDE_1.16.0\STM32CubeIDE\plugins\com.st.stm32cube.common.mx_6.12.0.202406281431
2024-07-24 14:27:05,520 [INFO] MainUpdater:2873 - connection check result : 10
2024-07-24 14:27:05,521 [INFO] MainUpdater:290 - Updater Check For Update Now.
2024-07-24 14:27:05,521 [INFO] MicroXplorer:498 - Change Database Version : DB.6.0.120
2024-07-24 14:27:05,527 [INFO] McuFinderGlobals:63 - Set McuFinder mode to 2 (CubeIDE integrated)
2024-07-24 14:27:05,527 [INFO] UserAuth:417 - Internet connection configuration mode: 1
2024-07-24 14:27:05,540 [INFO] JxBrowserEngine:152 - Initiate JxBrowser Engine with user profile folder
2024-07-24 14:27:05,757 [INFO] CheckServerUpdateThread:120 - End of CheckServer Thread
2024-07-24 14:27:06,127 [INFO] WebApp:167 - Instantiating new browser for Auth
2024-07-24 14:27:06,690 [WARN] PackLoader:240 - Cannot read IP mode file for STMicroelectronics.FP-SNS-MOTENVWB1.1.4.0
2024-07-24 14:27:06,707 [WARN] PackLoader:240 - Cannot read IP mode file for STMicroelectronics.X-CUBE-SMBUS.2.1.0
2024-07-24 14:27:06,753 [WARN] PackLoader:240 - Cannot read IP mode file for STMicroelectronics.X-CUBE-AZRTOS-F7.1.1.0
2024-07-24 14:27:06,768 [WARN] PackLoader:240 - Cannot read IP mode file for STMicroelectronics.FP-SNS-FLIGHT1.5.0.2
2024-07-24 14:27:06,782 [WARN] PackLoader:240 - Cannot read IP mode file for STMicroelectronics.X-CUBE-DISPLAY.3.0.0
2024-07-24 14:27:06,795 [WARN] PackLoader:240 - Cannot read IP mode file for STMicroelectronics.X-CUBE-BLE1.7.0.0
2024-07-24 14:27:06,803 [WARN] PackLoader:240 - Cannot read IP mode file for emotas.I-CUBE-CANOPEN.1.3.0
2024-07-24 14:27:06,815 [WARN] PackLoader:240 - Cannot read IP mode file for STMicroelectronics.X-CUBE-BLEMGR.3.1.0
2024-07-24 14:27:06,821 [WARN] PackLoader:240 - Cannot read IP mode file for STMicroelectronics.FP-SNS-SMARTAG2.1.2.0
2024-07-24 14:27:06,838 [INFO] LogOutputStream:77 - [STDOUT_REDIRECT] 1 : Invalid condition id : UX_CORESTACK_Condition cause : null
2024-07-24 14:27:06,839 [INFO] LogOutputStream:77 - [STDOUT_REDIRECT] 1 : Invalid condition id : UX_CORESTACK_Condition cause : null
2024-07-24 14:27:06,842 [INFO] LogOutputStream:77 - [STDOUT_REDIRECT] 1 : Invalid condition id : UX_CORESTACK_Condition cause : null
2024-07-24 14:27:06,846 [INFO] LogOutputStream:77 - [STDOUT_REDIRECT] 1 : Invalid condition id : UX_CORESTACK_Condition cause : null
2024-07-24 14:27:06,847 [INFO] LogOutputStream:77 - [STDOUT_REDIRECT] 1 : Invalid condition id : UX_CORESTACK_Condition cause : null
2024-07-24 14:27:06,851 [WARN] PackLoader:240 - Cannot read IP mode file for STMicroelectronics.X-CUBE-AZRTOS-WL.2.0.0
2024-07-24 14:27:06,858 [WARN] PackLoader:240 - Cannot read IP mode file for STMicroelectronics.FP-SNS-MOTENV1.5.0.0
2024-07-24 14:27:06,864 [WARN] PackLoader:240 - Cannot read IP mode file for wolfSSL.I-CUBE-wolfMQTT.1.19.0
2024-07-24 14:27:06,879 [WARN] PackLoader:240 - Cannot read IP mode file for WES.I-CUBE-Cesium.1.3.0
2024-07-24 14:27:06,889 [WARN] PackLoader:240 - Cannot read IP mode file for STMicroelectronics.X-CUBE-BLE2.3.3.0
2024-07-24 14:27:06,897 [WARN] PackLoader:240 - Cannot read IP mode file for STMicroelectronics.X-CUBE-TCPP.4.1.0
2024-07-24 14:27:06,917 [WARN] PackLoader:240 - Cannot read IP mode file for STMicroelectronics.X-CUBE-AZRTOS-G0.1.1.0
2024-07-24 14:27:06,925 [WARN] PackLoader:240 - Cannot read IP mode file for STMicroelectronics.X-CUBE-SAFEA1.1.2.2
2024-07-24 14:27:06,935 [WARN] PackLoader:240 - Cannot read IP mode file for STMicroelectronics.X-CUBE-NFC4.3.0.0
2024-07-24 14:27:06,946 [WARN] PackLoader:240 - Cannot read IP mode file for EmbeddedOffice.I-CUBE-FS-RTOS.1.0.1
2024-07-24 14:27:06,946 [ERROR] ConditionMgr:805 - Attr not supported : Dmpu
2024-07-24 14:27:06,946 [ERROR] ConditionMgr:805 - Attr not supported : Dmpu
2024-07-24 14:27:06,946 [ERROR] ConditionMgr:805 - Attr not supported : Dmpu
2024-07-24 14:27:06,946 [ERROR] ConditionMgr:805 - Attr not supported : Dmpu
2024-07-24 14:27:06,947 [ERROR] ConditionMgr:805 - Attr not supported : Dmpu
2024-07-24 14:27:06,947 [ERROR] ConditionMgr:805 - Attr not supported : Dmpu
2024-07-24 14:27:06,947 [ERROR] ConditionMgr:805 - Attr not supported : Dmpu
2024-07-24 14:27:06,947 [ERROR] ConditionMgr:805 - Attr not supported : Dmpu
2024-07-24 14:27:06,947 [ERROR] ConditionMgr:805 - Attr not supported : Dmpu
2024-07-24 14:27:06,947 [ERROR] ConditionMgr:805 - Attr not supported : Dmpu
2024-07-24 14:27:06,947 [ERROR] ConditionMgr:805 - Attr not supported : Dmpu
2024-07-24 14:27:06,947 [ERROR] ConditionMgr:805 - Attr not supported : Dmpu
2024-07-24 14:27:06,947 [ERROR] ConditionMgr:805 - Attr not supported : Dmpu
2024-07-24 14:27:06,947 [ERROR] ConditionMgr:805 - Attr not supported : Dmpu
2024-07-24 14:27:06,947 [ERROR] ConditionMgr:805 - Attr not supported : Dmpu
2024-07-24 14:27:06,948 [ERROR] ConditionMgr:805 - Attr not supported : Dmpu
2024-07-24 14:27:06,948 [ERROR] ConditionMgr:805 - Attr not supported : Dmpu
2024-07-24 14:27:06,948 [ERROR] ConditionMgr:805 - Attr not supported : Dmpu
2024-07-24 14:27:06,948 [ERROR] ConditionMgr:805 - Attr not supported : Dmpu
2024-07-24 14:27:06,948 [ERROR] ConditionMgr:805 - Attr not supported : Dmpu
2024-07-24 14:27:06,948 [ERROR] ConditionMgr:805 - Attr not supported : Dmpu
2024-07-24 14:27:06,948 [ERROR] ConditionMgr:805 - Attr not supported : Dmpu
2024-07-24 14:27:06,948 [ERROR] ConditionMgr:805 - Attr not supported : Dmpu
2024-07-24 14:27:06,948 [ERROR] ConditionMgr:805 - Attr not supported : Dmpu
2024-07-24 14:27:06,948 [ERROR] ConditionMgr:805 - Attr not supported : Dmpu
2024-07-24 14:27:06,948 [ERROR] ConditionMgr:805 - Attr not supported : Dmpu
2024-07-24 14:27:06,948 [ERROR] ConditionMgr:805 - Attr not supported : Dmpu
2024-07-24 14:27:06,948 [ERROR] ConditionMgr:805 - Attr not supported : Dmpu
2024-07-24 14:27:06,948 [ERROR] ConditionMgr:805 - Attr not supported : Dmpu
2024-07-24 14:27:06,948 [ERROR] ConditionMgr:805 - Attr not supported : Dmpu
2024-07-24 14:27:06,948 [ERROR] ConditionMgr:805 - Attr not supported : Dmpu
2024-07-24 14:27:06,948 [ERROR] ConditionMgr:805 - Attr not supported : Dmpu
2024-07-24 14:27:06,948 [ERROR] ConditionMgr:805 - Attr not supported : Dmpu
2024-07-24 14:27:06,948 [ERROR] ConditionMgr:805 - Attr not supported : Dmpu
2024-07-24 14:27:06,950 [ERROR] ConditionMgr:805 - Attr not supported : Dmpu
2024-07-24 14:27:06,950 [ERROR] ConditionMgr:805 - Attr not supported : Dmpu
2024-07-24 14:27:06,951 [ERROR] ConditionMgr:805 - Attr not supported : Dmpu
2024-07-24 14:27:06,951 [ERROR] ConditionMgr:805 - Attr not supported : Dmpu
2024-07-24 14:27:06,951 [ERROR] ConditionMgr:805 - Attr not supported : Dmpu
2024-07-24 14:27:06,951 [ERROR] ConditionMgr:805 - Attr not supported : Dmpu
2024-07-24 14:27:06,951 [ERROR] ConditionMgr:805 - Attr not supported : Dmpu
2024-07-24 14:27:06,951 [ERROR] ConditionMgr:805 - Attr not supported : Dmpu
2024-07-24 14:27:06,951 [ERROR] ConditionMgr:805 - Attr not supported : Dmpu
2024-07-24 14:27:06,951 [ERROR] ConditionMgr:805 - Attr not supported : Dmpu
2024-07-24 14:27:06,951 [ERROR] ConditionMgr:805 - Attr not supported : Dmpu
2024-07-24 14:27:06,951 [ERROR] ConditionMgr:805 - Attr not supported : Dmpu
2024-07-24 14:27:06,951 [ERROR] ConditionMgr:805 - Attr not supported : Dmpu
2024-07-24 14:27:06,951 [ERROR] ConditionMgr:805 - Attr not supported : Dmpu
2024-07-24 14:27:06,951 [ERROR] ConditionMgr:805 - Attr not supported : Dmpu
2024-07-24 14:27:06,952 [ERROR] ConditionMgr:805 - Attr not supported : Dmpu
2024-07-24 14:27:06,952 [ERROR] ConditionMgr:805 - Attr not supported : Dmpu
2024-07-24 14:27:06,952 [ERROR] ConditionMgr:805 - Attr not supported : Dmpu
2024-07-24 14:27:06,952 [ERROR] ConditionMgr:805 - Attr not supported : Dmpu
2024-07-24 14:27:06,952 [ERROR] ConditionMgr:805 - Attr not supported : Dmpu
2024-07-24 14:27:06,952 [ERROR] ConditionMgr:805 - Attr not supported : Dmpu
2024-07-24 14:27:06,952 [ERROR] ConditionMgr:805 - Attr not supported : Dmpu
2024-07-24 14:27:06,952 [ERROR] ConditionMgr:805 - Attr not supported : Dmpu
2024-07-24 14:27:06,952 [ERROR] ConditionMgr:805 - Attr not supported : Dmpu
2024-07-24 14:27:06,952 [ERROR] ConditionMgr:805 - Attr not supported : Dmpu
2024-07-24 14:27:06,952 [ERROR] ConditionMgr:805 - Attr not supported : Dmpu
2024-07-24 14:27:06,952 [ERROR] ConditionMgr:805 - Attr not supported : Dmpu
2024-07-24 14:27:06,952 [ERROR] ConditionMgr:805 - Attr not supported : Dmpu
2024-07-24 14:27:06,952 [ERROR] ConditionMgr:805 - Attr not supported : Dmpu
2024-07-24 14:27:06,952 [ERROR] ConditionMgr:805 - Attr not supported : Dmpu
2024-07-24 14:27:06,961 [WARN] PackLoader:240 - Cannot read IP mode file for RealThread.X-CUBE-RT-Thread_Nano.4.1.1
2024-07-24 14:27:06,965 [WARN] PackLoader:240 - Cannot read IP mode file for wolfSSL.I-CUBE-wolfSSL.5.7.0
2024-07-24 14:27:06,969 [WARN] PackLoader:240 - Cannot read IP mode file for STMicroelectronics.FP-ATR-SIGFOX1.3.2.0
2024-07-24 14:27:06,976 [WARN] PackLoader:240 - Cannot read IP mode file for STMicroelectronics.X-CUBE-EEPRMA1.5.1.0
2024-07-24 14:27:07,007 [WARN] PackLoader:240 - Cannot read IP mode file for ITTIA_DB.I-CUBE-ITTIADB.8.9.0
2024-07-24 14:27:07,067 [WARN] PackLoader:240 - Cannot read IP mode file for SEGGER.I-CUBE-embOS.1.3.1
2024-07-24 14:27:07,115 [WARN] PackLoader:240 - Cannot read IP mode file for STMicroelectronics.X-CUBE-ALGOBUILD.1.4.0
2024-07-24 14:27:07,132 [WARN] PackLoader:240 - Cannot read IP mode file for STMicroelectronics.X-CUBE-GNSS1.6.0.0
2024-07-24 14:27:07,148 [WARN] PackLoader:240 - Cannot read IP mode file for STMicroelectronics.X-CUBE-AZRTOS-F4.1.1.0
2024-07-24 14:27:07,168 [WARN] PackLoader:240 - Cannot read IP mode file for STMicroelectronics.X-CUBE-FREERTOS.1.2.0
2024-07-24 14:27:07,197 [WARN] PackLoader:240 - Cannot read IP mode file for STMicroelectronics.X-CUBE-AZRTOS-L5.2.0.0
2024-07-24 14:27:07,211 [WARN] PackLoader:240 - Cannot read IP mode file for STMicroelectronics.X-CUBE-NFC6.3.1.0
2024-07-24 14:27:07,217 [WARN] PackLoader:240 - Cannot read IP mode file for STMicroelectronics.X-CUBE-DPower.1.2.0
2024-07-24 14:27:07,221 [WARN] PackLoader:240 - Cannot read IP mode file for STMicroelectronics.X-CUBE-AI.9.0.0
2024-07-24 14:27:07,225 [WARN] PackLoader:240 - Cannot read IP mode file for STMicroelectronics.X-CUBE-NFC7.1.0.1
2024-07-24 14:27:07,231 [WARN] PackLoader:240 - Cannot read IP mode file for wolfSSL.I-CUBE-wolfTPM.3.2.0
2024-07-24 14:27:07,266 [WARN] ConditionMgr:438 - getConditionDescription Invalid condition id : LAN8742 Phy interface Condition cause : null
2024-07-24 14:27:07,266 [WARN] PackLoader:240 - Cannot read IP mode file for STMicroelectronics.X-CUBE-AZRTOS-L4.2.0.0
2024-07-24 14:27:07,268 [WARN] ConditionMgr:1039 - genDependencies : Invalid condition id : LAN8742 Phy interface Condition cause : null
2024-07-24 14:27:07,268 [WARN] ConditionMgr:1039 - genDependencies : Invalid condition id : LAN8742 Phy interface Condition cause : null
2024-07-24 14:27:07,269 [WARN] ConditionMgr:1039 - genDependencies : Invalid condition id : LAN8742 Phy interface Condition cause : null
2024-07-24 14:27:07,283 [WARN] PackLoader:240 - Cannot read IP mode file for STMicroelectronics.X-CUBE-SFXS2LP1.4.0.0
2024-07-24 14:27:07,296 [WARN] ConditionMgr:438 - getConditionDescription Invalid condition id : UX DEVICE CLASS RTOS Condition cause : null
2024-07-24 14:27:07,296 [WARN] ConditionMgr:438 - getConditionDescription Invalid condition id : UX DEVICE CLASS RTOS Condition cause : null
2024-07-24 14:27:07,298 [WARN] PackLoader:240 - Cannot read IP mode file for STMicroelectronics.X-CUBE-AZRTOS-WB.2.0.0
2024-07-24 14:27:07,299 [WARN] ConditionMgr:1039 - genDependencies : Invalid condition id : UX DEVICE CLASS RTOS Condition cause : null
2024-07-24 14:27:07,299 [WARN] ConditionMgr:1039 - genDependencies : Invalid condition id : UX DEVICE CLASS RTOS Condition cause : null
2024-07-24 14:27:07,299 [WARN] ConditionMgr:1039 - genDependencies : Invalid condition id : UX DEVICE CLASS RTOS Condition cause : null
2024-07-24 14:27:07,299 [WARN] ConditionMgr:1039 - genDependencies : Invalid condition id : UX DEVICE CLASS RTOS Condition cause : null
2024-07-24 14:27:07,300 [WARN] ConditionMgr:1039 - genDependencies : Invalid condition id : UX DEVICE CLASS RTOS Condition cause : null
2024-07-24 14:27:07,309 [WARN] PackLoader:240 - Cannot read IP mode file for STMicroelectronics.FP-SNS-STBOX1.2.0.0
2024-07-24 14:27:07,321 [WARN] PackLoader:240 - Cannot read IP mode file for STMicroelectronics.X-CUBE-SUBG2.5.0.0
2024-07-24 14:27:07,332 [WARN] PackLoader:240 - Cannot read IP mode file for Cesanta.I-CUBE-Mongoose.7.13.0
2024-07-24 14:27:07,344 [WARN] PackLoader:240 - Cannot read IP mode file for STMicroelectronics.X-CUBE-AZRTOS-G4.2.0.0
2024-07-24 14:27:07,349 [WARN] PackLoader:240 - Cannot read IP mode file for STMicroelectronics.X-CUBE-ISPU.2.0.0
2024-07-24 14:27:07,353 [WARN] PackLoader:240 - Cannot read IP mode file for STMicroelectronics.X-CUBE-ALS.1.0.2
2024-07-24 14:27:07,394 [WARN] PackLoader:240 - Cannot read IP mode file for STMicroelectronics.X-CUBE-MEMS1.10.0.0
2024-07-24 14:27:07,569 [WARN] PackLoader:240 - Cannot read IP mode file for STMicroelectronics.X-CUBE-TOUCHGFX.4.24.0
2024-07-24 14:27:07,677 [WARN] PackLoader:240 - Cannot read IP mode file for portGmbH.I-Cube-SoM-uGOAL.1.1.0
2024-07-24 14:27:07,692 [WARN] PackLoader:240 - Cannot read IP mode file for STMicroelectronics.X-CUBE-AZRTOS-H7RS.1.0.0
2024-07-24 14:27:07,698 [WARN] PackLoader:240 - Cannot read IP mode file for STMicroelectronics.FP-ATR-ASTRA1.2.0.0
2024-07-24 14:27:07,710 [WARN] PackLoader:240 - Cannot read IP mode file for STMicroelectronics.X-CUBE-TOF1.3.4.1
2024-07-24 14:27:07,804 [WARN] PackLoader:240 - Cannot read IP mode file for STMicroelectronics.X-CUBE-AZRTOS-H7.3.2.0
2024-07-24 14:27:07,821 [WARN] PackLoader:240 - Cannot read IP mode file for Infineon.AIROC-Wi-Fi-Bluetooth-STM32.1.6.0
2024-07-24 14:27:07,829 [WARN] PackLoader:240 - Cannot read IP mode file for wolfSSL.I-CUBE-wolfSSH.1.4.17
2024-07-24 14:27:07,829 [INFO] ThirdParty:978 - Integrity check success = true
2024-07-24 14:27:07,830 [INFO] IntegrityCheckThread:100 - exiting critical section [integrity check]
2024-07-24 14:27:07,830 [INFO] IntegrityCheckThread:103 - End integrity checks thread
2024-07-24 14:27:08,566 [INFO] WebApp:448 - Apply proxy settings
2024-07-24 14:27:08,566 [INFO] WebApp:533 - Chromium requires no authentication
2024-07-24 14:27:08,574 [INFO] WebApp:476 - Direct internet connection detected
2024-07-24 14:27:08,601 [INFO] WebApp:869 - Register for checkConnection events
2024-07-24 14:27:08,601 [INFO] WebApp:448 - Apply proxy settings
2024-07-24 14:27:08,601 [INFO] WebApp:533 - Chromium requires no authentication
2024-07-24 14:27:08,601 [INFO] WebApp:476 - Direct internet connection detected
2024-07-24 14:27:08,755 [INFO] WebApp:220 - Starting web application
2024-07-24 14:27:08,755 [INFO] WebApp:578 - Web application path used C:\ST\STM32CubeIDE_1.16.0\STM32CubeIDE\plugins\com.st.stm32cube.common.mx_6.12.0.202406281431\db\plugins\mcufinder\reactClient1\index.html
2024-07-24 14:27:08,853 [INFO] UserAuth:417 - Internet connection configuration mode: 1
2024-07-24 14:27:09,198 [ERROR] LogOutputStream:75 - [STDERR_REDIRECT] Jul 24, 2024 2:27:09 PM org.glassfish.grizzly.http.server.NetworkListener start
2024-07-24 14:27:09,199 [ERROR] LogOutputStream:75 - [STDERR_REDIRECT] INFO: Started listener bound to [localhost:1595]
2024-07-24 14:27:09,199 [ERROR] LogOutputStream:75 - [STDERR_REDIRECT] 
2024-07-24 14:27:09,202 [ERROR] LogOutputStream:75 - [STDERR_REDIRECT] Jul 24, 2024 2:27:09 PM org.glassfish.grizzly.http.server.HttpServer start
2024-07-24 14:27:09,203 [ERROR] LogOutputStream:75 - [STDERR_REDIRECT] INFO: [HttpServer] Started.
2024-07-24 14:27:09,203 [ERROR] LogOutputStream:75 - [STDERR_REDIRECT] 
2024-07-24 14:27:09,394 [INFO] WebApp:186 - Connection restablished
2024-07-24 17:28:15,326 [INFO] WebApp:388 - JxBrowser engine has been closed 
