2024-08-16 08:50:43,365 [INFO] Activator:176 - 


2024-08-16 08:50:43,369 [INFO] Activator:177 - !SESSION log4j initialized
2024-08-16 08:50:49,579 [INFO] LogOutputStream:77 - [STDOUT_REDIRECT] 
2024-08-16 08:50:51,085 [INFO] ApplicationProperties:184 - Using Application install path: C:\ST\STM32CubeIDE_1.16.0\STM32CubeIDE\plugins\com.st.stm32cube.common.mx_6.12.0.202406281431
2024-08-16 08:50:51,105 [INFO] DbMcusXml:78 - Set database path to: C:\ST\STM32CubeIDE_1.16.0\STM32CubeIDE\plugins\com.st.stm32cube.common.mx_6.12.0.202406281431\\db\/mcu/
2024-08-16 08:50:51,105 [INFO] ApiDb:274 - Set plugin database path to: C:\ST\STM32CubeIDE_1.16.0\STM32CubeIDE\plugins\com.st.stm32cube.common.mx_6.12.0.202406281431\\db\/plugins/boardmanager/
2024-08-16 08:50:51,106 [WARN] ApiDb:259 - Overriding images path with different value:  => C:\ST\STM32CubeIDE_1.16.0\STM32CubeIDE\plugins\com.st.stm32cube.common.mx_6.12.0.202406281431\\db\/plugins/mcufinder/images/
2024-08-16 08:50:51,111 [INFO] ApiDb:250 - Set database path to: C:\Users\user\.stmcufinder\plugins\mcufinder//mcu/
2024-08-16 08:50:51,112 [INFO] DbMcusAds:125 - Set database path to: C:\Users\user\.stmcufinder\plugins\mcufinder//mcu/
2024-08-16 08:50:51,114 [INFO] CrossReferenceDbSqlite:203 - Set database path to: C:\Users\user\.stmcufinder\plugins\mcufinder//mcu/cs/
2024-08-16 08:50:51,230 [INFO] RulesReader:64 - Compatibility file has been processed (297 Rules)
2024-08-16 08:50:51,298 [INFO] DbMcusXml:78 - Set database path to: C:\ST\STM32CubeIDE_1.16.0\STM32CubeIDE\plugins\com.st.stm32cube.common.mx_6.12.0.202406281431\\db\/mcu/
2024-08-16 08:50:51,298 [INFO] ApiDb:274 - Set plugin database path to: C:\ST\STM32CubeIDE_1.16.0\STM32CubeIDE\plugins\com.st.stm32cube.common.mx_6.12.0.202406281431\\db\/plugins/boardmanager/
2024-08-16 08:50:51,298 [INFO] ApiDb:261 - Set plugin images path to: C:\ST\STM32CubeIDE_1.16.0\STM32CubeIDE\plugins\com.st.stm32cube.common.mx_6.12.0.202406281431\\db\/plugins/mcufinder/images/
2024-08-16 08:50:51,298 [WARN] DbFile:41 - Overriding database path with different value: C:\Users\user\.stmcufinder\plugins\mcufinder/ => C:\Users\user\.stmcufinder\plugins\mcufinder
2024-08-16 08:50:51,298 [INFO] ApiDb:250 - Set database path to: C:\Users\user\.stmcufinder\plugins\mcufinder//mcu/
2024-08-16 08:50:51,298 [WARN] DbFile:41 - Overriding database path with different value: C:\Users\user\.stmcufinder\plugins\mcufinder/ => C:\Users\user\.stmcufinder\plugins\mcufinder
2024-08-16 08:50:51,298 [INFO] DbMcusAds:125 - Set database path to: C:\Users\user\.stmcufinder\plugins\mcufinder//mcu/
2024-08-16 08:50:51,298 [WARN] DbFile:41 - Overriding database path with different value: C:\Users\user\.stmcufinder\plugins\mcufinder/ => C:\Users\user\.stmcufinder\plugins\mcufinder
2024-08-16 08:50:51,298 [WARN] DbFile:41 - Overriding database path with different value: C:\Users\user\.stmcufinder\plugins\mcufinder/ => C:\Users\user\.stmcufinder\plugins\mcufinder
2024-08-16 08:50:51,298 [INFO] CrossReferenceDbSqlite:203 - Set database path to: C:\Users\user\.stmcufinder\plugins\mcufinder//mcu/cs/
2024-08-16 08:50:51,381 [INFO] MainPanel:268 - HeapMemory: 268435456
2024-08-16 08:50:51,485 [INFO] DbMcusXml:78 - Set database path to: C:\ST\STM32CubeIDE_1.16.0\STM32CubeIDE\plugins\com.st.stm32cube.common.mx_6.12.0.202406281431\\db\/mcu/
2024-08-16 08:50:51,486 [INFO] ApiDb:274 - Set plugin database path to: C:\ST\STM32CubeIDE_1.16.0\STM32CubeIDE\plugins\com.st.stm32cube.common.mx_6.12.0.202406281431\\db\/plugins/boardmanager/
2024-08-16 08:50:51,486 [INFO] ApiDb:261 - Set plugin images path to: C:\ST\STM32CubeIDE_1.16.0\STM32CubeIDE\plugins\com.st.stm32cube.common.mx_6.12.0.202406281431\\db\/plugins/mcufinder/images/
2024-08-16 08:50:51,486 [WARN] DbFile:41 - Overriding database path with different value: C:\Users\user\.stmcufinder\plugins\mcufinder/ => C:\Users\user\.stmcufinder\plugins\mcufinder
2024-08-16 08:50:51,486 [INFO] ApiDb:250 - Set database path to: C:\Users\user\.stmcufinder\plugins\mcufinder//mcu/
2024-08-16 08:50:51,486 [WARN] DbFile:41 - Overriding database path with different value: C:\Users\user\.stmcufinder\plugins\mcufinder/ => C:\Users\user\.stmcufinder\plugins\mcufinder
2024-08-16 08:50:51,487 [INFO] DbMcusAds:125 - Set database path to: C:\Users\user\.stmcufinder\plugins\mcufinder//mcu/
2024-08-16 08:50:51,487 [WARN] DbFile:41 - Overriding database path with different value: C:\Users\user\.stmcufinder\plugins\mcufinder/ => C:\Users\user\.stmcufinder\plugins\mcufinder
2024-08-16 08:50:51,487 [WARN] DbFile:41 - Overriding database path with different value: C:\Users\user\.stmcufinder\plugins\mcufinder/ => C:\Users\user\.stmcufinder\plugins\mcufinder
2024-08-16 08:50:51,487 [INFO] CrossReferenceDbSqlite:203 - Set database path to: C:\Users\user\.stmcufinder\plugins\mcufinder//mcu/cs/
2024-08-16 08:50:51,506 [INFO] ApplicationProperties:184 - Using Application install path: C:\ST\STM32CubeIDE_1.16.0\STM32CubeIDE\plugins\com.st.stm32cube.common.mx_6.12.0.202406281431
2024-08-16 08:50:51,509 [INFO] PluginManage:196 - Search for loadable plugins [exclusion list=, ]
2024-08-16 08:50:51,511 [INFO] PluginManage:310 - Check plugin analytics
2024-08-16 08:50:51,739 [INFO] AnalyticsPlugin:253 - Accepted Software Licenses: STM32CubeMX.6.10.0,STM32CubeMX.6.11.0,STM32CubeMX.6.11.1,STM32CubeMX.6.12.0
2024-08-16 08:50:51,740 [INFO] AnalyticsPlugin:255 - Accepted CMSIS Pack Licenses: STMicroelectronics.X-CUBE-TOUCHGFX.4.23.2,STMicroelectronics.X-CUBE-TOF1.3.4.1,STMicroelectronics.X-CUBE-TOUCHGFX.4.24.0
2024-08-16 08:50:51,741 [INFO] AnalyticsPlugin:257 - Accepted Firmware Licenses: FW.G0.1.6.0,FW.H7.1.11.0,FW.C0.1.1.0
2024-08-16 08:50:51,743 [INFO] PluginManage:359 - Loaded plugin analytics (category:tool,tabindex:-1)
2024-08-16 08:50:51,743 [INFO] PluginManage:310 - Check plugin cadmodel
2024-08-16 08:50:51,748 [INFO] CADModel:105 - Init CAD model plugin
2024-08-16 08:50:51,748 [INFO] PluginManage:359 - Loaded plugin cadmodel (category:power,tabindex:5)
2024-08-16 08:50:51,749 [INFO] PluginManage:310 - Check plugin clock
2024-08-16 08:50:51,760 [INFO] PluginManage:359 - Loaded plugin clock (category:base,tabindex:2)
2024-08-16 08:50:51,760 [INFO] PluginManage:310 - Check plugin ddr
2024-08-16 08:50:51,763 [INFO] PluginManage:359 - Loaded plugin ddr (category:tool,tabindex:6)
2024-08-16 08:50:51,763 [INFO] PluginManage:310 - Check plugin filemanager
2024-08-16 08:50:51,919 [INFO] PluginManage:359 - Loaded plugin filemanager (category:base,tabindex:10)
2024-08-16 08:50:51,919 [INFO] PluginManage:310 - Check plugin ipmanager
2024-08-16 08:50:51,929 [INFO] PluginManage:359 - Loaded plugin ipmanager (category:base,tabindex:5)
2024-08-16 08:50:51,929 [INFO] PluginManage:310 - Check plugin lpbam
2024-08-16 08:50:51,936 [INFO] PluginManage:359 - Loaded plugin lpbam (category:base,tabindex:0)
2024-08-16 08:50:51,936 [INFO] PluginManage:310 - Check plugin memorymap
2024-08-16 08:50:51,949 [INFO] PluginManage:359 - Loaded plugin memorymap (category:base,tabindex:4)
2024-08-16 08:50:51,950 [INFO] PluginManage:310 - Check plugin pinoutandconfiguration
2024-08-16 08:50:51,957 [INFO] PluginManage:359 - Loaded plugin pinoutandconfiguration (category:base,tabindex:1)
2024-08-16 08:50:51,957 [INFO] PluginManage:310 - Check plugin pinoutconfig
2024-08-16 08:50:52,048 [WARN] SupportedApi:132 - Cannot load RTOS API schema: s4s-elt-must-match.1: The content of 'definitions' must match (annotation?, (simpleType | complexType)?, (unique | key | keyref)*)). A problem was found starting at: attribute.
2024-08-16 08:50:52,169 [INFO] PluginManage:359 - Loaded plugin pinoutconfig (category:base,tabindex:0)
2024-08-16 08:50:52,169 [INFO] PluginManage:310 - Check plugin power
2024-08-16 08:50:52,179 [INFO] PluginManage:359 - Loaded plugin power (category:power,tabindex:4)
2024-08-16 08:50:52,179 [INFO] PluginManage:310 - Check plugin projectmanager
2024-08-16 08:50:52,197 [INFO] PluginManage:359 - Loaded plugin projectmanager (category:projectmanager,tabindex:4)
2024-08-16 08:50:52,197 [INFO] PluginManage:310 - Check plugin rif
2024-08-16 08:50:52,200 [INFO] PluginManage:359 - Loaded plugin rif (category:base,tabindex:3)
2024-08-16 08:50:52,202 [INFO] PluginManage:310 - Check plugin thirdparty
2024-08-16 08:50:52,356 [INFO] PluginManage:359 - Loaded plugin thirdparty (category:base,tabindex:-1)
2024-08-16 08:50:52,357 [INFO] PluginManage:310 - Check plugin tools
2024-08-16 08:50:52,360 [INFO] PluginManage:359 - Loaded plugin tools (category:base,tabindex:7)
2024-08-16 08:50:52,360 [INFO] PluginManage:310 - Check plugin tutovideos
2024-08-16 08:50:52,364 [WARN] IntegrityCheckThread:84 - waiting for thirdparty lock release [integrity check]
2024-08-16 08:50:52,365 [INFO] IntegrityCheckThread:86 - entering critical section [integrity check]
2024-08-16 08:50:52,365 [INFO] ThirdPartyUpdaterWithRetryManager:70 - Updater plugin not ready yet. [1/15]
2024-08-16 08:50:52,542 [INFO] PluginManage:359 - Loaded plugin tutovideos (category:base,tabindex:-1)
2024-08-16 08:50:52,542 [INFO] PluginManage:310 - Check plugin updater
2024-08-16 08:50:52,561 [INFO] PluginManage:359 - Loaded plugin updater (category:base,tabindex:12)
2024-08-16 08:50:52,561 [INFO] PluginManage:310 - Check plugin userauth
2024-08-16 08:50:52,566 [INFO] UserAuth:113 - Init User Auth plugin
2024-08-16 08:50:52,566 [INFO] PluginManage:359 - Loaded plugin userauth (category:base,tabindex:14)
2024-08-16 08:50:52,566 [INFO] PluginManage:283 - PluginManage : Loaded plugins [18]
2024-08-16 08:50:52,763 [INFO] PinOutPanel:1561 - setPackage(No Configuration,No Configuration)
2024-08-16 08:50:52,872 [INFO] CADModel:165 - CPN selected for project level
2024-08-16 08:50:52,873 [INFO] CADModel:114 - Register for checkConnection events
2024-08-16 08:50:52,891 [INFO] IPUIPlugin:80 - create IPUIPlugin
2024-08-16 08:50:52,892 [INFO] PluginManager:220 - loadIPPluginJar : add adc
2024-08-16 08:50:52,894 [INFO] IPUIPlugin:80 - create IPUIPlugin
2024-08-16 08:50:52,894 [INFO] PluginManager:220 - loadIPPluginJar : add aes
2024-08-16 08:50:52,896 [INFO] IPUIPlugin:80 - create IPUIPlugin
2024-08-16 08:50:52,896 [INFO] PluginManager:220 - loadIPPluginJar : add can
2024-08-16 08:50:52,898 [INFO] IPUIPlugin:80 - create IPUIPlugin
2024-08-16 08:50:52,898 [INFO] PluginManager:220 - loadIPPluginJar : add comp
2024-08-16 08:50:52,901 [INFO] IPUIPlugin:80 - create IPUIPlugin
2024-08-16 08:50:52,901 [INFO] PluginManager:220 - loadIPPluginJar : add cryp
2024-08-16 08:50:52,904 [INFO] IPUIPlugin:80 - create IPUIPlugin
2024-08-16 08:50:52,905 [INFO] PluginManager:220 - loadIPPluginJar : add ddr_ctrl_phy
2024-08-16 08:50:52,907 [INFO] IPUIPlugin:80 - create IPUIPlugin
2024-08-16 08:50:52,907 [INFO] PluginManager:220 - loadIPPluginJar : add dfsdm
2024-08-16 08:50:52,911 [INFO] IPUIPlugin:80 - create IPUIPlugin
2024-08-16 08:50:52,912 [INFO] PluginManager:220 - loadIPPluginJar : add dma
2024-08-16 08:50:52,914 [INFO] IPUIPlugin:80 - create IPUIPlugin
2024-08-16 08:50:52,914 [INFO] PluginManager:220 - loadIPPluginJar : add dma3
2024-08-16 08:50:52,916 [INFO] IPUIPlugin:80 - create IPUIPlugin
2024-08-16 08:50:52,916 [INFO] PluginManager:220 - loadIPPluginJar : add extmemmanager
2024-08-16 08:50:52,918 [INFO] IPUIPlugin:80 - create IPUIPlugin
2024-08-16 08:50:52,918 [INFO] PluginManager:220 - loadIPPluginJar : add fatfs
2024-08-16 08:50:52,922 [INFO] IPUIPlugin:80 - create IPUIPlugin
2024-08-16 08:50:52,922 [INFO] PluginManager:220 - loadIPPluginJar : add fmc
2024-08-16 08:50:52,927 [INFO] IPUIPlugin:80 - create IPUIPlugin
2024-08-16 08:50:52,927 [INFO] PluginManager:220 - loadIPPluginJar : add freertos
2024-08-16 08:50:52,928 [INFO] IPUIPlugin:80 - create IPUIPlugin
2024-08-16 08:50:52,928 [INFO] PluginManager:220 - loadIPPluginJar : add genericplugin
2024-08-16 08:50:52,930 [INFO] IPUIPlugin:80 - create IPUIPlugin
2024-08-16 08:50:52,930 [INFO] PluginManager:220 - loadIPPluginJar : add gfxmmu
2024-08-16 08:50:52,934 [INFO] IPUIPlugin:80 - create IPUIPlugin
2024-08-16 08:50:52,934 [INFO] PluginManager:220 - loadIPPluginJar : add gic
2024-08-16 08:50:52,939 [INFO] IPUIPlugin:80 - create IPUIPlugin
2024-08-16 08:50:52,939 [INFO] PluginManager:220 - loadIPPluginJar : add gpio
2024-08-16 08:50:52,941 [INFO] IPUIPlugin:80 - create IPUIPlugin
2024-08-16 08:50:52,941 [INFO] PluginManager:220 - loadIPPluginJar : add gtzc
2024-08-16 08:50:52,943 [INFO] IPUIPlugin:80 - create IPUIPlugin
2024-08-16 08:50:52,943 [INFO] PluginManager:220 - loadIPPluginJar : add hash
2024-08-16 08:50:52,944 [INFO] IPUIPlugin:80 - create IPUIPlugin
2024-08-16 08:50:52,944 [INFO] PluginManager:220 - loadIPPluginJar : add i2c
2024-08-16 08:50:52,946 [INFO] IPUIPlugin:80 - create IPUIPlugin
2024-08-16 08:50:52,946 [INFO] PluginManager:220 - loadIPPluginJar : add i2s
2024-08-16 08:50:52,948 [INFO] IPUIPlugin:80 - create IPUIPlugin
2024-08-16 08:50:52,948 [INFO] PluginManager:220 - loadIPPluginJar : add i3c
2024-08-16 08:50:52,950 [INFO] IPUIPlugin:80 - create IPUIPlugin
2024-08-16 08:50:52,951 [INFO] PluginManager:220 - loadIPPluginJar : add ipddr
2024-08-16 08:50:52,960 [INFO] IPUIPlugin:80 - create IPUIPlugin
2024-08-16 08:50:52,960 [INFO] PluginManager:220 - loadIPPluginJar : add linkedlist
2024-08-16 08:50:52,961 [INFO] IPUIPlugin:80 - create IPUIPlugin
2024-08-16 08:50:52,961 [INFO] PluginManager:220 - loadIPPluginJar : add lorawan
2024-08-16 08:50:52,962 [INFO] IPUIPlugin:80 - create IPUIPlugin
2024-08-16 08:50:52,962 [INFO] PluginManager:220 - loadIPPluginJar : add ltdc
2024-08-16 08:50:52,967 [INFO] IPUIPlugin:80 - create IPUIPlugin
2024-08-16 08:50:52,967 [INFO] PluginManager:220 - loadIPPluginJar : add mdma
2024-08-16 08:50:52,971 [INFO] IPUIPlugin:80 - create IPUIPlugin
2024-08-16 08:50:52,971 [INFO] PluginManager:220 - loadIPPluginJar : add nvic
2024-08-16 08:50:52,975 [INFO] IPUIPlugin:80 - create IPUIPlugin
2024-08-16 08:50:52,975 [INFO] PluginManager:220 - loadIPPluginJar : add opamp
2024-08-16 08:50:52,978 [INFO] IPUIPlugin:80 - create IPUIPlugin
2024-08-16 08:50:52,978 [INFO] PluginManager:220 - loadIPPluginJar : add openamp
2024-08-16 08:50:52,981 [INFO] IPUIPlugin:80 - create IPUIPlugin
2024-08-16 08:50:52,981 [INFO] PluginManager:220 - loadIPPluginJar : add pdm2pcm
2024-08-16 08:50:52,985 [INFO] IPUIPlugin:80 - create IPUIPlugin
2024-08-16 08:50:52,986 [INFO] PluginManager:220 - loadIPPluginJar : add plateformsettings
2024-08-16 08:50:52,989 [INFO] IPUIPlugin:80 - create IPUIPlugin
2024-08-16 08:50:52,990 [INFO] PluginManager:220 - loadIPPluginJar : add quadspi
2024-08-16 08:50:52,992 [INFO] IPUIPlugin:80 - create IPUIPlugin
2024-08-16 08:50:52,992 [INFO] PluginManager:220 - loadIPPluginJar : add radio
2024-08-16 08:50:52,994 [INFO] IPUIPlugin:80 - create IPUIPlugin
2024-08-16 08:50:52,994 [INFO] PluginManager:220 - loadIPPluginJar : add resmgrutility
2024-08-16 08:50:52,996 [INFO] IPUIPlugin:80 - create IPUIPlugin
2024-08-16 08:50:52,996 [INFO] PluginManager:220 - loadIPPluginJar : add sai
2024-08-16 08:50:52,998 [INFO] IPUIPlugin:80 - create IPUIPlugin
2024-08-16 08:50:52,998 [INFO] PluginManager:220 - loadIPPluginJar : add spi
2024-08-16 08:50:53,005 [INFO] IPUIPlugin:80 - create IPUIPlugin
2024-08-16 08:50:53,005 [INFO] PluginManager:220 - loadIPPluginJar : add stm32_wpan
2024-08-16 08:50:53,007 [INFO] IPUIPlugin:80 - create IPUIPlugin
2024-08-16 08:50:53,008 [INFO] PluginManager:220 - loadIPPluginJar : add tim
2024-08-16 08:50:53,010 [INFO] IPUIPlugin:80 - create IPUIPlugin
2024-08-16 08:50:53,010 [INFO] PluginManager:220 - loadIPPluginJar : add touchsensing
2024-08-16 08:50:53,012 [INFO] IPUIPlugin:80 - create IPUIPlugin
2024-08-16 08:50:53,012 [INFO] PluginManager:220 - loadIPPluginJar : add tracer_emb
2024-08-16 08:50:53,014 [INFO] IPUIPlugin:80 - create IPUIPlugin
2024-08-16 08:50:53,014 [INFO] PluginManager:220 - loadIPPluginJar : add ts
2024-08-16 08:50:53,015 [INFO] IPUIPlugin:80 - create IPUIPlugin
2024-08-16 08:50:53,015 [INFO] PluginManager:220 - loadIPPluginJar : add tsc
2024-08-16 08:50:53,016 [INFO] IPUIPlugin:80 - create IPUIPlugin
2024-08-16 08:50:53,016 [INFO] PluginManager:220 - loadIPPluginJar : add ucpd
2024-08-16 08:50:53,018 [INFO] IPUIPlugin:80 - create IPUIPlugin
2024-08-16 08:50:53,018 [INFO] PluginManager:220 - loadIPPluginJar : add usart
2024-08-16 08:50:53,021 [INFO] IPUIPlugin:80 - create IPUIPlugin
2024-08-16 08:50:53,021 [INFO] PluginManager:220 - loadIPPluginJar : add usbx
2024-08-16 08:50:53,153 [INFO] CADModel:165 - CPN selected for project level
2024-08-16 08:50:53,154 [INFO] CADModel:114 - Register for checkConnection events
2024-08-16 08:50:53,154 [FATAL] Updater:334 - Updater called before beeing initialized
2024-08-16 08:50:53,154 [ERROR] CADModel:125 - Updater not yet initialized, retry later 
2024-08-16 08:50:53,363 [INFO] CADModel:165 - CPN selected for project level
2024-08-16 08:50:53,363 [INFO] CADModel:114 - Register for checkConnection events
2024-08-16 08:50:53,363 [FATAL] Updater:334 - Updater called before beeing initialized
2024-08-16 08:50:53,363 [ERROR] CADModel:125 - Updater not yet initialized, retry later 
2024-08-16 08:50:53,365 [FATAL] Updater:334 - Updater called before beeing initialized
2024-08-16 08:50:53,471 [FATAL] Updater:334 - Updater called before beeing initialized
2024-08-16 08:50:53,476 [INFO] DbMcusAds:53 - JSON generation date=Thu May 16 16:22:00 ICT 2024 (1715851320667)
2024-08-16 08:50:53,476 [FATAL] Updater:334 - Updater called before beeing initialized
2024-08-16 08:50:53,502 [WARN] DetailPanel:346 - Failed to get advertising image, set to default
2024-08-16 08:50:53,568 [FATAL] Updater:334 - Updater called before beeing initialized
2024-08-16 08:50:53,569 [FATAL] Updater:334 - Updater called before beeing initialized
2024-08-16 08:50:53,569 [FATAL] Updater:334 - Updater called before beeing initialized
2024-08-16 08:50:53,569 [WARN] DetailPanel:346 - Failed to get advertising image, set to default
2024-08-16 08:50:53,571 [FATAL] Updater:334 - Updater called before beeing initialized
2024-08-16 08:50:53,607 [ERROR] Updater:1164 - MainUpdater not yet initialized. External WinMGr cannot be set.
2024-08-16 08:50:53,608 [INFO] Updater:1100 - Updater Version found : 6.12.0
2024-08-16 08:50:53,619 [INFO] ApplicationProperties:184 - Using Application install path: C:\ST\STM32CubeIDE_1.16.0\STM32CubeIDE\plugins\com.st.stm32cube.common.mx_6.12.0.202406281431
2024-08-16 08:50:53,902 [INFO] MainUpdater:2873 - connection check result : 10
2024-08-16 08:50:53,903 [INFO] MainUpdater:290 - Updater Check For Update Now.
2024-08-16 08:50:53,903 [INFO] MicroXplorer:498 - Change Database Version : DB.6.0.120
2024-08-16 08:50:53,908 [INFO] McuFinderGlobals:63 - Set McuFinder mode to 2 (CubeIDE integrated)
2024-08-16 08:50:53,910 [INFO] UserAuth:417 - Internet connection configuration mode: 1
2024-08-16 08:50:53,923 [INFO] JxBrowserEngine:152 - Initiate JxBrowser Engine with user profile folder
2024-08-16 08:50:54,135 [INFO] CheckServerUpdateThread:120 - End of CheckServer Thread
2024-08-16 08:50:54,596 [INFO] WebApp:167 - Instantiating new browser for Auth
2024-08-16 08:50:55,550 [INFO] WebApp:448 - Apply proxy settings
2024-08-16 08:50:55,550 [INFO] WebApp:533 - Chromium requires no authentication
2024-08-16 08:50:55,575 [INFO] WebApp:476 - Direct internet connection detected
2024-08-16 08:50:55,578 [WARN] PackLoader:240 - Cannot read IP mode file for STMicroelectronics.FP-SNS-MOTENVWB1.1.4.0
2024-08-16 08:50:55,590 [WARN] PackLoader:240 - Cannot read IP mode file for STMicroelectronics.X-CUBE-SMBUS.2.1.0
2024-08-16 08:50:55,627 [WARN] PackLoader:240 - Cannot read IP mode file for STMicroelectronics.X-CUBE-AZRTOS-F7.1.1.0
2024-08-16 08:50:55,641 [WARN] PackLoader:240 - Cannot read IP mode file for STMicroelectronics.FP-SNS-FLIGHT1.5.0.2
2024-08-16 08:50:55,658 [WARN] PackLoader:240 - Cannot read IP mode file for STMicroelectronics.X-CUBE-DISPLAY.3.0.0
2024-08-16 08:50:55,673 [WARN] PackLoader:240 - Cannot read IP mode file for STMicroelectronics.X-CUBE-BLE1.7.0.0
2024-08-16 08:50:55,678 [WARN] PackLoader:240 - Cannot read IP mode file for emotas.I-CUBE-CANOPEN.1.3.0
2024-08-16 08:50:55,692 [WARN] PackLoader:240 - Cannot read IP mode file for STMicroelectronics.X-CUBE-BLEMGR.3.1.0
2024-08-16 08:50:55,702 [WARN] PackLoader:240 - Cannot read IP mode file for STMicroelectronics.FP-SNS-SMARTAG2.1.2.0
2024-08-16 08:50:55,714 [INFO] LogOutputStream:77 - [STDOUT_REDIRECT] 1 : Invalid condition id : UX_CORESTACK_Condition cause : null
2024-08-16 08:50:55,715 [INFO] LogOutputStream:77 - [STDOUT_REDIRECT] 1 : Invalid condition id : UX_CORESTACK_Condition cause : null
2024-08-16 08:50:55,716 [INFO] LogOutputStream:77 - [STDOUT_REDIRECT] 1 : Invalid condition id : UX_CORESTACK_Condition cause : null
2024-08-16 08:50:55,719 [INFO] LogOutputStream:77 - [STDOUT_REDIRECT] 1 : Invalid condition id : UX_CORESTACK_Condition cause : null
2024-08-16 08:50:55,721 [INFO] LogOutputStream:77 - [STDOUT_REDIRECT] 1 : Invalid condition id : UX_CORESTACK_Condition cause : null
2024-08-16 08:50:55,725 [WARN] PackLoader:240 - Cannot read IP mode file for STMicroelectronics.X-CUBE-AZRTOS-WL.2.0.0
2024-08-16 08:50:55,732 [WARN] PackLoader:240 - Cannot read IP mode file for STMicroelectronics.FP-SNS-MOTENV1.5.0.0
2024-08-16 08:50:55,738 [WARN] PackLoader:240 - Cannot read IP mode file for wolfSSL.I-CUBE-wolfMQTT.1.19.0
2024-08-16 08:50:55,745 [WARN] PackLoader:240 - Cannot read IP mode file for WES.I-CUBE-Cesium.1.3.0
2024-08-16 08:50:55,761 [WARN] PackLoader:240 - Cannot read IP mode file for STMicroelectronics.X-CUBE-BLE2.3.3.0
2024-08-16 08:50:55,766 [WARN] PackLoader:240 - Cannot read IP mode file for STMicroelectronics.X-CUBE-TCPP.4.1.0
2024-08-16 08:50:55,795 [WARN] PackLoader:240 - Cannot read IP mode file for STMicroelectronics.X-CUBE-AZRTOS-G0.1.1.0
2024-08-16 08:50:55,807 [WARN] PackLoader:240 - Cannot read IP mode file for STMicroelectronics.X-CUBE-SAFEA1.1.2.2
2024-08-16 08:50:55,813 [WARN] PackLoader:240 - Cannot read IP mode file for STMicroelectronics.X-CUBE-NFC4.3.0.0
2024-08-16 08:50:55,824 [WARN] PackLoader:240 - Cannot read IP mode file for EmbeddedOffice.I-CUBE-FS-RTOS.1.0.1
2024-08-16 08:50:55,825 [ERROR] ConditionMgr:805 - Attr not supported : Dmpu
2024-08-16 08:50:55,825 [ERROR] ConditionMgr:805 - Attr not supported : Dmpu
2024-08-16 08:50:55,825 [ERROR] ConditionMgr:805 - Attr not supported : Dmpu
2024-08-16 08:50:55,825 [ERROR] ConditionMgr:805 - Attr not supported : Dmpu
2024-08-16 08:50:55,825 [ERROR] ConditionMgr:805 - Attr not supported : Dmpu
2024-08-16 08:50:55,825 [ERROR] ConditionMgr:805 - Attr not supported : Dmpu
2024-08-16 08:50:55,825 [ERROR] ConditionMgr:805 - Attr not supported : Dmpu
2024-08-16 08:50:55,825 [ERROR] ConditionMgr:805 - Attr not supported : Dmpu
2024-08-16 08:50:55,825 [ERROR] ConditionMgr:805 - Attr not supported : Dmpu
2024-08-16 08:50:55,825 [ERROR] ConditionMgr:805 - Attr not supported : Dmpu
2024-08-16 08:50:55,825 [ERROR] ConditionMgr:805 - Attr not supported : Dmpu
2024-08-16 08:50:55,825 [ERROR] ConditionMgr:805 - Attr not supported : Dmpu
2024-08-16 08:50:55,826 [ERROR] ConditionMgr:805 - Attr not supported : Dmpu
2024-08-16 08:50:55,826 [ERROR] ConditionMgr:805 - Attr not supported : Dmpu
2024-08-16 08:50:55,826 [ERROR] ConditionMgr:805 - Attr not supported : Dmpu
2024-08-16 08:50:55,826 [ERROR] ConditionMgr:805 - Attr not supported : Dmpu
2024-08-16 08:50:55,826 [ERROR] ConditionMgr:805 - Attr not supported : Dmpu
2024-08-16 08:50:55,826 [ERROR] ConditionMgr:805 - Attr not supported : Dmpu
2024-08-16 08:50:55,826 [ERROR] ConditionMgr:805 - Attr not supported : Dmpu
2024-08-16 08:50:55,826 [ERROR] ConditionMgr:805 - Attr not supported : Dmpu
2024-08-16 08:50:55,827 [ERROR] ConditionMgr:805 - Attr not supported : Dmpu
2024-08-16 08:50:55,827 [ERROR] ConditionMgr:805 - Attr not supported : Dmpu
2024-08-16 08:50:55,827 [ERROR] ConditionMgr:805 - Attr not supported : Dmpu
2024-08-16 08:50:55,827 [ERROR] ConditionMgr:805 - Attr not supported : Dmpu
2024-08-16 08:50:55,827 [ERROR] ConditionMgr:805 - Attr not supported : Dmpu
2024-08-16 08:50:55,827 [ERROR] ConditionMgr:805 - Attr not supported : Dmpu
2024-08-16 08:50:55,827 [ERROR] ConditionMgr:805 - Attr not supported : Dmpu
2024-08-16 08:50:55,827 [ERROR] ConditionMgr:805 - Attr not supported : Dmpu
2024-08-16 08:50:55,828 [ERROR] ConditionMgr:805 - Attr not supported : Dmpu
2024-08-16 08:50:55,828 [ERROR] ConditionMgr:805 - Attr not supported : Dmpu
2024-08-16 08:50:55,828 [ERROR] ConditionMgr:805 - Attr not supported : Dmpu
2024-08-16 08:50:55,828 [ERROR] ConditionMgr:805 - Attr not supported : Dmpu
2024-08-16 08:50:55,832 [ERROR] ConditionMgr:805 - Attr not supported : Dmpu
2024-08-16 08:50:55,833 [ERROR] ConditionMgr:805 - Attr not supported : Dmpu
2024-08-16 08:50:55,833 [ERROR] ConditionMgr:805 - Attr not supported : Dmpu
2024-08-16 08:50:55,833 [ERROR] ConditionMgr:805 - Attr not supported : Dmpu
2024-08-16 08:50:55,834 [ERROR] ConditionMgr:805 - Attr not supported : Dmpu
2024-08-16 08:50:55,834 [ERROR] ConditionMgr:805 - Attr not supported : Dmpu
2024-08-16 08:50:55,834 [ERROR] ConditionMgr:805 - Attr not supported : Dmpu
2024-08-16 08:50:55,834 [ERROR] ConditionMgr:805 - Attr not supported : Dmpu
2024-08-16 08:50:55,834 [ERROR] ConditionMgr:805 - Attr not supported : Dmpu
2024-08-16 08:50:55,834 [ERROR] ConditionMgr:805 - Attr not supported : Dmpu
2024-08-16 08:50:55,834 [ERROR] ConditionMgr:805 - Attr not supported : Dmpu
2024-08-16 08:50:55,834 [ERROR] ConditionMgr:805 - Attr not supported : Dmpu
2024-08-16 08:50:55,834 [ERROR] ConditionMgr:805 - Attr not supported : Dmpu
2024-08-16 08:50:55,834 [ERROR] ConditionMgr:805 - Attr not supported : Dmpu
2024-08-16 08:50:55,834 [ERROR] ConditionMgr:805 - Attr not supported : Dmpu
2024-08-16 08:50:55,834 [ERROR] ConditionMgr:805 - Attr not supported : Dmpu
2024-08-16 08:50:55,834 [ERROR] ConditionMgr:805 - Attr not supported : Dmpu
2024-08-16 08:50:55,834 [ERROR] ConditionMgr:805 - Attr not supported : Dmpu
2024-08-16 08:50:55,834 [ERROR] ConditionMgr:805 - Attr not supported : Dmpu
2024-08-16 08:50:55,834 [ERROR] ConditionMgr:805 - Attr not supported : Dmpu
2024-08-16 08:50:55,834 [ERROR] ConditionMgr:805 - Attr not supported : Dmpu
2024-08-16 08:50:55,834 [ERROR] ConditionMgr:805 - Attr not supported : Dmpu
2024-08-16 08:50:55,834 [ERROR] ConditionMgr:805 - Attr not supported : Dmpu
2024-08-16 08:50:55,834 [ERROR] ConditionMgr:805 - Attr not supported : Dmpu
2024-08-16 08:50:55,834 [ERROR] ConditionMgr:805 - Attr not supported : Dmpu
2024-08-16 08:50:55,834 [ERROR] ConditionMgr:805 - Attr not supported : Dmpu
2024-08-16 08:50:55,835 [ERROR] ConditionMgr:805 - Attr not supported : Dmpu
2024-08-16 08:50:55,835 [ERROR] ConditionMgr:805 - Attr not supported : Dmpu
2024-08-16 08:50:55,835 [ERROR] ConditionMgr:805 - Attr not supported : Dmpu
2024-08-16 08:50:55,835 [ERROR] ConditionMgr:805 - Attr not supported : Dmpu
2024-08-16 08:50:55,835 [ERROR] ConditionMgr:805 - Attr not supported : Dmpu
2024-08-16 08:50:55,835 [ERROR] ConditionMgr:805 - Attr not supported : Dmpu
2024-08-16 08:50:55,842 [WARN] PackLoader:240 - Cannot read IP mode file for RealThread.X-CUBE-RT-Thread_Nano.4.1.1
2024-08-16 08:50:55,846 [WARN] PackLoader:240 - Cannot read IP mode file for wolfSSL.I-CUBE-wolfSSL.5.7.0
2024-08-16 08:50:55,852 [WARN] PackLoader:240 - Cannot read IP mode file for STMicroelectronics.FP-ATR-SIGFOX1.3.2.0
2024-08-16 08:50:55,862 [WARN] PackLoader:240 - Cannot read IP mode file for STMicroelectronics.X-CUBE-EEPRMA1.5.1.0
2024-08-16 08:50:55,870 [WARN] PackLoader:240 - Cannot read IP mode file for ITTIA_DB.I-CUBE-ITTIADB.8.9.0
2024-08-16 08:50:55,942 [WARN] PackLoader:240 - Cannot read IP mode file for SEGGER.I-CUBE-embOS.1.3.1
2024-08-16 08:50:56,018 [WARN] PackLoader:240 - Cannot read IP mode file for STMicroelectronics.X-CUBE-ALGOBUILD.1.4.0
2024-08-16 08:50:56,027 [WARN] PackLoader:240 - Cannot read IP mode file for STMicroelectronics.X-CUBE-GNSS1.6.0.0
2024-08-16 08:50:56,048 [WARN] PackLoader:240 - Cannot read IP mode file for STMicroelectronics.X-CUBE-AZRTOS-F4.1.1.0
2024-08-16 08:50:56,058 [WARN] PackLoader:240 - Cannot read IP mode file for STMicroelectronics.X-CUBE-FREERTOS.1.2.0
2024-08-16 08:50:56,075 [WARN] PackLoader:240 - Cannot read IP mode file for STMicroelectronics.X-CUBE-AZRTOS-L5.2.0.0
2024-08-16 08:50:56,086 [WARN] PackLoader:240 - Cannot read IP mode file for STMicroelectronics.X-CUBE-NFC6.3.1.0
2024-08-16 08:50:56,096 [WARN] PackLoader:240 - Cannot read IP mode file for STMicroelectronics.X-CUBE-DPower.1.2.0
2024-08-16 08:50:56,101 [WARN] PackLoader:240 - Cannot read IP mode file for STMicroelectronics.X-CUBE-AI.9.0.0
2024-08-16 08:50:56,106 [WARN] PackLoader:240 - Cannot read IP mode file for STMicroelectronics.X-CUBE-NFC7.1.0.1
2024-08-16 08:50:56,106 [INFO] WebApp:869 - Register for checkConnection events
2024-08-16 08:50:56,106 [INFO] WebApp:448 - Apply proxy settings
2024-08-16 08:50:56,106 [INFO] WebApp:533 - Chromium requires no authentication
2024-08-16 08:50:56,110 [WARN] PackLoader:240 - Cannot read IP mode file for wolfSSL.I-CUBE-wolfTPM.3.2.0
2024-08-16 08:50:56,110 [INFO] WebApp:476 - Direct internet connection detected
2024-08-16 08:50:56,127 [WARN] ConditionMgr:438 - getConditionDescription Invalid condition id : LAN8742 Phy interface Condition cause : null
2024-08-16 08:50:56,128 [WARN] PackLoader:240 - Cannot read IP mode file for STMicroelectronics.X-CUBE-AZRTOS-L4.2.0.0
2024-08-16 08:50:56,133 [WARN] ConditionMgr:1039 - genDependencies : Invalid condition id : LAN8742 Phy interface Condition cause : null
2024-08-16 08:50:56,133 [WARN] ConditionMgr:1039 - genDependencies : Invalid condition id : LAN8742 Phy interface Condition cause : null
2024-08-16 08:50:56,134 [WARN] ConditionMgr:1039 - genDependencies : Invalid condition id : LAN8742 Phy interface Condition cause : null
2024-08-16 08:50:56,146 [WARN] PackLoader:240 - Cannot read IP mode file for STMicroelectronics.X-CUBE-SFXS2LP1.4.0.0
2024-08-16 08:50:56,177 [WARN] PackLoader:240 - Cannot read IP mode file for STMicroelectronics.X-CUBE-AZRTOS-H7.3.3.0
2024-08-16 08:50:56,197 [WARN] ConditionMgr:438 - getConditionDescription Invalid condition id : UX DEVICE CLASS RTOS Condition cause : null
2024-08-16 08:50:56,197 [WARN] ConditionMgr:438 - getConditionDescription Invalid condition id : UX DEVICE CLASS RTOS Condition cause : null
2024-08-16 08:50:56,200 [WARN] PackLoader:240 - Cannot read IP mode file for STMicroelectronics.X-CUBE-AZRTOS-WB.2.0.0
2024-08-16 08:50:56,201 [WARN] ConditionMgr:1039 - genDependencies : Invalid condition id : UX DEVICE CLASS RTOS Condition cause : null
2024-08-16 08:50:56,201 [WARN] ConditionMgr:1039 - genDependencies : Invalid condition id : UX DEVICE CLASS RTOS Condition cause : null
2024-08-16 08:50:56,201 [WARN] ConditionMgr:1039 - genDependencies : Invalid condition id : UX DEVICE CLASS RTOS Condition cause : null
2024-08-16 08:50:56,202 [WARN] ConditionMgr:1039 - genDependencies : Invalid condition id : UX DEVICE CLASS RTOS Condition cause : null
2024-08-16 08:50:56,202 [WARN] ConditionMgr:1039 - genDependencies : Invalid condition id : UX DEVICE CLASS RTOS Condition cause : null
2024-08-16 08:50:56,210 [WARN] PackLoader:240 - Cannot read IP mode file for STMicroelectronics.FP-SNS-STBOX1.2.0.0
2024-08-16 08:50:56,221 [WARN] PackLoader:240 - Cannot read IP mode file for STMicroelectronics.X-CUBE-SUBG2.5.0.0
2024-08-16 08:50:56,228 [WARN] PackLoader:240 - Cannot read IP mode file for Cesanta.I-CUBE-Mongoose.7.13.0
2024-08-16 08:50:56,247 [WARN] PackLoader:240 - Cannot read IP mode file for STMicroelectronics.X-CUBE-AZRTOS-G4.2.0.0
2024-08-16 08:50:56,253 [WARN] PackLoader:240 - Cannot read IP mode file for STMicroelectronics.X-CUBE-ISPU.2.0.0
2024-08-16 08:50:56,258 [WARN] PackLoader:240 - Cannot read IP mode file for STMicroelectronics.X-CUBE-ALS.1.0.2
2024-08-16 08:50:56,301 [WARN] PackLoader:240 - Cannot read IP mode file for STMicroelectronics.X-CUBE-MEMS1.10.0.0
2024-08-16 08:50:56,460 [WARN] PackLoader:240 - Cannot read IP mode file for STMicroelectronics.X-CUBE-TOUCHGFX.4.24.0
2024-08-16 08:50:56,713 [WARN] PackLoader:240 - Cannot read IP mode file for portGmbH.I-Cube-SoM-uGOAL.1.1.0
2024-08-16 08:50:56,742 [WARN] PackLoader:240 - Cannot read IP mode file for STMicroelectronics.X-CUBE-AZRTOS-H7RS.1.0.0
2024-08-16 08:50:56,761 [WARN] PackLoader:240 - Cannot read IP mode file for STMicroelectronics.FP-ATR-ASTRA1.2.0.0
2024-08-16 08:50:56,773 [WARN] PackLoader:240 - Cannot read IP mode file for STMicroelectronics.X-CUBE-TOF1.3.4.2
2024-08-16 08:50:56,936 [WARN] PackLoader:240 - Cannot read IP mode file for STMicroelectronics.X-CUBE-TOF1.3.4.1
2024-08-16 08:50:56,968 [WARN] PackLoader:240 - Cannot read IP mode file for STMicroelectronics.X-CUBE-AZRTOS-H7.3.2.0
2024-08-16 08:50:56,992 [WARN] PackLoader:240 - Cannot read IP mode file for Infineon.AIROC-Wi-Fi-Bluetooth-STM32.1.6.0
2024-08-16 08:50:57,000 [WARN] PackLoader:240 - Cannot read IP mode file for wolfSSL.I-CUBE-wolfSSH.1.4.17
2024-08-16 08:50:57,000 [INFO] ThirdParty:978 - Integrity check success = true
2024-08-16 08:50:57,001 [INFO] IntegrityCheckThread:100 - exiting critical section [integrity check]
2024-08-16 08:50:57,001 [INFO] IntegrityCheckThread:103 - End integrity checks thread
2024-08-16 08:50:57,118 [INFO] WebApp:220 - Starting web application
2024-08-16 08:50:57,118 [INFO] WebApp:578 - Web application path used C:\ST\STM32CubeIDE_1.16.0\STM32CubeIDE\plugins\com.st.stm32cube.common.mx_6.12.0.202406281431\db\plugins\mcufinder\reactClient1\index.html
2024-08-16 08:50:57,417 [INFO] UserAuth:417 - Internet connection configuration mode: 1
2024-08-16 08:50:57,700 [INFO] WebApp:186 - Connection restablished
2024-08-16 11:47:30,802 [ERROR] LogOutputStream:75 - [STDERR_REDIRECT] 
