2024-07-15 08:41:44,632 [INFO] Activator:176 - 


2024-07-15 08:41:44,638 [INFO] Activator:177 - !SESSION log4j initialized
2024-07-15 08:41:51,927 [INFO] LogOutputStream:77 - [STDOUT_REDIRECT] 
2024-07-15 08:41:53,296 [INFO] ApplicationProperties:184 - Using Application install path: C:\ST\STM32CubeIDE_1.16.0\STM32CubeIDE\plugins\com.st.stm32cube.common.mx_6.12.0.202406281431
2024-07-15 08:41:53,318 [INFO] DbMcusXml:78 - Set database path to: C:\ST\STM32CubeIDE_1.16.0\STM32CubeIDE\plugins\com.st.stm32cube.common.mx_6.12.0.202406281431\\db\/mcu/
2024-07-15 08:41:53,318 [INFO] ApiDb:274 - Set plugin database path to: C:\ST\STM32CubeIDE_1.16.0\STM32CubeIDE\plugins\com.st.stm32cube.common.mx_6.12.0.202406281431\\db\/plugins/boardmanager/
2024-07-15 08:41:53,319 [WARN] ApiDb:259 - Overriding images path with different value:  => C:\ST\STM32CubeIDE_1.16.0\STM32CubeIDE\plugins\com.st.stm32cube.common.mx_6.12.0.202406281431\\db\/plugins/mcufinder/images/
2024-07-15 08:41:53,328 [INFO] ApiDb:250 - Set database path to: C:\Users\user\.stmcufinder\plugins\mcufinder//mcu/
2024-07-15 08:41:53,330 [INFO] DbMcusAds:125 - Set database path to: C:\Users\user\.stmcufinder\plugins\mcufinder//mcu/
2024-07-15 08:41:53,334 [INFO] CrossReferenceDbSqlite:203 - Set database path to: C:\Users\user\.stmcufinder\plugins\mcufinder//mcu/cs/
2024-07-15 08:41:53,442 [INFO] RulesReader:64 - Compatibility file has been processed (297 Rules)
2024-07-15 08:41:53,532 [INFO] DbMcusXml:78 - Set database path to: C:\ST\STM32CubeIDE_1.16.0\STM32CubeIDE\plugins\com.st.stm32cube.common.mx_6.12.0.202406281431\\db\/mcu/
2024-07-15 08:41:53,532 [INFO] ApiDb:274 - Set plugin database path to: C:\ST\STM32CubeIDE_1.16.0\STM32CubeIDE\plugins\com.st.stm32cube.common.mx_6.12.0.202406281431\\db\/plugins/boardmanager/
2024-07-15 08:41:53,533 [INFO] ApiDb:261 - Set plugin images path to: C:\ST\STM32CubeIDE_1.16.0\STM32CubeIDE\plugins\com.st.stm32cube.common.mx_6.12.0.202406281431\\db\/plugins/mcufinder/images/
2024-07-15 08:41:53,533 [WARN] DbFile:41 - Overriding database path with different value: C:\Users\user\.stmcufinder\plugins\mcufinder/ => C:\Users\user\.stmcufinder\plugins\mcufinder
2024-07-15 08:41:53,533 [INFO] ApiDb:250 - Set database path to: C:\Users\user\.stmcufinder\plugins\mcufinder//mcu/
2024-07-15 08:41:53,533 [WARN] DbFile:41 - Overriding database path with different value: C:\Users\user\.stmcufinder\plugins\mcufinder/ => C:\Users\user\.stmcufinder\plugins\mcufinder
2024-07-15 08:41:53,533 [INFO] DbMcusAds:125 - Set database path to: C:\Users\user\.stmcufinder\plugins\mcufinder//mcu/
2024-07-15 08:41:53,533 [WARN] DbFile:41 - Overriding database path with different value: C:\Users\user\.stmcufinder\plugins\mcufinder/ => C:\Users\user\.stmcufinder\plugins\mcufinder
2024-07-15 08:41:53,533 [WARN] DbFile:41 - Overriding database path with different value: C:\Users\user\.stmcufinder\plugins\mcufinder/ => C:\Users\user\.stmcufinder\plugins\mcufinder
2024-07-15 08:41:53,533 [INFO] CrossReferenceDbSqlite:203 - Set database path to: C:\Users\user\.stmcufinder\plugins\mcufinder//mcu/cs/
2024-07-15 08:41:53,638 [INFO] MainPanel:268 - HeapMemory: 591396864
2024-07-15 08:41:53,786 [INFO] DbMcusXml:78 - Set database path to: C:\ST\STM32CubeIDE_1.16.0\STM32CubeIDE\plugins\com.st.stm32cube.common.mx_6.12.0.202406281431\\db\/mcu/
2024-07-15 08:41:53,786 [INFO] ApiDb:274 - Set plugin database path to: C:\ST\STM32CubeIDE_1.16.0\STM32CubeIDE\plugins\com.st.stm32cube.common.mx_6.12.0.202406281431\\db\/plugins/boardmanager/
2024-07-15 08:41:53,786 [INFO] ApiDb:261 - Set plugin images path to: C:\ST\STM32CubeIDE_1.16.0\STM32CubeIDE\plugins\com.st.stm32cube.common.mx_6.12.0.202406281431\\db\/plugins/mcufinder/images/
2024-07-15 08:41:53,787 [WARN] DbFile:41 - Overriding database path with different value: C:\Users\user\.stmcufinder\plugins\mcufinder/ => C:\Users\user\.stmcufinder\plugins\mcufinder
2024-07-15 08:41:53,788 [INFO] ApiDb:250 - Set database path to: C:\Users\user\.stmcufinder\plugins\mcufinder//mcu/
2024-07-15 08:41:53,788 [WARN] DbFile:41 - Overriding database path with different value: C:\Users\user\.stmcufinder\plugins\mcufinder/ => C:\Users\user\.stmcufinder\plugins\mcufinder
2024-07-15 08:41:53,788 [INFO] DbMcusAds:125 - Set database path to: C:\Users\user\.stmcufinder\plugins\mcufinder//mcu/
2024-07-15 08:41:53,789 [WARN] DbFile:41 - Overriding database path with different value: C:\Users\user\.stmcufinder\plugins\mcufinder/ => C:\Users\user\.stmcufinder\plugins\mcufinder
2024-07-15 08:41:53,789 [WARN] DbFile:41 - Overriding database path with different value: C:\Users\user\.stmcufinder\plugins\mcufinder/ => C:\Users\user\.stmcufinder\plugins\mcufinder
2024-07-15 08:41:53,789 [INFO] CrossReferenceDbSqlite:203 - Set database path to: C:\Users\user\.stmcufinder\plugins\mcufinder//mcu/cs/
2024-07-15 08:41:53,811 [INFO] ApplicationProperties:184 - Using Application install path: C:\ST\STM32CubeIDE_1.16.0\STM32CubeIDE\plugins\com.st.stm32cube.common.mx_6.12.0.202406281431
2024-07-15 08:41:53,815 [INFO] PluginManage:196 - Search for loadable plugins [exclusion list=, ]
2024-07-15 08:41:53,818 [INFO] PluginManage:310 - Check plugin analytics
2024-07-15 08:41:54,063 [INFO] AnalyticsPlugin:253 - Accepted Software Licenses: STM32CubeMX.6.10.0,STM32CubeMX.6.11.0,STM32CubeMX.6.11.1,STM32CubeMX.6.12.0
2024-07-15 08:41:54,063 [INFO] AnalyticsPlugin:255 - Accepted CMSIS Pack Licenses: STMicroelectronics.X-CUBE-TOUCHGFX.4.23.2,STMicroelectronics.X-CUBE-TOF1.3.4.1,STMicroelectronics.X-CUBE-TOUCHGFX.4.24.0
2024-07-15 08:41:54,064 [INFO] AnalyticsPlugin:257 - Accepted Firmware Licenses: FW.G0.1.6.0,FW.H7.1.11.0,FW.C0.1.1.0
2024-07-15 08:41:54,068 [INFO] PluginManage:359 - Loaded plugin analytics (category:tool,tabindex:-1)
2024-07-15 08:41:54,070 [INFO] PluginManage:310 - Check plugin cadmodel
2024-07-15 08:41:54,076 [INFO] CADModel:105 - Init CAD model plugin
2024-07-15 08:41:54,078 [INFO] PluginManage:359 - Loaded plugin cadmodel (category:power,tabindex:5)
2024-07-15 08:41:54,079 [INFO] PluginManage:310 - Check plugin clock
2024-07-15 08:41:54,100 [INFO] PluginManage:359 - Loaded plugin clock (category:base,tabindex:2)
2024-07-15 08:41:54,100 [INFO] PluginManage:310 - Check plugin ddr
2024-07-15 08:41:54,106 [INFO] PluginManage:359 - Loaded plugin ddr (category:tool,tabindex:6)
2024-07-15 08:41:54,107 [INFO] PluginManage:310 - Check plugin filemanager
2024-07-15 08:41:54,307 [INFO] PluginManage:359 - Loaded plugin filemanager (category:base,tabindex:10)
2024-07-15 08:41:54,307 [INFO] PluginManage:310 - Check plugin ipmanager
2024-07-15 08:41:54,319 [INFO] PluginManage:359 - Loaded plugin ipmanager (category:base,tabindex:5)
2024-07-15 08:41:54,319 [INFO] PluginManage:310 - Check plugin lpbam
2024-07-15 08:41:54,328 [INFO] PluginManage:359 - Loaded plugin lpbam (category:base,tabindex:0)
2024-07-15 08:41:54,328 [INFO] PluginManage:310 - Check plugin memorymap
2024-07-15 08:41:54,350 [INFO] PluginManage:359 - Loaded plugin memorymap (category:base,tabindex:4)
2024-07-15 08:41:54,350 [INFO] PluginManage:310 - Check plugin pinoutandconfiguration
2024-07-15 08:41:54,358 [INFO] PluginManage:359 - Loaded plugin pinoutandconfiguration (category:base,tabindex:1)
2024-07-15 08:41:54,358 [INFO] PluginManage:310 - Check plugin pinoutconfig
2024-07-15 08:41:54,462 [WARN] SupportedApi:132 - Cannot load RTOS API schema: s4s-elt-must-match.1: The content of 'definitions' must match (annotation?, (simpleType | complexType)?, (unique | key | keyref)*)). A problem was found starting at: attribute.
2024-07-15 08:41:54,702 [INFO] PluginManage:359 - Loaded plugin pinoutconfig (category:base,tabindex:0)
2024-07-15 08:41:54,702 [INFO] PluginManage:310 - Check plugin power
2024-07-15 08:41:54,711 [INFO] PluginManage:359 - Loaded plugin power (category:power,tabindex:4)
2024-07-15 08:41:54,711 [INFO] PluginManage:310 - Check plugin projectmanager
2024-07-15 08:41:54,729 [INFO] PluginManage:359 - Loaded plugin projectmanager (category:projectmanager,tabindex:4)
2024-07-15 08:41:54,729 [INFO] PluginManage:310 - Check plugin rif
2024-07-15 08:41:54,736 [INFO] PluginManage:359 - Loaded plugin rif (category:base,tabindex:3)
2024-07-15 08:41:54,736 [INFO] PluginManage:310 - Check plugin thirdparty
2024-07-15 08:41:55,168 [INFO] PluginManage:359 - Loaded plugin thirdparty (category:base,tabindex:-1)
2024-07-15 08:41:55,169 [INFO] PluginManage:310 - Check plugin tools
2024-07-15 08:41:55,208 [WARN] IntegrityCheckThread:84 - waiting for thirdparty lock release [integrity check]
2024-07-15 08:41:55,208 [INFO] IntegrityCheckThread:86 - entering critical section [integrity check]
2024-07-15 08:41:55,208 [INFO] ThirdPartyUpdaterWithRetryManager:70 - Updater plugin not ready yet. [1/15]
2024-07-15 08:41:55,217 [INFO] PluginManage:359 - Loaded plugin tools (category:base,tabindex:7)
2024-07-15 08:41:55,217 [INFO] PluginManage:310 - Check plugin tutovideos
2024-07-15 08:41:55,436 [INFO] PluginManage:359 - Loaded plugin tutovideos (category:base,tabindex:-1)
2024-07-15 08:41:55,436 [INFO] PluginManage:310 - Check plugin updater
2024-07-15 08:41:55,454 [INFO] PluginManage:359 - Loaded plugin updater (category:base,tabindex:12)
2024-07-15 08:41:55,454 [INFO] PluginManage:310 - Check plugin userauth
2024-07-15 08:41:55,461 [INFO] UserAuth:113 - Init User Auth plugin
2024-07-15 08:41:55,461 [INFO] PluginManage:359 - Loaded plugin userauth (category:base,tabindex:14)
2024-07-15 08:41:55,461 [INFO] PluginManage:283 - PluginManage : Loaded plugins [18]
2024-07-15 08:41:55,705 [INFO] PinOutPanel:1561 - setPackage(No Configuration,No Configuration)
2024-07-15 08:41:55,788 [INFO] CADModel:165 - CPN selected for project level
2024-07-15 08:41:55,788 [INFO] CADModel:114 - Register for checkConnection events
2024-07-15 08:41:55,815 [INFO] IPUIPlugin:80 - create IPUIPlugin
2024-07-15 08:41:55,816 [INFO] PluginManager:220 - loadIPPluginJar : add adc
2024-07-15 08:41:55,820 [INFO] IPUIPlugin:80 - create IPUIPlugin
2024-07-15 08:41:55,820 [INFO] PluginManager:220 - loadIPPluginJar : add aes
2024-07-15 08:41:55,822 [INFO] IPUIPlugin:80 - create IPUIPlugin
2024-07-15 08:41:55,822 [INFO] PluginManager:220 - loadIPPluginJar : add can
2024-07-15 08:41:55,824 [INFO] IPUIPlugin:80 - create IPUIPlugin
2024-07-15 08:41:55,824 [INFO] PluginManager:220 - loadIPPluginJar : add comp
2024-07-15 08:41:55,826 [INFO] IPUIPlugin:80 - create IPUIPlugin
2024-07-15 08:41:55,826 [INFO] PluginManager:220 - loadIPPluginJar : add cryp
2024-07-15 08:41:55,829 [INFO] IPUIPlugin:80 - create IPUIPlugin
2024-07-15 08:41:55,829 [INFO] PluginManager:220 - loadIPPluginJar : add ddr_ctrl_phy
2024-07-15 08:41:55,832 [INFO] IPUIPlugin:80 - create IPUIPlugin
2024-07-15 08:41:55,832 [INFO] PluginManager:220 - loadIPPluginJar : add dfsdm
2024-07-15 08:41:55,838 [INFO] IPUIPlugin:80 - create IPUIPlugin
2024-07-15 08:41:55,838 [INFO] PluginManager:220 - loadIPPluginJar : add dma
2024-07-15 08:41:55,841 [INFO] IPUIPlugin:80 - create IPUIPlugin
2024-07-15 08:41:55,841 [INFO] PluginManager:220 - loadIPPluginJar : add dma3
2024-07-15 08:41:55,844 [INFO] IPUIPlugin:80 - create IPUIPlugin
2024-07-15 08:41:55,844 [INFO] PluginManager:220 - loadIPPluginJar : add extmemmanager
2024-07-15 08:41:55,845 [INFO] IPUIPlugin:80 - create IPUIPlugin
2024-07-15 08:41:55,846 [INFO] PluginManager:220 - loadIPPluginJar : add fatfs
2024-07-15 08:41:55,851 [INFO] IPUIPlugin:80 - create IPUIPlugin
2024-07-15 08:41:55,852 [INFO] PluginManager:220 - loadIPPluginJar : add fmc
2024-07-15 08:41:55,858 [INFO] IPUIPlugin:80 - create IPUIPlugin
2024-07-15 08:41:55,858 [INFO] PluginManager:220 - loadIPPluginJar : add freertos
2024-07-15 08:41:55,859 [INFO] IPUIPlugin:80 - create IPUIPlugin
2024-07-15 08:41:55,859 [INFO] PluginManager:220 - loadIPPluginJar : add genericplugin
2024-07-15 08:41:55,862 [INFO] IPUIPlugin:80 - create IPUIPlugin
2024-07-15 08:41:55,862 [INFO] PluginManager:220 - loadIPPluginJar : add gfxmmu
2024-07-15 08:41:55,868 [INFO] IPUIPlugin:80 - create IPUIPlugin
2024-07-15 08:41:55,868 [INFO] PluginManager:220 - loadIPPluginJar : add gic
2024-07-15 08:41:55,872 [INFO] IPUIPlugin:80 - create IPUIPlugin
2024-07-15 08:41:55,872 [INFO] PluginManager:220 - loadIPPluginJar : add gpio
2024-07-15 08:41:55,875 [INFO] IPUIPlugin:80 - create IPUIPlugin
2024-07-15 08:41:55,875 [INFO] PluginManager:220 - loadIPPluginJar : add gtzc
2024-07-15 08:41:55,878 [INFO] IPUIPlugin:80 - create IPUIPlugin
2024-07-15 08:41:55,878 [INFO] PluginManager:220 - loadIPPluginJar : add hash
2024-07-15 08:41:55,881 [INFO] IPUIPlugin:80 - create IPUIPlugin
2024-07-15 08:41:55,881 [INFO] PluginManager:220 - loadIPPluginJar : add i2c
2024-07-15 08:41:55,884 [INFO] IPUIPlugin:80 - create IPUIPlugin
2024-07-15 08:41:55,884 [INFO] PluginManager:220 - loadIPPluginJar : add i2s
2024-07-15 08:41:55,887 [INFO] IPUIPlugin:80 - create IPUIPlugin
2024-07-15 08:41:55,887 [INFO] PluginManager:220 - loadIPPluginJar : add i3c
2024-07-15 08:41:55,891 [INFO] IPUIPlugin:80 - create IPUIPlugin
2024-07-15 08:41:55,891 [INFO] PluginManager:220 - loadIPPluginJar : add ipddr
2024-07-15 08:41:55,898 [INFO] IPUIPlugin:80 - create IPUIPlugin
2024-07-15 08:41:55,899 [INFO] PluginManager:220 - loadIPPluginJar : add linkedlist
2024-07-15 08:41:55,902 [INFO] IPUIPlugin:80 - create IPUIPlugin
2024-07-15 08:41:55,902 [INFO] PluginManager:220 - loadIPPluginJar : add lorawan
2024-07-15 08:41:55,903 [INFO] IPUIPlugin:80 - create IPUIPlugin
2024-07-15 08:41:55,903 [INFO] PluginManager:220 - loadIPPluginJar : add ltdc
2024-07-15 08:41:55,908 [INFO] IPUIPlugin:80 - create IPUIPlugin
2024-07-15 08:41:55,909 [INFO] PluginManager:220 - loadIPPluginJar : add mdma
2024-07-15 08:41:55,914 [INFO] IPUIPlugin:80 - create IPUIPlugin
2024-07-15 08:41:55,914 [INFO] PluginManager:220 - loadIPPluginJar : add nvic
2024-07-15 08:41:55,918 [INFO] IPUIPlugin:80 - create IPUIPlugin
2024-07-15 08:41:55,919 [INFO] PluginManager:220 - loadIPPluginJar : add opamp
2024-07-15 08:41:55,921 [INFO] IPUIPlugin:80 - create IPUIPlugin
2024-07-15 08:41:55,922 [INFO] PluginManager:220 - loadIPPluginJar : add openamp
2024-07-15 08:41:55,924 [INFO] IPUIPlugin:80 - create IPUIPlugin
2024-07-15 08:41:55,924 [INFO] PluginManager:220 - loadIPPluginJar : add pdm2pcm
2024-07-15 08:41:55,929 [INFO] IPUIPlugin:80 - create IPUIPlugin
2024-07-15 08:41:55,932 [INFO] PluginManager:220 - loadIPPluginJar : add plateformsettings
2024-07-15 08:41:55,934 [INFO] IPUIPlugin:80 - create IPUIPlugin
2024-07-15 08:41:55,934 [INFO] PluginManager:220 - loadIPPluginJar : add quadspi
2024-07-15 08:41:55,937 [INFO] IPUIPlugin:80 - create IPUIPlugin
2024-07-15 08:41:55,938 [INFO] PluginManager:220 - loadIPPluginJar : add radio
2024-07-15 08:41:55,941 [INFO] IPUIPlugin:80 - create IPUIPlugin
2024-07-15 08:41:55,942 [INFO] PluginManager:220 - loadIPPluginJar : add resmgrutility
2024-07-15 08:41:55,944 [INFO] IPUIPlugin:80 - create IPUIPlugin
2024-07-15 08:41:55,944 [INFO] PluginManager:220 - loadIPPluginJar : add sai
2024-07-15 08:41:55,946 [INFO] IPUIPlugin:80 - create IPUIPlugin
2024-07-15 08:41:55,946 [INFO] PluginManager:220 - loadIPPluginJar : add spi
2024-07-15 08:41:55,952 [INFO] IPUIPlugin:80 - create IPUIPlugin
2024-07-15 08:41:55,952 [INFO] PluginManager:220 - loadIPPluginJar : add stm32_wpan
2024-07-15 08:41:55,954 [INFO] IPUIPlugin:80 - create IPUIPlugin
2024-07-15 08:41:55,954 [INFO] PluginManager:220 - loadIPPluginJar : add tim
2024-07-15 08:41:55,957 [INFO] IPUIPlugin:80 - create IPUIPlugin
2024-07-15 08:41:55,957 [INFO] PluginManager:220 - loadIPPluginJar : add touchsensing
2024-07-15 08:41:55,960 [INFO] IPUIPlugin:80 - create IPUIPlugin
2024-07-15 08:41:55,960 [INFO] PluginManager:220 - loadIPPluginJar : add tracer_emb
2024-07-15 08:41:55,962 [INFO] IPUIPlugin:80 - create IPUIPlugin
2024-07-15 08:41:55,962 [INFO] PluginManager:220 - loadIPPluginJar : add ts
2024-07-15 08:41:55,964 [INFO] IPUIPlugin:80 - create IPUIPlugin
2024-07-15 08:41:55,965 [INFO] PluginManager:220 - loadIPPluginJar : add tsc
2024-07-15 08:41:55,968 [INFO] IPUIPlugin:80 - create IPUIPlugin
2024-07-15 08:41:55,968 [INFO] PluginManager:220 - loadIPPluginJar : add ucpd
2024-07-15 08:41:55,970 [INFO] IPUIPlugin:80 - create IPUIPlugin
2024-07-15 08:41:55,970 [INFO] PluginManager:220 - loadIPPluginJar : add usart
2024-07-15 08:41:55,973 [INFO] IPUIPlugin:80 - create IPUIPlugin
2024-07-15 08:41:55,973 [INFO] PluginManager:220 - loadIPPluginJar : add usbx
2024-07-15 08:41:56,100 [INFO] CADModel:165 - CPN selected for project level
2024-07-15 08:41:56,100 [INFO] CADModel:114 - Register for checkConnection events
2024-07-15 08:41:56,100 [FATAL] Updater:334 - Updater called before beeing initialized
2024-07-15 08:41:56,100 [ERROR] CADModel:125 - Updater not yet initialized, retry later 
2024-07-15 08:41:56,236 [INFO] CADModel:165 - CPN selected for project level
2024-07-15 08:41:56,236 [INFO] CADModel:114 - Register for checkConnection events
2024-07-15 08:41:56,236 [FATAL] Updater:334 - Updater called before beeing initialized
2024-07-15 08:41:56,236 [ERROR] CADModel:125 - Updater not yet initialized, retry later 
2024-07-15 08:41:56,240 [FATAL] Updater:334 - Updater called before beeing initialized
2024-07-15 08:41:56,360 [FATAL] Updater:334 - Updater called before beeing initialized
2024-07-15 08:41:56,368 [INFO] DbMcusAds:53 - JSON generation date=Thu May 16 16:22:00 ICT 2024 (1715851320667)
2024-07-15 08:41:56,369 [FATAL] Updater:334 - Updater called before beeing initialized
2024-07-15 08:41:56,412 [WARN] DetailPanel:346 - Failed to get advertising image, set to default
2024-07-15 08:41:56,487 [FATAL] Updater:334 - Updater called before beeing initialized
2024-07-15 08:41:56,489 [FATAL] Updater:334 - Updater called before beeing initialized
2024-07-15 08:41:56,489 [FATAL] Updater:334 - Updater called before beeing initialized
2024-07-15 08:41:56,489 [WARN] DetailPanel:346 - Failed to get advertising image, set to default
2024-07-15 08:41:56,490 [FATAL] Updater:334 - Updater called before beeing initialized
2024-07-15 08:41:56,545 [ERROR] Updater:1164 - MainUpdater not yet initialized. External WinMGr cannot be set.
2024-07-15 08:41:56,548 [INFO] Updater:1100 - Updater Version found : 6.12.0
2024-07-15 08:41:56,573 [INFO] ApplicationProperties:184 - Using Application install path: C:\ST\STM32CubeIDE_1.16.0\STM32CubeIDE\plugins\com.st.stm32cube.common.mx_6.12.0.202406281431
2024-07-15 08:41:57,164 [INFO] MainUpdater:2873 - connection check result : 10
2024-07-15 08:41:57,165 [INFO] MainUpdater:3567 - Updater definition file requires update
2024-07-15 08:41:57,167 [INFO] MainUpdater:290 - Updater Check For Update Now.
2024-07-15 08:41:57,167 [INFO] MicroXplorer:498 - Change Database Version : DB.6.0.120
2024-07-15 08:41:57,175 [INFO] McuFinderGlobals:63 - Set McuFinder mode to 2 (CubeIDE integrated)
2024-07-15 08:41:57,176 [INFO] UserAuth:417 - Internet connection configuration mode: 1
2024-07-15 08:41:57,226 [INFO] JxBrowserEngine:152 - Initiate JxBrowser Engine with user profile folder
2024-07-15 08:41:57,246 [INFO] ServerAccessManage:473 - Download File updaters.zip
2024-07-15 08:41:57,388 [INFO] FileExtend:240 - Unzip File : updaters.zip
2024-07-15 08:41:57,388 [INFO] FileExtend:255 - Standard Zip Deflate
2024-07-15 08:41:57,789 [INFO] ServerAccessManage:473 - Download File PacksControlFlags.xml
2024-07-15 08:41:58,027 [INFO] ServerAccessManage:473 - Download File cubemx.pidx
2024-07-15 08:41:58,242 [WARN] MainUpdater:1194 - Updater busy. Cannot search thirdparties
2024-07-15 08:41:58,243 [INFO] ThirdPartyUpdaterWithRetryManager:96 - Updater plugin is busy. [1/15]
2024-07-15 08:41:58,342 [INFO] LoadServerUpdatesThread:375 - End of LoadServerUpdate Thread
2024-07-15 08:41:58,732 [INFO] WebApp:167 - Instantiating new browser for Auth
2024-07-15 08:41:58,750 [INFO] CheckServerUpdateThread:120 - End of CheckServer Thread
2024-07-15 08:41:59,994 [INFO] WebApp:448 - Apply proxy settings
2024-07-15 08:41:59,995 [INFO] WebApp:533 - Chromium requires no authentication
2024-07-15 08:42:00,012 [INFO] WebApp:476 - Direct internet connection detected
2024-07-15 08:42:00,071 [INFO] WebApp:869 - Register for checkConnection events
2024-07-15 08:42:00,071 [INFO] WebApp:448 - Apply proxy settings
2024-07-15 08:42:00,071 [INFO] WebApp:533 - Chromium requires no authentication
2024-07-15 08:42:00,072 [INFO] WebApp:476 - Direct internet connection detected
2024-07-15 08:42:00,539 [INFO] WebApp:186 - Connection restablished
2024-07-15 08:42:00,568 [INFO] WebApp:220 - Starting web application
2024-07-15 08:42:00,569 [INFO] WebApp:578 - Web application path used C:\ST\STM32CubeIDE_1.16.0\STM32CubeIDE\plugins\com.st.stm32cube.common.mx_6.12.0.202406281431\db\plugins\mcufinder\reactClient1\index.html
2024-07-15 08:42:00,778 [INFO] UserAuth:417 - Internet connection configuration mode: 1
2024-07-15 08:42:01,919 [WARN] PackLoader:240 - Cannot read IP mode file for STMicroelectronics.FP-SNS-MOTENVWB1.1.4.0
2024-07-15 08:42:01,951 [WARN] PackLoader:240 - Cannot read IP mode file for STMicroelectronics.X-CUBE-SMBUS.2.1.0
2024-07-15 08:42:02,045 [WARN] PackLoader:240 - Cannot read IP mode file for STMicroelectronics.X-CUBE-AZRTOS-F7.1.1.0
2024-07-15 08:42:02,073 [WARN] PackLoader:240 - Cannot read IP mode file for STMicroelectronics.FP-SNS-FLIGHT1.5.0.2
2024-07-15 08:42:02,107 [WARN] PackLoader:240 - Cannot read IP mode file for STMicroelectronics.X-CUBE-DISPLAY.3.0.0
2024-07-15 08:42:02,145 [ERROR] LogOutputStream:75 - [STDERR_REDIRECT] Jul 15, 2024 8:42:02 AM org.glassfish.grizzly.http.server.NetworkListener start
2024-07-15 08:42:02,145 [WARN] PackLoader:240 - Cannot read IP mode file for STMicroelectronics.X-CUBE-BLE1.7.0.0
2024-07-15 08:42:02,157 [ERROR] LogOutputStream:75 - [STDERR_REDIRECT] INFO: Started listener bound to [localhost:1598]
2024-07-15 08:42:02,158 [ERROR] LogOutputStream:75 - [STDERR_REDIRECT] 
2024-07-15 08:42:02,160 [ERROR] LogOutputStream:75 - [STDERR_REDIRECT] Jul 15, 2024 8:42:02 AM org.glassfish.grizzly.http.server.HttpServer start
2024-07-15 08:42:02,160 [ERROR] LogOutputStream:75 - [STDERR_REDIRECT] INFO: [HttpServer] Started.
2024-07-15 08:42:02,160 [ERROR] LogOutputStream:75 - [STDERR_REDIRECT] 
2024-07-15 08:42:02,163 [WARN] PackLoader:240 - Cannot read IP mode file for emotas.I-CUBE-CANOPEN.1.3.0
2024-07-15 08:42:02,201 [WARN] PackLoader:240 - Cannot read IP mode file for STMicroelectronics.X-CUBE-BLEMGR.3.1.0
2024-07-15 08:42:02,209 [WARN] PackLoader:240 - Cannot read IP mode file for STMicroelectronics.FP-SNS-SMARTAG2.1.2.0
2024-07-15 08:42:02,241 [INFO] LogOutputStream:77 - [STDOUT_REDIRECT] 1 : Invalid condition id : UX_CORESTACK_Condition cause : null
2024-07-15 08:42:02,242 [INFO] LogOutputStream:77 - [STDOUT_REDIRECT] 1 : Invalid condition id : UX_CORESTACK_Condition cause : null
2024-07-15 08:42:02,244 [INFO] LogOutputStream:77 - [STDOUT_REDIRECT] 1 : Invalid condition id : UX_CORESTACK_Condition cause : null
2024-07-15 08:42:02,245 [INFO] LogOutputStream:77 - [STDOUT_REDIRECT] 1 : Invalid condition id : UX_CORESTACK_Condition cause : null
2024-07-15 08:42:02,254 [INFO] LogOutputStream:77 - [STDOUT_REDIRECT] 1 : Invalid condition id : UX_CORESTACK_Condition cause : null
2024-07-15 08:42:02,259 [WARN] PackLoader:240 - Cannot read IP mode file for STMicroelectronics.X-CUBE-AZRTOS-WL.2.0.0
2024-07-15 08:42:02,277 [WARN] PackLoader:240 - Cannot read IP mode file for STMicroelectronics.FP-SNS-MOTENV1.5.0.0
2024-07-15 08:42:02,289 [WARN] PackLoader:240 - Cannot read IP mode file for wolfSSL.I-CUBE-wolfMQTT.1.19.0
2024-07-15 08:42:02,301 [WARN] PackLoader:240 - Cannot read IP mode file for WES.I-CUBE-Cesium.1.3.0
2024-07-15 08:42:02,307 [WARN] PackLoader:240 - Cannot read IP mode file for STMicroelectronics.X-CUBE-BLE2.3.3.0
2024-07-15 08:42:02,321 [WARN] PackLoader:240 - Cannot read IP mode file for STMicroelectronics.X-CUBE-TCPP.4.1.0
2024-07-15 08:42:02,346 [WARN] PackLoader:240 - Cannot read IP mode file for STMicroelectronics.X-CUBE-AZRTOS-G0.1.1.0
2024-07-15 08:42:02,358 [WARN] PackLoader:240 - Cannot read IP mode file for STMicroelectronics.X-CUBE-SAFEA1.1.2.2
2024-07-15 08:42:02,370 [WARN] PackLoader:240 - Cannot read IP mode file for STMicroelectronics.X-CUBE-NFC4.3.0.0
2024-07-15 08:42:02,392 [WARN] PackLoader:240 - Cannot read IP mode file for EmbeddedOffice.I-CUBE-FS-RTOS.1.0.1
2024-07-15 08:42:02,393 [ERROR] ConditionMgr:805 - Attr not supported : Dmpu
2024-07-15 08:42:02,393 [ERROR] ConditionMgr:805 - Attr not supported : Dmpu
2024-07-15 08:42:02,393 [ERROR] ConditionMgr:805 - Attr not supported : Dmpu
2024-07-15 08:42:02,393 [ERROR] ConditionMgr:805 - Attr not supported : Dmpu
2024-07-15 08:42:02,393 [ERROR] ConditionMgr:805 - Attr not supported : Dmpu
2024-07-15 08:42:02,393 [ERROR] ConditionMgr:805 - Attr not supported : Dmpu
2024-07-15 08:42:02,393 [ERROR] ConditionMgr:805 - Attr not supported : Dmpu
2024-07-15 08:42:02,393 [ERROR] ConditionMgr:805 - Attr not supported : Dmpu
2024-07-15 08:42:02,393 [ERROR] ConditionMgr:805 - Attr not supported : Dmpu
2024-07-15 08:42:02,393 [ERROR] ConditionMgr:805 - Attr not supported : Dmpu
2024-07-15 08:42:02,393 [ERROR] ConditionMgr:805 - Attr not supported : Dmpu
2024-07-15 08:42:02,394 [ERROR] ConditionMgr:805 - Attr not supported : Dmpu
2024-07-15 08:42:02,394 [ERROR] ConditionMgr:805 - Attr not supported : Dmpu
2024-07-15 08:42:02,394 [ERROR] ConditionMgr:805 - Attr not supported : Dmpu
2024-07-15 08:42:02,394 [ERROR] ConditionMgr:805 - Attr not supported : Dmpu
2024-07-15 08:42:02,394 [ERROR] ConditionMgr:805 - Attr not supported : Dmpu
2024-07-15 08:42:02,394 [ERROR] ConditionMgr:805 - Attr not supported : Dmpu
2024-07-15 08:42:02,394 [ERROR] ConditionMgr:805 - Attr not supported : Dmpu
2024-07-15 08:42:02,394 [ERROR] ConditionMgr:805 - Attr not supported : Dmpu
2024-07-15 08:42:02,394 [ERROR] ConditionMgr:805 - Attr not supported : Dmpu
2024-07-15 08:42:02,394 [ERROR] ConditionMgr:805 - Attr not supported : Dmpu
2024-07-15 08:42:02,394 [ERROR] ConditionMgr:805 - Attr not supported : Dmpu
2024-07-15 08:42:02,394 [ERROR] ConditionMgr:805 - Attr not supported : Dmpu
2024-07-15 08:42:02,394 [ERROR] ConditionMgr:805 - Attr not supported : Dmpu
2024-07-15 08:42:02,394 [ERROR] ConditionMgr:805 - Attr not supported : Dmpu
2024-07-15 08:42:02,394 [ERROR] ConditionMgr:805 - Attr not supported : Dmpu
2024-07-15 08:42:02,394 [ERROR] ConditionMgr:805 - Attr not supported : Dmpu
2024-07-15 08:42:02,394 [ERROR] ConditionMgr:805 - Attr not supported : Dmpu
2024-07-15 08:42:02,394 [ERROR] ConditionMgr:805 - Attr not supported : Dmpu
2024-07-15 08:42:02,394 [ERROR] ConditionMgr:805 - Attr not supported : Dmpu
2024-07-15 08:42:02,395 [ERROR] ConditionMgr:805 - Attr not supported : Dmpu
2024-07-15 08:42:02,395 [ERROR] ConditionMgr:805 - Attr not supported : Dmpu
2024-07-15 08:42:02,395 [ERROR] ConditionMgr:805 - Attr not supported : Dmpu
2024-07-15 08:42:02,395 [ERROR] ConditionMgr:805 - Attr not supported : Dmpu
2024-07-15 08:42:02,395 [ERROR] ConditionMgr:805 - Attr not supported : Dmpu
2024-07-15 08:42:02,395 [ERROR] ConditionMgr:805 - Attr not supported : Dmpu
2024-07-15 08:42:02,395 [ERROR] ConditionMgr:805 - Attr not supported : Dmpu
2024-07-15 08:42:02,395 [ERROR] ConditionMgr:805 - Attr not supported : Dmpu
2024-07-15 08:42:02,395 [ERROR] ConditionMgr:805 - Attr not supported : Dmpu
2024-07-15 08:42:02,395 [ERROR] ConditionMgr:805 - Attr not supported : Dmpu
2024-07-15 08:42:02,395 [ERROR] ConditionMgr:805 - Attr not supported : Dmpu
2024-07-15 08:42:02,395 [ERROR] ConditionMgr:805 - Attr not supported : Dmpu
2024-07-15 08:42:02,395 [ERROR] ConditionMgr:805 - Attr not supported : Dmpu
2024-07-15 08:42:02,395 [ERROR] ConditionMgr:805 - Attr not supported : Dmpu
2024-07-15 08:42:02,395 [ERROR] ConditionMgr:805 - Attr not supported : Dmpu
2024-07-15 08:42:02,395 [ERROR] ConditionMgr:805 - Attr not supported : Dmpu
2024-07-15 08:42:02,395 [ERROR] ConditionMgr:805 - Attr not supported : Dmpu
2024-07-15 08:42:02,395 [ERROR] ConditionMgr:805 - Attr not supported : Dmpu
2024-07-15 08:42:02,395 [ERROR] ConditionMgr:805 - Attr not supported : Dmpu
2024-07-15 08:42:02,395 [ERROR] ConditionMgr:805 - Attr not supported : Dmpu
2024-07-15 08:42:02,395 [ERROR] ConditionMgr:805 - Attr not supported : Dmpu
2024-07-15 08:42:02,395 [ERROR] ConditionMgr:805 - Attr not supported : Dmpu
2024-07-15 08:42:02,395 [ERROR] ConditionMgr:805 - Attr not supported : Dmpu
2024-07-15 08:42:02,395 [ERROR] ConditionMgr:805 - Attr not supported : Dmpu
2024-07-15 08:42:02,395 [ERROR] ConditionMgr:805 - Attr not supported : Dmpu
2024-07-15 08:42:02,395 [ERROR] ConditionMgr:805 - Attr not supported : Dmpu
2024-07-15 08:42:02,395 [ERROR] ConditionMgr:805 - Attr not supported : Dmpu
2024-07-15 08:42:02,395 [ERROR] ConditionMgr:805 - Attr not supported : Dmpu
2024-07-15 08:42:02,395 [ERROR] ConditionMgr:805 - Attr not supported : Dmpu
2024-07-15 08:42:02,396 [ERROR] ConditionMgr:805 - Attr not supported : Dmpu
2024-07-15 08:42:02,396 [ERROR] ConditionMgr:805 - Attr not supported : Dmpu
2024-07-15 08:42:02,396 [ERROR] ConditionMgr:805 - Attr not supported : Dmpu
2024-07-15 08:42:02,396 [ERROR] ConditionMgr:805 - Attr not supported : Dmpu
2024-07-15 08:42:02,399 [ERROR] ConditionMgr:805 - Attr not supported : Dmpu
2024-07-15 08:42:02,405 [WARN] PackLoader:240 - Cannot read IP mode file for RealThread.X-CUBE-RT-Thread_Nano.4.1.1
2024-07-15 08:42:02,410 [WARN] PackLoader:240 - Cannot read IP mode file for wolfSSL.I-CUBE-wolfSSL.5.7.0
2024-07-15 08:42:02,414 [WARN] PackLoader:240 - Cannot read IP mode file for STMicroelectronics.FP-ATR-SIGFOX1.3.2.0
2024-07-15 08:42:02,426 [WARN] PackLoader:240 - Cannot read IP mode file for STMicroelectronics.X-CUBE-EEPRMA1.5.1.0
2024-07-15 08:42:02,439 [WARN] PackLoader:240 - Cannot read IP mode file for ITTIA_DB.I-CUBE-ITTIADB.8.9.0
2024-07-15 08:42:02,492 [WARN] PackLoader:240 - Cannot read IP mode file for SEGGER.I-CUBE-embOS.1.3.1
2024-07-15 08:42:02,555 [WARN] PackLoader:240 - Cannot read IP mode file for STMicroelectronics.X-CUBE-ALGOBUILD.1.4.0
2024-07-15 08:42:02,561 [WARN] PackLoader:240 - Cannot read IP mode file for STMicroelectronics.X-CUBE-GNSS1.6.0.0
2024-07-15 08:42:02,591 [WARN] PackLoader:240 - Cannot read IP mode file for STMicroelectronics.X-CUBE-AZRTOS-F4.1.1.0
2024-07-15 08:42:02,605 [WARN] PackLoader:240 - Cannot read IP mode file for STMicroelectronics.X-CUBE-FREERTOS.1.2.0
2024-07-15 08:42:02,635 [WARN] PackLoader:240 - Cannot read IP mode file for STMicroelectronics.X-CUBE-AZRTOS-L5.2.0.0
2024-07-15 08:42:02,653 [WARN] PackLoader:240 - Cannot read IP mode file for STMicroelectronics.X-CUBE-NFC6.3.1.0
2024-07-15 08:42:02,660 [WARN] PackLoader:240 - Cannot read IP mode file for STMicroelectronics.X-CUBE-DPower.1.2.0
2024-07-15 08:42:02,668 [WARN] PackLoader:240 - Cannot read IP mode file for STMicroelectronics.X-CUBE-AI.9.0.0
2024-07-15 08:42:02,674 [WARN] PackLoader:240 - Cannot read IP mode file for STMicroelectronics.X-CUBE-NFC7.1.0.1
2024-07-15 08:42:02,688 [WARN] PackLoader:240 - Cannot read IP mode file for wolfSSL.I-CUBE-wolfTPM.3.2.0
2024-07-15 08:42:02,710 [WARN] ConditionMgr:438 - getConditionDescription Invalid condition id : LAN8742 Phy interface Condition cause : null
2024-07-15 08:42:02,710 [WARN] PackLoader:240 - Cannot read IP mode file for STMicroelectronics.X-CUBE-AZRTOS-L4.2.0.0
2024-07-15 08:42:02,712 [WARN] ConditionMgr:1039 - genDependencies : Invalid condition id : LAN8742 Phy interface Condition cause : null
2024-07-15 08:42:02,712 [WARN] ConditionMgr:1039 - genDependencies : Invalid condition id : LAN8742 Phy interface Condition cause : null
2024-07-15 08:42:02,713 [WARN] ConditionMgr:1039 - genDependencies : Invalid condition id : LAN8742 Phy interface Condition cause : null
2024-07-15 08:42:02,740 [WARN] PackLoader:240 - Cannot read IP mode file for STMicroelectronics.X-CUBE-SFXS2LP1.4.0.0
2024-07-15 08:42:02,758 [WARN] ConditionMgr:438 - getConditionDescription Invalid condition id : UX DEVICE CLASS RTOS Condition cause : null
2024-07-15 08:42:02,758 [WARN] ConditionMgr:438 - getConditionDescription Invalid condition id : UX DEVICE CLASS RTOS Condition cause : null
2024-07-15 08:42:02,761 [WARN] PackLoader:240 - Cannot read IP mode file for STMicroelectronics.X-CUBE-AZRTOS-WB.2.0.0
2024-07-15 08:42:02,761 [WARN] ConditionMgr:1039 - genDependencies : Invalid condition id : UX DEVICE CLASS RTOS Condition cause : null
2024-07-15 08:42:02,761 [WARN] ConditionMgr:1039 - genDependencies : Invalid condition id : UX DEVICE CLASS RTOS Condition cause : null
2024-07-15 08:42:02,762 [WARN] ConditionMgr:1039 - genDependencies : Invalid condition id : UX DEVICE CLASS RTOS Condition cause : null
2024-07-15 08:42:02,762 [WARN] ConditionMgr:1039 - genDependencies : Invalid condition id : UX DEVICE CLASS RTOS Condition cause : null
2024-07-15 08:42:02,763 [WARN] ConditionMgr:1039 - genDependencies : Invalid condition id : UX DEVICE CLASS RTOS Condition cause : null
2024-07-15 08:42:02,779 [WARN] PackLoader:240 - Cannot read IP mode file for STMicroelectronics.X-CUBE-SUBG2.5.0.0
2024-07-15 08:42:02,808 [WARN] PackLoader:240 - Cannot read IP mode file for Cesanta.I-CUBE-Mongoose.7.13.0
2024-07-15 08:42:02,844 [WARN] PackLoader:240 - Cannot read IP mode file for STMicroelectronics.X-CUBE-AZRTOS-G4.2.0.0
2024-07-15 08:42:02,861 [WARN] PackLoader:240 - Cannot read IP mode file for STMicroelectronics.X-CUBE-ISPU.2.0.0
2024-07-15 08:42:02,878 [WARN] PackLoader:240 - Cannot read IP mode file for STMicroelectronics.X-CUBE-ALS.1.0.2
2024-07-15 08:42:03,125 [WARN] PackLoader:240 - Cannot read IP mode file for STMicroelectronics.X-CUBE-MEMS1.10.0.0
2024-07-15 08:42:03,441 [WARN] PackLoader:240 - Cannot read IP mode file for STMicroelectronics.X-CUBE-TOUCHGFX.4.24.0
2024-07-15 08:42:03,645 [WARN] PackLoader:240 - Cannot read IP mode file for portGmbH.I-Cube-SoM-uGOAL.1.1.0
2024-07-15 08:42:03,676 [WARN] PackLoader:240 - Cannot read IP mode file for STMicroelectronics.X-CUBE-AZRTOS-H7RS.1.0.0
2024-07-15 08:42:03,685 [WARN] PackLoader:240 - Cannot read IP mode file for STMicroelectronics.FP-ATR-ASTRA1.2.0.0
2024-07-15 08:42:03,695 [WARN] PackLoader:240 - Cannot read IP mode file for STMicroelectronics.X-CUBE-TOF1.3.4.1
2024-07-15 08:42:03,728 [WARN] PackLoader:240 - Cannot read IP mode file for STMicroelectronics.X-CUBE-AZRTOS-H7.3.2.0
2024-07-15 08:42:03,745 [WARN] PackLoader:240 - Cannot read IP mode file for Infineon.AIROC-Wi-Fi-Bluetooth-STM32.1.6.0
2024-07-15 08:42:03,755 [WARN] PackLoader:240 - Cannot read IP mode file for wolfSSL.I-CUBE-wolfSSH.1.4.17
2024-07-15 08:42:03,756 [INFO] ThirdParty:978 - Integrity check success = true
2024-07-15 08:42:03,756 [INFO] IntegrityCheckThread:100 - exiting critical section [integrity check]
2024-07-15 08:42:03,756 [INFO] IntegrityCheckThread:103 - End integrity checks thread
2024-07-15 17:31:38,459 [INFO] WebApp:388 - JxBrowser engine has been closed 
