2024-01-11 09:03:54,690 [INFO] Activator:176 - 


2024-01-11 09:03:54,694 [INFO] Activator:177 - !SESSION log4j initialized
2024-01-11 09:04:01,028 [ERROR] LogOutputStream:75 - [STDERR_REDIRECT] ?.?. 11, 2024 9:04:01 ??????? org.glassfish.grizzly.http.server.NetworkListener start
2024-01-11 09:04:01,029 [ERROR] LogOutputStream:75 - [STDERR_REDIRECT] INFO: Started listener bound to [localhost:1593]
2024-01-11 09:04:01,030 [ERROR] LogOutputStream:75 - [STDERR_REDIRECT] 
2024-01-11 09:04:01,032 [ERROR] LogOutputStream:75 - [STDERR_REDIRECT] ?.?. 11, 2024 9:04:01 ??????? org.glassfish.grizzly.http.server.HttpServer start
2024-01-11 09:04:01,033 [ERROR] LogOutputStream:75 - [STDERR_REDIRECT] INFO: [HttpServer] Started.
2024-01-11 09:04:01,033 [ERROR] LogOutputStream:75 - [STDERR_REDIRECT] 
2024-01-11 09:04:02,049 [INFO] LogOutputStream:77 - [STDOUT_REDIRECT] 
2024-01-11 09:04:03,176 [INFO] ApplicationProperties:184 - Using Application install path: C:\ST\STM32CubeIDE_1.12.0\STM32CubeIDE\plugins\com.st.stm32cube.common.mx_6.10.0.202311202037
2024-01-11 09:04:03,199 [INFO] DbMcusXml:78 - Set database path to: C:\ST\STM32CubeIDE_1.12.0\STM32CubeIDE\plugins\com.st.stm32cube.common.mx_6.10.0.202311202037\\db\/mcu/
2024-01-11 09:04:03,199 [INFO] ApiDb:274 - Set plugin database path to: C:\ST\STM32CubeIDE_1.12.0\STM32CubeIDE\plugins\com.st.stm32cube.common.mx_6.10.0.202311202037\\db\/plugins/boardmanager/
2024-01-11 09:04:03,200 [WARN] ApiDb:259 - Overriding images path with different value:  => C:\ST\STM32CubeIDE_1.12.0\STM32CubeIDE\plugins\com.st.stm32cube.common.mx_6.10.0.202311202037\\db\/plugins/mcufinder/images/
2024-01-11 09:04:03,216 [INFO] ApiDb:250 - Set database path to: C:\Users\user\.stmcufinder\plugins\mcufinder//mcu/
2024-01-11 09:04:03,219 [INFO] DbMcusAds:125 - Set database path to: C:\Users\user\.stmcufinder\plugins\mcufinder//mcu/
2024-01-11 09:04:03,221 [INFO] CrossReferenceDbSqlite:203 - Set database path to: C:\Users\user\.stmcufinder\plugins\mcufinder//mcu/cs/
2024-01-11 09:04:03,365 [INFO] RulesReader:64 - Compatibility file has been processed (297 Rules)
2024-01-11 09:04:03,444 [INFO] DbMcusXml:78 - Set database path to: C:\ST\STM32CubeIDE_1.12.0\STM32CubeIDE\plugins\com.st.stm32cube.common.mx_6.10.0.202311202037\\db\/mcu/
2024-01-11 09:04:03,444 [INFO] ApiDb:274 - Set plugin database path to: C:\ST\STM32CubeIDE_1.12.0\STM32CubeIDE\plugins\com.st.stm32cube.common.mx_6.10.0.202311202037\\db\/plugins/boardmanager/
2024-01-11 09:04:03,444 [INFO] ApiDb:261 - Set plugin images path to: C:\ST\STM32CubeIDE_1.12.0\STM32CubeIDE\plugins\com.st.stm32cube.common.mx_6.10.0.202311202037\\db\/plugins/mcufinder/images/
2024-01-11 09:04:03,445 [WARN] DbFile:41 - Overriding database path with different value: C:\Users\user\.stmcufinder\plugins\mcufinder/ => C:\Users\user\.stmcufinder\plugins\mcufinder
2024-01-11 09:04:03,445 [INFO] ApiDb:250 - Set database path to: C:\Users\user\.stmcufinder\plugins\mcufinder//mcu/
2024-01-11 09:04:03,445 [WARN] DbFile:41 - Overriding database path with different value: C:\Users\user\.stmcufinder\plugins\mcufinder/ => C:\Users\user\.stmcufinder\plugins\mcufinder
2024-01-11 09:04:03,445 [INFO] DbMcusAds:125 - Set database path to: C:\Users\user\.stmcufinder\plugins\mcufinder//mcu/
2024-01-11 09:04:03,445 [WARN] DbFile:41 - Overriding database path with different value: C:\Users\user\.stmcufinder\plugins\mcufinder/ => C:\Users\user\.stmcufinder\plugins\mcufinder
2024-01-11 09:04:03,445 [WARN] DbFile:41 - Overriding database path with different value: C:\Users\user\.stmcufinder\plugins\mcufinder/ => C:\Users\user\.stmcufinder\plugins\mcufinder
2024-01-11 09:04:03,445 [INFO] CrossReferenceDbSqlite:203 - Set database path to: C:\Users\user\.stmcufinder\plugins\mcufinder//mcu/cs/
2024-01-11 09:04:03,535 [INFO] MainPanel:264 - HeapMemory: 300941312
2024-01-11 09:04:03,652 [INFO] DbMcusXml:78 - Set database path to: C:\ST\STM32CubeIDE_1.12.0\STM32CubeIDE\plugins\com.st.stm32cube.common.mx_6.10.0.202311202037\\db\/mcu/
2024-01-11 09:04:03,652 [INFO] ApiDb:274 - Set plugin database path to: C:\ST\STM32CubeIDE_1.12.0\STM32CubeIDE\plugins\com.st.stm32cube.common.mx_6.10.0.202311202037\\db\/plugins/boardmanager/
2024-01-11 09:04:03,652 [INFO] ApiDb:261 - Set plugin images path to: C:\ST\STM32CubeIDE_1.12.0\STM32CubeIDE\plugins\com.st.stm32cube.common.mx_6.10.0.202311202037\\db\/plugins/mcufinder/images/
2024-01-11 09:04:03,652 [WARN] DbFile:41 - Overriding database path with different value: C:\Users\user\.stmcufinder\plugins\mcufinder/ => C:\Users\user\.stmcufinder\plugins\mcufinder
2024-01-11 09:04:03,652 [INFO] ApiDb:250 - Set database path to: C:\Users\user\.stmcufinder\plugins\mcufinder//mcu/
2024-01-11 09:04:03,652 [WARN] DbFile:41 - Overriding database path with different value: C:\Users\user\.stmcufinder\plugins\mcufinder/ => C:\Users\user\.stmcufinder\plugins\mcufinder
2024-01-11 09:04:03,652 [INFO] DbMcusAds:125 - Set database path to: C:\Users\user\.stmcufinder\plugins\mcufinder//mcu/
2024-01-11 09:04:03,652 [WARN] DbFile:41 - Overriding database path with different value: C:\Users\user\.stmcufinder\plugins\mcufinder/ => C:\Users\user\.stmcufinder\plugins\mcufinder
2024-01-11 09:04:03,652 [WARN] DbFile:41 - Overriding database path with different value: C:\Users\user\.stmcufinder\plugins\mcufinder/ => C:\Users\user\.stmcufinder\plugins\mcufinder
2024-01-11 09:04:03,653 [INFO] CrossReferenceDbSqlite:203 - Set database path to: C:\Users\user\.stmcufinder\plugins\mcufinder//mcu/cs/
2024-01-11 09:04:03,669 [INFO] ApplicationProperties:184 - Using Application install path: C:\ST\STM32CubeIDE_1.12.0\STM32CubeIDE\plugins\com.st.stm32cube.common.mx_6.10.0.202311202037
2024-01-11 09:04:03,671 [INFO] PluginManage:196 - Search for loadable plugins [exclusion list=, ]
2024-01-11 09:04:03,672 [INFO] PluginManage:310 - Check plugin analytics
2024-01-11 09:04:03,853 [INFO] AnalyticsPlugin:253 - Accepted Software Licenses: STM32CubeMX.6.8.0,STM32CubeMX.6.8.1,STM32CubeMX.6.5.0,STM32CubeMX.6.9.1,STM32CubeMX.6.9.2,STM32CubeMX.6.10.0
2024-01-11 09:04:03,853 [INFO] AnalyticsPlugin:255 - Accepted CMSIS Pack Licenses: emotas.I-CUBE-CANOPEN.1.1.3,STMicroelectronics.X-CUBE-TOUCHGFX.4.21.0,STMicroelectronics.X-CUBE-TOUCHGFX.4.21.1,STMicroelectronics.X-CUBE-TOUCHGFX.4.18.0,STMicroelectronics.X-CUBE-TOUCHGFX.4.22.1,STMicroelectronics.X-CUBE-AZRTOS-H7.3.1.0,STMicroelectronics.X-CUBE-AZRTOS-H7.3.2.0,ITTIA_DB.I-CUBE-ITTIADB.8.8.0
2024-01-11 09:04:03,854 [INFO] AnalyticsPlugin:257 - Accepted Firmware Licenses: FW.H7.1.11.0,FW.G0.1.6.0,FW.F4.1.27.0
2024-01-11 09:04:03,856 [INFO] PluginManage:359 - Loaded plugin analytics (category:tool,tabindex:-1)
2024-01-11 09:04:03,856 [INFO] PluginManage:310 - Check plugin cadmodel
2024-01-11 09:04:03,864 [INFO] CADModel:105 - Init CAD model plugin
2024-01-11 09:04:03,865 [INFO] PluginManage:359 - Loaded plugin cadmodel (category:power,tabindex:5)
2024-01-11 09:04:03,865 [INFO] PluginManage:310 - Check plugin clock
2024-01-11 09:04:03,878 [INFO] PluginManage:359 - Loaded plugin clock (category:base,tabindex:2)
2024-01-11 09:04:03,878 [INFO] PluginManage:310 - Check plugin ddr
2024-01-11 09:04:03,880 [INFO] PluginManage:359 - Loaded plugin ddr (category:tool,tabindex:6)
2024-01-11 09:04:03,880 [INFO] PluginManage:310 - Check plugin filemanager
2024-01-11 09:04:04,039 [INFO] PluginManage:359 - Loaded plugin filemanager (category:base,tabindex:10)
2024-01-11 09:04:04,039 [INFO] PluginManage:310 - Check plugin ipmanager
2024-01-11 09:04:04,048 [INFO] PluginManage:359 - Loaded plugin ipmanager (category:base,tabindex:5)
2024-01-11 09:04:04,048 [INFO] PluginManage:310 - Check plugin lpbam
2024-01-11 09:04:04,059 [INFO] PluginManage:359 - Loaded plugin lpbam (category:base,tabindex:0)
2024-01-11 09:04:04,059 [INFO] PluginManage:310 - Check plugin memorymap
2024-01-11 09:04:04,079 [INFO] PluginManage:359 - Loaded plugin memorymap (category:base,tabindex:4)
2024-01-11 09:04:04,080 [INFO] PluginManage:310 - Check plugin pinoutandconfiguration
2024-01-11 09:04:04,090 [INFO] PluginManage:359 - Loaded plugin pinoutandconfiguration (category:base,tabindex:1)
2024-01-11 09:04:04,090 [INFO] PluginManage:310 - Check plugin pinoutconfig
2024-01-11 09:04:04,194 [WARN] SupportedApi:132 - Cannot load RTOS API schema: s4s-elt-must-match.1: The content of 'definitions' must match (annotation?, (simpleType | complexType)?, (unique | key | keyref)*)). A problem was found starting at: attribute.
2024-01-11 09:04:04,331 [INFO] PluginManage:359 - Loaded plugin pinoutconfig (category:base,tabindex:0)
2024-01-11 09:04:04,332 [INFO] PluginManage:310 - Check plugin power
2024-01-11 09:04:04,346 [INFO] PluginManage:359 - Loaded plugin power (category:power,tabindex:4)
2024-01-11 09:04:04,346 [INFO] PluginManage:310 - Check plugin projectmanager
2024-01-11 09:04:04,365 [INFO] PluginManage:359 - Loaded plugin projectmanager (category:projectmanager,tabindex:3)
2024-01-11 09:04:04,365 [INFO] PluginManage:310 - Check plugin thirdparty
2024-01-11 09:04:04,535 [INFO] PluginManage:359 - Loaded plugin thirdparty (category:base,tabindex:-1)
2024-01-11 09:04:04,536 [INFO] PluginManage:310 - Check plugin tools
2024-01-11 09:04:04,537 [WARN] IntegrityCheckThread:84 - waiting for thirdparty lock release [integrity check]
2024-01-11 09:04:04,537 [INFO] IntegrityCheckThread:86 - entering critical section [integrity check]
2024-01-11 09:04:04,539 [INFO] ThirdPartyUpdaterWithRetryManager:70 - Updater plugin not ready yet. [1/15]
2024-01-11 09:04:04,540 [INFO] PluginManage:359 - Loaded plugin tools (category:base,tabindex:7)
2024-01-11 09:04:04,540 [INFO] PluginManage:310 - Check plugin tutovideos
2024-01-11 09:04:04,706 [INFO] PluginManage:359 - Loaded plugin tutovideos (category:base,tabindex:-1)
2024-01-11 09:04:04,707 [INFO] PluginManage:310 - Check plugin updater
2024-01-11 09:04:04,720 [INFO] PluginManage:359 - Loaded plugin updater (category:base,tabindex:12)
2024-01-11 09:04:04,720 [INFO] PluginManage:310 - Check plugin userauth
2024-01-11 09:04:04,726 [INFO] UserAuth:114 - Init User Auth plugin
2024-01-11 09:04:04,726 [INFO] PluginManage:359 - Loaded plugin userauth (category:base,tabindex:14)
2024-01-11 09:04:04,727 [INFO] PluginManage:283 - PluginManage : Loaded plugins [17]
2024-01-11 09:04:04,963 [INFO] PinOutPanel:1499 - setPackage(No Configuration,No Configuration)
2024-01-11 09:04:05,033 [INFO] CADModel:165 - CPN selected for project level
2024-01-11 09:04:05,033 [INFO] CADModel:114 - Register for checkConnection events
2024-01-11 09:04:05,051 [INFO] IPUIPlugin:80 - create IPUIPlugin
2024-01-11 09:04:05,051 [INFO] PluginManager:220 - loadIPPluginJar : add adc
2024-01-11 09:04:05,054 [INFO] IPUIPlugin:80 - create IPUIPlugin
2024-01-11 09:04:05,054 [INFO] PluginManager:220 - loadIPPluginJar : add aes
2024-01-11 09:04:05,056 [INFO] IPUIPlugin:80 - create IPUIPlugin
2024-01-11 09:04:05,057 [INFO] PluginManager:220 - loadIPPluginJar : add can
2024-01-11 09:04:05,058 [INFO] IPUIPlugin:80 - create IPUIPlugin
2024-01-11 09:04:05,058 [INFO] PluginManager:220 - loadIPPluginJar : add comp
2024-01-11 09:04:05,061 [INFO] IPUIPlugin:80 - create IPUIPlugin
2024-01-11 09:04:05,061 [INFO] PluginManager:220 - loadIPPluginJar : add cryp
2024-01-11 09:04:05,063 [INFO] IPUIPlugin:80 - create IPUIPlugin
2024-01-11 09:04:05,063 [INFO] PluginManager:220 - loadIPPluginJar : add dfsdm
2024-01-11 09:04:05,069 [INFO] IPUIPlugin:80 - create IPUIPlugin
2024-01-11 09:04:05,069 [INFO] PluginManager:220 - loadIPPluginJar : add dma
2024-01-11 09:04:05,072 [INFO] IPUIPlugin:80 - create IPUIPlugin
2024-01-11 09:04:05,072 [INFO] PluginManager:220 - loadIPPluginJar : add dma3
2024-01-11 09:04:05,074 [INFO] IPUIPlugin:80 - create IPUIPlugin
2024-01-11 09:04:05,074 [INFO] PluginManager:220 - loadIPPluginJar : add fatfs
2024-01-11 09:04:05,080 [INFO] IPUIPlugin:80 - create IPUIPlugin
2024-01-11 09:04:05,080 [INFO] PluginManager:220 - loadIPPluginJar : add fmc
2024-01-11 09:04:05,090 [INFO] IPUIPlugin:80 - create IPUIPlugin
2024-01-11 09:04:05,091 [INFO] PluginManager:220 - loadIPPluginJar : add freertos
2024-01-11 09:04:05,092 [INFO] IPUIPlugin:80 - create IPUIPlugin
2024-01-11 09:04:05,093 [INFO] PluginManager:220 - loadIPPluginJar : add genericplugin
2024-01-11 09:04:05,099 [INFO] IPUIPlugin:80 - create IPUIPlugin
2024-01-11 09:04:05,099 [INFO] PluginManager:220 - loadIPPluginJar : add gfxmmu
2024-01-11 09:04:05,106 [INFO] IPUIPlugin:80 - create IPUIPlugin
2024-01-11 09:04:05,106 [INFO] PluginManager:220 - loadIPPluginJar : add gic
2024-01-11 09:04:05,111 [INFO] IPUIPlugin:80 - create IPUIPlugin
2024-01-11 09:04:05,112 [INFO] PluginManager:220 - loadIPPluginJar : add gpio
2024-01-11 09:04:05,117 [INFO] IPUIPlugin:80 - create IPUIPlugin
2024-01-11 09:04:05,117 [INFO] PluginManager:220 - loadIPPluginJar : add gtzc
2024-01-11 09:04:05,121 [INFO] IPUIPlugin:80 - create IPUIPlugin
2024-01-11 09:04:05,121 [INFO] PluginManager:220 - loadIPPluginJar : add hash
2024-01-11 09:04:05,124 [INFO] IPUIPlugin:80 - create IPUIPlugin
2024-01-11 09:04:05,124 [INFO] PluginManager:220 - loadIPPluginJar : add i2c
2024-01-11 09:04:05,128 [INFO] IPUIPlugin:80 - create IPUIPlugin
2024-01-11 09:04:05,128 [INFO] PluginManager:220 - loadIPPluginJar : add i2s
2024-01-11 09:04:05,132 [INFO] IPUIPlugin:80 - create IPUIPlugin
2024-01-11 09:04:05,132 [INFO] PluginManager:220 - loadIPPluginJar : add i3c
2024-01-11 09:04:05,137 [INFO] IPUIPlugin:80 - create IPUIPlugin
2024-01-11 09:04:05,137 [INFO] PluginManager:220 - loadIPPluginJar : add ipddr
2024-01-11 09:04:05,146 [INFO] IPUIPlugin:80 - create IPUIPlugin
2024-01-11 09:04:05,146 [INFO] PluginManager:220 - loadIPPluginJar : add linkedlist
2024-01-11 09:04:05,150 [INFO] IPUIPlugin:80 - create IPUIPlugin
2024-01-11 09:04:05,150 [INFO] PluginManager:220 - loadIPPluginJar : add lorawan
2024-01-11 09:04:05,152 [INFO] IPUIPlugin:80 - create IPUIPlugin
2024-01-11 09:04:05,153 [INFO] PluginManager:220 - loadIPPluginJar : add ltdc
2024-01-11 09:04:05,159 [INFO] IPUIPlugin:80 - create IPUIPlugin
2024-01-11 09:04:05,159 [INFO] PluginManager:220 - loadIPPluginJar : add mdma
2024-01-11 09:04:05,164 [INFO] IPUIPlugin:80 - create IPUIPlugin
2024-01-11 09:04:05,164 [INFO] PluginManager:220 - loadIPPluginJar : add nvic
2024-01-11 09:04:05,168 [INFO] IPUIPlugin:80 - create IPUIPlugin
2024-01-11 09:04:05,168 [INFO] PluginManager:220 - loadIPPluginJar : add opamp
2024-01-11 09:04:05,171 [INFO] IPUIPlugin:80 - create IPUIPlugin
2024-01-11 09:04:05,173 [INFO] PluginManager:220 - loadIPPluginJar : add openamp
2024-01-11 09:04:05,177 [INFO] IPUIPlugin:80 - create IPUIPlugin
2024-01-11 09:04:05,177 [INFO] PluginManager:220 - loadIPPluginJar : add pdm2pcm
2024-01-11 09:04:05,183 [INFO] IPUIPlugin:80 - create IPUIPlugin
2024-01-11 09:04:05,186 [INFO] PluginManager:220 - loadIPPluginJar : add plateformsettings
2024-01-11 09:04:05,189 [INFO] IPUIPlugin:80 - create IPUIPlugin
2024-01-11 09:04:05,189 [INFO] PluginManager:220 - loadIPPluginJar : add quadspi
2024-01-11 09:04:05,193 [INFO] IPUIPlugin:80 - create IPUIPlugin
2024-01-11 09:04:05,193 [INFO] PluginManager:220 - loadIPPluginJar : add resmgrutility
2024-01-11 09:04:05,197 [INFO] IPUIPlugin:80 - create IPUIPlugin
2024-01-11 09:04:05,197 [INFO] PluginManager:220 - loadIPPluginJar : add sai
2024-01-11 09:04:05,200 [INFO] IPUIPlugin:80 - create IPUIPlugin
2024-01-11 09:04:05,200 [INFO] PluginManager:220 - loadIPPluginJar : add spi
2024-01-11 09:04:05,205 [INFO] IPUIPlugin:80 - create IPUIPlugin
2024-01-11 09:04:05,205 [INFO] PluginManager:220 - loadIPPluginJar : add stm32_wpan
2024-01-11 09:04:05,207 [INFO] IPUIPlugin:80 - create IPUIPlugin
2024-01-11 09:04:05,207 [INFO] PluginManager:220 - loadIPPluginJar : add tim
2024-01-11 09:04:05,212 [INFO] IPUIPlugin:80 - create IPUIPlugin
2024-01-11 09:04:05,212 [INFO] PluginManager:220 - loadIPPluginJar : add touchsensing
2024-01-11 09:04:05,215 [INFO] IPUIPlugin:80 - create IPUIPlugin
2024-01-11 09:04:05,215 [INFO] PluginManager:220 - loadIPPluginJar : add tracer_emb
2024-01-11 09:04:05,217 [INFO] IPUIPlugin:80 - create IPUIPlugin
2024-01-11 09:04:05,217 [INFO] PluginManager:220 - loadIPPluginJar : add ts
2024-01-11 09:04:05,220 [INFO] IPUIPlugin:80 - create IPUIPlugin
2024-01-11 09:04:05,220 [INFO] PluginManager:220 - loadIPPluginJar : add tsc
2024-01-11 09:04:05,223 [INFO] IPUIPlugin:80 - create IPUIPlugin
2024-01-11 09:04:05,223 [INFO] PluginManager:220 - loadIPPluginJar : add ucpd
2024-01-11 09:04:05,227 [INFO] IPUIPlugin:80 - create IPUIPlugin
2024-01-11 09:04:05,227 [INFO] PluginManager:220 - loadIPPluginJar : add usart
2024-01-11 09:04:05,230 [INFO] IPUIPlugin:80 - create IPUIPlugin
2024-01-11 09:04:05,230 [INFO] PluginManager:220 - loadIPPluginJar : add usbx
2024-01-11 09:04:05,368 [INFO] CADModel:165 - CPN selected for project level
2024-01-11 09:04:05,368 [INFO] CADModel:114 - Register for checkConnection events
2024-01-11 09:04:05,369 [FATAL] Updater:308 - Updater called before beeing initialized
2024-01-11 09:04:05,369 [ERROR] CADModel:125 - Updater not yet initialized, retry later 
2024-01-11 09:04:05,513 [INFO] CADModel:165 - CPN selected for project level
2024-01-11 09:04:05,514 [INFO] CADModel:114 - Register for checkConnection events
2024-01-11 09:04:05,514 [FATAL] Updater:308 - Updater called before beeing initialized
2024-01-11 09:04:05,514 [ERROR] CADModel:125 - Updater not yet initialized, retry later 
2024-01-11 09:04:05,519 [FATAL] Updater:308 - Updater called before beeing initialized
2024-01-11 09:04:05,626 [FATAL] Updater:308 - Updater called before beeing initialized
2024-01-11 09:04:05,634 [INFO] DbMcusAds:53 - JSON generation date=Wed Nov 29 17:52:27 ICT 2023 (1701255147349)
2024-01-11 09:04:05,634 [FATAL] Updater:308 - Updater called before beeing initialized
2024-01-11 09:04:05,670 [WARN] DetailPanel:346 - Failed to get advertising image, set to default
2024-01-11 09:04:05,734 [FATAL] Updater:308 - Updater called before beeing initialized
2024-01-11 09:04:05,736 [FATAL] Updater:308 - Updater called before beeing initialized
2024-01-11 09:04:05,736 [FATAL] Updater:308 - Updater called before beeing initialized
2024-01-11 09:04:05,737 [WARN] DetailPanel:346 - Failed to get advertising image, set to default
2024-01-11 09:04:05,737 [FATAL] Updater:308 - Updater called before beeing initialized
2024-01-11 09:04:05,781 [ERROR] Updater:1120 - MainUpdater not yet initialized. External WinMGr cannot be set.
2024-01-11 09:04:05,784 [INFO] Updater:1056 - Updater Version found : 6.10.0
2024-01-11 09:04:05,801 [INFO] ApplicationProperties:184 - Using Application install path: C:\ST\STM32CubeIDE_1.12.0\STM32CubeIDE\plugins\com.st.stm32cube.common.mx_6.10.0.202311202037
2024-01-11 09:04:06,360 [INFO] MainUpdater:2873 - connection check result : 10
2024-01-11 09:04:06,361 [INFO] MainUpdater:290 - Updater Check For Update Now.
2024-01-11 09:04:06,361 [INFO] MicroXplorer:498 - Change Database Version : DB.6.0.100
2024-01-11 09:04:06,376 [INFO] McuFinderGlobals:63 - Set McuFinder mode to 2 (CubeIDE integrated)
2024-01-11 09:04:06,389 [INFO] UserAuth:404 - Internet connection configuration mode: 1
2024-01-11 09:04:06,424 [INFO] JxBrowserEngine:152 - Initiate JxBrowser Engine with user profile folder
2024-01-11 09:04:06,611 [INFO] CheckServerUpdateThread:120 - End of CheckServer Thread
2024-01-11 09:04:07,715 [WARN] PackLoader:240 - Cannot read IP mode file for STMicroelectronics.X-CUBE-SMBUS.2.1.0
2024-01-11 09:04:07,733 [WARN] PackLoader:240 - Cannot read IP mode file for STMicroelectronics.X-CUBE-TOUCHGFX.4.23.0
2024-01-11 09:04:07,955 [WARN] PackLoader:240 - Cannot read IP mode file for STMicroelectronics.X-CUBE-AZRTOS-F7.1.1.0
2024-01-11 09:04:07,987 [WARN] PackLoader:240 - Cannot read IP mode file for STMicroelectronics.FP-SNS-MOTENV1.4.3.2
2024-01-11 09:04:08,010 [WARN] PackLoader:240 - Cannot read IP mode file for STMicroelectronics.FP-SNS-FLIGHT1.5.0.2
2024-01-11 09:04:08,036 [WARN] PackLoader:240 - Cannot read IP mode file for STMicroelectronics.X-CUBE-DISPLAY.3.0.0
2024-01-11 09:04:08,064 [WARN] PackLoader:240 - Cannot read IP mode file for STMicroelectronics.X-CUBE-BLE1.7.0.0
2024-01-11 09:04:08,095 [WARN] PackLoader:240 - Cannot read IP mode file for emotas.I-CUBE-CANOPEN.1.3.0
2024-01-11 09:04:08,200 [WARN] PackLoader:240 - Cannot read IP mode file for STMicroelectronics.X-CUBE-TOUCHGFX.4.22.0
2024-01-11 09:04:08,327 [WARN] PackLoader:240 - Cannot read IP mode file for STMicroelectronics.X-CUBE-TOUCHGFX.4.22.1
2024-01-11 09:04:08,411 [WARN] PackLoader:240 - Cannot read IP mode file for STMicroelectronics.FP-SNS-SMARTAG2.1.2.0
2024-01-11 09:04:08,455 [INFO] LogOutputStream:77 - [STDOUT_REDIRECT] 1 : Invalid condition id : UX_CORESTACK_Condition cause : null
2024-01-11 09:04:08,457 [INFO] LogOutputStream:77 - [STDOUT_REDIRECT] 1 : Invalid condition id : UX_CORESTACK_Condition cause : null
2024-01-11 09:04:08,458 [INFO] LogOutputStream:77 - [STDOUT_REDIRECT] 1 : Invalid condition id : UX_CORESTACK_Condition cause : null
2024-01-11 09:04:08,459 [INFO] LogOutputStream:77 - [STDOUT_REDIRECT] 1 : Invalid condition id : UX_CORESTACK_Condition cause : null
2024-01-11 09:04:08,461 [INFO] LogOutputStream:77 - [STDOUT_REDIRECT] 1 : Invalid condition id : UX_CORESTACK_Condition cause : null
2024-01-11 09:04:08,465 [WARN] PackLoader:240 - Cannot read IP mode file for STMicroelectronics.X-CUBE-AZRTOS-WL.2.0.0
2024-01-11 09:04:08,493 [WARN] PackLoader:240 - Cannot read IP mode file for WES.I-CUBE-Cesium.1.3.0
2024-01-11 09:04:08,519 [WARN] PackLoader:240 - Cannot read IP mode file for STMicroelectronics.X-CUBE-BLE2.3.3.0
2024-01-11 09:04:08,531 [WARN] PackLoader:240 - Cannot read IP mode file for STMicroelectronics.X-CUBE-TOUCHGFX.4.18.0
2024-01-11 09:04:08,720 [WARN] PackLoader:240 - Cannot read IP mode file for STMicroelectronics.X-CUBE-TOUCHGFX.4.21.1
2024-01-11 09:04:08,777 [WARN] PackLoader:240 - Cannot read IP mode file for STMicroelectronics.X-CUBE-TOUCHGFX.4.21.0
2024-01-11 09:04:08,844 [WARN] PackLoader:240 - Cannot read IP mode file for STMicroelectronics.X-CUBE-TOUCHGFX.4.21.4
2024-01-11 09:04:08,910 [WARN] PackLoader:240 - Cannot read IP mode file for STMicroelectronics.X-CUBE-ALGOBUILD.1.3.0
2024-01-11 09:04:08,942 [WARN] PackLoader:240 - Cannot read IP mode file for STMicroelectronics.X-CUBE-AZRTOS-G0.1.1.0
2024-01-11 09:04:08,964 [WARN] PackLoader:240 - Cannot read IP mode file for STMicroelectronics.X-CUBE-NFC4.3.0.0
2024-01-11 09:04:08,985 [WARN] PackLoader:240 - Cannot read IP mode file for STMicroelectronics.X-CUBE-BLEMGR.3.0.0
2024-01-11 09:04:08,999 [WARN] PackLoader:240 - Cannot read IP mode file for STMicroelectronics.FP-ATR-SIGFOX1.3.2.0
2024-01-11 09:04:09,016 [WARN] PackLoader:240 - Cannot read IP mode file for STMicroelectronics.X-CUBE-GNSS1.6.0.0
2024-01-11 09:04:09,051 [WARN] PackLoader:240 - Cannot read IP mode file for STMicroelectronics.X-CUBE-AZRTOS-F4.1.1.0
2024-01-11 09:04:09,069 [WARN] PackLoader:240 - Cannot read IP mode file for wolfSSL.I-CUBE-wolfSSL.5.6.4
2024-01-11 09:04:09,109 [WARN] PackLoader:240 - Cannot read IP mode file for STMicroelectronics.X-CUBE-AZRTOS-L5.2.0.0
2024-01-11 09:04:09,127 [WARN] PackLoader:240 - Cannot read IP mode file for STMicroelectronics.X-CUBE-EEPRMA1.4.2.0
2024-01-11 09:04:09,144 [WARN] PackLoader:240 - Cannot read IP mode file for ITTIA_DB.I-CUBE-ITTIADB.8.8.0
2024-01-11 09:04:09,287 [WARN] PackLoader:240 - Cannot read IP mode file for emotas.I-CUBE-CANOPEN.1.1.3
2024-01-11 09:04:09,347 [WARN] ConditionMgr:438 - getConditionDescription Invalid condition id : UX DEVICE CLASS RTOS Condition cause : null
2024-01-11 09:04:09,347 [WARN] ConditionMgr:438 - getConditionDescription Invalid condition id : UX DEVICE CLASS RTOS Condition cause : null
2024-01-11 09:04:09,351 [WARN] PackLoader:240 - Cannot read IP mode file for STMicroelectronics.X-CUBE-AZRTOS-H7.3.1.0
2024-01-11 09:04:09,352 [WARN] ConditionMgr:1039 - genDependencies : Invalid condition id : UX DEVICE CLASS RTOS Condition cause : null
2024-01-11 09:04:09,352 [WARN] ConditionMgr:1039 - genDependencies : Invalid condition id : UX DEVICE CLASS RTOS Condition cause : null
2024-01-11 09:04:09,352 [WARN] ConditionMgr:1039 - genDependencies : Invalid condition id : UX DEVICE CLASS RTOS Condition cause : null
2024-01-11 09:04:09,353 [WARN] ConditionMgr:1039 - genDependencies : Invalid condition id : UX DEVICE CLASS RTOS Condition cause : null
2024-01-11 09:04:09,353 [WARN] ConditionMgr:1039 - genDependencies : Invalid condition id : UX DEVICE CLASS RTOS Condition cause : null
2024-01-11 09:04:09,358 [WARN] ConditionMgr:438 - getConditionDescription Invalid condition id : UX DEVICE CLASS RTOS Condition cause : null
2024-01-11 09:04:09,358 [WARN] ConditionMgr:438 - getConditionDescription Invalid condition id : UX DEVICE CLASS RTOS Condition cause : null
2024-01-11 09:04:09,514 [WARN] PackLoader:240 - Cannot read IP mode file for STMicroelectronics.X-CUBE-NFC7.1.0.1
2024-01-11 09:04:09,548 [WARN] PackLoader:240 - Cannot read IP mode file for STMicroelectronics.X-CUBE-NFC6.3.0.0
2024-01-11 09:04:09,575 [WARN] PackLoader:240 - Cannot read IP mode file for STMicroelectronics.X-CUBE-AI.8.1.0
2024-01-11 09:04:09,606 [WARN] ConditionMgr:438 - getConditionDescription Invalid condition id : LAN8742 Phy interface Condition cause : null
2024-01-11 09:04:09,606 [WARN] PackLoader:240 - Cannot read IP mode file for STMicroelectronics.X-CUBE-AZRTOS-L4.2.0.0
2024-01-11 09:04:09,607 [WARN] ConditionMgr:1039 - genDependencies : Invalid condition id : LAN8742 Phy interface Condition cause : null
2024-01-11 09:04:09,607 [WARN] ConditionMgr:1039 - genDependencies : Invalid condition id : LAN8742 Phy interface Condition cause : null
2024-01-11 09:04:09,608 [WARN] ConditionMgr:1039 - genDependencies : Invalid condition id : LAN8742 Phy interface Condition cause : null
2024-01-11 09:04:09,625 [WARN] PackLoader:240 - Cannot read IP mode file for STMicroelectronics.X-CUBE-SFXS2LP1.4.0.0
2024-01-11 09:04:09,642 [WARN] PackLoader:240 - Cannot read IP mode file for STMicroelectronics.X-CUBE-ISPU.1.1.0
2024-01-11 09:04:09,690 [WARN] ConditionMgr:438 - getConditionDescription Invalid condition id : UX DEVICE CLASS RTOS Condition cause : null
2024-01-11 09:04:09,691 [WARN] ConditionMgr:438 - getConditionDescription Invalid condition id : UX DEVICE CLASS RTOS Condition cause : null
2024-01-11 09:04:09,693 [WARN] PackLoader:240 - Cannot read IP mode file for STMicroelectronics.X-CUBE-AZRTOS-WB.2.0.0
2024-01-11 09:04:09,694 [WARN] ConditionMgr:1039 - genDependencies : Invalid condition id : UX DEVICE CLASS RTOS Condition cause : null
2024-01-11 09:04:09,694 [WARN] ConditionMgr:1039 - genDependencies : Invalid condition id : UX DEVICE CLASS RTOS Condition cause : null
2024-01-11 09:04:09,695 [WARN] ConditionMgr:1039 - genDependencies : Invalid condition id : UX DEVICE CLASS RTOS Condition cause : null
2024-01-11 09:04:09,695 [WARN] ConditionMgr:1039 - genDependencies : Invalid condition id : UX DEVICE CLASS RTOS Condition cause : null
2024-01-11 09:04:09,695 [WARN] ConditionMgr:1039 - genDependencies : Invalid condition id : UX DEVICE CLASS RTOS Condition cause : null
2024-01-11 09:04:09,765 [WARN] PackLoader:240 - Cannot read IP mode file for STMicroelectronics.X-CUBE-SUBG2.5.0.0
2024-01-11 09:04:09,793 [WARN] PackLoader:240 - Cannot read IP mode file for STMicroelectronics.X-CUBE-TOF1.3.3.1
2024-01-11 09:04:09,886 [WARN] PackLoader:240 - Cannot read IP mode file for STMicroelectronics.X-CUBE-AZRTOS-G4.2.0.0
2024-01-11 09:04:09,907 [WARN] PackLoader:240 - Cannot read IP mode file for STMicroelectronics.X-CUBE-TOF1.3.3.0
2024-01-11 09:04:10,001 [WARN] PackLoader:240 - Cannot read IP mode file for Infineon.AIROC-Wi-Fi-Bluetooth-STM32.1.5.1
2024-01-11 09:04:10,025 [WARN] PackLoader:240 - Cannot read IP mode file for STMicroelectronics.FP-SNS-MOTENVWB1.1.3.0
2024-01-11 09:04:10,040 [WARN] PackLoader:240 - Cannot read IP mode file for STMicroelectronics.FP-SNS-MOTENVWB1.1.3.1
2024-01-11 09:04:10,060 [WARN] PackLoader:240 - Cannot read IP mode file for STMicroelectronics.X-CUBE-ISPU.2.0.0
2024-01-11 09:04:10,248 [WARN] PackLoader:240 - Cannot read IP mode file for STMicroelectronics.X-CUBE-MEMS1.10.0.0
2024-01-11 09:04:10,487 [WARN] PackLoader:240 - Cannot read IP mode file for STMicroelectronics.X-CUBE-FREERTOS.1.1.0
2024-01-11 09:04:10,573 [INFO] WebApp:161 - Instantiating new browser for Auth
2024-01-11 09:04:10,747 [WARN] PackLoader:240 - Cannot read IP mode file for portGmbH.I-Cube-SoM-uGOAL.1.1.0
2024-01-11 09:04:11,136 [WARN] PackLoader:240 - Cannot read IP mode file for STMicroelectronics.X-CUBE-ALS.1.0.1
2024-01-11 09:04:11,193 [WARN] PackLoader:240 - Cannot read IP mode file for STMicroelectronics.FP-ATR-ASTRA1.2.0.0
2024-01-11 09:04:11,241 [WARN] PackLoader:240 - Cannot read IP mode file for STMicroelectronics.X-CUBE-TOF1.3.4.0
2024-01-11 09:04:11,784 [INFO] WebApp:780 - Register for checkConnection events
2024-01-11 09:04:11,785 [INFO] WebApp:414 - Apply proxy settings
2024-01-11 09:04:11,785 [INFO] WebApp:499 - Chromium requires no authentication
2024-01-11 09:04:11,795 [INFO] WebApp:442 - Direct internet connection detected
2024-01-11 09:04:11,801 [WARN] PackLoader:240 - Cannot read IP mode file for STMicroelectronics.X-CUBE-AZRTOS-H7.3.2.0
2024-01-11 09:04:12,042 [INFO] ThirdParty:978 - Integrity check success = true
2024-01-11 09:04:12,042 [INFO] IntegrityCheckThread:100 - exiting critical section [integrity check]
2024-01-11 09:04:12,042 [INFO] IntegrityCheckThread:103 - End integrity checks thread
2024-01-11 09:04:12,142 [INFO] WebApp:192 - Starting web application
2024-01-11 09:04:12,142 [INFO] WebApp:544 - Web application path used C:\ST\STM32CubeIDE_1.12.0\STM32CubeIDE\plugins\com.st.stm32cube.common.mx_6.10.0.202311202037\db\plugins\mcufinder\reactClient1\index.html
2024-01-11 09:40:07,576 [ERROR] LogOutputStream:75 - [STDERR_REDIRECT] 
2024-01-11 10:01:14,403 [INFO] Activator:176 - 


2024-01-11 10:01:14,422 [INFO] Activator:177 - !SESSION log4j initialized
2024-01-11 10:01:32,186 [ERROR] LogOutputStream:75 - [STDERR_REDIRECT] ?.?. 11, 2024 10:01:32 ??????? org.glassfish.grizzly.http.server.NetworkListener start
2024-01-11 10:01:32,188 [ERROR] LogOutputStream:75 - [STDERR_REDIRECT] INFO: Started listener bound to [localhost:1598]
2024-01-11 10:01:32,188 [ERROR] LogOutputStream:75 - [STDERR_REDIRECT] 
2024-01-11 10:01:32,194 [ERROR] LogOutputStream:75 - [STDERR_REDIRECT] ?.?. 11, 2024 10:01:32 ??????? org.glassfish.grizzly.http.server.HttpServer start
2024-01-11 10:01:32,196 [ERROR] LogOutputStream:75 - [STDERR_REDIRECT] INFO: [HttpServer] Started.
2024-01-11 10:01:32,197 [ERROR] LogOutputStream:75 - [STDERR_REDIRECT] 
2024-01-11 10:01:33,713 [INFO] LogOutputStream:77 - [STDOUT_REDIRECT] 
2024-01-11 10:01:36,104 [INFO] ApplicationProperties:184 - Using Application install path: C:\ST\STM32CubeIDE_1.12.0\STM32CubeIDE\plugins\com.st.stm32cube.common.mx_6.10.0.202311202037
2024-01-11 10:01:36,168 [INFO] DbMcusXml:78 - Set database path to: C:\ST\STM32CubeIDE_1.12.0\STM32CubeIDE\plugins\com.st.stm32cube.common.mx_6.10.0.202311202037\\db\/mcu/
2024-01-11 10:01:36,169 [INFO] ApiDb:274 - Set plugin database path to: C:\ST\STM32CubeIDE_1.12.0\STM32CubeIDE\plugins\com.st.stm32cube.common.mx_6.10.0.202311202037\\db\/plugins/boardmanager/
2024-01-11 10:01:36,169 [WARN] ApiDb:259 - Overriding images path with different value:  => C:\ST\STM32CubeIDE_1.12.0\STM32CubeIDE\plugins\com.st.stm32cube.common.mx_6.10.0.202311202037\\db\/plugins/mcufinder/images/
2024-01-11 10:01:36,297 [INFO] ApiDb:250 - Set database path to: C:\Users\user\.stmcufinder\plugins\mcufinder//mcu/
2024-01-11 10:01:36,300 [INFO] DbMcusAds:125 - Set database path to: C:\Users\user\.stmcufinder\plugins\mcufinder//mcu/
2024-01-11 10:01:36,303 [INFO] CrossReferenceDbSqlite:203 - Set database path to: C:\Users\user\.stmcufinder\plugins\mcufinder//mcu/cs/
2024-01-11 10:01:36,546 [INFO] RulesReader:64 - Compatibility file has been processed (297 Rules)
2024-01-11 10:01:36,671 [INFO] DbMcusXml:78 - Set database path to: C:\ST\STM32CubeIDE_1.12.0\STM32CubeIDE\plugins\com.st.stm32cube.common.mx_6.10.0.202311202037\\db\/mcu/
2024-01-11 10:01:36,671 [INFO] ApiDb:274 - Set plugin database path to: C:\ST\STM32CubeIDE_1.12.0\STM32CubeIDE\plugins\com.st.stm32cube.common.mx_6.10.0.202311202037\\db\/plugins/boardmanager/
2024-01-11 10:01:36,671 [INFO] ApiDb:261 - Set plugin images path to: C:\ST\STM32CubeIDE_1.12.0\STM32CubeIDE\plugins\com.st.stm32cube.common.mx_6.10.0.202311202037\\db\/plugins/mcufinder/images/
2024-01-11 10:01:36,672 [WARN] DbFile:41 - Overriding database path with different value: C:\Users\user\.stmcufinder\plugins\mcufinder/ => C:\Users\user\.stmcufinder\plugins\mcufinder
2024-01-11 10:01:36,673 [INFO] ApiDb:250 - Set database path to: C:\Users\user\.stmcufinder\plugins\mcufinder//mcu/
2024-01-11 10:01:36,674 [WARN] DbFile:41 - Overriding database path with different value: C:\Users\user\.stmcufinder\plugins\mcufinder/ => C:\Users\user\.stmcufinder\plugins\mcufinder
2024-01-11 10:01:36,674 [INFO] DbMcusAds:125 - Set database path to: C:\Users\user\.stmcufinder\plugins\mcufinder//mcu/
2024-01-11 10:01:36,674 [WARN] DbFile:41 - Overriding database path with different value: C:\Users\user\.stmcufinder\plugins\mcufinder/ => C:\Users\user\.stmcufinder\plugins\mcufinder
2024-01-11 10:01:36,674 [WARN] DbFile:41 - Overriding database path with different value: C:\Users\user\.stmcufinder\plugins\mcufinder/ => C:\Users\user\.stmcufinder\plugins\mcufinder
2024-01-11 10:01:36,675 [INFO] CrossReferenceDbSqlite:203 - Set database path to: C:\Users\user\.stmcufinder\plugins\mcufinder//mcu/cs/
2024-01-11 10:01:36,830 [INFO] MainPanel:264 - HeapMemory: 300941312
2024-01-11 10:01:37,008 [INFO] DbMcusXml:78 - Set database path to: C:\ST\STM32CubeIDE_1.12.0\STM32CubeIDE\plugins\com.st.stm32cube.common.mx_6.10.0.202311202037\\db\/mcu/
2024-01-11 10:01:37,009 [INFO] ApiDb:274 - Set plugin database path to: C:\ST\STM32CubeIDE_1.12.0\STM32CubeIDE\plugins\com.st.stm32cube.common.mx_6.10.0.202311202037\\db\/plugins/boardmanager/
2024-01-11 10:01:37,009 [INFO] ApiDb:261 - Set plugin images path to: C:\ST\STM32CubeIDE_1.12.0\STM32CubeIDE\plugins\com.st.stm32cube.common.mx_6.10.0.202311202037\\db\/plugins/mcufinder/images/
2024-01-11 10:01:37,009 [WARN] DbFile:41 - Overriding database path with different value: C:\Users\user\.stmcufinder\plugins\mcufinder/ => C:\Users\user\.stmcufinder\plugins\mcufinder
2024-01-11 10:01:37,010 [INFO] ApiDb:250 - Set database path to: C:\Users\user\.stmcufinder\plugins\mcufinder//mcu/
2024-01-11 10:01:37,010 [WARN] DbFile:41 - Overriding database path with different value: C:\Users\user\.stmcufinder\plugins\mcufinder/ => C:\Users\user\.stmcufinder\plugins\mcufinder
2024-01-11 10:01:37,010 [INFO] DbMcusAds:125 - Set database path to: C:\Users\user\.stmcufinder\plugins\mcufinder//mcu/
2024-01-11 10:01:37,010 [WARN] DbFile:41 - Overriding database path with different value: C:\Users\user\.stmcufinder\plugins\mcufinder/ => C:\Users\user\.stmcufinder\plugins\mcufinder
2024-01-11 10:01:37,010 [WARN] DbFile:41 - Overriding database path with different value: C:\Users\user\.stmcufinder\plugins\mcufinder/ => C:\Users\user\.stmcufinder\plugins\mcufinder
2024-01-11 10:01:37,010 [INFO] CrossReferenceDbSqlite:203 - Set database path to: C:\Users\user\.stmcufinder\plugins\mcufinder//mcu/cs/
2024-01-11 10:01:37,046 [INFO] ApplicationProperties:184 - Using Application install path: C:\ST\STM32CubeIDE_1.12.0\STM32CubeIDE\plugins\com.st.stm32cube.common.mx_6.10.0.202311202037
2024-01-11 10:01:37,049 [INFO] PluginManage:196 - Search for loadable plugins [exclusion list=, ]
2024-01-11 10:01:37,053 [INFO] PluginManage:310 - Check plugin analytics
2024-01-11 10:01:37,814 [INFO] AnalyticsPlugin:253 - Accepted Software Licenses: STM32CubeMX.6.8.0,STM32CubeMX.6.8.1,STM32CubeMX.6.5.0,STM32CubeMX.6.9.1,STM32CubeMX.6.9.2,STM32CubeMX.6.10.0
2024-01-11 10:01:37,815 [INFO] AnalyticsPlugin:255 - Accepted CMSIS Pack Licenses: emotas.I-CUBE-CANOPEN.1.1.3,STMicroelectronics.X-CUBE-TOUCHGFX.4.21.0,STMicroelectronics.X-CUBE-TOUCHGFX.4.21.1,STMicroelectronics.X-CUBE-TOUCHGFX.4.18.0,STMicroelectronics.X-CUBE-TOUCHGFX.4.22.1,STMicroelectronics.X-CUBE-AZRTOS-H7.3.1.0,STMicroelectronics.X-CUBE-AZRTOS-H7.3.2.0,ITTIA_DB.I-CUBE-ITTIADB.8.8.0
2024-01-11 10:01:37,815 [INFO] AnalyticsPlugin:257 - Accepted Firmware Licenses: FW.H7.1.11.0,FW.G0.1.6.0,FW.F4.1.27.0
2024-01-11 10:01:37,819 [INFO] PluginManage:359 - Loaded plugin analytics (category:tool,tabindex:-1)
2024-01-11 10:01:37,822 [INFO] PluginManage:310 - Check plugin cadmodel
2024-01-11 10:01:37,837 [INFO] CADModel:105 - Init CAD model plugin
2024-01-11 10:01:37,838 [INFO] PluginManage:359 - Loaded plugin cadmodel (category:power,tabindex:5)
2024-01-11 10:01:37,838 [INFO] PluginManage:310 - Check plugin clock
2024-01-11 10:01:37,860 [INFO] PluginManage:359 - Loaded plugin clock (category:base,tabindex:2)
2024-01-11 10:01:37,860 [INFO] PluginManage:310 - Check plugin ddr
2024-01-11 10:01:37,864 [INFO] PluginManage:359 - Loaded plugin ddr (category:tool,tabindex:6)
2024-01-11 10:01:37,864 [INFO] PluginManage:310 - Check plugin filemanager
2024-01-11 10:01:38,097 [INFO] PluginManage:359 - Loaded plugin filemanager (category:base,tabindex:10)
2024-01-11 10:01:38,097 [INFO] PluginManage:310 - Check plugin ipmanager
2024-01-11 10:01:38,107 [INFO] PluginManage:359 - Loaded plugin ipmanager (category:base,tabindex:5)
2024-01-11 10:01:38,107 [INFO] PluginManage:310 - Check plugin lpbam
2024-01-11 10:01:38,120 [INFO] PluginManage:359 - Loaded plugin lpbam (category:base,tabindex:0)
2024-01-11 10:01:38,121 [INFO] PluginManage:310 - Check plugin memorymap
2024-01-11 10:01:38,142 [INFO] PluginManage:359 - Loaded plugin memorymap (category:base,tabindex:4)
2024-01-11 10:01:38,143 [INFO] PluginManage:310 - Check plugin pinoutandconfiguration
2024-01-11 10:01:38,156 [INFO] PluginManage:359 - Loaded plugin pinoutandconfiguration (category:base,tabindex:1)
2024-01-11 10:01:38,156 [INFO] PluginManage:310 - Check plugin pinoutconfig
2024-01-11 10:01:38,309 [WARN] SupportedApi:132 - Cannot load RTOS API schema: s4s-elt-must-match.1: The content of 'definitions' must match (annotation?, (simpleType | complexType)?, (unique | key | keyref)*)). A problem was found starting at: attribute.
2024-01-11 10:01:38,565 [INFO] PluginManage:359 - Loaded plugin pinoutconfig (category:base,tabindex:0)
2024-01-11 10:01:38,565 [INFO] PluginManage:310 - Check plugin power
2024-01-11 10:01:38,580 [INFO] PluginManage:359 - Loaded plugin power (category:power,tabindex:4)
2024-01-11 10:01:38,581 [INFO] PluginManage:310 - Check plugin projectmanager
2024-01-11 10:01:38,616 [INFO] PluginManage:359 - Loaded plugin projectmanager (category:projectmanager,tabindex:3)
2024-01-11 10:01:38,617 [INFO] PluginManage:310 - Check plugin thirdparty
2024-01-11 10:01:38,915 [INFO] PluginManage:359 - Loaded plugin thirdparty (category:base,tabindex:-1)
2024-01-11 10:01:38,916 [INFO] PluginManage:310 - Check plugin tools
2024-01-11 10:01:38,918 [WARN] IntegrityCheckThread:84 - waiting for thirdparty lock release [integrity check]
2024-01-11 10:01:38,919 [INFO] IntegrityCheckThread:86 - entering critical section [integrity check]
2024-01-11 10:01:38,920 [INFO] PluginManage:359 - Loaded plugin tools (category:base,tabindex:7)
2024-01-11 10:01:38,920 [INFO] ThirdPartyUpdaterWithRetryManager:70 - Updater plugin not ready yet. [1/15]
2024-01-11 10:01:38,920 [INFO] PluginManage:310 - Check plugin tutovideos
2024-01-11 10:01:39,326 [INFO] PluginManage:359 - Loaded plugin tutovideos (category:base,tabindex:-1)
2024-01-11 10:01:39,326 [INFO] PluginManage:310 - Check plugin updater
2024-01-11 10:01:39,344 [INFO] PluginManage:359 - Loaded plugin updater (category:base,tabindex:12)
2024-01-11 10:01:39,345 [INFO] PluginManage:310 - Check plugin userauth
2024-01-11 10:01:39,353 [INFO] UserAuth:114 - Init User Auth plugin
2024-01-11 10:01:39,354 [INFO] PluginManage:359 - Loaded plugin userauth (category:base,tabindex:14)
2024-01-11 10:01:39,354 [INFO] PluginManage:283 - PluginManage : Loaded plugins [17]
2024-01-11 10:01:39,706 [INFO] PinOutPanel:1499 - setPackage(No Configuration,No Configuration)
2024-01-11 10:01:39,832 [INFO] CADModel:165 - CPN selected for project level
2024-01-11 10:01:39,833 [INFO] CADModel:114 - Register for checkConnection events
2024-01-11 10:01:39,871 [INFO] IPUIPlugin:80 - create IPUIPlugin
2024-01-11 10:01:39,871 [INFO] PluginManager:220 - loadIPPluginJar : add adc
2024-01-11 10:01:39,877 [INFO] IPUIPlugin:80 - create IPUIPlugin
2024-01-11 10:01:39,877 [INFO] PluginManager:220 - loadIPPluginJar : add aes
2024-01-11 10:01:39,884 [INFO] IPUIPlugin:80 - create IPUIPlugin
2024-01-11 10:01:39,885 [INFO] PluginManager:220 - loadIPPluginJar : add can
2024-01-11 10:01:39,888 [INFO] IPUIPlugin:80 - create IPUIPlugin
2024-01-11 10:01:39,889 [INFO] PluginManager:220 - loadIPPluginJar : add comp
2024-01-11 10:01:39,894 [INFO] IPUIPlugin:80 - create IPUIPlugin
2024-01-11 10:01:39,895 [INFO] PluginManager:220 - loadIPPluginJar : add cryp
2024-01-11 10:01:39,901 [INFO] IPUIPlugin:80 - create IPUIPlugin
2024-01-11 10:01:39,901 [INFO] PluginManager:220 - loadIPPluginJar : add dfsdm
2024-01-11 10:01:39,912 [INFO] IPUIPlugin:80 - create IPUIPlugin
2024-01-11 10:01:39,912 [INFO] PluginManager:220 - loadIPPluginJar : add dma
2024-01-11 10:01:39,916 [INFO] IPUIPlugin:80 - create IPUIPlugin
2024-01-11 10:01:39,917 [INFO] PluginManager:220 - loadIPPluginJar : add dma3
2024-01-11 10:01:39,921 [INFO] IPUIPlugin:80 - create IPUIPlugin
2024-01-11 10:01:39,921 [INFO] PluginManager:220 - loadIPPluginJar : add fatfs
2024-01-11 10:01:39,930 [INFO] IPUIPlugin:80 - create IPUIPlugin
2024-01-11 10:01:39,930 [INFO] PluginManager:220 - loadIPPluginJar : add fmc
2024-01-11 10:01:39,943 [INFO] IPUIPlugin:80 - create IPUIPlugin
2024-01-11 10:01:39,944 [INFO] PluginManager:220 - loadIPPluginJar : add freertos
2024-01-11 10:01:39,947 [INFO] IPUIPlugin:80 - create IPUIPlugin
2024-01-11 10:01:39,947 [INFO] PluginManager:220 - loadIPPluginJar : add genericplugin
2024-01-11 10:01:39,953 [INFO] IPUIPlugin:80 - create IPUIPlugin
2024-01-11 10:01:39,953 [INFO] PluginManager:220 - loadIPPluginJar : add gfxmmu
2024-01-11 10:01:39,965 [INFO] IPUIPlugin:80 - create IPUIPlugin
2024-01-11 10:01:39,965 [INFO] PluginManager:220 - loadIPPluginJar : add gic
2024-01-11 10:01:39,974 [INFO] IPUIPlugin:80 - create IPUIPlugin
2024-01-11 10:01:39,974 [INFO] PluginManager:220 - loadIPPluginJar : add gpio
2024-01-11 10:01:39,980 [INFO] IPUIPlugin:80 - create IPUIPlugin
2024-01-11 10:01:39,981 [INFO] PluginManager:220 - loadIPPluginJar : add gtzc
2024-01-11 10:01:39,986 [INFO] IPUIPlugin:80 - create IPUIPlugin
2024-01-11 10:01:39,986 [INFO] PluginManager:220 - loadIPPluginJar : add hash
2024-01-11 10:01:39,994 [INFO] IPUIPlugin:80 - create IPUIPlugin
2024-01-11 10:01:39,994 [INFO] PluginManager:220 - loadIPPluginJar : add i2c
2024-01-11 10:01:39,998 [INFO] IPUIPlugin:80 - create IPUIPlugin
2024-01-11 10:01:39,998 [INFO] PluginManager:220 - loadIPPluginJar : add i2s
2024-01-11 10:01:40,004 [INFO] IPUIPlugin:80 - create IPUIPlugin
2024-01-11 10:01:40,004 [INFO] PluginManager:220 - loadIPPluginJar : add i3c
2024-01-11 10:01:40,013 [INFO] IPUIPlugin:80 - create IPUIPlugin
2024-01-11 10:01:40,013 [INFO] PluginManager:220 - loadIPPluginJar : add ipddr
2024-01-11 10:01:40,028 [INFO] IPUIPlugin:80 - create IPUIPlugin
2024-01-11 10:01:40,028 [INFO] PluginManager:220 - loadIPPluginJar : add linkedlist
2024-01-11 10:01:40,033 [INFO] IPUIPlugin:80 - create IPUIPlugin
2024-01-11 10:01:40,033 [INFO] PluginManager:220 - loadIPPluginJar : add lorawan
2024-01-11 10:01:40,037 [INFO] IPUIPlugin:80 - create IPUIPlugin
2024-01-11 10:01:40,037 [INFO] PluginManager:220 - loadIPPluginJar : add ltdc
2024-01-11 10:01:40,049 [INFO] IPUIPlugin:80 - create IPUIPlugin
2024-01-11 10:01:40,050 [INFO] PluginManager:220 - loadIPPluginJar : add mdma
2024-01-11 10:01:40,056 [INFO] IPUIPlugin:80 - create IPUIPlugin
2024-01-11 10:01:40,057 [INFO] PluginManager:220 - loadIPPluginJar : add nvic
2024-01-11 10:01:40,063 [INFO] IPUIPlugin:80 - create IPUIPlugin
2024-01-11 10:01:40,063 [INFO] PluginManager:220 - loadIPPluginJar : add opamp
2024-01-11 10:01:40,070 [INFO] IPUIPlugin:80 - create IPUIPlugin
2024-01-11 10:01:40,070 [INFO] PluginManager:220 - loadIPPluginJar : add openamp
2024-01-11 10:01:40,078 [INFO] IPUIPlugin:80 - create IPUIPlugin
2024-01-11 10:01:40,078 [INFO] PluginManager:220 - loadIPPluginJar : add pdm2pcm
2024-01-11 10:01:40,088 [INFO] IPUIPlugin:80 - create IPUIPlugin
2024-01-11 10:01:40,095 [INFO] PluginManager:220 - loadIPPluginJar : add plateformsettings
2024-01-11 10:01:40,098 [INFO] IPUIPlugin:80 - create IPUIPlugin
2024-01-11 10:01:40,098 [INFO] PluginManager:220 - loadIPPluginJar : add quadspi
2024-01-11 10:01:40,106 [INFO] IPUIPlugin:80 - create IPUIPlugin
2024-01-11 10:01:40,106 [INFO] PluginManager:220 - loadIPPluginJar : add resmgrutility
2024-01-11 10:01:40,112 [INFO] IPUIPlugin:80 - create IPUIPlugin
2024-01-11 10:01:40,112 [INFO] PluginManager:220 - loadIPPluginJar : add sai
2024-01-11 10:01:40,117 [INFO] IPUIPlugin:80 - create IPUIPlugin
2024-01-11 10:01:40,118 [INFO] PluginManager:220 - loadIPPluginJar : add spi
2024-01-11 10:01:40,128 [INFO] IPUIPlugin:80 - create IPUIPlugin
2024-01-11 10:01:40,128 [INFO] PluginManager:220 - loadIPPluginJar : add stm32_wpan
2024-01-11 10:01:40,131 [INFO] IPUIPlugin:80 - create IPUIPlugin
2024-01-11 10:01:40,131 [INFO] PluginManager:220 - loadIPPluginJar : add tim
2024-01-11 10:01:40,136 [INFO] IPUIPlugin:80 - create IPUIPlugin
2024-01-11 10:01:40,136 [INFO] PluginManager:220 - loadIPPluginJar : add touchsensing
2024-01-11 10:01:40,140 [INFO] IPUIPlugin:80 - create IPUIPlugin
2024-01-11 10:01:40,140 [INFO] PluginManager:220 - loadIPPluginJar : add tracer_emb
2024-01-11 10:01:40,144 [INFO] IPUIPlugin:80 - create IPUIPlugin
2024-01-11 10:01:40,144 [INFO] PluginManager:220 - loadIPPluginJar : add ts
2024-01-11 10:01:40,149 [INFO] IPUIPlugin:80 - create IPUIPlugin
2024-01-11 10:01:40,149 [INFO] PluginManager:220 - loadIPPluginJar : add tsc
2024-01-11 10:01:40,152 [INFO] IPUIPlugin:80 - create IPUIPlugin
2024-01-11 10:01:40,152 [INFO] PluginManager:220 - loadIPPluginJar : add ucpd
2024-01-11 10:01:40,158 [INFO] IPUIPlugin:80 - create IPUIPlugin
2024-01-11 10:01:40,158 [INFO] PluginManager:220 - loadIPPluginJar : add usart
2024-01-11 10:01:40,163 [INFO] IPUIPlugin:80 - create IPUIPlugin
2024-01-11 10:01:40,163 [INFO] PluginManager:220 - loadIPPluginJar : add usbx
2024-01-11 10:01:40,342 [INFO] CADModel:165 - CPN selected for project level
2024-01-11 10:01:40,342 [INFO] CADModel:114 - Register for checkConnection events
2024-01-11 10:01:40,342 [FATAL] Updater:308 - Updater called before beeing initialized
2024-01-11 10:01:40,342 [ERROR] CADModel:125 - Updater not yet initialized, retry later 
2024-01-11 10:01:40,583 [INFO] CADModel:165 - CPN selected for project level
2024-01-11 10:01:40,583 [INFO] CADModel:114 - Register for checkConnection events
2024-01-11 10:01:40,583 [FATAL] Updater:308 - Updater called before beeing initialized
2024-01-11 10:01:40,583 [ERROR] CADModel:125 - Updater not yet initialized, retry later 
2024-01-11 10:01:40,588 [FATAL] Updater:308 - Updater called before beeing initialized
2024-01-11 10:01:40,768 [FATAL] Updater:308 - Updater called before beeing initialized
2024-01-11 10:01:40,777 [INFO] DbMcusAds:53 - JSON generation date=Wed Nov 29 17:52:27 ICT 2023 (1701255147349)
2024-01-11 10:01:40,777 [FATAL] Updater:308 - Updater called before beeing initialized
2024-01-11 10:01:40,845 [WARN] DetailPanel:346 - Failed to get advertising image, set to default
2024-01-11 10:01:41,037 [FATAL] Updater:308 - Updater called before beeing initialized
2024-01-11 10:01:41,040 [FATAL] Updater:308 - Updater called before beeing initialized
2024-01-11 10:01:41,040 [FATAL] Updater:308 - Updater called before beeing initialized
2024-01-11 10:01:41,040 [WARN] DetailPanel:346 - Failed to get advertising image, set to default
2024-01-11 10:01:41,041 [FATAL] Updater:308 - Updater called before beeing initialized
2024-01-11 10:01:41,111 [ERROR] Updater:1120 - MainUpdater not yet initialized. External WinMGr cannot be set.
2024-01-11 10:01:41,114 [INFO] Updater:1056 - Updater Version found : 6.10.0
2024-01-11 10:01:41,144 [INFO] ApplicationProperties:184 - Using Application install path: C:\ST\STM32CubeIDE_1.12.0\STM32CubeIDE\plugins\com.st.stm32cube.common.mx_6.10.0.202311202037
2024-01-11 10:01:41,920 [INFO] ThirdPartyUpdaterWithRetryManager:70 - Updater plugin not ready yet. [2/15]
2024-01-11 10:01:43,961 [INFO] MainUpdater:2873 - connection check result : 10
2024-01-11 10:01:43,963 [INFO] MainUpdater:290 - Updater Check For Update Now.
2024-01-11 10:01:43,963 [INFO] MicroXplorer:498 - Change Database Version : DB.6.0.100
2024-01-11 10:01:43,972 [INFO] McuFinderGlobals:63 - Set McuFinder mode to 2 (CubeIDE integrated)
2024-01-11 10:01:44,062 [INFO] UserAuth:404 - Internet connection configuration mode: 1
2024-01-11 10:01:44,104 [INFO] JxBrowserEngine:152 - Initiate JxBrowser Engine with user profile folder
2024-01-11 10:01:44,613 [INFO] CheckServerUpdateThread:120 - End of CheckServer Thread
2024-01-11 10:01:45,352 [WARN] PackLoader:240 - Cannot read IP mode file for STMicroelectronics.X-CUBE-SMBUS.2.1.0
2024-01-11 10:01:45,414 [WARN] PackLoader:240 - Cannot read IP mode file for STMicroelectronics.X-CUBE-TOUCHGFX.4.23.0
2024-01-11 10:01:45,953 [WARN] PackLoader:240 - Cannot read IP mode file for STMicroelectronics.X-CUBE-AZRTOS-F7.1.1.0
2024-01-11 10:01:46,008 [WARN] PackLoader:240 - Cannot read IP mode file for STMicroelectronics.FP-SNS-MOTENV1.4.3.2
2024-01-11 10:01:46,023 [WARN] PackLoader:240 - Cannot read IP mode file for STMicroelectronics.FP-SNS-FLIGHT1.5.0.2
2024-01-11 10:01:46,072 [WARN] PackLoader:240 - Cannot read IP mode file for STMicroelectronics.X-CUBE-DISPLAY.3.0.0
2024-01-11 10:01:46,116 [WARN] PackLoader:240 - Cannot read IP mode file for STMicroelectronics.X-CUBE-BLE1.7.0.0
2024-01-11 10:01:46,146 [WARN] PackLoader:240 - Cannot read IP mode file for emotas.I-CUBE-CANOPEN.1.3.0
2024-01-11 10:01:46,284 [WARN] PackLoader:240 - Cannot read IP mode file for STMicroelectronics.X-CUBE-TOUCHGFX.4.22.0
2024-01-11 10:01:46,501 [WARN] PackLoader:240 - Cannot read IP mode file for STMicroelectronics.X-CUBE-TOUCHGFX.4.22.1
2024-01-11 10:01:46,725 [WARN] PackLoader:240 - Cannot read IP mode file for STMicroelectronics.FP-SNS-SMARTAG2.1.2.0
2024-01-11 10:01:46,795 [INFO] LogOutputStream:77 - [STDOUT_REDIRECT] 1 : Invalid condition id : UX_CORESTACK_Condition cause : null
2024-01-11 10:01:46,797 [INFO] LogOutputStream:77 - [STDOUT_REDIRECT] 1 : Invalid condition id : UX_CORESTACK_Condition cause : null
2024-01-11 10:01:46,798 [INFO] LogOutputStream:77 - [STDOUT_REDIRECT] 1 : Invalid condition id : UX_CORESTACK_Condition cause : null
2024-01-11 10:01:46,799 [INFO] LogOutputStream:77 - [STDOUT_REDIRECT] 1 : Invalid condition id : UX_CORESTACK_Condition cause : null
2024-01-11 10:01:46,800 [INFO] LogOutputStream:77 - [STDOUT_REDIRECT] 1 : Invalid condition id : UX_CORESTACK_Condition cause : null
2024-01-11 10:01:46,805 [WARN] PackLoader:240 - Cannot read IP mode file for STMicroelectronics.X-CUBE-AZRTOS-WL.2.0.0
2024-01-11 10:01:46,848 [WARN] PackLoader:240 - Cannot read IP mode file for WES.I-CUBE-Cesium.1.3.0
2024-01-11 10:01:46,878 [WARN] PackLoader:240 - Cannot read IP mode file for STMicroelectronics.X-CUBE-BLE2.3.3.0
2024-01-11 10:01:46,939 [WARN] PackLoader:240 - Cannot read IP mode file for STMicroelectronics.X-CUBE-TOUCHGFX.4.18.0
2024-01-11 10:01:47,069 [WARN] PackLoader:240 - Cannot read IP mode file for STMicroelectronics.X-CUBE-TOUCHGFX.4.21.1
2024-01-11 10:01:47,191 [WARN] PackLoader:240 - Cannot read IP mode file for STMicroelectronics.X-CUBE-TOUCHGFX.4.21.0
2024-01-11 10:01:47,301 [WARN] PackLoader:240 - Cannot read IP mode file for STMicroelectronics.X-CUBE-TOUCHGFX.4.21.4
2024-01-11 10:01:47,443 [WARN] PackLoader:240 - Cannot read IP mode file for STMicroelectronics.X-CUBE-ALGOBUILD.1.3.0
2024-01-11 10:01:47,488 [WARN] PackLoader:240 - Cannot read IP mode file for STMicroelectronics.X-CUBE-AZRTOS-G0.1.1.0
2024-01-11 10:01:47,559 [WARN] PackLoader:240 - Cannot read IP mode file for STMicroelectronics.X-CUBE-NFC4.3.0.0
2024-01-11 10:01:47,609 [WARN] PackLoader:240 - Cannot read IP mode file for STMicroelectronics.X-CUBE-BLEMGR.3.0.0
2024-01-11 10:01:47,655 [WARN] PackLoader:240 - Cannot read IP mode file for STMicroelectronics.FP-ATR-SIGFOX1.3.2.0
2024-01-11 10:01:47,675 [WARN] PackLoader:240 - Cannot read IP mode file for STMicroelectronics.X-CUBE-GNSS1.6.0.0
2024-01-11 10:01:47,726 [WARN] PackLoader:240 - Cannot read IP mode file for STMicroelectronics.X-CUBE-AZRTOS-F4.1.1.0
2024-01-11 10:01:47,761 [WARN] PackLoader:240 - Cannot read IP mode file for wolfSSL.I-CUBE-wolfSSL.5.6.4
2024-01-11 10:01:47,840 [WARN] PackLoader:240 - Cannot read IP mode file for STMicroelectronics.X-CUBE-AZRTOS-L5.2.0.0
2024-01-11 10:01:47,893 [WARN] PackLoader:240 - Cannot read IP mode file for STMicroelectronics.X-CUBE-EEPRMA1.4.2.0
2024-01-11 10:01:48,089 [WARN] PackLoader:240 - Cannot read IP mode file for ITTIA_DB.I-CUBE-ITTIADB.8.8.0
2024-01-11 10:01:48,209 [WARN] PackLoader:240 - Cannot read IP mode file for emotas.I-CUBE-CANOPEN.1.1.3
2024-01-11 10:01:48,309 [WARN] ConditionMgr:438 - getConditionDescription Invalid condition id : UX DEVICE CLASS RTOS Condition cause : null
2024-01-11 10:01:48,310 [WARN] ConditionMgr:438 - getConditionDescription Invalid condition id : UX DEVICE CLASS RTOS Condition cause : null
2024-01-11 10:01:48,332 [WARN] PackLoader:240 - Cannot read IP mode file for STMicroelectronics.X-CUBE-AZRTOS-H7.3.1.0
2024-01-11 10:01:48,334 [WARN] ConditionMgr:1039 - genDependencies : Invalid condition id : UX DEVICE CLASS RTOS Condition cause : null
2024-01-11 10:01:48,334 [WARN] ConditionMgr:1039 - genDependencies : Invalid condition id : UX DEVICE CLASS RTOS Condition cause : null
2024-01-11 10:01:48,335 [WARN] ConditionMgr:1039 - genDependencies : Invalid condition id : UX DEVICE CLASS RTOS Condition cause : null
2024-01-11 10:01:48,335 [WARN] ConditionMgr:1039 - genDependencies : Invalid condition id : UX DEVICE CLASS RTOS Condition cause : null
2024-01-11 10:01:48,335 [WARN] ConditionMgr:1039 - genDependencies : Invalid condition id : UX DEVICE CLASS RTOS Condition cause : null
2024-01-11 10:01:48,342 [WARN] ConditionMgr:438 - getConditionDescription Invalid condition id : UX DEVICE CLASS RTOS Condition cause : null
2024-01-11 10:01:48,343 [WARN] ConditionMgr:438 - getConditionDescription Invalid condition id : UX DEVICE CLASS RTOS Condition cause : null
2024-01-11 10:01:48,652 [WARN] PackLoader:240 - Cannot read IP mode file for STMicroelectronics.X-CUBE-NFC7.1.0.1
2024-01-11 10:01:48,670 [WARN] PackLoader:240 - Cannot read IP mode file for STMicroelectronics.X-CUBE-NFC6.3.0.0
2024-01-11 10:01:48,735 [WARN] PackLoader:240 - Cannot read IP mode file for STMicroelectronics.X-CUBE-AI.8.1.0
2024-01-11 10:01:48,772 [WARN] ConditionMgr:438 - getConditionDescription Invalid condition id : LAN8742 Phy interface Condition cause : null
2024-01-11 10:01:48,773 [WARN] PackLoader:240 - Cannot read IP mode file for STMicroelectronics.X-CUBE-AZRTOS-L4.2.0.0
2024-01-11 10:01:48,775 [WARN] ConditionMgr:1039 - genDependencies : Invalid condition id : LAN8742 Phy interface Condition cause : null
2024-01-11 10:01:48,775 [WARN] ConditionMgr:1039 - genDependencies : Invalid condition id : LAN8742 Phy interface Condition cause : null
2024-01-11 10:01:48,776 [WARN] ConditionMgr:1039 - genDependencies : Invalid condition id : LAN8742 Phy interface Condition cause : null
2024-01-11 10:01:48,821 [WARN] PackLoader:240 - Cannot read IP mode file for STMicroelectronics.X-CUBE-SFXS2LP1.4.0.0
2024-01-11 10:01:49,309 [WARN] PackLoader:240 - Cannot read IP mode file for STMicroelectronics.X-CUBE-ISPU.1.1.0
2024-01-11 10:01:49,416 [WARN] ConditionMgr:438 - getConditionDescription Invalid condition id : UX DEVICE CLASS RTOS Condition cause : null
2024-01-11 10:01:49,416 [WARN] ConditionMgr:438 - getConditionDescription Invalid condition id : UX DEVICE CLASS RTOS Condition cause : null
2024-01-11 10:01:49,418 [WARN] PackLoader:240 - Cannot read IP mode file for STMicroelectronics.X-CUBE-AZRTOS-WB.2.0.0
2024-01-11 10:01:49,419 [WARN] ConditionMgr:1039 - genDependencies : Invalid condition id : UX DEVICE CLASS RTOS Condition cause : null
2024-01-11 10:01:49,419 [WARN] ConditionMgr:1039 - genDependencies : Invalid condition id : UX DEVICE CLASS RTOS Condition cause : null
2024-01-11 10:01:49,419 [WARN] ConditionMgr:1039 - genDependencies : Invalid condition id : UX DEVICE CLASS RTOS Condition cause : null
2024-01-11 10:01:49,420 [WARN] ConditionMgr:1039 - genDependencies : Invalid condition id : UX DEVICE CLASS RTOS Condition cause : null
2024-01-11 10:01:49,420 [WARN] ConditionMgr:1039 - genDependencies : Invalid condition id : UX DEVICE CLASS RTOS Condition cause : null
2024-01-11 10:01:49,465 [WARN] PackLoader:240 - Cannot read IP mode file for STMicroelectronics.X-CUBE-SUBG2.5.0.0
2024-01-11 10:01:49,494 [WARN] PackLoader:240 - Cannot read IP mode file for STMicroelectronics.X-CUBE-TOF1.3.3.1
2024-01-11 10:01:49,804 [WARN] PackLoader:240 - Cannot read IP mode file for STMicroelectronics.X-CUBE-AZRTOS-G4.2.0.0
2024-01-11 10:01:49,981 [WARN] PackLoader:240 - Cannot read IP mode file for STMicroelectronics.X-CUBE-TOF1.3.3.0
2024-01-11 10:01:50,421 [WARN] PackLoader:240 - Cannot read IP mode file for Infineon.AIROC-Wi-Fi-Bluetooth-STM32.1.5.1
2024-01-11 10:01:50,558 [WARN] PackLoader:240 - Cannot read IP mode file for STMicroelectronics.FP-SNS-MOTENVWB1.1.3.0
2024-01-11 10:01:50,619 [WARN] PackLoader:240 - Cannot read IP mode file for STMicroelectronics.FP-SNS-MOTENVWB1.1.3.1
2024-01-11 10:01:50,756 [WARN] PackLoader:240 - Cannot read IP mode file for STMicroelectronics.X-CUBE-ISPU.2.0.0
2024-01-11 10:01:50,969 [WARN] PackLoader:240 - Cannot read IP mode file for STMicroelectronics.X-CUBE-MEMS1.10.0.0
2024-01-11 10:01:51,474 [WARN] PackLoader:240 - Cannot read IP mode file for STMicroelectronics.X-CUBE-FREERTOS.1.1.0
2024-01-11 10:01:51,552 [WARN] PackLoader:240 - Cannot read IP mode file for portGmbH.I-Cube-SoM-uGOAL.1.1.0
2024-01-11 10:01:51,627 [WARN] PackLoader:240 - Cannot read IP mode file for STMicroelectronics.X-CUBE-ALS.1.0.1
2024-01-11 10:01:51,653 [WARN] PackLoader:240 - Cannot read IP mode file for STMicroelectronics.FP-ATR-ASTRA1.2.0.0
2024-01-11 10:01:51,995 [WARN] PackLoader:240 - Cannot read IP mode file for STMicroelectronics.X-CUBE-TOF1.3.4.0
2024-01-11 10:01:52,241 [WARN] PackLoader:240 - Cannot read IP mode file for STMicroelectronics.X-CUBE-AZRTOS-H7.3.2.0
2024-01-11 10:01:52,409 [INFO] ThirdParty:978 - Integrity check success = true
2024-01-11 10:01:52,409 [INFO] IntegrityCheckThread:100 - exiting critical section [integrity check]
2024-01-11 10:01:52,409 [INFO] IntegrityCheckThread:103 - End integrity checks thread
2024-01-11 10:01:54,473 [INFO] WebApp:161 - Instantiating new browser for Auth
2024-01-11 10:01:55,920 [INFO] WebApp:780 - Register for checkConnection events
2024-01-11 10:01:55,920 [INFO] WebApp:414 - Apply proxy settings
2024-01-11 10:01:55,921 [INFO] WebApp:499 - Chromium requires no authentication
2024-01-11 10:01:55,933 [INFO] WebApp:442 - Direct internet connection detected
2024-01-11 10:01:56,229 [INFO] WebApp:192 - Starting web application
2024-01-11 10:01:56,229 [INFO] WebApp:544 - Web application path used C:\ST\STM32CubeIDE_1.12.0\STM32CubeIDE\plugins\com.st.stm32cube.common.mx_6.10.0.202311202037\db\plugins\mcufinder\reactClient1\index.html
