2024-04-24 09:28:26,588 [INFO] Activator:176 - 


2024-04-24 09:28:26,592 [INFO] Activator:177 - !SESSION log4j initialized
2024-04-24 09:28:33,602 [INFO] LogOutputStream:77 - [STDOUT_REDIRECT] 
2024-04-24 09:28:34,474 [ERROR] LogOutputStream:75 - [STDERR_REDIRECT] ??.?. 24, 2024 9:28:34 ??????? org.glassfish.grizzly.http.server.NetworkListener start
2024-04-24 09:28:34,476 [ERROR] LogOutputStream:75 - [STDERR_REDIRECT] INFO: Started listener bound to [localhost:1593]
2024-04-24 09:28:34,476 [ERROR] LogOutputStream:75 - [STDERR_REDIRECT] 
2024-04-24 09:28:34,478 [ERROR] LogOutputStream:75 - [STDERR_REDIRECT] ??.?. 24, 2024 9:28:34 ??????? org.glassfish.grizzly.http.server.HttpServer start
2024-04-24 09:28:34,479 [ERROR] LogOutputStream:75 - [STDERR_REDIRECT] INFO: [HttpServer] Started.
2024-04-24 09:28:34,480 [ERROR] LogOutputStream:75 - [STDERR_REDIRECT] 
2024-04-24 09:28:35,634 [INFO] ApplicationProperties:184 - Using Application install path: C:\ST\STM32CubeIDE_1.12.0\STM32CubeIDE\plugins\com.st.stm32cube.common.mx_6.11.0.202403141607
2024-04-24 09:28:35,651 [INFO] DbMcusXml:78 - Set database path to: C:\ST\STM32CubeIDE_1.12.0\STM32CubeIDE\plugins\com.st.stm32cube.common.mx_6.11.0.202403141607\\db\/mcu/
2024-04-24 09:28:35,651 [INFO] ApiDb:274 - Set plugin database path to: C:\ST\STM32CubeIDE_1.12.0\STM32CubeIDE\plugins\com.st.stm32cube.common.mx_6.11.0.202403141607\\db\/plugins/boardmanager/
2024-04-24 09:28:35,651 [WARN] ApiDb:259 - Overriding images path with different value:  => C:\ST\STM32CubeIDE_1.12.0\STM32CubeIDE\plugins\com.st.stm32cube.common.mx_6.11.0.202403141607\\db\/plugins/mcufinder/images/
2024-04-24 09:28:35,660 [INFO] ApiDb:250 - Set database path to: C:\Users\user\.stmcufinder\plugins\mcufinder//mcu/
2024-04-24 09:28:35,661 [INFO] DbMcusAds:125 - Set database path to: C:\Users\user\.stmcufinder\plugins\mcufinder//mcu/
2024-04-24 09:28:35,663 [INFO] CrossReferenceDbSqlite:203 - Set database path to: C:\Users\user\.stmcufinder\plugins\mcufinder//mcu/cs/
2024-04-24 09:28:35,811 [INFO] RulesReader:64 - Compatibility file has been processed (297 Rules)
2024-04-24 09:28:35,867 [INFO] DbMcusXml:78 - Set database path to: C:\ST\STM32CubeIDE_1.12.0\STM32CubeIDE\plugins\com.st.stm32cube.common.mx_6.11.0.202403141607\\db\/mcu/
2024-04-24 09:28:35,867 [INFO] ApiDb:274 - Set plugin database path to: C:\ST\STM32CubeIDE_1.12.0\STM32CubeIDE\plugins\com.st.stm32cube.common.mx_6.11.0.202403141607\\db\/plugins/boardmanager/
2024-04-24 09:28:35,868 [INFO] ApiDb:261 - Set plugin images path to: C:\ST\STM32CubeIDE_1.12.0\STM32CubeIDE\plugins\com.st.stm32cube.common.mx_6.11.0.202403141607\\db\/plugins/mcufinder/images/
2024-04-24 09:28:35,868 [WARN] DbFile:41 - Overriding database path with different value: C:\Users\user\.stmcufinder\plugins\mcufinder/ => C:\Users\user\.stmcufinder\plugins\mcufinder
2024-04-24 09:28:35,868 [INFO] ApiDb:250 - Set database path to: C:\Users\user\.stmcufinder\plugins\mcufinder//mcu/
2024-04-24 09:28:35,868 [WARN] DbFile:41 - Overriding database path with different value: C:\Users\user\.stmcufinder\plugins\mcufinder/ => C:\Users\user\.stmcufinder\plugins\mcufinder
2024-04-24 09:28:35,868 [INFO] DbMcusAds:125 - Set database path to: C:\Users\user\.stmcufinder\plugins\mcufinder//mcu/
2024-04-24 09:28:35,868 [WARN] DbFile:41 - Overriding database path with different value: C:\Users\user\.stmcufinder\plugins\mcufinder/ => C:\Users\user\.stmcufinder\plugins\mcufinder
2024-04-24 09:28:35,868 [WARN] DbFile:41 - Overriding database path with different value: C:\Users\user\.stmcufinder\plugins\mcufinder/ => C:\Users\user\.stmcufinder\plugins\mcufinder
2024-04-24 09:28:35,868 [INFO] CrossReferenceDbSqlite:203 - Set database path to: C:\Users\user\.stmcufinder\plugins\mcufinder//mcu/cs/
2024-04-24 09:28:35,980 [INFO] MainPanel:264 - HeapMemory: 271581184
2024-04-24 09:28:36,085 [INFO] DbMcusXml:78 - Set database path to: C:\ST\STM32CubeIDE_1.12.0\STM32CubeIDE\plugins\com.st.stm32cube.common.mx_6.11.0.202403141607\\db\/mcu/
2024-04-24 09:28:36,085 [INFO] ApiDb:274 - Set plugin database path to: C:\ST\STM32CubeIDE_1.12.0\STM32CubeIDE\plugins\com.st.stm32cube.common.mx_6.11.0.202403141607\\db\/plugins/boardmanager/
2024-04-24 09:28:36,085 [INFO] ApiDb:261 - Set plugin images path to: C:\ST\STM32CubeIDE_1.12.0\STM32CubeIDE\plugins\com.st.stm32cube.common.mx_6.11.0.202403141607\\db\/plugins/mcufinder/images/
2024-04-24 09:28:36,086 [WARN] DbFile:41 - Overriding database path with different value: C:\Users\user\.stmcufinder\plugins\mcufinder/ => C:\Users\user\.stmcufinder\plugins\mcufinder
2024-04-24 09:28:36,086 [INFO] ApiDb:250 - Set database path to: C:\Users\user\.stmcufinder\plugins\mcufinder//mcu/
2024-04-24 09:28:36,086 [WARN] DbFile:41 - Overriding database path with different value: C:\Users\user\.stmcufinder\plugins\mcufinder/ => C:\Users\user\.stmcufinder\plugins\mcufinder
2024-04-24 09:28:36,086 [INFO] DbMcusAds:125 - Set database path to: C:\Users\user\.stmcufinder\plugins\mcufinder//mcu/
2024-04-24 09:28:36,086 [WARN] DbFile:41 - Overriding database path with different value: C:\Users\user\.stmcufinder\plugins\mcufinder/ => C:\Users\user\.stmcufinder\plugins\mcufinder
2024-04-24 09:28:36,086 [WARN] DbFile:41 - Overriding database path with different value: C:\Users\user\.stmcufinder\plugins\mcufinder/ => C:\Users\user\.stmcufinder\plugins\mcufinder
2024-04-24 09:28:36,086 [INFO] CrossReferenceDbSqlite:203 - Set database path to: C:\Users\user\.stmcufinder\plugins\mcufinder//mcu/cs/
2024-04-24 09:28:36,105 [INFO] ApplicationProperties:184 - Using Application install path: C:\ST\STM32CubeIDE_1.12.0\STM32CubeIDE\plugins\com.st.stm32cube.common.mx_6.11.0.202403141607
2024-04-24 09:28:36,106 [INFO] PluginManage:196 - Search for loadable plugins [exclusion list=, ]
2024-04-24 09:28:36,108 [INFO] PluginManage:310 - Check plugin analytics
2024-04-24 09:28:36,312 [INFO] AnalyticsPlugin:253 - Accepted Software Licenses: STM32CubeMX.6.10.0,STM32CubeMX.6.11.0
2024-04-24 09:28:36,312 [INFO] AnalyticsPlugin:255 - Accepted CMSIS Pack Licenses: STMicroelectronics.X-CUBE-TOUCHGFX.4.23.2,STMicroelectronics.X-CUBE-TOF1.3.4.1
2024-04-24 09:28:36,312 [INFO] AnalyticsPlugin:257 - Accepted Firmware Licenses: FW.G0.1.6.0,FW.H7.1.11.0
2024-04-24 09:28:36,315 [INFO] PluginManage:359 - Loaded plugin analytics (category:tool,tabindex:-1)
2024-04-24 09:28:36,316 [INFO] PluginManage:310 - Check plugin cadmodel
2024-04-24 09:28:36,324 [INFO] CADModel:105 - Init CAD model plugin
2024-04-24 09:28:36,324 [INFO] PluginManage:359 - Loaded plugin cadmodel (category:power,tabindex:5)
2024-04-24 09:28:36,324 [INFO] PluginManage:310 - Check plugin clock
2024-04-24 09:28:36,338 [INFO] PluginManage:359 - Loaded plugin clock (category:base,tabindex:2)
2024-04-24 09:28:36,338 [INFO] PluginManage:310 - Check plugin ddr
2024-04-24 09:28:36,343 [INFO] PluginManage:359 - Loaded plugin ddr (category:tool,tabindex:6)
2024-04-24 09:28:36,343 [INFO] PluginManage:310 - Check plugin filemanager
2024-04-24 09:28:36,535 [INFO] PluginManage:359 - Loaded plugin filemanager (category:base,tabindex:10)
2024-04-24 09:28:36,535 [INFO] PluginManage:310 - Check plugin ipmanager
2024-04-24 09:28:36,544 [INFO] PluginManage:359 - Loaded plugin ipmanager (category:base,tabindex:5)
2024-04-24 09:28:36,544 [INFO] PluginManage:310 - Check plugin lpbam
2024-04-24 09:28:36,556 [INFO] PluginManage:359 - Loaded plugin lpbam (category:base,tabindex:0)
2024-04-24 09:28:36,556 [INFO] PluginManage:310 - Check plugin memorymap
2024-04-24 09:28:36,574 [INFO] PluginManage:359 - Loaded plugin memorymap (category:base,tabindex:4)
2024-04-24 09:28:36,574 [INFO] PluginManage:310 - Check plugin pinoutandconfiguration
2024-04-24 09:28:36,586 [INFO] PluginManage:359 - Loaded plugin pinoutandconfiguration (category:base,tabindex:1)
2024-04-24 09:28:36,586 [INFO] PluginManage:310 - Check plugin pinoutconfig
2024-04-24 09:28:36,681 [WARN] SupportedApi:132 - Cannot load RTOS API schema: s4s-elt-must-match.1: The content of 'definitions' must match (annotation?, (simpleType | complexType)?, (unique | key | keyref)*)). A problem was found starting at: attribute.
2024-04-24 09:28:36,877 [INFO] PluginManage:359 - Loaded plugin pinoutconfig (category:base,tabindex:0)
2024-04-24 09:28:36,878 [INFO] PluginManage:310 - Check plugin power
2024-04-24 09:28:36,891 [INFO] PluginManage:359 - Loaded plugin power (category:power,tabindex:4)
2024-04-24 09:28:36,891 [INFO] PluginManage:310 - Check plugin projectmanager
2024-04-24 09:28:36,913 [INFO] PluginManage:359 - Loaded plugin projectmanager (category:projectmanager,tabindex:3)
2024-04-24 09:28:36,913 [INFO] PluginManage:310 - Check plugin thirdparty
2024-04-24 09:28:37,092 [INFO] PluginManage:359 - Loaded plugin thirdparty (category:base,tabindex:-1)
2024-04-24 09:28:37,092 [INFO] PluginManage:310 - Check plugin tools
2024-04-24 09:28:37,095 [INFO] PluginManage:359 - Loaded plugin tools (category:base,tabindex:7)
2024-04-24 09:28:37,096 [INFO] PluginManage:310 - Check plugin tutovideos
2024-04-24 09:28:37,101 [WARN] IntegrityCheckThread:84 - waiting for thirdparty lock release [integrity check]
2024-04-24 09:28:37,101 [INFO] IntegrityCheckThread:86 - entering critical section [integrity check]
2024-04-24 09:28:37,103 [INFO] ThirdPartyUpdaterWithRetryManager:70 - Updater plugin not ready yet. [1/15]
2024-04-24 09:28:37,305 [INFO] PluginManage:359 - Loaded plugin tutovideos (category:base,tabindex:-1)
2024-04-24 09:28:37,305 [INFO] PluginManage:310 - Check plugin updater
2024-04-24 09:28:37,319 [INFO] PluginManage:359 - Loaded plugin updater (category:base,tabindex:12)
2024-04-24 09:28:37,319 [INFO] PluginManage:310 - Check plugin userauth
2024-04-24 09:28:37,327 [INFO] UserAuth:114 - Init User Auth plugin
2024-04-24 09:28:37,327 [INFO] PluginManage:359 - Loaded plugin userauth (category:base,tabindex:14)
2024-04-24 09:28:37,328 [INFO] PluginManage:283 - PluginManage : Loaded plugins [17]
2024-04-24 09:28:37,540 [INFO] PinOutPanel:1561 - setPackage(No Configuration,No Configuration)
2024-04-24 09:28:37,615 [INFO] CADModel:165 - CPN selected for project level
2024-04-24 09:28:37,615 [INFO] CADModel:114 - Register for checkConnection events
2024-04-24 09:28:37,636 [INFO] IPUIPlugin:80 - create IPUIPlugin
2024-04-24 09:28:37,636 [INFO] PluginManager:220 - loadIPPluginJar : add adc
2024-04-24 09:28:37,639 [INFO] IPUIPlugin:80 - create IPUIPlugin
2024-04-24 09:28:37,639 [INFO] PluginManager:220 - loadIPPluginJar : add aes
2024-04-24 09:28:37,643 [INFO] IPUIPlugin:80 - create IPUIPlugin
2024-04-24 09:28:37,643 [INFO] PluginManager:220 - loadIPPluginJar : add can
2024-04-24 09:28:37,645 [INFO] IPUIPlugin:80 - create IPUIPlugin
2024-04-24 09:28:37,645 [INFO] PluginManager:220 - loadIPPluginJar : add comp
2024-04-24 09:28:37,649 [INFO] IPUIPlugin:80 - create IPUIPlugin
2024-04-24 09:28:37,649 [INFO] PluginManager:220 - loadIPPluginJar : add cryp
2024-04-24 09:28:37,650 [INFO] IPUIPlugin:80 - create IPUIPlugin
2024-04-24 09:28:37,650 [INFO] PluginManager:220 - loadIPPluginJar : add dfsdm
2024-04-24 09:28:37,657 [INFO] IPUIPlugin:80 - create IPUIPlugin
2024-04-24 09:28:37,658 [INFO] PluginManager:220 - loadIPPluginJar : add dma
2024-04-24 09:28:37,659 [INFO] IPUIPlugin:80 - create IPUIPlugin
2024-04-24 09:28:37,659 [INFO] PluginManager:220 - loadIPPluginJar : add dma3
2024-04-24 09:28:37,662 [INFO] IPUIPlugin:80 - create IPUIPlugin
2024-04-24 09:28:37,663 [INFO] PluginManager:220 - loadIPPluginJar : add extmemmanager
2024-04-24 09:28:37,664 [INFO] IPUIPlugin:80 - create IPUIPlugin
2024-04-24 09:28:37,664 [INFO] PluginManager:220 - loadIPPluginJar : add fatfs
2024-04-24 09:28:37,667 [INFO] IPUIPlugin:80 - create IPUIPlugin
2024-04-24 09:28:37,667 [INFO] PluginManager:220 - loadIPPluginJar : add fmc
2024-04-24 09:28:37,672 [INFO] IPUIPlugin:80 - create IPUIPlugin
2024-04-24 09:28:37,673 [INFO] PluginManager:220 - loadIPPluginJar : add freertos
2024-04-24 09:28:37,675 [INFO] IPUIPlugin:80 - create IPUIPlugin
2024-04-24 09:28:37,675 [INFO] PluginManager:220 - loadIPPluginJar : add genericplugin
2024-04-24 09:28:37,677 [INFO] IPUIPlugin:80 - create IPUIPlugin
2024-04-24 09:28:37,677 [INFO] PluginManager:220 - loadIPPluginJar : add gfxmmu
2024-04-24 09:28:37,681 [INFO] IPUIPlugin:80 - create IPUIPlugin
2024-04-24 09:28:37,682 [INFO] PluginManager:220 - loadIPPluginJar : add gic
2024-04-24 09:28:37,685 [INFO] IPUIPlugin:80 - create IPUIPlugin
2024-04-24 09:28:37,685 [INFO] PluginManager:220 - loadIPPluginJar : add gpio
2024-04-24 09:28:37,687 [INFO] IPUIPlugin:80 - create IPUIPlugin
2024-04-24 09:28:37,687 [INFO] PluginManager:220 - loadIPPluginJar : add gtzc
2024-04-24 09:28:37,690 [INFO] IPUIPlugin:80 - create IPUIPlugin
2024-04-24 09:28:37,690 [INFO] PluginManager:220 - loadIPPluginJar : add hash
2024-04-24 09:28:37,694 [INFO] IPUIPlugin:80 - create IPUIPlugin
2024-04-24 09:28:37,694 [INFO] PluginManager:220 - loadIPPluginJar : add i2c
2024-04-24 09:28:37,697 [INFO] IPUIPlugin:80 - create IPUIPlugin
2024-04-24 09:28:37,697 [INFO] PluginManager:220 - loadIPPluginJar : add i2s
2024-04-24 09:28:37,699 [INFO] IPUIPlugin:80 - create IPUIPlugin
2024-04-24 09:28:37,699 [INFO] PluginManager:220 - loadIPPluginJar : add i3c
2024-04-24 09:28:37,702 [INFO] IPUIPlugin:80 - create IPUIPlugin
2024-04-24 09:28:37,702 [INFO] PluginManager:220 - loadIPPluginJar : add ipddr
2024-04-24 09:28:37,709 [INFO] IPUIPlugin:80 - create IPUIPlugin
2024-04-24 09:28:37,709 [INFO] PluginManager:220 - loadIPPluginJar : add linkedlist
2024-04-24 09:28:37,711 [INFO] IPUIPlugin:80 - create IPUIPlugin
2024-04-24 09:28:37,711 [INFO] PluginManager:220 - loadIPPluginJar : add lorawan
2024-04-24 09:28:37,712 [INFO] IPUIPlugin:80 - create IPUIPlugin
2024-04-24 09:28:37,712 [INFO] PluginManager:220 - loadIPPluginJar : add ltdc
2024-04-24 09:28:37,718 [INFO] IPUIPlugin:80 - create IPUIPlugin
2024-04-24 09:28:37,718 [INFO] PluginManager:220 - loadIPPluginJar : add mdma
2024-04-24 09:28:37,721 [INFO] IPUIPlugin:80 - create IPUIPlugin
2024-04-24 09:28:37,721 [INFO] PluginManager:220 - loadIPPluginJar : add nvic
2024-04-24 09:28:37,725 [INFO] IPUIPlugin:80 - create IPUIPlugin
2024-04-24 09:28:37,726 [INFO] PluginManager:220 - loadIPPluginJar : add opamp
2024-04-24 09:28:37,728 [INFO] IPUIPlugin:80 - create IPUIPlugin
2024-04-24 09:28:37,729 [INFO] PluginManager:220 - loadIPPluginJar : add openamp
2024-04-24 09:28:37,731 [INFO] IPUIPlugin:80 - create IPUIPlugin
2024-04-24 09:28:37,731 [INFO] PluginManager:220 - loadIPPluginJar : add pdm2pcm
2024-04-24 09:28:37,736 [INFO] IPUIPlugin:80 - create IPUIPlugin
2024-04-24 09:28:37,738 [INFO] PluginManager:220 - loadIPPluginJar : add plateformsettings
2024-04-24 09:28:37,739 [INFO] IPUIPlugin:80 - create IPUIPlugin
2024-04-24 09:28:37,740 [INFO] PluginManager:220 - loadIPPluginJar : add quadspi
2024-04-24 09:28:37,744 [INFO] IPUIPlugin:80 - create IPUIPlugin
2024-04-24 09:28:37,744 [INFO] PluginManager:220 - loadIPPluginJar : add resmgrutility
2024-04-24 09:28:37,747 [INFO] IPUIPlugin:80 - create IPUIPlugin
2024-04-24 09:28:37,747 [INFO] PluginManager:220 - loadIPPluginJar : add sai
2024-04-24 09:28:37,748 [INFO] IPUIPlugin:80 - create IPUIPlugin
2024-04-24 09:28:37,748 [INFO] PluginManager:220 - loadIPPluginJar : add spi
2024-04-24 09:28:37,753 [INFO] IPUIPlugin:80 - create IPUIPlugin
2024-04-24 09:28:37,753 [INFO] PluginManager:220 - loadIPPluginJar : add stm32_wpan
2024-04-24 09:28:37,755 [INFO] IPUIPlugin:80 - create IPUIPlugin
2024-04-24 09:28:37,755 [INFO] PluginManager:220 - loadIPPluginJar : add tim
2024-04-24 09:28:37,760 [INFO] IPUIPlugin:80 - create IPUIPlugin
2024-04-24 09:28:37,760 [INFO] PluginManager:220 - loadIPPluginJar : add touchsensing
2024-04-24 09:28:37,763 [INFO] IPUIPlugin:80 - create IPUIPlugin
2024-04-24 09:28:37,763 [INFO] PluginManager:220 - loadIPPluginJar : add tracer_emb
2024-04-24 09:28:37,766 [INFO] IPUIPlugin:80 - create IPUIPlugin
2024-04-24 09:28:37,766 [INFO] PluginManager:220 - loadIPPluginJar : add ts
2024-04-24 09:28:37,768 [INFO] IPUIPlugin:80 - create IPUIPlugin
2024-04-24 09:28:37,768 [INFO] PluginManager:220 - loadIPPluginJar : add tsc
2024-04-24 09:28:37,770 [INFO] IPUIPlugin:80 - create IPUIPlugin
2024-04-24 09:28:37,770 [INFO] PluginManager:220 - loadIPPluginJar : add ucpd
2024-04-24 09:28:37,776 [INFO] IPUIPlugin:80 - create IPUIPlugin
2024-04-24 09:28:37,776 [INFO] PluginManager:220 - loadIPPluginJar : add usart
2024-04-24 09:28:37,780 [INFO] IPUIPlugin:80 - create IPUIPlugin
2024-04-24 09:28:37,780 [INFO] PluginManager:220 - loadIPPluginJar : add usbx
2024-04-24 09:28:37,924 [INFO] CADModel:165 - CPN selected for project level
2024-04-24 09:28:37,924 [INFO] CADModel:114 - Register for checkConnection events
2024-04-24 09:28:37,924 [FATAL] Updater:308 - Updater called before beeing initialized
2024-04-24 09:28:37,926 [ERROR] CADModel:125 - Updater not yet initialized, retry later 
2024-04-24 09:28:38,071 [INFO] CADModel:165 - CPN selected for project level
2024-04-24 09:28:38,071 [INFO] CADModel:114 - Register for checkConnection events
2024-04-24 09:28:38,071 [FATAL] Updater:308 - Updater called before beeing initialized
2024-04-24 09:28:38,071 [ERROR] CADModel:125 - Updater not yet initialized, retry later 
2024-04-24 09:28:38,075 [FATAL] Updater:308 - Updater called before beeing initialized
2024-04-24 09:28:38,203 [FATAL] Updater:308 - Updater called before beeing initialized
2024-04-24 09:28:38,209 [INFO] DbMcusAds:53 - JSON generation date=Wed Nov 29 17:52:27 ICT 2023 (1701255147349)
2024-04-24 09:28:38,209 [FATAL] Updater:308 - Updater called before beeing initialized
2024-04-24 09:28:38,289 [WARN] DetailPanel:346 - Failed to get advertising image, set to default
2024-04-24 09:28:38,403 [FATAL] Updater:308 - Updater called before beeing initialized
2024-04-24 09:28:38,406 [FATAL] Updater:308 - Updater called before beeing initialized
2024-04-24 09:28:38,406 [FATAL] Updater:308 - Updater called before beeing initialized
2024-04-24 09:28:38,406 [WARN] DetailPanel:346 - Failed to get advertising image, set to default
2024-04-24 09:28:38,407 [FATAL] Updater:308 - Updater called before beeing initialized
2024-04-24 09:28:38,459 [ERROR] Updater:1120 - MainUpdater not yet initialized. External WinMGr cannot be set.
2024-04-24 09:28:38,460 [INFO] Updater:1056 - Updater Version found : 6.11.0
2024-04-24 09:28:38,480 [INFO] ApplicationProperties:184 - Using Application install path: C:\ST\STM32CubeIDE_1.12.0\STM32CubeIDE\plugins\com.st.stm32cube.common.mx_6.11.0.202403141607
2024-04-24 09:28:40,039 [INFO] MainUpdater:2873 - connection check result : 10
2024-04-24 09:28:40,041 [INFO] MainUpdater:290 - Updater Check For Update Now.
2024-04-24 09:28:40,041 [INFO] MicroXplorer:498 - Change Database Version : DB.6.0.110
2024-04-24 09:28:40,047 [INFO] McuFinderGlobals:63 - Set McuFinder mode to 2 (CubeIDE integrated)
2024-04-24 09:28:40,054 [INFO] UserAuth:415 - Internet connection configuration mode: 1
2024-04-24 09:28:40,077 [INFO] JxBrowserEngine:152 - Initiate JxBrowser Engine with user profile folder
2024-04-24 09:28:40,157 [WARN] MainUpdater:1194 - Updater busy. Cannot search thirdparties
2024-04-24 09:28:40,159 [INFO] ThirdPartyUpdaterWithRetryManager:96 - Updater plugin is busy. [1/15]
2024-04-24 09:28:40,275 [INFO] CheckServerUpdateThread:120 - End of CheckServer Thread
2024-04-24 09:28:40,859 [INFO] WebApp:161 - Instantiating new browser for Auth
2024-04-24 09:28:41,408 [INFO] WebApp:779 - Register for checkConnection events
2024-04-24 09:28:41,408 [INFO] WebApp:414 - Apply proxy settings
2024-04-24 09:28:41,410 [INFO] WebApp:499 - Chromium requires no authentication
2024-04-24 09:28:41,416 [INFO] WebApp:442 - Direct internet connection detected
2024-04-24 09:28:41,571 [INFO] WebApp:192 - Starting web application
2024-04-24 09:28:41,571 [INFO] WebApp:544 - Web application path used C:\ST\STM32CubeIDE_1.12.0\STM32CubeIDE\plugins\com.st.stm32cube.common.mx_6.11.0.202403141607\db\plugins\mcufinder\reactClient1\index.html
2024-04-24 09:28:43,365 [WARN] PackLoader:240 - Cannot read IP mode file for STMicroelectronics.FP-SNS-MOTENVWB1.1.4.0
2024-04-24 09:28:43,379 [WARN] PackLoader:240 - Cannot read IP mode file for STMicroelectronics.X-CUBE-SMBUS.2.1.0
2024-04-24 09:28:43,385 [WARN] PackLoader:240 - Cannot read IP mode file for STMicroelectronics.X-CUBE-TOUCHGFX.4.23.1
2024-04-24 09:28:43,396 [WARN] PackLoader:240 - Cannot read IP mode file for STMicroelectronics.X-CUBE-TOUCHGFX.4.23.0
2024-04-24 09:28:43,558 [WARN] PackLoader:240 - Cannot read IP mode file for STMicroelectronics.X-CUBE-TOUCHGFX.4.23.2
2024-04-24 09:28:43,678 [WARN] PackLoader:240 - Cannot read IP mode file for STMicroelectronics.X-CUBE-AZRTOS-F7.1.1.0
2024-04-24 09:28:43,704 [WARN] PackLoader:240 - Cannot read IP mode file for STMicroelectronics.FP-SNS-MOTENV1.4.3.2
2024-04-24 09:28:43,713 [WARN] PackLoader:240 - Cannot read IP mode file for STMicroelectronics.FP-SNS-FLIGHT1.5.0.2
2024-04-24 09:28:43,723 [WARN] PackLoader:240 - Cannot read IP mode file for STMicroelectronics.X-CUBE-DISPLAY.3.0.0
2024-04-24 09:28:43,737 [WARN] PackLoader:240 - Cannot read IP mode file for STMicroelectronics.X-CUBE-BLE1.7.0.0
2024-04-24 09:28:43,754 [WARN] PackLoader:240 - Cannot read IP mode file for emotas.I-CUBE-CANOPEN.1.3.0
2024-04-24 09:28:43,795 [WARN] PackLoader:240 - Cannot read IP mode file for STMicroelectronics.X-CUBE-TOUCHGFX.4.22.0
2024-04-24 09:28:43,851 [WARN] PackLoader:240 - Cannot read IP mode file for STMicroelectronics.X-CUBE-TOUCHGFX.4.22.1
2024-04-24 09:28:43,915 [WARN] PackLoader:240 - Cannot read IP mode file for STMicroelectronics.X-CUBE-BLEMGR.3.1.0
2024-04-24 09:28:43,923 [WARN] PackLoader:240 - Cannot read IP mode file for STMicroelectronics.FP-SNS-SMARTAG2.1.2.0
2024-04-24 09:28:43,935 [INFO] LogOutputStream:77 - [STDOUT_REDIRECT] 1 : Invalid condition id : UX_CORESTACK_Condition cause : null
2024-04-24 09:28:43,936 [INFO] LogOutputStream:77 - [STDOUT_REDIRECT] 1 : Invalid condition id : UX_CORESTACK_Condition cause : null
2024-04-24 09:28:43,938 [INFO] LogOutputStream:77 - [STDOUT_REDIRECT] 1 : Invalid condition id : UX_CORESTACK_Condition cause : null
2024-04-24 09:28:43,940 [INFO] LogOutputStream:77 - [STDOUT_REDIRECT] 1 : Invalid condition id : UX_CORESTACK_Condition cause : null
2024-04-24 09:28:43,941 [INFO] LogOutputStream:77 - [STDOUT_REDIRECT] 1 : Invalid condition id : UX_CORESTACK_Condition cause : null
2024-04-24 09:28:43,944 [WARN] PackLoader:240 - Cannot read IP mode file for STMicroelectronics.X-CUBE-AZRTOS-WL.2.0.0
2024-04-24 09:28:43,950 [WARN] PackLoader:240 - Cannot read IP mode file for STMicroelectronics.FP-SNS-MOTENV1.5.0.0
2024-04-24 09:28:43,964 [WARN] PackLoader:240 - Cannot read IP mode file for WES.I-CUBE-Cesium.1.3.0
2024-04-24 09:28:43,969 [WARN] PackLoader:240 - Cannot read IP mode file for STMicroelectronics.X-CUBE-BLE2.3.3.0
2024-04-24 09:28:43,976 [WARN] PackLoader:240 - Cannot read IP mode file for STMicroelectronics.X-CUBE-TOUCHGFX.4.18.0
2024-04-24 09:28:44,031 [WARN] PackLoader:240 - Cannot read IP mode file for STMicroelectronics.X-CUBE-TCPP.4.1.0
2024-04-24 09:28:44,041 [WARN] PackLoader:240 - Cannot read IP mode file for STMicroelectronics.X-CUBE-TOUCHGFX.4.21.1
2024-04-24 09:28:44,078 [WARN] PackLoader:240 - Cannot read IP mode file for STMicroelectronics.X-CUBE-TOUCHGFX.4.21.0
2024-04-24 09:28:44,111 [WARN] PackLoader:240 - Cannot read IP mode file for STMicroelectronics.X-CUBE-TOUCHGFX.4.21.4
2024-04-24 09:28:44,149 [WARN] PackLoader:240 - Cannot read IP mode file for STMicroelectronics.X-CUBE-ALGOBUILD.1.3.0
2024-04-24 09:28:44,167 [WARN] PackLoader:240 - Cannot read IP mode file for STMicroelectronics.X-CUBE-AZRTOS-G0.1.1.0
2024-04-24 09:28:44,176 [WARN] PackLoader:240 - Cannot read IP mode file for STMicroelectronics.X-CUBE-SAFEA1.1.2.2
2024-04-24 09:28:44,185 [WARN] PackLoader:240 - Cannot read IP mode file for STMicroelectronics.X-CUBE-NFC4.3.0.0
2024-04-24 09:28:44,199 [WARN] PackLoader:240 - Cannot read IP mode file for STMicroelectronics.X-CUBE-BLEMGR.3.0.0
2024-04-24 09:28:44,205 [WARN] PackLoader:240 - Cannot read IP mode file for STMicroelectronics.FP-ATR-SIGFOX1.3.2.0
2024-04-24 09:28:44,212 [WARN] PackLoader:240 - Cannot read IP mode file for STMicroelectronics.X-CUBE-EEPRMA1.5.1.0
2024-04-24 09:28:44,255 [WARN] PackLoader:240 - Cannot read IP mode file for SEGGER.I-CUBE-embOS.1.3.1
2024-04-24 09:28:44,388 [WARN] PackLoader:240 - Cannot read IP mode file for STMicroelectronics.X-CUBE-GNSS1.6.0.0
2024-04-24 09:28:44,521 [WARN] PackLoader:240 - Cannot read IP mode file for STMicroelectronics.X-CUBE-AZRTOS-F4.1.1.0
2024-04-24 09:28:44,588 [WARN] PackLoader:240 - Cannot read IP mode file for wolfSSL.I-CUBE-wolfSSL.5.6.6
2024-04-24 09:28:44,635 [WARN] PackLoader:240 - Cannot read IP mode file for STMicroelectronics.X-CUBE-AZRTOS-L5.2.0.0
2024-04-24 09:28:44,678 [WARN] PackLoader:240 - Cannot read IP mode file for STMicroelectronics.X-CUBE-EEPRMA1.4.2.0
2024-04-24 09:28:44,689 [WARN] PackLoader:240 - Cannot read IP mode file for STMicroelectronics.X-CUBE-NFC6.3.1.0
2024-04-24 09:28:44,701 [WARN] PackLoader:240 - Cannot read IP mode file for ITTIA_DB.I-CUBE-ITTIADB.8.8.0
2024-04-24 09:28:44,770 [WARN] PackLoader:240 - Cannot read IP mode file for emotas.I-CUBE-CANOPEN.1.1.3
2024-04-24 09:28:44,800 [WARN] PackLoader:240 - Cannot read IP mode file for STMicroelectronics.X-CUBE-AI.9.0.0
2024-04-24 09:28:44,829 [WARN] ConditionMgr:438 - getConditionDescription Invalid condition id : UX DEVICE CLASS RTOS Condition cause : null
2024-04-24 09:28:44,830 [WARN] ConditionMgr:438 - getConditionDescription Invalid condition id : UX DEVICE CLASS RTOS Condition cause : null
2024-04-24 09:28:44,833 [WARN] PackLoader:240 - Cannot read IP mode file for STMicroelectronics.X-CUBE-AZRTOS-H7.3.1.0
2024-04-24 09:28:44,835 [WARN] ConditionMgr:1039 - genDependencies : Invalid condition id : UX DEVICE CLASS RTOS Condition cause : null
2024-04-24 09:28:44,835 [WARN] ConditionMgr:1039 - genDependencies : Invalid condition id : UX DEVICE CLASS RTOS Condition cause : null
2024-04-24 09:28:44,835 [WARN] ConditionMgr:1039 - genDependencies : Invalid condition id : UX DEVICE CLASS RTOS Condition cause : null
2024-04-24 09:28:44,836 [WARN] ConditionMgr:1039 - genDependencies : Invalid condition id : UX DEVICE CLASS RTOS Condition cause : null
2024-04-24 09:28:44,836 [WARN] ConditionMgr:1039 - genDependencies : Invalid condition id : UX DEVICE CLASS RTOS Condition cause : null
2024-04-24 09:28:44,847 [WARN] ConditionMgr:438 - getConditionDescription Invalid condition id : UX DEVICE CLASS RTOS Condition cause : null
2024-04-24 09:28:44,848 [WARN] ConditionMgr:438 - getConditionDescription Invalid condition id : UX DEVICE CLASS RTOS Condition cause : null
2024-04-24 09:28:44,970 [WARN] PackLoader:240 - Cannot read IP mode file for STMicroelectronics.X-CUBE-NFC7.1.0.1
2024-04-24 09:28:44,980 [WARN] PackLoader:240 - Cannot read IP mode file for STMicroelectronics.X-CUBE-NFC6.3.0.0
2024-04-24 09:28:44,986 [WARN] PackLoader:240 - Cannot read IP mode file for STMicroelectronics.X-CUBE-AI.8.1.0
2024-04-24 09:28:45,066 [WARN] ConditionMgr:438 - getConditionDescription Invalid condition id : LAN8742 Phy interface Condition cause : null
2024-04-24 09:28:45,066 [WARN] PackLoader:240 - Cannot read IP mode file for STMicroelectronics.X-CUBE-AZRTOS-L4.2.0.0
2024-04-24 09:28:45,067 [WARN] ConditionMgr:1039 - genDependencies : Invalid condition id : LAN8742 Phy interface Condition cause : null
2024-04-24 09:28:45,068 [WARN] ConditionMgr:1039 - genDependencies : Invalid condition id : LAN8742 Phy interface Condition cause : null
2024-04-24 09:28:45,068 [WARN] ConditionMgr:1039 - genDependencies : Invalid condition id : LAN8742 Phy interface Condition cause : null
2024-04-24 09:28:45,076 [WARN] PackLoader:240 - Cannot read IP mode file for STMicroelectronics.X-CUBE-SFXS2LP1.4.0.0
2024-04-24 09:28:45,092 [WARN] ConditionMgr:438 - getConditionDescription Invalid condition id : UX DEVICE CLASS RTOS Condition cause : null
2024-04-24 09:28:45,092 [WARN] ConditionMgr:438 - getConditionDescription Invalid condition id : UX DEVICE CLASS RTOS Condition cause : null
2024-04-24 09:28:45,095 [WARN] PackLoader:240 - Cannot read IP mode file for STMicroelectronics.X-CUBE-AZRTOS-WB.2.0.0
2024-04-24 09:28:45,095 [WARN] ConditionMgr:1039 - genDependencies : Invalid condition id : UX DEVICE CLASS RTOS Condition cause : null
2024-04-24 09:28:45,096 [WARN] ConditionMgr:1039 - genDependencies : Invalid condition id : UX DEVICE CLASS RTOS Condition cause : null
2024-04-24 09:28:45,096 [WARN] ConditionMgr:1039 - genDependencies : Invalid condition id : UX DEVICE CLASS RTOS Condition cause : null
2024-04-24 09:28:45,096 [WARN] ConditionMgr:1039 - genDependencies : Invalid condition id : UX DEVICE CLASS RTOS Condition cause : null
2024-04-24 09:28:45,096 [WARN] ConditionMgr:1039 - genDependencies : Invalid condition id : UX DEVICE CLASS RTOS Condition cause : null
2024-04-24 09:28:45,111 [WARN] PackLoader:240 - Cannot read IP mode file for STMicroelectronics.X-CUBE-SUBG2.5.0.0
2024-04-24 09:28:45,130 [WARN] PackLoader:240 - Cannot read IP mode file for STMicroelectronics.X-CUBE-TOF1.3.3.1
2024-04-24 09:28:45,233 [WARN] PackLoader:240 - Cannot read IP mode file for STMicroelectronics.X-CUBE-AZRTOS-G4.2.0.0
2024-04-24 09:28:45,250 [WARN] PackLoader:240 - Cannot read IP mode file for STMicroelectronics.X-CUBE-TOF1.3.3.0
2024-04-24 09:28:45,313 [WARN] PackLoader:240 - Cannot read IP mode file for Infineon.AIROC-Wi-Fi-Bluetooth-STM32.1.5.1
2024-04-24 09:28:45,319 [WARN] PackLoader:240 - Cannot read IP mode file for STMicroelectronics.FP-SNS-MOTENVWB1.1.3.1
2024-04-24 09:28:45,325 [WARN] PackLoader:240 - Cannot read IP mode file for STMicroelectronics.X-CUBE-ISPU.2.0.0
2024-04-24 09:28:45,357 [WARN] PackLoader:240 - Cannot read IP mode file for STMicroelectronics.X-CUBE-MEMS1.10.0.0
2024-04-24 09:28:45,494 [WARN] PackLoader:240 - Cannot read IP mode file for STMicroelectronics.X-CUBE-FREERTOS.1.1.0
2024-04-24 09:28:45,499 [WARN] PackLoader:240 - Cannot read IP mode file for portGmbH.I-Cube-SoM-uGOAL.1.1.0
2024-04-24 09:28:45,504 [WARN] PackLoader:240 - Cannot read IP mode file for STMicroelectronics.X-CUBE-ALS.1.0.1
2024-04-24 09:28:45,522 [WARN] PackLoader:240 - Cannot read IP mode file for STMicroelectronics.X-CUBE-AZRTOS-H7RS.1.0.0
2024-04-24 09:28:45,529 [WARN] PackLoader:240 - Cannot read IP mode file for STMicroelectronics.FP-ATR-ASTRA1.2.0.0
2024-04-24 09:28:45,541 [WARN] PackLoader:240 - Cannot read IP mode file for STMicroelectronics.X-CUBE-TOF1.3.4.0
2024-04-24 09:28:45,598 [WARN] PackLoader:240 - Cannot read IP mode file for STMicroelectronics.X-CUBE-TOF1.3.4.1
2024-04-24 09:28:45,662 [WARN] PackLoader:240 - Cannot read IP mode file for STMicroelectronics.X-CUBE-AZRTOS-H7.3.2.0
2024-04-24 09:28:45,766 [INFO] ThirdParty:978 - Integrity check success = true
2024-04-24 09:28:45,766 [INFO] IntegrityCheckThread:100 - exiting critical section [integrity check]
2024-04-24 09:28:45,766 [INFO] IntegrityCheckThread:103 - End integrity checks thread
2024-04-24 15:16:29,671 [ERROR] LogOutputStream:75 - [STDERR_REDIRECT] 
