2024-04-27 08:41:57,407 [INFO] Activator:176 - 


2024-04-27 08:41:57,416 [INFO] Activator:177 - !SESSION log4j initialized
2024-04-27 08:42:03,883 [INFO] LogOutputStream:77 - [STDOUT_REDIRECT] 
2024-04-27 08:42:04,838 [ERROR] LogOutputStream:75 - [STDERR_REDIRECT] ??.?. 27, 2024 8:42:04 ??????? org.glassfish.grizzly.http.server.NetworkListener start
2024-04-27 08:42:04,839 [ERROR] LogOutputStream:75 - [STDERR_REDIRECT] INFO: Started listener bound to [localhost:1596]
2024-04-27 08:42:04,840 [ERROR] LogOutputStream:75 - [STDERR_REDIRECT] 
2024-04-27 08:42:04,842 [ERROR] LogOutputStream:75 - [STDERR_REDIRECT] ??.?. 27, 2024 8:42:04 ??????? org.glassfish.grizzly.http.server.HttpServer start
2024-04-27 08:42:04,844 [ERROR] LogOutputStream:75 - [STDERR_REDIRECT] INFO: [HttpServer] Started.
2024-04-27 08:42:04,844 [ERROR] LogOutputStream:75 - [STDERR_REDIRECT] 
2024-04-27 08:42:06,105 [INFO] ApplicationProperties:184 - Using Application install path: C:\ST\STM32CubeIDE_1.12.0\STM32CubeIDE\plugins\com.st.stm32cube.common.mx_6.11.0.202403141607
2024-04-27 08:42:06,135 [INFO] DbMcusXml:78 - Set database path to: C:\ST\STM32CubeIDE_1.12.0\STM32CubeIDE\plugins\com.st.stm32cube.common.mx_6.11.0.202403141607\\db\/mcu/
2024-04-27 08:42:06,135 [INFO] ApiDb:274 - Set plugin database path to: C:\ST\STM32CubeIDE_1.12.0\STM32CubeIDE\plugins\com.st.stm32cube.common.mx_6.11.0.202403141607\\db\/plugins/boardmanager/
2024-04-27 08:42:06,135 [WARN] ApiDb:259 - Overriding images path with different value:  => C:\ST\STM32CubeIDE_1.12.0\STM32CubeIDE\plugins\com.st.stm32cube.common.mx_6.11.0.202403141607\\db\/plugins/mcufinder/images/
2024-04-27 08:42:06,149 [INFO] ApiDb:250 - Set database path to: C:\Users\user\.stmcufinder\plugins\mcufinder//mcu/
2024-04-27 08:42:06,152 [INFO] DbMcusAds:125 - Set database path to: C:\Users\user\.stmcufinder\plugins\mcufinder//mcu/
2024-04-27 08:42:06,154 [INFO] CrossReferenceDbSqlite:203 - Set database path to: C:\Users\user\.stmcufinder\plugins\mcufinder//mcu/cs/
2024-04-27 08:42:06,391 [INFO] RulesReader:64 - Compatibility file has been processed (297 Rules)
2024-04-27 08:42:06,482 [INFO] DbMcusXml:78 - Set database path to: C:\ST\STM32CubeIDE_1.12.0\STM32CubeIDE\plugins\com.st.stm32cube.common.mx_6.11.0.202403141607\\db\/mcu/
2024-04-27 08:42:06,483 [INFO] ApiDb:274 - Set plugin database path to: C:\ST\STM32CubeIDE_1.12.0\STM32CubeIDE\plugins\com.st.stm32cube.common.mx_6.11.0.202403141607\\db\/plugins/boardmanager/
2024-04-27 08:42:06,483 [INFO] ApiDb:261 - Set plugin images path to: C:\ST\STM32CubeIDE_1.12.0\STM32CubeIDE\plugins\com.st.stm32cube.common.mx_6.11.0.202403141607\\db\/plugins/mcufinder/images/
2024-04-27 08:42:06,483 [WARN] DbFile:41 - Overriding database path with different value: C:\Users\user\.stmcufinder\plugins\mcufinder/ => C:\Users\user\.stmcufinder\plugins\mcufinder
2024-04-27 08:42:06,483 [INFO] ApiDb:250 - Set database path to: C:\Users\user\.stmcufinder\plugins\mcufinder//mcu/
2024-04-27 08:42:06,483 [WARN] DbFile:41 - Overriding database path with different value: C:\Users\user\.stmcufinder\plugins\mcufinder/ => C:\Users\user\.stmcufinder\plugins\mcufinder
2024-04-27 08:42:06,483 [INFO] DbMcusAds:125 - Set database path to: C:\Users\user\.stmcufinder\plugins\mcufinder//mcu/
2024-04-27 08:42:06,484 [WARN] DbFile:41 - Overriding database path with different value: C:\Users\user\.stmcufinder\plugins\mcufinder/ => C:\Users\user\.stmcufinder\plugins\mcufinder
2024-04-27 08:42:06,484 [WARN] DbFile:41 - Overriding database path with different value: C:\Users\user\.stmcufinder\plugins\mcufinder/ => C:\Users\user\.stmcufinder\plugins\mcufinder
2024-04-27 08:42:06,484 [INFO] CrossReferenceDbSqlite:203 - Set database path to: C:\Users\user\.stmcufinder\plugins\mcufinder//mcu/cs/
2024-04-27 08:42:06,581 [INFO] MainPanel:264 - HeapMemory: 268435456
2024-04-27 08:42:06,707 [INFO] DbMcusXml:78 - Set database path to: C:\ST\STM32CubeIDE_1.12.0\STM32CubeIDE\plugins\com.st.stm32cube.common.mx_6.11.0.202403141607\\db\/mcu/
2024-04-27 08:42:06,708 [INFO] ApiDb:274 - Set plugin database path to: C:\ST\STM32CubeIDE_1.12.0\STM32CubeIDE\plugins\com.st.stm32cube.common.mx_6.11.0.202403141607\\db\/plugins/boardmanager/
2024-04-27 08:42:06,708 [INFO] ApiDb:261 - Set plugin images path to: C:\ST\STM32CubeIDE_1.12.0\STM32CubeIDE\plugins\com.st.stm32cube.common.mx_6.11.0.202403141607\\db\/plugins/mcufinder/images/
2024-04-27 08:42:06,708 [WARN] DbFile:41 - Overriding database path with different value: C:\Users\user\.stmcufinder\plugins\mcufinder/ => C:\Users\user\.stmcufinder\plugins\mcufinder
2024-04-27 08:42:06,708 [INFO] ApiDb:250 - Set database path to: C:\Users\user\.stmcufinder\plugins\mcufinder//mcu/
2024-04-27 08:42:06,708 [WARN] DbFile:41 - Overriding database path with different value: C:\Users\user\.stmcufinder\plugins\mcufinder/ => C:\Users\user\.stmcufinder\plugins\mcufinder
2024-04-27 08:42:06,708 [INFO] DbMcusAds:125 - Set database path to: C:\Users\user\.stmcufinder\plugins\mcufinder//mcu/
2024-04-27 08:42:06,708 [WARN] DbFile:41 - Overriding database path with different value: C:\Users\user\.stmcufinder\plugins\mcufinder/ => C:\Users\user\.stmcufinder\plugins\mcufinder
2024-04-27 08:42:06,709 [WARN] DbFile:41 - Overriding database path with different value: C:\Users\user\.stmcufinder\plugins\mcufinder/ => C:\Users\user\.stmcufinder\plugins\mcufinder
2024-04-27 08:42:06,709 [INFO] CrossReferenceDbSqlite:203 - Set database path to: C:\Users\user\.stmcufinder\plugins\mcufinder//mcu/cs/
2024-04-27 08:42:06,728 [INFO] ApplicationProperties:184 - Using Application install path: C:\ST\STM32CubeIDE_1.12.0\STM32CubeIDE\plugins\com.st.stm32cube.common.mx_6.11.0.202403141607
2024-04-27 08:42:06,731 [INFO] PluginManage:196 - Search for loadable plugins [exclusion list=, ]
2024-04-27 08:42:06,732 [INFO] PluginManage:310 - Check plugin analytics
2024-04-27 08:42:06,910 [INFO] AnalyticsPlugin:253 - Accepted Software Licenses: STM32CubeMX.6.10.0,STM32CubeMX.6.11.0
2024-04-27 08:42:06,910 [INFO] AnalyticsPlugin:255 - Accepted CMSIS Pack Licenses: STMicroelectronics.X-CUBE-TOUCHGFX.4.23.2,STMicroelectronics.X-CUBE-TOF1.3.4.1
2024-04-27 08:42:06,910 [INFO] AnalyticsPlugin:257 - Accepted Firmware Licenses: FW.G0.1.6.0,FW.H7.1.11.0
2024-04-27 08:42:06,912 [INFO] PluginManage:359 - Loaded plugin analytics (category:tool,tabindex:-1)
2024-04-27 08:42:06,913 [INFO] PluginManage:310 - Check plugin cadmodel
2024-04-27 08:42:06,919 [INFO] CADModel:105 - Init CAD model plugin
2024-04-27 08:42:06,920 [INFO] PluginManage:359 - Loaded plugin cadmodel (category:power,tabindex:5)
2024-04-27 08:42:06,920 [INFO] PluginManage:310 - Check plugin clock
2024-04-27 08:42:06,932 [INFO] PluginManage:359 - Loaded plugin clock (category:base,tabindex:2)
2024-04-27 08:42:06,932 [INFO] PluginManage:310 - Check plugin ddr
2024-04-27 08:42:06,935 [INFO] PluginManage:359 - Loaded plugin ddr (category:tool,tabindex:6)
2024-04-27 08:42:06,935 [INFO] PluginManage:310 - Check plugin filemanager
2024-04-27 08:42:07,122 [INFO] PluginManage:359 - Loaded plugin filemanager (category:base,tabindex:10)
2024-04-27 08:42:07,122 [INFO] PluginManage:310 - Check plugin ipmanager
2024-04-27 08:42:07,136 [INFO] PluginManage:359 - Loaded plugin ipmanager (category:base,tabindex:5)
2024-04-27 08:42:07,136 [INFO] PluginManage:310 - Check plugin lpbam
2024-04-27 08:42:07,152 [INFO] PluginManage:359 - Loaded plugin lpbam (category:base,tabindex:0)
2024-04-27 08:42:07,153 [INFO] PluginManage:310 - Check plugin memorymap
2024-04-27 08:42:07,184 [INFO] PluginManage:359 - Loaded plugin memorymap (category:base,tabindex:4)
2024-04-27 08:42:07,184 [INFO] PluginManage:310 - Check plugin pinoutandconfiguration
2024-04-27 08:42:07,213 [INFO] PluginManage:359 - Loaded plugin pinoutandconfiguration (category:base,tabindex:1)
2024-04-27 08:42:07,214 [INFO] PluginManage:310 - Check plugin pinoutconfig
2024-04-27 08:42:07,397 [WARN] SupportedApi:132 - Cannot load RTOS API schema: s4s-elt-must-match.1: The content of 'definitions' must match (annotation?, (simpleType | complexType)?, (unique | key | keyref)*)). A problem was found starting at: attribute.
2024-04-27 08:42:07,592 [INFO] PluginManage:359 - Loaded plugin pinoutconfig (category:base,tabindex:0)
2024-04-27 08:42:07,592 [INFO] PluginManage:310 - Check plugin power
2024-04-27 08:42:07,604 [INFO] PluginManage:359 - Loaded plugin power (category:power,tabindex:4)
2024-04-27 08:42:07,604 [INFO] PluginManage:310 - Check plugin projectmanager
2024-04-27 08:42:07,632 [INFO] PluginManage:359 - Loaded plugin projectmanager (category:projectmanager,tabindex:3)
2024-04-27 08:42:07,632 [INFO] PluginManage:310 - Check plugin thirdparty
2024-04-27 08:42:07,832 [INFO] PluginManage:359 - Loaded plugin thirdparty (category:base,tabindex:-1)
2024-04-27 08:42:07,833 [INFO] PluginManage:310 - Check plugin tools
2024-04-27 08:42:07,834 [WARN] IntegrityCheckThread:84 - waiting for thirdparty lock release [integrity check]
2024-04-27 08:42:07,835 [INFO] IntegrityCheckThread:86 - entering critical section [integrity check]
2024-04-27 08:42:07,835 [INFO] ThirdPartyUpdaterWithRetryManager:70 - Updater plugin not ready yet. [1/15]
2024-04-27 08:42:07,837 [INFO] PluginManage:359 - Loaded plugin tools (category:base,tabindex:7)
2024-04-27 08:42:07,837 [INFO] PluginManage:310 - Check plugin tutovideos
2024-04-27 08:42:08,055 [INFO] PluginManage:359 - Loaded plugin tutovideos (category:base,tabindex:-1)
2024-04-27 08:42:08,055 [INFO] PluginManage:310 - Check plugin updater
2024-04-27 08:42:08,070 [INFO] PluginManage:359 - Loaded plugin updater (category:base,tabindex:12)
2024-04-27 08:42:08,070 [INFO] PluginManage:310 - Check plugin userauth
2024-04-27 08:42:08,080 [INFO] UserAuth:114 - Init User Auth plugin
2024-04-27 08:42:08,080 [INFO] PluginManage:359 - Loaded plugin userauth (category:base,tabindex:14)
2024-04-27 08:42:08,081 [INFO] PluginManage:283 - PluginManage : Loaded plugins [17]
2024-04-27 08:42:08,357 [INFO] PinOutPanel:1561 - setPackage(No Configuration,No Configuration)
2024-04-27 08:42:08,428 [INFO] CADModel:165 - CPN selected for project level
2024-04-27 08:42:08,428 [INFO] CADModel:114 - Register for checkConnection events
2024-04-27 08:42:08,447 [INFO] IPUIPlugin:80 - create IPUIPlugin
2024-04-27 08:42:08,447 [INFO] PluginManager:220 - loadIPPluginJar : add adc
2024-04-27 08:42:08,449 [INFO] IPUIPlugin:80 - create IPUIPlugin
2024-04-27 08:42:08,449 [INFO] PluginManager:220 - loadIPPluginJar : add aes
2024-04-27 08:42:08,453 [INFO] IPUIPlugin:80 - create IPUIPlugin
2024-04-27 08:42:08,453 [INFO] PluginManager:220 - loadIPPluginJar : add can
2024-04-27 08:42:08,455 [INFO] IPUIPlugin:80 - create IPUIPlugin
2024-04-27 08:42:08,455 [INFO] PluginManager:220 - loadIPPluginJar : add comp
2024-04-27 08:42:08,457 [INFO] IPUIPlugin:80 - create IPUIPlugin
2024-04-27 08:42:08,458 [INFO] PluginManager:220 - loadIPPluginJar : add cryp
2024-04-27 08:42:08,461 [INFO] IPUIPlugin:80 - create IPUIPlugin
2024-04-27 08:42:08,461 [INFO] PluginManager:220 - loadIPPluginJar : add dfsdm
2024-04-27 08:42:08,467 [INFO] IPUIPlugin:80 - create IPUIPlugin
2024-04-27 08:42:08,468 [INFO] PluginManager:220 - loadIPPluginJar : add dma
2024-04-27 08:42:08,470 [INFO] IPUIPlugin:80 - create IPUIPlugin
2024-04-27 08:42:08,470 [INFO] PluginManager:220 - loadIPPluginJar : add dma3
2024-04-27 08:42:08,475 [INFO] IPUIPlugin:80 - create IPUIPlugin
2024-04-27 08:42:08,475 [INFO] PluginManager:220 - loadIPPluginJar : add extmemmanager
2024-04-27 08:42:08,477 [INFO] IPUIPlugin:80 - create IPUIPlugin
2024-04-27 08:42:08,477 [INFO] PluginManager:220 - loadIPPluginJar : add fatfs
2024-04-27 08:42:08,485 [INFO] IPUIPlugin:80 - create IPUIPlugin
2024-04-27 08:42:08,485 [INFO] PluginManager:220 - loadIPPluginJar : add fmc
2024-04-27 08:42:08,491 [INFO] IPUIPlugin:80 - create IPUIPlugin
2024-04-27 08:42:08,493 [INFO] PluginManager:220 - loadIPPluginJar : add freertos
2024-04-27 08:42:08,494 [INFO] IPUIPlugin:80 - create IPUIPlugin
2024-04-27 08:42:08,494 [INFO] PluginManager:220 - loadIPPluginJar : add genericplugin
2024-04-27 08:42:08,497 [INFO] IPUIPlugin:80 - create IPUIPlugin
2024-04-27 08:42:08,497 [INFO] PluginManager:220 - loadIPPluginJar : add gfxmmu
2024-04-27 08:42:08,503 [INFO] IPUIPlugin:80 - create IPUIPlugin
2024-04-27 08:42:08,503 [INFO] PluginManager:220 - loadIPPluginJar : add gic
2024-04-27 08:42:08,508 [INFO] IPUIPlugin:80 - create IPUIPlugin
2024-04-27 08:42:08,508 [INFO] PluginManager:220 - loadIPPluginJar : add gpio
2024-04-27 08:42:08,512 [INFO] IPUIPlugin:80 - create IPUIPlugin
2024-04-27 08:42:08,512 [INFO] PluginManager:220 - loadIPPluginJar : add gtzc
2024-04-27 08:42:08,516 [INFO] IPUIPlugin:80 - create IPUIPlugin
2024-04-27 08:42:08,516 [INFO] PluginManager:220 - loadIPPluginJar : add hash
2024-04-27 08:42:08,518 [INFO] IPUIPlugin:80 - create IPUIPlugin
2024-04-27 08:42:08,518 [INFO] PluginManager:220 - loadIPPluginJar : add i2c
2024-04-27 08:42:08,521 [INFO] IPUIPlugin:80 - create IPUIPlugin
2024-04-27 08:42:08,521 [INFO] PluginManager:220 - loadIPPluginJar : add i2s
2024-04-27 08:42:08,524 [INFO] IPUIPlugin:80 - create IPUIPlugin
2024-04-27 08:42:08,524 [INFO] PluginManager:220 - loadIPPluginJar : add i3c
2024-04-27 08:42:08,527 [INFO] IPUIPlugin:80 - create IPUIPlugin
2024-04-27 08:42:08,527 [INFO] PluginManager:220 - loadIPPluginJar : add ipddr
2024-04-27 08:42:08,534 [INFO] IPUIPlugin:80 - create IPUIPlugin
2024-04-27 08:42:08,534 [INFO] PluginManager:220 - loadIPPluginJar : add linkedlist
2024-04-27 08:42:08,537 [INFO] IPUIPlugin:80 - create IPUIPlugin
2024-04-27 08:42:08,537 [INFO] PluginManager:220 - loadIPPluginJar : add lorawan
2024-04-27 08:42:08,538 [INFO] IPUIPlugin:80 - create IPUIPlugin
2024-04-27 08:42:08,539 [INFO] PluginManager:220 - loadIPPluginJar : add ltdc
2024-04-27 08:42:08,547 [INFO] IPUIPlugin:80 - create IPUIPlugin
2024-04-27 08:42:08,547 [INFO] PluginManager:220 - loadIPPluginJar : add mdma
2024-04-27 08:42:08,559 [INFO] IPUIPlugin:80 - create IPUIPlugin
2024-04-27 08:42:08,559 [INFO] PluginManager:220 - loadIPPluginJar : add nvic
2024-04-27 08:42:08,566 [INFO] IPUIPlugin:80 - create IPUIPlugin
2024-04-27 08:42:08,566 [INFO] PluginManager:220 - loadIPPluginJar : add opamp
2024-04-27 08:42:08,569 [INFO] IPUIPlugin:80 - create IPUIPlugin
2024-04-27 08:42:08,569 [INFO] PluginManager:220 - loadIPPluginJar : add openamp
2024-04-27 08:42:08,572 [INFO] IPUIPlugin:80 - create IPUIPlugin
2024-04-27 08:42:08,572 [INFO] PluginManager:220 - loadIPPluginJar : add pdm2pcm
2024-04-27 08:42:08,580 [INFO] IPUIPlugin:80 - create IPUIPlugin
2024-04-27 08:42:08,581 [INFO] PluginManager:220 - loadIPPluginJar : add plateformsettings
2024-04-27 08:42:08,584 [INFO] IPUIPlugin:80 - create IPUIPlugin
2024-04-27 08:42:08,584 [INFO] PluginManager:220 - loadIPPluginJar : add quadspi
2024-04-27 08:42:08,588 [INFO] IPUIPlugin:80 - create IPUIPlugin
2024-04-27 08:42:08,588 [INFO] PluginManager:220 - loadIPPluginJar : add resmgrutility
2024-04-27 08:42:08,592 [INFO] IPUIPlugin:80 - create IPUIPlugin
2024-04-27 08:42:08,592 [INFO] PluginManager:220 - loadIPPluginJar : add sai
2024-04-27 08:42:08,597 [INFO] IPUIPlugin:80 - create IPUIPlugin
2024-04-27 08:42:08,597 [INFO] PluginManager:220 - loadIPPluginJar : add spi
2024-04-27 08:42:08,602 [INFO] IPUIPlugin:80 - create IPUIPlugin
2024-04-27 08:42:08,602 [INFO] PluginManager:220 - loadIPPluginJar : add stm32_wpan
2024-04-27 08:42:08,604 [INFO] IPUIPlugin:80 - create IPUIPlugin
2024-04-27 08:42:08,604 [INFO] PluginManager:220 - loadIPPluginJar : add tim
2024-04-27 08:42:08,609 [INFO] IPUIPlugin:80 - create IPUIPlugin
2024-04-27 08:42:08,609 [INFO] PluginManager:220 - loadIPPluginJar : add touchsensing
2024-04-27 08:42:08,613 [INFO] IPUIPlugin:80 - create IPUIPlugin
2024-04-27 08:42:08,614 [INFO] PluginManager:220 - loadIPPluginJar : add tracer_emb
2024-04-27 08:42:08,616 [INFO] IPUIPlugin:80 - create IPUIPlugin
2024-04-27 08:42:08,616 [INFO] PluginManager:220 - loadIPPluginJar : add ts
2024-04-27 08:42:08,619 [INFO] IPUIPlugin:80 - create IPUIPlugin
2024-04-27 08:42:08,619 [INFO] PluginManager:220 - loadIPPluginJar : add tsc
2024-04-27 08:42:08,621 [INFO] IPUIPlugin:80 - create IPUIPlugin
2024-04-27 08:42:08,621 [INFO] PluginManager:220 - loadIPPluginJar : add ucpd
2024-04-27 08:42:08,626 [INFO] IPUIPlugin:80 - create IPUIPlugin
2024-04-27 08:42:08,626 [INFO] PluginManager:220 - loadIPPluginJar : add usart
2024-04-27 08:42:08,632 [INFO] IPUIPlugin:80 - create IPUIPlugin
2024-04-27 08:42:08,632 [INFO] PluginManager:220 - loadIPPluginJar : add usbx
2024-04-27 08:42:08,757 [INFO] CADModel:165 - CPN selected for project level
2024-04-27 08:42:08,757 [INFO] CADModel:114 - Register for checkConnection events
2024-04-27 08:42:08,757 [FATAL] Updater:308 - Updater called before beeing initialized
2024-04-27 08:42:08,757 [ERROR] CADModel:125 - Updater not yet initialized, retry later 
2024-04-27 08:42:08,922 [INFO] CADModel:165 - CPN selected for project level
2024-04-27 08:42:08,923 [INFO] CADModel:114 - Register for checkConnection events
2024-04-27 08:42:08,923 [FATAL] Updater:308 - Updater called before beeing initialized
2024-04-27 08:42:08,923 [ERROR] CADModel:125 - Updater not yet initialized, retry later 
2024-04-27 08:42:08,928 [FATAL] Updater:308 - Updater called before beeing initialized
2024-04-27 08:42:09,073 [FATAL] Updater:308 - Updater called before beeing initialized
2024-04-27 08:42:09,080 [INFO] DbMcusAds:53 - JSON generation date=Wed Nov 29 17:52:27 ICT 2023 (1701255147349)
2024-04-27 08:42:09,080 [FATAL] Updater:308 - Updater called before beeing initialized
2024-04-27 08:42:09,118 [WARN] DetailPanel:346 - Failed to get advertising image, set to default
2024-04-27 08:42:09,189 [FATAL] Updater:308 - Updater called before beeing initialized
2024-04-27 08:42:09,192 [FATAL] Updater:308 - Updater called before beeing initialized
2024-04-27 08:42:09,192 [FATAL] Updater:308 - Updater called before beeing initialized
2024-04-27 08:42:09,192 [WARN] DetailPanel:346 - Failed to get advertising image, set to default
2024-04-27 08:42:09,193 [FATAL] Updater:308 - Updater called before beeing initialized
2024-04-27 08:42:09,243 [ERROR] Updater:1120 - MainUpdater not yet initialized. External WinMGr cannot be set.
2024-04-27 08:42:09,245 [INFO] Updater:1056 - Updater Version found : 6.11.0
2024-04-27 08:42:09,269 [INFO] ApplicationProperties:184 - Using Application install path: C:\ST\STM32CubeIDE_1.12.0\STM32CubeIDE\plugins\com.st.stm32cube.common.mx_6.11.0.202403141607
2024-04-27 08:42:10,827 [INFO] MainUpdater:2873 - connection check result : 10
2024-04-27 08:42:10,829 [INFO] MainUpdater:290 - Updater Check For Update Now.
2024-04-27 08:42:10,829 [INFO] MicroXplorer:498 - Change Database Version : DB.6.0.110
2024-04-27 08:42:10,842 [INFO] ThirdPartyUpdaterWithRetryManager:70 - Updater plugin not ready yet. [2/15]
2024-04-27 08:42:10,847 [INFO] McuFinderGlobals:63 - Set McuFinder mode to 2 (CubeIDE integrated)
2024-04-27 08:42:10,861 [INFO] UserAuth:415 - Internet connection configuration mode: 1
2024-04-27 08:42:10,897 [INFO] JxBrowserEngine:152 - Initiate JxBrowser Engine with user profile folder
2024-04-27 08:42:11,072 [INFO] CheckServerUpdateThread:120 - End of CheckServer Thread
2024-04-27 08:42:11,743 [INFO] WebApp:161 - Instantiating new browser for Auth
2024-04-27 08:42:12,444 [INFO] WebApp:779 - Register for checkConnection events
2024-04-27 08:42:12,444 [INFO] WebApp:414 - Apply proxy settings
2024-04-27 08:42:12,444 [INFO] WebApp:499 - Chromium requires no authentication
2024-04-27 08:42:12,451 [INFO] WebApp:442 - Direct internet connection detected
2024-04-27 08:42:12,637 [INFO] WebApp:192 - Starting web application
2024-04-27 08:42:12,637 [INFO] WebApp:544 - Web application path used C:\ST\STM32CubeIDE_1.12.0\STM32CubeIDE\plugins\com.st.stm32cube.common.mx_6.11.0.202403141607\db\plugins\mcufinder\reactClient1\index.html
2024-04-27 08:42:14,174 [WARN] PackLoader:240 - Cannot read IP mode file for STMicroelectronics.FP-SNS-MOTENVWB1.1.4.0
2024-04-27 08:42:14,187 [WARN] PackLoader:240 - Cannot read IP mode file for STMicroelectronics.X-CUBE-SMBUS.2.1.0
2024-04-27 08:42:14,196 [WARN] PackLoader:240 - Cannot read IP mode file for STMicroelectronics.X-CUBE-TOUCHGFX.4.23.1
2024-04-27 08:42:14,203 [WARN] PackLoader:240 - Cannot read IP mode file for STMicroelectronics.X-CUBE-TOUCHGFX.4.23.0
2024-04-27 08:42:14,348 [WARN] PackLoader:240 - Cannot read IP mode file for STMicroelectronics.X-CUBE-TOUCHGFX.4.23.2
2024-04-27 08:42:14,454 [WARN] PackLoader:240 - Cannot read IP mode file for STMicroelectronics.X-CUBE-AZRTOS-F7.1.1.0
2024-04-27 08:42:14,469 [WARN] PackLoader:240 - Cannot read IP mode file for STMicroelectronics.FP-SNS-MOTENV1.4.3.2
2024-04-27 08:42:14,477 [WARN] PackLoader:240 - Cannot read IP mode file for STMicroelectronics.FP-SNS-FLIGHT1.5.0.2
2024-04-27 08:42:14,485 [WARN] PackLoader:240 - Cannot read IP mode file for STMicroelectronics.X-CUBE-DISPLAY.3.0.0
2024-04-27 08:42:14,502 [WARN] PackLoader:240 - Cannot read IP mode file for STMicroelectronics.X-CUBE-BLE1.7.0.0
2024-04-27 08:42:14,518 [WARN] PackLoader:240 - Cannot read IP mode file for emotas.I-CUBE-CANOPEN.1.3.0
2024-04-27 08:42:14,565 [WARN] PackLoader:240 - Cannot read IP mode file for STMicroelectronics.X-CUBE-TOUCHGFX.4.22.0
2024-04-27 08:42:14,636 [WARN] PackLoader:240 - Cannot read IP mode file for STMicroelectronics.X-CUBE-TOUCHGFX.4.22.1
2024-04-27 08:42:14,699 [WARN] PackLoader:240 - Cannot read IP mode file for STMicroelectronics.X-CUBE-BLEMGR.3.1.0
2024-04-27 08:42:14,710 [WARN] PackLoader:240 - Cannot read IP mode file for STMicroelectronics.FP-SNS-SMARTAG2.1.2.0
2024-04-27 08:42:14,719 [INFO] LogOutputStream:77 - [STDOUT_REDIRECT] 1 : Invalid condition id : UX_CORESTACK_Condition cause : null
2024-04-27 08:42:14,720 [INFO] LogOutputStream:77 - [STDOUT_REDIRECT] 1 : Invalid condition id : UX_CORESTACK_Condition cause : null
2024-04-27 08:42:14,721 [INFO] LogOutputStream:77 - [STDOUT_REDIRECT] 1 : Invalid condition id : UX_CORESTACK_Condition cause : null
2024-04-27 08:42:14,721 [INFO] LogOutputStream:77 - [STDOUT_REDIRECT] 1 : Invalid condition id : UX_CORESTACK_Condition cause : null
2024-04-27 08:42:14,724 [INFO] LogOutputStream:77 - [STDOUT_REDIRECT] 1 : Invalid condition id : UX_CORESTACK_Condition cause : null
2024-04-27 08:42:14,727 [WARN] PackLoader:240 - Cannot read IP mode file for STMicroelectronics.X-CUBE-AZRTOS-WL.2.0.0
2024-04-27 08:42:14,732 [WARN] PackLoader:240 - Cannot read IP mode file for STMicroelectronics.FP-SNS-MOTENV1.5.0.0
2024-04-27 08:42:14,748 [WARN] PackLoader:240 - Cannot read IP mode file for WES.I-CUBE-Cesium.1.3.0
2024-04-27 08:42:14,751 [WARN] PackLoader:240 - Cannot read IP mode file for STMicroelectronics.X-CUBE-BLE2.3.3.0
2024-04-27 08:42:14,758 [WARN] PackLoader:240 - Cannot read IP mode file for STMicroelectronics.X-CUBE-TOUCHGFX.4.18.0
2024-04-27 08:42:14,802 [WARN] PackLoader:240 - Cannot read IP mode file for STMicroelectronics.X-CUBE-TCPP.4.1.0
2024-04-27 08:42:14,835 [WARN] PackLoader:240 - Cannot read IP mode file for STMicroelectronics.X-CUBE-TOUCHGFX.4.21.1
2024-04-27 08:42:14,937 [WARN] PackLoader:240 - Cannot read IP mode file for STMicroelectronics.X-CUBE-TOUCHGFX.4.21.0
2024-04-27 08:42:14,994 [WARN] PackLoader:240 - Cannot read IP mode file for STMicroelectronics.X-CUBE-TOUCHGFX.4.21.4
2024-04-27 08:42:15,079 [WARN] PackLoader:240 - Cannot read IP mode file for STMicroelectronics.X-CUBE-ALGOBUILD.1.3.0
2024-04-27 08:42:15,111 [WARN] PackLoader:240 - Cannot read IP mode file for STMicroelectronics.X-CUBE-AZRTOS-G0.1.1.0
2024-04-27 08:42:15,182 [WARN] PackLoader:240 - Cannot read IP mode file for STMicroelectronics.X-CUBE-SAFEA1.1.2.2
2024-04-27 08:42:15,201 [WARN] PackLoader:240 - Cannot read IP mode file for STMicroelectronics.X-CUBE-NFC4.3.0.0
2024-04-27 08:42:15,230 [WARN] PackLoader:240 - Cannot read IP mode file for STMicroelectronics.X-CUBE-BLEMGR.3.0.0
2024-04-27 08:42:15,245 [WARN] PackLoader:240 - Cannot read IP mode file for STMicroelectronics.FP-ATR-SIGFOX1.3.2.0
2024-04-27 08:42:15,255 [WARN] PackLoader:240 - Cannot read IP mode file for STMicroelectronics.X-CUBE-EEPRMA1.5.1.0
2024-04-27 08:42:15,398 [WARN] PackLoader:240 - Cannot read IP mode file for SEGGER.I-CUBE-embOS.1.3.1
2024-04-27 08:42:15,505 [WARN] PackLoader:240 - Cannot read IP mode file for STMicroelectronics.X-CUBE-GNSS1.6.0.0
2024-04-27 08:42:15,534 [WARN] PackLoader:240 - Cannot read IP mode file for STMicroelectronics.X-CUBE-AZRTOS-F4.1.1.0
2024-04-27 08:42:15,550 [WARN] PackLoader:240 - Cannot read IP mode file for wolfSSL.I-CUBE-wolfSSL.5.6.6
2024-04-27 08:42:15,595 [WARN] PackLoader:240 - Cannot read IP mode file for STMicroelectronics.X-CUBE-AZRTOS-L5.2.0.0
2024-04-27 08:42:15,602 [WARN] PackLoader:240 - Cannot read IP mode file for STMicroelectronics.X-CUBE-EEPRMA1.4.2.0
2024-04-27 08:42:15,625 [WARN] PackLoader:240 - Cannot read IP mode file for STMicroelectronics.X-CUBE-NFC6.3.1.0
2024-04-27 08:42:15,635 [WARN] PackLoader:240 - Cannot read IP mode file for ITTIA_DB.I-CUBE-ITTIADB.8.8.0
2024-04-27 08:42:15,693 [WARN] PackLoader:240 - Cannot read IP mode file for emotas.I-CUBE-CANOPEN.1.1.3
2024-04-27 08:42:15,783 [WARN] PackLoader:240 - Cannot read IP mode file for STMicroelectronics.X-CUBE-AI.9.0.0
2024-04-27 08:42:15,998 [WARN] ConditionMgr:438 - getConditionDescription Invalid condition id : UX DEVICE CLASS RTOS Condition cause : null
2024-04-27 08:42:15,998 [WARN] ConditionMgr:438 - getConditionDescription Invalid condition id : UX DEVICE CLASS RTOS Condition cause : null
2024-04-27 08:42:16,005 [WARN] PackLoader:240 - Cannot read IP mode file for STMicroelectronics.X-CUBE-AZRTOS-H7.3.1.0
2024-04-27 08:42:16,011 [WARN] ConditionMgr:1039 - genDependencies : Invalid condition id : UX DEVICE CLASS RTOS Condition cause : null
2024-04-27 08:42:16,012 [WARN] ConditionMgr:1039 - genDependencies : Invalid condition id : UX DEVICE CLASS RTOS Condition cause : null
2024-04-27 08:42:16,013 [WARN] ConditionMgr:1039 - genDependencies : Invalid condition id : UX DEVICE CLASS RTOS Condition cause : null
2024-04-27 08:42:16,014 [WARN] ConditionMgr:1039 - genDependencies : Invalid condition id : UX DEVICE CLASS RTOS Condition cause : null
2024-04-27 08:42:16,014 [WARN] ConditionMgr:1039 - genDependencies : Invalid condition id : UX DEVICE CLASS RTOS Condition cause : null
2024-04-27 08:42:16,054 [WARN] ConditionMgr:438 - getConditionDescription Invalid condition id : UX DEVICE CLASS RTOS Condition cause : null
2024-04-27 08:42:16,054 [WARN] ConditionMgr:438 - getConditionDescription Invalid condition id : UX DEVICE CLASS RTOS Condition cause : null
2024-04-27 08:42:16,421 [WARN] PackLoader:240 - Cannot read IP mode file for STMicroelectronics.X-CUBE-NFC7.1.0.1
2024-04-27 08:42:16,446 [WARN] PackLoader:240 - Cannot read IP mode file for STMicroelectronics.X-CUBE-NFC6.3.0.0
2024-04-27 08:42:16,470 [WARN] PackLoader:240 - Cannot read IP mode file for STMicroelectronics.X-CUBE-AI.8.1.0
2024-04-27 08:42:16,507 [WARN] ConditionMgr:438 - getConditionDescription Invalid condition id : LAN8742 Phy interface Condition cause : null
2024-04-27 08:42:16,508 [WARN] PackLoader:240 - Cannot read IP mode file for STMicroelectronics.X-CUBE-AZRTOS-L4.2.0.0
2024-04-27 08:42:16,509 [WARN] ConditionMgr:1039 - genDependencies : Invalid condition id : LAN8742 Phy interface Condition cause : null
2024-04-27 08:42:16,509 [WARN] ConditionMgr:1039 - genDependencies : Invalid condition id : LAN8742 Phy interface Condition cause : null
2024-04-27 08:42:16,509 [WARN] ConditionMgr:1039 - genDependencies : Invalid condition id : LAN8742 Phy interface Condition cause : null
2024-04-27 08:42:16,530 [WARN] PackLoader:240 - Cannot read IP mode file for STMicroelectronics.X-CUBE-SFXS2LP1.4.0.0
2024-04-27 08:42:16,549 [WARN] ConditionMgr:438 - getConditionDescription Invalid condition id : UX DEVICE CLASS RTOS Condition cause : null
2024-04-27 08:42:16,549 [WARN] ConditionMgr:438 - getConditionDescription Invalid condition id : UX DEVICE CLASS RTOS Condition cause : null
2024-04-27 08:42:16,550 [WARN] PackLoader:240 - Cannot read IP mode file for STMicroelectronics.X-CUBE-AZRTOS-WB.2.0.0
2024-04-27 08:42:16,551 [WARN] ConditionMgr:1039 - genDependencies : Invalid condition id : UX DEVICE CLASS RTOS Condition cause : null
2024-04-27 08:42:16,551 [WARN] ConditionMgr:1039 - genDependencies : Invalid condition id : UX DEVICE CLASS RTOS Condition cause : null
2024-04-27 08:42:16,551 [WARN] ConditionMgr:1039 - genDependencies : Invalid condition id : UX DEVICE CLASS RTOS Condition cause : null
2024-04-27 08:42:16,552 [WARN] ConditionMgr:1039 - genDependencies : Invalid condition id : UX DEVICE CLASS RTOS Condition cause : null
2024-04-27 08:42:16,552 [WARN] ConditionMgr:1039 - genDependencies : Invalid condition id : UX DEVICE CLASS RTOS Condition cause : null
2024-04-27 08:42:16,567 [WARN] PackLoader:240 - Cannot read IP mode file for STMicroelectronics.X-CUBE-SUBG2.5.0.0
2024-04-27 08:42:16,609 [WARN] PackLoader:240 - Cannot read IP mode file for STMicroelectronics.X-CUBE-TOF1.3.3.1
2024-04-27 08:42:16,750 [WARN] PackLoader:240 - Cannot read IP mode file for STMicroelectronics.X-CUBE-AZRTOS-G4.2.0.0
2024-04-27 08:42:16,787 [WARN] PackLoader:240 - Cannot read IP mode file for STMicroelectronics.X-CUBE-TOF1.3.3.0
2024-04-27 08:42:16,995 [WARN] PackLoader:240 - Cannot read IP mode file for Infineon.AIROC-Wi-Fi-Bluetooth-STM32.1.5.1
2024-04-27 08:42:17,004 [WARN] PackLoader:240 - Cannot read IP mode file for STMicroelectronics.FP-SNS-MOTENVWB1.1.3.1
2024-04-27 08:42:17,015 [WARN] PackLoader:240 - Cannot read IP mode file for STMicroelectronics.X-CUBE-ISPU.2.0.0
2024-04-27 08:42:17,089 [WARN] PackLoader:240 - Cannot read IP mode file for STMicroelectronics.X-CUBE-MEMS1.10.0.0
2024-04-27 08:42:17,602 [WARN] PackLoader:240 - Cannot read IP mode file for STMicroelectronics.X-CUBE-FREERTOS.1.1.0
2024-04-27 08:42:17,735 [WARN] PackLoader:240 - Cannot read IP mode file for portGmbH.I-Cube-SoM-uGOAL.1.1.0
2024-04-27 08:42:17,907 [WARN] PackLoader:240 - Cannot read IP mode file for STMicroelectronics.X-CUBE-ALS.1.0.1
2024-04-27 08:42:18,316 [WARN] PackLoader:240 - Cannot read IP mode file for STMicroelectronics.X-CUBE-AZRTOS-H7RS.1.0.0
2024-04-27 08:42:18,344 [WARN] PackLoader:240 - Cannot read IP mode file for STMicroelectronics.FP-ATR-ASTRA1.2.0.0
2024-04-27 08:42:18,364 [WARN] PackLoader:240 - Cannot read IP mode file for STMicroelectronics.X-CUBE-TOF1.3.4.0
2024-04-27 08:42:18,532 [WARN] PackLoader:240 - Cannot read IP mode file for STMicroelectronics.X-CUBE-TOF1.3.4.1
2024-04-27 08:42:18,782 [WARN] PackLoader:240 - Cannot read IP mode file for STMicroelectronics.X-CUBE-AZRTOS-H7.3.2.0
2024-04-27 08:42:19,049 [INFO] ThirdParty:978 - Integrity check success = true
2024-04-27 08:42:19,049 [INFO] IntegrityCheckThread:100 - exiting critical section [integrity check]
2024-04-27 08:42:19,049 [INFO] IntegrityCheckThread:103 - End integrity checks thread
2024-04-27 11:31:00,871 [ERROR] LogOutputStream:75 - [STDERR_REDIRECT] 
2024-04-27 11:31:00,883 [ERROR] LogOutputStream:75 - [STDERR_REDIRECT] 
