2024-01-26 17:01:41,830 [INFO] Activator:176 - 


2024-01-26 17:01:41,833 [INFO] Activator:177 - !SESSION log4j initialized
2024-01-26 17:01:50,756 [INFO] LogOutputStream:77 - [STDOUT_REDIRECT] 
2024-01-26 17:01:51,695 [ERROR] LogOutputStream:75 - [STDERR_REDIRECT] ?.?. 26, 2024 5:01:51 ??????? org.glassfish.grizzly.http.server.NetworkListener start
2024-01-26 17:01:51,696 [ERROR] LogOutputStream:75 - [STDERR_REDIRECT] INFO: Started listener bound to [localhost:1597]
2024-01-26 17:01:51,696 [ERROR] LogOutputStream:75 - [STDERR_REDIRECT] 
2024-01-26 17:01:51,698 [ERROR] LogOutputStream:75 - [STDERR_REDIRECT] ?.?. 26, 2024 5:01:51 ??????? org.glassfish.grizzly.http.server.HttpServer start
2024-01-26 17:01:51,699 [ERROR] LogOutputStream:75 - [STDERR_REDIRECT] INFO: [HttpServer] Started.
2024-01-26 17:01:51,699 [ERROR] LogOutputStream:75 - [STDERR_REDIRECT] 
2024-01-26 17:01:52,025 [INFO] ApplicationProperties:184 - Using Application install path: C:\ST\STM32CubeIDE_1.12.0\STM32CubeIDE\plugins\com.st.stm32cube.common.mx_6.10.0.202311202037
2024-01-26 17:01:52,055 [INFO] DbMcusXml:78 - Set database path to: C:\ST\STM32CubeIDE_1.12.0\STM32CubeIDE\plugins\com.st.stm32cube.common.mx_6.10.0.202311202037\\db\/mcu/
2024-01-26 17:01:52,057 [INFO] ApiDb:274 - Set plugin database path to: C:\ST\STM32CubeIDE_1.12.0\STM32CubeIDE\plugins\com.st.stm32cube.common.mx_6.10.0.202311202037\\db\/plugins/boardmanager/
2024-01-26 17:01:52,057 [WARN] ApiDb:259 - Overriding images path with different value:  => C:\ST\STM32CubeIDE_1.12.0\STM32CubeIDE\plugins\com.st.stm32cube.common.mx_6.10.0.202311202037\\db\/plugins/mcufinder/images/
2024-01-26 17:01:52,180 [INFO] ApiDb:250 - Set database path to: C:\Users\user\.stmcufinder\plugins\mcufinder//mcu/
2024-01-26 17:01:52,183 [INFO] DbMcusAds:125 - Set database path to: C:\Users\user\.stmcufinder\plugins\mcufinder//mcu/
2024-01-26 17:01:52,187 [INFO] CrossReferenceDbSqlite:203 - Set database path to: C:\Users\user\.stmcufinder\plugins\mcufinder//mcu/cs/
2024-01-26 17:01:52,396 [INFO] RulesReader:64 - Compatibility file has been processed (297 Rules)
2024-01-26 17:01:52,553 [INFO] DbMcusXml:78 - Set database path to: C:\ST\STM32CubeIDE_1.12.0\STM32CubeIDE\plugins\com.st.stm32cube.common.mx_6.10.0.202311202037\\db\/mcu/
2024-01-26 17:01:52,553 [INFO] ApiDb:274 - Set plugin database path to: C:\ST\STM32CubeIDE_1.12.0\STM32CubeIDE\plugins\com.st.stm32cube.common.mx_6.10.0.202311202037\\db\/plugins/boardmanager/
2024-01-26 17:01:52,554 [INFO] ApiDb:261 - Set plugin images path to: C:\ST\STM32CubeIDE_1.12.0\STM32CubeIDE\plugins\com.st.stm32cube.common.mx_6.10.0.202311202037\\db\/plugins/mcufinder/images/
2024-01-26 17:01:52,554 [WARN] DbFile:41 - Overriding database path with different value: C:\Users\user\.stmcufinder\plugins\mcufinder/ => C:\Users\user\.stmcufinder\plugins\mcufinder
2024-01-26 17:01:52,556 [INFO] ApiDb:250 - Set database path to: C:\Users\user\.stmcufinder\plugins\mcufinder//mcu/
2024-01-26 17:01:52,556 [WARN] DbFile:41 - Overriding database path with different value: C:\Users\user\.stmcufinder\plugins\mcufinder/ => C:\Users\user\.stmcufinder\plugins\mcufinder
2024-01-26 17:01:52,557 [INFO] DbMcusAds:125 - Set database path to: C:\Users\user\.stmcufinder\plugins\mcufinder//mcu/
2024-01-26 17:01:52,557 [WARN] DbFile:41 - Overriding database path with different value: C:\Users\user\.stmcufinder\plugins\mcufinder/ => C:\Users\user\.stmcufinder\plugins\mcufinder
2024-01-26 17:01:52,557 [WARN] DbFile:41 - Overriding database path with different value: C:\Users\user\.stmcufinder\plugins\mcufinder/ => C:\Users\user\.stmcufinder\plugins\mcufinder
2024-01-26 17:01:52,557 [INFO] CrossReferenceDbSqlite:203 - Set database path to: C:\Users\user\.stmcufinder\plugins\mcufinder//mcu/cs/
2024-01-26 17:01:52,751 [INFO] MainPanel:264 - HeapMemory: 309329920
2024-01-26 17:01:52,876 [INFO] DbMcusXml:78 - Set database path to: C:\ST\STM32CubeIDE_1.12.0\STM32CubeIDE\plugins\com.st.stm32cube.common.mx_6.10.0.202311202037\\db\/mcu/
2024-01-26 17:01:52,876 [INFO] ApiDb:274 - Set plugin database path to: C:\ST\STM32CubeIDE_1.12.0\STM32CubeIDE\plugins\com.st.stm32cube.common.mx_6.10.0.202311202037\\db\/plugins/boardmanager/
2024-01-26 17:01:52,877 [INFO] ApiDb:261 - Set plugin images path to: C:\ST\STM32CubeIDE_1.12.0\STM32CubeIDE\plugins\com.st.stm32cube.common.mx_6.10.0.202311202037\\db\/plugins/mcufinder/images/
2024-01-26 17:01:52,877 [WARN] DbFile:41 - Overriding database path with different value: C:\Users\user\.stmcufinder\plugins\mcufinder/ => C:\Users\user\.stmcufinder\plugins\mcufinder
2024-01-26 17:01:52,877 [INFO] ApiDb:250 - Set database path to: C:\Users\user\.stmcufinder\plugins\mcufinder//mcu/
2024-01-26 17:01:52,877 [WARN] DbFile:41 - Overriding database path with different value: C:\Users\user\.stmcufinder\plugins\mcufinder/ => C:\Users\user\.stmcufinder\plugins\mcufinder
2024-01-26 17:01:52,877 [INFO] DbMcusAds:125 - Set database path to: C:\Users\user\.stmcufinder\plugins\mcufinder//mcu/
2024-01-26 17:01:52,877 [WARN] DbFile:41 - Overriding database path with different value: C:\Users\user\.stmcufinder\plugins\mcufinder/ => C:\Users\user\.stmcufinder\plugins\mcufinder
2024-01-26 17:01:52,877 [WARN] DbFile:41 - Overriding database path with different value: C:\Users\user\.stmcufinder\plugins\mcufinder/ => C:\Users\user\.stmcufinder\plugins\mcufinder
2024-01-26 17:01:52,877 [INFO] CrossReferenceDbSqlite:203 - Set database path to: C:\Users\user\.stmcufinder\plugins\mcufinder//mcu/cs/
2024-01-26 17:01:52,900 [INFO] ApplicationProperties:184 - Using Application install path: C:\ST\STM32CubeIDE_1.12.0\STM32CubeIDE\plugins\com.st.stm32cube.common.mx_6.10.0.202311202037
2024-01-26 17:01:52,902 [INFO] PluginManage:196 - Search for loadable plugins [exclusion list=, ]
2024-01-26 17:01:52,904 [INFO] PluginManage:310 - Check plugin analytics
2024-01-26 17:01:53,239 [INFO] AnalyticsPlugin:253 - Accepted Software Licenses: STM32CubeMX.6.8.0,STM32CubeMX.6.8.1,STM32CubeMX.6.5.0,STM32CubeMX.6.9.1,STM32CubeMX.6.9.2,STM32CubeMX.6.10.0
2024-01-26 17:01:53,239 [INFO] AnalyticsPlugin:255 - Accepted CMSIS Pack Licenses: emotas.I-CUBE-CANOPEN.1.1.3,STMicroelectronics.X-CUBE-TOUCHGFX.4.21.0,STMicroelectronics.X-CUBE-TOUCHGFX.4.21.1,STMicroelectronics.X-CUBE-TOUCHGFX.4.18.0,STMicroelectronics.X-CUBE-TOUCHGFX.4.22.1,STMicroelectronics.X-CUBE-AZRTOS-H7.3.1.0,STMicroelectronics.X-CUBE-AZRTOS-H7.3.2.0,ITTIA_DB.I-CUBE-ITTIADB.8.8.0
2024-01-26 17:01:53,239 [INFO] AnalyticsPlugin:257 - Accepted Firmware Licenses: FW.H7.1.11.0,FW.G0.1.6.0,FW.F4.1.27.0
2024-01-26 17:01:53,242 [INFO] PluginManage:359 - Loaded plugin analytics (category:tool,tabindex:-1)
2024-01-26 17:01:53,243 [INFO] PluginManage:310 - Check plugin cadmodel
2024-01-26 17:01:53,249 [INFO] CADModel:105 - Init CAD model plugin
2024-01-26 17:01:53,250 [INFO] PluginManage:359 - Loaded plugin cadmodel (category:power,tabindex:5)
2024-01-26 17:01:53,250 [INFO] PluginManage:310 - Check plugin clock
2024-01-26 17:01:53,270 [INFO] PluginManage:359 - Loaded plugin clock (category:base,tabindex:2)
2024-01-26 17:01:53,270 [INFO] PluginManage:310 - Check plugin ddr
2024-01-26 17:01:53,274 [INFO] PluginManage:359 - Loaded plugin ddr (category:tool,tabindex:6)
2024-01-26 17:01:53,274 [INFO] PluginManage:310 - Check plugin filemanager
2024-01-26 17:01:53,427 [INFO] PluginManage:359 - Loaded plugin filemanager (category:base,tabindex:10)
2024-01-26 17:01:53,427 [INFO] PluginManage:310 - Check plugin ipmanager
2024-01-26 17:01:53,436 [INFO] PluginManage:359 - Loaded plugin ipmanager (category:base,tabindex:5)
2024-01-26 17:01:53,436 [INFO] PluginManage:310 - Check plugin lpbam
2024-01-26 17:01:53,473 [INFO] PluginManage:359 - Loaded plugin lpbam (category:base,tabindex:0)
2024-01-26 17:01:53,473 [INFO] PluginManage:310 - Check plugin memorymap
2024-01-26 17:01:53,495 [INFO] PluginManage:359 - Loaded plugin memorymap (category:base,tabindex:4)
2024-01-26 17:01:53,495 [INFO] PluginManage:310 - Check plugin pinoutandconfiguration
2024-01-26 17:01:53,511 [INFO] PluginManage:359 - Loaded plugin pinoutandconfiguration (category:base,tabindex:1)
2024-01-26 17:01:53,511 [INFO] PluginManage:310 - Check plugin pinoutconfig
2024-01-26 17:01:53,628 [WARN] SupportedApi:132 - Cannot load RTOS API schema: s4s-elt-must-match.1: The content of 'definitions' must match (annotation?, (simpleType | complexType)?, (unique | key | keyref)*)). A problem was found starting at: attribute.
2024-01-26 17:01:53,869 [INFO] PluginManage:359 - Loaded plugin pinoutconfig (category:base,tabindex:0)
2024-01-26 17:01:53,869 [INFO] PluginManage:310 - Check plugin power
2024-01-26 17:01:53,884 [INFO] PluginManage:359 - Loaded plugin power (category:power,tabindex:4)
2024-01-26 17:01:53,885 [INFO] PluginManage:310 - Check plugin projectmanager
2024-01-26 17:01:53,913 [INFO] PluginManage:359 - Loaded plugin projectmanager (category:projectmanager,tabindex:3)
2024-01-26 17:01:53,914 [INFO] PluginManage:310 - Check plugin thirdparty
2024-01-26 17:01:54,131 [INFO] PluginManage:359 - Loaded plugin thirdparty (category:base,tabindex:-1)
2024-01-26 17:01:54,131 [INFO] PluginManage:310 - Check plugin tools
2024-01-26 17:01:54,132 [WARN] IntegrityCheckThread:84 - waiting for thirdparty lock release [integrity check]
2024-01-26 17:01:54,133 [INFO] IntegrityCheckThread:86 - entering critical section [integrity check]
2024-01-26 17:01:54,133 [INFO] ThirdPartyUpdaterWithRetryManager:70 - Updater plugin not ready yet. [1/15]
2024-01-26 17:01:54,135 [INFO] PluginManage:359 - Loaded plugin tools (category:base,tabindex:7)
2024-01-26 17:01:54,135 [INFO] PluginManage:310 - Check plugin tutovideos
2024-01-26 17:01:54,299 [INFO] PluginManage:359 - Loaded plugin tutovideos (category:base,tabindex:-1)
2024-01-26 17:01:54,299 [INFO] PluginManage:310 - Check plugin updater
2024-01-26 17:01:54,312 [INFO] PluginManage:359 - Loaded plugin updater (category:base,tabindex:12)
2024-01-26 17:01:54,312 [INFO] PluginManage:310 - Check plugin userauth
2024-01-26 17:01:54,318 [INFO] UserAuth:114 - Init User Auth plugin
2024-01-26 17:01:54,319 [INFO] PluginManage:359 - Loaded plugin userauth (category:base,tabindex:14)
2024-01-26 17:01:54,319 [INFO] PluginManage:283 - PluginManage : Loaded plugins [17]
2024-01-26 17:01:54,527 [INFO] PinOutPanel:1499 - setPackage(No Configuration,No Configuration)
2024-01-26 17:01:54,600 [INFO] CADModel:165 - CPN selected for project level
2024-01-26 17:01:54,600 [INFO] CADModel:114 - Register for checkConnection events
2024-01-26 17:01:54,620 [INFO] IPUIPlugin:80 - create IPUIPlugin
2024-01-26 17:01:54,620 [INFO] PluginManager:220 - loadIPPluginJar : add adc
2024-01-26 17:01:54,624 [INFO] IPUIPlugin:80 - create IPUIPlugin
2024-01-26 17:01:54,624 [INFO] PluginManager:220 - loadIPPluginJar : add aes
2024-01-26 17:01:54,627 [INFO] IPUIPlugin:80 - create IPUIPlugin
2024-01-26 17:01:54,627 [INFO] PluginManager:220 - loadIPPluginJar : add can
2024-01-26 17:01:54,647 [INFO] IPUIPlugin:80 - create IPUIPlugin
2024-01-26 17:01:54,647 [INFO] PluginManager:220 - loadIPPluginJar : add comp
2024-01-26 17:01:54,650 [INFO] IPUIPlugin:80 - create IPUIPlugin
2024-01-26 17:01:54,651 [INFO] PluginManager:220 - loadIPPluginJar : add cryp
2024-01-26 17:01:54,653 [INFO] IPUIPlugin:80 - create IPUIPlugin
2024-01-26 17:01:54,653 [INFO] PluginManager:220 - loadIPPluginJar : add dfsdm
2024-01-26 17:01:54,657 [INFO] IPUIPlugin:80 - create IPUIPlugin
2024-01-26 17:01:54,657 [INFO] PluginManager:220 - loadIPPluginJar : add dma
2024-01-26 17:01:54,661 [INFO] IPUIPlugin:80 - create IPUIPlugin
2024-01-26 17:01:54,662 [INFO] PluginManager:220 - loadIPPluginJar : add dma3
2024-01-26 17:01:54,664 [INFO] IPUIPlugin:80 - create IPUIPlugin
2024-01-26 17:01:54,664 [INFO] PluginManager:220 - loadIPPluginJar : add fatfs
2024-01-26 17:01:54,682 [INFO] IPUIPlugin:80 - create IPUIPlugin
2024-01-26 17:01:54,682 [INFO] PluginManager:220 - loadIPPluginJar : add fmc
2024-01-26 17:01:54,689 [INFO] IPUIPlugin:80 - create IPUIPlugin
2024-01-26 17:01:54,690 [INFO] PluginManager:220 - loadIPPluginJar : add freertos
2024-01-26 17:01:54,692 [INFO] IPUIPlugin:80 - create IPUIPlugin
2024-01-26 17:01:54,693 [INFO] PluginManager:220 - loadIPPluginJar : add genericplugin
2024-01-26 17:01:54,696 [INFO] IPUIPlugin:80 - create IPUIPlugin
2024-01-26 17:01:54,696 [INFO] PluginManager:220 - loadIPPluginJar : add gfxmmu
2024-01-26 17:01:54,701 [INFO] IPUIPlugin:80 - create IPUIPlugin
2024-01-26 17:01:54,701 [INFO] PluginManager:220 - loadIPPluginJar : add gic
2024-01-26 17:01:54,705 [INFO] IPUIPlugin:80 - create IPUIPlugin
2024-01-26 17:01:54,706 [INFO] PluginManager:220 - loadIPPluginJar : add gpio
2024-01-26 17:01:54,711 [INFO] IPUIPlugin:80 - create IPUIPlugin
2024-01-26 17:01:54,711 [INFO] PluginManager:220 - loadIPPluginJar : add gtzc
2024-01-26 17:01:54,713 [INFO] IPUIPlugin:80 - create IPUIPlugin
2024-01-26 17:01:54,713 [INFO] PluginManager:220 - loadIPPluginJar : add hash
2024-01-26 17:01:54,717 [INFO] IPUIPlugin:80 - create IPUIPlugin
2024-01-26 17:01:54,717 [INFO] PluginManager:220 - loadIPPluginJar : add i2c
2024-01-26 17:01:54,719 [INFO] IPUIPlugin:80 - create IPUIPlugin
2024-01-26 17:01:54,719 [INFO] PluginManager:220 - loadIPPluginJar : add i2s
2024-01-26 17:01:54,723 [INFO] IPUIPlugin:80 - create IPUIPlugin
2024-01-26 17:01:54,723 [INFO] PluginManager:220 - loadIPPluginJar : add i3c
2024-01-26 17:01:54,727 [INFO] IPUIPlugin:80 - create IPUIPlugin
2024-01-26 17:01:54,727 [INFO] PluginManager:220 - loadIPPluginJar : add ipddr
2024-01-26 17:01:54,734 [INFO] IPUIPlugin:80 - create IPUIPlugin
2024-01-26 17:01:54,734 [INFO] PluginManager:220 - loadIPPluginJar : add linkedlist
2024-01-26 17:01:54,737 [INFO] IPUIPlugin:80 - create IPUIPlugin
2024-01-26 17:01:54,737 [INFO] PluginManager:220 - loadIPPluginJar : add lorawan
2024-01-26 17:01:54,739 [INFO] IPUIPlugin:80 - create IPUIPlugin
2024-01-26 17:01:54,740 [INFO] PluginManager:220 - loadIPPluginJar : add ltdc
2024-01-26 17:01:54,746 [INFO] IPUIPlugin:80 - create IPUIPlugin
2024-01-26 17:01:54,748 [INFO] PluginManager:220 - loadIPPluginJar : add mdma
2024-01-26 17:01:54,751 [INFO] IPUIPlugin:80 - create IPUIPlugin
2024-01-26 17:01:54,752 [INFO] PluginManager:220 - loadIPPluginJar : add nvic
2024-01-26 17:01:54,759 [INFO] IPUIPlugin:80 - create IPUIPlugin
2024-01-26 17:01:54,759 [INFO] PluginManager:220 - loadIPPluginJar : add opamp
2024-01-26 17:01:54,763 [INFO] IPUIPlugin:80 - create IPUIPlugin
2024-01-26 17:01:54,763 [INFO] PluginManager:220 - loadIPPluginJar : add openamp
2024-01-26 17:01:54,766 [INFO] IPUIPlugin:80 - create IPUIPlugin
2024-01-26 17:01:54,766 [INFO] PluginManager:220 - loadIPPluginJar : add pdm2pcm
2024-01-26 17:01:54,776 [INFO] IPUIPlugin:80 - create IPUIPlugin
2024-01-26 17:01:54,778 [INFO] PluginManager:220 - loadIPPluginJar : add plateformsettings
2024-01-26 17:01:54,780 [INFO] IPUIPlugin:80 - create IPUIPlugin
2024-01-26 17:01:54,780 [INFO] PluginManager:220 - loadIPPluginJar : add quadspi
2024-01-26 17:01:54,784 [INFO] IPUIPlugin:80 - create IPUIPlugin
2024-01-26 17:01:54,784 [INFO] PluginManager:220 - loadIPPluginJar : add resmgrutility
2024-01-26 17:01:54,790 [INFO] IPUIPlugin:80 - create IPUIPlugin
2024-01-26 17:01:54,790 [INFO] PluginManager:220 - loadIPPluginJar : add sai
2024-01-26 17:01:54,795 [INFO] IPUIPlugin:80 - create IPUIPlugin
2024-01-26 17:01:54,795 [INFO] PluginManager:220 - loadIPPluginJar : add spi
2024-01-26 17:01:54,800 [INFO] IPUIPlugin:80 - create IPUIPlugin
2024-01-26 17:01:54,800 [INFO] PluginManager:220 - loadIPPluginJar : add stm32_wpan
2024-01-26 17:01:54,802 [INFO] IPUIPlugin:80 - create IPUIPlugin
2024-01-26 17:01:54,803 [INFO] PluginManager:220 - loadIPPluginJar : add tim
2024-01-26 17:01:54,808 [INFO] IPUIPlugin:80 - create IPUIPlugin
2024-01-26 17:01:54,809 [INFO] PluginManager:220 - loadIPPluginJar : add touchsensing
2024-01-26 17:01:54,812 [INFO] IPUIPlugin:80 - create IPUIPlugin
2024-01-26 17:01:54,812 [INFO] PluginManager:220 - loadIPPluginJar : add tracer_emb
2024-01-26 17:01:54,815 [INFO] IPUIPlugin:80 - create IPUIPlugin
2024-01-26 17:01:54,815 [INFO] PluginManager:220 - loadIPPluginJar : add ts
2024-01-26 17:01:54,817 [INFO] IPUIPlugin:80 - create IPUIPlugin
2024-01-26 17:01:54,818 [INFO] PluginManager:220 - loadIPPluginJar : add tsc
2024-01-26 17:01:54,822 [INFO] IPUIPlugin:80 - create IPUIPlugin
2024-01-26 17:01:54,823 [INFO] PluginManager:220 - loadIPPluginJar : add ucpd
2024-01-26 17:01:54,827 [INFO] IPUIPlugin:80 - create IPUIPlugin
2024-01-26 17:01:54,827 [INFO] PluginManager:220 - loadIPPluginJar : add usart
2024-01-26 17:01:54,832 [INFO] IPUIPlugin:80 - create IPUIPlugin
2024-01-26 17:01:54,832 [INFO] PluginManager:220 - loadIPPluginJar : add usbx
2024-01-26 17:01:54,964 [INFO] CADModel:165 - CPN selected for project level
2024-01-26 17:01:54,964 [INFO] CADModel:114 - Register for checkConnection events
2024-01-26 17:01:54,964 [FATAL] Updater:308 - Updater called before beeing initialized
2024-01-26 17:01:54,964 [ERROR] CADModel:125 - Updater not yet initialized, retry later 
2024-01-26 17:01:55,132 [INFO] CADModel:165 - CPN selected for project level
2024-01-26 17:01:55,132 [INFO] CADModel:114 - Register for checkConnection events
2024-01-26 17:01:55,132 [FATAL] Updater:308 - Updater called before beeing initialized
2024-01-26 17:01:55,132 [ERROR] CADModel:125 - Updater not yet initialized, retry later 
2024-01-26 17:01:55,136 [FATAL] Updater:308 - Updater called before beeing initialized
2024-01-26 17:01:55,296 [FATAL] Updater:308 - Updater called before beeing initialized
2024-01-26 17:01:55,303 [INFO] DbMcusAds:53 - JSON generation date=Wed Nov 29 17:52:27 ICT 2023 (1701255147200)
2024-01-26 17:01:55,304 [FATAL] Updater:308 - Updater called before beeing initialized
2024-01-26 17:01:55,355 [WARN] DetailPanel:346 - Failed to get advertising image, set to default
2024-01-26 17:01:55,433 [FATAL] Updater:308 - Updater called before beeing initialized
2024-01-26 17:01:55,435 [FATAL] Updater:308 - Updater called before beeing initialized
2024-01-26 17:01:55,435 [FATAL] Updater:308 - Updater called before beeing initialized
2024-01-26 17:01:55,435 [WARN] DetailPanel:346 - Failed to get advertising image, set to default
2024-01-26 17:01:55,435 [FATAL] Updater:308 - Updater called before beeing initialized
2024-01-26 17:01:55,480 [ERROR] Updater:1120 - MainUpdater not yet initialized. External WinMGr cannot be set.
2024-01-26 17:01:55,484 [INFO] Updater:1056 - Updater Version found : 6.10.0
2024-01-26 17:01:55,501 [INFO] ApplicationProperties:184 - Using Application install path: C:\ST\STM32CubeIDE_1.12.0\STM32CubeIDE\plugins\com.st.stm32cube.common.mx_6.10.0.202311202037
2024-01-26 17:01:57,134 [INFO] ThirdPartyUpdaterWithRetryManager:70 - Updater plugin not ready yet. [2/15]
2024-01-26 17:01:57,410 [INFO] MainUpdater:2873 - connection check result : 10
2024-01-26 17:01:57,411 [INFO] MainUpdater:290 - Updater Check For Update Now.
2024-01-26 17:01:57,411 [INFO] MicroXplorer:498 - Change Database Version : DB.6.0.100
2024-01-26 17:01:57,417 [INFO] McuFinderGlobals:63 - Set McuFinder mode to 2 (CubeIDE integrated)
2024-01-26 17:01:57,417 [INFO] UserAuth:180 - activating auth plugin
2024-01-26 17:01:57,420 [INFO] UserAuth:404 - Internet connection configuration mode: 1
2024-01-26 17:01:57,446 [INFO] JxBrowserEngine:152 - Initiate JxBrowser Engine with user profile folder
2024-01-26 17:01:57,658 [INFO] CheckServerUpdateThread:120 - End of CheckServer Thread
2024-01-26 17:02:00,198 [INFO] WebApp:161 - Instantiating new browser for Auth
2024-01-26 17:02:00,594 [WARN] PackLoader:240 - Cannot read IP mode file for STMicroelectronics.X-CUBE-SMBUS.2.1.0
2024-01-26 17:02:00,619 [WARN] PackLoader:240 - Cannot read IP mode file for STMicroelectronics.X-CUBE-TOUCHGFX.4.23.0
2024-01-26 17:02:00,850 [WARN] PackLoader:240 - Cannot read IP mode file for STMicroelectronics.X-CUBE-AZRTOS-F7.1.1.0
2024-01-26 17:02:00,875 [WARN] PackLoader:240 - Cannot read IP mode file for STMicroelectronics.FP-SNS-MOTENV1.4.3.2
2024-01-26 17:02:00,896 [WARN] PackLoader:240 - Cannot read IP mode file for STMicroelectronics.FP-SNS-FLIGHT1.5.0.2
2024-01-26 17:02:00,925 [WARN] PackLoader:240 - Cannot read IP mode file for STMicroelectronics.X-CUBE-DISPLAY.3.0.0
2024-01-26 17:02:00,956 [WARN] PackLoader:240 - Cannot read IP mode file for STMicroelectronics.X-CUBE-BLE1.7.0.0
2024-01-26 17:02:00,973 [WARN] PackLoader:240 - Cannot read IP mode file for emotas.I-CUBE-CANOPEN.1.3.0
2024-01-26 17:02:01,079 [WARN] PackLoader:240 - Cannot read IP mode file for STMicroelectronics.X-CUBE-TOUCHGFX.4.22.0
2024-01-26 17:02:01,181 [WARN] PackLoader:240 - Cannot read IP mode file for STMicroelectronics.X-CUBE-TOUCHGFX.4.22.1
2024-01-26 17:02:01,326 [WARN] PackLoader:240 - Cannot read IP mode file for STMicroelectronics.FP-SNS-SMARTAG2.1.2.0
2024-01-26 17:02:01,359 [INFO] LogOutputStream:77 - [STDOUT_REDIRECT] 1 : Invalid condition id : UX_CORESTACK_Condition cause : null
2024-01-26 17:02:01,361 [INFO] LogOutputStream:77 - [STDOUT_REDIRECT] 1 : Invalid condition id : UX_CORESTACK_Condition cause : null
2024-01-26 17:02:01,362 [INFO] LogOutputStream:77 - [STDOUT_REDIRECT] 1 : Invalid condition id : UX_CORESTACK_Condition cause : null
2024-01-26 17:02:01,363 [INFO] LogOutputStream:77 - [STDOUT_REDIRECT] 1 : Invalid condition id : UX_CORESTACK_Condition cause : null
2024-01-26 17:02:01,364 [INFO] LogOutputStream:77 - [STDOUT_REDIRECT] 1 : Invalid condition id : UX_CORESTACK_Condition cause : null
2024-01-26 17:02:01,367 [WARN] PackLoader:240 - Cannot read IP mode file for STMicroelectronics.X-CUBE-AZRTOS-WL.2.0.0
2024-01-26 17:02:01,416 [WARN] PackLoader:240 - Cannot read IP mode file for WES.I-CUBE-Cesium.1.3.0
2024-01-26 17:02:01,429 [WARN] PackLoader:240 - Cannot read IP mode file for STMicroelectronics.X-CUBE-BLE2.3.3.0
2024-01-26 17:02:01,447 [WARN] PackLoader:240 - Cannot read IP mode file for STMicroelectronics.X-CUBE-TOUCHGFX.4.18.0
2024-01-26 17:02:01,530 [WARN] PackLoader:240 - Cannot read IP mode file for STMicroelectronics.X-CUBE-TOUCHGFX.4.21.1
2024-01-26 17:02:01,612 [WARN] PackLoader:240 - Cannot read IP mode file for STMicroelectronics.X-CUBE-TOUCHGFX.4.21.0
2024-01-26 17:02:01,673 [INFO] WebApp:780 - Register for checkConnection events
2024-01-26 17:02:01,676 [INFO] WebApp:414 - Apply proxy settings
2024-01-26 17:02:01,677 [INFO] WebApp:499 - Chromium requires no authentication
2024-01-26 17:02:01,697 [WARN] PackLoader:240 - Cannot read IP mode file for STMicroelectronics.X-CUBE-TOUCHGFX.4.21.4
2024-01-26 17:02:01,708 [INFO] WebApp:442 - Direct internet connection detected
2024-01-26 17:02:02,044 [WARN] PackLoader:240 - Cannot read IP mode file for STMicroelectronics.X-CUBE-ALGOBUILD.1.3.0
2024-01-26 17:02:02,079 [WARN] PackLoader:240 - Cannot read IP mode file for STMicroelectronics.X-CUBE-AZRTOS-G0.1.1.0
2024-01-26 17:02:02,104 [WARN] PackLoader:240 - Cannot read IP mode file for STMicroelectronics.X-CUBE-NFC4.3.0.0
2024-01-26 17:02:02,127 [WARN] PackLoader:240 - Cannot read IP mode file for STMicroelectronics.X-CUBE-BLEMGR.3.0.0
2024-01-26 17:02:02,151 [WARN] PackLoader:240 - Cannot read IP mode file for STMicroelectronics.FP-ATR-SIGFOX1.3.2.0
2024-01-26 17:02:02,166 [INFO] WebApp:192 - Starting web application
2024-01-26 17:02:02,167 [INFO] WebApp:544 - Web application path used C:\ST\STM32CubeIDE_1.12.0\STM32CubeIDE\plugins\com.st.stm32cube.common.mx_6.10.0.202311202037\db\plugins\mcufinder\reactClient1\index.html
2024-01-26 17:02:02,168 [WARN] PackLoader:240 - Cannot read IP mode file for STMicroelectronics.X-CUBE-EEPRMA1.5.1.0
2024-01-26 17:02:02,227 [WARN] PackLoader:240 - Cannot read IP mode file for SEGGER.I-CUBE-embOS.1.3.1
2024-01-26 17:02:02,404 [WARN] PackLoader:240 - Cannot read IP mode file for STMicroelectronics.X-CUBE-GNSS1.6.0.0
2024-01-26 17:02:02,464 [WARN] PackLoader:240 - Cannot read IP mode file for STMicroelectronics.X-CUBE-AZRTOS-F4.1.1.0
2024-01-26 17:02:02,486 [WARN] PackLoader:240 - Cannot read IP mode file for wolfSSL.I-CUBE-wolfSSL.5.6.6
2024-01-26 17:02:02,533 [WARN] PackLoader:240 - Cannot read IP mode file for STMicroelectronics.X-CUBE-AZRTOS-L5.2.0.0
2024-01-26 17:02:02,549 [WARN] PackLoader:240 - Cannot read IP mode file for STMicroelectronics.X-CUBE-EEPRMA1.4.2.0
2024-01-26 17:02:02,570 [WARN] PackLoader:240 - Cannot read IP mode file for ITTIA_DB.I-CUBE-ITTIADB.8.8.0
2024-01-26 17:02:02,661 [WARN] PackLoader:240 - Cannot read IP mode file for emotas.I-CUBE-CANOPEN.1.1.3
2024-01-26 17:02:02,745 [WARN] ConditionMgr:438 - getConditionDescription Invalid condition id : UX DEVICE CLASS RTOS Condition cause : null
2024-01-26 17:02:02,745 [WARN] ConditionMgr:438 - getConditionDescription Invalid condition id : UX DEVICE CLASS RTOS Condition cause : null
2024-01-26 17:02:02,749 [WARN] PackLoader:240 - Cannot read IP mode file for STMicroelectronics.X-CUBE-AZRTOS-H7.3.1.0
2024-01-26 17:02:02,750 [WARN] ConditionMgr:1039 - genDependencies : Invalid condition id : UX DEVICE CLASS RTOS Condition cause : null
2024-01-26 17:02:02,751 [WARN] ConditionMgr:1039 - genDependencies : Invalid condition id : UX DEVICE CLASS RTOS Condition cause : null
2024-01-26 17:02:02,751 [WARN] ConditionMgr:1039 - genDependencies : Invalid condition id : UX DEVICE CLASS RTOS Condition cause : null
2024-01-26 17:02:02,751 [WARN] ConditionMgr:1039 - genDependencies : Invalid condition id : UX DEVICE CLASS RTOS Condition cause : null
2024-01-26 17:02:02,752 [WARN] ConditionMgr:1039 - genDependencies : Invalid condition id : UX DEVICE CLASS RTOS Condition cause : null
2024-01-26 17:02:02,758 [WARN] ConditionMgr:438 - getConditionDescription Invalid condition id : UX DEVICE CLASS RTOS Condition cause : null
2024-01-26 17:02:02,758 [WARN] ConditionMgr:438 - getConditionDescription Invalid condition id : UX DEVICE CLASS RTOS Condition cause : null
2024-01-26 17:02:02,932 [WARN] PackLoader:240 - Cannot read IP mode file for STMicroelectronics.X-CUBE-NFC7.1.0.1
2024-01-26 17:02:02,951 [WARN] PackLoader:240 - Cannot read IP mode file for STMicroelectronics.X-CUBE-NFC6.3.0.0
2024-01-26 17:02:02,968 [WARN] PackLoader:240 - Cannot read IP mode file for STMicroelectronics.X-CUBE-AI.8.1.0
2024-01-26 17:02:03,015 [WARN] ConditionMgr:438 - getConditionDescription Invalid condition id : LAN8742 Phy interface Condition cause : null
2024-01-26 17:02:03,016 [WARN] PackLoader:240 - Cannot read IP mode file for STMicroelectronics.X-CUBE-AZRTOS-L4.2.0.0
2024-01-26 17:02:03,017 [WARN] ConditionMgr:1039 - genDependencies : Invalid condition id : LAN8742 Phy interface Condition cause : null
2024-01-26 17:02:03,017 [WARN] ConditionMgr:1039 - genDependencies : Invalid condition id : LAN8742 Phy interface Condition cause : null
2024-01-26 17:02:03,018 [WARN] ConditionMgr:1039 - genDependencies : Invalid condition id : LAN8742 Phy interface Condition cause : null
2024-01-26 17:02:03,040 [WARN] PackLoader:240 - Cannot read IP mode file for STMicroelectronics.X-CUBE-SFXS2LP1.4.0.0
2024-01-26 17:02:03,069 [WARN] ConditionMgr:438 - getConditionDescription Invalid condition id : UX DEVICE CLASS RTOS Condition cause : null
2024-01-26 17:02:03,069 [WARN] ConditionMgr:438 - getConditionDescription Invalid condition id : UX DEVICE CLASS RTOS Condition cause : null
2024-01-26 17:02:03,074 [WARN] PackLoader:240 - Cannot read IP mode file for STMicroelectronics.X-CUBE-AZRTOS-WB.2.0.0
2024-01-26 17:02:03,077 [WARN] ConditionMgr:1039 - genDependencies : Invalid condition id : UX DEVICE CLASS RTOS Condition cause : null
2024-01-26 17:02:03,077 [WARN] ConditionMgr:1039 - genDependencies : Invalid condition id : UX DEVICE CLASS RTOS Condition cause : null
2024-01-26 17:02:03,077 [WARN] ConditionMgr:1039 - genDependencies : Invalid condition id : UX DEVICE CLASS RTOS Condition cause : null
2024-01-26 17:02:03,078 [WARN] ConditionMgr:1039 - genDependencies : Invalid condition id : UX DEVICE CLASS RTOS Condition cause : null
2024-01-26 17:02:03,078 [WARN] ConditionMgr:1039 - genDependencies : Invalid condition id : UX DEVICE CLASS RTOS Condition cause : null
2024-01-26 17:02:03,099 [WARN] PackLoader:240 - Cannot read IP mode file for STMicroelectronics.X-CUBE-SUBG2.5.0.0
2024-01-26 17:02:03,129 [WARN] PackLoader:240 - Cannot read IP mode file for STMicroelectronics.X-CUBE-TOF1.3.3.1
2024-01-26 17:02:03,368 [WARN] PackLoader:240 - Cannot read IP mode file for STMicroelectronics.X-CUBE-AZRTOS-G4.2.0.0
2024-01-26 17:02:03,391 [WARN] PackLoader:240 - Cannot read IP mode file for STMicroelectronics.X-CUBE-TOF1.3.3.0
2024-01-26 17:02:03,607 [WARN] PackLoader:240 - Cannot read IP mode file for Infineon.AIROC-Wi-Fi-Bluetooth-STM32.1.5.1
2024-01-26 17:02:03,629 [WARN] PackLoader:240 - Cannot read IP mode file for STMicroelectronics.FP-SNS-MOTENVWB1.1.3.1
2024-01-26 17:02:03,646 [WARN] PackLoader:240 - Cannot read IP mode file for STMicroelectronics.X-CUBE-ISPU.2.0.0
2024-01-26 17:02:03,707 [WARN] PackLoader:240 - Cannot read IP mode file for STMicroelectronics.X-CUBE-MEMS1.10.0.0
2024-01-26 17:02:03,870 [WARN] PackLoader:240 - Cannot read IP mode file for STMicroelectronics.X-CUBE-FREERTOS.1.1.0
2024-01-26 17:02:03,890 [WARN] PackLoader:240 - Cannot read IP mode file for portGmbH.I-Cube-SoM-uGOAL.1.1.0
2024-01-26 17:02:03,907 [WARN] PackLoader:240 - Cannot read IP mode file for STMicroelectronics.X-CUBE-ALS.1.0.1
2024-01-26 17:02:03,922 [WARN] PackLoader:240 - Cannot read IP mode file for STMicroelectronics.FP-ATR-ASTRA1.2.0.0
2024-01-26 17:02:03,946 [WARN] PackLoader:240 - Cannot read IP mode file for STMicroelectronics.X-CUBE-TOF1.3.4.0
2024-01-26 17:02:04,100 [WARN] PackLoader:240 - Cannot read IP mode file for STMicroelectronics.X-CUBE-AZRTOS-H7.3.2.0
2024-01-26 17:02:04,206 [INFO] ThirdParty:978 - Integrity check success = true
2024-01-26 17:02:04,206 [INFO] IntegrityCheckThread:100 - exiting critical section [integrity check]
2024-01-26 17:02:04,206 [INFO] IntegrityCheckThread:103 - End integrity checks thread
2024-01-26 17:16:36,606 [INFO] McuFinderGlobals:63 - Set McuFinder mode to 2 (CubeIDE integrated)
2024-01-26 17:16:36,614 [INFO] MainUpdater:2873 - connection check result : 10
2024-01-26 17:16:36,615 [INFO] MainUpdater:2873 - connection check result : 10
2024-01-26 17:16:36,758 [INFO] MicroXplorer:468 - Change Database Path : 
2024-01-26 17:16:36,760 [INFO] MicroXplorer:498 - Change Database Version : DB.6.0.100
2024-01-26 17:16:36,764 [WARN] ThirdParty:871 - waiting for thirdparty lock release [close project]
2024-01-26 17:16:36,764 [INFO] ThirdParty:873 - entering critical section [close project]
2024-01-26 17:16:36,767 [INFO] ThirdParty:883 - exiting critical section [close project]
2024-01-26 17:16:36,770 [INFO] PinOutPanel:1499 - setPackage(No Configuration,No Configuration)
2024-01-26 17:16:36,773 [INFO] UtilMem:75 - Begin LoadConfig() Used Memory: 279447552 Bytes (898629632)
2024-01-26 17:16:36,774 [INFO] MicroXplorer:468 - Change Database Path : 
2024-01-26 17:16:36,774 [INFO] MicroXplorer:498 - Change Database Version : DB.6.0.100
2024-01-26 17:16:36,774 [INFO] OpenFileManager:312 - Change cursor
2024-01-26 17:16:36,821 [INFO] Mcu:2016 - Initializing MCU STM32H750XBHx STM32H750XBHx STM32H750XBH6
2024-01-26 17:16:40,454 [INFO] Context:659 - Trying to add GPIOservice into a context  which must be forbidden
2024-01-26 17:16:42,810 [INFO] RtosManager:555 - Registered RTOS mode: class=CMSIS, group=RTOS, mode=CMSIS_V1, owner=FREERTOS
2024-01-26 17:16:42,810 [INFO] RtosManager:555 - Registered RTOS mode: class=CMSIS, group=RTOS2, mode=CMSIS_V2, owner=FREERTOS
2024-01-26 17:16:42,810 [INFO] RtosManager:555 - Registered RTOS mode: class=RTOS, group=Core, mode=CMSIS_V1, owner=FREERTOS
2024-01-26 17:16:42,810 [INFO] RtosManager:555 - Registered RTOS mode: class=RTOS, group=Core, mode=CMSIS_V2, owner=FREERTOS
2024-01-26 17:16:42,810 [WARN] ModelIntegratedComponent:184 - Missing modes for component STMicroelectronics:FreeRTOS:0.0.1:STMicroelectronics:RTOS:FreeRTOS:Core:::10.2.0:
2024-01-26 17:16:42,837 [WARN] ModelIntegratedComponent:63 - No mode defined for component null
2024-01-26 17:16:42,837 [WARN] ModelIntegratedComponent:63 - No mode defined for component null
2024-01-26 17:16:42,837 [WARN] ModelIntegratedComponent:63 - No mode defined for component null
2024-01-26 17:16:42,837 [WARN] ModelIntegratedComponent:63 - No mode defined for component null
2024-01-26 17:16:42,837 [WARN] ModelIntegratedComponent:63 - No mode defined for component null
2024-01-26 17:16:42,837 [WARN] ModelIntegratedComponent:63 - No mode defined for component null
2024-01-26 17:16:42,837 [WARN] ModelIntegratedComponent:63 - No mode defined for component null
2024-01-26 17:16:42,837 [WARN] ModelIntegratedComponent:63 - No mode defined for component null
2024-01-26 17:16:42,837 [WARN] ModelIntegratedComponent:63 - No mode defined for component null
2024-01-26 17:16:42,837 [WARN] ModelIntegratedComponent:63 - No mode defined for component null
2024-01-26 17:16:42,837 [WARN] ModelIntegratedComponent:63 - No mode defined for component null
2024-01-26 17:16:42,837 [WARN] ModelIntegratedComponent:63 - No mode defined for component null
2024-01-26 17:16:42,837 [WARN] ModelIntegratedComponent:63 - No mode defined for component null
2024-01-26 17:16:42,837 [WARN] ModelIntegratedComponent:63 - No mode defined for component null
2024-01-26 17:16:42,837 [WARN] ModelIntegratedComponent:63 - No mode defined for component null
2024-01-26 17:16:42,837 [WARN] ModelIntegratedComponent:63 - No mode defined for component null
2024-01-26 17:16:42,838 [WARN] ModelIntegratedComponent:63 - No mode defined for component null
2024-01-26 17:16:42,838 [WARN] ModelIntegratedComponent:63 - No mode defined for component null
2024-01-26 17:16:42,838 [WARN] ModelIntegratedComponent:63 - No mode defined for component null
2024-01-26 17:16:42,838 [WARN] ModelIntegratedComponent:63 - No mode defined for component null
2024-01-26 17:16:42,838 [WARN] ModelIntegratedComponent:63 - No mode defined for component null
2024-01-26 17:16:42,838 [WARN] ModelIntegratedComponent:63 - No mode defined for component null
2024-01-26 17:16:42,838 [WARN] ModelIntegratedComponent:63 - No mode defined for component null
2024-01-26 17:16:42,838 [WARN] ModelIntegratedComponent:63 - No mode defined for component null
2024-01-26 17:16:42,838 [WARN] ModelIntegratedComponent:63 - No mode defined for component null
2024-01-26 17:16:42,838 [WARN] ModelIntegratedComponent:63 - No mode defined for component null
2024-01-26 17:16:42,838 [WARN] ModelIntegratedComponent:63 - No mode defined for component null
2024-01-26 17:16:42,838 [WARN] ModelIntegratedComponent:63 - No mode defined for component null
2024-01-26 17:16:42,838 [WARN] ModelIntegratedComponent:63 - No mode defined for component null
2024-01-26 17:16:42,838 [WARN] ModelIntegratedComponent:63 - No mode defined for component null
2024-01-26 17:16:42,838 [WARN] ModelIntegratedComponent:63 - No mode defined for component null
2024-01-26 17:16:42,838 [WARN] ModelIntegratedComponent:63 - No mode defined for component null
2024-01-26 17:16:42,838 [WARN] ModelIntegratedComponent:63 - No mode defined for component null
2024-01-26 17:16:42,953 [INFO] ThirdPartyModel:298 - Start build external matchings
2024-01-26 17:16:43,295 [INFO] ThirdPartyModel:316 - End build external matchings
2024-01-26 17:16:43,306 [INFO] RtosManager:919 - Current active RTOS is FREERTOS [Cortex-M7NS]
2024-01-26 17:16:43,332 [WARN] IP:2119 - LWIP_NETIF_HOSTNAME not found: check if there is a RefParameter without a condition.
2024-01-26 17:16:43,377 [INFO] ImportTextPane:194 - (OptionalMessage_ERROR) IP (RCC) : Parameter (FDCANFreq_Value) has invalid value (200000000)
2024-01-26 17:16:43,377 [INFO] ImportTextPane:194 - (OptionalMessage_ERROR) IP (RCC) : Invalid parameter (FamilyName)
2024-01-26 17:16:43,377 [INFO] ImportTextPane:194 - (OptionalMessage_ERROR) IP (RCC) : Parameter (SAI1Freq_Value) has invalid value (200000000)
2024-01-26 17:16:43,377 [INFO] ImportTextPane:194 - (OptionalMessage_ERROR) IP (RCC) : Parameter (SAI23Freq_Value) has invalid value (200000000)
2024-01-26 17:16:43,377 [INFO] ImportTextPane:194 - (OptionalMessage_ERROR) IP (RCC) : Parameter (SAI4AFreq_Value) has invalid value (200000000)
2024-01-26 17:16:43,377 [INFO] ImportTextPane:194 - (OptionalMessage_ERROR) IP (RCC) : Parameter (SAI4BFreq_Value) has invalid value (200000000)
2024-01-26 17:16:44,046 [INFO] UtilMem:75 - End LoadConfig() Used Memory: 344850104 Bytes (1032847360)
2024-01-26 17:16:44,358 [INFO] ApiDb:581 - Connected to CubeFinder SQLite database (C:\Users\user\.stmcufinder\plugins\mcufinder\mcu\cube-finder-db.db)
2024-01-26 17:16:44,412 [INFO] ApiDb:668 - CubeFinder database Data Model version=2.1
2024-01-26 17:16:44,412 [INFO] ApiDb:669 - CubeFinder database Configuration version=3.0.39
2024-01-26 17:16:44,412 [INFO] ApiDb:670 - CubeFinder database generation date=2023-12-08 (1702028721)
2024-01-26 17:16:44,412 [INFO] ApiDb:671 - CubeFinder database FW Pack versions=[FP-ATR-ASTRA1_V2.0.0, FP-SNS-FLIGHT1_V5.0.1, FP-SNS-FLIGHT1_V5.0.2, FP-SNS-MOTENV1_V4.3.1, FP-SNS-MOTENV1_V4.3.2, FP-SNS-MOTENVWB1_V1.3.1, FP-SNS-SMARTAG2_V1.2.0, STM32Cube_FW_C0_V1.1.0, STM32Cube_FW_F4_V1.28.0, STM32Cube_FW_F7_V1.17.0, STM32Cube_FW_G0_V1.6.1, STM32Cube_FW_G4_V1.5.1, STM32Cube_FW_H5_V0.5.1, STM32Cube_FW_H5_V1.1.1, STM32Cube_FW_H5_V1.2.0RC2, STM32Cube_FW_H7_V1.11.0, STM32Cube_FW_L0_V1.12.2, STM32Cube_FW_L5_V1.5.0, STM32Cube_FW_U5_V1.3.0RC4, STM32Cube_FW_U5_V1.4.0, STM32Cube_FW_WBA_V1.0.0RC1, STM32Cube_FW_WBA_V1.1.0RC1, STM32Cube_FW_WBA_V1.2.0, STM32Cube_FW_WBA_V1.2.0RC2, STM32Cube_FW_WB_V1.15.0RC1, STM32Cube_FW_WB_V1.16.0, STM32Cube_FW_WB_V1.16.0RC2, STM32Cube_FW_WB_V1.18.0, STM32Cube_FW_WL_V1.3.0, X-CUBE-ALGOBUILD_V1.3.0, X-CUBE-ALS_V1.0.1, X-CUBE-AZRTOS-F4_V1.1.0, X-CUBE-AZRTOS-F7_V1.1.0, X-CUBE-AZRTOS-G0_V1.1.0, X-CUBE-AZRTOS-G4_V2.0.0, X-CUBE-AZRTOS-H7_V3.1.0, X-CUBE-AZRTOS-L4_V1.0.0, X-CUBE-AZRTOS-L4_V2.0.0, X-CUBE-AZRTOS-L5_V1.1.0, X-CUBE-AZRTOS-WB_V2.0.0, X-CUBE-AZRTOS-WL_V2.0.0, X-CUBE-BLE1_V7.0.0, X-CUBE-BLE2_V3.3.0, X-CUBE-BLEMGR_V3.0.0, X-CUBE-EEPRMA1_V4.1.0, X-CUBE-EEPRMA1_V4.2.0, X-CUBE-FREERTOS_V1.1.0, X-CUBE-GNSS1_V6.0.0, X-CUBE-MEMS1_V10.0.0, X-CUBE-MEMS1_V9.1.0, X-CUBE-MEMS1_V9.4.0, X-CUBE-MEMS1_V9.6.0, X-CUBE-NFC4_V3.0.0, X-CUBE-NFC7_V1.0.1, X-CUBE-SFXS2LP1_V4.0.0, X-CUBE-SUBG2_V5.0.0, X-CUBE-TOF1_V3.4.0]
2024-01-26 17:16:46,385 [INFO] ApiDb:240 - Found 371 in-development CPN: [B-G473E-ZEST1S, B-WB1M-WPAN1, B-WL5M-SUBG1, NUCLEO-C031C6, NUCLEO-H503RB, NUCLEO-H563ZI, NUCLEO-U545RE-Q, NUCLEO-U5A5ZJ-Q, NUCLEO-WBA52CG, NUCLEO-WBA55CG, STEVAL-MKBOXPRO, STEVAL-PROTEUS1, STEVAL-STWINBX1, STM320518-EVAL, STM32C0116-DK, STM32C011D6Y3TR, STM32C011D6Y6TR, STM32C011F4P3, STM32C011F4P6, STM32C011F4U3, STM32C011F4U6TR, STM32C011F6P3, STM32C011F6P6, STM32C011F6U3, STM32C011F6U6TR, STM32C011J4M3, STM32C011J4M6, STM32C011J6M3, STM32C011J6M6, STM32C0316-DK, STM32C031C4T3, STM32C031C4T6, STM32C031C4U3, STM32C031C4U6, STM32C031C6T3, STM32C031C6T6, STM32C031C6U3, STM32C031C6U6, STM32C031F4P3, STM32C031F4P6, STM32C031F6P3, STM32C031F6P6, STM32C031G4U3, STM32C031G4U6, STM32C031G6U3, STM32C031G6U6, STM32C031K4T3, STM32C031K4T6, STM32C031K4U3, STM32C031K4U6, STM32C031K6T3, STM32C031K6T6, STM32C031K6U3, STM32C031K6U6, STM32G071K8TXN, STM32G071K8UXN, STM32G081GBU6N, STM32G081KBT6N, STM32G081KBUXN, STM32G0B1CCT6N, STM32G0B1KCT6, STM32G0B1NEY6TR, STM32G0B1RCT6N, STM32G0C1CCT6, STM32G0C1CCT6N, STM32G0C1CCU6N, STM32G0C1CET6N, STM32G0C1CEU6N, STM32G0C1KCT6, STM32G0C1NEY6TR, STM32G0C1RCI6N, STM32G0C1RCT6N, STM32G0C1REI6N, STM32G0C1RET6N, STM32G0C1VCI6, STM32G0C1VEI6, STM32G471CCT6, STM32G471CCU6, STM32G471CET3, STM32G471CET6, STM32G471CEU3, STM32G471CEU6, STM32G471MCT6, STM32G471MET3, STM32G471MET6, STM32G471MEY6TR, STM32G471QCT6, STM32G471QET3, STM32G471RCT6, STM32G471RET3, STM32G471RET6, STM32G471VCH6, STM32G471VCI6, STM32G471VCT6, STM32G471VEH3, STM32G471VEH6, STM32G471VEI3, STM32G471VEI6, STM32G471VET3, STM32G471VET6, STM32G474CCT6, STM32H503CBT6, STM32H503CBU6, STM32H503EBY6TR, STM32H503KBU6, STM32H503RBT6, STM32H562AGI6, STM32H562AII6, STM32H562IGK6, STM32H562IGT6, STM32H562IIK6, STM32H562IIT6, STM32H562RGT6, STM32H562RGV6, STM32H562RIT6, STM32H562RIV6, STM32H562VGT6, STM32H562VIT6, STM32H562ZGT6, STM32H562ZIT6, STM32H563AGI6, STM32H563AII3Q, STM32H563AII6, STM32H563IGK6, STM32H563IGT6, STM32H563IIK3Q, STM32H563IIK6, STM32H563IIT3Q, STM32H563IIT6, STM32H563MIY3QTR, STM32H563RGT6, STM32H563RGV6, STM32H563RIT6, STM32H563RIV6, STM32H563VGT6, STM32H563VIT3Q, STM32H563VIT6, STM32H563ZGT6, STM32H563ZIT3Q, STM32H563ZIT6, STM32H573AII3Q, STM32H573AII6, STM32H573I-DK, STM32H573IIK3Q, STM32H573IIK6, STM32H573IIT3Q, STM32H573IIT6, STM32H573MIY3QTR, STM32H573RIT6, STM32H573RIV6, STM32H573VIT3Q, STM32H573VIT6, STM32H573ZIT3Q, STM32H573ZIT6, STM32L4R5QGI6STR, STM32MP131AAE3, STM32MP131AAF3, STM32MP131AAG3, STM32MP131CAE3, STM32MP131CAF3, STM32MP131CAG3, STM32MP131DAE7, STM32MP131DAF7, STM32MP131DAG7, STM32MP131FAE7, STM32MP131FAF7, STM32MP131FAG7, STM32MP133AAE3, STM32MP133AAF3, STM32MP133AAG3, STM32MP133CAE3, STM32MP133CAF3, STM32MP133CAG3, STM32MP133DAE7, STM32MP133DAF7, STM32MP133DAG7, STM32MP133FAE7, STM32MP133FAF7, STM32MP133FAG7, STM32MP135AAE3, STM32MP135AAF3, STM32MP135AAG3, STM32MP135CAE3, STM32MP135CAF3, STM32MP135CAG3, STM32MP135DAE7, STM32MP135DAF7, STM32MP135DAG7, STM32MP135F-DK, STM32MP135FAE7, STM32MP135FAF7, STM32MP135FAF7T, STM32MP135FAF7U, STM32MP135FAG7, STM32U535CBT6, STM32U535CBT6Q, STM32U535CBU6, STM32U535CBU6Q, STM32U535CCT6, STM32U535CCT6Q, STM32U535CCU6, STM32U535CCU6Q, STM32U535CET6, STM32U535CET6Q, STM32U535CEU6, STM32U535CEU6Q, STM32U535JEY6QTR, STM32U535NCY6QTR, STM32U535NEY6QTR, STM32U535RBI6, STM32U535RBI6Q, STM32U535RBT6, STM32U535RBT6Q, STM32U535RCI6, STM32U535RCI6Q, STM32U535RCT6, STM32U535RCT6Q, STM32U535REI6, STM32U535REI6Q, STM32U535RET6, STM32U535RET6Q, STM32U535VCI6, STM32U535VCI6Q, STM32U535VCT6, STM32U535VCT6Q, STM32U535VEI6, STM32U535VEI6Q, STM32U535VET6, STM32U535VET6Q, STM32U545CET6, STM32U545CET6Q, STM32U545CEU6, STM32U545CEU6Q, STM32U545JEY6QTR, STM32U545NEY6QTR, STM32U545REI6, STM32U545REI6Q, STM32U545RET6, STM32U545RET6Q, STM32U545VEI6, STM32U545VEI6Q, STM32U545VET6, STM32U545VET6Q, STM32U595AIH6, STM32U595AIH6Q, STM32U595AJH6, STM32U595AJH6Q, STM32U595QII6, STM32U595QII6Q, STM32U595QJI6, STM32U595QJI6Q, STM32U595RIT6, STM32U595RIT6Q, STM32U595RJT6, STM32U595RJT6Q, STM32U595VIT6, STM32U595VIT6Q, STM32U595VJT6, STM32U595VJT6Q, STM32U595ZIT6, STM32U595ZIT6Q, STM32U595ZIY6QTR, STM32U595ZJT6, STM32U595ZJT6Q, STM32U595ZJY6QTR, STM32U599BJY6QTR, STM32U599NIH6Q, STM32U599NJH6Q, STM32U599VIT6Q, STM32U599VJT6, STM32U599VJT6Q, STM32U599ZIT6Q, STM32U599ZIY6QTR, STM32U599ZJT6Q, STM32U599ZJY6QTR, STM32U5A5AJH6, STM32U5A5AJH6Q, STM32U5A5QJI6, STM32U5A5QJI6Q, STM32U5A5RJT6, STM32U5A5RJT6Q, STM32U5A5VJT6, STM32U5A5VJT6Q, STM32U5A5ZJT6, STM32U5A5ZJT6Q, STM32U5A5ZJY6QTR, STM32U5A9BJY6QTR, STM32U5A9J-DK, STM32U5A9NJH6Q, STM32U5A9VJT6Q, STM32U5A9ZJT6Q, STM32U5A9ZJY6QTR, STM32U5F7VIT6, STM32U5F7VIT6Q, STM32U5F7VJT6, STM32U5F7VJT6Q, STM32U5F9BJY6QTR, STM32U5F9NJH6Q, STM32U5F9VIT6Q, STM32U5F9VJT6Q, STM32U5F9ZIJ6QTR, STM32U5F9ZIT6Q, STM32U5F9ZJJ6QTR, STM32U5F9ZJT6Q, STM32U5G7VJT6, STM32U5G7VJT6Q, STM32U5G9BJY6QTR, STM32U5G9J-DK1, STM32U5G9J-DK2, STM32U5G9NJH6Q, STM32U5G9VJT6Q, STM32U5G9ZJJ6QTR, STM32U5G9ZJT6Q, STM32WB1MMCH6, STM32WBA50KEU6, STM32WBA50KEU6TR, STM32WBA50KGU6, STM32WBA50KGU6TR, STM32WBA52CEU6, STM32WBA52CEU6TR, STM32WBA52CEU7, STM32WBA52CEU7TR, STM32WBA52CGU6, STM32WBA52CGU6TR, STM32WBA52CGU6U, STM32WBA52CGU7, STM32WBA52CGU7TR, STM32WBA52KEU6, STM32WBA52KEU6TR, STM32WBA52KGU6, STM32WBA52KGU6TR, STM32WBA54CEU6, STM32WBA54CEU6TR, STM32WBA54CEU7, STM32WBA54CEU7TR, STM32WBA54CGU6, STM32WBA54CGU6TR, STM32WBA54CGU7, STM32WBA54CGU7TR, STM32WBA54KEU6, STM32WBA54KEU6TR, STM32WBA54KEU7, STM32WBA54KEU7TR, STM32WBA54KGU6, STM32WBA54KGU6TR, STM32WBA54KGU7, STM32WBA54KGU7TR, STM32WBA55CEU6, STM32WBA55CEU6TR, STM32WBA55CEU7, STM32WBA55CEU7TR, STM32WBA55CGU6, STM32WBA55CGU6TR, STM32WBA55CGU6U, STM32WBA55CGU7, STM32WBA55CGU7TR, STM32WBA55G-DK1, STM32WBA55HEF6, STM32WBA55HEF7, STM32WBA55HGF6, STM32WBA55HGF7, STM32WBA55UEI6, STM32WBA55UEI6TR, STM32WBA55UEI7, STM32WBA55UEI7TR, STM32WBA55UGI6, STM32WBA55UGI6TR, STM32WBA55UGI7, STM32WBA55UGI7TR, STM32WL5MOCH6, STM32WL5MOCH6TR]
2024-01-26 17:16:46,388 [INFO] DbMcus:218 - Found 3930 MCUs, 3930 are supported
2024-01-26 17:16:46,393 [INFO] ApiDb:423 - Load user favorites file C:\Users\user/.stm32cubeide/favorites.mcus.txt: 2 item(s)
2024-01-26 17:16:46,393 [INFO] ApiDb:427 - User favorites MCUs=[STM32F103C8T6, STM32H750VBT6]
2024-01-26 17:16:46,393 [INFO] DbMcus:224 - Set 2 / 2 favorites MCUs
2024-01-26 17:16:46,635 [INFO] MicroXplorer:468 - Change Database Path : 
2024-01-26 17:16:46,635 [INFO] MicroXplorer:498 - Change Database Version : DB.6.0.100
2024-01-26 17:16:46,636 [WARN] ThirdParty:833 - waiting for thirdparty lock release [change project]
2024-01-26 17:16:46,636 [INFO] ThirdParty:835 - entering critical section [change project]
2024-01-26 17:16:46,636 [INFO] ThirdParty:1030 - CMSIS Pack Vendor :STMicroelectronics USBPD 4.1
2024-01-26 17:16:46,636 [INFO] ThirdParty:1030 - CMSIS Pack Vendor :STMicroelectronics X-CUBE-GNSS1 6.0.0
2024-01-26 17:16:46,636 [INFO] ThirdParty:1030 - CMSIS Pack Vendor :STMicroelectronics USB_HOST 2.0.0
2024-01-26 17:16:46,636 [INFO] ThirdParty:1030 - CMSIS Pack Vendor :STMicroelectronics X-CUBE-AZRTOS-F4 1.1.0
2024-01-26 17:16:46,636 [INFO] ThirdParty:1030 - CMSIS Pack Vendor :STMicroelectronics LIBJPEG 8.0.0
2024-01-26 17:16:46,636 [INFO] ThirdParty:1030 - CMSIS Pack Vendor :STMicroelectronics X-CUBE-SMBUS 2.1.0
2024-01-26 17:16:46,636 [INFO] ThirdParty:1030 - CMSIS Pack Vendor :STMicroelectronics USB_DEVICE 3.0.0
2024-01-26 17:16:46,636 [INFO] ThirdParty:1030 - CMSIS Pack Vendor :STMicroelectronics X-CUBE-AZRTOS-WB 2.0.0
2024-01-26 17:16:46,636 [INFO] ThirdParty:1030 - CMSIS Pack Vendor :wolfSSL I-CUBE-wolfSSL 5.6.6
2024-01-26 17:16:46,636 [INFO] ThirdParty:1030 - CMSIS Pack Vendor :STMicroelectronics X-CUBE-TOUCHGFX 4.21.1
2024-01-26 17:16:46,636 [INFO] ThirdParty:1030 - CMSIS Pack Vendor :STMicroelectronics X-CUBE-TOUCHGFX 4.21.0
2024-01-26 17:16:46,636 [INFO] ThirdParty:1030 - CMSIS Pack Vendor :STMicroelectronics X-CUBE-TOUCHGFX 4.23.0
2024-01-26 17:16:46,637 [INFO] ThirdParty:1030 - CMSIS Pack Vendor :STMicroelectronics X-CUBE-AZRTOS-F7 1.1.0
2024-01-26 17:16:46,637 [INFO] ThirdParty:1030 - CMSIS Pack Vendor :STMicroelectronics X-CUBE-TOUCHGFX 4.21.4
2024-01-26 17:16:46,637 [INFO] ThirdParty:1030 - CMSIS Pack Vendor :STMicroelectronics X-CUBE-AZRTOS-L5 2.0.0
2024-01-26 17:16:46,637 [INFO] ThirdParty:1030 - CMSIS Pack Vendor :STMicroelectronics USB_DEVICE 2.0.0
2024-01-26 17:16:46,637 [INFO] ThirdParty:1030 - CMSIS Pack Vendor :STMicroelectronics X-CUBE-EEPRMA1 4.2.0
2024-01-26 17:16:46,637 [INFO] ThirdParty:1030 - CMSIS Pack Vendor :ITTIA_DB I-CUBE-ITTIADB 8.8.0
2024-01-26 17:16:46,637 [INFO] ThirdParty:1030 - CMSIS Pack Vendor :STMicroelectronics FP-SNS-MOTENV1 4.3.2
2024-01-26 17:16:46,637 [INFO] ThirdParty:1030 - CMSIS Pack Vendor :STMicroelectronics X-CUBE-ALGOBUILD 1.3.0
2024-01-26 17:16:46,637 [INFO] ThirdParty:1030 - CMSIS Pack Vendor :STMicroelectronics FreeRTOS 0.0.1
2024-01-26 17:16:46,637 [INFO] ThirdParty:1030 - CMSIS Pack Vendor :STMicroelectronics X-CUBE-AZRTOS-G0 1.1.0
2024-01-26 17:16:46,637 [INFO] ThirdParty:1030 - CMSIS Pack Vendor :emotas I-CUBE-CANOPEN 1.1.3
2024-01-26 17:16:46,637 [INFO] ThirdParty:1030 - CMSIS Pack Vendor :STMicroelectronics X-CUBE-NFC4 3.0.0
2024-01-26 17:16:46,637 [INFO] ThirdParty:1030 - CMSIS Pack Vendor :STMicroelectronics X-CUBE-SUBG2 5.0.0
2024-01-26 17:16:46,637 [INFO] ThirdParty:1030 - CMSIS Pack Vendor :STMicroelectronics STM32_WPAN 1.0.0
2024-01-26 17:16:46,637 [INFO] ThirdParty:1030 - CMSIS Pack Vendor :STMicroelectronics lwIP 2.0.3
2024-01-26 17:16:46,638 [INFO] ThirdParty:1030 - CMSIS Pack Vendor :STMicroelectronics FP-SNS-FLIGHT1 5.0.2
2024-01-26 17:16:46,638 [INFO] ThirdParty:1030 - CMSIS Pack Vendor :STMicroelectronics USB_HOST 1.0.0
2024-01-26 17:16:46,638 [INFO] ThirdParty:1030 - CMSIS Pack Vendor :STMicroelectronics X-CUBE-TOF1 3.3.1
2024-01-26 17:16:46,638 [INFO] ThirdParty:1030 - CMSIS Pack Vendor :STMicroelectronics X-CUBE-AZRTOS-G4 2.0.0
2024-01-26 17:16:46,638 [INFO] ThirdParty:1030 - CMSIS Pack Vendor :STMicroelectronics PDM2PCM 3.1.0
2024-01-26 17:16:46,638 [INFO] ThirdParty:1030 - CMSIS Pack Vendor :STMicroelectronics X-CUBE-AZRTOS-H7 3.1.0
2024-01-26 17:16:46,638 [INFO] ThirdParty:1030 - CMSIS Pack Vendor :STMicroelectronics X-CUBE-TOF1 3.3.0
2024-01-26 17:16:46,638 [INFO] ThirdParty:1030 - CMSIS Pack Vendor :Infineon AIROC-Wi-Fi-Bluetooth-STM32 1.5.1
2024-01-26 17:16:46,638 [INFO] ThirdParty:1030 - CMSIS Pack Vendor :STMicroelectronics X-CUBE-BLEMGR 3.0.0
2024-01-26 17:16:46,638 [INFO] ThirdParty:1030 - CMSIS Pack Vendor :STMicroelectronics PDM2PCM 3.3.0
2024-01-26 17:16:46,638 [INFO] ThirdParty:1030 - CMSIS Pack Vendor :STMicroelectronics X-CUBE-DISPLAY 3.0.0
2024-01-26 17:16:46,638 [INFO] ThirdParty:1030 - CMSIS Pack Vendor :STMicroelectronics FP-SNS-MOTENVWB1 1.3.1
2024-01-26 17:16:46,638 [INFO] ThirdParty:1030 - CMSIS Pack Vendor :STMicroelectronics X-CUBE-BLE1 7.0.0
2024-01-26 17:16:46,638 [INFO] ThirdParty:1030 - CMSIS Pack Vendor :STMicroelectronics FP-ATR-SIGFOX1 3.2.0
2024-01-26 17:16:46,638 [INFO] ThirdParty:1030 - CMSIS Pack Vendor :STMicroelectronics X-CUBE-ISPU 2.0.0
2024-01-26 17:16:46,638 [INFO] ThirdParty:1030 - CMSIS Pack Vendor :STMicroelectronics X-CUBE-EEPRMA1 5.1.0
2024-01-26 17:16:46,638 [INFO] ThirdParty:1030 - CMSIS Pack Vendor :STMicroelectronics HAL Drivers 0.0.0
2024-01-26 17:16:46,638 [INFO] ThirdParty:1030 - CMSIS Pack Vendor :STMicroelectronics MBEDTLS 2.16.2
2024-01-26 17:16:46,638 [INFO] ThirdParty:1030 - CMSIS Pack Vendor :emotas I-CUBE-CANOPEN 1.3.0
2024-01-26 17:16:46,638 [INFO] ThirdParty:1030 - CMSIS Pack Vendor :STMicroelectronics X-CUBE-MEMS1 10.0.0
2024-01-26 17:16:46,638 [INFO] ThirdParty:1030 - CMSIS Pack Vendor :STMicroelectronics X-CUBE-FREERTOS 1.1.0
2024-01-26 17:16:46,638 [INFO] ThirdParty:1030 - CMSIS Pack Vendor :STMicroelectronics X-CUBE-TOUCHGFX 4.22.0
2024-01-26 17:16:46,638 [INFO] ThirdParty:1030 - CMSIS Pack Vendor :STMicroelectronics X-CUBE-NFC7 1.0.1
2024-01-26 17:16:46,638 [INFO] ThirdParty:1030 - CMSIS Pack Vendor :STMicroelectronics MBEDTLS 2.14.1
2024-01-26 17:16:46,638 [INFO] ThirdParty:1030 - CMSIS Pack Vendor :STMicroelectronics X-CUBE-TOUCHGFX 4.22.1
2024-01-26 17:16:46,638 [INFO] ThirdParty:1030 - CMSIS Pack Vendor :STMicroelectronics X-CUBE-NFC6 3.0.0
2024-01-26 17:16:46,638 [INFO] ThirdParty:1030 - CMSIS Pack Vendor :portGmbH I-Cube-SoM-uGOAL 1.1.0
2024-01-26 17:16:46,638 [INFO] ThirdParty:1030 - CMSIS Pack Vendor :STMicroelectronics X-CUBE-ALS 1.0.1
2024-01-26 17:16:46,638 [INFO] ThirdParty:1030 - CMSIS Pack Vendor :STMicroelectronics ThreadX 1.0.0
2024-01-26 17:16:46,638 [INFO] ThirdParty:1030 - CMSIS Pack Vendor :STMicroelectronics FP-SNS-SMARTAG2 1.2.0
2024-01-26 17:16:46,638 [INFO] ThirdParty:1030 - CMSIS Pack Vendor :STMicroelectronics X-CUBE-AZRTOS-WL 2.0.0
2024-01-26 17:16:46,639 [INFO] ThirdParty:1030 - CMSIS Pack Vendor :SEGGER I-CUBE-embOS 1.3.1
2024-01-26 17:16:46,639 [INFO] ThirdParty:1030 - CMSIS Pack Vendor :STMicroelectronics USB_DEVICE 1.0.0
2024-01-26 17:16:46,639 [INFO] ThirdParty:1030 - CMSIS Pack Vendor :STMicroelectronics X-CUBE-AI 8.1.0
2024-01-26 17:16:46,639 [INFO] ThirdParty:1030 - CMSIS Pack Vendor :STMicroelectronics X-CUBE-AZRTOS-L4 2.0.0
2024-01-26 17:16:46,639 [INFO] ThirdParty:1030 - CMSIS Pack Vendor :STMicroelectronics ThreadX 0.0.2
2024-01-26 17:16:46,639 [INFO] ThirdParty:1030 - CMSIS Pack Vendor :WES I-CUBE-Cesium 1.3.0
2024-01-26 17:16:46,639 [INFO] ThirdParty:1030 - CMSIS Pack Vendor :STMicroelectronics FP-ATR-ASTRA1 2.0.0
2024-01-26 17:16:46,639 [INFO] ThirdParty:1030 - CMSIS Pack Vendor :STMicroelectronics lwIP 2.1.2
2024-01-26 17:16:46,639 [INFO] ThirdParty:1030 - CMSIS Pack Vendor :STMicroelectronics X-CUBE-SFXS2LP1 4.0.0
2024-01-26 17:16:46,639 [INFO] ThirdParty:1030 - CMSIS Pack Vendor :STMicroelectronics X-CUBE-BLE2 3.3.0
2024-01-26 17:16:46,639 [INFO] ThirdParty:1030 - CMSIS Pack Vendor :STMicroelectronics X-CUBE-TOF1 3.4.0
2024-01-26 17:16:46,639 [INFO] ThirdParty:1030 - CMSIS Pack Vendor :STMicroelectronics X-CUBE-AZRTOS-H7 3.2.0
2024-01-26 17:16:46,639 [INFO] ThirdParty:1030 - CMSIS Pack Vendor :STMicroelectronics PDM2PCM 3.2.0
2024-01-26 17:16:46,639 [INFO] ThirdParty:1030 - CMSIS Pack Vendor :STMicroelectronics X-CUBE-TOUCHGFX 4.18.0
2024-01-26 17:16:46,640 [INFO] ThirdParty:841 - exiting critical section [change project]
2024-01-26 17:16:47,332 [INFO] PinOutPanel:1499 - setPackage(No Configuration,No Configuration)
2024-01-26 17:16:47,334 [INFO] PinOutPanel:1499 - setPackage(STM32H750XBHx,TFBGA240)
2024-01-26 17:16:48,544 [INFO] UtilMem:75 - Before build in PCC Used Memory: 468792088 Bytes (1032847360)
2024-01-26 17:16:49,469 [INFO] UtilMem:75 - After build in PCC Used Memory: 580578816 Bytes (1032847360)
2024-01-26 17:16:49,567 [INFO] ApiDbMcu:508 - Load IP Config File for FREERTOS
2024-01-26 17:16:49,656 [INFO] ApiDbMcu:508 - Load IP Config File for LWIP
2024-01-26 17:16:49,657 [WARN] BspModel:444 - BSP dependency skipped because of component: name='DP83848', api='BSP_COMPONENT_DRIVER'
2024-01-26 17:16:49,741 [INFO] IPUIPlugin:80 - create IPUIPlugin
2024-01-26 17:16:49,741 [INFO] IPUIPlugin:80 - create IPUIPlugin
2024-01-26 17:16:49,741 [INFO] IPUIPlugin:80 - create IPUIPlugin
2024-01-26 17:16:49,741 [INFO] IPUIPlugin:80 - create IPUIPlugin
2024-01-26 17:16:49,742 [INFO] IPUIPlugin:80 - create IPUIPlugin
2024-01-26 17:16:49,742 [INFO] IPUIPlugin:80 - create IPUIPlugin
2024-01-26 17:16:49,742 [INFO] IPUIPlugin:80 - create IPUIPlugin
2024-01-26 17:16:49,742 [INFO] IPUIPlugin:80 - create IPUIPlugin
2024-01-26 17:16:49,742 [INFO] IPUIPlugin:80 - create IPUIPlugin
2024-01-26 17:16:49,742 [INFO] IPUIPlugin:80 - create IPUIPlugin
2024-01-26 17:16:49,742 [INFO] IPUIPlugin:80 - create IPUIPlugin
2024-01-26 17:16:49,742 [INFO] IPUIPlugin:80 - create IPUIPlugin
2024-01-26 17:16:49,742 [INFO] IPUIPlugin:80 - create IPUIPlugin
2024-01-26 17:16:49,743 [INFO] IPUIPlugin:80 - create IPUIPlugin
2024-01-26 17:16:49,743 [INFO] IPUIPlugin:80 - create IPUIPlugin
2024-01-26 17:16:49,743 [INFO] IPUIPlugin:80 - create IPUIPlugin
2024-01-26 17:16:49,743 [INFO] IPUIPlugin:80 - create IPUIPlugin
2024-01-26 17:16:49,744 [INFO] IPUIPlugin:80 - create IPUIPlugin
2024-01-26 17:16:49,745 [INFO] IPUIPlugin:80 - create IPUIPlugin
2024-01-26 17:16:49,745 [INFO] IPUIPlugin:80 - create IPUIPlugin
2024-01-26 17:16:49,745 [INFO] IPUIPlugin:80 - create IPUIPlugin
2024-01-26 17:16:49,745 [INFO] IPUIPlugin:80 - create IPUIPlugin
2024-01-26 17:16:49,745 [INFO] IPUIPlugin:80 - create IPUIPlugin
2024-01-26 17:16:49,746 [INFO] IPUIPlugin:80 - create IPUIPlugin
2024-01-26 17:16:49,746 [INFO] IPUIPlugin:80 - create IPUIPlugin
2024-01-26 17:16:49,746 [INFO] IPUIPlugin:80 - create IPUIPlugin
2024-01-26 17:16:49,746 [INFO] IPUIPlugin:80 - create IPUIPlugin
2024-01-26 17:16:49,747 [INFO] IPUIPlugin:80 - create IPUIPlugin
2024-01-26 17:16:49,747 [INFO] IPUIPlugin:80 - create IPUIPlugin
2024-01-26 17:16:49,747 [INFO] IPUIPlugin:80 - create IPUIPlugin
2024-01-26 17:16:49,747 [INFO] IPUIPlugin:80 - create IPUIPlugin
2024-01-26 17:16:49,747 [INFO] IPUIPlugin:80 - create IPUIPlugin
2024-01-26 17:16:49,747 [INFO] IPUIPlugin:80 - create IPUIPlugin
2024-01-26 17:16:49,748 [INFO] IPUIPlugin:80 - create IPUIPlugin
2024-01-26 17:16:49,748 [INFO] IPUIPlugin:80 - create IPUIPlugin
2024-01-26 17:16:49,748 [INFO] IPUIPlugin:80 - create IPUIPlugin
2024-01-26 17:16:49,748 [INFO] IPUIPlugin:80 - create IPUIPlugin
2024-01-26 17:16:49,748 [INFO] IPUIPlugin:80 - create IPUIPlugin
2024-01-26 17:16:49,750 [INFO] IPUIPlugin:80 - create IPUIPlugin
2024-01-26 17:16:49,750 [INFO] IPUIPlugin:80 - create IPUIPlugin
2024-01-26 17:16:49,751 [INFO] IPUIPlugin:80 - create IPUIPlugin
2024-01-26 17:16:49,751 [INFO] IPUIPlugin:80 - create IPUIPlugin
2024-01-26 17:16:49,751 [INFO] IPUIPlugin:80 - create IPUIPlugin
2024-01-26 17:16:49,751 [INFO] IPUIPlugin:80 - create IPUIPlugin
2024-01-26 17:16:49,752 [INFO] IPUIPlugin:80 - create IPUIPlugin
2024-01-26 17:16:49,752 [INFO] IPUIPlugin:80 - create IPUIPlugin
2024-01-26 17:16:49,752 [INFO] IPUIPlugin:80 - create IPUIPlugin
2024-01-26 17:16:49,752 [INFO] IPUIPlugin:80 - create IPUIPlugin
2024-01-26 17:16:49,752 [INFO] IPUIPlugin:80 - create IPUIPlugin
2024-01-26 17:16:49,752 [INFO] IPUIPlugin:80 - create IPUIPlugin
2024-01-26 17:16:49,753 [INFO] IPUIPlugin:80 - create IPUIPlugin
2024-01-26 17:16:49,753 [INFO] IPUIPlugin:80 - create IPUIPlugin
2024-01-26 17:16:49,753 [INFO] IPUIPlugin:80 - create IPUIPlugin
2024-01-26 17:16:49,754 [INFO] IPUIPlugin:80 - create IPUIPlugin
2024-01-26 17:16:49,754 [INFO] IPUIPlugin:80 - create IPUIPlugin
2024-01-26 17:16:49,754 [INFO] IPUIPlugin:80 - create IPUIPlugin
2024-01-26 17:16:49,754 [INFO] IPUIPlugin:80 - create IPUIPlugin
2024-01-26 17:16:49,755 [INFO] IPUIPlugin:80 - create IPUIPlugin
2024-01-26 17:16:49,755 [INFO] IPUIPlugin:80 - create IPUIPlugin
2024-01-26 17:16:49,755 [INFO] IPUIPlugin:80 - create IPUIPlugin
2024-01-26 17:16:49,755 [INFO] IPUIPlugin:80 - create IPUIPlugin
2024-01-26 17:16:49,756 [INFO] IPUIPlugin:80 - create IPUIPlugin
2024-01-26 17:16:49,756 [INFO] IPUIPlugin:80 - create IPUIPlugin
2024-01-26 17:16:49,756 [INFO] IPUIPlugin:80 - create IPUIPlugin
2024-01-26 17:16:49,756 [INFO] IPUIPlugin:80 - create IPUIPlugin
2024-01-26 17:16:49,757 [INFO] IPUIPlugin:80 - create IPUIPlugin
2024-01-26 17:16:49,757 [INFO] IPUIPlugin:80 - create IPUIPlugin
2024-01-26 17:16:49,757 [INFO] IPUIPlugin:80 - create IPUIPlugin
2024-01-26 17:16:49,758 [INFO] IPUIPlugin:80 - create IPUIPlugin
2024-01-26 17:16:49,758 [INFO] IPUIPlugin:80 - create IPUIPlugin
2024-01-26 17:16:49,758 [INFO] IPUIPlugin:80 - create IPUIPlugin
2024-01-26 17:16:49,759 [INFO] IPUIPlugin:80 - create IPUIPlugin
2024-01-26 17:16:49,759 [INFO] IPUIPlugin:80 - create IPUIPlugin
2024-01-26 17:16:49,759 [INFO] IPUIPlugin:80 - create IPUIPlugin
2024-01-26 17:16:49,760 [INFO] IPUIPlugin:80 - create IPUIPlugin
2024-01-26 17:16:49,760 [INFO] IPUIPlugin:80 - create IPUIPlugin
2024-01-26 17:16:49,760 [INFO] IPUIPlugin:80 - create IPUIPlugin
2024-01-26 17:16:49,761 [INFO] IPUIPlugin:80 - create IPUIPlugin
2024-01-26 17:16:49,761 [INFO] IPUIPlugin:80 - create IPUIPlugin
2024-01-26 17:16:49,763 [INFO] IPUIPlugin:80 - create IPUIPlugin
2024-01-26 17:16:49,763 [INFO] IPUIPlugin:80 - create IPUIPlugin
2024-01-26 17:16:49,763 [INFO] IPUIPlugin:80 - create IPUIPlugin
2024-01-26 17:16:49,764 [INFO] IPUIPlugin:80 - create IPUIPlugin
2024-01-26 17:16:49,764 [INFO] IPUIPlugin:80 - create IPUIPlugin
2024-01-26 17:16:49,765 [INFO] IPUIPlugin:80 - create IPUIPlugin
2024-01-26 17:16:49,765 [INFO] IPUIPlugin:80 - create IPUIPlugin
2024-01-26 17:16:49,765 [INFO] IPUIPlugin:80 - create IPUIPlugin
2024-01-26 17:16:49,766 [INFO] IPUIPlugin:80 - create IPUIPlugin
2024-01-26 17:16:49,766 [INFO] IPUIPlugin:80 - create IPUIPlugin
2024-01-26 17:16:49,766 [INFO] IPUIPlugin:80 - create IPUIPlugin
2024-01-26 17:16:49,767 [INFO] IPUIPlugin:80 - create IPUIPlugin
2024-01-26 17:16:49,767 [INFO] IPUIPlugin:80 - create IPUIPlugin
2024-01-26 17:16:49,767 [INFO] IPUIPlugin:80 - create IPUIPlugin
2024-01-26 17:16:49,768 [INFO] IPUIPlugin:80 - create IPUIPlugin
2024-01-26 17:16:49,768 [INFO] IPUIPlugin:80 - create IPUIPlugin
2024-01-26 17:16:49,769 [INFO] IPUIPlugin:80 - create IPUIPlugin
2024-01-26 17:16:49,770 [INFO] IPUIPlugin:80 - create IPUIPlugin
2024-01-26 17:16:49,770 [INFO] IPUIPlugin:80 - create IPUIPlugin
2024-01-26 17:16:49,771 [INFO] IPUIPlugin:80 - create IPUIPlugin
2024-01-26 17:16:49,781 [INFO] ApiDbMcu:508 - Load IP Config File for PDM2PCM
2024-01-26 17:16:49,827 [WARN] FreeRTOS:1023 - Null or empty value: should not occur! (nothing added to the table)
2024-01-26 17:16:50,164 [INFO] CADModel:165 - CPN selected for project levelSTM32H750XBH6
2024-01-26 17:16:50,164 [INFO] CADModel:114 - Register for checkConnection events
2024-01-26 17:16:50,169 [INFO] RtosManager:697 - Active RTOS found at IOC load: FREERTOS [Cortex-M7NS]
2024-01-26 17:16:50,220 [INFO] OpenFileManager:343 - Restore cursor
2024-01-26 17:16:50,598 [WARN] IP:2119 - LWIP_NETIF_HOSTNAME not found: check if there is a RefParameter without a condition.
2024-01-26 17:16:50,663 [WARN] IP:2119 - LWIP_NETIF_HOSTNAME not found: check if there is a RefParameter without a condition.
2024-01-26 17:17:14,324 [WARN] IP:2119 - LWIP_NETIF_HOSTNAME not found: check if there is a RefParameter without a condition.
2024-01-26 17:17:19,643 [WARN] IP:2119 - LWIP_NETIF_HOSTNAME not found: check if there is a RefParameter without a condition.
2024-01-26 17:17:24,174 [WARN] BspModel:444 - BSP dependency skipped because of component: name='DP83848', api='BSP_COMPONENT_DRIVER'
2024-01-26 17:17:24,186 [WARN] IP:2119 - LWIP_NETIF_HOSTNAME not found: check if there is a RefParameter without a condition.
2024-01-26 17:17:24,208 [WARN] IP:2119 - LWIP_NETIF_HOSTNAME not found: check if there is a RefParameter without a condition.
2024-01-26 17:17:24,316 [WARN] IP:2119 - LWIP_NETIF_HOSTNAME not found: check if there is a RefParameter without a condition.
2024-01-26 17:17:29,272 [INFO] UtilMem:75 - End SaveConfig() Used Memory: 338645872 Bytes (1049624576)
2024-01-26 17:17:30,635 [INFO] UtilMem:75 - End SaveConfig() Used Memory: 506541056 Bytes (1049624576)
2024-01-26 17:17:31,350 [INFO] UtilMem:75 - End SaveConfig() Used Memory: 644430848 Bytes (1049624576)
2024-01-26 17:17:32,449 [INFO] BlockDiagram:2759 - set Specific Code input for plugin: FREERTOS
2024-01-26 17:17:32,449 [INFO] BlockDiagram:2759 - set Specific Code input for plugin: RCC
2024-01-26 17:17:32,449 [INFO] BlockDiagram:2759 - set Specific Code input for plugin: ETH
2024-01-26 17:17:32,450 [INFO] BlockDiagram:2759 - set Specific Code input for plugin: SYS
2024-01-26 17:17:32,450 [INFO] BlockDiagram:2759 - set Specific Code input for plugin: NVIC
2024-01-26 17:17:32,451 [INFO] BlockDiagram:2759 - set Specific Code input for plugin: LWIP
2024-01-26 17:17:32,451 [INFO] BlockDiagram:2759 - set Specific Code input for plugin: CORTEX_M7
2024-01-26 17:17:32,452 [INFO] BlockDiagram:2759 - set Specific Code input for plugin: GPIO
2024-01-26 17:17:32,453 [INFO] CodeGenerator:807 - code generatio: config db path: C:\ST\STM32CubeIDE_1.12.0\STM32CubeIDE\plugins\com.st.stm32cube.common.mx_6.10.0.202311202037\\db\
2024-01-26 17:17:32,494 [WARN] IP:2119 - LWIP_NETIF_HOSTNAME not found: check if there is a RefParameter without a condition.
2024-01-26 17:17:32,938 [INFO] CodeEngine:255 - oldGeneratedFile, D:\STM32\STM32H750_Disco_ETH\MXTmpFiles\license.tmp_save
2024-01-26 17:17:33,310 [INFO] CodeEngine:279 - Generated code: D:\STM32\STM32H750_Disco_ETH\MXTmpFiles\license.tmp
2024-01-26 17:17:33,460 [INFO] CodeEngine:255 - oldGeneratedFile, D:\STM32\STM32H750_Disco_ETH\MXTmpFiles\gpio.tmp_save
2024-01-26 17:17:33,578 [INFO] CodeEngine:279 - Generated code: D:\STM32\STM32H750_Disco_ETH\MXTmpFiles\gpio.tmp
2024-01-26 17:17:33,978 [INFO] CodeEngine:255 - oldGeneratedFile, D:\STM32\STM32H750_Disco_ETH\MXTmpFiles\eth_vars.tmp_save
2024-01-26 17:17:34,065 [INFO] CodeEngine:279 - Generated code: D:\STM32\STM32H750_Disco_ETH\MXTmpFiles\eth_vars.tmp
2024-01-26 17:17:34,067 [INFO] CodeEngine:255 - oldGeneratedFile, D:\STM32\STM32H750_Disco_ETH\MXTmpFiles\eth_inc.tmp_save
2024-01-26 17:17:34,135 [INFO] CodeEngine:279 - Generated code: D:\STM32\STM32H750_Disco_ETH\MXTmpFiles\eth_inc.tmp
2024-01-26 17:17:34,139 [INFO] CodeEngine:255 - oldGeneratedFile, D:\STM32\STM32H750_Disco_ETH\MXTmpFiles\eth_HalInit.tmp_save
2024-01-26 17:17:34,226 [INFO] CodeEngine:279 - Generated code: D:\STM32\STM32H750_Disco_ETH\MXTmpFiles\eth_HalInit.tmp
2024-01-26 17:17:34,229 [INFO] CodeEngine:255 - oldGeneratedFile, D:\STM32\STM32H750_Disco_ETH\MXTmpFiles\eth_Msp.tmp_save
2024-01-26 17:17:34,358 [INFO] CodeEngine:279 - Generated code: D:\STM32\STM32H750_Disco_ETH\MXTmpFiles\eth_Msp.tmp
2024-01-26 17:17:34,751 [INFO] Middleware:1439 - No code input for Bsp Dependency
2024-01-26 17:17:34,758 [INFO] CodeEngine:255 - oldGeneratedFile, D:\STM32\STM32H750_Disco_ETH\MXTmpFiles\rtos_inc.tmp_save
2024-01-26 17:17:34,822 [INFO] CodeEngine:279 - Generated code: D:\STM32\STM32H750_Disco_ETH\MXTmpFiles\rtos_inc.tmp
2024-01-26 17:17:34,826 [INFO] CodeEngine:255 - oldGeneratedFile, D:\STM32\STM32H750_Disco_ETH\MXTmpFiles\rtos_kernelInit.tmp_save
2024-01-26 17:17:34,885 [INFO] CodeEngine:279 - Generated code: D:\STM32\STM32H750_Disco_ETH\MXTmpFiles\rtos_kernelInit.tmp
2024-01-26 17:17:34,888 [INFO] CodeEngine:255 - oldGeneratedFile, D:\STM32\STM32H750_Disco_ETH\MXTmpFiles\rtos_kernelStart.tmp_save
2024-01-26 17:17:34,943 [INFO] CodeEngine:279 - Generated code: D:\STM32\STM32H750_Disco_ETH\MXTmpFiles\rtos_kernelStart.tmp
2024-01-26 17:17:34,947 [INFO] CodeEngine:255 - oldGeneratedFile, D:\STM32\STM32H750_Disco_ETH\MXTmpFiles\rtos_typedefs.tmp_save
2024-01-26 17:17:34,997 [INFO] CodeEngine:279 - Generated code: D:\STM32\STM32H750_Disco_ETH\MXTmpFiles\rtos_typedefs.tmp
2024-01-26 17:17:35,001 [INFO] CodeEngine:255 - oldGeneratedFile, D:\STM32\STM32H750_Disco_ETH\MXTmpFiles\rtos_vars.tmp_save
2024-01-26 17:17:35,054 [INFO] CodeEngine:279 - Generated code: D:\STM32\STM32H750_Disco_ETH\MXTmpFiles\rtos_vars.tmp
2024-01-26 17:17:35,057 [INFO] CodeEngine:255 - oldGeneratedFile, D:\STM32\STM32H750_Disco_ETH\MXTmpFiles\rtos_pfp.tmp_save
2024-01-26 17:17:35,111 [INFO] CodeEngine:279 - Generated code: D:\STM32\STM32H750_Disco_ETH\MXTmpFiles\rtos_pfp.tmp
2024-01-26 17:17:35,114 [INFO] CodeEngine:255 - oldGeneratedFile, D:\STM32\STM32H750_Disco_ETH\MXTmpFiles\rtos_obj_creat.tmp_save
2024-01-26 17:17:35,168 [INFO] CodeEngine:279 - Generated code: D:\STM32\STM32H750_Disco_ETH\MXTmpFiles\rtos_obj_creat.tmp
2024-01-26 17:17:35,171 [INFO] CodeEngine:255 - oldGeneratedFile, D:\STM32\STM32H750_Disco_ETH\MXTmpFiles\rtos_default_thread.tmp_save
2024-01-26 17:17:35,211 [INFO] CodeEngine:279 - Generated code: D:\STM32\STM32H750_Disco_ETH\MXTmpFiles\rtos_default_thread.tmp
2024-01-26 17:17:35,213 [INFO] CodeEngine:255 - oldGeneratedFile, D:\STM32\STM32H750_Disco_ETH\MXTmpFiles\rtos_threads.tmp_save
2024-01-26 17:17:35,257 [INFO] CodeEngine:279 - Generated code: D:\STM32\STM32H750_Disco_ETH\MXTmpFiles\rtos_threads.tmp
2024-01-26 17:17:35,279 [INFO] Middleware:1439 - No code input for Bsp Dependency
2024-01-26 17:17:35,298 [INFO] Middleware:1439 - No code input for Bsp Dependency
2024-01-26 17:17:35,303 [INFO] CodeEngine:255 - oldGeneratedFile, D:\STM32\STM32H750_Disco_ETH\MXTmpFiles\rtos_inc.tmp_save
2024-01-26 17:17:35,349 [INFO] CodeEngine:279 - Generated code: D:\STM32\STM32H750_Disco_ETH\MXTmpFiles\rtos_inc.tmp
2024-01-26 17:17:35,351 [INFO] CodeEngine:255 - oldGeneratedFile, D:\STM32\STM32H750_Disco_ETH\MXTmpFiles\rtos_kernelInit.tmp_save
2024-01-26 17:17:35,391 [INFO] CodeEngine:279 - Generated code: D:\STM32\STM32H750_Disco_ETH\MXTmpFiles\rtos_kernelInit.tmp
2024-01-26 17:17:35,392 [INFO] CodeEngine:255 - oldGeneratedFile, D:\STM32\STM32H750_Disco_ETH\MXTmpFiles\rtos_kernelStart.tmp_save
2024-01-26 17:17:35,434 [INFO] CodeEngine:279 - Generated code: D:\STM32\STM32H750_Disco_ETH\MXTmpFiles\rtos_kernelStart.tmp
2024-01-26 17:17:35,438 [INFO] CodeEngine:255 - oldGeneratedFile, D:\STM32\STM32H750_Disco_ETH\MXTmpFiles\rtos_typedefs.tmp_save
2024-01-26 17:17:35,482 [INFO] CodeEngine:279 - Generated code: D:\STM32\STM32H750_Disco_ETH\MXTmpFiles\rtos_typedefs.tmp
2024-01-26 17:17:35,485 [INFO] CodeEngine:255 - oldGeneratedFile, D:\STM32\STM32H750_Disco_ETH\MXTmpFiles\rtos_vars.tmp_save
2024-01-26 17:17:35,524 [INFO] CodeEngine:279 - Generated code: D:\STM32\STM32H750_Disco_ETH\MXTmpFiles\rtos_vars.tmp
2024-01-26 17:17:35,527 [INFO] CodeEngine:255 - oldGeneratedFile, D:\STM32\STM32H750_Disco_ETH\MXTmpFiles\rtos_pfp.tmp_save
2024-01-26 17:17:35,566 [INFO] CodeEngine:279 - Generated code: D:\STM32\STM32H750_Disco_ETH\MXTmpFiles\rtos_pfp.tmp
2024-01-26 17:17:35,568 [INFO] CodeEngine:255 - oldGeneratedFile, D:\STM32\STM32H750_Disco_ETH\MXTmpFiles\rtos_obj_creat.tmp_save
2024-01-26 17:17:35,665 [INFO] CodeEngine:279 - Generated code: D:\STM32\STM32H750_Disco_ETH\MXTmpFiles\rtos_obj_creat.tmp
2024-01-26 17:17:35,669 [INFO] CodeEngine:255 - oldGeneratedFile, D:\STM32\STM32H750_Disco_ETH\MXTmpFiles\rtos_default_thread.tmp_save
2024-01-26 17:17:35,723 [INFO] CodeEngine:279 - Generated code: D:\STM32\STM32H750_Disco_ETH\MXTmpFiles\rtos_default_thread.tmp
2024-01-26 17:17:35,725 [INFO] CodeEngine:255 - oldGeneratedFile, D:\STM32\STM32H750_Disco_ETH\MXTmpFiles\rtos_threads.tmp_save
2024-01-26 17:17:35,777 [INFO] CodeEngine:279 - Generated code: D:\STM32\STM32H750_Disco_ETH\MXTmpFiles\rtos_threads.tmp
2024-01-26 17:17:35,780 [INFO] CodeEngine:255 - oldGeneratedFile, D:\STM32\STM32H750_Disco_ETH\Core\Inc\FreeRTOSConfig.h_save
2024-01-26 17:17:35,848 [INFO] CodeEngine:279 - Generated code: D:\STM32\STM32H750_Disco_ETH\Core\Inc\FreeRTOSConfig.h
2024-01-26 17:17:35,855 [INFO] CodeEngine:255 - oldGeneratedFile, D:\STM32\STM32H750_Disco_ETH\Core\Src\freertos.c_save
2024-01-26 17:17:35,937 [INFO] CodeEngine:279 - Generated code: D:\STM32\STM32H750_Disco_ETH\Core\Src\freertos.c
2024-01-26 17:17:35,945 [INFO] CodeEngine:255 - oldGeneratedFile, D:\STM32\STM32H750_Disco_ETH\MXTmpFiles\cortex.tmp_save
2024-01-26 17:17:36,058 [INFO] CodeEngine:279 - Generated code: D:\STM32\STM32H750_Disco_ETH\MXTmpFiles\cortex.tmp
2024-01-26 17:17:36,070 [INFO] Middleware:1439 - No code input for Bsp Dependency
2024-01-26 17:17:36,093 [INFO] CodeEngine:255 - oldGeneratedFile, D:\STM32\STM32H750_Disco_ETH\LWIP\App\lwip.c_save
2024-01-26 17:17:36,188 [INFO] CodeEngine:279 - Generated code: D:\STM32\STM32H750_Disco_ETH\LWIP\App\lwip.c
2024-01-26 17:17:36,196 [INFO] CodeEngine:255 - oldGeneratedFile, D:\STM32\STM32H750_Disco_ETH\LWIP\App\lwip.h_save
2024-01-26 17:17:36,270 [INFO] CodeEngine:279 - Generated code: D:\STM32\STM32H750_Disco_ETH\LWIP\App\lwip.h
2024-01-26 17:17:36,274 [INFO] CodeEngine:255 - oldGeneratedFile, D:\STM32\STM32H750_Disco_ETH\LWIP\Target\lwipopts.h_save
2024-01-26 17:17:36,445 [INFO] CodeEngine:279 - Generated code: D:\STM32\STM32H750_Disco_ETH\LWIP\Target\lwipopts.h
2024-01-26 17:17:36,450 [INFO] CodeEngine:255 - oldGeneratedFile, D:\STM32\STM32H750_Disco_ETH\LWIP\Target\ethernetif.c_save
2024-01-26 17:17:36,529 [INFO] CodeEngine:279 - Generated code: D:\STM32\STM32H750_Disco_ETH\LWIP\Target\ethernetif.c
2024-01-26 17:17:36,534 [INFO] CodeEngine:255 - oldGeneratedFile, D:\STM32\STM32H750_Disco_ETH\LWIP\Target\ethernetif.h_save
2024-01-26 17:17:36,581 [INFO] CodeEngine:279 - Generated code: D:\STM32\STM32H750_Disco_ETH\LWIP\Target\ethernetif.h
2024-01-26 17:17:36,593 [INFO] CodeEngine:255 - oldGeneratedFile, D:\STM32\STM32H750_Disco_ETH\Core\Src\stm32h7xx_it.c_save
2024-01-26 17:17:36,706 [INFO] CodeEngine:279 - Generated code: D:\STM32\STM32H750_Disco_ETH\Core\Src\stm32h7xx_it.c
2024-01-26 17:17:36,709 [INFO] CodeEngine:255 - oldGeneratedFile, D:\STM32\STM32H750_Disco_ETH\Core\Inc\stm32h7xx_it.h_save
2024-01-26 17:17:36,766 [INFO] CodeEngine:279 - Generated code: D:\STM32\STM32H750_Disco_ETH\Core\Inc\stm32h7xx_it.h
2024-01-26 17:17:36,931 [INFO] CodeEngine:255 - oldGeneratedFile, D:\STM32\STM32H750_Disco_ETH\Core\Src\stm32h7xx_hal_msp.c_save
2024-01-26 17:17:37,008 [INFO] CodeEngine:279 - Generated code: D:\STM32\STM32H750_Disco_ETH\Core\Src\stm32h7xx_hal_msp.c
2024-01-26 17:17:37,012 [INFO] CodeEngine:255 - oldGeneratedFile, D:\STM32\STM32H750_Disco_ETH\MXTmpFiles\system.tmp_save
2024-01-26 17:17:37,058 [INFO] CodeEngine:279 - Generated code: D:\STM32\STM32H750_Disco_ETH\MXTmpFiles\system.tmp
2024-01-26 17:17:37,064 [INFO] CodeEngine:255 - oldGeneratedFile, D:\STM32\STM32H750_Disco_ETH\Core\Src\stm32h7xx_hal_timebase_tim.c_save
2024-01-26 17:17:37,126 [INFO] CodeEngine:279 - Generated code: D:\STM32\STM32H750_Disco_ETH\Core\Src\stm32h7xx_hal_timebase_tim.c
2024-01-26 17:17:37,135 [INFO] CodeEngine:311 - oldGeneratedFile, D:\STM32\STM32H750_Disco_ETH\Core\Inc\stm32h7xx_hal_conf.h_save
2024-01-26 17:17:37,194 [INFO] CodeEngine:335 - Generated code: D:\STM32\STM32H750_Disco_ETH\Core\Inc\stm32h7xx_hal_conf.h
2024-01-26 17:17:37,261 [INFO] CodeEngine:255 - oldGeneratedFile, D:\STM32\STM32H750_Disco_ETH\Core\Inc\main.h_save
2024-01-26 17:17:37,337 [INFO] CodeEngine:279 - Generated code: D:\STM32\STM32H750_Disco_ETH\Core\Inc\main.h
2024-01-26 17:17:37,341 [INFO] CodeEngine:255 - oldGeneratedFile, D:\STM32\STM32H750_Disco_ETH\Core\Src\main.c_save
2024-01-26 17:17:37,488 [INFO] CodeEngine:279 - Generated code: D:\STM32\STM32H750_Disco_ETH\Core\Src\main.c
2024-01-26 17:17:38,444 [INFO] ProjectBuilder:3076 - Time for Copy HAL[1] : 454mS.
2024-01-26 17:17:38,457 [INFO] ProjectBuilder:4485 - Project Generator version: 4.2.0-B44
2024-01-26 17:17:38,644 [INFO] ConfigFileManager:1495 - The Die is : DIE450
2024-01-26 17:17:38,647 [INFO] ApiDbMcu:508 - Load IP Config File for FATFS
2024-01-26 17:17:38,650 [INFO] ApiDbMcu:508 - Load IP Config File for LIBJPEG
2024-01-26 17:17:38,654 [INFO] ApiDbMcu:508 - Load IP Config File for MBEDTLS
2024-01-26 17:17:38,662 [INFO] ApiDbMcu:508 - Load IP Config File for USB_DEVICE
2024-01-26 17:17:38,666 [INFO] ApiDbMcu:508 - Load IP Config File for USB_HOST
2024-01-26 17:17:39,814 [INFO] LogOutputStream:77 - [STDOUT_REDIRECT] 
2024-01-26 17:17:42,345 [INFO] ProjectBuilder:4747 - Time for Generating toolchain IDE Files: 3887mS.
2024-01-26 17:17:42,345 [INFO] ProjectBuilder:2947 - Time for Copy CMSIS : 0mS.
2024-01-26 17:17:42,353 [INFO] ProjectBuilder:2947 - Time for Copy CMSIS : 0mS.
