2023-10-04 15:26:53,737 [INFO] Activator:176 - 


2023-10-04 15:26:53,743 [INFO] Activator:177 - !SESSION log4j initialized
2023-10-04 15:26:58,025 [INFO] LogOutputStream:77 - [STDOUT_REDIRECT] 
2023-10-04 15:27:01,612 [INFO] ApplicationProperties:184 - Using Application install path: C:\ST\STM32CubeIDE_1.12.0\STM32CubeIDE\plugins\com.st.stm32cube.common.mx_6.9.2.202309101412
2023-10-04 15:27:01,639 [INFO] DbMcusXml:78 - Set database path to: C:\ST\STM32CubeIDE_1.12.0\STM32CubeIDE\plugins\com.st.stm32cube.common.mx_6.9.2.202309101412\\db\/mcu/
2023-10-04 15:27:01,639 [INFO] ApiDb:274 - Set plugin database path to: C:\ST\STM32CubeIDE_1.12.0\STM32CubeIDE\plugins\com.st.stm32cube.common.mx_6.9.2.202309101412\\db\/plugins/boardmanager/
2023-10-04 15:27:01,639 [WARN] ApiDb:259 - Overriding images path with different value:  => C:\ST\STM32CubeIDE_1.12.0\STM32CubeIDE\plugins\com.st.stm32cube.common.mx_6.9.2.202309101412\\db\/plugins/mcufinder/images/
2023-10-04 15:27:01,684 [INFO] ApiDb:250 - Set database path to: C:\Users\user\.stmcufinder\plugins\mcufinder//mcu/
2023-10-04 15:27:01,686 [INFO] DbMcusAds:125 - Set database path to: C:\Users\user\.stmcufinder\plugins\mcufinder//mcu/
2023-10-04 15:27:01,689 [INFO] CrossReferenceDbSqlite:203 - Set database path to: C:\Users\user\.stmcufinder\plugins\mcufinder//mcu/cs/
2023-10-04 15:27:01,855 [INFO] RulesReader:64 - Compatibility file has been processed (293 Rules)
2023-10-04 15:27:01,975 [INFO] DbMcusXml:78 - Set database path to: C:\ST\STM32CubeIDE_1.12.0\STM32CubeIDE\plugins\com.st.stm32cube.common.mx_6.9.2.202309101412\\db\/mcu/
2023-10-04 15:27:01,976 [INFO] ApiDb:274 - Set plugin database path to: C:\ST\STM32CubeIDE_1.12.0\STM32CubeIDE\plugins\com.st.stm32cube.common.mx_6.9.2.202309101412\\db\/plugins/boardmanager/
2023-10-04 15:27:01,976 [INFO] ApiDb:261 - Set plugin images path to: C:\ST\STM32CubeIDE_1.12.0\STM32CubeIDE\plugins\com.st.stm32cube.common.mx_6.9.2.202309101412\\db\/plugins/mcufinder/images/
2023-10-04 15:27:01,976 [WARN] DbFile:41 - Overriding database path with different value: C:\Users\user\.stmcufinder\plugins\mcufinder/ => C:\Users\user\.stmcufinder\plugins\mcufinder
2023-10-04 15:27:01,977 [INFO] ApiDb:250 - Set database path to: C:\Users\user\.stmcufinder\plugins\mcufinder//mcu/
2023-10-04 15:27:01,977 [WARN] DbFile:41 - Overriding database path with different value: C:\Users\user\.stmcufinder\plugins\mcufinder/ => C:\Users\user\.stmcufinder\plugins\mcufinder
2023-10-04 15:27:01,977 [INFO] DbMcusAds:125 - Set database path to: C:\Users\user\.stmcufinder\plugins\mcufinder//mcu/
2023-10-04 15:27:01,977 [WARN] DbFile:41 - Overriding database path with different value: C:\Users\user\.stmcufinder\plugins\mcufinder/ => C:\Users\user\.stmcufinder\plugins\mcufinder
2023-10-04 15:27:01,977 [WARN] DbFile:41 - Overriding database path with different value: C:\Users\user\.stmcufinder\plugins\mcufinder/ => C:\Users\user\.stmcufinder\plugins\mcufinder
2023-10-04 15:27:01,978 [INFO] CrossReferenceDbSqlite:203 - Set database path to: C:\Users\user\.stmcufinder\plugins\mcufinder//mcu/cs/
2023-10-04 15:27:02,084 [INFO] MainPanel:262 - HeapMemory: 268435456
2023-10-04 15:27:02,207 [INFO] DbMcusXml:78 - Set database path to: C:\ST\STM32CubeIDE_1.12.0\STM32CubeIDE\plugins\com.st.stm32cube.common.mx_6.9.2.202309101412\\db\/mcu/
2023-10-04 15:27:02,207 [INFO] ApiDb:274 - Set plugin database path to: C:\ST\STM32CubeIDE_1.12.0\STM32CubeIDE\plugins\com.st.stm32cube.common.mx_6.9.2.202309101412\\db\/plugins/boardmanager/
2023-10-04 15:27:02,207 [INFO] ApiDb:261 - Set plugin images path to: C:\ST\STM32CubeIDE_1.12.0\STM32CubeIDE\plugins\com.st.stm32cube.common.mx_6.9.2.202309101412\\db\/plugins/mcufinder/images/
2023-10-04 15:27:02,208 [WARN] DbFile:41 - Overriding database path with different value: C:\Users\user\.stmcufinder\plugins\mcufinder/ => C:\Users\user\.stmcufinder\plugins\mcufinder
2023-10-04 15:27:02,208 [INFO] ApiDb:250 - Set database path to: C:\Users\user\.stmcufinder\plugins\mcufinder//mcu/
2023-10-04 15:27:02,208 [WARN] DbFile:41 - Overriding database path with different value: C:\Users\user\.stmcufinder\plugins\mcufinder/ => C:\Users\user\.stmcufinder\plugins\mcufinder
2023-10-04 15:27:02,208 [INFO] DbMcusAds:125 - Set database path to: C:\Users\user\.stmcufinder\plugins\mcufinder//mcu/
2023-10-04 15:27:02,208 [WARN] DbFile:41 - Overriding database path with different value: C:\Users\user\.stmcufinder\plugins\mcufinder/ => C:\Users\user\.stmcufinder\plugins\mcufinder
2023-10-04 15:27:02,208 [WARN] DbFile:41 - Overriding database path with different value: C:\Users\user\.stmcufinder\plugins\mcufinder/ => C:\Users\user\.stmcufinder\plugins\mcufinder
2023-10-04 15:27:02,208 [INFO] CrossReferenceDbSqlite:203 - Set database path to: C:\Users\user\.stmcufinder\plugins\mcufinder//mcu/cs/
2023-10-04 15:27:02,233 [INFO] ApplicationProperties:184 - Using Application install path: C:\ST\STM32CubeIDE_1.12.0\STM32CubeIDE\plugins\com.st.stm32cube.common.mx_6.9.2.202309101412
2023-10-04 15:27:02,235 [INFO] PluginManage:196 - Search for loadable plugins [exclusion list=, ]
2023-10-04 15:27:02,237 [INFO] PluginManage:310 - Check plugin analytics
2023-10-04 15:27:02,472 [INFO] AnalyticsPlugin:253 - Accepted Software Licenses: STM32CubeMX.6.8.0,STM32CubeMX.6.8.1,STM32CubeMX.6.5.0,STM32CubeMX.6.9.1
2023-10-04 15:27:02,472 [INFO] AnalyticsPlugin:255 - Accepted CMSIS Pack Licenses: emotas.I-CUBE-CANOPEN.1.1.3,STMicroelectronics.X-CUBE-TOUCHGFX.4.21.0,STMicroelectronics.X-CUBE-TOUCHGFX.4.21.1,STMicroelectronics.X-CUBE-TOUCHGFX.4.18.0
2023-10-04 15:27:02,472 [INFO] AnalyticsPlugin:257 - Accepted Firmware Licenses: FW.H7.1.11.0,FW.G0.1.6.0,FW.F4.1.27.0
2023-10-04 15:27:02,477 [INFO] PluginManage:359 - Loaded plugin analytics (category:tool,tabindex:-1)
2023-10-04 15:27:02,478 [INFO] PluginManage:310 - Check plugin cadmodel
2023-10-04 15:27:02,518 [INFO] CADModel:105 - Init CAD model plugin
2023-10-04 15:27:02,519 [INFO] PluginManage:359 - Loaded plugin cadmodel (category:power,tabindex:5)
2023-10-04 15:27:02,519 [INFO] PluginManage:310 - Check plugin clock
2023-10-04 15:27:02,575 [INFO] PluginManage:359 - Loaded plugin clock (category:base,tabindex:2)
2023-10-04 15:27:02,575 [INFO] PluginManage:310 - Check plugin ddr
2023-10-04 15:27:02,579 [INFO] PluginManage:359 - Loaded plugin ddr (category:tool,tabindex:6)
2023-10-04 15:27:02,579 [INFO] PluginManage:310 - Check plugin filemanager
2023-10-04 15:27:02,761 [INFO] PluginManage:359 - Loaded plugin filemanager (category:base,tabindex:10)
2023-10-04 15:27:02,761 [INFO] PluginManage:310 - Check plugin ipmanager
2023-10-04 15:27:02,769 [INFO] PluginManage:359 - Loaded plugin ipmanager (category:base,tabindex:5)
2023-10-04 15:27:02,769 [INFO] PluginManage:310 - Check plugin lpbam
2023-10-04 15:27:02,789 [INFO] PluginManage:359 - Loaded plugin lpbam (category:base,tabindex:0)
2023-10-04 15:27:02,790 [INFO] PluginManage:310 - Check plugin memorymap
2023-10-04 15:27:02,841 [INFO] PluginManage:359 - Loaded plugin memorymap (category:base,tabindex:4)
2023-10-04 15:27:02,842 [INFO] PluginManage:310 - Check plugin pinoutandconfiguration
2023-10-04 15:27:02,887 [INFO] PluginManage:359 - Loaded plugin pinoutandconfiguration (category:base,tabindex:1)
2023-10-04 15:27:02,888 [INFO] PluginManage:310 - Check plugin pinoutconfig
2023-10-04 15:27:03,032 [WARN] SupportedApi:132 - Cannot load RTOS API schema: s4s-elt-must-match.1: The content of 'definitions' must match (annotation?, (simpleType | complexType)?, (unique | key | keyref)*)). A problem was found starting at: attribute.
2023-10-04 15:27:03,190 [INFO] PluginManage:359 - Loaded plugin pinoutconfig (category:base,tabindex:0)
2023-10-04 15:27:03,191 [INFO] PluginManage:310 - Check plugin power
2023-10-04 15:27:03,211 [INFO] PluginManage:359 - Loaded plugin power (category:power,tabindex:4)
2023-10-04 15:27:03,211 [INFO] PluginManage:310 - Check plugin projectmanager
2023-10-04 15:27:03,228 [INFO] PluginManage:359 - Loaded plugin projectmanager (category:projectmanager,tabindex:3)
2023-10-04 15:27:03,228 [INFO] PluginManage:310 - Check plugin thirdparty
2023-10-04 15:27:03,550 [INFO] PluginManage:359 - Loaded plugin thirdparty (category:base,tabindex:-1)
2023-10-04 15:27:03,550 [WARN] IntegrityCheckThread:84 - waiting for thirdparty lock release [integrity check]
2023-10-04 15:27:03,550 [INFO] PluginManage:310 - Check plugin tools
2023-10-04 15:27:03,550 [INFO] IntegrityCheckThread:86 - entering critical section [integrity check]
2023-10-04 15:27:03,552 [INFO] ThirdPartyUpdaterWithRetryManager:70 - Updater plugin not ready yet. [1/15]
2023-10-04 15:27:03,599 [INFO] PluginManage:359 - Loaded plugin tools (category:base,tabindex:7)
2023-10-04 15:27:03,599 [INFO] PluginManage:310 - Check plugin tutovideos
2023-10-04 15:27:03,849 [INFO] PluginManage:359 - Loaded plugin tutovideos (category:base,tabindex:-1)
2023-10-04 15:27:03,849 [INFO] PluginManage:310 - Check plugin updater
2023-10-04 15:27:03,864 [INFO] PluginManage:359 - Loaded plugin updater (category:base,tabindex:12)
2023-10-04 15:27:03,864 [INFO] PluginManage:310 - Check plugin userauth
2023-10-04 15:27:03,871 [INFO] UserAuth:113 - Init User Auth plugin
2023-10-04 15:27:03,872 [INFO] PluginManage:359 - Loaded plugin userauth (category:base,tabindex:14)
2023-10-04 15:27:03,872 [INFO] PluginManage:283 - PluginManage : Loaded plugins [17]
2023-10-04 15:27:04,155 [INFO] PinOutPanel:1499 - setPackage(No Configuration,No Configuration)
2023-10-04 15:27:04,312 [INFO] CADModel:165 - CPN selected for project level
2023-10-04 15:27:04,312 [INFO] CADModel:114 - Register for checkConnection events
2023-10-04 15:27:04,351 [INFO] IPUIPlugin:80 - create IPUIPlugin
2023-10-04 15:27:04,351 [INFO] PluginManager:220 - loadIPPluginJar : add adc
2023-10-04 15:27:04,391 [INFO] IPUIPlugin:80 - create IPUIPlugin
2023-10-04 15:27:04,391 [INFO] PluginManager:220 - loadIPPluginJar : add aes
2023-10-04 15:27:04,438 [INFO] IPUIPlugin:80 - create IPUIPlugin
2023-10-04 15:27:04,439 [INFO] PluginManager:220 - loadIPPluginJar : add can
2023-10-04 15:27:04,464 [INFO] IPUIPlugin:80 - create IPUIPlugin
2023-10-04 15:27:04,464 [INFO] PluginManager:220 - loadIPPluginJar : add comp
2023-10-04 15:27:04,502 [INFO] IPUIPlugin:80 - create IPUIPlugin
2023-10-04 15:27:04,502 [INFO] PluginManager:220 - loadIPPluginJar : add cryp
2023-10-04 15:27:04,537 [INFO] IPUIPlugin:80 - create IPUIPlugin
2023-10-04 15:27:04,538 [INFO] PluginManager:220 - loadIPPluginJar : add dfsdm
2023-10-04 15:27:04,556 [INFO] IPUIPlugin:80 - create IPUIPlugin
2023-10-04 15:27:04,557 [INFO] PluginManager:220 - loadIPPluginJar : add dma
2023-10-04 15:27:04,611 [INFO] IPUIPlugin:80 - create IPUIPlugin
2023-10-04 15:27:04,611 [INFO] PluginManager:220 - loadIPPluginJar : add dma3
2023-10-04 15:27:04,634 [INFO] IPUIPlugin:80 - create IPUIPlugin
2023-10-04 15:27:04,635 [INFO] PluginManager:220 - loadIPPluginJar : add fatfs
2023-10-04 15:27:04,684 [INFO] IPUIPlugin:80 - create IPUIPlugin
2023-10-04 15:27:04,684 [INFO] PluginManager:220 - loadIPPluginJar : add fmc
2023-10-04 15:27:04,700 [INFO] IPUIPlugin:80 - create IPUIPlugin
2023-10-04 15:27:04,702 [INFO] PluginManager:220 - loadIPPluginJar : add freertos
2023-10-04 15:27:04,723 [INFO] IPUIPlugin:80 - create IPUIPlugin
2023-10-04 15:27:04,724 [INFO] PluginManager:220 - loadIPPluginJar : add genericplugin
2023-10-04 15:27:04,818 [INFO] IPUIPlugin:80 - create IPUIPlugin
2023-10-04 15:27:04,819 [INFO] PluginManager:220 - loadIPPluginJar : add gfxmmu
2023-10-04 15:27:04,950 [INFO] IPUIPlugin:80 - create IPUIPlugin
2023-10-04 15:27:04,950 [INFO] PluginManager:220 - loadIPPluginJar : add gic
2023-10-04 15:27:04,964 [INFO] IPUIPlugin:80 - create IPUIPlugin
2023-10-04 15:27:04,964 [INFO] PluginManager:220 - loadIPPluginJar : add gpio
2023-10-04 15:27:05,055 [INFO] IPUIPlugin:80 - create IPUIPlugin
2023-10-04 15:27:05,055 [INFO] PluginManager:220 - loadIPPluginJar : add gtzc
2023-10-04 15:27:05,088 [INFO] IPUIPlugin:80 - create IPUIPlugin
2023-10-04 15:27:05,088 [INFO] PluginManager:220 - loadIPPluginJar : add hash
2023-10-04 15:27:05,140 [INFO] IPUIPlugin:80 - create IPUIPlugin
2023-10-04 15:27:05,140 [INFO] PluginManager:220 - loadIPPluginJar : add i2c
2023-10-04 15:27:05,177 [INFO] IPUIPlugin:80 - create IPUIPlugin
2023-10-04 15:27:05,177 [INFO] PluginManager:220 - loadIPPluginJar : add i2s
2023-10-04 15:27:05,220 [INFO] IPUIPlugin:80 - create IPUIPlugin
2023-10-04 15:27:05,220 [INFO] PluginManager:220 - loadIPPluginJar : add i3c
2023-10-04 15:27:05,329 [INFO] IPUIPlugin:80 - create IPUIPlugin
2023-10-04 15:27:05,329 [INFO] PluginManager:220 - loadIPPluginJar : add ipddr
2023-10-04 15:27:05,429 [INFO] IPUIPlugin:80 - create IPUIPlugin
2023-10-04 15:27:05,429 [INFO] PluginManager:220 - loadIPPluginJar : add linkedlist
2023-10-04 15:27:05,464 [INFO] IPUIPlugin:80 - create IPUIPlugin
2023-10-04 15:27:05,465 [INFO] PluginManager:220 - loadIPPluginJar : add lorawan
2023-10-04 15:27:05,505 [INFO] IPUIPlugin:80 - create IPUIPlugin
2023-10-04 15:27:05,505 [INFO] PluginManager:220 - loadIPPluginJar : add ltdc
2023-10-04 15:27:05,519 [INFO] IPUIPlugin:80 - create IPUIPlugin
2023-10-04 15:27:05,520 [INFO] PluginManager:220 - loadIPPluginJar : add mdma
2023-10-04 15:27:05,534 [INFO] IPUIPlugin:80 - create IPUIPlugin
2023-10-04 15:27:05,534 [INFO] PluginManager:220 - loadIPPluginJar : add nvic
2023-10-04 15:27:05,607 [INFO] IPUIPlugin:80 - create IPUIPlugin
2023-10-04 15:27:05,607 [INFO] PluginManager:220 - loadIPPluginJar : add opamp
2023-10-04 15:27:05,724 [INFO] IPUIPlugin:80 - create IPUIPlugin
2023-10-04 15:27:05,724 [INFO] PluginManager:220 - loadIPPluginJar : add openamp
2023-10-04 15:27:05,780 [INFO] IPUIPlugin:80 - create IPUIPlugin
2023-10-04 15:27:05,781 [INFO] PluginManager:220 - loadIPPluginJar : add pdm2pcm
2023-10-04 15:27:05,806 [INFO] IPUIPlugin:80 - create IPUIPlugin
2023-10-04 15:27:05,810 [INFO] PluginManager:220 - loadIPPluginJar : add plateformsettings
2023-10-04 15:27:05,838 [INFO] IPUIPlugin:80 - create IPUIPlugin
2023-10-04 15:27:05,838 [INFO] PluginManager:220 - loadIPPluginJar : add quadspi
2023-10-04 15:27:05,855 [INFO] IPUIPlugin:80 - create IPUIPlugin
2023-10-04 15:27:05,855 [INFO] PluginManager:220 - loadIPPluginJar : add resmgrutility
2023-10-04 15:27:05,906 [INFO] IPUIPlugin:80 - create IPUIPlugin
2023-10-04 15:27:05,906 [INFO] PluginManager:220 - loadIPPluginJar : add sai
2023-10-04 15:27:05,944 [INFO] IPUIPlugin:80 - create IPUIPlugin
2023-10-04 15:27:05,944 [INFO] PluginManager:220 - loadIPPluginJar : add spi
2023-10-04 15:27:06,007 [INFO] IPUIPlugin:80 - create IPUIPlugin
2023-10-04 15:27:06,007 [INFO] PluginManager:220 - loadIPPluginJar : add stm32_wpan
2023-10-04 15:27:06,032 [INFO] IPUIPlugin:80 - create IPUIPlugin
2023-10-04 15:27:06,032 [INFO] PluginManager:220 - loadIPPluginJar : add tim
2023-10-04 15:27:06,093 [INFO] IPUIPlugin:80 - create IPUIPlugin
2023-10-04 15:27:06,093 [INFO] PluginManager:220 - loadIPPluginJar : add touchsensing
2023-10-04 15:27:06,118 [INFO] IPUIPlugin:80 - create IPUIPlugin
2023-10-04 15:27:06,118 [INFO] PluginManager:220 - loadIPPluginJar : add tracer_emb
2023-10-04 15:27:06,141 [INFO] IPUIPlugin:80 - create IPUIPlugin
2023-10-04 15:27:06,141 [INFO] PluginManager:220 - loadIPPluginJar : add ts
2023-10-04 15:27:06,166 [INFO] IPUIPlugin:80 - create IPUIPlugin
2023-10-04 15:27:06,166 [INFO] PluginManager:220 - loadIPPluginJar : add tsc
2023-10-04 15:27:06,191 [INFO] IPUIPlugin:80 - create IPUIPlugin
2023-10-04 15:27:06,191 [INFO] PluginManager:220 - loadIPPluginJar : add ucpd
2023-10-04 15:27:06,240 [INFO] IPUIPlugin:80 - create IPUIPlugin
2023-10-04 15:27:06,240 [INFO] PluginManager:220 - loadIPPluginJar : add usart
2023-10-04 15:27:06,285 [INFO] IPUIPlugin:80 - create IPUIPlugin
2023-10-04 15:27:06,285 [INFO] PluginManager:220 - loadIPPluginJar : add usbx
2023-10-04 15:27:06,444 [INFO] CADModel:165 - CPN selected for project level
2023-10-04 15:27:06,444 [INFO] CADModel:114 - Register for checkConnection events
2023-10-04 15:27:06,445 [FATAL] Updater:308 - Updater called before beeing initialized
2023-10-04 15:27:06,445 [ERROR] CADModel:125 - Updater not yet initialized, retry later 
2023-10-04 15:27:06,553 [INFO] ThirdPartyUpdaterWithRetryManager:70 - Updater plugin not ready yet. [2/15]
2023-10-04 15:27:06,623 [INFO] CADModel:165 - CPN selected for project level
2023-10-04 15:27:06,624 [INFO] CADModel:114 - Register for checkConnection events
2023-10-04 15:27:06,624 [FATAL] Updater:308 - Updater called before beeing initialized
2023-10-04 15:27:06,624 [ERROR] CADModel:125 - Updater not yet initialized, retry later 
2023-10-04 15:27:06,627 [FATAL] Updater:308 - Updater called before beeing initialized
2023-10-04 15:27:06,798 [FATAL] Updater:308 - Updater called before beeing initialized
2023-10-04 15:27:06,810 [INFO] DbMcusAds:53 - JSON generation date=Tue Mar 07 15:50:55 ICT 2023 (1678179055114)
2023-10-04 15:27:06,810 [FATAL] Updater:308 - Updater called before beeing initialized
2023-10-04 15:27:06,857 [WARN] DetailPanel:346 - Failed to get advertising image, set to default
2023-10-04 15:27:06,959 [FATAL] Updater:308 - Updater called before beeing initialized
2023-10-04 15:27:06,961 [FATAL] Updater:308 - Updater called before beeing initialized
2023-10-04 15:27:06,961 [FATAL] Updater:308 - Updater called before beeing initialized
2023-10-04 15:27:06,961 [WARN] DetailPanel:346 - Failed to get advertising image, set to default
2023-10-04 15:27:06,963 [FATAL] Updater:308 - Updater called before beeing initialized
2023-10-04 15:27:07,041 [ERROR] Updater:1120 - MainUpdater not yet initialized. External WinMGr cannot be set.
2023-10-04 15:27:07,055 [INFO] Updater:1056 - Updater Version found : 6.9.2
2023-10-04 15:27:07,080 [INFO] ApplicationProperties:184 - Using Application install path: C:\ST\STM32CubeIDE_1.12.0\STM32CubeIDE\plugins\com.st.stm32cube.common.mx_6.9.2.202309101412
2023-10-04 15:27:07,949 [INFO] MainUpdater:2868 - connection check result : 10
2023-10-04 15:27:07,950 [INFO] MainUpdater:285 - Updater Check For Update Now.
2023-10-04 15:27:07,950 [INFO] MicroXplorer:498 - Change Database Version : DB.6.0.92
2023-10-04 15:27:07,993 [INFO] McuFinderGlobals:63 - Set McuFinder mode to 2 (CubeIDE integrated)
2023-10-04 15:27:07,993 [INFO] UserAuth:179 - activating auth plugin
2023-10-04 15:27:07,997 [INFO] UserAuth:393 - Internet connection configuration mode: 1
2023-10-04 15:27:08,063 [INFO] JxBrowserEngine:151 - Initiate JxBrowser Engine with user profile folder
2023-10-04 15:27:08,271 [INFO] CheckServerUpdateThread:120 - End of CheckServer Thread
2023-10-04 15:27:09,811 [WARN] PackLoader:240 - Cannot read IP mode file for STMicroelectronics.X-CUBE-SMBUS.2.1.0
2023-10-04 15:27:09,912 [WARN] PackLoader:240 - Cannot read IP mode file for STMicroelectronics.X-CUBE-AZRTOS-F7.1.1.0
2023-10-04 15:27:09,980 [WARN] PackLoader:240 - Cannot read IP mode file for STMicroelectronics.FP-SNS-MOTENV1.4.3.2
2023-10-04 15:27:10,081 [WARN] PackLoader:240 - Cannot read IP mode file for STMicroelectronics.X-CUBE-BLE1.6.2.4
2023-10-04 15:27:10,115 [WARN] PackLoader:240 - Cannot read IP mode file for STMicroelectronics.FP-SNS-FLIGHT1.5.0.2
2023-10-04 15:27:10,147 [WARN] PackLoader:240 - Cannot read IP mode file for STMicroelectronics.X-CUBE-DISPLAY.3.0.0
2023-10-04 15:27:10,203 [WARN] PackLoader:240 - Cannot read IP mode file for STMicroelectronics.X-CUBE-BLE1.7.0.0
2023-10-04 15:27:10,233 [WARN] PackLoader:240 - Cannot read IP mode file for emotas.I-CUBE-CANOPEN.1.3.0
2023-10-04 15:27:10,371 [WARN] PackLoader:240 - Cannot read IP mode file for STMicroelectronics.X-CUBE-TOUCHGFX.4.22.0
2023-10-04 15:27:10,490 [WARN] PackLoader:240 - Cannot read IP mode file for STMicroelectronics.FP-SNS-SMARTAG2.1.2.0
2023-10-04 15:27:10,522 [INFO] LogOutputStream:77 - [STDOUT_REDIRECT] 1 : Invalid condition id : UX_CORESTACK_Condition cause : null
2023-10-04 15:27:10,524 [INFO] LogOutputStream:77 - [STDOUT_REDIRECT] 1 : Invalid condition id : UX_CORESTACK_Condition cause : null
2023-10-04 15:27:10,528 [INFO] LogOutputStream:77 - [STDOUT_REDIRECT] 1 : Invalid condition id : UX_CORESTACK_Condition cause : null
2023-10-04 15:27:10,531 [INFO] LogOutputStream:77 - [STDOUT_REDIRECT] 1 : Invalid condition id : UX_CORESTACK_Condition cause : null
2023-10-04 15:27:10,533 [INFO] LogOutputStream:77 - [STDOUT_REDIRECT] 1 : Invalid condition id : UX_CORESTACK_Condition cause : null
2023-10-04 15:27:10,538 [WARN] PackLoader:240 - Cannot read IP mode file for STMicroelectronics.X-CUBE-AZRTOS-WL.2.0.0
2023-10-04 15:27:10,583 [WARN] PackLoader:240 - Cannot read IP mode file for WES.I-CUBE-Cesium.1.3.0
2023-10-04 15:27:10,607 [WARN] PackLoader:240 - Cannot read IP mode file for STMicroelectronics.X-CUBE-BLE2.3.3.0
2023-10-04 15:27:10,628 [WARN] PackLoader:240 - Cannot read IP mode file for STMicroelectronics.X-CUBE-TOUCHGFX.4.18.0
2023-10-04 15:27:10,770 [WARN] PackLoader:240 - Cannot read IP mode file for STMicroelectronics.X-CUBE-TOUCHGFX.4.21.1
2023-10-04 15:27:10,959 [WARN] PackLoader:240 - Cannot read IP mode file for STMicroelectronics.X-CUBE-TOUCHGFX.4.21.0
2023-10-04 15:27:11,154 [WARN] PackLoader:240 - Cannot read IP mode file for STMicroelectronics.X-CUBE-TOUCHGFX.4.21.4
2023-10-04 15:27:11,266 [WARN] PackLoader:240 - Cannot read IP mode file for STMicroelectronics.X-CUBE-ALGOBUILD.1.3.0
2023-10-04 15:27:11,309 [WARN] PackLoader:240 - Cannot read IP mode file for STMicroelectronics.X-CUBE-AZRTOS-G0.1.1.0
2023-10-04 15:27:11,359 [WARN] PackLoader:240 - Cannot read IP mode file for STMicroelectronics.X-CUBE-NFC4.3.0.0
2023-10-04 15:27:11,394 [WARN] PackLoader:240 - Cannot read IP mode file for STMicroelectronics.FP-ATR-SIGFOX1.3.2.0
2023-10-04 15:27:11,484 [WARN] PackLoader:240 - Cannot read IP mode file for SEGGER.I-CUBE-embOS.1.3.1
2023-10-04 15:27:11,822 [WARN] PackLoader:240 - Cannot read IP mode file for STMicroelectronics.X-CUBE-GNSS1.6.0.0
2023-10-04 15:27:11,861 [WARN] PackLoader:240 - Cannot read IP mode file for STMicroelectronics.X-CUBE-AZRTOS-F4.1.1.0
2023-10-04 15:27:11,889 [WARN] PackLoader:240 - Cannot read IP mode file for wolfSSL.I-CUBE-wolfSSL.5.6.3
2023-10-04 15:27:11,949 [WARN] PackLoader:240 - Cannot read IP mode file for STMicroelectronics.X-CUBE-AZRTOS-L5.2.0.0
2023-10-04 15:27:12,045 [WARN] PackLoader:240 - Cannot read IP mode file for STMicroelectronics.X-CUBE-MEMS1.9.6.0
2023-10-04 15:27:12,248 [WARN] PackLoader:240 - Cannot read IP mode file for emotas.I-CUBE-CANOPEN.1.1.3
2023-10-04 15:27:12,410 [WARN] PackLoader:240 - Cannot read IP mode file for STMicroelectronics.X-CUBE-BLEMGR.2.0.0
2023-10-04 15:27:12,479 [WARN] ConditionMgr:438 - getConditionDescription Invalid condition id : UX DEVICE CLASS RTOS Condition cause : null
2023-10-04 15:27:12,480 [WARN] ConditionMgr:438 - getConditionDescription Invalid condition id : UX DEVICE CLASS RTOS Condition cause : null
2023-10-04 15:27:12,484 [WARN] PackLoader:240 - Cannot read IP mode file for STMicroelectronics.X-CUBE-AZRTOS-H7.3.1.0
2023-10-04 15:27:12,485 [WARN] ConditionMgr:1039 - genDependencies : Invalid condition id : UX DEVICE CLASS RTOS Condition cause : null
2023-10-04 15:27:12,485 [WARN] ConditionMgr:1039 - genDependencies : Invalid condition id : UX DEVICE CLASS RTOS Condition cause : null
2023-10-04 15:27:12,487 [WARN] ConditionMgr:1039 - genDependencies : Invalid condition id : UX DEVICE CLASS RTOS Condition cause : null
2023-10-04 15:27:12,488 [WARN] ConditionMgr:1039 - genDependencies : Invalid condition id : UX DEVICE CLASS RTOS Condition cause : null
2023-10-04 15:27:12,488 [WARN] ConditionMgr:1039 - genDependencies : Invalid condition id : UX DEVICE CLASS RTOS Condition cause : null
2023-10-04 15:27:12,520 [WARN] PackLoader:240 - Cannot read IP mode file for STMicroelectronics.X-CUBE-NFC7.1.0.1
2023-10-04 15:27:12,671 [WARN] PackLoader:240 - Cannot read IP mode file for STMicroelectronics.X-CUBE-NFC6.3.0.0
2023-10-04 15:27:12,853 [WARN] PackLoader:240 - Cannot read IP mode file for STMicroelectronics.X-CUBE-EEPRMA1.4.1.0
2023-10-04 15:27:12,874 [WARN] PackLoader:240 - Cannot read IP mode file for STMicroelectronics.X-CUBE-AI.8.1.0
2023-10-04 15:27:12,915 [WARN] ConditionMgr:438 - getConditionDescription Invalid condition id : LAN8742 Phy interface Condition cause : null
2023-10-04 15:27:12,917 [WARN] PackLoader:240 - Cannot read IP mode file for STMicroelectronics.X-CUBE-AZRTOS-L4.2.0.0
2023-10-04 15:27:12,917 [WARN] ConditionMgr:1039 - genDependencies : Invalid condition id : LAN8742 Phy interface Condition cause : null
2023-10-04 15:27:12,918 [WARN] ConditionMgr:1039 - genDependencies : Invalid condition id : LAN8742 Phy interface Condition cause : null
2023-10-04 15:27:12,918 [WARN] ConditionMgr:1039 - genDependencies : Invalid condition id : LAN8742 Phy interface Condition cause : null
2023-10-04 15:27:12,942 [WARN] PackLoader:240 - Cannot read IP mode file for STMicroelectronics.X-CUBE-SFXS2LP1.4.0.0
2023-10-04 15:27:12,970 [WARN] PackLoader:240 - Cannot read IP mode file for STMicroelectronics.X-CUBE-ISPU.1.1.0
2023-10-04 15:27:13,030 [WARN] ConditionMgr:438 - getConditionDescription Invalid condition id : UX DEVICE CLASS RTOS Condition cause : null
2023-10-04 15:27:13,030 [WARN] ConditionMgr:438 - getConditionDescription Invalid condition id : UX DEVICE CLASS RTOS Condition cause : null
2023-10-04 15:27:13,032 [WARN] PackLoader:240 - Cannot read IP mode file for STMicroelectronics.X-CUBE-AZRTOS-WB.2.0.0
2023-10-04 15:27:13,033 [WARN] ConditionMgr:1039 - genDependencies : Invalid condition id : UX DEVICE CLASS RTOS Condition cause : null
2023-10-04 15:27:13,033 [WARN] ConditionMgr:1039 - genDependencies : Invalid condition id : UX DEVICE CLASS RTOS Condition cause : null
2023-10-04 15:27:13,035 [WARN] ConditionMgr:1039 - genDependencies : Invalid condition id : UX DEVICE CLASS RTOS Condition cause : null
2023-10-04 15:27:13,035 [WARN] ConditionMgr:1039 - genDependencies : Invalid condition id : UX DEVICE CLASS RTOS Condition cause : null
2023-10-04 15:27:13,036 [WARN] ConditionMgr:1039 - genDependencies : Invalid condition id : UX DEVICE CLASS RTOS Condition cause : null
2023-10-04 15:27:13,081 [WARN] PackLoader:240 - Cannot read IP mode file for STMicroelectronics.X-CUBE-FREERTOS.1.0.1
2023-10-04 15:27:13,134 [WARN] PackLoader:240 - Cannot read IP mode file for STMicroelectronics.X-CUBE-AZRTOS-L5.1.1.0
2023-10-04 15:27:13,178 [WARN] PackLoader:240 - Cannot read IP mode file for STMicroelectronics.X-CUBE-AI.8.0.1
2023-10-04 15:27:13,222 [WARN] PackLoader:240 - Cannot read IP mode file for STMicroelectronics.X-CUBE-SUBG2.5.0.0
2023-10-04 15:27:13,273 [WARN] PackLoader:240 - Cannot read IP mode file for STMicroelectronics.X-CUBE-TOF1.3.3.1
2023-10-04 15:27:13,472 [WARN] PackLoader:240 - Cannot read IP mode file for STMicroelectronics.X-CUBE-AZRTOS-G4.2.0.0
2023-10-04 15:27:13,517 [WARN] PackLoader:240 - Cannot read IP mode file for STMicroelectronics.X-CUBE-TOF1.3.3.0
2023-10-04 15:27:13,716 [WARN] PackLoader:240 - Cannot read IP mode file for STMicroelectronics.X-CUBE-FREERTOS.1.1.0
2023-10-04 15:27:13,746 [WARN] PackLoader:240 - Cannot read IP mode file for portGmbH.I-Cube-SoM-uGOAL.1.1.0
2023-10-04 15:27:13,763 [WARN] PackLoader:240 - Cannot read IP mode file for STMicroelectronics.X-CUBE-ALS.1.0.1
2023-10-04 15:27:13,816 [WARN] PackLoader:240 - Cannot read IP mode file for STMicroelectronics.X-CUBE-AZRTOS-WB.1.1.0
2023-10-04 15:27:13,864 [WARN] PackLoader:240 - Cannot read IP mode file for STMicroelectronics.FP-ATR-ASTRA1.2.0.0
2023-10-04 15:27:13,865 [INFO] ThirdParty:978 - Integrity check success = true
2023-10-04 15:27:13,865 [INFO] IntegrityCheckThread:100 - exiting critical section [integrity check]
2023-10-04 15:27:13,865 [INFO] IntegrityCheckThread:103 - End integrity checks thread
2023-10-04 15:27:14,397 [INFO] WebApp:157 - Instantiating new browser for Auth
2023-10-04 15:27:15,418 [INFO] WebApp:753 - Register for checkConnection events
2023-10-04 15:27:15,419 [INFO] WebApp:390 - Apply proxy settings
2023-10-04 15:27:15,419 [INFO] WebApp:475 - Chromium requires no authentication
2023-10-04 15:27:15,428 [INFO] WebApp:418 - Direct internet connection detected
2023-10-04 15:27:15,626 [INFO] WebApp:188 - Starting web application
2023-10-04 15:27:15,627 [INFO] WebApp:520 - Web application path used C:\ST\STM32CubeIDE_1.12.0\STM32CubeIDE\plugins\com.st.stm32cube.common.mx_6.9.2.202309101412\db\plugins\mcufinder\reactClient1\index.html
2023-10-04 15:27:19,573 [ERROR] LogOutputStream:75 - [STDERR_REDIRECT] SLF4J: Failed to load class "org.slf4j.impl.StaticLoggerBinder".
2023-10-04 15:27:19,574 [ERROR] LogOutputStream:75 - [STDERR_REDIRECT] SLF4J: Defaulting to no-operation (NOP) logger implementation
2023-10-04 15:27:19,575 [ERROR] LogOutputStream:75 - [STDERR_REDIRECT] SLF4J: See http://www.slf4j.org/codes.html#StaticLoggerBinder for further details.
2023-10-04 15:30:28,685 [ERROR] LogOutputStream:75 - [STDERR_REDIRECT] 
2023-10-04 17:16:10,251 [INFO] Activator:176 - 


2023-10-04 17:16:10,254 [INFO] Activator:177 - !SESSION log4j initialized
2023-10-04 17:16:15,904 [INFO] LogOutputStream:77 - [STDOUT_REDIRECT] 
