2023-11-09 15:59:47,982 [INFO] Activator:176 - 


2023-11-09 15:59:47,991 [INFO] Activator:177 - !SESSION log4j initialized
2023-11-09 15:59:51,709 [INFO] LogOutputStream:77 - [STDOUT_REDIRECT] 
2023-11-09 15:59:54,095 [INFO] ApplicationProperties:184 - Using Application install path: C:\ST\STM32CubeIDE_1.12.0\STM32CubeIDE\plugins\com.st.stm32cube.common.mx_6.9.2.202309101412
2023-11-09 15:59:54,133 [INFO] DbMcusXml:78 - Set database path to: C:\ST\STM32CubeIDE_1.12.0\STM32CubeIDE\plugins\com.st.stm32cube.common.mx_6.9.2.202309101412\\db\/mcu/
2023-11-09 15:59:54,135 [INFO] ApiDb:274 - Set plugin database path to: C:\ST\STM32CubeIDE_1.12.0\STM32CubeIDE\plugins\com.st.stm32cube.common.mx_6.9.2.202309101412\\db\/plugins/boardmanager/
2023-11-09 15:59:54,135 [WARN] ApiDb:259 - Overriding images path with different value:  => C:\ST\STM32CubeIDE_1.12.0\STM32CubeIDE\plugins\com.st.stm32cube.common.mx_6.9.2.202309101412\\db\/plugins/mcufinder/images/
2023-11-09 15:59:54,150 [INFO] ApiDb:250 - Set database path to: C:\Users\user\.stmcufinder\plugins\mcufinder//mcu/
2023-11-09 15:59:54,151 [INFO] DbMcusAds:125 - Set database path to: C:\Users\user\.stmcufinder\plugins\mcufinder//mcu/
2023-11-09 15:59:54,152 [INFO] CrossReferenceDbSqlite:203 - Set database path to: C:\Users\user\.stmcufinder\plugins\mcufinder//mcu/cs/
2023-11-09 15:59:54,254 [INFO] RulesReader:64 - Compatibility file has been processed (293 Rules)
2023-11-09 15:59:54,326 [INFO] DbMcusXml:78 - Set database path to: C:\ST\STM32CubeIDE_1.12.0\STM32CubeIDE\plugins\com.st.stm32cube.common.mx_6.9.2.202309101412\\db\/mcu/
2023-11-09 15:59:54,326 [INFO] ApiDb:274 - Set plugin database path to: C:\ST\STM32CubeIDE_1.12.0\STM32CubeIDE\plugins\com.st.stm32cube.common.mx_6.9.2.202309101412\\db\/plugins/boardmanager/
2023-11-09 15:59:54,327 [INFO] ApiDb:261 - Set plugin images path to: C:\ST\STM32CubeIDE_1.12.0\STM32CubeIDE\plugins\com.st.stm32cube.common.mx_6.9.2.202309101412\\db\/plugins/mcufinder/images/
2023-11-09 15:59:54,327 [WARN] DbFile:41 - Overriding database path with different value: C:\Users\user\.stmcufinder\plugins\mcufinder/ => C:\Users\user\.stmcufinder\plugins\mcufinder
2023-11-09 15:59:54,327 [INFO] ApiDb:250 - Set database path to: C:\Users\user\.stmcufinder\plugins\mcufinder//mcu/
2023-11-09 15:59:54,327 [WARN] DbFile:41 - Overriding database path with different value: C:\Users\user\.stmcufinder\plugins\mcufinder/ => C:\Users\user\.stmcufinder\plugins\mcufinder
2023-11-09 15:59:54,327 [INFO] DbMcusAds:125 - Set database path to: C:\Users\user\.stmcufinder\plugins\mcufinder//mcu/
2023-11-09 15:59:54,327 [WARN] DbFile:41 - Overriding database path with different value: C:\Users\user\.stmcufinder\plugins\mcufinder/ => C:\Users\user\.stmcufinder\plugins\mcufinder
2023-11-09 15:59:54,327 [WARN] DbFile:41 - Overriding database path with different value: C:\Users\user\.stmcufinder\plugins\mcufinder/ => C:\Users\user\.stmcufinder\plugins\mcufinder
2023-11-09 15:59:54,327 [INFO] CrossReferenceDbSqlite:203 - Set database path to: C:\Users\user\.stmcufinder\plugins\mcufinder//mcu/cs/
2023-11-09 15:59:54,398 [INFO] MainPanel:262 - HeapMemory: 268435456
2023-11-09 15:59:54,479 [INFO] DbMcusXml:78 - Set database path to: C:\ST\STM32CubeIDE_1.12.0\STM32CubeIDE\plugins\com.st.stm32cube.common.mx_6.9.2.202309101412\\db\/mcu/
2023-11-09 15:59:54,479 [INFO] ApiDb:274 - Set plugin database path to: C:\ST\STM32CubeIDE_1.12.0\STM32CubeIDE\plugins\com.st.stm32cube.common.mx_6.9.2.202309101412\\db\/plugins/boardmanager/
2023-11-09 15:59:54,479 [INFO] ApiDb:261 - Set plugin images path to: C:\ST\STM32CubeIDE_1.12.0\STM32CubeIDE\plugins\com.st.stm32cube.common.mx_6.9.2.202309101412\\db\/plugins/mcufinder/images/
2023-11-09 15:59:54,479 [WARN] DbFile:41 - Overriding database path with different value: C:\Users\user\.stmcufinder\plugins\mcufinder/ => C:\Users\user\.stmcufinder\plugins\mcufinder
2023-11-09 15:59:54,479 [INFO] ApiDb:250 - Set database path to: C:\Users\user\.stmcufinder\plugins\mcufinder//mcu/
2023-11-09 15:59:54,479 [WARN] DbFile:41 - Overriding database path with different value: C:\Users\user\.stmcufinder\plugins\mcufinder/ => C:\Users\user\.stmcufinder\plugins\mcufinder
2023-11-09 15:59:54,479 [INFO] DbMcusAds:125 - Set database path to: C:\Users\user\.stmcufinder\plugins\mcufinder//mcu/
2023-11-09 15:59:54,479 [WARN] DbFile:41 - Overriding database path with different value: C:\Users\user\.stmcufinder\plugins\mcufinder/ => C:\Users\user\.stmcufinder\plugins\mcufinder
2023-11-09 15:59:54,479 [WARN] DbFile:41 - Overriding database path with different value: C:\Users\user\.stmcufinder\plugins\mcufinder/ => C:\Users\user\.stmcufinder\plugins\mcufinder
2023-11-09 15:59:54,481 [INFO] CrossReferenceDbSqlite:203 - Set database path to: C:\Users\user\.stmcufinder\plugins\mcufinder//mcu/cs/
2023-11-09 15:59:54,495 [INFO] ApplicationProperties:184 - Using Application install path: C:\ST\STM32CubeIDE_1.12.0\STM32CubeIDE\plugins\com.st.stm32cube.common.mx_6.9.2.202309101412
2023-11-09 15:59:54,496 [INFO] PluginManage:196 - Search for loadable plugins [exclusion list=, ]
2023-11-09 15:59:54,498 [INFO] PluginManage:310 - Check plugin analytics
2023-11-09 15:59:54,662 [INFO] AnalyticsPlugin:253 - Accepted Software Licenses: STM32CubeMX.6.8.0,STM32CubeMX.6.8.1,STM32CubeMX.6.5.0,STM32CubeMX.6.9.1,STM32CubeMX.6.9.2
2023-11-09 15:59:54,662 [INFO] AnalyticsPlugin:255 - Accepted CMSIS Pack Licenses: emotas.I-CUBE-CANOPEN.1.1.3,STMicroelectronics.X-CUBE-TOUCHGFX.4.21.0,STMicroelectronics.X-CUBE-TOUCHGFX.4.21.1,STMicroelectronics.X-CUBE-TOUCHGFX.4.18.0,STMicroelectronics.X-CUBE-TOUCHGFX.4.22.1
2023-11-09 15:59:54,663 [INFO] AnalyticsPlugin:257 - Accepted Firmware Licenses: FW.H7.1.11.0,FW.G0.1.6.0,FW.F4.1.27.0
2023-11-09 15:59:54,665 [INFO] PluginManage:359 - Loaded plugin analytics (category:tool,tabindex:-1)
2023-11-09 15:59:54,666 [INFO] PluginManage:310 - Check plugin cadmodel
2023-11-09 15:59:54,682 [INFO] CADModel:105 - Init CAD model plugin
2023-11-09 15:59:54,682 [INFO] PluginManage:359 - Loaded plugin cadmodel (category:power,tabindex:5)
2023-11-09 15:59:54,682 [INFO] PluginManage:310 - Check plugin clock
2023-11-09 15:59:54,704 [INFO] PluginManage:359 - Loaded plugin clock (category:base,tabindex:2)
2023-11-09 15:59:54,704 [INFO] PluginManage:310 - Check plugin ddr
2023-11-09 15:59:54,707 [INFO] PluginManage:359 - Loaded plugin ddr (category:tool,tabindex:6)
2023-11-09 15:59:54,708 [INFO] PluginManage:310 - Check plugin filemanager
2023-11-09 15:59:54,835 [INFO] PluginManage:359 - Loaded plugin filemanager (category:base,tabindex:10)
2023-11-09 15:59:54,835 [INFO] PluginManage:310 - Check plugin ipmanager
2023-11-09 15:59:54,843 [INFO] PluginManage:359 - Loaded plugin ipmanager (category:base,tabindex:5)
2023-11-09 15:59:54,843 [INFO] PluginManage:310 - Check plugin lpbam
2023-11-09 15:59:54,859 [INFO] PluginManage:359 - Loaded plugin lpbam (category:base,tabindex:0)
2023-11-09 15:59:54,859 [INFO] PluginManage:310 - Check plugin memorymap
2023-11-09 15:59:54,879 [INFO] PluginManage:359 - Loaded plugin memorymap (category:base,tabindex:4)
2023-11-09 15:59:54,880 [INFO] PluginManage:310 - Check plugin pinoutandconfiguration
2023-11-09 15:59:54,893 [INFO] PluginManage:359 - Loaded plugin pinoutandconfiguration (category:base,tabindex:1)
2023-11-09 15:59:54,893 [INFO] PluginManage:310 - Check plugin pinoutconfig
2023-11-09 15:59:54,970 [WARN] SupportedApi:132 - Cannot load RTOS API schema: s4s-elt-must-match.1: The content of 'definitions' must match (annotation?, (simpleType | complexType)?, (unique | key | keyref)*)). A problem was found starting at: attribute.
2023-11-09 15:59:55,112 [INFO] PluginManage:359 - Loaded plugin pinoutconfig (category:base,tabindex:0)
2023-11-09 15:59:55,112 [INFO] PluginManage:310 - Check plugin power
2023-11-09 15:59:55,135 [INFO] PluginManage:359 - Loaded plugin power (category:power,tabindex:4)
2023-11-09 15:59:55,135 [INFO] PluginManage:310 - Check plugin projectmanager
2023-11-09 15:59:55,150 [INFO] PluginManage:359 - Loaded plugin projectmanager (category:projectmanager,tabindex:3)
2023-11-09 15:59:55,150 [INFO] PluginManage:310 - Check plugin thirdparty
2023-11-09 15:59:55,381 [INFO] PluginManage:359 - Loaded plugin thirdparty (category:base,tabindex:-1)
2023-11-09 15:59:55,381 [INFO] PluginManage:310 - Check plugin tools
2023-11-09 15:59:55,381 [WARN] IntegrityCheckThread:84 - waiting for thirdparty lock release [integrity check]
2023-11-09 15:59:55,381 [INFO] IntegrityCheckThread:86 - entering critical section [integrity check]
2023-11-09 15:59:55,381 [INFO] ThirdPartyUpdaterWithRetryManager:70 - Updater plugin not ready yet. [1/15]
2023-11-09 15:59:55,406 [INFO] PluginManage:359 - Loaded plugin tools (category:base,tabindex:7)
2023-11-09 15:59:55,406 [INFO] PluginManage:310 - Check plugin tutovideos
2023-11-09 15:59:55,565 [INFO] PluginManage:359 - Loaded plugin tutovideos (category:base,tabindex:-1)
2023-11-09 15:59:55,565 [INFO] PluginManage:310 - Check plugin updater
2023-11-09 15:59:55,577 [INFO] PluginManage:359 - Loaded plugin updater (category:base,tabindex:12)
2023-11-09 15:59:55,578 [INFO] PluginManage:310 - Check plugin userauth
2023-11-09 15:59:55,583 [INFO] UserAuth:113 - Init User Auth plugin
2023-11-09 15:59:55,583 [INFO] PluginManage:359 - Loaded plugin userauth (category:base,tabindex:14)
2023-11-09 15:59:55,583 [INFO] PluginManage:283 - PluginManage : Loaded plugins [17]
2023-11-09 15:59:55,794 [INFO] PinOutPanel:1499 - setPackage(No Configuration,No Configuration)
2023-11-09 15:59:55,912 [INFO] CADModel:165 - CPN selected for project level
2023-11-09 15:59:55,912 [INFO] CADModel:114 - Register for checkConnection events
2023-11-09 15:59:55,934 [INFO] IPUIPlugin:80 - create IPUIPlugin
2023-11-09 15:59:55,934 [INFO] PluginManager:220 - loadIPPluginJar : add adc
2023-11-09 15:59:55,961 [INFO] IPUIPlugin:80 - create IPUIPlugin
2023-11-09 15:59:55,962 [INFO] PluginManager:220 - loadIPPluginJar : add aes
2023-11-09 15:59:55,990 [INFO] IPUIPlugin:80 - create IPUIPlugin
2023-11-09 15:59:55,990 [INFO] PluginManager:220 - loadIPPluginJar : add can
2023-11-09 15:59:56,007 [INFO] IPUIPlugin:80 - create IPUIPlugin
2023-11-09 15:59:56,007 [INFO] PluginManager:220 - loadIPPluginJar : add comp
2023-11-09 15:59:56,031 [INFO] IPUIPlugin:80 - create IPUIPlugin
2023-11-09 15:59:56,032 [INFO] PluginManager:220 - loadIPPluginJar : add cryp
2023-11-09 15:59:56,054 [INFO] IPUIPlugin:80 - create IPUIPlugin
2023-11-09 15:59:56,054 [INFO] PluginManager:220 - loadIPPluginJar : add dfsdm
2023-11-09 15:59:56,067 [INFO] IPUIPlugin:80 - create IPUIPlugin
2023-11-09 15:59:56,067 [INFO] PluginManager:220 - loadIPPluginJar : add dma
2023-11-09 15:59:56,099 [INFO] IPUIPlugin:80 - create IPUIPlugin
2023-11-09 15:59:56,099 [INFO] PluginManager:220 - loadIPPluginJar : add dma3
2023-11-09 15:59:56,116 [INFO] IPUIPlugin:80 - create IPUIPlugin
2023-11-09 15:59:56,116 [INFO] PluginManager:220 - loadIPPluginJar : add fatfs
2023-11-09 15:59:56,151 [INFO] IPUIPlugin:80 - create IPUIPlugin
2023-11-09 15:59:56,151 [INFO] PluginManager:220 - loadIPPluginJar : add fmc
2023-11-09 15:59:56,164 [INFO] IPUIPlugin:80 - create IPUIPlugin
2023-11-09 15:59:56,164 [INFO] PluginManager:220 - loadIPPluginJar : add freertos
2023-11-09 15:59:56,180 [INFO] IPUIPlugin:80 - create IPUIPlugin
2023-11-09 15:59:56,180 [INFO] PluginManager:220 - loadIPPluginJar : add genericplugin
2023-11-09 15:59:56,246 [INFO] IPUIPlugin:80 - create IPUIPlugin
2023-11-09 15:59:56,246 [INFO] PluginManager:220 - loadIPPluginJar : add gfxmmu
2023-11-09 15:59:56,343 [INFO] IPUIPlugin:80 - create IPUIPlugin
2023-11-09 15:59:56,343 [INFO] PluginManager:220 - loadIPPluginJar : add gic
2023-11-09 15:59:56,354 [INFO] IPUIPlugin:80 - create IPUIPlugin
2023-11-09 15:59:56,354 [INFO] PluginManager:220 - loadIPPluginJar : add gpio
2023-11-09 15:59:56,421 [INFO] IPUIPlugin:80 - create IPUIPlugin
2023-11-09 15:59:56,421 [INFO] PluginManager:220 - loadIPPluginJar : add gtzc
2023-11-09 15:59:56,444 [INFO] IPUIPlugin:80 - create IPUIPlugin
2023-11-09 15:59:56,444 [INFO] PluginManager:220 - loadIPPluginJar : add hash
2023-11-09 15:59:56,481 [INFO] IPUIPlugin:80 - create IPUIPlugin
2023-11-09 15:59:56,481 [INFO] PluginManager:220 - loadIPPluginJar : add i2c
2023-11-09 15:59:56,510 [INFO] IPUIPlugin:80 - create IPUIPlugin
2023-11-09 15:59:56,510 [INFO] PluginManager:220 - loadIPPluginJar : add i2s
2023-11-09 15:59:56,541 [INFO] IPUIPlugin:80 - create IPUIPlugin
2023-11-09 15:59:56,541 [INFO] PluginManager:220 - loadIPPluginJar : add i3c
2023-11-09 15:59:56,615 [INFO] IPUIPlugin:80 - create IPUIPlugin
2023-11-09 15:59:56,615 [INFO] PluginManager:220 - loadIPPluginJar : add ipddr
2023-11-09 15:59:56,678 [INFO] IPUIPlugin:80 - create IPUIPlugin
2023-11-09 15:59:56,678 [INFO] PluginManager:220 - loadIPPluginJar : add linkedlist
2023-11-09 15:59:56,703 [INFO] IPUIPlugin:80 - create IPUIPlugin
2023-11-09 15:59:56,704 [INFO] PluginManager:220 - loadIPPluginJar : add lorawan
2023-11-09 15:59:56,729 [INFO] IPUIPlugin:80 - create IPUIPlugin
2023-11-09 15:59:56,729 [INFO] PluginManager:220 - loadIPPluginJar : add ltdc
2023-11-09 15:59:56,742 [INFO] IPUIPlugin:80 - create IPUIPlugin
2023-11-09 15:59:56,742 [INFO] PluginManager:220 - loadIPPluginJar : add mdma
2023-11-09 15:59:56,751 [INFO] IPUIPlugin:80 - create IPUIPlugin
2023-11-09 15:59:56,751 [INFO] PluginManager:220 - loadIPPluginJar : add nvic
2023-11-09 15:59:56,777 [INFO] IPUIPlugin:80 - create IPUIPlugin
2023-11-09 15:59:56,777 [INFO] PluginManager:220 - loadIPPluginJar : add opamp
2023-11-09 15:59:56,818 [INFO] IPUIPlugin:80 - create IPUIPlugin
2023-11-09 15:59:56,818 [INFO] PluginManager:220 - loadIPPluginJar : add openamp
2023-11-09 15:59:56,849 [INFO] IPUIPlugin:80 - create IPUIPlugin
2023-11-09 15:59:56,850 [INFO] PluginManager:220 - loadIPPluginJar : add pdm2pcm
2023-11-09 15:59:56,861 [INFO] IPUIPlugin:80 - create IPUIPlugin
2023-11-09 15:59:56,863 [INFO] PluginManager:220 - loadIPPluginJar : add plateformsettings
2023-11-09 15:59:56,879 [INFO] IPUIPlugin:80 - create IPUIPlugin
2023-11-09 15:59:56,880 [INFO] PluginManager:220 - loadIPPluginJar : add quadspi
2023-11-09 15:59:56,890 [INFO] IPUIPlugin:80 - create IPUIPlugin
2023-11-09 15:59:56,890 [INFO] PluginManager:220 - loadIPPluginJar : add resmgrutility
2023-11-09 15:59:56,925 [INFO] IPUIPlugin:80 - create IPUIPlugin
2023-11-09 15:59:56,925 [INFO] PluginManager:220 - loadIPPluginJar : add sai
2023-11-09 15:59:56,952 [INFO] IPUIPlugin:80 - create IPUIPlugin
2023-11-09 15:59:56,952 [INFO] PluginManager:220 - loadIPPluginJar : add spi
2023-11-09 15:59:56,993 [INFO] IPUIPlugin:80 - create IPUIPlugin
2023-11-09 15:59:56,993 [INFO] PluginManager:220 - loadIPPluginJar : add stm32_wpan
2023-11-09 15:59:57,010 [INFO] IPUIPlugin:80 - create IPUIPlugin
2023-11-09 15:59:57,010 [INFO] PluginManager:220 - loadIPPluginJar : add tim
2023-11-09 15:59:57,050 [INFO] IPUIPlugin:80 - create IPUIPlugin
2023-11-09 15:59:57,050 [INFO] PluginManager:220 - loadIPPluginJar : add touchsensing
2023-11-09 15:59:57,068 [INFO] IPUIPlugin:80 - create IPUIPlugin
2023-11-09 15:59:57,068 [INFO] PluginManager:220 - loadIPPluginJar : add tracer_emb
2023-11-09 15:59:57,085 [INFO] IPUIPlugin:80 - create IPUIPlugin
2023-11-09 15:59:57,085 [INFO] PluginManager:220 - loadIPPluginJar : add ts
2023-11-09 15:59:57,104 [INFO] IPUIPlugin:80 - create IPUIPlugin
2023-11-09 15:59:57,104 [INFO] PluginManager:220 - loadIPPluginJar : add tsc
2023-11-09 15:59:57,120 [INFO] IPUIPlugin:80 - create IPUIPlugin
2023-11-09 15:59:57,120 [INFO] PluginManager:220 - loadIPPluginJar : add ucpd
2023-11-09 15:59:57,153 [INFO] IPUIPlugin:80 - create IPUIPlugin
2023-11-09 15:59:57,153 [INFO] PluginManager:220 - loadIPPluginJar : add usart
2023-11-09 15:59:57,185 [INFO] IPUIPlugin:80 - create IPUIPlugin
2023-11-09 15:59:57,185 [INFO] PluginManager:220 - loadIPPluginJar : add usbx
2023-11-09 15:59:57,303 [INFO] CADModel:165 - CPN selected for project level
2023-11-09 15:59:57,303 [INFO] CADModel:114 - Register for checkConnection events
2023-11-09 15:59:57,304 [FATAL] Updater:308 - Updater called before beeing initialized
2023-11-09 15:59:57,304 [ERROR] CADModel:125 - Updater not yet initialized, retry later 
2023-11-09 15:59:57,495 [INFO] CADModel:165 - CPN selected for project level
2023-11-09 15:59:57,495 [INFO] CADModel:114 - Register for checkConnection events
2023-11-09 15:59:57,495 [FATAL] Updater:308 - Updater called before beeing initialized
2023-11-09 15:59:57,495 [ERROR] CADModel:125 - Updater not yet initialized, retry later 
2023-11-09 15:59:57,498 [FATAL] Updater:308 - Updater called before beeing initialized
2023-11-09 15:59:57,589 [FATAL] Updater:308 - Updater called before beeing initialized
2023-11-09 15:59:57,596 [INFO] DbMcusAds:53 - JSON generation date=Tue Mar 07 15:50:55 ICT 2023 (1678179055335)
2023-11-09 15:59:57,596 [FATAL] Updater:308 - Updater called before beeing initialized
2023-11-09 15:59:57,631 [WARN] DetailPanel:346 - Failed to get advertising image, set to default
2023-11-09 15:59:57,702 [FATAL] Updater:308 - Updater called before beeing initialized
2023-11-09 15:59:57,703 [FATAL] Updater:308 - Updater called before beeing initialized
2023-11-09 15:59:57,703 [FATAL] Updater:308 - Updater called before beeing initialized
2023-11-09 15:59:57,703 [WARN] DetailPanel:346 - Failed to get advertising image, set to default
2023-11-09 15:59:57,705 [FATAL] Updater:308 - Updater called before beeing initialized
2023-11-09 15:59:57,753 [ERROR] Updater:1120 - MainUpdater not yet initialized. External WinMGr cannot be set.
2023-11-09 15:59:57,759 [INFO] Updater:1056 - Updater Version found : 6.9.2
2023-11-09 15:59:57,773 [INFO] ApplicationProperties:184 - Using Application install path: C:\ST\STM32CubeIDE_1.12.0\STM32CubeIDE\plugins\com.st.stm32cube.common.mx_6.9.2.202309101412
2023-11-09 15:59:58,316 [INFO] MainUpdater:2868 - connection check result : 10
2023-11-09 15:59:58,316 [INFO] MainUpdater:285 - Updater Check For Update Now.
2023-11-09 15:59:58,318 [INFO] MicroXplorer:498 - Change Database Version : DB.6.0.92
2023-11-09 15:59:58,334 [INFO] McuFinderGlobals:63 - Set McuFinder mode to 2 (CubeIDE integrated)
2023-11-09 15:59:58,334 [INFO] UserAuth:179 - activating auth plugin
2023-11-09 15:59:58,337 [INFO] UserAuth:393 - Internet connection configuration mode: 1
2023-11-09 15:59:58,365 [INFO] JxBrowserEngine:151 - Initiate JxBrowser Engine with user profile folder
2023-11-09 15:59:58,385 [WARN] MainUpdater:1189 - Updater busy. Cannot search thirdparties
2023-11-09 15:59:58,385 [INFO] ThirdPartyUpdaterWithRetryManager:96 - Updater plugin is busy. [1/15]
2023-11-09 15:59:58,569 [INFO] CheckServerUpdateThread:120 - End of CheckServer Thread
2023-11-09 16:00:00,240 [INFO] WebApp:157 - Instantiating new browser for Auth
2023-11-09 16:00:00,882 [INFO] WebApp:753 - Register for checkConnection events
2023-11-09 16:00:00,882 [INFO] WebApp:390 - Apply proxy settings
2023-11-09 16:00:00,882 [INFO] WebApp:475 - Chromium requires no authentication
2023-11-09 16:00:00,891 [INFO] WebApp:418 - Direct internet connection detected
2023-11-09 16:00:01,081 [INFO] WebApp:188 - Starting web application
2023-11-09 16:00:01,081 [INFO] WebApp:520 - Web application path used C:\ST\STM32CubeIDE_1.12.0\STM32CubeIDE\plugins\com.st.stm32cube.common.mx_6.9.2.202309101412\db\plugins\mcufinder\reactClient1\index.html
2023-11-09 16:00:01,584 [WARN] PackLoader:240 - Cannot read IP mode file for STMicroelectronics.X-CUBE-SMBUS.2.1.0
2023-11-09 16:00:01,627 [WARN] PackLoader:240 - Cannot read IP mode file for STMicroelectronics.X-CUBE-AZRTOS-F7.1.1.0
2023-11-09 16:00:01,648 [WARN] PackLoader:240 - Cannot read IP mode file for STMicroelectronics.FP-SNS-MOTENV1.4.3.2
2023-11-09 16:00:01,663 [WARN] PackLoader:240 - Cannot read IP mode file for STMicroelectronics.X-CUBE-BLE1.6.2.4
2023-11-09 16:00:01,675 [WARN] PackLoader:240 - Cannot read IP mode file for STMicroelectronics.FP-SNS-FLIGHT1.5.0.2
2023-11-09 16:00:01,692 [WARN] PackLoader:240 - Cannot read IP mode file for STMicroelectronics.X-CUBE-DISPLAY.3.0.0
2023-11-09 16:00:01,708 [WARN] PackLoader:240 - Cannot read IP mode file for STMicroelectronics.X-CUBE-BLE1.7.0.0
2023-11-09 16:00:01,723 [WARN] PackLoader:240 - Cannot read IP mode file for emotas.I-CUBE-CANOPEN.1.3.0
2023-11-09 16:00:01,820 [WARN] PackLoader:240 - Cannot read IP mode file for STMicroelectronics.X-CUBE-TOUCHGFX.4.22.0
2023-11-09 16:00:01,912 [WARN] PackLoader:240 - Cannot read IP mode file for STMicroelectronics.X-CUBE-TOUCHGFX.4.22.1
2023-11-09 16:00:01,982 [WARN] PackLoader:240 - Cannot read IP mode file for STMicroelectronics.FP-SNS-SMARTAG2.1.2.0
2023-11-09 16:00:02,014 [INFO] LogOutputStream:77 - [STDOUT_REDIRECT] 1 : Invalid condition id : UX_CORESTACK_Condition cause : null
2023-11-09 16:00:02,016 [INFO] LogOutputStream:77 - [STDOUT_REDIRECT] 1 : Invalid condition id : UX_CORESTACK_Condition cause : null
2023-11-09 16:00:02,017 [INFO] LogOutputStream:77 - [STDOUT_REDIRECT] 1 : Invalid condition id : UX_CORESTACK_Condition cause : null
2023-11-09 16:00:02,018 [INFO] LogOutputStream:77 - [STDOUT_REDIRECT] 1 : Invalid condition id : UX_CORESTACK_Condition cause : null
2023-11-09 16:00:02,021 [INFO] LogOutputStream:77 - [STDOUT_REDIRECT] 1 : Invalid condition id : UX_CORESTACK_Condition cause : null
2023-11-09 16:00:02,025 [WARN] PackLoader:240 - Cannot read IP mode file for STMicroelectronics.X-CUBE-AZRTOS-WL.2.0.0
2023-11-09 16:00:02,052 [WARN] PackLoader:240 - Cannot read IP mode file for WES.I-CUBE-Cesium.1.3.0
2023-11-09 16:00:02,067 [WARN] PackLoader:240 - Cannot read IP mode file for STMicroelectronics.X-CUBE-BLE2.3.3.0
2023-11-09 16:00:02,087 [WARN] PackLoader:240 - Cannot read IP mode file for STMicroelectronics.X-CUBE-TOUCHGFX.4.18.0
2023-11-09 16:00:02,094 [INFO] McuFinderGlobals:63 - Set McuFinder mode to 2 (CubeIDE integrated)
2023-11-09 16:00:02,148 [WARN] PackLoader:240 - Cannot read IP mode file for STMicroelectronics.X-CUBE-TOUCHGFX.4.21.1
2023-11-09 16:00:02,152 [INFO] MainUpdater:2868 - connection check result : 10
2023-11-09 16:00:02,199 [INFO] McuFinderGlobals:76 - Set McuFinderConnectedMode to true
2023-11-09 16:00:02,295 [WARN] PackLoader:240 - Cannot read IP mode file for STMicroelectronics.X-CUBE-TOUCHGFX.4.21.0
2023-11-09 16:00:02,389 [INFO] ServerAccessManage:473 - Download File mcusAds.json._tmp_
2023-11-09 16:00:02,470 [WARN] PackLoader:240 - Cannot read IP mode file for STMicroelectronics.X-CUBE-TOUCHGFX.4.21.4
2023-11-09 16:00:02,550 [INFO] LoadUrlFilesThread:156 - End of LoadUrlFiles Thread
2023-11-09 16:00:02,602 [INFO] ServerAccessManage:473 - Download File cube-finder-db.zip
2023-11-09 16:00:02,859 [WARN] PackLoader:240 - Cannot read IP mode file for STMicroelectronics.X-CUBE-ALGOBUILD.1.3.0
2023-11-09 16:00:02,925 [WARN] PackLoader:240 - Cannot read IP mode file for STMicroelectronics.X-CUBE-AZRTOS-G0.1.1.0
2023-11-09 16:00:02,965 [WARN] PackLoader:240 - Cannot read IP mode file for STMicroelectronics.X-CUBE-NFC4.3.0.0
2023-11-09 16:00:02,991 [WARN] PackLoader:240 - Cannot read IP mode file for STMicroelectronics.X-CUBE-BLEMGR.3.0.0
2023-11-09 16:00:03,015 [WARN] PackLoader:240 - Cannot read IP mode file for STMicroelectronics.FP-ATR-SIGFOX1.3.2.0
2023-11-09 16:00:03,068 [WARN] PackLoader:240 - Cannot read IP mode file for SEGGER.I-CUBE-embOS.1.3.1
2023-11-09 16:00:03,142 [WARN] PackLoader:240 - Cannot read IP mode file for STMicroelectronics.X-CUBE-GNSS1.6.0.0
2023-11-09 16:00:03,199 [WARN] PackLoader:240 - Cannot read IP mode file for STMicroelectronics.X-CUBE-AZRTOS-F4.1.1.0
2023-11-09 16:00:03,239 [WARN] PackLoader:240 - Cannot read IP mode file for wolfSSL.I-CUBE-wolfSSL.5.6.3
2023-11-09 16:00:03,279 [WARN] PackLoader:240 - Cannot read IP mode file for STMicroelectronics.X-CUBE-AZRTOS-L5.2.0.0
2023-11-09 16:00:03,387 [WARN] PackLoader:240 - Cannot read IP mode file for STMicroelectronics.X-CUBE-MEMS1.9.6.0
2023-11-09 16:00:03,601 [WARN] PackLoader:240 - Cannot read IP mode file for STMicroelectronics.X-CUBE-EEPRMA1.4.2.0
2023-11-09 16:00:03,622 [WARN] PackLoader:240 - Cannot read IP mode file for ITTIA_DB.I-CUBE-ITTIADB.8.8.0
2023-11-09 16:00:03,646 [WARN] PackLoader:240 - Cannot read IP mode file for emotas.I-CUBE-CANOPEN.1.1.3
2023-11-09 16:00:03,728 [WARN] PackLoader:240 - Cannot read IP mode file for STMicroelectronics.X-CUBE-BLEMGR.2.0.0
2023-11-09 16:00:03,777 [WARN] ConditionMgr:438 - getConditionDescription Invalid condition id : UX DEVICE CLASS RTOS Condition cause : null
2023-11-09 16:00:03,778 [WARN] ConditionMgr:438 - getConditionDescription Invalid condition id : UX DEVICE CLASS RTOS Condition cause : null
2023-11-09 16:00:03,781 [WARN] PackLoader:240 - Cannot read IP mode file for STMicroelectronics.X-CUBE-AZRTOS-H7.3.1.0
2023-11-09 16:00:03,782 [WARN] ConditionMgr:1039 - genDependencies : Invalid condition id : UX DEVICE CLASS RTOS Condition cause : null
2023-11-09 16:00:03,782 [WARN] ConditionMgr:1039 - genDependencies : Invalid condition id : UX DEVICE CLASS RTOS Condition cause : null
2023-11-09 16:00:03,782 [WARN] ConditionMgr:1039 - genDependencies : Invalid condition id : UX DEVICE CLASS RTOS Condition cause : null
2023-11-09 16:00:03,783 [WARN] ConditionMgr:1039 - genDependencies : Invalid condition id : UX DEVICE CLASS RTOS Condition cause : null
2023-11-09 16:00:03,783 [WARN] ConditionMgr:1039 - genDependencies : Invalid condition id : UX DEVICE CLASS RTOS Condition cause : null
2023-11-09 16:00:03,801 [WARN] PackLoader:240 - Cannot read IP mode file for STMicroelectronics.X-CUBE-NFC7.1.0.1
2023-11-09 16:00:03,819 [WARN] PackLoader:240 - Cannot read IP mode file for STMicroelectronics.X-CUBE-NFC6.3.0.0
2023-11-09 16:00:03,850 [WARN] PackLoader:240 - Cannot read IP mode file for STMicroelectronics.X-CUBE-EEPRMA1.4.1.0
2023-11-09 16:00:03,872 [WARN] PackLoader:240 - Cannot read IP mode file for STMicroelectronics.X-CUBE-AI.8.1.0
2023-11-09 16:00:03,917 [WARN] ConditionMgr:438 - getConditionDescription Invalid condition id : LAN8742 Phy interface Condition cause : null
2023-11-09 16:00:03,918 [WARN] PackLoader:240 - Cannot read IP mode file for STMicroelectronics.X-CUBE-AZRTOS-L4.2.0.0
2023-11-09 16:00:03,919 [WARN] ConditionMgr:1039 - genDependencies : Invalid condition id : LAN8742 Phy interface Condition cause : null
2023-11-09 16:00:03,920 [WARN] ConditionMgr:1039 - genDependencies : Invalid condition id : LAN8742 Phy interface Condition cause : null
2023-11-09 16:00:03,920 [WARN] ConditionMgr:1039 - genDependencies : Invalid condition id : LAN8742 Phy interface Condition cause : null
2023-11-09 16:00:03,938 [WARN] PackLoader:240 - Cannot read IP mode file for STMicroelectronics.X-CUBE-SFXS2LP1.4.0.0
2023-11-09 16:00:03,960 [WARN] PackLoader:240 - Cannot read IP mode file for STMicroelectronics.X-CUBE-ISPU.1.1.0
2023-11-09 16:00:03,990 [WARN] ConditionMgr:438 - getConditionDescription Invalid condition id : UX DEVICE CLASS RTOS Condition cause : null
2023-11-09 16:00:03,991 [WARN] ConditionMgr:438 - getConditionDescription Invalid condition id : UX DEVICE CLASS RTOS Condition cause : null
2023-11-09 16:00:04,003 [WARN] PackLoader:240 - Cannot read IP mode file for STMicroelectronics.X-CUBE-AZRTOS-WB.2.0.0
2023-11-09 16:00:04,004 [WARN] ConditionMgr:1039 - genDependencies : Invalid condition id : UX DEVICE CLASS RTOS Condition cause : null
2023-11-09 16:00:04,004 [WARN] ConditionMgr:1039 - genDependencies : Invalid condition id : UX DEVICE CLASS RTOS Condition cause : null
2023-11-09 16:00:04,005 [WARN] ConditionMgr:1039 - genDependencies : Invalid condition id : UX DEVICE CLASS RTOS Condition cause : null
2023-11-09 16:00:04,005 [WARN] ConditionMgr:1039 - genDependencies : Invalid condition id : UX DEVICE CLASS RTOS Condition cause : null
2023-11-09 16:00:04,005 [WARN] ConditionMgr:1039 - genDependencies : Invalid condition id : UX DEVICE CLASS RTOS Condition cause : null
2023-11-09 16:00:04,021 [WARN] PackLoader:240 - Cannot read IP mode file for STMicroelectronics.X-CUBE-FREERTOS.1.0.1
2023-11-09 16:00:04,050 [WARN] PackLoader:240 - Cannot read IP mode file for STMicroelectronics.X-CUBE-AZRTOS-L5.1.1.0
2023-11-09 16:00:04,069 [WARN] PackLoader:240 - Cannot read IP mode file for STMicroelectronics.X-CUBE-AI.8.0.1
2023-11-09 16:00:04,104 [WARN] PackLoader:240 - Cannot read IP mode file for STMicroelectronics.X-CUBE-SUBG2.5.0.0
2023-11-09 16:00:04,136 [WARN] PackLoader:240 - Cannot read IP mode file for STMicroelectronics.X-CUBE-TOF1.3.3.1
2023-11-09 16:00:04,219 [INFO] FileExtend:240 - Unzip File : cube-finder-db.zip
2023-11-09 16:00:04,221 [INFO] FileExtend:255 - Standard Zip Deflate
2023-11-09 16:00:04,475 [WARN] PackLoader:240 - Cannot read IP mode file for STMicroelectronics.X-CUBE-AZRTOS-G4.2.0.0
2023-11-09 16:00:04,544 [WARN] PackLoader:240 - Cannot read IP mode file for STMicroelectronics.X-CUBE-TOF1.3.3.0
2023-11-09 16:00:04,630 [WARN] PackLoader:240 - Cannot read IP mode file for Infineon.AIROC-Wi-Fi-Bluetooth-STM32.1.5.1
2023-11-09 16:00:04,701 [WARN] PackLoader:240 - Cannot read IP mode file for STMicroelectronics.X-CUBE-MEMS1.10.0.0
2023-11-09 16:00:04,899 [WARN] PackLoader:240 - Cannot read IP mode file for STMicroelectronics.X-CUBE-FREERTOS.1.1.0
2023-11-09 16:00:05,026 [WARN] PackLoader:240 - Cannot read IP mode file for portGmbH.I-Cube-SoM-uGOAL.1.1.0
2023-11-09 16:00:05,056 [WARN] PackLoader:240 - Cannot read IP mode file for STMicroelectronics.X-CUBE-ALS.1.0.1
2023-11-09 16:00:05,087 [WARN] PackLoader:240 - Cannot read IP mode file for STMicroelectronics.X-CUBE-AZRTOS-WB.1.1.0
2023-11-09 16:00:05,104 [WARN] PackLoader:240 - Cannot read IP mode file for STMicroelectronics.FP-ATR-ASTRA1.2.0.0
2023-11-09 16:00:05,105 [INFO] ThirdParty:978 - Integrity check success = true
2023-11-09 16:00:05,106 [INFO] IntegrityCheckThread:100 - exiting critical section [integrity check]
2023-11-09 16:00:05,106 [INFO] IntegrityCheckThread:103 - End integrity checks thread
2023-11-09 16:00:05,166 [INFO] LoadUrlFilesThread:156 - End of LoadUrlFiles Thread
2023-11-09 16:00:06,263 [INFO] ServerAccessManage:473 - Download File crdb.zip
2023-11-09 16:00:08,120 [INFO] FileExtend:240 - Unzip File : crdb.zip
2023-11-09 16:00:08,120 [INFO] FileExtend:255 - Standard Zip Deflate
2023-11-09 16:00:08,248 [INFO] LoadUrlFilesThread:156 - End of LoadUrlFiles Thread
2023-11-09 16:00:08,277 [INFO] ServerAccessManage:473 - Download File tutoVideoDB.zip
2023-11-09 16:00:08,285 [INFO] FileExtend:240 - Unzip File : tutoVideoDB.zip
2023-11-09 16:00:08,285 [INFO] FileExtend:255 - Standard Zip Deflate
2023-11-09 16:00:08,403 [INFO] LoadUrlFilesThread:156 - End of LoadUrlFiles Thread
2023-11-09 16:00:08,405 [WARN] DbFile:41 - Overriding database path with different value: C:\Users\user\.stmcufinder\plugins\mcufinder/ => C:\Users\user\.stmcufinder\plugins\mcufinder
2023-11-09 16:00:08,527 [INFO] ServerAccessManage:473 - Download File api_config.json
2023-11-09 16:00:08,643 [INFO] LoadUrlFilesThread:156 - End of LoadUrlFiles Thread
2023-11-09 16:00:08,645 [INFO] DbMcusAds:53 - JSON generation date=Tue Mar 07 15:50:55 ICT 2023 (1678179055335)
2023-11-09 16:00:08,678 [INFO] LoadUrlFilesThread:185 - End of LoadServerUrlFiles without Thread
2023-11-09 16:00:08,679 [INFO] TargetSelectorAdapter:259 - Refresh data is successful
2023-11-09 16:00:08,782 [INFO] ApiDb:581 - Connected to CubeFinder SQLite database (C:\Users\user\.stmcufinder\plugins\mcufinder\mcu\cube-finder-db.db)
2023-11-09 16:00:08,822 [INFO] ApiDb:668 - CubeFinder database Data Model version=2.1
2023-11-09 16:00:08,822 [INFO] ApiDb:669 - CubeFinder database Configuration version=3.0.37
2023-11-09 16:00:08,822 [INFO] ApiDb:670 - CubeFinder database generation date=2023-10-13 (1697197505)
2023-11-09 16:00:08,822 [INFO] ApiDb:671 - CubeFinder database FW Pack versions=[FP-ATR-ASTRA1_V2.0.0, FP-SNS-FLIGHT1_V5.0.1, FP-SNS-FLIGHT1_V5.0.2, FP-SNS-MOTENV1_V4.3.1, FP-SNS-MOTENV1_V4.3.2, FP-SNS-SMARTAG2_V1.2.0, I-CUBE-ITTIADB_V8.6.3-1, STM32Cube_FW_C0_V1.1.0, STM32Cube_FW_F4_V1.27.1, STM32Cube_FW_F7_V1.17.0, STM32Cube_FW_G0_V1.6.1, STM32Cube_FW_G4_V1.5.1, STM32Cube_FW_H5_V0.5.1, STM32Cube_FW_H5_V1.1.1, STM32Cube_FW_H7_V1.11.0, STM32Cube_FW_L0_V1.12.2, STM32Cube_FW_L5_V1.5.0, STM32Cube_FW_U5_V1.3.0, STM32Cube_FW_U5_V1.3.0RC4, STM32Cube_FW_WBA_V1.0.0RC1, STM32Cube_FW_WBA_V1.1.0RC1, STM32Cube_FW_WBA_V1.1.1, STM32Cube_FW_WB_V1.15.0RC1, STM32Cube_FW_WB_V1.16.0, STM32Cube_FW_WB_V1.16.0RC2, STM32Cube_FW_WB_V1.17.3, STM32Cube_FW_WL_V1.3.0, X-CUBE-ALGOBUILD_V1.3.0, X-CUBE-ALS_V1.0.1, X-CUBE-AZRTOS-F4_V1.1.0, X-CUBE-AZRTOS-F7_V1.1.0, X-CUBE-AZRTOS-G0_V1.1.0, X-CUBE-AZRTOS-G4_V2.0.0, X-CUBE-AZRTOS-H7_V3.1.0, X-CUBE-AZRTOS-L4_V1.0.0, X-CUBE-AZRTOS-L4_V2.0.0, X-CUBE-AZRTOS-L5_V1.1.0, X-CUBE-AZRTOS-WB_V2.0.0, X-CUBE-AZRTOS-WL_V2.0.0, X-CUBE-BLE1_V7.0.0, X-CUBE-BLE2_V3.3.0, X-CUBE-BLEMGR_V2.0.0, X-CUBE-EEPRMA1_V4.1.0, X-CUBE-FREERTOS_V1.1.0, X-CUBE-GNSS1_V6.0.0, X-CUBE-MEMS1_V10.0.0, X-CUBE-MEMS1_V9.1.0, X-CUBE-MEMS1_V9.4.0, X-CUBE-MEMS1_V9.6.0, X-CUBE-NFC4_V3.0.0, X-CUBE-NFC7_V1.0.1, X-CUBE-SFXS2LP1_V4.0.0, X-CUBE-SUBG2_V5.0.0, X-CUBE-TOF1_V3.3.1]
2023-11-09 16:00:10,127 [INFO] ApiDb:240 - Found 323 in-development CPN: [B-G473E-ZEST1S, B-WB1M-WPAN1, B-WL5M-SUBG1, NUCLEO-C031C6, NUCLEO-H503RB, NUCLEO-H563ZI, NUCLEO-U545RE-Q, NUCLEO-U5A5ZJ-Q, NUCLEO-WBA52CG, STEVAL-PROTEUS1, STEVAL-SMARTAG2, STEVAL-STWINBX1, STM320518-EVAL, STM32C0116-DK, STM32C011D6Y3TR, STM32C011D6Y6TR, STM32C011F4P3, STM32C011F4P6, STM32C011F4U3, STM32C011F4U6TR, STM32C011F6P3, STM32C011F6P6, STM32C011F6U3, STM32C011F6U6TR, STM32C011J4M3, STM32C011J4M6, STM32C011J6M3, STM32C011J6M6, STM32C0316-DK, STM32C031C4T3, STM32C031C4T6, STM32C031C4U3, STM32C031C4U6, STM32C031C6T3, STM32C031C6T6, STM32C031C6U3, STM32C031C6U6, STM32C031F4P3, STM32C031F4P6, STM32C031F6P3, STM32C031F6P6, STM32C031G4U3, STM32C031G4U6, STM32C031G6U3, STM32C031G6U6, STM32C031K4T3, STM32C031K4T6, STM32C031K4U3, STM32C031K4U6, STM32C031K6T3, STM32C031K6T6, STM32C031K6U3, STM32C031K6U6, STM32G071K8TXN, STM32G071K8UXN, STM32G081GBU6N, STM32G081KBT6N, STM32G081KBUXN, STM32G0B1CCT6N, STM32G0B1KCT6, STM32G0B1NEY6TR, STM32G0B1RCT6N, STM32G0C1CCT6, STM32G0C1CCT6N, STM32G0C1CCU6N, STM32G0C1CET6N, STM32G0C1CEU6N, STM32G0C1KCT6, STM32G0C1NEY6TR, STM32G0C1RCI6N, STM32G0C1RCT6N, STM32G0C1REI6N, STM32G0C1RET6N, STM32G0C1VCI6, STM32G0C1VEI6, STM32G471CCT6, STM32G471CCU6, STM32G471CET3, STM32G471CET6, STM32G471CEU3, STM32G471CEU6, STM32G471MCT6, STM32G471MET3, STM32G471MET6, STM32G471MEY6TR, STM32G471QCT6, STM32G471QET3, STM32G471RCT6, STM32G471RET3, STM32G471RET6, STM32G471VCH6, STM32G471VCI6, STM32G471VCT6, STM32G471VEH3, STM32G471VEH6, STM32G471VEI3, STM32G471VEI6, STM32G471VET3, STM32G471VET6, STM32G474CCT6, STM32H503CBT6, STM32H503CBU6, STM32H503EBY6TR, STM32H503KBU6, STM32H503RBT6, STM32H562AGI6, STM32H562AII6, STM32H562IGK6, STM32H562IGT6, STM32H562IIK6, STM32H562IIT6, STM32H562RGT6, STM32H562RGV6, STM32H562RIT6, STM32H562RIV6, STM32H562VGT6, STM32H562VIT6, STM32H562ZGT6, STM32H562ZIT6, STM32H563AGI6, STM32H563AII3Q, STM32H563AII6, STM32H563IGK6, STM32H563IGT6, STM32H563IIK3Q, STM32H563IIK6, STM32H563IIT3Q, STM32H563IIT6, STM32H563MIY3QTR, STM32H563RGT6, STM32H563RGV6, STM32H563RIT6, STM32H563RIV6, STM32H563VGT6, STM32H563VIT3Q, STM32H563VIT6, STM32H563ZGT6, STM32H563ZIT3Q, STM32H563ZIT6, STM32H573AII3Q, STM32H573AII6, STM32H573I-DK, STM32H573IIK3Q, STM32H573IIK6, STM32H573IIT3Q, STM32H573IIT6, STM32H573MIY3QTR, STM32H573RIT6, STM32H573RIV6, STM32H573VIT3Q, STM32H573VIT6, STM32H573ZIT3Q, STM32H573ZIT6, STM32L4R5QGI6STR, STM32MP131AAE3, STM32MP131AAF3, STM32MP131AAG3, STM32MP131CAE3, STM32MP131CAF3, STM32MP131CAG3, STM32MP131DAE7, STM32MP131DAF7, STM32MP131DAG7, STM32MP131FAE7, STM32MP131FAF7, STM32MP131FAG7, STM32MP133AAE3, STM32MP133AAF3, STM32MP133AAG3, STM32MP133CAE3, STM32MP133CAF3, STM32MP133CAG3, STM32MP133DAE7, STM32MP133DAF7, STM32MP133DAG7, STM32MP133FAE7, STM32MP133FAF7, STM32MP133FAG7, STM32MP135AAE3, STM32MP135AAF3, STM32MP135AAG3, STM32MP135CAE3, STM32MP135CAF3, STM32MP135CAG3, STM32MP135DAE7, STM32MP135DAF7, STM32MP135DAG7, STM32MP135F-DK, STM32MP135FAE7, STM32MP135FAF7, STM32MP135FAF7T, STM32MP135FAF7U, STM32MP135FAG7, STM32U535CBT6, STM32U535CBT6Q, STM32U535CBU6, STM32U535CBU6Q, STM32U535CCT6, STM32U535CCT6Q, STM32U535CCU6, STM32U535CCU6Q, STM32U535CET6, STM32U535CET6Q, STM32U535CEU6, STM32U535CEU6Q, STM32U535JEY6QTR, STM32U535NCY6QTR, STM32U535NEY6QTR, STM32U535RBI6, STM32U535RBI6Q, STM32U535RBT6, STM32U535RBT6Q, STM32U535RCI6, STM32U535RCI6Q, STM32U535RCT6, STM32U535RCT6Q, STM32U535REI6, STM32U535REI6Q, STM32U535RET6, STM32U535RET6Q, STM32U535VCI6, STM32U535VCI6Q, STM32U535VCT6, STM32U535VCT6Q, STM32U535VEI6, STM32U535VEI6Q, STM32U535VET6, STM32U535VET6Q, STM32U545CET6, STM32U545CET6Q, STM32U545CEU6, STM32U545CEU6Q, STM32U545JEY6QTR, STM32U545NEY6QTR, STM32U545REI6, STM32U545REI6Q, STM32U545RET6, STM32U545RET6Q, STM32U545VEI6, STM32U545VEI6Q, STM32U545VET6, STM32U545VET6Q, STM32U595AIH6, STM32U595AIH6Q, STM32U595AJH6, STM32U595AJH6Q, STM32U595QII6, STM32U595QII6Q, STM32U595QJI6, STM32U595QJI6Q, STM32U595RIT6, STM32U595RIT6Q, STM32U595RJT6, STM32U595RJT6Q, STM32U595VIT6, STM32U595VIT6Q, STM32U595VJT6, STM32U595VJT6Q, STM32U595ZIT6, STM32U595ZIT6Q, STM32U595ZIY6QTR, STM32U595ZJT6, STM32U595ZJT6Q, STM32U595ZJY6QTR, STM32U599BJY6QTR, STM32U599NIH6Q, STM32U599NJH6Q, STM32U599VIT6Q, STM32U599VJT6, STM32U599VJT6Q, STM32U599ZIT6Q, STM32U599ZIY6QTR, STM32U599ZJT6Q, STM32U599ZJY6QTR, STM32U5A5AJH6, STM32U5A5AJH6Q, STM32U5A5QJI6, STM32U5A5QJI6Q, STM32U5A5RJT6, STM32U5A5RJT6Q, STM32U5A5VJT6, STM32U5A5VJT6Q, STM32U5A5ZJT6, STM32U5A5ZJT6Q, STM32U5A5ZJY6QTR, STM32U5A9BJY6QTR, STM32U5A9J-DK, STM32U5A9NJH6Q, STM32U5A9VJT6Q, STM32U5A9ZJT6Q, STM32U5A9ZJY6QTR, STM32U5F7VIT6, STM32U5F7VIT6Q, STM32U5F7VJT6, STM32U5F7VJT6Q, STM32U5F9BJY6QTR, STM32U5F9NJH6Q, STM32U5F9VIT6Q, STM32U5F9VJT6Q, STM32U5F9ZIJ6QTR, STM32U5F9ZIT6Q, STM32U5F9ZJJ6QTR, STM32U5F9ZJT6Q, STM32U5G7VJT6, STM32U5G7VJT6Q, STM32U5G9BJY6QTR, STM32U5G9J-DK1, STM32U5G9J-DK2, STM32U5G9NJH6Q, STM32U5G9VJT6Q, STM32U5G9ZJJ6QTR, STM32U5G9ZJT6Q, STM32WB1MMCH6, STM32WBA52CEU6, STM32WBA52CEU6T, STM32WBA52CGU6, STM32WBA52CGU6T, STM32WBA52KEU6, STM32WBA52KEU6T, STM32WBA52KGU6, STM32WBA52KGU6T, STM32WL5MOCH6, STM32WL5MOCH6TR]
2023-11-09 16:00:10,132 [INFO] DbMcus:217 - Found 3848 MCUs, 3848 are supported
2023-11-09 16:00:10,138 [INFO] ApiDb:423 - Load user favorites file C:\Users\user/.stm32cubeide/favorites.mcus.txt: 2 item(s)
2023-11-09 16:00:10,138 [INFO] ApiDb:427 - User favorites MCUs=[STM32F103C8T6, STM32H750VBT6]
2023-11-09 16:00:10,138 [INFO] DbMcus:223 - Set 2 / 2 favorites MCUs
2023-11-09 16:00:10,369 [INFO] ApiDb:668 - CubeFinder database Data Model version=2.1
2023-11-09 16:00:10,369 [INFO] ApiDb:669 - CubeFinder database Configuration version=3.0.37
2023-11-09 16:00:10,369 [INFO] ApiDb:670 - CubeFinder database generation date=2023-10-13 (1697197505)
2023-11-09 16:00:10,369 [INFO] ApiDb:671 - CubeFinder database FW Pack versions=[FP-ATR-ASTRA1_V2.0.0, FP-SNS-FLIGHT1_V5.0.1, FP-SNS-FLIGHT1_V5.0.2, FP-SNS-MOTENV1_V4.3.1, FP-SNS-MOTENV1_V4.3.2, FP-SNS-SMARTAG2_V1.2.0, I-CUBE-ITTIADB_V8.6.3-1, STM32Cube_FW_C0_V1.1.0, STM32Cube_FW_F4_V1.27.1, STM32Cube_FW_F7_V1.17.0, STM32Cube_FW_G0_V1.6.1, STM32Cube_FW_G4_V1.5.1, STM32Cube_FW_H5_V0.5.1, STM32Cube_FW_H5_V1.1.1, STM32Cube_FW_H7_V1.11.0, STM32Cube_FW_L0_V1.12.2, STM32Cube_FW_L5_V1.5.0, STM32Cube_FW_U5_V1.3.0, STM32Cube_FW_U5_V1.3.0RC4, STM32Cube_FW_WBA_V1.0.0RC1, STM32Cube_FW_WBA_V1.1.0RC1, STM32Cube_FW_WBA_V1.1.1, STM32Cube_FW_WB_V1.15.0RC1, STM32Cube_FW_WB_V1.16.0, STM32Cube_FW_WB_V1.16.0RC2, STM32Cube_FW_WB_V1.17.3, STM32Cube_FW_WL_V1.3.0, X-CUBE-ALGOBUILD_V1.3.0, X-CUBE-ALS_V1.0.1, X-CUBE-AZRTOS-F4_V1.1.0, X-CUBE-AZRTOS-F7_V1.1.0, X-CUBE-AZRTOS-G0_V1.1.0, X-CUBE-AZRTOS-G4_V2.0.0, X-CUBE-AZRTOS-H7_V3.1.0, X-CUBE-AZRTOS-L4_V1.0.0, X-CUBE-AZRTOS-L4_V2.0.0, X-CUBE-AZRTOS-L5_V1.1.0, X-CUBE-AZRTOS-WB_V2.0.0, X-CUBE-AZRTOS-WL_V2.0.0, X-CUBE-BLE1_V7.0.0, X-CUBE-BLE2_V3.3.0, X-CUBE-BLEMGR_V2.0.0, X-CUBE-EEPRMA1_V4.1.0, X-CUBE-FREERTOS_V1.1.0, X-CUBE-GNSS1_V6.0.0, X-CUBE-MEMS1_V10.0.0, X-CUBE-MEMS1_V9.1.0, X-CUBE-MEMS1_V9.4.0, X-CUBE-MEMS1_V9.6.0, X-CUBE-NFC4_V3.0.0, X-CUBE-NFC7_V1.0.1, X-CUBE-SFXS2LP1_V4.0.0, X-CUBE-SUBG2_V5.0.0, X-CUBE-TOF1_V3.3.1]
2023-11-09 16:00:10,406 [INFO] DbBoardsSqlite:226 - include board P-NUCLEO-WB55-NUCLEO as a kit item of type 'Nucleo-64'
2023-11-09 16:00:10,407 [INFO] DbBoardsSqlite:226 - include board P-NUCLEO-WB55-USBDONGLE as a kit item of type 'Nucleo USB Dongle'
2023-11-09 16:00:10,407 [INFO] DbBoardsSqlite:226 - include board STEVAL-IDP005V1 as a kit item of type 'Evaluation Board'
2023-11-09 16:00:10,407 [INFO] DbBoardsSqlite:226 - include board STEVAL-IDP005V2 as a kit item of type 'Evaluation Board'
2023-11-09 16:00:10,436 [INFO] ApiDb:240 - Found 323 in-development CPN: [B-G473E-ZEST1S, B-WB1M-WPAN1, B-WL5M-SUBG1, NUCLEO-C031C6, NUCLEO-H503RB, NUCLEO-H563ZI, NUCLEO-U545RE-Q, NUCLEO-U5A5ZJ-Q, NUCLEO-WBA52CG, STEVAL-PROTEUS1, STEVAL-SMARTAG2, STEVAL-STWINBX1, STM320518-EVAL, STM32C0116-DK, STM32C011D6Y3TR, STM32C011D6Y6TR, STM32C011F4P3, STM32C011F4P6, STM32C011F4U3, STM32C011F4U6TR, STM32C011F6P3, STM32C011F6P6, STM32C011F6U3, STM32C011F6U6TR, STM32C011J4M3, STM32C011J4M6, STM32C011J6M3, STM32C011J6M6, STM32C0316-DK, STM32C031C4T3, STM32C031C4T6, STM32C031C4U3, STM32C031C4U6, STM32C031C6T3, STM32C031C6T6, STM32C031C6U3, STM32C031C6U6, STM32C031F4P3, STM32C031F4P6, STM32C031F6P3, STM32C031F6P6, STM32C031G4U3, STM32C031G4U6, STM32C031G6U3, STM32C031G6U6, STM32C031K4T3, STM32C031K4T6, STM32C031K4U3, STM32C031K4U6, STM32C031K6T3, STM32C031K6T6, STM32C031K6U3, STM32C031K6U6, STM32G071K8TXN, STM32G071K8UXN, STM32G081GBU6N, STM32G081KBT6N, STM32G081KBUXN, STM32G0B1CCT6N, STM32G0B1KCT6, STM32G0B1NEY6TR, STM32G0B1RCT6N, STM32G0C1CCT6, STM32G0C1CCT6N, STM32G0C1CCU6N, STM32G0C1CET6N, STM32G0C1CEU6N, STM32G0C1KCT6, STM32G0C1NEY6TR, STM32G0C1RCI6N, STM32G0C1RCT6N, STM32G0C1REI6N, STM32G0C1RET6N, STM32G0C1VCI6, STM32G0C1VEI6, STM32G471CCT6, STM32G471CCU6, STM32G471CET3, STM32G471CET6, STM32G471CEU3, STM32G471CEU6, STM32G471MCT6, STM32G471MET3, STM32G471MET6, STM32G471MEY6TR, STM32G471QCT6, STM32G471QET3, STM32G471RCT6, STM32G471RET3, STM32G471RET6, STM32G471VCH6, STM32G471VCI6, STM32G471VCT6, STM32G471VEH3, STM32G471VEH6, STM32G471VEI3, STM32G471VEI6, STM32G471VET3, STM32G471VET6, STM32G474CCT6, STM32H503CBT6, STM32H503CBU6, STM32H503EBY6TR, STM32H503KBU6, STM32H503RBT6, STM32H562AGI6, STM32H562AII6, STM32H562IGK6, STM32H562IGT6, STM32H562IIK6, STM32H562IIT6, STM32H562RGT6, STM32H562RGV6, STM32H562RIT6, STM32H562RIV6, STM32H562VGT6, STM32H562VIT6, STM32H562ZGT6, STM32H562ZIT6, STM32H563AGI6, STM32H563AII3Q, STM32H563AII6, STM32H563IGK6, STM32H563IGT6, STM32H563IIK3Q, STM32H563IIK6, STM32H563IIT3Q, STM32H563IIT6, STM32H563MIY3QTR, STM32H563RGT6, STM32H563RGV6, STM32H563RIT6, STM32H563RIV6, STM32H563VGT6, STM32H563VIT3Q, STM32H563VIT6, STM32H563ZGT6, STM32H563ZIT3Q, STM32H563ZIT6, STM32H573AII3Q, STM32H573AII6, STM32H573I-DK, STM32H573IIK3Q, STM32H573IIK6, STM32H573IIT3Q, STM32H573IIT6, STM32H573MIY3QTR, STM32H573RIT6, STM32H573RIV6, STM32H573VIT3Q, STM32H573VIT6, STM32H573ZIT3Q, STM32H573ZIT6, STM32L4R5QGI6STR, STM32MP131AAE3, STM32MP131AAF3, STM32MP131AAG3, STM32MP131CAE3, STM32MP131CAF3, STM32MP131CAG3, STM32MP131DAE7, STM32MP131DAF7, STM32MP131DAG7, STM32MP131FAE7, STM32MP131FAF7, STM32MP131FAG7, STM32MP133AAE3, STM32MP133AAF3, STM32MP133AAG3, STM32MP133CAE3, STM32MP133CAF3, STM32MP133CAG3, STM32MP133DAE7, STM32MP133DAF7, STM32MP133DAG7, STM32MP133FAE7, STM32MP133FAF7, STM32MP133FAG7, STM32MP135AAE3, STM32MP135AAF3, STM32MP135AAG3, STM32MP135CAE3, STM32MP135CAF3, STM32MP135CAG3, STM32MP135DAE7, STM32MP135DAF7, STM32MP135DAG7, STM32MP135F-DK, STM32MP135FAE7, STM32MP135FAF7, STM32MP135FAF7T, STM32MP135FAF7U, STM32MP135FAG7, STM32U535CBT6, STM32U535CBT6Q, STM32U535CBU6, STM32U535CBU6Q, STM32U535CCT6, STM32U535CCT6Q, STM32U535CCU6, STM32U535CCU6Q, STM32U535CET6, STM32U535CET6Q, STM32U535CEU6, STM32U535CEU6Q, STM32U535JEY6QTR, STM32U535NCY6QTR, STM32U535NEY6QTR, STM32U535RBI6, STM32U535RBI6Q, STM32U535RBT6, STM32U535RBT6Q, STM32U535RCI6, STM32U535RCI6Q, STM32U535RCT6, STM32U535RCT6Q, STM32U535REI6, STM32U535REI6Q, STM32U535RET6, STM32U535RET6Q, STM32U535VCI6, STM32U535VCI6Q, STM32U535VCT6, STM32U535VCT6Q, STM32U535VEI6, STM32U535VEI6Q, STM32U535VET6, STM32U535VET6Q, STM32U545CET6, STM32U545CET6Q, STM32U545CEU6, STM32U545CEU6Q, STM32U545JEY6QTR, STM32U545NEY6QTR, STM32U545REI6, STM32U545REI6Q, STM32U545RET6, STM32U545RET6Q, STM32U545VEI6, STM32U545VEI6Q, STM32U545VET6, STM32U545VET6Q, STM32U595AIH6, STM32U595AIH6Q, STM32U595AJH6, STM32U595AJH6Q, STM32U595QII6, STM32U595QII6Q, STM32U595QJI6, STM32U595QJI6Q, STM32U595RIT6, STM32U595RIT6Q, STM32U595RJT6, STM32U595RJT6Q, STM32U595VIT6, STM32U595VIT6Q, STM32U595VJT6, STM32U595VJT6Q, STM32U595ZIT6, STM32U595ZIT6Q, STM32U595ZIY6QTR, STM32U595ZJT6, STM32U595ZJT6Q, STM32U595ZJY6QTR, STM32U599BJY6QTR, STM32U599NIH6Q, STM32U599NJH6Q, STM32U599VIT6Q, STM32U599VJT6, STM32U599VJT6Q, STM32U599ZIT6Q, STM32U599ZIY6QTR, STM32U599ZJT6Q, STM32U599ZJY6QTR, STM32U5A5AJH6, STM32U5A5AJH6Q, STM32U5A5QJI6, STM32U5A5QJI6Q, STM32U5A5RJT6, STM32U5A5RJT6Q, STM32U5A5VJT6, STM32U5A5VJT6Q, STM32U5A5ZJT6, STM32U5A5ZJT6Q, STM32U5A5ZJY6QTR, STM32U5A9BJY6QTR, STM32U5A9J-DK, STM32U5A9NJH6Q, STM32U5A9VJT6Q, STM32U5A9ZJT6Q, STM32U5A9ZJY6QTR, STM32U5F7VIT6, STM32U5F7VIT6Q, STM32U5F7VJT6, STM32U5F7VJT6Q, STM32U5F9BJY6QTR, STM32U5F9NJH6Q, STM32U5F9VIT6Q, STM32U5F9VJT6Q, STM32U5F9ZIJ6QTR, STM32U5F9ZIT6Q, STM32U5F9ZJJ6QTR, STM32U5F9ZJT6Q, STM32U5G7VJT6, STM32U5G7VJT6Q, STM32U5G9BJY6QTR, STM32U5G9J-DK1, STM32U5G9J-DK2, STM32U5G9NJH6Q, STM32U5G9VJT6Q, STM32U5G9ZJJ6QTR, STM32U5G9ZJT6Q, STM32WB1MMCH6, STM32WBA52CEU6, STM32WBA52CEU6T, STM32WBA52CGU6, STM32WBA52CGU6T, STM32WBA52KEU6, STM32WBA52KEU6T, STM32WBA52KGU6, STM32WBA52KGU6T, STM32WL5MOCH6, STM32WL5MOCH6TR]
2023-11-09 16:00:10,520 [INFO] BoardInfo:880 - No configuration file found for board P-NUCLEO-WB55
2023-11-09 16:00:10,521 [INFO] DbBoards:157 - Kit is not supported: P-NUCLEO-WB55
2023-11-09 16:00:10,524 [INFO] BoardInfo:880 - No configuration file found for board STEVAL-BFA001V1B
2023-11-09 16:00:10,524 [INFO] DbBoards:157 - Kit is not supported: STEVAL-BFA001V1B
2023-11-09 16:00:10,526 [INFO] BoardInfo:880 - No configuration file found for board STEVAL-BFA001V2B
2023-11-09 16:00:10,526 [INFO] DbBoards:157 - Kit is not supported: STEVAL-BFA001V2B
2023-11-09 16:00:10,610 [INFO] DbBoards:161 - Found 190 boards, 187 are supported
2023-11-09 16:00:10,616 [INFO] ApiDb:423 - Load user favorites file C:\Users\user/.stm32cubeide/favorites.boards.txt: 1 item(s)
2023-11-09 16:00:10,616 [INFO] ApiDb:427 - User favorites Boards=[STM32H750B-DK]
2023-11-09 16:00:10,616 [INFO] DbBoards:190 - Set 1 / 1 favorites Boards
2023-11-09 16:00:10,619 [INFO] ApiDb:668 - CubeFinder database Data Model version=2.1
2023-11-09 16:00:10,619 [INFO] ApiDb:669 - CubeFinder database Configuration version=3.0.37
2023-11-09 16:00:10,619 [INFO] ApiDb:670 - CubeFinder database generation date=2023-10-13 (1697197505)
2023-11-09 16:00:10,619 [INFO] ApiDb:671 - CubeFinder database FW Pack versions=[FP-ATR-ASTRA1_V2.0.0, FP-SNS-FLIGHT1_V5.0.1, FP-SNS-FLIGHT1_V5.0.2, FP-SNS-MOTENV1_V4.3.1, FP-SNS-MOTENV1_V4.3.2, FP-SNS-SMARTAG2_V1.2.0, I-CUBE-ITTIADB_V8.6.3-1, STM32Cube_FW_C0_V1.1.0, STM32Cube_FW_F4_V1.27.1, STM32Cube_FW_F7_V1.17.0, STM32Cube_FW_G0_V1.6.1, STM32Cube_FW_G4_V1.5.1, STM32Cube_FW_H5_V0.5.1, STM32Cube_FW_H5_V1.1.1, STM32Cube_FW_H7_V1.11.0, STM32Cube_FW_L0_V1.12.2, STM32Cube_FW_L5_V1.5.0, STM32Cube_FW_U5_V1.3.0, STM32Cube_FW_U5_V1.3.0RC4, STM32Cube_FW_WBA_V1.0.0RC1, STM32Cube_FW_WBA_V1.1.0RC1, STM32Cube_FW_WBA_V1.1.1, STM32Cube_FW_WB_V1.15.0RC1, STM32Cube_FW_WB_V1.16.0, STM32Cube_FW_WB_V1.16.0RC2, STM32Cube_FW_WB_V1.17.3, STM32Cube_FW_WL_V1.3.0, X-CUBE-ALGOBUILD_V1.3.0, X-CUBE-ALS_V1.0.1, X-CUBE-AZRTOS-F4_V1.1.0, X-CUBE-AZRTOS-F7_V1.1.0, X-CUBE-AZRTOS-G0_V1.1.0, X-CUBE-AZRTOS-G4_V2.0.0, X-CUBE-AZRTOS-H7_V3.1.0, X-CUBE-AZRTOS-L4_V1.0.0, X-CUBE-AZRTOS-L4_V2.0.0, X-CUBE-AZRTOS-L5_V1.1.0, X-CUBE-AZRTOS-WB_V2.0.0, X-CUBE-AZRTOS-WL_V2.0.0, X-CUBE-BLE1_V7.0.0, X-CUBE-BLE2_V3.3.0, X-CUBE-BLEMGR_V2.0.0, X-CUBE-EEPRMA1_V4.1.0, X-CUBE-FREERTOS_V1.1.0, X-CUBE-GNSS1_V6.0.0, X-CUBE-MEMS1_V10.0.0, X-CUBE-MEMS1_V9.1.0, X-CUBE-MEMS1_V9.4.0, X-CUBE-MEMS1_V9.6.0, X-CUBE-NFC4_V3.0.0, X-CUBE-NFC7_V1.0.1, X-CUBE-SFXS2LP1_V4.0.0, X-CUBE-SUBG2_V5.0.0, X-CUBE-TOF1_V3.3.1]
2023-11-09 16:00:11,176 [ERROR] DbExamplesSqlite:437 - Missing JSON key: board_cpn
2023-11-09 16:00:11,177 [ERROR] DbExamplesSqlite:437 - Missing JSON key: board_cpn
2023-11-09 16:00:11,177 [ERROR] DbExamplesSqlite:437 - Missing JSON key: board_cpn
2023-11-09 16:00:11,177 [ERROR] DbExamplesSqlite:437 - Missing JSON key: board_cpn
2023-11-09 16:00:11,182 [INFO] DbExamplesSqlite:395 - Ignored 27 examples not supported by CubeIDE
2023-11-09 16:00:11,183 [INFO] DbExamplesSqlite:396 - Found 7221 examples active
2023-11-09 16:00:11,183 [INFO] DbExamplesSqlite:397 - Found 777 examples obsolete
2023-11-09 16:00:11,183 [INFO] DbExamplesSqlite:398 - Found 0 examples under development
2023-11-09 16:00:11,183 [INFO] DbExamplesSqlite:399 - Found 74 examples not building
2023-11-09 16:00:11,184 [INFO] DbExamples:125 - Found 7268 examples
2023-11-09 16:00:11,196 [INFO] DbExamples:222 - Found 93 boards with related examples
2023-11-09 16:00:11,197 [INFO] DbExamples:235 - Found 79 MCUs with related examples
2023-11-09 16:00:11,215 [INFO] ApiDb:423 - Load user favorites file C:\Users\user/.stm32cubeide/favorites.examples.txt: 0 item(s)
2023-11-09 16:00:11,215 [INFO] ApiDb:427 - User favorites Examples=[]
2023-11-09 16:00:11,215 [INFO] DbExamples:250 - Set 0 / 0 favorites Examples
2023-11-09 16:00:11,583 [INFO] McuFinderGlobals:76 - Set McuFinderConnectedMode to true
2023-11-09 16:00:11,592 [INFO] MultiScanPanel:200 - Auto-refresh data requested => check proxy status ongoing
2023-11-09 16:00:11,598 [INFO] FinderPluginLoader:95 - Searching for filters in installed packs
2023-11-09 16:00:12,999 [ERROR] LogOutputStream:75 - [STDERR_REDIRECT] SLF4J: Failed to load class "org.slf4j.impl.StaticLoggerBinder".
2023-11-09 16:00:13,000 [ERROR] LogOutputStream:75 - [STDERR_REDIRECT] SLF4J: Defaulting to no-operation (NOP) logger implementation
2023-11-09 16:00:13,001 [ERROR] LogOutputStream:75 - [STDERR_REDIRECT] SLF4J: See http://www.slf4j.org/codes.html#StaticLoggerBinder for further details.
2023-11-09 16:00:13,091 [INFO] LoadUrlFilesThread:185 - End of LoadServerUrlFiles without Thread
2023-11-09 16:00:13,099 [INFO] DetailPanel:341 - Set advertising image to C:/Users/user/STM32Cube/Repository/\en.prom-stm32h5-mcu-finder.jpg
2023-11-09 16:00:43,325 [INFO] MainUpdater:2868 - connection check result : 10
2023-11-09 16:00:43,327 [INFO] MainUpdater:2868 - connection check result : 10
2023-11-09 16:00:45,430 [INFO] MicroXplorer:468 - Change Database Path : 
2023-11-09 16:00:45,430 [INFO] MicroXplorer:498 - Change Database Version : DB.6.0.92
2023-11-09 16:00:45,434 [WARN] ThirdParty:871 - waiting for thirdparty lock release [close project]
2023-11-09 16:00:45,434 [INFO] ThirdParty:873 - entering critical section [close project]
2023-11-09 16:00:45,436 [INFO] ThirdParty:883 - exiting critical section [close project]
2023-11-09 16:00:45,436 [INFO] PinOutPanel:1499 - setPackage(No Configuration,No Configuration)
2023-11-09 16:00:45,440 [INFO] UtilMem:75 - Begin LoadConfig() Used Memory: 374968280 Bytes (482344960)
2023-11-09 16:00:45,440 [INFO] MicroXplorer:468 - Change Database Path : 
2023-11-09 16:00:45,441 [INFO] MicroXplorer:498 - Change Database Version : DB.6.0.92
2023-11-09 16:00:45,441 [INFO] OpenFileManager:308 - Change cursor
2023-11-09 16:00:45,519 [INFO] Mcu:1946 - Initializing MCU STM32H750VBTx STM32H750VBTx STM32H750VBT6
2023-11-09 16:00:48,983 [INFO] Context:659 - Trying to add GPIOservice into a context  which must be forbidden
2023-11-09 16:00:50,899 [INFO] ImportTextPane:194 - (OptionalMessage_ERROR) Unable to find key (Mcu.ThirdPartyNb) in loaded IOC file
2023-11-09 16:00:50,900 [INFO] ImportTextPane:194 - (OptionalMessage_ERROR) Unable to find key (Mcu.PinsNb) in loaded IOC file
2023-11-09 16:00:50,900 [INFO] ImportTextPane:194 - (OptionalMessage_ERROR) Unable to find key (Mcu.IPNb) in loaded IOC file
2023-11-09 16:00:51,060 [INFO] RtosManager:555 - Registered RTOS mode: class=CMSIS, group=RTOS, mode=CMSIS_V1, owner=FREERTOS
2023-11-09 16:00:51,060 [INFO] RtosManager:555 - Registered RTOS mode: class=CMSIS, group=RTOS2, mode=CMSIS_V2, owner=FREERTOS
2023-11-09 16:00:51,060 [INFO] RtosManager:555 - Registered RTOS mode: class=RTOS, group=Core, mode=CMSIS_V1, owner=FREERTOS
2023-11-09 16:00:51,061 [INFO] RtosManager:555 - Registered RTOS mode: class=RTOS, group=Core, mode=CMSIS_V2, owner=FREERTOS
2023-11-09 16:00:51,061 [WARN] ModelIntegratedComponent:184 - Missing modes for component STMicroelectronics:FreeRTOS:0.0.1:STMicroelectronics:RTOS:FreeRTOS:Core:::10.2.0:
2023-11-09 16:00:51,084 [WARN] ModelIntegratedComponent:63 - No mode defined for component null
2023-11-09 16:00:51,084 [WARN] ModelIntegratedComponent:63 - No mode defined for component null
2023-11-09 16:00:51,084 [WARN] ModelIntegratedComponent:63 - No mode defined for component null
2023-11-09 16:00:51,084 [WARN] ModelIntegratedComponent:63 - No mode defined for component null
2023-11-09 16:00:51,084 [WARN] ModelIntegratedComponent:63 - No mode defined for component null
2023-11-09 16:00:51,085 [WARN] ModelIntegratedComponent:63 - No mode defined for component null
2023-11-09 16:00:51,085 [WARN] ModelIntegratedComponent:63 - No mode defined for component null
2023-11-09 16:00:51,086 [WARN] ModelIntegratedComponent:63 - No mode defined for component null
2023-11-09 16:00:51,086 [WARN] ModelIntegratedComponent:63 - No mode defined for component null
2023-11-09 16:00:51,086 [WARN] ModelIntegratedComponent:63 - No mode defined for component null
2023-11-09 16:00:51,086 [WARN] ModelIntegratedComponent:63 - No mode defined for component null
2023-11-09 16:00:51,087 [WARN] ModelIntegratedComponent:63 - No mode defined for component null
2023-11-09 16:00:51,087 [WARN] ModelIntegratedComponent:63 - No mode defined for component null
2023-11-09 16:00:51,087 [WARN] ModelIntegratedComponent:63 - No mode defined for component null
2023-11-09 16:00:51,087 [WARN] ModelIntegratedComponent:63 - No mode defined for component null
2023-11-09 16:00:51,087 [WARN] ModelIntegratedComponent:63 - No mode defined for component null
2023-11-09 16:00:51,087 [WARN] ModelIntegratedComponent:63 - No mode defined for component null
2023-11-09 16:00:51,087 [WARN] ModelIntegratedComponent:63 - No mode defined for component null
2023-11-09 16:00:51,087 [WARN] ModelIntegratedComponent:63 - No mode defined for component null
2023-11-09 16:00:51,087 [WARN] ModelIntegratedComponent:63 - No mode defined for component null
2023-11-09 16:00:51,087 [WARN] ModelIntegratedComponent:63 - No mode defined for component null
2023-11-09 16:00:51,087 [WARN] ModelIntegratedComponent:63 - No mode defined for component null
2023-11-09 16:00:51,087 [WARN] ModelIntegratedComponent:63 - No mode defined for component null
2023-11-09 16:00:51,087 [WARN] ModelIntegratedComponent:63 - No mode defined for component null
2023-11-09 16:00:51,087 [WARN] ModelIntegratedComponent:63 - No mode defined for component null
2023-11-09 16:00:51,087 [WARN] ModelIntegratedComponent:63 - No mode defined for component null
2023-11-09 16:00:51,087 [WARN] ModelIntegratedComponent:63 - No mode defined for component null
2023-11-09 16:00:51,087 [WARN] ModelIntegratedComponent:63 - No mode defined for component null
2023-11-09 16:00:51,087 [WARN] ModelIntegratedComponent:63 - No mode defined for component null
2023-11-09 16:00:51,088 [WARN] ModelIntegratedComponent:63 - No mode defined for component null
2023-11-09 16:00:51,088 [WARN] ModelIntegratedComponent:63 - No mode defined for component null
2023-11-09 16:00:51,088 [WARN] ModelIntegratedComponent:63 - No mode defined for component null
2023-11-09 16:00:51,088 [WARN] ModelIntegratedComponent:63 - No mode defined for component null
2023-11-09 16:00:51,194 [INFO] ThirdPartyModel:298 - Start build external matchings
2023-11-09 16:00:51,735 [INFO] ThirdPartyModel:316 - End build external matchings
2023-11-09 16:00:52,179 [INFO] UtilMem:75 - End LoadConfig() Used Memory: 410262096 Bytes (791674880)
2023-11-09 16:00:52,225 [WARN] ThirdParty:833 - waiting for thirdparty lock release [change project]
2023-11-09 16:00:52,225 [INFO] ThirdParty:835 - entering critical section [change project]
2023-11-09 16:00:52,226 [INFO] ThirdParty:1030 - CMSIS Pack Vendor :STMicroelectronics X-CUBE-ISPU 1.1.0
2023-11-09 16:00:52,226 [INFO] ThirdParty:1030 - CMSIS Pack Vendor :STMicroelectronics USBPD 4.1
2023-11-09 16:00:52,226 [INFO] ThirdParty:1030 - CMSIS Pack Vendor :STMicroelectronics X-CUBE-GNSS1 6.0.0
2023-11-09 16:00:52,226 [INFO] ThirdParty:1030 - CMSIS Pack Vendor :STMicroelectronics USB_HOST 2.0.0
2023-11-09 16:00:52,226 [INFO] ThirdParty:1030 - CMSIS Pack Vendor :STMicroelectronics X-CUBE-AZRTOS-F4 1.1.0
2023-11-09 16:00:52,226 [INFO] ThirdParty:1030 - CMSIS Pack Vendor :STMicroelectronics LIBJPEG 8.0.0
2023-11-09 16:00:52,226 [INFO] ThirdParty:1030 - CMSIS Pack Vendor :wolfSSL I-CUBE-wolfSSL 5.6.3
2023-11-09 16:00:52,226 [INFO] ThirdParty:1030 - CMSIS Pack Vendor :STMicroelectronics X-CUBE-SMBUS 2.1.0
2023-11-09 16:00:52,226 [INFO] ThirdParty:1030 - CMSIS Pack Vendor :STMicroelectronics USB_DEVICE 3.0.0
2023-11-09 16:00:52,226 [INFO] ThirdParty:1030 - CMSIS Pack Vendor :STMicroelectronics X-CUBE-AZRTOS-WB 2.0.0
2023-11-09 16:00:52,226 [INFO] ThirdParty:1030 - CMSIS Pack Vendor :STMicroelectronics X-CUBE-FREERTOS 1.0.1
2023-11-09 16:00:52,227 [INFO] ThirdParty:1030 - CMSIS Pack Vendor :STMicroelectronics X-CUBE-TOUCHGFX 4.21.1
2023-11-09 16:00:52,227 [INFO] ThirdParty:1030 - CMSIS Pack Vendor :STMicroelectronics X-CUBE-TOUCHGFX 4.21.0
2023-11-09 16:00:52,227 [INFO] ThirdParty:1030 - CMSIS Pack Vendor :STMicroelectronics X-CUBE-AZRTOS-F7 1.1.0
2023-11-09 16:00:52,227 [INFO] ThirdParty:1030 - CMSIS Pack Vendor :STMicroelectronics X-CUBE-TOUCHGFX 4.21.4
2023-11-09 16:00:52,227 [INFO] ThirdParty:1030 - CMSIS Pack Vendor :STMicroelectronics X-CUBE-AZRTOS-L5 2.0.0
2023-11-09 16:00:52,227 [INFO] ThirdParty:1030 - CMSIS Pack Vendor :STMicroelectronics USB_DEVICE 2.0.0
2023-11-09 16:00:52,227 [INFO] ThirdParty:1030 - CMSIS Pack Vendor :STMicroelectronics X-CUBE-MEMS1 9.6.0
2023-11-09 16:00:52,227 [INFO] ThirdParty:1030 - CMSIS Pack Vendor :STMicroelectronics X-CUBE-EEPRMA1 4.2.0
2023-11-09 16:00:52,227 [INFO] ThirdParty:1030 - CMSIS Pack Vendor :ITTIA_DB I-CUBE-ITTIADB 8.8.0
2023-11-09 16:00:52,227 [INFO] ThirdParty:1030 - CMSIS Pack Vendor :STMicroelectronics FP-SNS-MOTENV1 4.3.2
2023-11-09 16:00:52,227 [INFO] ThirdParty:1030 - CMSIS Pack Vendor :STMicroelectronics X-CUBE-ALGOBUILD 1.3.0
2023-11-09 16:00:52,227 [INFO] ThirdParty:1030 - CMSIS Pack Vendor :STMicroelectronics X-CUBE-BLE1 6.2.4
2023-11-09 16:00:52,227 [INFO] ThirdParty:1030 - CMSIS Pack Vendor :STMicroelectronics X-CUBE-AZRTOS-L5 1.1.0
2023-11-09 16:00:52,227 [INFO] ThirdParty:1030 - CMSIS Pack Vendor :STMicroelectronics FreeRTOS 0.0.1
2023-11-09 16:00:52,227 [INFO] ThirdParty:1030 - CMSIS Pack Vendor :STMicroelectronics X-CUBE-AZRTOS-G0 1.1.0
2023-11-09 16:00:52,227 [INFO] ThirdParty:1030 - CMSIS Pack Vendor :emotas I-CUBE-CANOPEN 1.1.3
2023-11-09 16:00:52,227 [INFO] ThirdParty:1030 - CMSIS Pack Vendor :STMicroelectronics X-CUBE-BLEMGR 2.0.0
2023-11-09 16:00:52,227 [INFO] ThirdParty:1030 - CMSIS Pack Vendor :STMicroelectronics X-CUBE-AI 8.0.1
2023-11-09 16:00:52,227 [INFO] ThirdParty:1030 - CMSIS Pack Vendor :STMicroelectronics X-CUBE-NFC4 3.0.0
2023-11-09 16:00:52,227 [INFO] ThirdParty:1030 - CMSIS Pack Vendor :STMicroelectronics X-CUBE-SUBG2 5.0.0
2023-11-09 16:00:52,227 [INFO] ThirdParty:1030 - CMSIS Pack Vendor :STMicroelectronics STM32_WPAN 1.0.0
2023-11-09 16:00:52,227 [INFO] ThirdParty:1030 - CMSIS Pack Vendor :STMicroelectronics lwIP 2.0.3
2023-11-09 16:00:52,227 [INFO] ThirdParty:1030 - CMSIS Pack Vendor :STMicroelectronics FP-SNS-FLIGHT1 5.0.2
2023-11-09 16:00:52,227 [INFO] ThirdParty:1030 - CMSIS Pack Vendor :STMicroelectronics USB_HOST 1.0.0
2023-11-09 16:00:52,228 [INFO] ThirdParty:1030 - CMSIS Pack Vendor :STMicroelectronics X-CUBE-TOF1 3.3.1
2023-11-09 16:00:52,228 [INFO] ThirdParty:1030 - CMSIS Pack Vendor :STMicroelectronics X-CUBE-AZRTOS-G4 2.0.0
2023-11-09 16:00:52,228 [INFO] ThirdParty:1030 - CMSIS Pack Vendor :STMicroelectronics PDM2PCM 3.1.0
2023-11-09 16:00:52,228 [INFO] ThirdParty:1030 - CMSIS Pack Vendor :STMicroelectronics X-CUBE-AZRTOS-H7 3.1.0
2023-11-09 16:00:52,228 [INFO] ThirdParty:1030 - CMSIS Pack Vendor :STMicroelectronics X-CUBE-TOF1 3.3.0
2023-11-09 16:00:52,228 [INFO] ThirdParty:1030 - CMSIS Pack Vendor :Infineon AIROC-Wi-Fi-Bluetooth-STM32 1.5.1
2023-11-09 16:00:52,228 [INFO] ThirdParty:1030 - CMSIS Pack Vendor :STMicroelectronics X-CUBE-BLEMGR 3.0.0
2023-11-09 16:00:52,228 [INFO] ThirdParty:1030 - CMSIS Pack Vendor :STMicroelectronics PDM2PCM 3.3.0
2023-11-09 16:00:52,228 [INFO] ThirdParty:1030 - CMSIS Pack Vendor :STMicroelectronics X-CUBE-DISPLAY 3.0.0
2023-11-09 16:00:52,228 [INFO] ThirdParty:1030 - CMSIS Pack Vendor :STMicroelectronics X-CUBE-BLE1 7.0.0
2023-11-09 16:00:52,228 [INFO] ThirdParty:1030 - CMSIS Pack Vendor :STMicroelectronics FP-ATR-SIGFOX1 3.2.0
2023-11-09 16:00:52,228 [INFO] ThirdParty:1030 - CMSIS Pack Vendor :STMicroelectronics HAL Drivers 0.0.0
2023-11-09 16:00:52,228 [INFO] ThirdParty:1030 - CMSIS Pack Vendor :STMicroelectronics MBEDTLS 2.16.2
2023-11-09 16:00:52,228 [INFO] ThirdParty:1030 - CMSIS Pack Vendor :emotas I-CUBE-CANOPEN 1.3.0
2023-11-09 16:00:52,228 [INFO] ThirdParty:1030 - CMSIS Pack Vendor :STMicroelectronics X-CUBE-MEMS1 10.0.0
2023-11-09 16:00:52,228 [INFO] ThirdParty:1030 - CMSIS Pack Vendor :STMicroelectronics X-CUBE-FREERTOS 1.1.0
2023-11-09 16:00:52,228 [INFO] ThirdParty:1030 - CMSIS Pack Vendor :STMicroelectronics X-CUBE-TOUCHGFX 4.22.0
2023-11-09 16:00:52,228 [INFO] ThirdParty:1030 - CMSIS Pack Vendor :STMicroelectronics X-CUBE-NFC7 1.0.1
2023-11-09 16:00:52,228 [INFO] ThirdParty:1030 - CMSIS Pack Vendor :STMicroelectronics MBEDTLS 2.14.1
2023-11-09 16:00:52,228 [INFO] ThirdParty:1030 - CMSIS Pack Vendor :STMicroelectronics X-CUBE-TOUCHGFX 4.22.1
2023-11-09 16:00:52,228 [INFO] ThirdParty:1030 - CMSIS Pack Vendor :STMicroelectronics X-CUBE-NFC6 3.0.0
2023-11-09 16:00:52,228 [INFO] ThirdParty:1030 - CMSIS Pack Vendor :STMicroelectronics X-CUBE-EEPRMA1 4.1.0
2023-11-09 16:00:52,228 [INFO] ThirdParty:1030 - CMSIS Pack Vendor :portGmbH I-Cube-SoM-uGOAL 1.1.0
2023-11-09 16:00:52,229 [INFO] ThirdParty:1030 - CMSIS Pack Vendor :STMicroelectronics X-CUBE-ALS 1.0.1
2023-11-09 16:00:52,229 [INFO] ThirdParty:1030 - CMSIS Pack Vendor :STMicroelectronics ThreadX 1.0.0
2023-11-09 16:00:52,229 [INFO] ThirdParty:1030 - CMSIS Pack Vendor :STMicroelectronics FP-SNS-SMARTAG2 1.2.0
2023-11-09 16:00:52,229 [INFO] ThirdParty:1030 - CMSIS Pack Vendor :STMicroelectronics X-CUBE-AZRTOS-WB 1.1.0
2023-11-09 16:00:52,229 [INFO] ThirdParty:1030 - CMSIS Pack Vendor :STMicroelectronics X-CUBE-AZRTOS-WL 2.0.0
2023-11-09 16:00:52,229 [INFO] ThirdParty:1030 - CMSIS Pack Vendor :SEGGER I-CUBE-embOS 1.3.1
2023-11-09 16:00:52,229 [INFO] ThirdParty:1030 - CMSIS Pack Vendor :STMicroelectronics USB_DEVICE 1.0.0
2023-11-09 16:00:52,230 [INFO] ThirdParty:1030 - CMSIS Pack Vendor :STMicroelectronics X-CUBE-AI 8.1.0
2023-11-09 16:00:52,230 [INFO] ThirdParty:1030 - CMSIS Pack Vendor :STMicroelectronics X-CUBE-AZRTOS-L4 2.0.0
2023-11-09 16:00:52,230 [INFO] ThirdParty:1030 - CMSIS Pack Vendor :STMicroelectronics ThreadX 0.0.2
2023-11-09 16:00:52,230 [INFO] ThirdParty:1030 - CMSIS Pack Vendor :WES I-CUBE-Cesium 1.3.0
2023-11-09 16:00:52,230 [INFO] ThirdParty:1030 - CMSIS Pack Vendor :STMicroelectronics FP-ATR-ASTRA1 2.0.0
2023-11-09 16:00:52,230 [INFO] ThirdParty:1030 - CMSIS Pack Vendor :STMicroelectronics lwIP 2.1.2
2023-11-09 16:00:52,230 [INFO] ThirdParty:1030 - CMSIS Pack Vendor :STMicroelectronics X-CUBE-SFXS2LP1 4.0.0
2023-11-09 16:00:52,230 [INFO] ThirdParty:1030 - CMSIS Pack Vendor :STMicroelectronics X-CUBE-BLE2 3.3.0
2023-11-09 16:00:52,230 [INFO] ThirdParty:1030 - CMSIS Pack Vendor :STMicroelectronics PDM2PCM 3.2.0
2023-11-09 16:00:52,230 [INFO] ThirdParty:1030 - CMSIS Pack Vendor :STMicroelectronics X-CUBE-TOUCHGFX 4.18.0
2023-11-09 16:00:52,230 [INFO] ThirdParty:841 - exiting critical section [change project]
2023-11-09 16:00:52,791 [INFO] PinOutPanel:1499 - setPackage(No Configuration,No Configuration)
2023-11-09 16:00:52,792 [INFO] PinOutPanel:1499 - setPackage(STM32H750VBTx,LQFP100)
2023-11-09 16:00:53,784 [INFO] UtilMem:75 - Before build in PCC Used Memory: 580162664 Bytes (791674880)
2023-11-09 16:00:54,584 [INFO] UtilMem:75 - After build in PCC Used Memory: 687117336 Bytes (791674880)
2023-11-09 16:00:54,636 [INFO] IPUIPlugin:80 - create IPUIPlugin
2023-11-09 16:00:54,636 [INFO] IPUIPlugin:80 - create IPUIPlugin
2023-11-09 16:00:54,636 [INFO] IPUIPlugin:80 - create IPUIPlugin
2023-11-09 16:00:54,636 [INFO] IPUIPlugin:80 - create IPUIPlugin
2023-11-09 16:00:54,636 [INFO] IPUIPlugin:80 - create IPUIPlugin
2023-11-09 16:00:54,636 [INFO] IPUIPlugin:80 - create IPUIPlugin
2023-11-09 16:00:54,637 [INFO] IPUIPlugin:80 - create IPUIPlugin
2023-11-09 16:00:54,637 [INFO] IPUIPlugin:80 - create IPUIPlugin
2023-11-09 16:00:54,637 [INFO] IPUIPlugin:80 - create IPUIPlugin
2023-11-09 16:00:54,637 [INFO] IPUIPlugin:80 - create IPUIPlugin
2023-11-09 16:00:54,637 [INFO] IPUIPlugin:80 - create IPUIPlugin
2023-11-09 16:00:54,637 [INFO] IPUIPlugin:80 - create IPUIPlugin
2023-11-09 16:00:54,637 [INFO] IPUIPlugin:80 - create IPUIPlugin
2023-11-09 16:00:54,637 [INFO] IPUIPlugin:80 - create IPUIPlugin
2023-11-09 16:00:54,638 [INFO] IPUIPlugin:80 - create IPUIPlugin
2023-11-09 16:00:54,638 [INFO] IPUIPlugin:80 - create IPUIPlugin
2023-11-09 16:00:54,638 [INFO] IPUIPlugin:80 - create IPUIPlugin
2023-11-09 16:00:54,638 [INFO] IPUIPlugin:80 - create IPUIPlugin
2023-11-09 16:00:54,638 [INFO] IPUIPlugin:80 - create IPUIPlugin
2023-11-09 16:00:54,638 [INFO] IPUIPlugin:80 - create IPUIPlugin
2023-11-09 16:00:54,638 [INFO] IPUIPlugin:80 - create IPUIPlugin
2023-11-09 16:00:54,638 [INFO] IPUIPlugin:80 - create IPUIPlugin
2023-11-09 16:00:54,639 [INFO] IPUIPlugin:80 - create IPUIPlugin
2023-11-09 16:00:54,639 [INFO] IPUIPlugin:80 - create IPUIPlugin
2023-11-09 16:00:54,639 [INFO] IPUIPlugin:80 - create IPUIPlugin
2023-11-09 16:00:54,639 [INFO] IPUIPlugin:80 - create IPUIPlugin
2023-11-09 16:00:54,639 [INFO] IPUIPlugin:80 - create IPUIPlugin
2023-11-09 16:00:54,639 [INFO] IPUIPlugin:80 - create IPUIPlugin
2023-11-09 16:00:54,640 [INFO] IPUIPlugin:80 - create IPUIPlugin
2023-11-09 16:00:54,640 [INFO] IPUIPlugin:80 - create IPUIPlugin
2023-11-09 16:00:54,640 [INFO] IPUIPlugin:80 - create IPUIPlugin
2023-11-09 16:00:54,640 [INFO] IPUIPlugin:80 - create IPUIPlugin
2023-11-09 16:00:54,640 [INFO] IPUIPlugin:80 - create IPUIPlugin
2023-11-09 16:00:54,640 [INFO] IPUIPlugin:80 - create IPUIPlugin
2023-11-09 16:00:54,641 [INFO] IPUIPlugin:80 - create IPUIPlugin
2023-11-09 16:00:54,641 [INFO] IPUIPlugin:80 - create IPUIPlugin
2023-11-09 16:00:54,641 [INFO] IPUIPlugin:80 - create IPUIPlugin
2023-11-09 16:00:54,641 [INFO] IPUIPlugin:80 - create IPUIPlugin
2023-11-09 16:00:54,642 [INFO] IPUIPlugin:80 - create IPUIPlugin
2023-11-09 16:00:54,642 [INFO] IPUIPlugin:80 - create IPUIPlugin
2023-11-09 16:00:54,643 [INFO] IPUIPlugin:80 - create IPUIPlugin
2023-11-09 16:00:54,643 [INFO] IPUIPlugin:80 - create IPUIPlugin
2023-11-09 16:00:54,643 [INFO] IPUIPlugin:80 - create IPUIPlugin
2023-11-09 16:00:54,644 [INFO] IPUIPlugin:80 - create IPUIPlugin
2023-11-09 16:00:54,644 [INFO] IPUIPlugin:80 - create IPUIPlugin
2023-11-09 16:00:54,644 [INFO] IPUIPlugin:80 - create IPUIPlugin
2023-11-09 16:00:54,645 [INFO] IPUIPlugin:80 - create IPUIPlugin
2023-11-09 16:00:54,645 [INFO] IPUIPlugin:80 - create IPUIPlugin
2023-11-09 16:00:54,645 [INFO] IPUIPlugin:80 - create IPUIPlugin
2023-11-09 16:00:54,645 [INFO] IPUIPlugin:80 - create IPUIPlugin
2023-11-09 16:00:54,646 [INFO] IPUIPlugin:80 - create IPUIPlugin
2023-11-09 16:00:54,646 [INFO] IPUIPlugin:80 - create IPUIPlugin
2023-11-09 16:00:54,646 [INFO] IPUIPlugin:80 - create IPUIPlugin
2023-11-09 16:00:54,647 [INFO] IPUIPlugin:80 - create IPUIPlugin
2023-11-09 16:00:54,647 [INFO] IPUIPlugin:80 - create IPUIPlugin
2023-11-09 16:00:54,647 [INFO] IPUIPlugin:80 - create IPUIPlugin
2023-11-09 16:00:54,648 [INFO] IPUIPlugin:80 - create IPUIPlugin
2023-11-09 16:00:54,648 [INFO] IPUIPlugin:80 - create IPUIPlugin
2023-11-09 16:00:54,648 [INFO] IPUIPlugin:80 - create IPUIPlugin
2023-11-09 16:00:54,648 [INFO] IPUIPlugin:80 - create IPUIPlugin
2023-11-09 16:00:54,649 [INFO] IPUIPlugin:80 - create IPUIPlugin
2023-11-09 16:00:54,649 [INFO] IPUIPlugin:80 - create IPUIPlugin
2023-11-09 16:00:54,649 [INFO] IPUIPlugin:80 - create IPUIPlugin
2023-11-09 16:00:54,651 [INFO] IPUIPlugin:80 - create IPUIPlugin
2023-11-09 16:00:54,651 [INFO] IPUIPlugin:80 - create IPUIPlugin
2023-11-09 16:00:54,651 [INFO] IPUIPlugin:80 - create IPUIPlugin
2023-11-09 16:00:54,651 [INFO] IPUIPlugin:80 - create IPUIPlugin
2023-11-09 16:00:54,651 [INFO] IPUIPlugin:80 - create IPUIPlugin
2023-11-09 16:00:54,652 [INFO] IPUIPlugin:80 - create IPUIPlugin
2023-11-09 16:00:54,652 [INFO] IPUIPlugin:80 - create IPUIPlugin
2023-11-09 16:00:54,653 [INFO] IPUIPlugin:80 - create IPUIPlugin
2023-11-09 16:00:54,653 [INFO] IPUIPlugin:80 - create IPUIPlugin
2023-11-09 16:00:54,654 [INFO] IPUIPlugin:80 - create IPUIPlugin
2023-11-09 16:00:54,654 [INFO] IPUIPlugin:80 - create IPUIPlugin
2023-11-09 16:00:54,655 [INFO] IPUIPlugin:80 - create IPUIPlugin
2023-11-09 16:00:54,656 [INFO] IPUIPlugin:80 - create IPUIPlugin
2023-11-09 16:00:54,656 [INFO] IPUIPlugin:80 - create IPUIPlugin
2023-11-09 16:00:54,658 [INFO] IPUIPlugin:80 - create IPUIPlugin
2023-11-09 16:00:54,658 [INFO] IPUIPlugin:80 - create IPUIPlugin
2023-11-09 16:00:54,659 [INFO] IPUIPlugin:80 - create IPUIPlugin
2023-11-09 16:00:54,659 [INFO] IPUIPlugin:80 - create IPUIPlugin
2023-11-09 16:00:54,660 [INFO] IPUIPlugin:80 - create IPUIPlugin
2023-11-09 16:00:54,660 [INFO] IPUIPlugin:80 - create IPUIPlugin
2023-11-09 16:00:54,660 [INFO] IPUIPlugin:80 - create IPUIPlugin
2023-11-09 16:00:54,661 [INFO] IPUIPlugin:80 - create IPUIPlugin
2023-11-09 16:00:54,662 [INFO] IPUIPlugin:80 - create IPUIPlugin
2023-11-09 16:00:54,663 [INFO] IPUIPlugin:80 - create IPUIPlugin
2023-11-09 16:00:54,664 [INFO] IPUIPlugin:80 - create IPUIPlugin
2023-11-09 16:00:54,664 [INFO] IPUIPlugin:80 - create IPUIPlugin
2023-11-09 16:00:54,665 [INFO] IPUIPlugin:80 - create IPUIPlugin
2023-11-09 16:00:54,666 [INFO] IPUIPlugin:80 - create IPUIPlugin
2023-11-09 16:00:54,666 [INFO] IPUIPlugin:80 - create IPUIPlugin
2023-11-09 16:00:54,667 [INFO] IPUIPlugin:80 - create IPUIPlugin
2023-11-09 16:00:54,684 [INFO] IPUIPlugin:80 - create IPUIPlugin
2023-11-09 16:00:54,685 [INFO] IPUIPlugin:80 - create IPUIPlugin
2023-11-09 16:00:54,686 [INFO] IPUIPlugin:80 - create IPUIPlugin
2023-11-09 16:00:54,686 [INFO] IPUIPlugin:80 - create IPUIPlugin
2023-11-09 16:00:54,687 [INFO] IPUIPlugin:80 - create IPUIPlugin
2023-11-09 16:00:54,757 [INFO] ApiDbMcu:507 - Load IP Config File for PDM2PCM
2023-11-09 16:00:55,013 [INFO] CADModel:165 - CPN selected for project levelSTM32H750VBT6
2023-11-09 16:00:55,013 [INFO] CADModel:114 - Register for checkConnection events
2023-11-09 16:00:55,172 [INFO] OpenFileManager:328 - Restore cursor
2023-11-09 16:00:56,383 [INFO] UtilMem:75 - End SaveConfig() Used Memory: 468439304 Bytes (791674880)
2023-11-09 16:00:56,517 [INFO] UtilMem:75 - End SaveConfig() Used Memory: 506683288 Bytes (791674880)
2023-11-09 16:00:56,916 [INFO] BlockDiagram:2759 - set Specific Code input for plugin: RCC
2023-11-09 16:00:56,916 [INFO] BlockDiagram:2759 - set Specific Code input for plugin: NVIC
2023-11-09 16:00:56,918 [INFO] CodeGenerator:799 - code generatio: config db path: C:\ST\STM32CubeIDE_1.12.0\STM32CubeIDE\plugins\com.st.stm32cube.common.mx_6.9.2.202309101412\\db\
2023-11-09 16:00:57,252 [INFO] CodeEngine:255 - oldGeneratedFile, D:\STM32\10Hz\MXTmpFiles\license.tmp_save
2023-11-09 16:00:57,914 [INFO] CodeEngine:279 - Generated code: D:\STM32\10Hz\MXTmpFiles\license.tmp
2023-11-09 16:00:58,049 [INFO] CodeEngine:255 - oldGeneratedFile, D:\STM32\10Hz\MXTmpFiles\cortex.tmp_save
2023-11-09 16:00:58,193 [INFO] CodeEngine:279 - Generated code: D:\STM32\10Hz\MXTmpFiles\cortex.tmp
2023-11-09 16:00:58,215 [INFO] CodeEngine:255 - oldGeneratedFile, D:\STM32\10Hz\Core\Src\stm32h7xx_it.c_save
2023-11-09 16:00:58,355 [INFO] CodeEngine:279 - Generated code: D:\STM32\10Hz\Core\Src\stm32h7xx_it.c
2023-11-09 16:00:58,366 [INFO] CodeEngine:255 - oldGeneratedFile, D:\STM32\10Hz\Core\Inc\stm32h7xx_it.h_save
2023-11-09 16:00:58,434 [INFO] CodeEngine:279 - Generated code: D:\STM32\10Hz\Core\Inc\stm32h7xx_it.h
2023-11-09 16:00:58,534 [INFO] CodeEngine:255 - oldGeneratedFile, D:\STM32\10Hz\Core\Src\stm32h7xx_hal_msp.c_save
2023-11-09 16:00:58,710 [INFO] CodeEngine:279 - Generated code: D:\STM32\10Hz\Core\Src\stm32h7xx_hal_msp.c
2023-11-09 16:00:58,722 [INFO] CodeEngine:255 - oldGeneratedFile, D:\STM32\10Hz\MXTmpFiles\system.tmp_save
2023-11-09 16:00:58,813 [INFO] CodeEngine:279 - Generated code: D:\STM32\10Hz\MXTmpFiles\system.tmp
2023-11-09 16:00:58,829 [INFO] CodeEngine:311 - oldGeneratedFile, D:\STM32\10Hz\Core\Inc\stm32h7xx_hal_conf.h_save
2023-11-09 16:00:58,947 [INFO] CodeEngine:335 - Generated code: D:\STM32\10Hz\Core\Inc\stm32h7xx_hal_conf.h
2023-11-09 16:00:59,037 [INFO] CodeEngine:255 - oldGeneratedFile, D:\STM32\10Hz\Core\Inc\main.h_save
2023-11-09 16:00:59,171 [INFO] CodeEngine:279 - Generated code: D:\STM32\10Hz\Core\Inc\main.h
2023-11-09 16:00:59,182 [INFO] CodeEngine:255 - oldGeneratedFile, D:\STM32\10Hz\Core\Src\main.c_save
2023-11-09 16:00:59,311 [INFO] CodeEngine:279 - Generated code: D:\STM32\10Hz\Core\Src\main.c
2023-11-09 16:00:59,869 [INFO] ProjectBuilder:3064 - Time for Copy HAL[1] : 123mS.
2023-11-09 16:00:59,874 [INFO] ProjectBuilder:4404 - Project Generator version: 4.1.0
2023-11-09 16:01:00,159 [INFO] ConfigFileManager:1457 - The Die is : DIE450
2023-11-09 16:01:00,170 [INFO] ApiDbMcu:507 - Load IP Config File for FATFS
2023-11-09 16:01:00,181 [INFO] ApiDbMcu:507 - Load IP Config File for FREERTOS
2023-11-09 16:01:00,188 [INFO] ApiDbMcu:507 - Load IP Config File for LIBJPEG
2023-11-09 16:01:00,199 [INFO] ApiDbMcu:507 - Load IP Config File for LWIP
2023-11-09 16:01:00,212 [INFO] ApiDbMcu:507 - Load IP Config File for MBEDTLS
2023-11-09 16:01:00,227 [INFO] ApiDbMcu:507 - Load IP Config File for USB_DEVICE
2023-11-09 16:01:00,236 [INFO] ApiDbMcu:507 - Load IP Config File for USB_HOST
2023-11-09 16:01:01,347 [INFO] LogOutputStream:77 - [STDOUT_REDIRECT] 
2023-11-09 16:01:04,766 [INFO] ProjectBuilder:4626 - Time for Generating toolchain IDE Files: 4891mS.
2023-11-09 16:01:04,766 [INFO] ProjectBuilder:2935 - Time for Copy CMSIS : 0mS.
2023-11-09 16:01:04,767 [INFO] ProjectBuilder:2935 - Time for Copy CMSIS : 0mS.
2023-11-09 16:01:05,930 [INFO] McuFinderGlobals:76 - Set McuFinderConnectedMode to true
2023-11-09 16:01:05,934 [INFO] ApiDb:448 - Save user favorites file C:\Users\user/.stm32cubeide/favorites.mcus.txt: 2 item(s)
2023-11-09 16:01:05,934 [INFO] ApiDb:452 - User favorites MCUs=[STM32F103C8T6, STM32H750VBT6]
2023-11-09 16:05:33,299 [INFO] NvicIntPanel:101 - NVIC parent = com.st.microxplorer.plugins.ip.nvic.MultiNvicIntPanel[,0,0,0x0,invalid,layout=javax.swing.BoxLayout,alignmentX=0.0,alignmentY=0.0,border=,flags=9,maximumSize=,minimumSize=,preferredSize=]
2023-11-09 16:05:56,601 [INFO] NvicIntPanel:101 - NVIC parent = com.st.microxplorer.plugins.ip.nvic.MultiNvicIntPanel[,0,0,524x410,layout=javax.swing.BoxLayout,alignmentX=0.0,alignmentY=0.0,border=,flags=9,maximumSize=,minimumSize=,preferredSize=]
2023-11-09 16:05:57,701 [INFO] NvicIntPanel:101 - NVIC parent = com.st.microxplorer.plugins.ip.nvic.MultiNvicIntPanel[,0,0,0x0,invalid,layout=javax.swing.BoxLayout,alignmentX=0.0,alignmentY=0.0,border=,flags=9,maximumSize=,minimumSize=,preferredSize=]
2023-11-09 16:06:04,915 [INFO] UtilMem:75 - End SaveConfig() Used Memory: 671315256 Bytes (1073741824)
2023-11-09 16:06:06,225 [INFO] UtilMem:75 - End SaveConfig() Used Memory: 814889512 Bytes (1073741824)
2023-11-09 16:06:06,539 [INFO] BlockDiagram:2759 - set Specific Code input for plugin: RCC
2023-11-09 16:06:06,539 [INFO] BlockDiagram:2759 - set Specific Code input for plugin: TIM1_8H7
2023-11-09 16:06:06,539 [INFO] BlockDiagram:2759 - set Specific Code input for plugin: NVIC
2023-11-09 16:06:06,542 [INFO] BlockDiagram:2759 - set Specific Code input for plugin: GPIO
2023-11-09 16:06:06,545 [INFO] CodeGenerator:799 - code generatio: config db path: C:\ST\STM32CubeIDE_1.12.0\STM32CubeIDE\plugins\com.st.stm32cube.common.mx_6.9.2.202309101412\\db\
2023-11-09 16:06:06,856 [INFO] CodeEngine:255 - oldGeneratedFile, D:\STM32\10Hz\MXTmpFiles\license.tmp_save
2023-11-09 16:06:07,284 [INFO] CodeEngine:279 - Generated code: D:\STM32\10Hz\MXTmpFiles\license.tmp
2023-11-09 16:06:07,374 [INFO] CodeEngine:255 - oldGeneratedFile, D:\STM32\10Hz\MXTmpFiles\gpio.tmp_save
2023-11-09 16:06:07,547 [INFO] CodeEngine:279 - Generated code: D:\STM32\10Hz\MXTmpFiles\gpio.tmp
2023-11-09 16:06:07,721 [INFO] CodeEngine:255 - oldGeneratedFile, D:\STM32\10Hz\MXTmpFiles\cortex.tmp_save
2023-11-09 16:06:07,817 [INFO] CodeEngine:279 - Generated code: D:\STM32\10Hz\MXTmpFiles\cortex.tmp
2023-11-09 16:06:07,838 [INFO] CodeEngine:255 - oldGeneratedFile, D:\STM32\10Hz\Core\Src\stm32h7xx_it.c_save
2023-11-09 16:06:07,939 [INFO] CodeEngine:279 - Generated code: D:\STM32\10Hz\Core\Src\stm32h7xx_it.c
2023-11-09 16:06:07,941 [INFO] CodeEngine:255 - oldGeneratedFile, D:\STM32\10Hz\Core\Inc\stm32h7xx_it.h_save
2023-11-09 16:06:08,051 [INFO] CodeEngine:279 - Generated code: D:\STM32\10Hz\Core\Inc\stm32h7xx_it.h
2023-11-09 16:06:08,125 [INFO] CodeEngine:255 - oldGeneratedFile, D:\STM32\10Hz\Core\Src\stm32h7xx_hal_msp.c_save
2023-11-09 16:06:08,258 [INFO] CodeEngine:279 - Generated code: D:\STM32\10Hz\Core\Src\stm32h7xx_hal_msp.c
2023-11-09 16:06:08,260 [INFO] CodeEngine:255 - oldGeneratedFile, D:\STM32\10Hz\MXTmpFiles\system.tmp_save
2023-11-09 16:06:08,300 [INFO] CodeEngine:279 - Generated code: D:\STM32\10Hz\MXTmpFiles\system.tmp
2023-11-09 16:06:08,311 [INFO] CodeEngine:311 - oldGeneratedFile, D:\STM32\10Hz\Core\Inc\stm32h7xx_hal_conf.h_save
2023-11-09 16:06:08,384 [INFO] CodeEngine:335 - Generated code: D:\STM32\10Hz\Core\Inc\stm32h7xx_hal_conf.h
2023-11-09 16:06:08,414 [WARN] IPConfigManager:3431 - IP not found : TIM
2023-11-09 16:06:08,415 [WARN] CodeGenerator:3764 - IP not found : null
2023-11-09 16:06:08,425 [INFO] CodeEngine:255 - oldGeneratedFile, D:\STM32\10Hz\Core\Inc\main.h_save
2023-11-09 16:06:08,500 [INFO] CodeEngine:279 - Generated code: D:\STM32\10Hz\Core\Inc\main.h
2023-11-09 16:06:08,507 [INFO] CodeEngine:255 - oldGeneratedFile, D:\STM32\10Hz\Core\Src\main.c_save
2023-11-09 16:06:08,619 [INFO] CodeEngine:279 - Generated code: D:\STM32\10Hz\Core\Src\main.c
2023-11-09 16:06:09,168 [INFO] ProjectBuilder:3064 - Time for Copy HAL[1] : 95mS.
2023-11-09 16:06:09,170 [INFO] ProjectBuilder:4404 - Project Generator version: 4.1.0
2023-11-09 16:06:09,390 [INFO] ConfigFileManager:1457 - The Die is : DIE450
2023-11-09 16:06:12,378 [INFO] ProjectBuilder:4626 - Time for Generating toolchain IDE Files: 3208mS.
2023-11-09 16:06:12,379 [INFO] ProjectBuilder:2935 - Time for Copy CMSIS : 1mS.
2023-11-09 16:06:12,380 [INFO] ProjectBuilder:2935 - Time for Copy CMSIS : 1mS.
2023-11-09 16:15:59,919 [INFO] NvicIntPanel:101 - NVIC parent = com.st.microxplorer.plugins.ip.nvic.MultiNvicIntPanel[,0,0,0x0,invalid,layout=javax.swing.BoxLayout,alignmentX=0.0,alignmentY=0.0,border=,flags=9,maximumSize=,minimumSize=,preferredSize=]
2023-11-09 16:17:07,006 [INFO] UtilMem:75 - End SaveConfig() Used Memory: 575177024 Bytes (1073741824)
2023-11-09 16:17:07,107 [INFO] UtilMem:75 - End SaveConfig() Used Memory: 610806464 Bytes (1073741824)
2023-11-09 16:17:07,290 [INFO] UtilMem:75 - End SaveConfig() Used Memory: 655327016 Bytes (1073741824)
2023-11-09 16:17:07,455 [INFO] BlockDiagram:2759 - set Specific Code input for plugin: RCC
2023-11-09 16:17:07,456 [INFO] BlockDiagram:2759 - set Specific Code input for plugin: TIM1_8H7
2023-11-09 16:17:07,456 [INFO] BlockDiagram:2759 - set Specific Code input for plugin: NVIC
2023-11-09 16:17:07,456 [INFO] BlockDiagram:2759 - set Specific Code input for plugin: GPIO
2023-11-09 16:17:07,457 [INFO] CodeGenerator:799 - code generatio: config db path: C:\ST\STM32CubeIDE_1.12.0\STM32CubeIDE\plugins\com.st.stm32cube.common.mx_6.9.2.202309101412\\db\
2023-11-09 16:17:07,570 [INFO] CodeEngine:255 - oldGeneratedFile, D:\STM32\10Hz\MXTmpFiles\license.tmp_save
2023-11-09 16:17:07,654 [INFO] CodeEngine:279 - Generated code: D:\STM32\10Hz\MXTmpFiles\license.tmp
2023-11-09 16:17:07,664 [INFO] CodeEngine:255 - oldGeneratedFile, D:\STM32\10Hz\MXTmpFiles\gpio.tmp_save
2023-11-09 16:17:07,739 [INFO] CodeEngine:279 - Generated code: D:\STM32\10Hz\MXTmpFiles\gpio.tmp
2023-11-09 16:17:07,780 [INFO] CodeEngine:255 - oldGeneratedFile, D:\STM32\10Hz\MXTmpFiles\cortex.tmp_save
2023-11-09 16:17:07,862 [INFO] CodeEngine:279 - Generated code: D:\STM32\10Hz\MXTmpFiles\cortex.tmp
2023-11-09 16:17:07,882 [INFO] CodeEngine:255 - oldGeneratedFile, D:\STM32\10Hz\Core\Src\stm32h7xx_it.c_save
2023-11-09 16:17:07,950 [INFO] CodeEngine:279 - Generated code: D:\STM32\10Hz\Core\Src\stm32h7xx_it.c
2023-11-09 16:17:07,955 [INFO] CodeEngine:255 - oldGeneratedFile, D:\STM32\10Hz\Core\Inc\stm32h7xx_it.h_save
2023-11-09 16:17:08,011 [INFO] CodeEngine:279 - Generated code: D:\STM32\10Hz\Core\Inc\stm32h7xx_it.h
2023-11-09 16:17:08,047 [INFO] CodeEngine:255 - oldGeneratedFile, D:\STM32\10Hz\Core\Src\stm32h7xx_hal_msp.c_save
2023-11-09 16:17:08,121 [INFO] CodeEngine:279 - Generated code: D:\STM32\10Hz\Core\Src\stm32h7xx_hal_msp.c
2023-11-09 16:17:08,123 [INFO] CodeEngine:255 - oldGeneratedFile, D:\STM32\10Hz\MXTmpFiles\system.tmp_save
2023-11-09 16:17:08,173 [INFO] CodeEngine:279 - Generated code: D:\STM32\10Hz\MXTmpFiles\system.tmp
2023-11-09 16:17:08,185 [INFO] CodeEngine:311 - oldGeneratedFile, D:\STM32\10Hz\Core\Inc\stm32h7xx_hal_conf.h_save
2023-11-09 16:17:08,258 [INFO] CodeEngine:335 - Generated code: D:\STM32\10Hz\Core\Inc\stm32h7xx_hal_conf.h
2023-11-09 16:17:08,379 [WARN] IPConfigManager:3431 - IP not found : TIM
2023-11-09 16:17:08,380 [WARN] CodeGenerator:3764 - IP not found : null
2023-11-09 16:17:08,392 [INFO] CodeEngine:255 - oldGeneratedFile, D:\STM32\10Hz\Core\Inc\main.h_save
2023-11-09 16:17:08,471 [INFO] CodeEngine:279 - Generated code: D:\STM32\10Hz\Core\Inc\main.h
2023-11-09 16:17:08,480 [INFO] CodeEngine:255 - oldGeneratedFile, D:\STM32\10Hz\Core\Src\main.c_save
2023-11-09 16:17:08,558 [INFO] CodeEngine:279 - Generated code: D:\STM32\10Hz\Core\Src\main.c
2023-11-09 16:17:08,969 [INFO] ProjectBuilder:3064 - Time for Copy HAL[1] : 129mS.
2023-11-09 16:17:08,972 [INFO] ProjectBuilder:4404 - Project Generator version: 4.1.0
2023-11-09 16:17:09,097 [INFO] ConfigFileManager:1457 - The Die is : DIE450
2023-11-09 16:17:10,916 [INFO] ProjectBuilder:4626 - Time for Generating toolchain IDE Files: 1944mS.
2023-11-09 16:17:10,917 [INFO] ProjectBuilder:2935 - Time for Copy CMSIS : 0mS.
2023-11-09 16:17:10,918 [INFO] ProjectBuilder:2935 - Time for Copy CMSIS : 0mS.
2023-11-09 16:20:07,967 [INFO] NvicIntPanel:101 - NVIC parent = com.st.microxplorer.plugins.ip.nvic.MultiNvicIntPanel[,0,0,0x0,invalid,layout=javax.swing.BoxLayout,alignmentX=0.0,alignmentY=0.0,border=,flags=9,maximumSize=,minimumSize=,preferredSize=]
2023-11-09 16:20:35,627 [INFO] UtilMem:75 - End SaveConfig() Used Memory: 444254768 Bytes (1073741824)
2023-11-09 16:20:35,716 [INFO] UtilMem:75 - End SaveConfig() Used Memory: 479380016 Bytes (1073741824)
2023-11-09 16:20:35,898 [INFO] UtilMem:75 - End SaveConfig() Used Memory: 523946544 Bytes (1073741824)
2023-11-09 16:20:36,092 [INFO] BlockDiagram:2759 - set Specific Code input for plugin: RCC
2023-11-09 16:20:36,092 [INFO] BlockDiagram:2759 - set Specific Code input for plugin: TIM1_8H7
2023-11-09 16:20:36,093 [INFO] BlockDiagram:2759 - set Specific Code input for plugin: NVIC
2023-11-09 16:20:36,093 [INFO] BlockDiagram:2759 - set Specific Code input for plugin: GPIO
2023-11-09 16:20:36,094 [INFO] CodeGenerator:799 - code generatio: config db path: C:\ST\STM32CubeIDE_1.12.0\STM32CubeIDE\plugins\com.st.stm32cube.common.mx_6.9.2.202309101412\\db\
2023-11-09 16:20:36,224 [INFO] CodeEngine:255 - oldGeneratedFile, D:\STM32\10Hz\MXTmpFiles\license.tmp_save
2023-11-09 16:20:36,285 [INFO] CodeEngine:279 - Generated code: D:\STM32\10Hz\MXTmpFiles\license.tmp
2023-11-09 16:20:36,299 [INFO] CodeEngine:255 - oldGeneratedFile, D:\STM32\10Hz\MXTmpFiles\gpio.tmp_save
2023-11-09 16:20:36,378 [INFO] CodeEngine:279 - Generated code: D:\STM32\10Hz\MXTmpFiles\gpio.tmp
2023-11-09 16:20:36,410 [INFO] CodeEngine:255 - oldGeneratedFile, D:\STM32\10Hz\MXTmpFiles\cortex.tmp_save
2023-11-09 16:20:36,535 [INFO] CodeEngine:279 - Generated code: D:\STM32\10Hz\MXTmpFiles\cortex.tmp
2023-11-09 16:20:36,597 [INFO] CodeEngine:255 - oldGeneratedFile, D:\STM32\10Hz\Core\Src\stm32h7xx_it.c_save
2023-11-09 16:20:36,669 [INFO] CodeEngine:279 - Generated code: D:\STM32\10Hz\Core\Src\stm32h7xx_it.c
2023-11-09 16:20:36,672 [INFO] CodeEngine:255 - oldGeneratedFile, D:\STM32\10Hz\Core\Inc\stm32h7xx_it.h_save
2023-11-09 16:20:36,711 [INFO] CodeEngine:279 - Generated code: D:\STM32\10Hz\Core\Inc\stm32h7xx_it.h
2023-11-09 16:20:36,736 [INFO] CodeEngine:255 - oldGeneratedFile, D:\STM32\10Hz\Core\Src\stm32h7xx_hal_msp.c_save
2023-11-09 16:20:36,799 [INFO] CodeEngine:279 - Generated code: D:\STM32\10Hz\Core\Src\stm32h7xx_hal_msp.c
2023-11-09 16:20:36,802 [INFO] CodeEngine:255 - oldGeneratedFile, D:\STM32\10Hz\MXTmpFiles\system.tmp_save
2023-11-09 16:20:36,843 [INFO] CodeEngine:279 - Generated code: D:\STM32\10Hz\MXTmpFiles\system.tmp
2023-11-09 16:20:36,854 [INFO] CodeEngine:311 - oldGeneratedFile, D:\STM32\10Hz\Core\Inc\stm32h7xx_hal_conf.h_save
2023-11-09 16:20:36,932 [INFO] CodeEngine:335 - Generated code: D:\STM32\10Hz\Core\Inc\stm32h7xx_hal_conf.h
2023-11-09 16:20:36,964 [WARN] IPConfigManager:3431 - IP not found : TIM
2023-11-09 16:20:36,965 [WARN] CodeGenerator:3764 - IP not found : null
2023-11-09 16:20:36,978 [INFO] CodeEngine:255 - oldGeneratedFile, D:\STM32\10Hz\Core\Inc\main.h_save
2023-11-09 16:20:37,040 [INFO] CodeEngine:279 - Generated code: D:\STM32\10Hz\Core\Inc\main.h
2023-11-09 16:20:37,053 [INFO] CodeEngine:255 - oldGeneratedFile, D:\STM32\10Hz\Core\Src\main.c_save
2023-11-09 16:20:37,138 [INFO] CodeEngine:279 - Generated code: D:\STM32\10Hz\Core\Src\main.c
2023-11-09 16:20:37,584 [INFO] ProjectBuilder:3064 - Time for Copy HAL[1] : 94mS.
2023-11-09 16:20:37,586 [INFO] ProjectBuilder:4404 - Project Generator version: 4.1.0
2023-11-09 16:20:37,712 [INFO] ConfigFileManager:1457 - The Die is : DIE450
2023-11-09 16:20:39,358 [INFO] ProjectBuilder:4626 - Time for Generating toolchain IDE Files: 1773mS.
2023-11-09 16:20:39,359 [INFO] ProjectBuilder:2935 - Time for Copy CMSIS : 1mS.
2023-11-09 16:20:39,360 [INFO] ProjectBuilder:2935 - Time for Copy CMSIS : 0mS.
2023-11-09 16:25:20,447 [INFO] UtilMem:75 - End SaveConfig() Used Memory: 469142448 Bytes (1073741824)
2023-11-09 16:25:21,229 [INFO] UtilMem:75 - End SaveConfig() Used Memory: 685675440 Bytes (1073741824)
2023-11-09 16:25:21,479 [INFO] BlockDiagram:2759 - set Specific Code input for plugin: RCC
2023-11-09 16:25:21,479 [INFO] BlockDiagram:2759 - set Specific Code input for plugin: TIM1_8H7
2023-11-09 16:25:21,479 [INFO] BlockDiagram:2759 - set Specific Code input for plugin: NVIC
2023-11-09 16:25:21,480 [INFO] BlockDiagram:2759 - set Specific Code input for plugin: GPIO
2023-11-09 16:25:21,481 [INFO] CodeGenerator:799 - code generatio: config db path: C:\ST\STM32CubeIDE_1.12.0\STM32CubeIDE\plugins\com.st.stm32cube.common.mx_6.9.2.202309101412\\db\
2023-11-09 16:25:21,626 [INFO] CodeEngine:255 - oldGeneratedFile, D:\STM32\10Hz\MXTmpFiles\license.tmp_save
2023-11-09 16:25:21,895 [INFO] CodeEngine:279 - Generated code: D:\STM32\10Hz\MXTmpFiles\license.tmp
2023-11-09 16:25:21,923 [INFO] CodeEngine:255 - oldGeneratedFile, D:\STM32\10Hz\MXTmpFiles\gpio.tmp_save
2023-11-09 16:25:22,006 [INFO] CodeEngine:279 - Generated code: D:\STM32\10Hz\MXTmpFiles\gpio.tmp
2023-11-09 16:25:22,057 [INFO] CodeEngine:255 - oldGeneratedFile, D:\STM32\10Hz\MXTmpFiles\cortex.tmp_save
2023-11-09 16:25:22,118 [INFO] CodeEngine:279 - Generated code: D:\STM32\10Hz\MXTmpFiles\cortex.tmp
2023-11-09 16:25:22,134 [INFO] CodeEngine:255 - oldGeneratedFile, D:\STM32\10Hz\Core\Src\stm32h7xx_it.c_save
2023-11-09 16:25:22,192 [INFO] CodeEngine:279 - Generated code: D:\STM32\10Hz\Core\Src\stm32h7xx_it.c
2023-11-09 16:25:22,202 [INFO] CodeEngine:255 - oldGeneratedFile, D:\STM32\10Hz\Core\Inc\stm32h7xx_it.h_save
2023-11-09 16:25:22,268 [INFO] CodeEngine:279 - Generated code: D:\STM32\10Hz\Core\Inc\stm32h7xx_it.h
2023-11-09 16:25:22,309 [INFO] CodeEngine:255 - oldGeneratedFile, D:\STM32\10Hz\Core\Src\stm32h7xx_hal_msp.c_save
2023-11-09 16:25:22,408 [INFO] CodeEngine:279 - Generated code: D:\STM32\10Hz\Core\Src\stm32h7xx_hal_msp.c
2023-11-09 16:25:22,410 [INFO] CodeEngine:255 - oldGeneratedFile, D:\STM32\10Hz\MXTmpFiles\system.tmp_save
2023-11-09 16:25:22,459 [INFO] CodeEngine:279 - Generated code: D:\STM32\10Hz\MXTmpFiles\system.tmp
2023-11-09 16:25:22,471 [INFO] CodeEngine:311 - oldGeneratedFile, D:\STM32\10Hz\Core\Inc\stm32h7xx_hal_conf.h_save
2023-11-09 16:25:22,546 [INFO] CodeEngine:335 - Generated code: D:\STM32\10Hz\Core\Inc\stm32h7xx_hal_conf.h
2023-11-09 16:25:22,569 [WARN] IPConfigManager:3431 - IP not found : TIM
2023-11-09 16:25:22,569 [WARN] CodeGenerator:3764 - IP not found : null
2023-11-09 16:25:22,580 [INFO] CodeEngine:255 - oldGeneratedFile, D:\STM32\10Hz\Core\Inc\main.h_save
2023-11-09 16:25:22,647 [INFO] CodeEngine:279 - Generated code: D:\STM32\10Hz\Core\Inc\main.h
2023-11-09 16:25:22,654 [INFO] CodeEngine:255 - oldGeneratedFile, D:\STM32\10Hz\Core\Src\main.c_save
2023-11-09 16:25:22,727 [INFO] CodeEngine:279 - Generated code: D:\STM32\10Hz\Core\Src\main.c
2023-11-09 16:25:23,074 [INFO] ProjectBuilder:3064 - Time for Copy HAL[1] : 79mS.
2023-11-09 16:25:23,076 [INFO] ProjectBuilder:4404 - Project Generator version: 4.1.0
2023-11-09 16:25:23,241 [INFO] ConfigFileManager:1457 - The Die is : DIE450
2023-11-09 16:25:24,833 [INFO] ProjectBuilder:4626 - Time for Generating toolchain IDE Files: 1758mS.
2023-11-09 16:25:24,833 [INFO] ProjectBuilder:2935 - Time for Copy CMSIS : 0mS.
2023-11-09 16:25:24,834 [INFO] ProjectBuilder:2935 - Time for Copy CMSIS : 0mS.
2023-11-09 16:36:47,529 [INFO] NvicIntPanel:101 - NVIC parent = com.st.microxplorer.plugins.ip.nvic.MultiNvicIntPanel[,0,0,499x342,layout=javax.swing.BoxLayout,alignmentX=0.0,alignmentY=0.0,border=,flags=9,maximumSize=,minimumSize=,preferredSize=]
2023-11-09 17:23:02,231 [INFO] UtilMem:75 - End SaveConfig() Used Memory: 618470488 Bytes (1073741824)
2023-11-09 17:23:02,326 [INFO] UtilMem:75 - End SaveConfig() Used Memory: 700523632 Bytes (1073741824)
2023-11-09 17:23:02,911 [INFO] UtilMem:75 - End SaveConfig() Used Memory: 862255248 Bytes (1073741824)
2023-11-09 17:23:03,175 [INFO] BlockDiagram:2759 - set Specific Code input for plugin: RCC
2023-11-09 17:23:03,175 [INFO] BlockDiagram:2759 - set Specific Code input for plugin: TIM1_8H7
2023-11-09 17:23:03,175 [INFO] BlockDiagram:2759 - set Specific Code input for plugin: NVIC
2023-11-09 17:23:03,175 [INFO] BlockDiagram:2759 - set Specific Code input for plugin: GPIO
2023-11-09 17:23:03,176 [INFO] CodeGenerator:799 - code generatio: config db path: C:\ST\STM32CubeIDE_1.12.0\STM32CubeIDE\plugins\com.st.stm32cube.common.mx_6.9.2.202309101412\\db\
2023-11-09 17:23:03,331 [INFO] CodeEngine:255 - oldGeneratedFile, D:\STM32\10Hz\MXTmpFiles\license.tmp_save
2023-11-09 17:23:03,482 [INFO] CodeEngine:279 - Generated code: D:\STM32\10Hz\MXTmpFiles\license.tmp
2023-11-09 17:23:03,495 [INFO] CodeEngine:255 - oldGeneratedFile, D:\STM32\10Hz\MXTmpFiles\gpio.tmp_save
2023-11-09 17:23:03,720 [INFO] CodeEngine:279 - Generated code: D:\STM32\10Hz\MXTmpFiles\gpio.tmp
2023-11-09 17:23:03,762 [INFO] CodeEngine:255 - oldGeneratedFile, D:\STM32\10Hz\MXTmpFiles\cortex.tmp_save
2023-11-09 17:23:03,837 [INFO] CodeEngine:279 - Generated code: D:\STM32\10Hz\MXTmpFiles\cortex.tmp
2023-11-09 17:23:03,853 [INFO] CodeEngine:255 - oldGeneratedFile, D:\STM32\10Hz\Core\Src\stm32h7xx_it.c_save
2023-11-09 17:23:03,996 [INFO] CodeEngine:279 - Generated code: D:\STM32\10Hz\Core\Src\stm32h7xx_it.c
2023-11-09 17:23:03,999 [INFO] CodeEngine:255 - oldGeneratedFile, D:\STM32\10Hz\Core\Inc\stm32h7xx_it.h_save
2023-11-09 17:23:04,057 [INFO] CodeEngine:279 - Generated code: D:\STM32\10Hz\Core\Inc\stm32h7xx_it.h
2023-11-09 17:23:04,097 [INFO] CodeEngine:255 - oldGeneratedFile, D:\STM32\10Hz\Core\Src\stm32h7xx_hal_msp.c_save
2023-11-09 17:23:04,275 [INFO] CodeEngine:279 - Generated code: D:\STM32\10Hz\Core\Src\stm32h7xx_hal_msp.c
2023-11-09 17:23:04,279 [INFO] CodeEngine:255 - oldGeneratedFile, D:\STM32\10Hz\MXTmpFiles\system.tmp_save
2023-11-09 17:23:04,362 [INFO] CodeEngine:279 - Generated code: D:\STM32\10Hz\MXTmpFiles\system.tmp
2023-11-09 17:23:04,374 [INFO] CodeEngine:311 - oldGeneratedFile, D:\STM32\10Hz\Core\Inc\stm32h7xx_hal_conf.h_save
2023-11-09 17:23:04,480 [INFO] CodeEngine:335 - Generated code: D:\STM32\10Hz\Core\Inc\stm32h7xx_hal_conf.h
2023-11-09 17:23:04,521 [WARN] IPConfigManager:3431 - IP not found : TIM
2023-11-09 17:23:04,521 [WARN] CodeGenerator:3764 - IP not found : null
2023-11-09 17:23:04,533 [INFO] CodeEngine:255 - oldGeneratedFile, D:\STM32\10Hz\Core\Inc\main.h_save
2023-11-09 17:23:04,655 [INFO] CodeEngine:279 - Generated code: D:\STM32\10Hz\Core\Inc\main.h
2023-11-09 17:23:04,672 [INFO] CodeEngine:255 - oldGeneratedFile, D:\STM32\10Hz\Core\Src\main.c_save
2023-11-09 17:23:04,797 [INFO] CodeEngine:279 - Generated code: D:\STM32\10Hz\Core\Src\main.c
2023-11-09 17:23:05,302 [INFO] ProjectBuilder:3064 - Time for Copy HAL[1] : 113mS.
2023-11-09 17:23:05,304 [INFO] ProjectBuilder:4404 - Project Generator version: 4.1.0
2023-11-09 17:23:05,705 [INFO] ConfigFileManager:1457 - The Die is : DIE450
2023-11-09 17:23:07,040 [INFO] ProjectBuilder:4626 - Time for Generating toolchain IDE Files: 1736mS.
2023-11-09 17:23:07,041 [INFO] ProjectBuilder:2935 - Time for Copy CMSIS : 0mS.
2023-11-09 17:23:07,042 [INFO] ProjectBuilder:2935 - Time for Copy CMSIS : 0mS.
2023-11-09 17:28:23,588 [INFO] UtilMem:75 - End SaveConfig() Used Memory: 469857184 Bytes (1073741824)
2023-11-09 17:28:23,676 [INFO] UtilMem:75 - End SaveConfig() Used Memory: 507083680 Bytes (1073741824)
2023-11-09 17:28:24,212 [INFO] UtilMem:75 - End SaveConfig() Used Memory: 597987576 Bytes (1073741824)
2023-11-09 17:28:24,394 [INFO] BlockDiagram:2759 - set Specific Code input for plugin: RCC
2023-11-09 17:28:24,396 [INFO] BlockDiagram:2759 - set Specific Code input for plugin: TIM1_8H7
2023-11-09 17:28:24,396 [INFO] BlockDiagram:2759 - set Specific Code input for plugin: NVIC
2023-11-09 17:28:24,396 [INFO] BlockDiagram:2759 - set Specific Code input for plugin: GPIO
2023-11-09 17:28:24,396 [INFO] CodeGenerator:799 - code generatio: config db path: C:\ST\STM32CubeIDE_1.12.0\STM32CubeIDE\plugins\com.st.stm32cube.common.mx_6.9.2.202309101412\\db\
2023-11-09 17:28:24,514 [INFO] CodeEngine:255 - oldGeneratedFile, D:\STM32\10Hz\MXTmpFiles\license.tmp_save
2023-11-09 17:28:24,597 [INFO] CodeEngine:279 - Generated code: D:\STM32\10Hz\MXTmpFiles\license.tmp
2023-11-09 17:28:24,611 [INFO] CodeEngine:255 - oldGeneratedFile, D:\STM32\10Hz\MXTmpFiles\gpio.tmp_save
2023-11-09 17:28:24,798 [INFO] CodeEngine:279 - Generated code: D:\STM32\10Hz\MXTmpFiles\gpio.tmp
2023-11-09 17:28:24,842 [INFO] CodeEngine:255 - oldGeneratedFile, D:\STM32\10Hz\MXTmpFiles\cortex.tmp_save
2023-11-09 17:28:24,925 [INFO] CodeEngine:279 - Generated code: D:\STM32\10Hz\MXTmpFiles\cortex.tmp
2023-11-09 17:28:24,944 [INFO] CodeEngine:255 - oldGeneratedFile, D:\STM32\10Hz\Core\Src\stm32h7xx_it.c_save
2023-11-09 17:28:25,012 [INFO] CodeEngine:279 - Generated code: D:\STM32\10Hz\Core\Src\stm32h7xx_it.c
2023-11-09 17:28:25,019 [INFO] CodeEngine:255 - oldGeneratedFile, D:\STM32\10Hz\Core\Inc\stm32h7xx_it.h_save
2023-11-09 17:28:25,072 [INFO] CodeEngine:279 - Generated code: D:\STM32\10Hz\Core\Inc\stm32h7xx_it.h
2023-11-09 17:28:25,121 [INFO] CodeEngine:255 - oldGeneratedFile, D:\STM32\10Hz\Core\Src\stm32h7xx_hal_msp.c_save
2023-11-09 17:28:25,214 [INFO] CodeEngine:279 - Generated code: D:\STM32\10Hz\Core\Src\stm32h7xx_hal_msp.c
2023-11-09 17:28:25,217 [INFO] CodeEngine:255 - oldGeneratedFile, D:\STM32\10Hz\MXTmpFiles\system.tmp_save
2023-11-09 17:28:25,261 [INFO] CodeEngine:279 - Generated code: D:\STM32\10Hz\MXTmpFiles\system.tmp
2023-11-09 17:28:25,274 [INFO] CodeEngine:311 - oldGeneratedFile, D:\STM32\10Hz\Core\Inc\stm32h7xx_hal_conf.h_save
2023-11-09 17:28:25,390 [INFO] CodeEngine:335 - Generated code: D:\STM32\10Hz\Core\Inc\stm32h7xx_hal_conf.h
2023-11-09 17:28:25,413 [WARN] IPConfigManager:3431 - IP not found : TIM
2023-11-09 17:28:25,414 [WARN] CodeGenerator:3764 - IP not found : null
2023-11-09 17:28:25,428 [INFO] CodeEngine:255 - oldGeneratedFile, D:\STM32\10Hz\Core\Inc\main.h_save
2023-11-09 17:28:25,510 [INFO] CodeEngine:279 - Generated code: D:\STM32\10Hz\Core\Inc\main.h
2023-11-09 17:28:25,519 [INFO] CodeEngine:255 - oldGeneratedFile, D:\STM32\10Hz\Core\Src\main.c_save
2023-11-09 17:28:25,605 [INFO] CodeEngine:279 - Generated code: D:\STM32\10Hz\Core\Src\main.c
2023-11-09 17:28:26,013 [INFO] ProjectBuilder:3064 - Time for Copy HAL[1] : 81mS.
2023-11-09 17:28:26,015 [INFO] ProjectBuilder:4404 - Project Generator version: 4.1.0
2023-11-09 17:28:26,197 [INFO] ConfigFileManager:1457 - The Die is : DIE450
2023-11-09 17:28:27,757 [INFO] ProjectBuilder:4626 - Time for Generating toolchain IDE Files: 1742mS.
2023-11-09 17:28:27,758 [INFO] ProjectBuilder:2935 - Time for Copy CMSIS : 0mS.
2023-11-09 17:28:27,759 [INFO] ProjectBuilder:2935 - Time for Copy CMSIS : 0mS.
2023-11-09 17:32:37,693 [INFO] WebApp:330 - JxBrowser engine has been closed 
2023-11-09 17:32:39,100 [ERROR] LogOutputStream:75 - [STDERR_REDIRECT] 
