2023-05-08 08:28:28,609 [INFO] Activator:176 - 


2023-05-08 08:28:28,621 [INFO] Activator:177 - !SESSION log4j initialized
2023-05-08 08:28:41,184 [INFO] LogOutputStream:77 - [STDOUT_REDIRECT] 
2023-05-08 08:29:20,726 [ERROR] LogOutputStream:75 - [STDERR_REDIRECT] SLF4J: Failed to load class "org.slf4j.impl.StaticLoggerBinder".
2023-05-08 08:29:20,729 [ERROR] LogOutputStream:75 - [STDERR_REDIRECT] SLF4J: Defaulting to no-operation (NOP) logger implementation
2023-05-08 08:29:20,732 [ERROR] LogOutputStream:75 - [STDERR_REDIRECT] SLF4J: See http://www.slf4j.org/codes.html#StaticLoggerBinder for further details.
2023-05-08 11:05:16,187 [INFO] ApplicationProperties:184 - Using Application install path: C:\ST\STM32CubeIDE_1.12.0\STM32CubeIDE\plugins\com.st.stm32cube.common.mx_6.8.0.202302231600
2023-05-08 11:05:16,214 [INFO] DbMcusXml:78 - Set database path to: C:\ST\STM32CubeIDE_1.12.0\STM32CubeIDE\plugins\com.st.stm32cube.common.mx_6.8.0.202302231600\\db\/mcu/
2023-05-08 11:05:16,215 [INFO] ApiDb:274 - Set plugin database path to: C:\ST\STM32CubeIDE_1.12.0\STM32CubeIDE\plugins\com.st.stm32cube.common.mx_6.8.0.202302231600\\db\/plugins/boardmanager/
2023-05-08 11:05:16,232 [WARN] ApiDb:259 - Overriding images path with different value:  => C:\ST\STM32CubeIDE_1.12.0\STM32CubeIDE\plugins\com.st.stm32cube.common.mx_6.8.0.202302231600\\db\/plugins/mcufinder/images/
2023-05-08 11:05:16,255 [INFO] ApiDb:250 - Set database path to: C:\Users\user\.stmcufinder\plugins\mcufinder//mcu/
2023-05-08 11:05:16,257 [INFO] DbMcusAds:125 - Set database path to: C:\Users\user\.stmcufinder\plugins\mcufinder//mcu/
2023-05-08 11:05:16,301 [INFO] CrossReferenceDbSqlite:203 - Set database path to: C:\Users\user\.stmcufinder\plugins\mcufinder//mcu/cs/
2023-05-08 11:05:16,427 [INFO] RulesReader:64 - Compatibility file has been processed (293 Rules)
2023-05-08 11:05:16,520 [INFO] DbMcusXml:78 - Set database path to: C:\ST\STM32CubeIDE_1.12.0\STM32CubeIDE\plugins\com.st.stm32cube.common.mx_6.8.0.202302231600\\db\/mcu/
2023-05-08 11:05:16,520 [INFO] ApiDb:274 - Set plugin database path to: C:\ST\STM32CubeIDE_1.12.0\STM32CubeIDE\plugins\com.st.stm32cube.common.mx_6.8.0.202302231600\\db\/plugins/boardmanager/
2023-05-08 11:05:16,520 [INFO] ApiDb:261 - Set plugin images path to: C:\ST\STM32CubeIDE_1.12.0\STM32CubeIDE\plugins\com.st.stm32cube.common.mx_6.8.0.202302231600\\db\/plugins/mcufinder/images/
2023-05-08 11:05:16,520 [WARN] DbFile:41 - Overriding database path with different value: C:\Users\user\.stmcufinder\plugins\mcufinder/ => C:\Users\user\.stmcufinder\plugins\mcufinder
2023-05-08 11:05:16,520 [INFO] ApiDb:250 - Set database path to: C:\Users\user\.stmcufinder\plugins\mcufinder//mcu/
2023-05-08 11:05:16,520 [WARN] DbFile:41 - Overriding database path with different value: C:\Users\user\.stmcufinder\plugins\mcufinder/ => C:\Users\user\.stmcufinder\plugins\mcufinder
2023-05-08 11:05:16,522 [INFO] DbMcusAds:125 - Set database path to: C:\Users\user\.stmcufinder\plugins\mcufinder//mcu/
2023-05-08 11:05:16,522 [WARN] DbFile:41 - Overriding database path with different value: C:\Users\user\.stmcufinder\plugins\mcufinder/ => C:\Users\user\.stmcufinder\plugins\mcufinder
2023-05-08 11:05:16,522 [WARN] DbFile:41 - Overriding database path with different value: C:\Users\user\.stmcufinder\plugins\mcufinder/ => C:\Users\user\.stmcufinder\plugins\mcufinder
2023-05-08 11:05:16,522 [INFO] CrossReferenceDbSqlite:203 - Set database path to: C:\Users\user\.stmcufinder\plugins\mcufinder//mcu/cs/
2023-05-08 11:05:16,607 [INFO] MainPanel:253 - HeapMemory: 514850816
2023-05-08 11:05:16,766 [INFO] DbMcusXml:78 - Set database path to: C:\ST\STM32CubeIDE_1.12.0\STM32CubeIDE\plugins\com.st.stm32cube.common.mx_6.8.0.202302231600\\db\/mcu/
2023-05-08 11:05:16,766 [INFO] ApiDb:274 - Set plugin database path to: C:\ST\STM32CubeIDE_1.12.0\STM32CubeIDE\plugins\com.st.stm32cube.common.mx_6.8.0.202302231600\\db\/plugins/boardmanager/
2023-05-08 11:05:16,766 [INFO] ApiDb:261 - Set plugin images path to: C:\ST\STM32CubeIDE_1.12.0\STM32CubeIDE\plugins\com.st.stm32cube.common.mx_6.8.0.202302231600\\db\/plugins/mcufinder/images/
2023-05-08 11:05:16,767 [WARN] DbFile:41 - Overriding database path with different value: C:\Users\user\.stmcufinder\plugins\mcufinder/ => C:\Users\user\.stmcufinder\plugins\mcufinder
2023-05-08 11:05:16,767 [INFO] ApiDb:250 - Set database path to: C:\Users\user\.stmcufinder\plugins\mcufinder//mcu/
2023-05-08 11:05:16,767 [WARN] DbFile:41 - Overriding database path with different value: C:\Users\user\.stmcufinder\plugins\mcufinder/ => C:\Users\user\.stmcufinder\plugins\mcufinder
2023-05-08 11:05:16,767 [INFO] DbMcusAds:125 - Set database path to: C:\Users\user\.stmcufinder\plugins\mcufinder//mcu/
2023-05-08 11:05:16,767 [WARN] DbFile:41 - Overriding database path with different value: C:\Users\user\.stmcufinder\plugins\mcufinder/ => C:\Users\user\.stmcufinder\plugins\mcufinder
2023-05-08 11:05:16,767 [WARN] DbFile:41 - Overriding database path with different value: C:\Users\user\.stmcufinder\plugins\mcufinder/ => C:\Users\user\.stmcufinder\plugins\mcufinder
2023-05-08 11:05:16,767 [INFO] CrossReferenceDbSqlite:203 - Set database path to: C:\Users\user\.stmcufinder\plugins\mcufinder//mcu/cs/
2023-05-08 11:05:16,795 [INFO] ApplicationProperties:184 - Using Application install path: C:\ST\STM32CubeIDE_1.12.0\STM32CubeIDE\plugins\com.st.stm32cube.common.mx_6.8.0.202302231600
2023-05-08 11:05:16,798 [INFO] PluginManage:196 - Search for loadable plugins [exclusion list=, ]
2023-05-08 11:05:16,801 [INFO] PluginManage:310 - Check plugin analytics
2023-05-08 11:05:17,000 [INFO] AnalyticsPlugin:253 - Accepted Software Licenses: STM32CubeMX.6.8.0
2023-05-08 11:05:17,000 [INFO] AnalyticsPlugin:255 - Accepted CMSIS Pack Licenses: emotas.I-CUBE-CANOPEN.1.1.3
2023-05-08 11:05:17,000 [INFO] AnalyticsPlugin:257 - Accepted Firmware Licenses: FW.H7.1.11.0,FW.G0.1.6.0
2023-05-08 11:05:17,006 [INFO] PluginManage:359 - Loaded plugin analytics (category:tool,tabindex:-1)
2023-05-08 11:05:17,006 [INFO] PluginManage:310 - Check plugin cadmodel
2023-05-08 11:05:17,023 [INFO] CADModel:105 - Init CAD model plugin
2023-05-08 11:05:17,023 [INFO] PluginManage:359 - Loaded plugin cadmodel (category:power,tabindex:5)
2023-05-08 11:05:17,023 [INFO] PluginManage:310 - Check plugin clock
2023-05-08 11:05:17,043 [INFO] PluginManage:359 - Loaded plugin clock (category:base,tabindex:2)
2023-05-08 11:05:17,044 [INFO] PluginManage:310 - Check plugin ddr
2023-05-08 11:05:17,047 [INFO] PluginManage:359 - Loaded plugin ddr (category:tool,tabindex:6)
2023-05-08 11:05:17,047 [INFO] PluginManage:310 - Check plugin filemanager
2023-05-08 11:05:17,191 [INFO] PluginManage:359 - Loaded plugin filemanager (category:base,tabindex:10)
2023-05-08 11:05:17,191 [INFO] PluginManage:310 - Check plugin ipmanager
2023-05-08 11:05:17,202 [INFO] PluginManage:359 - Loaded plugin ipmanager (category:base,tabindex:5)
2023-05-08 11:05:17,202 [INFO] PluginManage:310 - Check plugin lpbam
2023-05-08 11:05:17,222 [INFO] PluginManage:359 - Loaded plugin lpbam (category:base,tabindex:0)
2023-05-08 11:05:17,222 [INFO] PluginManage:310 - Check plugin pinoutandconfiguration
2023-05-08 11:05:17,239 [INFO] PluginManage:359 - Loaded plugin pinoutandconfiguration (category:base,tabindex:1)
2023-05-08 11:05:17,239 [INFO] PluginManage:310 - Check plugin pinoutconfig
2023-05-08 11:05:17,350 [WARN] SupportedApi:132 - Cannot load RTOS API schema: s4s-elt-must-match.1: The content of 'definitions' must match (annotation?, (simpleType | complexType)?, (unique | key | keyref)*)). A problem was found starting at: attribute.
2023-05-08 11:05:17,530 [INFO] PluginManage:359 - Loaded plugin pinoutconfig (category:base,tabindex:0)
2023-05-08 11:05:17,530 [INFO] PluginManage:310 - Check plugin power
2023-05-08 11:05:17,552 [INFO] PluginManage:359 - Loaded plugin power (category:power,tabindex:4)
2023-05-08 11:05:17,552 [INFO] PluginManage:310 - Check plugin projectmanager
2023-05-08 11:05:17,572 [INFO] PluginManage:359 - Loaded plugin projectmanager (category:projectmanager,tabindex:3)
2023-05-08 11:05:17,572 [INFO] PluginManage:310 - Check plugin thirdparty
2023-05-08 11:05:17,859 [INFO] PluginManage:359 - Loaded plugin thirdparty (category:base,tabindex:-1)
2023-05-08 11:05:17,859 [INFO] PluginManage:310 - Check plugin tools
2023-05-08 11:05:17,859 [WARN] IntegrityCheckThread:84 - waiting for thirdparty lock release [integrity check]
2023-05-08 11:05:17,860 [INFO] IntegrityCheckThread:86 - entering critical section [integrity check]
2023-05-08 11:05:17,862 [INFO] ThirdPartyUpdaterWithRetryManager:70 - Updater plugin not ready yet. [1/15]
2023-05-08 11:05:17,889 [INFO] PluginManage:359 - Loaded plugin tools (category:base,tabindex:7)
2023-05-08 11:05:17,889 [INFO] PluginManage:310 - Check plugin tutovideos
2023-05-08 11:05:18,197 [INFO] PluginManage:359 - Loaded plugin tutovideos (category:base,tabindex:-1)
2023-05-08 11:05:18,197 [INFO] PluginManage:310 - Check plugin updater
2023-05-08 11:05:18,222 [INFO] PluginManage:359 - Loaded plugin updater (category:base,tabindex:12)
2023-05-08 11:05:18,223 [INFO] PluginManage:283 - PluginManage : Loaded plugins [15]
2023-05-08 11:05:18,614 [INFO] PinOutPanel:1499 - setPackage(No Configuration,No Configuration)
2023-05-08 11:05:18,779 [INFO] CADModel:165 - CPN selected for project level
2023-05-08 11:05:18,779 [INFO] CADModel:114 - Register for checkConnection events
2023-05-08 11:05:18,816 [INFO] IPUIPlugin:80 - create IPUIPlugin
2023-05-08 11:05:18,816 [INFO] PluginManager:220 - loadIPPluginJar : add adc
2023-05-08 11:05:18,865 [INFO] IPUIPlugin:80 - create IPUIPlugin
2023-05-08 11:05:18,865 [INFO] PluginManager:220 - loadIPPluginJar : add aes
2023-05-08 11:05:18,900 [INFO] IPUIPlugin:80 - create IPUIPlugin
2023-05-08 11:05:18,900 [INFO] PluginManager:220 - loadIPPluginJar : add can
2023-05-08 11:05:18,920 [INFO] IPUIPlugin:80 - create IPUIPlugin
2023-05-08 11:05:18,920 [INFO] PluginManager:220 - loadIPPluginJar : add comp
2023-05-08 11:05:18,948 [INFO] IPUIPlugin:80 - create IPUIPlugin
2023-05-08 11:05:18,948 [INFO] PluginManager:220 - loadIPPluginJar : add cryp
2023-05-08 11:05:18,973 [INFO] IPUIPlugin:80 - create IPUIPlugin
2023-05-08 11:05:18,973 [INFO] PluginManager:220 - loadIPPluginJar : add dfsdm
2023-05-08 11:05:19,010 [INFO] IPUIPlugin:80 - create IPUIPlugin
2023-05-08 11:05:19,011 [INFO] PluginManager:220 - loadIPPluginJar : add dma
2023-05-08 11:05:19,046 [INFO] IPUIPlugin:80 - create IPUIPlugin
2023-05-08 11:05:19,046 [INFO] PluginManager:220 - loadIPPluginJar : add dma3
2023-05-08 11:05:19,063 [INFO] IPUIPlugin:80 - create IPUIPlugin
2023-05-08 11:05:19,063 [INFO] PluginManager:220 - loadIPPluginJar : add fatfs
2023-05-08 11:05:19,102 [INFO] IPUIPlugin:80 - create IPUIPlugin
2023-05-08 11:05:19,103 [INFO] PluginManager:220 - loadIPPluginJar : add fmc
2023-05-08 11:05:19,120 [INFO] IPUIPlugin:80 - create IPUIPlugin
2023-05-08 11:05:19,120 [INFO] PluginManager:220 - loadIPPluginJar : add freertos
2023-05-08 11:05:19,143 [INFO] IPUIPlugin:80 - create IPUIPlugin
2023-05-08 11:05:19,143 [INFO] PluginManager:220 - loadIPPluginJar : add genericplugin
2023-05-08 11:05:19,220 [INFO] IPUIPlugin:80 - create IPUIPlugin
2023-05-08 11:05:19,220 [INFO] PluginManager:220 - loadIPPluginJar : add gfxmmu
2023-05-08 11:05:19,333 [INFO] IPUIPlugin:80 - create IPUIPlugin
2023-05-08 11:05:19,333 [INFO] PluginManager:220 - loadIPPluginJar : add gic
2023-05-08 11:05:19,347 [INFO] IPUIPlugin:80 - create IPUIPlugin
2023-05-08 11:05:19,348 [INFO] PluginManager:220 - loadIPPluginJar : add gpio
2023-05-08 11:05:19,423 [INFO] IPUIPlugin:80 - create IPUIPlugin
2023-05-08 11:05:19,424 [INFO] PluginManager:220 - loadIPPluginJar : add gtzc
2023-05-08 11:05:19,452 [INFO] IPUIPlugin:80 - create IPUIPlugin
2023-05-08 11:05:19,452 [INFO] PluginManager:220 - loadIPPluginJar : add hash
2023-05-08 11:05:19,493 [INFO] IPUIPlugin:80 - create IPUIPlugin
2023-05-08 11:05:19,494 [INFO] PluginManager:220 - loadIPPluginJar : add i2c
2023-05-08 11:05:19,536 [INFO] IPUIPlugin:80 - create IPUIPlugin
2023-05-08 11:05:19,537 [INFO] PluginManager:220 - loadIPPluginJar : add i2s
2023-05-08 11:05:19,581 [INFO] IPUIPlugin:80 - create IPUIPlugin
2023-05-08 11:05:19,581 [INFO] PluginManager:220 - loadIPPluginJar : add i3c
2023-05-08 11:05:19,673 [INFO] IPUIPlugin:80 - create IPUIPlugin
2023-05-08 11:05:19,673 [INFO] PluginManager:220 - loadIPPluginJar : add ipddr
2023-05-08 11:05:19,751 [INFO] IPUIPlugin:80 - create IPUIPlugin
2023-05-08 11:05:19,751 [INFO] PluginManager:220 - loadIPPluginJar : add linkedlist
2023-05-08 11:05:19,781 [INFO] IPUIPlugin:80 - create IPUIPlugin
2023-05-08 11:05:19,781 [INFO] PluginManager:220 - loadIPPluginJar : add lorawan
2023-05-08 11:05:19,812 [INFO] IPUIPlugin:80 - create IPUIPlugin
2023-05-08 11:05:19,812 [INFO] PluginManager:220 - loadIPPluginJar : add ltdc
2023-05-08 11:05:19,825 [INFO] IPUIPlugin:80 - create IPUIPlugin
2023-05-08 11:05:19,825 [INFO] PluginManager:220 - loadIPPluginJar : add mdma
2023-05-08 11:05:19,837 [INFO] IPUIPlugin:80 - create IPUIPlugin
2023-05-08 11:05:19,837 [INFO] PluginManager:220 - loadIPPluginJar : add nvic
2023-05-08 11:05:19,868 [INFO] IPUIPlugin:80 - create IPUIPlugin
2023-05-08 11:05:19,868 [INFO] PluginManager:220 - loadIPPluginJar : add opamp
2023-05-08 11:05:19,917 [INFO] IPUIPlugin:80 - create IPUIPlugin
2023-05-08 11:05:19,917 [INFO] PluginManager:220 - loadIPPluginJar : add openamp
2023-05-08 11:05:19,952 [INFO] IPUIPlugin:80 - create IPUIPlugin
2023-05-08 11:05:19,952 [INFO] PluginManager:220 - loadIPPluginJar : add pdm2pcm
2023-05-08 11:05:19,966 [INFO] IPUIPlugin:80 - create IPUIPlugin
2023-05-08 11:05:19,970 [INFO] PluginManager:220 - loadIPPluginJar : add plateformsettings
2023-05-08 11:05:19,991 [INFO] IPUIPlugin:80 - create IPUIPlugin
2023-05-08 11:05:19,991 [INFO] PluginManager:220 - loadIPPluginJar : add quadspi
2023-05-08 11:05:20,003 [INFO] IPUIPlugin:80 - create IPUIPlugin
2023-05-08 11:05:20,003 [INFO] PluginManager:220 - loadIPPluginJar : add resmgrutility
2023-05-08 11:05:20,044 [INFO] IPUIPlugin:80 - create IPUIPlugin
2023-05-08 11:05:20,045 [INFO] PluginManager:220 - loadIPPluginJar : add sai
2023-05-08 11:05:20,074 [INFO] IPUIPlugin:80 - create IPUIPlugin
2023-05-08 11:05:20,074 [INFO] PluginManager:220 - loadIPPluginJar : add spi
2023-05-08 11:05:20,125 [INFO] IPUIPlugin:80 - create IPUIPlugin
2023-05-08 11:05:20,125 [INFO] PluginManager:220 - loadIPPluginJar : add stm32_wpan
2023-05-08 11:05:20,145 [INFO] IPUIPlugin:80 - create IPUIPlugin
2023-05-08 11:05:20,146 [INFO] PluginManager:220 - loadIPPluginJar : add tim
2023-05-08 11:05:20,191 [INFO] IPUIPlugin:80 - create IPUIPlugin
2023-05-08 11:05:20,192 [INFO] PluginManager:220 - loadIPPluginJar : add touchsensing
2023-05-08 11:05:20,210 [INFO] IPUIPlugin:80 - create IPUIPlugin
2023-05-08 11:05:20,211 [INFO] PluginManager:220 - loadIPPluginJar : add tracer_emb
2023-05-08 11:05:20,230 [INFO] IPUIPlugin:80 - create IPUIPlugin
2023-05-08 11:05:20,230 [INFO] PluginManager:220 - loadIPPluginJar : add ts
2023-05-08 11:05:20,246 [INFO] IPUIPlugin:80 - create IPUIPlugin
2023-05-08 11:05:20,246 [INFO] PluginManager:220 - loadIPPluginJar : add tsc
2023-05-08 11:05:20,264 [INFO] IPUIPlugin:80 - create IPUIPlugin
2023-05-08 11:05:20,264 [INFO] PluginManager:220 - loadIPPluginJar : add ucpd
2023-05-08 11:05:20,299 [INFO] IPUIPlugin:80 - create IPUIPlugin
2023-05-08 11:05:20,299 [INFO] PluginManager:220 - loadIPPluginJar : add usart
2023-05-08 11:05:20,333 [INFO] IPUIPlugin:80 - create IPUIPlugin
2023-05-08 11:05:20,333 [INFO] PluginManager:220 - loadIPPluginJar : add usbx
2023-05-08 11:05:20,466 [INFO] CADModel:165 - CPN selected for project level
2023-05-08 11:05:20,466 [INFO] CADModel:114 - Register for checkConnection events
2023-05-08 11:05:20,466 [FATAL] Updater:308 - Updater called before beeing initialized
2023-05-08 11:05:20,467 [ERROR] CADModel:125 - Updater not yet initialized, retry later 
2023-05-08 11:05:20,663 [INFO] CADModel:165 - CPN selected for project level
2023-05-08 11:05:20,664 [INFO] CADModel:114 - Register for checkConnection events
2023-05-08 11:05:20,664 [FATAL] Updater:308 - Updater called before beeing initialized
2023-05-08 11:05:20,664 [ERROR] CADModel:125 - Updater not yet initialized, retry later 
2023-05-08 11:05:20,669 [FATAL] Updater:308 - Updater called before beeing initialized
2023-05-08 11:05:20,858 [FATAL] Updater:308 - Updater called before beeing initialized
2023-05-08 11:05:20,867 [INFO] ThirdPartyUpdaterWithRetryManager:70 - Updater plugin not ready yet. [2/15]
2023-05-08 11:05:20,870 [INFO] DbMcusAds:53 - JSON generation date=Tue Mar 07 15:50:54 ICT 2023 (1678179054945)
2023-05-08 11:05:20,870 [FATAL] Updater:308 - Updater called before beeing initialized
2023-05-08 11:05:20,957 [WARN] DetailPanel:346 - Failed to get advertising image, set to default
2023-05-08 11:05:21,074 [FATAL] Updater:308 - Updater called before beeing initialized
2023-05-08 11:05:21,081 [FATAL] Updater:308 - Updater called before beeing initialized
2023-05-08 11:05:21,081 [FATAL] Updater:308 - Updater called before beeing initialized
2023-05-08 11:05:21,081 [WARN] DetailPanel:346 - Failed to get advertising image, set to default
2023-05-08 11:05:21,083 [FATAL] Updater:308 - Updater called before beeing initialized
2023-05-08 11:05:21,154 [ERROR] Updater:1120 - MainUpdater not yet initialized. External WinMGr cannot be set.
2023-05-08 11:05:21,166 [INFO] Updater:1056 - Updater Version found : 6.8.0
2023-05-08 11:05:21,204 [INFO] ApplicationProperties:184 - Using Application install path: C:\ST\STM32CubeIDE_1.12.0\STM32CubeIDE\plugins\com.st.stm32cube.common.mx_6.8.0.202302231600
2023-05-08 11:05:21,697 [INFO] MainUpdater:2854 - connection check result : 10
2023-05-08 11:05:21,697 [INFO] MainUpdater:3548 - Updater definition file requires update
2023-05-08 11:05:21,699 [INFO] MainUpdater:283 - Updater Check For Update Now.
2023-05-08 11:05:21,700 [INFO] MicroXplorer:498 - Change Database Version : DB.6.0.80
2023-05-08 11:05:21,774 [INFO] ServerAccessManage:473 - Download File updaters.zip
2023-05-08 11:05:21,941 [INFO] FileExtend:240 - Unzip File : updaters.zip
2023-05-08 11:05:21,941 [INFO] FileExtend:255 - Standard Zip Deflate
2023-05-08 11:05:22,600 [INFO] ServerAccessManage:473 - Download File PacksControlFlags.xml
2023-05-08 11:05:22,687 [INFO] ServerAccessManage:473 - Download File cubemx.pidx
2023-05-08 11:05:23,200 [INFO] LoadServerUpdatesThread:373 - End of LoadServerUpdate Thread
2023-05-08 11:05:23,499 [INFO] CheckServerUpdateThread:120 - End of CheckServer Thread
2023-05-08 11:05:23,574 [INFO] MainUpdater:2854 - connection check result : 10
2023-05-08 11:05:23,583 [INFO] MainUpdater:2854 - connection check result : 10
2023-05-08 11:05:23,825 [INFO] MicroXplorer:468 - Change Database Path : 
2023-05-08 11:05:23,825 [INFO] MicroXplorer:498 - Change Database Version : DB.6.0.80
2023-05-08 11:05:23,826 [WARN] ThirdParty:871 - waiting for thirdparty lock release [close project]
2023-05-08 11:05:24,224 [WARN] PackLoader:240 - Cannot read IP mode file for STMicroelectronics.X-CUBE-GNSS1.6.0.0
2023-05-08 11:05:24,333 [WARN] PackLoader:240 - Cannot read IP mode file for STMicroelectronics.X-CUBE-AZRTOS-F4.1.1.0
2023-05-08 11:05:24,468 [WARN] PackLoader:240 - Cannot read IP mode file for STMicroelectronics.X-CUBE-SMBUS.2.1.0
2023-05-08 11:05:24,558 [WARN] PackLoader:240 - Cannot read IP mode file for STMicroelectronics.X-CUBE-AZRTOS-F7.1.1.0
2023-05-08 11:05:24,723 [WARN] PackLoader:240 - Cannot read IP mode file for STMicroelectronics.X-CUBE-MEMS1.9.6.0
2023-05-08 11:05:25,071 [WARN] PackLoader:240 - Cannot read IP mode file for STMicroelectronics.X-CUBE-BLE1.6.2.4
2023-05-08 11:05:25,099 [WARN] PackLoader:240 - Cannot read IP mode file for emotas.I-CUBE-CANOPEN.1.1.3
2023-05-08 11:05:25,320 [WARN] PackLoader:240 - Cannot read IP mode file for STMicroelectronics.X-CUBE-BLEMGR.2.0.0
2023-05-08 11:05:25,371 [WARN] ConditionMgr:438 - getConditionDescription Invalid condition id : UX DEVICE CLASS RTOS Condition cause : null
2023-05-08 11:05:25,372 [WARN] ConditionMgr:438 - getConditionDescription Invalid condition id : UX DEVICE CLASS RTOS Condition cause : null
2023-05-08 11:05:25,379 [WARN] PackLoader:240 - Cannot read IP mode file for STMicroelectronics.X-CUBE-AZRTOS-H7.3.1.0
2023-05-08 11:05:25,380 [WARN] ConditionMgr:1039 - genDependencies : Invalid condition id : UX DEVICE CLASS RTOS Condition cause : null
2023-05-08 11:05:25,380 [WARN] ConditionMgr:1039 - genDependencies : Invalid condition id : UX DEVICE CLASS RTOS Condition cause : null
2023-05-08 11:05:25,381 [WARN] ConditionMgr:1039 - genDependencies : Invalid condition id : UX DEVICE CLASS RTOS Condition cause : null
2023-05-08 11:05:25,382 [WARN] ConditionMgr:1039 - genDependencies : Invalid condition id : UX DEVICE CLASS RTOS Condition cause : null
2023-05-08 11:05:25,382 [WARN] ConditionMgr:1039 - genDependencies : Invalid condition id : UX DEVICE CLASS RTOS Condition cause : null
2023-05-08 11:05:25,418 [WARN] PackLoader:240 - Cannot read IP mode file for STMicroelectronics.X-CUBE-DISPLAY.3.0.0
2023-05-08 11:05:25,453 [WARN] PackLoader:240 - Cannot read IP mode file for wolfSSL.I-CUBE-wolfSSL.5.5.4
2023-05-08 11:05:25,484 [WARN] PackLoader:240 - Cannot read IP mode file for STMicroelectronics.X-CUBE-NFC7.1.0.0
2023-05-08 11:05:25,504 [WARN] PackLoader:240 - Cannot read IP mode file for STMicroelectronics.X-CUBE-EEPRMA1.4.1.0
2023-05-08 11:05:25,529 [WARN] PackLoader:240 - Cannot read IP mode file for WES.I-CUBE-Cesium.1.3.0
2023-05-08 11:05:25,550 [WARN] PackLoader:240 - Cannot read IP mode file for STMicroelectronics.X-CUBE-SFXS2LP1.4.0.0
2023-05-08 11:05:25,570 [WARN] PackLoader:240 - Cannot read IP mode file for STMicroelectronics.X-CUBE-BLE2.3.3.0
2023-05-08 11:05:25,597 [WARN] PackLoader:240 - Cannot read IP mode file for STMicroelectronics.X-CUBE-TOF1.3.2.0
2023-05-08 11:05:25,672 [WARN] PackLoader:240 - Cannot read IP mode file for STMicroelectronics.X-CUBE-AZRTOS-H7.3.0.0
2023-05-08 11:05:25,701 [WARN] PackLoader:240 - Cannot read IP mode file for STMicroelectronics.X-CUBE-ISPU.1.1.0
2023-05-08 11:05:25,735 [WARN] PackLoader:240 - Cannot read IP mode file for RoweBots.I-CUBE-UNISONRTOS.5.5.0-4
2023-05-08 11:05:25,763 [WARN] PackLoader:240 - Cannot read IP mode file for STMicroelectronics.X-CUBE-AI.8.0.0
2023-05-08 11:05:25,780 [WARN] PackLoader:240 - Cannot read IP mode file for STMicroelectronics.X-CUBE-FREERTOS.1.0.0
2023-05-08 11:05:25,796 [WARN] PackLoader:240 - Cannot read IP mode file for STMicroelectronics.X-CUBE-FREERTOS.1.0.1
2023-05-08 11:05:25,814 [WARN] PackLoader:240 - Cannot read IP mode file for STMicroelectronics.X-CUBE-TOUCHGFX.4.21.1
2023-05-08 11:05:25,832 [WARN] PackLoader:240 - Cannot read IP mode file for STMicroelectronics.X-CUBE-TOUCHGFX.4.21.3
2023-05-08 11:05:25,851 [WARN] PackLoader:240 - Cannot read IP mode file for STMicroelectronics.X-CUBE-ALGOBUILD.1.3.0
2023-05-08 11:05:25,896 [WARN] PackLoader:240 - Cannot read IP mode file for STMicroelectronics.X-CUBE-AZRTOS-L5.1.1.0
2023-05-08 11:05:25,951 [WARN] PackLoader:240 - Cannot read IP mode file for STMicroelectronics.X-CUBE-AZRTOS-G0.1.1.0
2023-05-08 11:05:25,982 [WARN] PackLoader:240 - Cannot read IP mode file for STMicroelectronics.X-CUBE-SUBG2.5.0.0
2023-05-08 11:05:26,008 [WARN] PackLoader:240 - Cannot read IP mode file for STMicroelectronics.X-CUBE-NFC4.3.0.0
2023-05-08 11:05:26,070 [WARN] PackLoader:240 - Cannot read IP mode file for STMicroelectronics.X-CUBE-AZRTOS-G4.2.0.0
2023-05-08 11:05:26,102 [WARN] PackLoader:240 - Cannot read IP mode file for STMicroelectronics.X-CUBE-TOF1.3.3.0
2023-05-08 11:05:26,139 [WARN] PackLoader:240 - Cannot read IP mode file for STMicroelectronics.FP-ATR-ASTRA1.1.1.1
2023-05-08 11:05:26,167 [WARN] PackLoader:240 - Cannot read IP mode file for STMicroelectronics.X-CUBE-AZRTOS-G4.1.0.0
2023-05-08 11:05:26,189 [WARN] PackLoader:240 - Cannot read IP mode file for STMicroelectronics.FP-ATR-SIGFOX1.3.2.0
2023-05-08 11:05:26,265 [WARN] PackLoader:240 - Cannot read IP mode file for STMicroelectronics.X-CUBE-AZRTOS-L4.1.0.0
2023-05-08 11:05:26,526 [WARN] PackLoader:240 - Cannot read IP mode file for STMicroelectronics.X-CUBE-AZRTOS-WL.1.0.0
2023-05-08 11:05:26,654 [WARN] PackLoader:240 - Cannot read IP mode file for portGmbH.I-Cube-SoM-uGOAL.1.1.0
2023-05-08 11:05:26,672 [WARN] PackLoader:240 - Cannot read IP mode file for STMicroelectronics.X-CUBE-ALS.1.0.1
2023-05-08 11:05:26,889 [WARN] PackLoader:240 - Cannot read IP mode file for STMicroelectronics.X-CUBE-MEMS1.9.5.0
2023-05-08 11:05:27,552 [WARN] PackLoader:240 - Cannot read IP mode file for STMicroelectronics.X-CUBE-AZRTOS-WB.1.1.0
2023-05-08 11:05:27,617 [WARN] PackLoader:240 - Cannot read IP mode file for SEGGER.I-CUBE-embOS.1.3.1
2023-05-08 11:05:27,820 [WARN] PackLoader:240 - Cannot read IP mode file for STMicroelectronics.FP-ATR-ASTRA1.2.0.0
2023-05-08 11:05:27,821 [INFO] ThirdParty:978 - Integrity check success = true
2023-05-08 11:05:27,821 [INFO] IntegrityCheckThread:100 - exiting critical section [integrity check]
2023-05-08 11:05:27,823 [INFO] ThirdParty:873 - entering critical section [close project]
2023-05-08 11:05:27,823 [INFO] IntegrityCheckThread:103 - End integrity checks thread
2023-05-08 11:05:27,831 [INFO] ThirdParty:883 - exiting critical section [close project]
2023-05-08 11:05:27,838 [INFO] PinOutPanel:1499 - setPackage(No Configuration,No Configuration)
2023-05-08 11:05:27,848 [INFO] UtilMem:75 - Begin LoadConfig() Used Memory: 574863168 Bytes (713031680)
2023-05-08 11:05:27,850 [INFO] MicroXplorer:468 - Change Database Path : 
2023-05-08 11:05:27,850 [INFO] MicroXplorer:498 - Change Database Version : DB.6.0.80
2023-05-08 11:05:27,850 [INFO] OpenFileManager:308 - Change cursor
2023-05-08 11:05:27,932 [INFO] Mcu:1937 - Initializing MCU STM32F103C(8-B)Tx STM32F103C8Tx STM32F103C8T6
2023-05-08 11:05:29,105 [INFO] Context:659 - Trying to add GPIOservice into a context  which must be forbidden
2023-05-08 11:05:30,081 [INFO] RtosManager:555 - Registered RTOS mode: class=CMSIS, group=RTOS, mode=CMSIS_V1, owner=FREERTOS
2023-05-08 11:05:30,081 [INFO] RtosManager:555 - Registered RTOS mode: class=CMSIS, group=RTOS2, mode=CMSIS_V2, owner=FREERTOS
2023-05-08 11:05:30,081 [INFO] RtosManager:555 - Registered RTOS mode: class=RTOS, group=Core, mode=CMSIS_V1, owner=FREERTOS
2023-05-08 11:05:30,081 [INFO] RtosManager:555 - Registered RTOS mode: class=RTOS, group=Core, mode=CMSIS_V2, owner=FREERTOS
2023-05-08 11:05:30,081 [WARN] ModelIntegratedComponent:184 - Missing modes for component STMicroelectronics:FreeRTOS:0.0.1:STMicroelectronics:RTOS:FreeRTOS:Core:::10.2.0:
2023-05-08 11:05:30,097 [WARN] ModelIntegratedComponent:63 - No mode defined for component null
2023-05-08 11:05:30,097 [WARN] ModelIntegratedComponent:63 - No mode defined for component null
2023-05-08 11:05:30,097 [WARN] ModelIntegratedComponent:63 - No mode defined for component null
2023-05-08 11:05:30,097 [WARN] ModelIntegratedComponent:63 - No mode defined for component null
2023-05-08 11:05:30,097 [WARN] ModelIntegratedComponent:63 - No mode defined for component null
2023-05-08 11:05:30,097 [WARN] ModelIntegratedComponent:63 - No mode defined for component null
2023-05-08 11:05:30,097 [WARN] ModelIntegratedComponent:63 - No mode defined for component null
2023-05-08 11:05:30,097 [WARN] ModelIntegratedComponent:63 - No mode defined for component null
2023-05-08 11:05:30,097 [WARN] ModelIntegratedComponent:63 - No mode defined for component null
2023-05-08 11:05:30,097 [WARN] ModelIntegratedComponent:63 - No mode defined for component null
2023-05-08 11:05:30,098 [WARN] ModelIntegratedComponent:63 - No mode defined for component null
2023-05-08 11:05:30,098 [WARN] ModelIntegratedComponent:63 - No mode defined for component null
2023-05-08 11:05:30,098 [WARN] ModelIntegratedComponent:63 - No mode defined for component null
2023-05-08 11:05:30,098 [WARN] ModelIntegratedComponent:63 - No mode defined for component null
2023-05-08 11:05:30,098 [WARN] ModelIntegratedComponent:63 - No mode defined for component null
2023-05-08 11:05:30,098 [WARN] ModelIntegratedComponent:63 - No mode defined for component null
2023-05-08 11:05:30,098 [WARN] ModelIntegratedComponent:63 - No mode defined for component null
2023-05-08 11:05:30,099 [WARN] ModelIntegratedComponent:63 - No mode defined for component null
2023-05-08 11:05:30,099 [WARN] ModelIntegratedComponent:63 - No mode defined for component null
2023-05-08 11:05:30,099 [WARN] ModelIntegratedComponent:63 - No mode defined for component null
2023-05-08 11:05:30,099 [WARN] ModelIntegratedComponent:63 - No mode defined for component null
2023-05-08 11:05:30,099 [WARN] ModelIntegratedComponent:63 - No mode defined for component null
2023-05-08 11:05:30,099 [WARN] ModelIntegratedComponent:63 - No mode defined for component null
2023-05-08 11:05:30,099 [WARN] ModelIntegratedComponent:63 - No mode defined for component null
2023-05-08 11:05:30,099 [WARN] ModelIntegratedComponent:63 - No mode defined for component null
2023-05-08 11:05:30,099 [WARN] ModelIntegratedComponent:63 - No mode defined for component null
2023-05-08 11:05:30,099 [WARN] ModelIntegratedComponent:63 - No mode defined for component null
2023-05-08 11:05:30,099 [WARN] ModelIntegratedComponent:63 - No mode defined for component null
2023-05-08 11:05:30,100 [WARN] ModelIntegratedComponent:63 - No mode defined for component null
2023-05-08 11:05:30,100 [WARN] ModelIntegratedComponent:63 - No mode defined for component null
2023-05-08 11:05:30,100 [WARN] ModelIntegratedComponent:63 - No mode defined for component null
2023-05-08 11:05:30,100 [WARN] ModelIntegratedComponent:63 - No mode defined for component null
2023-05-08 11:05:30,100 [WARN] ModelIntegratedComponent:63 - No mode defined for component null
2023-05-08 11:05:30,249 [INFO] ThirdPartyModel:298 - Start build external matchings
2023-05-08 11:05:30,754 [INFO] ThirdPartyModel:316 - End build external matchings
2023-05-08 11:05:30,785 [INFO] ImportTextPane:194 - (OptionalMessage_ERROR) IP (DMA) : Parameter (Instance) has Id (ADC1) currently not set
2023-05-08 11:05:30,785 [INFO] ImportTextPane:194 - (OptionalMessage_ERROR) IP (DMA) : Parameter (Direction) has Id (ADC1) currently not set
2023-05-08 11:05:30,785 [INFO] ImportTextPane:194 - (OptionalMessage_ERROR) IP (DMA) : Parameter (PeriphInc) has Id (ADC1) currently not set
2023-05-08 11:05:30,786 [INFO] ImportTextPane:194 - (OptionalMessage_ERROR) IP (DMA) : Parameter (MemInc) has Id (ADC1) currently not set
2023-05-08 11:05:30,786 [INFO] ImportTextPane:194 - (OptionalMessage_ERROR) IP (DMA) : Parameter (PeriphDataAlignment) has Id (ADC1) currently not set
2023-05-08 11:05:30,786 [INFO] ImportTextPane:194 - (OptionalMessage_ERROR) IP (DMA) : Parameter (MemDataAlignment) has Id (ADC1) currently not set
2023-05-08 11:05:30,786 [INFO] ImportTextPane:194 - (OptionalMessage_ERROR) IP (DMA) : Parameter (Mode) has Id (ADC1) currently not set
2023-05-08 11:05:30,786 [INFO] ImportTextPane:194 - (OptionalMessage_ERROR) IP (DMA) : Parameter (Priority) has Id (ADC1) currently not set
2023-05-08 11:05:30,787 [INFO] ImportTextPane:194 - (OptionalMessage_ERROR) IP (RCC) : Invalid parameter (FamilyName)
2023-05-08 11:05:30,788 [INFO] ImportTextPane:194 - (OptionalMessage_ERROR) IP (RCC) : Parameter (MCOFreq_Value) has invalid value (72000000)
2023-05-08 11:05:30,789 [INFO] ImportTextPane:194 - (OptionalMessage_ERROR) IP (RCC) : Parameter (USBFreq_Value) has invalid value (72000000)
2023-05-08 11:05:31,012 [INFO] UtilMem:75 - End LoadConfig() Used Memory: 482253304 Bytes (713031680)
2023-05-08 11:05:31,183 [INFO] ApiDb:581 - Connected to CubeFinder SQLite database (C:\Users\user\.stmcufinder\plugins\mcufinder\mcu\cube-finder-db.db)
2023-05-08 11:05:31,264 [INFO] ApiDb:668 - CubeFinder database Data Model version=2.1
2023-05-08 11:05:31,264 [INFO] ApiDb:669 - CubeFinder database Configuration version=3.0.35
2023-05-08 11:05:31,266 [INFO] ApiDb:670 - CubeFinder database generation date=2023-04-03 (1680511692)
2023-05-08 11:05:31,266 [INFO] ApiDb:671 - CubeFinder database FW Pack versions=[FP-ATR-ASTRA1_V2.0.0, STM32Cube_FW_C0_V1.0.1, STM32Cube_FW_F0_V1.11.4, STM32Cube_FW_F3_V1.11.4, STM32Cube_FW_F4_V1.27.1, STM32Cube_FW_F7_V1.17.0, STM32Cube_FW_G0_V1.6.1, STM32Cube_FW_G4_V1.5.1, STM32Cube_FW_H5_V0.5.1, STM32Cube_FW_H5_V1.0.0, STM32Cube_FW_H7_V1.11.0, STM32Cube_FW_L0_V1.12.2, STM32Cube_FW_L5_V1.5.0, STM32Cube_FW_U5_V1.2.0, STM32Cube_FW_WBA_V1.0.0, STM32Cube_FW_WBA_V1.0.0RC1, STM32Cube_FW_WBA_V1.0.0RC3, STM32Cube_FW_WB_V1.15.0RC1, STM32Cube_FW_WB_V1.16.0, STM32Cube_FW_WB_V1.16.0RC2, STM32Cube_FW_WL_V1.3.0, X-CUBE-ALGOBUILD_V1.3.0, X-CUBE-ALS_V1.0.1, X-CUBE-AZRTOS-F4_V1.1.0, X-CUBE-AZRTOS-F7_V1.1.0, X-CUBE-AZRTOS-G0_V1.1.0, X-CUBE-AZRTOS-G4_V1.0.0, X-CUBE-AZRTOS-H7_V3.0.0, X-CUBE-AZRTOS-L4_V1.0.0, X-CUBE-AZRTOS-L5_V1.1.0, X-CUBE-AZRTOS-WB_V1.1.0, X-CUBE-AZRTOS-WL_V1.0.0, X-CUBE-BLE1_V6.2.4, X-CUBE-BLE2_V3.3.0, X-CUBE-BLEMGR_V1.3.0, X-CUBE-EEPRMA1_V4.1.0, X-CUBE-FREERTOS_V1.0.1, X-CUBE-GNSS1_V6.0.0, X-CUBE-MEMS1_V9.1.0, X-CUBE-MEMS1_V9.4.0, X-CUBE-MEMS1_V9.5.0, X-CUBE-NFC4_V3.0.0, X-CUBE-NFC7_V1.0.0, X-CUBE-SFXS2LP1_V4.0.0, X-CUBE-SUBG2_V5.0.0]
2023-05-08 11:05:33,592 [INFO] ApiDb:240 - Found 297 in-development CPN: [B-G473E-ZEST1S, B-WB1M-WPAN1, B-WL5M-SUBG1, NUCLEO-C031C6, NUCLEO-H503RB, NUCLEO-H563ZI, NUCLEO-U545RE-Q, NUCLEO-U5A5ZJ-Q, NUCLEO-WBA52CG, STEVAL-PROTEUS1, STEVAL-STWINBX1, STM320518-EVAL, STM32C0116-DK, STM32C011D6Y3TR, STM32C011D6Y6TR, STM32C011F4P3, STM32C011F4P6, STM32C011F4U3, STM32C011F4U6TR, STM32C011F6P3, STM32C011F6P6, STM32C011F6U3, STM32C011F6U6TR, STM32C011J4M3, STM32C011J4M6, STM32C011J6M3, STM32C011J6M6, STM32C0316-DK, STM32C031C4T3, STM32C031C4T6, STM32C031C4U3, STM32C031C4U6, STM32C031C6T3, STM32C031C6T6, STM32C031C6U3, STM32C031C6U6, STM32C031F4P3, STM32C031F4P6, STM32C031F6P3, STM32C031F6P6, STM32C031G4U3, STM32C031G4U6, STM32C031G6U3, STM32C031G6U6, STM32C031K4T3, STM32C031K4T6, STM32C031K4U3, STM32C031K4U6, STM32C031K6T3, STM32C031K6T6, STM32C031K6U3, STM32C031K6U6, STM32G071K8TXN, STM32G071K8UXN, STM32G081GBU6N, STM32G081KBT6N, STM32G081KBUXN, STM32G0B1CCT6N, STM32G0B1KCT6, STM32G0B1NEY6TR, STM32G0B1RCT6N, STM32G0C1CCT6, STM32G0C1CCT6N, STM32G0C1CCU6N, STM32G0C1CET6N, STM32G0C1CEU6N, STM32G0C1KCT6, STM32G0C1NEY6TR, STM32G0C1RCI6N, STM32G0C1RCT6N, STM32G0C1REI6N, STM32G0C1RET6N, STM32G0C1VCI6, STM32G0C1VEI6, STM32G471CCT6, STM32G471CCU6, STM32G471CET3, STM32G471CET6, STM32G471CEU3, STM32G471CEU6, STM32G471MCT6, STM32G471MET3, STM32G471MET6, STM32G471MEY6TR, STM32G471QCT6, STM32G471QET3, STM32G471RCT6, STM32G471RET3, STM32G471RET6, STM32G471VCH6, STM32G471VCI6, STM32G471VCT6, STM32G471VEH3, STM32G471VEH6, STM32G471VEI3, STM32G471VEI6, STM32G471VET3, STM32G471VET6, STM32G474CCT6, STM32H503CBT6, STM32H503CBU6, STM32H503EBY6TR, STM32H503KBU6, STM32H503RBT6, STM32H562AGI6, STM32H562AII6, STM32H562IGK6, STM32H562IGT6, STM32H562IIK6, STM32H562IIT6, STM32H562RGT6, STM32H562RGV6, STM32H562RIT6, STM32H562RIV6, STM32H562VGT6, STM32H562VIT6, STM32H562ZGT6, STM32H562ZIT6, STM32H563AGI6, STM32H563AII3Q, STM32H563AII6, STM32H563IGK6, STM32H563IGT6, STM32H563IIK3Q, STM32H563IIK6, STM32H563IIT3Q, STM32H563IIT6, STM32H563MIY3QTR, STM32H563RGT6, STM32H563RGV6, STM32H563RIT6, STM32H563RIV6, STM32H563VGT6, STM32H563VIT3Q, STM32H563VIT6, STM32H563ZGT6, STM32H563ZIT3Q, STM32H563ZIT6, STM32H573AII3Q, STM32H573AII6, STM32H573I-DK, STM32H573IIK3Q, STM32H573IIK6, STM32H573IIT3Q, STM32H573IIT6, STM32H573MIY3QTR, STM32H573RIT6, STM32H573RIV6, STM32H573VIT3Q, STM32H573VIT6, STM32H573ZIT3Q, STM32H573ZIT6, STM32L4R5QGI6STR, STM32MP131AAE3, STM32MP131AAF3, STM32MP131AAG3, STM32MP131CAE3, STM32MP131CAF3, STM32MP131CAG3, STM32MP131DAE7, STM32MP131DAF7, STM32MP131DAG7, STM32MP131FAE7, STM32MP131FAF7, STM32MP131FAG7, STM32MP133AAE3, STM32MP133AAF3, STM32MP133AAG3, STM32MP133CAE3, STM32MP133CAF3, STM32MP133CAG3, STM32MP133DAE7, STM32MP133DAF7, STM32MP133DAG7, STM32MP133FAE7, STM32MP133FAF7, STM32MP133FAG7, STM32MP135AAE3, STM32MP135AAF3, STM32MP135AAG3, STM32MP135CAE3, STM32MP135CAF3, STM32MP135CAG3, STM32MP135DAE7, STM32MP135DAF7, STM32MP135DAG7, STM32MP135F-DK, STM32MP135FAE7, STM32MP135FAF7, STM32MP135FAF7T, STM32MP135FAF7U, STM32MP135FAG7, STM32U535CBT6, STM32U535CBT6Q, STM32U535CBU6, STM32U535CBU6Q, STM32U535CCT6, STM32U535CCT6Q, STM32U535CCU6, STM32U535CCU6Q, STM32U535CET6, STM32U535CET6Q, STM32U535CEU6, STM32U535CEU6Q, STM32U535JEY6QTR, STM32U535NCY6QTR, STM32U535NEY6QTR, STM32U535RBI6, STM32U535RBI6Q, STM32U535RBT6, STM32U535RBT6Q, STM32U535RCI6, STM32U535RCI6Q, STM32U535RCT6, STM32U535RCT6Q, STM32U535REI6, STM32U535REI6Q, STM32U535RET6, STM32U535RET6Q, STM32U535VCI6, STM32U535VCI6Q, STM32U535VCT6, STM32U535VCT6Q, STM32U535VEI6, STM32U535VEI6Q, STM32U535VET6, STM32U535VET6Q, STM32U545CET6, STM32U545CET6Q, STM32U545CEU6, STM32U545CEU6Q, STM32U545JEY6QTR, STM32U545NEY6QTR, STM32U545REI6, STM32U545REI6Q, STM32U545RET6, STM32U545RET6Q, STM32U545VEI6, STM32U545VEI6Q, STM32U545VET6, STM32U545VET6Q, STM32U595AIH6, STM32U595AIH6Q, STM32U595AJH6, STM32U595AJH6Q, STM32U595QII6, STM32U595QII6Q, STM32U595QJI6, STM32U595QJI6Q, STM32U595RIT6, STM32U595RIT6Q, STM32U595RJT6, STM32U595RJT6Q, STM32U595VIT6, STM32U595VIT6Q, STM32U595VJT6, STM32U595VJT6Q, STM32U595ZIT6, STM32U595ZIT6Q, STM32U595ZIY6QTR, STM32U595ZJT6, STM32U595ZJT6Q, STM32U595ZJY6QTR, STM32U599BJY6QTR, STM32U599NIH6Q, STM32U599NJH6Q, STM32U599VIT6Q, STM32U599VJT6, STM32U599VJT6Q, STM32U599ZIT6Q, STM32U599ZIY6QTR, STM32U599ZJT6Q, STM32U599ZJY6QTR, STM32U5A5AJH6, STM32U5A5AJH6Q, STM32U5A5QJI6, STM32U5A5QJI6Q, STM32U5A5RJT6, STM32U5A5RJT6Q, STM32U5A5VJT6, STM32U5A5VJT6Q, STM32U5A5ZJT6, STM32U5A5ZJT6Q, STM32U5A5ZJY6QTR, STM32U5A9BJY6QTR, STM32U5A9J-DK, STM32U5A9NJH6Q, STM32U5A9VJT6Q, STM32U5A9ZJT6Q, STM32U5A9ZJY6QTR, STM32WB1MMCH6, STM32WBA52CEU6, STM32WBA52CEU6T, STM32WBA52CGU6, STM32WBA52CGU6T, STM32WL5MOCH6, STM32WL5MOCH6TR]
2023-05-08 11:05:33,599 [INFO] DbMcus:216 - Found 3775 MCUs, 3775 are supported
2023-05-08 11:05:33,606 [INFO] ApiDb:423 - Load user favorites file C:\Users\user/.stm32cubeide/favorites.mcus.txt: 2 item(s)
2023-05-08 11:05:33,606 [INFO] ApiDb:427 - User favorites MCUs=[STM32F103C8T6, STM32H750VBT6]
2023-05-08 11:05:33,606 [INFO] DbMcus:222 - Set 2 / 2 favorites MCUs
2023-05-08 11:05:33,903 [WARN] ThirdParty:833 - waiting for thirdparty lock release [change project]
2023-05-08 11:05:33,903 [INFO] ThirdParty:835 - entering critical section [change project]
2023-05-08 11:05:33,904 [INFO] ThirdParty:1030 - CMSIS Pack Vendor :STMicroelectronics X-CUBE-ISPU 1.1.0
2023-05-08 11:05:33,904 [INFO] ThirdParty:1030 - CMSIS Pack Vendor :RoweBots I-CUBE-UNISONRTOS 5.5.0-4
2023-05-08 11:05:33,904 [INFO] ThirdParty:1030 - CMSIS Pack Vendor :STMicroelectronics X-CUBE-GNSS1 6.0.0
2023-05-08 11:05:33,904 [INFO] ThirdParty:1030 - CMSIS Pack Vendor :STMicroelectronics USB_HOST 2.0.0
2023-05-08 11:05:33,904 [INFO] ThirdParty:1030 - CMSIS Pack Vendor :STMicroelectronics X-CUBE-AZRTOS-F4 1.1.0
2023-05-08 11:05:33,904 [INFO] ThirdParty:1030 - CMSIS Pack Vendor :STMicroelectronics LIBJPEG 8.0.0
2023-05-08 11:05:33,904 [INFO] ThirdParty:1030 - CMSIS Pack Vendor :STMicroelectronics X-CUBE-SMBUS 2.1.0
2023-05-08 11:05:33,904 [INFO] ThirdParty:1030 - CMSIS Pack Vendor :STMicroelectronics USB_DEVICE 3.0.0
2023-05-08 11:05:33,904 [INFO] ThirdParty:1030 - CMSIS Pack Vendor :STMicroelectronics X-CUBE-AI 8.0.0
2023-05-08 11:05:33,904 [INFO] ThirdParty:1030 - CMSIS Pack Vendor :STMicroelectronics X-CUBE-FREERTOS 1.0.0
2023-05-08 11:05:33,904 [INFO] ThirdParty:1030 - CMSIS Pack Vendor :STMicroelectronics X-CUBE-FREERTOS 1.0.1
2023-05-08 11:05:33,904 [INFO] ThirdParty:1030 - CMSIS Pack Vendor :STMicroelectronics X-CUBE-TOUCHGFX 4.21.1
2023-05-08 11:05:33,904 [INFO] ThirdParty:1030 - CMSIS Pack Vendor :STMicroelectronics X-CUBE-TOUCHGFX 4.21.3
2023-05-08 11:05:33,904 [INFO] ThirdParty:1030 - CMSIS Pack Vendor :STMicroelectronics X-CUBE-AZRTOS-F7 1.1.0
2023-05-08 11:05:33,904 [INFO] ThirdParty:1030 - CMSIS Pack Vendor :STMicroelectronics USB_DEVICE 2.0.0
2023-05-08 11:05:33,904 [INFO] ThirdParty:1030 - CMSIS Pack Vendor :STMicroelectronics X-CUBE-MEMS1 9.6.0
2023-05-08 11:05:33,904 [INFO] ThirdParty:1030 - CMSIS Pack Vendor :STMicroelectronics X-CUBE-ALGOBUILD 1.3.0
2023-05-08 11:05:33,904 [INFO] ThirdParty:1030 - CMSIS Pack Vendor :STMicroelectronics X-CUBE-BLE1 6.2.4
2023-05-08 11:05:33,904 [INFO] ThirdParty:1030 - CMSIS Pack Vendor :STMicroelectronics X-CUBE-AZRTOS-L5 1.1.0
2023-05-08 11:05:33,904 [INFO] ThirdParty:1030 - CMSIS Pack Vendor :STMicroelectronics FreeRTOS 0.0.1
2023-05-08 11:05:33,904 [INFO] ThirdParty:1030 - CMSIS Pack Vendor :emotas I-CUBE-CANOPEN 1.1.3
2023-05-08 11:05:33,904 [INFO] ThirdParty:1030 - CMSIS Pack Vendor :STMicroelectronics X-CUBE-AZRTOS-G0 1.1.0
2023-05-08 11:05:33,904 [INFO] ThirdParty:1030 - CMSIS Pack Vendor :STMicroelectronics X-CUBE-BLEMGR 2.0.0
2023-05-08 11:05:33,904 [INFO] ThirdParty:1030 - CMSIS Pack Vendor :STMicroelectronics X-CUBE-SUBG2 5.0.0
2023-05-08 11:05:33,904 [INFO] ThirdParty:1030 - CMSIS Pack Vendor :STMicroelectronics X-CUBE-NFC4 3.0.0
2023-05-08 11:05:33,904 [INFO] ThirdParty:1030 - CMSIS Pack Vendor :STMicroelectronics STM32_WPAN 1.0.0
2023-05-08 11:05:33,906 [INFO] ThirdParty:1030 - CMSIS Pack Vendor :STMicroelectronics lwIP 2.0.3
2023-05-08 11:05:33,906 [INFO] ThirdParty:1030 - CMSIS Pack Vendor :STMicroelectronics USB_HOST 1.0.0
2023-05-08 11:05:33,906 [INFO] ThirdParty:1030 - CMSIS Pack Vendor :STMicroelectronics X-CUBE-AZRTOS-G4 2.0.0
2023-05-08 11:05:33,906 [INFO] ThirdParty:1030 - CMSIS Pack Vendor :STMicroelectronics PDM2PCM 3.1.0
2023-05-08 11:05:33,906 [INFO] ThirdParty:1030 - CMSIS Pack Vendor :STMicroelectronics X-CUBE-AZRTOS-H7 3.1.0
2023-05-08 11:05:33,906 [INFO] ThirdParty:1030 - CMSIS Pack Vendor :STMicroelectronics X-CUBE-TOF1 3.3.0
2023-05-08 11:05:33,906 [INFO] ThirdParty:1030 - CMSIS Pack Vendor :STMicroelectronics FP-ATR-ASTRA1 1.1.1
2023-05-08 11:05:33,906 [INFO] ThirdParty:1030 - CMSIS Pack Vendor :STMicroelectronics PDM2PCM 3.3.0
2023-05-08 11:05:33,906 [INFO] ThirdParty:1030 - CMSIS Pack Vendor :STMicroelectronics X-CUBE-DISPLAY 3.0.0
2023-05-08 11:05:33,906 [INFO] ThirdParty:1030 - CMSIS Pack Vendor :STMicroelectronics X-CUBE-AZRTOS-G4 1.0.0
2023-05-08 11:05:33,906 [INFO] ThirdParty:1030 - CMSIS Pack Vendor :STMicroelectronics FP-ATR-SIGFOX1 3.2.0
2023-05-08 11:05:33,906 [INFO] ThirdParty:1030 - CMSIS Pack Vendor :wolfSSL I-CUBE-wolfSSL 5.5.4
2023-05-08 11:05:33,906 [INFO] ThirdParty:1030 - CMSIS Pack Vendor :STMicroelectronics X-CUBE-AZRTOS-L4 1.0.0
2023-05-08 11:05:33,906 [INFO] ThirdParty:1030 - CMSIS Pack Vendor :STMicroelectronics HAL Drivers 0.0.0
2023-05-08 11:05:33,906 [INFO] ThirdParty:1030 - CMSIS Pack Vendor :STMicroelectronics MBEDTLS 2.16.2
2023-05-08 11:05:33,906 [INFO] ThirdParty:1030 - CMSIS Pack Vendor :STMicroelectronics MBEDTLS 2.14.1
2023-05-08 11:05:33,906 [INFO] ThirdParty:1030 - CMSIS Pack Vendor :STMicroelectronics X-CUBE-NFC7 1.0.0
2023-05-08 11:05:33,906 [INFO] ThirdParty:1030 - CMSIS Pack Vendor :STMicroelectronics X-CUBE-AZRTOS-WL 1.0.0
2023-05-08 11:05:33,906 [INFO] ThirdParty:1030 - CMSIS Pack Vendor :STMicroelectronics X-CUBE-EEPRMA1 4.1.0
2023-05-08 11:05:33,906 [INFO] ThirdParty:1030 - CMSIS Pack Vendor :portGmbH I-Cube-SoM-uGOAL 1.1.0
2023-05-08 11:05:33,906 [INFO] ThirdParty:1030 - CMSIS Pack Vendor :STMicroelectronics X-CUBE-ALS 1.0.1
2023-05-08 11:05:33,906 [INFO] ThirdParty:1030 - CMSIS Pack Vendor :STMicroelectronics X-CUBE-MEMS1 9.5.0
2023-05-08 11:05:33,906 [INFO] ThirdParty:1030 - CMSIS Pack Vendor :STMicroelectronics ThreadX 1.0.0
2023-05-08 11:05:33,906 [INFO] ThirdParty:1030 - CMSIS Pack Vendor :STMicroelectronics X-CUBE-AZRTOS-WB 1.1.0
2023-05-08 11:05:33,906 [INFO] ThirdParty:1030 - CMSIS Pack Vendor :SEGGER I-CUBE-embOS 1.3.1
2023-05-08 11:05:33,906 [INFO] ThirdParty:1030 - CMSIS Pack Vendor :STMicroelectronics USB_DEVICE 1.0.0
2023-05-08 11:05:33,906 [INFO] ThirdParty:1030 - CMSIS Pack Vendor :STMicroelectronics ThreadX 0.0.2
2023-05-08 11:05:33,906 [INFO] ThirdParty:1030 - CMSIS Pack Vendor :WES I-CUBE-Cesium 1.3.0
2023-05-08 11:05:33,906 [INFO] ThirdParty:1030 - CMSIS Pack Vendor :STMicroelectronics FP-ATR-ASTRA1 2.0.0
2023-05-08 11:05:33,906 [INFO] ThirdParty:1030 - CMSIS Pack Vendor :STMicroelectronics lwIP 2.1.2
2023-05-08 11:05:33,906 [INFO] ThirdParty:1030 - CMSIS Pack Vendor :STMicroelectronics X-CUBE-SFXS2LP1 4.0.0
2023-05-08 11:05:33,906 [INFO] ThirdParty:1030 - CMSIS Pack Vendor :STMicroelectronics X-CUBE-BLE2 3.3.0
2023-05-08 11:05:33,906 [INFO] ThirdParty:1030 - CMSIS Pack Vendor :STMicroelectronics X-CUBE-TOF1 3.2.0
2023-05-08 11:05:33,907 [INFO] ThirdParty:1030 - CMSIS Pack Vendor :STMicroelectronics PDM2PCM 3.2.0
2023-05-08 11:05:33,907 [INFO] ThirdParty:1030 - CMSIS Pack Vendor :STMicroelectronics X-CUBE-AZRTOS-H7 3.0.0
2023-05-08 11:05:33,907 [INFO] ThirdParty:841 - exiting critical section [change project]
2023-05-08 11:05:34,549 [INFO] PinOutPanel:1499 - setPackage(No Configuration,No Configuration)
2023-05-08 11:05:34,591 [INFO] PinOutPanel:1499 - setPackage(STM32F103C8Tx,LQFP48)
2023-05-08 11:05:36,185 [INFO] UtilMem:75 - Before build in PCC Used Memory: 544070024 Bytes (713031680)
2023-05-08 11:05:37,924 [INFO] UtilMem:75 - After build in PCC Used Memory: 584583168 Bytes (713031680)
2023-05-08 11:05:37,970 [INFO] IPUIPlugin:80 - create IPUIPlugin
2023-05-08 11:05:37,971 [INFO] IPUIPlugin:80 - create IPUIPlugin
2023-05-08 11:05:37,971 [INFO] IPUIPlugin:80 - create IPUIPlugin
2023-05-08 11:05:37,971 [INFO] IPUIPlugin:80 - create IPUIPlugin
2023-05-08 11:05:37,971 [INFO] IPUIPlugin:80 - create IPUIPlugin
2023-05-08 11:05:37,971 [INFO] IPUIPlugin:80 - create IPUIPlugin
2023-05-08 11:05:37,971 [INFO] IPUIPlugin:80 - create IPUIPlugin
2023-05-08 11:05:37,971 [INFO] IPUIPlugin:80 - create IPUIPlugin
2023-05-08 11:05:37,972 [INFO] IPUIPlugin:80 - create IPUIPlugin
2023-05-08 11:05:37,972 [INFO] IPUIPlugin:80 - create IPUIPlugin
2023-05-08 11:05:37,972 [INFO] IPUIPlugin:80 - create IPUIPlugin
2023-05-08 11:05:37,972 [INFO] IPUIPlugin:80 - create IPUIPlugin
2023-05-08 11:05:37,972 [INFO] IPUIPlugin:80 - create IPUIPlugin
2023-05-08 11:05:37,974 [INFO] IPUIPlugin:80 - create IPUIPlugin
2023-05-08 11:05:37,974 [INFO] IPUIPlugin:80 - create IPUIPlugin
2023-05-08 11:05:37,974 [INFO] IPUIPlugin:80 - create IPUIPlugin
2023-05-08 11:05:37,975 [INFO] IPUIPlugin:80 - create IPUIPlugin
2023-05-08 11:05:37,975 [INFO] IPUIPlugin:80 - create IPUIPlugin
2023-05-08 11:05:37,975 [INFO] IPUIPlugin:80 - create IPUIPlugin
2023-05-08 11:05:37,978 [INFO] IPUIPlugin:80 - create IPUIPlugin
2023-05-08 11:05:37,980 [INFO] IPUIPlugin:80 - create IPUIPlugin
2023-05-08 11:05:37,980 [INFO] IPUIPlugin:80 - create IPUIPlugin
2023-05-08 11:05:37,981 [INFO] IPUIPlugin:80 - create IPUIPlugin
2023-05-08 11:05:37,981 [INFO] IPUIPlugin:80 - create IPUIPlugin
2023-05-08 11:05:37,981 [INFO] IPUIPlugin:80 - create IPUIPlugin
2023-05-08 11:05:37,981 [INFO] IPUIPlugin:80 - create IPUIPlugin
2023-05-08 11:05:37,982 [INFO] IPUIPlugin:80 - create IPUIPlugin
2023-05-08 11:05:38,304 [INFO] CADModel:165 - CPN selected for project levelSTM32F103C8T6
2023-05-08 11:05:38,304 [INFO] CADModel:114 - Register for checkConnection events
2023-05-08 11:05:38,351 [INFO] OpenFileManager:328 - Restore cursor
2023-05-08 11:13:55,075 [INFO] UtilMem:75 - End SaveConfig() Used Memory: 787793560 Bytes (1073741824)
2023-05-08 11:13:55,146 [INFO] UtilMem:75 - End SaveConfig() Used Memory: 800755680 Bytes (1073741824)
2023-05-08 11:13:56,000 [INFO] UtilMem:75 - End SaveConfig() Used Memory: 835213440 Bytes (1073741824)
2023-05-08 11:13:57,442 [INFO] BlockDiagram:2759 - set Specific Code input for plugin: NVIC
2023-05-08 11:13:57,442 [INFO] BlockDiagram:2759 - set Specific Code input for plugin: DMA
2023-05-08 11:13:57,443 [INFO] BlockDiagram:2759 - set Specific Code input for plugin: TIM1_8F1
2023-05-08 11:13:57,443 [INFO] BlockDiagram:2759 - set Specific Code input for plugin: SYS
2023-05-08 11:13:57,443 [INFO] BlockDiagram:2759 - set Specific Code input for plugin: GPIO
2023-05-08 11:13:57,443 [INFO] BlockDiagram:2759 - set Specific Code input for plugin: ADC
2023-05-08 11:13:57,443 [INFO] BlockDiagram:2759 - set Specific Code input for plugin: RCC
2023-05-08 11:13:57,444 [INFO] CodeGenerator:793 - code generatio: config db path: C:\ST\STM32CubeIDE_1.12.0\STM32CubeIDE\plugins\com.st.stm32cube.common.mx_6.8.0.202302231600\\db\
2023-05-08 11:13:58,048 [INFO] CodeEngine:255 - oldGeneratedFile, D:\STM32\TUT__F103_BLDC.zip_expanded\TUT__F103_BLDC\MXTmpFiles\license.tmp_save
2023-05-08 11:13:58,634 [INFO] CodeEngine:279 - Generated code: D:\STM32\TUT__F103_BLDC.zip_expanded\TUT__F103_BLDC\MXTmpFiles\license.tmp
2023-05-08 11:13:58,797 [INFO] CodeEngine:255 - oldGeneratedFile, D:\STM32\TUT__F103_BLDC.zip_expanded\TUT__F103_BLDC\MXTmpFiles\gpio.tmp_save
2023-05-08 11:13:58,998 [INFO] CodeEngine:279 - Generated code: D:\STM32\TUT__F103_BLDC.zip_expanded\TUT__F103_BLDC\MXTmpFiles\gpio.tmp
2023-05-08 11:13:59,281 [INFO] CodeEngine:255 - oldGeneratedFile, D:\STM32\TUT__F103_BLDC.zip_expanded\TUT__F103_BLDC\MXTmpFiles\dma.tmp_save
2023-05-08 11:13:59,400 [INFO] CodeEngine:279 - Generated code: D:\STM32\TUT__F103_BLDC.zip_expanded\TUT__F103_BLDC\MXTmpFiles\dma.tmp
2023-05-08 11:13:59,414 [INFO] CodeEngine:255 - oldGeneratedFile, D:\STM32\TUT__F103_BLDC.zip_expanded\TUT__F103_BLDC\MXTmpFiles\dma_GV.tmp_save
2023-05-08 11:13:59,501 [INFO] CodeEngine:279 - Generated code: D:\STM32\TUT__F103_BLDC.zip_expanded\TUT__F103_BLDC\MXTmpFiles\dma_GV.tmp
2023-05-08 11:13:59,528 [INFO] CodeEngine:255 - oldGeneratedFile, D:\STM32\TUT__F103_BLDC.zip_expanded\TUT__F103_BLDC\Core\Src\stm32f1xx_it.c_save
2023-05-08 11:13:59,734 [INFO] CodeEngine:279 - Generated code: D:\STM32\TUT__F103_BLDC.zip_expanded\TUT__F103_BLDC\Core\Src\stm32f1xx_it.c
2023-05-08 11:13:59,747 [INFO] CodeEngine:255 - oldGeneratedFile, D:\STM32\TUT__F103_BLDC.zip_expanded\TUT__F103_BLDC\Core\Inc\stm32f1xx_it.h_save
2023-05-08 11:13:59,901 [INFO] CodeEngine:279 - Generated code: D:\STM32\TUT__F103_BLDC.zip_expanded\TUT__F103_BLDC\Core\Inc\stm32f1xx_it.h
2023-05-08 11:14:00,011 [INFO] CodeEngine:255 - oldGeneratedFile, D:\STM32\TUT__F103_BLDC.zip_expanded\TUT__F103_BLDC\Core\Src\stm32f1xx_hal_msp.c_save
2023-05-08 11:14:00,252 [INFO] CodeEngine:279 - Generated code: D:\STM32\TUT__F103_BLDC.zip_expanded\TUT__F103_BLDC\Core\Src\stm32f1xx_hal_msp.c
2023-05-08 11:14:00,264 [INFO] CodeEngine:255 - oldGeneratedFile, D:\STM32\TUT__F103_BLDC.zip_expanded\TUT__F103_BLDC\MXTmpFiles\system.tmp_save
2023-05-08 11:14:00,348 [INFO] CodeEngine:279 - Generated code: D:\STM32\TUT__F103_BLDC.zip_expanded\TUT__F103_BLDC\MXTmpFiles\system.tmp
2023-05-08 11:14:00,375 [INFO] CodeEngine:311 - oldGeneratedFile, D:\STM32\TUT__F103_BLDC.zip_expanded\TUT__F103_BLDC\Core\Inc\stm32f1xx_hal_conf.h_save
2023-05-08 11:14:00,528 [INFO] CodeEngine:335 - Generated code: D:\STM32\TUT__F103_BLDC.zip_expanded\TUT__F103_BLDC\Core\Inc\stm32f1xx_hal_conf.h
2023-05-08 11:14:00,561 [WARN] IPConfigManager:3431 - IP not found : TIM
2023-05-08 11:14:00,562 [WARN] CodeGenerator:3754 - IP not found : null
2023-05-08 11:14:00,582 [INFO] CodeEngine:255 - oldGeneratedFile, D:\STM32\TUT__F103_BLDC.zip_expanded\TUT__F103_BLDC\Core\Inc\main.h_save
2023-05-08 11:14:00,721 [INFO] CodeEngine:279 - Generated code: D:\STM32\TUT__F103_BLDC.zip_expanded\TUT__F103_BLDC\Core\Inc\main.h
2023-05-08 11:14:00,737 [INFO] CodeEngine:255 - oldGeneratedFile, D:\STM32\TUT__F103_BLDC.zip_expanded\TUT__F103_BLDC\Core\Src\main.c_save
2023-05-08 11:14:01,014 [INFO] CodeEngine:279 - Generated code: D:\STM32\TUT__F103_BLDC.zip_expanded\TUT__F103_BLDC\Core\Src\main.c
2023-05-08 11:14:01,786 [INFO] ProjectBuilder:2996 - Time for Copy HAL[1] : 136mS.
2023-05-08 11:14:01,800 [INFO] ProjectBuilder:4304 - Project Generator version: 3.19.2
2023-05-08 11:14:02,443 [INFO] ConfigFileManager:1483 - The Die is : DIE410
2023-05-08 11:14:02,475 [INFO] ApiDbMcu:507 - Load IP Config File for FATFS
2023-05-08 11:14:02,496 [INFO] ApiDbMcu:507 - Load IP Config File for FREERTOS
2023-05-08 11:14:02,514 [INFO] ApiDbMcu:507 - Load IP Config File for USB_DEVICE
2023-05-08 11:14:04,122 [INFO] LogOutputStream:77 - [STDOUT_REDIRECT] 
2023-05-08 11:14:06,296 [INFO] ProjectBuilder:4505 - Time for Generating toolchain IDE Files: 4495mS.
2023-05-08 11:14:06,296 [INFO] ProjectBuilder:2867 - Time for Copy CMSIS : 0mS.
2023-05-08 11:14:06,297 [INFO] ProjectBuilder:2867 - Time for Copy CMSIS : 0mS.
2023-05-08 15:24:49,779 [INFO] UtilMem:75 - End SaveConfig() Used Memory: 734894400 Bytes (1073741824)
2023-05-08 15:24:49,847 [INFO] UtilMem:75 - End SaveConfig() Used Memory: 750028704 Bytes (1073741824)
2023-05-08 15:24:50,356 [INFO] UtilMem:75 - End SaveConfig() Used Memory: 778866752 Bytes (1073741824)
2023-05-08 15:24:50,685 [INFO] BlockDiagram:2759 - set Specific Code input for plugin: NVIC
2023-05-08 15:24:50,685 [INFO] BlockDiagram:2759 - set Specific Code input for plugin: DMA
2023-05-08 15:24:50,685 [INFO] BlockDiagram:2759 - set Specific Code input for plugin: TIM1_8F1
2023-05-08 15:24:50,685 [INFO] BlockDiagram:2759 - set Specific Code input for plugin: SYS
2023-05-08 15:24:50,686 [INFO] BlockDiagram:2759 - set Specific Code input for plugin: GPIO
2023-05-08 15:24:50,686 [INFO] BlockDiagram:2759 - set Specific Code input for plugin: ADC
2023-05-08 15:24:50,686 [INFO] BlockDiagram:2759 - set Specific Code input for plugin: RCC
2023-05-08 15:24:50,687 [INFO] CodeGenerator:793 - code generatio: config db path: C:\ST\STM32CubeIDE_1.12.0\STM32CubeIDE\plugins\com.st.stm32cube.common.mx_6.8.0.202302231600\\db\
2023-05-08 15:24:50,695 [INFO] Argument:319 - Argument : hdmavalue: null
2023-05-08 15:24:50,695 [INFO] Argument:321 - 	 sub Args: 
2023-05-08 15:24:50,695 [INFO] Argument:319 - Argument : Instancevalue: DMA1_Channel1
2023-05-08 15:24:50,695 [INFO] Argument:329 - Argument : Instancevalue: DMA1_Channel1
2023-05-08 15:24:50,695 [INFO] Argument:319 - Argument : Initvalue: null
2023-05-08 15:24:50,695 [INFO] Argument:321 - 	 sub Args: 
2023-05-08 15:24:50,695 [INFO] Argument:319 - Argument : Directionvalue: DMA_PERIPH_TO_MEMORY
2023-05-08 15:24:50,696 [INFO] Argument:329 - Argument : Directionvalue: DMA_PERIPH_TO_MEMORY
2023-05-08 15:24:50,696 [INFO] Argument:319 - Argument : PeriphIncvalue: DMA_PINC_DISABLE
2023-05-08 15:24:50,696 [INFO] Argument:329 - Argument : PeriphIncvalue: DMA_PINC_DISABLE
2023-05-08 15:24:50,696 [INFO] Argument:319 - Argument : MemIncvalue: DMA_MINC_ENABLE
2023-05-08 15:24:50,696 [INFO] Argument:329 - Argument : MemIncvalue: DMA_MINC_ENABLE
2023-05-08 15:24:50,696 [INFO] Argument:319 - Argument : PeriphDataAlignmentvalue: DMA_PDATAALIGN_HALFWORD
2023-05-08 15:24:50,696 [INFO] Argument:329 - Argument : PeriphDataAlignmentvalue: DMA_PDATAALIGN_HALFWORD
2023-05-08 15:24:50,696 [INFO] Argument:319 - Argument : MemDataAlignmentvalue: DMA_MDATAALIGN_HALFWORD
2023-05-08 15:24:50,696 [INFO] Argument:329 - Argument : MemDataAlignmentvalue: DMA_MDATAALIGN_HALFWORD
2023-05-08 15:24:50,696 [INFO] Argument:319 - Argument : Modevalue: DMA_CIRCULAR
2023-05-08 15:24:50,696 [INFO] Argument:329 - Argument : Modevalue: DMA_CIRCULAR
2023-05-08 15:24:50,696 [INFO] Argument:319 - Argument : Priorityvalue: DMA_PRIORITY_LOW
2023-05-08 15:24:50,696 [INFO] Argument:329 - Argument : Priorityvalue: DMA_PRIORITY_LOW
2023-05-08 15:24:50,696 [INFO] Argument:319 - Argument : Lockvalue: null
2023-05-08 15:24:50,696 [INFO] Argument:329 - Argument : Lockvalue: null
2023-05-08 15:24:50,696 [INFO] Argument:319 - Argument : Statevalue: null
2023-05-08 15:24:50,696 [INFO] Argument:329 - Argument : Statevalue: null
2023-05-08 15:24:50,696 [INFO] Argument:319 - Argument : Parentvalue: null
2023-05-08 15:24:50,696 [INFO] Argument:329 - Argument : Parentvalue: null
2023-05-08 15:24:50,696 [INFO] Argument:319 - Argument : XferCpltCallbackvalue: null
2023-05-08 15:24:50,696 [INFO] Argument:329 - Argument : XferCpltCallbackvalue: null
2023-05-08 15:24:50,696 [INFO] Argument:319 - Argument : XferHalfCpltCallbackvalue: null
2023-05-08 15:24:50,697 [INFO] Argument:329 - Argument : XferHalfCpltCallbackvalue: null
2023-05-08 15:24:50,697 [INFO] Argument:319 - Argument : XferErrorCallbackvalue: null
2023-05-08 15:24:50,697 [INFO] Argument:329 - Argument : XferErrorCallbackvalue: null
2023-05-08 15:24:50,697 [INFO] Argument:319 - Argument : ErrorCodevalue: null
2023-05-08 15:24:50,697 [INFO] Argument:329 - Argument : ErrorCodevalue: null
2023-05-08 15:24:50,891 [INFO] CodeEngine:255 - oldGeneratedFile, D:\STM32\TUT__F103_BLDC.zip_expanded\TUT__F103_BLDC\MXTmpFiles\license.tmp_save
2023-05-08 15:24:51,520 [INFO] CodeEngine:279 - Generated code: D:\STM32\TUT__F103_BLDC.zip_expanded\TUT__F103_BLDC\MXTmpFiles\license.tmp
2023-05-08 15:24:51,546 [INFO] CodeEngine:255 - oldGeneratedFile, D:\STM32\TUT__F103_BLDC.zip_expanded\TUT__F103_BLDC\MXTmpFiles\gpio.tmp_save
2023-05-08 15:24:51,807 [INFO] CodeEngine:279 - Generated code: D:\STM32\TUT__F103_BLDC.zip_expanded\TUT__F103_BLDC\MXTmpFiles\gpio.tmp
2023-05-08 15:24:51,931 [INFO] CodeEngine:255 - oldGeneratedFile, D:\STM32\TUT__F103_BLDC.zip_expanded\TUT__F103_BLDC\MXTmpFiles\dma.tmp_save
2023-05-08 15:24:52,053 [INFO] CodeEngine:279 - Generated code: D:\STM32\TUT__F103_BLDC.zip_expanded\TUT__F103_BLDC\MXTmpFiles\dma.tmp
2023-05-08 15:24:52,056 [INFO] CodeEngine:255 - oldGeneratedFile, D:\STM32\TUT__F103_BLDC.zip_expanded\TUT__F103_BLDC\MXTmpFiles\dma_GV.tmp_save
2023-05-08 15:24:52,108 [INFO] CodeEngine:279 - Generated code: D:\STM32\TUT__F103_BLDC.zip_expanded\TUT__F103_BLDC\MXTmpFiles\dma_GV.tmp
2023-05-08 15:24:52,130 [INFO] CodeEngine:255 - oldGeneratedFile, D:\STM32\TUT__F103_BLDC.zip_expanded\TUT__F103_BLDC\Core\Src\stm32f1xx_it.c_save
2023-05-08 15:24:52,316 [INFO] CodeEngine:279 - Generated code: D:\STM32\TUT__F103_BLDC.zip_expanded\TUT__F103_BLDC\Core\Src\stm32f1xx_it.c
2023-05-08 15:24:52,325 [INFO] CodeEngine:255 - oldGeneratedFile, D:\STM32\TUT__F103_BLDC.zip_expanded\TUT__F103_BLDC\Core\Inc\stm32f1xx_it.h_save
2023-05-08 15:24:52,382 [INFO] CodeEngine:279 - Generated code: D:\STM32\TUT__F103_BLDC.zip_expanded\TUT__F103_BLDC\Core\Inc\stm32f1xx_it.h
2023-05-08 15:24:52,403 [INFO] CodeEngine:255 - oldGeneratedFile, D:\STM32\TUT__F103_BLDC.zip_expanded\TUT__F103_BLDC\Core\Src\stm32f1xx_hal_msp.c_save
2023-05-08 15:24:52,564 [INFO] CodeEngine:279 - Generated code: D:\STM32\TUT__F103_BLDC.zip_expanded\TUT__F103_BLDC\Core\Src\stm32f1xx_hal_msp.c
2023-05-08 15:24:52,569 [INFO] CodeEngine:255 - oldGeneratedFile, D:\STM32\TUT__F103_BLDC.zip_expanded\TUT__F103_BLDC\MXTmpFiles\system.tmp_save
2023-05-08 15:24:52,627 [INFO] CodeEngine:279 - Generated code: D:\STM32\TUT__F103_BLDC.zip_expanded\TUT__F103_BLDC\MXTmpFiles\system.tmp
2023-05-08 15:24:52,642 [INFO] CodeEngine:311 - oldGeneratedFile, D:\STM32\TUT__F103_BLDC.zip_expanded\TUT__F103_BLDC\Core\Inc\stm32f1xx_hal_conf.h_save
2023-05-08 15:24:52,726 [INFO] CodeEngine:335 - Generated code: D:\STM32\TUT__F103_BLDC.zip_expanded\TUT__F103_BLDC\Core\Inc\stm32f1xx_hal_conf.h
2023-05-08 15:24:52,749 [WARN] IPConfigManager:3431 - IP not found : TIM
2023-05-08 15:24:52,750 [WARN] CodeGenerator:3754 - IP not found : null
2023-05-08 15:24:52,781 [INFO] CodeEngine:255 - oldGeneratedFile, D:\STM32\TUT__F103_BLDC.zip_expanded\TUT__F103_BLDC\Core\Inc\main.h_save
2023-05-08 15:24:52,869 [INFO] CodeEngine:279 - Generated code: D:\STM32\TUT__F103_BLDC.zip_expanded\TUT__F103_BLDC\Core\Inc\main.h
2023-05-08 15:24:52,881 [INFO] CodeEngine:255 - oldGeneratedFile, D:\STM32\TUT__F103_BLDC.zip_expanded\TUT__F103_BLDC\Core\Src\main.c_save
2023-05-08 15:24:52,982 [INFO] CodeEngine:279 - Generated code: D:\STM32\TUT__F103_BLDC.zip_expanded\TUT__F103_BLDC\Core\Src\main.c
2023-05-08 15:24:53,731 [INFO] ProjectBuilder:2996 - Time for Copy HAL[1] : 122mS.
2023-05-08 15:24:53,734 [INFO] ProjectBuilder:4304 - Project Generator version: 3.19.2
2023-05-08 15:24:54,061 [INFO] ConfigFileManager:1483 - The Die is : DIE410
2023-05-08 15:24:56,187 [INFO] ProjectBuilder:4505 - Time for Generating toolchain IDE Files: 2453mS.
2023-05-08 15:24:56,187 [INFO] ProjectBuilder:2867 - Time for Copy CMSIS : 0mS.
2023-05-08 15:24:56,189 [INFO] ProjectBuilder:2867 - Time for Copy CMSIS : 0mS.
