2023-12-28 15:37:17,648 [INFO] Activator:176 - 


2023-12-28 15:37:17,652 [INFO] Activator:177 - !SESSION log4j initialized
2023-12-28 15:37:22,876 [ERROR] LogOutputStream:75 - [STDERR_REDIRECT] ?.?. 28, 2023 3:37:22 ??????? org.glassfish.grizzly.http.server.NetworkListener start
2023-12-28 15:37:22,879 [ERROR] LogOutputStream:75 - [STDERR_REDIRECT] INFO: Started listener bound to [localhost:1597]
2023-12-28 15:37:22,879 [ERROR] LogOutputStream:75 - [STDERR_REDIRECT] 
2023-12-28 15:37:22,881 [ERROR] LogOutputStream:75 - [STDERR_REDIRECT] ?.?. 28, 2023 3:37:22 ??????? org.glassfish.grizzly.http.server.HttpServer start
2023-12-28 15:37:22,883 [ERROR] LogOutputStream:75 - [STDERR_REDIRECT] INFO: [HttpServer] Started.
2023-12-28 15:37:22,884 [ERROR] LogOutputStream:75 - [STDERR_REDIRECT] 
2023-12-28 15:37:24,959 [INFO] LogOutputStream:77 - [STDOUT_REDIRECT] 
2023-12-28 15:37:25,943 [INFO] ApplicationProperties:184 - Using Application install path: C:\ST\STM32CubeIDE_1.12.0\STM32CubeIDE\plugins\com.st.stm32cube.common.mx_6.10.0.202311202037
2023-12-28 15:37:25,971 [INFO] DbMcusXml:78 - Set database path to: C:\ST\STM32CubeIDE_1.12.0\STM32CubeIDE\plugins\com.st.stm32cube.common.mx_6.10.0.202311202037\\db\/mcu/
2023-12-28 15:37:25,971 [INFO] ApiDb:274 - Set plugin database path to: C:\ST\STM32CubeIDE_1.12.0\STM32CubeIDE\plugins\com.st.stm32cube.common.mx_6.10.0.202311202037\\db\/plugins/boardmanager/
2023-12-28 15:37:25,972 [WARN] ApiDb:259 - Overriding images path with different value:  => C:\ST\STM32CubeIDE_1.12.0\STM32CubeIDE\plugins\com.st.stm32cube.common.mx_6.10.0.202311202037\\db\/plugins/mcufinder/images/
2023-12-28 15:37:25,995 [INFO] ApiDb:250 - Set database path to: C:\Users\user\.stmcufinder\plugins\mcufinder//mcu/
2023-12-28 15:37:25,997 [INFO] DbMcusAds:125 - Set database path to: C:\Users\user\.stmcufinder\plugins\mcufinder//mcu/
2023-12-28 15:37:26,000 [INFO] CrossReferenceDbSqlite:203 - Set database path to: C:\Users\user\.stmcufinder\plugins\mcufinder//mcu/cs/
2023-12-28 15:37:26,113 [INFO] RulesReader:64 - Compatibility file has been processed (297 Rules)
2023-12-28 15:37:26,176 [INFO] DbMcusXml:78 - Set database path to: C:\ST\STM32CubeIDE_1.12.0\STM32CubeIDE\plugins\com.st.stm32cube.common.mx_6.10.0.202311202037\\db\/mcu/
2023-12-28 15:37:26,176 [INFO] ApiDb:274 - Set plugin database path to: C:\ST\STM32CubeIDE_1.12.0\STM32CubeIDE\plugins\com.st.stm32cube.common.mx_6.10.0.202311202037\\db\/plugins/boardmanager/
2023-12-28 15:37:26,176 [INFO] ApiDb:261 - Set plugin images path to: C:\ST\STM32CubeIDE_1.12.0\STM32CubeIDE\plugins\com.st.stm32cube.common.mx_6.10.0.202311202037\\db\/plugins/mcufinder/images/
2023-12-28 15:37:26,177 [WARN] DbFile:41 - Overriding database path with different value: C:\Users\user\.stmcufinder\plugins\mcufinder/ => C:\Users\user\.stmcufinder\plugins\mcufinder
2023-12-28 15:37:26,177 [INFO] ApiDb:250 - Set database path to: C:\Users\user\.stmcufinder\plugins\mcufinder//mcu/
2023-12-28 15:37:26,177 [WARN] DbFile:41 - Overriding database path with different value: C:\Users\user\.stmcufinder\plugins\mcufinder/ => C:\Users\user\.stmcufinder\plugins\mcufinder
2023-12-28 15:37:26,177 [INFO] DbMcusAds:125 - Set database path to: C:\Users\user\.stmcufinder\plugins\mcufinder//mcu/
2023-12-28 15:37:26,177 [WARN] DbFile:41 - Overriding database path with different value: C:\Users\user\.stmcufinder\plugins\mcufinder/ => C:\Users\user\.stmcufinder\plugins\mcufinder
2023-12-28 15:37:26,177 [WARN] DbFile:41 - Overriding database path with different value: C:\Users\user\.stmcufinder\plugins\mcufinder/ => C:\Users\user\.stmcufinder\plugins\mcufinder
2023-12-28 15:37:26,177 [INFO] CrossReferenceDbSqlite:203 - Set database path to: C:\Users\user\.stmcufinder\plugins\mcufinder//mcu/cs/
2023-12-28 15:37:26,261 [INFO] MainPanel:264 - HeapMemory: 268435456
2023-12-28 15:37:26,360 [INFO] DbMcusXml:78 - Set database path to: C:\ST\STM32CubeIDE_1.12.0\STM32CubeIDE\plugins\com.st.stm32cube.common.mx_6.10.0.202311202037\\db\/mcu/
2023-12-28 15:37:26,360 [INFO] ApiDb:274 - Set plugin database path to: C:\ST\STM32CubeIDE_1.12.0\STM32CubeIDE\plugins\com.st.stm32cube.common.mx_6.10.0.202311202037\\db\/plugins/boardmanager/
2023-12-28 15:37:26,361 [INFO] ApiDb:261 - Set plugin images path to: C:\ST\STM32CubeIDE_1.12.0\STM32CubeIDE\plugins\com.st.stm32cube.common.mx_6.10.0.202311202037\\db\/plugins/mcufinder/images/
2023-12-28 15:37:26,361 [WARN] DbFile:41 - Overriding database path with different value: C:\Users\user\.stmcufinder\plugins\mcufinder/ => C:\Users\user\.stmcufinder\plugins\mcufinder
2023-12-28 15:37:26,361 [INFO] ApiDb:250 - Set database path to: C:\Users\user\.stmcufinder\plugins\mcufinder//mcu/
2023-12-28 15:37:26,361 [WARN] DbFile:41 - Overriding database path with different value: C:\Users\user\.stmcufinder\plugins\mcufinder/ => C:\Users\user\.stmcufinder\plugins\mcufinder
2023-12-28 15:37:26,361 [INFO] DbMcusAds:125 - Set database path to: C:\Users\user\.stmcufinder\plugins\mcufinder//mcu/
2023-12-28 15:37:26,361 [WARN] DbFile:41 - Overriding database path with different value: C:\Users\user\.stmcufinder\plugins\mcufinder/ => C:\Users\user\.stmcufinder\plugins\mcufinder
2023-12-28 15:37:26,361 [WARN] DbFile:41 - Overriding database path with different value: C:\Users\user\.stmcufinder\plugins\mcufinder/ => C:\Users\user\.stmcufinder\plugins\mcufinder
2023-12-28 15:37:26,361 [INFO] CrossReferenceDbSqlite:203 - Set database path to: C:\Users\user\.stmcufinder\plugins\mcufinder//mcu/cs/
2023-12-28 15:37:26,379 [INFO] ApplicationProperties:184 - Using Application install path: C:\ST\STM32CubeIDE_1.12.0\STM32CubeIDE\plugins\com.st.stm32cube.common.mx_6.10.0.202311202037
2023-12-28 15:37:26,380 [INFO] PluginManage:196 - Search for loadable plugins [exclusion list=, ]
2023-12-28 15:37:26,382 [INFO] PluginManage:310 - Check plugin analytics
2023-12-28 15:37:26,647 [INFO] AnalyticsPlugin:253 - Accepted Software Licenses: STM32CubeMX.6.8.0,STM32CubeMX.6.8.1,STM32CubeMX.6.5.0,STM32CubeMX.6.9.1,STM32CubeMX.6.9.2,STM32CubeMX.6.10.0
2023-12-28 15:37:26,649 [INFO] AnalyticsPlugin:255 - Accepted CMSIS Pack Licenses: emotas.I-CUBE-CANOPEN.1.1.3,STMicroelectronics.X-CUBE-TOUCHGFX.4.21.0,STMicroelectronics.X-CUBE-TOUCHGFX.4.21.1,STMicroelectronics.X-CUBE-TOUCHGFX.4.18.0,STMicroelectronics.X-CUBE-TOUCHGFX.4.22.1,STMicroelectronics.X-CUBE-AZRTOS-H7.3.1.0,STMicroelectronics.X-CUBE-AZRTOS-H7.3.2.0,ITTIA_DB.I-CUBE-ITTIADB.8.8.0
2023-12-28 15:37:26,649 [INFO] AnalyticsPlugin:257 - Accepted Firmware Licenses: FW.H7.1.11.0,FW.G0.1.6.0,FW.F4.1.27.0
2023-12-28 15:37:26,652 [INFO] PluginManage:359 - Loaded plugin analytics (category:tool,tabindex:-1)
2023-12-28 15:37:26,652 [INFO] PluginManage:310 - Check plugin cadmodel
2023-12-28 15:37:26,659 [INFO] CADModel:105 - Init CAD model plugin
2023-12-28 15:37:26,660 [INFO] PluginManage:359 - Loaded plugin cadmodel (category:power,tabindex:5)
2023-12-28 15:37:26,661 [INFO] PluginManage:310 - Check plugin clock
2023-12-28 15:37:26,699 [INFO] PluginManage:359 - Loaded plugin clock (category:base,tabindex:2)
2023-12-28 15:37:26,699 [INFO] PluginManage:310 - Check plugin ddr
2023-12-28 15:37:26,707 [INFO] PluginManage:359 - Loaded plugin ddr (category:tool,tabindex:6)
2023-12-28 15:37:26,707 [INFO] PluginManage:310 - Check plugin filemanager
2023-12-28 15:37:26,941 [INFO] PluginManage:359 - Loaded plugin filemanager (category:base,tabindex:10)
2023-12-28 15:37:26,941 [INFO] PluginManage:310 - Check plugin ipmanager
2023-12-28 15:37:26,949 [INFO] PluginManage:359 - Loaded plugin ipmanager (category:base,tabindex:5)
2023-12-28 15:37:26,949 [INFO] PluginManage:310 - Check plugin lpbam
2023-12-28 15:37:26,960 [INFO] PluginManage:359 - Loaded plugin lpbam (category:base,tabindex:0)
2023-12-28 15:37:26,960 [INFO] PluginManage:310 - Check plugin memorymap
2023-12-28 15:37:26,975 [INFO] PluginManage:359 - Loaded plugin memorymap (category:base,tabindex:4)
2023-12-28 15:37:26,975 [INFO] PluginManage:310 - Check plugin pinoutandconfiguration
2023-12-28 15:37:26,984 [INFO] PluginManage:359 - Loaded plugin pinoutandconfiguration (category:base,tabindex:1)
2023-12-28 15:37:26,984 [INFO] PluginManage:310 - Check plugin pinoutconfig
2023-12-28 15:37:27,098 [WARN] SupportedApi:132 - Cannot load RTOS API schema: s4s-elt-must-match.1: The content of 'definitions' must match (annotation?, (simpleType | complexType)?, (unique | key | keyref)*)). A problem was found starting at: attribute.
2023-12-28 15:37:27,256 [INFO] PluginManage:359 - Loaded plugin pinoutconfig (category:base,tabindex:0)
2023-12-28 15:37:27,256 [INFO] PluginManage:310 - Check plugin power
2023-12-28 15:37:27,267 [INFO] PluginManage:359 - Loaded plugin power (category:power,tabindex:4)
2023-12-28 15:37:27,267 [INFO] PluginManage:310 - Check plugin projectmanager
2023-12-28 15:37:27,298 [INFO] PluginManage:359 - Loaded plugin projectmanager (category:projectmanager,tabindex:3)
2023-12-28 15:37:27,298 [INFO] PluginManage:310 - Check plugin thirdparty
2023-12-28 15:37:27,472 [INFO] PluginManage:359 - Loaded plugin thirdparty (category:base,tabindex:-1)
2023-12-28 15:37:27,472 [WARN] IntegrityCheckThread:84 - waiting for thirdparty lock release [integrity check]
2023-12-28 15:37:27,472 [INFO] PluginManage:310 - Check plugin tools
2023-12-28 15:37:27,475 [INFO] IntegrityCheckThread:86 - entering critical section [integrity check]
2023-12-28 15:37:27,475 [INFO] ThirdPartyUpdaterWithRetryManager:70 - Updater plugin not ready yet. [1/15]
2023-12-28 15:37:27,479 [INFO] PluginManage:359 - Loaded plugin tools (category:base,tabindex:7)
2023-12-28 15:37:27,479 [INFO] PluginManage:310 - Check plugin tutovideos
2023-12-28 15:37:27,692 [INFO] PluginManage:359 - Loaded plugin tutovideos (category:base,tabindex:-1)
2023-12-28 15:37:27,692 [INFO] PluginManage:310 - Check plugin updater
2023-12-28 15:37:27,708 [INFO] PluginManage:359 - Loaded plugin updater (category:base,tabindex:12)
2023-12-28 15:37:27,708 [INFO] PluginManage:310 - Check plugin userauth
2023-12-28 15:37:27,715 [INFO] UserAuth:114 - Init User Auth plugin
2023-12-28 15:37:27,715 [INFO] PluginManage:359 - Loaded plugin userauth (category:base,tabindex:14)
2023-12-28 15:37:27,716 [INFO] PluginManage:283 - PluginManage : Loaded plugins [17]
2023-12-28 15:37:27,990 [INFO] PinOutPanel:1499 - setPackage(No Configuration,No Configuration)
2023-12-28 15:37:28,058 [INFO] CADModel:165 - CPN selected for project level
2023-12-28 15:37:28,058 [INFO] CADModel:114 - Register for checkConnection events
2023-12-28 15:37:28,077 [INFO] IPUIPlugin:80 - create IPUIPlugin
2023-12-28 15:37:28,077 [INFO] PluginManager:220 - loadIPPluginJar : add adc
2023-12-28 15:37:28,079 [INFO] IPUIPlugin:80 - create IPUIPlugin
2023-12-28 15:37:28,079 [INFO] PluginManager:220 - loadIPPluginJar : add aes
2023-12-28 15:37:28,081 [INFO] IPUIPlugin:80 - create IPUIPlugin
2023-12-28 15:37:28,082 [INFO] PluginManager:220 - loadIPPluginJar : add can
2023-12-28 15:37:28,083 [INFO] IPUIPlugin:80 - create IPUIPlugin
2023-12-28 15:37:28,083 [INFO] PluginManager:220 - loadIPPluginJar : add comp
2023-12-28 15:37:28,085 [INFO] IPUIPlugin:80 - create IPUIPlugin
2023-12-28 15:37:28,085 [INFO] PluginManager:220 - loadIPPluginJar : add cryp
2023-12-28 15:37:28,089 [INFO] IPUIPlugin:80 - create IPUIPlugin
2023-12-28 15:37:28,089 [INFO] PluginManager:220 - loadIPPluginJar : add dfsdm
2023-12-28 15:37:28,095 [INFO] IPUIPlugin:80 - create IPUIPlugin
2023-12-28 15:37:28,095 [INFO] PluginManager:220 - loadIPPluginJar : add dma
2023-12-28 15:37:28,099 [INFO] IPUIPlugin:80 - create IPUIPlugin
2023-12-28 15:37:28,099 [INFO] PluginManager:220 - loadIPPluginJar : add dma3
2023-12-28 15:37:28,101 [INFO] IPUIPlugin:80 - create IPUIPlugin
2023-12-28 15:37:28,101 [INFO] PluginManager:220 - loadIPPluginJar : add fatfs
2023-12-28 15:37:28,106 [INFO] IPUIPlugin:80 - create IPUIPlugin
2023-12-28 15:37:28,106 [INFO] PluginManager:220 - loadIPPluginJar : add fmc
2023-12-28 15:37:28,113 [INFO] IPUIPlugin:80 - create IPUIPlugin
2023-12-28 15:37:28,113 [INFO] PluginManager:220 - loadIPPluginJar : add freertos
2023-12-28 15:37:28,115 [INFO] IPUIPlugin:80 - create IPUIPlugin
2023-12-28 15:37:28,115 [INFO] PluginManager:220 - loadIPPluginJar : add genericplugin
2023-12-28 15:37:28,117 [INFO] IPUIPlugin:80 - create IPUIPlugin
2023-12-28 15:37:28,117 [INFO] PluginManager:220 - loadIPPluginJar : add gfxmmu
2023-12-28 15:37:28,121 [INFO] IPUIPlugin:80 - create IPUIPlugin
2023-12-28 15:37:28,121 [INFO] PluginManager:220 - loadIPPluginJar : add gic
2023-12-28 15:37:28,125 [INFO] IPUIPlugin:80 - create IPUIPlugin
2023-12-28 15:37:28,125 [INFO] PluginManager:220 - loadIPPluginJar : add gpio
2023-12-28 15:37:28,127 [INFO] IPUIPlugin:80 - create IPUIPlugin
2023-12-28 15:37:28,127 [INFO] PluginManager:220 - loadIPPluginJar : add gtzc
2023-12-28 15:37:28,130 [INFO] IPUIPlugin:80 - create IPUIPlugin
2023-12-28 15:37:28,130 [INFO] PluginManager:220 - loadIPPluginJar : add hash
2023-12-28 15:37:28,133 [INFO] IPUIPlugin:80 - create IPUIPlugin
2023-12-28 15:37:28,133 [INFO] PluginManager:220 - loadIPPluginJar : add i2c
2023-12-28 15:37:28,136 [INFO] IPUIPlugin:80 - create IPUIPlugin
2023-12-28 15:37:28,136 [INFO] PluginManager:220 - loadIPPluginJar : add i2s
2023-12-28 15:37:28,139 [INFO] IPUIPlugin:80 - create IPUIPlugin
2023-12-28 15:37:28,139 [INFO] PluginManager:220 - loadIPPluginJar : add i3c
2023-12-28 15:37:28,143 [INFO] IPUIPlugin:80 - create IPUIPlugin
2023-12-28 15:37:28,143 [INFO] PluginManager:220 - loadIPPluginJar : add ipddr
2023-12-28 15:37:28,149 [INFO] IPUIPlugin:80 - create IPUIPlugin
2023-12-28 15:37:28,149 [INFO] PluginManager:220 - loadIPPluginJar : add linkedlist
2023-12-28 15:37:28,152 [INFO] IPUIPlugin:80 - create IPUIPlugin
2023-12-28 15:37:28,152 [INFO] PluginManager:220 - loadIPPluginJar : add lorawan
2023-12-28 15:37:28,153 [INFO] IPUIPlugin:80 - create IPUIPlugin
2023-12-28 15:37:28,153 [INFO] PluginManager:220 - loadIPPluginJar : add ltdc
2023-12-28 15:37:28,160 [INFO] IPUIPlugin:80 - create IPUIPlugin
2023-12-28 15:37:28,160 [INFO] PluginManager:220 - loadIPPluginJar : add mdma
2023-12-28 15:37:28,164 [INFO] IPUIPlugin:80 - create IPUIPlugin
2023-12-28 15:37:28,164 [INFO] PluginManager:220 - loadIPPluginJar : add nvic
2023-12-28 15:37:28,168 [INFO] IPUIPlugin:80 - create IPUIPlugin
2023-12-28 15:37:28,168 [INFO] PluginManager:220 - loadIPPluginJar : add opamp
2023-12-28 15:37:28,172 [INFO] IPUIPlugin:80 - create IPUIPlugin
2023-12-28 15:37:28,172 [INFO] PluginManager:220 - loadIPPluginJar : add openamp
2023-12-28 15:37:28,175 [INFO] IPUIPlugin:80 - create IPUIPlugin
2023-12-28 15:37:28,175 [INFO] PluginManager:220 - loadIPPluginJar : add pdm2pcm
2023-12-28 15:37:28,180 [INFO] IPUIPlugin:80 - create IPUIPlugin
2023-12-28 15:37:28,182 [INFO] PluginManager:220 - loadIPPluginJar : add plateformsettings
2023-12-28 15:37:28,184 [INFO] IPUIPlugin:80 - create IPUIPlugin
2023-12-28 15:37:28,184 [INFO] PluginManager:220 - loadIPPluginJar : add quadspi
2023-12-28 15:37:28,189 [INFO] IPUIPlugin:80 - create IPUIPlugin
2023-12-28 15:37:28,189 [INFO] PluginManager:220 - loadIPPluginJar : add resmgrutility
2023-12-28 15:37:28,192 [INFO] IPUIPlugin:80 - create IPUIPlugin
2023-12-28 15:37:28,192 [INFO] PluginManager:220 - loadIPPluginJar : add sai
2023-12-28 15:37:28,195 [INFO] IPUIPlugin:80 - create IPUIPlugin
2023-12-28 15:37:28,195 [INFO] PluginManager:220 - loadIPPluginJar : add spi
2023-12-28 15:37:28,201 [INFO] IPUIPlugin:80 - create IPUIPlugin
2023-12-28 15:37:28,201 [INFO] PluginManager:220 - loadIPPluginJar : add stm32_wpan
2023-12-28 15:37:28,204 [INFO] IPUIPlugin:80 - create IPUIPlugin
2023-12-28 15:37:28,204 [INFO] PluginManager:220 - loadIPPluginJar : add tim
2023-12-28 15:37:28,208 [INFO] IPUIPlugin:80 - create IPUIPlugin
2023-12-28 15:37:28,208 [INFO] PluginManager:220 - loadIPPluginJar : add touchsensing
2023-12-28 15:37:28,211 [INFO] IPUIPlugin:80 - create IPUIPlugin
2023-12-28 15:37:28,211 [INFO] PluginManager:220 - loadIPPluginJar : add tracer_emb
2023-12-28 15:37:28,214 [INFO] IPUIPlugin:80 - create IPUIPlugin
2023-12-28 15:37:28,214 [INFO] PluginManager:220 - loadIPPluginJar : add ts
2023-12-28 15:37:28,216 [INFO] IPUIPlugin:80 - create IPUIPlugin
2023-12-28 15:37:28,218 [INFO] PluginManager:220 - loadIPPluginJar : add tsc
2023-12-28 15:37:28,220 [INFO] IPUIPlugin:80 - create IPUIPlugin
2023-12-28 15:37:28,220 [INFO] PluginManager:220 - loadIPPluginJar : add ucpd
2023-12-28 15:37:28,223 [INFO] IPUIPlugin:80 - create IPUIPlugin
2023-12-28 15:37:28,223 [INFO] PluginManager:220 - loadIPPluginJar : add usart
2023-12-28 15:37:28,227 [INFO] IPUIPlugin:80 - create IPUIPlugin
2023-12-28 15:37:28,227 [INFO] PluginManager:220 - loadIPPluginJar : add usbx
2023-12-28 15:37:28,360 [INFO] CADModel:165 - CPN selected for project level
2023-12-28 15:37:28,360 [INFO] CADModel:114 - Register for checkConnection events
2023-12-28 15:37:28,362 [FATAL] Updater:308 - Updater called before beeing initialized
2023-12-28 15:37:28,362 [ERROR] CADModel:125 - Updater not yet initialized, retry later 
2023-12-28 15:37:28,495 [INFO] CADModel:165 - CPN selected for project level
2023-12-28 15:37:28,495 [INFO] CADModel:114 - Register for checkConnection events
2023-12-28 15:37:28,495 [FATAL] Updater:308 - Updater called before beeing initialized
2023-12-28 15:37:28,495 [ERROR] CADModel:125 - Updater not yet initialized, retry later 
2023-12-28 15:37:28,498 [FATAL] Updater:308 - Updater called before beeing initialized
2023-12-28 15:37:28,625 [FATAL] Updater:308 - Updater called before beeing initialized
2023-12-28 15:37:28,633 [INFO] DbMcusAds:53 - JSON generation date=Wed Nov 29 17:52:27 ICT 2023 (1701255147349)
2023-12-28 15:37:28,633 [FATAL] Updater:308 - Updater called before beeing initialized
2023-12-28 15:37:28,675 [WARN] DetailPanel:346 - Failed to get advertising image, set to default
2023-12-28 15:37:28,787 [FATAL] Updater:308 - Updater called before beeing initialized
2023-12-28 15:37:28,790 [FATAL] Updater:308 - Updater called before beeing initialized
2023-12-28 15:37:28,790 [FATAL] Updater:308 - Updater called before beeing initialized
2023-12-28 15:37:28,790 [WARN] DetailPanel:346 - Failed to get advertising image, set to default
2023-12-28 15:37:28,791 [FATAL] Updater:308 - Updater called before beeing initialized
2023-12-28 15:37:28,846 [ERROR] Updater:1120 - MainUpdater not yet initialized. External WinMGr cannot be set.
2023-12-28 15:37:28,848 [INFO] Updater:1056 - Updater Version found : 6.10.0
2023-12-28 15:37:28,867 [INFO] ApplicationProperties:184 - Using Application install path: C:\ST\STM32CubeIDE_1.12.0\STM32CubeIDE\plugins\com.st.stm32cube.common.mx_6.10.0.202311202037
2023-12-28 15:37:29,865 [INFO] MainUpdater:2873 - connection check result : 10
2023-12-28 15:37:29,866 [INFO] MainUpdater:290 - Updater Check For Update Now.
2023-12-28 15:37:29,866 [INFO] MicroXplorer:498 - Change Database Version : DB.6.0.100
2023-12-28 15:37:29,873 [INFO] McuFinderGlobals:63 - Set McuFinder mode to 2 (CubeIDE integrated)
2023-12-28 15:37:29,888 [INFO] UserAuth:404 - Internet connection configuration mode: 1
2023-12-28 15:37:29,916 [INFO] JxBrowserEngine:152 - Initiate JxBrowser Engine with user profile folder
2023-12-28 15:37:30,110 [INFO] CheckServerUpdateThread:120 - End of CheckServer Thread
2023-12-28 15:37:30,669 [WARN] PackLoader:240 - Cannot read IP mode file for STMicroelectronics.X-CUBE-SMBUS.2.1.0
2023-12-28 15:37:30,689 [WARN] PackLoader:240 - Cannot read IP mode file for STMicroelectronics.X-CUBE-TOUCHGFX.4.23.0
2023-12-28 15:37:30,905 [WARN] PackLoader:240 - Cannot read IP mode file for STMicroelectronics.X-CUBE-AZRTOS-F7.1.1.0
2023-12-28 15:37:30,941 [WARN] PackLoader:240 - Cannot read IP mode file for STMicroelectronics.FP-SNS-MOTENV1.4.3.2
2023-12-28 15:37:30,957 [WARN] PackLoader:240 - Cannot read IP mode file for STMicroelectronics.FP-SNS-FLIGHT1.5.0.2
2023-12-28 15:37:30,978 [WARN] PackLoader:240 - Cannot read IP mode file for STMicroelectronics.X-CUBE-DISPLAY.3.0.0
2023-12-28 15:37:31,009 [WARN] PackLoader:240 - Cannot read IP mode file for STMicroelectronics.X-CUBE-BLE1.7.0.0
2023-12-28 15:37:31,026 [WARN] PackLoader:240 - Cannot read IP mode file for emotas.I-CUBE-CANOPEN.1.3.0
2023-12-28 15:37:31,104 [WARN] PackLoader:240 - Cannot read IP mode file for STMicroelectronics.X-CUBE-TOUCHGFX.4.22.0
2023-12-28 15:37:31,190 [WARN] PackLoader:240 - Cannot read IP mode file for STMicroelectronics.X-CUBE-TOUCHGFX.4.22.1
2023-12-28 15:37:31,261 [WARN] PackLoader:240 - Cannot read IP mode file for STMicroelectronics.FP-SNS-SMARTAG2.1.2.0
2023-12-28 15:37:31,309 [INFO] LogOutputStream:77 - [STDOUT_REDIRECT] 1 : Invalid condition id : UX_CORESTACK_Condition cause : null
2023-12-28 15:37:31,314 [INFO] LogOutputStream:77 - [STDOUT_REDIRECT] 1 : Invalid condition id : UX_CORESTACK_Condition cause : null
2023-12-28 15:37:31,316 [INFO] LogOutputStream:77 - [STDOUT_REDIRECT] 1 : Invalid condition id : UX_CORESTACK_Condition cause : null
2023-12-28 15:37:31,318 [INFO] LogOutputStream:77 - [STDOUT_REDIRECT] 1 : Invalid condition id : UX_CORESTACK_Condition cause : null
2023-12-28 15:37:31,321 [INFO] LogOutputStream:77 - [STDOUT_REDIRECT] 1 : Invalid condition id : UX_CORESTACK_Condition cause : null
2023-12-28 15:37:31,336 [WARN] PackLoader:240 - Cannot read IP mode file for STMicroelectronics.X-CUBE-AZRTOS-WL.2.0.0
2023-12-28 15:37:31,364 [WARN] PackLoader:240 - Cannot read IP mode file for WES.I-CUBE-Cesium.1.3.0
2023-12-28 15:37:31,381 [WARN] PackLoader:240 - Cannot read IP mode file for STMicroelectronics.X-CUBE-BLE2.3.3.0
2023-12-28 15:37:31,396 [WARN] PackLoader:240 - Cannot read IP mode file for STMicroelectronics.X-CUBE-TOUCHGFX.4.18.0
2023-12-28 15:37:31,502 [WARN] PackLoader:240 - Cannot read IP mode file for STMicroelectronics.X-CUBE-TOUCHGFX.4.21.1
2023-12-28 15:37:31,581 [WARN] PackLoader:240 - Cannot read IP mode file for STMicroelectronics.X-CUBE-TOUCHGFX.4.21.0
2023-12-28 15:37:31,667 [WARN] PackLoader:240 - Cannot read IP mode file for STMicroelectronics.X-CUBE-TOUCHGFX.4.21.4
2023-12-28 15:37:31,736 [WARN] PackLoader:240 - Cannot read IP mode file for STMicroelectronics.X-CUBE-ALGOBUILD.1.3.0
2023-12-28 15:37:31,772 [WARN] PackLoader:240 - Cannot read IP mode file for STMicroelectronics.X-CUBE-AZRTOS-G0.1.1.0
2023-12-28 15:37:31,803 [WARN] PackLoader:240 - Cannot read IP mode file for STMicroelectronics.X-CUBE-NFC4.3.0.0
2023-12-28 15:37:31,837 [WARN] PackLoader:240 - Cannot read IP mode file for STMicroelectronics.X-CUBE-BLEMGR.3.0.0
2023-12-28 15:37:31,851 [WARN] PackLoader:240 - Cannot read IP mode file for STMicroelectronics.FP-ATR-SIGFOX1.3.2.0
2023-12-28 15:37:31,866 [WARN] PackLoader:240 - Cannot read IP mode file for STMicroelectronics.X-CUBE-GNSS1.6.0.0
2023-12-28 15:37:31,904 [WARN] PackLoader:240 - Cannot read IP mode file for STMicroelectronics.X-CUBE-AZRTOS-F4.1.1.0
2023-12-28 15:37:31,920 [WARN] PackLoader:240 - Cannot read IP mode file for wolfSSL.I-CUBE-wolfSSL.5.6.4
2023-12-28 15:37:31,952 [WARN] PackLoader:240 - Cannot read IP mode file for STMicroelectronics.X-CUBE-AZRTOS-L5.2.0.0
2023-12-28 15:37:31,969 [WARN] PackLoader:240 - Cannot read IP mode file for STMicroelectronics.X-CUBE-EEPRMA1.4.2.0
2023-12-28 15:37:31,988 [WARN] PackLoader:240 - Cannot read IP mode file for ITTIA_DB.I-CUBE-ITTIADB.8.8.0
2023-12-28 15:37:32,060 [WARN] PackLoader:240 - Cannot read IP mode file for emotas.I-CUBE-CANOPEN.1.1.3
2023-12-28 15:37:32,141 [WARN] ConditionMgr:438 - getConditionDescription Invalid condition id : UX DEVICE CLASS RTOS Condition cause : null
2023-12-28 15:37:32,142 [WARN] ConditionMgr:438 - getConditionDescription Invalid condition id : UX DEVICE CLASS RTOS Condition cause : null
2023-12-28 15:37:32,145 [WARN] PackLoader:240 - Cannot read IP mode file for STMicroelectronics.X-CUBE-AZRTOS-H7.3.1.0
2023-12-28 15:37:32,147 [WARN] ConditionMgr:1039 - genDependencies : Invalid condition id : UX DEVICE CLASS RTOS Condition cause : null
2023-12-28 15:37:32,147 [WARN] ConditionMgr:1039 - genDependencies : Invalid condition id : UX DEVICE CLASS RTOS Condition cause : null
2023-12-28 15:37:32,148 [WARN] ConditionMgr:1039 - genDependencies : Invalid condition id : UX DEVICE CLASS RTOS Condition cause : null
2023-12-28 15:37:32,148 [WARN] ConditionMgr:1039 - genDependencies : Invalid condition id : UX DEVICE CLASS RTOS Condition cause : null
2023-12-28 15:37:32,148 [WARN] ConditionMgr:1039 - genDependencies : Invalid condition id : UX DEVICE CLASS RTOS Condition cause : null
2023-12-28 15:37:32,154 [WARN] ConditionMgr:438 - getConditionDescription Invalid condition id : UX DEVICE CLASS RTOS Condition cause : null
2023-12-28 15:37:32,154 [WARN] ConditionMgr:438 - getConditionDescription Invalid condition id : UX DEVICE CLASS RTOS Condition cause : null
2023-12-28 15:37:32,518 [WARN] PackLoader:240 - Cannot read IP mode file for STMicroelectronics.X-CUBE-NFC7.1.0.1
2023-12-28 15:37:32,567 [WARN] PackLoader:240 - Cannot read IP mode file for STMicroelectronics.X-CUBE-NFC6.3.0.0
2023-12-28 15:37:32,591 [WARN] PackLoader:240 - Cannot read IP mode file for STMicroelectronics.X-CUBE-AI.8.1.0
2023-12-28 15:37:32,636 [WARN] ConditionMgr:438 - getConditionDescription Invalid condition id : LAN8742 Phy interface Condition cause : null
2023-12-28 15:37:32,637 [WARN] PackLoader:240 - Cannot read IP mode file for STMicroelectronics.X-CUBE-AZRTOS-L4.2.0.0
2023-12-28 15:37:32,638 [WARN] ConditionMgr:1039 - genDependencies : Invalid condition id : LAN8742 Phy interface Condition cause : null
2023-12-28 15:37:32,638 [WARN] ConditionMgr:1039 - genDependencies : Invalid condition id : LAN8742 Phy interface Condition cause : null
2023-12-28 15:37:32,639 [WARN] ConditionMgr:1039 - genDependencies : Invalid condition id : LAN8742 Phy interface Condition cause : null
2023-12-28 15:37:32,657 [WARN] PackLoader:240 - Cannot read IP mode file for STMicroelectronics.X-CUBE-SFXS2LP1.4.0.0
2023-12-28 15:37:32,683 [WARN] PackLoader:240 - Cannot read IP mode file for STMicroelectronics.X-CUBE-ISPU.1.1.0
2023-12-28 15:37:32,715 [WARN] ConditionMgr:438 - getConditionDescription Invalid condition id : UX DEVICE CLASS RTOS Condition cause : null
2023-12-28 15:37:32,715 [WARN] ConditionMgr:438 - getConditionDescription Invalid condition id : UX DEVICE CLASS RTOS Condition cause : null
2023-12-28 15:37:32,717 [WARN] PackLoader:240 - Cannot read IP mode file for STMicroelectronics.X-CUBE-AZRTOS-WB.2.0.0
2023-12-28 15:37:32,717 [WARN] ConditionMgr:1039 - genDependencies : Invalid condition id : UX DEVICE CLASS RTOS Condition cause : null
2023-12-28 15:37:32,717 [WARN] ConditionMgr:1039 - genDependencies : Invalid condition id : UX DEVICE CLASS RTOS Condition cause : null
2023-12-28 15:37:32,718 [WARN] ConditionMgr:1039 - genDependencies : Invalid condition id : UX DEVICE CLASS RTOS Condition cause : null
2023-12-28 15:37:32,718 [WARN] ConditionMgr:1039 - genDependencies : Invalid condition id : UX DEVICE CLASS RTOS Condition cause : null
2023-12-28 15:37:32,718 [WARN] ConditionMgr:1039 - genDependencies : Invalid condition id : UX DEVICE CLASS RTOS Condition cause : null
2023-12-28 15:37:32,743 [WARN] PackLoader:240 - Cannot read IP mode file for STMicroelectronics.X-CUBE-SUBG2.5.0.0
2023-12-28 15:37:32,774 [WARN] PackLoader:240 - Cannot read IP mode file for STMicroelectronics.X-CUBE-TOF1.3.3.1
2023-12-28 15:37:32,889 [WARN] PackLoader:240 - Cannot read IP mode file for STMicroelectronics.X-CUBE-AZRTOS-G4.2.0.0
2023-12-28 15:37:32,915 [WARN] PackLoader:240 - Cannot read IP mode file for STMicroelectronics.X-CUBE-TOF1.3.3.0
2023-12-28 15:37:33,016 [WARN] PackLoader:240 - Cannot read IP mode file for Infineon.AIROC-Wi-Fi-Bluetooth-STM32.1.5.1
2023-12-28 15:37:33,038 [WARN] PackLoader:240 - Cannot read IP mode file for STMicroelectronics.FP-SNS-MOTENVWB1.1.3.0
2023-12-28 15:37:33,055 [WARN] PackLoader:240 - Cannot read IP mode file for STMicroelectronics.FP-SNS-MOTENVWB1.1.3.1
2023-12-28 15:37:33,070 [WARN] PackLoader:240 - Cannot read IP mode file for STMicroelectronics.X-CUBE-ISPU.2.0.0
2023-12-28 15:37:33,125 [WARN] PackLoader:240 - Cannot read IP mode file for STMicroelectronics.X-CUBE-MEMS1.10.0.0
2023-12-28 15:37:33,418 [WARN] PackLoader:240 - Cannot read IP mode file for STMicroelectronics.X-CUBE-FREERTOS.1.1.0
2023-12-28 15:37:33,438 [WARN] PackLoader:240 - Cannot read IP mode file for portGmbH.I-Cube-SoM-uGOAL.1.1.0
2023-12-28 15:37:33,472 [WARN] PackLoader:240 - Cannot read IP mode file for STMicroelectronics.X-CUBE-ALS.1.0.1
2023-12-28 15:37:33,492 [WARN] PackLoader:240 - Cannot read IP mode file for STMicroelectronics.FP-ATR-ASTRA1.2.0.0
2023-12-28 15:37:33,547 [WARN] PackLoader:240 - Cannot read IP mode file for STMicroelectronics.X-CUBE-TOF1.3.4.0
2023-12-28 15:37:33,758 [WARN] PackLoader:240 - Cannot read IP mode file for STMicroelectronics.X-CUBE-AZRTOS-H7.3.2.0
2023-12-28 15:37:33,880 [INFO] ThirdParty:978 - Integrity check success = true
2023-12-28 15:37:33,880 [INFO] IntegrityCheckThread:100 - exiting critical section [integrity check]
2023-12-28 15:37:33,880 [INFO] IntegrityCheckThread:103 - End integrity checks thread
2023-12-28 15:37:34,243 [INFO] WebApp:161 - Instantiating new browser for Auth
2023-12-28 15:37:34,914 [INFO] WebApp:780 - Register for checkConnection events
2023-12-28 15:37:34,914 [INFO] WebApp:414 - Apply proxy settings
2023-12-28 15:37:34,914 [INFO] WebApp:499 - Chromium requires no authentication
2023-12-28 15:37:34,922 [INFO] WebApp:442 - Direct internet connection detected
2023-12-28 15:37:35,058 [INFO] WebApp:192 - Starting web application
2023-12-28 15:37:35,058 [INFO] WebApp:544 - Web application path used C:\ST\STM32CubeIDE_1.12.0\STM32CubeIDE\plugins\com.st.stm32cube.common.mx_6.10.0.202311202037\db\plugins\mcufinder\reactClient1\index.html
2023-12-28 15:54:03,364 [INFO] McuFinderGlobals:63 - Set McuFinder mode to 2 (CubeIDE integrated)
2023-12-28 15:54:03,371 [INFO] MainUpdater:2873 - connection check result : 10
2023-12-28 15:54:03,372 [INFO] MainUpdater:2873 - connection check result : 10
2023-12-28 15:54:03,432 [INFO] MicroXplorer:468 - Change Database Path : 
2023-12-28 15:54:03,432 [INFO] MicroXplorer:498 - Change Database Version : DB.6.0.100
2023-12-28 15:54:03,436 [WARN] ThirdParty:871 - waiting for thirdparty lock release [close project]
2023-12-28 15:54:03,436 [INFO] ThirdParty:873 - entering critical section [close project]
2023-12-28 15:54:03,439 [INFO] ThirdParty:883 - exiting critical section [close project]
2023-12-28 15:54:03,441 [INFO] PinOutPanel:1499 - setPackage(No Configuration,No Configuration)
2023-12-28 15:54:03,446 [INFO] UtilMem:75 - Begin LoadConfig() Used Memory: 429520072 Bytes (877658112)
2023-12-28 15:54:03,448 [INFO] MicroXplorer:468 - Change Database Path : 
2023-12-28 15:54:03,448 [INFO] MicroXplorer:498 - Change Database Version : DB.6.0.100
2023-12-28 15:54:03,448 [INFO] OpenFileManager:312 - Change cursor
2023-12-28 15:54:03,605 [INFO] Mcu:2016 - Initializing MCU STM32H750XBHx STM32H750XBHx STM32H750XBH6
2023-12-28 15:54:13,161 [INFO] Context:659 - Trying to add GPIOservice into a context  which must be forbidden
2023-12-28 15:54:19,263 [INFO] RtosManager:555 - Registered RTOS mode: class=CMSIS, group=RTOS, mode=CMSIS_V1, owner=FREERTOS
2023-12-28 15:54:19,263 [INFO] RtosManager:555 - Registered RTOS mode: class=CMSIS, group=RTOS2, mode=CMSIS_V2, owner=FREERTOS
2023-12-28 15:54:19,263 [INFO] RtosManager:555 - Registered RTOS mode: class=RTOS, group=Core, mode=CMSIS_V1, owner=FREERTOS
2023-12-28 15:54:19,263 [INFO] RtosManager:555 - Registered RTOS mode: class=RTOS, group=Core, mode=CMSIS_V2, owner=FREERTOS
2023-12-28 15:54:19,264 [WARN] ModelIntegratedComponent:184 - Missing modes for component STMicroelectronics:FreeRTOS:0.0.1:STMicroelectronics:RTOS:FreeRTOS:Core:::10.2.0:
2023-12-28 15:54:19,305 [WARN] ModelIntegratedComponent:63 - No mode defined for component null
2023-12-28 15:54:19,305 [WARN] ModelIntegratedComponent:63 - No mode defined for component null
2023-12-28 15:54:19,305 [WARN] ModelIntegratedComponent:63 - No mode defined for component null
2023-12-28 15:54:19,305 [WARN] ModelIntegratedComponent:63 - No mode defined for component null
2023-12-28 15:54:19,305 [WARN] ModelIntegratedComponent:63 - No mode defined for component null
2023-12-28 15:54:19,305 [WARN] ModelIntegratedComponent:63 - No mode defined for component null
2023-12-28 15:54:19,305 [WARN] ModelIntegratedComponent:63 - No mode defined for component null
2023-12-28 15:54:19,305 [WARN] ModelIntegratedComponent:63 - No mode defined for component null
2023-12-28 15:54:19,305 [WARN] ModelIntegratedComponent:63 - No mode defined for component null
2023-12-28 15:54:19,306 [WARN] ModelIntegratedComponent:63 - No mode defined for component null
2023-12-28 15:54:19,306 [WARN] ModelIntegratedComponent:63 - No mode defined for component null
2023-12-28 15:54:19,306 [WARN] ModelIntegratedComponent:63 - No mode defined for component null
2023-12-28 15:54:19,306 [WARN] ModelIntegratedComponent:63 - No mode defined for component null
2023-12-28 15:54:19,306 [WARN] ModelIntegratedComponent:63 - No mode defined for component null
2023-12-28 15:54:19,306 [WARN] ModelIntegratedComponent:63 - No mode defined for component null
2023-12-28 15:54:19,306 [WARN] ModelIntegratedComponent:63 - No mode defined for component null
2023-12-28 15:54:19,306 [WARN] ModelIntegratedComponent:63 - No mode defined for component null
2023-12-28 15:54:19,306 [WARN] ModelIntegratedComponent:63 - No mode defined for component null
2023-12-28 15:54:19,306 [WARN] ModelIntegratedComponent:63 - No mode defined for component null
2023-12-28 15:54:19,306 [WARN] ModelIntegratedComponent:63 - No mode defined for component null
2023-12-28 15:54:19,306 [WARN] ModelIntegratedComponent:63 - No mode defined for component null
2023-12-28 15:54:19,306 [WARN] ModelIntegratedComponent:63 - No mode defined for component null
2023-12-28 15:54:19,306 [WARN] ModelIntegratedComponent:63 - No mode defined for component null
2023-12-28 15:54:19,306 [WARN] ModelIntegratedComponent:63 - No mode defined for component null
2023-12-28 15:54:19,306 [WARN] ModelIntegratedComponent:63 - No mode defined for component null
2023-12-28 15:54:19,306 [WARN] ModelIntegratedComponent:63 - No mode defined for component null
2023-12-28 15:54:19,306 [WARN] ModelIntegratedComponent:63 - No mode defined for component null
2023-12-28 15:54:19,307 [WARN] ModelIntegratedComponent:63 - No mode defined for component null
2023-12-28 15:54:19,307 [WARN] ModelIntegratedComponent:63 - No mode defined for component null
2023-12-28 15:54:19,307 [WARN] ModelIntegratedComponent:63 - No mode defined for component null
2023-12-28 15:54:19,307 [WARN] ModelIntegratedComponent:63 - No mode defined for component null
2023-12-28 15:54:19,307 [WARN] ModelIntegratedComponent:63 - No mode defined for component null
2023-12-28 15:54:19,307 [WARN] ModelIntegratedComponent:63 - No mode defined for component null
2023-12-28 15:54:19,812 [INFO] ThirdPartyModel:298 - Start build external matchings
2023-12-28 15:54:20,662 [INFO] ThirdPartyModel:316 - End build external matchings
2023-12-28 15:54:20,730 [INFO] RtosManager:919 - Current active RTOS is FREERTOS [Cortex-M7NS]
2023-12-28 15:54:20,736 [INFO] ImportTextPane:194 - (OptionalMessage_ERROR) IP (CORTEX_M7) : Parameter (Size_S) has invalid value (null)
2023-12-28 15:54:20,736 [INFO] ImportTextPane:194 - (OptionalMessage_ERROR) IP (CORTEX_M7) : Parameter (AccessPermission_S) has invalid value (null)
2023-12-28 15:54:20,736 [INFO] ImportTextPane:194 - (OptionalMessage_ERROR) IP (CORTEX_M7) : Parameter (DisableExec_S) has invalid value (null)
2023-12-28 15:54:20,736 [INFO] ImportTextPane:194 - (OptionalMessage_ERROR) IP (CORTEX_M7) : Parameter (TypeExtField_S) has invalid value (null)
2023-12-28 15:54:20,736 [INFO] ImportTextPane:194 - (OptionalMessage_ERROR) IP (CORTEX_M7) : Parameter (Size_S) has invalid value (null)
2023-12-28 15:54:20,736 [INFO] ImportTextPane:194 - (OptionalMessage_ERROR) IP (CORTEX_M7) : Parameter (AccessPermission_S) has invalid value (null)
2023-12-28 15:54:20,736 [INFO] ImportTextPane:194 - (OptionalMessage_ERROR) IP (CORTEX_M7) : Parameter (DisableExec_S) has invalid value (null)
2023-12-28 15:54:20,736 [INFO] ImportTextPane:194 - (OptionalMessage_ERROR) IP (CORTEX_M7) : Parameter (IsShareable_S) has invalid value (null)
2023-12-28 15:54:20,736 [INFO] ImportTextPane:194 - (OptionalMessage_ERROR) IP (CORTEX_M7) : Parameter (IsBufferable_S) has invalid value (null)
2023-12-28 15:54:20,736 [INFO] ImportTextPane:194 - (OptionalMessage_ERROR) IP (CORTEX_M7) : Parameter (Size_S) has invalid value (null)
2023-12-28 15:54:20,738 [INFO] ImportTextPane:194 - (OptionalMessage_ERROR) IP (CORTEX_M7) : Parameter (AccessPermission_S) has invalid value (null)
2023-12-28 15:54:20,738 [INFO] ImportTextPane:194 - (OptionalMessage_ERROR) IP (CORTEX_M7) : Parameter (IsCacheable_S) has invalid value (null)
2023-12-28 15:54:20,738 [INFO] ImportTextPane:194 - (OptionalMessage_ERROR) IP (CORTEX_M7) : Parameter (IsBufferable_S) has invalid value (null)
2023-12-28 15:54:20,739 [INFO] ImportTextPane:194 - (OptionalMessage_ERROR) IP (ETH) : Invalid parameter (RxBuffAddress)
2023-12-28 15:54:20,839 [WARN] IP:2119 - LWIP_NETIF_HOSTNAME not found: check if there is a RefParameter without a condition.
2023-12-28 15:54:21,012 [INFO] ImportTextPane:194 - (OptionalMessage_ERROR) IP (RCC) : Parameter (FDCANFreq_Value) has invalid value (200000000)
2023-12-28 15:54:21,013 [INFO] ImportTextPane:194 - (OptionalMessage_ERROR) IP (RCC) : Invalid parameter (FamilyName)
2023-12-28 15:54:21,018 [INFO] ImportTextPane:194 - (OptionalMessage_ERROR) IP (RCC) : Parameter (SAI1Freq_Value) has invalid value (200000000)
2023-12-28 15:54:21,018 [INFO] ImportTextPane:194 - (OptionalMessage_ERROR) IP (RCC) : Parameter (SAI23Freq_Value) has invalid value (200000000)
2023-12-28 15:54:21,018 [INFO] ImportTextPane:194 - (OptionalMessage_ERROR) IP (RCC) : Parameter (SAI4AFreq_Value) has invalid value (200000000)
2023-12-28 15:54:21,019 [INFO] ImportTextPane:194 - (OptionalMessage_ERROR) IP (RCC) : Parameter (SAI4BFreq_Value) has invalid value (200000000)
2023-12-28 15:54:21,021 [INFO] ImportTextPane:194 - (OptionalMessage_ERROR) IP (RCC) : Parameter (USBFreq_Value) has invalid value (200000000)
2023-12-28 15:54:23,970 [INFO] UtilMem:75 - End LoadConfig() Used Memory: 272914824 Bytes (917504000)
2023-12-28 15:54:24,191 [INFO] ApiDb:581 - Connected to CubeFinder SQLite database (C:\Users\user\.stmcufinder\plugins\mcufinder\mcu\cube-finder-db.db)
2023-12-28 15:54:24,284 [INFO] ApiDb:668 - CubeFinder database Data Model version=2.1
2023-12-28 15:54:24,284 [INFO] ApiDb:669 - CubeFinder database Configuration version=3.0.39
2023-12-28 15:54:24,286 [INFO] ApiDb:670 - CubeFinder database generation date=2023-11-06 (1699269565)
2023-12-28 15:54:24,286 [INFO] ApiDb:671 - CubeFinder database FW Pack versions=[FP-ATR-ASTRA1_V2.0.0, FP-SNS-FLIGHT1_V5.0.1, FP-SNS-FLIGHT1_V5.0.2, FP-SNS-MOTENV1_V4.3.1, FP-SNS-MOTENV1_V4.3.2, FP-SNS-MOTENVWB1_V1.3.0, FP-SNS-SMARTAG2_V1.2.0, STM32Cube_FW_C0_V1.1.0, STM32Cube_FW_F4_V1.28.0, STM32Cube_FW_F7_V1.17.0, STM32Cube_FW_G0_V1.6.1, STM32Cube_FW_G4_V1.5.1, STM32Cube_FW_H5_V0.5.1, STM32Cube_FW_H5_V1.1.1, STM32Cube_FW_H5_V1.2.0RC2, STM32Cube_FW_H7_V1.11.0, STM32Cube_FW_L0_V1.12.2, STM32Cube_FW_L5_V1.5.0, STM32Cube_FW_U5_V1.3.0RC4, STM32Cube_FW_U5_V1.4.0, STM32Cube_FW_WBA_V1.0.0RC1, STM32Cube_FW_WBA_V1.1.0RC1, STM32Cube_FW_WBA_V1.2.0, STM32Cube_FW_WBA_V1.2.0RC2, STM32Cube_FW_WB_V1.15.0RC1, STM32Cube_FW_WB_V1.16.0, STM32Cube_FW_WB_V1.16.0RC2, STM32Cube_FW_WB_V1.18.0, STM32Cube_FW_WL_V1.3.0, X-CUBE-ALGOBUILD_V1.3.0, X-CUBE-ALS_V1.0.1, X-CUBE-AZRTOS-F4_V1.1.0, X-CUBE-AZRTOS-F7_V1.1.0, X-CUBE-AZRTOS-G0_V1.1.0, X-CUBE-AZRTOS-G4_V2.0.0, X-CUBE-AZRTOS-H7_V3.1.0, X-CUBE-AZRTOS-L4_V1.0.0, X-CUBE-AZRTOS-L4_V2.0.0, X-CUBE-AZRTOS-L5_V1.1.0, X-CUBE-AZRTOS-WB_V2.0.0, X-CUBE-AZRTOS-WL_V2.0.0, X-CUBE-BLE1_V7.0.0, X-CUBE-BLE2_V3.3.0, X-CUBE-BLEMGR_V2.0.0, X-CUBE-EEPRMA1_V4.1.0, X-CUBE-EEPRMA1_V4.2.0, X-CUBE-FREERTOS_V1.1.0, X-CUBE-GNSS1_V6.0.0, X-CUBE-MEMS1_V10.0.0, X-CUBE-MEMS1_V9.1.0, X-CUBE-MEMS1_V9.4.0, X-CUBE-MEMS1_V9.6.0, X-CUBE-NFC4_V3.0.0, X-CUBE-NFC7_V1.0.1, X-CUBE-SFXS2LP1_V4.0.0, X-CUBE-SUBG2_V5.0.0, X-CUBE-TOF1_V3.3.1]
2023-12-28 15:54:30,702 [INFO] ApiDb:240 - Found 371 in-development CPN: [B-G473E-ZEST1S, B-WB1M-WPAN1, B-WL5M-SUBG1, NUCLEO-C031C6, NUCLEO-H503RB, NUCLEO-H563ZI, NUCLEO-U545RE-Q, NUCLEO-U5A5ZJ-Q, NUCLEO-WBA52CG, NUCLEO-WBA55CG, STEVAL-MKBOXPRO, STEVAL-PROTEUS1, STEVAL-STWINBX1, STM320518-EVAL, STM32C0116-DK, STM32C011D6Y3TR, STM32C011D6Y6TR, STM32C011F4P3, STM32C011F4P6, STM32C011F4U3, STM32C011F4U6TR, STM32C011F6P3, STM32C011F6P6, STM32C011F6U3, STM32C011F6U6TR, STM32C011J4M3, STM32C011J4M6, STM32C011J6M3, STM32C011J6M6, STM32C0316-DK, STM32C031C4T3, STM32C031C4T6, STM32C031C4U3, STM32C031C4U6, STM32C031C6T3, STM32C031C6T6, STM32C031C6U3, STM32C031C6U6, STM32C031F4P3, STM32C031F4P6, STM32C031F6P3, STM32C031F6P6, STM32C031G4U3, STM32C031G4U6, STM32C031G6U3, STM32C031G6U6, STM32C031K4T3, STM32C031K4T6, STM32C031K4U3, STM32C031K4U6, STM32C031K6T3, STM32C031K6T6, STM32C031K6U3, STM32C031K6U6, STM32G071K8TXN, STM32G071K8UXN, STM32G081GBU6N, STM32G081KBT6N, STM32G081KBUXN, STM32G0B1CCT6N, STM32G0B1KCT6, STM32G0B1NEY6TR, STM32G0B1RCT6N, STM32G0C1CCT6, STM32G0C1CCT6N, STM32G0C1CCU6N, STM32G0C1CET6N, STM32G0C1CEU6N, STM32G0C1KCT6, STM32G0C1NEY6TR, STM32G0C1RCI6N, STM32G0C1RCT6N, STM32G0C1REI6N, STM32G0C1RET6N, STM32G0C1VCI6, STM32G0C1VEI6, STM32G471CCT6, STM32G471CCU6, STM32G471CET3, STM32G471CET6, STM32G471CEU3, STM32G471CEU6, STM32G471MCT6, STM32G471MET3, STM32G471MET6, STM32G471MEY6TR, STM32G471QCT6, STM32G471QET3, STM32G471RCT6, STM32G471RET3, STM32G471RET6, STM32G471VCH6, STM32G471VCI6, STM32G471VCT6, STM32G471VEH3, STM32G471VEH6, STM32G471VEI3, STM32G471VEI6, STM32G471VET3, STM32G471VET6, STM32G474CCT6, STM32H503CBT6, STM32H503CBU6, STM32H503EBY6TR, STM32H503KBU6, STM32H503RBT6, STM32H562AGI6, STM32H562AII6, STM32H562IGK6, STM32H562IGT6, STM32H562IIK6, STM32H562IIT6, STM32H562RGT6, STM32H562RGV6, STM32H562RIT6, STM32H562RIV6, STM32H562VGT6, STM32H562VIT6, STM32H562ZGT6, STM32H562ZIT6, STM32H563AGI6, STM32H563AII3Q, STM32H563AII6, STM32H563IGK6, STM32H563IGT6, STM32H563IIK3Q, STM32H563IIK6, STM32H563IIT3Q, STM32H563IIT6, STM32H563MIY3QTR, STM32H563RGT6, STM32H563RGV6, STM32H563RIT6, STM32H563RIV6, STM32H563VGT6, STM32H563VIT3Q, STM32H563VIT6, STM32H563ZGT6, STM32H563ZIT3Q, STM32H563ZIT6, STM32H573AII3Q, STM32H573AII6, STM32H573I-DK, STM32H573IIK3Q, STM32H573IIK6, STM32H573IIT3Q, STM32H573IIT6, STM32H573MIY3QTR, STM32H573RIT6, STM32H573RIV6, STM32H573VIT3Q, STM32H573VIT6, STM32H573ZIT3Q, STM32H573ZIT6, STM32L4R5QGI6STR, STM32MP131AAE3, STM32MP131AAF3, STM32MP131AAG3, STM32MP131CAE3, STM32MP131CAF3, STM32MP131CAG3, STM32MP131DAE7, STM32MP131DAF7, STM32MP131DAG7, STM32MP131FAE7, STM32MP131FAF7, STM32MP131FAG7, STM32MP133AAE3, STM32MP133AAF3, STM32MP133AAG3, STM32MP133CAE3, STM32MP133CAF3, STM32MP133CAG3, STM32MP133DAE7, STM32MP133DAF7, STM32MP133DAG7, STM32MP133FAE7, STM32MP133FAF7, STM32MP133FAG7, STM32MP135AAE3, STM32MP135AAF3, STM32MP135AAG3, STM32MP135CAE3, STM32MP135CAF3, STM32MP135CAG3, STM32MP135DAE7, STM32MP135DAF7, STM32MP135DAG7, STM32MP135F-DK, STM32MP135FAE7, STM32MP135FAF7, STM32MP135FAF7T, STM32MP135FAF7U, STM32MP135FAG7, STM32U535CBT6, STM32U535CBT6Q, STM32U535CBU6, STM32U535CBU6Q, STM32U535CCT6, STM32U535CCT6Q, STM32U535CCU6, STM32U535CCU6Q, STM32U535CET6, STM32U535CET6Q, STM32U535CEU6, STM32U535CEU6Q, STM32U535JEY6QTR, STM32U535NCY6QTR, STM32U535NEY6QTR, STM32U535RBI6, STM32U535RBI6Q, STM32U535RBT6, STM32U535RBT6Q, STM32U535RCI6, STM32U535RCI6Q, STM32U535RCT6, STM32U535RCT6Q, STM32U535REI6, STM32U535REI6Q, STM32U535RET6, STM32U535RET6Q, STM32U535VCI6, STM32U535VCI6Q, STM32U535VCT6, STM32U535VCT6Q, STM32U535VEI6, STM32U535VEI6Q, STM32U535VET6, STM32U535VET6Q, STM32U545CET6, STM32U545CET6Q, STM32U545CEU6, STM32U545CEU6Q, STM32U545JEY6QTR, STM32U545NEY6QTR, STM32U545REI6, STM32U545REI6Q, STM32U545RET6, STM32U545RET6Q, STM32U545VEI6, STM32U545VEI6Q, STM32U545VET6, STM32U545VET6Q, STM32U595AIH6, STM32U595AIH6Q, STM32U595AJH6, STM32U595AJH6Q, STM32U595QII6, STM32U595QII6Q, STM32U595QJI6, STM32U595QJI6Q, STM32U595RIT6, STM32U595RIT6Q, STM32U595RJT6, STM32U595RJT6Q, STM32U595VIT6, STM32U595VIT6Q, STM32U595VJT6, STM32U595VJT6Q, STM32U595ZIT6, STM32U595ZIT6Q, STM32U595ZIY6QTR, STM32U595ZJT6, STM32U595ZJT6Q, STM32U595ZJY6QTR, STM32U599BJY6QTR, STM32U599NIH6Q, STM32U599NJH6Q, STM32U599VIT6Q, STM32U599VJT6, STM32U599VJT6Q, STM32U599ZIT6Q, STM32U599ZIY6QTR, STM32U599ZJT6Q, STM32U599ZJY6QTR, STM32U5A5AJH6, STM32U5A5AJH6Q, STM32U5A5QJI6, STM32U5A5QJI6Q, STM32U5A5RJT6, STM32U5A5RJT6Q, STM32U5A5VJT6, STM32U5A5VJT6Q, STM32U5A5ZJT6, STM32U5A5ZJT6Q, STM32U5A5ZJY6QTR, STM32U5A9BJY6QTR, STM32U5A9J-DK, STM32U5A9NJH6Q, STM32U5A9VJT6Q, STM32U5A9ZJT6Q, STM32U5A9ZJY6QTR, STM32U5F7VIT6, STM32U5F7VIT6Q, STM32U5F7VJT6, STM32U5F7VJT6Q, STM32U5F9BJY6QTR, STM32U5F9NJH6Q, STM32U5F9VIT6Q, STM32U5F9VJT6Q, STM32U5F9ZIJ6QTR, STM32U5F9ZIT6Q, STM32U5F9ZJJ6QTR, STM32U5F9ZJT6Q, STM32U5G7VJT6, STM32U5G7VJT6Q, STM32U5G9BJY6QTR, STM32U5G9J-DK1, STM32U5G9J-DK2, STM32U5G9NJH6Q, STM32U5G9VJT6Q, STM32U5G9ZJJ6QTR, STM32U5G9ZJT6Q, STM32WB1MMCH6, STM32WBA50KEU6, STM32WBA50KEU6TR, STM32WBA50KGU6, STM32WBA50KGU6TR, STM32WBA52CEU6, STM32WBA52CEU6TR, STM32WBA52CEU7, STM32WBA52CEU7TR, STM32WBA52CGU6, STM32WBA52CGU6TR, STM32WBA52CGU6U, STM32WBA52CGU7, STM32WBA52CGU7TR, STM32WBA52KEU6, STM32WBA52KEU6TR, STM32WBA52KGU6, STM32WBA52KGU6TR, STM32WBA54CEU6, STM32WBA54CEU6TR, STM32WBA54CEU7, STM32WBA54CEU7TR, STM32WBA54CGU6, STM32WBA54CGU6TR, STM32WBA54CGU7, STM32WBA54CGU7TR, STM32WBA54KEU6, STM32WBA54KEU6TR, STM32WBA54KEU7, STM32WBA54KEU7TR, STM32WBA54KGU6, STM32WBA54KGU6TR, STM32WBA54KGU7, STM32WBA54KGU7TR, STM32WBA55CEU6, STM32WBA55CEU6TR, STM32WBA55CEU7, STM32WBA55CEU7TR, STM32WBA55CGU6, STM32WBA55CGU6TR, STM32WBA55CGU6U, STM32WBA55CGU7, STM32WBA55CGU7TR, STM32WBA55G-DK1, STM32WBA55HEF6, STM32WBA55HEF7, STM32WBA55HGF6, STM32WBA55HGF7, STM32WBA55UEI6, STM32WBA55UEI6TR, STM32WBA55UEI7, STM32WBA55UEI7TR, STM32WBA55UGI6, STM32WBA55UGI6TR, STM32WBA55UGI7, STM32WBA55UGI7TR, STM32WL5MOCH6, STM32WL5MOCH6TR]
2023-12-28 15:54:30,939 [INFO] DbMcus:218 - Found 3930 MCUs, 3930 are supported
2023-12-28 15:54:31,032 [INFO] ApiDb:423 - Load user favorites file C:\Users\user/.stm32cubeide/favorites.mcus.txt: 2 item(s)
2023-12-28 15:54:31,032 [INFO] ApiDb:427 - User favorites MCUs=[STM32F103C8T6, STM32H750VBT6]
2023-12-28 15:54:31,033 [INFO] DbMcus:224 - Set 2 / 2 favorites MCUs
2023-12-28 15:54:32,152 [INFO] MicroXplorer:468 - Change Database Path : 
2023-12-28 15:54:32,152 [INFO] MicroXplorer:498 - Change Database Version : DB.6.0.100
2023-12-28 15:54:32,153 [WARN] ThirdParty:833 - waiting for thirdparty lock release [change project]
2023-12-28 15:54:32,153 [INFO] ThirdParty:835 - entering critical section [change project]
2023-12-28 15:54:32,153 [INFO] ThirdParty:1030 - CMSIS Pack Vendor :STMicroelectronics X-CUBE-ISPU 1.1.0
2023-12-28 15:54:32,153 [INFO] ThirdParty:1030 - CMSIS Pack Vendor :STMicroelectronics USBPD 4.1
2023-12-28 15:54:32,153 [INFO] ThirdParty:1030 - CMSIS Pack Vendor :STMicroelectronics X-CUBE-GNSS1 6.0.0
2023-12-28 15:54:32,153 [INFO] ThirdParty:1030 - CMSIS Pack Vendor :STMicroelectronics USB_HOST 2.0.0
2023-12-28 15:54:32,153 [INFO] ThirdParty:1030 - CMSIS Pack Vendor :STMicroelectronics X-CUBE-AZRTOS-F4 1.1.0
2023-12-28 15:54:32,153 [INFO] ThirdParty:1030 - CMSIS Pack Vendor :STMicroelectronics LIBJPEG 8.0.0
2023-12-28 15:54:32,154 [INFO] ThirdParty:1030 - CMSIS Pack Vendor :wolfSSL I-CUBE-wolfSSL 5.6.4
2023-12-28 15:54:32,154 [INFO] ThirdParty:1030 - CMSIS Pack Vendor :STMicroelectronics X-CUBE-SMBUS 2.1.0
2023-12-28 15:54:32,154 [INFO] ThirdParty:1030 - CMSIS Pack Vendor :STMicroelectronics USB_DEVICE 3.0.0
2023-12-28 15:54:32,154 [INFO] ThirdParty:1030 - CMSIS Pack Vendor :STMicroelectronics X-CUBE-AZRTOS-WB 2.0.0
2023-12-28 15:54:32,154 [INFO] ThirdParty:1030 - CMSIS Pack Vendor :STMicroelectronics X-CUBE-TOUCHGFX 4.21.1
2023-12-28 15:54:32,154 [INFO] ThirdParty:1030 - CMSIS Pack Vendor :STMicroelectronics X-CUBE-TOUCHGFX 4.21.0
2023-12-28 15:54:32,154 [INFO] ThirdParty:1030 - CMSIS Pack Vendor :STMicroelectronics X-CUBE-TOUCHGFX 4.23.0
2023-12-28 15:54:32,154 [INFO] ThirdParty:1030 - CMSIS Pack Vendor :STMicroelectronics X-CUBE-AZRTOS-F7 1.1.0
2023-12-28 15:54:32,154 [INFO] ThirdParty:1030 - CMSIS Pack Vendor :STMicroelectronics X-CUBE-TOUCHGFX 4.21.4
2023-12-28 15:54:32,154 [INFO] ThirdParty:1030 - CMSIS Pack Vendor :STMicroelectronics X-CUBE-AZRTOS-L5 2.0.0
2023-12-28 15:54:32,154 [INFO] ThirdParty:1030 - CMSIS Pack Vendor :STMicroelectronics USB_DEVICE 2.0.0
2023-12-28 15:54:32,154 [INFO] ThirdParty:1030 - CMSIS Pack Vendor :STMicroelectronics X-CUBE-EEPRMA1 4.2.0
2023-12-28 15:54:32,154 [INFO] ThirdParty:1030 - CMSIS Pack Vendor :ITTIA_DB I-CUBE-ITTIADB 8.8.0
2023-12-28 15:54:32,154 [INFO] ThirdParty:1030 - CMSIS Pack Vendor :STMicroelectronics FP-SNS-MOTENV1 4.3.2
2023-12-28 15:54:32,154 [INFO] ThirdParty:1030 - CMSIS Pack Vendor :STMicroelectronics X-CUBE-ALGOBUILD 1.3.0
2023-12-28 15:54:32,154 [INFO] ThirdParty:1030 - CMSIS Pack Vendor :STMicroelectronics FreeRTOS 0.0.1
2023-12-28 15:54:32,154 [INFO] ThirdParty:1030 - CMSIS Pack Vendor :STMicroelectronics X-CUBE-AZRTOS-G0 1.1.0
2023-12-28 15:54:32,154 [INFO] ThirdParty:1030 - CMSIS Pack Vendor :emotas I-CUBE-CANOPEN 1.1.3
2023-12-28 15:54:32,154 [INFO] ThirdParty:1030 - CMSIS Pack Vendor :STMicroelectronics X-CUBE-NFC4 3.0.0
2023-12-28 15:54:32,154 [INFO] ThirdParty:1030 - CMSIS Pack Vendor :STMicroelectronics X-CUBE-SUBG2 5.0.0
2023-12-28 15:54:32,154 [INFO] ThirdParty:1030 - CMSIS Pack Vendor :STMicroelectronics STM32_WPAN 1.0.0
2023-12-28 15:54:32,154 [INFO] ThirdParty:1030 - CMSIS Pack Vendor :STMicroelectronics lwIP 2.0.3
2023-12-28 15:54:32,154 [INFO] ThirdParty:1030 - CMSIS Pack Vendor :STMicroelectronics FP-SNS-FLIGHT1 5.0.2
2023-12-28 15:54:32,155 [INFO] ThirdParty:1030 - CMSIS Pack Vendor :STMicroelectronics USB_HOST 1.0.0
2023-12-28 15:54:32,155 [INFO] ThirdParty:1030 - CMSIS Pack Vendor :STMicroelectronics X-CUBE-TOF1 3.3.1
2023-12-28 15:54:32,155 [INFO] ThirdParty:1030 - CMSIS Pack Vendor :STMicroelectronics X-CUBE-AZRTOS-G4 2.0.0
2023-12-28 15:54:32,155 [INFO] ThirdParty:1030 - CMSIS Pack Vendor :STMicroelectronics PDM2PCM 3.1.0
2023-12-28 15:54:32,155 [INFO] ThirdParty:1030 - CMSIS Pack Vendor :STMicroelectronics X-CUBE-AZRTOS-H7 3.1.0
2023-12-28 15:54:32,155 [INFO] ThirdParty:1030 - CMSIS Pack Vendor :STMicroelectronics X-CUBE-TOF1 3.3.0
2023-12-28 15:54:32,155 [INFO] ThirdParty:1030 - CMSIS Pack Vendor :Infineon AIROC-Wi-Fi-Bluetooth-STM32 1.5.1
2023-12-28 15:54:32,155 [INFO] ThirdParty:1030 - CMSIS Pack Vendor :STMicroelectronics X-CUBE-BLEMGR 3.0.0
2023-12-28 15:54:32,155 [INFO] ThirdParty:1030 - CMSIS Pack Vendor :STMicroelectronics PDM2PCM 3.3.0
2023-12-28 15:54:32,155 [INFO] ThirdParty:1030 - CMSIS Pack Vendor :STMicroelectronics X-CUBE-DISPLAY 3.0.0
2023-12-28 15:54:32,155 [INFO] ThirdParty:1030 - CMSIS Pack Vendor :STMicroelectronics FP-SNS-MOTENVWB1 1.3.0
2023-12-28 15:54:32,155 [INFO] ThirdParty:1030 - CMSIS Pack Vendor :STMicroelectronics FP-SNS-MOTENVWB1 1.3.1
2023-12-28 15:54:32,155 [INFO] ThirdParty:1030 - CMSIS Pack Vendor :STMicroelectronics X-CUBE-BLE1 7.0.0
2023-12-28 15:54:32,155 [INFO] ThirdParty:1030 - CMSIS Pack Vendor :STMicroelectronics FP-ATR-SIGFOX1 3.2.0
2023-12-28 15:54:32,155 [INFO] ThirdParty:1030 - CMSIS Pack Vendor :STMicroelectronics X-CUBE-ISPU 2.0.0
2023-12-28 15:54:32,155 [INFO] ThirdParty:1030 - CMSIS Pack Vendor :STMicroelectronics HAL Drivers 0.0.0
2023-12-28 15:54:32,155 [INFO] ThirdParty:1030 - CMSIS Pack Vendor :STMicroelectronics MBEDTLS 2.16.2
2023-12-28 15:54:32,155 [INFO] ThirdParty:1030 - CMSIS Pack Vendor :emotas I-CUBE-CANOPEN 1.3.0
2023-12-28 15:54:32,155 [INFO] ThirdParty:1030 - CMSIS Pack Vendor :STMicroelectronics X-CUBE-MEMS1 10.0.0
2023-12-28 15:54:32,155 [INFO] ThirdParty:1030 - CMSIS Pack Vendor :STMicroelectronics X-CUBE-FREERTOS 1.1.0
2023-12-28 15:54:32,155 [INFO] ThirdParty:1030 - CMSIS Pack Vendor :STMicroelectronics X-CUBE-TOUCHGFX 4.22.0
2023-12-28 15:54:32,155 [INFO] ThirdParty:1030 - CMSIS Pack Vendor :STMicroelectronics X-CUBE-NFC7 1.0.1
2023-12-28 15:54:32,155 [INFO] ThirdParty:1030 - CMSIS Pack Vendor :STMicroelectronics MBEDTLS 2.14.1
2023-12-28 15:54:32,155 [INFO] ThirdParty:1030 - CMSIS Pack Vendor :STMicroelectronics X-CUBE-TOUCHGFX 4.22.1
2023-12-28 15:54:32,155 [INFO] ThirdParty:1030 - CMSIS Pack Vendor :STMicroelectronics X-CUBE-NFC6 3.0.0
2023-12-28 15:54:32,155 [INFO] ThirdParty:1030 - CMSIS Pack Vendor :portGmbH I-Cube-SoM-uGOAL 1.1.0
2023-12-28 15:54:32,156 [INFO] ThirdParty:1030 - CMSIS Pack Vendor :STMicroelectronics X-CUBE-ALS 1.0.1
2023-12-28 15:54:32,156 [INFO] ThirdParty:1030 - CMSIS Pack Vendor :STMicroelectronics ThreadX 1.0.0
2023-12-28 15:54:32,156 [INFO] ThirdParty:1030 - CMSIS Pack Vendor :STMicroelectronics FP-SNS-SMARTAG2 1.2.0
2023-12-28 15:54:32,156 [INFO] ThirdParty:1030 - CMSIS Pack Vendor :STMicroelectronics X-CUBE-AZRTOS-WL 2.0.0
2023-12-28 15:54:32,156 [INFO] ThirdParty:1030 - CMSIS Pack Vendor :STMicroelectronics USB_DEVICE 1.0.0
2023-12-28 15:54:32,156 [INFO] ThirdParty:1030 - CMSIS Pack Vendor :STMicroelectronics X-CUBE-AI 8.1.0
2023-12-28 15:54:32,156 [INFO] ThirdParty:1030 - CMSIS Pack Vendor :STMicroelectronics X-CUBE-AZRTOS-L4 2.0.0
2023-12-28 15:54:32,156 [INFO] ThirdParty:1030 - CMSIS Pack Vendor :STMicroelectronics ThreadX 0.0.2
2023-12-28 15:54:32,156 [INFO] ThirdParty:1030 - CMSIS Pack Vendor :WES I-CUBE-Cesium 1.3.0
2023-12-28 15:54:32,156 [INFO] ThirdParty:1030 - CMSIS Pack Vendor :STMicroelectronics FP-ATR-ASTRA1 2.0.0
2023-12-28 15:54:32,156 [INFO] ThirdParty:1030 - CMSIS Pack Vendor :STMicroelectronics lwIP 2.1.2
2023-12-28 15:54:32,156 [INFO] ThirdParty:1030 - CMSIS Pack Vendor :STMicroelectronics X-CUBE-SFXS2LP1 4.0.0
2023-12-28 15:54:32,156 [INFO] ThirdParty:1030 - CMSIS Pack Vendor :STMicroelectronics X-CUBE-BLE2 3.3.0
2023-12-28 15:54:32,156 [INFO] ThirdParty:1030 - CMSIS Pack Vendor :STMicroelectronics X-CUBE-TOF1 3.4.0
2023-12-28 15:54:32,156 [INFO] ThirdParty:1030 - CMSIS Pack Vendor :STMicroelectronics X-CUBE-AZRTOS-H7 3.2.0
2023-12-28 15:54:32,156 [INFO] ThirdParty:1030 - CMSIS Pack Vendor :STMicroelectronics PDM2PCM 3.2.0
2023-12-28 15:54:32,156 [INFO] ThirdParty:1030 - CMSIS Pack Vendor :STMicroelectronics X-CUBE-TOUCHGFX 4.18.0
2023-12-28 15:54:32,156 [INFO] ThirdParty:841 - exiting critical section [change project]
2023-12-28 15:54:35,139 [INFO] PinOutPanel:1499 - setPackage(No Configuration,No Configuration)
2023-12-28 15:54:35,140 [INFO] PinOutPanel:1499 - setPackage(STM32H750XBHx,TFBGA240)
2023-12-28 15:54:41,035 [INFO] UtilMem:75 - Before build in PCC Used Memory: 524840504 Bytes (917504000)
2023-12-28 15:54:45,752 [INFO] UtilMem:75 - After build in PCC Used Memory: 672167480 Bytes (917504000)
2023-12-28 15:54:45,953 [INFO] ApiDbMcu:508 - Load IP Config File for FREERTOS
2023-12-28 15:54:46,003 [INFO] ApiDbMcu:508 - Load IP Config File for LWIP
2023-12-28 15:54:46,004 [WARN] BspModel:444 - BSP dependency skipped because of component: name='DP83848', api='BSP_COMPONENT_DRIVER'
2023-12-28 15:54:46,183 [INFO] IPUIPlugin:80 - create IPUIPlugin
2023-12-28 15:54:46,183 [INFO] IPUIPlugin:80 - create IPUIPlugin
2023-12-28 15:54:46,184 [INFO] IPUIPlugin:80 - create IPUIPlugin
2023-12-28 15:54:46,184 [INFO] IPUIPlugin:80 - create IPUIPlugin
2023-12-28 15:54:46,184 [INFO] IPUIPlugin:80 - create IPUIPlugin
2023-12-28 15:54:46,184 [INFO] IPUIPlugin:80 - create IPUIPlugin
2023-12-28 15:54:46,184 [INFO] IPUIPlugin:80 - create IPUIPlugin
2023-12-28 15:54:46,184 [INFO] IPUIPlugin:80 - create IPUIPlugin
2023-12-28 15:54:46,184 [INFO] IPUIPlugin:80 - create IPUIPlugin
2023-12-28 15:54:46,184 [INFO] IPUIPlugin:80 - create IPUIPlugin
2023-12-28 15:54:46,185 [INFO] IPUIPlugin:80 - create IPUIPlugin
2023-12-28 15:54:46,185 [INFO] IPUIPlugin:80 - create IPUIPlugin
2023-12-28 15:54:46,185 [INFO] IPUIPlugin:80 - create IPUIPlugin
2023-12-28 15:54:46,185 [INFO] IPUIPlugin:80 - create IPUIPlugin
2023-12-28 15:54:46,185 [INFO] IPUIPlugin:80 - create IPUIPlugin
2023-12-28 15:54:46,186 [INFO] IPUIPlugin:80 - create IPUIPlugin
2023-12-28 15:54:46,186 [INFO] IPUIPlugin:80 - create IPUIPlugin
2023-12-28 15:54:46,186 [INFO] IPUIPlugin:80 - create IPUIPlugin
2023-12-28 15:54:46,186 [INFO] IPUIPlugin:80 - create IPUIPlugin
2023-12-28 15:54:46,186 [INFO] IPUIPlugin:80 - create IPUIPlugin
2023-12-28 15:54:46,186 [INFO] IPUIPlugin:80 - create IPUIPlugin
2023-12-28 15:54:46,186 [INFO] IPUIPlugin:80 - create IPUIPlugin
2023-12-28 15:54:46,186 [INFO] IPUIPlugin:80 - create IPUIPlugin
2023-12-28 15:54:46,187 [INFO] IPUIPlugin:80 - create IPUIPlugin
2023-12-28 15:54:46,187 [INFO] IPUIPlugin:80 - create IPUIPlugin
2023-12-28 15:54:46,187 [INFO] IPUIPlugin:80 - create IPUIPlugin
2023-12-28 15:54:46,187 [INFO] IPUIPlugin:80 - create IPUIPlugin
2023-12-28 15:54:46,187 [INFO] IPUIPlugin:80 - create IPUIPlugin
2023-12-28 15:54:46,187 [INFO] IPUIPlugin:80 - create IPUIPlugin
2023-12-28 15:54:46,188 [INFO] IPUIPlugin:80 - create IPUIPlugin
2023-12-28 15:54:46,188 [INFO] IPUIPlugin:80 - create IPUIPlugin
2023-12-28 15:54:46,188 [INFO] IPUIPlugin:80 - create IPUIPlugin
2023-12-28 15:54:46,188 [INFO] IPUIPlugin:80 - create IPUIPlugin
2023-12-28 15:54:46,188 [INFO] IPUIPlugin:80 - create IPUIPlugin
2023-12-28 15:54:46,188 [INFO] IPUIPlugin:80 - create IPUIPlugin
2023-12-28 15:54:46,189 [INFO] IPUIPlugin:80 - create IPUIPlugin
2023-12-28 15:54:46,189 [INFO] IPUIPlugin:80 - create IPUIPlugin
2023-12-28 15:54:46,189 [INFO] IPUIPlugin:80 - create IPUIPlugin
2023-12-28 15:54:46,216 [INFO] IPUIPlugin:80 - create IPUIPlugin
2023-12-28 15:54:46,217 [INFO] IPUIPlugin:80 - create IPUIPlugin
2023-12-28 15:54:46,218 [INFO] IPUIPlugin:80 - create IPUIPlugin
2023-12-28 15:54:46,218 [INFO] IPUIPlugin:80 - create IPUIPlugin
2023-12-28 15:54:46,218 [INFO] IPUIPlugin:80 - create IPUIPlugin
2023-12-28 15:54:46,218 [INFO] IPUIPlugin:80 - create IPUIPlugin
2023-12-28 15:54:46,218 [INFO] IPUIPlugin:80 - create IPUIPlugin
2023-12-28 15:54:46,219 [INFO] IPUIPlugin:80 - create IPUIPlugin
2023-12-28 15:54:46,219 [INFO] IPUIPlugin:80 - create IPUIPlugin
2023-12-28 15:54:46,219 [INFO] IPUIPlugin:80 - create IPUIPlugin
2023-12-28 15:54:46,220 [INFO] IPUIPlugin:80 - create IPUIPlugin
2023-12-28 15:54:46,220 [INFO] IPUIPlugin:80 - create IPUIPlugin
2023-12-28 15:54:46,220 [INFO] IPUIPlugin:80 - create IPUIPlugin
2023-12-28 15:54:46,221 [INFO] IPUIPlugin:80 - create IPUIPlugin
2023-12-28 15:54:46,221 [INFO] IPUIPlugin:80 - create IPUIPlugin
2023-12-28 15:54:46,222 [INFO] IPUIPlugin:80 - create IPUIPlugin
2023-12-28 15:54:46,222 [INFO] IPUIPlugin:80 - create IPUIPlugin
2023-12-28 15:54:46,222 [INFO] IPUIPlugin:80 - create IPUIPlugin
2023-12-28 15:54:46,223 [INFO] IPUIPlugin:80 - create IPUIPlugin
2023-12-28 15:54:46,223 [INFO] IPUIPlugin:80 - create IPUIPlugin
2023-12-28 15:54:46,223 [INFO] IPUIPlugin:80 - create IPUIPlugin
2023-12-28 15:54:46,224 [INFO] IPUIPlugin:80 - create IPUIPlugin
2023-12-28 15:54:46,224 [INFO] IPUIPlugin:80 - create IPUIPlugin
2023-12-28 15:54:46,225 [INFO] IPUIPlugin:80 - create IPUIPlugin
2023-12-28 15:54:46,231 [INFO] IPUIPlugin:80 - create IPUIPlugin
2023-12-28 15:54:46,233 [INFO] IPUIPlugin:80 - create IPUIPlugin
2023-12-28 15:54:46,234 [INFO] IPUIPlugin:80 - create IPUIPlugin
2023-12-28 15:54:46,235 [INFO] IPUIPlugin:80 - create IPUIPlugin
2023-12-28 15:54:46,237 [INFO] IPUIPlugin:80 - create IPUIPlugin
2023-12-28 15:54:46,237 [INFO] IPUIPlugin:80 - create IPUIPlugin
2023-12-28 15:54:46,238 [INFO] IPUIPlugin:80 - create IPUIPlugin
2023-12-28 15:54:46,238 [INFO] IPUIPlugin:80 - create IPUIPlugin
2023-12-28 15:54:46,239 [INFO] IPUIPlugin:80 - create IPUIPlugin
2023-12-28 15:54:46,239 [INFO] IPUIPlugin:80 - create IPUIPlugin
2023-12-28 15:54:46,239 [INFO] IPUIPlugin:80 - create IPUIPlugin
2023-12-28 15:54:46,240 [INFO] IPUIPlugin:80 - create IPUIPlugin
2023-12-28 15:54:46,240 [INFO] IPUIPlugin:80 - create IPUIPlugin
2023-12-28 15:54:46,241 [INFO] IPUIPlugin:80 - create IPUIPlugin
2023-12-28 15:54:46,241 [INFO] IPUIPlugin:80 - create IPUIPlugin
2023-12-28 15:54:46,241 [INFO] IPUIPlugin:80 - create IPUIPlugin
2023-12-28 15:54:46,248 [INFO] IPUIPlugin:80 - create IPUIPlugin
2023-12-28 15:54:46,249 [INFO] IPUIPlugin:80 - create IPUIPlugin
2023-12-28 15:54:46,249 [INFO] IPUIPlugin:80 - create IPUIPlugin
2023-12-28 15:54:46,250 [INFO] IPUIPlugin:80 - create IPUIPlugin
2023-12-28 15:54:46,250 [INFO] IPUIPlugin:80 - create IPUIPlugin
2023-12-28 15:54:46,250 [INFO] IPUIPlugin:80 - create IPUIPlugin
2023-12-28 15:54:46,251 [INFO] IPUIPlugin:80 - create IPUIPlugin
2023-12-28 15:54:46,251 [INFO] IPUIPlugin:80 - create IPUIPlugin
2023-12-28 15:54:46,252 [INFO] IPUIPlugin:80 - create IPUIPlugin
2023-12-28 15:54:46,252 [INFO] IPUIPlugin:80 - create IPUIPlugin
2023-12-28 15:54:46,253 [INFO] IPUIPlugin:80 - create IPUIPlugin
2023-12-28 15:54:46,254 [INFO] IPUIPlugin:80 - create IPUIPlugin
2023-12-28 15:54:46,254 [INFO] IPUIPlugin:80 - create IPUIPlugin
2023-12-28 15:54:46,255 [INFO] IPUIPlugin:80 - create IPUIPlugin
2023-12-28 15:54:46,255 [INFO] IPUIPlugin:80 - create IPUIPlugin
2023-12-28 15:54:46,256 [INFO] IPUIPlugin:80 - create IPUIPlugin
2023-12-28 15:54:46,256 [INFO] IPUIPlugin:80 - create IPUIPlugin
2023-12-28 15:54:46,257 [INFO] IPUIPlugin:80 - create IPUIPlugin
2023-12-28 15:54:46,258 [INFO] IPUIPlugin:80 - create IPUIPlugin
2023-12-28 15:54:46,258 [INFO] IPUIPlugin:80 - create IPUIPlugin
2023-12-28 15:54:46,263 [INFO] IPUIPlugin:80 - create IPUIPlugin
2023-12-28 15:54:46,300 [INFO] ApiDbMcu:508 - Load IP Config File for PDM2PCM
2023-12-28 15:54:46,418 [WARN] FreeRTOS:1023 - Null or empty value: should not occur! (nothing added to the table)
2023-12-28 15:54:48,354 [INFO] CADModel:165 - CPN selected for project levelSTM32H750XBH6
2023-12-28 15:54:48,354 [INFO] CADModel:114 - Register for checkConnection events
2023-12-28 15:54:48,361 [INFO] RtosManager:697 - Active RTOS found at IOC load: FREERTOS [Cortex-M7NS]
2023-12-28 15:54:48,435 [INFO] OpenFileManager:343 - Restore cursor
2023-12-28 15:54:50,450 [WARN] IP:2119 - LWIP_NETIF_HOSTNAME not found: check if there is a RefParameter without a condition.
2023-12-28 15:54:51,019 [WARN] IP:2119 - LWIP_NETIF_HOSTNAME not found: check if there is a RefParameter without a condition.
2023-12-28 15:58:39,651 [WARN] IP:2119 - LWIP_NETIF_HOSTNAME not found: check if there is a RefParameter without a condition.
2023-12-28 15:58:43,771 [WARN] IP:2119 - LWIP_NETIF_HOSTNAME not found: check if there is a RefParameter without a condition.
2023-12-28 15:58:46,779 [WARN] IP:2119 - LWIP_NETIF_HOSTNAME not found: check if there is a RefParameter without a condition.
2023-12-28 15:58:48,846 [WARN] IP:2119 - LWIP_NETIF_HOSTNAME not found: check if there is a RefParameter without a condition.
2023-12-28 15:59:01,406 [WARN] BspModel:444 - BSP dependency skipped because of component: name='DP83848', api='BSP_COMPONENT_DRIVER'
2023-12-28 15:59:01,426 [WARN] IP:2119 - LWIP_NETIF_HOSTNAME not found: check if there is a RefParameter without a condition.
2023-12-28 15:59:01,452 [WARN] IP:2119 - LWIP_NETIF_HOSTNAME not found: check if there is a RefParameter without a condition.
2023-12-28 15:59:01,570 [WARN] IP:2119 - LWIP_NETIF_HOSTNAME not found: check if there is a RefParameter without a condition.
2023-12-28 15:59:24,989 [INFO] UtilMem:75 - End SaveConfig() Used Memory: 338248136 Bytes (917504000)
2023-12-28 15:59:25,148 [INFO] UtilMem:75 - End SaveConfig() Used Memory: 370540296 Bytes (917504000)
2023-12-28 15:59:25,708 [INFO] UtilMem:75 - End SaveConfig() Used Memory: 425279944 Bytes (917504000)
2023-12-28 15:59:26,481 [INFO] BlockDiagram:2759 - set Specific Code input for plugin: FREERTOS
2023-12-28 15:59:26,481 [INFO] BlockDiagram:2759 - set Specific Code input for plugin: RCC
2023-12-28 15:59:26,481 [INFO] BlockDiagram:2759 - set Specific Code input for plugin: ETH
2023-12-28 15:59:26,481 [INFO] BlockDiagram:2759 - set Specific Code input for plugin: SYS
2023-12-28 15:59:26,481 [INFO] BlockDiagram:2759 - set Specific Code input for plugin: ADC
2023-12-28 15:59:26,481 [INFO] BlockDiagram:2759 - set Specific Code input for plugin: NVIC
2023-12-28 15:59:26,481 [INFO] BlockDiagram:2759 - set Specific Code input for plugin: LWIP
2023-12-28 15:59:26,481 [INFO] BlockDiagram:2759 - set Specific Code input for plugin: CORTEX_M7
2023-12-28 15:59:26,484 [INFO] BlockDiagram:2759 - set Specific Code input for plugin: GPIO
2023-12-28 15:59:26,485 [INFO] CodeGenerator:807 - code generatio: config db path: C:\ST\STM32CubeIDE_1.12.0\STM32CubeIDE\plugins\com.st.stm32cube.common.mx_6.10.0.202311202037\\db\
2023-12-28 15:59:26,527 [WARN] IP:2119 - LWIP_NETIF_HOSTNAME not found: check if there is a RefParameter without a condition.
2023-12-28 15:59:27,096 [INFO] CodeEngine:255 - oldGeneratedFile, D:\STM32\STM32H750_Disco_ETH\MXTmpFiles\license.tmp_save
2023-12-28 15:59:27,762 [INFO] CodeEngine:279 - Generated code: D:\STM32\STM32H750_Disco_ETH\MXTmpFiles\license.tmp
2023-12-28 15:59:28,366 [INFO] CodeEngine:255 - oldGeneratedFile, D:\STM32\STM32H750_Disco_ETH\MXTmpFiles\gpio.tmp_save
2023-12-28 15:59:28,546 [INFO] CodeEngine:279 - Generated code: D:\STM32\STM32H750_Disco_ETH\MXTmpFiles\gpio.tmp
2023-12-28 15:59:29,231 [INFO] CodeEngine:255 - oldGeneratedFile, D:\STM32\STM32H750_Disco_ETH\MXTmpFiles\eth_vars.tmp_save
2023-12-28 15:59:29,317 [INFO] CodeEngine:279 - Generated code: D:\STM32\STM32H750_Disco_ETH\MXTmpFiles\eth_vars.tmp
2023-12-28 15:59:29,323 [INFO] CodeEngine:255 - oldGeneratedFile, D:\STM32\STM32H750_Disco_ETH\MXTmpFiles\eth_inc.tmp_save
2023-12-28 15:59:29,395 [INFO] CodeEngine:279 - Generated code: D:\STM32\STM32H750_Disco_ETH\MXTmpFiles\eth_inc.tmp
2023-12-28 15:59:29,399 [INFO] CodeEngine:255 - oldGeneratedFile, D:\STM32\STM32H750_Disco_ETH\MXTmpFiles\eth_HalInit.tmp_save
2023-12-28 15:59:29,582 [INFO] CodeEngine:279 - Generated code: D:\STM32\STM32H750_Disco_ETH\MXTmpFiles\eth_HalInit.tmp
2023-12-28 15:59:29,590 [INFO] CodeEngine:255 - oldGeneratedFile, D:\STM32\STM32H750_Disco_ETH\MXTmpFiles\eth_Msp.tmp_save
2023-12-28 15:59:29,698 [INFO] CodeEngine:279 - Generated code: D:\STM32\STM32H750_Disco_ETH\MXTmpFiles\eth_Msp.tmp
2023-12-28 15:59:31,537 [INFO] Middleware:1439 - No code input for Bsp Dependency
2023-12-28 15:59:31,546 [INFO] CodeEngine:255 - oldGeneratedFile, D:\STM32\STM32H750_Disco_ETH\MXTmpFiles\rtos_inc.tmp_save
2023-12-28 15:59:31,883 [INFO] CodeEngine:279 - Generated code: D:\STM32\STM32H750_Disco_ETH\MXTmpFiles\rtos_inc.tmp
2023-12-28 15:59:31,886 [INFO] CodeEngine:255 - oldGeneratedFile, D:\STM32\STM32H750_Disco_ETH\MXTmpFiles\rtos_kernelInit.tmp_save
2023-12-28 15:59:31,949 [INFO] CodeEngine:279 - Generated code: D:\STM32\STM32H750_Disco_ETH\MXTmpFiles\rtos_kernelInit.tmp
2023-12-28 15:59:31,952 [INFO] CodeEngine:255 - oldGeneratedFile, D:\STM32\STM32H750_Disco_ETH\MXTmpFiles\rtos_kernelStart.tmp_save
2023-12-28 15:59:32,014 [INFO] CodeEngine:279 - Generated code: D:\STM32\STM32H750_Disco_ETH\MXTmpFiles\rtos_kernelStart.tmp
2023-12-28 15:59:32,018 [INFO] CodeEngine:255 - oldGeneratedFile, D:\STM32\STM32H750_Disco_ETH\MXTmpFiles\rtos_typedefs.tmp_save
2023-12-28 15:59:32,080 [INFO] CodeEngine:279 - Generated code: D:\STM32\STM32H750_Disco_ETH\MXTmpFiles\rtos_typedefs.tmp
2023-12-28 15:59:32,083 [INFO] CodeEngine:255 - oldGeneratedFile, D:\STM32\STM32H750_Disco_ETH\MXTmpFiles\rtos_vars.tmp_save
2023-12-28 15:59:32,148 [INFO] CodeEngine:279 - Generated code: D:\STM32\STM32H750_Disco_ETH\MXTmpFiles\rtos_vars.tmp
2023-12-28 15:59:32,150 [INFO] CodeEngine:255 - oldGeneratedFile, D:\STM32\STM32H750_Disco_ETH\MXTmpFiles\rtos_pfp.tmp_save
2023-12-28 15:59:32,198 [INFO] CodeEngine:279 - Generated code: D:\STM32\STM32H750_Disco_ETH\MXTmpFiles\rtos_pfp.tmp
2023-12-28 15:59:32,200 [INFO] CodeEngine:255 - oldGeneratedFile, D:\STM32\STM32H750_Disco_ETH\MXTmpFiles\rtos_obj_creat.tmp_save
2023-12-28 15:59:32,246 [INFO] CodeEngine:279 - Generated code: D:\STM32\STM32H750_Disco_ETH\MXTmpFiles\rtos_obj_creat.tmp
2023-12-28 15:59:32,249 [INFO] CodeEngine:255 - oldGeneratedFile, D:\STM32\STM32H750_Disco_ETH\MXTmpFiles\rtos_default_thread.tmp_save
2023-12-28 15:59:32,297 [INFO] CodeEngine:279 - Generated code: D:\STM32\STM32H750_Disco_ETH\MXTmpFiles\rtos_default_thread.tmp
2023-12-28 15:59:32,300 [INFO] CodeEngine:255 - oldGeneratedFile, D:\STM32\STM32H750_Disco_ETH\MXTmpFiles\rtos_threads.tmp_save
2023-12-28 15:59:32,349 [INFO] CodeEngine:279 - Generated code: D:\STM32\STM32H750_Disco_ETH\MXTmpFiles\rtos_threads.tmp
2023-12-28 15:59:32,363 [INFO] Middleware:1439 - No code input for Bsp Dependency
2023-12-28 15:59:32,380 [INFO] Middleware:1439 - No code input for Bsp Dependency
2023-12-28 15:59:32,384 [INFO] CodeEngine:255 - oldGeneratedFile, D:\STM32\STM32H750_Disco_ETH\MXTmpFiles\rtos_inc.tmp_save
2023-12-28 15:59:32,434 [INFO] CodeEngine:279 - Generated code: D:\STM32\STM32H750_Disco_ETH\MXTmpFiles\rtos_inc.tmp
2023-12-28 15:59:32,441 [INFO] CodeEngine:255 - oldGeneratedFile, D:\STM32\STM32H750_Disco_ETH\MXTmpFiles\rtos_kernelInit.tmp_save
2023-12-28 15:59:32,485 [INFO] CodeEngine:279 - Generated code: D:\STM32\STM32H750_Disco_ETH\MXTmpFiles\rtos_kernelInit.tmp
2023-12-28 15:59:32,488 [INFO] CodeEngine:255 - oldGeneratedFile, D:\STM32\STM32H750_Disco_ETH\MXTmpFiles\rtos_kernelStart.tmp_save
2023-12-28 15:59:32,532 [INFO] CodeEngine:279 - Generated code: D:\STM32\STM32H750_Disco_ETH\MXTmpFiles\rtos_kernelStart.tmp
2023-12-28 15:59:32,535 [INFO] CodeEngine:255 - oldGeneratedFile, D:\STM32\STM32H750_Disco_ETH\MXTmpFiles\rtos_typedefs.tmp_save
2023-12-28 15:59:32,578 [INFO] CodeEngine:279 - Generated code: D:\STM32\STM32H750_Disco_ETH\MXTmpFiles\rtos_typedefs.tmp
2023-12-28 15:59:32,579 [INFO] CodeEngine:255 - oldGeneratedFile, D:\STM32\STM32H750_Disco_ETH\MXTmpFiles\rtos_vars.tmp_save
2023-12-28 15:59:32,622 [INFO] CodeEngine:279 - Generated code: D:\STM32\STM32H750_Disco_ETH\MXTmpFiles\rtos_vars.tmp
2023-12-28 15:59:32,625 [INFO] CodeEngine:255 - oldGeneratedFile, D:\STM32\STM32H750_Disco_ETH\MXTmpFiles\rtos_pfp.tmp_save
2023-12-28 15:59:32,667 [INFO] CodeEngine:279 - Generated code: D:\STM32\STM32H750_Disco_ETH\MXTmpFiles\rtos_pfp.tmp
2023-12-28 15:59:32,670 [INFO] CodeEngine:255 - oldGeneratedFile, D:\STM32\STM32H750_Disco_ETH\MXTmpFiles\rtos_obj_creat.tmp_save
2023-12-28 15:59:32,716 [INFO] CodeEngine:279 - Generated code: D:\STM32\STM32H750_Disco_ETH\MXTmpFiles\rtos_obj_creat.tmp
2023-12-28 15:59:32,719 [INFO] CodeEngine:255 - oldGeneratedFile, D:\STM32\STM32H750_Disco_ETH\MXTmpFiles\rtos_default_thread.tmp_save
2023-12-28 15:59:32,761 [INFO] CodeEngine:279 - Generated code: D:\STM32\STM32H750_Disco_ETH\MXTmpFiles\rtos_default_thread.tmp
2023-12-28 15:59:32,764 [INFO] CodeEngine:255 - oldGeneratedFile, D:\STM32\STM32H750_Disco_ETH\MXTmpFiles\rtos_threads.tmp_save
2023-12-28 15:59:32,806 [INFO] CodeEngine:279 - Generated code: D:\STM32\STM32H750_Disco_ETH\MXTmpFiles\rtos_threads.tmp
2023-12-28 15:59:32,810 [INFO] CodeEngine:255 - oldGeneratedFile, D:\STM32\STM32H750_Disco_ETH\Core\Inc\FreeRTOSConfig.h_save
2023-12-28 15:59:32,869 [INFO] CodeEngine:279 - Generated code: D:\STM32\STM32H750_Disco_ETH\Core\Inc\FreeRTOSConfig.h
2023-12-28 15:59:32,875 [INFO] CodeEngine:255 - oldGeneratedFile, D:\STM32\STM32H750_Disco_ETH\Core\Src\freertos.c_save
2023-12-28 15:59:32,968 [INFO] CodeEngine:279 - Generated code: D:\STM32\STM32H750_Disco_ETH\Core\Src\freertos.c
2023-12-28 15:59:32,975 [INFO] CodeEngine:255 - oldGeneratedFile, D:\STM32\STM32H750_Disco_ETH\MXTmpFiles\cortex.tmp_save
2023-12-28 15:59:33,018 [INFO] CodeEngine:279 - Generated code: D:\STM32\STM32H750_Disco_ETH\MXTmpFiles\cortex.tmp
2023-12-28 15:59:33,027 [INFO] Middleware:1439 - No code input for Bsp Dependency
2023-12-28 15:59:33,042 [INFO] CodeEngine:255 - oldGeneratedFile, D:\STM32\STM32H750_Disco_ETH\LWIP\App\lwip.c_save
2023-12-28 15:59:33,136 [INFO] CodeEngine:279 - Generated code: D:\STM32\STM32H750_Disco_ETH\LWIP\App\lwip.c
2023-12-28 15:59:33,144 [INFO] CodeEngine:255 - oldGeneratedFile, D:\STM32\STM32H750_Disco_ETH\LWIP\App\lwip.h_save
2023-12-28 15:59:33,206 [INFO] CodeEngine:279 - Generated code: D:\STM32\STM32H750_Disco_ETH\LWIP\App\lwip.h
2023-12-28 15:59:33,210 [INFO] CodeEngine:255 - oldGeneratedFile, D:\STM32\STM32H750_Disco_ETH\LWIP\Target\lwipopts.h_save
2023-12-28 15:59:33,426 [INFO] CodeEngine:279 - Generated code: D:\STM32\STM32H750_Disco_ETH\LWIP\Target\lwipopts.h
2023-12-28 15:59:33,431 [INFO] CodeEngine:255 - oldGeneratedFile, D:\STM32\STM32H750_Disco_ETH\LWIP\Target\ethernetif.c_save
2023-12-28 15:59:33,518 [INFO] CodeEngine:279 - Generated code: D:\STM32\STM32H750_Disco_ETH\LWIP\Target\ethernetif.c
2023-12-28 15:59:33,524 [INFO] CodeEngine:255 - oldGeneratedFile, D:\STM32\STM32H750_Disco_ETH\LWIP\Target\ethernetif.h_save
2023-12-28 15:59:33,565 [INFO] CodeEngine:279 - Generated code: D:\STM32\STM32H750_Disco_ETH\LWIP\Target\ethernetif.h
2023-12-28 15:59:33,578 [INFO] CodeEngine:255 - oldGeneratedFile, D:\STM32\STM32H750_Disco_ETH\Core\Src\stm32h7xx_it.c_save
2023-12-28 15:59:33,659 [INFO] CodeEngine:279 - Generated code: D:\STM32\STM32H750_Disco_ETH\Core\Src\stm32h7xx_it.c
2023-12-28 15:59:33,666 [INFO] CodeEngine:255 - oldGeneratedFile, D:\STM32\STM32H750_Disco_ETH\Core\Inc\stm32h7xx_it.h_save
2023-12-28 15:59:33,731 [INFO] CodeEngine:279 - Generated code: D:\STM32\STM32H750_Disco_ETH\Core\Inc\stm32h7xx_it.h
2023-12-28 15:59:34,224 [INFO] CodeEngine:255 - oldGeneratedFile, D:\STM32\STM32H750_Disco_ETH\Core\Src\stm32h7xx_hal_msp.c_save
2023-12-28 15:59:34,317 [INFO] CodeEngine:279 - Generated code: D:\STM32\STM32H750_Disco_ETH\Core\Src\stm32h7xx_hal_msp.c
2023-12-28 15:59:34,322 [INFO] CodeEngine:255 - oldGeneratedFile, D:\STM32\STM32H750_Disco_ETH\MXTmpFiles\system.tmp_save
2023-12-28 15:59:34,362 [INFO] CodeEngine:279 - Generated code: D:\STM32\STM32H750_Disco_ETH\MXTmpFiles\system.tmp
2023-12-28 15:59:34,364 [INFO] CodeEngine:255 - oldGeneratedFile, D:\STM32\STM32H750_Disco_ETH\Core\Src\stm32h7xx_hal_timebase_tim.c_save
2023-12-28 15:59:34,409 [INFO] CodeEngine:279 - Generated code: D:\STM32\STM32H750_Disco_ETH\Core\Src\stm32h7xx_hal_timebase_tim.c
2023-12-28 15:59:34,416 [INFO] CodeEngine:311 - oldGeneratedFile, D:\STM32\STM32H750_Disco_ETH\Core\Inc\stm32h7xx_hal_conf.h_save
2023-12-28 15:59:34,469 [INFO] CodeEngine:335 - Generated code: D:\STM32\STM32H750_Disco_ETH\Core\Inc\stm32h7xx_hal_conf.h
2023-12-28 15:59:34,602 [INFO] CodeEngine:255 - oldGeneratedFile, D:\STM32\STM32H750_Disco_ETH\Core\Inc\main.h_save
2023-12-28 15:59:34,758 [INFO] CodeEngine:279 - Generated code: D:\STM32\STM32H750_Disco_ETH\Core\Inc\main.h
2023-12-28 15:59:34,781 [INFO] CodeEngine:255 - oldGeneratedFile, D:\STM32\STM32H750_Disco_ETH\Core\Src\main.c_save
2023-12-28 15:59:35,074 [INFO] CodeEngine:279 - Generated code: D:\STM32\STM32H750_Disco_ETH\Core\Src\main.c
2023-12-28 15:59:35,922 [INFO] ProjectBuilder:3076 - Time for Copy HAL[1] : 430mS.
2023-12-28 15:59:35,941 [INFO] ProjectBuilder:4485 - Project Generator version: 4.2.0-B44
2023-12-28 15:59:36,120 [INFO] ConfigFileManager:1495 - The Die is : DIE450
2023-12-28 15:59:36,124 [INFO] ApiDbMcu:508 - Load IP Config File for FATFS
2023-12-28 15:59:36,126 [INFO] ApiDbMcu:508 - Load IP Config File for LIBJPEG
2023-12-28 15:59:36,131 [INFO] ApiDbMcu:508 - Load IP Config File for MBEDTLS
2023-12-28 15:59:36,140 [INFO] ApiDbMcu:508 - Load IP Config File for USB_DEVICE
2023-12-28 15:59:36,143 [INFO] ApiDbMcu:508 - Load IP Config File for USB_HOST
2023-12-28 15:59:37,553 [INFO] LogOutputStream:77 - [STDOUT_REDIRECT] 
2023-12-28 15:59:39,731 [INFO] ProjectBuilder:4747 - Time for Generating toolchain IDE Files: 3787mS.
2023-12-28 15:59:39,732 [INFO] ProjectBuilder:2947 - Time for Copy CMSIS : 1mS.
2023-12-28 15:59:39,742 [INFO] ProjectBuilder:2947 - Time for Copy CMSIS : 0mS.
2023-12-28 16:05:05,291 [ERROR] RtosPanel:558 - Can not restore the selected Tab for FREERTOS(A reason can be that the tab is no more available.)
2023-12-28 16:05:10,989 [INFO] TasksAndQueuesTab:757 - Dynamic
2023-12-28 16:05:10,989 [WARN] TasksAndQueuesTab:763 - 512 512
2023-12-28 16:05:10,989 [WARN] TasksAndQueuesTab:775 - max value is: 7680.0
2023-12-28 16:05:12,279 [INFO] EditThreadDialog:704 - RAM SIZE (in KB): 864
2023-12-28 16:05:12,279 [INFO] EditThreadDialog:706 - RAM SIZE (in words): 221184
2023-12-28 17:20:23,527 [ERROR] LogOutputStream:75 - [STDERR_REDIRECT] 
2023-12-28 17:20:23,580 [ERROR] LogOutputStream:75 - [STDERR_REDIRECT] 
