2024-03-14 17:18:43,265 [INFO] Activator:176 - 


2024-03-14 17:18:43,269 [INFO] Activator:177 - !SESSION log4j initialized
2024-03-14 17:18:49,547 [INFO] LogOutputStream:77 - [STDOUT_REDIRECT] 
2024-03-14 17:18:50,296 [ERROR] LogOutputStream:75 - [STDERR_REDIRECT] ??.?. 14, 2024 5:18:50 ??????? org.glassfish.grizzly.http.server.NetworkListener start
2024-03-14 17:18:50,297 [ERROR] LogOutputStream:75 - [STDERR_REDIRECT] INFO: Started listener bound to [localhost:1593]
2024-03-14 17:18:50,298 [ERROR] LogOutputStream:75 - [STDERR_REDIRECT] 
2024-03-14 17:18:50,301 [ERROR] LogOutputStream:75 - [STDERR_REDIRECT] ??.?. 14, 2024 5:18:50 ??????? org.glassfish.grizzly.http.server.HttpServer start
2024-03-14 17:18:50,301 [ERROR] LogOutputStream:75 - [STDERR_REDIRECT] INFO: [HttpServer] Started.
2024-03-14 17:18:50,302 [ERROR] LogOutputStream:75 - [STDERR_REDIRECT] 
2024-03-14 17:18:51,045 [ERROR] LogOutputStream:75 - [STDERR_REDIRECT] Managed Build system manifest file error: Option fr.ac6.managedbuild.option.gnu.cross.prefix.1096904150 uses a null category that is invalid in its context. The option was ignored.
2024-03-14 17:18:51,048 [ERROR] LogOutputStream:75 - [STDERR_REDIRECT] Managed Build system manifest file error: Option fr.ac6.managedbuild.option.gnu.cross.mcu.1124576734 uses a null category that is invalid in its context. The option was ignored.
2024-03-14 17:18:51,052 [ERROR] LogOutputStream:75 - [STDERR_REDIRECT] Managed Build system manifest file error: Option fr.ac6.managedbuild.option.gnu.cross.board.131452281 uses a null category that is invalid in its context. The option was ignored.
2024-03-14 17:18:51,056 [ERROR] LogOutputStream:75 - [STDERR_REDIRECT] Managed Build system manifest file error: Option fr.ac6.managedbuild.option.gnu.cross.instructionSet.2112976885 uses a null category that is invalid in its context. The option was ignored.
2024-03-14 17:18:51,060 [ERROR] LogOutputStream:75 - [STDERR_REDIRECT] Managed Build system manifest file error: Option fr.ac6.managedbuild.option.gnu.cross.fpu.2026297664 uses a null category that is invalid in its context. The option was ignored.
2024-03-14 17:18:51,064 [ERROR] LogOutputStream:75 - [STDERR_REDIRECT] Managed Build system manifest file error: Option fr.ac6.managedbuild.option.gnu.cross.floatabi.752291319 uses a null category that is invalid in its context. The option was ignored.
2024-03-14 17:18:54,036 [INFO] ApplicationProperties:184 - Using Application install path: C:\ST\STM32CubeIDE_1.12.0\STM32CubeIDE\plugins\com.st.stm32cube.common.mx_6.10.0.202311202037
2024-03-14 17:18:54,064 [INFO] DbMcusXml:78 - Set database path to: C:\ST\STM32CubeIDE_1.12.0\STM32CubeIDE\plugins\com.st.stm32cube.common.mx_6.10.0.202311202037\\db\/mcu/
2024-03-14 17:18:54,064 [INFO] ApiDb:274 - Set plugin database path to: C:\ST\STM32CubeIDE_1.12.0\STM32CubeIDE\plugins\com.st.stm32cube.common.mx_6.10.0.202311202037\\db\/plugins/boardmanager/
2024-03-14 17:18:54,065 [WARN] ApiDb:259 - Overriding images path with different value:  => C:\ST\STM32CubeIDE_1.12.0\STM32CubeIDE\plugins\com.st.stm32cube.common.mx_6.10.0.202311202037\\db\/plugins/mcufinder/images/
2024-03-14 17:18:54,077 [INFO] ApiDb:250 - Set database path to: C:\Users\user\.stmcufinder\plugins\mcufinder//mcu/
2024-03-14 17:18:54,079 [INFO] DbMcusAds:125 - Set database path to: C:\Users\user\.stmcufinder\plugins\mcufinder//mcu/
2024-03-14 17:18:54,096 [INFO] CrossReferenceDbSqlite:203 - Set database path to: C:\Users\user\.stmcufinder\plugins\mcufinder//mcu/cs/
2024-03-14 17:18:54,292 [INFO] RulesReader:64 - Compatibility file has been processed (297 Rules)
2024-03-14 17:18:54,402 [INFO] DbMcusXml:78 - Set database path to: C:\ST\STM32CubeIDE_1.12.0\STM32CubeIDE\plugins\com.st.stm32cube.common.mx_6.10.0.202311202037\\db\/mcu/
2024-03-14 17:18:54,402 [INFO] ApiDb:274 - Set plugin database path to: C:\ST\STM32CubeIDE_1.12.0\STM32CubeIDE\plugins\com.st.stm32cube.common.mx_6.10.0.202311202037\\db\/plugins/boardmanager/
2024-03-14 17:18:54,402 [INFO] ApiDb:261 - Set plugin images path to: C:\ST\STM32CubeIDE_1.12.0\STM32CubeIDE\plugins\com.st.stm32cube.common.mx_6.10.0.202311202037\\db\/plugins/mcufinder/images/
2024-03-14 17:18:54,403 [WARN] DbFile:41 - Overriding database path with different value: C:\Users\user\.stmcufinder\plugins\mcufinder/ => C:\Users\user\.stmcufinder\plugins\mcufinder
2024-03-14 17:18:54,403 [INFO] ApiDb:250 - Set database path to: C:\Users\user\.stmcufinder\plugins\mcufinder//mcu/
2024-03-14 17:18:54,403 [WARN] DbFile:41 - Overriding database path with different value: C:\Users\user\.stmcufinder\plugins\mcufinder/ => C:\Users\user\.stmcufinder\plugins\mcufinder
2024-03-14 17:18:54,403 [INFO] DbMcusAds:125 - Set database path to: C:\Users\user\.stmcufinder\plugins\mcufinder//mcu/
2024-03-14 17:18:54,403 [WARN] DbFile:41 - Overriding database path with different value: C:\Users\user\.stmcufinder\plugins\mcufinder/ => C:\Users\user\.stmcufinder\plugins\mcufinder
2024-03-14 17:18:54,403 [WARN] DbFile:41 - Overriding database path with different value: C:\Users\user\.stmcufinder\plugins\mcufinder/ => C:\Users\user\.stmcufinder\plugins\mcufinder
2024-03-14 17:18:54,403 [INFO] CrossReferenceDbSqlite:203 - Set database path to: C:\Users\user\.stmcufinder\plugins\mcufinder//mcu/cs/
2024-03-14 17:18:54,535 [INFO] MainPanel:264 - HeapMemory: 268435456
2024-03-14 17:18:54,679 [INFO] DbMcusXml:78 - Set database path to: C:\ST\STM32CubeIDE_1.12.0\STM32CubeIDE\plugins\com.st.stm32cube.common.mx_6.10.0.202311202037\\db\/mcu/
2024-03-14 17:18:54,679 [INFO] ApiDb:274 - Set plugin database path to: C:\ST\STM32CubeIDE_1.12.0\STM32CubeIDE\plugins\com.st.stm32cube.common.mx_6.10.0.202311202037\\db\/plugins/boardmanager/
2024-03-14 17:18:54,679 [INFO] ApiDb:261 - Set plugin images path to: C:\ST\STM32CubeIDE_1.12.0\STM32CubeIDE\plugins\com.st.stm32cube.common.mx_6.10.0.202311202037\\db\/plugins/mcufinder/images/
2024-03-14 17:18:54,679 [WARN] DbFile:41 - Overriding database path with different value: C:\Users\user\.stmcufinder\plugins\mcufinder/ => C:\Users\user\.stmcufinder\plugins\mcufinder
2024-03-14 17:18:54,679 [INFO] ApiDb:250 - Set database path to: C:\Users\user\.stmcufinder\plugins\mcufinder//mcu/
2024-03-14 17:18:54,679 [WARN] DbFile:41 - Overriding database path with different value: C:\Users\user\.stmcufinder\plugins\mcufinder/ => C:\Users\user\.stmcufinder\plugins\mcufinder
2024-03-14 17:18:54,679 [INFO] DbMcusAds:125 - Set database path to: C:\Users\user\.stmcufinder\plugins\mcufinder//mcu/
2024-03-14 17:18:54,680 [WARN] DbFile:41 - Overriding database path with different value: C:\Users\user\.stmcufinder\plugins\mcufinder/ => C:\Users\user\.stmcufinder\plugins\mcufinder
2024-03-14 17:18:54,680 [WARN] DbFile:41 - Overriding database path with different value: C:\Users\user\.stmcufinder\plugins\mcufinder/ => C:\Users\user\.stmcufinder\plugins\mcufinder
2024-03-14 17:18:54,680 [INFO] CrossReferenceDbSqlite:203 - Set database path to: C:\Users\user\.stmcufinder\plugins\mcufinder//mcu/cs/
2024-03-14 17:18:54,699 [INFO] ApplicationProperties:184 - Using Application install path: C:\ST\STM32CubeIDE_1.12.0\STM32CubeIDE\plugins\com.st.stm32cube.common.mx_6.10.0.202311202037
2024-03-14 17:18:54,701 [INFO] PluginManage:196 - Search for loadable plugins [exclusion list=, ]
2024-03-14 17:18:54,702 [INFO] PluginManage:310 - Check plugin analytics
2024-03-14 17:18:54,937 [INFO] AnalyticsPlugin:253 - Accepted Software Licenses: STM32CubeMX.6.10.0
2024-03-14 17:18:54,937 [INFO] AnalyticsPlugin:255 - Accepted CMSIS Pack Licenses: 
2024-03-14 17:18:54,940 [INFO] AnalyticsPlugin:257 - Accepted Firmware Licenses: 
2024-03-14 17:18:54,945 [INFO] PluginManage:359 - Loaded plugin analytics (category:tool,tabindex:-1)
2024-03-14 17:18:54,945 [INFO] PluginManage:310 - Check plugin cadmodel
2024-03-14 17:18:54,953 [INFO] CADModel:105 - Init CAD model plugin
2024-03-14 17:18:54,953 [INFO] PluginManage:359 - Loaded plugin cadmodel (category:power,tabindex:5)
2024-03-14 17:18:54,954 [INFO] PluginManage:310 - Check plugin clock
2024-03-14 17:18:54,972 [INFO] PluginManage:359 - Loaded plugin clock (category:base,tabindex:2)
2024-03-14 17:18:54,973 [INFO] PluginManage:310 - Check plugin ddr
2024-03-14 17:18:54,976 [INFO] PluginManage:359 - Loaded plugin ddr (category:tool,tabindex:6)
2024-03-14 17:18:54,976 [INFO] PluginManage:310 - Check plugin filemanager
2024-03-14 17:18:55,224 [INFO] PluginManage:359 - Loaded plugin filemanager (category:base,tabindex:10)
2024-03-14 17:18:55,224 [INFO] PluginManage:310 - Check plugin ipmanager
2024-03-14 17:18:55,235 [INFO] PluginManage:359 - Loaded plugin ipmanager (category:base,tabindex:5)
2024-03-14 17:18:55,235 [INFO] PluginManage:310 - Check plugin lpbam
2024-03-14 17:18:55,247 [INFO] PluginManage:359 - Loaded plugin lpbam (category:base,tabindex:0)
2024-03-14 17:18:55,247 [INFO] PluginManage:310 - Check plugin memorymap
2024-03-14 17:18:55,269 [INFO] PluginManage:359 - Loaded plugin memorymap (category:base,tabindex:4)
2024-03-14 17:18:55,269 [INFO] PluginManage:310 - Check plugin pinoutandconfiguration
2024-03-14 17:18:55,279 [INFO] PluginManage:359 - Loaded plugin pinoutandconfiguration (category:base,tabindex:1)
2024-03-14 17:18:55,279 [INFO] PluginManage:310 - Check plugin pinoutconfig
2024-03-14 17:18:55,387 [WARN] SupportedApi:132 - Cannot load RTOS API schema: s4s-elt-must-match.1: The content of 'definitions' must match (annotation?, (simpleType | complexType)?, (unique | key | keyref)*)). A problem was found starting at: attribute.
2024-03-14 17:18:55,574 [INFO] PluginManage:359 - Loaded plugin pinoutconfig (category:base,tabindex:0)
2024-03-14 17:18:55,575 [INFO] PluginManage:310 - Check plugin power
2024-03-14 17:18:55,590 [INFO] PluginManage:359 - Loaded plugin power (category:power,tabindex:4)
2024-03-14 17:18:55,590 [INFO] PluginManage:310 - Check plugin projectmanager
2024-03-14 17:18:55,612 [INFO] PluginManage:359 - Loaded plugin projectmanager (category:projectmanager,tabindex:3)
2024-03-14 17:18:55,613 [INFO] PluginManage:310 - Check plugin thirdparty
2024-03-14 17:18:55,802 [INFO] PluginManage:359 - Loaded plugin thirdparty (category:base,tabindex:-1)
2024-03-14 17:18:55,802 [INFO] PluginManage:310 - Check plugin tools
2024-03-14 17:18:55,803 [WARN] IntegrityCheckThread:84 - waiting for thirdparty lock release [integrity check]
2024-03-14 17:18:55,804 [INFO] IntegrityCheckThread:86 - entering critical section [integrity check]
2024-03-14 17:18:55,804 [INFO] ThirdPartyUpdaterWithRetryManager:70 - Updater plugin not ready yet. [1/15]
2024-03-14 17:18:55,805 [INFO] PluginManage:359 - Loaded plugin tools (category:base,tabindex:7)
2024-03-14 17:18:55,805 [INFO] PluginManage:310 - Check plugin tutovideos
2024-03-14 17:18:55,994 [INFO] PluginManage:359 - Loaded plugin tutovideos (category:base,tabindex:-1)
2024-03-14 17:18:55,994 [INFO] PluginManage:310 - Check plugin updater
2024-03-14 17:18:56,007 [INFO] PluginManage:359 - Loaded plugin updater (category:base,tabindex:12)
2024-03-14 17:18:56,008 [INFO] PluginManage:310 - Check plugin userauth
2024-03-14 17:18:56,014 [INFO] UserAuth:114 - Init User Auth plugin
2024-03-14 17:18:56,014 [INFO] PluginManage:359 - Loaded plugin userauth (category:base,tabindex:14)
2024-03-14 17:18:56,014 [INFO] PluginManage:283 - PluginManage : Loaded plugins [17]
2024-03-14 17:18:56,216 [INFO] PinOutPanel:1499 - setPackage(No Configuration,No Configuration)
2024-03-14 17:18:56,281 [INFO] CADModel:165 - CPN selected for project level
2024-03-14 17:18:56,281 [INFO] CADModel:114 - Register for checkConnection events
2024-03-14 17:18:56,297 [INFO] IPUIPlugin:80 - create IPUIPlugin
2024-03-14 17:18:56,298 [INFO] PluginManager:220 - loadIPPluginJar : add adc
2024-03-14 17:18:56,301 [INFO] IPUIPlugin:80 - create IPUIPlugin
2024-03-14 17:18:56,301 [INFO] PluginManager:220 - loadIPPluginJar : add aes
2024-03-14 17:18:56,303 [INFO] IPUIPlugin:80 - create IPUIPlugin
2024-03-14 17:18:56,303 [INFO] PluginManager:220 - loadIPPluginJar : add can
2024-03-14 17:18:56,305 [INFO] IPUIPlugin:80 - create IPUIPlugin
2024-03-14 17:18:56,305 [INFO] PluginManager:220 - loadIPPluginJar : add comp
2024-03-14 17:18:56,309 [INFO] IPUIPlugin:80 - create IPUIPlugin
2024-03-14 17:18:56,309 [INFO] PluginManager:220 - loadIPPluginJar : add cryp
2024-03-14 17:18:56,312 [INFO] IPUIPlugin:80 - create IPUIPlugin
2024-03-14 17:18:56,312 [INFO] PluginManager:220 - loadIPPluginJar : add dfsdm
2024-03-14 17:18:56,318 [INFO] IPUIPlugin:80 - create IPUIPlugin
2024-03-14 17:18:56,318 [INFO] PluginManager:220 - loadIPPluginJar : add dma
2024-03-14 17:18:56,321 [INFO] IPUIPlugin:80 - create IPUIPlugin
2024-03-14 17:18:56,321 [INFO] PluginManager:220 - loadIPPluginJar : add dma3
2024-03-14 17:18:56,325 [INFO] IPUIPlugin:80 - create IPUIPlugin
2024-03-14 17:18:56,325 [INFO] PluginManager:220 - loadIPPluginJar : add fatfs
2024-03-14 17:18:56,330 [INFO] IPUIPlugin:80 - create IPUIPlugin
2024-03-14 17:18:56,330 [INFO] PluginManager:220 - loadIPPluginJar : add fmc
2024-03-14 17:18:56,345 [INFO] IPUIPlugin:80 - create IPUIPlugin
2024-03-14 17:18:56,345 [INFO] PluginManager:220 - loadIPPluginJar : add freertos
2024-03-14 17:18:56,346 [INFO] IPUIPlugin:80 - create IPUIPlugin
2024-03-14 17:18:56,347 [INFO] PluginManager:220 - loadIPPluginJar : add genericplugin
2024-03-14 17:18:56,348 [INFO] IPUIPlugin:80 - create IPUIPlugin
2024-03-14 17:18:56,348 [INFO] PluginManager:220 - loadIPPluginJar : add gfxmmu
2024-03-14 17:18:56,353 [INFO] IPUIPlugin:80 - create IPUIPlugin
2024-03-14 17:18:56,353 [INFO] PluginManager:220 - loadIPPluginJar : add gic
2024-03-14 17:18:56,355 [INFO] IPUIPlugin:80 - create IPUIPlugin
2024-03-14 17:18:56,356 [INFO] PluginManager:220 - loadIPPluginJar : add gpio
2024-03-14 17:18:56,359 [INFO] IPUIPlugin:80 - create IPUIPlugin
2024-03-14 17:18:56,359 [INFO] PluginManager:220 - loadIPPluginJar : add gtzc
2024-03-14 17:18:56,363 [INFO] IPUIPlugin:80 - create IPUIPlugin
2024-03-14 17:18:56,363 [INFO] PluginManager:220 - loadIPPluginJar : add hash
2024-03-14 17:18:56,365 [INFO] IPUIPlugin:80 - create IPUIPlugin
2024-03-14 17:18:56,365 [INFO] PluginManager:220 - loadIPPluginJar : add i2c
2024-03-14 17:18:56,367 [INFO] IPUIPlugin:80 - create IPUIPlugin
2024-03-14 17:18:56,367 [INFO] PluginManager:220 - loadIPPluginJar : add i2s
2024-03-14 17:18:56,369 [INFO] IPUIPlugin:80 - create IPUIPlugin
2024-03-14 17:18:56,369 [INFO] PluginManager:220 - loadIPPluginJar : add i3c
2024-03-14 17:18:56,372 [INFO] IPUIPlugin:80 - create IPUIPlugin
2024-03-14 17:18:56,372 [INFO] PluginManager:220 - loadIPPluginJar : add ipddr
2024-03-14 17:18:56,380 [INFO] IPUIPlugin:80 - create IPUIPlugin
2024-03-14 17:18:56,380 [INFO] PluginManager:220 - loadIPPluginJar : add linkedlist
2024-03-14 17:18:56,382 [INFO] IPUIPlugin:80 - create IPUIPlugin
2024-03-14 17:18:56,383 [INFO] PluginManager:220 - loadIPPluginJar : add lorawan
2024-03-14 17:18:56,385 [INFO] IPUIPlugin:80 - create IPUIPlugin
2024-03-14 17:18:56,385 [INFO] PluginManager:220 - loadIPPluginJar : add ltdc
2024-03-14 17:18:56,391 [INFO] IPUIPlugin:80 - create IPUIPlugin
2024-03-14 17:18:56,392 [INFO] PluginManager:220 - loadIPPluginJar : add mdma
2024-03-14 17:18:56,396 [INFO] IPUIPlugin:80 - create IPUIPlugin
2024-03-14 17:18:56,397 [INFO] PluginManager:220 - loadIPPluginJar : add nvic
2024-03-14 17:18:56,399 [INFO] IPUIPlugin:80 - create IPUIPlugin
2024-03-14 17:18:56,399 [INFO] PluginManager:220 - loadIPPluginJar : add opamp
2024-03-14 17:18:56,403 [INFO] IPUIPlugin:80 - create IPUIPlugin
2024-03-14 17:18:56,403 [INFO] PluginManager:220 - loadIPPluginJar : add openamp
2024-03-14 17:18:56,406 [INFO] IPUIPlugin:80 - create IPUIPlugin
2024-03-14 17:18:56,406 [INFO] PluginManager:220 - loadIPPluginJar : add pdm2pcm
2024-03-14 17:18:56,413 [INFO] IPUIPlugin:80 - create IPUIPlugin
2024-03-14 17:18:56,415 [INFO] PluginManager:220 - loadIPPluginJar : add plateformsettings
2024-03-14 17:18:56,417 [INFO] IPUIPlugin:80 - create IPUIPlugin
2024-03-14 17:18:56,417 [INFO] PluginManager:220 - loadIPPluginJar : add quadspi
2024-03-14 17:18:56,423 [INFO] IPUIPlugin:80 - create IPUIPlugin
2024-03-14 17:18:56,423 [INFO] PluginManager:220 - loadIPPluginJar : add resmgrutility
2024-03-14 17:18:56,427 [INFO] IPUIPlugin:80 - create IPUIPlugin
2024-03-14 17:18:56,427 [INFO] PluginManager:220 - loadIPPluginJar : add sai
2024-03-14 17:18:56,429 [INFO] IPUIPlugin:80 - create IPUIPlugin
2024-03-14 17:18:56,430 [INFO] PluginManager:220 - loadIPPluginJar : add spi
2024-03-14 17:18:56,434 [INFO] IPUIPlugin:80 - create IPUIPlugin
2024-03-14 17:18:56,434 [INFO] PluginManager:220 - loadIPPluginJar : add stm32_wpan
2024-03-14 17:18:56,436 [INFO] IPUIPlugin:80 - create IPUIPlugin
2024-03-14 17:18:56,436 [INFO] PluginManager:220 - loadIPPluginJar : add tim
2024-03-14 17:18:56,439 [INFO] IPUIPlugin:80 - create IPUIPlugin
2024-03-14 17:18:56,439 [INFO] PluginManager:220 - loadIPPluginJar : add touchsensing
2024-03-14 17:18:56,442 [INFO] IPUIPlugin:80 - create IPUIPlugin
2024-03-14 17:18:56,442 [INFO] PluginManager:220 - loadIPPluginJar : add tracer_emb
2024-03-14 17:18:56,443 [INFO] IPUIPlugin:80 - create IPUIPlugin
2024-03-14 17:18:56,443 [INFO] PluginManager:220 - loadIPPluginJar : add ts
2024-03-14 17:18:56,445 [INFO] IPUIPlugin:80 - create IPUIPlugin
2024-03-14 17:18:56,445 [INFO] PluginManager:220 - loadIPPluginJar : add tsc
2024-03-14 17:18:56,446 [INFO] IPUIPlugin:80 - create IPUIPlugin
2024-03-14 17:18:56,447 [INFO] PluginManager:220 - loadIPPluginJar : add ucpd
2024-03-14 17:18:56,448 [INFO] IPUIPlugin:80 - create IPUIPlugin
2024-03-14 17:18:56,448 [INFO] PluginManager:220 - loadIPPluginJar : add usart
2024-03-14 17:18:56,451 [INFO] IPUIPlugin:80 - create IPUIPlugin
2024-03-14 17:18:56,451 [INFO] PluginManager:220 - loadIPPluginJar : add usbx
2024-03-14 17:18:56,584 [INFO] CADModel:165 - CPN selected for project level
2024-03-14 17:18:56,584 [INFO] CADModel:114 - Register for checkConnection events
2024-03-14 17:18:56,588 [FATAL] Updater:308 - Updater called before beeing initialized
2024-03-14 17:18:56,588 [ERROR] CADModel:125 - Updater not yet initialized, retry later 
2024-03-14 17:18:56,815 [INFO] CADModel:165 - CPN selected for project level
2024-03-14 17:18:56,815 [INFO] CADModel:114 - Register for checkConnection events
2024-03-14 17:18:56,815 [FATAL] Updater:308 - Updater called before beeing initialized
2024-03-14 17:18:56,815 [ERROR] CADModel:125 - Updater not yet initialized, retry later 
2024-03-14 17:18:56,818 [FATAL] Updater:308 - Updater called before beeing initialized
2024-03-14 17:18:57,065 [FATAL] Updater:308 - Updater called before beeing initialized
2024-03-14 17:18:57,077 [INFO] DbMcusAds:53 - JSON generation date=Wed Nov 29 17:52:27 ICT 2023 (1701255147349)
2024-03-14 17:18:57,077 [FATAL] Updater:308 - Updater called before beeing initialized
2024-03-14 17:18:57,148 [WARN] DetailPanel:346 - Failed to get advertising image, set to default
2024-03-14 17:18:57,240 [FATAL] Updater:308 - Updater called before beeing initialized
2024-03-14 17:18:57,243 [FATAL] Updater:308 - Updater called before beeing initialized
2024-03-14 17:18:57,243 [FATAL] Updater:308 - Updater called before beeing initialized
2024-03-14 17:18:57,243 [WARN] DetailPanel:346 - Failed to get advertising image, set to default
2024-03-14 17:18:57,243 [FATAL] Updater:308 - Updater called before beeing initialized
2024-03-14 17:18:57,328 [ERROR] Updater:1120 - MainUpdater not yet initialized. External WinMGr cannot be set.
2024-03-14 17:18:57,330 [INFO] Updater:1056 - Updater Version found : 6.10.0
2024-03-14 17:18:57,368 [INFO] ApplicationProperties:184 - Using Application install path: C:\ST\STM32CubeIDE_1.12.0\STM32CubeIDE\plugins\com.st.stm32cube.common.mx_6.10.0.202311202037
2024-03-14 17:18:57,991 [INFO] MainUpdater:2873 - connection check result : 10
2024-03-14 17:18:57,992 [INFO] MainUpdater:3567 - Updater definition file requires update
2024-03-14 17:18:57,993 [INFO] MainUpdater:290 - Updater Check For Update Now.
2024-03-14 17:18:57,993 [INFO] MicroXplorer:498 - Change Database Version : DB.6.0.100
2024-03-14 17:18:58,000 [INFO] McuFinderGlobals:63 - Set McuFinder mode to 2 (CubeIDE integrated)
2024-03-14 17:18:58,000 [INFO] UserAuth:180 - activating auth plugin
2024-03-14 17:18:58,002 [INFO] UserAuth:404 - Internet connection configuration mode: 1
2024-03-14 17:18:58,017 [INFO] JxBrowserEngine:152 - Initiate JxBrowser Engine with user profile folder
2024-03-14 17:18:58,111 [INFO] ServerAccessManage:473 - Download File updaters.zip
2024-03-14 17:18:58,207 [INFO] FileExtend:240 - Unzip File : updaters.zip
2024-03-14 17:18:58,207 [INFO] FileExtend:255 - Standard Zip Deflate
2024-03-14 17:18:58,669 [INFO] ServerAccessManage:473 - Download File PacksControlFlags.xml
2024-03-14 17:18:58,722 [INFO] ServerAccessManage:473 - Download File cubemx.pidx
2024-03-14 17:18:58,805 [WARN] MainUpdater:1194 - Updater busy. Cannot search thirdparties
2024-03-14 17:18:58,806 [INFO] ThirdPartyUpdaterWithRetryManager:96 - Updater plugin is busy. [1/15]
2024-03-14 17:18:58,873 [INFO] LoadServerUpdatesThread:375 - End of LoadServerUpdate Thread
2024-03-14 17:18:59,063 [INFO] CheckServerUpdateThread:120 - End of CheckServer Thread
2024-03-14 17:18:59,302 [INFO] WebApp:161 - Instantiating new browser for Auth
2024-03-14 17:18:59,985 [INFO] WebApp:780 - Register for checkConnection events
2024-03-14 17:18:59,985 [INFO] WebApp:414 - Apply proxy settings
2024-03-14 17:18:59,985 [INFO] WebApp:499 - Chromium requires no authentication
2024-03-14 17:18:59,996 [INFO] WebApp:442 - Direct internet connection detected
2024-03-14 17:19:00,162 [INFO] WebApp:192 - Starting web application
2024-03-14 17:19:00,163 [INFO] WebApp:544 - Web application path used C:\ST\STM32CubeIDE_1.12.0\STM32CubeIDE\plugins\com.st.stm32cube.common.mx_6.10.0.202311202037\db\plugins\mcufinder\reactClient1\index.html
2024-03-14 17:19:01,980 [WARN] PackLoader:240 - Cannot read IP mode file for STMicroelectronics.X-CUBE-SMBUS.2.1.0
2024-03-14 17:19:01,991 [WARN] PackLoader:240 - Cannot read IP mode file for STMicroelectronics.X-CUBE-TOUCHGFX.4.23.0
2024-03-14 17:19:02,113 [WARN] PackLoader:240 - Cannot read IP mode file for STMicroelectronics.X-CUBE-AZRTOS-F7.1.1.0
2024-03-14 17:19:02,128 [WARN] PackLoader:240 - Cannot read IP mode file for STMicroelectronics.FP-SNS-MOTENV1.4.3.2
2024-03-14 17:19:02,145 [WARN] PackLoader:240 - Cannot read IP mode file for STMicroelectronics.FP-SNS-FLIGHT1.5.0.2
2024-03-14 17:19:02,164 [WARN] PackLoader:240 - Cannot read IP mode file for STMicroelectronics.X-CUBE-DISPLAY.3.0.0
2024-03-14 17:19:02,185 [WARN] PackLoader:240 - Cannot read IP mode file for STMicroelectronics.X-CUBE-BLE1.7.0.0
2024-03-14 17:19:02,194 [WARN] PackLoader:240 - Cannot read IP mode file for emotas.I-CUBE-CANOPEN.1.3.0
2024-03-14 17:19:02,301 [WARN] PackLoader:240 - Cannot read IP mode file for STMicroelectronics.X-CUBE-TOUCHGFX.4.22.0
2024-03-14 17:19:02,366 [WARN] PackLoader:240 - Cannot read IP mode file for STMicroelectronics.X-CUBE-TOUCHGFX.4.22.1
2024-03-14 17:19:02,408 [WARN] PackLoader:240 - Cannot read IP mode file for STMicroelectronics.X-CUBE-BLEMGR.3.1.0
2024-03-14 17:19:02,416 [WARN] PackLoader:240 - Cannot read IP mode file for STMicroelectronics.FP-SNS-SMARTAG2.1.2.0
2024-03-14 17:19:02,427 [INFO] LogOutputStream:77 - [STDOUT_REDIRECT] 1 : Invalid condition id : UX_CORESTACK_Condition cause : null
2024-03-14 17:19:02,428 [INFO] LogOutputStream:77 - [STDOUT_REDIRECT] 1 : Invalid condition id : UX_CORESTACK_Condition cause : null
2024-03-14 17:19:02,430 [INFO] LogOutputStream:77 - [STDOUT_REDIRECT] 1 : Invalid condition id : UX_CORESTACK_Condition cause : null
2024-03-14 17:19:02,431 [INFO] LogOutputStream:77 - [STDOUT_REDIRECT] 1 : Invalid condition id : UX_CORESTACK_Condition cause : null
2024-03-14 17:19:02,432 [INFO] LogOutputStream:77 - [STDOUT_REDIRECT] 1 : Invalid condition id : UX_CORESTACK_Condition cause : null
2024-03-14 17:19:02,435 [WARN] PackLoader:240 - Cannot read IP mode file for STMicroelectronics.X-CUBE-AZRTOS-WL.2.0.0
2024-03-14 17:19:02,445 [WARN] PackLoader:240 - Cannot read IP mode file for WES.I-CUBE-Cesium.1.3.0
2024-03-14 17:19:02,450 [WARN] PackLoader:240 - Cannot read IP mode file for STMicroelectronics.X-CUBE-BLE2.3.3.0
2024-03-14 17:19:02,456 [WARN] PackLoader:240 - Cannot read IP mode file for STMicroelectronics.X-CUBE-TOUCHGFX.4.18.0
2024-03-14 17:19:02,492 [WARN] PackLoader:240 - Cannot read IP mode file for STMicroelectronics.X-CUBE-TOUCHGFX.4.21.1
2024-03-14 17:19:02,535 [WARN] PackLoader:240 - Cannot read IP mode file for STMicroelectronics.X-CUBE-TOUCHGFX.4.21.0
2024-03-14 17:19:02,574 [WARN] PackLoader:240 - Cannot read IP mode file for STMicroelectronics.X-CUBE-TOUCHGFX.4.21.4
2024-03-14 17:19:02,620 [WARN] PackLoader:240 - Cannot read IP mode file for STMicroelectronics.X-CUBE-ALGOBUILD.1.3.0
2024-03-14 17:19:02,660 [WARN] PackLoader:240 - Cannot read IP mode file for STMicroelectronics.X-CUBE-AZRTOS-G0.1.1.0
2024-03-14 17:19:02,674 [WARN] PackLoader:240 - Cannot read IP mode file for STMicroelectronics.X-CUBE-NFC4.3.0.0
2024-03-14 17:19:02,710 [WARN] PackLoader:240 - Cannot read IP mode file for STMicroelectronics.X-CUBE-BLEMGR.3.0.0
2024-03-14 17:19:02,771 [WARN] PackLoader:240 - Cannot read IP mode file for STMicroelectronics.FP-ATR-SIGFOX1.3.2.0
2024-03-14 17:19:02,787 [WARN] PackLoader:240 - Cannot read IP mode file for STMicroelectronics.X-CUBE-EEPRMA1.5.1.0
2024-03-14 17:19:02,856 [WARN] PackLoader:240 - Cannot read IP mode file for SEGGER.I-CUBE-embOS.1.3.1
2024-03-14 17:19:02,964 [WARN] PackLoader:240 - Cannot read IP mode file for STMicroelectronics.X-CUBE-GNSS1.6.0.0
2024-03-14 17:19:02,996 [WARN] PackLoader:240 - Cannot read IP mode file for STMicroelectronics.X-CUBE-AZRTOS-F4.1.1.0
2024-03-14 17:19:03,010 [WARN] PackLoader:240 - Cannot read IP mode file for wolfSSL.I-CUBE-wolfSSL.5.6.6
2024-03-14 17:19:03,033 [WARN] PackLoader:240 - Cannot read IP mode file for STMicroelectronics.X-CUBE-AZRTOS-L5.2.0.0
2024-03-14 17:19:03,045 [WARN] PackLoader:240 - Cannot read IP mode file for STMicroelectronics.X-CUBE-EEPRMA1.4.2.0
2024-03-14 17:19:03,052 [WARN] PackLoader:240 - Cannot read IP mode file for ITTIA_DB.I-CUBE-ITTIADB.8.8.0
2024-03-14 17:19:03,085 [WARN] PackLoader:240 - Cannot read IP mode file for emotas.I-CUBE-CANOPEN.1.1.3
2024-03-14 17:19:03,149 [WARN] ConditionMgr:438 - getConditionDescription Invalid condition id : UX DEVICE CLASS RTOS Condition cause : null
2024-03-14 17:19:03,150 [WARN] ConditionMgr:438 - getConditionDescription Invalid condition id : UX DEVICE CLASS RTOS Condition cause : null
2024-03-14 17:19:03,153 [WARN] PackLoader:240 - Cannot read IP mode file for STMicroelectronics.X-CUBE-AZRTOS-H7.3.1.0
2024-03-14 17:19:03,154 [WARN] ConditionMgr:1039 - genDependencies : Invalid condition id : UX DEVICE CLASS RTOS Condition cause : null
2024-03-14 17:19:03,155 [WARN] ConditionMgr:1039 - genDependencies : Invalid condition id : UX DEVICE CLASS RTOS Condition cause : null
2024-03-14 17:19:03,155 [WARN] ConditionMgr:1039 - genDependencies : Invalid condition id : UX DEVICE CLASS RTOS Condition cause : null
2024-03-14 17:19:03,155 [WARN] ConditionMgr:1039 - genDependencies : Invalid condition id : UX DEVICE CLASS RTOS Condition cause : null
2024-03-14 17:19:03,155 [WARN] ConditionMgr:1039 - genDependencies : Invalid condition id : UX DEVICE CLASS RTOS Condition cause : null
2024-03-14 17:19:03,164 [WARN] ConditionMgr:438 - getConditionDescription Invalid condition id : UX DEVICE CLASS RTOS Condition cause : null
2024-03-14 17:19:03,164 [WARN] ConditionMgr:438 - getConditionDescription Invalid condition id : UX DEVICE CLASS RTOS Condition cause : null
2024-03-14 17:19:03,319 [WARN] PackLoader:240 - Cannot read IP mode file for STMicroelectronics.X-CUBE-NFC7.1.0.1
2024-03-14 17:19:03,330 [WARN] PackLoader:240 - Cannot read IP mode file for STMicroelectronics.X-CUBE-NFC6.3.0.0
2024-03-14 17:19:03,341 [WARN] PackLoader:240 - Cannot read IP mode file for STMicroelectronics.X-CUBE-AI.8.1.0
2024-03-14 17:19:03,371 [WARN] ConditionMgr:438 - getConditionDescription Invalid condition id : LAN8742 Phy interface Condition cause : null
2024-03-14 17:19:03,374 [WARN] PackLoader:240 - Cannot read IP mode file for STMicroelectronics.X-CUBE-AZRTOS-L4.2.0.0
2024-03-14 17:19:03,376 [WARN] ConditionMgr:1039 - genDependencies : Invalid condition id : LAN8742 Phy interface Condition cause : null
2024-03-14 17:19:03,376 [WARN] ConditionMgr:1039 - genDependencies : Invalid condition id : LAN8742 Phy interface Condition cause : null
2024-03-14 17:19:03,377 [WARN] ConditionMgr:1039 - genDependencies : Invalid condition id : LAN8742 Phy interface Condition cause : null
2024-03-14 17:19:03,389 [WARN] PackLoader:240 - Cannot read IP mode file for STMicroelectronics.X-CUBE-SFXS2LP1.4.0.0
2024-03-14 17:19:03,406 [WARN] ConditionMgr:438 - getConditionDescription Invalid condition id : UX DEVICE CLASS RTOS Condition cause : null
2024-03-14 17:19:03,406 [WARN] ConditionMgr:438 - getConditionDescription Invalid condition id : UX DEVICE CLASS RTOS Condition cause : null
2024-03-14 17:19:03,408 [WARN] PackLoader:240 - Cannot read IP mode file for STMicroelectronics.X-CUBE-AZRTOS-WB.2.0.0
2024-03-14 17:19:03,408 [WARN] ConditionMgr:1039 - genDependencies : Invalid condition id : UX DEVICE CLASS RTOS Condition cause : null
2024-03-14 17:19:03,409 [WARN] ConditionMgr:1039 - genDependencies : Invalid condition id : UX DEVICE CLASS RTOS Condition cause : null
2024-03-14 17:19:03,413 [WARN] ConditionMgr:1039 - genDependencies : Invalid condition id : UX DEVICE CLASS RTOS Condition cause : null
2024-03-14 17:19:03,413 [WARN] ConditionMgr:1039 - genDependencies : Invalid condition id : UX DEVICE CLASS RTOS Condition cause : null
2024-03-14 17:19:03,413 [WARN] ConditionMgr:1039 - genDependencies : Invalid condition id : UX DEVICE CLASS RTOS Condition cause : null
2024-03-14 17:19:03,428 [WARN] PackLoader:240 - Cannot read IP mode file for STMicroelectronics.X-CUBE-SUBG2.5.0.0
2024-03-14 17:19:03,451 [WARN] PackLoader:240 - Cannot read IP mode file for STMicroelectronics.X-CUBE-TOF1.3.3.1
2024-03-14 17:19:03,516 [WARN] PackLoader:240 - Cannot read IP mode file for STMicroelectronics.X-CUBE-AZRTOS-G4.2.0.0
2024-03-14 17:19:03,543 [WARN] PackLoader:240 - Cannot read IP mode file for STMicroelectronics.X-CUBE-TOF1.3.3.0
2024-03-14 17:19:03,714 [WARN] PackLoader:240 - Cannot read IP mode file for Infineon.AIROC-Wi-Fi-Bluetooth-STM32.1.5.1
2024-03-14 17:19:03,725 [WARN] PackLoader:240 - Cannot read IP mode file for STMicroelectronics.FP-SNS-MOTENVWB1.1.3.1
2024-03-14 17:19:03,740 [WARN] PackLoader:240 - Cannot read IP mode file for STMicroelectronics.X-CUBE-ISPU.2.0.0
2024-03-14 17:19:03,796 [WARN] PackLoader:240 - Cannot read IP mode file for STMicroelectronics.X-CUBE-MEMS1.10.0.0
2024-03-14 17:19:03,945 [WARN] PackLoader:240 - Cannot read IP mode file for STMicroelectronics.X-CUBE-FREERTOS.1.1.0
2024-03-14 17:19:03,948 [WARN] PackLoader:240 - Cannot read IP mode file for portGmbH.I-Cube-SoM-uGOAL.1.1.0
2024-03-14 17:19:03,952 [WARN] PackLoader:240 - Cannot read IP mode file for STMicroelectronics.X-CUBE-ALS.1.0.1
2024-03-14 17:19:03,955 [WARN] PackLoader:240 - Cannot read IP mode file for STMicroelectronics.FP-ATR-ASTRA1.2.0.0
2024-03-14 17:19:03,968 [WARN] PackLoader:240 - Cannot read IP mode file for STMicroelectronics.X-CUBE-TOF1.3.4.0
2024-03-14 17:19:04,034 [WARN] PackLoader:240 - Cannot read IP mode file for STMicroelectronics.X-CUBE-TOF1.3.4.1
2024-03-14 17:19:04,073 [WARN] PackLoader:240 - Cannot read IP mode file for STMicroelectronics.X-CUBE-AZRTOS-H7.3.2.0
2024-03-14 17:19:04,143 [INFO] ThirdParty:978 - Integrity check success = true
2024-03-14 17:19:04,143 [INFO] IntegrityCheckThread:100 - exiting critical section [integrity check]
2024-03-14 17:19:04,143 [INFO] IntegrityCheckThread:103 - End integrity checks thread
2024-03-14 17:42:46,753 [ERROR] LogOutputStream:75 - [STDERR_REDIRECT] 
2024-03-14 17:42:46,754 [ERROR] LogOutputStream:75 - [STDERR_REDIRECT] 
