2024-08-07 08:27:47,667 [INFO] Activator:176 - 


2024-08-07 08:27:47,674 [INFO] Activator:177 - !SESSION log4j initialized
2024-08-07 08:27:54,000 [INFO] LogOutputStream:77 - [STDOUT_REDIRECT] 
2024-08-07 08:27:55,138 [INFO] ApplicationProperties:184 - Using Application install path: C:\ST\STM32CubeIDE_1.16.0\STM32CubeIDE\plugins\com.st.stm32cube.common.mx_6.12.0.202406281431
2024-08-07 08:27:55,156 [INFO] DbMcusXml:78 - Set database path to: C:\ST\STM32CubeIDE_1.16.0\STM32CubeIDE\plugins\com.st.stm32cube.common.mx_6.12.0.202406281431\\db\/mcu/
2024-08-07 08:27:55,156 [INFO] ApiDb:274 - Set plugin database path to: C:\ST\STM32CubeIDE_1.16.0\STM32CubeIDE\plugins\com.st.stm32cube.common.mx_6.12.0.202406281431\\db\/plugins/boardmanager/
2024-08-07 08:27:55,156 [WARN] ApiDb:259 - Overriding images path with different value:  => C:\ST\STM32CubeIDE_1.16.0\STM32CubeIDE\plugins\com.st.stm32cube.common.mx_6.12.0.202406281431\\db\/plugins/mcufinder/images/
2024-08-07 08:27:55,163 [INFO] ApiDb:250 - Set database path to: C:\Users\user\.stmcufinder\plugins\mcufinder//mcu/
2024-08-07 08:27:55,164 [INFO] DbMcusAds:125 - Set database path to: C:\Users\user\.stmcufinder\plugins\mcufinder//mcu/
2024-08-07 08:27:55,166 [INFO] CrossReferenceDbSqlite:203 - Set database path to: C:\Users\user\.stmcufinder\plugins\mcufinder//mcu/cs/
2024-08-07 08:27:55,260 [INFO] RulesReader:64 - Compatibility file has been processed (297 Rules)
2024-08-07 08:27:55,321 [INFO] DbMcusXml:78 - Set database path to: C:\ST\STM32CubeIDE_1.16.0\STM32CubeIDE\plugins\com.st.stm32cube.common.mx_6.12.0.202406281431\\db\/mcu/
2024-08-07 08:27:55,321 [INFO] ApiDb:274 - Set plugin database path to: C:\ST\STM32CubeIDE_1.16.0\STM32CubeIDE\plugins\com.st.stm32cube.common.mx_6.12.0.202406281431\\db\/plugins/boardmanager/
2024-08-07 08:27:55,321 [INFO] ApiDb:261 - Set plugin images path to: C:\ST\STM32CubeIDE_1.16.0\STM32CubeIDE\plugins\com.st.stm32cube.common.mx_6.12.0.202406281431\\db\/plugins/mcufinder/images/
2024-08-07 08:27:55,321 [WARN] DbFile:41 - Overriding database path with different value: C:\Users\user\.stmcufinder\plugins\mcufinder/ => C:\Users\user\.stmcufinder\plugins\mcufinder
2024-08-07 08:27:55,321 [INFO] ApiDb:250 - Set database path to: C:\Users\user\.stmcufinder\plugins\mcufinder//mcu/
2024-08-07 08:27:55,322 [WARN] DbFile:41 - Overriding database path with different value: C:\Users\user\.stmcufinder\plugins\mcufinder/ => C:\Users\user\.stmcufinder\plugins\mcufinder
2024-08-07 08:27:55,322 [INFO] DbMcusAds:125 - Set database path to: C:\Users\user\.stmcufinder\plugins\mcufinder//mcu/
2024-08-07 08:27:55,322 [WARN] DbFile:41 - Overriding database path with different value: C:\Users\user\.stmcufinder\plugins\mcufinder/ => C:\Users\user\.stmcufinder\plugins\mcufinder
2024-08-07 08:27:55,322 [WARN] DbFile:41 - Overriding database path with different value: C:\Users\user\.stmcufinder\plugins\mcufinder/ => C:\Users\user\.stmcufinder\plugins\mcufinder
2024-08-07 08:27:55,322 [INFO] CrossReferenceDbSqlite:203 - Set database path to: C:\Users\user\.stmcufinder\plugins\mcufinder//mcu/cs/
2024-08-07 08:27:55,395 [INFO] MainPanel:268 - HeapMemory: 384827392
2024-08-07 08:27:55,480 [INFO] DbMcusXml:78 - Set database path to: C:\ST\STM32CubeIDE_1.16.0\STM32CubeIDE\plugins\com.st.stm32cube.common.mx_6.12.0.202406281431\\db\/mcu/
2024-08-07 08:27:55,480 [INFO] ApiDb:274 - Set plugin database path to: C:\ST\STM32CubeIDE_1.16.0\STM32CubeIDE\plugins\com.st.stm32cube.common.mx_6.12.0.202406281431\\db\/plugins/boardmanager/
2024-08-07 08:27:55,480 [INFO] ApiDb:261 - Set plugin images path to: C:\ST\STM32CubeIDE_1.16.0\STM32CubeIDE\plugins\com.st.stm32cube.common.mx_6.12.0.202406281431\\db\/plugins/mcufinder/images/
2024-08-07 08:27:55,481 [WARN] DbFile:41 - Overriding database path with different value: C:\Users\user\.stmcufinder\plugins\mcufinder/ => C:\Users\user\.stmcufinder\plugins\mcufinder
2024-08-07 08:27:55,481 [INFO] ApiDb:250 - Set database path to: C:\Users\user\.stmcufinder\plugins\mcufinder//mcu/
2024-08-07 08:27:55,481 [WARN] DbFile:41 - Overriding database path with different value: C:\Users\user\.stmcufinder\plugins\mcufinder/ => C:\Users\user\.stmcufinder\plugins\mcufinder
2024-08-07 08:27:55,481 [INFO] DbMcusAds:125 - Set database path to: C:\Users\user\.stmcufinder\plugins\mcufinder//mcu/
2024-08-07 08:27:55,481 [WARN] DbFile:41 - Overriding database path with different value: C:\Users\user\.stmcufinder\plugins\mcufinder/ => C:\Users\user\.stmcufinder\plugins\mcufinder
2024-08-07 08:27:55,481 [WARN] DbFile:41 - Overriding database path with different value: C:\Users\user\.stmcufinder\plugins\mcufinder/ => C:\Users\user\.stmcufinder\plugins\mcufinder
2024-08-07 08:27:55,481 [INFO] CrossReferenceDbSqlite:203 - Set database path to: C:\Users\user\.stmcufinder\plugins\mcufinder//mcu/cs/
2024-08-07 08:27:55,494 [INFO] ApplicationProperties:184 - Using Application install path: C:\ST\STM32CubeIDE_1.16.0\STM32CubeIDE\plugins\com.st.stm32cube.common.mx_6.12.0.202406281431
2024-08-07 08:27:55,496 [INFO] PluginManage:196 - Search for loadable plugins [exclusion list=, ]
2024-08-07 08:27:55,497 [INFO] PluginManage:310 - Check plugin analytics
2024-08-07 08:27:55,656 [INFO] AnalyticsPlugin:253 - Accepted Software Licenses: STM32CubeMX.6.10.0,STM32CubeMX.6.11.0,STM32CubeMX.6.11.1,STM32CubeMX.6.12.0
2024-08-07 08:27:55,657 [INFO] AnalyticsPlugin:255 - Accepted CMSIS Pack Licenses: STMicroelectronics.X-CUBE-TOUCHGFX.4.23.2,STMicroelectronics.X-CUBE-TOF1.3.4.1,STMicroelectronics.X-CUBE-TOUCHGFX.4.24.0
2024-08-07 08:27:55,657 [INFO] AnalyticsPlugin:257 - Accepted Firmware Licenses: FW.G0.1.6.0,FW.H7.1.11.0,FW.C0.1.1.0
2024-08-07 08:27:55,666 [INFO] PluginManage:359 - Loaded plugin analytics (category:tool,tabindex:-1)
2024-08-07 08:27:55,667 [INFO] PluginManage:310 - Check plugin cadmodel
2024-08-07 08:27:55,673 [INFO] CADModel:105 - Init CAD model plugin
2024-08-07 08:27:55,673 [INFO] PluginManage:359 - Loaded plugin cadmodel (category:power,tabindex:5)
2024-08-07 08:27:55,673 [INFO] PluginManage:310 - Check plugin clock
2024-08-07 08:27:55,688 [INFO] PluginManage:359 - Loaded plugin clock (category:base,tabindex:2)
2024-08-07 08:27:55,688 [INFO] PluginManage:310 - Check plugin ddr
2024-08-07 08:27:55,696 [INFO] PluginManage:359 - Loaded plugin ddr (category:tool,tabindex:6)
2024-08-07 08:27:55,696 [INFO] PluginManage:310 - Check plugin filemanager
2024-08-07 08:27:55,838 [INFO] PluginManage:359 - Loaded plugin filemanager (category:base,tabindex:10)
2024-08-07 08:27:55,838 [INFO] PluginManage:310 - Check plugin ipmanager
2024-08-07 08:27:55,844 [INFO] PluginManage:359 - Loaded plugin ipmanager (category:base,tabindex:5)
2024-08-07 08:27:55,844 [INFO] PluginManage:310 - Check plugin lpbam
2024-08-07 08:27:55,851 [INFO] PluginManage:359 - Loaded plugin lpbam (category:base,tabindex:0)
2024-08-07 08:27:55,851 [INFO] PluginManage:310 - Check plugin memorymap
2024-08-07 08:27:55,863 [INFO] PluginManage:359 - Loaded plugin memorymap (category:base,tabindex:4)
2024-08-07 08:27:55,863 [INFO] PluginManage:310 - Check plugin pinoutandconfiguration
2024-08-07 08:27:55,871 [INFO] PluginManage:359 - Loaded plugin pinoutandconfiguration (category:base,tabindex:1)
2024-08-07 08:27:55,871 [INFO] PluginManage:310 - Check plugin pinoutconfig
2024-08-07 08:27:55,942 [WARN] SupportedApi:132 - Cannot load RTOS API schema: s4s-elt-must-match.1: The content of 'definitions' must match (annotation?, (simpleType | complexType)?, (unique | key | keyref)*)). A problem was found starting at: attribute.
2024-08-07 08:27:56,047 [INFO] PluginManage:359 - Loaded plugin pinoutconfig (category:base,tabindex:0)
2024-08-07 08:27:56,047 [INFO] PluginManage:310 - Check plugin power
2024-08-07 08:27:56,055 [INFO] PluginManage:359 - Loaded plugin power (category:power,tabindex:4)
2024-08-07 08:27:56,055 [INFO] PluginManage:310 - Check plugin projectmanager
2024-08-07 08:27:56,069 [INFO] PluginManage:359 - Loaded plugin projectmanager (category:projectmanager,tabindex:4)
2024-08-07 08:27:56,069 [INFO] PluginManage:310 - Check plugin rif
2024-08-07 08:27:56,074 [INFO] PluginManage:359 - Loaded plugin rif (category:base,tabindex:3)
2024-08-07 08:27:56,074 [INFO] PluginManage:310 - Check plugin thirdparty
2024-08-07 08:27:56,193 [INFO] PluginManage:359 - Loaded plugin thirdparty (category:base,tabindex:-1)
2024-08-07 08:27:56,193 [INFO] PluginManage:310 - Check plugin tools
2024-08-07 08:27:56,193 [WARN] IntegrityCheckThread:84 - waiting for thirdparty lock release [integrity check]
2024-08-07 08:27:56,194 [INFO] IntegrityCheckThread:86 - entering critical section [integrity check]
2024-08-07 08:27:56,194 [INFO] ThirdPartyUpdaterWithRetryManager:70 - Updater plugin not ready yet. [1/15]
2024-08-07 08:27:56,196 [INFO] PluginManage:359 - Loaded plugin tools (category:base,tabindex:7)
2024-08-07 08:27:56,196 [INFO] PluginManage:310 - Check plugin tutovideos
2024-08-07 08:27:56,330 [INFO] PluginManage:359 - Loaded plugin tutovideos (category:base,tabindex:-1)
2024-08-07 08:27:56,330 [INFO] PluginManage:310 - Check plugin updater
2024-08-07 08:27:56,348 [INFO] PluginManage:359 - Loaded plugin updater (category:base,tabindex:12)
2024-08-07 08:27:56,348 [INFO] PluginManage:310 - Check plugin userauth
2024-08-07 08:27:56,354 [INFO] UserAuth:113 - Init User Auth plugin
2024-08-07 08:27:56,354 [INFO] PluginManage:359 - Loaded plugin userauth (category:base,tabindex:14)
2024-08-07 08:27:56,354 [INFO] PluginManage:283 - PluginManage : Loaded plugins [18]
2024-08-07 08:27:56,545 [INFO] PinOutPanel:1561 - setPackage(No Configuration,No Configuration)
2024-08-07 08:27:56,617 [INFO] CADModel:165 - CPN selected for project level
2024-08-07 08:27:56,617 [INFO] CADModel:114 - Register for checkConnection events
2024-08-07 08:27:56,631 [INFO] IPUIPlugin:80 - create IPUIPlugin
2024-08-07 08:27:56,631 [INFO] PluginManager:220 - loadIPPluginJar : add adc
2024-08-07 08:27:56,633 [INFO] IPUIPlugin:80 - create IPUIPlugin
2024-08-07 08:27:56,634 [INFO] PluginManager:220 - loadIPPluginJar : add aes
2024-08-07 08:27:56,636 [INFO] IPUIPlugin:80 - create IPUIPlugin
2024-08-07 08:27:56,636 [INFO] PluginManager:220 - loadIPPluginJar : add can
2024-08-07 08:27:56,637 [INFO] IPUIPlugin:80 - create IPUIPlugin
2024-08-07 08:27:56,637 [INFO] PluginManager:220 - loadIPPluginJar : add comp
2024-08-07 08:27:56,639 [INFO] IPUIPlugin:80 - create IPUIPlugin
2024-08-07 08:27:56,639 [INFO] PluginManager:220 - loadIPPluginJar : add cryp
2024-08-07 08:27:56,643 [INFO] IPUIPlugin:80 - create IPUIPlugin
2024-08-07 08:27:56,643 [INFO] PluginManager:220 - loadIPPluginJar : add ddr_ctrl_phy
2024-08-07 08:27:56,644 [INFO] IPUIPlugin:80 - create IPUIPlugin
2024-08-07 08:27:56,644 [INFO] PluginManager:220 - loadIPPluginJar : add dfsdm
2024-08-07 08:27:56,649 [INFO] IPUIPlugin:80 - create IPUIPlugin
2024-08-07 08:27:56,650 [INFO] PluginManager:220 - loadIPPluginJar : add dma
2024-08-07 08:27:56,652 [INFO] IPUIPlugin:80 - create IPUIPlugin
2024-08-07 08:27:56,652 [INFO] PluginManager:220 - loadIPPluginJar : add dma3
2024-08-07 08:27:56,655 [INFO] IPUIPlugin:80 - create IPUIPlugin
2024-08-07 08:27:56,655 [INFO] PluginManager:220 - loadIPPluginJar : add extmemmanager
2024-08-07 08:27:56,657 [INFO] IPUIPlugin:80 - create IPUIPlugin
2024-08-07 08:27:56,657 [INFO] PluginManager:220 - loadIPPluginJar : add fatfs
2024-08-07 08:27:56,661 [INFO] IPUIPlugin:80 - create IPUIPlugin
2024-08-07 08:27:56,661 [INFO] PluginManager:220 - loadIPPluginJar : add fmc
2024-08-07 08:27:56,665 [INFO] IPUIPlugin:80 - create IPUIPlugin
2024-08-07 08:27:56,665 [INFO] PluginManager:220 - loadIPPluginJar : add freertos
2024-08-07 08:27:56,666 [INFO] IPUIPlugin:80 - create IPUIPlugin
2024-08-07 08:27:56,666 [INFO] PluginManager:220 - loadIPPluginJar : add genericplugin
2024-08-07 08:27:56,669 [INFO] IPUIPlugin:80 - create IPUIPlugin
2024-08-07 08:27:56,669 [INFO] PluginManager:220 - loadIPPluginJar : add gfxmmu
2024-08-07 08:27:56,673 [INFO] IPUIPlugin:80 - create IPUIPlugin
2024-08-07 08:27:56,673 [INFO] PluginManager:220 - loadIPPluginJar : add gic
2024-08-07 08:27:56,676 [INFO] IPUIPlugin:80 - create IPUIPlugin
2024-08-07 08:27:56,676 [INFO] PluginManager:220 - loadIPPluginJar : add gpio
2024-08-07 08:27:56,679 [INFO] IPUIPlugin:80 - create IPUIPlugin
2024-08-07 08:27:56,679 [INFO] PluginManager:220 - loadIPPluginJar : add gtzc
2024-08-07 08:27:56,682 [INFO] IPUIPlugin:80 - create IPUIPlugin
2024-08-07 08:27:56,682 [INFO] PluginManager:220 - loadIPPluginJar : add hash
2024-08-07 08:27:56,683 [INFO] IPUIPlugin:80 - create IPUIPlugin
2024-08-07 08:27:56,683 [INFO] PluginManager:220 - loadIPPluginJar : add i2c
2024-08-07 08:27:56,687 [INFO] IPUIPlugin:80 - create IPUIPlugin
2024-08-07 08:27:56,687 [INFO] PluginManager:220 - loadIPPluginJar : add i2s
2024-08-07 08:27:56,689 [INFO] IPUIPlugin:80 - create IPUIPlugin
2024-08-07 08:27:56,689 [INFO] PluginManager:220 - loadIPPluginJar : add i3c
2024-08-07 08:27:56,692 [INFO] IPUIPlugin:80 - create IPUIPlugin
2024-08-07 08:27:56,692 [INFO] PluginManager:220 - loadIPPluginJar : add ipddr
2024-08-07 08:27:56,698 [INFO] IPUIPlugin:80 - create IPUIPlugin
2024-08-07 08:27:56,699 [INFO] PluginManager:220 - loadIPPluginJar : add linkedlist
2024-08-07 08:27:56,700 [INFO] IPUIPlugin:80 - create IPUIPlugin
2024-08-07 08:27:56,700 [INFO] PluginManager:220 - loadIPPluginJar : add lorawan
2024-08-07 08:27:56,703 [INFO] IPUIPlugin:80 - create IPUIPlugin
2024-08-07 08:27:56,703 [INFO] PluginManager:220 - loadIPPluginJar : add ltdc
2024-08-07 08:27:56,708 [INFO] IPUIPlugin:80 - create IPUIPlugin
2024-08-07 08:27:56,708 [INFO] PluginManager:220 - loadIPPluginJar : add mdma
2024-08-07 08:27:56,712 [INFO] IPUIPlugin:80 - create IPUIPlugin
2024-08-07 08:27:56,712 [INFO] PluginManager:220 - loadIPPluginJar : add nvic
2024-08-07 08:27:56,714 [INFO] IPUIPlugin:80 - create IPUIPlugin
2024-08-07 08:27:56,714 [INFO] PluginManager:220 - loadIPPluginJar : add opamp
2024-08-07 08:27:56,716 [INFO] IPUIPlugin:80 - create IPUIPlugin
2024-08-07 08:27:56,717 [INFO] PluginManager:220 - loadIPPluginJar : add openamp
2024-08-07 08:27:56,719 [INFO] IPUIPlugin:80 - create IPUIPlugin
2024-08-07 08:27:56,719 [INFO] PluginManager:220 - loadIPPluginJar : add pdm2pcm
2024-08-07 08:27:56,725 [INFO] IPUIPlugin:80 - create IPUIPlugin
2024-08-07 08:27:56,726 [INFO] PluginManager:220 - loadIPPluginJar : add plateformsettings
2024-08-07 08:27:56,728 [INFO] IPUIPlugin:80 - create IPUIPlugin
2024-08-07 08:27:56,728 [INFO] PluginManager:220 - loadIPPluginJar : add quadspi
2024-08-07 08:27:56,729 [INFO] IPUIPlugin:80 - create IPUIPlugin
2024-08-07 08:27:56,730 [INFO] PluginManager:220 - loadIPPluginJar : add radio
2024-08-07 08:27:56,734 [INFO] IPUIPlugin:80 - create IPUIPlugin
2024-08-07 08:27:56,734 [INFO] PluginManager:220 - loadIPPluginJar : add resmgrutility
2024-08-07 08:27:56,738 [INFO] IPUIPlugin:80 - create IPUIPlugin
2024-08-07 08:27:56,738 [INFO] PluginManager:220 - loadIPPluginJar : add sai
2024-08-07 08:27:56,740 [INFO] IPUIPlugin:80 - create IPUIPlugin
2024-08-07 08:27:56,740 [INFO] PluginManager:220 - loadIPPluginJar : add spi
2024-08-07 08:27:56,745 [INFO] IPUIPlugin:80 - create IPUIPlugin
2024-08-07 08:27:56,745 [INFO] PluginManager:220 - loadIPPluginJar : add stm32_wpan
2024-08-07 08:27:56,747 [INFO] IPUIPlugin:80 - create IPUIPlugin
2024-08-07 08:27:56,748 [INFO] PluginManager:220 - loadIPPluginJar : add tim
2024-08-07 08:27:56,751 [INFO] IPUIPlugin:80 - create IPUIPlugin
2024-08-07 08:27:56,751 [INFO] PluginManager:220 - loadIPPluginJar : add touchsensing
2024-08-07 08:27:56,753 [INFO] IPUIPlugin:80 - create IPUIPlugin
2024-08-07 08:27:56,753 [INFO] PluginManager:220 - loadIPPluginJar : add tracer_emb
2024-08-07 08:27:56,756 [INFO] IPUIPlugin:80 - create IPUIPlugin
2024-08-07 08:27:56,756 [INFO] PluginManager:220 - loadIPPluginJar : add ts
2024-08-07 08:27:56,758 [INFO] IPUIPlugin:80 - create IPUIPlugin
2024-08-07 08:27:56,758 [INFO] PluginManager:220 - loadIPPluginJar : add tsc
2024-08-07 08:27:56,761 [INFO] IPUIPlugin:80 - create IPUIPlugin
2024-08-07 08:27:56,761 [INFO] PluginManager:220 - loadIPPluginJar : add ucpd
2024-08-07 08:27:56,763 [INFO] IPUIPlugin:80 - create IPUIPlugin
2024-08-07 08:27:56,764 [INFO] PluginManager:220 - loadIPPluginJar : add usart
2024-08-07 08:27:56,766 [INFO] IPUIPlugin:80 - create IPUIPlugin
2024-08-07 08:27:56,766 [INFO] PluginManager:220 - loadIPPluginJar : add usbx
2024-08-07 08:27:56,886 [INFO] CADModel:165 - CPN selected for project level
2024-08-07 08:27:56,886 [INFO] CADModel:114 - Register for checkConnection events
2024-08-07 08:27:56,886 [FATAL] Updater:334 - Updater called before beeing initialized
2024-08-07 08:27:56,886 [ERROR] CADModel:125 - Updater not yet initialized, retry later 
2024-08-07 08:27:56,999 [INFO] CADModel:165 - CPN selected for project level
2024-08-07 08:27:57,000 [INFO] CADModel:114 - Register for checkConnection events
2024-08-07 08:27:57,000 [FATAL] Updater:334 - Updater called before beeing initialized
2024-08-07 08:27:57,000 [ERROR] CADModel:125 - Updater not yet initialized, retry later 
2024-08-07 08:27:57,002 [FATAL] Updater:334 - Updater called before beeing initialized
2024-08-07 08:27:57,090 [FATAL] Updater:334 - Updater called before beeing initialized
2024-08-07 08:27:57,093 [INFO] DbMcusAds:53 - JSON generation date=Thu May 16 16:22:00 ICT 2024 (1715851320667)
2024-08-07 08:27:57,093 [FATAL] Updater:334 - Updater called before beeing initialized
2024-08-07 08:27:57,125 [WARN] DetailPanel:346 - Failed to get advertising image, set to default
2024-08-07 08:27:57,191 [FATAL] Updater:334 - Updater called before beeing initialized
2024-08-07 08:27:57,193 [FATAL] Updater:334 - Updater called before beeing initialized
2024-08-07 08:27:57,193 [FATAL] Updater:334 - Updater called before beeing initialized
2024-08-07 08:27:57,194 [WARN] DetailPanel:346 - Failed to get advertising image, set to default
2024-08-07 08:27:57,194 [FATAL] Updater:334 - Updater called before beeing initialized
2024-08-07 08:27:57,238 [ERROR] Updater:1164 - MainUpdater not yet initialized. External WinMGr cannot be set.
2024-08-07 08:27:57,240 [INFO] Updater:1100 - Updater Version found : 6.12.0
2024-08-07 08:27:57,255 [INFO] ApplicationProperties:184 - Using Application install path: C:\ST\STM32CubeIDE_1.16.0\STM32CubeIDE\plugins\com.st.stm32cube.common.mx_6.12.0.202406281431
2024-08-07 08:27:57,629 [INFO] MainUpdater:2873 - connection check result : 10
2024-08-07 08:27:57,630 [INFO] MainUpdater:3567 - Updater definition file requires update
2024-08-07 08:27:57,630 [INFO] MainUpdater:290 - Updater Check For Update Now.
2024-08-07 08:27:57,630 [INFO] MicroXplorer:498 - Change Database Version : DB.6.0.120
2024-08-07 08:27:57,636 [INFO] McuFinderGlobals:63 - Set McuFinder mode to 2 (CubeIDE integrated)
2024-08-07 08:27:57,637 [INFO] UserAuth:417 - Internet connection configuration mode: 1
2024-08-07 08:27:57,651 [INFO] JxBrowserEngine:152 - Initiate JxBrowser Engine with user profile folder
2024-08-07 08:27:57,741 [INFO] ServerAccessManage:473 - Download File updaters.zip
2024-08-07 08:27:57,877 [INFO] FileExtend:240 - Unzip File : updaters.zip
2024-08-07 08:27:57,877 [INFO] FileExtend:255 - Standard Zip Deflate
2024-08-07 08:27:58,363 [INFO] ServerAccessManage:473 - Download File PacksControlFlags.xml
2024-08-07 08:27:58,498 [INFO] ServerAccessManage:473 - Download File cubemx.pidx
2024-08-07 08:27:58,611 [INFO] LoadServerUpdatesThread:375 - End of LoadServerUpdate Thread
2024-08-07 08:27:58,739 [INFO] WebApp:167 - Instantiating new browser for Auth
2024-08-07 08:27:58,826 [INFO] CheckServerUpdateThread:120 - End of CheckServer Thread
2024-08-07 08:27:59,398 [WARN] PackLoader:240 - Cannot read IP mode file for STMicroelectronics.FP-SNS-MOTENVWB1.1.4.0
2024-08-07 08:27:59,414 [WARN] PackLoader:240 - Cannot read IP mode file for STMicroelectronics.X-CUBE-SMBUS.2.1.0
2024-08-07 08:27:59,449 [WARN] PackLoader:240 - Cannot read IP mode file for STMicroelectronics.X-CUBE-AZRTOS-F7.1.1.0
2024-08-07 08:27:59,463 [WARN] PackLoader:240 - Cannot read IP mode file for STMicroelectronics.FP-SNS-FLIGHT1.5.0.2
2024-08-07 08:27:59,475 [WARN] PackLoader:240 - Cannot read IP mode file for STMicroelectronics.X-CUBE-DISPLAY.3.0.0
2024-08-07 08:27:59,490 [WARN] PackLoader:240 - Cannot read IP mode file for STMicroelectronics.X-CUBE-BLE1.7.0.0
2024-08-07 08:27:59,497 [WARN] PackLoader:240 - Cannot read IP mode file for emotas.I-CUBE-CANOPEN.1.3.0
2024-08-07 08:27:59,512 [WARN] PackLoader:240 - Cannot read IP mode file for STMicroelectronics.X-CUBE-BLEMGR.3.1.0
2024-08-07 08:27:59,525 [WARN] PackLoader:240 - Cannot read IP mode file for STMicroelectronics.FP-SNS-SMARTAG2.1.2.0
2024-08-07 08:27:59,544 [INFO] LogOutputStream:77 - [STDOUT_REDIRECT] 1 : Invalid condition id : UX_CORESTACK_Condition cause : null
2024-08-07 08:27:59,546 [INFO] LogOutputStream:77 - [STDOUT_REDIRECT] 1 : Invalid condition id : UX_CORESTACK_Condition cause : null
2024-08-07 08:27:59,547 [INFO] LogOutputStream:77 - [STDOUT_REDIRECT] 1 : Invalid condition id : UX_CORESTACK_Condition cause : null
2024-08-07 08:27:59,549 [INFO] LogOutputStream:77 - [STDOUT_REDIRECT] 1 : Invalid condition id : UX_CORESTACK_Condition cause : null
2024-08-07 08:27:59,550 [INFO] LogOutputStream:77 - [STDOUT_REDIRECT] 1 : Invalid condition id : UX_CORESTACK_Condition cause : null
2024-08-07 08:27:59,555 [WARN] PackLoader:240 - Cannot read IP mode file for STMicroelectronics.X-CUBE-AZRTOS-WL.2.0.0
2024-08-07 08:27:59,565 [WARN] PackLoader:240 - Cannot read IP mode file for STMicroelectronics.FP-SNS-MOTENV1.5.0.0
2024-08-07 08:27:59,572 [WARN] PackLoader:240 - Cannot read IP mode file for wolfSSL.I-CUBE-wolfMQTT.1.19.0
2024-08-07 08:27:59,580 [WARN] PackLoader:240 - Cannot read IP mode file for WES.I-CUBE-Cesium.1.3.0
2024-08-07 08:27:59,586 [WARN] PackLoader:240 - Cannot read IP mode file for STMicroelectronics.X-CUBE-BLE2.3.3.0
2024-08-07 08:27:59,596 [WARN] PackLoader:240 - Cannot read IP mode file for STMicroelectronics.X-CUBE-TCPP.4.1.0
2024-08-07 08:27:59,620 [WARN] PackLoader:240 - Cannot read IP mode file for STMicroelectronics.X-CUBE-AZRTOS-G0.1.1.0
2024-08-07 08:27:59,632 [WARN] PackLoader:240 - Cannot read IP mode file for STMicroelectronics.X-CUBE-SAFEA1.1.2.2
2024-08-07 08:27:59,640 [WARN] PackLoader:240 - Cannot read IP mode file for STMicroelectronics.X-CUBE-NFC4.3.0.0
2024-08-07 08:27:59,670 [WARN] PackLoader:240 - Cannot read IP mode file for EmbeddedOffice.I-CUBE-FS-RTOS.1.0.1
2024-08-07 08:27:59,672 [ERROR] ConditionMgr:805 - Attr not supported : Dmpu
2024-08-07 08:27:59,672 [ERROR] ConditionMgr:805 - Attr not supported : Dmpu
2024-08-07 08:27:59,672 [ERROR] ConditionMgr:805 - Attr not supported : Dmpu
2024-08-07 08:27:59,672 [ERROR] ConditionMgr:805 - Attr not supported : Dmpu
2024-08-07 08:27:59,672 [ERROR] ConditionMgr:805 - Attr not supported : Dmpu
2024-08-07 08:27:59,672 [ERROR] ConditionMgr:805 - Attr not supported : Dmpu
2024-08-07 08:27:59,672 [ERROR] ConditionMgr:805 - Attr not supported : Dmpu
2024-08-07 08:27:59,673 [ERROR] ConditionMgr:805 - Attr not supported : Dmpu
2024-08-07 08:27:59,673 [ERROR] ConditionMgr:805 - Attr not supported : Dmpu
2024-08-07 08:27:59,673 [ERROR] ConditionMgr:805 - Attr not supported : Dmpu
2024-08-07 08:27:59,673 [ERROR] ConditionMgr:805 - Attr not supported : Dmpu
2024-08-07 08:27:59,673 [ERROR] ConditionMgr:805 - Attr not supported : Dmpu
2024-08-07 08:27:59,673 [ERROR] ConditionMgr:805 - Attr not supported : Dmpu
2024-08-07 08:27:59,673 [ERROR] ConditionMgr:805 - Attr not supported : Dmpu
2024-08-07 08:27:59,673 [ERROR] ConditionMgr:805 - Attr not supported : Dmpu
2024-08-07 08:27:59,673 [ERROR] ConditionMgr:805 - Attr not supported : Dmpu
2024-08-07 08:27:59,674 [ERROR] ConditionMgr:805 - Attr not supported : Dmpu
2024-08-07 08:27:59,674 [ERROR] ConditionMgr:805 - Attr not supported : Dmpu
2024-08-07 08:27:59,674 [ERROR] ConditionMgr:805 - Attr not supported : Dmpu
2024-08-07 08:27:59,674 [ERROR] ConditionMgr:805 - Attr not supported : Dmpu
2024-08-07 08:27:59,675 [ERROR] ConditionMgr:805 - Attr not supported : Dmpu
2024-08-07 08:27:59,675 [ERROR] ConditionMgr:805 - Attr not supported : Dmpu
2024-08-07 08:27:59,675 [ERROR] ConditionMgr:805 - Attr not supported : Dmpu
2024-08-07 08:27:59,675 [ERROR] ConditionMgr:805 - Attr not supported : Dmpu
2024-08-07 08:27:59,676 [ERROR] ConditionMgr:805 - Attr not supported : Dmpu
2024-08-07 08:27:59,676 [ERROR] ConditionMgr:805 - Attr not supported : Dmpu
2024-08-07 08:27:59,676 [ERROR] ConditionMgr:805 - Attr not supported : Dmpu
2024-08-07 08:27:59,676 [ERROR] ConditionMgr:805 - Attr not supported : Dmpu
2024-08-07 08:27:59,676 [ERROR] ConditionMgr:805 - Attr not supported : Dmpu
2024-08-07 08:27:59,676 [ERROR] ConditionMgr:805 - Attr not supported : Dmpu
2024-08-07 08:27:59,676 [ERROR] ConditionMgr:805 - Attr not supported : Dmpu
2024-08-07 08:27:59,676 [ERROR] ConditionMgr:805 - Attr not supported : Dmpu
2024-08-07 08:27:59,677 [ERROR] ConditionMgr:805 - Attr not supported : Dmpu
2024-08-07 08:27:59,677 [ERROR] ConditionMgr:805 - Attr not supported : Dmpu
2024-08-07 08:27:59,677 [ERROR] ConditionMgr:805 - Attr not supported : Dmpu
2024-08-07 08:27:59,677 [ERROR] ConditionMgr:805 - Attr not supported : Dmpu
2024-08-07 08:27:59,677 [ERROR] ConditionMgr:805 - Attr not supported : Dmpu
2024-08-07 08:27:59,678 [ERROR] ConditionMgr:805 - Attr not supported : Dmpu
2024-08-07 08:27:59,678 [ERROR] ConditionMgr:805 - Attr not supported : Dmpu
2024-08-07 08:27:59,678 [ERROR] ConditionMgr:805 - Attr not supported : Dmpu
2024-08-07 08:27:59,678 [ERROR] ConditionMgr:805 - Attr not supported : Dmpu
2024-08-07 08:27:59,678 [ERROR] ConditionMgr:805 - Attr not supported : Dmpu
2024-08-07 08:27:59,678 [ERROR] ConditionMgr:805 - Attr not supported : Dmpu
2024-08-07 08:27:59,678 [ERROR] ConditionMgr:805 - Attr not supported : Dmpu
2024-08-07 08:27:59,678 [ERROR] ConditionMgr:805 - Attr not supported : Dmpu
2024-08-07 08:27:59,678 [ERROR] ConditionMgr:805 - Attr not supported : Dmpu
2024-08-07 08:27:59,678 [ERROR] ConditionMgr:805 - Attr not supported : Dmpu
2024-08-07 08:27:59,678 [ERROR] ConditionMgr:805 - Attr not supported : Dmpu
2024-08-07 08:27:59,678 [ERROR] ConditionMgr:805 - Attr not supported : Dmpu
2024-08-07 08:27:59,678 [ERROR] ConditionMgr:805 - Attr not supported : Dmpu
2024-08-07 08:27:59,678 [ERROR] ConditionMgr:805 - Attr not supported : Dmpu
2024-08-07 08:27:59,679 [ERROR] ConditionMgr:805 - Attr not supported : Dmpu
2024-08-07 08:27:59,679 [ERROR] ConditionMgr:805 - Attr not supported : Dmpu
2024-08-07 08:27:59,679 [ERROR] ConditionMgr:805 - Attr not supported : Dmpu
2024-08-07 08:27:59,679 [ERROR] ConditionMgr:805 - Attr not supported : Dmpu
2024-08-07 08:27:59,679 [ERROR] ConditionMgr:805 - Attr not supported : Dmpu
2024-08-07 08:27:59,679 [ERROR] ConditionMgr:805 - Attr not supported : Dmpu
2024-08-07 08:27:59,679 [ERROR] ConditionMgr:805 - Attr not supported : Dmpu
2024-08-07 08:27:59,679 [ERROR] ConditionMgr:805 - Attr not supported : Dmpu
2024-08-07 08:27:59,680 [ERROR] ConditionMgr:805 - Attr not supported : Dmpu
2024-08-07 08:27:59,680 [ERROR] ConditionMgr:805 - Attr not supported : Dmpu
2024-08-07 08:27:59,680 [ERROR] ConditionMgr:805 - Attr not supported : Dmpu
2024-08-07 08:27:59,680 [ERROR] ConditionMgr:805 - Attr not supported : Dmpu
2024-08-07 08:27:59,680 [ERROR] ConditionMgr:805 - Attr not supported : Dmpu
2024-08-07 08:27:59,685 [WARN] PackLoader:240 - Cannot read IP mode file for RealThread.X-CUBE-RT-Thread_Nano.4.1.1
2024-08-07 08:27:59,689 [WARN] PackLoader:240 - Cannot read IP mode file for wolfSSL.I-CUBE-wolfSSL.5.7.0
2024-08-07 08:27:59,694 [WARN] PackLoader:240 - Cannot read IP mode file for STMicroelectronics.FP-ATR-SIGFOX1.3.2.0
2024-08-07 08:27:59,701 [WARN] PackLoader:240 - Cannot read IP mode file for STMicroelectronics.X-CUBE-EEPRMA1.5.1.0
2024-08-07 08:27:59,710 [WARN] PackLoader:240 - Cannot read IP mode file for ITTIA_DB.I-CUBE-ITTIADB.8.9.0
2024-08-07 08:27:59,748 [WARN] PackLoader:240 - Cannot read IP mode file for SEGGER.I-CUBE-embOS.1.3.1
2024-08-07 08:27:59,817 [WARN] PackLoader:240 - Cannot read IP mode file for STMicroelectronics.X-CUBE-ALGOBUILD.1.4.0
2024-08-07 08:27:59,848 [WARN] PackLoader:240 - Cannot read IP mode file for STMicroelectronics.X-CUBE-GNSS1.6.0.0
2024-08-07 08:27:59,870 [WARN] PackLoader:240 - Cannot read IP mode file for STMicroelectronics.X-CUBE-AZRTOS-F4.1.1.0
2024-08-07 08:27:59,879 [WARN] PackLoader:240 - Cannot read IP mode file for STMicroelectronics.X-CUBE-FREERTOS.1.2.0
2024-08-07 08:27:59,896 [WARN] PackLoader:240 - Cannot read IP mode file for STMicroelectronics.X-CUBE-AZRTOS-L5.2.0.0
2024-08-07 08:27:59,905 [WARN] PackLoader:240 - Cannot read IP mode file for STMicroelectronics.X-CUBE-NFC6.3.1.0
2024-08-07 08:27:59,913 [WARN] PackLoader:240 - Cannot read IP mode file for STMicroelectronics.X-CUBE-DPower.1.2.0
2024-08-07 08:27:59,917 [WARN] PackLoader:240 - Cannot read IP mode file for STMicroelectronics.X-CUBE-AI.9.0.0
2024-08-07 08:27:59,922 [WARN] PackLoader:240 - Cannot read IP mode file for STMicroelectronics.X-CUBE-NFC7.1.0.1
2024-08-07 08:27:59,926 [WARN] PackLoader:240 - Cannot read IP mode file for wolfSSL.I-CUBE-wolfTPM.3.2.0
2024-08-07 08:27:59,942 [WARN] ConditionMgr:438 - getConditionDescription Invalid condition id : LAN8742 Phy interface Condition cause : null
2024-08-07 08:27:59,943 [WARN] PackLoader:240 - Cannot read IP mode file for STMicroelectronics.X-CUBE-AZRTOS-L4.2.0.0
2024-08-07 08:27:59,944 [WARN] ConditionMgr:1039 - genDependencies : Invalid condition id : LAN8742 Phy interface Condition cause : null
2024-08-07 08:27:59,944 [WARN] ConditionMgr:1039 - genDependencies : Invalid condition id : LAN8742 Phy interface Condition cause : null
2024-08-07 08:27:59,945 [WARN] ConditionMgr:1039 - genDependencies : Invalid condition id : LAN8742 Phy interface Condition cause : null
2024-08-07 08:27:59,955 [WARN] PackLoader:240 - Cannot read IP mode file for STMicroelectronics.X-CUBE-SFXS2LP1.4.0.0
2024-08-07 08:27:59,967 [WARN] ConditionMgr:438 - getConditionDescription Invalid condition id : UX DEVICE CLASS RTOS Condition cause : null
2024-08-07 08:27:59,967 [WARN] ConditionMgr:438 - getConditionDescription Invalid condition id : UX DEVICE CLASS RTOS Condition cause : null
2024-08-07 08:27:59,970 [WARN] PackLoader:240 - Cannot read IP mode file for STMicroelectronics.X-CUBE-AZRTOS-WB.2.0.0
2024-08-07 08:27:59,971 [WARN] ConditionMgr:1039 - genDependencies : Invalid condition id : UX DEVICE CLASS RTOS Condition cause : null
2024-08-07 08:27:59,971 [WARN] ConditionMgr:1039 - genDependencies : Invalid condition id : UX DEVICE CLASS RTOS Condition cause : null
2024-08-07 08:27:59,972 [WARN] ConditionMgr:1039 - genDependencies : Invalid condition id : UX DEVICE CLASS RTOS Condition cause : null
2024-08-07 08:27:59,972 [WARN] ConditionMgr:1039 - genDependencies : Invalid condition id : UX DEVICE CLASS RTOS Condition cause : null
2024-08-07 08:27:59,972 [WARN] ConditionMgr:1039 - genDependencies : Invalid condition id : UX DEVICE CLASS RTOS Condition cause : null
2024-08-07 08:27:59,980 [WARN] PackLoader:240 - Cannot read IP mode file for STMicroelectronics.FP-SNS-STBOX1.2.0.0
2024-08-07 08:28:00,005 [WARN] PackLoader:240 - Cannot read IP mode file for STMicroelectronics.X-CUBE-SUBG2.5.0.0
2024-08-07 08:28:00,015 [WARN] PackLoader:240 - Cannot read IP mode file for Cesanta.I-CUBE-Mongoose.7.13.0
2024-08-07 08:28:00,028 [WARN] PackLoader:240 - Cannot read IP mode file for STMicroelectronics.X-CUBE-AZRTOS-G4.2.0.0
2024-08-07 08:28:00,035 [WARN] PackLoader:240 - Cannot read IP mode file for STMicroelectronics.X-CUBE-ISPU.2.0.0
2024-08-07 08:28:00,041 [WARN] PackLoader:240 - Cannot read IP mode file for STMicroelectronics.X-CUBE-ALS.1.0.2
2024-08-07 08:28:00,079 [WARN] PackLoader:240 - Cannot read IP mode file for STMicroelectronics.X-CUBE-MEMS1.10.0.0
2024-08-07 08:28:00,238 [WARN] PackLoader:240 - Cannot read IP mode file for STMicroelectronics.X-CUBE-TOUCHGFX.4.24.0
2024-08-07 08:28:00,354 [WARN] PackLoader:240 - Cannot read IP mode file for portGmbH.I-Cube-SoM-uGOAL.1.1.0
2024-08-07 08:28:00,375 [WARN] PackLoader:240 - Cannot read IP mode file for STMicroelectronics.X-CUBE-AZRTOS-H7RS.1.0.0
2024-08-07 08:28:00,382 [WARN] PackLoader:240 - Cannot read IP mode file for STMicroelectronics.FP-ATR-ASTRA1.2.0.0
2024-08-07 08:28:00,396 [WARN] PackLoader:240 - Cannot read IP mode file for STMicroelectronics.X-CUBE-TOF1.3.4.2
2024-08-07 08:28:00,420 [WARN] PackLoader:240 - Cannot read IP mode file for STMicroelectronics.X-CUBE-TOF1.3.4.1
2024-08-07 08:28:00,451 [WARN] PackLoader:240 - Cannot read IP mode file for STMicroelectronics.X-CUBE-AZRTOS-H7.3.2.0
2024-08-07 08:28:00,471 [WARN] PackLoader:240 - Cannot read IP mode file for Infineon.AIROC-Wi-Fi-Bluetooth-STM32.1.6.0
2024-08-07 08:28:00,479 [WARN] PackLoader:240 - Cannot read IP mode file for wolfSSL.I-CUBE-wolfSSH.1.4.17
2024-08-07 08:28:00,479 [INFO] ThirdParty:978 - Integrity check success = true
2024-08-07 08:28:00,479 [INFO] IntegrityCheckThread:100 - exiting critical section [integrity check]
2024-08-07 08:28:00,479 [INFO] IntegrityCheckThread:103 - End integrity checks thread
2024-08-07 08:28:00,622 [INFO] WebApp:448 - Apply proxy settings
2024-08-07 08:28:00,622 [INFO] WebApp:533 - Chromium requires no authentication
2024-08-07 08:28:00,633 [INFO] WebApp:476 - Direct internet connection detected
2024-08-07 08:28:00,677 [INFO] WebApp:869 - Register for checkConnection events
2024-08-07 08:28:00,677 [INFO] WebApp:448 - Apply proxy settings
2024-08-07 08:28:00,677 [INFO] WebApp:533 - Chromium requires no authentication
2024-08-07 08:28:00,678 [INFO] WebApp:476 - Direct internet connection detected
2024-08-07 08:28:00,898 [INFO] WebApp:220 - Starting web application
2024-08-07 08:28:00,898 [INFO] WebApp:578 - Web application path used C:\ST\STM32CubeIDE_1.16.0\STM32CubeIDE\plugins\com.st.stm32cube.common.mx_6.12.0.202406281431\db\plugins\mcufinder\reactClient1\index.html
2024-08-07 08:28:01,037 [INFO] WebApp:186 - Connection restablished
2024-08-07 08:28:01,081 [INFO] UserAuth:417 - Internet connection configuration mode: 1
2024-08-07 09:51:27,984 [INFO] WebApp:189 - Connection lost
2024-08-07 09:51:34,357 [INFO] WebApp:186 - Connection restablished
2024-08-07 09:51:36,049 [INFO] WebApp:189 - Connection lost
2024-08-07 09:51:36,196 [INFO] WebApp:186 - Connection restablished
2024-08-07 14:31:37,511 [INFO] Activator:176 - 


2024-08-07 14:31:37,514 [INFO] Activator:177 - !SESSION log4j initialized
2024-08-07 14:31:44,311 [INFO] LogOutputStream:77 - [STDOUT_REDIRECT] 
2024-08-07 14:31:45,866 [INFO] ApplicationProperties:184 - Using Application install path: C:\ST\STM32CubeIDE_1.16.0\STM32CubeIDE\plugins\com.st.stm32cube.common.mx_6.12.0.202406281431
2024-08-07 14:31:45,890 [INFO] DbMcusXml:78 - Set database path to: C:\ST\STM32CubeIDE_1.16.0\STM32CubeIDE\plugins\com.st.stm32cube.common.mx_6.12.0.202406281431\\db\/mcu/
2024-08-07 14:31:45,890 [INFO] ApiDb:274 - Set plugin database path to: C:\ST\STM32CubeIDE_1.16.0\STM32CubeIDE\plugins\com.st.stm32cube.common.mx_6.12.0.202406281431\\db\/plugins/boardmanager/
2024-08-07 14:31:45,891 [WARN] ApiDb:259 - Overriding images path with different value:  => C:\ST\STM32CubeIDE_1.16.0\STM32CubeIDE\plugins\com.st.stm32cube.common.mx_6.12.0.202406281431\\db\/plugins/mcufinder/images/
2024-08-07 14:31:45,903 [INFO] ApiDb:250 - Set database path to: C:\Users\user\.stmcufinder\plugins\mcufinder//mcu/
2024-08-07 14:31:45,904 [INFO] DbMcusAds:125 - Set database path to: C:\Users\user\.stmcufinder\plugins\mcufinder//mcu/
2024-08-07 14:31:45,907 [INFO] CrossReferenceDbSqlite:203 - Set database path to: C:\Users\user\.stmcufinder\plugins\mcufinder//mcu/cs/
2024-08-07 14:31:46,047 [INFO] RulesReader:64 - Compatibility file has been processed (297 Rules)
2024-08-07 14:31:46,133 [INFO] DbMcusXml:78 - Set database path to: C:\ST\STM32CubeIDE_1.16.0\STM32CubeIDE\plugins\com.st.stm32cube.common.mx_6.12.0.202406281431\\db\/mcu/
2024-08-07 14:31:46,133 [INFO] ApiDb:274 - Set plugin database path to: C:\ST\STM32CubeIDE_1.16.0\STM32CubeIDE\plugins\com.st.stm32cube.common.mx_6.12.0.202406281431\\db\/plugins/boardmanager/
2024-08-07 14:31:46,134 [INFO] ApiDb:261 - Set plugin images path to: C:\ST\STM32CubeIDE_1.16.0\STM32CubeIDE\plugins\com.st.stm32cube.common.mx_6.12.0.202406281431\\db\/plugins/mcufinder/images/
2024-08-07 14:31:46,134 [WARN] DbFile:41 - Overriding database path with different value: C:\Users\user\.stmcufinder\plugins\mcufinder/ => C:\Users\user\.stmcufinder\plugins\mcufinder
2024-08-07 14:31:46,134 [INFO] ApiDb:250 - Set database path to: C:\Users\user\.stmcufinder\plugins\mcufinder//mcu/
2024-08-07 14:31:46,134 [WARN] DbFile:41 - Overriding database path with different value: C:\Users\user\.stmcufinder\plugins\mcufinder/ => C:\Users\user\.stmcufinder\plugins\mcufinder
2024-08-07 14:31:46,134 [INFO] DbMcusAds:125 - Set database path to: C:\Users\user\.stmcufinder\plugins\mcufinder//mcu/
2024-08-07 14:31:46,134 [WARN] DbFile:41 - Overriding database path with different value: C:\Users\user\.stmcufinder\plugins\mcufinder/ => C:\Users\user\.stmcufinder\plugins\mcufinder
2024-08-07 14:31:46,134 [WARN] DbFile:41 - Overriding database path with different value: C:\Users\user\.stmcufinder\plugins\mcufinder/ => C:\Users\user\.stmcufinder\plugins\mcufinder
2024-08-07 14:31:46,134 [INFO] CrossReferenceDbSqlite:203 - Set database path to: C:\Users\user\.stmcufinder\plugins\mcufinder//mcu/cs/
2024-08-07 14:31:46,241 [INFO] MainPanel:268 - HeapMemory: 268435456
2024-08-07 14:31:46,372 [INFO] DbMcusXml:78 - Set database path to: C:\ST\STM32CubeIDE_1.16.0\STM32CubeIDE\plugins\com.st.stm32cube.common.mx_6.12.0.202406281431\\db\/mcu/
2024-08-07 14:31:46,373 [INFO] ApiDb:274 - Set plugin database path to: C:\ST\STM32CubeIDE_1.16.0\STM32CubeIDE\plugins\com.st.stm32cube.common.mx_6.12.0.202406281431\\db\/plugins/boardmanager/
2024-08-07 14:31:46,373 [INFO] ApiDb:261 - Set plugin images path to: C:\ST\STM32CubeIDE_1.16.0\STM32CubeIDE\plugins\com.st.stm32cube.common.mx_6.12.0.202406281431\\db\/plugins/mcufinder/images/
2024-08-07 14:31:46,373 [WARN] DbFile:41 - Overriding database path with different value: C:\Users\user\.stmcufinder\plugins\mcufinder/ => C:\Users\user\.stmcufinder\plugins\mcufinder
2024-08-07 14:31:46,373 [INFO] ApiDb:250 - Set database path to: C:\Users\user\.stmcufinder\plugins\mcufinder//mcu/
2024-08-07 14:31:46,373 [WARN] DbFile:41 - Overriding database path with different value: C:\Users\user\.stmcufinder\plugins\mcufinder/ => C:\Users\user\.stmcufinder\plugins\mcufinder
2024-08-07 14:31:46,373 [INFO] DbMcusAds:125 - Set database path to: C:\Users\user\.stmcufinder\plugins\mcufinder//mcu/
2024-08-07 14:31:46,373 [WARN] DbFile:41 - Overriding database path with different value: C:\Users\user\.stmcufinder\plugins\mcufinder/ => C:\Users\user\.stmcufinder\plugins\mcufinder
2024-08-07 14:31:46,373 [WARN] DbFile:41 - Overriding database path with different value: C:\Users\user\.stmcufinder\plugins\mcufinder/ => C:\Users\user\.stmcufinder\plugins\mcufinder
2024-08-07 14:31:46,373 [INFO] CrossReferenceDbSqlite:203 - Set database path to: C:\Users\user\.stmcufinder\plugins\mcufinder//mcu/cs/
2024-08-07 14:31:46,393 [INFO] ApplicationProperties:184 - Using Application install path: C:\ST\STM32CubeIDE_1.16.0\STM32CubeIDE\plugins\com.st.stm32cube.common.mx_6.12.0.202406281431
2024-08-07 14:31:46,395 [INFO] PluginManage:196 - Search for loadable plugins [exclusion list=, ]
2024-08-07 14:31:46,397 [INFO] PluginManage:310 - Check plugin analytics
2024-08-07 14:31:46,682 [INFO] AnalyticsPlugin:253 - Accepted Software Licenses: STM32CubeMX.6.10.0,STM32CubeMX.6.11.0,STM32CubeMX.6.11.1,STM32CubeMX.6.12.0
2024-08-07 14:31:46,682 [INFO] AnalyticsPlugin:255 - Accepted CMSIS Pack Licenses: STMicroelectronics.X-CUBE-TOUCHGFX.4.23.2,STMicroelectronics.X-CUBE-TOF1.3.4.1,STMicroelectronics.X-CUBE-TOUCHGFX.4.24.0
2024-08-07 14:31:46,682 [INFO] AnalyticsPlugin:257 - Accepted Firmware Licenses: FW.G0.1.6.0,FW.H7.1.11.0,FW.C0.1.1.0
2024-08-07 14:31:46,684 [INFO] PluginManage:359 - Loaded plugin analytics (category:tool,tabindex:-1)
2024-08-07 14:31:46,684 [INFO] PluginManage:310 - Check plugin cadmodel
2024-08-07 14:31:46,693 [INFO] CADModel:105 - Init CAD model plugin
2024-08-07 14:31:46,693 [INFO] PluginManage:359 - Loaded plugin cadmodel (category:power,tabindex:5)
2024-08-07 14:31:46,694 [INFO] PluginManage:310 - Check plugin clock
2024-08-07 14:31:46,709 [INFO] PluginManage:359 - Loaded plugin clock (category:base,tabindex:2)
2024-08-07 14:31:46,710 [INFO] PluginManage:310 - Check plugin ddr
2024-08-07 14:31:46,719 [INFO] PluginManage:359 - Loaded plugin ddr (category:tool,tabindex:6)
2024-08-07 14:31:46,719 [INFO] PluginManage:310 - Check plugin filemanager
2024-08-07 14:31:46,916 [INFO] PluginManage:359 - Loaded plugin filemanager (category:base,tabindex:10)
2024-08-07 14:31:46,917 [INFO] PluginManage:310 - Check plugin ipmanager
2024-08-07 14:31:46,924 [INFO] PluginManage:359 - Loaded plugin ipmanager (category:base,tabindex:5)
2024-08-07 14:31:46,924 [INFO] PluginManage:310 - Check plugin lpbam
2024-08-07 14:31:46,936 [INFO] PluginManage:359 - Loaded plugin lpbam (category:base,tabindex:0)
2024-08-07 14:31:46,936 [INFO] PluginManage:310 - Check plugin memorymap
2024-08-07 14:31:46,951 [INFO] PluginManage:359 - Loaded plugin memorymap (category:base,tabindex:4)
2024-08-07 14:31:46,951 [INFO] PluginManage:310 - Check plugin pinoutandconfiguration
2024-08-07 14:31:46,966 [INFO] PluginManage:359 - Loaded plugin pinoutandconfiguration (category:base,tabindex:1)
2024-08-07 14:31:46,966 [INFO] PluginManage:310 - Check plugin pinoutconfig
2024-08-07 14:31:47,079 [WARN] SupportedApi:132 - Cannot load RTOS API schema: s4s-elt-must-match.1: The content of 'definitions' must match (annotation?, (simpleType | complexType)?, (unique | key | keyref)*)). A problem was found starting at: attribute.
2024-08-07 14:31:47,217 [INFO] PluginManage:359 - Loaded plugin pinoutconfig (category:base,tabindex:0)
2024-08-07 14:31:47,217 [INFO] PluginManage:310 - Check plugin power
2024-08-07 14:31:47,227 [INFO] PluginManage:359 - Loaded plugin power (category:power,tabindex:4)
2024-08-07 14:31:47,227 [INFO] PluginManage:310 - Check plugin projectmanager
2024-08-07 14:31:47,243 [INFO] PluginManage:359 - Loaded plugin projectmanager (category:projectmanager,tabindex:4)
2024-08-07 14:31:47,243 [INFO] PluginManage:310 - Check plugin rif
2024-08-07 14:31:47,251 [INFO] PluginManage:359 - Loaded plugin rif (category:base,tabindex:3)
2024-08-07 14:31:47,252 [INFO] PluginManage:310 - Check plugin thirdparty
2024-08-07 14:31:47,428 [INFO] PluginManage:359 - Loaded plugin thirdparty (category:base,tabindex:-1)
2024-08-07 14:31:47,429 [INFO] PluginManage:310 - Check plugin tools
2024-08-07 14:31:47,428 [WARN] IntegrityCheckThread:84 - waiting for thirdparty lock release [integrity check]
2024-08-07 14:31:47,430 [INFO] IntegrityCheckThread:86 - entering critical section [integrity check]
2024-08-07 14:31:47,430 [INFO] ThirdPartyUpdaterWithRetryManager:70 - Updater plugin not ready yet. [1/15]
2024-08-07 14:31:47,432 [INFO] PluginManage:359 - Loaded plugin tools (category:base,tabindex:7)
2024-08-07 14:31:47,432 [INFO] PluginManage:310 - Check plugin tutovideos
2024-08-07 14:31:47,627 [INFO] PluginManage:359 - Loaded plugin tutovideos (category:base,tabindex:-1)
2024-08-07 14:31:47,627 [INFO] PluginManage:310 - Check plugin updater
2024-08-07 14:31:47,647 [INFO] PluginManage:359 - Loaded plugin updater (category:base,tabindex:12)
2024-08-07 14:31:47,647 [INFO] PluginManage:310 - Check plugin userauth
2024-08-07 14:31:47,654 [INFO] UserAuth:113 - Init User Auth plugin
2024-08-07 14:31:47,654 [INFO] PluginManage:359 - Loaded plugin userauth (category:base,tabindex:14)
2024-08-07 14:31:47,654 [INFO] PluginManage:283 - PluginManage : Loaded plugins [18]
2024-08-07 14:31:47,915 [INFO] PinOutPanel:1561 - setPackage(No Configuration,No Configuration)
2024-08-07 14:31:48,005 [INFO] CADModel:165 - CPN selected for project level
2024-08-07 14:31:48,005 [INFO] CADModel:114 - Register for checkConnection events
2024-08-07 14:31:48,027 [INFO] IPUIPlugin:80 - create IPUIPlugin
2024-08-07 14:31:48,027 [INFO] PluginManager:220 - loadIPPluginJar : add adc
2024-08-07 14:31:48,031 [INFO] IPUIPlugin:80 - create IPUIPlugin
2024-08-07 14:31:48,031 [INFO] PluginManager:220 - loadIPPluginJar : add aes
2024-08-07 14:31:48,034 [INFO] IPUIPlugin:80 - create IPUIPlugin
2024-08-07 14:31:48,034 [INFO] PluginManager:220 - loadIPPluginJar : add can
2024-08-07 14:31:48,036 [INFO] IPUIPlugin:80 - create IPUIPlugin
2024-08-07 14:31:48,036 [INFO] PluginManager:220 - loadIPPluginJar : add comp
2024-08-07 14:31:48,039 [INFO] IPUIPlugin:80 - create IPUIPlugin
2024-08-07 14:31:48,039 [INFO] PluginManager:220 - loadIPPluginJar : add cryp
2024-08-07 14:31:48,044 [INFO] IPUIPlugin:80 - create IPUIPlugin
2024-08-07 14:31:48,044 [INFO] PluginManager:220 - loadIPPluginJar : add ddr_ctrl_phy
2024-08-07 14:31:48,046 [INFO] IPUIPlugin:80 - create IPUIPlugin
2024-08-07 14:31:48,046 [INFO] PluginManager:220 - loadIPPluginJar : add dfsdm
2024-08-07 14:31:48,053 [INFO] IPUIPlugin:80 - create IPUIPlugin
2024-08-07 14:31:48,054 [INFO] PluginManager:220 - loadIPPluginJar : add dma
2024-08-07 14:31:48,058 [INFO] IPUIPlugin:80 - create IPUIPlugin
2024-08-07 14:31:48,058 [INFO] PluginManager:220 - loadIPPluginJar : add dma3
2024-08-07 14:31:48,062 [INFO] IPUIPlugin:80 - create IPUIPlugin
2024-08-07 14:31:48,062 [INFO] PluginManager:220 - loadIPPluginJar : add extmemmanager
2024-08-07 14:31:48,064 [INFO] IPUIPlugin:80 - create IPUIPlugin
2024-08-07 14:31:48,064 [INFO] PluginManager:220 - loadIPPluginJar : add fatfs
2024-08-07 14:31:48,070 [INFO] IPUIPlugin:80 - create IPUIPlugin
2024-08-07 14:31:48,070 [INFO] PluginManager:220 - loadIPPluginJar : add fmc
2024-08-07 14:31:48,076 [INFO] IPUIPlugin:80 - create IPUIPlugin
2024-08-07 14:31:48,077 [INFO] PluginManager:220 - loadIPPluginJar : add freertos
2024-08-07 14:31:48,080 [INFO] IPUIPlugin:80 - create IPUIPlugin
2024-08-07 14:31:48,080 [INFO] PluginManager:220 - loadIPPluginJar : add genericplugin
2024-08-07 14:31:48,084 [INFO] IPUIPlugin:80 - create IPUIPlugin
2024-08-07 14:31:48,084 [INFO] PluginManager:220 - loadIPPluginJar : add gfxmmu
2024-08-07 14:31:48,089 [INFO] IPUIPlugin:80 - create IPUIPlugin
2024-08-07 14:31:48,090 [INFO] PluginManager:220 - loadIPPluginJar : add gic
2024-08-07 14:31:48,095 [INFO] IPUIPlugin:80 - create IPUIPlugin
2024-08-07 14:31:48,095 [INFO] PluginManager:220 - loadIPPluginJar : add gpio
2024-08-07 14:31:48,100 [INFO] IPUIPlugin:80 - create IPUIPlugin
2024-08-07 14:31:48,100 [INFO] PluginManager:220 - loadIPPluginJar : add gtzc
2024-08-07 14:31:48,103 [INFO] IPUIPlugin:80 - create IPUIPlugin
2024-08-07 14:31:48,103 [INFO] PluginManager:220 - loadIPPluginJar : add hash
2024-08-07 14:31:48,111 [INFO] IPUIPlugin:80 - create IPUIPlugin
2024-08-07 14:31:48,111 [INFO] PluginManager:220 - loadIPPluginJar : add i2c
2024-08-07 14:31:48,118 [INFO] IPUIPlugin:80 - create IPUIPlugin
2024-08-07 14:31:48,119 [INFO] PluginManager:220 - loadIPPluginJar : add i2s
2024-08-07 14:31:48,122 [INFO] IPUIPlugin:80 - create IPUIPlugin
2024-08-07 14:31:48,122 [INFO] PluginManager:220 - loadIPPluginJar : add i3c
2024-08-07 14:31:48,126 [INFO] IPUIPlugin:80 - create IPUIPlugin
2024-08-07 14:31:48,126 [INFO] PluginManager:220 - loadIPPluginJar : add ipddr
2024-08-07 14:31:48,136 [INFO] IPUIPlugin:80 - create IPUIPlugin
2024-08-07 14:31:48,136 [INFO] PluginManager:220 - loadIPPluginJar : add linkedlist
2024-08-07 14:31:48,139 [INFO] IPUIPlugin:80 - create IPUIPlugin
2024-08-07 14:31:48,139 [INFO] PluginManager:220 - loadIPPluginJar : add lorawan
2024-08-07 14:31:48,141 [INFO] IPUIPlugin:80 - create IPUIPlugin
2024-08-07 14:31:48,141 [INFO] PluginManager:220 - loadIPPluginJar : add ltdc
2024-08-07 14:31:48,148 [INFO] IPUIPlugin:80 - create IPUIPlugin
2024-08-07 14:31:48,148 [INFO] PluginManager:220 - loadIPPluginJar : add mdma
2024-08-07 14:31:48,157 [INFO] IPUIPlugin:80 - create IPUIPlugin
2024-08-07 14:31:48,158 [INFO] PluginManager:220 - loadIPPluginJar : add nvic
2024-08-07 14:31:48,162 [INFO] IPUIPlugin:80 - create IPUIPlugin
2024-08-07 14:31:48,162 [INFO] PluginManager:220 - loadIPPluginJar : add opamp
2024-08-07 14:31:48,166 [INFO] IPUIPlugin:80 - create IPUIPlugin
2024-08-07 14:31:48,166 [INFO] PluginManager:220 - loadIPPluginJar : add openamp
2024-08-07 14:31:48,172 [INFO] IPUIPlugin:80 - create IPUIPlugin
2024-08-07 14:31:48,172 [INFO] PluginManager:220 - loadIPPluginJar : add pdm2pcm
2024-08-07 14:31:48,179 [INFO] IPUIPlugin:80 - create IPUIPlugin
2024-08-07 14:31:48,183 [INFO] PluginManager:220 - loadIPPluginJar : add plateformsettings
2024-08-07 14:31:48,186 [INFO] IPUIPlugin:80 - create IPUIPlugin
2024-08-07 14:31:48,186 [INFO] PluginManager:220 - loadIPPluginJar : add quadspi
2024-08-07 14:31:48,188 [INFO] IPUIPlugin:80 - create IPUIPlugin
2024-08-07 14:31:48,189 [INFO] PluginManager:220 - loadIPPluginJar : add radio
2024-08-07 14:31:48,195 [INFO] IPUIPlugin:80 - create IPUIPlugin
2024-08-07 14:31:48,195 [INFO] PluginManager:220 - loadIPPluginJar : add resmgrutility
2024-08-07 14:31:48,200 [INFO] IPUIPlugin:80 - create IPUIPlugin
2024-08-07 14:31:48,200 [INFO] PluginManager:220 - loadIPPluginJar : add sai
2024-08-07 14:31:48,203 [INFO] IPUIPlugin:80 - create IPUIPlugin
2024-08-07 14:31:48,204 [INFO] PluginManager:220 - loadIPPluginJar : add spi
2024-08-07 14:31:48,211 [INFO] IPUIPlugin:80 - create IPUIPlugin
2024-08-07 14:31:48,211 [INFO] PluginManager:220 - loadIPPluginJar : add stm32_wpan
2024-08-07 14:31:48,214 [INFO] IPUIPlugin:80 - create IPUIPlugin
2024-08-07 14:31:48,214 [INFO] PluginManager:220 - loadIPPluginJar : add tim
2024-08-07 14:31:48,218 [INFO] IPUIPlugin:80 - create IPUIPlugin
2024-08-07 14:31:48,218 [INFO] PluginManager:220 - loadIPPluginJar : add touchsensing
2024-08-07 14:31:48,221 [INFO] IPUIPlugin:80 - create IPUIPlugin
2024-08-07 14:31:48,221 [INFO] PluginManager:220 - loadIPPluginJar : add tracer_emb
2024-08-07 14:31:48,226 [INFO] IPUIPlugin:80 - create IPUIPlugin
2024-08-07 14:31:48,226 [INFO] PluginManager:220 - loadIPPluginJar : add ts
2024-08-07 14:31:48,228 [INFO] IPUIPlugin:80 - create IPUIPlugin
2024-08-07 14:31:48,229 [INFO] PluginManager:220 - loadIPPluginJar : add tsc
2024-08-07 14:31:48,233 [INFO] IPUIPlugin:80 - create IPUIPlugin
2024-08-07 14:31:48,233 [INFO] PluginManager:220 - loadIPPluginJar : add ucpd
2024-08-07 14:31:48,236 [INFO] IPUIPlugin:80 - create IPUIPlugin
2024-08-07 14:31:48,236 [INFO] PluginManager:220 - loadIPPluginJar : add usart
2024-08-07 14:31:48,240 [INFO] IPUIPlugin:80 - create IPUIPlugin
2024-08-07 14:31:48,241 [INFO] PluginManager:220 - loadIPPluginJar : add usbx
2024-08-07 14:31:48,379 [INFO] CADModel:165 - CPN selected for project level
2024-08-07 14:31:48,379 [INFO] CADModel:114 - Register for checkConnection events
2024-08-07 14:31:48,380 [FATAL] Updater:334 - Updater called before beeing initialized
2024-08-07 14:31:48,380 [ERROR] CADModel:125 - Updater not yet initialized, retry later 
2024-08-07 14:31:48,525 [INFO] CADModel:165 - CPN selected for project level
2024-08-07 14:31:48,525 [INFO] CADModel:114 - Register for checkConnection events
2024-08-07 14:31:48,525 [FATAL] Updater:334 - Updater called before beeing initialized
2024-08-07 14:31:48,525 [ERROR] CADModel:125 - Updater not yet initialized, retry later 
2024-08-07 14:31:48,529 [FATAL] Updater:334 - Updater called before beeing initialized
2024-08-07 14:31:48,634 [FATAL] Updater:334 - Updater called before beeing initialized
2024-08-07 14:31:48,639 [INFO] DbMcusAds:53 - JSON generation date=Thu May 16 16:22:00 ICT 2024 (1715851320667)
2024-08-07 14:31:48,639 [FATAL] Updater:334 - Updater called before beeing initialized
2024-08-07 14:31:48,679 [WARN] DetailPanel:346 - Failed to get advertising image, set to default
2024-08-07 14:31:48,768 [FATAL] Updater:334 - Updater called before beeing initialized
2024-08-07 14:31:48,771 [FATAL] Updater:334 - Updater called before beeing initialized
2024-08-07 14:31:48,772 [FATAL] Updater:334 - Updater called before beeing initialized
2024-08-07 14:31:48,772 [WARN] DetailPanel:346 - Failed to get advertising image, set to default
2024-08-07 14:31:48,774 [FATAL] Updater:334 - Updater called before beeing initialized
2024-08-07 14:31:48,826 [ERROR] Updater:1164 - MainUpdater not yet initialized. External WinMGr cannot be set.
2024-08-07 14:31:48,829 [INFO] Updater:1100 - Updater Version found : 6.12.0
2024-08-07 14:31:48,851 [INFO] ApplicationProperties:184 - Using Application install path: C:\ST\STM32CubeIDE_1.16.0\STM32CubeIDE\plugins\com.st.stm32cube.common.mx_6.12.0.202406281431
2024-08-07 14:31:49,345 [INFO] MainUpdater:2873 - connection check result : 10
2024-08-07 14:31:49,345 [INFO] MainUpdater:290 - Updater Check For Update Now.
2024-08-07 14:31:49,346 [INFO] MicroXplorer:498 - Change Database Version : DB.6.0.120
2024-08-07 14:31:49,351 [INFO] McuFinderGlobals:63 - Set McuFinder mode to 2 (CubeIDE integrated)
2024-08-07 14:31:49,352 [INFO] UserAuth:417 - Internet connection configuration mode: 1
2024-08-07 14:31:49,373 [INFO] JxBrowserEngine:152 - Initiate JxBrowser Engine with user profile folder
2024-08-07 14:31:49,573 [INFO] CheckServerUpdateThread:120 - End of CheckServer Thread
2024-08-07 14:31:50,235 [INFO] WebApp:167 - Instantiating new browser for Auth
2024-08-07 14:31:50,742 [WARN] PackLoader:240 - Cannot read IP mode file for STMicroelectronics.FP-SNS-MOTENVWB1.1.4.0
2024-08-07 14:31:50,758 [WARN] PackLoader:240 - Cannot read IP mode file for STMicroelectronics.X-CUBE-SMBUS.2.1.0
2024-08-07 14:31:50,810 [WARN] PackLoader:240 - Cannot read IP mode file for STMicroelectronics.X-CUBE-AZRTOS-F7.1.1.0
2024-08-07 14:31:50,822 [WARN] PackLoader:240 - Cannot read IP mode file for STMicroelectronics.FP-SNS-FLIGHT1.5.0.2
2024-08-07 14:31:50,836 [WARN] PackLoader:240 - Cannot read IP mode file for STMicroelectronics.X-CUBE-DISPLAY.3.0.0
2024-08-07 14:31:50,855 [WARN] PackLoader:240 - Cannot read IP mode file for STMicroelectronics.X-CUBE-BLE1.7.0.0
2024-08-07 14:31:50,862 [WARN] PackLoader:240 - Cannot read IP mode file for emotas.I-CUBE-CANOPEN.1.3.0
2024-08-07 14:31:50,875 [WARN] PackLoader:240 - Cannot read IP mode file for STMicroelectronics.X-CUBE-BLEMGR.3.1.0
2024-08-07 14:31:50,883 [WARN] PackLoader:240 - Cannot read IP mode file for STMicroelectronics.FP-SNS-SMARTAG2.1.2.0
2024-08-07 14:31:50,896 [INFO] LogOutputStream:77 - [STDOUT_REDIRECT] 1 : Invalid condition id : UX_CORESTACK_Condition cause : null
2024-08-07 14:31:50,898 [INFO] LogOutputStream:77 - [STDOUT_REDIRECT] 1 : Invalid condition id : UX_CORESTACK_Condition cause : null
2024-08-07 14:31:50,899 [INFO] LogOutputStream:77 - [STDOUT_REDIRECT] 1 : Invalid condition id : UX_CORESTACK_Condition cause : null
2024-08-07 14:31:50,900 [INFO] LogOutputStream:77 - [STDOUT_REDIRECT] 1 : Invalid condition id : UX_CORESTACK_Condition cause : null
2024-08-07 14:31:50,901 [INFO] LogOutputStream:77 - [STDOUT_REDIRECT] 1 : Invalid condition id : UX_CORESTACK_Condition cause : null
2024-08-07 14:31:50,906 [WARN] PackLoader:240 - Cannot read IP mode file for STMicroelectronics.X-CUBE-AZRTOS-WL.2.0.0
2024-08-07 14:31:50,920 [WARN] PackLoader:240 - Cannot read IP mode file for STMicroelectronics.FP-SNS-MOTENV1.5.0.0
2024-08-07 14:31:50,926 [WARN] PackLoader:240 - Cannot read IP mode file for wolfSSL.I-CUBE-wolfMQTT.1.19.0
2024-08-07 14:31:50,936 [WARN] PackLoader:240 - Cannot read IP mode file for WES.I-CUBE-Cesium.1.3.0
2024-08-07 14:31:50,944 [WARN] PackLoader:240 - Cannot read IP mode file for STMicroelectronics.X-CUBE-BLE2.3.3.0
2024-08-07 14:31:50,950 [WARN] PackLoader:240 - Cannot read IP mode file for STMicroelectronics.X-CUBE-TCPP.4.1.0
2024-08-07 14:31:50,976 [WARN] PackLoader:240 - Cannot read IP mode file for STMicroelectronics.X-CUBE-AZRTOS-G0.1.1.0
2024-08-07 14:31:50,991 [WARN] PackLoader:240 - Cannot read IP mode file for STMicroelectronics.X-CUBE-SAFEA1.1.2.2
2024-08-07 14:31:50,997 [WARN] PackLoader:240 - Cannot read IP mode file for STMicroelectronics.X-CUBE-NFC4.3.0.0
2024-08-07 14:31:51,012 [WARN] PackLoader:240 - Cannot read IP mode file for EmbeddedOffice.I-CUBE-FS-RTOS.1.0.1
2024-08-07 14:31:51,012 [ERROR] ConditionMgr:805 - Attr not supported : Dmpu
2024-08-07 14:31:51,012 [ERROR] ConditionMgr:805 - Attr not supported : Dmpu
2024-08-07 14:31:51,012 [ERROR] ConditionMgr:805 - Attr not supported : Dmpu
2024-08-07 14:31:51,012 [ERROR] ConditionMgr:805 - Attr not supported : Dmpu
2024-08-07 14:31:51,012 [ERROR] ConditionMgr:805 - Attr not supported : Dmpu
2024-08-07 14:31:51,012 [ERROR] ConditionMgr:805 - Attr not supported : Dmpu
2024-08-07 14:31:51,013 [ERROR] ConditionMgr:805 - Attr not supported : Dmpu
2024-08-07 14:31:51,013 [ERROR] ConditionMgr:805 - Attr not supported : Dmpu
2024-08-07 14:31:51,013 [ERROR] ConditionMgr:805 - Attr not supported : Dmpu
2024-08-07 14:31:51,013 [ERROR] ConditionMgr:805 - Attr not supported : Dmpu
2024-08-07 14:31:51,013 [ERROR] ConditionMgr:805 - Attr not supported : Dmpu
2024-08-07 14:31:51,013 [ERROR] ConditionMgr:805 - Attr not supported : Dmpu
2024-08-07 14:31:51,013 [ERROR] ConditionMgr:805 - Attr not supported : Dmpu
2024-08-07 14:31:51,013 [ERROR] ConditionMgr:805 - Attr not supported : Dmpu
2024-08-07 14:31:51,013 [ERROR] ConditionMgr:805 - Attr not supported : Dmpu
2024-08-07 14:31:51,013 [ERROR] ConditionMgr:805 - Attr not supported : Dmpu
2024-08-07 14:31:51,013 [ERROR] ConditionMgr:805 - Attr not supported : Dmpu
2024-08-07 14:31:51,013 [ERROR] ConditionMgr:805 - Attr not supported : Dmpu
2024-08-07 14:31:51,013 [ERROR] ConditionMgr:805 - Attr not supported : Dmpu
2024-08-07 14:31:51,013 [ERROR] ConditionMgr:805 - Attr not supported : Dmpu
2024-08-07 14:31:51,013 [ERROR] ConditionMgr:805 - Attr not supported : Dmpu
2024-08-07 14:31:51,013 [ERROR] ConditionMgr:805 - Attr not supported : Dmpu
2024-08-07 14:31:51,013 [ERROR] ConditionMgr:805 - Attr not supported : Dmpu
2024-08-07 14:31:51,014 [ERROR] ConditionMgr:805 - Attr not supported : Dmpu
2024-08-07 14:31:51,014 [ERROR] ConditionMgr:805 - Attr not supported : Dmpu
2024-08-07 14:31:51,014 [ERROR] ConditionMgr:805 - Attr not supported : Dmpu
2024-08-07 14:31:51,014 [ERROR] ConditionMgr:805 - Attr not supported : Dmpu
2024-08-07 14:31:51,014 [ERROR] ConditionMgr:805 - Attr not supported : Dmpu
2024-08-07 14:31:51,014 [ERROR] ConditionMgr:805 - Attr not supported : Dmpu
2024-08-07 14:31:51,014 [ERROR] ConditionMgr:805 - Attr not supported : Dmpu
2024-08-07 14:31:51,014 [ERROR] ConditionMgr:805 - Attr not supported : Dmpu
2024-08-07 14:31:51,014 [ERROR] ConditionMgr:805 - Attr not supported : Dmpu
2024-08-07 14:31:51,014 [ERROR] ConditionMgr:805 - Attr not supported : Dmpu
2024-08-07 14:31:51,014 [ERROR] ConditionMgr:805 - Attr not supported : Dmpu
2024-08-07 14:31:51,014 [ERROR] ConditionMgr:805 - Attr not supported : Dmpu
2024-08-07 14:31:51,014 [ERROR] ConditionMgr:805 - Attr not supported : Dmpu
2024-08-07 14:31:51,014 [ERROR] ConditionMgr:805 - Attr not supported : Dmpu
2024-08-07 14:31:51,014 [ERROR] ConditionMgr:805 - Attr not supported : Dmpu
2024-08-07 14:31:51,014 [ERROR] ConditionMgr:805 - Attr not supported : Dmpu
2024-08-07 14:31:51,015 [ERROR] ConditionMgr:805 - Attr not supported : Dmpu
2024-08-07 14:31:51,015 [ERROR] ConditionMgr:805 - Attr not supported : Dmpu
2024-08-07 14:31:51,015 [ERROR] ConditionMgr:805 - Attr not supported : Dmpu
2024-08-07 14:31:51,015 [ERROR] ConditionMgr:805 - Attr not supported : Dmpu
2024-08-07 14:31:51,015 [ERROR] ConditionMgr:805 - Attr not supported : Dmpu
2024-08-07 14:31:51,015 [ERROR] ConditionMgr:805 - Attr not supported : Dmpu
2024-08-07 14:31:51,015 [ERROR] ConditionMgr:805 - Attr not supported : Dmpu
2024-08-07 14:31:51,015 [ERROR] ConditionMgr:805 - Attr not supported : Dmpu
2024-08-07 14:31:51,015 [ERROR] ConditionMgr:805 - Attr not supported : Dmpu
2024-08-07 14:31:51,015 [ERROR] ConditionMgr:805 - Attr not supported : Dmpu
2024-08-07 14:31:51,015 [ERROR] ConditionMgr:805 - Attr not supported : Dmpu
2024-08-07 14:31:51,015 [ERROR] ConditionMgr:805 - Attr not supported : Dmpu
2024-08-07 14:31:51,015 [ERROR] ConditionMgr:805 - Attr not supported : Dmpu
2024-08-07 14:31:51,015 [ERROR] ConditionMgr:805 - Attr not supported : Dmpu
2024-08-07 14:31:51,015 [ERROR] ConditionMgr:805 - Attr not supported : Dmpu
2024-08-07 14:31:51,015 [ERROR] ConditionMgr:805 - Attr not supported : Dmpu
2024-08-07 14:31:51,015 [ERROR] ConditionMgr:805 - Attr not supported : Dmpu
2024-08-07 14:31:51,016 [ERROR] ConditionMgr:805 - Attr not supported : Dmpu
2024-08-07 14:31:51,016 [ERROR] ConditionMgr:805 - Attr not supported : Dmpu
2024-08-07 14:31:51,016 [ERROR] ConditionMgr:805 - Attr not supported : Dmpu
2024-08-07 14:31:51,016 [ERROR] ConditionMgr:805 - Attr not supported : Dmpu
2024-08-07 14:31:51,016 [ERROR] ConditionMgr:805 - Attr not supported : Dmpu
2024-08-07 14:31:51,016 [ERROR] ConditionMgr:805 - Attr not supported : Dmpu
2024-08-07 14:31:51,016 [ERROR] ConditionMgr:805 - Attr not supported : Dmpu
2024-08-07 14:31:51,016 [ERROR] ConditionMgr:805 - Attr not supported : Dmpu
2024-08-07 14:31:51,022 [WARN] PackLoader:240 - Cannot read IP mode file for RealThread.X-CUBE-RT-Thread_Nano.4.1.1
2024-08-07 14:31:51,027 [WARN] PackLoader:240 - Cannot read IP mode file for wolfSSL.I-CUBE-wolfSSL.5.7.0
2024-08-07 14:31:51,031 [WARN] PackLoader:240 - Cannot read IP mode file for STMicroelectronics.FP-ATR-SIGFOX1.3.2.0
2024-08-07 14:31:51,039 [WARN] PackLoader:240 - Cannot read IP mode file for STMicroelectronics.X-CUBE-EEPRMA1.5.1.0
2024-08-07 14:31:51,049 [WARN] PackLoader:240 - Cannot read IP mode file for ITTIA_DB.I-CUBE-ITTIADB.8.9.0
2024-08-07 14:31:51,087 [WARN] PackLoader:240 - Cannot read IP mode file for SEGGER.I-CUBE-embOS.1.3.1
2024-08-07 14:31:51,145 [WARN] PackLoader:240 - Cannot read IP mode file for STMicroelectronics.X-CUBE-ALGOBUILD.1.4.0
2024-08-07 14:31:51,181 [WARN] PackLoader:240 - Cannot read IP mode file for STMicroelectronics.X-CUBE-GNSS1.6.0.0
2024-08-07 14:31:51,204 [WARN] PackLoader:240 - Cannot read IP mode file for STMicroelectronics.X-CUBE-AZRTOS-F4.1.1.0
2024-08-07 14:31:51,215 [WARN] PackLoader:240 - Cannot read IP mode file for STMicroelectronics.X-CUBE-FREERTOS.1.2.0
2024-08-07 14:31:51,233 [WARN] PackLoader:240 - Cannot read IP mode file for STMicroelectronics.X-CUBE-AZRTOS-L5.2.0.0
2024-08-07 14:31:51,243 [WARN] PackLoader:240 - Cannot read IP mode file for STMicroelectronics.X-CUBE-NFC6.3.1.0
2024-08-07 14:31:51,253 [WARN] PackLoader:240 - Cannot read IP mode file for STMicroelectronics.X-CUBE-DPower.1.2.0
2024-08-07 14:31:51,259 [WARN] PackLoader:240 - Cannot read IP mode file for STMicroelectronics.X-CUBE-AI.9.0.0
2024-08-07 14:31:51,264 [WARN] PackLoader:240 - Cannot read IP mode file for STMicroelectronics.X-CUBE-NFC7.1.0.1
2024-08-07 14:31:51,269 [WARN] PackLoader:240 - Cannot read IP mode file for wolfSSL.I-CUBE-wolfTPM.3.2.0
2024-08-07 14:31:51,288 [WARN] ConditionMgr:438 - getConditionDescription Invalid condition id : LAN8742 Phy interface Condition cause : null
2024-08-07 14:31:51,289 [WARN] PackLoader:240 - Cannot read IP mode file for STMicroelectronics.X-CUBE-AZRTOS-L4.2.0.0
2024-08-07 14:31:51,291 [WARN] ConditionMgr:1039 - genDependencies : Invalid condition id : LAN8742 Phy interface Condition cause : null
2024-08-07 14:31:51,292 [WARN] ConditionMgr:1039 - genDependencies : Invalid condition id : LAN8742 Phy interface Condition cause : null
2024-08-07 14:31:51,292 [WARN] ConditionMgr:1039 - genDependencies : Invalid condition id : LAN8742 Phy interface Condition cause : null
2024-08-07 14:31:51,301 [WARN] PackLoader:240 - Cannot read IP mode file for STMicroelectronics.X-CUBE-SFXS2LP1.4.0.0
2024-08-07 14:31:51,316 [WARN] ConditionMgr:438 - getConditionDescription Invalid condition id : UX DEVICE CLASS RTOS Condition cause : null
2024-08-07 14:31:51,316 [WARN] ConditionMgr:438 - getConditionDescription Invalid condition id : UX DEVICE CLASS RTOS Condition cause : null
2024-08-07 14:31:51,319 [WARN] PackLoader:240 - Cannot read IP mode file for STMicroelectronics.X-CUBE-AZRTOS-WB.2.0.0
2024-08-07 14:31:51,319 [WARN] ConditionMgr:1039 - genDependencies : Invalid condition id : UX DEVICE CLASS RTOS Condition cause : null
2024-08-07 14:31:51,320 [WARN] ConditionMgr:1039 - genDependencies : Invalid condition id : UX DEVICE CLASS RTOS Condition cause : null
2024-08-07 14:31:51,320 [WARN] ConditionMgr:1039 - genDependencies : Invalid condition id : UX DEVICE CLASS RTOS Condition cause : null
2024-08-07 14:31:51,320 [WARN] ConditionMgr:1039 - genDependencies : Invalid condition id : UX DEVICE CLASS RTOS Condition cause : null
2024-08-07 14:31:51,321 [WARN] ConditionMgr:1039 - genDependencies : Invalid condition id : UX DEVICE CLASS RTOS Condition cause : null
2024-08-07 14:31:51,330 [WARN] PackLoader:240 - Cannot read IP mode file for STMicroelectronics.FP-SNS-STBOX1.2.0.0
2024-08-07 14:31:51,346 [WARN] PackLoader:240 - Cannot read IP mode file for STMicroelectronics.X-CUBE-SUBG2.5.0.0
2024-08-07 14:31:51,360 [WARN] PackLoader:240 - Cannot read IP mode file for Cesanta.I-CUBE-Mongoose.7.13.0
2024-08-07 14:31:51,377 [WARN] PackLoader:240 - Cannot read IP mode file for STMicroelectronics.X-CUBE-AZRTOS-G4.2.0.0
2024-08-07 14:31:51,390 [WARN] PackLoader:240 - Cannot read IP mode file for STMicroelectronics.X-CUBE-ISPU.2.0.0
2024-08-07 14:31:51,395 [WARN] PackLoader:240 - Cannot read IP mode file for STMicroelectronics.X-CUBE-ALS.1.0.2
2024-08-07 14:31:51,441 [WARN] PackLoader:240 - Cannot read IP mode file for STMicroelectronics.X-CUBE-MEMS1.10.0.0
2024-08-07 14:31:51,635 [WARN] PackLoader:240 - Cannot read IP mode file for STMicroelectronics.X-CUBE-TOUCHGFX.4.24.0
2024-08-07 14:31:51,752 [WARN] PackLoader:240 - Cannot read IP mode file for portGmbH.I-Cube-SoM-uGOAL.1.1.0
2024-08-07 14:31:51,777 [WARN] PackLoader:240 - Cannot read IP mode file for STMicroelectronics.X-CUBE-AZRTOS-H7RS.1.0.0
2024-08-07 14:31:51,784 [WARN] PackLoader:240 - Cannot read IP mode file for STMicroelectronics.FP-ATR-ASTRA1.2.0.0
2024-08-07 14:31:51,795 [WARN] PackLoader:240 - Cannot read IP mode file for STMicroelectronics.X-CUBE-TOF1.3.4.2
2024-08-07 14:31:51,813 [WARN] PackLoader:240 - Cannot read IP mode file for STMicroelectronics.X-CUBE-TOF1.3.4.1
2024-08-07 14:31:51,841 [WARN] PackLoader:240 - Cannot read IP mode file for STMicroelectronics.X-CUBE-AZRTOS-H7.3.2.0
2024-08-07 14:31:51,862 [WARN] PackLoader:240 - Cannot read IP mode file for Infineon.AIROC-Wi-Fi-Bluetooth-STM32.1.6.0
2024-08-07 14:31:51,874 [WARN] PackLoader:240 - Cannot read IP mode file for wolfSSL.I-CUBE-wolfSSH.1.4.17
2024-08-07 14:31:51,875 [INFO] ThirdParty:978 - Integrity check success = true
2024-08-07 14:31:51,875 [INFO] IntegrityCheckThread:100 - exiting critical section [integrity check]
2024-08-07 14:31:51,875 [INFO] IntegrityCheckThread:103 - End integrity checks thread
2024-08-07 14:31:52,253 [INFO] WebApp:448 - Apply proxy settings
2024-08-07 14:31:52,253 [INFO] WebApp:533 - Chromium requires no authentication
2024-08-07 14:31:52,266 [INFO] WebApp:476 - Direct internet connection detected
2024-08-07 14:31:52,295 [INFO] WebApp:869 - Register for checkConnection events
2024-08-07 14:31:52,296 [INFO] WebApp:448 - Apply proxy settings
2024-08-07 14:31:52,296 [INFO] WebApp:533 - Chromium requires no authentication
2024-08-07 14:31:52,296 [INFO] WebApp:476 - Direct internet connection detected
2024-08-07 14:31:52,528 [INFO] WebApp:220 - Starting web application
2024-08-07 14:31:52,528 [INFO] WebApp:578 - Web application path used C:\ST\STM32CubeIDE_1.16.0\STM32CubeIDE\plugins\com.st.stm32cube.common.mx_6.12.0.202406281431\db\plugins\mcufinder\reactClient1\index.html
2024-08-07 14:31:52,680 [INFO] UserAuth:417 - Internet connection configuration mode: 1
2024-08-07 14:31:52,944 [INFO] WebApp:186 - Connection restablished
2024-08-07 17:31:56,643 [INFO] WebApp:388 - JxBrowser engine has been closed 
