2023-05-20 13:57:12,368 [INFO] Activator:176 - 


2023-05-20 13:57:12,375 [INFO] Activator:177 - !SESSION log4j initialized
2023-05-20 13:57:23,071 [INFO] LogOutputStream:77 - [STDOUT_REDIRECT] 
2023-05-20 13:58:02,166 [ERROR] LogOutputStream:75 - [STDERR_REDIRECT] SLF4J: Failed to load class "org.slf4j.impl.StaticLoggerBinder".
2023-05-20 13:58:02,166 [ERROR] LogOutputStream:75 - [STDERR_REDIRECT] SLF4J: Defaulting to no-operation (NOP) logger implementation
2023-05-20 13:58:02,171 [ERROR] LogOutputStream:75 - [STDERR_REDIRECT] SLF4J: See http://www.slf4j.org/codes.html#StaticLoggerBinder for further details.
2023-05-20 14:02:52,317 [INFO] ApplicationProperties:184 - Using Application install path: C:\ST\STM32CubeIDE_1.12.0\STM32CubeIDE\plugins\com.st.stm32cube.common.mx_6.8.1.202304191431
2023-05-20 14:02:52,339 [INFO] DbMcusXml:78 - Set database path to: C:\ST\STM32CubeIDE_1.12.0\STM32CubeIDE\plugins\com.st.stm32cube.common.mx_6.8.1.202304191431\\db\/mcu/
2023-05-20 14:02:52,340 [INFO] ApiDb:274 - Set plugin database path to: C:\ST\STM32CubeIDE_1.12.0\STM32CubeIDE\plugins\com.st.stm32cube.common.mx_6.8.1.202304191431\\db\/plugins/boardmanager/
2023-05-20 14:02:52,342 [WARN] ApiDb:259 - Overriding images path with different value:  => C:\ST\STM32CubeIDE_1.12.0\STM32CubeIDE\plugins\com.st.stm32cube.common.mx_6.8.1.202304191431\\db\/plugins/mcufinder/images/
2023-05-20 14:02:52,359 [INFO] ApiDb:250 - Set database path to: C:\Users\user\.stmcufinder\plugins\mcufinder//mcu/
2023-05-20 14:02:52,365 [INFO] DbMcusAds:125 - Set database path to: C:\Users\user\.stmcufinder\plugins\mcufinder//mcu/
2023-05-20 14:02:52,400 [INFO] CrossReferenceDbSqlite:203 - Set database path to: C:\Users\user\.stmcufinder\plugins\mcufinder//mcu/cs/
2023-05-20 14:02:52,505 [INFO] RulesReader:64 - Compatibility file has been processed (293 Rules)
2023-05-20 14:02:52,573 [INFO] DbMcusXml:78 - Set database path to: C:\ST\STM32CubeIDE_1.12.0\STM32CubeIDE\plugins\com.st.stm32cube.common.mx_6.8.1.202304191431\\db\/mcu/
2023-05-20 14:02:52,573 [INFO] ApiDb:274 - Set plugin database path to: C:\ST\STM32CubeIDE_1.12.0\STM32CubeIDE\plugins\com.st.stm32cube.common.mx_6.8.1.202304191431\\db\/plugins/boardmanager/
2023-05-20 14:02:52,573 [INFO] ApiDb:261 - Set plugin images path to: C:\ST\STM32CubeIDE_1.12.0\STM32CubeIDE\plugins\com.st.stm32cube.common.mx_6.8.1.202304191431\\db\/plugins/mcufinder/images/
2023-05-20 14:02:52,573 [WARN] DbFile:41 - Overriding database path with different value: C:\Users\user\.stmcufinder\plugins\mcufinder/ => C:\Users\user\.stmcufinder\plugins\mcufinder
2023-05-20 14:02:52,573 [INFO] ApiDb:250 - Set database path to: C:\Users\user\.stmcufinder\plugins\mcufinder//mcu/
2023-05-20 14:02:52,573 [WARN] DbFile:41 - Overriding database path with different value: C:\Users\user\.stmcufinder\plugins\mcufinder/ => C:\Users\user\.stmcufinder\plugins\mcufinder
2023-05-20 14:02:52,579 [INFO] DbMcusAds:125 - Set database path to: C:\Users\user\.stmcufinder\plugins\mcufinder//mcu/
2023-05-20 14:02:52,579 [WARN] DbFile:41 - Overriding database path with different value: C:\Users\user\.stmcufinder\plugins\mcufinder/ => C:\Users\user\.stmcufinder\plugins\mcufinder
2023-05-20 14:02:52,579 [WARN] DbFile:41 - Overriding database path with different value: C:\Users\user\.stmcufinder\plugins\mcufinder/ => C:\Users\user\.stmcufinder\plugins\mcufinder
2023-05-20 14:02:52,579 [INFO] CrossReferenceDbSqlite:203 - Set database path to: C:\Users\user\.stmcufinder\plugins\mcufinder//mcu/cs/
2023-05-20 14:02:52,655 [INFO] MainPanel:253 - HeapMemory: 484442112
2023-05-20 14:02:52,756 [INFO] DbMcusXml:78 - Set database path to: C:\ST\STM32CubeIDE_1.12.0\STM32CubeIDE\plugins\com.st.stm32cube.common.mx_6.8.1.202304191431\\db\/mcu/
2023-05-20 14:02:52,756 [INFO] ApiDb:274 - Set plugin database path to: C:\ST\STM32CubeIDE_1.12.0\STM32CubeIDE\plugins\com.st.stm32cube.common.mx_6.8.1.202304191431\\db\/plugins/boardmanager/
2023-05-20 14:02:52,756 [INFO] ApiDb:261 - Set plugin images path to: C:\ST\STM32CubeIDE_1.12.0\STM32CubeIDE\plugins\com.st.stm32cube.common.mx_6.8.1.202304191431\\db\/plugins/mcufinder/images/
2023-05-20 14:02:52,756 [WARN] DbFile:41 - Overriding database path with different value: C:\Users\user\.stmcufinder\plugins\mcufinder/ => C:\Users\user\.stmcufinder\plugins\mcufinder
2023-05-20 14:02:52,756 [INFO] ApiDb:250 - Set database path to: C:\Users\user\.stmcufinder\plugins\mcufinder//mcu/
2023-05-20 14:02:52,756 [WARN] DbFile:41 - Overriding database path with different value: C:\Users\user\.stmcufinder\plugins\mcufinder/ => C:\Users\user\.stmcufinder\plugins\mcufinder
2023-05-20 14:02:52,756 [INFO] DbMcusAds:125 - Set database path to: C:\Users\user\.stmcufinder\plugins\mcufinder//mcu/
2023-05-20 14:02:52,756 [WARN] DbFile:41 - Overriding database path with different value: C:\Users\user\.stmcufinder\plugins\mcufinder/ => C:\Users\user\.stmcufinder\plugins\mcufinder
2023-05-20 14:02:52,756 [WARN] DbFile:41 - Overriding database path with different value: C:\Users\user\.stmcufinder\plugins\mcufinder/ => C:\Users\user\.stmcufinder\plugins\mcufinder
2023-05-20 14:02:52,756 [INFO] CrossReferenceDbSqlite:203 - Set database path to: C:\Users\user\.stmcufinder\plugins\mcufinder//mcu/cs/
2023-05-20 14:02:52,773 [INFO] ApplicationProperties:184 - Using Application install path: C:\ST\STM32CubeIDE_1.12.0\STM32CubeIDE\plugins\com.st.stm32cube.common.mx_6.8.1.202304191431
2023-05-20 14:02:52,775 [INFO] PluginManage:196 - Search for loadable plugins [exclusion list=, ]
2023-05-20 14:02:52,777 [INFO] PluginManage:310 - Check plugin analytics
2023-05-20 14:02:52,943 [INFO] AnalyticsPlugin:253 - Accepted Software Licenses: STM32CubeMX.6.8.0,STM32CubeMX.6.8.1
2023-05-20 14:02:52,943 [INFO] AnalyticsPlugin:255 - Accepted CMSIS Pack Licenses: emotas.I-CUBE-CANOPEN.1.1.3
2023-05-20 14:02:52,943 [INFO] AnalyticsPlugin:257 - Accepted Firmware Licenses: FW.H7.1.11.0,FW.G0.1.6.0,FW.F4.1.27.0
2023-05-20 14:02:52,952 [INFO] PluginManage:359 - Loaded plugin analytics (category:tool,tabindex:-1)
2023-05-20 14:02:52,952 [INFO] PluginManage:310 - Check plugin cadmodel
2023-05-20 14:02:52,963 [INFO] CADModel:105 - Init CAD model plugin
2023-05-20 14:02:52,963 [INFO] PluginManage:359 - Loaded plugin cadmodel (category:power,tabindex:5)
2023-05-20 14:02:52,963 [INFO] PluginManage:310 - Check plugin clock
2023-05-20 14:02:52,988 [INFO] PluginManage:359 - Loaded plugin clock (category:base,tabindex:2)
2023-05-20 14:02:52,988 [INFO] PluginManage:310 - Check plugin ddr
2023-05-20 14:02:52,990 [INFO] PluginManage:359 - Loaded plugin ddr (category:tool,tabindex:6)
2023-05-20 14:02:52,991 [INFO] PluginManage:310 - Check plugin filemanager
2023-05-20 14:02:53,133 [INFO] PluginManage:359 - Loaded plugin filemanager (category:base,tabindex:10)
2023-05-20 14:02:53,133 [INFO] PluginManage:310 - Check plugin ipmanager
2023-05-20 14:02:53,143 [INFO] PluginManage:359 - Loaded plugin ipmanager (category:base,tabindex:5)
2023-05-20 14:02:53,143 [INFO] PluginManage:310 - Check plugin lpbam
2023-05-20 14:02:53,170 [INFO] PluginManage:359 - Loaded plugin lpbam (category:base,tabindex:0)
2023-05-20 14:02:53,170 [INFO] PluginManage:310 - Check plugin pinoutandconfiguration
2023-05-20 14:02:53,190 [INFO] PluginManage:359 - Loaded plugin pinoutandconfiguration (category:base,tabindex:1)
2023-05-20 14:02:53,190 [INFO] PluginManage:310 - Check plugin pinoutconfig
2023-05-20 14:02:53,290 [WARN] SupportedApi:132 - Cannot load RTOS API schema: s4s-elt-must-match.1: The content of 'definitions' must match (annotation?, (simpleType | complexType)?, (unique | key | keyref)*)). A problem was found starting at: attribute.
2023-05-20 14:02:53,419 [INFO] PluginManage:359 - Loaded plugin pinoutconfig (category:base,tabindex:0)
2023-05-20 14:02:53,419 [INFO] PluginManage:310 - Check plugin power
2023-05-20 14:02:53,443 [INFO] PluginManage:359 - Loaded plugin power (category:power,tabindex:4)
2023-05-20 14:02:53,443 [INFO] PluginManage:310 - Check plugin projectmanager
2023-05-20 14:02:53,456 [INFO] PluginManage:359 - Loaded plugin projectmanager (category:projectmanager,tabindex:3)
2023-05-20 14:02:53,457 [INFO] PluginManage:310 - Check plugin thirdparty
2023-05-20 14:02:53,692 [INFO] PluginManage:359 - Loaded plugin thirdparty (category:base,tabindex:-1)
2023-05-20 14:02:53,692 [INFO] PluginManage:310 - Check plugin tools
2023-05-20 14:02:53,692 [WARN] IntegrityCheckThread:84 - waiting for thirdparty lock release [integrity check]
2023-05-20 14:02:53,692 [INFO] IntegrityCheckThread:86 - entering critical section [integrity check]
2023-05-20 14:02:53,696 [INFO] ThirdPartyUpdaterWithRetryManager:70 - Updater plugin not ready yet. [1/15]
2023-05-20 14:02:53,714 [INFO] PluginManage:359 - Loaded plugin tools (category:base,tabindex:7)
2023-05-20 14:02:53,714 [INFO] PluginManage:310 - Check plugin tutovideos
2023-05-20 14:02:53,919 [INFO] PluginManage:359 - Loaded plugin tutovideos (category:base,tabindex:-1)
2023-05-20 14:02:53,919 [INFO] PluginManage:310 - Check plugin updater
2023-05-20 14:02:53,935 [INFO] PluginManage:359 - Loaded plugin updater (category:base,tabindex:12)
2023-05-20 14:02:53,935 [INFO] PluginManage:283 - PluginManage : Loaded plugins [15]
2023-05-20 14:02:54,213 [INFO] PinOutPanel:1499 - setPackage(No Configuration,No Configuration)
2023-05-20 14:02:54,296 [INFO] CADModel:165 - CPN selected for project level
2023-05-20 14:02:54,296 [INFO] CADModel:114 - Register for checkConnection events
2023-05-20 14:02:54,327 [INFO] IPUIPlugin:80 - create IPUIPlugin
2023-05-20 14:02:54,329 [INFO] PluginManager:220 - loadIPPluginJar : add adc
2023-05-20 14:02:54,369 [INFO] IPUIPlugin:80 - create IPUIPlugin
2023-05-20 14:02:54,369 [INFO] PluginManager:220 - loadIPPluginJar : add aes
2023-05-20 14:02:54,409 [INFO] IPUIPlugin:80 - create IPUIPlugin
2023-05-20 14:02:54,409 [INFO] PluginManager:220 - loadIPPluginJar : add can
2023-05-20 14:02:54,431 [INFO] IPUIPlugin:80 - create IPUIPlugin
2023-05-20 14:02:54,431 [INFO] PluginManager:220 - loadIPPluginJar : add comp
2023-05-20 14:02:54,455 [INFO] IPUIPlugin:80 - create IPUIPlugin
2023-05-20 14:02:54,455 [INFO] PluginManager:220 - loadIPPluginJar : add cryp
2023-05-20 14:02:54,481 [INFO] IPUIPlugin:80 - create IPUIPlugin
2023-05-20 14:02:54,481 [INFO] PluginManager:220 - loadIPPluginJar : add dfsdm
2023-05-20 14:02:54,499 [INFO] IPUIPlugin:80 - create IPUIPlugin
2023-05-20 14:02:54,499 [INFO] PluginManager:220 - loadIPPluginJar : add dma
2023-05-20 14:02:54,532 [INFO] IPUIPlugin:80 - create IPUIPlugin
2023-05-20 14:02:54,532 [INFO] PluginManager:220 - loadIPPluginJar : add dma3
2023-05-20 14:02:54,555 [INFO] IPUIPlugin:80 - create IPUIPlugin
2023-05-20 14:02:54,555 [INFO] PluginManager:220 - loadIPPluginJar : add fatfs
2023-05-20 14:02:54,589 [INFO] IPUIPlugin:80 - create IPUIPlugin
2023-05-20 14:02:54,589 [INFO] PluginManager:220 - loadIPPluginJar : add fmc
2023-05-20 14:02:54,612 [INFO] IPUIPlugin:80 - create IPUIPlugin
2023-05-20 14:02:54,612 [INFO] PluginManager:220 - loadIPPluginJar : add freertos
2023-05-20 14:02:54,651 [INFO] IPUIPlugin:80 - create IPUIPlugin
2023-05-20 14:02:54,651 [INFO] PluginManager:220 - loadIPPluginJar : add genericplugin
2023-05-20 14:02:54,747 [INFO] IPUIPlugin:80 - create IPUIPlugin
2023-05-20 14:02:54,747 [INFO] PluginManager:220 - loadIPPluginJar : add gfxmmu
2023-05-20 14:02:54,863 [INFO] IPUIPlugin:80 - create IPUIPlugin
2023-05-20 14:02:54,863 [INFO] PluginManager:220 - loadIPPluginJar : add gic
2023-05-20 14:02:54,875 [INFO] IPUIPlugin:80 - create IPUIPlugin
2023-05-20 14:02:54,875 [INFO] PluginManager:220 - loadIPPluginJar : add gpio
2023-05-20 14:02:54,962 [INFO] IPUIPlugin:80 - create IPUIPlugin
2023-05-20 14:02:54,962 [INFO] PluginManager:220 - loadIPPluginJar : add gtzc
2023-05-20 14:02:54,990 [INFO] IPUIPlugin:80 - create IPUIPlugin
2023-05-20 14:02:54,990 [INFO] PluginManager:220 - loadIPPluginJar : add hash
2023-05-20 14:02:55,032 [INFO] IPUIPlugin:80 - create IPUIPlugin
2023-05-20 14:02:55,032 [INFO] PluginManager:220 - loadIPPluginJar : add i2c
2023-05-20 14:02:55,059 [INFO] IPUIPlugin:80 - create IPUIPlugin
2023-05-20 14:02:55,059 [INFO] PluginManager:220 - loadIPPluginJar : add i2s
2023-05-20 14:02:55,089 [INFO] IPUIPlugin:80 - create IPUIPlugin
2023-05-20 14:02:55,097 [INFO] PluginManager:220 - loadIPPluginJar : add i3c
2023-05-20 14:02:55,181 [INFO] IPUIPlugin:80 - create IPUIPlugin
2023-05-20 14:02:55,181 [INFO] PluginManager:220 - loadIPPluginJar : add ipddr
2023-05-20 14:02:55,260 [INFO] IPUIPlugin:80 - create IPUIPlugin
2023-05-20 14:02:55,260 [INFO] PluginManager:220 - loadIPPluginJar : add linkedlist
2023-05-20 14:02:55,287 [INFO] IPUIPlugin:80 - create IPUIPlugin
2023-05-20 14:02:55,287 [INFO] PluginManager:220 - loadIPPluginJar : add lorawan
2023-05-20 14:02:55,317 [INFO] IPUIPlugin:80 - create IPUIPlugin
2023-05-20 14:02:55,317 [INFO] PluginManager:220 - loadIPPluginJar : add ltdc
2023-05-20 14:02:55,330 [INFO] IPUIPlugin:80 - create IPUIPlugin
2023-05-20 14:02:55,330 [INFO] PluginManager:220 - loadIPPluginJar : add mdma
2023-05-20 14:02:55,339 [INFO] IPUIPlugin:80 - create IPUIPlugin
2023-05-20 14:02:55,339 [INFO] PluginManager:220 - loadIPPluginJar : add nvic
2023-05-20 14:02:55,369 [INFO] IPUIPlugin:80 - create IPUIPlugin
2023-05-20 14:02:55,369 [INFO] PluginManager:220 - loadIPPluginJar : add opamp
2023-05-20 14:02:55,413 [INFO] IPUIPlugin:80 - create IPUIPlugin
2023-05-20 14:02:55,413 [INFO] PluginManager:220 - loadIPPluginJar : add openamp
2023-05-20 14:02:55,449 [INFO] IPUIPlugin:80 - create IPUIPlugin
2023-05-20 14:02:55,449 [INFO] PluginManager:220 - loadIPPluginJar : add pdm2pcm
2023-05-20 14:02:55,463 [INFO] IPUIPlugin:80 - create IPUIPlugin
2023-05-20 14:02:55,463 [INFO] PluginManager:220 - loadIPPluginJar : add plateformsettings
2023-05-20 14:02:55,481 [INFO] IPUIPlugin:80 - create IPUIPlugin
2023-05-20 14:02:55,481 [INFO] PluginManager:220 - loadIPPluginJar : add quadspi
2023-05-20 14:02:55,493 [INFO] IPUIPlugin:80 - create IPUIPlugin
2023-05-20 14:02:55,493 [INFO] PluginManager:220 - loadIPPluginJar : add resmgrutility
2023-05-20 14:02:55,532 [INFO] IPUIPlugin:80 - create IPUIPlugin
2023-05-20 14:02:55,532 [INFO] PluginManager:220 - loadIPPluginJar : add sai
2023-05-20 14:02:55,559 [INFO] IPUIPlugin:80 - create IPUIPlugin
2023-05-20 14:02:55,559 [INFO] PluginManager:220 - loadIPPluginJar : add spi
2023-05-20 14:02:55,603 [INFO] IPUIPlugin:80 - create IPUIPlugin
2023-05-20 14:02:55,603 [INFO] PluginManager:220 - loadIPPluginJar : add stm32_wpan
2023-05-20 14:02:55,625 [INFO] IPUIPlugin:80 - create IPUIPlugin
2023-05-20 14:02:55,625 [INFO] PluginManager:220 - loadIPPluginJar : add tim
2023-05-20 14:02:55,667 [INFO] IPUIPlugin:80 - create IPUIPlugin
2023-05-20 14:02:55,667 [INFO] PluginManager:220 - loadIPPluginJar : add touchsensing
2023-05-20 14:02:55,683 [INFO] IPUIPlugin:80 - create IPUIPlugin
2023-05-20 14:02:55,683 [INFO] PluginManager:220 - loadIPPluginJar : add tracer_emb
2023-05-20 14:02:55,705 [INFO] IPUIPlugin:80 - create IPUIPlugin
2023-05-20 14:02:55,705 [INFO] PluginManager:220 - loadIPPluginJar : add ts
2023-05-20 14:02:55,719 [INFO] IPUIPlugin:80 - create IPUIPlugin
2023-05-20 14:02:55,719 [INFO] PluginManager:220 - loadIPPluginJar : add tsc
2023-05-20 14:02:55,740 [INFO] IPUIPlugin:80 - create IPUIPlugin
2023-05-20 14:02:55,741 [INFO] PluginManager:220 - loadIPPluginJar : add ucpd
2023-05-20 14:02:55,778 [INFO] IPUIPlugin:80 - create IPUIPlugin
2023-05-20 14:02:55,778 [INFO] PluginManager:220 - loadIPPluginJar : add usart
2023-05-20 14:02:55,812 [INFO] IPUIPlugin:80 - create IPUIPlugin
2023-05-20 14:02:55,812 [INFO] PluginManager:220 - loadIPPluginJar : add usbx
2023-05-20 14:02:55,941 [INFO] CADModel:165 - CPN selected for project level
2023-05-20 14:02:55,941 [INFO] CADModel:114 - Register for checkConnection events
2023-05-20 14:02:55,943 [FATAL] Updater:308 - Updater called before beeing initialized
2023-05-20 14:02:55,943 [ERROR] CADModel:125 - Updater not yet initialized, retry later 
2023-05-20 14:02:56,141 [INFO] CADModel:165 - CPN selected for project level
2023-05-20 14:02:56,141 [INFO] CADModel:114 - Register for checkConnection events
2023-05-20 14:02:56,141 [FATAL] Updater:308 - Updater called before beeing initialized
2023-05-20 14:02:56,141 [ERROR] CADModel:125 - Updater not yet initialized, retry later 
2023-05-20 14:02:56,142 [FATAL] Updater:308 - Updater called before beeing initialized
2023-05-20 14:02:56,259 [FATAL] Updater:308 - Updater called before beeing initialized
2023-05-20 14:02:56,272 [INFO] DbMcusAds:53 - JSON generation date=Tue Mar 07 15:50:54 ICT 2023 (1678179054945)
2023-05-20 14:02:56,272 [FATAL] Updater:308 - Updater called before beeing initialized
2023-05-20 14:02:56,333 [WARN] DetailPanel:346 - Failed to get advertising image, set to default
2023-05-20 14:02:56,422 [FATAL] Updater:308 - Updater called before beeing initialized
2023-05-20 14:02:56,422 [FATAL] Updater:308 - Updater called before beeing initialized
2023-05-20 14:02:56,422 [FATAL] Updater:308 - Updater called before beeing initialized
2023-05-20 14:02:56,422 [WARN] DetailPanel:346 - Failed to get advertising image, set to default
2023-05-20 14:02:56,422 [FATAL] Updater:308 - Updater called before beeing initialized
2023-05-20 14:02:56,476 [ERROR] Updater:1120 - MainUpdater not yet initialized. External WinMGr cannot be set.
2023-05-20 14:02:56,481 [INFO] Updater:1056 - Updater Version found : 6.8.1
2023-05-20 14:02:56,502 [INFO] ApplicationProperties:184 - Using Application install path: C:\ST\STM32CubeIDE_1.12.0\STM32CubeIDE\plugins\com.st.stm32cube.common.mx_6.8.1.202304191431
2023-05-20 14:02:56,711 [INFO] ThirdPartyUpdaterWithRetryManager:70 - Updater plugin not ready yet. [2/15]
2023-05-20 14:02:57,099 [INFO] MainUpdater:2854 - connection check result : 10
2023-05-20 14:02:57,104 [INFO] MainUpdater:283 - Updater Check For Update Now.
2023-05-20 14:02:57,104 [INFO] MicroXplorer:498 - Change Database Version : DB.6.0.81
2023-05-20 14:02:57,364 [INFO] CheckServerUpdateThread:120 - End of CheckServer Thread
2023-05-20 14:02:57,568 [INFO] MainUpdater:2854 - connection check result : 10
2023-05-20 14:02:57,574 [INFO] MainUpdater:2854 - connection check result : 10
2023-05-20 14:02:57,729 [INFO] MicroXplorer:468 - Change Database Path : 
2023-05-20 14:02:57,729 [INFO] MicroXplorer:498 - Change Database Version : DB.6.0.81
2023-05-20 14:02:57,729 [WARN] ThirdParty:871 - waiting for thirdparty lock release [close project]
2023-05-20 14:02:59,900 [WARN] PackLoader:240 - Cannot read IP mode file for STMicroelectronics.X-CUBE-GNSS1.6.0.0
2023-05-20 14:02:59,949 [WARN] PackLoader:240 - Cannot read IP mode file for STMicroelectronics.X-CUBE-AZRTOS-F4.1.1.0
2023-05-20 14:02:59,989 [WARN] PackLoader:240 - Cannot read IP mode file for STMicroelectronics.X-CUBE-SMBUS.2.1.0
2023-05-20 14:03:00,012 [WARN] PackLoader:240 - Cannot read IP mode file for wolfSSL.I-CUBE-wolfSSL.5.6.0
2023-05-20 14:03:00,119 [WARN] PackLoader:240 - Cannot read IP mode file for STMicroelectronics.X-CUBE-AZRTOS-F7.1.1.0
2023-05-20 14:03:00,252 [WARN] PackLoader:240 - Cannot read IP mode file for STMicroelectronics.X-CUBE-MEMS1.9.6.0
2023-05-20 14:03:01,249 [ERROR] RealEvaluatedCondition:428 - Found unsupported composite condition: CLASS='Data Exchange' GROUP='STM32_MetaDataManager'
2023-05-20 14:03:01,249 [ERROR] RealEvaluatedCondition:428 - Found unsupported composite condition: CLASS='Data Exchange' GROUP='STM32_MetaDataManager'
2023-05-20 14:03:01,249 [WARN] PackLoader:240 - Cannot read IP mode file for STMicroelectronics.FP-SNS-MOTENV1.4.3.0
2023-05-20 14:03:01,315 [WARN] PackLoader:240 - Cannot read IP mode file for STMicroelectronics.FP-SNS-FLIGHT1.5.0.0
2023-05-20 14:03:01,334 [WARN] PackLoader:240 - Cannot read IP mode file for STMicroelectronics.X-CUBE-BLE1.6.2.4
2023-05-20 14:03:01,369 [WARN] PackLoader:240 - Cannot read IP mode file for emotas.I-CUBE-CANOPEN.1.1.3
2023-05-20 14:03:01,569 [WARN] PackLoader:240 - Cannot read IP mode file for STMicroelectronics.X-CUBE-BLEMGR.2.0.0
2023-05-20 14:03:01,609 [WARN] ConditionMgr:438 - getConditionDescription Invalid condition id : UX DEVICE CLASS RTOS Condition cause : null
2023-05-20 14:03:01,609 [WARN] ConditionMgr:438 - getConditionDescription Invalid condition id : UX DEVICE CLASS RTOS Condition cause : null
2023-05-20 14:03:01,614 [WARN] PackLoader:240 - Cannot read IP mode file for STMicroelectronics.X-CUBE-AZRTOS-H7.3.1.0
2023-05-20 14:03:01,614 [WARN] ConditionMgr:1039 - genDependencies : Invalid condition id : UX DEVICE CLASS RTOS Condition cause : null
2023-05-20 14:03:01,614 [WARN] ConditionMgr:1039 - genDependencies : Invalid condition id : UX DEVICE CLASS RTOS Condition cause : null
2023-05-20 14:03:01,614 [WARN] ConditionMgr:1039 - genDependencies : Invalid condition id : UX DEVICE CLASS RTOS Condition cause : null
2023-05-20 14:03:01,619 [WARN] ConditionMgr:1039 - genDependencies : Invalid condition id : UX DEVICE CLASS RTOS Condition cause : null
2023-05-20 14:03:01,619 [WARN] ConditionMgr:1039 - genDependencies : Invalid condition id : UX DEVICE CLASS RTOS Condition cause : null
2023-05-20 14:03:01,641 [WARN] PackLoader:240 - Cannot read IP mode file for STMicroelectronics.X-CUBE-DISPLAY.3.0.0
2023-05-20 14:03:01,659 [WARN] PackLoader:240 - Cannot read IP mode file for wolfSSL.I-CUBE-wolfSSL.5.5.4
2023-05-20 14:03:01,689 [WARN] PackLoader:240 - Cannot read IP mode file for STMicroelectronics.X-CUBE-NFC7.1.0.0
2023-05-20 14:03:01,721 [WARN] PackLoader:240 - Cannot read IP mode file for STMicroelectronics.X-CUBE-EEPRMA1.4.1.0
2023-05-20 14:03:01,744 [WARN] PackLoader:240 - Cannot read IP mode file for WES.I-CUBE-Cesium.1.3.0
2023-05-20 14:03:01,779 [WARN] PackLoader:240 - Cannot read IP mode file for STMicroelectronics.X-CUBE-SFXS2LP1.4.0.0
2023-05-20 14:03:01,801 [WARN] PackLoader:240 - Cannot read IP mode file for STMicroelectronics.X-CUBE-BLE2.3.3.0
2023-05-20 14:03:01,834 [WARN] PackLoader:240 - Cannot read IP mode file for STMicroelectronics.X-CUBE-TOF1.3.2.0
2023-05-20 14:03:01,924 [WARN] PackLoader:240 - Cannot read IP mode file for STMicroelectronics.X-CUBE-AZRTOS-H7.3.0.0
2023-05-20 14:03:01,949 [WARN] PackLoader:240 - Cannot read IP mode file for STMicroelectronics.X-CUBE-ISPU.1.1.0
2023-05-20 14:03:01,984 [WARN] PackLoader:240 - Cannot read IP mode file for RoweBots.I-CUBE-UNISONRTOS.5.5.0-4
2023-05-20 14:03:02,004 [WARN] PackLoader:240 - Cannot read IP mode file for STMicroelectronics.X-CUBE-AI.8.0.0
2023-05-20 14:03:02,034 [WARN] PackLoader:240 - Cannot read IP mode file for STMicroelectronics.X-CUBE-FREERTOS.1.0.0
2023-05-20 14:03:02,054 [WARN] PackLoader:240 - Cannot read IP mode file for STMicroelectronics.X-CUBE-FREERTOS.1.0.1
2023-05-20 14:03:02,109 [WARN] PackLoader:240 - Cannot read IP mode file for STMicroelectronics.X-CUBE-TOUCHGFX.4.21.1
2023-05-20 14:03:02,124 [WARN] PackLoader:240 - Cannot read IP mode file for STMicroelectronics.X-CUBE-TOUCHGFX.4.21.3
2023-05-20 14:03:02,148 [WARN] PackLoader:240 - Cannot read IP mode file for STMicroelectronics.X-CUBE-TOUCHGFX.4.21.4
2023-05-20 14:03:02,310 [WARN] PackLoader:240 - Cannot read IP mode file for STMicroelectronics.X-CUBE-ALGOBUILD.1.3.0
2023-05-20 14:03:02,353 [WARN] PackLoader:240 - Cannot read IP mode file for STMicroelectronics.X-CUBE-AZRTOS-L5.1.1.0
2023-05-20 14:03:02,580 [WARN] PackLoader:240 - Cannot read IP mode file for STMicroelectronics.X-CUBE-AZRTOS-G0.1.1.0
2023-05-20 14:03:02,805 [WARN] PackLoader:240 - Cannot read IP mode file for STMicroelectronics.X-CUBE-AI.8.0.1
2023-05-20 14:03:02,846 [WARN] PackLoader:240 - Cannot read IP mode file for STMicroelectronics.X-CUBE-SUBG2.5.0.0
2023-05-20 14:03:03,017 [WARN] PackLoader:240 - Cannot read IP mode file for STMicroelectronics.X-CUBE-NFC4.3.0.0
2023-05-20 14:03:03,049 [WARN] PackLoader:240 - Cannot read IP mode file for STMicroelectronics.X-CUBE-AZRTOS-G4.2.0.0
2023-05-20 14:03:03,068 [WARN] PackLoader:240 - Cannot read IP mode file for STMicroelectronics.X-CUBE-TOF1.3.3.0
2023-05-20 14:03:03,121 [WARN] PackLoader:240 - Cannot read IP mode file for STMicroelectronics.FP-ATR-ASTRA1.1.1.1
2023-05-20 14:03:03,188 [WARN] PackLoader:240 - Cannot read IP mode file for STMicroelectronics.X-CUBE-AZRTOS-G4.1.0.0
2023-05-20 14:03:03,231 [WARN] PackLoader:240 - Cannot read IP mode file for STMicroelectronics.FP-ATR-SIGFOX1.3.2.0
2023-05-20 14:03:03,280 [WARN] PackLoader:240 - Cannot read IP mode file for STMicroelectronics.X-CUBE-AZRTOS-L4.1.0.0
2023-05-20 14:03:03,322 [WARN] PackLoader:240 - Cannot read IP mode file for STMicroelectronics.X-CUBE-AZRTOS-WL.1.0.0
2023-05-20 14:03:03,346 [WARN] PackLoader:240 - Cannot read IP mode file for portGmbH.I-Cube-SoM-uGOAL.1.1.0
2023-05-20 14:03:03,363 [WARN] PackLoader:240 - Cannot read IP mode file for STMicroelectronics.X-CUBE-ALS.1.0.1
2023-05-20 14:03:03,405 [WARN] PackLoader:240 - Cannot read IP mode file for STMicroelectronics.X-CUBE-MEMS1.9.5.0
2023-05-20 14:03:03,650 [WARN] PackLoader:240 - Cannot read IP mode file for STMicroelectronics.X-CUBE-AZRTOS-WB.1.1.0
2023-05-20 14:03:03,715 [WARN] PackLoader:240 - Cannot read IP mode file for SEGGER.I-CUBE-embOS.1.3.1
2023-05-20 14:03:03,799 [WARN] PackLoader:240 - Cannot read IP mode file for STMicroelectronics.FP-ATR-ASTRA1.2.0.0
2023-05-20 14:03:03,799 [INFO] ThirdParty:978 - Integrity check success = true
2023-05-20 14:03:03,799 [INFO] IntegrityCheckThread:100 - exiting critical section [integrity check]
2023-05-20 14:03:03,804 [INFO] IntegrityCheckThread:103 - End integrity checks thread
2023-05-20 14:03:03,804 [INFO] ThirdParty:873 - entering critical section [close project]
2023-05-20 14:03:03,807 [INFO] ThirdParty:883 - exiting critical section [close project]
2023-05-20 14:03:03,829 [INFO] PinOutPanel:1499 - setPackage(No Configuration,No Configuration)
2023-05-20 14:03:03,834 [INFO] UtilMem:75 - Begin LoadConfig() Used Memory: 447099288 Bytes (484442112)
2023-05-20 14:03:03,842 [INFO] MicroXplorer:468 - Change Database Path : 
2023-05-20 14:03:03,846 [INFO] MicroXplorer:498 - Change Database Version : DB.6.0.81
2023-05-20 14:03:03,848 [INFO] OpenFileManager:308 - Change cursor
2023-05-20 14:03:04,251 [INFO] Mcu:1937 - Initializing MCU STM32F401C(B-C)Ux STM32F401CCUx STM32F401CCU6
2023-05-20 14:03:06,323 [INFO] Context:659 - Trying to add GPIOservice into a context  which must be forbidden
2023-05-20 14:03:07,435 [INFO] RtosManager:555 - Registered RTOS mode: class=CMSIS, group=RTOS, mode=CMSIS_V1, owner=FREERTOS
2023-05-20 14:03:07,435 [INFO] RtosManager:555 - Registered RTOS mode: class=CMSIS, group=RTOS2, mode=CMSIS_V2, owner=FREERTOS
2023-05-20 14:03:07,435 [INFO] RtosManager:555 - Registered RTOS mode: class=RTOS, group=Core, mode=CMSIS_V1, owner=FREERTOS
2023-05-20 14:03:07,436 [INFO] RtosManager:555 - Registered RTOS mode: class=RTOS, group=Core, mode=CMSIS_V2, owner=FREERTOS
2023-05-20 14:03:07,436 [WARN] ModelIntegratedComponent:184 - Missing modes for component STMicroelectronics:FreeRTOS:0.0.1:STMicroelectronics:RTOS:FreeRTOS:Core:::10.2.0:
2023-05-20 14:03:07,456 [WARN] ModelIntegratedComponent:182 - Modes not found for component STMicroelectronics:USB_HOST:1.0.0:STMicroelectronics:USB::USB Host:Audio HS::1.0:USB_HOST_1_0_RESTRICTED_HS
2023-05-20 14:03:07,458 [WARN] ModelIntegratedComponent:188 - Modes not found for component STMicroelectronics:USB_HOST:1.0.0:STMicroelectronics:USB::USB Host:Audio HS::1.0:USB_HOST_1_0_RESTRICTED_HS
2023-05-20 14:03:07,458 [WARN] ModelIntegratedComponent:182 - Modes not found for component STMicroelectronics:USB_HOST:1.0.0:STMicroelectronics:USB::USB Host:CDC HS::1.0:USB_HOST_1_0_RESTRICTED_HS
2023-05-20 14:03:07,458 [WARN] ModelIntegratedComponent:188 - Modes not found for component STMicroelectronics:USB_HOST:1.0.0:STMicroelectronics:USB::USB Host:CDC HS::1.0:USB_HOST_1_0_RESTRICTED_HS
2023-05-20 14:03:07,458 [WARN] ModelIntegratedComponent:182 - Modes not found for component STMicroelectronics:USB_HOST:1.0.0:STMicroelectronics:USB::USB Host:MSC HS::1.0:USB_HOST_1_0_RESTRICTED_HS
2023-05-20 14:03:07,458 [WARN] ModelIntegratedComponent:188 - Modes not found for component STMicroelectronics:USB_HOST:1.0.0:STMicroelectronics:USB::USB Host:MSC HS::1.0:USB_HOST_1_0_RESTRICTED_HS
2023-05-20 14:03:07,458 [WARN] ModelIntegratedComponent:182 - Modes not found for component STMicroelectronics:USB_HOST:1.0.0:STMicroelectronics:USB::USB Host:HID HS::1.0:USB_HOST_1_0_RESTRICTED_HS
2023-05-20 14:03:07,458 [WARN] ModelIntegratedComponent:188 - Modes not found for component STMicroelectronics:USB_HOST:1.0.0:STMicroelectronics:USB::USB Host:HID HS::1.0:USB_HOST_1_0_RESTRICTED_HS
2023-05-20 14:03:07,458 [WARN] ModelIntegratedComponent:182 - Modes not found for component STMicroelectronics:USB_HOST:1.0.0:STMicroelectronics:USB::USB Host:MTP HS::1.0:USB_HOST_1_0_RESTRICTED_HS
2023-05-20 14:03:07,458 [WARN] ModelIntegratedComponent:188 - Modes not found for component STMicroelectronics:USB_HOST:1.0.0:STMicroelectronics:USB::USB Host:MTP HS::1.0:USB_HOST_1_0_RESTRICTED_HS
2023-05-20 14:03:07,478 [WARN] ModelIntegratedComponent:63 - No mode defined for component null
2023-05-20 14:03:07,478 [WARN] ModelIntegratedComponent:63 - No mode defined for component null
2023-05-20 14:03:07,478 [WARN] ModelIntegratedComponent:63 - No mode defined for component null
2023-05-20 14:03:07,478 [WARN] ModelIntegratedComponent:63 - No mode defined for component null
2023-05-20 14:03:07,478 [WARN] ModelIntegratedComponent:63 - No mode defined for component null
2023-05-20 14:03:07,478 [WARN] ModelIntegratedComponent:63 - No mode defined for component null
2023-05-20 14:03:07,479 [WARN] ModelIntegratedComponent:63 - No mode defined for component null
2023-05-20 14:03:07,479 [WARN] ModelIntegratedComponent:63 - No mode defined for component null
2023-05-20 14:03:07,479 [WARN] ModelIntegratedComponent:63 - No mode defined for component null
2023-05-20 14:03:07,479 [WARN] ModelIntegratedComponent:63 - No mode defined for component null
2023-05-20 14:03:07,479 [WARN] ModelIntegratedComponent:63 - No mode defined for component null
2023-05-20 14:03:07,479 [WARN] ModelIntegratedComponent:63 - No mode defined for component null
2023-05-20 14:03:07,479 [WARN] ModelIntegratedComponent:63 - No mode defined for component null
2023-05-20 14:03:07,479 [WARN] ModelIntegratedComponent:63 - No mode defined for component null
2023-05-20 14:03:07,479 [WARN] ModelIntegratedComponent:63 - No mode defined for component null
2023-05-20 14:03:07,479 [WARN] ModelIntegratedComponent:63 - No mode defined for component null
2023-05-20 14:03:07,479 [WARN] ModelIntegratedComponent:63 - No mode defined for component null
2023-05-20 14:03:07,479 [WARN] ModelIntegratedComponent:63 - No mode defined for component null
2023-05-20 14:03:07,479 [WARN] ModelIntegratedComponent:63 - No mode defined for component null
2023-05-20 14:03:07,479 [WARN] ModelIntegratedComponent:63 - No mode defined for component null
2023-05-20 14:03:07,479 [WARN] ModelIntegratedComponent:63 - No mode defined for component null
2023-05-20 14:03:07,479 [WARN] ModelIntegratedComponent:63 - No mode defined for component null
2023-05-20 14:03:07,479 [WARN] ModelIntegratedComponent:63 - No mode defined for component null
2023-05-20 14:03:07,479 [WARN] ModelIntegratedComponent:63 - No mode defined for component null
2023-05-20 14:03:07,479 [WARN] ModelIntegratedComponent:63 - No mode defined for component null
2023-05-20 14:03:07,479 [WARN] ModelIntegratedComponent:63 - No mode defined for component null
2023-05-20 14:03:07,479 [WARN] ModelIntegratedComponent:63 - No mode defined for component null
2023-05-20 14:03:07,479 [WARN] ModelIntegratedComponent:63 - No mode defined for component null
2023-05-20 14:03:07,479 [WARN] ModelIntegratedComponent:63 - No mode defined for component null
2023-05-20 14:03:07,479 [WARN] ModelIntegratedComponent:63 - No mode defined for component null
2023-05-20 14:03:07,479 [WARN] ModelIntegratedComponent:63 - No mode defined for component null
2023-05-20 14:03:07,479 [WARN] ModelIntegratedComponent:63 - No mode defined for component null
2023-05-20 14:03:07,479 [WARN] ModelIntegratedComponent:63 - No mode defined for component null
2023-05-20 14:03:07,673 [WARN] ModelIntegratedComponent:182 - Modes not found for component STMicroelectronics:USB_DEVICE:1.0.0:STMicroelectronics:USB::USB Device:Audio HS::1.0:USB_DEVICE_1_0_RESTRICTED_HS
2023-05-20 14:03:07,685 [WARN] ModelIntegratedComponent:188 - Modes not found for component STMicroelectronics:USB_DEVICE:1.0.0:STMicroelectronics:USB::USB Device:Audio HS::1.0:USB_DEVICE_1_0_RESTRICTED_HS
2023-05-20 14:03:07,685 [WARN] ModelIntegratedComponent:182 - Modes not found for component STMicroelectronics:USB_DEVICE:1.0.0:STMicroelectronics:USB::USB Device:CDC HS::1.0:USB_DEVICE_1_0_RESTRICTED_HS
2023-05-20 14:03:07,685 [WARN] ModelIntegratedComponent:188 - Modes not found for component STMicroelectronics:USB_DEVICE:1.0.0:STMicroelectronics:USB::USB Device:CDC HS::1.0:USB_DEVICE_1_0_RESTRICTED_HS
2023-05-20 14:03:07,685 [WARN] ModelIntegratedComponent:182 - Modes not found for component STMicroelectronics:USB_DEVICE:1.0.0:STMicroelectronics:USB::USB Device:DFU HS::1.0:USB_DEVICE_1_0_RESTRICTED_HS
2023-05-20 14:03:07,685 [WARN] ModelIntegratedComponent:188 - Modes not found for component STMicroelectronics:USB_DEVICE:1.0.0:STMicroelectronics:USB::USB Device:DFU HS::1.0:USB_DEVICE_1_0_RESTRICTED_HS
2023-05-20 14:03:07,686 [WARN] ModelIntegratedComponent:182 - Modes not found for component STMicroelectronics:USB_DEVICE:1.0.0:STMicroelectronics:USB::USB Device:HID HS::1.0:USB_DEVICE_1_0_RESTRICTED_HS
2023-05-20 14:03:07,686 [WARN] ModelIntegratedComponent:188 - Modes not found for component STMicroelectronics:USB_DEVICE:1.0.0:STMicroelectronics:USB::USB Device:HID HS::1.0:USB_DEVICE_1_0_RESTRICTED_HS
2023-05-20 14:03:07,686 [WARN] ModelIntegratedComponent:182 - Modes not found for component STMicroelectronics:USB_DEVICE:1.0.0:STMicroelectronics:USB::USB Device:Custom HID HS::1.0:USB_DEVICE_1_0_RESTRICTED_HS
2023-05-20 14:03:07,686 [WARN] ModelIntegratedComponent:188 - Modes not found for component STMicroelectronics:USB_DEVICE:1.0.0:STMicroelectronics:USB::USB Device:Custom HID HS::1.0:USB_DEVICE_1_0_RESTRICTED_HS
2023-05-20 14:03:07,686 [WARN] ModelIntegratedComponent:182 - Modes not found for component STMicroelectronics:USB_DEVICE:1.0.0:STMicroelectronics:USB::USB Device:MSC HS::1.0:USB_DEVICE_1_0_RESTRICTED_HS
2023-05-20 14:03:07,686 [WARN] ModelIntegratedComponent:188 - Modes not found for component STMicroelectronics:USB_DEVICE:1.0.0:STMicroelectronics:USB::USB Device:MSC HS::1.0:USB_DEVICE_1_0_RESTRICTED_HS
2023-05-20 14:03:07,754 [INFO] ThirdPartyModel:298 - Start build external matchings
2023-05-20 14:03:08,138 [INFO] ThirdPartyModel:316 - End build external matchings
2023-05-20 14:03:08,185 [INFO] ImportTextPane:194 - (OptionalMessage_ERROR) IP (RCC) : Parameter (RTCHSEDivFreq_Value) has invalid value (12500000)
2023-05-20 14:03:08,188 [WARN] IP:2113 - DEVICE_SERIAL0_CDC_FS not found: check if there is a RefParameter without a condition.
2023-05-20 14:03:08,188 [WARN] IP:2113 - DEVICE_SERIAL1_CDC_FS not found: check if there is a RefParameter without a condition.
2023-05-20 14:03:08,188 [WARN] IP:2113 - DEVICE_SERIAL2_CDC_FS not found: check if there is a RefParameter without a condition.
2023-05-20 14:03:08,626 [INFO] UtilMem:75 - End LoadConfig() Used Memory: 467903920 Bytes (653262848)
2023-05-20 14:03:08,788 [INFO] ApiDb:581 - Connected to CubeFinder SQLite database (C:\Users\user\.stmcufinder\plugins\mcufinder\mcu\cube-finder-db.db)
2023-05-20 14:03:08,867 [INFO] ApiDb:668 - CubeFinder database Data Model version=2.1
2023-05-20 14:03:08,867 [INFO] ApiDb:669 - CubeFinder database Configuration version=3.0.35
2023-05-20 14:03:08,867 [INFO] ApiDb:670 - CubeFinder database generation date=2023-05-12 (1683877179)
2023-05-20 14:03:08,867 [INFO] ApiDb:671 - CubeFinder database FW Pack versions=[FP-ATR-ASTRA1_V2.0.0, FP-SNS-FLIGHT1_V5.0.0, FP-SNS-MOTENV1_V4.3.0, STM32Cube_FW_C0_V1.0.1, STM32Cube_FW_F0_V1.11.4, STM32Cube_FW_F3_V1.11.4, STM32Cube_FW_F4_V1.27.1, STM32Cube_FW_F7_V1.17.0, STM32Cube_FW_G0_V1.6.1, STM32Cube_FW_G4_V1.5.1, STM32Cube_FW_H5_V0.5.1, STM32Cube_FW_H5_V1.0.0, STM32Cube_FW_H7_V1.11.0, STM32Cube_FW_L0_V1.12.2, STM32Cube_FW_L5_V1.5.0, STM32Cube_FW_U5_V1.2.0, STM32Cube_FW_WBA_V1.0.0, STM32Cube_FW_WBA_V1.0.0RC1, STM32Cube_FW_WBA_V1.0.0RC3, STM32Cube_FW_WB_V1.15.0RC1, STM32Cube_FW_WB_V1.16.0, STM32Cube_FW_WB_V1.16.0RC2, STM32Cube_FW_WL_V1.3.0, X-CUBE-ALGOBUILD_V1.3.0, X-CUBE-ALS_V1.0.1, X-CUBE-AZRTOS-F4_V1.1.0, X-CUBE-AZRTOS-F7_V1.1.0, X-CUBE-AZRTOS-G0_V1.1.0, X-CUBE-AZRTOS-G4_V2.0.0, X-CUBE-AZRTOS-H7_V3.1.0, X-CUBE-AZRTOS-L4_V1.0.0, X-CUBE-AZRTOS-L5_V1.1.0, X-CUBE-AZRTOS-WB_V1.1.0, X-CUBE-AZRTOS-WL_V1.0.0, X-CUBE-BLE1_V6.2.4, X-CUBE-BLE2_V3.3.0, X-CUBE-BLEMGR_V2.0.0, X-CUBE-EEPRMA1_V4.1.0, X-CUBE-FREERTOS_V1.0.1, X-CUBE-GNSS1_V6.0.0, X-CUBE-MEMS1_V9.1.0, X-CUBE-MEMS1_V9.4.0, X-CUBE-MEMS1_V9.6.0, X-CUBE-NFC4_V3.0.0, X-CUBE-NFC7_V1.0.0, X-CUBE-SFXS2LP1_V4.0.0, X-CUBE-SUBG2_V5.0.0]
2023-05-20 14:03:11,380 [INFO] ApiDb:240 - Found 297 in-development CPN: [B-G473E-ZEST1S, B-WB1M-WPAN1, B-WL5M-SUBG1, NUCLEO-C031C6, NUCLEO-H503RB, NUCLEO-H563ZI, NUCLEO-U545RE-Q, NUCLEO-U5A5ZJ-Q, NUCLEO-WBA52CG, STEVAL-PROTEUS1, STEVAL-STWINBX1, STM320518-EVAL, STM32C0116-DK, STM32C011D6Y3TR, STM32C011D6Y6TR, STM32C011F4P3, STM32C011F4P6, STM32C011F4U3, STM32C011F4U6TR, STM32C011F6P3, STM32C011F6P6, STM32C011F6U3, STM32C011F6U6TR, STM32C011J4M3, STM32C011J4M6, STM32C011J6M3, STM32C011J6M6, STM32C0316-DK, STM32C031C4T3, STM32C031C4T6, STM32C031C4U3, STM32C031C4U6, STM32C031C6T3, STM32C031C6T6, STM32C031C6U3, STM32C031C6U6, STM32C031F4P3, STM32C031F4P6, STM32C031F6P3, STM32C031F6P6, STM32C031G4U3, STM32C031G4U6, STM32C031G6U3, STM32C031G6U6, STM32C031K4T3, STM32C031K4T6, STM32C031K4U3, STM32C031K4U6, STM32C031K6T3, STM32C031K6T6, STM32C031K6U3, STM32C031K6U6, STM32G071K8TXN, STM32G071K8UXN, STM32G081GBU6N, STM32G081KBT6N, STM32G081KBUXN, STM32G0B1CCT6N, STM32G0B1KCT6, STM32G0B1NEY6TR, STM32G0B1RCT6N, STM32G0C1CCT6, STM32G0C1CCT6N, STM32G0C1CCU6N, STM32G0C1CET6N, STM32G0C1CEU6N, STM32G0C1KCT6, STM32G0C1NEY6TR, STM32G0C1RCI6N, STM32G0C1RCT6N, STM32G0C1REI6N, STM32G0C1RET6N, STM32G0C1VCI6, STM32G0C1VEI6, STM32G471CCT6, STM32G471CCU6, STM32G471CET3, STM32G471CET6, STM32G471CEU3, STM32G471CEU6, STM32G471MCT6, STM32G471MET3, STM32G471MET6, STM32G471MEY6TR, STM32G471QCT6, STM32G471QET3, STM32G471RCT6, STM32G471RET3, STM32G471RET6, STM32G471VCH6, STM32G471VCI6, STM32G471VCT6, STM32G471VEH3, STM32G471VEH6, STM32G471VEI3, STM32G471VEI6, STM32G471VET3, STM32G471VET6, STM32G474CCT6, STM32H503CBT6, STM32H503CBU6, STM32H503EBY6TR, STM32H503KBU6, STM32H503RBT6, STM32H562AGI6, STM32H562AII6, STM32H562IGK6, STM32H562IGT6, STM32H562IIK6, STM32H562IIT6, STM32H562RGT6, STM32H562RGV6, STM32H562RIT6, STM32H562RIV6, STM32H562VGT6, STM32H562VIT6, STM32H562ZGT6, STM32H562ZIT6, STM32H563AGI6, STM32H563AII3Q, STM32H563AII6, STM32H563IGK6, STM32H563IGT6, STM32H563IIK3Q, STM32H563IIK6, STM32H563IIT3Q, STM32H563IIT6, STM32H563MIY3QTR, STM32H563RGT6, STM32H563RGV6, STM32H563RIT6, STM32H563RIV6, STM32H563VGT6, STM32H563VIT3Q, STM32H563VIT6, STM32H563ZGT6, STM32H563ZIT3Q, STM32H563ZIT6, STM32H573AII3Q, STM32H573AII6, STM32H573I-DK, STM32H573IIK3Q, STM32H573IIK6, STM32H573IIT3Q, STM32H573IIT6, STM32H573MIY3QTR, STM32H573RIT6, STM32H573RIV6, STM32H573VIT3Q, STM32H573VIT6, STM32H573ZIT3Q, STM32H573ZIT6, STM32L4R5QGI6STR, STM32MP131AAE3, STM32MP131AAF3, STM32MP131AAG3, STM32MP131CAE3, STM32MP131CAF3, STM32MP131CAG3, STM32MP131DAE7, STM32MP131DAF7, STM32MP131DAG7, STM32MP131FAE7, STM32MP131FAF7, STM32MP131FAG7, STM32MP133AAE3, STM32MP133AAF3, STM32MP133AAG3, STM32MP133CAE3, STM32MP133CAF3, STM32MP133CAG3, STM32MP133DAE7, STM32MP133DAF7, STM32MP133DAG7, STM32MP133FAE7, STM32MP133FAF7, STM32MP133FAG7, STM32MP135AAE3, STM32MP135AAF3, STM32MP135AAG3, STM32MP135CAE3, STM32MP135CAF3, STM32MP135CAG3, STM32MP135DAE7, STM32MP135DAF7, STM32MP135DAG7, STM32MP135F-DK, STM32MP135FAE7, STM32MP135FAF7, STM32MP135FAF7T, STM32MP135FAF7U, STM32MP135FAG7, STM32U535CBT6, STM32U535CBT6Q, STM32U535CBU6, STM32U535CBU6Q, STM32U535CCT6, STM32U535CCT6Q, STM32U535CCU6, STM32U535CCU6Q, STM32U535CET6, STM32U535CET6Q, STM32U535CEU6, STM32U535CEU6Q, STM32U535JEY6QTR, STM32U535NCY6QTR, STM32U535NEY6QTR, STM32U535RBI6, STM32U535RBI6Q, STM32U535RBT6, STM32U535RBT6Q, STM32U535RCI6, STM32U535RCI6Q, STM32U535RCT6, STM32U535RCT6Q, STM32U535REI6, STM32U535REI6Q, STM32U535RET6, STM32U535RET6Q, STM32U535VCI6, STM32U535VCI6Q, STM32U535VCT6, STM32U535VCT6Q, STM32U535VEI6, STM32U535VEI6Q, STM32U535VET6, STM32U535VET6Q, STM32U545CET6, STM32U545CET6Q, STM32U545CEU6, STM32U545CEU6Q, STM32U545JEY6QTR, STM32U545NEY6QTR, STM32U545REI6, STM32U545REI6Q, STM32U545RET6, STM32U545RET6Q, STM32U545VEI6, STM32U545VEI6Q, STM32U545VET6, STM32U545VET6Q, STM32U595AIH6, STM32U595AIH6Q, STM32U595AJH6, STM32U595AJH6Q, STM32U595QII6, STM32U595QII6Q, STM32U595QJI6, STM32U595QJI6Q, STM32U595RIT6, STM32U595RIT6Q, STM32U595RJT6, STM32U595RJT6Q, STM32U595VIT6, STM32U595VIT6Q, STM32U595VJT6, STM32U595VJT6Q, STM32U595ZIT6, STM32U595ZIT6Q, STM32U595ZIY6QTR, STM32U595ZJT6, STM32U595ZJT6Q, STM32U595ZJY6QTR, STM32U599BJY6QTR, STM32U599NIH6Q, STM32U599NJH6Q, STM32U599VIT6Q, STM32U599VJT6, STM32U599VJT6Q, STM32U599ZIT6Q, STM32U599ZIY6QTR, STM32U599ZJT6Q, STM32U599ZJY6QTR, STM32U5A5AJH6, STM32U5A5AJH6Q, STM32U5A5QJI6, STM32U5A5QJI6Q, STM32U5A5RJT6, STM32U5A5RJT6Q, STM32U5A5VJT6, STM32U5A5VJT6Q, STM32U5A5ZJT6, STM32U5A5ZJT6Q, STM32U5A5ZJY6QTR, STM32U5A9BJY6QTR, STM32U5A9J-DK, STM32U5A9NJH6Q, STM32U5A9VJT6Q, STM32U5A9ZJT6Q, STM32U5A9ZJY6QTR, STM32WB1MMCH6, STM32WBA52CEU6, STM32WBA52CEU6T, STM32WBA52CGU6, STM32WBA52CGU6T, STM32WL5MOCH6, STM32WL5MOCH6TR]
2023-05-20 14:03:11,387 [INFO] DbMcus:216 - Found 3775 MCUs, 3775 are supported
2023-05-20 14:03:11,457 [INFO] ApiDb:423 - Load user favorites file C:\Users\user/.stm32cubeide/favorites.mcus.txt: 2 item(s)
2023-05-20 14:03:11,458 [INFO] ApiDb:427 - User favorites MCUs=[STM32F103C8T6, STM32H750VBT6]
2023-05-20 14:03:11,458 [INFO] DbMcus:222 - Set 2 / 2 favorites MCUs
2023-05-20 14:03:11,993 [WARN] ThirdParty:833 - waiting for thirdparty lock release [change project]
2023-05-20 14:03:11,994 [INFO] ThirdParty:835 - entering critical section [change project]
2023-05-20 14:03:11,994 [INFO] ThirdParty:1030 - CMSIS Pack Vendor :STMicroelectronics X-CUBE-ISPU 1.1.0
2023-05-20 14:03:11,994 [INFO] ThirdParty:1030 - CMSIS Pack Vendor :RoweBots I-CUBE-UNISONRTOS 5.5.0-4
2023-05-20 14:03:11,994 [INFO] ThirdParty:1030 - CMSIS Pack Vendor :STMicroelectronics X-CUBE-GNSS1 6.0.0
2023-05-20 14:03:11,994 [INFO] ThirdParty:1030 - CMSIS Pack Vendor :STMicroelectronics USB_HOST 2.0.0
2023-05-20 14:03:11,994 [INFO] ThirdParty:1030 - CMSIS Pack Vendor :STMicroelectronics X-CUBE-AZRTOS-F4 1.1.0
2023-05-20 14:03:11,994 [INFO] ThirdParty:1030 - CMSIS Pack Vendor :STMicroelectronics LIBJPEG 8.0.0
2023-05-20 14:03:11,994 [INFO] ThirdParty:1030 - CMSIS Pack Vendor :STMicroelectronics X-CUBE-SMBUS 2.1.0
2023-05-20 14:03:11,994 [INFO] ThirdParty:1030 - CMSIS Pack Vendor :wolfSSL I-CUBE-wolfSSL 5.6.0
2023-05-20 14:03:11,994 [INFO] ThirdParty:1030 - CMSIS Pack Vendor :STMicroelectronics USB_DEVICE 3.0.0
2023-05-20 14:03:11,994 [INFO] ThirdParty:1030 - CMSIS Pack Vendor :STMicroelectronics X-CUBE-AI 8.0.0
2023-05-20 14:03:11,994 [INFO] ThirdParty:1030 - CMSIS Pack Vendor :STMicroelectronics X-CUBE-FREERTOS 1.0.0
2023-05-20 14:03:11,994 [INFO] ThirdParty:1030 - CMSIS Pack Vendor :STMicroelectronics X-CUBE-FREERTOS 1.0.1
2023-05-20 14:03:11,995 [INFO] ThirdParty:1030 - CMSIS Pack Vendor :STMicroelectronics X-CUBE-TOUCHGFX 4.21.1
2023-05-20 14:03:11,995 [INFO] ThirdParty:1030 - CMSIS Pack Vendor :STMicroelectronics X-CUBE-TOUCHGFX 4.21.3
2023-05-20 14:03:11,995 [INFO] ThirdParty:1030 - CMSIS Pack Vendor :STMicroelectronics X-CUBE-AZRTOS-F7 1.1.0
2023-05-20 14:03:11,995 [INFO] ThirdParty:1030 - CMSIS Pack Vendor :STMicroelectronics X-CUBE-TOUCHGFX 4.21.4
2023-05-20 14:03:11,995 [INFO] ThirdParty:1030 - CMSIS Pack Vendor :STMicroelectronics USB_DEVICE 2.0.0
2023-05-20 14:03:11,995 [INFO] ThirdParty:1030 - CMSIS Pack Vendor :STMicroelectronics X-CUBE-MEMS1 9.6.0
2023-05-20 14:03:11,995 [INFO] ThirdParty:1030 - CMSIS Pack Vendor :STMicroelectronics FP-SNS-MOTENV1 4.3.0
2023-05-20 14:03:11,995 [INFO] ThirdParty:1030 - CMSIS Pack Vendor :STMicroelectronics FP-SNS-FLIGHT1 5.0.0
2023-05-20 14:03:11,995 [INFO] ThirdParty:1030 - CMSIS Pack Vendor :STMicroelectronics X-CUBE-ALGOBUILD 1.3.0
2023-05-20 14:03:11,995 [INFO] ThirdParty:1030 - CMSIS Pack Vendor :STMicroelectronics X-CUBE-BLE1 6.2.4
2023-05-20 14:03:11,995 [INFO] ThirdParty:1030 - CMSIS Pack Vendor :STMicroelectronics X-CUBE-AZRTOS-L5 1.1.0
2023-05-20 14:03:11,995 [INFO] ThirdParty:1030 - CMSIS Pack Vendor :STMicroelectronics FreeRTOS 0.0.1
2023-05-20 14:03:11,995 [INFO] ThirdParty:1030 - CMSIS Pack Vendor :emotas I-CUBE-CANOPEN 1.1.3
2023-05-20 14:03:11,995 [INFO] ThirdParty:1030 - CMSIS Pack Vendor :STMicroelectronics X-CUBE-AZRTOS-G0 1.1.0
2023-05-20 14:03:11,995 [INFO] ThirdParty:1030 - CMSIS Pack Vendor :STMicroelectronics X-CUBE-BLEMGR 2.0.0
2023-05-20 14:03:11,995 [INFO] ThirdParty:1030 - CMSIS Pack Vendor :STMicroelectronics X-CUBE-AI 8.0.1
2023-05-20 14:03:11,995 [INFO] ThirdParty:1030 - CMSIS Pack Vendor :STMicroelectronics X-CUBE-SUBG2 5.0.0
2023-05-20 14:03:11,995 [INFO] ThirdParty:1030 - CMSIS Pack Vendor :STMicroelectronics X-CUBE-NFC4 3.0.0
2023-05-20 14:03:11,995 [INFO] ThirdParty:1030 - CMSIS Pack Vendor :STMicroelectronics STM32_WPAN 1.0.0
2023-05-20 14:03:11,995 [INFO] ThirdParty:1030 - CMSIS Pack Vendor :STMicroelectronics lwIP 2.0.3
2023-05-20 14:03:11,995 [INFO] ThirdParty:1030 - CMSIS Pack Vendor :STMicroelectronics USB_HOST 1.0.0
2023-05-20 14:03:11,995 [INFO] ThirdParty:1030 - CMSIS Pack Vendor :STMicroelectronics X-CUBE-AZRTOS-G4 2.0.0
2023-05-20 14:03:11,995 [INFO] ThirdParty:1030 - CMSIS Pack Vendor :STMicroelectronics PDM2PCM 3.1.0
2023-05-20 14:03:11,995 [INFO] ThirdParty:1030 - CMSIS Pack Vendor :STMicroelectronics X-CUBE-AZRTOS-H7 3.1.0
2023-05-20 14:03:11,995 [INFO] ThirdParty:1030 - CMSIS Pack Vendor :STMicroelectronics X-CUBE-TOF1 3.3.0
2023-05-20 14:03:11,995 [INFO] ThirdParty:1030 - CMSIS Pack Vendor :STMicroelectronics FP-ATR-ASTRA1 1.1.1
2023-05-20 14:03:11,995 [INFO] ThirdParty:1030 - CMSIS Pack Vendor :STMicroelectronics PDM2PCM 3.3.0
2023-05-20 14:03:11,995 [INFO] ThirdParty:1030 - CMSIS Pack Vendor :STMicroelectronics X-CUBE-DISPLAY 3.0.0
2023-05-20 14:03:11,996 [INFO] ThirdParty:1030 - CMSIS Pack Vendor :STMicroelectronics X-CUBE-AZRTOS-G4 1.0.0
2023-05-20 14:03:11,996 [INFO] ThirdParty:1030 - CMSIS Pack Vendor :STMicroelectronics FP-ATR-SIGFOX1 3.2.0
2023-05-20 14:03:11,996 [INFO] ThirdParty:1030 - CMSIS Pack Vendor :wolfSSL I-CUBE-wolfSSL 5.5.4
2023-05-20 14:03:11,996 [INFO] ThirdParty:1030 - CMSIS Pack Vendor :STMicroelectronics X-CUBE-AZRTOS-L4 1.0.0
2023-05-20 14:03:11,996 [INFO] ThirdParty:1030 - CMSIS Pack Vendor :STMicroelectronics HAL Drivers 0.0.0
2023-05-20 14:03:11,996 [INFO] ThirdParty:1030 - CMSIS Pack Vendor :STMicroelectronics MBEDTLS 2.16.2
2023-05-20 14:03:11,996 [INFO] ThirdParty:1030 - CMSIS Pack Vendor :STMicroelectronics MBEDTLS 2.14.1
2023-05-20 14:03:11,996 [INFO] ThirdParty:1030 - CMSIS Pack Vendor :STMicroelectronics X-CUBE-NFC7 1.0.0
2023-05-20 14:03:11,996 [INFO] ThirdParty:1030 - CMSIS Pack Vendor :STMicroelectronics X-CUBE-AZRTOS-WL 1.0.0
2023-05-20 14:03:11,996 [INFO] ThirdParty:1030 - CMSIS Pack Vendor :STMicroelectronics X-CUBE-EEPRMA1 4.1.0
2023-05-20 14:03:11,996 [INFO] ThirdParty:1030 - CMSIS Pack Vendor :portGmbH I-Cube-SoM-uGOAL 1.1.0
2023-05-20 14:03:11,996 [INFO] ThirdParty:1030 - CMSIS Pack Vendor :STMicroelectronics X-CUBE-ALS 1.0.1
2023-05-20 14:03:11,996 [INFO] ThirdParty:1030 - CMSIS Pack Vendor :STMicroelectronics X-CUBE-MEMS1 9.5.0
2023-05-20 14:03:11,996 [INFO] ThirdParty:1030 - CMSIS Pack Vendor :STMicroelectronics ThreadX 1.0.0
2023-05-20 14:03:11,996 [INFO] ThirdParty:1030 - CMSIS Pack Vendor :STMicroelectronics X-CUBE-AZRTOS-WB 1.1.0
2023-05-20 14:03:11,996 [INFO] ThirdParty:1030 - CMSIS Pack Vendor :SEGGER I-CUBE-embOS 1.3.1
2023-05-20 14:03:11,997 [INFO] ThirdParty:1030 - CMSIS Pack Vendor :STMicroelectronics USB_DEVICE 1.0.0
2023-05-20 14:03:11,997 [INFO] ThirdParty:1030 - CMSIS Pack Vendor :STMicroelectronics ThreadX 0.0.2
2023-05-20 14:03:11,997 [INFO] ThirdParty:1030 - CMSIS Pack Vendor :WES I-CUBE-Cesium 1.3.0
2023-05-20 14:03:11,997 [INFO] ThirdParty:1030 - CMSIS Pack Vendor :STMicroelectronics FP-ATR-ASTRA1 2.0.0
2023-05-20 14:03:11,997 [INFO] ThirdParty:1030 - CMSIS Pack Vendor :STMicroelectronics lwIP 2.1.2
2023-05-20 14:03:11,997 [INFO] ThirdParty:1030 - CMSIS Pack Vendor :STMicroelectronics X-CUBE-SFXS2LP1 4.0.0
2023-05-20 14:03:11,997 [INFO] ThirdParty:1030 - CMSIS Pack Vendor :STMicroelectronics X-CUBE-BLE2 3.3.0
2023-05-20 14:03:11,997 [INFO] ThirdParty:1030 - CMSIS Pack Vendor :STMicroelectronics X-CUBE-TOF1 3.2.0
2023-05-20 14:03:11,997 [INFO] ThirdParty:1030 - CMSIS Pack Vendor :STMicroelectronics PDM2PCM 3.2.0
2023-05-20 14:03:11,997 [INFO] ThirdParty:1030 - CMSIS Pack Vendor :STMicroelectronics X-CUBE-AZRTOS-H7 3.0.0
2023-05-20 14:03:11,998 [INFO] ThirdParty:841 - exiting critical section [change project]
2023-05-20 14:03:12,603 [INFO] PinOutPanel:1499 - setPackage(No Configuration,No Configuration)
2023-05-20 14:03:12,604 [INFO] PinOutPanel:1499 - setPackage(STM32F401CCUx,UFQFPN48)
2023-05-20 14:03:13,758 [INFO] UtilMem:75 - Before build in PCC Used Memory: 555007088 Bytes (653262848)
2023-05-20 14:03:15,399 [INFO] UtilMem:75 - After build in PCC Used Memory: 530807296 Bytes (653262848)
2023-05-20 14:03:15,539 [INFO] ApiDbMcu:507 - Load IP Config File for USB_DEVICE
2023-05-20 14:03:15,575 [INFO] IPUIPlugin:80 - create IPUIPlugin
2023-05-20 14:03:15,576 [INFO] IPUIPlugin:80 - create IPUIPlugin
2023-05-20 14:03:15,576 [INFO] IPUIPlugin:80 - create IPUIPlugin
2023-05-20 14:03:15,576 [INFO] IPUIPlugin:80 - create IPUIPlugin
2023-05-20 14:03:15,576 [INFO] IPUIPlugin:80 - create IPUIPlugin
2023-05-20 14:03:15,576 [INFO] IPUIPlugin:80 - create IPUIPlugin
2023-05-20 14:03:15,576 [INFO] IPUIPlugin:80 - create IPUIPlugin
2023-05-20 14:03:15,576 [INFO] IPUIPlugin:80 - create IPUIPlugin
2023-05-20 14:03:15,577 [INFO] IPUIPlugin:80 - create IPUIPlugin
2023-05-20 14:03:15,577 [INFO] IPUIPlugin:80 - create IPUIPlugin
2023-05-20 14:03:15,577 [INFO] IPUIPlugin:80 - create IPUIPlugin
2023-05-20 14:03:15,577 [INFO] IPUIPlugin:80 - create IPUIPlugin
2023-05-20 14:03:15,577 [INFO] IPUIPlugin:80 - create IPUIPlugin
2023-05-20 14:03:15,577 [INFO] IPUIPlugin:80 - create IPUIPlugin
2023-05-20 14:03:15,577 [INFO] IPUIPlugin:80 - create IPUIPlugin
2023-05-20 14:03:15,578 [INFO] IPUIPlugin:80 - create IPUIPlugin
2023-05-20 14:03:15,578 [INFO] IPUIPlugin:80 - create IPUIPlugin
2023-05-20 14:03:15,578 [INFO] IPUIPlugin:80 - create IPUIPlugin
2023-05-20 14:03:15,578 [INFO] IPUIPlugin:80 - create IPUIPlugin
2023-05-20 14:03:15,578 [INFO] IPUIPlugin:80 - create IPUIPlugin
2023-05-20 14:03:15,579 [INFO] IPUIPlugin:80 - create IPUIPlugin
2023-05-20 14:03:15,579 [INFO] IPUIPlugin:80 - create IPUIPlugin
2023-05-20 14:03:15,580 [INFO] IPUIPlugin:80 - create IPUIPlugin
2023-05-20 14:03:15,580 [INFO] IPUIPlugin:80 - create IPUIPlugin
2023-05-20 14:03:15,580 [INFO] IPUIPlugin:80 - create IPUIPlugin
2023-05-20 14:03:15,580 [INFO] IPUIPlugin:80 - create IPUIPlugin
2023-05-20 14:03:15,580 [INFO] IPUIPlugin:80 - create IPUIPlugin
2023-05-20 14:03:15,581 [INFO] IPUIPlugin:80 - create IPUIPlugin
2023-05-20 14:03:15,581 [INFO] IPUIPlugin:80 - create IPUIPlugin
2023-05-20 14:03:15,581 [INFO] IPUIPlugin:80 - create IPUIPlugin
2023-05-20 14:03:15,581 [INFO] IPUIPlugin:80 - create IPUIPlugin
2023-05-20 14:03:15,621 [INFO] IPUIPlugin:80 - create IPUIPlugin
2023-05-20 14:03:15,622 [INFO] IPUIPlugin:80 - create IPUIPlugin
2023-05-20 14:03:15,622 [INFO] IPUIPlugin:80 - create IPUIPlugin
2023-05-20 14:03:15,623 [INFO] IPUIPlugin:80 - create IPUIPlugin
2023-05-20 14:03:15,623 [INFO] IPUIPlugin:80 - create IPUIPlugin
2023-05-20 14:03:15,624 [INFO] IPUIPlugin:80 - create IPUIPlugin
2023-05-20 14:03:15,646 [INFO] ApiDbMcu:507 - Load IP Config File for PDM2PCM
2023-05-20 14:03:16,244 [INFO] CADModel:165 - CPN selected for project levelSTM32F401CCU6
2023-05-20 14:03:16,244 [INFO] CADModel:114 - Register for checkConnection events
2023-05-20 14:03:16,287 [INFO] OpenFileManager:328 - Restore cursor
2023-05-20 14:03:16,530 [WARN] IP:2113 - DEVICE_SERIAL0_CDC_FS not found: check if there is a RefParameter without a condition.
2023-05-20 14:03:16,530 [WARN] IP:2113 - DEVICE_SERIAL1_CDC_FS not found: check if there is a RefParameter without a condition.
2023-05-20 14:03:16,530 [WARN] IP:2113 - DEVICE_SERIAL2_CDC_FS not found: check if there is a RefParameter without a condition.
2023-05-20 14:03:16,534 [WARN] IP:2113 - DEVICE_SERIAL0_CDC_FS not found: check if there is a RefParameter without a condition.
2023-05-20 14:03:16,540 [WARN] IP:2113 - DEVICE_SERIAL1_CDC_FS not found: check if there is a RefParameter without a condition.
2023-05-20 14:03:16,540 [WARN] IP:2113 - DEVICE_SERIAL2_CDC_FS not found: check if there is a RefParameter without a condition.
2023-05-20 14:08:35,425 [WARN] IP:2113 - DEVICE_SERIAL0_CDC_FS not found: check if there is a RefParameter without a condition.
2023-05-20 14:08:35,425 [WARN] IP:2113 - DEVICE_SERIAL1_CDC_FS not found: check if there is a RefParameter without a condition.
2023-05-20 14:08:35,425 [WARN] IP:2113 - DEVICE_SERIAL2_CDC_FS not found: check if there is a RefParameter without a condition.
2023-05-20 14:08:35,426 [WARN] IP:2113 - DEVICE_SERIAL0_CDC_FS not found: check if there is a RefParameter without a condition.
2023-05-20 14:08:35,426 [WARN] IP:2113 - DEVICE_SERIAL1_CDC_FS not found: check if there is a RefParameter without a condition.
2023-05-20 14:08:35,426 [WARN] IP:2113 - DEVICE_SERIAL2_CDC_FS not found: check if there is a RefParameter without a condition.
2023-05-20 14:08:35,460 [WARN] IP:2113 - DEVICE_SERIAL0_CDC_FS not found: check if there is a RefParameter without a condition.
2023-05-20 14:08:35,460 [WARN] IP:2113 - DEVICE_SERIAL1_CDC_FS not found: check if there is a RefParameter without a condition.
2023-05-20 14:08:35,460 [WARN] IP:2113 - DEVICE_SERIAL2_CDC_FS not found: check if there is a RefParameter without a condition.
2023-05-20 14:08:35,483 [WARN] IP:2113 - DEVICE_SERIAL0_CDC_FS not found: check if there is a RefParameter without a condition.
2023-05-20 14:08:35,483 [WARN] IP:2113 - DEVICE_SERIAL1_CDC_FS not found: check if there is a RefParameter without a condition.
2023-05-20 14:08:35,483 [WARN] IP:2113 - DEVICE_SERIAL2_CDC_FS not found: check if there is a RefParameter without a condition.
2023-05-20 14:08:39,416 [WARN] IP:2113 - DEVICE_SERIAL0_CDC_FS not found: check if there is a RefParameter without a condition.
2023-05-20 14:08:39,416 [WARN] IP:2113 - DEVICE_SERIAL1_CDC_FS not found: check if there is a RefParameter without a condition.
2023-05-20 14:08:39,416 [WARN] IP:2113 - DEVICE_SERIAL2_CDC_FS not found: check if there is a RefParameter without a condition.
2023-05-20 14:08:39,417 [WARN] IP:2113 - DEVICE_SERIAL0_CDC_FS not found: check if there is a RefParameter without a condition.
2023-05-20 14:08:39,417 [WARN] IP:2113 - DEVICE_SERIAL1_CDC_FS not found: check if there is a RefParameter without a condition.
2023-05-20 14:08:39,417 [WARN] IP:2113 - DEVICE_SERIAL2_CDC_FS not found: check if there is a RefParameter without a condition.
2023-05-20 14:08:39,446 [WARN] IP:2113 - DEVICE_SERIAL0_CDC_FS not found: check if there is a RefParameter without a condition.
2023-05-20 14:08:39,446 [WARN] IP:2113 - DEVICE_SERIAL1_CDC_FS not found: check if there is a RefParameter without a condition.
2023-05-20 14:08:39,446 [WARN] IP:2113 - DEVICE_SERIAL2_CDC_FS not found: check if there is a RefParameter without a condition.
2023-05-20 14:08:39,469 [WARN] IP:2113 - DEVICE_SERIAL0_CDC_FS not found: check if there is a RefParameter without a condition.
2023-05-20 14:08:39,469 [WARN] IP:2113 - DEVICE_SERIAL1_CDC_FS not found: check if there is a RefParameter without a condition.
2023-05-20 14:08:39,469 [WARN] IP:2113 - DEVICE_SERIAL2_CDC_FS not found: check if there is a RefParameter without a condition.
2023-05-20 14:08:41,312 [WARN] IP:2113 - DEVICE_SERIAL0_CDC_FS not found: check if there is a RefParameter without a condition.
2023-05-20 14:08:41,312 [WARN] IP:2113 - DEVICE_SERIAL1_CDC_FS not found: check if there is a RefParameter without a condition.
2023-05-20 14:08:41,312 [WARN] IP:2113 - DEVICE_SERIAL2_CDC_FS not found: check if there is a RefParameter without a condition.
2023-05-20 14:08:41,319 [WARN] IP:2113 - DEVICE_SERIAL0_CDC_FS not found: check if there is a RefParameter without a condition.
2023-05-20 14:08:41,319 [WARN] IP:2113 - DEVICE_SERIAL1_CDC_FS not found: check if there is a RefParameter without a condition.
2023-05-20 14:08:41,319 [WARN] IP:2113 - DEVICE_SERIAL2_CDC_FS not found: check if there is a RefParameter without a condition.
2023-05-20 14:08:41,344 [WARN] IP:2113 - DEVICE_SERIAL0_CDC_FS not found: check if there is a RefParameter without a condition.
2023-05-20 14:08:41,344 [WARN] IP:2113 - DEVICE_SERIAL1_CDC_FS not found: check if there is a RefParameter without a condition.
2023-05-20 14:08:41,344 [WARN] IP:2113 - DEVICE_SERIAL2_CDC_FS not found: check if there is a RefParameter without a condition.
2023-05-20 14:08:41,360 [WARN] IP:2113 - DEVICE_SERIAL0_CDC_FS not found: check if there is a RefParameter without a condition.
2023-05-20 14:08:41,360 [WARN] IP:2113 - DEVICE_SERIAL1_CDC_FS not found: check if there is a RefParameter without a condition.
2023-05-20 14:08:41,360 [WARN] IP:2113 - DEVICE_SERIAL2_CDC_FS not found: check if there is a RefParameter without a condition.
2023-05-20 14:08:43,672 [WARN] IP:2113 - DEVICE_SERIAL0_CDC_FS not found: check if there is a RefParameter without a condition.
2023-05-20 14:08:43,673 [WARN] IP:2113 - DEVICE_SERIAL1_CDC_FS not found: check if there is a RefParameter without a condition.
2023-05-20 14:08:43,673 [WARN] IP:2113 - DEVICE_SERIAL2_CDC_FS not found: check if there is a RefParameter without a condition.
2023-05-20 14:08:43,673 [WARN] IP:2113 - DEVICE_SERIAL0_CDC_FS not found: check if there is a RefParameter without a condition.
2023-05-20 14:08:43,673 [WARN] IP:2113 - DEVICE_SERIAL1_CDC_FS not found: check if there is a RefParameter without a condition.
2023-05-20 14:08:43,675 [WARN] IP:2113 - DEVICE_SERIAL2_CDC_FS not found: check if there is a RefParameter without a condition.
2023-05-20 14:08:43,696 [WARN] IP:2113 - DEVICE_SERIAL0_CDC_FS not found: check if there is a RefParameter without a condition.
2023-05-20 14:08:43,696 [WARN] IP:2113 - DEVICE_SERIAL1_CDC_FS not found: check if there is a RefParameter without a condition.
2023-05-20 14:08:43,696 [WARN] IP:2113 - DEVICE_SERIAL2_CDC_FS not found: check if there is a RefParameter without a condition.
2023-05-20 14:08:43,714 [WARN] IP:2113 - DEVICE_SERIAL0_CDC_FS not found: check if there is a RefParameter without a condition.
2023-05-20 14:08:43,714 [WARN] IP:2113 - DEVICE_SERIAL1_CDC_FS not found: check if there is a RefParameter without a condition.
2023-05-20 14:08:43,714 [WARN] IP:2113 - DEVICE_SERIAL2_CDC_FS not found: check if there is a RefParameter without a condition.
2023-05-20 14:08:46,103 [INFO] Gpio:273 - dependency for GPIO [RCC, SYS, USART1, USB_OTG_FS]
2023-05-20 14:09:07,790 [INFO] UtilMem:75 - End SaveConfig() Used Memory: 492029512 Bytes (653262848)
2023-05-20 14:09:08,217 [INFO] UtilMem:75 - End SaveConfig() Used Memory: 515779264 Bytes (653262848)
2023-05-20 14:09:08,909 [INFO] UtilMem:75 - End SaveConfig() Used Memory: 551957184 Bytes (653262848)
2023-05-20 14:09:09,714 [INFO] BlockDiagram:2759 - set Specific Code input for plugin: USB_OTG_FS
2023-05-20 14:09:09,714 [INFO] BlockDiagram:2759 - set Specific Code input for plugin: NVIC
2023-05-20 14:09:09,714 [INFO] BlockDiagram:2759 - set Specific Code input for plugin: USART
2023-05-20 14:09:09,714 [INFO] BlockDiagram:2759 - set Specific Code input for plugin: USB_DEVICE
2023-05-20 14:09:09,714 [INFO] BlockDiagram:2759 - set Specific Code input for plugin: SYS
2023-05-20 14:09:09,714 [INFO] BlockDiagram:2759 - set Specific Code input for plugin: GPIO
2023-05-20 14:09:09,714 [INFO] BlockDiagram:2759 - set Specific Code input for plugin: RCC
2023-05-20 14:09:09,719 [INFO] CodeGenerator:793 - code generatio: config db path: C:\ST\STM32CubeIDE_1.12.0\STM32CubeIDE\plugins\com.st.stm32cube.common.mx_6.8.1.202304191431\\db\
2023-05-20 14:09:09,741 [WARN] IP:2113 - DEVICE_SERIAL0_CDC_FS not found: check if there is a RefParameter without a condition.
2023-05-20 14:09:09,741 [WARN] IP:2113 - DEVICE_SERIAL1_CDC_FS not found: check if there is a RefParameter without a condition.
2023-05-20 14:09:09,741 [WARN] IP:2113 - DEVICE_SERIAL2_CDC_FS not found: check if there is a RefParameter without a condition.
2023-05-20 14:09:10,444 [INFO] CodeEngine:255 - oldGeneratedFile, D:\STM32\BP_odrive_uart\MXTmpFiles\license.tmp_save
2023-05-20 14:09:10,922 [INFO] CodeEngine:279 - Generated code: D:\STM32\BP_odrive_uart\MXTmpFiles\license.tmp
2023-05-20 14:09:10,989 [INFO] CodeEngine:255 - oldGeneratedFile, D:\STM32\BP_odrive_uart\MXTmpFiles\gpio.tmp_save
2023-05-20 14:09:11,153 [INFO] CodeEngine:279 - Generated code: D:\STM32\BP_odrive_uart\MXTmpFiles\gpio.tmp
2023-05-20 14:09:11,207 [WARN] IPConfigManager:2937 - Warning: the RefConfig PWREx_EnableUSBVoltageDetector is not available in your config.xml file
2023-05-20 14:09:11,219 [INFO] CodeEngine:255 - oldGeneratedFile, D:\STM32\BP_odrive_uart\MXTmpFiles\usb_otg_fs_vars.tmp_save
2023-05-20 14:09:11,331 [INFO] CodeEngine:279 - Generated code: D:\STM32\BP_odrive_uart\MXTmpFiles\usb_otg_fs_vars.tmp
2023-05-20 14:09:11,343 [INFO] CodeEngine:255 - oldGeneratedFile, D:\STM32\BP_odrive_uart\MXTmpFiles\usb_otg_fs_inc.tmp_save
2023-05-20 14:09:11,419 [INFO] CodeEngine:279 - Generated code: D:\STM32\BP_odrive_uart\MXTmpFiles\usb_otg_fs_inc.tmp
2023-05-20 14:09:11,439 [INFO] CodeEngine:255 - oldGeneratedFile, D:\STM32\BP_odrive_uart\MXTmpFiles\usb_otg_fs_HalInit.tmp_save
2023-05-20 14:09:11,568 [INFO] CodeEngine:279 - Generated code: D:\STM32\BP_odrive_uart\MXTmpFiles\usb_otg_fs_HalInit.tmp
2023-05-20 14:09:11,584 [INFO] CodeEngine:255 - oldGeneratedFile, D:\STM32\BP_odrive_uart\MXTmpFiles\usb_otg_fs_Msp.tmp_save
2023-05-20 14:09:11,698 [INFO] CodeEngine:279 - Generated code: D:\STM32\BP_odrive_uart\MXTmpFiles\usb_otg_fs_Msp.tmp
2023-05-20 14:09:11,848 [INFO] Middleware:1439 - No code input for Bsp Dependency
2023-05-20 14:09:11,868 [INFO] Middleware:1439 - No code input for Bsp Dependency
2023-05-20 14:09:11,891 [INFO] CodeEngine:255 - oldGeneratedFile, D:\STM32\BP_odrive_uart\USB_DEVICE\App\usb_device.c_save
2023-05-20 14:09:12,029 [INFO] CodeEngine:279 - Generated code: D:\STM32\BP_odrive_uart\USB_DEVICE\App\usb_device.c
2023-05-20 14:09:12,078 [INFO] CodeEngine:255 - oldGeneratedFile, D:\STM32\BP_odrive_uart\USB_DEVICE\App\usb_device.h_save
2023-05-20 14:09:12,196 [INFO] CodeEngine:279 - Generated code: D:\STM32\BP_odrive_uart\USB_DEVICE\App\usb_device.h
2023-05-20 14:09:12,207 [INFO] CodeEngine:255 - oldGeneratedFile, D:\STM32\BP_odrive_uart\USB_DEVICE\Target\usbd_conf.h_save
2023-05-20 14:09:12,290 [INFO] CodeEngine:279 - Generated code: D:\STM32\BP_odrive_uart\USB_DEVICE\Target\usbd_conf.h
2023-05-20 14:09:12,310 [INFO] CodeEngine:255 - oldGeneratedFile, D:\STM32\BP_odrive_uart\USB_DEVICE\Target\usbd_conf.c_save
2023-05-20 14:09:12,403 [INFO] CodeEngine:279 - Generated code: D:\STM32\BP_odrive_uart\USB_DEVICE\Target\usbd_conf.c
2023-05-20 14:09:12,415 [INFO] CodeEngine:255 - oldGeneratedFile, D:\STM32\BP_odrive_uart\USB_DEVICE\App\usbd_desc.h_save
2023-05-20 14:09:12,489 [INFO] CodeEngine:279 - Generated code: D:\STM32\BP_odrive_uart\USB_DEVICE\App\usbd_desc.h
2023-05-20 14:09:12,507 [INFO] CodeEngine:255 - oldGeneratedFile, D:\STM32\BP_odrive_uart\USB_DEVICE\App\usbd_desc.c_save
2023-05-20 14:09:12,574 [INFO] CodeEngine:279 - Generated code: D:\STM32\BP_odrive_uart\USB_DEVICE\App\usbd_desc.c
2023-05-20 14:09:12,585 [INFO] CodeEngine:255 - oldGeneratedFile, D:\STM32\BP_odrive_uart\USB_DEVICE\App\usbd_cdc_if.h_save
2023-05-20 14:09:12,639 [INFO] CodeEngine:279 - Generated code: D:\STM32\BP_odrive_uart\USB_DEVICE\App\usbd_cdc_if.h
2023-05-20 14:09:12,654 [INFO] CodeEngine:255 - oldGeneratedFile, D:\STM32\BP_odrive_uart\USB_DEVICE\App\usbd_cdc_if.c_save
2023-05-20 14:09:12,722 [INFO] CodeEngine:279 - Generated code: D:\STM32\BP_odrive_uart\USB_DEVICE\App\usbd_cdc_if.c
2023-05-20 14:09:12,743 [INFO] CodeEngine:255 - oldGeneratedFile, D:\STM32\BP_odrive_uart\Core\Src\stm32f4xx_it.c_save
2023-05-20 14:09:12,850 [INFO] CodeEngine:279 - Generated code: D:\STM32\BP_odrive_uart\Core\Src\stm32f4xx_it.c
2023-05-20 14:09:12,858 [INFO] CodeEngine:255 - oldGeneratedFile, D:\STM32\BP_odrive_uart\Core\Inc\stm32f4xx_it.h_save
2023-05-20 14:09:12,919 [INFO] CodeEngine:279 - Generated code: D:\STM32\BP_odrive_uart\Core\Inc\stm32f4xx_it.h
2023-05-20 14:09:12,951 [INFO] CodeEngine:255 - oldGeneratedFile, D:\STM32\BP_odrive_uart\Core\Src\stm32f4xx_hal_msp.c_save
2023-05-20 14:09:13,123 [INFO] CodeEngine:279 - Generated code: D:\STM32\BP_odrive_uart\Core\Src\stm32f4xx_hal_msp.c
2023-05-20 14:09:13,141 [INFO] CodeEngine:255 - oldGeneratedFile, D:\STM32\BP_odrive_uart\MXTmpFiles\system.tmp_save
2023-05-20 14:09:13,216 [INFO] CodeEngine:279 - Generated code: D:\STM32\BP_odrive_uart\MXTmpFiles\system.tmp
2023-05-20 14:09:13,249 [INFO] CodeEngine:311 - oldGeneratedFile, D:\STM32\BP_odrive_uart\Core\Inc\stm32f4xx_hal_conf.h_save
2023-05-20 14:09:13,388 [INFO] CodeEngine:335 - Generated code: D:\STM32\BP_odrive_uart\Core\Inc\stm32f4xx_hal_conf.h
2023-05-20 14:09:13,479 [INFO] CodeEngine:255 - oldGeneratedFile, D:\STM32\BP_odrive_uart\Core\Inc\main.h_save
2023-05-20 14:09:13,586 [INFO] CodeEngine:279 - Generated code: D:\STM32\BP_odrive_uart\Core\Inc\main.h
2023-05-20 14:09:13,603 [INFO] CodeEngine:255 - oldGeneratedFile, D:\STM32\BP_odrive_uart\Core\Src\main.c_save
2023-05-20 14:09:13,764 [INFO] CodeEngine:279 - Generated code: D:\STM32\BP_odrive_uart\Core\Src\main.c
2023-05-20 14:09:14,489 [INFO] ProjectBuilder:2996 - Time for Copy HAL[1] : 154mS.
2023-05-20 14:09:14,501 [INFO] ProjectBuilder:4304 - Project Generator version: 3.19.2
2023-05-20 14:09:14,857 [INFO] ConfigFileManager:1483 - The Die is : DIE423
2023-05-20 14:09:14,872 [INFO] ApiDbMcu:507 - Load IP Config File for FATFS
2023-05-20 14:09:14,884 [INFO] ApiDbMcu:507 - Load IP Config File for FREERTOS
2023-05-20 14:09:14,893 [INFO] ApiDbMcu:507 - Load IP Config File for LIBJPEG
2023-05-20 14:09:14,898 [INFO] ApiDbMcu:507 - Load IP Config File for MBEDTLS
2023-05-20 14:09:14,914 [INFO] ApiDbMcu:507 - Load IP Config File for USB_HOST
2023-05-20 14:09:16,165 [INFO] LogOutputStream:77 - [STDOUT_REDIRECT] 
2023-05-20 14:09:17,998 [INFO] ProjectBuilder:4505 - Time for Generating toolchain IDE Files: 3497mS.
2023-05-20 14:09:17,998 [INFO] ProjectBuilder:2867 - Time for Copy CMSIS : 0mS.
2023-05-20 14:09:17,998 [INFO] ProjectBuilder:2867 - Time for Copy CMSIS : 0mS.
2023-05-20 14:20:36,438 [INFO] Gpio:273 - dependency for GPIO [RCC, SYS, USART1, USB_OTG_FS]
2023-05-20 14:20:36,529 [WARN] IP:2113 - DEVICE_SERIAL0_CDC_FS not found: check if there is a RefParameter without a condition.
2023-05-20 14:20:36,529 [WARN] IP:2113 - DEVICE_SERIAL1_CDC_FS not found: check if there is a RefParameter without a condition.
2023-05-20 14:20:36,529 [WARN] IP:2113 - DEVICE_SERIAL2_CDC_FS not found: check if there is a RefParameter without a condition.
2023-05-20 14:20:36,530 [WARN] IP:2113 - DEVICE_SERIAL0_CDC_FS not found: check if there is a RefParameter without a condition.
2023-05-20 14:20:36,530 [WARN] IP:2113 - DEVICE_SERIAL1_CDC_FS not found: check if there is a RefParameter without a condition.
2023-05-20 14:20:36,530 [WARN] IP:2113 - DEVICE_SERIAL2_CDC_FS not found: check if there is a RefParameter without a condition.
2023-05-20 14:20:36,550 [WARN] IP:2113 - DEVICE_SERIAL0_CDC_FS not found: check if there is a RefParameter without a condition.
2023-05-20 14:20:36,550 [WARN] IP:2113 - DEVICE_SERIAL1_CDC_FS not found: check if there is a RefParameter without a condition.
2023-05-20 14:20:36,550 [WARN] IP:2113 - DEVICE_SERIAL2_CDC_FS not found: check if there is a RefParameter without a condition.
2023-05-20 14:20:36,560 [WARN] IP:2113 - DEVICE_SERIAL0_CDC_FS not found: check if there is a RefParameter without a condition.
2023-05-20 14:20:36,560 [WARN] IP:2113 - DEVICE_SERIAL1_CDC_FS not found: check if there is a RefParameter without a condition.
2023-05-20 14:20:36,560 [WARN] IP:2113 - DEVICE_SERIAL2_CDC_FS not found: check if there is a RefParameter without a condition.
2023-05-20 14:20:36,579 [INFO] Gpio:273 - dependency for GPIO [RCC, SYS, USART1, USB_OTG_FS]
2023-05-20 14:20:38,695 [INFO] Gpio:273 - dependency for GPIO [RCC, SYS, USART1, USB_OTG_FS]
2023-05-20 14:20:38,760 [INFO] Gpio:273 - dependency for GPIO [RCC, SYS, USART1, USB_OTG_FS]
2023-05-20 14:20:38,835 [WARN] IP:2113 - DEVICE_SERIAL0_CDC_FS not found: check if there is a RefParameter without a condition.
2023-05-20 14:20:38,835 [WARN] IP:2113 - DEVICE_SERIAL1_CDC_FS not found: check if there is a RefParameter without a condition.
2023-05-20 14:20:38,835 [WARN] IP:2113 - DEVICE_SERIAL2_CDC_FS not found: check if there is a RefParameter without a condition.
2023-05-20 14:20:38,836 [WARN] IP:2113 - DEVICE_SERIAL0_CDC_FS not found: check if there is a RefParameter without a condition.
2023-05-20 14:20:38,836 [WARN] IP:2113 - DEVICE_SERIAL1_CDC_FS not found: check if there is a RefParameter without a condition.
2023-05-20 14:20:38,836 [WARN] IP:2113 - DEVICE_SERIAL2_CDC_FS not found: check if there is a RefParameter without a condition.
2023-05-20 14:20:38,850 [WARN] IP:2113 - DEVICE_SERIAL0_CDC_FS not found: check if there is a RefParameter without a condition.
2023-05-20 14:20:38,850 [WARN] IP:2113 - DEVICE_SERIAL1_CDC_FS not found: check if there is a RefParameter without a condition.
2023-05-20 14:20:38,850 [WARN] IP:2113 - DEVICE_SERIAL2_CDC_FS not found: check if there is a RefParameter without a condition.
2023-05-20 14:20:38,864 [WARN] IP:2113 - DEVICE_SERIAL0_CDC_FS not found: check if there is a RefParameter without a condition.
2023-05-20 14:20:38,864 [WARN] IP:2113 - DEVICE_SERIAL1_CDC_FS not found: check if there is a RefParameter without a condition.
2023-05-20 14:20:38,864 [WARN] IP:2113 - DEVICE_SERIAL2_CDC_FS not found: check if there is a RefParameter without a condition.
2023-05-20 14:20:38,888 [INFO] Gpio:273 - dependency for GPIO [RCC, SYS, USART1, USB_OTG_FS]
2023-05-20 14:20:47,300 [INFO] Pin:2113 - value.trim() 
2023-05-20 14:20:47,300 [INFO] Pin:2114 - Pin value PC13-ANTI_TAMP
2023-05-20 14:20:53,080 [INFO] UtilMem:75 - End SaveConfig() Used Memory: 404905376 Bytes (694157312)
2023-05-20 14:20:53,158 [INFO] UtilMem:75 - End SaveConfig() Used Memory: 422315880 Bytes (694157312)
2023-05-20 14:20:53,642 [INFO] UtilMem:75 - End SaveConfig() Used Memory: 454188448 Bytes (694157312)
2023-05-20 14:20:54,000 [INFO] BlockDiagram:2759 - set Specific Code input for plugin: USB_OTG_FS
2023-05-20 14:20:54,000 [INFO] BlockDiagram:2759 - set Specific Code input for plugin: NVIC
2023-05-20 14:20:54,000 [INFO] BlockDiagram:2759 - set Specific Code input for plugin: USART
2023-05-20 14:20:54,000 [INFO] BlockDiagram:2759 - set Specific Code input for plugin: USB_DEVICE
2023-05-20 14:20:54,000 [INFO] BlockDiagram:2759 - set Specific Code input for plugin: SYS
2023-05-20 14:20:54,000 [INFO] BlockDiagram:2759 - set Specific Code input for plugin: GPIO
2023-05-20 14:20:54,001 [INFO] BlockDiagram:2759 - set Specific Code input for plugin: RCC
2023-05-20 14:20:54,002 [INFO] CodeGenerator:793 - code generatio: config db path: C:\ST\STM32CubeIDE_1.12.0\STM32CubeIDE\plugins\com.st.stm32cube.common.mx_6.8.1.202304191431\\db\
2023-05-20 14:20:54,012 [WARN] IP:2113 - DEVICE_SERIAL0_CDC_FS not found: check if there is a RefParameter without a condition.
2023-05-20 14:20:54,012 [WARN] IP:2113 - DEVICE_SERIAL1_CDC_FS not found: check if there is a RefParameter without a condition.
2023-05-20 14:20:54,012 [WARN] IP:2113 - DEVICE_SERIAL2_CDC_FS not found: check if there is a RefParameter without a condition.
2023-05-20 14:20:54,240 [INFO] CodeEngine:255 - oldGeneratedFile, D:\STM32\BP_odrive_uart\MXTmpFiles\license.tmp_save
2023-05-20 14:20:54,343 [INFO] CodeEngine:279 - Generated code: D:\STM32\BP_odrive_uart\MXTmpFiles\license.tmp
2023-05-20 14:20:54,364 [INFO] CodeEngine:255 - oldGeneratedFile, D:\STM32\BP_odrive_uart\MXTmpFiles\gpio.tmp_save
2023-05-20 14:20:54,459 [INFO] CodeEngine:279 - Generated code: D:\STM32\BP_odrive_uart\MXTmpFiles\gpio.tmp
2023-05-20 14:20:54,487 [WARN] IPConfigManager:2937 - Warning: the RefConfig PWREx_EnableUSBVoltageDetector is not available in your config.xml file
2023-05-20 14:20:54,498 [INFO] CodeEngine:255 - oldGeneratedFile, D:\STM32\BP_odrive_uart\MXTmpFiles\usb_otg_fs_vars.tmp_save
2023-05-20 14:20:54,595 [INFO] CodeEngine:279 - Generated code: D:\STM32\BP_odrive_uart\MXTmpFiles\usb_otg_fs_vars.tmp
2023-05-20 14:20:54,597 [INFO] CodeEngine:255 - oldGeneratedFile, D:\STM32\BP_odrive_uart\MXTmpFiles\usb_otg_fs_inc.tmp_save
2023-05-20 14:20:54,649 [INFO] CodeEngine:279 - Generated code: D:\STM32\BP_odrive_uart\MXTmpFiles\usb_otg_fs_inc.tmp
2023-05-20 14:20:54,651 [INFO] CodeEngine:255 - oldGeneratedFile, D:\STM32\BP_odrive_uart\MXTmpFiles\usb_otg_fs_HalInit.tmp_save
2023-05-20 14:20:54,719 [INFO] CodeEngine:279 - Generated code: D:\STM32\BP_odrive_uart\MXTmpFiles\usb_otg_fs_HalInit.tmp
2023-05-20 14:20:54,723 [INFO] CodeEngine:255 - oldGeneratedFile, D:\STM32\BP_odrive_uart\MXTmpFiles\usb_otg_fs_Msp.tmp_save
2023-05-20 14:20:54,790 [INFO] CodeEngine:279 - Generated code: D:\STM32\BP_odrive_uart\MXTmpFiles\usb_otg_fs_Msp.tmp
2023-05-20 14:20:54,859 [INFO] Middleware:1439 - No code input for Bsp Dependency
2023-05-20 14:20:54,871 [INFO] Middleware:1439 - No code input for Bsp Dependency
2023-05-20 14:20:54,898 [INFO] CodeEngine:255 - oldGeneratedFile, D:\STM32\BP_odrive_uart\USB_DEVICE\App\usb_device.c_save
2023-05-20 14:20:54,977 [INFO] CodeEngine:279 - Generated code: D:\STM32\BP_odrive_uart\USB_DEVICE\App\usb_device.c
2023-05-20 14:20:54,980 [INFO] CodeEngine:255 - oldGeneratedFile, D:\STM32\BP_odrive_uart\USB_DEVICE\App\usb_device.h_save
2023-05-20 14:20:55,031 [INFO] CodeEngine:279 - Generated code: D:\STM32\BP_odrive_uart\USB_DEVICE\App\usb_device.h
2023-05-20 14:20:55,041 [INFO] CodeEngine:255 - oldGeneratedFile, D:\STM32\BP_odrive_uart\USB_DEVICE\Target\usbd_conf.h_save
2023-05-20 14:20:55,095 [INFO] CodeEngine:279 - Generated code: D:\STM32\BP_odrive_uart\USB_DEVICE\Target\usbd_conf.h
2023-05-20 14:20:55,105 [INFO] CodeEngine:255 - oldGeneratedFile, D:\STM32\BP_odrive_uart\USB_DEVICE\Target\usbd_conf.c_save
2023-05-20 14:20:55,188 [INFO] CodeEngine:279 - Generated code: D:\STM32\BP_odrive_uart\USB_DEVICE\Target\usbd_conf.c
2023-05-20 14:20:55,197 [INFO] CodeEngine:255 - oldGeneratedFile, D:\STM32\BP_odrive_uart\USB_DEVICE\App\usbd_desc.h_save
2023-05-20 14:20:55,245 [INFO] CodeEngine:279 - Generated code: D:\STM32\BP_odrive_uart\USB_DEVICE\App\usbd_desc.h
2023-05-20 14:20:55,253 [INFO] CodeEngine:255 - oldGeneratedFile, D:\STM32\BP_odrive_uart\USB_DEVICE\App\usbd_desc.c_save
2023-05-20 14:20:55,321 [INFO] CodeEngine:279 - Generated code: D:\STM32\BP_odrive_uart\USB_DEVICE\App\usbd_desc.c
2023-05-20 14:20:55,323 [INFO] CodeEngine:255 - oldGeneratedFile, D:\STM32\BP_odrive_uart\USB_DEVICE\App\usbd_cdc_if.h_save
2023-05-20 14:20:55,373 [INFO] CodeEngine:279 - Generated code: D:\STM32\BP_odrive_uart\USB_DEVICE\App\usbd_cdc_if.h
2023-05-20 14:20:55,381 [INFO] CodeEngine:255 - oldGeneratedFile, D:\STM32\BP_odrive_uart\USB_DEVICE\App\usbd_cdc_if.c_save
2023-05-20 14:20:55,565 [INFO] CodeEngine:279 - Generated code: D:\STM32\BP_odrive_uart\USB_DEVICE\App\usbd_cdc_if.c
2023-05-20 14:20:55,579 [INFO] CodeEngine:255 - oldGeneratedFile, D:\STM32\BP_odrive_uart\Core\Src\stm32f4xx_it.c_save
2023-05-20 14:20:55,660 [INFO] CodeEngine:279 - Generated code: D:\STM32\BP_odrive_uart\Core\Src\stm32f4xx_it.c
2023-05-20 14:20:55,664 [INFO] CodeEngine:255 - oldGeneratedFile, D:\STM32\BP_odrive_uart\Core\Inc\stm32f4xx_it.h_save
2023-05-20 14:20:55,718 [INFO] CodeEngine:279 - Generated code: D:\STM32\BP_odrive_uart\Core\Inc\stm32f4xx_it.h
2023-05-20 14:20:55,735 [INFO] CodeEngine:255 - oldGeneratedFile, D:\STM32\BP_odrive_uart\Core\Src\stm32f4xx_hal_msp.c_save
2023-05-20 14:20:55,809 [INFO] CodeEngine:279 - Generated code: D:\STM32\BP_odrive_uart\Core\Src\stm32f4xx_hal_msp.c
2023-05-20 14:20:55,811 [INFO] CodeEngine:255 - oldGeneratedFile, D:\STM32\BP_odrive_uart\MXTmpFiles\system.tmp_save
2023-05-20 14:20:55,859 [INFO] CodeEngine:279 - Generated code: D:\STM32\BP_odrive_uart\MXTmpFiles\system.tmp
2023-05-20 14:20:55,873 [INFO] CodeEngine:311 - oldGeneratedFile, D:\STM32\BP_odrive_uart\Core\Inc\stm32f4xx_hal_conf.h_save
2023-05-20 14:20:55,967 [INFO] CodeEngine:335 - Generated code: D:\STM32\BP_odrive_uart\Core\Inc\stm32f4xx_hal_conf.h
2023-05-20 14:20:56,006 [INFO] CodeEngine:255 - oldGeneratedFile, D:\STM32\BP_odrive_uart\Core\Inc\main.h_save
2023-05-20 14:20:56,109 [INFO] CodeEngine:279 - Generated code: D:\STM32\BP_odrive_uart\Core\Inc\main.h
2023-05-20 14:20:56,122 [INFO] CodeEngine:255 - oldGeneratedFile, D:\STM32\BP_odrive_uart\Core\Src\main.c_save
2023-05-20 14:20:56,230 [INFO] CodeEngine:279 - Generated code: D:\STM32\BP_odrive_uart\Core\Src\main.c
2023-05-20 14:20:56,892 [INFO] ProjectBuilder:2996 - Time for Copy HAL[1] : 98mS.
2023-05-20 14:20:56,894 [INFO] ProjectBuilder:4304 - Project Generator version: 3.19.2
2023-05-20 14:20:57,093 [INFO] ConfigFileManager:1483 - The Die is : DIE423
2023-05-20 14:20:59,188 [INFO] ProjectBuilder:4505 - Time for Generating toolchain IDE Files: 2294mS.
2023-05-20 14:20:59,189 [INFO] ProjectBuilder:2867 - Time for Copy CMSIS : 0mS.
2023-05-20 14:20:59,191 [INFO] ProjectBuilder:2867 - Time for Copy CMSIS : 0mS.
2023-05-20 16:16:54,596 [INFO] NvicIntPanel:101 - NVIC parent = com.st.microxplorer.plugins.ip.nvic.MultiNvicIntPanel[,0,0,0x0,invalid,layout=javax.swing.BoxLayout,alignmentX=0.0,alignmentY=0.0,border=,flags=9,maximumSize=,minimumSize=,preferredSize=]
2023-05-20 16:16:54,639 [WARN] IP:2113 - DEVICE_SERIAL0_CDC_FS not found: check if there is a RefParameter without a condition.
2023-05-20 16:16:54,639 [WARN] IP:2113 - DEVICE_SERIAL1_CDC_FS not found: check if there is a RefParameter without a condition.
2023-05-20 16:16:54,639 [WARN] IP:2113 - DEVICE_SERIAL2_CDC_FS not found: check if there is a RefParameter without a condition.
2023-05-20 16:16:54,640 [WARN] IP:2113 - DEVICE_SERIAL0_CDC_FS not found: check if there is a RefParameter without a condition.
2023-05-20 16:16:54,640 [WARN] IP:2113 - DEVICE_SERIAL1_CDC_FS not found: check if there is a RefParameter without a condition.
2023-05-20 16:16:54,640 [WARN] IP:2113 - DEVICE_SERIAL2_CDC_FS not found: check if there is a RefParameter without a condition.
2023-05-20 16:16:56,568 [INFO] NvicIntPanel:101 - NVIC parent = com.st.microxplorer.plugins.ip.nvic.MultiNvicIntPanel[,0,0,0x0,invalid,layout=javax.swing.BoxLayout,alignmentX=0.0,alignmentY=0.0,border=,flags=9,maximumSize=,minimumSize=,preferredSize=]
2023-05-20 16:16:56,610 [WARN] IP:2113 - DEVICE_SERIAL0_CDC_FS not found: check if there is a RefParameter without a condition.
2023-05-20 16:16:56,610 [WARN] IP:2113 - DEVICE_SERIAL1_CDC_FS not found: check if there is a RefParameter without a condition.
2023-05-20 16:16:56,610 [WARN] IP:2113 - DEVICE_SERIAL2_CDC_FS not found: check if there is a RefParameter without a condition.
2023-05-20 16:16:56,612 [WARN] IP:2113 - DEVICE_SERIAL0_CDC_FS not found: check if there is a RefParameter without a condition.
2023-05-20 16:16:56,612 [WARN] IP:2113 - DEVICE_SERIAL1_CDC_FS not found: check if there is a RefParameter without a condition.
2023-05-20 16:16:56,612 [WARN] IP:2113 - DEVICE_SERIAL2_CDC_FS not found: check if there is a RefParameter without a condition.
2023-05-20 16:17:00,827 [INFO] NvicIntPanel:101 - NVIC parent = com.st.microxplorer.plugins.ip.nvic.MultiNvicIntPanel[,0,0,0x0,invalid,layout=javax.swing.BoxLayout,alignmentX=0.0,alignmentY=0.0,border=,flags=9,maximumSize=,minimumSize=,preferredSize=]
2023-05-20 16:17:00,854 [WARN] IP:2113 - DEVICE_SERIAL0_CDC_FS not found: check if there is a RefParameter without a condition.
2023-05-20 16:17:00,854 [WARN] IP:2113 - DEVICE_SERIAL1_CDC_FS not found: check if there is a RefParameter without a condition.
2023-05-20 16:17:00,854 [WARN] IP:2113 - DEVICE_SERIAL2_CDC_FS not found: check if there is a RefParameter without a condition.
2023-05-20 16:17:00,855 [WARN] IP:2113 - DEVICE_SERIAL0_CDC_FS not found: check if there is a RefParameter without a condition.
2023-05-20 16:17:00,855 [WARN] IP:2113 - DEVICE_SERIAL1_CDC_FS not found: check if there is a RefParameter without a condition.
2023-05-20 16:17:00,855 [WARN] IP:2113 - DEVICE_SERIAL2_CDC_FS not found: check if there is a RefParameter without a condition.
2023-05-20 16:17:03,110 [INFO] NvicIntPanel:101 - NVIC parent = com.st.microxplorer.plugins.ip.nvic.MultiNvicIntPanel[,0,0,0x0,invalid,layout=javax.swing.BoxLayout,alignmentX=0.0,alignmentY=0.0,border=,flags=9,maximumSize=,minimumSize=,preferredSize=]
2023-05-20 16:17:03,154 [WARN] IP:2113 - DEVICE_SERIAL0_CDC_FS not found: check if there is a RefParameter without a condition.
2023-05-20 16:17:03,155 [WARN] IP:2113 - DEVICE_SERIAL1_CDC_FS not found: check if there is a RefParameter without a condition.
2023-05-20 16:17:03,155 [WARN] IP:2113 - DEVICE_SERIAL2_CDC_FS not found: check if there is a RefParameter without a condition.
2023-05-20 16:17:03,155 [WARN] IP:2113 - DEVICE_SERIAL0_CDC_FS not found: check if there is a RefParameter without a condition.
2023-05-20 16:17:03,155 [WARN] IP:2113 - DEVICE_SERIAL1_CDC_FS not found: check if there is a RefParameter without a condition.
2023-05-20 16:17:03,155 [WARN] IP:2113 - DEVICE_SERIAL2_CDC_FS not found: check if there is a RefParameter without a condition.
2023-05-20 16:17:05,061 [INFO] NvicIntPanel:101 - NVIC parent = com.st.microxplorer.plugins.ip.nvic.MultiNvicIntPanel[,0,0,576x257,layout=javax.swing.BoxLayout,alignmentX=0.0,alignmentY=0.0,border=,flags=9,maximumSize=,minimumSize=,preferredSize=]
2023-05-20 16:17:22,847 [WARN] IP:2113 - DEVICE_SERIAL0_CDC_FS not found: check if there is a RefParameter without a condition.
2023-05-20 16:17:22,849 [WARN] IP:2113 - DEVICE_SERIAL1_CDC_FS not found: check if there is a RefParameter without a condition.
2023-05-20 16:17:22,849 [WARN] IP:2113 - DEVICE_SERIAL2_CDC_FS not found: check if there is a RefParameter without a condition.
2023-05-20 16:17:22,851 [WARN] IP:2113 - DEVICE_SERIAL0_CDC_FS not found: check if there is a RefParameter without a condition.
2023-05-20 16:17:22,851 [WARN] IP:2113 - DEVICE_SERIAL1_CDC_FS not found: check if there is a RefParameter without a condition.
2023-05-20 16:17:22,851 [WARN] IP:2113 - DEVICE_SERIAL2_CDC_FS not found: check if there is a RefParameter without a condition.
2023-05-20 16:17:26,431 [INFO] UtilMem:75 - End SaveConfig() Used Memory: 443213832 Bytes (1073741824)
2023-05-20 16:17:26,487 [INFO] UtilMem:75 - End SaveConfig() Used Memory: 460060256 Bytes (1073741824)
2023-05-20 16:17:26,871 [INFO] UtilMem:75 - End SaveConfig() Used Memory: 492496904 Bytes (1073741824)
2023-05-20 16:17:27,208 [INFO] BlockDiagram:2759 - set Specific Code input for plugin: USB_OTG_FS
2023-05-20 16:17:27,208 [INFO] BlockDiagram:2759 - set Specific Code input for plugin: NVIC
2023-05-20 16:17:27,208 [INFO] BlockDiagram:2759 - set Specific Code input for plugin: USART
2023-05-20 16:17:27,208 [INFO] BlockDiagram:2759 - set Specific Code input for plugin: USB_DEVICE
2023-05-20 16:17:27,208 [INFO] BlockDiagram:2759 - set Specific Code input for plugin: SYS
2023-05-20 16:17:27,209 [INFO] BlockDiagram:2759 - set Specific Code input for plugin: GPIO
2023-05-20 16:17:27,209 [INFO] BlockDiagram:2759 - set Specific Code input for plugin: RCC
2023-05-20 16:17:27,209 [INFO] CodeGenerator:793 - code generatio: config db path: C:\ST\STM32CubeIDE_1.12.0\STM32CubeIDE\plugins\com.st.stm32cube.common.mx_6.8.1.202304191431\\db\
2023-05-20 16:17:27,220 [WARN] IP:2113 - DEVICE_SERIAL0_CDC_FS not found: check if there is a RefParameter without a condition.
2023-05-20 16:17:27,220 [WARN] IP:2113 - DEVICE_SERIAL1_CDC_FS not found: check if there is a RefParameter without a condition.
2023-05-20 16:17:27,220 [WARN] IP:2113 - DEVICE_SERIAL2_CDC_FS not found: check if there is a RefParameter without a condition.
2023-05-20 16:17:27,504 [INFO] CodeEngine:255 - oldGeneratedFile, D:\STM32\BP_odrive_uart\MXTmpFiles\license.tmp_save
2023-05-20 16:17:27,704 [INFO] CodeEngine:279 - Generated code: D:\STM32\BP_odrive_uart\MXTmpFiles\license.tmp
2023-05-20 16:17:27,717 [INFO] CodeEngine:255 - oldGeneratedFile, D:\STM32\BP_odrive_uart\MXTmpFiles\gpio.tmp_save
2023-05-20 16:17:27,814 [INFO] CodeEngine:279 - Generated code: D:\STM32\BP_odrive_uart\MXTmpFiles\gpio.tmp
2023-05-20 16:17:27,836 [WARN] IPConfigManager:2937 - Warning: the RefConfig PWREx_EnableUSBVoltageDetector is not available in your config.xml file
2023-05-20 16:17:27,842 [INFO] CodeEngine:255 - oldGeneratedFile, D:\STM32\BP_odrive_uart\MXTmpFiles\usb_otg_fs_vars.tmp_save
2023-05-20 16:17:27,934 [INFO] CodeEngine:279 - Generated code: D:\STM32\BP_odrive_uart\MXTmpFiles\usb_otg_fs_vars.tmp
2023-05-20 16:17:27,936 [INFO] CodeEngine:255 - oldGeneratedFile, D:\STM32\BP_odrive_uart\MXTmpFiles\usb_otg_fs_inc.tmp_save
2023-05-20 16:17:27,988 [INFO] CodeEngine:279 - Generated code: D:\STM32\BP_odrive_uart\MXTmpFiles\usb_otg_fs_inc.tmp
2023-05-20 16:17:27,992 [INFO] CodeEngine:255 - oldGeneratedFile, D:\STM32\BP_odrive_uart\MXTmpFiles\usb_otg_fs_HalInit.tmp_save
2023-05-20 16:17:28,058 [INFO] CodeEngine:279 - Generated code: D:\STM32\BP_odrive_uart\MXTmpFiles\usb_otg_fs_HalInit.tmp
2023-05-20 16:17:28,060 [INFO] CodeEngine:255 - oldGeneratedFile, D:\STM32\BP_odrive_uart\MXTmpFiles\usb_otg_fs_Msp.tmp_save
2023-05-20 16:17:28,126 [INFO] CodeEngine:279 - Generated code: D:\STM32\BP_odrive_uart\MXTmpFiles\usb_otg_fs_Msp.tmp
2023-05-20 16:17:28,194 [INFO] Middleware:1439 - No code input for Bsp Dependency
2023-05-20 16:17:28,281 [INFO] Middleware:1439 - No code input for Bsp Dependency
2023-05-20 16:17:28,297 [INFO] CodeEngine:255 - oldGeneratedFile, D:\STM32\BP_odrive_uart\USB_DEVICE\App\usb_device.c_save
2023-05-20 16:17:28,386 [INFO] CodeEngine:279 - Generated code: D:\STM32\BP_odrive_uart\USB_DEVICE\App\usb_device.c
2023-05-20 16:17:28,388 [INFO] CodeEngine:255 - oldGeneratedFile, D:\STM32\BP_odrive_uart\USB_DEVICE\App\usb_device.h_save
2023-05-20 16:17:28,481 [INFO] CodeEngine:279 - Generated code: D:\STM32\BP_odrive_uart\USB_DEVICE\App\usb_device.h
2023-05-20 16:17:28,491 [INFO] CodeEngine:255 - oldGeneratedFile, D:\STM32\BP_odrive_uart\USB_DEVICE\Target\usbd_conf.h_save
2023-05-20 16:17:28,551 [INFO] CodeEngine:279 - Generated code: D:\STM32\BP_odrive_uart\USB_DEVICE\Target\usbd_conf.h
2023-05-20 16:17:28,561 [INFO] CodeEngine:255 - oldGeneratedFile, D:\STM32\BP_odrive_uart\USB_DEVICE\Target\usbd_conf.c_save
2023-05-20 16:17:28,631 [INFO] CodeEngine:279 - Generated code: D:\STM32\BP_odrive_uart\USB_DEVICE\Target\usbd_conf.c
2023-05-20 16:17:28,640 [INFO] CodeEngine:255 - oldGeneratedFile, D:\STM32\BP_odrive_uart\USB_DEVICE\App\usbd_desc.h_save
2023-05-20 16:17:28,689 [INFO] CodeEngine:279 - Generated code: D:\STM32\BP_odrive_uart\USB_DEVICE\App\usbd_desc.h
2023-05-20 16:17:28,698 [INFO] CodeEngine:255 - oldGeneratedFile, D:\STM32\BP_odrive_uart\USB_DEVICE\App\usbd_desc.c_save
2023-05-20 16:17:28,772 [INFO] CodeEngine:279 - Generated code: D:\STM32\BP_odrive_uart\USB_DEVICE\App\usbd_desc.c
2023-05-20 16:17:28,775 [INFO] CodeEngine:255 - oldGeneratedFile, D:\STM32\BP_odrive_uart\USB_DEVICE\App\usbd_cdc_if.h_save
2023-05-20 16:17:28,818 [INFO] CodeEngine:279 - Generated code: D:\STM32\BP_odrive_uart\USB_DEVICE\App\usbd_cdc_if.h
2023-05-20 16:17:28,827 [INFO] CodeEngine:255 - oldGeneratedFile, D:\STM32\BP_odrive_uart\USB_DEVICE\App\usbd_cdc_if.c_save
2023-05-20 16:17:28,897 [INFO] CodeEngine:279 - Generated code: D:\STM32\BP_odrive_uart\USB_DEVICE\App\usbd_cdc_if.c
2023-05-20 16:17:28,913 [INFO] CodeEngine:255 - oldGeneratedFile, D:\STM32\BP_odrive_uart\Core\Src\stm32f4xx_it.c_save
2023-05-20 16:17:29,044 [INFO] CodeEngine:279 - Generated code: D:\STM32\BP_odrive_uart\Core\Src\stm32f4xx_it.c
2023-05-20 16:17:29,055 [INFO] CodeEngine:255 - oldGeneratedFile, D:\STM32\BP_odrive_uart\Core\Inc\stm32f4xx_it.h_save
2023-05-20 16:17:29,108 [INFO] CodeEngine:279 - Generated code: D:\STM32\BP_odrive_uart\Core\Inc\stm32f4xx_it.h
2023-05-20 16:17:29,128 [INFO] CodeEngine:255 - oldGeneratedFile, D:\STM32\BP_odrive_uart\Core\Src\stm32f4xx_hal_msp.c_save
2023-05-20 16:17:29,204 [INFO] CodeEngine:279 - Generated code: D:\STM32\BP_odrive_uart\Core\Src\stm32f4xx_hal_msp.c
2023-05-20 16:17:29,206 [INFO] CodeEngine:255 - oldGeneratedFile, D:\STM32\BP_odrive_uart\MXTmpFiles\system.tmp_save
2023-05-20 16:17:29,258 [INFO] CodeEngine:279 - Generated code: D:\STM32\BP_odrive_uart\MXTmpFiles\system.tmp
2023-05-20 16:17:29,270 [INFO] CodeEngine:311 - oldGeneratedFile, D:\STM32\BP_odrive_uart\Core\Inc\stm32f4xx_hal_conf.h_save
2023-05-20 16:17:29,351 [INFO] CodeEngine:335 - Generated code: D:\STM32\BP_odrive_uart\Core\Inc\stm32f4xx_hal_conf.h
2023-05-20 16:17:29,382 [INFO] CodeEngine:255 - oldGeneratedFile, D:\STM32\BP_odrive_uart\Core\Inc\main.h_save
2023-05-20 16:17:29,454 [INFO] CodeEngine:279 - Generated code: D:\STM32\BP_odrive_uart\Core\Inc\main.h
2023-05-20 16:17:29,464 [INFO] CodeEngine:255 - oldGeneratedFile, D:\STM32\BP_odrive_uart\Core\Src\main.c_save
2023-05-20 16:17:29,551 [INFO] CodeEngine:279 - Generated code: D:\STM32\BP_odrive_uart\Core\Src\main.c
2023-05-20 16:17:30,098 [INFO] ProjectBuilder:2996 - Time for Copy HAL[1] : 129mS.
2023-05-20 16:17:30,101 [INFO] ProjectBuilder:4304 - Project Generator version: 3.19.2
2023-05-20 16:17:30,277 [INFO] ConfigFileManager:1483 - The Die is : DIE423
2023-05-20 16:17:32,158 [INFO] ProjectBuilder:4505 - Time for Generating toolchain IDE Files: 2056mS.
2023-05-20 16:17:32,159 [INFO] ProjectBuilder:2867 - Time for Copy CMSIS : 0mS.
2023-05-20 16:17:32,162 [INFO] ProjectBuilder:2867 - Time for Copy CMSIS : 1mS.
