2023-05-02 08:36:48,767 [INFO] Activator:176 - 


2023-05-02 08:36:48,773 [INFO] Activator:177 - !SESSION log4j initialized
2023-05-02 08:37:00,331 [INFO] LogOutputStream:77 - [STDOUT_REDIRECT] 
2023-05-02 08:37:40,051 [ERROR] LogOutputStream:75 - [STDERR_REDIRECT] SLF4J: Failed to load class "org.slf4j.impl.StaticLoggerBinder".
2023-05-02 08:37:40,052 [ERROR] LogOutputStream:75 - [STDERR_REDIRECT] SLF4J: Defaulting to no-operation (NOP) logger implementation
2023-05-02 08:37:40,054 [ERROR] LogOutputStream:75 - [STDERR_REDIRECT] SLF4J: See http://www.slf4j.org/codes.html#StaticLoggerBinder for further details.
2023-05-02 08:37:42,745 [INFO] ApplicationProperties:184 - Using Application install path: C:\ST\STM32CubeIDE_1.12.0\STM32CubeIDE\plugins\com.st.stm32cube.common.mx_6.8.0.202302231600
2023-05-02 08:37:42,775 [INFO] DbMcusXml:78 - Set database path to: C:\ST\STM32CubeIDE_1.12.0\STM32CubeIDE\plugins\com.st.stm32cube.common.mx_6.8.0.202302231600\\db\/mcu/
2023-05-02 08:37:42,776 [INFO] ApiDb:274 - Set plugin database path to: C:\ST\STM32CubeIDE_1.12.0\STM32CubeIDE\plugins\com.st.stm32cube.common.mx_6.8.0.202302231600\\db\/plugins/boardmanager/
2023-05-02 08:37:42,778 [WARN] ApiDb:259 - Overriding images path with different value:  => C:\ST\STM32CubeIDE_1.12.0\STM32CubeIDE\plugins\com.st.stm32cube.common.mx_6.8.0.202302231600\\db\/plugins/mcufinder/images/
2023-05-02 08:37:42,808 [INFO] ApiDb:250 - Set database path to: C:\Users\user\.stmcufinder\plugins\mcufinder//mcu/
2023-05-02 08:37:42,809 [INFO] DbMcusAds:125 - Set database path to: C:\Users\user\.stmcufinder\plugins\mcufinder//mcu/
2023-05-02 08:37:42,854 [INFO] CrossReferenceDbSqlite:203 - Set database path to: C:\Users\user\.stmcufinder\plugins\mcufinder//mcu/cs/
2023-05-02 08:37:42,974 [INFO] RulesReader:64 - Compatibility file has been processed (293 Rules)
2023-05-02 08:37:43,077 [INFO] DbMcusXml:78 - Set database path to: C:\ST\STM32CubeIDE_1.12.0\STM32CubeIDE\plugins\com.st.stm32cube.common.mx_6.8.0.202302231600\\db\/mcu/
2023-05-02 08:37:43,077 [INFO] ApiDb:274 - Set plugin database path to: C:\ST\STM32CubeIDE_1.12.0\STM32CubeIDE\plugins\com.st.stm32cube.common.mx_6.8.0.202302231600\\db\/plugins/boardmanager/
2023-05-02 08:37:43,077 [INFO] ApiDb:261 - Set plugin images path to: C:\ST\STM32CubeIDE_1.12.0\STM32CubeIDE\plugins\com.st.stm32cube.common.mx_6.8.0.202302231600\\db\/plugins/mcufinder/images/
2023-05-02 08:37:43,078 [WARN] DbFile:41 - Overriding database path with different value: C:\Users\user\.stmcufinder\plugins\mcufinder/ => C:\Users\user\.stmcufinder\plugins\mcufinder
2023-05-02 08:37:43,078 [INFO] ApiDb:250 - Set database path to: C:\Users\user\.stmcufinder\plugins\mcufinder//mcu/
2023-05-02 08:37:43,078 [WARN] DbFile:41 - Overriding database path with different value: C:\Users\user\.stmcufinder\plugins\mcufinder/ => C:\Users\user\.stmcufinder\plugins\mcufinder
2023-05-02 08:37:43,078 [INFO] DbMcusAds:125 - Set database path to: C:\Users\user\.stmcufinder\plugins\mcufinder//mcu/
2023-05-02 08:37:43,078 [WARN] DbFile:41 - Overriding database path with different value: C:\Users\user\.stmcufinder\plugins\mcufinder/ => C:\Users\user\.stmcufinder\plugins\mcufinder
2023-05-02 08:37:43,078 [WARN] DbFile:41 - Overriding database path with different value: C:\Users\user\.stmcufinder\plugins\mcufinder/ => C:\Users\user\.stmcufinder\plugins\mcufinder
2023-05-02 08:37:43,078 [INFO] CrossReferenceDbSqlite:203 - Set database path to: C:\Users\user\.stmcufinder\plugins\mcufinder//mcu/cs/
2023-05-02 08:37:43,167 [INFO] MainPanel:253 - HeapMemory: 268435456
2023-05-02 08:37:43,305 [INFO] DbMcusXml:78 - Set database path to: C:\ST\STM32CubeIDE_1.12.0\STM32CubeIDE\plugins\com.st.stm32cube.common.mx_6.8.0.202302231600\\db\/mcu/
2023-05-02 08:37:43,305 [INFO] ApiDb:274 - Set plugin database path to: C:\ST\STM32CubeIDE_1.12.0\STM32CubeIDE\plugins\com.st.stm32cube.common.mx_6.8.0.202302231600\\db\/plugins/boardmanager/
2023-05-02 08:37:43,305 [INFO] ApiDb:261 - Set plugin images path to: C:\ST\STM32CubeIDE_1.12.0\STM32CubeIDE\plugins\com.st.stm32cube.common.mx_6.8.0.202302231600\\db\/plugins/mcufinder/images/
2023-05-02 08:37:43,305 [WARN] DbFile:41 - Overriding database path with different value: C:\Users\user\.stmcufinder\plugins\mcufinder/ => C:\Users\user\.stmcufinder\plugins\mcufinder
2023-05-02 08:37:43,306 [INFO] ApiDb:250 - Set database path to: C:\Users\user\.stmcufinder\plugins\mcufinder//mcu/
2023-05-02 08:37:43,306 [WARN] DbFile:41 - Overriding database path with different value: C:\Users\user\.stmcufinder\plugins\mcufinder/ => C:\Users\user\.stmcufinder\plugins\mcufinder
2023-05-02 08:37:43,306 [INFO] DbMcusAds:125 - Set database path to: C:\Users\user\.stmcufinder\plugins\mcufinder//mcu/
2023-05-02 08:37:43,306 [WARN] DbFile:41 - Overriding database path with different value: C:\Users\user\.stmcufinder\plugins\mcufinder/ => C:\Users\user\.stmcufinder\plugins\mcufinder
2023-05-02 08:37:43,306 [WARN] DbFile:41 - Overriding database path with different value: C:\Users\user\.stmcufinder\plugins\mcufinder/ => C:\Users\user\.stmcufinder\plugins\mcufinder
2023-05-02 08:37:43,307 [INFO] CrossReferenceDbSqlite:203 - Set database path to: C:\Users\user\.stmcufinder\plugins\mcufinder//mcu/cs/
2023-05-02 08:37:43,327 [INFO] ApplicationProperties:184 - Using Application install path: C:\ST\STM32CubeIDE_1.12.0\STM32CubeIDE\plugins\com.st.stm32cube.common.mx_6.8.0.202302231600
2023-05-02 08:37:43,330 [INFO] PluginManage:196 - Search for loadable plugins [exclusion list=, ]
2023-05-02 08:37:43,331 [INFO] PluginManage:310 - Check plugin analytics
2023-05-02 08:37:43,533 [INFO] AnalyticsPlugin:253 - Accepted Software Licenses: STM32CubeMX.6.8.0
2023-05-02 08:37:43,533 [INFO] AnalyticsPlugin:255 - Accepted CMSIS Pack Licenses: emotas.I-CUBE-CANOPEN.1.1.3
2023-05-02 08:37:43,534 [INFO] AnalyticsPlugin:257 - Accepted Firmware Licenses: FW.H7.1.11.0,FW.G0.1.6.0
2023-05-02 08:37:43,545 [INFO] PluginManage:359 - Loaded plugin analytics (category:tool,tabindex:-1)
2023-05-02 08:37:43,545 [INFO] PluginManage:310 - Check plugin cadmodel
2023-05-02 08:37:43,565 [INFO] CADModel:105 - Init CAD model plugin
2023-05-02 08:37:43,566 [INFO] PluginManage:359 - Loaded plugin cadmodel (category:power,tabindex:5)
2023-05-02 08:37:43,566 [INFO] PluginManage:310 - Check plugin clock
2023-05-02 08:37:43,600 [INFO] PluginManage:359 - Loaded plugin clock (category:base,tabindex:2)
2023-05-02 08:37:43,600 [INFO] PluginManage:310 - Check plugin ddr
2023-05-02 08:37:43,603 [INFO] PluginManage:359 - Loaded plugin ddr (category:tool,tabindex:6)
2023-05-02 08:37:43,605 [INFO] PluginManage:310 - Check plugin filemanager
2023-05-02 08:37:43,775 [INFO] PluginManage:359 - Loaded plugin filemanager (category:base,tabindex:10)
2023-05-02 08:37:43,776 [INFO] PluginManage:310 - Check plugin ipmanager
2023-05-02 08:37:43,785 [INFO] PluginManage:359 - Loaded plugin ipmanager (category:base,tabindex:5)
2023-05-02 08:37:43,785 [INFO] PluginManage:310 - Check plugin lpbam
2023-05-02 08:37:43,809 [INFO] PluginManage:359 - Loaded plugin lpbam (category:base,tabindex:0)
2023-05-02 08:37:43,809 [INFO] PluginManage:310 - Check plugin pinoutandconfiguration
2023-05-02 08:37:43,831 [INFO] PluginManage:359 - Loaded plugin pinoutandconfiguration (category:base,tabindex:1)
2023-05-02 08:37:43,832 [INFO] PluginManage:310 - Check plugin pinoutconfig
2023-05-02 08:37:43,998 [WARN] SupportedApi:132 - Cannot load RTOS API schema: s4s-elt-must-match.1: The content of 'definitions' must match (annotation?, (simpleType | complexType)?, (unique | key | keyref)*)). A problem was found starting at: attribute.
2023-05-02 08:37:44,165 [INFO] PluginManage:359 - Loaded plugin pinoutconfig (category:base,tabindex:0)
2023-05-02 08:37:44,166 [INFO] PluginManage:310 - Check plugin power
2023-05-02 08:37:44,203 [INFO] PluginManage:359 - Loaded plugin power (category:power,tabindex:4)
2023-05-02 08:37:44,203 [INFO] PluginManage:310 - Check plugin projectmanager
2023-05-02 08:37:44,230 [INFO] PluginManage:359 - Loaded plugin projectmanager (category:projectmanager,tabindex:3)
2023-05-02 08:37:44,232 [INFO] PluginManage:310 - Check plugin thirdparty
2023-05-02 08:37:44,595 [INFO] PluginManage:359 - Loaded plugin thirdparty (category:base,tabindex:-1)
2023-05-02 08:37:44,595 [WARN] IntegrityCheckThread:84 - waiting for thirdparty lock release [integrity check]
2023-05-02 08:37:44,595 [INFO] PluginManage:310 - Check plugin tools
2023-05-02 08:37:44,597 [INFO] IntegrityCheckThread:86 - entering critical section [integrity check]
2023-05-02 08:37:44,600 [INFO] ThirdPartyUpdaterWithRetryManager:70 - Updater plugin not ready yet. [1/15]
2023-05-02 08:37:44,635 [INFO] PluginManage:359 - Loaded plugin tools (category:base,tabindex:7)
2023-05-02 08:37:44,635 [INFO] PluginManage:310 - Check plugin tutovideos
2023-05-02 08:37:44,983 [INFO] PluginManage:359 - Loaded plugin tutovideos (category:base,tabindex:-1)
2023-05-02 08:37:44,983 [INFO] PluginManage:310 - Check plugin updater
2023-05-02 08:37:45,016 [INFO] PluginManage:359 - Loaded plugin updater (category:base,tabindex:12)
2023-05-02 08:37:45,017 [INFO] PluginManage:283 - PluginManage : Loaded plugins [15]
2023-05-02 08:37:45,696 [INFO] PinOutPanel:1499 - setPackage(No Configuration,No Configuration)
2023-05-02 08:37:45,883 [INFO] CADModel:165 - CPN selected for project level
2023-05-02 08:37:45,884 [INFO] CADModel:114 - Register for checkConnection events
2023-05-02 08:37:45,922 [INFO] IPUIPlugin:80 - create IPUIPlugin
2023-05-02 08:37:45,923 [INFO] PluginManager:220 - loadIPPluginJar : add adc
2023-05-02 08:37:45,961 [INFO] IPUIPlugin:80 - create IPUIPlugin
2023-05-02 08:37:45,961 [INFO] PluginManager:220 - loadIPPluginJar : add aes
2023-05-02 08:37:46,019 [INFO] IPUIPlugin:80 - create IPUIPlugin
2023-05-02 08:37:46,019 [INFO] PluginManager:220 - loadIPPluginJar : add can
2023-05-02 08:37:46,052 [INFO] IPUIPlugin:80 - create IPUIPlugin
2023-05-02 08:37:46,052 [INFO] PluginManager:220 - loadIPPluginJar : add comp
2023-05-02 08:37:46,115 [INFO] IPUIPlugin:80 - create IPUIPlugin
2023-05-02 08:37:46,116 [INFO] PluginManager:220 - loadIPPluginJar : add cryp
2023-05-02 08:37:46,172 [INFO] IPUIPlugin:80 - create IPUIPlugin
2023-05-02 08:37:46,172 [INFO] PluginManager:220 - loadIPPluginJar : add dfsdm
2023-05-02 08:37:46,193 [INFO] IPUIPlugin:80 - create IPUIPlugin
2023-05-02 08:37:46,194 [INFO] PluginManager:220 - loadIPPluginJar : add dma
2023-05-02 08:37:46,241 [INFO] IPUIPlugin:80 - create IPUIPlugin
2023-05-02 08:37:46,241 [INFO] PluginManager:220 - loadIPPluginJar : add dma3
2023-05-02 08:37:46,260 [INFO] IPUIPlugin:80 - create IPUIPlugin
2023-05-02 08:37:46,260 [INFO] PluginManager:220 - loadIPPluginJar : add fatfs
2023-05-02 08:37:46,302 [INFO] IPUIPlugin:80 - create IPUIPlugin
2023-05-02 08:37:46,302 [INFO] PluginManager:220 - loadIPPluginJar : add fmc
2023-05-02 08:37:46,320 [INFO] IPUIPlugin:80 - create IPUIPlugin
2023-05-02 08:37:46,320 [INFO] PluginManager:220 - loadIPPluginJar : add freertos
2023-05-02 08:37:46,337 [INFO] IPUIPlugin:80 - create IPUIPlugin
2023-05-02 08:37:46,337 [INFO] PluginManager:220 - loadIPPluginJar : add genericplugin
2023-05-02 08:37:46,479 [INFO] IPUIPlugin:80 - create IPUIPlugin
2023-05-02 08:37:46,479 [INFO] PluginManager:220 - loadIPPluginJar : add gfxmmu
2023-05-02 08:37:46,638 [INFO] IPUIPlugin:80 - create IPUIPlugin
2023-05-02 08:37:46,638 [INFO] PluginManager:220 - loadIPPluginJar : add gic
2023-05-02 08:37:46,652 [INFO] IPUIPlugin:80 - create IPUIPlugin
2023-05-02 08:37:46,652 [INFO] PluginManager:220 - loadIPPluginJar : add gpio
2023-05-02 08:37:46,740 [INFO] IPUIPlugin:80 - create IPUIPlugin
2023-05-02 08:37:46,741 [INFO] PluginManager:220 - loadIPPluginJar : add gtzc
2023-05-02 08:37:46,770 [INFO] IPUIPlugin:80 - create IPUIPlugin
2023-05-02 08:37:46,770 [INFO] PluginManager:220 - loadIPPluginJar : add hash
2023-05-02 08:37:46,821 [INFO] IPUIPlugin:80 - create IPUIPlugin
2023-05-02 08:37:46,821 [INFO] PluginManager:220 - loadIPPluginJar : add i2c
2023-05-02 08:37:46,855 [INFO] IPUIPlugin:80 - create IPUIPlugin
2023-05-02 08:37:46,855 [INFO] PluginManager:220 - loadIPPluginJar : add i2s
2023-05-02 08:37:46,892 [INFO] IPUIPlugin:80 - create IPUIPlugin
2023-05-02 08:37:46,892 [INFO] PluginManager:220 - loadIPPluginJar : add i3c
2023-05-02 08:37:46,984 [INFO] IPUIPlugin:80 - create IPUIPlugin
2023-05-02 08:37:46,984 [INFO] PluginManager:220 - loadIPPluginJar : add ipddr
2023-05-02 08:37:47,066 [INFO] IPUIPlugin:80 - create IPUIPlugin
2023-05-02 08:37:47,066 [INFO] PluginManager:220 - loadIPPluginJar : add linkedlist
2023-05-02 08:37:47,120 [INFO] IPUIPlugin:80 - create IPUIPlugin
2023-05-02 08:37:47,120 [INFO] PluginManager:220 - loadIPPluginJar : add lorawan
2023-05-02 08:37:47,168 [INFO] IPUIPlugin:80 - create IPUIPlugin
2023-05-02 08:37:47,168 [INFO] PluginManager:220 - loadIPPluginJar : add ltdc
2023-05-02 08:37:47,187 [INFO] IPUIPlugin:80 - create IPUIPlugin
2023-05-02 08:37:47,187 [INFO] PluginManager:220 - loadIPPluginJar : add mdma
2023-05-02 08:37:47,203 [INFO] IPUIPlugin:80 - create IPUIPlugin
2023-05-02 08:37:47,203 [INFO] PluginManager:220 - loadIPPluginJar : add nvic
2023-05-02 08:37:47,252 [INFO] IPUIPlugin:80 - create IPUIPlugin
2023-05-02 08:37:47,252 [INFO] PluginManager:220 - loadIPPluginJar : add opamp
2023-05-02 08:37:47,323 [INFO] IPUIPlugin:80 - create IPUIPlugin
2023-05-02 08:37:47,323 [INFO] PluginManager:220 - loadIPPluginJar : add openamp
2023-05-02 08:37:47,401 [INFO] IPUIPlugin:80 - create IPUIPlugin
2023-05-02 08:37:47,402 [INFO] PluginManager:220 - loadIPPluginJar : add pdm2pcm
2023-05-02 08:37:47,422 [INFO] IPUIPlugin:80 - create IPUIPlugin
2023-05-02 08:37:47,427 [INFO] PluginManager:220 - loadIPPluginJar : add plateformsettings
2023-05-02 08:37:47,504 [INFO] IPUIPlugin:80 - create IPUIPlugin
2023-05-02 08:37:47,504 [INFO] PluginManager:220 - loadIPPluginJar : add quadspi
2023-05-02 08:37:47,641 [INFO] IPUIPlugin:80 - create IPUIPlugin
2023-05-02 08:37:47,641 [INFO] PluginManager:220 - loadIPPluginJar : add resmgrutility
2023-05-02 08:37:47,647 [INFO] ThirdPartyUpdaterWithRetryManager:70 - Updater plugin not ready yet. [2/15]
2023-05-02 08:37:47,766 [INFO] IPUIPlugin:80 - create IPUIPlugin
2023-05-02 08:37:47,767 [INFO] PluginManager:220 - loadIPPluginJar : add sai
2023-05-02 08:37:47,836 [INFO] IPUIPlugin:80 - create IPUIPlugin
2023-05-02 08:37:47,837 [INFO] PluginManager:220 - loadIPPluginJar : add spi
2023-05-02 08:37:47,919 [INFO] IPUIPlugin:80 - create IPUIPlugin
2023-05-02 08:37:47,919 [INFO] PluginManager:220 - loadIPPluginJar : add stm32_wpan
2023-05-02 08:37:47,960 [INFO] IPUIPlugin:80 - create IPUIPlugin
2023-05-02 08:37:47,960 [INFO] PluginManager:220 - loadIPPluginJar : add tim
2023-05-02 08:37:48,038 [INFO] IPUIPlugin:80 - create IPUIPlugin
2023-05-02 08:37:48,038 [INFO] PluginManager:220 - loadIPPluginJar : add touchsensing
2023-05-02 08:37:48,070 [INFO] IPUIPlugin:80 - create IPUIPlugin
2023-05-02 08:37:48,070 [INFO] PluginManager:220 - loadIPPluginJar : add tracer_emb
2023-05-02 08:37:48,093 [INFO] IPUIPlugin:80 - create IPUIPlugin
2023-05-02 08:37:48,093 [INFO] PluginManager:220 - loadIPPluginJar : add ts
2023-05-02 08:37:48,112 [INFO] IPUIPlugin:80 - create IPUIPlugin
2023-05-02 08:37:48,112 [INFO] PluginManager:220 - loadIPPluginJar : add tsc
2023-05-02 08:37:48,136 [INFO] IPUIPlugin:80 - create IPUIPlugin
2023-05-02 08:37:48,136 [INFO] PluginManager:220 - loadIPPluginJar : add ucpd
2023-05-02 08:37:48,180 [INFO] IPUIPlugin:80 - create IPUIPlugin
2023-05-02 08:37:48,180 [INFO] PluginManager:220 - loadIPPluginJar : add usart
2023-05-02 08:37:48,220 [INFO] IPUIPlugin:80 - create IPUIPlugin
2023-05-02 08:37:48,220 [INFO] PluginManager:220 - loadIPPluginJar : add usbx
2023-05-02 08:37:48,368 [INFO] CADModel:165 - CPN selected for project level
2023-05-02 08:37:48,368 [INFO] CADModel:114 - Register for checkConnection events
2023-05-02 08:37:48,368 [FATAL] Updater:308 - Updater called before beeing initialized
2023-05-02 08:37:48,368 [ERROR] CADModel:125 - Updater not yet initialized, retry later 
2023-05-02 08:37:48,609 [INFO] CADModel:165 - CPN selected for project level
2023-05-02 08:37:48,609 [INFO] CADModel:114 - Register for checkConnection events
2023-05-02 08:37:48,609 [FATAL] Updater:308 - Updater called before beeing initialized
2023-05-02 08:37:48,609 [ERROR] CADModel:125 - Updater not yet initialized, retry later 
2023-05-02 08:37:48,615 [FATAL] Updater:308 - Updater called before beeing initialized
2023-05-02 08:37:48,797 [FATAL] Updater:308 - Updater called before beeing initialized
2023-05-02 08:37:48,811 [INFO] DbMcusAds:53 - JSON generation date=Tue Mar 07 15:50:55 ICT 2023 (1678179055335)
2023-05-02 08:37:48,811 [FATAL] Updater:308 - Updater called before beeing initialized
2023-05-02 08:37:48,893 [WARN] DetailPanel:346 - Failed to get advertising image, set to default
2023-05-02 08:37:49,071 [FATAL] Updater:308 - Updater called before beeing initialized
2023-05-02 08:37:49,076 [FATAL] Updater:308 - Updater called before beeing initialized
2023-05-02 08:37:49,076 [FATAL] Updater:308 - Updater called before beeing initialized
2023-05-02 08:37:49,076 [WARN] DetailPanel:346 - Failed to get advertising image, set to default
2023-05-02 08:37:49,077 [FATAL] Updater:308 - Updater called before beeing initialized
2023-05-02 08:37:49,171 [ERROR] Updater:1120 - MainUpdater not yet initialized. External WinMGr cannot be set.
2023-05-02 08:37:49,184 [INFO] Updater:1056 - Updater Version found : 6.8.0
2023-05-02 08:37:49,218 [INFO] ApplicationProperties:184 - Using Application install path: C:\ST\STM32CubeIDE_1.12.0\STM32CubeIDE\plugins\com.st.stm32cube.common.mx_6.8.0.202302231600
2023-05-02 08:37:50,347 [INFO] MainUpdater:2854 - connection check result : 10
2023-05-02 08:37:50,348 [INFO] MainUpdater:3548 - Updater definition file requires update
2023-05-02 08:37:50,350 [INFO] MainUpdater:283 - Updater Check For Update Now.
2023-05-02 08:37:50,350 [INFO] MicroXplorer:498 - Change Database Version : DB.6.0.80
2023-05-02 08:37:50,657 [WARN] MainUpdater:1187 - Updater busy. Cannot search thirdparties
2023-05-02 08:37:50,658 [INFO] ThirdPartyUpdaterWithRetryManager:96 - Updater plugin is busy. [1/15]
2023-05-02 08:37:52,142 [INFO] ServerAccessManage:473 - Download File updaters.zip
2023-05-02 08:37:52,388 [INFO] FileExtend:240 - Unzip File : updaters.zip
2023-05-02 08:37:52,388 [INFO] FileExtend:255 - Standard Zip Deflate
2023-05-02 08:37:53,670 [WARN] MainUpdater:1187 - Updater busy. Cannot search thirdparties
2023-05-02 08:37:53,671 [INFO] ThirdPartyUpdaterWithRetryManager:96 - Updater plugin is busy. [2/15]
2023-05-02 08:37:53,794 [INFO] ServerAccessManage:473 - Download File PacksControlFlags.xml
2023-05-02 08:37:54,923 [INFO] ServerAccessManage:473 - Download File cubemx.pidx
2023-05-02 08:37:56,275 [INFO] ServerAccessManage:473 - Download File STMicroelectronics.X-CUBE-MEMS1.pdsc
2023-05-02 08:37:56,681 [WARN] MainUpdater:1187 - Updater busy. Cannot search thirdparties
2023-05-02 08:37:56,681 [INFO] ThirdPartyUpdaterWithRetryManager:96 - Updater plugin is busy. [3/15]
2023-05-02 08:37:59,695 [WARN] MainUpdater:1187 - Updater busy. Cannot search thirdparties
2023-05-02 08:37:59,695 [INFO] ThirdPartyUpdaterWithRetryManager:96 - Updater plugin is busy. [4/15]
2023-05-02 08:38:02,696 [WARN] MainUpdater:1187 - Updater busy. Cannot search thirdparties
2023-05-02 08:38:02,696 [INFO] ThirdPartyUpdaterWithRetryManager:96 - Updater plugin is busy. [5/15]
2023-05-02 08:38:05,714 [WARN] MainUpdater:1187 - Updater busy. Cannot search thirdparties
2023-05-02 08:38:05,715 [INFO] ThirdPartyUpdaterWithRetryManager:96 - Updater plugin is busy. [6/15]
2023-05-02 08:38:08,368 [INFO] ServerAccessManage:473 - Download File STMicroelectronics.X-CUBE-AZRTOS-G4.pdsc
2023-05-02 08:38:08,733 [WARN] MainUpdater:1187 - Updater busy. Cannot search thirdparties
2023-05-02 08:38:08,734 [INFO] ThirdPartyUpdaterWithRetryManager:96 - Updater plugin is busy. [7/15]
2023-05-02 08:38:10,276 [WARN] PackLoader:240 - Cannot read IP mode file for STMicroelectronics.X-CUBE-MEMS1.9.6.0
2023-05-02 08:38:10,486 [INFO] MainUpdater:2854 - connection check result : 10
2023-05-02 08:38:10,497 [INFO] CheckServerUpdateThread:120 - End of CheckServer Thread
2023-05-02 08:38:10,616 [INFO] MainUpdater:2854 - connection check result : 10
2023-05-02 08:38:10,893 [WARN] PackLoader:240 - Cannot read IP mode file for STMicroelectronics.X-CUBE-AZRTOS-G4.2.0.0
2023-05-02 08:38:10,902 [INFO] PopulateThirdPartyThread:66 - Ending populate Thread
2023-05-02 08:38:10,908 [INFO] ThirdParty:1030 - CMSIS Pack Vendor :STMicroelectronics X-CUBE-AZRTOS-G4 2.0.0
2023-05-02 08:38:10,908 [INFO] ThirdParty:1030 - CMSIS Pack Vendor :STMicroelectronics X-CUBE-MEMS1 9.6.0
2023-05-02 08:38:10,914 [INFO] LoadServerUpdatesThread:373 - End of LoadServerUpdate Thread
2023-05-02 08:38:11,733 [INFO] MicroXplorer:468 - Change Database Path : 
2023-05-02 08:38:11,733 [INFO] MicroXplorer:498 - Change Database Version : DB.6.0.80
2023-05-02 08:38:11,733 [WARN] ThirdParty:871 - waiting for thirdparty lock release [close project]
2023-05-02 08:38:12,262 [WARN] PackLoader:240 - Cannot read IP mode file for STMicroelectronics.X-CUBE-GNSS1.6.0.0
2023-05-02 08:38:12,482 [WARN] PackLoader:240 - Cannot read IP mode file for STMicroelectronics.X-CUBE-AZRTOS-F4.1.1.0
2023-05-02 08:38:12,505 [WARN] PackLoader:240 - Cannot read IP mode file for STMicroelectronics.X-CUBE-SMBUS.2.1.0
2023-05-02 08:38:12,649 [WARN] PackLoader:240 - Cannot read IP mode file for STMicroelectronics.X-CUBE-AZRTOS-F7.1.1.0
2023-05-02 08:38:13,150 [WARN] PackLoader:240 - Cannot read IP mode file for STMicroelectronics.X-CUBE-MEMS1.9.6.0
2023-05-02 08:38:14,235 [WARN] PackLoader:240 - Cannot read IP mode file for STMicroelectronics.X-CUBE-BLE1.6.2.4
2023-05-02 08:38:14,259 [WARN] PackLoader:240 - Cannot read IP mode file for emotas.I-CUBE-CANOPEN.1.1.3
2023-05-02 08:38:14,559 [WARN] PackLoader:240 - Cannot read IP mode file for STMicroelectronics.X-CUBE-BLEMGR.2.0.0
2023-05-02 08:38:14,802 [WARN] ConditionMgr:438 - getConditionDescription Invalid condition id : UX DEVICE CLASS RTOS Condition cause : null
2023-05-02 08:38:14,802 [WARN] ConditionMgr:438 - getConditionDescription Invalid condition id : UX DEVICE CLASS RTOS Condition cause : null
2023-05-02 08:38:14,808 [WARN] PackLoader:240 - Cannot read IP mode file for STMicroelectronics.X-CUBE-AZRTOS-H7.3.1.0
2023-05-02 08:38:14,809 [WARN] ConditionMgr:1039 - genDependencies : Invalid condition id : UX DEVICE CLASS RTOS Condition cause : null
2023-05-02 08:38:14,809 [WARN] ConditionMgr:1039 - genDependencies : Invalid condition id : UX DEVICE CLASS RTOS Condition cause : null
2023-05-02 08:38:14,810 [WARN] ConditionMgr:1039 - genDependencies : Invalid condition id : UX DEVICE CLASS RTOS Condition cause : null
2023-05-02 08:38:14,811 [WARN] ConditionMgr:1039 - genDependencies : Invalid condition id : UX DEVICE CLASS RTOS Condition cause : null
2023-05-02 08:38:14,811 [WARN] ConditionMgr:1039 - genDependencies : Invalid condition id : UX DEVICE CLASS RTOS Condition cause : null
2023-05-02 08:38:14,950 [WARN] PackLoader:240 - Cannot read IP mode file for STMicroelectronics.X-CUBE-DISPLAY.3.0.0
2023-05-02 08:38:14,985 [WARN] PackLoader:240 - Cannot read IP mode file for wolfSSL.I-CUBE-wolfSSL.5.5.4
2023-05-02 08:38:15,017 [WARN] PackLoader:240 - Cannot read IP mode file for STMicroelectronics.X-CUBE-NFC7.1.0.0
2023-05-02 08:38:15,034 [WARN] PackLoader:240 - Cannot read IP mode file for STMicroelectronics.X-CUBE-EEPRMA1.4.1.0
2023-05-02 08:38:15,052 [WARN] PackLoader:240 - Cannot read IP mode file for WES.I-CUBE-Cesium.1.3.0
2023-05-02 08:38:15,109 [WARN] PackLoader:240 - Cannot read IP mode file for STMicroelectronics.X-CUBE-SFXS2LP1.4.0.0
2023-05-02 08:38:15,137 [WARN] PackLoader:240 - Cannot read IP mode file for STMicroelectronics.X-CUBE-BLE2.3.3.0
2023-05-02 08:38:15,266 [WARN] PackLoader:240 - Cannot read IP mode file for STMicroelectronics.X-CUBE-TOF1.3.2.0
2023-05-02 08:38:15,385 [WARN] PackLoader:240 - Cannot read IP mode file for STMicroelectronics.X-CUBE-AZRTOS-H7.3.0.0
2023-05-02 08:38:15,465 [WARN] PackLoader:240 - Cannot read IP mode file for STMicroelectronics.X-CUBE-ISPU.1.1.0
2023-05-02 08:38:15,519 [WARN] PackLoader:240 - Cannot read IP mode file for RoweBots.I-CUBE-UNISONRTOS.5.5.0-4
2023-05-02 08:38:15,537 [WARN] PackLoader:240 - Cannot read IP mode file for STMicroelectronics.X-CUBE-AI.8.0.0
2023-05-02 08:38:15,552 [WARN] PackLoader:240 - Cannot read IP mode file for STMicroelectronics.X-CUBE-FREERTOS.1.0.0
2023-05-02 08:38:15,573 [WARN] PackLoader:240 - Cannot read IP mode file for STMicroelectronics.X-CUBE-FREERTOS.1.0.1
2023-05-02 08:38:15,587 [WARN] PackLoader:240 - Cannot read IP mode file for STMicroelectronics.X-CUBE-TOUCHGFX.4.21.1
2023-05-02 08:38:15,599 [WARN] PackLoader:240 - Cannot read IP mode file for STMicroelectronics.X-CUBE-TOUCHGFX.4.21.3
2023-05-02 08:38:15,621 [WARN] PackLoader:240 - Cannot read IP mode file for STMicroelectronics.X-CUBE-ALGOBUILD.1.3.0
2023-05-02 08:38:15,648 [WARN] PackLoader:240 - Cannot read IP mode file for STMicroelectronics.X-CUBE-AZRTOS-L5.1.1.0
2023-05-02 08:38:15,718 [WARN] PackLoader:240 - Cannot read IP mode file for STMicroelectronics.X-CUBE-AZRTOS-G0.1.1.0
2023-05-02 08:38:15,802 [WARN] PackLoader:240 - Cannot read IP mode file for STMicroelectronics.X-CUBE-SUBG2.5.0.0
2023-05-02 08:38:15,875 [WARN] PackLoader:240 - Cannot read IP mode file for STMicroelectronics.X-CUBE-NFC4.3.0.0
2023-05-02 08:38:15,898 [WARN] PackLoader:240 - Cannot read IP mode file for STMicroelectronics.X-CUBE-AZRTOS-G4.2.0.0
2023-05-02 08:38:16,090 [WARN] PackLoader:240 - Cannot read IP mode file for STMicroelectronics.X-CUBE-TOF1.3.3.0
2023-05-02 08:38:16,120 [WARN] PackLoader:240 - Cannot read IP mode file for STMicroelectronics.FP-ATR-ASTRA1.1.1.1
2023-05-02 08:38:16,146 [WARN] PackLoader:240 - Cannot read IP mode file for STMicroelectronics.X-CUBE-AZRTOS-G4.1.0.0
2023-05-02 08:38:16,163 [WARN] PackLoader:240 - Cannot read IP mode file for STMicroelectronics.FP-ATR-SIGFOX1.3.2.0
2023-05-02 08:38:16,372 [WARN] PackLoader:240 - Cannot read IP mode file for STMicroelectronics.X-CUBE-AZRTOS-L4.1.0.0
2023-05-02 08:38:16,577 [WARN] PackLoader:240 - Cannot read IP mode file for STMicroelectronics.X-CUBE-AZRTOS-WL.1.0.0
2023-05-02 08:38:16,607 [WARN] PackLoader:240 - Cannot read IP mode file for portGmbH.I-Cube-SoM-uGOAL.1.1.0
2023-05-02 08:38:16,622 [WARN] PackLoader:240 - Cannot read IP mode file for STMicroelectronics.X-CUBE-ALS.1.0.1
2023-05-02 08:38:16,703 [WARN] PackLoader:240 - Cannot read IP mode file for STMicroelectronics.X-CUBE-MEMS1.9.5.0
2023-05-02 08:38:17,196 [WARN] PackLoader:240 - Cannot read IP mode file for STMicroelectronics.X-CUBE-AZRTOS-WB.1.1.0
2023-05-02 08:38:17,318 [WARN] PackLoader:240 - Cannot read IP mode file for SEGGER.I-CUBE-embOS.1.3.1
2023-05-02 08:38:17,460 [WARN] PackLoader:240 - Cannot read IP mode file for STMicroelectronics.FP-ATR-ASTRA1.2.0.0
2023-05-02 08:38:17,462 [INFO] ThirdParty:978 - Integrity check success = true
2023-05-02 08:38:17,462 [INFO] IntegrityCheckThread:100 - exiting critical section [integrity check]
2023-05-02 08:38:17,462 [INFO] IntegrityCheckThread:103 - End integrity checks thread
2023-05-02 08:38:17,463 [INFO] ThirdParty:873 - entering critical section [close project]
2023-05-02 08:38:17,464 [INFO] ThirdParty:883 - exiting critical section [close project]
2023-05-02 08:38:17,467 [INFO] PinOutPanel:1499 - setPackage(No Configuration,No Configuration)
2023-05-02 08:38:17,473 [INFO] UtilMem:75 - Begin LoadConfig() Used Memory: 308653480 Bytes (514850816)
2023-05-02 08:38:17,475 [INFO] MicroXplorer:468 - Change Database Path : 
2023-05-02 08:38:17,475 [INFO] MicroXplorer:498 - Change Database Version : DB.6.0.80
2023-05-02 08:38:17,475 [INFO] OpenFileManager:308 - Change cursor
2023-05-02 08:38:17,570 [INFO] Mcu:1937 - Initializing MCU STM32H750VBTx STM32H750VBTx STM32H750VBT6
2023-05-02 08:38:24,743 [INFO] Context:659 - Trying to add GPIOservice into a context  which must be forbidden
2023-05-02 08:38:28,552 [INFO] RtosManager:555 - Registered RTOS mode: class=CMSIS, group=RTOS, mode=CMSIS_V1, owner=FREERTOS
2023-05-02 08:38:28,553 [INFO] RtosManager:555 - Registered RTOS mode: class=CMSIS, group=RTOS2, mode=CMSIS_V2, owner=FREERTOS
2023-05-02 08:38:28,553 [INFO] RtosManager:555 - Registered RTOS mode: class=RTOS, group=Core, mode=CMSIS_V1, owner=FREERTOS
2023-05-02 08:38:28,553 [INFO] RtosManager:555 - Registered RTOS mode: class=RTOS, group=Core, mode=CMSIS_V2, owner=FREERTOS
2023-05-02 08:38:28,553 [WARN] ModelIntegratedComponent:184 - Missing modes for component STMicroelectronics:FreeRTOS:0.0.1:STMicroelectronics:RTOS:FreeRTOS:Core:::10.2.0:
2023-05-02 08:38:28,575 [WARN] ModelIntegratedComponent:63 - No mode defined for component null
2023-05-02 08:38:28,575 [WARN] ModelIntegratedComponent:63 - No mode defined for component null
2023-05-02 08:38:28,576 [WARN] ModelIntegratedComponent:63 - No mode defined for component null
2023-05-02 08:38:28,576 [WARN] ModelIntegratedComponent:63 - No mode defined for component null
2023-05-02 08:38:28,576 [WARN] ModelIntegratedComponent:63 - No mode defined for component null
2023-05-02 08:38:28,576 [WARN] ModelIntegratedComponent:63 - No mode defined for component null
2023-05-02 08:38:28,576 [WARN] ModelIntegratedComponent:63 - No mode defined for component null
2023-05-02 08:38:28,576 [WARN] ModelIntegratedComponent:63 - No mode defined for component null
2023-05-02 08:38:28,576 [WARN] ModelIntegratedComponent:63 - No mode defined for component null
2023-05-02 08:38:28,576 [WARN] ModelIntegratedComponent:63 - No mode defined for component null
2023-05-02 08:38:28,576 [WARN] ModelIntegratedComponent:63 - No mode defined for component null
2023-05-02 08:38:28,576 [WARN] ModelIntegratedComponent:63 - No mode defined for component null
2023-05-02 08:38:28,576 [WARN] ModelIntegratedComponent:63 - No mode defined for component null
2023-05-02 08:38:28,576 [WARN] ModelIntegratedComponent:63 - No mode defined for component null
2023-05-02 08:38:28,576 [WARN] ModelIntegratedComponent:63 - No mode defined for component null
2023-05-02 08:38:28,576 [WARN] ModelIntegratedComponent:63 - No mode defined for component null
2023-05-02 08:38:28,576 [WARN] ModelIntegratedComponent:63 - No mode defined for component null
2023-05-02 08:38:28,576 [WARN] ModelIntegratedComponent:63 - No mode defined for component null
2023-05-02 08:38:28,576 [WARN] ModelIntegratedComponent:63 - No mode defined for component null
2023-05-02 08:38:28,576 [WARN] ModelIntegratedComponent:63 - No mode defined for component null
2023-05-02 08:38:28,576 [WARN] ModelIntegratedComponent:63 - No mode defined for component null
2023-05-02 08:38:28,576 [WARN] ModelIntegratedComponent:63 - No mode defined for component null
2023-05-02 08:38:28,576 [WARN] ModelIntegratedComponent:63 - No mode defined for component null
2023-05-02 08:38:28,576 [WARN] ModelIntegratedComponent:63 - No mode defined for component null
2023-05-02 08:38:28,577 [WARN] ModelIntegratedComponent:63 - No mode defined for component null
2023-05-02 08:38:28,577 [WARN] ModelIntegratedComponent:63 - No mode defined for component null
2023-05-02 08:38:28,577 [WARN] ModelIntegratedComponent:63 - No mode defined for component null
2023-05-02 08:38:28,577 [WARN] ModelIntegratedComponent:63 - No mode defined for component null
2023-05-02 08:38:28,577 [WARN] ModelIntegratedComponent:63 - No mode defined for component null
2023-05-02 08:38:28,577 [WARN] ModelIntegratedComponent:63 - No mode defined for component null
2023-05-02 08:38:28,577 [WARN] ModelIntegratedComponent:63 - No mode defined for component null
2023-05-02 08:38:28,577 [WARN] ModelIntegratedComponent:63 - No mode defined for component null
2023-05-02 08:38:28,577 [WARN] ModelIntegratedComponent:63 - No mode defined for component null
2023-05-02 08:38:28,677 [INFO] ThirdPartyModel:298 - Start build external matchings
2023-05-02 08:38:29,087 [INFO] ThirdPartyModel:316 - End build external matchings
2023-05-02 08:38:29,210 [INFO] ImportTextPane:194 - (OptionalMessage_ERROR) IP (RCC) : Parameter (ADCFreq_Value) has invalid value (50390625)
2023-05-02 08:38:29,210 [INFO] ImportTextPane:194 - (OptionalMessage_ERROR) IP (RCC) : Parameter (DFSDMACLkFreq_Value) has invalid value (240000000)
2023-05-02 08:38:29,234 [INFO] ImportTextPane:194 - (OptionalMessage_ERROR) IP (RCC) : Parameter (FDCANFreq_Value) has invalid value (240000000)
2023-05-02 08:38:29,234 [INFO] ImportTextPane:194 - (OptionalMessage_ERROR) IP (RCC) : Invalid parameter (FamilyName)
2023-05-02 08:38:29,234 [INFO] ImportTextPane:194 - (OptionalMessage_ERROR) IP (RCC) : Parameter (I2C123Freq_Value) has invalid value (120000000)
2023-05-02 08:38:29,235 [INFO] ImportTextPane:194 - (OptionalMessage_ERROR) IP (RCC) : Parameter (I2C4Freq_Value) has invalid value (120000000)
2023-05-02 08:38:29,235 [INFO] ImportTextPane:194 - (OptionalMessage_ERROR) IP (RCC) : Parameter (LPTIM1Freq_Value) has invalid value (120000000)
2023-05-02 08:38:29,235 [INFO] ImportTextPane:194 - (OptionalMessage_ERROR) IP (RCC) : Parameter (LPTIM2Freq_Value) has invalid value (120000000)
2023-05-02 08:38:29,235 [INFO] ImportTextPane:194 - (OptionalMessage_ERROR) IP (RCC) : Parameter (LPTIM345Freq_Value) has invalid value (120000000)
2023-05-02 08:38:29,235 [INFO] ImportTextPane:194 - (OptionalMessage_ERROR) IP (RCC) : Parameter (LPUART1Freq_Value) has invalid value (120000000)
2023-05-02 08:38:29,235 [INFO] ImportTextPane:194 - (OptionalMessage_ERROR) IP (RCC) : Parameter (SAI1Freq_Value) has invalid value (240000000)
2023-05-02 08:38:29,235 [INFO] ImportTextPane:194 - (OptionalMessage_ERROR) IP (RCC) : Parameter (SAI23Freq_Value) has invalid value (240000000)
2023-05-02 08:38:29,235 [INFO] ImportTextPane:194 - (OptionalMessage_ERROR) IP (RCC) : Parameter (SAI4AFreq_Value) has invalid value (240000000)
2023-05-02 08:38:29,235 [INFO] ImportTextPane:194 - (OptionalMessage_ERROR) IP (RCC) : Parameter (SAI4BFreq_Value) has invalid value (240000000)
2023-05-02 08:38:29,235 [INFO] ImportTextPane:194 - (OptionalMessage_ERROR) IP (RCC) : Parameter (SDMMCFreq_Value) has invalid value (240000000)
2023-05-02 08:38:29,235 [INFO] ImportTextPane:194 - (OptionalMessage_ERROR) IP (RCC) : Parameter (SPDIFRXFreq_Value) has invalid value (240000000)
2023-05-02 08:38:29,235 [INFO] ImportTextPane:194 - (OptionalMessage_ERROR) IP (RCC) : Parameter (SPI123Freq_Value) has invalid value (240000000)
2023-05-02 08:38:29,235 [INFO] ImportTextPane:194 - (OptionalMessage_ERROR) IP (RCC) : Parameter (SPI45Freq_Value) has invalid value (120000000)
2023-05-02 08:38:29,237 [INFO] ImportTextPane:194 - (OptionalMessage_ERROR) IP (RCC) : Parameter (SPI6Freq_Value) has invalid value (120000000)
2023-05-02 08:38:29,237 [INFO] ImportTextPane:194 - (OptionalMessage_ERROR) IP (RCC) : Parameter (SWPMI1Freq_Value) has invalid value (120000000)
2023-05-02 08:38:29,237 [INFO] ImportTextPane:194 - (OptionalMessage_ERROR) IP (RCC) : Parameter (USART16Freq_Value) has invalid value (120000000)
2023-05-02 08:38:29,237 [INFO] ImportTextPane:194 - (OptionalMessage_ERROR) IP (RCC) : Parameter (USART234578Freq_Value) has invalid value (120000000)
2023-05-02 08:38:29,237 [INFO] ImportTextPane:194 - (OptionalMessage_ERROR) IP (RCC) : Parameter (USBFreq_Value) has invalid value (240000000)
2023-05-02 08:38:31,682 [INFO] UtilMem:75 - End LoadConfig() Used Memory: 445617376 Bytes (567279616)
2023-05-02 08:38:31,836 [INFO] ApiDb:581 - Connected to CubeFinder SQLite database (C:\Users\user\.stmcufinder\plugins\mcufinder\mcu\cube-finder-db.db)
2023-05-02 08:38:31,917 [INFO] ApiDb:668 - CubeFinder database Data Model version=2.1
2023-05-02 08:38:31,917 [INFO] ApiDb:669 - CubeFinder database Configuration version=3.0.35
2023-05-02 08:38:31,917 [INFO] ApiDb:670 - CubeFinder database generation date=2023-04-03 (1680511692)
2023-05-02 08:38:31,917 [INFO] ApiDb:671 - CubeFinder database FW Pack versions=[FP-ATR-ASTRA1_V2.0.0, STM32Cube_FW_C0_V1.0.1, STM32Cube_FW_F0_V1.11.4, STM32Cube_FW_F3_V1.11.4, STM32Cube_FW_F4_V1.27.1, STM32Cube_FW_F7_V1.17.0, STM32Cube_FW_G0_V1.6.1, STM32Cube_FW_G4_V1.5.1, STM32Cube_FW_H5_V0.5.1, STM32Cube_FW_H5_V1.0.0, STM32Cube_FW_H7_V1.11.0, STM32Cube_FW_L0_V1.12.2, STM32Cube_FW_L5_V1.5.0, STM32Cube_FW_U5_V1.2.0, STM32Cube_FW_WBA_V1.0.0, STM32Cube_FW_WBA_V1.0.0RC1, STM32Cube_FW_WBA_V1.0.0RC3, STM32Cube_FW_WB_V1.15.0RC1, STM32Cube_FW_WB_V1.16.0, STM32Cube_FW_WB_V1.16.0RC2, STM32Cube_FW_WL_V1.3.0, X-CUBE-ALGOBUILD_V1.3.0, X-CUBE-ALS_V1.0.1, X-CUBE-AZRTOS-F4_V1.1.0, X-CUBE-AZRTOS-F7_V1.1.0, X-CUBE-AZRTOS-G0_V1.1.0, X-CUBE-AZRTOS-G4_V1.0.0, X-CUBE-AZRTOS-H7_V3.0.0, X-CUBE-AZRTOS-L4_V1.0.0, X-CUBE-AZRTOS-L5_V1.1.0, X-CUBE-AZRTOS-WB_V1.1.0, X-CUBE-AZRTOS-WL_V1.0.0, X-CUBE-BLE1_V6.2.4, X-CUBE-BLE2_V3.3.0, X-CUBE-BLEMGR_V1.3.0, X-CUBE-EEPRMA1_V4.1.0, X-CUBE-FREERTOS_V1.0.1, X-CUBE-GNSS1_V6.0.0, X-CUBE-MEMS1_V9.1.0, X-CUBE-MEMS1_V9.4.0, X-CUBE-MEMS1_V9.5.0, X-CUBE-NFC4_V3.0.0, X-CUBE-NFC7_V1.0.0, X-CUBE-SFXS2LP1_V4.0.0, X-CUBE-SUBG2_V5.0.0]
2023-05-02 08:38:34,086 [INFO] ApiDb:240 - Found 297 in-development CPN: [B-G473E-ZEST1S, B-WB1M-WPAN1, B-WL5M-SUBG1, NUCLEO-C031C6, NUCLEO-H503RB, NUCLEO-H563ZI, NUCLEO-U545RE-Q, NUCLEO-U5A5ZJ-Q, NUCLEO-WBA52CG, STEVAL-PROTEUS1, STEVAL-STWINBX1, STM320518-EVAL, STM32C0116-DK, STM32C011D6Y3TR, STM32C011D6Y6TR, STM32C011F4P3, STM32C011F4P6, STM32C011F4U3, STM32C011F4U6TR, STM32C011F6P3, STM32C011F6P6, STM32C011F6U3, STM32C011F6U6TR, STM32C011J4M3, STM32C011J4M6, STM32C011J6M3, STM32C011J6M6, STM32C0316-DK, STM32C031C4T3, STM32C031C4T6, STM32C031C4U3, STM32C031C4U6, STM32C031C6T3, STM32C031C6T6, STM32C031C6U3, STM32C031C6U6, STM32C031F4P3, STM32C031F4P6, STM32C031F6P3, STM32C031F6P6, STM32C031G4U3, STM32C031G4U6, STM32C031G6U3, STM32C031G6U6, STM32C031K4T3, STM32C031K4T6, STM32C031K4U3, STM32C031K4U6, STM32C031K6T3, STM32C031K6T6, STM32C031K6U3, STM32C031K6U6, STM32G071K8TXN, STM32G071K8UXN, STM32G081GBU6N, STM32G081KBT6N, STM32G081KBUXN, STM32G0B1CCT6N, STM32G0B1KCT6, STM32G0B1NEY6TR, STM32G0B1RCT6N, STM32G0C1CCT6, STM32G0C1CCT6N, STM32G0C1CCU6N, STM32G0C1CET6N, STM32G0C1CEU6N, STM32G0C1KCT6, STM32G0C1NEY6TR, STM32G0C1RCI6N, STM32G0C1RCT6N, STM32G0C1REI6N, STM32G0C1RET6N, STM32G0C1VCI6, STM32G0C1VEI6, STM32G471CCT6, STM32G471CCU6, STM32G471CET3, STM32G471CET6, STM32G471CEU3, STM32G471CEU6, STM32G471MCT6, STM32G471MET3, STM32G471MET6, STM32G471MEY6TR, STM32G471QCT6, STM32G471QET3, STM32G471RCT6, STM32G471RET3, STM32G471RET6, STM32G471VCH6, STM32G471VCI6, STM32G471VCT6, STM32G471VEH3, STM32G471VEH6, STM32G471VEI3, STM32G471VEI6, STM32G471VET3, STM32G471VET6, STM32G474CCT6, STM32H503CBT6, STM32H503CBU6, STM32H503EBY6TR, STM32H503KBU6, STM32H503RBT6, STM32H562AGI6, STM32H562AII6, STM32H562IGK6, STM32H562IGT6, STM32H562IIK6, STM32H562IIT6, STM32H562RGT6, STM32H562RGV6, STM32H562RIT6, STM32H562RIV6, STM32H562VGT6, STM32H562VIT6, STM32H562ZGT6, STM32H562ZIT6, STM32H563AGI6, STM32H563AII3Q, STM32H563AII6, STM32H563IGK6, STM32H563IGT6, STM32H563IIK3Q, STM32H563IIK6, STM32H563IIT3Q, STM32H563IIT6, STM32H563MIY3QTR, STM32H563RGT6, STM32H563RGV6, STM32H563RIT6, STM32H563RIV6, STM32H563VGT6, STM32H563VIT3Q, STM32H563VIT6, STM32H563ZGT6, STM32H563ZIT3Q, STM32H563ZIT6, STM32H573AII3Q, STM32H573AII6, STM32H573I-DK, STM32H573IIK3Q, STM32H573IIK6, STM32H573IIT3Q, STM32H573IIT6, STM32H573MIY3QTR, STM32H573RIT6, STM32H573RIV6, STM32H573VIT3Q, STM32H573VIT6, STM32H573ZIT3Q, STM32H573ZIT6, STM32L4R5QGI6STR, STM32MP131AAE3, STM32MP131AAF3, STM32MP131AAG3, STM32MP131CAE3, STM32MP131CAF3, STM32MP131CAG3, STM32MP131DAE7, STM32MP131DAF7, STM32MP131DAG7, STM32MP131FAE7, STM32MP131FAF7, STM32MP131FAG7, STM32MP133AAE3, STM32MP133AAF3, STM32MP133AAG3, STM32MP133CAE3, STM32MP133CAF3, STM32MP133CAG3, STM32MP133DAE7, STM32MP133DAF7, STM32MP133DAG7, STM32MP133FAE7, STM32MP133FAF7, STM32MP133FAG7, STM32MP135AAE3, STM32MP135AAF3, STM32MP135AAG3, STM32MP135CAE3, STM32MP135CAF3, STM32MP135CAG3, STM32MP135DAE7, STM32MP135DAF7, STM32MP135DAG7, STM32MP135F-DK, STM32MP135FAE7, STM32MP135FAF7, STM32MP135FAF7T, STM32MP135FAF7U, STM32MP135FAG7, STM32U535CBT6, STM32U535CBT6Q, STM32U535CBU6, STM32U535CBU6Q, STM32U535CCT6, STM32U535CCT6Q, STM32U535CCU6, STM32U535CCU6Q, STM32U535CET6, STM32U535CET6Q, STM32U535CEU6, STM32U535CEU6Q, STM32U535JEY6QTR, STM32U535NCY6QTR, STM32U535NEY6QTR, STM32U535RBI6, STM32U535RBI6Q, STM32U535RBT6, STM32U535RBT6Q, STM32U535RCI6, STM32U535RCI6Q, STM32U535RCT6, STM32U535RCT6Q, STM32U535REI6, STM32U535REI6Q, STM32U535RET6, STM32U535RET6Q, STM32U535VCI6, STM32U535VCI6Q, STM32U535VCT6, STM32U535VCT6Q, STM32U535VEI6, STM32U535VEI6Q, STM32U535VET6, STM32U535VET6Q, STM32U545CET6, STM32U545CET6Q, STM32U545CEU6, STM32U545CEU6Q, STM32U545JEY6QTR, STM32U545NEY6QTR, STM32U545REI6, STM32U545REI6Q, STM32U545RET6, STM32U545RET6Q, STM32U545VEI6, STM32U545VEI6Q, STM32U545VET6, STM32U545VET6Q, STM32U595AIH6, STM32U595AIH6Q, STM32U595AJH6, STM32U595AJH6Q, STM32U595QII6, STM32U595QII6Q, STM32U595QJI6, STM32U595QJI6Q, STM32U595RIT6, STM32U595RIT6Q, STM32U595RJT6, STM32U595RJT6Q, STM32U595VIT6, STM32U595VIT6Q, STM32U595VJT6, STM32U595VJT6Q, STM32U595ZIT6, STM32U595ZIT6Q, STM32U595ZIY6QTR, STM32U595ZJT6, STM32U595ZJT6Q, STM32U595ZJY6QTR, STM32U599BJY6QTR, STM32U599NIH6Q, STM32U599NJH6Q, STM32U599VIT6Q, STM32U599VJT6, STM32U599VJT6Q, STM32U599ZIT6Q, STM32U599ZIY6QTR, STM32U599ZJT6Q, STM32U599ZJY6QTR, STM32U5A5AJH6, STM32U5A5AJH6Q, STM32U5A5QJI6, STM32U5A5QJI6Q, STM32U5A5RJT6, STM32U5A5RJT6Q, STM32U5A5VJT6, STM32U5A5VJT6Q, STM32U5A5ZJT6, STM32U5A5ZJT6Q, STM32U5A5ZJY6QTR, STM32U5A9BJY6QTR, STM32U5A9J-DK, STM32U5A9NJH6Q, STM32U5A9VJT6Q, STM32U5A9ZJT6Q, STM32U5A9ZJY6QTR, STM32WB1MMCH6, STM32WBA52CEU6, STM32WBA52CEU6T, STM32WBA52CGU6, STM32WBA52CGU6T, STM32WL5MOCH6, STM32WL5MOCH6TR]
2023-05-02 08:38:34,092 [INFO] DbMcus:216 - Found 3775 MCUs, 3775 are supported
2023-05-02 08:38:34,170 [INFO] ApiDb:423 - Load user favorites file C:\Users\user/.stm32cubeide/favorites.mcus.txt: 2 item(s)
2023-05-02 08:38:34,171 [INFO] ApiDb:427 - User favorites MCUs=[STM32F103C8T6, STM32H750VBT6]
2023-05-02 08:38:34,171 [INFO] DbMcus:222 - Set 2 / 2 favorites MCUs
2023-05-02 08:38:34,681 [WARN] ThirdParty:833 - waiting for thirdparty lock release [change project]
2023-05-02 08:38:34,681 [INFO] ThirdParty:835 - entering critical section [change project]
2023-05-02 08:38:34,681 [INFO] ThirdParty:1030 - CMSIS Pack Vendor :STMicroelectronics X-CUBE-ISPU 1.1.0
2023-05-02 08:38:34,681 [INFO] ThirdParty:1030 - CMSIS Pack Vendor :RoweBots I-CUBE-UNISONRTOS 5.5.0-4
2023-05-02 08:38:34,681 [INFO] ThirdParty:1030 - CMSIS Pack Vendor :STMicroelectronics X-CUBE-GNSS1 6.0.0
2023-05-02 08:38:34,681 [INFO] ThirdParty:1030 - CMSIS Pack Vendor :STMicroelectronics USB_HOST 2.0.0
2023-05-02 08:38:34,681 [INFO] ThirdParty:1030 - CMSIS Pack Vendor :STMicroelectronics X-CUBE-AZRTOS-F4 1.1.0
2023-05-02 08:38:34,681 [INFO] ThirdParty:1030 - CMSIS Pack Vendor :STMicroelectronics LIBJPEG 8.0.0
2023-05-02 08:38:34,682 [INFO] ThirdParty:1030 - CMSIS Pack Vendor :STMicroelectronics X-CUBE-SMBUS 2.1.0
2023-05-02 08:38:34,682 [INFO] ThirdParty:1030 - CMSIS Pack Vendor :STMicroelectronics USB_DEVICE 3.0.0
2023-05-02 08:38:34,682 [INFO] ThirdParty:1030 - CMSIS Pack Vendor :STMicroelectronics X-CUBE-AI 8.0.0
2023-05-02 08:38:34,682 [INFO] ThirdParty:1030 - CMSIS Pack Vendor :STMicroelectronics X-CUBE-FREERTOS 1.0.0
2023-05-02 08:38:34,682 [INFO] ThirdParty:1030 - CMSIS Pack Vendor :STMicroelectronics X-CUBE-FREERTOS 1.0.1
2023-05-02 08:38:34,682 [INFO] ThirdParty:1030 - CMSIS Pack Vendor :STMicroelectronics X-CUBE-TOUCHGFX 4.21.1
2023-05-02 08:38:34,682 [INFO] ThirdParty:1030 - CMSIS Pack Vendor :STMicroelectronics X-CUBE-TOUCHGFX 4.21.3
2023-05-02 08:38:34,682 [INFO] ThirdParty:1030 - CMSIS Pack Vendor :STMicroelectronics X-CUBE-AZRTOS-F7 1.1.0
2023-05-02 08:38:34,682 [INFO] ThirdParty:1030 - CMSIS Pack Vendor :STMicroelectronics USB_DEVICE 2.0.0
2023-05-02 08:38:34,682 [INFO] ThirdParty:1030 - CMSIS Pack Vendor :STMicroelectronics X-CUBE-MEMS1 9.6.0
2023-05-02 08:38:34,682 [INFO] ThirdParty:1030 - CMSIS Pack Vendor :STMicroelectronics X-CUBE-ALGOBUILD 1.3.0
2023-05-02 08:38:34,682 [INFO] ThirdParty:1030 - CMSIS Pack Vendor :STMicroelectronics X-CUBE-BLE1 6.2.4
2023-05-02 08:38:34,682 [INFO] ThirdParty:1030 - CMSIS Pack Vendor :STMicroelectronics X-CUBE-AZRTOS-L5 1.1.0
2023-05-02 08:38:34,682 [INFO] ThirdParty:1030 - CMSIS Pack Vendor :STMicroelectronics FreeRTOS 0.0.1
2023-05-02 08:38:34,682 [INFO] ThirdParty:1030 - CMSIS Pack Vendor :emotas I-CUBE-CANOPEN 1.1.3
2023-05-02 08:38:34,682 [INFO] ThirdParty:1030 - CMSIS Pack Vendor :STMicroelectronics X-CUBE-AZRTOS-G0 1.1.0
2023-05-02 08:38:34,682 [INFO] ThirdParty:1030 - CMSIS Pack Vendor :STMicroelectronics X-CUBE-BLEMGR 2.0.0
2023-05-02 08:38:34,682 [INFO] ThirdParty:1030 - CMSIS Pack Vendor :STMicroelectronics X-CUBE-SUBG2 5.0.0
2023-05-02 08:38:34,682 [INFO] ThirdParty:1030 - CMSIS Pack Vendor :STMicroelectronics X-CUBE-NFC4 3.0.0
2023-05-02 08:38:34,682 [INFO] ThirdParty:1030 - CMSIS Pack Vendor :STMicroelectronics STM32_WPAN 1.0.0
2023-05-02 08:38:34,682 [INFO] ThirdParty:1030 - CMSIS Pack Vendor :STMicroelectronics lwIP 2.0.3
2023-05-02 08:38:34,682 [INFO] ThirdParty:1030 - CMSIS Pack Vendor :STMicroelectronics USB_HOST 1.0.0
2023-05-02 08:38:34,682 [INFO] ThirdParty:1030 - CMSIS Pack Vendor :STMicroelectronics X-CUBE-AZRTOS-G4 2.0.0
2023-05-02 08:38:34,683 [INFO] ThirdParty:1030 - CMSIS Pack Vendor :STMicroelectronics PDM2PCM 3.1.0
2023-05-02 08:38:34,683 [INFO] ThirdParty:1030 - CMSIS Pack Vendor :STMicroelectronics X-CUBE-AZRTOS-H7 3.1.0
2023-05-02 08:38:34,683 [INFO] ThirdParty:1030 - CMSIS Pack Vendor :STMicroelectronics X-CUBE-TOF1 3.3.0
2023-05-02 08:38:34,683 [INFO] ThirdParty:1030 - CMSIS Pack Vendor :STMicroelectronics FP-ATR-ASTRA1 1.1.1
2023-05-02 08:38:34,683 [INFO] ThirdParty:1030 - CMSIS Pack Vendor :STMicroelectronics PDM2PCM 3.3.0
2023-05-02 08:38:34,683 [INFO] ThirdParty:1030 - CMSIS Pack Vendor :STMicroelectronics X-CUBE-DISPLAY 3.0.0
2023-05-02 08:38:34,683 [INFO] ThirdParty:1030 - CMSIS Pack Vendor :STMicroelectronics X-CUBE-AZRTOS-G4 1.0.0
2023-05-02 08:38:34,683 [INFO] ThirdParty:1030 - CMSIS Pack Vendor :STMicroelectronics FP-ATR-SIGFOX1 3.2.0
2023-05-02 08:38:34,683 [INFO] ThirdParty:1030 - CMSIS Pack Vendor :wolfSSL I-CUBE-wolfSSL 5.5.4
2023-05-02 08:38:34,683 [INFO] ThirdParty:1030 - CMSIS Pack Vendor :STMicroelectronics X-CUBE-AZRTOS-L4 1.0.0
2023-05-02 08:38:34,683 [INFO] ThirdParty:1030 - CMSIS Pack Vendor :STMicroelectronics HAL Drivers 0.0.0
2023-05-02 08:38:34,683 [INFO] ThirdParty:1030 - CMSIS Pack Vendor :STMicroelectronics MBEDTLS 2.16.2
2023-05-02 08:38:34,683 [INFO] ThirdParty:1030 - CMSIS Pack Vendor :STMicroelectronics MBEDTLS 2.14.1
2023-05-02 08:38:34,683 [INFO] ThirdParty:1030 - CMSIS Pack Vendor :STMicroelectronics X-CUBE-NFC7 1.0.0
2023-05-02 08:38:34,683 [INFO] ThirdParty:1030 - CMSIS Pack Vendor :STMicroelectronics X-CUBE-AZRTOS-WL 1.0.0
2023-05-02 08:38:34,683 [INFO] ThirdParty:1030 - CMSIS Pack Vendor :STMicroelectronics X-CUBE-EEPRMA1 4.1.0
2023-05-02 08:38:34,683 [INFO] ThirdParty:1030 - CMSIS Pack Vendor :portGmbH I-Cube-SoM-uGOAL 1.1.0
2023-05-02 08:38:34,684 [INFO] ThirdParty:1030 - CMSIS Pack Vendor :STMicroelectronics X-CUBE-ALS 1.0.1
2023-05-02 08:38:34,684 [INFO] ThirdParty:1030 - CMSIS Pack Vendor :STMicroelectronics X-CUBE-MEMS1 9.5.0
2023-05-02 08:38:34,684 [INFO] ThirdParty:1030 - CMSIS Pack Vendor :STMicroelectronics ThreadX 1.0.0
2023-05-02 08:38:34,684 [INFO] ThirdParty:1030 - CMSIS Pack Vendor :STMicroelectronics X-CUBE-AZRTOS-WB 1.1.0
2023-05-02 08:38:34,684 [INFO] ThirdParty:1030 - CMSIS Pack Vendor :SEGGER I-CUBE-embOS 1.3.1
2023-05-02 08:38:34,684 [INFO] ThirdParty:1030 - CMSIS Pack Vendor :STMicroelectronics USB_DEVICE 1.0.0
2023-05-02 08:38:34,684 [INFO] ThirdParty:1030 - CMSIS Pack Vendor :STMicroelectronics ThreadX 0.0.2
2023-05-02 08:38:34,684 [INFO] ThirdParty:1030 - CMSIS Pack Vendor :WES I-CUBE-Cesium 1.3.0
2023-05-02 08:38:34,684 [INFO] ThirdParty:1030 - CMSIS Pack Vendor :STMicroelectronics FP-ATR-ASTRA1 2.0.0
2023-05-02 08:38:34,684 [INFO] ThirdParty:1030 - CMSIS Pack Vendor :STMicroelectronics lwIP 2.1.2
2023-05-02 08:38:34,684 [INFO] ThirdParty:1030 - CMSIS Pack Vendor :STMicroelectronics X-CUBE-SFXS2LP1 4.0.0
2023-05-02 08:38:34,684 [INFO] ThirdParty:1030 - CMSIS Pack Vendor :STMicroelectronics X-CUBE-BLE2 3.3.0
2023-05-02 08:38:34,684 [INFO] ThirdParty:1030 - CMSIS Pack Vendor :STMicroelectronics X-CUBE-TOF1 3.2.0
2023-05-02 08:38:34,684 [INFO] ThirdParty:1030 - CMSIS Pack Vendor :STMicroelectronics PDM2PCM 3.2.0
2023-05-02 08:38:34,684 [INFO] ThirdParty:1030 - CMSIS Pack Vendor :STMicroelectronics X-CUBE-AZRTOS-H7 3.0.0
2023-05-02 08:38:34,684 [INFO] ThirdParty:841 - exiting critical section [change project]
2023-05-02 08:38:36,302 [INFO] PinOutPanel:1499 - setPackage(No Configuration,No Configuration)
2023-05-02 08:38:36,303 [INFO] PinOutPanel:1499 - setPackage(STM32H750VBTx,LQFP100)
2023-05-02 08:38:39,114 [INFO] UtilMem:75 - Before build in PCC Used Memory: 460998624 Bytes (567279616)
2023-05-02 08:38:42,098 [INFO] UtilMem:75 - After build in PCC Used Memory: 496142448 Bytes (567279616)
2023-05-02 08:38:42,280 [INFO] IPUIPlugin:80 - create IPUIPlugin
2023-05-02 08:38:42,280 [INFO] IPUIPlugin:80 - create IPUIPlugin
2023-05-02 08:38:42,280 [INFO] IPUIPlugin:80 - create IPUIPlugin
2023-05-02 08:38:42,280 [INFO] IPUIPlugin:80 - create IPUIPlugin
2023-05-02 08:38:42,332 [INFO] IPUIPlugin:80 - create IPUIPlugin
2023-05-02 08:38:42,332 [INFO] IPUIPlugin:80 - create IPUIPlugin
2023-05-02 08:38:42,332 [INFO] IPUIPlugin:80 - create IPUIPlugin
2023-05-02 08:38:42,332 [INFO] IPUIPlugin:80 - create IPUIPlugin
2023-05-02 08:38:42,332 [INFO] IPUIPlugin:80 - create IPUIPlugin
2023-05-02 08:38:42,333 [INFO] IPUIPlugin:80 - create IPUIPlugin
2023-05-02 08:38:42,333 [INFO] IPUIPlugin:80 - create IPUIPlugin
2023-05-02 08:38:42,333 [INFO] IPUIPlugin:80 - create IPUIPlugin
2023-05-02 08:38:42,333 [INFO] IPUIPlugin:80 - create IPUIPlugin
2023-05-02 08:38:42,333 [INFO] IPUIPlugin:80 - create IPUIPlugin
2023-05-02 08:38:42,333 [INFO] IPUIPlugin:80 - create IPUIPlugin
2023-05-02 08:38:42,335 [INFO] IPUIPlugin:80 - create IPUIPlugin
2023-05-02 08:38:42,335 [INFO] IPUIPlugin:80 - create IPUIPlugin
2023-05-02 08:38:42,335 [INFO] IPUIPlugin:80 - create IPUIPlugin
2023-05-02 08:38:42,335 [INFO] IPUIPlugin:80 - create IPUIPlugin
2023-05-02 08:38:42,335 [INFO] IPUIPlugin:80 - create IPUIPlugin
2023-05-02 08:38:42,335 [INFO] IPUIPlugin:80 - create IPUIPlugin
2023-05-02 08:38:42,335 [INFO] IPUIPlugin:80 - create IPUIPlugin
2023-05-02 08:38:42,335 [INFO] IPUIPlugin:80 - create IPUIPlugin
2023-05-02 08:38:42,336 [INFO] IPUIPlugin:80 - create IPUIPlugin
2023-05-02 08:38:42,336 [INFO] IPUIPlugin:80 - create IPUIPlugin
2023-05-02 08:38:42,336 [INFO] IPUIPlugin:80 - create IPUIPlugin
2023-05-02 08:38:42,336 [INFO] IPUIPlugin:80 - create IPUIPlugin
2023-05-02 08:38:42,337 [INFO] IPUIPlugin:80 - create IPUIPlugin
2023-05-02 08:38:42,337 [INFO] IPUIPlugin:80 - create IPUIPlugin
2023-05-02 08:38:42,337 [INFO] IPUIPlugin:80 - create IPUIPlugin
2023-05-02 08:38:42,337 [INFO] IPUIPlugin:80 - create IPUIPlugin
2023-05-02 08:38:42,337 [INFO] IPUIPlugin:80 - create IPUIPlugin
2023-05-02 08:38:42,337 [INFO] IPUIPlugin:80 - create IPUIPlugin
2023-05-02 08:38:42,338 [INFO] IPUIPlugin:80 - create IPUIPlugin
2023-05-02 08:38:42,338 [INFO] IPUIPlugin:80 - create IPUIPlugin
2023-05-02 08:38:42,338 [INFO] IPUIPlugin:80 - create IPUIPlugin
2023-05-02 08:38:42,339 [INFO] IPUIPlugin:80 - create IPUIPlugin
2023-05-02 08:38:42,340 [INFO] IPUIPlugin:80 - create IPUIPlugin
2023-05-02 08:38:42,340 [INFO] IPUIPlugin:80 - create IPUIPlugin
2023-05-02 08:38:42,341 [INFO] IPUIPlugin:80 - create IPUIPlugin
2023-05-02 08:38:42,341 [INFO] IPUIPlugin:80 - create IPUIPlugin
2023-05-02 08:38:42,341 [INFO] IPUIPlugin:80 - create IPUIPlugin
2023-05-02 08:38:42,341 [INFO] IPUIPlugin:80 - create IPUIPlugin
2023-05-02 08:38:42,342 [INFO] IPUIPlugin:80 - create IPUIPlugin
2023-05-02 08:38:42,342 [INFO] IPUIPlugin:80 - create IPUIPlugin
2023-05-02 08:38:42,343 [INFO] IPUIPlugin:80 - create IPUIPlugin
2023-05-02 08:38:42,343 [INFO] IPUIPlugin:80 - create IPUIPlugin
2023-05-02 08:38:42,343 [INFO] IPUIPlugin:80 - create IPUIPlugin
2023-05-02 08:38:42,343 [INFO] IPUIPlugin:80 - create IPUIPlugin
2023-05-02 08:38:42,344 [INFO] IPUIPlugin:80 - create IPUIPlugin
2023-05-02 08:38:42,344 [INFO] IPUIPlugin:80 - create IPUIPlugin
2023-05-02 08:38:42,344 [INFO] IPUIPlugin:80 - create IPUIPlugin
2023-05-02 08:38:42,345 [INFO] IPUIPlugin:80 - create IPUIPlugin
2023-05-02 08:38:42,345 [INFO] IPUIPlugin:80 - create IPUIPlugin
2023-05-02 08:38:42,346 [INFO] IPUIPlugin:80 - create IPUIPlugin
2023-05-02 08:38:42,346 [INFO] IPUIPlugin:80 - create IPUIPlugin
2023-05-02 08:38:42,346 [INFO] IPUIPlugin:80 - create IPUIPlugin
2023-05-02 08:38:42,347 [INFO] IPUIPlugin:80 - create IPUIPlugin
2023-05-02 08:38:42,347 [INFO] IPUIPlugin:80 - create IPUIPlugin
2023-05-02 08:38:42,347 [INFO] IPUIPlugin:80 - create IPUIPlugin
2023-05-02 08:38:42,348 [INFO] IPUIPlugin:80 - create IPUIPlugin
2023-05-02 08:38:42,348 [INFO] IPUIPlugin:80 - create IPUIPlugin
2023-05-02 08:38:42,348 [INFO] IPUIPlugin:80 - create IPUIPlugin
2023-05-02 08:38:42,349 [INFO] IPUIPlugin:80 - create IPUIPlugin
2023-05-02 08:38:42,349 [INFO] IPUIPlugin:80 - create IPUIPlugin
2023-05-02 08:38:42,350 [INFO] IPUIPlugin:80 - create IPUIPlugin
2023-05-02 08:38:42,350 [INFO] IPUIPlugin:80 - create IPUIPlugin
2023-05-02 08:38:42,350 [INFO] IPUIPlugin:80 - create IPUIPlugin
2023-05-02 08:38:42,351 [INFO] IPUIPlugin:80 - create IPUIPlugin
2023-05-02 08:38:42,352 [INFO] IPUIPlugin:80 - create IPUIPlugin
2023-05-02 08:38:42,352 [INFO] IPUIPlugin:80 - create IPUIPlugin
2023-05-02 08:38:42,353 [INFO] IPUIPlugin:80 - create IPUIPlugin
2023-05-02 08:38:42,353 [INFO] IPUIPlugin:80 - create IPUIPlugin
2023-05-02 08:38:42,353 [INFO] IPUIPlugin:80 - create IPUIPlugin
2023-05-02 08:38:42,353 [INFO] IPUIPlugin:80 - create IPUIPlugin
2023-05-02 08:38:42,355 [INFO] IPUIPlugin:80 - create IPUIPlugin
2023-05-02 08:38:42,356 [INFO] IPUIPlugin:80 - create IPUIPlugin
2023-05-02 08:38:42,356 [INFO] IPUIPlugin:80 - create IPUIPlugin
2023-05-02 08:38:42,357 [INFO] IPUIPlugin:80 - create IPUIPlugin
2023-05-02 08:38:42,357 [INFO] IPUIPlugin:80 - create IPUIPlugin
2023-05-02 08:38:42,358 [INFO] IPUIPlugin:80 - create IPUIPlugin
2023-05-02 08:38:42,358 [INFO] IPUIPlugin:80 - create IPUIPlugin
2023-05-02 08:38:42,358 [INFO] IPUIPlugin:80 - create IPUIPlugin
2023-05-02 08:38:42,359 [INFO] IPUIPlugin:80 - create IPUIPlugin
2023-05-02 08:38:42,359 [INFO] IPUIPlugin:80 - create IPUIPlugin
2023-05-02 08:38:42,360 [INFO] IPUIPlugin:80 - create IPUIPlugin
2023-05-02 08:38:42,360 [INFO] IPUIPlugin:80 - create IPUIPlugin
2023-05-02 08:38:42,361 [INFO] IPUIPlugin:80 - create IPUIPlugin
2023-05-02 08:38:42,361 [INFO] IPUIPlugin:80 - create IPUIPlugin
2023-05-02 08:38:42,362 [INFO] IPUIPlugin:80 - create IPUIPlugin
2023-05-02 08:38:42,363 [INFO] IPUIPlugin:80 - create IPUIPlugin
2023-05-02 08:38:42,364 [INFO] IPUIPlugin:80 - create IPUIPlugin
2023-05-02 08:38:42,365 [INFO] IPUIPlugin:80 - create IPUIPlugin
2023-05-02 08:38:42,366 [INFO] IPUIPlugin:80 - create IPUIPlugin
2023-05-02 08:38:42,367 [INFO] IPUIPlugin:80 - create IPUIPlugin
2023-05-02 08:38:42,368 [INFO] IPUIPlugin:80 - create IPUIPlugin
2023-05-02 08:38:42,368 [INFO] IPUIPlugin:80 - create IPUIPlugin
2023-05-02 08:38:42,369 [INFO] IPUIPlugin:80 - create IPUIPlugin
2023-05-02 08:38:42,533 [INFO] ApiDbMcu:507 - Load IP Config File for PDM2PCM
2023-05-02 08:38:43,637 [INFO] CADModel:165 - CPN selected for project levelSTM32H750VBT6
2023-05-02 08:38:43,637 [INFO] CADModel:114 - Register for checkConnection events
2023-05-02 08:38:43,732 [INFO] OpenFileManager:328 - Restore cursor
2023-05-02 08:47:26,804 [INFO] UtilMem:75 - End SaveConfig() Used Memory: 527056008 Bytes (739246080)
2023-05-02 08:47:27,659 [INFO] BlockDiagram:2759 - set Specific Code input for plugin: RCC
2023-05-02 08:47:27,659 [INFO] BlockDiagram:2759 - set Specific Code input for plugin: TIM1_8H7
2023-05-02 08:47:27,659 [INFO] BlockDiagram:2759 - set Specific Code input for plugin: SYS
2023-05-02 08:47:27,659 [INFO] BlockDiagram:2759 - set Specific Code input for plugin: NVIC
2023-05-02 08:47:27,659 [INFO] BlockDiagram:2759 - set Specific Code input for plugin: DEBUG
2023-05-02 08:47:27,660 [INFO] BlockDiagram:2759 - set Specific Code input for plugin: GPIO
2023-05-02 08:47:27,661 [INFO] CodeGenerator:793 - code generatio: config db path: C:\ST\STM32CubeIDE_1.12.0\STM32CubeIDE\plugins\com.st.stm32cube.common.mx_6.8.0.202302231600\\db\
2023-05-02 08:47:29,019 [INFO] CodeEngine:255 - oldGeneratedFile, D:\STM32\2loadcell\MXTmpFiles\license.tmp_save
2023-05-02 08:47:30,045 [INFO] CodeEngine:279 - Generated code: D:\STM32\2loadcell\MXTmpFiles\license.tmp
2023-05-02 08:47:30,286 [INFO] CodeEngine:255 - oldGeneratedFile, D:\STM32\2loadcell\Core\Src\gpio.c_save
2023-05-02 08:47:30,542 [INFO] CodeEngine:279 - Generated code: D:\STM32\2loadcell\Core\Src\gpio.c
2023-05-02 08:47:30,557 [INFO] CodeEngine:255 - oldGeneratedFile, D:\STM32\2loadcell\Core\Inc\gpio.h_save
2023-05-02 08:47:30,691 [INFO] CodeEngine:279 - Generated code: D:\STM32\2loadcell\Core\Inc\gpio.h
2023-05-02 08:47:30,754 [WARN] IPConfigManager:99 - WARNING: Missing Config File for DEBUG ip!!
2023-05-02 08:47:31,176 [INFO] CodeEngine:255 - oldGeneratedFile, D:\STM32\2loadcell\MXTmpFiles\cortex.tmp_save
2023-05-02 08:47:31,306 [INFO] CodeEngine:279 - Generated code: D:\STM32\2loadcell\MXTmpFiles\cortex.tmp
2023-05-02 08:47:31,360 [INFO] CodeEngine:255 - oldGeneratedFile, D:\STM32\2loadcell\Core\Src\tim.c_save
2023-05-02 08:47:31,700 [INFO] CodeEngine:279 - Generated code: D:\STM32\2loadcell\Core\Src\tim.c
2023-05-02 08:47:31,715 [INFO] CodeEngine:255 - oldGeneratedFile, D:\STM32\2loadcell\Core\Inc\tim.h_save
2023-05-02 08:47:32,027 [INFO] CodeEngine:279 - Generated code: D:\STM32\2loadcell\Core\Inc\tim.h
2023-05-02 08:47:32,160 [INFO] CodeEngine:255 - oldGeneratedFile, D:\STM32\2loadcell\Core\Src\stm32h7xx_it.c_save
2023-05-02 08:47:32,603 [INFO] CodeEngine:279 - Generated code: D:\STM32\2loadcell\Core\Src\stm32h7xx_it.c
2023-05-02 08:47:32,615 [INFO] CodeEngine:255 - oldGeneratedFile, D:\STM32\2loadcell\Core\Inc\stm32h7xx_it.h_save
2023-05-02 08:47:32,938 [INFO] CodeEngine:279 - Generated code: D:\STM32\2loadcell\Core\Inc\stm32h7xx_it.h
2023-05-02 08:47:33,488 [INFO] CodeEngine:255 - oldGeneratedFile, D:\STM32\2loadcell\Core\Src\stm32h7xx_hal_msp.c_save
2023-05-02 08:47:33,746 [INFO] CodeEngine:279 - Generated code: D:\STM32\2loadcell\Core\Src\stm32h7xx_hal_msp.c
2023-05-02 08:47:33,760 [INFO] CodeEngine:255 - oldGeneratedFile, D:\STM32\2loadcell\MXTmpFiles\system.tmp_save
2023-05-02 08:47:33,876 [INFO] CodeEngine:279 - Generated code: D:\STM32\2loadcell\MXTmpFiles\system.tmp
2023-05-02 08:47:33,937 [INFO] CodeEngine:311 - oldGeneratedFile, D:\STM32\2loadcell\Core\Inc\stm32h7xx_hal_conf.h_save
2023-05-02 08:47:34,178 [INFO] CodeEngine:335 - Generated code: D:\STM32\2loadcell\Core\Inc\stm32h7xx_hal_conf.h
2023-05-02 08:47:34,439 [INFO] CodeEngine:255 - oldGeneratedFile, D:\STM32\2loadcell\Core\Inc\main.h_save
2023-05-02 08:47:34,645 [INFO] CodeEngine:279 - Generated code: D:\STM32\2loadcell\Core\Inc\main.h
2023-05-02 08:47:34,671 [INFO] CodeEngine:255 - oldGeneratedFile, D:\STM32\2loadcell\Core\Src\main.c_save
2023-05-02 08:47:35,217 [INFO] CodeEngine:279 - Generated code: D:\STM32\2loadcell\Core\Src\main.c
2023-05-02 08:47:36,086 [INFO] ProjectBuilder:2996 - Time for Copy HAL[1] : 135mS.
2023-05-02 08:47:36,098 [INFO] ProjectBuilder:4304 - Project Generator version: 3.19.2
2023-05-02 08:47:36,802 [INFO] ConfigFileManager:1483 - The Die is : DIE450
2023-05-02 08:47:36,820 [INFO] ApiDbMcu:507 - Load IP Config File for FATFS
2023-05-02 08:47:36,835 [INFO] ApiDbMcu:507 - Load IP Config File for FREERTOS
2023-05-02 08:47:36,844 [INFO] ApiDbMcu:507 - Load IP Config File for LIBJPEG
2023-05-02 08:47:36,860 [INFO] ApiDbMcu:507 - Load IP Config File for LWIP
2023-05-02 08:47:36,878 [INFO] ApiDbMcu:507 - Load IP Config File for MBEDTLS
2023-05-02 08:47:36,903 [INFO] ApiDbMcu:507 - Load IP Config File for USB_DEVICE
2023-05-02 08:47:36,922 [INFO] ApiDbMcu:507 - Load IP Config File for USB_HOST
2023-05-02 08:47:38,694 [INFO] LogOutputStream:77 - [STDOUT_REDIRECT] 
2023-05-02 08:47:42,653 [INFO] ProjectBuilder:4505 - Time for Generating toolchain IDE Files: 6554mS.
2023-05-02 08:47:42,654 [INFO] ProjectBuilder:2867 - Time for Copy CMSIS : 0mS.
2023-05-02 08:47:42,656 [INFO] ProjectBuilder:2867 - Time for Copy CMSIS : 0mS.
