2023-09-14 14:47:52,734 [INFO] Activator:176 - 


2023-09-14 14:47:52,748 [INFO] Activator:177 - !SESSION log4j initialized
2023-09-14 14:47:59,466 [INFO] LogOutputStream:77 - [STDOUT_REDIRECT] 
2023-09-14 14:48:06,888 [INFO] ApplicationProperties:184 - Using Application install path: C:\ST\STM32CubeIDE_1.12.0\STM32CubeIDE\plugins\com.st.stm32cube.common.mx_6.9.1.202307191849
2023-09-14 14:48:06,931 [INFO] DbMcusXml:78 - Set database path to: C:\ST\STM32CubeIDE_1.12.0\STM32CubeIDE\plugins\com.st.stm32cube.common.mx_6.9.1.202307191849\\db\/mcu/
2023-09-14 14:48:06,932 [INFO] ApiDb:274 - Set plugin database path to: C:\ST\STM32CubeIDE_1.12.0\STM32CubeIDE\plugins\com.st.stm32cube.common.mx_6.9.1.202307191849\\db\/plugins/boardmanager/
2023-09-14 14:48:06,942 [WARN] ApiDb:259 - Overriding images path with different value:  => C:\ST\STM32CubeIDE_1.12.0\STM32CubeIDE\plugins\com.st.stm32cube.common.mx_6.9.1.202307191849\\db\/plugins/mcufinder/images/
2023-09-14 14:48:07,048 [INFO] ApiDb:250 - Set database path to: C:\Users\user\.stmcufinder\plugins\mcufinder//mcu/
2023-09-14 14:48:07,054 [INFO] DbMcusAds:125 - Set database path to: C:\Users\user\.stmcufinder\plugins\mcufinder//mcu/
2023-09-14 14:48:07,061 [INFO] CrossReferenceDbSqlite:203 - Set database path to: C:\Users\user\.stmcufinder\plugins\mcufinder//mcu/cs/
2023-09-14 14:48:07,462 [INFO] RulesReader:64 - Compatibility file has been processed (293 Rules)
2023-09-14 14:48:07,698 [INFO] DbMcusXml:78 - Set database path to: C:\ST\STM32CubeIDE_1.12.0\STM32CubeIDE\plugins\com.st.stm32cube.common.mx_6.9.1.202307191849\\db\/mcu/
2023-09-14 14:48:07,698 [INFO] ApiDb:274 - Set plugin database path to: C:\ST\STM32CubeIDE_1.12.0\STM32CubeIDE\plugins\com.st.stm32cube.common.mx_6.9.1.202307191849\\db\/plugins/boardmanager/
2023-09-14 14:48:07,698 [INFO] ApiDb:261 - Set plugin images path to: C:\ST\STM32CubeIDE_1.12.0\STM32CubeIDE\plugins\com.st.stm32cube.common.mx_6.9.1.202307191849\\db\/plugins/mcufinder/images/
2023-09-14 14:48:07,699 [WARN] DbFile:41 - Overriding database path with different value: C:\Users\user\.stmcufinder\plugins\mcufinder/ => C:\Users\user\.stmcufinder\plugins\mcufinder
2023-09-14 14:48:07,699 [INFO] ApiDb:250 - Set database path to: C:\Users\user\.stmcufinder\plugins\mcufinder//mcu/
2023-09-14 14:48:07,699 [WARN] DbFile:41 - Overriding database path with different value: C:\Users\user\.stmcufinder\plugins\mcufinder/ => C:\Users\user\.stmcufinder\plugins\mcufinder
2023-09-14 14:48:07,699 [INFO] DbMcusAds:125 - Set database path to: C:\Users\user\.stmcufinder\plugins\mcufinder//mcu/
2023-09-14 14:48:07,699 [WARN] DbFile:41 - Overriding database path with different value: C:\Users\user\.stmcufinder\plugins\mcufinder/ => C:\Users\user\.stmcufinder\plugins\mcufinder
2023-09-14 14:48:07,701 [WARN] DbFile:41 - Overriding database path with different value: C:\Users\user\.stmcufinder\plugins\mcufinder/ => C:\Users\user\.stmcufinder\plugins\mcufinder
2023-09-14 14:48:07,701 [INFO] CrossReferenceDbSqlite:203 - Set database path to: C:\Users\user\.stmcufinder\plugins\mcufinder//mcu/cs/
2023-09-14 14:48:07,906 [INFO] MainPanel:262 - HeapMemory: 268435456
2023-09-14 14:48:08,098 [INFO] DbMcusXml:78 - Set database path to: C:\ST\STM32CubeIDE_1.12.0\STM32CubeIDE\plugins\com.st.stm32cube.common.mx_6.9.1.202307191849\\db\/mcu/
2023-09-14 14:48:08,099 [INFO] ApiDb:274 - Set plugin database path to: C:\ST\STM32CubeIDE_1.12.0\STM32CubeIDE\plugins\com.st.stm32cube.common.mx_6.9.1.202307191849\\db\/plugins/boardmanager/
2023-09-14 14:48:08,099 [INFO] ApiDb:261 - Set plugin images path to: C:\ST\STM32CubeIDE_1.12.0\STM32CubeIDE\plugins\com.st.stm32cube.common.mx_6.9.1.202307191849\\db\/plugins/mcufinder/images/
2023-09-14 14:48:08,100 [WARN] DbFile:41 - Overriding database path with different value: C:\Users\user\.stmcufinder\plugins\mcufinder/ => C:\Users\user\.stmcufinder\plugins\mcufinder
2023-09-14 14:48:08,100 [INFO] ApiDb:250 - Set database path to: C:\Users\user\.stmcufinder\plugins\mcufinder//mcu/
2023-09-14 14:48:08,100 [WARN] DbFile:41 - Overriding database path with different value: C:\Users\user\.stmcufinder\plugins\mcufinder/ => C:\Users\user\.stmcufinder\plugins\mcufinder
2023-09-14 14:48:08,101 [INFO] DbMcusAds:125 - Set database path to: C:\Users\user\.stmcufinder\plugins\mcufinder//mcu/
2023-09-14 14:48:08,101 [WARN] DbFile:41 - Overriding database path with different value: C:\Users\user\.stmcufinder\plugins\mcufinder/ => C:\Users\user\.stmcufinder\plugins\mcufinder
2023-09-14 14:48:08,101 [WARN] DbFile:41 - Overriding database path with different value: C:\Users\user\.stmcufinder\plugins\mcufinder/ => C:\Users\user\.stmcufinder\plugins\mcufinder
2023-09-14 14:48:08,104 [INFO] CrossReferenceDbSqlite:203 - Set database path to: C:\Users\user\.stmcufinder\plugins\mcufinder//mcu/cs/
2023-09-14 14:48:08,179 [INFO] ApplicationProperties:184 - Using Application install path: C:\ST\STM32CubeIDE_1.12.0\STM32CubeIDE\plugins\com.st.stm32cube.common.mx_6.9.1.202307191849
2023-09-14 14:48:08,184 [INFO] PluginManage:196 - Search for loadable plugins [exclusion list=, ]
2023-09-14 14:48:08,189 [INFO] PluginManage:310 - Check plugin analytics
2023-09-14 14:48:08,959 [INFO] AnalyticsPlugin:253 - Accepted Software Licenses: STM32CubeMX.6.8.0,STM32CubeMX.6.8.1,STM32CubeMX.6.5.0,STM32CubeMX.6.9.1
2023-09-14 14:48:08,960 [INFO] AnalyticsPlugin:255 - Accepted CMSIS Pack Licenses: emotas.I-CUBE-CANOPEN.1.1.3,STMicroelectronics.X-CUBE-TOUCHGFX.4.21.0,STMicroelectronics.X-CUBE-TOUCHGFX.4.21.1,STMicroelectronics.X-CUBE-TOUCHGFX.4.18.0
2023-09-14 14:48:08,960 [INFO] AnalyticsPlugin:257 - Accepted Firmware Licenses: FW.H7.1.11.0,FW.G0.1.6.0,FW.F4.1.27.0
2023-09-14 14:48:08,966 [INFO] PluginManage:359 - Loaded plugin analytics (category:tool,tabindex:-1)
2023-09-14 14:48:08,967 [INFO] PluginManage:310 - Check plugin cadmodel
2023-09-14 14:48:09,069 [INFO] CADModel:105 - Init CAD model plugin
2023-09-14 14:48:09,069 [INFO] PluginManage:359 - Loaded plugin cadmodel (category:power,tabindex:5)
2023-09-14 14:48:09,070 [INFO] PluginManage:310 - Check plugin clock
2023-09-14 14:48:09,126 [INFO] PluginManage:359 - Loaded plugin clock (category:base,tabindex:2)
2023-09-14 14:48:09,126 [INFO] PluginManage:310 - Check plugin ddr
2023-09-14 14:48:09,130 [INFO] PluginManage:359 - Loaded plugin ddr (category:tool,tabindex:6)
2023-09-14 14:48:09,130 [INFO] PluginManage:310 - Check plugin filemanager
2023-09-14 14:48:09,616 [INFO] PluginManage:359 - Loaded plugin filemanager (category:base,tabindex:10)
2023-09-14 14:48:09,617 [INFO] PluginManage:310 - Check plugin ipmanager
2023-09-14 14:48:09,642 [INFO] PluginManage:359 - Loaded plugin ipmanager (category:base,tabindex:5)
2023-09-14 14:48:09,643 [INFO] PluginManage:310 - Check plugin lpbam
2023-09-14 14:48:09,742 [INFO] PluginManage:359 - Loaded plugin lpbam (category:base,tabindex:0)
2023-09-14 14:48:09,744 [INFO] PluginManage:310 - Check plugin memorymap
2023-09-14 14:48:09,805 [INFO] PluginManage:359 - Loaded plugin memorymap (category:base,tabindex:4)
2023-09-14 14:48:09,805 [INFO] PluginManage:310 - Check plugin pinoutandconfiguration
2023-09-14 14:48:09,836 [INFO] PluginManage:359 - Loaded plugin pinoutandconfiguration (category:base,tabindex:1)
2023-09-14 14:48:09,836 [INFO] PluginManage:310 - Check plugin pinoutconfig
2023-09-14 14:48:10,098 [WARN] SupportedApi:132 - Cannot load RTOS API schema: s4s-elt-must-match.1: The content of 'definitions' must match (annotation?, (simpleType | complexType)?, (unique | key | keyref)*)). A problem was found starting at: attribute.
2023-09-14 14:48:10,585 [INFO] PluginManage:359 - Loaded plugin pinoutconfig (category:base,tabindex:0)
2023-09-14 14:48:10,586 [INFO] PluginManage:310 - Check plugin power
2023-09-14 14:48:10,617 [INFO] PluginManage:359 - Loaded plugin power (category:power,tabindex:4)
2023-09-14 14:48:10,618 [INFO] PluginManage:310 - Check plugin projectmanager
2023-09-14 14:48:10,649 [INFO] PluginManage:359 - Loaded plugin projectmanager (category:projectmanager,tabindex:3)
2023-09-14 14:48:10,658 [INFO] PluginManage:310 - Check plugin thirdparty
2023-09-14 14:48:11,176 [INFO] PluginManage:359 - Loaded plugin thirdparty (category:base,tabindex:-1)
2023-09-14 14:48:11,176 [INFO] PluginManage:310 - Check plugin tools
2023-09-14 14:48:11,185 [WARN] IntegrityCheckThread:84 - waiting for thirdparty lock release [integrity check]
2023-09-14 14:48:11,187 [INFO] IntegrityCheckThread:86 - entering critical section [integrity check]
2023-09-14 14:48:11,188 [INFO] ThirdPartyUpdaterWithRetryManager:70 - Updater plugin not ready yet. [1/15]
2023-09-14 14:48:11,321 [INFO] PluginManage:359 - Loaded plugin tools (category:base,tabindex:7)
2023-09-14 14:48:11,322 [INFO] PluginManage:310 - Check plugin tutovideos
2023-09-14 14:48:11,821 [INFO] PluginManage:359 - Loaded plugin tutovideos (category:base,tabindex:-1)
2023-09-14 14:48:11,822 [INFO] PluginManage:310 - Check plugin updater
2023-09-14 14:48:11,840 [INFO] PluginManage:359 - Loaded plugin updater (category:base,tabindex:12)
2023-09-14 14:48:11,841 [INFO] PluginManage:310 - Check plugin userauth
2023-09-14 14:48:11,850 [INFO] UserAuth:113 - Init User Auth plugin
2023-09-14 14:48:11,850 [INFO] PluginManage:359 - Loaded plugin userauth (category:base,tabindex:14)
2023-09-14 14:48:11,850 [INFO] PluginManage:283 - PluginManage : Loaded plugins [17]
2023-09-14 14:48:12,463 [INFO] PinOutPanel:1499 - setPackage(No Configuration,No Configuration)
2023-09-14 14:48:12,698 [INFO] CADModel:165 - CPN selected for project level
2023-09-14 14:48:12,698 [INFO] CADModel:114 - Register for checkConnection events
2023-09-14 14:48:12,746 [INFO] IPUIPlugin:80 - create IPUIPlugin
2023-09-14 14:48:12,746 [INFO] PluginManager:220 - loadIPPluginJar : add adc
2023-09-14 14:48:12,816 [INFO] IPUIPlugin:80 - create IPUIPlugin
2023-09-14 14:48:12,816 [INFO] PluginManager:220 - loadIPPluginJar : add aes
2023-09-14 14:48:12,892 [INFO] IPUIPlugin:80 - create IPUIPlugin
2023-09-14 14:48:12,892 [INFO] PluginManager:220 - loadIPPluginJar : add can
2023-09-14 14:48:12,936 [INFO] IPUIPlugin:80 - create IPUIPlugin
2023-09-14 14:48:12,938 [INFO] PluginManager:220 - loadIPPluginJar : add comp
2023-09-14 14:48:12,993 [INFO] IPUIPlugin:80 - create IPUIPlugin
2023-09-14 14:48:12,993 [INFO] PluginManager:220 - loadIPPluginJar : add cryp
2023-09-14 14:48:13,045 [INFO] IPUIPlugin:80 - create IPUIPlugin
2023-09-14 14:48:13,045 [INFO] PluginManager:220 - loadIPPluginJar : add dfsdm
2023-09-14 14:48:13,072 [INFO] IPUIPlugin:80 - create IPUIPlugin
2023-09-14 14:48:13,073 [INFO] PluginManager:220 - loadIPPluginJar : add dma
2023-09-14 14:48:13,179 [INFO] IPUIPlugin:80 - create IPUIPlugin
2023-09-14 14:48:13,179 [INFO] PluginManager:220 - loadIPPluginJar : add dma3
2023-09-14 14:48:13,227 [INFO] IPUIPlugin:80 - create IPUIPlugin
2023-09-14 14:48:13,228 [INFO] PluginManager:220 - loadIPPluginJar : add fatfs
2023-09-14 14:48:13,342 [INFO] IPUIPlugin:80 - create IPUIPlugin
2023-09-14 14:48:13,343 [INFO] PluginManager:220 - loadIPPluginJar : add fmc
2023-09-14 14:48:13,388 [INFO] IPUIPlugin:80 - create IPUIPlugin
2023-09-14 14:48:13,388 [INFO] PluginManager:220 - loadIPPluginJar : add freertos
2023-09-14 14:48:13,450 [INFO] IPUIPlugin:80 - create IPUIPlugin
2023-09-14 14:48:13,450 [INFO] PluginManager:220 - loadIPPluginJar : add genericplugin
2023-09-14 14:48:13,730 [INFO] IPUIPlugin:80 - create IPUIPlugin
2023-09-14 14:48:13,730 [INFO] PluginManager:220 - loadIPPluginJar : add gfxmmu
2023-09-14 14:48:13,894 [INFO] IPUIPlugin:80 - create IPUIPlugin
2023-09-14 14:48:13,895 [INFO] PluginManager:220 - loadIPPluginJar : add gic
2023-09-14 14:48:13,909 [INFO] IPUIPlugin:80 - create IPUIPlugin
2023-09-14 14:48:13,909 [INFO] PluginManager:220 - loadIPPluginJar : add gpio
2023-09-14 14:48:14,012 [INFO] IPUIPlugin:80 - create IPUIPlugin
2023-09-14 14:48:14,012 [INFO] PluginManager:220 - loadIPPluginJar : add gtzc
2023-09-14 14:48:14,050 [INFO] IPUIPlugin:80 - create IPUIPlugin
2023-09-14 14:48:14,050 [INFO] PluginManager:220 - loadIPPluginJar : add hash
2023-09-14 14:48:14,109 [INFO] IPUIPlugin:80 - create IPUIPlugin
2023-09-14 14:48:14,109 [INFO] PluginManager:220 - loadIPPluginJar : add i2c
2023-09-14 14:48:14,160 [INFO] IPUIPlugin:80 - create IPUIPlugin
2023-09-14 14:48:14,160 [INFO] PluginManager:220 - loadIPPluginJar : add i2s
2023-09-14 14:48:14,190 [INFO] ThirdPartyUpdaterWithRetryManager:70 - Updater plugin not ready yet. [2/15]
2023-09-14 14:48:14,211 [INFO] IPUIPlugin:80 - create IPUIPlugin
2023-09-14 14:48:14,211 [INFO] PluginManager:220 - loadIPPluginJar : add i3c
2023-09-14 14:48:14,438 [INFO] IPUIPlugin:80 - create IPUIPlugin
2023-09-14 14:48:14,439 [INFO] PluginManager:220 - loadIPPluginJar : add ipddr
2023-09-14 14:48:14,569 [INFO] IPUIPlugin:80 - create IPUIPlugin
2023-09-14 14:48:14,570 [INFO] PluginManager:220 - loadIPPluginJar : add linkedlist
2023-09-14 14:48:14,608 [INFO] IPUIPlugin:80 - create IPUIPlugin
2023-09-14 14:48:14,610 [INFO] PluginManager:220 - loadIPPluginJar : add lorawan
2023-09-14 14:48:14,651 [INFO] IPUIPlugin:80 - create IPUIPlugin
2023-09-14 14:48:14,651 [INFO] PluginManager:220 - loadIPPluginJar : add ltdc
2023-09-14 14:48:14,672 [INFO] IPUIPlugin:80 - create IPUIPlugin
2023-09-14 14:48:14,672 [INFO] PluginManager:220 - loadIPPluginJar : add mdma
2023-09-14 14:48:14,694 [INFO] IPUIPlugin:80 - create IPUIPlugin
2023-09-14 14:48:14,694 [INFO] PluginManager:220 - loadIPPluginJar : add nvic
2023-09-14 14:48:14,759 [INFO] IPUIPlugin:80 - create IPUIPlugin
2023-09-14 14:48:14,760 [INFO] PluginManager:220 - loadIPPluginJar : add opamp
2023-09-14 14:48:14,843 [INFO] IPUIPlugin:80 - create IPUIPlugin
2023-09-14 14:48:14,843 [INFO] PluginManager:220 - loadIPPluginJar : add openamp
2023-09-14 14:48:14,891 [INFO] IPUIPlugin:80 - create IPUIPlugin
2023-09-14 14:48:14,891 [INFO] PluginManager:220 - loadIPPluginJar : add pdm2pcm
2023-09-14 14:48:14,906 [INFO] IPUIPlugin:80 - create IPUIPlugin
2023-09-14 14:48:14,909 [INFO] PluginManager:220 - loadIPPluginJar : add plateformsettings
2023-09-14 14:48:14,932 [INFO] IPUIPlugin:80 - create IPUIPlugin
2023-09-14 14:48:14,932 [INFO] PluginManager:220 - loadIPPluginJar : add quadspi
2023-09-14 14:48:14,948 [INFO] IPUIPlugin:80 - create IPUIPlugin
2023-09-14 14:48:14,948 [INFO] PluginManager:220 - loadIPPluginJar : add resmgrutility
2023-09-14 14:48:15,008 [INFO] IPUIPlugin:80 - create IPUIPlugin
2023-09-14 14:48:15,008 [INFO] PluginManager:220 - loadIPPluginJar : add sai
2023-09-14 14:48:15,052 [INFO] IPUIPlugin:80 - create IPUIPlugin
2023-09-14 14:48:15,052 [INFO] PluginManager:220 - loadIPPluginJar : add spi
2023-09-14 14:48:15,115 [INFO] IPUIPlugin:80 - create IPUIPlugin
2023-09-14 14:48:15,115 [INFO] PluginManager:220 - loadIPPluginJar : add stm32_wpan
2023-09-14 14:48:15,143 [INFO] IPUIPlugin:80 - create IPUIPlugin
2023-09-14 14:48:15,144 [INFO] PluginManager:220 - loadIPPluginJar : add tim
2023-09-14 14:48:15,224 [INFO] IPUIPlugin:80 - create IPUIPlugin
2023-09-14 14:48:15,225 [INFO] PluginManager:220 - loadIPPluginJar : add touchsensing
2023-09-14 14:48:15,259 [INFO] IPUIPlugin:80 - create IPUIPlugin
2023-09-14 14:48:15,260 [INFO] PluginManager:220 - loadIPPluginJar : add tracer_emb
2023-09-14 14:48:15,292 [INFO] IPUIPlugin:80 - create IPUIPlugin
2023-09-14 14:48:15,292 [INFO] PluginManager:220 - loadIPPluginJar : add ts
2023-09-14 14:48:15,322 [INFO] IPUIPlugin:80 - create IPUIPlugin
2023-09-14 14:48:15,322 [INFO] PluginManager:220 - loadIPPluginJar : add tsc
2023-09-14 14:48:15,369 [INFO] IPUIPlugin:80 - create IPUIPlugin
2023-09-14 14:48:15,371 [INFO] PluginManager:220 - loadIPPluginJar : add ucpd
2023-09-14 14:48:15,467 [INFO] IPUIPlugin:80 - create IPUIPlugin
2023-09-14 14:48:15,467 [INFO] PluginManager:220 - loadIPPluginJar : add usart
2023-09-14 14:48:15,519 [INFO] IPUIPlugin:80 - create IPUIPlugin
2023-09-14 14:48:15,520 [INFO] PluginManager:220 - loadIPPluginJar : add usbx
2023-09-14 14:48:15,663 [INFO] CADModel:165 - CPN selected for project level
2023-09-14 14:48:15,663 [INFO] CADModel:114 - Register for checkConnection events
2023-09-14 14:48:15,663 [FATAL] Updater:308 - Updater called before beeing initialized
2023-09-14 14:48:15,663 [ERROR] CADModel:125 - Updater not yet initialized, retry later 
2023-09-14 14:48:15,845 [INFO] CADModel:165 - CPN selected for project level
2023-09-14 14:48:15,845 [INFO] CADModel:114 - Register for checkConnection events
2023-09-14 14:48:15,846 [FATAL] Updater:308 - Updater called before beeing initialized
2023-09-14 14:48:15,846 [ERROR] CADModel:125 - Updater not yet initialized, retry later 
2023-09-14 14:48:15,850 [FATAL] Updater:308 - Updater called before beeing initialized
2023-09-14 14:48:15,999 [FATAL] Updater:308 - Updater called before beeing initialized
2023-09-14 14:48:16,018 [INFO] DbMcusAds:53 - JSON generation date=Tue Mar 07 15:50:55 ICT 2023 (1678179055114)
2023-09-14 14:48:16,018 [FATAL] Updater:308 - Updater called before beeing initialized
2023-09-14 14:48:16,082 [WARN] DetailPanel:346 - Failed to get advertising image, set to default
2023-09-14 14:48:16,262 [FATAL] Updater:308 - Updater called before beeing initialized
2023-09-14 14:48:16,276 [FATAL] Updater:308 - Updater called before beeing initialized
2023-09-14 14:48:16,276 [FATAL] Updater:308 - Updater called before beeing initialized
2023-09-14 14:48:16,276 [WARN] DetailPanel:346 - Failed to get advertising image, set to default
2023-09-14 14:48:16,279 [FATAL] Updater:308 - Updater called before beeing initialized
2023-09-14 14:48:16,457 [ERROR] Updater:1120 - MainUpdater not yet initialized. External WinMGr cannot be set.
2023-09-14 14:48:16,480 [INFO] Updater:1056 - Updater Version found : 6.9.1
2023-09-14 14:48:16,527 [INFO] ApplicationProperties:184 - Using Application install path: C:\ST\STM32CubeIDE_1.12.0\STM32CubeIDE\plugins\com.st.stm32cube.common.mx_6.9.1.202307191849
2023-09-14 14:48:17,190 [INFO] ThirdPartyUpdaterWithRetryManager:70 - Updater plugin not ready yet. [3/15]
2023-09-14 14:48:17,563 [INFO] MainUpdater:2868 - connection check result : 10
2023-09-14 14:48:17,565 [INFO] MainUpdater:285 - Updater Check For Update Now.
2023-09-14 14:48:17,565 [INFO] MicroXplorer:498 - Change Database Version : DB.6.0.91
2023-09-14 14:48:17,593 [INFO] McuFinderGlobals:63 - Set McuFinder mode to 2 (CubeIDE integrated)
2023-09-14 14:48:17,594 [INFO] UserAuth:179 - activating auth plugin
2023-09-14 14:48:17,636 [INFO] UserAuth:393 - Internet connection configuration mode: 1
2023-09-14 14:48:17,708 [INFO] JxBrowserEngine:151 - Initiate JxBrowser Engine with user profile folder
2023-09-14 14:48:18,071 [INFO] CheckServerUpdateThread:120 - End of CheckServer Thread
2023-09-14 14:48:21,539 [WARN] PackLoader:240 - Cannot read IP mode file for STMicroelectronics.X-CUBE-SMBUS.2.1.0
2023-09-14 14:48:21,736 [WARN] PackLoader:240 - Cannot read IP mode file for STMicroelectronics.X-CUBE-AZRTOS-F7.1.1.0
2023-09-14 14:48:21,824 [WARN] PackLoader:240 - Cannot read IP mode file for STMicroelectronics.FP-SNS-MOTENV1.4.3.2
2023-09-14 14:48:21,951 [WARN] PackLoader:240 - Cannot read IP mode file for STMicroelectronics.X-CUBE-BLE1.6.2.4
2023-09-14 14:48:21,971 [WARN] PackLoader:240 - Cannot read IP mode file for STMicroelectronics.FP-SNS-FLIGHT1.5.0.2
2023-09-14 14:48:22,026 [WARN] PackLoader:240 - Cannot read IP mode file for STMicroelectronics.X-CUBE-DISPLAY.3.0.0
2023-09-14 14:48:22,086 [WARN] PackLoader:240 - Cannot read IP mode file for STMicroelectronics.X-CUBE-BLE1.7.0.0
2023-09-14 14:48:22,137 [WARN] PackLoader:240 - Cannot read IP mode file for emotas.I-CUBE-CANOPEN.1.3.0
2023-09-14 14:48:22,693 [WARN] PackLoader:240 - Cannot read IP mode file for STMicroelectronics.X-CUBE-TOUCHGFX.4.22.0
2023-09-14 14:48:23,091 [WARN] PackLoader:240 - Cannot read IP mode file for STMicroelectronics.FP-SNS-SMARTAG2.1.2.0
2023-09-14 14:48:23,220 [INFO] LogOutputStream:77 - [STDOUT_REDIRECT] 1 : Invalid condition id : UX_CORESTACK_Condition cause : null
2023-09-14 14:48:23,226 [INFO] LogOutputStream:77 - [STDOUT_REDIRECT] 1 : Invalid condition id : UX_CORESTACK_Condition cause : null
2023-09-14 14:48:23,231 [INFO] LogOutputStream:77 - [STDOUT_REDIRECT] 1 : Invalid condition id : UX_CORESTACK_Condition cause : null
2023-09-14 14:48:23,253 [INFO] LogOutputStream:77 - [STDOUT_REDIRECT] 1 : Invalid condition id : UX_CORESTACK_Condition cause : null
2023-09-14 14:48:23,255 [INFO] LogOutputStream:77 - [STDOUT_REDIRECT] 1 : Invalid condition id : UX_CORESTACK_Condition cause : null
2023-09-14 14:48:23,264 [WARN] PackLoader:240 - Cannot read IP mode file for STMicroelectronics.X-CUBE-AZRTOS-WL.2.0.0
2023-09-14 14:48:23,389 [WARN] PackLoader:240 - Cannot read IP mode file for WES.I-CUBE-Cesium.1.3.0
2023-09-14 14:48:23,411 [WARN] PackLoader:240 - Cannot read IP mode file for STMicroelectronics.X-CUBE-BLE2.3.3.0
2023-09-14 14:48:23,430 [WARN] PackLoader:240 - Cannot read IP mode file for STMicroelectronics.X-CUBE-TOUCHGFX.4.18.0
2023-09-14 14:48:23,675 [WARN] PackLoader:240 - Cannot read IP mode file for STMicroelectronics.X-CUBE-TOUCHGFX.4.21.1
2023-09-14 14:48:24,132 [WARN] PackLoader:240 - Cannot read IP mode file for STMicroelectronics.X-CUBE-TOUCHGFX.4.21.0
2023-09-14 14:48:24,527 [WARN] PackLoader:240 - Cannot read IP mode file for STMicroelectronics.X-CUBE-TOUCHGFX.4.21.4
2023-09-14 14:48:24,871 [WARN] PackLoader:240 - Cannot read IP mode file for STMicroelectronics.X-CUBE-ALGOBUILD.1.3.0
2023-09-14 14:48:25,129 [WARN] PackLoader:240 - Cannot read IP mode file for STMicroelectronics.X-CUBE-AZRTOS-G0.1.1.0
2023-09-14 14:48:25,229 [WARN] PackLoader:240 - Cannot read IP mode file for STMicroelectronics.X-CUBE-NFC4.3.0.0
2023-09-14 14:48:25,561 [WARN] PackLoader:240 - Cannot read IP mode file for STMicroelectronics.FP-ATR-SIGFOX1.3.2.0
2023-09-14 14:48:26,265 [WARN] PackLoader:240 - Cannot read IP mode file for SEGGER.I-CUBE-embOS.1.3.1
2023-09-14 14:48:26,722 [WARN] PackLoader:240 - Cannot read IP mode file for STMicroelectronics.X-CUBE-GNSS1.6.0.0
2023-09-14 14:48:26,873 [WARN] PackLoader:240 - Cannot read IP mode file for STMicroelectronics.X-CUBE-AZRTOS-F4.1.1.0
2023-09-14 14:48:27,134 [WARN] PackLoader:240 - Cannot read IP mode file for wolfSSL.I-CUBE-wolfSSL.5.6.3
2023-09-14 14:48:27,305 [WARN] PackLoader:240 - Cannot read IP mode file for STMicroelectronics.X-CUBE-AZRTOS-L5.2.0.0
2023-09-14 14:48:27,740 [WARN] PackLoader:240 - Cannot read IP mode file for STMicroelectronics.X-CUBE-MEMS1.9.6.0
2023-09-14 14:48:29,024 [WARN] PackLoader:240 - Cannot read IP mode file for emotas.I-CUBE-CANOPEN.1.1.3
2023-09-14 14:48:29,860 [WARN] PackLoader:240 - Cannot read IP mode file for STMicroelectronics.X-CUBE-BLEMGR.2.0.0
2023-09-14 14:48:29,894 [WARN] ConditionMgr:438 - getConditionDescription Invalid condition id : UX DEVICE CLASS RTOS Condition cause : null
2023-09-14 14:48:29,895 [WARN] ConditionMgr:438 - getConditionDescription Invalid condition id : UX DEVICE CLASS RTOS Condition cause : null
2023-09-14 14:48:29,898 [WARN] PackLoader:240 - Cannot read IP mode file for STMicroelectronics.X-CUBE-AZRTOS-H7.3.1.0
2023-09-14 14:48:29,899 [WARN] ConditionMgr:1039 - genDependencies : Invalid condition id : UX DEVICE CLASS RTOS Condition cause : null
2023-09-14 14:48:29,900 [WARN] ConditionMgr:1039 - genDependencies : Invalid condition id : UX DEVICE CLASS RTOS Condition cause : null
2023-09-14 14:48:29,900 [WARN] ConditionMgr:1039 - genDependencies : Invalid condition id : UX DEVICE CLASS RTOS Condition cause : null
2023-09-14 14:48:29,900 [WARN] ConditionMgr:1039 - genDependencies : Invalid condition id : UX DEVICE CLASS RTOS Condition cause : null
2023-09-14 14:48:29,900 [WARN] ConditionMgr:1039 - genDependencies : Invalid condition id : UX DEVICE CLASS RTOS Condition cause : null
2023-09-14 14:48:29,949 [WARN] PackLoader:240 - Cannot read IP mode file for STMicroelectronics.X-CUBE-NFC7.1.0.1
2023-09-14 14:48:30,042 [WARN] PackLoader:240 - Cannot read IP mode file for STMicroelectronics.X-CUBE-NFC6.3.0.0
2023-09-14 14:48:30,061 [WARN] PackLoader:240 - Cannot read IP mode file for STMicroelectronics.X-CUBE-EEPRMA1.4.1.0
2023-09-14 14:48:30,104 [WARN] PackLoader:240 - Cannot read IP mode file for STMicroelectronics.X-CUBE-AI.8.1.0
2023-09-14 14:48:30,295 [WARN] ConditionMgr:438 - getConditionDescription Invalid condition id : LAN8742 Phy interface Condition cause : null
2023-09-14 14:48:30,317 [WARN] PackLoader:240 - Cannot read IP mode file for STMicroelectronics.X-CUBE-AZRTOS-L4.2.0.0
2023-09-14 14:48:30,322 [WARN] ConditionMgr:1039 - genDependencies : Invalid condition id : LAN8742 Phy interface Condition cause : null
2023-09-14 14:48:30,323 [WARN] ConditionMgr:1039 - genDependencies : Invalid condition id : LAN8742 Phy interface Condition cause : null
2023-09-14 14:48:30,325 [WARN] ConditionMgr:1039 - genDependencies : Invalid condition id : LAN8742 Phy interface Condition cause : null
2023-09-14 14:48:30,450 [WARN] PackLoader:240 - Cannot read IP mode file for STMicroelectronics.X-CUBE-SFXS2LP1.4.0.0
2023-09-14 14:48:30,610 [WARN] PackLoader:240 - Cannot read IP mode file for STMicroelectronics.X-CUBE-ISPU.1.1.0
2023-09-14 14:48:30,729 [WARN] ConditionMgr:438 - getConditionDescription Invalid condition id : UX DEVICE CLASS RTOS Condition cause : null
2023-09-14 14:48:30,729 [WARN] ConditionMgr:438 - getConditionDescription Invalid condition id : UX DEVICE CLASS RTOS Condition cause : null
2023-09-14 14:48:30,735 [WARN] PackLoader:240 - Cannot read IP mode file for STMicroelectronics.X-CUBE-AZRTOS-WB.2.0.0
2023-09-14 14:48:30,736 [WARN] ConditionMgr:1039 - genDependencies : Invalid condition id : UX DEVICE CLASS RTOS Condition cause : null
2023-09-14 14:48:30,736 [WARN] ConditionMgr:1039 - genDependencies : Invalid condition id : UX DEVICE CLASS RTOS Condition cause : null
2023-09-14 14:48:30,736 [WARN] ConditionMgr:1039 - genDependencies : Invalid condition id : UX DEVICE CLASS RTOS Condition cause : null
2023-09-14 14:48:30,737 [WARN] ConditionMgr:1039 - genDependencies : Invalid condition id : UX DEVICE CLASS RTOS Condition cause : null
2023-09-14 14:48:30,737 [WARN] ConditionMgr:1039 - genDependencies : Invalid condition id : UX DEVICE CLASS RTOS Condition cause : null
2023-09-14 14:48:30,945 [WARN] PackLoader:240 - Cannot read IP mode file for STMicroelectronics.X-CUBE-FREERTOS.1.0.1
2023-09-14 14:48:31,137 [WARN] PackLoader:240 - Cannot read IP mode file for STMicroelectronics.X-CUBE-AZRTOS-L5.1.1.0
2023-09-14 14:48:31,407 [WARN] PackLoader:240 - Cannot read IP mode file for STMicroelectronics.X-CUBE-AI.8.0.1
2023-09-14 14:48:31,785 [WARN] PackLoader:240 - Cannot read IP mode file for STMicroelectronics.X-CUBE-SUBG2.5.0.0
2023-09-14 14:48:31,858 [WARN] PackLoader:240 - Cannot read IP mode file for STMicroelectronics.X-CUBE-TOF1.3.3.1
2023-09-14 14:48:32,094 [WARN] PackLoader:240 - Cannot read IP mode file for STMicroelectronics.X-CUBE-AZRTOS-G4.2.0.0
2023-09-14 14:48:32,265 [WARN] PackLoader:240 - Cannot read IP mode file for STMicroelectronics.X-CUBE-TOF1.3.3.0
2023-09-14 14:48:32,620 [WARN] PackLoader:240 - Cannot read IP mode file for STMicroelectronics.X-CUBE-FREERTOS.1.1.0
2023-09-14 14:48:32,663 [WARN] PackLoader:240 - Cannot read IP mode file for portGmbH.I-Cube-SoM-uGOAL.1.1.0
2023-09-14 14:48:32,739 [WARN] PackLoader:240 - Cannot read IP mode file for STMicroelectronics.X-CUBE-ALS.1.0.1
2023-09-14 14:48:32,929 [WARN] PackLoader:240 - Cannot read IP mode file for STMicroelectronics.X-CUBE-AZRTOS-WB.1.1.0
2023-09-14 14:48:33,240 [WARN] PackLoader:240 - Cannot read IP mode file for STMicroelectronics.FP-ATR-ASTRA1.2.0.0
2023-09-14 14:48:33,242 [INFO] ThirdParty:978 - Integrity check success = true
2023-09-14 14:48:33,242 [INFO] IntegrityCheckThread:100 - exiting critical section [integrity check]
2023-09-14 14:48:33,242 [INFO] IntegrityCheckThread:103 - End integrity checks thread
2023-09-14 14:48:35,619 [INFO] WebApp:157 - Instantiating new browser for Auth
2023-09-14 14:48:36,813 [INFO] WebApp:753 - Register for checkConnection events
2023-09-14 14:48:36,815 [INFO] WebApp:390 - Apply proxy settings
2023-09-14 14:48:36,819 [INFO] WebApp:475 - Chromium requires no authentication
2023-09-14 14:48:36,829 [INFO] WebApp:418 - Direct internet connection detected
2023-09-14 14:48:36,987 [INFO] WebApp:188 - Starting web application
2023-09-14 14:48:36,987 [INFO] WebApp:520 - Web application path used C:\ST\STM32CubeIDE_1.12.0\STM32CubeIDE\plugins\com.st.stm32cube.common.mx_6.9.1.202307191849\db\plugins\mcufinder\reactClient1\index.html
2023-09-14 14:48:57,290 [INFO] McuFinderGlobals:63 - Set McuFinder mode to 2 (CubeIDE integrated)
2023-09-14 14:48:57,367 [INFO] MainUpdater:2868 - connection check result : 10
2023-09-14 14:48:59,681 [INFO] ApiDb:581 - Connected to CubeFinder SQLite database (C:\Users\user\.stmcufinder\plugins\mcufinder\mcu\cube-finder-db.db)
2023-09-14 14:48:59,776 [INFO] ApiDb:668 - CubeFinder database Data Model version=2.1
2023-09-14 14:48:59,777 [INFO] ApiDb:669 - CubeFinder database Configuration version=3.0.37
2023-09-14 14:48:59,779 [INFO] ApiDb:670 - CubeFinder database generation date=2023-08-09 (1691586011)
2023-09-14 14:48:59,780 [INFO] ApiDb:671 - CubeFinder database FW Pack versions=[FP-ATR-ASTRA1_V2.0.0, FP-SNS-FLIGHT1_V5.0.1, FP-SNS-FLIGHT1_V5.0.2, FP-SNS-MOTENV1_V4.3.1, FP-SNS-MOTENV1_V4.3.2, STM32Cube_FW_C0_V1.1.0, STM32Cube_FW_F4_V1.27.1, STM32Cube_FW_F7_V1.17.0, STM32Cube_FW_G0_V1.6.1, STM32Cube_FW_G4_V1.5.1, STM32Cube_FW_H5_V0.5.1, STM32Cube_FW_H5_V1.1.0, STM32Cube_FW_H7_V1.11.0, STM32Cube_FW_L0_V1.12.2, STM32Cube_FW_L5_V1.5.0, STM32Cube_FW_U5_V1.3.0, STM32Cube_FW_U5_V1.3.0RC4, STM32Cube_FW_WBA_V1.0.0RC1, STM32Cube_FW_WBA_V1.1.0, STM32Cube_FW_WBA_V1.1.0RC1, STM32Cube_FW_WB_V1.15.0RC1, STM32Cube_FW_WB_V1.16.0, STM32Cube_FW_WB_V1.16.0RC2, STM32Cube_FW_WB_V1.17.0, STM32Cube_FW_WL_V1.3.0, X-CUBE-ALGOBUILD_V1.3.0, X-CUBE-ALS_V1.0.1, X-CUBE-AZRTOS-F4_V1.1.0, X-CUBE-AZRTOS-F7_V1.1.0, X-CUBE-AZRTOS-G0_V1.1.0, X-CUBE-AZRTOS-G4_V2.0.0, X-CUBE-AZRTOS-H7_V3.1.0, X-CUBE-AZRTOS-L4_V1.0.0, X-CUBE-AZRTOS-L4_V2.0.0, X-CUBE-AZRTOS-L5_V1.1.0, X-CUBE-AZRTOS-WB_V1.1.0, X-CUBE-AZRTOS-WL_V2.0.0, X-CUBE-BLE1_V7.0.0, X-CUBE-BLE2_V3.3.0, X-CUBE-BLEMGR_V2.0.0, X-CUBE-EEPRMA1_V4.1.0, X-CUBE-FREERTOS_V1.1.0, X-CUBE-GNSS1_V6.0.0, X-CUBE-MEMS1_V9.1.0, X-CUBE-MEMS1_V9.4.0, X-CUBE-MEMS1_V9.6.0, X-CUBE-NFC4_V3.0.0, X-CUBE-NFC7_V1.0.0, X-CUBE-SFXS2LP1_V4.0.0, X-CUBE-SUBG2_V5.0.0, X-CUBE-TOF1_V3.3.1]
2023-09-14 14:48:59,975 [INFO] DbBoardsSqlite:226 - include board P-NUCLEO-WB55-NUCLEO as a kit item of type 'Nucleo-64'
2023-09-14 14:48:59,976 [INFO] DbBoardsSqlite:226 - include board P-NUCLEO-WB55-USBDONGLE as a kit item of type 'Nucleo USB Dongle'
2023-09-14 14:48:59,977 [INFO] DbBoardsSqlite:226 - include board STEVAL-IDP005V1 as a kit item of type 'Evaluation Board'
2023-09-14 14:48:59,977 [INFO] DbBoardsSqlite:226 - include board STEVAL-IDP005V2 as a kit item of type 'Evaluation Board'
2023-09-14 14:49:00,454 [ERROR] LogOutputStream:75 - [STDERR_REDIRECT] SLF4J: Failed to load class "org.slf4j.impl.StaticLoggerBinder".
2023-09-14 14:49:00,464 [ERROR] LogOutputStream:75 - [STDERR_REDIRECT] SLF4J: Defaulting to no-operation (NOP) logger implementation
2023-09-14 14:49:00,466 [ERROR] LogOutputStream:75 - [STDERR_REDIRECT] SLF4J: See http://www.slf4j.org/codes.html#StaticLoggerBinder for further details.
2023-09-14 14:49:00,580 [INFO] ApiDb:240 - Found 323 in-development CPN: [B-G473E-ZEST1S, B-WB1M-WPAN1, B-WL5M-SUBG1, NUCLEO-C031C6, NUCLEO-H503RB, NUCLEO-H563ZI, NUCLEO-U545RE-Q, NUCLEO-U5A5ZJ-Q, NUCLEO-WBA52CG, STEVAL-PROTEUS1, STEVAL-SMARTAG2, STEVAL-STWINBX1, STM320518-EVAL, STM32C0116-DK, STM32C011D6Y3TR, STM32C011D6Y6TR, STM32C011F4P3, STM32C011F4P6, STM32C011F4U3, STM32C011F4U6TR, STM32C011F6P3, STM32C011F6P6, STM32C011F6U3, STM32C011F6U6TR, STM32C011J4M3, STM32C011J4M6, STM32C011J6M3, STM32C011J6M6, STM32C0316-DK, STM32C031C4T3, STM32C031C4T6, STM32C031C4U3, STM32C031C4U6, STM32C031C6T3, STM32C031C6T6, STM32C031C6U3, STM32C031C6U6, STM32C031F4P3, STM32C031F4P6, STM32C031F6P3, STM32C031F6P6, STM32C031G4U3, STM32C031G4U6, STM32C031G6U3, STM32C031G6U6, STM32C031K4T3, STM32C031K4T6, STM32C031K4U3, STM32C031K4U6, STM32C031K6T3, STM32C031K6T6, STM32C031K6U3, STM32C031K6U6, STM32G071K8TXN, STM32G071K8UXN, STM32G081GBU6N, STM32G081KBT6N, STM32G081KBUXN, STM32G0B1CCT6N, STM32G0B1KCT6, STM32G0B1NEY6TR, STM32G0B1RCT6N, STM32G0C1CCT6, STM32G0C1CCT6N, STM32G0C1CCU6N, STM32G0C1CET6N, STM32G0C1CEU6N, STM32G0C1KCT6, STM32G0C1NEY6TR, STM32G0C1RCI6N, STM32G0C1RCT6N, STM32G0C1REI6N, STM32G0C1RET6N, STM32G0C1VCI6, STM32G0C1VEI6, STM32G471CCT6, STM32G471CCU6, STM32G471CET3, STM32G471CET6, STM32G471CEU3, STM32G471CEU6, STM32G471MCT6, STM32G471MET3, STM32G471MET6, STM32G471MEY6TR, STM32G471QCT6, STM32G471QET3, STM32G471RCT6, STM32G471RET3, STM32G471RET6, STM32G471VCH6, STM32G471VCI6, STM32G471VCT6, STM32G471VEH3, STM32G471VEH6, STM32G471VEI3, STM32G471VEI6, STM32G471VET3, STM32G471VET6, STM32G474CCT6, STM32H503CBT6, STM32H503CBU6, STM32H503EBY6TR, STM32H503KBU6, STM32H503RBT6, STM32H562AGI6, STM32H562AII6, STM32H562IGK6, STM32H562IGT6, STM32H562IIK6, STM32H562IIT6, STM32H562RGT6, STM32H562RGV6, STM32H562RIT6, STM32H562RIV6, STM32H562VGT6, STM32H562VIT6, STM32H562ZGT6, STM32H562ZIT6, STM32H563AGI6, STM32H563AII3Q, STM32H563AII6, STM32H563IGK6, STM32H563IGT6, STM32H563IIK3Q, STM32H563IIK6, STM32H563IIT3Q, STM32H563IIT6, STM32H563MIY3QTR, STM32H563RGT6, STM32H563RGV6, STM32H563RIT6, STM32H563RIV6, STM32H563VGT6, STM32H563VIT3Q, STM32H563VIT6, STM32H563ZGT6, STM32H563ZIT3Q, STM32H563ZIT6, STM32H573AII3Q, STM32H573AII6, STM32H573I-DK, STM32H573IIK3Q, STM32H573IIK6, STM32H573IIT3Q, STM32H573IIT6, STM32H573MIY3QTR, STM32H573RIT6, STM32H573RIV6, STM32H573VIT3Q, STM32H573VIT6, STM32H573ZIT3Q, STM32H573ZIT6, STM32L4R5QGI6STR, STM32MP131AAE3, STM32MP131AAF3, STM32MP131AAG3, STM32MP131CAE3, STM32MP131CAF3, STM32MP131CAG3, STM32MP131DAE7, STM32MP131DAF7, STM32MP131DAG7, STM32MP131FAE7, STM32MP131FAF7, STM32MP131FAG7, STM32MP133AAE3, STM32MP133AAF3, STM32MP133AAG3, STM32MP133CAE3, STM32MP133CAF3, STM32MP133CAG3, STM32MP133DAE7, STM32MP133DAF7, STM32MP133DAG7, STM32MP133FAE7, STM32MP133FAF7, STM32MP133FAG7, STM32MP135AAE3, STM32MP135AAF3, STM32MP135AAG3, STM32MP135CAE3, STM32MP135CAF3, STM32MP135CAG3, STM32MP135DAE7, STM32MP135DAF7, STM32MP135DAG7, STM32MP135F-DK, STM32MP135FAE7, STM32MP135FAF7, STM32MP135FAF7T, STM32MP135FAF7U, STM32MP135FAG7, STM32U535CBT6, STM32U535CBT6Q, STM32U535CBU6, STM32U535CBU6Q, STM32U535CCT6, STM32U535CCT6Q, STM32U535CCU6, STM32U535CCU6Q, STM32U535CET6, STM32U535CET6Q, STM32U535CEU6, STM32U535CEU6Q, STM32U535JEY6QTR, STM32U535NCY6QTR, STM32U535NEY6QTR, STM32U535RBI6, STM32U535RBI6Q, STM32U535RBT6, STM32U535RBT6Q, STM32U535RCI6, STM32U535RCI6Q, STM32U535RCT6, STM32U535RCT6Q, STM32U535REI6, STM32U535REI6Q, STM32U535RET6, STM32U535RET6Q, STM32U535VCI6, STM32U535VCI6Q, STM32U535VCT6, STM32U535VCT6Q, STM32U535VEI6, STM32U535VEI6Q, STM32U535VET6, STM32U535VET6Q, STM32U545CET6, STM32U545CET6Q, STM32U545CEU6, STM32U545CEU6Q, STM32U545JEY6QTR, STM32U545NEY6QTR, STM32U545REI6, STM32U545REI6Q, STM32U545RET6, STM32U545RET6Q, STM32U545VEI6, STM32U545VEI6Q, STM32U545VET6, STM32U545VET6Q, STM32U595AIH6, STM32U595AIH6Q, STM32U595AJH6, STM32U595AJH6Q, STM32U595QII6, STM32U595QII6Q, STM32U595QJI6, STM32U595QJI6Q, STM32U595RIT6, STM32U595RIT6Q, STM32U595RJT6, STM32U595RJT6Q, STM32U595VIT6, STM32U595VIT6Q, STM32U595VJT6, STM32U595VJT6Q, STM32U595ZIT6, STM32U595ZIT6Q, STM32U595ZIY6QTR, STM32U595ZJT6, STM32U595ZJT6Q, STM32U595ZJY6QTR, STM32U599BJY6QTR, STM32U599NIH6Q, STM32U599NJH6Q, STM32U599VIT6Q, STM32U599VJT6, STM32U599VJT6Q, STM32U599ZIT6Q, STM32U599ZIY6QTR, STM32U599ZJT6Q, STM32U599ZJY6QTR, STM32U5A5AJH6, STM32U5A5AJH6Q, STM32U5A5QJI6, STM32U5A5QJI6Q, STM32U5A5RJT6, STM32U5A5RJT6Q, STM32U5A5VJT6, STM32U5A5VJT6Q, STM32U5A5ZJT6, STM32U5A5ZJT6Q, STM32U5A5ZJY6QTR, STM32U5A9BJY6QTR, STM32U5A9J-DK, STM32U5A9NJH6Q, STM32U5A9VJT6Q, STM32U5A9ZJT6Q, STM32U5A9ZJY6QTR, STM32U5F7VIT6, STM32U5F7VIT6Q, STM32U5F7VJT6, STM32U5F7VJT6Q, STM32U5F9BJY6QTR, STM32U5F9NJH6Q, STM32U5F9VIT6Q, STM32U5F9VJT6Q, STM32U5F9ZIJ6QTR, STM32U5F9ZIT6Q, STM32U5F9ZJJ6QTR, STM32U5F9ZJT6Q, STM32U5G7VJT6, STM32U5G7VJT6Q, STM32U5G9BJY6QTR, STM32U5G9J-DK1, STM32U5G9J-DK2, STM32U5G9NJH6Q, STM32U5G9VJT6Q, STM32U5G9ZJJ6QTR, STM32U5G9ZJT6Q, STM32WB1MMCH6, STM32WBA52CEU6, STM32WBA52CEU6T, STM32WBA52CGU6, STM32WBA52CGU6T, STM32WBA52KEU6, STM32WBA52KEU6T, STM32WBA52KGU6, STM32WBA52KGU6T, STM32WL5MOCH6, STM32WL5MOCH6TR]
2023-09-14 14:49:00,885 [INFO] BoardInfo:880 - No configuration file found for board P-NUCLEO-WB55
2023-09-14 14:49:00,888 [INFO] DbBoards:157 - Kit is not supported: P-NUCLEO-WB55
2023-09-14 14:49:00,897 [INFO] BoardInfo:880 - No configuration file found for board STEVAL-BFA001V1B
2023-09-14 14:49:00,897 [INFO] DbBoards:157 - Kit is not supported: STEVAL-BFA001V1B
2023-09-14 14:49:00,899 [INFO] BoardInfo:880 - No configuration file found for board STEVAL-BFA001V2B
2023-09-14 14:49:00,899 [INFO] DbBoards:157 - Kit is not supported: STEVAL-BFA001V2B
2023-09-14 14:49:01,064 [INFO] DbBoards:161 - Found 190 boards, 187 are supported
2023-09-14 14:49:01,070 [INFO] ApiDb:668 - CubeFinder database Data Model version=2.1
2023-09-14 14:49:01,070 [INFO] ApiDb:669 - CubeFinder database Configuration version=3.0.37
2023-09-14 14:49:01,070 [INFO] ApiDb:670 - CubeFinder database generation date=2023-08-09 (1691586011)
2023-09-14 14:49:01,070 [INFO] ApiDb:671 - CubeFinder database FW Pack versions=[FP-ATR-ASTRA1_V2.0.0, FP-SNS-FLIGHT1_V5.0.1, FP-SNS-FLIGHT1_V5.0.2, FP-SNS-MOTENV1_V4.3.1, FP-SNS-MOTENV1_V4.3.2, STM32Cube_FW_C0_V1.1.0, STM32Cube_FW_F4_V1.27.1, STM32Cube_FW_F7_V1.17.0, STM32Cube_FW_G0_V1.6.1, STM32Cube_FW_G4_V1.5.1, STM32Cube_FW_H5_V0.5.1, STM32Cube_FW_H5_V1.1.0, STM32Cube_FW_H7_V1.11.0, STM32Cube_FW_L0_V1.12.2, STM32Cube_FW_L5_V1.5.0, STM32Cube_FW_U5_V1.3.0, STM32Cube_FW_U5_V1.3.0RC4, STM32Cube_FW_WBA_V1.0.0RC1, STM32Cube_FW_WBA_V1.1.0, STM32Cube_FW_WBA_V1.1.0RC1, STM32Cube_FW_WB_V1.15.0RC1, STM32Cube_FW_WB_V1.16.0, STM32Cube_FW_WB_V1.16.0RC2, STM32Cube_FW_WB_V1.17.0, STM32Cube_FW_WL_V1.3.0, X-CUBE-ALGOBUILD_V1.3.0, X-CUBE-ALS_V1.0.1, X-CUBE-AZRTOS-F4_V1.1.0, X-CUBE-AZRTOS-F7_V1.1.0, X-CUBE-AZRTOS-G0_V1.1.0, X-CUBE-AZRTOS-G4_V2.0.0, X-CUBE-AZRTOS-H7_V3.1.0, X-CUBE-AZRTOS-L4_V1.0.0, X-CUBE-AZRTOS-L4_V2.0.0, X-CUBE-AZRTOS-L5_V1.1.0, X-CUBE-AZRTOS-WB_V1.1.0, X-CUBE-AZRTOS-WL_V2.0.0, X-CUBE-BLE1_V7.0.0, X-CUBE-BLE2_V3.3.0, X-CUBE-BLEMGR_V2.0.0, X-CUBE-EEPRMA1_V4.1.0, X-CUBE-FREERTOS_V1.1.0, X-CUBE-GNSS1_V6.0.0, X-CUBE-MEMS1_V9.1.0, X-CUBE-MEMS1_V9.4.0, X-CUBE-MEMS1_V9.6.0, X-CUBE-NFC4_V3.0.0, X-CUBE-NFC7_V1.0.0, X-CUBE-SFXS2LP1_V4.0.0, X-CUBE-SUBG2_V5.0.0, X-CUBE-TOF1_V3.3.1]
2023-09-14 14:49:03,260 [INFO] ApiDb:240 - Found 323 in-development CPN: [B-G473E-ZEST1S, B-WB1M-WPAN1, B-WL5M-SUBG1, NUCLEO-C031C6, NUCLEO-H503RB, NUCLEO-H563ZI, NUCLEO-U545RE-Q, NUCLEO-U5A5ZJ-Q, NUCLEO-WBA52CG, STEVAL-PROTEUS1, STEVAL-SMARTAG2, STEVAL-STWINBX1, STM320518-EVAL, STM32C0116-DK, STM32C011D6Y3TR, STM32C011D6Y6TR, STM32C011F4P3, STM32C011F4P6, STM32C011F4U3, STM32C011F4U6TR, STM32C011F6P3, STM32C011F6P6, STM32C011F6U3, STM32C011F6U6TR, STM32C011J4M3, STM32C011J4M6, STM32C011J6M3, STM32C011J6M6, STM32C0316-DK, STM32C031C4T3, STM32C031C4T6, STM32C031C4U3, STM32C031C4U6, STM32C031C6T3, STM32C031C6T6, STM32C031C6U3, STM32C031C6U6, STM32C031F4P3, STM32C031F4P6, STM32C031F6P3, STM32C031F6P6, STM32C031G4U3, STM32C031G4U6, STM32C031G6U3, STM32C031G6U6, STM32C031K4T3, STM32C031K4T6, STM32C031K4U3, STM32C031K4U6, STM32C031K6T3, STM32C031K6T6, STM32C031K6U3, STM32C031K6U6, STM32G071K8TXN, STM32G071K8UXN, STM32G081GBU6N, STM32G081KBT6N, STM32G081KBUXN, STM32G0B1CCT6N, STM32G0B1KCT6, STM32G0B1NEY6TR, STM32G0B1RCT6N, STM32G0C1CCT6, STM32G0C1CCT6N, STM32G0C1CCU6N, STM32G0C1CET6N, STM32G0C1CEU6N, STM32G0C1KCT6, STM32G0C1NEY6TR, STM32G0C1RCI6N, STM32G0C1RCT6N, STM32G0C1REI6N, STM32G0C1RET6N, STM32G0C1VCI6, STM32G0C1VEI6, STM32G471CCT6, STM32G471CCU6, STM32G471CET3, STM32G471CET6, STM32G471CEU3, STM32G471CEU6, STM32G471MCT6, STM32G471MET3, STM32G471MET6, STM32G471MEY6TR, STM32G471QCT6, STM32G471QET3, STM32G471RCT6, STM32G471RET3, STM32G471RET6, STM32G471VCH6, STM32G471VCI6, STM32G471VCT6, STM32G471VEH3, STM32G471VEH6, STM32G471VEI3, STM32G471VEI6, STM32G471VET3, STM32G471VET6, STM32G474CCT6, STM32H503CBT6, STM32H503CBU6, STM32H503EBY6TR, STM32H503KBU6, STM32H503RBT6, STM32H562AGI6, STM32H562AII6, STM32H562IGK6, STM32H562IGT6, STM32H562IIK6, STM32H562IIT6, STM32H562RGT6, STM32H562RGV6, STM32H562RIT6, STM32H562RIV6, STM32H562VGT6, STM32H562VIT6, STM32H562ZGT6, STM32H562ZIT6, STM32H563AGI6, STM32H563AII3Q, STM32H563AII6, STM32H563IGK6, STM32H563IGT6, STM32H563IIK3Q, STM32H563IIK6, STM32H563IIT3Q, STM32H563IIT6, STM32H563MIY3QTR, STM32H563RGT6, STM32H563RGV6, STM32H563RIT6, STM32H563RIV6, STM32H563VGT6, STM32H563VIT3Q, STM32H563VIT6, STM32H563ZGT6, STM32H563ZIT3Q, STM32H563ZIT6, STM32H573AII3Q, STM32H573AII6, STM32H573I-DK, STM32H573IIK3Q, STM32H573IIK6, STM32H573IIT3Q, STM32H573IIT6, STM32H573MIY3QTR, STM32H573RIT6, STM32H573RIV6, STM32H573VIT3Q, STM32H573VIT6, STM32H573ZIT3Q, STM32H573ZIT6, STM32L4R5QGI6STR, STM32MP131AAE3, STM32MP131AAF3, STM32MP131AAG3, STM32MP131CAE3, STM32MP131CAF3, STM32MP131CAG3, STM32MP131DAE7, STM32MP131DAF7, STM32MP131DAG7, STM32MP131FAE7, STM32MP131FAF7, STM32MP131FAG7, STM32MP133AAE3, STM32MP133AAF3, STM32MP133AAG3, STM32MP133CAE3, STM32MP133CAF3, STM32MP133CAG3, STM32MP133DAE7, STM32MP133DAF7, STM32MP133DAG7, STM32MP133FAE7, STM32MP133FAF7, STM32MP133FAG7, STM32MP135AAE3, STM32MP135AAF3, STM32MP135AAG3, STM32MP135CAE3, STM32MP135CAF3, STM32MP135CAG3, STM32MP135DAE7, STM32MP135DAF7, STM32MP135DAG7, STM32MP135F-DK, STM32MP135FAE7, STM32MP135FAF7, STM32MP135FAF7T, STM32MP135FAF7U, STM32MP135FAG7, STM32U535CBT6, STM32U535CBT6Q, STM32U535CBU6, STM32U535CBU6Q, STM32U535CCT6, STM32U535CCT6Q, STM32U535CCU6, STM32U535CCU6Q, STM32U535CET6, STM32U535CET6Q, STM32U535CEU6, STM32U535CEU6Q, STM32U535JEY6QTR, STM32U535NCY6QTR, STM32U535NEY6QTR, STM32U535RBI6, STM32U535RBI6Q, STM32U535RBT6, STM32U535RBT6Q, STM32U535RCI6, STM32U535RCI6Q, STM32U535RCT6, STM32U535RCT6Q, STM32U535REI6, STM32U535REI6Q, STM32U535RET6, STM32U535RET6Q, STM32U535VCI6, STM32U535VCI6Q, STM32U535VCT6, STM32U535VCT6Q, STM32U535VEI6, STM32U535VEI6Q, STM32U535VET6, STM32U535VET6Q, STM32U545CET6, STM32U545CET6Q, STM32U545CEU6, STM32U545CEU6Q, STM32U545JEY6QTR, STM32U545NEY6QTR, STM32U545REI6, STM32U545REI6Q, STM32U545RET6, STM32U545RET6Q, STM32U545VEI6, STM32U545VEI6Q, STM32U545VET6, STM32U545VET6Q, STM32U595AIH6, STM32U595AIH6Q, STM32U595AJH6, STM32U595AJH6Q, STM32U595QII6, STM32U595QII6Q, STM32U595QJI6, STM32U595QJI6Q, STM32U595RIT6, STM32U595RIT6Q, STM32U595RJT6, STM32U595RJT6Q, STM32U595VIT6, STM32U595VIT6Q, STM32U595VJT6, STM32U595VJT6Q, STM32U595ZIT6, STM32U595ZIT6Q, STM32U595ZIY6QTR, STM32U595ZJT6, STM32U595ZJT6Q, STM32U595ZJY6QTR, STM32U599BJY6QTR, STM32U599NIH6Q, STM32U599NJH6Q, STM32U599VIT6Q, STM32U599VJT6, STM32U599VJT6Q, STM32U599ZIT6Q, STM32U599ZIY6QTR, STM32U599ZJT6Q, STM32U599ZJY6QTR, STM32U5A5AJH6, STM32U5A5AJH6Q, STM32U5A5QJI6, STM32U5A5QJI6Q, STM32U5A5RJT6, STM32U5A5RJT6Q, STM32U5A5VJT6, STM32U5A5VJT6Q, STM32U5A5ZJT6, STM32U5A5ZJT6Q, STM32U5A5ZJY6QTR, STM32U5A9BJY6QTR, STM32U5A9J-DK, STM32U5A9NJH6Q, STM32U5A9VJT6Q, STM32U5A9ZJT6Q, STM32U5A9ZJY6QTR, STM32U5F7VIT6, STM32U5F7VIT6Q, STM32U5F7VJT6, STM32U5F7VJT6Q, STM32U5F9BJY6QTR, STM32U5F9NJH6Q, STM32U5F9VIT6Q, STM32U5F9VJT6Q, STM32U5F9ZIJ6QTR, STM32U5F9ZIT6Q, STM32U5F9ZJJ6QTR, STM32U5F9ZJT6Q, STM32U5G7VJT6, STM32U5G7VJT6Q, STM32U5G9BJY6QTR, STM32U5G9J-DK1, STM32U5G9J-DK2, STM32U5G9NJH6Q, STM32U5G9VJT6Q, STM32U5G9ZJJ6QTR, STM32U5G9ZJT6Q, STM32WB1MMCH6, STM32WBA52CEU6, STM32WBA52CEU6T, STM32WBA52CGU6, STM32WBA52CGU6T, STM32WBA52KEU6, STM32WBA52KEU6T, STM32WBA52KGU6, STM32WBA52KGU6T, STM32WL5MOCH6, STM32WL5MOCH6TR]
2023-09-14 14:49:03,294 [INFO] DbMcus:217 - Found 3848 MCUs, 3848 are supported
2023-09-14 14:49:03,363 [INFO] ApiDb:423 - Load user favorites file C:\Users\user/.stm32cubeide/favorites.mcus.txt: 2 item(s)
2023-09-14 14:49:03,364 [INFO] ApiDb:427 - User favorites MCUs=[STM32F103C8T6, STM32H750VBT6]
2023-09-14 14:49:03,364 [INFO] DbMcus:223 - Set 2 / 2 favorites MCUs
2023-09-14 14:49:03,693 [INFO] ApiDb:423 - Load user favorites file C:\Users\user/.stm32cubeide/favorites.boards.txt: 1 item(s)
2023-09-14 14:49:03,694 [INFO] ApiDb:427 - User favorites Boards=[STM32H750B-DK]
2023-09-14 14:49:03,694 [INFO] DbBoards:190 - Set 1 / 1 favorites Boards
2023-09-14 14:49:03,695 [INFO] McuFinderGlobals:76 - Set McuFinderConnectedMode to true
2023-09-14 14:49:03,716 [INFO] MultiScanPanel:200 - Auto-refresh data requested => check proxy status ongoing
2023-09-14 14:49:03,723 [INFO] FinderPluginLoader:95 - Searching for filters in installed packs
2023-09-14 14:49:06,002 [INFO] LoadUrlFilesThread:185 - End of LoadServerUrlFiles without Thread
2023-09-14 14:49:06,037 [INFO] DetailPanel:341 - Set advertising image to C:/Users/user/STM32Cube/Repository/\en.prom-stm32h5-mcu-finder.jpg
2023-09-14 14:50:19,202 [INFO] MainUpdater:2868 - connection check result : 10
2023-09-14 14:50:19,205 [INFO] MainUpdater:2868 - connection check result : 10
2023-09-14 14:50:19,342 [INFO] MicroXplorer:468 - Change Database Path : 
2023-09-14 14:50:19,342 [INFO] MicroXplorer:498 - Change Database Version : DB.6.0.91
2023-09-14 14:50:19,373 [WARN] ThirdParty:871 - waiting for thirdparty lock release [close project]
2023-09-14 14:50:19,374 [INFO] ThirdParty:873 - entering critical section [close project]
2023-09-14 14:50:19,376 [INFO] ThirdParty:883 - exiting critical section [close project]
2023-09-14 14:50:19,386 [INFO] PinOutPanel:1499 - setPackage(No Configuration,No Configuration)
2023-09-14 14:50:19,403 [INFO] UtilMem:75 - Begin LoadConfig() Used Memory: 439184952 Bytes (886046720)
2023-09-14 14:50:19,405 [INFO] MicroXplorer:468 - Change Database Path : 
2023-09-14 14:50:19,405 [INFO] MicroXplorer:498 - Change Database Version : DB.6.0.91
2023-09-14 14:50:19,405 [INFO] OpenFileManager:308 - Change cursor
2023-09-14 14:50:19,657 [INFO] Mcu:1946 - Initializing MCU STM32F103C8Tx STM32F103C8Tx STM32F103C8T6
2023-09-14 14:50:21,382 [INFO] Context:659 - Trying to add GPIOservice into a context  which must be forbidden
2023-09-14 14:50:21,787 [INFO] ImportTextPane:194 - (OptionalMessage_ERROR) Unable to find key (Mcu.ThirdPartyNb) in loaded IOC file
2023-09-14 14:50:21,787 [INFO] ImportTextPane:194 - (OptionalMessage_ERROR) Unable to find key (Mcu.PinsNb) in loaded IOC file
2023-09-14 14:50:21,787 [INFO] ImportTextPane:194 - (OptionalMessage_ERROR) Unable to find key (Mcu.IPNb) in loaded IOC file
2023-09-14 14:50:22,127 [INFO] RtosManager:555 - Registered RTOS mode: class=CMSIS, group=RTOS, mode=CMSIS_V1, owner=FREERTOS
2023-09-14 14:50:22,127 [INFO] RtosManager:555 - Registered RTOS mode: class=CMSIS, group=RTOS2, mode=CMSIS_V2, owner=FREERTOS
2023-09-14 14:50:22,127 [INFO] RtosManager:555 - Registered RTOS mode: class=RTOS, group=Core, mode=CMSIS_V1, owner=FREERTOS
2023-09-14 14:50:22,127 [INFO] RtosManager:555 - Registered RTOS mode: class=RTOS, group=Core, mode=CMSIS_V2, owner=FREERTOS
2023-09-14 14:50:22,127 [WARN] ModelIntegratedComponent:184 - Missing modes for component STMicroelectronics:FreeRTOS:0.0.1:STMicroelectronics:RTOS:FreeRTOS:Core:::10.2.0:
2023-09-14 14:50:22,152 [WARN] ModelIntegratedComponent:63 - No mode defined for component null
2023-09-14 14:50:22,152 [WARN] ModelIntegratedComponent:63 - No mode defined for component null
2023-09-14 14:50:22,152 [WARN] ModelIntegratedComponent:63 - No mode defined for component null
2023-09-14 14:50:22,152 [WARN] ModelIntegratedComponent:63 - No mode defined for component null
2023-09-14 14:50:22,152 [WARN] ModelIntegratedComponent:63 - No mode defined for component null
2023-09-14 14:50:22,152 [WARN] ModelIntegratedComponent:63 - No mode defined for component null
2023-09-14 14:50:22,152 [WARN] ModelIntegratedComponent:63 - No mode defined for component null
2023-09-14 14:50:22,152 [WARN] ModelIntegratedComponent:63 - No mode defined for component null
2023-09-14 14:50:22,152 [WARN] ModelIntegratedComponent:63 - No mode defined for component null
2023-09-14 14:50:22,152 [WARN] ModelIntegratedComponent:63 - No mode defined for component null
2023-09-14 14:50:22,152 [WARN] ModelIntegratedComponent:63 - No mode defined for component null
2023-09-14 14:50:22,152 [WARN] ModelIntegratedComponent:63 - No mode defined for component null
2023-09-14 14:50:22,152 [WARN] ModelIntegratedComponent:63 - No mode defined for component null
2023-09-14 14:50:22,153 [WARN] ModelIntegratedComponent:63 - No mode defined for component null
2023-09-14 14:50:22,153 [WARN] ModelIntegratedComponent:63 - No mode defined for component null
2023-09-14 14:50:22,153 [WARN] ModelIntegratedComponent:63 - No mode defined for component null
2023-09-14 14:50:22,153 [WARN] ModelIntegratedComponent:63 - No mode defined for component null
2023-09-14 14:50:22,153 [WARN] ModelIntegratedComponent:63 - No mode defined for component null
2023-09-14 14:50:22,153 [WARN] ModelIntegratedComponent:63 - No mode defined for component null
2023-09-14 14:50:22,153 [WARN] ModelIntegratedComponent:63 - No mode defined for component null
2023-09-14 14:50:22,153 [WARN] ModelIntegratedComponent:63 - No mode defined for component null
2023-09-14 14:50:22,153 [WARN] ModelIntegratedComponent:63 - No mode defined for component null
2023-09-14 14:50:22,153 [WARN] ModelIntegratedComponent:63 - No mode defined for component null
2023-09-14 14:50:22,153 [WARN] ModelIntegratedComponent:63 - No mode defined for component null
2023-09-14 14:50:22,153 [WARN] ModelIntegratedComponent:63 - No mode defined for component null
2023-09-14 14:50:22,153 [WARN] ModelIntegratedComponent:63 - No mode defined for component null
2023-09-14 14:50:22,153 [WARN] ModelIntegratedComponent:63 - No mode defined for component null
2023-09-14 14:50:22,153 [WARN] ModelIntegratedComponent:63 - No mode defined for component null
2023-09-14 14:50:22,153 [WARN] ModelIntegratedComponent:63 - No mode defined for component null
2023-09-14 14:50:22,153 [WARN] ModelIntegratedComponent:63 - No mode defined for component null
2023-09-14 14:50:22,153 [WARN] ModelIntegratedComponent:63 - No mode defined for component null
2023-09-14 14:50:22,153 [WARN] ModelIntegratedComponent:63 - No mode defined for component null
2023-09-14 14:50:22,154 [WARN] ModelIntegratedComponent:63 - No mode defined for component null
2023-09-14 14:50:22,187 [INFO] ThirdPartyModel:298 - Start build external matchings
2023-09-14 14:50:22,796 [INFO] ThirdPartyModel:316 - End build external matchings
2023-09-14 14:50:23,247 [INFO] UtilMem:75 - End LoadConfig() Used Memory: 613848280 Bytes (898629632)
2023-09-14 14:50:23,318 [WARN] ThirdParty:833 - waiting for thirdparty lock release [change project]
2023-09-14 14:50:23,319 [INFO] ThirdParty:835 - entering critical section [change project]
2023-09-14 14:50:23,319 [INFO] ThirdParty:1030 - CMSIS Pack Vendor :STMicroelectronics X-CUBE-ISPU 1.1.0
2023-09-14 14:50:23,319 [INFO] ThirdParty:1030 - CMSIS Pack Vendor :STMicroelectronics USBPD 4.1
2023-09-14 14:50:23,319 [INFO] ThirdParty:1030 - CMSIS Pack Vendor :STMicroelectronics X-CUBE-GNSS1 6.0.0
2023-09-14 14:50:23,319 [INFO] ThirdParty:1030 - CMSIS Pack Vendor :STMicroelectronics USB_HOST 2.0.0
2023-09-14 14:50:23,319 [INFO] ThirdParty:1030 - CMSIS Pack Vendor :STMicroelectronics X-CUBE-AZRTOS-F4 1.1.0
2023-09-14 14:50:23,319 [INFO] ThirdParty:1030 - CMSIS Pack Vendor :STMicroelectronics LIBJPEG 8.0.0
2023-09-14 14:50:23,320 [INFO] ThirdParty:1030 - CMSIS Pack Vendor :wolfSSL I-CUBE-wolfSSL 5.6.3
2023-09-14 14:50:23,320 [INFO] ThirdParty:1030 - CMSIS Pack Vendor :STMicroelectronics X-CUBE-SMBUS 2.1.0
2023-09-14 14:50:23,320 [INFO] ThirdParty:1030 - CMSIS Pack Vendor :STMicroelectronics USB_DEVICE 3.0.0
2023-09-14 14:50:23,320 [INFO] ThirdParty:1030 - CMSIS Pack Vendor :STMicroelectronics X-CUBE-AZRTOS-WB 2.0.0
2023-09-14 14:50:23,320 [INFO] ThirdParty:1030 - CMSIS Pack Vendor :STMicroelectronics X-CUBE-FREERTOS 1.0.1
2023-09-14 14:50:23,320 [INFO] ThirdParty:1030 - CMSIS Pack Vendor :STMicroelectronics X-CUBE-TOUCHGFX 4.21.1
2023-09-14 14:50:23,320 [INFO] ThirdParty:1030 - CMSIS Pack Vendor :STMicroelectronics X-CUBE-TOUCHGFX 4.21.0
2023-09-14 14:50:23,320 [INFO] ThirdParty:1030 - CMSIS Pack Vendor :STMicroelectronics X-CUBE-AZRTOS-F7 1.1.0
2023-09-14 14:50:23,320 [INFO] ThirdParty:1030 - CMSIS Pack Vendor :STMicroelectronics X-CUBE-TOUCHGFX 4.21.4
2023-09-14 14:50:23,320 [INFO] ThirdParty:1030 - CMSIS Pack Vendor :STMicroelectronics X-CUBE-AZRTOS-L5 2.0.0
2023-09-14 14:50:23,320 [INFO] ThirdParty:1030 - CMSIS Pack Vendor :STMicroelectronics USB_DEVICE 2.0.0
2023-09-14 14:50:23,320 [INFO] ThirdParty:1030 - CMSIS Pack Vendor :STMicroelectronics X-CUBE-MEMS1 9.6.0
2023-09-14 14:50:23,320 [INFO] ThirdParty:1030 - CMSIS Pack Vendor :STMicroelectronics FP-SNS-MOTENV1 4.3.2
2023-09-14 14:50:23,320 [INFO] ThirdParty:1030 - CMSIS Pack Vendor :STMicroelectronics X-CUBE-ALGOBUILD 1.3.0
2023-09-14 14:50:23,320 [INFO] ThirdParty:1030 - CMSIS Pack Vendor :STMicroelectronics X-CUBE-BLE1 6.2.4
2023-09-14 14:50:23,321 [INFO] ThirdParty:1030 - CMSIS Pack Vendor :STMicroelectronics X-CUBE-AZRTOS-L5 1.1.0
2023-09-14 14:50:23,321 [INFO] ThirdParty:1030 - CMSIS Pack Vendor :STMicroelectronics FreeRTOS 0.0.1
2023-09-14 14:50:23,321 [INFO] ThirdParty:1030 - CMSIS Pack Vendor :STMicroelectronics X-CUBE-AZRTOS-G0 1.1.0
2023-09-14 14:50:23,321 [INFO] ThirdParty:1030 - CMSIS Pack Vendor :emotas I-CUBE-CANOPEN 1.1.3
2023-09-14 14:50:23,321 [INFO] ThirdParty:1030 - CMSIS Pack Vendor :STMicroelectronics X-CUBE-BLEMGR 2.0.0
2023-09-14 14:50:23,321 [INFO] ThirdParty:1030 - CMSIS Pack Vendor :STMicroelectronics X-CUBE-AI 8.0.1
2023-09-14 14:50:23,321 [INFO] ThirdParty:1030 - CMSIS Pack Vendor :STMicroelectronics X-CUBE-NFC4 3.0.0
2023-09-14 14:50:23,321 [INFO] ThirdParty:1030 - CMSIS Pack Vendor :STMicroelectronics X-CUBE-SUBG2 5.0.0
2023-09-14 14:50:23,321 [INFO] ThirdParty:1030 - CMSIS Pack Vendor :STMicroelectronics STM32_WPAN 1.0.0
2023-09-14 14:50:23,321 [INFO] ThirdParty:1030 - CMSIS Pack Vendor :STMicroelectronics lwIP 2.0.3
2023-09-14 14:50:23,321 [INFO] ThirdParty:1030 - CMSIS Pack Vendor :STMicroelectronics FP-SNS-FLIGHT1 5.0.2
2023-09-14 14:50:23,321 [INFO] ThirdParty:1030 - CMSIS Pack Vendor :STMicroelectronics USB_HOST 1.0.0
2023-09-14 14:50:23,321 [INFO] ThirdParty:1030 - CMSIS Pack Vendor :STMicroelectronics X-CUBE-TOF1 3.3.1
2023-09-14 14:50:23,321 [INFO] ThirdParty:1030 - CMSIS Pack Vendor :STMicroelectronics X-CUBE-AZRTOS-G4 2.0.0
2023-09-14 14:50:23,322 [INFO] ThirdParty:1030 - CMSIS Pack Vendor :STMicroelectronics PDM2PCM 3.1.0
2023-09-14 14:50:23,322 [INFO] ThirdParty:1030 - CMSIS Pack Vendor :STMicroelectronics X-CUBE-AZRTOS-H7 3.1.0
2023-09-14 14:50:23,322 [INFO] ThirdParty:1030 - CMSIS Pack Vendor :STMicroelectronics X-CUBE-TOF1 3.3.0
2023-09-14 14:50:23,322 [INFO] ThirdParty:1030 - CMSIS Pack Vendor :STMicroelectronics PDM2PCM 3.3.0
2023-09-14 14:50:23,322 [INFO] ThirdParty:1030 - CMSIS Pack Vendor :STMicroelectronics X-CUBE-DISPLAY 3.0.0
2023-09-14 14:50:23,322 [INFO] ThirdParty:1030 - CMSIS Pack Vendor :STMicroelectronics X-CUBE-BLE1 7.0.0
2023-09-14 14:50:23,322 [INFO] ThirdParty:1030 - CMSIS Pack Vendor :STMicroelectronics FP-ATR-SIGFOX1 3.2.0
2023-09-14 14:50:23,322 [INFO] ThirdParty:1030 - CMSIS Pack Vendor :STMicroelectronics HAL Drivers 0.0.0
2023-09-14 14:50:23,322 [INFO] ThirdParty:1030 - CMSIS Pack Vendor :STMicroelectronics MBEDTLS 2.16.2
2023-09-14 14:50:23,322 [INFO] ThirdParty:1030 - CMSIS Pack Vendor :emotas I-CUBE-CANOPEN 1.3.0
2023-09-14 14:50:23,322 [INFO] ThirdParty:1030 - CMSIS Pack Vendor :STMicroelectronics X-CUBE-FREERTOS 1.1.0
2023-09-14 14:50:23,323 [INFO] ThirdParty:1030 - CMSIS Pack Vendor :STMicroelectronics X-CUBE-TOUCHGFX 4.22.0
2023-09-14 14:50:23,323 [INFO] ThirdParty:1030 - CMSIS Pack Vendor :STMicroelectronics X-CUBE-NFC7 1.0.1
2023-09-14 14:50:23,323 [INFO] ThirdParty:1030 - CMSIS Pack Vendor :STMicroelectronics MBEDTLS 2.14.1
2023-09-14 14:50:23,323 [INFO] ThirdParty:1030 - CMSIS Pack Vendor :STMicroelectronics X-CUBE-NFC6 3.0.0
2023-09-14 14:50:23,323 [INFO] ThirdParty:1030 - CMSIS Pack Vendor :STMicroelectronics X-CUBE-EEPRMA1 4.1.0
2023-09-14 14:50:23,323 [INFO] ThirdParty:1030 - CMSIS Pack Vendor :portGmbH I-Cube-SoM-uGOAL 1.1.0
2023-09-14 14:50:23,323 [INFO] ThirdParty:1030 - CMSIS Pack Vendor :STMicroelectronics X-CUBE-ALS 1.0.1
2023-09-14 14:50:23,323 [INFO] ThirdParty:1030 - CMSIS Pack Vendor :STMicroelectronics ThreadX 1.0.0
2023-09-14 14:50:23,323 [INFO] ThirdParty:1030 - CMSIS Pack Vendor :STMicroelectronics FP-SNS-SMARTAG2 1.2.0
2023-09-14 14:50:23,323 [INFO] ThirdParty:1030 - CMSIS Pack Vendor :STMicroelectronics X-CUBE-AZRTOS-WB 1.1.0
2023-09-14 14:50:23,323 [INFO] ThirdParty:1030 - CMSIS Pack Vendor :STMicroelectronics X-CUBE-AZRTOS-WL 2.0.0
2023-09-14 14:50:23,323 [INFO] ThirdParty:1030 - CMSIS Pack Vendor :SEGGER I-CUBE-embOS 1.3.1
2023-09-14 14:50:23,324 [INFO] ThirdParty:1030 - CMSIS Pack Vendor :STMicroelectronics USB_DEVICE 1.0.0
2023-09-14 14:50:23,324 [INFO] ThirdParty:1030 - CMSIS Pack Vendor :STMicroelectronics X-CUBE-AI 8.1.0
2023-09-14 14:50:23,324 [INFO] ThirdParty:1030 - CMSIS Pack Vendor :STMicroelectronics X-CUBE-AZRTOS-L4 2.0.0
2023-09-14 14:50:23,324 [INFO] ThirdParty:1030 - CMSIS Pack Vendor :STMicroelectronics ThreadX 0.0.2
2023-09-14 14:50:23,324 [INFO] ThirdParty:1030 - CMSIS Pack Vendor :WES I-CUBE-Cesium 1.3.0
2023-09-14 14:50:23,324 [INFO] ThirdParty:1030 - CMSIS Pack Vendor :STMicroelectronics FP-ATR-ASTRA1 2.0.0
2023-09-14 14:50:23,324 [INFO] ThirdParty:1030 - CMSIS Pack Vendor :STMicroelectronics lwIP 2.1.2
2023-09-14 14:50:23,324 [INFO] ThirdParty:1030 - CMSIS Pack Vendor :STMicroelectronics X-CUBE-SFXS2LP1 4.0.0
2023-09-14 14:50:23,324 [INFO] ThirdParty:1030 - CMSIS Pack Vendor :STMicroelectronics X-CUBE-BLE2 3.3.0
2023-09-14 14:50:23,324 [INFO] ThirdParty:1030 - CMSIS Pack Vendor :STMicroelectronics PDM2PCM 3.2.0
2023-09-14 14:50:23,324 [INFO] ThirdParty:1030 - CMSIS Pack Vendor :STMicroelectronics X-CUBE-TOUCHGFX 4.18.0
2023-09-14 14:50:23,324 [INFO] ThirdParty:841 - exiting critical section [change project]
2023-09-14 14:50:23,937 [INFO] PinOutPanel:1499 - setPackage(No Configuration,No Configuration)
2023-09-14 14:50:23,943 [INFO] PinOutPanel:1499 - setPackage(STM32F103C8Tx,LQFP48)
2023-09-14 14:50:24,686 [INFO] UtilMem:75 - Before build in PCC Used Memory: 421545472 Bytes (898629632)
2023-09-14 14:50:26,031 [INFO] UtilMem:75 - After build in PCC Used Memory: 502285824 Bytes (898629632)
2023-09-14 14:50:26,079 [INFO] IPUIPlugin:80 - create IPUIPlugin
2023-09-14 14:50:26,079 [INFO] IPUIPlugin:80 - create IPUIPlugin
2023-09-14 14:50:26,080 [INFO] IPUIPlugin:80 - create IPUIPlugin
2023-09-14 14:50:26,082 [INFO] IPUIPlugin:80 - create IPUIPlugin
2023-09-14 14:50:26,083 [INFO] IPUIPlugin:80 - create IPUIPlugin
2023-09-14 14:50:26,083 [INFO] IPUIPlugin:80 - create IPUIPlugin
2023-09-14 14:50:26,084 [INFO] IPUIPlugin:80 - create IPUIPlugin
2023-09-14 14:50:26,085 [INFO] IPUIPlugin:80 - create IPUIPlugin
2023-09-14 14:50:26,085 [INFO] IPUIPlugin:80 - create IPUIPlugin
2023-09-14 14:50:26,085 [INFO] IPUIPlugin:80 - create IPUIPlugin
2023-09-14 14:50:26,086 [INFO] IPUIPlugin:80 - create IPUIPlugin
2023-09-14 14:50:26,086 [INFO] IPUIPlugin:80 - create IPUIPlugin
2023-09-14 14:50:26,086 [INFO] IPUIPlugin:80 - create IPUIPlugin
2023-09-14 14:50:26,086 [INFO] IPUIPlugin:80 - create IPUIPlugin
2023-09-14 14:50:26,087 [INFO] IPUIPlugin:80 - create IPUIPlugin
2023-09-14 14:50:26,087 [INFO] IPUIPlugin:80 - create IPUIPlugin
2023-09-14 14:50:26,087 [INFO] IPUIPlugin:80 - create IPUIPlugin
2023-09-14 14:50:26,087 [INFO] IPUIPlugin:80 - create IPUIPlugin
2023-09-14 14:50:26,088 [INFO] IPUIPlugin:80 - create IPUIPlugin
2023-09-14 14:50:26,088 [INFO] IPUIPlugin:80 - create IPUIPlugin
2023-09-14 14:50:26,088 [INFO] IPUIPlugin:80 - create IPUIPlugin
2023-09-14 14:50:26,089 [INFO] IPUIPlugin:80 - create IPUIPlugin
2023-09-14 14:50:26,090 [INFO] IPUIPlugin:80 - create IPUIPlugin
2023-09-14 14:50:26,090 [INFO] IPUIPlugin:80 - create IPUIPlugin
2023-09-14 14:50:26,090 [INFO] IPUIPlugin:80 - create IPUIPlugin
2023-09-14 14:50:26,091 [INFO] IPUIPlugin:80 - create IPUIPlugin
2023-09-14 14:50:26,091 [INFO] IPUIPlugin:80 - create IPUIPlugin
2023-09-14 14:50:26,457 [INFO] CADModel:165 - CPN selected for project levelSTM32F103C8T6
2023-09-14 14:50:26,457 [INFO] CADModel:114 - Register for checkConnection events
2023-09-14 14:50:26,515 [INFO] OpenFileManager:328 - Restore cursor
2023-09-14 14:50:27,840 [INFO] UtilMem:75 - End SaveConfig() Used Memory: 601900544 Bytes (898629632)
2023-09-14 14:50:27,970 [INFO] UtilMem:75 - End SaveConfig() Used Memory: 619726336 Bytes (898629632)
2023-09-14 14:50:29,522 [INFO] BlockDiagram:2759 - set Specific Code input for plugin: NVIC
2023-09-14 14:50:29,522 [INFO] BlockDiagram:2759 - set Specific Code input for plugin: RCC
2023-09-14 14:50:29,525 [INFO] CodeGenerator:799 - code generatio: config db path: C:\ST\STM32CubeIDE_1.12.0\STM32CubeIDE\plugins\com.st.stm32cube.common.mx_6.9.1.202307191849\\db\
2023-09-14 14:50:30,051 [INFO] CodeEngine:255 - oldGeneratedFile, D:\STM32\mpr121\MXTmpFiles\license.tmp_save
2023-09-14 14:50:30,961 [INFO] CodeEngine:279 - Generated code: D:\STM32\mpr121\MXTmpFiles\license.tmp
2023-09-14 14:50:31,009 [INFO] CodeEngine:255 - oldGeneratedFile, D:\STM32\mpr121\Core\Src\stm32f1xx_it.c_save
2023-09-14 14:50:31,318 [INFO] CodeEngine:279 - Generated code: D:\STM32\mpr121\Core\Src\stm32f1xx_it.c
2023-09-14 14:50:31,330 [INFO] CodeEngine:255 - oldGeneratedFile, D:\STM32\mpr121\Core\Inc\stm32f1xx_it.h_save
2023-09-14 14:50:31,480 [INFO] CodeEngine:279 - Generated code: D:\STM32\mpr121\Core\Inc\stm32f1xx_it.h
2023-09-14 14:50:31,635 [INFO] CodeEngine:255 - oldGeneratedFile, D:\STM32\mpr121\Core\Src\stm32f1xx_hal_msp.c_save
2023-09-14 14:50:31,806 [INFO] CodeEngine:279 - Generated code: D:\STM32\mpr121\Core\Src\stm32f1xx_hal_msp.c
2023-09-14 14:50:31,818 [INFO] CodeEngine:255 - oldGeneratedFile, D:\STM32\mpr121\MXTmpFiles\system.tmp_save
2023-09-14 14:50:31,915 [INFO] CodeEngine:279 - Generated code: D:\STM32\mpr121\MXTmpFiles\system.tmp
2023-09-14 14:50:31,934 [INFO] CodeEngine:311 - oldGeneratedFile, D:\STM32\mpr121\Core\Inc\stm32f1xx_hal_conf.h_save
2023-09-14 14:50:32,058 [INFO] CodeEngine:335 - Generated code: D:\STM32\mpr121\Core\Inc\stm32f1xx_hal_conf.h
2023-09-14 14:50:32,180 [INFO] CodeEngine:255 - oldGeneratedFile, D:\STM32\mpr121\Core\Inc\main.h_save
2023-09-14 14:50:32,337 [INFO] CodeEngine:279 - Generated code: D:\STM32\mpr121\Core\Inc\main.h
2023-09-14 14:50:32,352 [INFO] CodeEngine:255 - oldGeneratedFile, D:\STM32\mpr121\Core\Src\main.c_save
2023-09-14 14:50:32,684 [INFO] CodeEngine:279 - Generated code: D:\STM32\mpr121\Core\Src\main.c
2023-09-14 14:50:33,561 [INFO] ProjectBuilder:3064 - Time for Copy HAL[1] : 260mS.
2023-09-14 14:50:33,568 [INFO] ProjectBuilder:4404 - Project Generator version: 4.1.0
2023-09-14 14:50:34,137 [INFO] ConfigFileManager:1457 - The Die is : DIE410
2023-09-14 14:50:34,196 [INFO] ApiDbMcu:507 - Load IP Config File for FATFS
2023-09-14 14:50:34,329 [INFO] ApiDbMcu:507 - Load IP Config File for FREERTOS
2023-09-14 14:50:34,383 [INFO] ApiDbMcu:507 - Load IP Config File for USB_DEVICE
2023-09-14 14:50:36,634 [INFO] LogOutputStream:77 - [STDOUT_REDIRECT] 
2023-09-14 14:50:44,193 [INFO] ProjectBuilder:4626 - Time for Generating toolchain IDE Files: 10624mS.
2023-09-14 14:50:44,194 [INFO] ProjectBuilder:2935 - Time for Copy CMSIS : 1mS.
2023-09-14 14:50:44,195 [INFO] ProjectBuilder:2935 - Time for Copy CMSIS : 0mS.
2023-09-14 14:50:46,094 [INFO] McuFinderGlobals:76 - Set McuFinderConnectedMode to true
2023-09-14 14:50:46,112 [INFO] ApiDb:448 - Save user favorites file C:\Users\user/.stm32cubeide/favorites.mcus.txt: 2 item(s)
2023-09-14 14:50:46,112 [INFO] ApiDb:452 - User favorites MCUs=[STM32F103C8T6, STM32H750VBT6]
2023-09-14 14:55:33,833 [WARN] IP:2114 - I2C_Coeff_DF not found: check if there is a RefParameter without a condition.
2023-09-14 14:55:33,836 [WARN] IP:2114 - Analog_Filter not found: check if there is a RefParameter without a condition.
2023-09-14 14:55:33,882 [WARN] IP:2114 - I2C_Coeff_DF not found: check if there is a RefParameter without a condition.
2023-09-14 14:55:33,882 [WARN] IP:2114 - Analog_Filter not found: check if there is a RefParameter without a condition.
2023-09-14 14:55:33,882 [WARN] IP:2114 - I2C_Coeff_DF not found: check if there is a RefParameter without a condition.
2023-09-14 14:55:33,885 [WARN] IP:2114 - Analog_Filter not found: check if there is a RefParameter without a condition.
2023-09-14 14:55:34,115 [WARN] IP:2114 - I2C_Coeff_DF not found: check if there is a RefParameter without a condition.
2023-09-14 14:55:34,115 [WARN] IP:2114 - Analog_Filter not found: check if there is a RefParameter without a condition.
2023-09-14 14:55:34,118 [WARN] IP:2114 - I2C_Coeff_DF not found: check if there is a RefParameter without a condition.
2023-09-14 14:55:34,118 [WARN] IP:2114 - Analog_Filter not found: check if there is a RefParameter without a condition.
2023-09-14 14:55:34,211 [WARN] IP:2114 - I2C_Coeff_DF not found: check if there is a RefParameter without a condition.
2023-09-14 14:55:34,211 [WARN] IP:2114 - Analog_Filter not found: check if there is a RefParameter without a condition.
2023-09-14 14:55:36,007 [WARN] IP:2114 - I2C_Coeff_DF not found: check if there is a RefParameter without a condition.
2023-09-14 14:55:36,007 [WARN] IP:2114 - Analog_Filter not found: check if there is a RefParameter without a condition.
2023-09-14 14:55:36,008 [WARN] IP:2114 - I2C_Coeff_DF not found: check if there is a RefParameter without a condition.
2023-09-14 14:55:36,008 [WARN] IP:2114 - Analog_Filter not found: check if there is a RefParameter without a condition.
2023-09-14 14:55:36,089 [WARN] IP:2114 - I2C_Coeff_DF not found: check if there is a RefParameter without a condition.
2023-09-14 14:55:36,090 [WARN] IP:2114 - Analog_Filter not found: check if there is a RefParameter without a condition.
2023-09-14 14:55:36,099 [WARN] IP:2114 - I2C_Coeff_DF not found: check if there is a RefParameter without a condition.
2023-09-14 14:55:36,099 [WARN] IP:2114 - Analog_Filter not found: check if there is a RefParameter without a condition.
2023-09-14 14:55:47,503 [WARN] IP:2114 - I2C_Coeff_DF not found: check if there is a RefParameter without a condition.
2023-09-14 14:55:47,503 [WARN] IP:2114 - Analog_Filter not found: check if there is a RefParameter without a condition.
2023-09-14 14:55:47,504 [WARN] IP:2114 - I2C_Coeff_DF not found: check if there is a RefParameter without a condition.
2023-09-14 14:55:47,504 [WARN] IP:2114 - Analog_Filter not found: check if there is a RefParameter without a condition.
2023-09-14 14:55:47,520 [WARN] IP:2114 - I2C_Coeff_DF not found: check if there is a RefParameter without a condition.
2023-09-14 14:55:47,521 [WARN] IP:2114 - Analog_Filter not found: check if there is a RefParameter without a condition.
2023-09-14 14:55:47,546 [WARN] IP:2114 - I2C_Coeff_DF not found: check if there is a RefParameter without a condition.
2023-09-14 14:55:47,546 [WARN] IP:2114 - Analog_Filter not found: check if there is a RefParameter without a condition.
2023-09-14 14:55:53,964 [INFO] Gpio:273 - dependency for GPIO [I2C1, RCC, SYS]
2023-09-14 14:56:06,528 [INFO] UtilMem:75 - End SaveConfig() Used Memory: 250891416 Bytes (706740224)
2023-09-14 14:56:08,639 [INFO] UtilMem:75 - End SaveConfig() Used Memory: 367809680 Bytes (706740224)
2023-09-14 14:56:09,340 [INFO] BlockDiagram:2759 - set Specific Code input for plugin: NVIC
2023-09-14 14:56:09,340 [INFO] BlockDiagram:2759 - set Specific Code input for plugin: SYS
2023-09-14 14:56:09,341 [INFO] BlockDiagram:2759 - set Specific Code input for plugin: GPIO
2023-09-14 14:56:09,341 [INFO] BlockDiagram:2759 - set Specific Code input for plugin: RCC
2023-09-14 14:56:09,341 [INFO] BlockDiagram:2759 - set Specific Code input for plugin: I2C
2023-09-14 14:56:09,343 [INFO] CodeGenerator:799 - code generatio: config db path: C:\ST\STM32CubeIDE_1.12.0\STM32CubeIDE\plugins\com.st.stm32cube.common.mx_6.9.1.202307191849\\db\
2023-09-14 14:56:09,344 [WARN] IP:2114 - I2C_Coeff_DF not found: check if there is a RefParameter without a condition.
2023-09-14 14:56:09,344 [WARN] IP:2114 - Analog_Filter not found: check if there is a RefParameter without a condition.
2023-09-14 14:56:09,513 [INFO] CodeEngine:255 - oldGeneratedFile, D:\STM32\mpr121\MXTmpFiles\license.tmp_save
2023-09-14 14:56:09,712 [INFO] CodeEngine:279 - Generated code: D:\STM32\mpr121\MXTmpFiles\license.tmp
2023-09-14 14:56:09,838 [INFO] CodeEngine:255 - oldGeneratedFile, D:\STM32\mpr121\MXTmpFiles\gpio.tmp_save
2023-09-14 14:56:09,979 [INFO] CodeEngine:279 - Generated code: D:\STM32\mpr121\MXTmpFiles\gpio.tmp
2023-09-14 14:56:10,093 [INFO] CodeEngine:255 - oldGeneratedFile, D:\STM32\mpr121\Core\Src\stm32f1xx_it.c_save
2023-09-14 14:56:10,424 [INFO] CodeEngine:279 - Generated code: D:\STM32\mpr121\Core\Src\stm32f1xx_it.c
2023-09-14 14:56:10,429 [INFO] CodeEngine:255 - oldGeneratedFile, D:\STM32\mpr121\Core\Inc\stm32f1xx_it.h_save
2023-09-14 14:56:10,503 [INFO] CodeEngine:279 - Generated code: D:\STM32\mpr121\Core\Inc\stm32f1xx_it.h
2023-09-14 14:56:10,523 [INFO] CodeEngine:255 - oldGeneratedFile, D:\STM32\mpr121\Core\Src\stm32f1xx_hal_msp.c_save
2023-09-14 14:56:10,820 [INFO] CodeEngine:279 - Generated code: D:\STM32\mpr121\Core\Src\stm32f1xx_hal_msp.c
2023-09-14 14:56:10,826 [INFO] CodeEngine:255 - oldGeneratedFile, D:\STM32\mpr121\MXTmpFiles\system.tmp_save
2023-09-14 14:56:10,943 [INFO] CodeEngine:279 - Generated code: D:\STM32\mpr121\MXTmpFiles\system.tmp
2023-09-14 14:56:11,041 [INFO] CodeEngine:311 - oldGeneratedFile, D:\STM32\mpr121\Core\Inc\stm32f1xx_hal_conf.h_save
2023-09-14 14:56:11,203 [INFO] CodeEngine:335 - Generated code: D:\STM32\mpr121\Core\Inc\stm32f1xx_hal_conf.h
2023-09-14 14:56:11,277 [INFO] CodeEngine:255 - oldGeneratedFile, D:\STM32\mpr121\Core\Inc\main.h_save
2023-09-14 14:56:11,720 [INFO] CodeEngine:279 - Generated code: D:\STM32\mpr121\Core\Inc\main.h
2023-09-14 14:56:11,746 [INFO] CodeEngine:255 - oldGeneratedFile, D:\STM32\mpr121\Core\Src\main.c_save
2023-09-14 14:56:11,939 [INFO] CodeEngine:279 - Generated code: D:\STM32\mpr121\Core\Src\main.c
2023-09-14 14:56:12,625 [INFO] ProjectBuilder:3064 - Time for Copy HAL[1] : 243mS.
2023-09-14 14:56:12,630 [INFO] ProjectBuilder:4404 - Project Generator version: 4.1.0
2023-09-14 14:56:12,904 [INFO] ConfigFileManager:1457 - The Die is : DIE410
2023-09-14 14:56:19,776 [INFO] ProjectBuilder:4626 - Time for Generating toolchain IDE Files: 7146mS.
2023-09-14 14:56:19,776 [INFO] ProjectBuilder:2935 - Time for Copy CMSIS : 0mS.
2023-09-14 14:56:19,778 [INFO] ProjectBuilder:2935 - Time for Copy CMSIS : 0mS.
2023-09-14 16:09:14,356 [INFO] Gpio:273 - dependency for GPIO [I2C1, RCC, SYS]
2023-09-14 16:09:42,697 [ERROR] LogOutputStream:75 - [STDERR_REDIRECT] Exception in thread "AWT-EventQueue-0" java.lang.ClassCastException: class sun.awt.windows.WEmbeddedFrame cannot be cast to class javax.swing.JFrame (sun.awt.windows.WEmbeddedFrame and javax.swing.JFrame are in module java.desktop of loader 'bootstrap')
2023-09-14 16:09:42,700 [ERROR] LogOutputStream:75 - [STDERR_REDIRECT] 	at com.st.microxplorer.plugins.clock.ClockConfigurationView.activatePlugin(ClockConfigurationView.java:425)
2023-09-14 16:09:42,702 [ERROR] LogOutputStream:75 - [STDERR_REDIRECT] 	at com.st.microxplorer.maingui.MainPanel$1.stateChanged(MainPanel.java:367)
2023-09-14 16:09:42,702 [ERROR] LogOutputStream:75 - [STDERR_REDIRECT] 	at java.desktop/javax.swing.JTabbedPane.fireStateChanged(JTabbedPane.java:444)
2023-09-14 16:09:42,703 [ERROR] LogOutputStream:75 - [STDERR_REDIRECT] 	at java.desktop/javax.swing.JTabbedPane$ModelListener.stateChanged(JTabbedPane.java:295)
2023-09-14 16:09:42,704 [ERROR] LogOutputStream:75 - [STDERR_REDIRECT] 	at java.desktop/javax.swing.DefaultSingleSelectionModel.fireStateChanged(DefaultSingleSelectionModel.java:148)
2023-09-14 16:09:42,704 [ERROR] LogOutputStream:75 - [STDERR_REDIRECT] 	at java.desktop/javax.swing.DefaultSingleSelectionModel.setSelectedIndex(DefaultSingleSelectionModel.java:79)
2023-09-14 16:09:42,706 [ERROR] LogOutputStream:75 - [STDERR_REDIRECT] 	at java.desktop/javax.swing.JTabbedPane.setSelectedIndexImpl(JTabbedPane.java:648)
2023-09-14 16:09:42,707 [ERROR] LogOutputStream:75 - [STDERR_REDIRECT] 	at java.desktop/javax.swing.JTabbedPane.setSelectedIndex(JTabbedPane.java:623)
2023-09-14 16:09:42,708 [ERROR] LogOutputStream:75 - [STDERR_REDIRECT] 	at java.desktop/javax.swing.plaf.basic.BasicTabbedPaneUI$Handler.mousePressed(BasicTabbedPaneUI.java:4101)
2023-09-14 16:09:42,710 [ERROR] LogOutputStream:75 - [STDERR_REDIRECT] 	at java.desktop/java.awt.Component.processMouseEvent(Component.java:6623)
2023-09-14 16:09:42,712 [ERROR] LogOutputStream:75 - [STDERR_REDIRECT] 	at java.desktop/javax.swing.JComponent.processMouseEvent(JComponent.java:3389)
2023-09-14 16:09:42,713 [ERROR] LogOutputStream:75 - [STDERR_REDIRECT] 	at java.desktop/java.awt.Component.processEvent(Component.java:6391)
2023-09-14 16:09:42,714 [ERROR] LogOutputStream:75 - [STDERR_REDIRECT] 	at java.desktop/java.awt.Container.processEvent(Container.java:2266)
2023-09-14 16:09:42,716 [ERROR] LogOutputStream:75 - [STDERR_REDIRECT] 	at java.desktop/java.awt.Component.dispatchEventImpl(Component.java:5001)
2023-09-14 16:09:42,717 [ERROR] LogOutputStream:75 - [STDERR_REDIRECT] 	at java.desktop/java.awt.Container.dispatchEventImpl(Container.java:2324)
2023-09-14 16:09:42,718 [ERROR] LogOutputStream:75 - [STDERR_REDIRECT] 	at java.desktop/java.awt.Component.dispatchEvent(Component.java:4833)
2023-09-14 16:09:42,719 [ERROR] LogOutputStream:75 - [STDERR_REDIRECT] 	at java.desktop/java.awt.LightweightDispatcher.retargetMouseEvent(Container.java:4948)
2023-09-14 16:09:42,721 [ERROR] LogOutputStream:75 - [STDERR_REDIRECT] 	at java.desktop/java.awt.LightweightDispatcher.processMouseEvent(Container.java:4572)
2023-09-14 16:09:42,723 [ERROR] LogOutputStream:75 - [STDERR_REDIRECT] 	at java.desktop/java.awt.LightweightDispatcher.dispatchEvent(Container.java:4516)
2023-09-14 16:09:42,724 [ERROR] LogOutputStream:75 - [STDERR_REDIRECT] 	at java.desktop/java.awt.Container.dispatchEventImpl(Container.java:2310)
2023-09-14 16:09:42,725 [ERROR] LogOutputStream:75 - [STDERR_REDIRECT] 	at java.desktop/java.awt.Component.dispatchEvent(Component.java:4833)
2023-09-14 16:09:42,726 [ERROR] LogOutputStream:75 - [STDERR_REDIRECT] 	at java.desktop/java.awt.EventQueue.dispatchEventImpl(EventQueue.java:773)
2023-09-14 16:09:42,727 [ERROR] LogOutputStream:75 - [STDERR_REDIRECT] 	at java.desktop/java.awt.EventQueue$4.run(EventQueue.java:722)
2023-09-14 16:09:42,728 [ERROR] LogOutputStream:75 - [STDERR_REDIRECT] 	at java.desktop/java.awt.EventQueue$4.run(EventQueue.java:716)
2023-09-14 16:09:42,728 [ERROR] LogOutputStream:75 - [STDERR_REDIRECT] 	at java.base/java.security.AccessController.doPrivileged(AccessController.java:399)
2023-09-14 16:09:42,730 [ERROR] LogOutputStream:75 - [STDERR_REDIRECT] 	at java.base/java.security.ProtectionDomain$JavaSecurityAccessImpl.doIntersectionPrivilege(ProtectionDomain.java:86)
2023-09-14 16:09:42,731 [ERROR] LogOutputStream:75 - [STDERR_REDIRECT] 	at java.base/java.security.ProtectionDomain$JavaSecurityAccessImpl.doIntersectionPrivilege(ProtectionDomain.java:97)
2023-09-14 16:09:42,732 [ERROR] LogOutputStream:75 - [STDERR_REDIRECT] 	at java.desktop/java.awt.EventQueue$5.run(EventQueue.java:746)
2023-09-14 16:09:42,733 [ERROR] LogOutputStream:75 - [STDERR_REDIRECT] 	at java.desktop/java.awt.EventQueue$5.run(EventQueue.java:744)
2023-09-14 16:09:42,734 [ERROR] LogOutputStream:75 - [STDERR_REDIRECT] 	at java.base/java.security.AccessController.doPrivileged(AccessController.java:399)
2023-09-14 16:09:42,735 [ERROR] LogOutputStream:75 - [STDERR_REDIRECT] 	at java.base/java.security.ProtectionDomain$JavaSecurityAccessImpl.doIntersectionPrivilege(ProtectionDomain.java:86)
2023-09-14 16:09:42,736 [ERROR] LogOutputStream:75 - [STDERR_REDIRECT] 	at java.desktop/java.awt.EventQueue.dispatchEvent(EventQueue.java:743)
2023-09-14 16:09:42,737 [ERROR] LogOutputStream:75 - [STDERR_REDIRECT] 	at java.desktop/java.awt.EventDispatchThread.pumpOneEventForFilters(EventDispatchThread.java:203)
2023-09-14 16:09:42,738 [ERROR] LogOutputStream:75 - [STDERR_REDIRECT] 	at java.desktop/java.awt.EventDispatchThread.pumpEventsForFilter(EventDispatchThread.java:124)
2023-09-14 16:09:42,738 [ERROR] LogOutputStream:75 - [STDERR_REDIRECT] 	at java.desktop/java.awt.EventDispatchThread.pumpEventsForHierarchy(EventDispatchThread.java:113)
2023-09-14 16:09:42,740 [ERROR] LogOutputStream:75 - [STDERR_REDIRECT] 	at java.desktop/java.awt.EventDispatchThread.pumpEvents(EventDispatchThread.java:109)
2023-09-14 16:09:42,741 [ERROR] LogOutputStream:75 - [STDERR_REDIRECT] 	at java.desktop/java.awt.EventDispatchThread.pumpEvents(EventDispatchThread.java:101)
2023-09-14 16:09:42,742 [ERROR] LogOutputStream:75 - [STDERR_REDIRECT] 	at java.desktop/java.awt.EventDispatchThread.run(EventDispatchThread.java:90)
2023-09-14 16:09:45,654 [WARN] IP:2114 - I2C_Coeff_DF not found: check if there is a RefParameter without a condition.
2023-09-14 16:09:45,655 [WARN] IP:2114 - Analog_Filter not found: check if there is a RefParameter without a condition.
2023-09-14 16:09:45,655 [WARN] IP:2114 - I2C_Coeff_DF not found: check if there is a RefParameter without a condition.
2023-09-14 16:09:45,655 [WARN] IP:2114 - Analog_Filter not found: check if there is a RefParameter without a condition.
2023-09-14 16:09:54,636 [INFO] UtilMem:75 - End SaveConfig() Used Memory: 786048072 Bytes (871366656)
2023-09-14 16:09:55,345 [INFO] UtilMem:75 - End SaveConfig() Used Memory: 823270472 Bytes (871366656)
2023-09-14 16:09:55,874 [INFO] BlockDiagram:2759 - set Specific Code input for plugin: NVIC
2023-09-14 16:09:55,874 [INFO] BlockDiagram:2759 - set Specific Code input for plugin: USB_DEVICE
2023-09-14 16:09:55,874 [INFO] BlockDiagram:2759 - set Specific Code input for plugin: USB
2023-09-14 16:09:55,874 [INFO] BlockDiagram:2759 - set Specific Code input for plugin: SYS
2023-09-14 16:09:55,874 [INFO] BlockDiagram:2759 - set Specific Code input for plugin: GPIO
2023-09-14 16:09:55,874 [INFO] BlockDiagram:2759 - set Specific Code input for plugin: RCC
2023-09-14 16:09:55,874 [INFO] BlockDiagram:2759 - set Specific Code input for plugin: I2C
2023-09-14 16:09:55,876 [INFO] CodeGenerator:799 - code generatio: config db path: C:\ST\STM32CubeIDE_1.12.0\STM32CubeIDE\plugins\com.st.stm32cube.common.mx_6.9.1.202307191849\\db\
2023-09-14 16:09:55,883 [WARN] IP:2114 - I2C_Coeff_DF not found: check if there is a RefParameter without a condition.
2023-09-14 16:09:55,883 [WARN] IP:2114 - Analog_Filter not found: check if there is a RefParameter without a condition.
2023-09-14 16:09:56,257 [INFO] CodeEngine:255 - oldGeneratedFile, D:\STM32\mpr121\MXTmpFiles\license.tmp_save
2023-09-14 16:09:56,418 [INFO] CodeEngine:279 - Generated code: D:\STM32\mpr121\MXTmpFiles\license.tmp
2023-09-14 16:09:56,473 [INFO] CodeEngine:255 - oldGeneratedFile, D:\STM32\mpr121\MXTmpFiles\gpio.tmp_save
2023-09-14 16:09:56,614 [INFO] CodeEngine:279 - Generated code: D:\STM32\mpr121\MXTmpFiles\gpio.tmp
2023-09-14 16:09:56,748 [INFO] CodeEngine:255 - oldGeneratedFile, D:\STM32\mpr121\MXTmpFiles\usb_vars.tmp_save
2023-09-14 16:09:56,853 [INFO] CodeEngine:279 - Generated code: D:\STM32\mpr121\MXTmpFiles\usb_vars.tmp
2023-09-14 16:09:56,865 [INFO] CodeEngine:255 - oldGeneratedFile, D:\STM32\mpr121\MXTmpFiles\usb_inc.tmp_save
2023-09-14 16:09:56,930 [INFO] CodeEngine:279 - Generated code: D:\STM32\mpr121\MXTmpFiles\usb_inc.tmp
2023-09-14 16:09:56,971 [INFO] CodeEngine:255 - oldGeneratedFile, D:\STM32\mpr121\MXTmpFiles\usb_HalInit.tmp_save
2023-09-14 16:09:57,079 [INFO] CodeEngine:279 - Generated code: D:\STM32\mpr121\MXTmpFiles\usb_HalInit.tmp
2023-09-14 16:09:57,092 [INFO] CodeEngine:255 - oldGeneratedFile, D:\STM32\mpr121\MXTmpFiles\usb_Msp.tmp_save
2023-09-14 16:09:57,181 [INFO] CodeEngine:279 - Generated code: D:\STM32\mpr121\MXTmpFiles\usb_Msp.tmp
2023-09-14 16:09:57,289 [INFO] Middleware:1439 - No code input for Bsp Dependency
2023-09-14 16:09:57,300 [INFO] Middleware:1439 - No code input for Bsp Dependency
2023-09-14 16:09:57,334 [INFO] CodeEngine:255 - oldGeneratedFile, D:\STM32\mpr121\USB_DEVICE\App\usb_device.c_save
2023-09-14 16:09:57,446 [INFO] CodeEngine:279 - Generated code: D:\STM32\mpr121\USB_DEVICE\App\usb_device.c
2023-09-14 16:09:57,456 [INFO] CodeEngine:255 - oldGeneratedFile, D:\STM32\mpr121\USB_DEVICE\App\usb_device.h_save
2023-09-14 16:09:57,519 [INFO] CodeEngine:279 - Generated code: D:\STM32\mpr121\USB_DEVICE\App\usb_device.h
2023-09-14 16:09:57,531 [INFO] CodeEngine:255 - oldGeneratedFile, D:\STM32\mpr121\USB_DEVICE\Target\usbd_conf.h_save
2023-09-14 16:09:57,607 [INFO] CodeEngine:279 - Generated code: D:\STM32\mpr121\USB_DEVICE\Target\usbd_conf.h
2023-09-14 16:09:57,620 [INFO] CodeEngine:255 - oldGeneratedFile, D:\STM32\mpr121\USB_DEVICE\Target\usbd_conf.c_save
2023-09-14 16:09:57,705 [INFO] CodeEngine:279 - Generated code: D:\STM32\mpr121\USB_DEVICE\Target\usbd_conf.c
2023-09-14 16:09:57,722 [INFO] CodeEngine:255 - oldGeneratedFile, D:\STM32\mpr121\USB_DEVICE\App\usbd_desc.h_save
2023-09-14 16:09:57,786 [INFO] CodeEngine:279 - Generated code: D:\STM32\mpr121\USB_DEVICE\App\usbd_desc.h
2023-09-14 16:09:57,798 [INFO] CodeEngine:255 - oldGeneratedFile, D:\STM32\mpr121\USB_DEVICE\App\usbd_desc.c_save
2023-09-14 16:09:57,876 [INFO] CodeEngine:279 - Generated code: D:\STM32\mpr121\USB_DEVICE\App\usbd_desc.c
2023-09-14 16:09:57,895 [INFO] CodeEngine:255 - oldGeneratedFile, D:\STM32\mpr121\USB_DEVICE\App\usbd_cdc_if.h_save
2023-09-14 16:09:57,961 [INFO] CodeEngine:279 - Generated code: D:\STM32\mpr121\USB_DEVICE\App\usbd_cdc_if.h
2023-09-14 16:09:57,970 [INFO] CodeEngine:255 - oldGeneratedFile, D:\STM32\mpr121\USB_DEVICE\App\usbd_cdc_if.c_save
2023-09-14 16:09:58,123 [INFO] CodeEngine:279 - Generated code: D:\STM32\mpr121\USB_DEVICE\App\usbd_cdc_if.c
2023-09-14 16:09:58,203 [INFO] CodeEngine:255 - oldGeneratedFile, D:\STM32\mpr121\Core\Src\stm32f1xx_it.c_save
2023-09-14 16:09:58,385 [INFO] CodeEngine:279 - Generated code: D:\STM32\mpr121\Core\Src\stm32f1xx_it.c
2023-09-14 16:09:58,396 [INFO] CodeEngine:255 - oldGeneratedFile, D:\STM32\mpr121\Core\Inc\stm32f1xx_it.h_save
2023-09-14 16:09:58,453 [INFO] CodeEngine:279 - Generated code: D:\STM32\mpr121\Core\Inc\stm32f1xx_it.h
2023-09-14 16:09:58,472 [INFO] CodeEngine:255 - oldGeneratedFile, D:\STM32\mpr121\Core\Src\stm32f1xx_hal_msp.c_save
2023-09-14 16:09:58,558 [INFO] CodeEngine:279 - Generated code: D:\STM32\mpr121\Core\Src\stm32f1xx_hal_msp.c
2023-09-14 16:09:58,560 [INFO] CodeEngine:255 - oldGeneratedFile, D:\STM32\mpr121\MXTmpFiles\system.tmp_save
2023-09-14 16:09:58,617 [INFO] CodeEngine:279 - Generated code: D:\STM32\mpr121\MXTmpFiles\system.tmp
2023-09-14 16:09:58,650 [INFO] CodeEngine:311 - oldGeneratedFile, D:\STM32\mpr121\Core\Inc\stm32f1xx_hal_conf.h_save
2023-09-14 16:09:58,739 [INFO] CodeEngine:335 - Generated code: D:\STM32\mpr121\Core\Inc\stm32f1xx_hal_conf.h
2023-09-14 16:09:58,793 [INFO] CodeEngine:255 - oldGeneratedFile, D:\STM32\mpr121\Core\Inc\main.h_save
2023-09-14 16:09:58,886 [INFO] CodeEngine:279 - Generated code: D:\STM32\mpr121\Core\Inc\main.h
2023-09-14 16:09:58,899 [INFO] CodeEngine:255 - oldGeneratedFile, D:\STM32\mpr121\Core\Src\main.c_save
2023-09-14 16:09:59,014 [INFO] CodeEngine:279 - Generated code: D:\STM32\mpr121\Core\Src\main.c
2023-09-14 16:09:59,732 [INFO] ProjectBuilder:3064 - Time for Copy HAL[1] : 302mS.
2023-09-14 16:09:59,739 [INFO] ProjectBuilder:4404 - Project Generator version: 4.1.0
2023-09-14 16:09:59,939 [INFO] ConfigFileManager:1457 - The Die is : DIE410
2023-09-14 16:10:02,821 [INFO] ProjectBuilder:4626 - Time for Generating toolchain IDE Files: 3076mS.
2023-09-14 16:10:02,822 [INFO] ProjectBuilder:2935 - Time for Copy CMSIS : 0mS.
2023-09-14 16:10:02,824 [INFO] ProjectBuilder:2935 - Time for Copy CMSIS : 0mS.
2023-09-14 17:47:54,390 [ERROR] LogOutputStream:75 - [STDERR_REDIRECT] 
