2023-09-30 13:44:59,812 [INFO] Activator:176 - 


2023-09-30 13:44:59,819 [INFO] Activator:177 - !SESSION log4j initialized
2023-09-30 13:45:14,281 [INFO] LogOutputStream:77 - [STDOUT_REDIRECT] 
2023-09-30 13:45:17,075 [INFO] ApplicationProperties:184 - Using Application install path: C:\ST\STM32CubeIDE_1.12.0\STM32CubeIDE\plugins\com.st.stm32cube.common.mx_6.9.2.202309101412
2023-09-30 13:45:17,096 [INFO] DbMcusXml:78 - Set database path to: C:\ST\STM32CubeIDE_1.12.0\STM32CubeIDE\plugins\com.st.stm32cube.common.mx_6.9.2.202309101412\\db\/mcu/
2023-09-30 13:45:17,097 [INFO] ApiDb:274 - Set plugin database path to: C:\ST\STM32CubeIDE_1.12.0\STM32CubeIDE\plugins\com.st.stm32cube.common.mx_6.9.2.202309101412\\db\/plugins/boardmanager/
2023-09-30 13:45:17,097 [WARN] ApiDb:259 - Overriding images path with different value:  => C:\ST\STM32CubeIDE_1.12.0\STM32CubeIDE\plugins\com.st.stm32cube.common.mx_6.9.2.202309101412\\db\/plugins/mcufinder/images/
2023-09-30 13:45:17,116 [INFO] ApiDb:250 - Set database path to: C:\Users\user\.stmcufinder\plugins\mcufinder//mcu/
2023-09-30 13:45:17,117 [INFO] DbMcusAds:125 - Set database path to: C:\Users\user\.stmcufinder\plugins\mcufinder//mcu/
2023-09-30 13:45:17,119 [INFO] CrossReferenceDbSqlite:203 - Set database path to: C:\Users\user\.stmcufinder\plugins\mcufinder//mcu/cs/
2023-09-30 13:45:17,229 [INFO] RulesReader:64 - Compatibility file has been processed (293 Rules)
2023-09-30 13:45:17,303 [INFO] DbMcusXml:78 - Set database path to: C:\ST\STM32CubeIDE_1.12.0\STM32CubeIDE\plugins\com.st.stm32cube.common.mx_6.9.2.202309101412\\db\/mcu/
2023-09-30 13:45:17,303 [INFO] ApiDb:274 - Set plugin database path to: C:\ST\STM32CubeIDE_1.12.0\STM32CubeIDE\plugins\com.st.stm32cube.common.mx_6.9.2.202309101412\\db\/plugins/boardmanager/
2023-09-30 13:45:17,303 [INFO] ApiDb:261 - Set plugin images path to: C:\ST\STM32CubeIDE_1.12.0\STM32CubeIDE\plugins\com.st.stm32cube.common.mx_6.9.2.202309101412\\db\/plugins/mcufinder/images/
2023-09-30 13:45:17,304 [WARN] DbFile:41 - Overriding database path with different value: C:\Users\user\.stmcufinder\plugins\mcufinder/ => C:\Users\user\.stmcufinder\plugins\mcufinder
2023-09-30 13:45:17,304 [INFO] ApiDb:250 - Set database path to: C:\Users\user\.stmcufinder\plugins\mcufinder//mcu/
2023-09-30 13:45:17,304 [WARN] DbFile:41 - Overriding database path with different value: C:\Users\user\.stmcufinder\plugins\mcufinder/ => C:\Users\user\.stmcufinder\plugins\mcufinder
2023-09-30 13:45:17,304 [INFO] DbMcusAds:125 - Set database path to: C:\Users\user\.stmcufinder\plugins\mcufinder//mcu/
2023-09-30 13:45:17,304 [WARN] DbFile:41 - Overriding database path with different value: C:\Users\user\.stmcufinder\plugins\mcufinder/ => C:\Users\user\.stmcufinder\plugins\mcufinder
2023-09-30 13:45:17,304 [WARN] DbFile:41 - Overriding database path with different value: C:\Users\user\.stmcufinder\plugins\mcufinder/ => C:\Users\user\.stmcufinder\plugins\mcufinder
2023-09-30 13:45:17,304 [INFO] CrossReferenceDbSqlite:203 - Set database path to: C:\Users\user\.stmcufinder\plugins\mcufinder//mcu/cs/
2023-09-30 13:45:17,384 [INFO] MainPanel:262 - HeapMemory: 268435456
2023-09-30 13:45:17,465 [INFO] DbMcusXml:78 - Set database path to: C:\ST\STM32CubeIDE_1.12.0\STM32CubeIDE\plugins\com.st.stm32cube.common.mx_6.9.2.202309101412\\db\/mcu/
2023-09-30 13:45:17,465 [INFO] ApiDb:274 - Set plugin database path to: C:\ST\STM32CubeIDE_1.12.0\STM32CubeIDE\plugins\com.st.stm32cube.common.mx_6.9.2.202309101412\\db\/plugins/boardmanager/
2023-09-30 13:45:17,465 [INFO] ApiDb:261 - Set plugin images path to: C:\ST\STM32CubeIDE_1.12.0\STM32CubeIDE\plugins\com.st.stm32cube.common.mx_6.9.2.202309101412\\db\/plugins/mcufinder/images/
2023-09-30 13:45:17,465 [WARN] DbFile:41 - Overriding database path with different value: C:\Users\user\.stmcufinder\plugins\mcufinder/ => C:\Users\user\.stmcufinder\plugins\mcufinder
2023-09-30 13:45:17,466 [INFO] ApiDb:250 - Set database path to: C:\Users\user\.stmcufinder\plugins\mcufinder//mcu/
2023-09-30 13:45:17,466 [WARN] DbFile:41 - Overriding database path with different value: C:\Users\user\.stmcufinder\plugins\mcufinder/ => C:\Users\user\.stmcufinder\plugins\mcufinder
2023-09-30 13:45:17,466 [INFO] DbMcusAds:125 - Set database path to: C:\Users\user\.stmcufinder\plugins\mcufinder//mcu/
2023-09-30 13:45:17,466 [WARN] DbFile:41 - Overriding database path with different value: C:\Users\user\.stmcufinder\plugins\mcufinder/ => C:\Users\user\.stmcufinder\plugins\mcufinder
2023-09-30 13:45:17,466 [WARN] DbFile:41 - Overriding database path with different value: C:\Users\user\.stmcufinder\plugins\mcufinder/ => C:\Users\user\.stmcufinder\plugins\mcufinder
2023-09-30 13:45:17,466 [INFO] CrossReferenceDbSqlite:203 - Set database path to: C:\Users\user\.stmcufinder\plugins\mcufinder//mcu/cs/
2023-09-30 13:45:17,482 [INFO] ApplicationProperties:184 - Using Application install path: C:\ST\STM32CubeIDE_1.12.0\STM32CubeIDE\plugins\com.st.stm32cube.common.mx_6.9.2.202309101412
2023-09-30 13:45:17,483 [INFO] PluginManage:196 - Search for loadable plugins [exclusion list=, ]
2023-09-30 13:45:17,485 [INFO] PluginManage:310 - Check plugin analytics
2023-09-30 13:45:17,658 [INFO] AnalyticsPlugin:253 - Accepted Software Licenses: STM32CubeMX.6.8.0,STM32CubeMX.6.8.1,STM32CubeMX.6.5.0,STM32CubeMX.6.9.1
2023-09-30 13:45:17,658 [INFO] AnalyticsPlugin:255 - Accepted CMSIS Pack Licenses: emotas.I-CUBE-CANOPEN.1.1.3,STMicroelectronics.X-CUBE-TOUCHGFX.4.21.0,STMicroelectronics.X-CUBE-TOUCHGFX.4.21.1,STMicroelectronics.X-CUBE-TOUCHGFX.4.18.0
2023-09-30 13:45:17,658 [INFO] AnalyticsPlugin:257 - Accepted Firmware Licenses: FW.H7.1.11.0,FW.G0.1.6.0,FW.F4.1.27.0
2023-09-30 13:45:17,662 [INFO] PluginManage:359 - Loaded plugin analytics (category:tool,tabindex:-1)
2023-09-30 13:45:17,662 [INFO] PluginManage:310 - Check plugin cadmodel
2023-09-30 13:45:17,677 [INFO] CADModel:105 - Init CAD model plugin
2023-09-30 13:45:17,677 [INFO] PluginManage:359 - Loaded plugin cadmodel (category:power,tabindex:5)
2023-09-30 13:45:17,677 [INFO] PluginManage:310 - Check plugin clock
2023-09-30 13:45:17,699 [INFO] PluginManage:359 - Loaded plugin clock (category:base,tabindex:2)
2023-09-30 13:45:17,699 [INFO] PluginManage:310 - Check plugin ddr
2023-09-30 13:45:17,701 [INFO] PluginManage:359 - Loaded plugin ddr (category:tool,tabindex:6)
2023-09-30 13:45:17,701 [INFO] PluginManage:310 - Check plugin filemanager
2023-09-30 13:45:17,831 [INFO] PluginManage:359 - Loaded plugin filemanager (category:base,tabindex:10)
2023-09-30 13:45:17,831 [INFO] PluginManage:310 - Check plugin ipmanager
2023-09-30 13:45:17,839 [INFO] PluginManage:359 - Loaded plugin ipmanager (category:base,tabindex:5)
2023-09-30 13:45:17,839 [INFO] PluginManage:310 - Check plugin lpbam
2023-09-30 13:45:17,857 [INFO] PluginManage:359 - Loaded plugin lpbam (category:base,tabindex:0)
2023-09-30 13:45:17,858 [INFO] PluginManage:310 - Check plugin memorymap
2023-09-30 13:45:17,878 [INFO] PluginManage:359 - Loaded plugin memorymap (category:base,tabindex:4)
2023-09-30 13:45:17,878 [INFO] PluginManage:310 - Check plugin pinoutandconfiguration
2023-09-30 13:45:17,891 [INFO] PluginManage:359 - Loaded plugin pinoutandconfiguration (category:base,tabindex:1)
2023-09-30 13:45:17,892 [INFO] PluginManage:310 - Check plugin pinoutconfig
2023-09-30 13:45:17,975 [WARN] SupportedApi:132 - Cannot load RTOS API schema: s4s-elt-must-match.1: The content of 'definitions' must match (annotation?, (simpleType | complexType)?, (unique | key | keyref)*)). A problem was found starting at: attribute.
2023-09-30 13:45:18,092 [INFO] PluginManage:359 - Loaded plugin pinoutconfig (category:base,tabindex:0)
2023-09-30 13:45:18,092 [INFO] PluginManage:310 - Check plugin power
2023-09-30 13:45:18,110 [INFO] PluginManage:359 - Loaded plugin power (category:power,tabindex:4)
2023-09-30 13:45:18,111 [INFO] PluginManage:310 - Check plugin projectmanager
2023-09-30 13:45:18,122 [INFO] PluginManage:359 - Loaded plugin projectmanager (category:projectmanager,tabindex:3)
2023-09-30 13:45:18,122 [INFO] PluginManage:310 - Check plugin thirdparty
2023-09-30 13:45:18,365 [INFO] PluginManage:359 - Loaded plugin thirdparty (category:base,tabindex:-1)
2023-09-30 13:45:18,365 [WARN] IntegrityCheckThread:84 - waiting for thirdparty lock release [integrity check]
2023-09-30 13:45:18,366 [INFO] IntegrityCheckThread:86 - entering critical section [integrity check]
2023-09-30 13:45:18,366 [INFO] PluginManage:310 - Check plugin tools
2023-09-30 13:45:18,366 [INFO] ThirdPartyUpdaterWithRetryManager:70 - Updater plugin not ready yet. [1/15]
2023-09-30 13:45:18,390 [INFO] PluginManage:359 - Loaded plugin tools (category:base,tabindex:7)
2023-09-30 13:45:18,391 [INFO] PluginManage:310 - Check plugin tutovideos
2023-09-30 13:45:18,551 [INFO] PluginManage:359 - Loaded plugin tutovideos (category:base,tabindex:-1)
2023-09-30 13:45:18,551 [INFO] PluginManage:310 - Check plugin updater
2023-09-30 13:45:18,562 [INFO] PluginManage:359 - Loaded plugin updater (category:base,tabindex:12)
2023-09-30 13:45:18,562 [INFO] PluginManage:310 - Check plugin userauth
2023-09-30 13:45:18,568 [INFO] UserAuth:113 - Init User Auth plugin
2023-09-30 13:45:18,568 [INFO] PluginManage:359 - Loaded plugin userauth (category:base,tabindex:14)
2023-09-30 13:45:18,568 [INFO] PluginManage:283 - PluginManage : Loaded plugins [17]
2023-09-30 13:45:18,770 [INFO] PinOutPanel:1499 - setPackage(No Configuration,No Configuration)
2023-09-30 13:45:18,870 [INFO] CADModel:165 - CPN selected for project level
2023-09-30 13:45:18,871 [INFO] CADModel:114 - Register for checkConnection events
2023-09-30 13:45:18,894 [INFO] IPUIPlugin:80 - create IPUIPlugin
2023-09-30 13:45:18,894 [INFO] PluginManager:220 - loadIPPluginJar : add adc
2023-09-30 13:45:18,922 [INFO] IPUIPlugin:80 - create IPUIPlugin
2023-09-30 13:45:18,922 [INFO] PluginManager:220 - loadIPPluginJar : add aes
2023-09-30 13:45:18,952 [INFO] IPUIPlugin:80 - create IPUIPlugin
2023-09-30 13:45:18,952 [INFO] PluginManager:220 - loadIPPluginJar : add can
2023-09-30 13:45:18,970 [INFO] IPUIPlugin:80 - create IPUIPlugin
2023-09-30 13:45:18,970 [INFO] PluginManager:220 - loadIPPluginJar : add comp
2023-09-30 13:45:18,994 [INFO] IPUIPlugin:80 - create IPUIPlugin
2023-09-30 13:45:18,994 [INFO] PluginManager:220 - loadIPPluginJar : add cryp
2023-09-30 13:45:19,017 [INFO] IPUIPlugin:80 - create IPUIPlugin
2023-09-30 13:45:19,017 [INFO] PluginManager:220 - loadIPPluginJar : add dfsdm
2023-09-30 13:45:19,029 [INFO] IPUIPlugin:80 - create IPUIPlugin
2023-09-30 13:45:19,029 [INFO] PluginManager:220 - loadIPPluginJar : add dma
2023-09-30 13:45:19,060 [INFO] IPUIPlugin:80 - create IPUIPlugin
2023-09-30 13:45:19,060 [INFO] PluginManager:220 - loadIPPluginJar : add dma3
2023-09-30 13:45:19,075 [INFO] IPUIPlugin:80 - create IPUIPlugin
2023-09-30 13:45:19,075 [INFO] PluginManager:220 - loadIPPluginJar : add fatfs
2023-09-30 13:45:19,111 [INFO] IPUIPlugin:80 - create IPUIPlugin
2023-09-30 13:45:19,111 [INFO] PluginManager:220 - loadIPPluginJar : add fmc
2023-09-30 13:45:19,124 [INFO] IPUIPlugin:80 - create IPUIPlugin
2023-09-30 13:45:19,124 [INFO] PluginManager:220 - loadIPPluginJar : add freertos
2023-09-30 13:45:19,140 [INFO] IPUIPlugin:80 - create IPUIPlugin
2023-09-30 13:45:19,140 [INFO] PluginManager:220 - loadIPPluginJar : add genericplugin
2023-09-30 13:45:19,206 [INFO] IPUIPlugin:80 - create IPUIPlugin
2023-09-30 13:45:19,207 [INFO] PluginManager:220 - loadIPPluginJar : add gfxmmu
2023-09-30 13:45:19,305 [INFO] IPUIPlugin:80 - create IPUIPlugin
2023-09-30 13:45:19,305 [INFO] PluginManager:220 - loadIPPluginJar : add gic
2023-09-30 13:45:19,317 [INFO] IPUIPlugin:80 - create IPUIPlugin
2023-09-30 13:45:19,317 [INFO] PluginManager:220 - loadIPPluginJar : add gpio
2023-09-30 13:45:19,387 [INFO] IPUIPlugin:80 - create IPUIPlugin
2023-09-30 13:45:19,387 [INFO] PluginManager:220 - loadIPPluginJar : add gtzc
2023-09-30 13:45:19,411 [INFO] IPUIPlugin:80 - create IPUIPlugin
2023-09-30 13:45:19,411 [INFO] PluginManager:220 - loadIPPluginJar : add hash
2023-09-30 13:45:19,453 [INFO] IPUIPlugin:80 - create IPUIPlugin
2023-09-30 13:45:19,454 [INFO] PluginManager:220 - loadIPPluginJar : add i2c
2023-09-30 13:45:19,482 [INFO] IPUIPlugin:80 - create IPUIPlugin
2023-09-30 13:45:19,482 [INFO] PluginManager:220 - loadIPPluginJar : add i2s
2023-09-30 13:45:19,511 [INFO] IPUIPlugin:80 - create IPUIPlugin
2023-09-30 13:45:19,512 [INFO] PluginManager:220 - loadIPPluginJar : add i3c
2023-09-30 13:45:19,591 [INFO] IPUIPlugin:80 - create IPUIPlugin
2023-09-30 13:45:19,591 [INFO] PluginManager:220 - loadIPPluginJar : add ipddr
2023-09-30 13:45:19,659 [INFO] IPUIPlugin:80 - create IPUIPlugin
2023-09-30 13:45:19,659 [INFO] PluginManager:220 - loadIPPluginJar : add linkedlist
2023-09-30 13:45:19,685 [INFO] IPUIPlugin:80 - create IPUIPlugin
2023-09-30 13:45:19,685 [INFO] PluginManager:220 - loadIPPluginJar : add lorawan
2023-09-30 13:45:19,712 [INFO] IPUIPlugin:80 - create IPUIPlugin
2023-09-30 13:45:19,712 [INFO] PluginManager:220 - loadIPPluginJar : add ltdc
2023-09-30 13:45:19,724 [INFO] IPUIPlugin:80 - create IPUIPlugin
2023-09-30 13:45:19,724 [INFO] PluginManager:220 - loadIPPluginJar : add mdma
2023-09-30 13:45:19,734 [INFO] IPUIPlugin:80 - create IPUIPlugin
2023-09-30 13:45:19,734 [INFO] PluginManager:220 - loadIPPluginJar : add nvic
2023-09-30 13:45:19,760 [INFO] IPUIPlugin:80 - create IPUIPlugin
2023-09-30 13:45:19,760 [INFO] PluginManager:220 - loadIPPluginJar : add opamp
2023-09-30 13:45:19,803 [INFO] IPUIPlugin:80 - create IPUIPlugin
2023-09-30 13:45:19,804 [INFO] PluginManager:220 - loadIPPluginJar : add openamp
2023-09-30 13:45:19,835 [INFO] IPUIPlugin:80 - create IPUIPlugin
2023-09-30 13:45:19,835 [INFO] PluginManager:220 - loadIPPluginJar : add pdm2pcm
2023-09-30 13:45:19,847 [INFO] IPUIPlugin:80 - create IPUIPlugin
2023-09-30 13:45:19,849 [INFO] PluginManager:220 - loadIPPluginJar : add plateformsettings
2023-09-30 13:45:19,866 [INFO] IPUIPlugin:80 - create IPUIPlugin
2023-09-30 13:45:19,866 [INFO] PluginManager:220 - loadIPPluginJar : add quadspi
2023-09-30 13:45:19,876 [INFO] IPUIPlugin:80 - create IPUIPlugin
2023-09-30 13:45:19,876 [INFO] PluginManager:220 - loadIPPluginJar : add resmgrutility
2023-09-30 13:45:19,912 [INFO] IPUIPlugin:80 - create IPUIPlugin
2023-09-30 13:45:19,912 [INFO] PluginManager:220 - loadIPPluginJar : add sai
2023-09-30 13:45:19,939 [INFO] IPUIPlugin:80 - create IPUIPlugin
2023-09-30 13:45:19,940 [INFO] PluginManager:220 - loadIPPluginJar : add spi
2023-09-30 13:45:19,982 [INFO] IPUIPlugin:80 - create IPUIPlugin
2023-09-30 13:45:19,982 [INFO] PluginManager:220 - loadIPPluginJar : add stm32_wpan
2023-09-30 13:45:20,000 [INFO] IPUIPlugin:80 - create IPUIPlugin
2023-09-30 13:45:20,000 [INFO] PluginManager:220 - loadIPPluginJar : add tim
2023-09-30 13:45:20,045 [INFO] IPUIPlugin:80 - create IPUIPlugin
2023-09-30 13:45:20,045 [INFO] PluginManager:220 - loadIPPluginJar : add touchsensing
2023-09-30 13:45:20,061 [INFO] IPUIPlugin:80 - create IPUIPlugin
2023-09-30 13:45:20,061 [INFO] PluginManager:220 - loadIPPluginJar : add tracer_emb
2023-09-30 13:45:20,078 [INFO] IPUIPlugin:80 - create IPUIPlugin
2023-09-30 13:45:20,078 [INFO] PluginManager:220 - loadIPPluginJar : add ts
2023-09-30 13:45:20,095 [INFO] IPUIPlugin:80 - create IPUIPlugin
2023-09-30 13:45:20,095 [INFO] PluginManager:220 - loadIPPluginJar : add tsc
2023-09-30 13:45:20,111 [INFO] IPUIPlugin:80 - create IPUIPlugin
2023-09-30 13:45:20,111 [INFO] PluginManager:220 - loadIPPluginJar : add ucpd
2023-09-30 13:45:20,143 [INFO] IPUIPlugin:80 - create IPUIPlugin
2023-09-30 13:45:20,144 [INFO] PluginManager:220 - loadIPPluginJar : add usart
2023-09-30 13:45:20,176 [INFO] IPUIPlugin:80 - create IPUIPlugin
2023-09-30 13:45:20,176 [INFO] PluginManager:220 - loadIPPluginJar : add usbx
2023-09-30 13:45:20,313 [INFO] CADModel:165 - CPN selected for project level
2023-09-30 13:45:20,313 [INFO] CADModel:114 - Register for checkConnection events
2023-09-30 13:45:20,313 [FATAL] Updater:308 - Updater called before beeing initialized
2023-09-30 13:45:20,314 [ERROR] CADModel:125 - Updater not yet initialized, retry later 
2023-09-30 13:45:20,457 [INFO] CADModel:165 - CPN selected for project level
2023-09-30 13:45:20,457 [INFO] CADModel:114 - Register for checkConnection events
2023-09-30 13:45:20,457 [FATAL] Updater:308 - Updater called before beeing initialized
2023-09-30 13:45:20,457 [ERROR] CADModel:125 - Updater not yet initialized, retry later 
2023-09-30 13:45:20,460 [FATAL] Updater:308 - Updater called before beeing initialized
2023-09-30 13:45:20,570 [FATAL] Updater:308 - Updater called before beeing initialized
2023-09-30 13:45:20,581 [INFO] DbMcusAds:53 - JSON generation date=Tue Mar 07 15:50:55 ICT 2023 (1678179055114)
2023-09-30 13:45:20,582 [FATAL] Updater:308 - Updater called before beeing initialized
2023-09-30 13:45:20,614 [WARN] DetailPanel:346 - Failed to get advertising image, set to default
2023-09-30 13:45:20,683 [FATAL] Updater:308 - Updater called before beeing initialized
2023-09-30 13:45:20,685 [FATAL] Updater:308 - Updater called before beeing initialized
2023-09-30 13:45:20,685 [FATAL] Updater:308 - Updater called before beeing initialized
2023-09-30 13:45:20,685 [WARN] DetailPanel:346 - Failed to get advertising image, set to default
2023-09-30 13:45:20,686 [FATAL] Updater:308 - Updater called before beeing initialized
2023-09-30 13:45:20,753 [ERROR] Updater:1120 - MainUpdater not yet initialized. External WinMGr cannot be set.
2023-09-30 13:45:20,760 [INFO] Updater:1056 - Updater Version found : 6.9.2
2023-09-30 13:45:20,775 [INFO] ApplicationProperties:184 - Using Application install path: C:\ST\STM32CubeIDE_1.12.0\STM32CubeIDE\plugins\com.st.stm32cube.common.mx_6.9.2.202309101412
2023-09-30 13:45:21,027 [INFO] MainUpdater:521 - Copy updater definitions from MX database
2023-09-30 13:45:21,367 [INFO] ThirdPartyUpdaterWithRetryManager:70 - Updater plugin not ready yet. [2/15]
2023-09-30 13:45:24,368 [FATAL] Updater:308 - Updater called before beeing initialized
2023-09-30 13:45:24,369 [ERROR] IntegrityCheckThread:130 - Cannot retrieve database content from updater: error 21
2023-09-30 13:45:24,369 [INFO] ThirdParty:978 - Integrity check success = false
2023-09-30 13:45:24,369 [INFO] IntegrityCheckThread:100 - exiting critical section [integrity check]
2023-09-30 13:45:24,369 [INFO] IntegrityCheckThread:103 - End integrity checks thread
2023-09-30 13:45:33,110 [ERROR] ServerAccessManage:1146 - Warning during Server Connection :  Unknown host sw-center.st.com
2023-09-30 13:45:33,117 [INFO] MainUpdater:2868 - connection check result : 22
2023-09-30 13:45:33,118 [INFO] MainUpdater:285 - Updater Check For Update Now.
2023-09-30 13:45:33,119 [INFO] MicroXplorer:498 - Change Database Version : DB.6.0.92
2023-09-30 13:45:33,171 [INFO] McuFinderGlobals:63 - Set McuFinder mode to 2 (CubeIDE integrated)
2023-09-30 13:45:33,172 [INFO] UserAuth:179 - activating auth plugin
2023-09-30 13:45:33,175 [INFO] UserAuth:393 - Internet connection configuration mode: 2
2023-09-30 13:45:33,388 [INFO] CheckServerUpdateThread:120 - End of CheckServer Thread
2023-09-30 13:45:35,403 [ERROR] LogOutputStream:75 - [STDERR_REDIRECT] SLF4J: Failed to load class "org.slf4j.impl.StaticLoggerBinder".
2023-09-30 13:45:35,404 [ERROR] LogOutputStream:75 - [STDERR_REDIRECT] SLF4J: Defaulting to no-operation (NOP) logger implementation
2023-09-30 13:45:35,405 [ERROR] LogOutputStream:75 - [STDERR_REDIRECT] SLF4J: See http://www.slf4j.org/codes.html#StaticLoggerBinder for further details.
