2024-04-19 14:22:20,709 [INFO] Activator:176 - 


2024-04-19 14:22:20,713 [INFO] Activator:177 - !SESSION log4j initialized
2024-04-19 14:22:24,274 [INFO] LogOutputStream:77 - [STDOUT_REDIRECT] 
2024-04-19 14:22:24,914 [ERROR] LogOutputStream:75 - [STDERR_REDIRECT] ??.?. 19, 2024 2:22:24 ??????? org.glassfish.grizzly.http.server.NetworkListener start
2024-04-19 14:22:24,915 [ERROR] LogOutputStream:75 - [STDERR_REDIRECT] INFO: Started listener bound to [localhost:1596]
2024-04-19 14:22:24,915 [ERROR] LogOutputStream:75 - [STDERR_REDIRECT] 
2024-04-19 14:22:24,917 [ERROR] LogOutputStream:75 - [STDERR_REDIRECT] ??.?. 19, 2024 2:22:24 ??????? org.glassfish.grizzly.http.server.HttpServer start
2024-04-19 14:22:24,918 [ERROR] LogOutputStream:75 - [STDERR_REDIRECT] INFO: [HttpServer] Started.
2024-04-19 14:22:24,918 [ERROR] LogOutputStream:75 - [STDERR_REDIRECT] 
2024-04-19 14:22:26,157 [INFO] ApplicationProperties:184 - Using Application install path: C:\ST\STM32CubeIDE_1.12.0\STM32CubeIDE\plugins\com.st.stm32cube.common.mx_6.11.0.202403141607
2024-04-19 14:22:26,176 [INFO] DbMcusXml:78 - Set database path to: C:\ST\STM32CubeIDE_1.12.0\STM32CubeIDE\plugins\com.st.stm32cube.common.mx_6.11.0.202403141607\\db\/mcu/
2024-04-19 14:22:26,177 [INFO] ApiDb:274 - Set plugin database path to: C:\ST\STM32CubeIDE_1.12.0\STM32CubeIDE\plugins\com.st.stm32cube.common.mx_6.11.0.202403141607\\db\/plugins/boardmanager/
2024-04-19 14:22:26,177 [WARN] ApiDb:259 - Overriding images path with different value:  => C:\ST\STM32CubeIDE_1.12.0\STM32CubeIDE\plugins\com.st.stm32cube.common.mx_6.11.0.202403141607\\db\/plugins/mcufinder/images/
2024-04-19 14:22:26,187 [INFO] ApiDb:250 - Set database path to: C:\Users\user\.stmcufinder\plugins\mcufinder//mcu/
2024-04-19 14:22:26,189 [INFO] DbMcusAds:125 - Set database path to: C:\Users\user\.stmcufinder\plugins\mcufinder//mcu/
2024-04-19 14:22:26,190 [INFO] CrossReferenceDbSqlite:203 - Set database path to: C:\Users\user\.stmcufinder\plugins\mcufinder//mcu/cs/
2024-04-19 14:22:26,354 [INFO] RulesReader:64 - Compatibility file has been processed (297 Rules)
2024-04-19 14:22:26,412 [INFO] DbMcusXml:78 - Set database path to: C:\ST\STM32CubeIDE_1.12.0\STM32CubeIDE\plugins\com.st.stm32cube.common.mx_6.11.0.202403141607\\db\/mcu/
2024-04-19 14:22:26,412 [INFO] ApiDb:274 - Set plugin database path to: C:\ST\STM32CubeIDE_1.12.0\STM32CubeIDE\plugins\com.st.stm32cube.common.mx_6.11.0.202403141607\\db\/plugins/boardmanager/
2024-04-19 14:22:26,413 [INFO] ApiDb:261 - Set plugin images path to: C:\ST\STM32CubeIDE_1.12.0\STM32CubeIDE\plugins\com.st.stm32cube.common.mx_6.11.0.202403141607\\db\/plugins/mcufinder/images/
2024-04-19 14:22:26,413 [WARN] DbFile:41 - Overriding database path with different value: C:\Users\user\.stmcufinder\plugins\mcufinder/ => C:\Users\user\.stmcufinder\plugins\mcufinder
2024-04-19 14:22:26,413 [INFO] ApiDb:250 - Set database path to: C:\Users\user\.stmcufinder\plugins\mcufinder//mcu/
2024-04-19 14:22:26,413 [WARN] DbFile:41 - Overriding database path with different value: C:\Users\user\.stmcufinder\plugins\mcufinder/ => C:\Users\user\.stmcufinder\plugins\mcufinder
2024-04-19 14:22:26,413 [INFO] DbMcusAds:125 - Set database path to: C:\Users\user\.stmcufinder\plugins\mcufinder//mcu/
2024-04-19 14:22:26,413 [WARN] DbFile:41 - Overriding database path with different value: C:\Users\user\.stmcufinder\plugins\mcufinder/ => C:\Users\user\.stmcufinder\plugins\mcufinder
2024-04-19 14:22:26,413 [WARN] DbFile:41 - Overriding database path with different value: C:\Users\user\.stmcufinder\plugins\mcufinder/ => C:\Users\user\.stmcufinder\plugins\mcufinder
2024-04-19 14:22:26,413 [INFO] CrossReferenceDbSqlite:203 - Set database path to: C:\Users\user\.stmcufinder\plugins\mcufinder//mcu/cs/
2024-04-19 14:22:26,489 [INFO] MainPanel:264 - HeapMemory: 268435456
2024-04-19 14:22:26,592 [INFO] DbMcusXml:78 - Set database path to: C:\ST\STM32CubeIDE_1.12.0\STM32CubeIDE\plugins\com.st.stm32cube.common.mx_6.11.0.202403141607\\db\/mcu/
2024-04-19 14:22:26,592 [INFO] ApiDb:274 - Set plugin database path to: C:\ST\STM32CubeIDE_1.12.0\STM32CubeIDE\plugins\com.st.stm32cube.common.mx_6.11.0.202403141607\\db\/plugins/boardmanager/
2024-04-19 14:22:26,592 [INFO] ApiDb:261 - Set plugin images path to: C:\ST\STM32CubeIDE_1.12.0\STM32CubeIDE\plugins\com.st.stm32cube.common.mx_6.11.0.202403141607\\db\/plugins/mcufinder/images/
2024-04-19 14:22:26,593 [WARN] DbFile:41 - Overriding database path with different value: C:\Users\user\.stmcufinder\plugins\mcufinder/ => C:\Users\user\.stmcufinder\plugins\mcufinder
2024-04-19 14:22:26,593 [INFO] ApiDb:250 - Set database path to: C:\Users\user\.stmcufinder\plugins\mcufinder//mcu/
2024-04-19 14:22:26,593 [WARN] DbFile:41 - Overriding database path with different value: C:\Users\user\.stmcufinder\plugins\mcufinder/ => C:\Users\user\.stmcufinder\plugins\mcufinder
2024-04-19 14:22:26,593 [INFO] DbMcusAds:125 - Set database path to: C:\Users\user\.stmcufinder\plugins\mcufinder//mcu/
2024-04-19 14:22:26,593 [WARN] DbFile:41 - Overriding database path with different value: C:\Users\user\.stmcufinder\plugins\mcufinder/ => C:\Users\user\.stmcufinder\plugins\mcufinder
2024-04-19 14:22:26,593 [WARN] DbFile:41 - Overriding database path with different value: C:\Users\user\.stmcufinder\plugins\mcufinder/ => C:\Users\user\.stmcufinder\plugins\mcufinder
2024-04-19 14:22:26,594 [INFO] CrossReferenceDbSqlite:203 - Set database path to: C:\Users\user\.stmcufinder\plugins\mcufinder//mcu/cs/
2024-04-19 14:22:26,610 [INFO] ApplicationProperties:184 - Using Application install path: C:\ST\STM32CubeIDE_1.12.0\STM32CubeIDE\plugins\com.st.stm32cube.common.mx_6.11.0.202403141607
2024-04-19 14:22:26,612 [INFO] PluginManage:196 - Search for loadable plugins [exclusion list=, ]
2024-04-19 14:22:26,614 [INFO] PluginManage:310 - Check plugin analytics
2024-04-19 14:22:26,784 [INFO] AnalyticsPlugin:253 - Accepted Software Licenses: STM32CubeMX.6.10.0
2024-04-19 14:22:26,785 [INFO] AnalyticsPlugin:255 - Accepted CMSIS Pack Licenses: 
2024-04-19 14:22:26,785 [INFO] AnalyticsPlugin:257 - Accepted Firmware Licenses: 
2024-04-19 14:22:26,787 [INFO] PluginManage:359 - Loaded plugin analytics (category:tool,tabindex:-1)
2024-04-19 14:22:26,788 [INFO] PluginManage:310 - Check plugin cadmodel
2024-04-19 14:22:26,794 [INFO] CADModel:105 - Init CAD model plugin
2024-04-19 14:22:26,795 [INFO] PluginManage:359 - Loaded plugin cadmodel (category:power,tabindex:5)
2024-04-19 14:22:26,795 [INFO] PluginManage:310 - Check plugin clock
2024-04-19 14:22:26,807 [INFO] PluginManage:359 - Loaded plugin clock (category:base,tabindex:2)
2024-04-19 14:22:26,807 [INFO] PluginManage:310 - Check plugin ddr
2024-04-19 14:22:26,810 [INFO] PluginManage:359 - Loaded plugin ddr (category:tool,tabindex:6)
2024-04-19 14:22:26,810 [INFO] PluginManage:310 - Check plugin filemanager
2024-04-19 14:22:26,980 [INFO] PluginManage:359 - Loaded plugin filemanager (category:base,tabindex:10)
2024-04-19 14:22:26,980 [INFO] PluginManage:310 - Check plugin ipmanager
2024-04-19 14:22:26,988 [INFO] PluginManage:359 - Loaded plugin ipmanager (category:base,tabindex:5)
2024-04-19 14:22:26,988 [INFO] PluginManage:310 - Check plugin lpbam
2024-04-19 14:22:26,998 [INFO] PluginManage:359 - Loaded plugin lpbam (category:base,tabindex:0)
2024-04-19 14:22:26,998 [INFO] PluginManage:310 - Check plugin memorymap
2024-04-19 14:22:27,015 [INFO] PluginManage:359 - Loaded plugin memorymap (category:base,tabindex:4)
2024-04-19 14:22:27,015 [INFO] PluginManage:310 - Check plugin pinoutandconfiguration
2024-04-19 14:22:27,022 [INFO] PluginManage:359 - Loaded plugin pinoutandconfiguration (category:base,tabindex:1)
2024-04-19 14:22:27,022 [INFO] PluginManage:310 - Check plugin pinoutconfig
2024-04-19 14:22:27,098 [WARN] SupportedApi:132 - Cannot load RTOS API schema: s4s-elt-must-match.1: The content of 'definitions' must match (annotation?, (simpleType | complexType)?, (unique | key | keyref)*)). A problem was found starting at: attribute.
2024-04-19 14:22:27,264 [INFO] PluginManage:359 - Loaded plugin pinoutconfig (category:base,tabindex:0)
2024-04-19 14:22:27,264 [INFO] PluginManage:310 - Check plugin power
2024-04-19 14:22:27,275 [INFO] PluginManage:359 - Loaded plugin power (category:power,tabindex:4)
2024-04-19 14:22:27,275 [INFO] PluginManage:310 - Check plugin projectmanager
2024-04-19 14:22:27,291 [INFO] PluginManage:359 - Loaded plugin projectmanager (category:projectmanager,tabindex:3)
2024-04-19 14:22:27,291 [INFO] PluginManage:310 - Check plugin thirdparty
2024-04-19 14:22:27,431 [INFO] PluginManage:359 - Loaded plugin thirdparty (category:base,tabindex:-1)
2024-04-19 14:22:27,431 [WARN] IntegrityCheckThread:84 - waiting for thirdparty lock release [integrity check]
2024-04-19 14:22:27,431 [INFO] IntegrityCheckThread:86 - entering critical section [integrity check]
2024-04-19 14:22:27,432 [INFO] ThirdPartyUpdaterWithRetryManager:70 - Updater plugin not ready yet. [1/15]
2024-04-19 14:22:27,432 [INFO] PluginManage:310 - Check plugin tools
2024-04-19 14:22:27,434 [INFO] PluginManage:359 - Loaded plugin tools (category:base,tabindex:7)
2024-04-19 14:22:27,434 [INFO] PluginManage:310 - Check plugin tutovideos
2024-04-19 14:22:27,581 [INFO] PluginManage:359 - Loaded plugin tutovideos (category:base,tabindex:-1)
2024-04-19 14:22:27,581 [INFO] PluginManage:310 - Check plugin updater
2024-04-19 14:22:27,592 [INFO] PluginManage:359 - Loaded plugin updater (category:base,tabindex:12)
2024-04-19 14:22:27,593 [INFO] PluginManage:310 - Check plugin userauth
2024-04-19 14:22:27,598 [INFO] UserAuth:114 - Init User Auth plugin
2024-04-19 14:22:27,598 [INFO] PluginManage:359 - Loaded plugin userauth (category:base,tabindex:14)
2024-04-19 14:22:27,599 [INFO] PluginManage:283 - PluginManage : Loaded plugins [17]
2024-04-19 14:22:27,792 [INFO] PinOutPanel:1561 - setPackage(No Configuration,No Configuration)
2024-04-19 14:22:27,861 [INFO] CADModel:165 - CPN selected for project level
2024-04-19 14:22:27,863 [INFO] CADModel:114 - Register for checkConnection events
2024-04-19 14:22:27,885 [INFO] IPUIPlugin:80 - create IPUIPlugin
2024-04-19 14:22:27,885 [INFO] PluginManager:220 - loadIPPluginJar : add adc
2024-04-19 14:22:27,888 [INFO] IPUIPlugin:80 - create IPUIPlugin
2024-04-19 14:22:27,889 [INFO] PluginManager:220 - loadIPPluginJar : add aes
2024-04-19 14:22:27,893 [INFO] IPUIPlugin:80 - create IPUIPlugin
2024-04-19 14:22:27,893 [INFO] PluginManager:220 - loadIPPluginJar : add can
2024-04-19 14:22:27,895 [INFO] IPUIPlugin:80 - create IPUIPlugin
2024-04-19 14:22:27,895 [INFO] PluginManager:220 - loadIPPluginJar : add comp
2024-04-19 14:22:27,899 [INFO] IPUIPlugin:80 - create IPUIPlugin
2024-04-19 14:22:27,899 [INFO] PluginManager:220 - loadIPPluginJar : add cryp
2024-04-19 14:22:27,901 [INFO] IPUIPlugin:80 - create IPUIPlugin
2024-04-19 14:22:27,902 [INFO] PluginManager:220 - loadIPPluginJar : add dfsdm
2024-04-19 14:22:27,910 [INFO] IPUIPlugin:80 - create IPUIPlugin
2024-04-19 14:22:27,910 [INFO] PluginManager:220 - loadIPPluginJar : add dma
2024-04-19 14:22:27,913 [INFO] IPUIPlugin:80 - create IPUIPlugin
2024-04-19 14:22:27,913 [INFO] PluginManager:220 - loadIPPluginJar : add dma3
2024-04-19 14:22:27,917 [INFO] IPUIPlugin:80 - create IPUIPlugin
2024-04-19 14:22:27,917 [INFO] PluginManager:220 - loadIPPluginJar : add extmemmanager
2024-04-19 14:22:27,920 [INFO] IPUIPlugin:80 - create IPUIPlugin
2024-04-19 14:22:27,921 [INFO] PluginManager:220 - loadIPPluginJar : add fatfs
2024-04-19 14:22:27,927 [INFO] IPUIPlugin:80 - create IPUIPlugin
2024-04-19 14:22:27,927 [INFO] PluginManager:220 - loadIPPluginJar : add fmc
2024-04-19 14:22:27,935 [INFO] IPUIPlugin:80 - create IPUIPlugin
2024-04-19 14:22:27,935 [INFO] PluginManager:220 - loadIPPluginJar : add freertos
2024-04-19 14:22:27,937 [INFO] IPUIPlugin:80 - create IPUIPlugin
2024-04-19 14:22:27,937 [INFO] PluginManager:220 - loadIPPluginJar : add genericplugin
2024-04-19 14:22:27,941 [INFO] IPUIPlugin:80 - create IPUIPlugin
2024-04-19 14:22:27,941 [INFO] PluginManager:220 - loadIPPluginJar : add gfxmmu
2024-04-19 14:22:27,946 [INFO] IPUIPlugin:80 - create IPUIPlugin
2024-04-19 14:22:27,946 [INFO] PluginManager:220 - loadIPPluginJar : add gic
2024-04-19 14:22:27,949 [INFO] IPUIPlugin:80 - create IPUIPlugin
2024-04-19 14:22:27,950 [INFO] PluginManager:220 - loadIPPluginJar : add gpio
2024-04-19 14:22:27,953 [INFO] IPUIPlugin:80 - create IPUIPlugin
2024-04-19 14:22:27,954 [INFO] PluginManager:220 - loadIPPluginJar : add gtzc
2024-04-19 14:22:27,956 [INFO] IPUIPlugin:80 - create IPUIPlugin
2024-04-19 14:22:27,956 [INFO] PluginManager:220 - loadIPPluginJar : add hash
2024-04-19 14:22:27,959 [INFO] IPUIPlugin:80 - create IPUIPlugin
2024-04-19 14:22:27,959 [INFO] PluginManager:220 - loadIPPluginJar : add i2c
2024-04-19 14:22:27,963 [INFO] IPUIPlugin:80 - create IPUIPlugin
2024-04-19 14:22:27,963 [INFO] PluginManager:220 - loadIPPluginJar : add i2s
2024-04-19 14:22:27,966 [INFO] IPUIPlugin:80 - create IPUIPlugin
2024-04-19 14:22:27,966 [INFO] PluginManager:220 - loadIPPluginJar : add i3c
2024-04-19 14:22:27,971 [INFO] IPUIPlugin:80 - create IPUIPlugin
2024-04-19 14:22:27,971 [INFO] PluginManager:220 - loadIPPluginJar : add ipddr
2024-04-19 14:22:27,979 [INFO] IPUIPlugin:80 - create IPUIPlugin
2024-04-19 14:22:27,979 [INFO] PluginManager:220 - loadIPPluginJar : add linkedlist
2024-04-19 14:22:27,983 [INFO] IPUIPlugin:80 - create IPUIPlugin
2024-04-19 14:22:27,983 [INFO] PluginManager:220 - loadIPPluginJar : add lorawan
2024-04-19 14:22:27,985 [INFO] IPUIPlugin:80 - create IPUIPlugin
2024-04-19 14:22:27,985 [INFO] PluginManager:220 - loadIPPluginJar : add ltdc
2024-04-19 14:22:27,991 [INFO] IPUIPlugin:80 - create IPUIPlugin
2024-04-19 14:22:27,991 [INFO] PluginManager:220 - loadIPPluginJar : add mdma
2024-04-19 14:22:27,996 [INFO] IPUIPlugin:80 - create IPUIPlugin
2024-04-19 14:22:27,998 [INFO] PluginManager:220 - loadIPPluginJar : add nvic
2024-04-19 14:22:28,001 [INFO] IPUIPlugin:80 - create IPUIPlugin
2024-04-19 14:22:28,002 [INFO] PluginManager:220 - loadIPPluginJar : add opamp
2024-04-19 14:22:28,005 [INFO] IPUIPlugin:80 - create IPUIPlugin
2024-04-19 14:22:28,005 [INFO] PluginManager:220 - loadIPPluginJar : add openamp
2024-04-19 14:22:28,008 [INFO] IPUIPlugin:80 - create IPUIPlugin
2024-04-19 14:22:28,008 [INFO] PluginManager:220 - loadIPPluginJar : add pdm2pcm
2024-04-19 14:22:28,017 [INFO] IPUIPlugin:80 - create IPUIPlugin
2024-04-19 14:22:28,020 [INFO] PluginManager:220 - loadIPPluginJar : add plateformsettings
2024-04-19 14:22:28,022 [INFO] IPUIPlugin:80 - create IPUIPlugin
2024-04-19 14:22:28,022 [INFO] PluginManager:220 - loadIPPluginJar : add quadspi
2024-04-19 14:22:28,028 [INFO] IPUIPlugin:80 - create IPUIPlugin
2024-04-19 14:22:28,028 [INFO] PluginManager:220 - loadIPPluginJar : add resmgrutility
2024-04-19 14:22:28,032 [INFO] IPUIPlugin:80 - create IPUIPlugin
2024-04-19 14:22:28,032 [INFO] PluginManager:220 - loadIPPluginJar : add sai
2024-04-19 14:22:28,034 [INFO] IPUIPlugin:80 - create IPUIPlugin
2024-04-19 14:22:28,034 [INFO] PluginManager:220 - loadIPPluginJar : add spi
2024-04-19 14:22:28,040 [INFO] IPUIPlugin:80 - create IPUIPlugin
2024-04-19 14:22:28,040 [INFO] PluginManager:220 - loadIPPluginJar : add stm32_wpan
2024-04-19 14:22:28,042 [INFO] IPUIPlugin:80 - create IPUIPlugin
2024-04-19 14:22:28,042 [INFO] PluginManager:220 - loadIPPluginJar : add tim
2024-04-19 14:22:28,045 [INFO] IPUIPlugin:80 - create IPUIPlugin
2024-04-19 14:22:28,047 [INFO] PluginManager:220 - loadIPPluginJar : add touchsensing
2024-04-19 14:22:28,049 [INFO] IPUIPlugin:80 - create IPUIPlugin
2024-04-19 14:22:28,049 [INFO] PluginManager:220 - loadIPPluginJar : add tracer_emb
2024-04-19 14:22:28,051 [INFO] IPUIPlugin:80 - create IPUIPlugin
2024-04-19 14:22:28,051 [INFO] PluginManager:220 - loadIPPluginJar : add ts
2024-04-19 14:22:28,053 [INFO] IPUIPlugin:80 - create IPUIPlugin
2024-04-19 14:22:28,053 [INFO] PluginManager:220 - loadIPPluginJar : add tsc
2024-04-19 14:22:28,056 [INFO] IPUIPlugin:80 - create IPUIPlugin
2024-04-19 14:22:28,056 [INFO] PluginManager:220 - loadIPPluginJar : add ucpd
2024-04-19 14:22:28,060 [INFO] IPUIPlugin:80 - create IPUIPlugin
2024-04-19 14:22:28,061 [INFO] PluginManager:220 - loadIPPluginJar : add usart
2024-04-19 14:22:28,065 [INFO] IPUIPlugin:80 - create IPUIPlugin
2024-04-19 14:22:28,065 [INFO] PluginManager:220 - loadIPPluginJar : add usbx
2024-04-19 14:22:28,204 [INFO] CADModel:165 - CPN selected for project level
2024-04-19 14:22:28,204 [INFO] CADModel:114 - Register for checkConnection events
2024-04-19 14:22:28,204 [FATAL] Updater:308 - Updater called before beeing initialized
2024-04-19 14:22:28,204 [ERROR] CADModel:125 - Updater not yet initialized, retry later 
2024-04-19 14:22:28,346 [INFO] CADModel:165 - CPN selected for project level
2024-04-19 14:22:28,346 [INFO] CADModel:114 - Register for checkConnection events
2024-04-19 14:22:28,346 [FATAL] Updater:308 - Updater called before beeing initialized
2024-04-19 14:22:28,346 [ERROR] CADModel:125 - Updater not yet initialized, retry later 
2024-04-19 14:22:28,348 [FATAL] Updater:308 - Updater called before beeing initialized
2024-04-19 14:22:28,445 [FATAL] Updater:308 - Updater called before beeing initialized
2024-04-19 14:22:28,448 [INFO] DbMcusAds:53 - JSON generation date=Wed Nov 29 17:52:27 ICT 2023 (1701255147349)
2024-04-19 14:22:28,448 [FATAL] Updater:308 - Updater called before beeing initialized
2024-04-19 14:22:28,482 [WARN] DetailPanel:346 - Failed to get advertising image, set to default
2024-04-19 14:22:28,555 [FATAL] Updater:308 - Updater called before beeing initialized
2024-04-19 14:22:28,557 [FATAL] Updater:308 - Updater called before beeing initialized
2024-04-19 14:22:28,557 [FATAL] Updater:308 - Updater called before beeing initialized
2024-04-19 14:22:28,557 [WARN] DetailPanel:346 - Failed to get advertising image, set to default
2024-04-19 14:22:28,558 [FATAL] Updater:308 - Updater called before beeing initialized
2024-04-19 14:22:28,602 [ERROR] Updater:1120 - MainUpdater not yet initialized. External WinMGr cannot be set.
2024-04-19 14:22:28,603 [INFO] Updater:1056 - Updater Version found : 6.11.0
2024-04-19 14:22:28,622 [INFO] ApplicationProperties:184 - Using Application install path: C:\ST\STM32CubeIDE_1.12.0\STM32CubeIDE\plugins\com.st.stm32cube.common.mx_6.11.0.202403141607
2024-04-19 14:22:30,218 [INFO] MainUpdater:2873 - connection check result : 10
2024-04-19 14:22:30,219 [INFO] MainUpdater:3567 - Updater definition file requires update
2024-04-19 14:22:30,220 [INFO] MainUpdater:290 - Updater Check For Update Now.
2024-04-19 14:22:30,220 [INFO] MicroXplorer:498 - Change Database Version : DB.6.0.110
2024-04-19 14:22:30,225 [INFO] McuFinderGlobals:63 - Set McuFinder mode to 2 (CubeIDE integrated)
2024-04-19 14:22:30,225 [INFO] UserAuth:179 - activating auth plugin
2024-04-19 14:22:30,227 [INFO] UserAuth:415 - Internet connection configuration mode: 1
2024-04-19 14:22:30,243 [INFO] JxBrowserEngine:152 - Initiate JxBrowser Engine with user profile folder
2024-04-19 14:22:30,432 [WARN] MainUpdater:1194 - Updater busy. Cannot search thirdparties
2024-04-19 14:22:30,432 [INFO] ThirdPartyUpdaterWithRetryManager:96 - Updater plugin is busy. [1/15]
2024-04-19 14:22:30,876 [INFO] WebApp:161 - Instantiating new browser for Auth
2024-04-19 14:22:31,417 [INFO] WebApp:779 - Register for checkConnection events
2024-04-19 14:22:31,417 [INFO] WebApp:414 - Apply proxy settings
2024-04-19 14:22:31,417 [INFO] WebApp:499 - Chromium requires no authentication
2024-04-19 14:22:31,424 [INFO] WebApp:442 - Direct internet connection detected
2024-04-19 14:22:31,605 [INFO] WebApp:192 - Starting web application
2024-04-19 14:22:31,605 [INFO] WebApp:544 - Web application path used C:\ST\STM32CubeIDE_1.12.0\STM32CubeIDE\plugins\com.st.stm32cube.common.mx_6.11.0.202403141607\db\plugins\mcufinder\reactClient1\index.html
2024-04-19 14:22:32,137 [INFO] ServerAccessManage:473 - Download File updaters.zip
2024-04-19 14:22:32,190 [INFO] FileExtend:240 - Unzip File : updaters.zip
2024-04-19 14:22:32,190 [INFO] FileExtend:255 - Standard Zip Deflate
2024-04-19 14:22:33,434 [WARN] MainUpdater:1194 - Updater busy. Cannot search thirdparties
2024-04-19 14:22:33,434 [INFO] ThirdPartyUpdaterWithRetryManager:96 - Updater plugin is busy. [2/15]
2024-04-19 14:22:33,466 [INFO] ServerAccessManage:473 - Download File PacksControlFlags.xml
2024-04-19 14:22:34,501 [INFO] ServerAccessManage:473 - Download File cubemx.pidx
2024-04-19 14:22:35,959 [INFO] ServerAccessManage:473 - Download File STMicroelectronics.FP-SNS-MOTENVWB1.pdsc
2024-04-19 14:22:36,435 [WARN] MainUpdater:1194 - Updater busy. Cannot search thirdparties
2024-04-19 14:22:36,435 [INFO] ThirdPartyUpdaterWithRetryManager:96 - Updater plugin is busy. [3/15]
2024-04-19 14:22:39,437 [WARN] MainUpdater:1194 - Updater busy. Cannot search thirdparties
2024-04-19 14:22:39,438 [INFO] ThirdPartyUpdaterWithRetryManager:96 - Updater plugin is busy. [4/15]
2024-04-19 14:22:39,597 [INFO] ServerAccessManage:473 - Download File STMicroelectronics.X-CUBE-AI.pdsc
2024-04-19 14:22:42,439 [WARN] MainUpdater:1194 - Updater busy. Cannot search thirdparties
2024-04-19 14:22:42,439 [INFO] ThirdPartyUpdaterWithRetryManager:96 - Updater plugin is busy. [5/15]
2024-04-19 14:22:45,442 [WARN] MainUpdater:1194 - Updater busy. Cannot search thirdparties
2024-04-19 14:22:45,442 [INFO] ThirdPartyUpdaterWithRetryManager:96 - Updater plugin is busy. [6/15]
2024-04-19 14:22:48,443 [WARN] MainUpdater:1194 - Updater busy. Cannot search thirdparties
2024-04-19 14:22:48,443 [INFO] ThirdPartyUpdaterWithRetryManager:96 - Updater plugin is busy. [7/15]
2024-04-19 14:22:51,444 [WARN] MainUpdater:1194 - Updater busy. Cannot search thirdparties
2024-04-19 14:22:51,445 [INFO] ThirdPartyUpdaterWithRetryManager:96 - Updater plugin is busy. [8/15]
2024-04-19 14:22:54,445 [WARN] MainUpdater:1194 - Updater busy. Cannot search thirdparties
2024-04-19 14:22:54,445 [INFO] ThirdPartyUpdaterWithRetryManager:96 - Updater plugin is busy. [9/15]
2024-04-19 14:22:55,725 [INFO] ServerAccessManage:473 - Download File STMicroelectronics.X-CUBE-TCPP.pdsc
2024-04-19 14:22:57,185 [INFO] ServerAccessManage:473 - Download File STMicroelectronics.X-CUBE-AZRTOS-H7RS.pdsc
2024-04-19 14:22:57,447 [WARN] MainUpdater:1194 - Updater busy. Cannot search thirdparties
2024-04-19 14:22:57,447 [INFO] ThirdPartyUpdaterWithRetryManager:96 - Updater plugin is busy. [10/15]
2024-04-19 14:22:58,540 [WARN] PackLoader:240 - Cannot read IP mode file for STMicroelectronics.FP-SNS-MOTENVWB1.1.4.0
2024-04-19 14:22:58,554 [WARN] PackLoader:240 - Cannot read IP mode file for STMicroelectronics.X-CUBE-AI.9.0.0
2024-04-19 14:22:58,567 [WARN] PackLoader:240 - Cannot read IP mode file for STMicroelectronics.X-CUBE-TCPP.4.1.0
2024-04-19 14:22:58,597 [WARN] PackLoader:240 - Cannot read IP mode file for STMicroelectronics.X-CUBE-AZRTOS-H7RS.1.0.0
2024-04-19 14:22:58,601 [INFO] PopulateThirdPartyThread:66 - Ending populate Thread
2024-04-19 14:22:58,602 [INFO] ThirdParty:1030 - CMSIS Pack Vendor :STMicroelectronics FP-SNS-MOTENVWB1 1.4.0
2024-04-19 14:22:58,603 [INFO] ThirdParty:1030 - CMSIS Pack Vendor :STMicroelectronics X-CUBE-AI 9.0.0
2024-04-19 14:22:58,603 [INFO] ThirdParty:1030 - CMSIS Pack Vendor :STMicroelectronics X-CUBE-TCPP 4.1.0
2024-04-19 14:22:58,603 [INFO] ThirdParty:1030 - CMSIS Pack Vendor :STMicroelectronics X-CUBE-AZRTOS-H7RS 1.0.0
2024-04-19 14:22:58,603 [INFO] LoadServerUpdatesThread:375 - End of LoadServerUpdate Thread
2024-04-19 14:22:58,675 [INFO] CheckServerUpdateThread:120 - End of CheckServer Thread
2024-04-19 14:23:00,577 [WARN] PackLoader:240 - Cannot read IP mode file for STMicroelectronics.FP-SNS-MOTENVWB1.1.4.0
2024-04-19 14:23:00,581 [WARN] PackLoader:240 - Cannot read IP mode file for STMicroelectronics.X-CUBE-SMBUS.2.1.0
2024-04-19 14:23:00,585 [WARN] PackLoader:240 - Cannot read IP mode file for STMicroelectronics.X-CUBE-TOUCHGFX.4.23.1
2024-04-19 14:23:00,592 [WARN] PackLoader:240 - Cannot read IP mode file for STMicroelectronics.X-CUBE-TOUCHGFX.4.23.0
2024-04-19 14:23:00,643 [WARN] PackLoader:240 - Cannot read IP mode file for STMicroelectronics.X-CUBE-TOUCHGFX.4.23.2
2024-04-19 14:23:00,672 [WARN] PackLoader:240 - Cannot read IP mode file for STMicroelectronics.X-CUBE-AZRTOS-F7.1.1.0
2024-04-19 14:23:00,683 [WARN] PackLoader:240 - Cannot read IP mode file for STMicroelectronics.FP-SNS-MOTENV1.4.3.2
2024-04-19 14:23:00,688 [WARN] PackLoader:240 - Cannot read IP mode file for STMicroelectronics.FP-SNS-FLIGHT1.5.0.2
2024-04-19 14:23:00,695 [WARN] PackLoader:240 - Cannot read IP mode file for STMicroelectronics.X-CUBE-DISPLAY.3.0.0
2024-04-19 14:23:00,705 [WARN] PackLoader:240 - Cannot read IP mode file for STMicroelectronics.X-CUBE-BLE1.7.0.0
2024-04-19 14:23:00,711 [WARN] PackLoader:240 - Cannot read IP mode file for emotas.I-CUBE-CANOPEN.1.3.0
2024-04-19 14:23:00,736 [WARN] PackLoader:240 - Cannot read IP mode file for STMicroelectronics.X-CUBE-TOUCHGFX.4.22.0
2024-04-19 14:23:00,764 [WARN] PackLoader:240 - Cannot read IP mode file for STMicroelectronics.X-CUBE-TOUCHGFX.4.22.1
2024-04-19 14:23:00,792 [WARN] PackLoader:240 - Cannot read IP mode file for STMicroelectronics.X-CUBE-BLEMGR.3.1.0
2024-04-19 14:23:00,799 [WARN] PackLoader:240 - Cannot read IP mode file for STMicroelectronics.FP-SNS-SMARTAG2.1.2.0
2024-04-19 14:23:00,809 [INFO] LogOutputStream:77 - [STDOUT_REDIRECT] 1 : Invalid condition id : UX_CORESTACK_Condition cause : null
2024-04-19 14:23:00,810 [INFO] LogOutputStream:77 - [STDOUT_REDIRECT] 1 : Invalid condition id : UX_CORESTACK_Condition cause : null
2024-04-19 14:23:00,811 [INFO] LogOutputStream:77 - [STDOUT_REDIRECT] 1 : Invalid condition id : UX_CORESTACK_Condition cause : null
2024-04-19 14:23:00,812 [INFO] LogOutputStream:77 - [STDOUT_REDIRECT] 1 : Invalid condition id : UX_CORESTACK_Condition cause : null
2024-04-19 14:23:00,812 [INFO] LogOutputStream:77 - [STDOUT_REDIRECT] 1 : Invalid condition id : UX_CORESTACK_Condition cause : null
2024-04-19 14:23:00,816 [WARN] PackLoader:240 - Cannot read IP mode file for STMicroelectronics.X-CUBE-AZRTOS-WL.2.0.0
2024-04-19 14:23:00,822 [WARN] PackLoader:240 - Cannot read IP mode file for STMicroelectronics.FP-SNS-MOTENV1.5.0.0
2024-04-19 14:23:00,830 [WARN] PackLoader:240 - Cannot read IP mode file for WES.I-CUBE-Cesium.1.3.0
2024-04-19 14:23:00,862 [WARN] PackLoader:240 - Cannot read IP mode file for STMicroelectronics.X-CUBE-BLE2.3.3.0
2024-04-19 14:23:00,867 [WARN] PackLoader:240 - Cannot read IP mode file for STMicroelectronics.X-CUBE-TOUCHGFX.4.18.0
2024-04-19 14:23:00,894 [WARN] PackLoader:240 - Cannot read IP mode file for STMicroelectronics.X-CUBE-TCPP.4.1.0
2024-04-19 14:23:00,901 [WARN] PackLoader:240 - Cannot read IP mode file for STMicroelectronics.X-CUBE-TOUCHGFX.4.21.1
2024-04-19 14:23:00,932 [WARN] PackLoader:240 - Cannot read IP mode file for STMicroelectronics.X-CUBE-TOUCHGFX.4.21.0
2024-04-19 14:23:00,959 [WARN] PackLoader:240 - Cannot read IP mode file for STMicroelectronics.X-CUBE-TOUCHGFX.4.21.4
2024-04-19 14:23:00,987 [WARN] PackLoader:240 - Cannot read IP mode file for STMicroelectronics.X-CUBE-ALGOBUILD.1.3.0
2024-04-19 14:23:01,002 [WARN] PackLoader:240 - Cannot read IP mode file for STMicroelectronics.X-CUBE-AZRTOS-G0.1.1.0
2024-04-19 14:23:01,010 [WARN] PackLoader:240 - Cannot read IP mode file for STMicroelectronics.X-CUBE-SAFEA1.1.2.2
2024-04-19 14:23:01,017 [WARN] PackLoader:240 - Cannot read IP mode file for STMicroelectronics.X-CUBE-NFC4.3.0.0
2024-04-19 14:23:01,024 [WARN] PackLoader:240 - Cannot read IP mode file for STMicroelectronics.X-CUBE-BLEMGR.3.0.0
2024-04-19 14:23:01,028 [WARN] PackLoader:240 - Cannot read IP mode file for STMicroelectronics.FP-ATR-SIGFOX1.3.2.0
2024-04-19 14:23:01,034 [WARN] PackLoader:240 - Cannot read IP mode file for STMicroelectronics.X-CUBE-EEPRMA1.5.1.0
2024-04-19 14:23:01,058 [WARN] PackLoader:240 - Cannot read IP mode file for SEGGER.I-CUBE-embOS.1.3.1
2024-04-19 14:23:01,098 [WARN] PackLoader:240 - Cannot read IP mode file for STMicroelectronics.X-CUBE-GNSS1.6.0.0
2024-04-19 14:23:01,110 [WARN] PackLoader:240 - Cannot read IP mode file for STMicroelectronics.X-CUBE-AZRTOS-F4.1.1.0
2024-04-19 14:23:01,116 [WARN] PackLoader:240 - Cannot read IP mode file for wolfSSL.I-CUBE-wolfSSL.5.6.6
2024-04-19 14:23:01,129 [WARN] PackLoader:240 - Cannot read IP mode file for STMicroelectronics.X-CUBE-AZRTOS-L5.2.0.0
2024-04-19 14:23:01,136 [WARN] PackLoader:240 - Cannot read IP mode file for STMicroelectronics.X-CUBE-EEPRMA1.4.2.0
2024-04-19 14:23:01,143 [WARN] PackLoader:240 - Cannot read IP mode file for STMicroelectronics.X-CUBE-NFC6.3.1.0
2024-04-19 14:23:01,191 [WARN] PackLoader:240 - Cannot read IP mode file for ITTIA_DB.I-CUBE-ITTIADB.8.8.0
2024-04-19 14:23:01,225 [WARN] PackLoader:240 - Cannot read IP mode file for emotas.I-CUBE-CANOPEN.1.1.3
2024-04-19 14:23:01,255 [WARN] PackLoader:240 - Cannot read IP mode file for STMicroelectronics.X-CUBE-AI.9.0.0
2024-04-19 14:23:01,272 [WARN] ConditionMgr:438 - getConditionDescription Invalid condition id : UX DEVICE CLASS RTOS Condition cause : null
2024-04-19 14:23:01,273 [WARN] ConditionMgr:438 - getConditionDescription Invalid condition id : UX DEVICE CLASS RTOS Condition cause : null
2024-04-19 14:23:01,276 [WARN] PackLoader:240 - Cannot read IP mode file for STMicroelectronics.X-CUBE-AZRTOS-H7.3.1.0
2024-04-19 14:23:01,277 [WARN] ConditionMgr:1039 - genDependencies : Invalid condition id : UX DEVICE CLASS RTOS Condition cause : null
2024-04-19 14:23:01,277 [WARN] ConditionMgr:1039 - genDependencies : Invalid condition id : UX DEVICE CLASS RTOS Condition cause : null
2024-04-19 14:23:01,278 [WARN] ConditionMgr:1039 - genDependencies : Invalid condition id : UX DEVICE CLASS RTOS Condition cause : null
2024-04-19 14:23:01,278 [WARN] ConditionMgr:1039 - genDependencies : Invalid condition id : UX DEVICE CLASS RTOS Condition cause : null
2024-04-19 14:23:01,278 [WARN] ConditionMgr:1039 - genDependencies : Invalid condition id : UX DEVICE CLASS RTOS Condition cause : null
2024-04-19 14:23:01,284 [WARN] ConditionMgr:438 - getConditionDescription Invalid condition id : UX DEVICE CLASS RTOS Condition cause : null
2024-04-19 14:23:01,284 [WARN] ConditionMgr:438 - getConditionDescription Invalid condition id : UX DEVICE CLASS RTOS Condition cause : null
2024-04-19 14:23:01,415 [WARN] PackLoader:240 - Cannot read IP mode file for STMicroelectronics.X-CUBE-NFC7.1.0.1
2024-04-19 14:23:01,422 [WARN] PackLoader:240 - Cannot read IP mode file for STMicroelectronics.X-CUBE-NFC6.3.0.0
2024-04-19 14:23:01,426 [WARN] PackLoader:240 - Cannot read IP mode file for STMicroelectronics.X-CUBE-AI.8.1.0
2024-04-19 14:23:01,441 [WARN] ConditionMgr:438 - getConditionDescription Invalid condition id : LAN8742 Phy interface Condition cause : null
2024-04-19 14:23:01,442 [WARN] PackLoader:240 - Cannot read IP mode file for STMicroelectronics.X-CUBE-AZRTOS-L4.2.0.0
2024-04-19 14:23:01,442 [WARN] ConditionMgr:1039 - genDependencies : Invalid condition id : LAN8742 Phy interface Condition cause : null
2024-04-19 14:23:01,442 [WARN] ConditionMgr:1039 - genDependencies : Invalid condition id : LAN8742 Phy interface Condition cause : null
2024-04-19 14:23:01,443 [WARN] ConditionMgr:1039 - genDependencies : Invalid condition id : LAN8742 Phy interface Condition cause : null
2024-04-19 14:23:01,450 [WARN] PackLoader:240 - Cannot read IP mode file for STMicroelectronics.X-CUBE-SFXS2LP1.4.0.0
2024-04-19 14:23:01,462 [WARN] ConditionMgr:438 - getConditionDescription Invalid condition id : UX DEVICE CLASS RTOS Condition cause : null
2024-04-19 14:23:01,463 [WARN] ConditionMgr:438 - getConditionDescription Invalid condition id : UX DEVICE CLASS RTOS Condition cause : null
2024-04-19 14:23:01,465 [WARN] PackLoader:240 - Cannot read IP mode file for STMicroelectronics.X-CUBE-AZRTOS-WB.2.0.0
2024-04-19 14:23:01,466 [WARN] ConditionMgr:1039 - genDependencies : Invalid condition id : UX DEVICE CLASS RTOS Condition cause : null
2024-04-19 14:23:01,466 [WARN] ConditionMgr:1039 - genDependencies : Invalid condition id : UX DEVICE CLASS RTOS Condition cause : null
2024-04-19 14:23:01,466 [WARN] ConditionMgr:1039 - genDependencies : Invalid condition id : UX DEVICE CLASS RTOS Condition cause : null
2024-04-19 14:23:01,467 [WARN] ConditionMgr:1039 - genDependencies : Invalid condition id : UX DEVICE CLASS RTOS Condition cause : null
2024-04-19 14:23:01,467 [WARN] ConditionMgr:1039 - genDependencies : Invalid condition id : UX DEVICE CLASS RTOS Condition cause : null
2024-04-19 14:23:01,476 [WARN] PackLoader:240 - Cannot read IP mode file for STMicroelectronics.X-CUBE-SUBG2.5.0.0
2024-04-19 14:23:01,490 [WARN] PackLoader:240 - Cannot read IP mode file for STMicroelectronics.X-CUBE-TOF1.3.3.1
2024-04-19 14:23:01,540 [WARN] PackLoader:240 - Cannot read IP mode file for STMicroelectronics.X-CUBE-AZRTOS-G4.2.0.0
2024-04-19 14:23:01,551 [WARN] PackLoader:240 - Cannot read IP mode file for STMicroelectronics.X-CUBE-TOF1.3.3.0
2024-04-19 14:23:01,607 [WARN] PackLoader:240 - Cannot read IP mode file for Infineon.AIROC-Wi-Fi-Bluetooth-STM32.1.5.1
2024-04-19 14:23:01,614 [WARN] PackLoader:240 - Cannot read IP mode file for STMicroelectronics.FP-SNS-MOTENVWB1.1.3.1
2024-04-19 14:23:01,618 [WARN] PackLoader:240 - Cannot read IP mode file for STMicroelectronics.X-CUBE-ISPU.2.0.0
2024-04-19 14:23:01,649 [WARN] PackLoader:240 - Cannot read IP mode file for STMicroelectronics.X-CUBE-MEMS1.10.0.0
2024-04-19 14:23:01,784 [WARN] PackLoader:240 - Cannot read IP mode file for STMicroelectronics.X-CUBE-FREERTOS.1.1.0
2024-04-19 14:23:01,789 [WARN] PackLoader:240 - Cannot read IP mode file for portGmbH.I-Cube-SoM-uGOAL.1.1.0
2024-04-19 14:23:01,792 [WARN] PackLoader:240 - Cannot read IP mode file for STMicroelectronics.X-CUBE-ALS.1.0.1
2024-04-19 14:23:01,807 [WARN] PackLoader:240 - Cannot read IP mode file for STMicroelectronics.X-CUBE-AZRTOS-H7RS.1.0.0
2024-04-19 14:23:01,813 [WARN] PackLoader:240 - Cannot read IP mode file for STMicroelectronics.FP-ATR-ASTRA1.2.0.0
2024-04-19 14:23:01,822 [WARN] PackLoader:240 - Cannot read IP mode file for STMicroelectronics.X-CUBE-TOF1.3.4.0
2024-04-19 14:23:01,880 [WARN] PackLoader:240 - Cannot read IP mode file for STMicroelectronics.X-CUBE-TOF1.3.4.1
2024-04-19 14:23:01,903 [WARN] PackLoader:240 - Cannot read IP mode file for STMicroelectronics.X-CUBE-AZRTOS-H7.3.2.0
2024-04-19 14:23:01,966 [INFO] ThirdParty:978 - Integrity check success = true
2024-04-19 14:23:01,966 [INFO] IntegrityCheckThread:100 - exiting critical section [integrity check]
2024-04-19 14:23:01,966 [INFO] IntegrityCheckThread:103 - End integrity checks thread
2024-04-19 14:30:33,372 [ERROR] LogOutputStream:75 - [STDERR_REDIRECT] 
