2023-11-07 13:20:28,485 [INFO] Activator:176 - 


2023-11-07 13:20:28,490 [INFO] Activator:177 - !SESSION log4j initialized
2023-11-07 13:20:36,904 [INFO] LogOutputStream:77 - [STDOUT_REDIRECT] 
2023-11-07 13:20:39,806 [INFO] ApplicationProperties:184 - Using Application install path: C:\ST\STM32CubeIDE_1.12.0\STM32CubeIDE\plugins\com.st.stm32cube.common.mx_6.9.2.202309101412
2023-11-07 13:20:39,850 [INFO] DbMcusXml:78 - Set database path to: C:\ST\STM32CubeIDE_1.12.0\STM32CubeIDE\plugins\com.st.stm32cube.common.mx_6.9.2.202309101412\\db\/mcu/
2023-11-07 13:20:39,850 [INFO] ApiDb:274 - Set plugin database path to: C:\ST\STM32CubeIDE_1.12.0\STM32CubeIDE\plugins\com.st.stm32cube.common.mx_6.9.2.202309101412\\db\/plugins/boardmanager/
2023-11-07 13:20:39,851 [WARN] ApiDb:259 - Overriding images path with different value:  => C:\ST\STM32CubeIDE_1.12.0\STM32CubeIDE\plugins\com.st.stm32cube.common.mx_6.9.2.202309101412\\db\/plugins/mcufinder/images/
2023-11-07 13:20:39,869 [INFO] ApiDb:250 - Set database path to: C:\Users\user\.stmcufinder\plugins\mcufinder//mcu/
2023-11-07 13:20:39,871 [INFO] DbMcusAds:125 - Set database path to: C:\Users\user\.stmcufinder\plugins\mcufinder//mcu/
2023-11-07 13:20:39,873 [INFO] CrossReferenceDbSqlite:203 - Set database path to: C:\Users\user\.stmcufinder\plugins\mcufinder//mcu/cs/
2023-11-07 13:20:39,998 [INFO] RulesReader:64 - Compatibility file has been processed (293 Rules)
2023-11-07 13:20:40,099 [INFO] DbMcusXml:78 - Set database path to: C:\ST\STM32CubeIDE_1.12.0\STM32CubeIDE\plugins\com.st.stm32cube.common.mx_6.9.2.202309101412\\db\/mcu/
2023-11-07 13:20:40,099 [INFO] ApiDb:274 - Set plugin database path to: C:\ST\STM32CubeIDE_1.12.0\STM32CubeIDE\plugins\com.st.stm32cube.common.mx_6.9.2.202309101412\\db\/plugins/boardmanager/
2023-11-07 13:20:40,099 [INFO] ApiDb:261 - Set plugin images path to: C:\ST\STM32CubeIDE_1.12.0\STM32CubeIDE\plugins\com.st.stm32cube.common.mx_6.9.2.202309101412\\db\/plugins/mcufinder/images/
2023-11-07 13:20:40,100 [WARN] DbFile:41 - Overriding database path with different value: C:\Users\user\.stmcufinder\plugins\mcufinder/ => C:\Users\user\.stmcufinder\plugins\mcufinder
2023-11-07 13:20:40,100 [INFO] ApiDb:250 - Set database path to: C:\Users\user\.stmcufinder\plugins\mcufinder//mcu/
2023-11-07 13:20:40,100 [WARN] DbFile:41 - Overriding database path with different value: C:\Users\user\.stmcufinder\plugins\mcufinder/ => C:\Users\user\.stmcufinder\plugins\mcufinder
2023-11-07 13:20:40,100 [INFO] DbMcusAds:125 - Set database path to: C:\Users\user\.stmcufinder\plugins\mcufinder//mcu/
2023-11-07 13:20:40,100 [WARN] DbFile:41 - Overriding database path with different value: C:\Users\user\.stmcufinder\plugins\mcufinder/ => C:\Users\user\.stmcufinder\plugins\mcufinder
2023-11-07 13:20:40,100 [WARN] DbFile:41 - Overriding database path with different value: C:\Users\user\.stmcufinder\plugins\mcufinder/ => C:\Users\user\.stmcufinder\plugins\mcufinder
2023-11-07 13:20:40,101 [INFO] CrossReferenceDbSqlite:203 - Set database path to: C:\Users\user\.stmcufinder\plugins\mcufinder//mcu/cs/
2023-11-07 13:20:40,187 [INFO] MainPanel:262 - HeapMemory: 268435456
2023-11-07 13:20:40,399 [INFO] DbMcusXml:78 - Set database path to: C:\ST\STM32CubeIDE_1.12.0\STM32CubeIDE\plugins\com.st.stm32cube.common.mx_6.9.2.202309101412\\db\/mcu/
2023-11-07 13:20:40,399 [INFO] ApiDb:274 - Set plugin database path to: C:\ST\STM32CubeIDE_1.12.0\STM32CubeIDE\plugins\com.st.stm32cube.common.mx_6.9.2.202309101412\\db\/plugins/boardmanager/
2023-11-07 13:20:40,400 [INFO] ApiDb:261 - Set plugin images path to: C:\ST\STM32CubeIDE_1.12.0\STM32CubeIDE\plugins\com.st.stm32cube.common.mx_6.9.2.202309101412\\db\/plugins/mcufinder/images/
2023-11-07 13:20:40,400 [WARN] DbFile:41 - Overriding database path with different value: C:\Users\user\.stmcufinder\plugins\mcufinder/ => C:\Users\user\.stmcufinder\plugins\mcufinder
2023-11-07 13:20:40,401 [INFO] ApiDb:250 - Set database path to: C:\Users\user\.stmcufinder\plugins\mcufinder//mcu/
2023-11-07 13:20:40,401 [WARN] DbFile:41 - Overriding database path with different value: C:\Users\user\.stmcufinder\plugins\mcufinder/ => C:\Users\user\.stmcufinder\plugins\mcufinder
2023-11-07 13:20:40,401 [INFO] DbMcusAds:125 - Set database path to: C:\Users\user\.stmcufinder\plugins\mcufinder//mcu/
2023-11-07 13:20:40,401 [WARN] DbFile:41 - Overriding database path with different value: C:\Users\user\.stmcufinder\plugins\mcufinder/ => C:\Users\user\.stmcufinder\plugins\mcufinder
2023-11-07 13:20:40,401 [WARN] DbFile:41 - Overriding database path with different value: C:\Users\user\.stmcufinder\plugins\mcufinder/ => C:\Users\user\.stmcufinder\plugins\mcufinder
2023-11-07 13:20:40,403 [INFO] CrossReferenceDbSqlite:203 - Set database path to: C:\Users\user\.stmcufinder\plugins\mcufinder//mcu/cs/
2023-11-07 13:20:40,435 [INFO] ApplicationProperties:184 - Using Application install path: C:\ST\STM32CubeIDE_1.12.0\STM32CubeIDE\plugins\com.st.stm32cube.common.mx_6.9.2.202309101412
2023-11-07 13:20:40,438 [INFO] PluginManage:196 - Search for loadable plugins [exclusion list=, ]
2023-11-07 13:20:40,441 [INFO] PluginManage:310 - Check plugin analytics
2023-11-07 13:20:40,641 [INFO] AnalyticsPlugin:253 - Accepted Software Licenses: STM32CubeMX.6.8.0,STM32CubeMX.6.8.1,STM32CubeMX.6.5.0,STM32CubeMX.6.9.1,STM32CubeMX.6.9.2
2023-11-07 13:20:40,642 [INFO] AnalyticsPlugin:255 - Accepted CMSIS Pack Licenses: emotas.I-CUBE-CANOPEN.1.1.3,STMicroelectronics.X-CUBE-TOUCHGFX.4.21.0,STMicroelectronics.X-CUBE-TOUCHGFX.4.21.1,STMicroelectronics.X-CUBE-TOUCHGFX.4.18.0,STMicroelectronics.X-CUBE-TOUCHGFX.4.22.1
2023-11-07 13:20:40,642 [INFO] AnalyticsPlugin:257 - Accepted Firmware Licenses: FW.H7.1.11.0,FW.G0.1.6.0,FW.F4.1.27.0
2023-11-07 13:20:40,645 [INFO] PluginManage:359 - Loaded plugin analytics (category:tool,tabindex:-1)
2023-11-07 13:20:40,646 [INFO] PluginManage:310 - Check plugin cadmodel
2023-11-07 13:20:40,660 [INFO] CADModel:105 - Init CAD model plugin
2023-11-07 13:20:40,661 [INFO] PluginManage:359 - Loaded plugin cadmodel (category:power,tabindex:5)
2023-11-07 13:20:40,661 [INFO] PluginManage:310 - Check plugin clock
2023-11-07 13:20:40,684 [INFO] PluginManage:359 - Loaded plugin clock (category:base,tabindex:2)
2023-11-07 13:20:40,684 [INFO] PluginManage:310 - Check plugin ddr
2023-11-07 13:20:40,687 [INFO] PluginManage:359 - Loaded plugin ddr (category:tool,tabindex:6)
2023-11-07 13:20:40,687 [INFO] PluginManage:310 - Check plugin filemanager
2023-11-07 13:20:40,854 [INFO] PluginManage:359 - Loaded plugin filemanager (category:base,tabindex:10)
2023-11-07 13:20:40,854 [INFO] PluginManage:310 - Check plugin ipmanager
2023-11-07 13:20:40,866 [INFO] PluginManage:359 - Loaded plugin ipmanager (category:base,tabindex:5)
2023-11-07 13:20:40,867 [INFO] PluginManage:310 - Check plugin lpbam
2023-11-07 13:20:40,891 [INFO] PluginManage:359 - Loaded plugin lpbam (category:base,tabindex:0)
2023-11-07 13:20:40,891 [INFO] PluginManage:310 - Check plugin memorymap
2023-11-07 13:20:40,919 [INFO] PluginManage:359 - Loaded plugin memorymap (category:base,tabindex:4)
2023-11-07 13:20:40,919 [INFO] PluginManage:310 - Check plugin pinoutandconfiguration
2023-11-07 13:20:40,937 [INFO] PluginManage:359 - Loaded plugin pinoutandconfiguration (category:base,tabindex:1)
2023-11-07 13:20:40,938 [INFO] PluginManage:310 - Check plugin pinoutconfig
2023-11-07 13:20:41,053 [WARN] SupportedApi:132 - Cannot load RTOS API schema: s4s-elt-must-match.1: The content of 'definitions' must match (annotation?, (simpleType | complexType)?, (unique | key | keyref)*)). A problem was found starting at: attribute.
2023-11-07 13:20:41,213 [INFO] PluginManage:359 - Loaded plugin pinoutconfig (category:base,tabindex:0)
2023-11-07 13:20:41,213 [INFO] PluginManage:310 - Check plugin power
2023-11-07 13:20:41,240 [INFO] PluginManage:359 - Loaded plugin power (category:power,tabindex:4)
2023-11-07 13:20:41,240 [INFO] PluginManage:310 - Check plugin projectmanager
2023-11-07 13:20:41,258 [INFO] PluginManage:359 - Loaded plugin projectmanager (category:projectmanager,tabindex:3)
2023-11-07 13:20:41,258 [INFO] PluginManage:310 - Check plugin thirdparty
2023-11-07 13:20:41,596 [INFO] PluginManage:359 - Loaded plugin thirdparty (category:base,tabindex:-1)
2023-11-07 13:20:41,596 [WARN] IntegrityCheckThread:84 - waiting for thirdparty lock release [integrity check]
2023-11-07 13:20:41,597 [INFO] PluginManage:310 - Check plugin tools
2023-11-07 13:20:41,597 [INFO] IntegrityCheckThread:86 - entering critical section [integrity check]
2023-11-07 13:20:41,597 [INFO] ThirdPartyUpdaterWithRetryManager:70 - Updater plugin not ready yet. [1/15]
2023-11-07 13:20:41,656 [INFO] PluginManage:359 - Loaded plugin tools (category:base,tabindex:7)
2023-11-07 13:20:41,658 [INFO] PluginManage:310 - Check plugin tutovideos
2023-11-07 13:20:41,941 [INFO] PluginManage:359 - Loaded plugin tutovideos (category:base,tabindex:-1)
2023-11-07 13:20:41,942 [INFO] PluginManage:310 - Check plugin updater
2023-11-07 13:20:41,954 [INFO] PluginManage:359 - Loaded plugin updater (category:base,tabindex:12)
2023-11-07 13:20:41,954 [INFO] PluginManage:310 - Check plugin userauth
2023-11-07 13:20:41,963 [INFO] UserAuth:113 - Init User Auth plugin
2023-11-07 13:20:41,963 [INFO] PluginManage:359 - Loaded plugin userauth (category:base,tabindex:14)
2023-11-07 13:20:41,963 [INFO] PluginManage:283 - PluginManage : Loaded plugins [17]
2023-11-07 13:20:42,229 [INFO] PinOutPanel:1499 - setPackage(No Configuration,No Configuration)
2023-11-07 13:20:42,353 [INFO] CADModel:165 - CPN selected for project level
2023-11-07 13:20:42,353 [INFO] CADModel:114 - Register for checkConnection events
2023-11-07 13:20:42,380 [INFO] IPUIPlugin:80 - create IPUIPlugin
2023-11-07 13:20:42,380 [INFO] PluginManager:220 - loadIPPluginJar : add adc
2023-11-07 13:20:42,414 [INFO] IPUIPlugin:80 - create IPUIPlugin
2023-11-07 13:20:42,414 [INFO] PluginManager:220 - loadIPPluginJar : add aes
2023-11-07 13:20:42,454 [INFO] IPUIPlugin:80 - create IPUIPlugin
2023-11-07 13:20:42,454 [INFO] PluginManager:220 - loadIPPluginJar : add can
2023-11-07 13:20:42,476 [INFO] IPUIPlugin:80 - create IPUIPlugin
2023-11-07 13:20:42,476 [INFO] PluginManager:220 - loadIPPluginJar : add comp
2023-11-07 13:20:42,507 [INFO] IPUIPlugin:80 - create IPUIPlugin
2023-11-07 13:20:42,508 [INFO] PluginManager:220 - loadIPPluginJar : add cryp
2023-11-07 13:20:42,536 [INFO] IPUIPlugin:80 - create IPUIPlugin
2023-11-07 13:20:42,536 [INFO] PluginManager:220 - loadIPPluginJar : add dfsdm
2023-11-07 13:20:42,550 [INFO] IPUIPlugin:80 - create IPUIPlugin
2023-11-07 13:20:42,550 [INFO] PluginManager:220 - loadIPPluginJar : add dma
2023-11-07 13:20:42,591 [INFO] IPUIPlugin:80 - create IPUIPlugin
2023-11-07 13:20:42,591 [INFO] PluginManager:220 - loadIPPluginJar : add dma3
2023-11-07 13:20:42,611 [INFO] IPUIPlugin:80 - create IPUIPlugin
2023-11-07 13:20:42,611 [INFO] PluginManager:220 - loadIPPluginJar : add fatfs
2023-11-07 13:20:42,655 [INFO] IPUIPlugin:80 - create IPUIPlugin
2023-11-07 13:20:42,655 [INFO] PluginManager:220 - loadIPPluginJar : add fmc
2023-11-07 13:20:42,671 [INFO] IPUIPlugin:80 - create IPUIPlugin
2023-11-07 13:20:42,671 [INFO] PluginManager:220 - loadIPPluginJar : add freertos
2023-11-07 13:20:42,689 [INFO] IPUIPlugin:80 - create IPUIPlugin
2023-11-07 13:20:42,689 [INFO] PluginManager:220 - loadIPPluginJar : add genericplugin
2023-11-07 13:20:42,780 [INFO] IPUIPlugin:80 - create IPUIPlugin
2023-11-07 13:20:42,781 [INFO] PluginManager:220 - loadIPPluginJar : add gfxmmu
2023-11-07 13:20:42,906 [INFO] IPUIPlugin:80 - create IPUIPlugin
2023-11-07 13:20:42,906 [INFO] PluginManager:220 - loadIPPluginJar : add gic
2023-11-07 13:20:42,921 [INFO] IPUIPlugin:80 - create IPUIPlugin
2023-11-07 13:20:42,921 [INFO] PluginManager:220 - loadIPPluginJar : add gpio
2023-11-07 13:20:43,005 [INFO] IPUIPlugin:80 - create IPUIPlugin
2023-11-07 13:20:43,005 [INFO] PluginManager:220 - loadIPPluginJar : add gtzc
2023-11-07 13:20:43,035 [INFO] IPUIPlugin:80 - create IPUIPlugin
2023-11-07 13:20:43,035 [INFO] PluginManager:220 - loadIPPluginJar : add hash
2023-11-07 13:20:43,087 [INFO] IPUIPlugin:80 - create IPUIPlugin
2023-11-07 13:20:43,087 [INFO] PluginManager:220 - loadIPPluginJar : add i2c
2023-11-07 13:20:43,124 [INFO] IPUIPlugin:80 - create IPUIPlugin
2023-11-07 13:20:43,124 [INFO] PluginManager:220 - loadIPPluginJar : add i2s
2023-11-07 13:20:43,165 [INFO] IPUIPlugin:80 - create IPUIPlugin
2023-11-07 13:20:43,165 [INFO] PluginManager:220 - loadIPPluginJar : add i3c
2023-11-07 13:20:43,265 [INFO] IPUIPlugin:80 - create IPUIPlugin
2023-11-07 13:20:43,265 [INFO] PluginManager:220 - loadIPPluginJar : add ipddr
2023-11-07 13:20:43,354 [INFO] IPUIPlugin:80 - create IPUIPlugin
2023-11-07 13:20:43,354 [INFO] PluginManager:220 - loadIPPluginJar : add linkedlist
2023-11-07 13:20:43,385 [INFO] IPUIPlugin:80 - create IPUIPlugin
2023-11-07 13:20:43,385 [INFO] PluginManager:220 - loadIPPluginJar : add lorawan
2023-11-07 13:20:43,420 [INFO] IPUIPlugin:80 - create IPUIPlugin
2023-11-07 13:20:43,421 [INFO] PluginManager:220 - loadIPPluginJar : add ltdc
2023-11-07 13:20:43,436 [INFO] IPUIPlugin:80 - create IPUIPlugin
2023-11-07 13:20:43,436 [INFO] PluginManager:220 - loadIPPluginJar : add mdma
2023-11-07 13:20:43,448 [INFO] IPUIPlugin:80 - create IPUIPlugin
2023-11-07 13:20:43,449 [INFO] PluginManager:220 - loadIPPluginJar : add nvic
2023-11-07 13:20:43,482 [INFO] IPUIPlugin:80 - create IPUIPlugin
2023-11-07 13:20:43,483 [INFO] PluginManager:220 - loadIPPluginJar : add opamp
2023-11-07 13:20:43,538 [INFO] IPUIPlugin:80 - create IPUIPlugin
2023-11-07 13:20:43,539 [INFO] PluginManager:220 - loadIPPluginJar : add openamp
2023-11-07 13:20:43,581 [INFO] IPUIPlugin:80 - create IPUIPlugin
2023-11-07 13:20:43,581 [INFO] PluginManager:220 - loadIPPluginJar : add pdm2pcm
2023-11-07 13:20:43,596 [INFO] IPUIPlugin:80 - create IPUIPlugin
2023-11-07 13:20:43,599 [INFO] PluginManager:220 - loadIPPluginJar : add plateformsettings
2023-11-07 13:20:43,621 [INFO] IPUIPlugin:80 - create IPUIPlugin
2023-11-07 13:20:43,621 [INFO] PluginManager:220 - loadIPPluginJar : add quadspi
2023-11-07 13:20:43,633 [INFO] IPUIPlugin:80 - create IPUIPlugin
2023-11-07 13:20:43,633 [INFO] PluginManager:220 - loadIPPluginJar : add resmgrutility
2023-11-07 13:20:43,678 [INFO] IPUIPlugin:80 - create IPUIPlugin
2023-11-07 13:20:43,678 [INFO] PluginManager:220 - loadIPPluginJar : add sai
2023-11-07 13:20:43,714 [INFO] IPUIPlugin:80 - create IPUIPlugin
2023-11-07 13:20:43,714 [INFO] PluginManager:220 - loadIPPluginJar : add spi
2023-11-07 13:20:43,783 [INFO] IPUIPlugin:80 - create IPUIPlugin
2023-11-07 13:20:43,784 [INFO] PluginManager:220 - loadIPPluginJar : add stm32_wpan
2023-11-07 13:20:43,816 [INFO] IPUIPlugin:80 - create IPUIPlugin
2023-11-07 13:20:43,818 [INFO] PluginManager:220 - loadIPPluginJar : add tim
2023-11-07 13:20:43,882 [INFO] IPUIPlugin:80 - create IPUIPlugin
2023-11-07 13:20:43,882 [INFO] PluginManager:220 - loadIPPluginJar : add touchsensing
2023-11-07 13:20:43,903 [INFO] IPUIPlugin:80 - create IPUIPlugin
2023-11-07 13:20:43,903 [INFO] PluginManager:220 - loadIPPluginJar : add tracer_emb
2023-11-07 13:20:43,927 [INFO] IPUIPlugin:80 - create IPUIPlugin
2023-11-07 13:20:43,927 [INFO] PluginManager:220 - loadIPPluginJar : add ts
2023-11-07 13:20:43,948 [INFO] IPUIPlugin:80 - create IPUIPlugin
2023-11-07 13:20:43,948 [INFO] PluginManager:220 - loadIPPluginJar : add tsc
2023-11-07 13:20:43,971 [INFO] IPUIPlugin:80 - create IPUIPlugin
2023-11-07 13:20:43,971 [INFO] PluginManager:220 - loadIPPluginJar : add ucpd
2023-11-07 13:20:44,014 [INFO] IPUIPlugin:80 - create IPUIPlugin
2023-11-07 13:20:44,014 [INFO] PluginManager:220 - loadIPPluginJar : add usart
2023-11-07 13:20:44,056 [INFO] IPUIPlugin:80 - create IPUIPlugin
2023-11-07 13:20:44,056 [INFO] PluginManager:220 - loadIPPluginJar : add usbx
2023-11-07 13:20:44,190 [INFO] CADModel:165 - CPN selected for project level
2023-11-07 13:20:44,191 [INFO] CADModel:114 - Register for checkConnection events
2023-11-07 13:20:44,191 [FATAL] Updater:308 - Updater called before beeing initialized
2023-11-07 13:20:44,191 [ERROR] CADModel:125 - Updater not yet initialized, retry later 
2023-11-07 13:20:44,362 [INFO] CADModel:165 - CPN selected for project level
2023-11-07 13:20:44,362 [INFO] CADModel:114 - Register for checkConnection events
2023-11-07 13:20:44,362 [FATAL] Updater:308 - Updater called before beeing initialized
2023-11-07 13:20:44,362 [ERROR] CADModel:125 - Updater not yet initialized, retry later 
2023-11-07 13:20:44,367 [FATAL] Updater:308 - Updater called before beeing initialized
2023-11-07 13:20:44,485 [FATAL] Updater:308 - Updater called before beeing initialized
2023-11-07 13:20:44,496 [INFO] DbMcusAds:53 - JSON generation date=Tue Mar 07 15:50:55 ICT 2023 (1678179055335)
2023-11-07 13:20:44,497 [FATAL] Updater:308 - Updater called before beeing initialized
2023-11-07 13:20:44,538 [WARN] DetailPanel:346 - Failed to get advertising image, set to default
2023-11-07 13:20:44,598 [INFO] ThirdPartyUpdaterWithRetryManager:70 - Updater plugin not ready yet. [2/15]
2023-11-07 13:20:44,635 [FATAL] Updater:308 - Updater called before beeing initialized
2023-11-07 13:20:44,638 [FATAL] Updater:308 - Updater called before beeing initialized
2023-11-07 13:20:44,639 [FATAL] Updater:308 - Updater called before beeing initialized
2023-11-07 13:20:44,639 [WARN] DetailPanel:346 - Failed to get advertising image, set to default
2023-11-07 13:20:44,640 [FATAL] Updater:308 - Updater called before beeing initialized
2023-11-07 13:20:44,727 [ERROR] Updater:1120 - MainUpdater not yet initialized. External WinMGr cannot be set.
2023-11-07 13:20:44,740 [INFO] Updater:1056 - Updater Version found : 6.9.2
2023-11-07 13:20:44,765 [INFO] ApplicationProperties:184 - Using Application install path: C:\ST\STM32CubeIDE_1.12.0\STM32CubeIDE\plugins\com.st.stm32cube.common.mx_6.9.2.202309101412
2023-11-07 13:20:45,416 [INFO] MainUpdater:2868 - connection check result : 10
2023-11-07 13:20:45,416 [INFO] MainUpdater:3562 - Updater definition file requires update
2023-11-07 13:20:45,417 [INFO] MainUpdater:285 - Updater Check For Update Now.
2023-11-07 13:20:45,418 [INFO] MicroXplorer:498 - Change Database Version : DB.6.0.92
2023-11-07 13:20:45,437 [INFO] McuFinderGlobals:63 - Set McuFinder mode to 2 (CubeIDE integrated)
2023-11-07 13:20:45,437 [INFO] UserAuth:179 - activating auth plugin
2023-11-07 13:20:45,441 [INFO] UserAuth:393 - Internet connection configuration mode: 1
2023-11-07 13:20:45,454 [INFO] ServerAccessManage:473 - Download File updaters.zip
2023-11-07 13:20:45,500 [INFO] JxBrowserEngine:151 - Initiate JxBrowser Engine with user profile folder
2023-11-07 13:20:45,561 [INFO] FileExtend:240 - Unzip File : updaters.zip
2023-11-07 13:20:45,561 [INFO] FileExtend:255 - Standard Zip Deflate
2023-11-07 13:20:45,893 [INFO] ServerAccessManage:473 - Download File PacksControlFlags.xml
2023-11-07 13:20:46,018 [INFO] ServerAccessManage:473 - Download File cubemx.pidx
2023-11-07 13:20:46,209 [INFO] LoadServerUpdatesThread:373 - End of LoadServerUpdate Thread
2023-11-07 13:20:46,518 [INFO] CheckServerUpdateThread:120 - End of CheckServer Thread
2023-11-07 13:20:47,881 [WARN] PackLoader:240 - Cannot read IP mode file for STMicroelectronics.X-CUBE-SMBUS.2.1.0
2023-11-07 13:20:47,943 [WARN] PackLoader:240 - Cannot read IP mode file for STMicroelectronics.X-CUBE-AZRTOS-F7.1.1.0
2023-11-07 13:20:47,968 [INFO] McuFinderGlobals:63 - Set McuFinder mode to 2 (CubeIDE integrated)
2023-11-07 13:20:47,985 [WARN] PackLoader:240 - Cannot read IP mode file for STMicroelectronics.FP-SNS-MOTENV1.4.3.2
2023-11-07 13:20:48,014 [WARN] PackLoader:240 - Cannot read IP mode file for STMicroelectronics.X-CUBE-BLE1.6.2.4
2023-11-07 13:20:48,030 [INFO] MainUpdater:2868 - connection check result : 10
2023-11-07 13:20:48,038 [INFO] MainUpdater:2868 - connection check result : 10
2023-11-07 13:20:48,040 [WARN] PackLoader:240 - Cannot read IP mode file for STMicroelectronics.FP-SNS-FLIGHT1.5.0.2
2023-11-07 13:20:48,127 [WARN] PackLoader:240 - Cannot read IP mode file for STMicroelectronics.X-CUBE-DISPLAY.3.0.0
2023-11-07 13:20:48,178 [WARN] PackLoader:240 - Cannot read IP mode file for STMicroelectronics.X-CUBE-BLE1.7.0.0
2023-11-07 13:20:48,205 [WARN] PackLoader:240 - Cannot read IP mode file for emotas.I-CUBE-CANOPEN.1.3.0
2023-11-07 13:20:48,343 [WARN] PackLoader:240 - Cannot read IP mode file for STMicroelectronics.X-CUBE-TOUCHGFX.4.22.0
2023-11-07 13:20:48,467 [WARN] PackLoader:240 - Cannot read IP mode file for STMicroelectronics.X-CUBE-TOUCHGFX.4.22.1
2023-11-07 13:20:48,558 [WARN] PackLoader:240 - Cannot read IP mode file for STMicroelectronics.FP-SNS-SMARTAG2.1.2.0
2023-11-07 13:20:48,586 [INFO] LogOutputStream:77 - [STDOUT_REDIRECT] 1 : Invalid condition id : UX_CORESTACK_Condition cause : null
2023-11-07 13:20:48,588 [INFO] LogOutputStream:77 - [STDOUT_REDIRECT] 1 : Invalid condition id : UX_CORESTACK_Condition cause : null
2023-11-07 13:20:48,589 [INFO] LogOutputStream:77 - [STDOUT_REDIRECT] 1 : Invalid condition id : UX_CORESTACK_Condition cause : null
2023-11-07 13:20:48,590 [INFO] LogOutputStream:77 - [STDOUT_REDIRECT] 1 : Invalid condition id : UX_CORESTACK_Condition cause : null
2023-11-07 13:20:48,592 [INFO] LogOutputStream:77 - [STDOUT_REDIRECT] 1 : Invalid condition id : UX_CORESTACK_Condition cause : null
2023-11-07 13:20:48,599 [WARN] PackLoader:240 - Cannot read IP mode file for STMicroelectronics.X-CUBE-AZRTOS-WL.2.0.0
2023-11-07 13:20:48,619 [INFO] MicroXplorer:468 - Change Database Path : 
2023-11-07 13:20:48,620 [INFO] MicroXplorer:498 - Change Database Version : DB.6.0.92
2023-11-07 13:20:48,624 [WARN] PackLoader:240 - Cannot read IP mode file for WES.I-CUBE-Cesium.1.3.0
2023-11-07 13:20:48,624 [WARN] ThirdParty:871 - waiting for thirdparty lock release [close project]
2023-11-07 13:20:48,660 [WARN] PackLoader:240 - Cannot read IP mode file for STMicroelectronics.X-CUBE-BLE2.3.3.0
2023-11-07 13:20:48,747 [WARN] PackLoader:240 - Cannot read IP mode file for STMicroelectronics.X-CUBE-TOUCHGFX.4.18.0
2023-11-07 13:20:49,291 [WARN] PackLoader:240 - Cannot read IP mode file for STMicroelectronics.X-CUBE-TOUCHGFX.4.21.1
2023-11-07 13:20:49,399 [WARN] PackLoader:240 - Cannot read IP mode file for STMicroelectronics.X-CUBE-TOUCHGFX.4.21.0
2023-11-07 13:20:49,493 [WARN] PackLoader:240 - Cannot read IP mode file for STMicroelectronics.X-CUBE-TOUCHGFX.4.21.4
2023-11-07 13:20:49,581 [WARN] PackLoader:240 - Cannot read IP mode file for STMicroelectronics.X-CUBE-ALGOBUILD.1.3.0
2023-11-07 13:20:49,633 [WARN] PackLoader:240 - Cannot read IP mode file for STMicroelectronics.X-CUBE-AZRTOS-G0.1.1.0
2023-11-07 13:20:49,653 [WARN] PackLoader:240 - Cannot read IP mode file for STMicroelectronics.X-CUBE-NFC4.3.0.0
2023-11-07 13:20:49,682 [WARN] PackLoader:240 - Cannot read IP mode file for STMicroelectronics.X-CUBE-BLEMGR.3.0.0
2023-11-07 13:20:49,708 [WARN] PackLoader:240 - Cannot read IP mode file for STMicroelectronics.FP-ATR-SIGFOX1.3.2.0
2023-11-07 13:20:49,766 [WARN] PackLoader:240 - Cannot read IP mode file for SEGGER.I-CUBE-embOS.1.3.1
2023-11-07 13:20:49,827 [WARN] PackLoader:240 - Cannot read IP mode file for STMicroelectronics.X-CUBE-GNSS1.6.0.0
2023-11-07 13:20:49,870 [WARN] PackLoader:240 - Cannot read IP mode file for STMicroelectronics.X-CUBE-AZRTOS-F4.1.1.0
2023-11-07 13:20:49,891 [WARN] PackLoader:240 - Cannot read IP mode file for wolfSSL.I-CUBE-wolfSSL.5.6.3
2023-11-07 13:20:49,928 [WARN] PackLoader:240 - Cannot read IP mode file for STMicroelectronics.X-CUBE-AZRTOS-L5.2.0.0
2023-11-07 13:20:49,996 [WARN] PackLoader:240 - Cannot read IP mode file for STMicroelectronics.X-CUBE-MEMS1.9.6.0
2023-11-07 13:20:50,239 [WARN] PackLoader:240 - Cannot read IP mode file for STMicroelectronics.X-CUBE-EEPRMA1.4.2.0
2023-11-07 13:20:50,321 [WARN] PackLoader:240 - Cannot read IP mode file for ITTIA_DB.I-CUBE-ITTIADB.8.8.0
2023-11-07 13:20:50,344 [WARN] PackLoader:240 - Cannot read IP mode file for emotas.I-CUBE-CANOPEN.1.1.3
2023-11-07 13:20:50,419 [WARN] PackLoader:240 - Cannot read IP mode file for STMicroelectronics.X-CUBE-BLEMGR.2.0.0
2023-11-07 13:20:50,454 [WARN] ConditionMgr:438 - getConditionDescription Invalid condition id : UX DEVICE CLASS RTOS Condition cause : null
2023-11-07 13:20:50,454 [WARN] ConditionMgr:438 - getConditionDescription Invalid condition id : UX DEVICE CLASS RTOS Condition cause : null
2023-11-07 13:20:50,458 [WARN] PackLoader:240 - Cannot read IP mode file for STMicroelectronics.X-CUBE-AZRTOS-H7.3.1.0
2023-11-07 13:20:50,460 [WARN] ConditionMgr:1039 - genDependencies : Invalid condition id : UX DEVICE CLASS RTOS Condition cause : null
2023-11-07 13:20:50,460 [WARN] ConditionMgr:1039 - genDependencies : Invalid condition id : UX DEVICE CLASS RTOS Condition cause : null
2023-11-07 13:20:50,461 [WARN] ConditionMgr:1039 - genDependencies : Invalid condition id : UX DEVICE CLASS RTOS Condition cause : null
2023-11-07 13:20:50,461 [WARN] ConditionMgr:1039 - genDependencies : Invalid condition id : UX DEVICE CLASS RTOS Condition cause : null
2023-11-07 13:20:50,462 [WARN] ConditionMgr:1039 - genDependencies : Invalid condition id : UX DEVICE CLASS RTOS Condition cause : null
2023-11-07 13:20:50,479 [WARN] PackLoader:240 - Cannot read IP mode file for STMicroelectronics.X-CUBE-NFC7.1.0.1
2023-11-07 13:20:50,497 [WARN] PackLoader:240 - Cannot read IP mode file for STMicroelectronics.X-CUBE-NFC6.3.0.0
2023-11-07 13:20:50,523 [WARN] PackLoader:240 - Cannot read IP mode file for STMicroelectronics.X-CUBE-EEPRMA1.4.1.0
2023-11-07 13:20:50,547 [WARN] PackLoader:240 - Cannot read IP mode file for STMicroelectronics.X-CUBE-AI.8.1.0
2023-11-07 13:20:50,586 [WARN] ConditionMgr:438 - getConditionDescription Invalid condition id : LAN8742 Phy interface Condition cause : null
2023-11-07 13:20:50,588 [WARN] PackLoader:240 - Cannot read IP mode file for STMicroelectronics.X-CUBE-AZRTOS-L4.2.0.0
2023-11-07 13:20:50,590 [WARN] ConditionMgr:1039 - genDependencies : Invalid condition id : LAN8742 Phy interface Condition cause : null
2023-11-07 13:20:50,593 [WARN] ConditionMgr:1039 - genDependencies : Invalid condition id : LAN8742 Phy interface Condition cause : null
2023-11-07 13:20:50,594 [WARN] ConditionMgr:1039 - genDependencies : Invalid condition id : LAN8742 Phy interface Condition cause : null
2023-11-07 13:20:50,625 [WARN] PackLoader:240 - Cannot read IP mode file for STMicroelectronics.X-CUBE-SFXS2LP1.4.0.0
2023-11-07 13:20:50,652 [WARN] PackLoader:240 - Cannot read IP mode file for STMicroelectronics.X-CUBE-ISPU.1.1.0
2023-11-07 13:20:50,746 [WARN] ConditionMgr:438 - getConditionDescription Invalid condition id : UX DEVICE CLASS RTOS Condition cause : null
2023-11-07 13:20:50,746 [WARN] ConditionMgr:438 - getConditionDescription Invalid condition id : UX DEVICE CLASS RTOS Condition cause : null
2023-11-07 13:20:50,749 [WARN] PackLoader:240 - Cannot read IP mode file for STMicroelectronics.X-CUBE-AZRTOS-WB.2.0.0
2023-11-07 13:20:50,750 [WARN] ConditionMgr:1039 - genDependencies : Invalid condition id : UX DEVICE CLASS RTOS Condition cause : null
2023-11-07 13:20:50,751 [WARN] ConditionMgr:1039 - genDependencies : Invalid condition id : UX DEVICE CLASS RTOS Condition cause : null
2023-11-07 13:20:50,751 [WARN] ConditionMgr:1039 - genDependencies : Invalid condition id : UX DEVICE CLASS RTOS Condition cause : null
2023-11-07 13:20:50,752 [WARN] ConditionMgr:1039 - genDependencies : Invalid condition id : UX DEVICE CLASS RTOS Condition cause : null
2023-11-07 13:20:50,752 [WARN] ConditionMgr:1039 - genDependencies : Invalid condition id : UX DEVICE CLASS RTOS Condition cause : null
2023-11-07 13:20:50,775 [WARN] PackLoader:240 - Cannot read IP mode file for STMicroelectronics.X-CUBE-FREERTOS.1.0.1
2023-11-07 13:20:50,810 [WARN] PackLoader:240 - Cannot read IP mode file for STMicroelectronics.X-CUBE-AZRTOS-L5.1.1.0
2023-11-07 13:20:50,826 [WARN] PackLoader:240 - Cannot read IP mode file for STMicroelectronics.X-CUBE-AI.8.0.1
2023-11-07 13:20:50,856 [WARN] PackLoader:240 - Cannot read IP mode file for STMicroelectronics.X-CUBE-SUBG2.5.0.0
2023-11-07 13:20:50,891 [WARN] PackLoader:240 - Cannot read IP mode file for STMicroelectronics.X-CUBE-TOF1.3.3.1
2023-11-07 13:20:51,011 [WARN] PackLoader:240 - Cannot read IP mode file for STMicroelectronics.X-CUBE-AZRTOS-G4.2.0.0
2023-11-07 13:20:51,042 [WARN] PackLoader:240 - Cannot read IP mode file for STMicroelectronics.X-CUBE-TOF1.3.3.0
2023-11-07 13:20:51,242 [WARN] PackLoader:240 - Cannot read IP mode file for Infineon.AIROC-Wi-Fi-Bluetooth-STM32.1.5.1
2023-11-07 13:20:51,350 [WARN] PackLoader:240 - Cannot read IP mode file for STMicroelectronics.X-CUBE-MEMS1.10.0.0
2023-11-07 13:20:51,509 [WARN] PackLoader:240 - Cannot read IP mode file for STMicroelectronics.X-CUBE-FREERTOS.1.1.0
2023-11-07 13:20:51,562 [WARN] PackLoader:240 - Cannot read IP mode file for portGmbH.I-Cube-SoM-uGOAL.1.1.0
2023-11-07 13:20:51,694 [WARN] PackLoader:240 - Cannot read IP mode file for STMicroelectronics.X-CUBE-ALS.1.0.1
2023-11-07 13:20:51,728 [WARN] PackLoader:240 - Cannot read IP mode file for STMicroelectronics.X-CUBE-AZRTOS-WB.1.1.0
2023-11-07 13:20:51,745 [WARN] PackLoader:240 - Cannot read IP mode file for STMicroelectronics.FP-ATR-ASTRA1.2.0.0
2023-11-07 13:20:51,748 [INFO] ThirdParty:978 - Integrity check success = true
2023-11-07 13:20:51,748 [INFO] IntegrityCheckThread:100 - exiting critical section [integrity check]
2023-11-07 13:20:51,748 [INFO] ThirdParty:873 - entering critical section [close project]
2023-11-07 13:20:51,748 [INFO] IntegrityCheckThread:103 - End integrity checks thread
2023-11-07 13:20:51,750 [INFO] ThirdParty:883 - exiting critical section [close project]
2023-11-07 13:20:51,753 [INFO] PinOutPanel:1499 - setPackage(No Configuration,No Configuration)
2023-11-07 13:20:51,760 [INFO] UtilMem:75 - Begin LoadConfig() Used Memory: 202923144 Bytes (591396864)
2023-11-07 13:20:51,763 [INFO] MicroXplorer:468 - Change Database Path : 
2023-11-07 13:20:51,763 [INFO] MicroXplorer:498 - Change Database Version : DB.6.0.92
2023-11-07 13:20:51,763 [INFO] OpenFileManager:308 - Change cursor
2023-11-07 13:20:51,957 [INFO] Mcu:1946 - Initializing MCU STM32F103C(8-B)Tx STM32F103C8Tx STM32F103C8T6
2023-11-07 13:20:53,046 [INFO] WebApp:157 - Instantiating new browser for Auth
2023-11-07 13:20:54,118 [INFO] Context:659 - Trying to add GPIOservice into a context  which must be forbidden
2023-11-07 13:20:54,907 [INFO] RtosManager:555 - Registered RTOS mode: class=CMSIS, group=RTOS, mode=CMSIS_V1, owner=FREERTOS
2023-11-07 13:20:54,907 [INFO] RtosManager:555 - Registered RTOS mode: class=CMSIS, group=RTOS2, mode=CMSIS_V2, owner=FREERTOS
2023-11-07 13:20:54,907 [INFO] RtosManager:555 - Registered RTOS mode: class=RTOS, group=Core, mode=CMSIS_V1, owner=FREERTOS
2023-11-07 13:20:54,907 [INFO] RtosManager:555 - Registered RTOS mode: class=RTOS, group=Core, mode=CMSIS_V2, owner=FREERTOS
2023-11-07 13:20:54,907 [WARN] ModelIntegratedComponent:184 - Missing modes for component STMicroelectronics:FreeRTOS:0.0.1:STMicroelectronics:RTOS:FreeRTOS:Core:::10.2.0:
2023-11-07 13:20:54,942 [WARN] ModelIntegratedComponent:63 - No mode defined for component null
2023-11-07 13:20:54,943 [WARN] ModelIntegratedComponent:63 - No mode defined for component null
2023-11-07 13:20:54,943 [WARN] ModelIntegratedComponent:63 - No mode defined for component null
2023-11-07 13:20:54,943 [WARN] ModelIntegratedComponent:63 - No mode defined for component null
2023-11-07 13:20:54,943 [WARN] ModelIntegratedComponent:63 - No mode defined for component null
2023-11-07 13:20:54,943 [WARN] ModelIntegratedComponent:63 - No mode defined for component null
2023-11-07 13:20:54,943 [WARN] ModelIntegratedComponent:63 - No mode defined for component null
2023-11-07 13:20:54,943 [WARN] ModelIntegratedComponent:63 - No mode defined for component null
2023-11-07 13:20:54,943 [WARN] ModelIntegratedComponent:63 - No mode defined for component null
2023-11-07 13:20:54,943 [WARN] ModelIntegratedComponent:63 - No mode defined for component null
2023-11-07 13:20:54,943 [WARN] ModelIntegratedComponent:63 - No mode defined for component null
2023-11-07 13:20:54,943 [WARN] ModelIntegratedComponent:63 - No mode defined for component null
2023-11-07 13:20:54,943 [WARN] ModelIntegratedComponent:63 - No mode defined for component null
2023-11-07 13:20:54,943 [WARN] ModelIntegratedComponent:63 - No mode defined for component null
2023-11-07 13:20:54,944 [WARN] ModelIntegratedComponent:63 - No mode defined for component null
2023-11-07 13:20:54,944 [WARN] ModelIntegratedComponent:63 - No mode defined for component null
2023-11-07 13:20:54,944 [WARN] ModelIntegratedComponent:63 - No mode defined for component null
2023-11-07 13:20:54,944 [WARN] ModelIntegratedComponent:63 - No mode defined for component null
2023-11-07 13:20:54,944 [WARN] ModelIntegratedComponent:63 - No mode defined for component null
2023-11-07 13:20:54,944 [WARN] ModelIntegratedComponent:63 - No mode defined for component null
2023-11-07 13:20:54,944 [WARN] ModelIntegratedComponent:63 - No mode defined for component null
2023-11-07 13:20:54,944 [WARN] ModelIntegratedComponent:63 - No mode defined for component null
2023-11-07 13:20:54,944 [WARN] ModelIntegratedComponent:63 - No mode defined for component null
2023-11-07 13:20:54,944 [WARN] ModelIntegratedComponent:63 - No mode defined for component null
2023-11-07 13:20:54,944 [WARN] ModelIntegratedComponent:63 - No mode defined for component null
2023-11-07 13:20:54,944 [WARN] ModelIntegratedComponent:63 - No mode defined for component null
2023-11-07 13:20:54,944 [WARN] ModelIntegratedComponent:63 - No mode defined for component null
2023-11-07 13:20:54,944 [WARN] ModelIntegratedComponent:63 - No mode defined for component null
2023-11-07 13:20:54,944 [WARN] ModelIntegratedComponent:63 - No mode defined for component null
2023-11-07 13:20:54,944 [WARN] ModelIntegratedComponent:63 - No mode defined for component null
2023-11-07 13:20:54,944 [WARN] ModelIntegratedComponent:63 - No mode defined for component null
2023-11-07 13:20:54,944 [WARN] ModelIntegratedComponent:63 - No mode defined for component null
2023-11-07 13:20:54,944 [WARN] ModelIntegratedComponent:63 - No mode defined for component null
2023-11-07 13:20:55,169 [INFO] ThirdPartyModel:298 - Start build external matchings
2023-11-07 13:20:55,687 [INFO] WebApp:753 - Register for checkConnection events
2023-11-07 13:20:55,687 [INFO] WebApp:390 - Apply proxy settings
2023-11-07 13:20:55,688 [INFO] WebApp:475 - Chromium requires no authentication
2023-11-07 13:20:55,704 [INFO] WebApp:418 - Direct internet connection detected
2023-11-07 13:20:56,040 [INFO] ThirdPartyModel:316 - End build external matchings
2023-11-07 13:20:56,081 [INFO] ImportTextPane:194 - (OptionalMessage_ERROR) IP (RCC) : Parameter (ADCFreqValue) has invalid value (36000000)
2023-11-07 13:20:56,082 [INFO] ImportTextPane:194 - (OptionalMessage_ERROR) IP (RCC) : Invalid parameter (FamilyName)
2023-11-07 13:20:56,083 [INFO] ImportTextPane:194 - (OptionalMessage_ERROR) IP (RCC) : Parameter (MCOFreq_Value) has invalid value (72000000)
2023-11-07 13:20:56,083 [INFO] ImportTextPane:194 - (OptionalMessage_ERROR) IP (RCC) : Parameter (USBFreq_Value) has invalid value (72000000)
2023-11-07 13:20:56,135 [INFO] WebApp:188 - Starting web application
2023-11-07 13:20:56,135 [INFO] WebApp:520 - Web application path used C:\ST\STM32CubeIDE_1.12.0\STM32CubeIDE\plugins\com.st.stm32cube.common.mx_6.9.2.202309101412\db\plugins\mcufinder\reactClient1\index.html
2023-11-07 13:20:56,391 [INFO] UtilMem:75 - End LoadConfig() Used Memory: 314655944 Bytes (591396864)
2023-11-07 13:20:56,656 [INFO] ApiDb:581 - Connected to CubeFinder SQLite database (C:\Users\user\.stmcufinder\plugins\mcufinder\mcu\cube-finder-db.db)
2023-11-07 13:20:56,760 [INFO] ApiDb:668 - CubeFinder database Data Model version=2.1
2023-11-07 13:20:56,760 [INFO] ApiDb:669 - CubeFinder database Configuration version=3.0.37
2023-11-07 13:20:56,761 [INFO] ApiDb:670 - CubeFinder database generation date=2023-10-13 (1697197505)
2023-11-07 13:20:56,761 [INFO] ApiDb:671 - CubeFinder database FW Pack versions=[FP-ATR-ASTRA1_V2.0.0, FP-SNS-FLIGHT1_V5.0.1, FP-SNS-FLIGHT1_V5.0.2, FP-SNS-MOTENV1_V4.3.1, FP-SNS-MOTENV1_V4.3.2, FP-SNS-SMARTAG2_V1.2.0, I-CUBE-ITTIADB_V8.6.3-1, STM32Cube_FW_C0_V1.1.0, STM32Cube_FW_F4_V1.27.1, STM32Cube_FW_F7_V1.17.0, STM32Cube_FW_G0_V1.6.1, STM32Cube_FW_G4_V1.5.1, STM32Cube_FW_H5_V0.5.1, STM32Cube_FW_H5_V1.1.1, STM32Cube_FW_H7_V1.11.0, STM32Cube_FW_L0_V1.12.2, STM32Cube_FW_L5_V1.5.0, STM32Cube_FW_U5_V1.3.0, STM32Cube_FW_U5_V1.3.0RC4, STM32Cube_FW_WBA_V1.0.0RC1, STM32Cube_FW_WBA_V1.1.0RC1, STM32Cube_FW_WBA_V1.1.1, STM32Cube_FW_WB_V1.15.0RC1, STM32Cube_FW_WB_V1.16.0, STM32Cube_FW_WB_V1.16.0RC2, STM32Cube_FW_WB_V1.17.3, STM32Cube_FW_WL_V1.3.0, X-CUBE-ALGOBUILD_V1.3.0, X-CUBE-ALS_V1.0.1, X-CUBE-AZRTOS-F4_V1.1.0, X-CUBE-AZRTOS-F7_V1.1.0, X-CUBE-AZRTOS-G0_V1.1.0, X-CUBE-AZRTOS-G4_V2.0.0, X-CUBE-AZRTOS-H7_V3.1.0, X-CUBE-AZRTOS-L4_V1.0.0, X-CUBE-AZRTOS-L4_V2.0.0, X-CUBE-AZRTOS-L5_V1.1.0, X-CUBE-AZRTOS-WB_V2.0.0, X-CUBE-AZRTOS-WL_V2.0.0, X-CUBE-BLE1_V7.0.0, X-CUBE-BLE2_V3.3.0, X-CUBE-BLEMGR_V2.0.0, X-CUBE-EEPRMA1_V4.1.0, X-CUBE-FREERTOS_V1.1.0, X-CUBE-GNSS1_V6.0.0, X-CUBE-MEMS1_V10.0.0, X-CUBE-MEMS1_V9.1.0, X-CUBE-MEMS1_V9.4.0, X-CUBE-MEMS1_V9.6.0, X-CUBE-NFC4_V3.0.0, X-CUBE-NFC7_V1.0.1, X-CUBE-SFXS2LP1_V4.0.0, X-CUBE-SUBG2_V5.0.0, X-CUBE-TOF1_V3.3.1]
2023-11-07 13:20:59,432 [ERROR] LogOutputStream:75 - [STDERR_REDIRECT] SLF4J: Failed to load class "org.slf4j.impl.StaticLoggerBinder".
2023-11-07 13:20:59,435 [ERROR] LogOutputStream:75 - [STDERR_REDIRECT] SLF4J: Defaulting to no-operation (NOP) logger implementation
2023-11-07 13:20:59,437 [ERROR] LogOutputStream:75 - [STDERR_REDIRECT] SLF4J: See http://www.slf4j.org/codes.html#StaticLoggerBinder for further details.
2023-11-07 13:20:59,762 [INFO] ApiDb:240 - Found 323 in-development CPN: [B-G473E-ZEST1S, B-WB1M-WPAN1, B-WL5M-SUBG1, NUCLEO-C031C6, NUCLEO-H503RB, NUCLEO-H563ZI, NUCLEO-U545RE-Q, NUCLEO-U5A5ZJ-Q, NUCLEO-WBA52CG, STEVAL-PROTEUS1, STEVAL-SMARTAG2, STEVAL-STWINBX1, STM320518-EVAL, STM32C0116-DK, STM32C011D6Y3TR, STM32C011D6Y6TR, STM32C011F4P3, STM32C011F4P6, STM32C011F4U3, STM32C011F4U6TR, STM32C011F6P3, STM32C011F6P6, STM32C011F6U3, STM32C011F6U6TR, STM32C011J4M3, STM32C011J4M6, STM32C011J6M3, STM32C011J6M6, STM32C0316-DK, STM32C031C4T3, STM32C031C4T6, STM32C031C4U3, STM32C031C4U6, STM32C031C6T3, STM32C031C6T6, STM32C031C6U3, STM32C031C6U6, STM32C031F4P3, STM32C031F4P6, STM32C031F6P3, STM32C031F6P6, STM32C031G4U3, STM32C031G4U6, STM32C031G6U3, STM32C031G6U6, STM32C031K4T3, STM32C031K4T6, STM32C031K4U3, STM32C031K4U6, STM32C031K6T3, STM32C031K6T6, STM32C031K6U3, STM32C031K6U6, STM32G071K8TXN, STM32G071K8UXN, STM32G081GBU6N, STM32G081KBT6N, STM32G081KBUXN, STM32G0B1CCT6N, STM32G0B1KCT6, STM32G0B1NEY6TR, STM32G0B1RCT6N, STM32G0C1CCT6, STM32G0C1CCT6N, STM32G0C1CCU6N, STM32G0C1CET6N, STM32G0C1CEU6N, STM32G0C1KCT6, STM32G0C1NEY6TR, STM32G0C1RCI6N, STM32G0C1RCT6N, STM32G0C1REI6N, STM32G0C1RET6N, STM32G0C1VCI6, STM32G0C1VEI6, STM32G471CCT6, STM32G471CCU6, STM32G471CET3, STM32G471CET6, STM32G471CEU3, STM32G471CEU6, STM32G471MCT6, STM32G471MET3, STM32G471MET6, STM32G471MEY6TR, STM32G471QCT6, STM32G471QET3, STM32G471RCT6, STM32G471RET3, STM32G471RET6, STM32G471VCH6, STM32G471VCI6, STM32G471VCT6, STM32G471VEH3, STM32G471VEH6, STM32G471VEI3, STM32G471VEI6, STM32G471VET3, STM32G471VET6, STM32G474CCT6, STM32H503CBT6, STM32H503CBU6, STM32H503EBY6TR, STM32H503KBU6, STM32H503RBT6, STM32H562AGI6, STM32H562AII6, STM32H562IGK6, STM32H562IGT6, STM32H562IIK6, STM32H562IIT6, STM32H562RGT6, STM32H562RGV6, STM32H562RIT6, STM32H562RIV6, STM32H562VGT6, STM32H562VIT6, STM32H562ZGT6, STM32H562ZIT6, STM32H563AGI6, STM32H563AII3Q, STM32H563AII6, STM32H563IGK6, STM32H563IGT6, STM32H563IIK3Q, STM32H563IIK6, STM32H563IIT3Q, STM32H563IIT6, STM32H563MIY3QTR, STM32H563RGT6, STM32H563RGV6, STM32H563RIT6, STM32H563RIV6, STM32H563VGT6, STM32H563VIT3Q, STM32H563VIT6, STM32H563ZGT6, STM32H563ZIT3Q, STM32H563ZIT6, STM32H573AII3Q, STM32H573AII6, STM32H573I-DK, STM32H573IIK3Q, STM32H573IIK6, STM32H573IIT3Q, STM32H573IIT6, STM32H573MIY3QTR, STM32H573RIT6, STM32H573RIV6, STM32H573VIT3Q, STM32H573VIT6, STM32H573ZIT3Q, STM32H573ZIT6, STM32L4R5QGI6STR, STM32MP131AAE3, STM32MP131AAF3, STM32MP131AAG3, STM32MP131CAE3, STM32MP131CAF3, STM32MP131CAG3, STM32MP131DAE7, STM32MP131DAF7, STM32MP131DAG7, STM32MP131FAE7, STM32MP131FAF7, STM32MP131FAG7, STM32MP133AAE3, STM32MP133AAF3, STM32MP133AAG3, STM32MP133CAE3, STM32MP133CAF3, STM32MP133CAG3, STM32MP133DAE7, STM32MP133DAF7, STM32MP133DAG7, STM32MP133FAE7, STM32MP133FAF7, STM32MP133FAG7, STM32MP135AAE3, STM32MP135AAF3, STM32MP135AAG3, STM32MP135CAE3, STM32MP135CAF3, STM32MP135CAG3, STM32MP135DAE7, STM32MP135DAF7, STM32MP135DAG7, STM32MP135F-DK, STM32MP135FAE7, STM32MP135FAF7, STM32MP135FAF7T, STM32MP135FAF7U, STM32MP135FAG7, STM32U535CBT6, STM32U535CBT6Q, STM32U535CBU6, STM32U535CBU6Q, STM32U535CCT6, STM32U535CCT6Q, STM32U535CCU6, STM32U535CCU6Q, STM32U535CET6, STM32U535CET6Q, STM32U535CEU6, STM32U535CEU6Q, STM32U535JEY6QTR, STM32U535NCY6QTR, STM32U535NEY6QTR, STM32U535RBI6, STM32U535RBI6Q, STM32U535RBT6, STM32U535RBT6Q, STM32U535RCI6, STM32U535RCI6Q, STM32U535RCT6, STM32U535RCT6Q, STM32U535REI6, STM32U535REI6Q, STM32U535RET6, STM32U535RET6Q, STM32U535VCI6, STM32U535VCI6Q, STM32U535VCT6, STM32U535VCT6Q, STM32U535VEI6, STM32U535VEI6Q, STM32U535VET6, STM32U535VET6Q, STM32U545CET6, STM32U545CET6Q, STM32U545CEU6, STM32U545CEU6Q, STM32U545JEY6QTR, STM32U545NEY6QTR, STM32U545REI6, STM32U545REI6Q, STM32U545RET6, STM32U545RET6Q, STM32U545VEI6, STM32U545VEI6Q, STM32U545VET6, STM32U545VET6Q, STM32U595AIH6, STM32U595AIH6Q, STM32U595AJH6, STM32U595AJH6Q, STM32U595QII6, STM32U595QII6Q, STM32U595QJI6, STM32U595QJI6Q, STM32U595RIT6, STM32U595RIT6Q, STM32U595RJT6, STM32U595RJT6Q, STM32U595VIT6, STM32U595VIT6Q, STM32U595VJT6, STM32U595VJT6Q, STM32U595ZIT6, STM32U595ZIT6Q, STM32U595ZIY6QTR, STM32U595ZJT6, STM32U595ZJT6Q, STM32U595ZJY6QTR, STM32U599BJY6QTR, STM32U599NIH6Q, STM32U599NJH6Q, STM32U599VIT6Q, STM32U599VJT6, STM32U599VJT6Q, STM32U599ZIT6Q, STM32U599ZIY6QTR, STM32U599ZJT6Q, STM32U599ZJY6QTR, STM32U5A5AJH6, STM32U5A5AJH6Q, STM32U5A5QJI6, STM32U5A5QJI6Q, STM32U5A5RJT6, STM32U5A5RJT6Q, STM32U5A5VJT6, STM32U5A5VJT6Q, STM32U5A5ZJT6, STM32U5A5ZJT6Q, STM32U5A5ZJY6QTR, STM32U5A9BJY6QTR, STM32U5A9J-DK, STM32U5A9NJH6Q, STM32U5A9VJT6Q, STM32U5A9ZJT6Q, STM32U5A9ZJY6QTR, STM32U5F7VIT6, STM32U5F7VIT6Q, STM32U5F7VJT6, STM32U5F7VJT6Q, STM32U5F9BJY6QTR, STM32U5F9NJH6Q, STM32U5F9VIT6Q, STM32U5F9VJT6Q, STM32U5F9ZIJ6QTR, STM32U5F9ZIT6Q, STM32U5F9ZJJ6QTR, STM32U5F9ZJT6Q, STM32U5G7VJT6, STM32U5G7VJT6Q, STM32U5G9BJY6QTR, STM32U5G9J-DK1, STM32U5G9J-DK2, STM32U5G9NJH6Q, STM32U5G9VJT6Q, STM32U5G9ZJJ6QTR, STM32U5G9ZJT6Q, STM32WB1MMCH6, STM32WBA52CEU6, STM32WBA52CEU6T, STM32WBA52CGU6, STM32WBA52CGU6T, STM32WBA52KEU6, STM32WBA52KEU6T, STM32WBA52KGU6, STM32WBA52KGU6T, STM32WL5MOCH6, STM32WL5MOCH6TR]
2023-11-07 13:20:59,770 [INFO] DbMcus:217 - Found 3848 MCUs, 3848 are supported
2023-11-07 13:20:59,778 [INFO] ApiDb:423 - Load user favorites file C:\Users\user/.stm32cubeide/favorites.mcus.txt: 2 item(s)
2023-11-07 13:20:59,779 [INFO] ApiDb:427 - User favorites MCUs=[STM32F103C8T6, STM32H750VBT6]
2023-11-07 13:20:59,780 [INFO] DbMcus:223 - Set 2 / 2 favorites MCUs
2023-11-07 13:21:00,331 [WARN] ThirdParty:833 - waiting for thirdparty lock release [change project]
2023-11-07 13:21:00,331 [INFO] ThirdParty:835 - entering critical section [change project]
2023-11-07 13:21:00,332 [INFO] ThirdParty:1030 - CMSIS Pack Vendor :STMicroelectronics X-CUBE-ISPU 1.1.0
2023-11-07 13:21:00,332 [INFO] ThirdParty:1030 - CMSIS Pack Vendor :STMicroelectronics USBPD 4.1
2023-11-07 13:21:00,332 [INFO] ThirdParty:1030 - CMSIS Pack Vendor :STMicroelectronics X-CUBE-GNSS1 6.0.0
2023-11-07 13:21:00,332 [INFO] ThirdParty:1030 - CMSIS Pack Vendor :STMicroelectronics USB_HOST 2.0.0
2023-11-07 13:21:00,332 [INFO] ThirdParty:1030 - CMSIS Pack Vendor :STMicroelectronics X-CUBE-AZRTOS-F4 1.1.0
2023-11-07 13:21:00,332 [INFO] ThirdParty:1030 - CMSIS Pack Vendor :STMicroelectronics LIBJPEG 8.0.0
2023-11-07 13:21:00,332 [INFO] ThirdParty:1030 - CMSIS Pack Vendor :wolfSSL I-CUBE-wolfSSL 5.6.3
2023-11-07 13:21:00,332 [INFO] ThirdParty:1030 - CMSIS Pack Vendor :STMicroelectronics X-CUBE-SMBUS 2.1.0
2023-11-07 13:21:00,332 [INFO] ThirdParty:1030 - CMSIS Pack Vendor :STMicroelectronics USB_DEVICE 3.0.0
2023-11-07 13:21:00,332 [INFO] ThirdParty:1030 - CMSIS Pack Vendor :STMicroelectronics X-CUBE-AZRTOS-WB 2.0.0
2023-11-07 13:21:00,332 [INFO] ThirdParty:1030 - CMSIS Pack Vendor :STMicroelectronics X-CUBE-FREERTOS 1.0.1
2023-11-07 13:21:00,332 [INFO] ThirdParty:1030 - CMSIS Pack Vendor :STMicroelectronics X-CUBE-TOUCHGFX 4.21.1
2023-11-07 13:21:00,332 [INFO] ThirdParty:1030 - CMSIS Pack Vendor :STMicroelectronics X-CUBE-TOUCHGFX 4.21.0
2023-11-07 13:21:00,332 [INFO] ThirdParty:1030 - CMSIS Pack Vendor :STMicroelectronics X-CUBE-AZRTOS-F7 1.1.0
2023-11-07 13:21:00,332 [INFO] ThirdParty:1030 - CMSIS Pack Vendor :STMicroelectronics X-CUBE-TOUCHGFX 4.21.4
2023-11-07 13:21:00,333 [INFO] ThirdParty:1030 - CMSIS Pack Vendor :STMicroelectronics X-CUBE-AZRTOS-L5 2.0.0
2023-11-07 13:21:00,333 [INFO] ThirdParty:1030 - CMSIS Pack Vendor :STMicroelectronics USB_DEVICE 2.0.0
2023-11-07 13:21:00,333 [INFO] ThirdParty:1030 - CMSIS Pack Vendor :STMicroelectronics X-CUBE-MEMS1 9.6.0
2023-11-07 13:21:00,333 [INFO] ThirdParty:1030 - CMSIS Pack Vendor :STMicroelectronics X-CUBE-EEPRMA1 4.2.0
2023-11-07 13:21:00,333 [INFO] ThirdParty:1030 - CMSIS Pack Vendor :ITTIA_DB I-CUBE-ITTIADB 8.8.0
2023-11-07 13:21:00,333 [INFO] ThirdParty:1030 - CMSIS Pack Vendor :STMicroelectronics FP-SNS-MOTENV1 4.3.2
2023-11-07 13:21:00,333 [INFO] ThirdParty:1030 - CMSIS Pack Vendor :STMicroelectronics X-CUBE-ALGOBUILD 1.3.0
2023-11-07 13:21:00,333 [INFO] ThirdParty:1030 - CMSIS Pack Vendor :STMicroelectronics X-CUBE-BLE1 6.2.4
2023-11-07 13:21:00,333 [INFO] ThirdParty:1030 - CMSIS Pack Vendor :STMicroelectronics X-CUBE-AZRTOS-L5 1.1.0
2023-11-07 13:21:00,333 [INFO] ThirdParty:1030 - CMSIS Pack Vendor :STMicroelectronics FreeRTOS 0.0.1
2023-11-07 13:21:00,333 [INFO] ThirdParty:1030 - CMSIS Pack Vendor :STMicroelectronics X-CUBE-AZRTOS-G0 1.1.0
2023-11-07 13:21:00,333 [INFO] ThirdParty:1030 - CMSIS Pack Vendor :emotas I-CUBE-CANOPEN 1.1.3
2023-11-07 13:21:00,333 [INFO] ThirdParty:1030 - CMSIS Pack Vendor :STMicroelectronics X-CUBE-BLEMGR 2.0.0
2023-11-07 13:21:00,334 [INFO] ThirdParty:1030 - CMSIS Pack Vendor :STMicroelectronics X-CUBE-AI 8.0.1
2023-11-07 13:21:00,334 [INFO] ThirdParty:1030 - CMSIS Pack Vendor :STMicroelectronics X-CUBE-NFC4 3.0.0
2023-11-07 13:21:00,334 [INFO] ThirdParty:1030 - CMSIS Pack Vendor :STMicroelectronics X-CUBE-SUBG2 5.0.0
2023-11-07 13:21:00,334 [INFO] ThirdParty:1030 - CMSIS Pack Vendor :STMicroelectronics STM32_WPAN 1.0.0
2023-11-07 13:21:00,334 [INFO] ThirdParty:1030 - CMSIS Pack Vendor :STMicroelectronics lwIP 2.0.3
2023-11-07 13:21:00,334 [INFO] ThirdParty:1030 - CMSIS Pack Vendor :STMicroelectronics FP-SNS-FLIGHT1 5.0.2
2023-11-07 13:21:00,334 [INFO] ThirdParty:1030 - CMSIS Pack Vendor :STMicroelectronics USB_HOST 1.0.0
2023-11-07 13:21:00,334 [INFO] ThirdParty:1030 - CMSIS Pack Vendor :STMicroelectronics X-CUBE-TOF1 3.3.1
2023-11-07 13:21:00,334 [INFO] ThirdParty:1030 - CMSIS Pack Vendor :STMicroelectronics X-CUBE-AZRTOS-G4 2.0.0
2023-11-07 13:21:00,334 [INFO] ThirdParty:1030 - CMSIS Pack Vendor :STMicroelectronics PDM2PCM 3.1.0
2023-11-07 13:21:00,334 [INFO] ThirdParty:1030 - CMSIS Pack Vendor :STMicroelectronics X-CUBE-AZRTOS-H7 3.1.0
2023-11-07 13:21:00,334 [INFO] ThirdParty:1030 - CMSIS Pack Vendor :STMicroelectronics X-CUBE-TOF1 3.3.0
2023-11-07 13:21:00,334 [INFO] ThirdParty:1030 - CMSIS Pack Vendor :Infineon AIROC-Wi-Fi-Bluetooth-STM32 1.5.1
2023-11-07 13:21:00,334 [INFO] ThirdParty:1030 - CMSIS Pack Vendor :STMicroelectronics X-CUBE-BLEMGR 3.0.0
2023-11-07 13:21:00,334 [INFO] ThirdParty:1030 - CMSIS Pack Vendor :STMicroelectronics PDM2PCM 3.3.0
2023-11-07 13:21:00,334 [INFO] ThirdParty:1030 - CMSIS Pack Vendor :STMicroelectronics X-CUBE-DISPLAY 3.0.0
2023-11-07 13:21:00,335 [INFO] ThirdParty:1030 - CMSIS Pack Vendor :STMicroelectronics X-CUBE-BLE1 7.0.0
2023-11-07 13:21:00,335 [INFO] ThirdParty:1030 - CMSIS Pack Vendor :STMicroelectronics FP-ATR-SIGFOX1 3.2.0
2023-11-07 13:21:00,335 [INFO] ThirdParty:1030 - CMSIS Pack Vendor :STMicroelectronics HAL Drivers 0.0.0
2023-11-07 13:21:00,335 [INFO] ThirdParty:1030 - CMSIS Pack Vendor :STMicroelectronics MBEDTLS 2.16.2
2023-11-07 13:21:00,335 [INFO] ThirdParty:1030 - CMSIS Pack Vendor :emotas I-CUBE-CANOPEN 1.3.0
2023-11-07 13:21:00,335 [INFO] ThirdParty:1030 - CMSIS Pack Vendor :STMicroelectronics X-CUBE-MEMS1 10.0.0
2023-11-07 13:21:00,335 [INFO] ThirdParty:1030 - CMSIS Pack Vendor :STMicroelectronics X-CUBE-FREERTOS 1.1.0
2023-11-07 13:21:00,335 [INFO] ThirdParty:1030 - CMSIS Pack Vendor :STMicroelectronics X-CUBE-TOUCHGFX 4.22.0
2023-11-07 13:21:00,335 [INFO] ThirdParty:1030 - CMSIS Pack Vendor :STMicroelectronics X-CUBE-NFC7 1.0.1
2023-11-07 13:21:00,335 [INFO] ThirdParty:1030 - CMSIS Pack Vendor :STMicroelectronics MBEDTLS 2.14.1
2023-11-07 13:21:00,335 [INFO] ThirdParty:1030 - CMSIS Pack Vendor :STMicroelectronics X-CUBE-TOUCHGFX 4.22.1
2023-11-07 13:21:00,335 [INFO] ThirdParty:1030 - CMSIS Pack Vendor :STMicroelectronics X-CUBE-NFC6 3.0.0
2023-11-07 13:21:00,335 [INFO] ThirdParty:1030 - CMSIS Pack Vendor :STMicroelectronics X-CUBE-EEPRMA1 4.1.0
2023-11-07 13:21:00,335 [INFO] ThirdParty:1030 - CMSIS Pack Vendor :portGmbH I-Cube-SoM-uGOAL 1.1.0
2023-11-07 13:21:00,335 [INFO] ThirdParty:1030 - CMSIS Pack Vendor :STMicroelectronics X-CUBE-ALS 1.0.1
2023-11-07 13:21:00,335 [INFO] ThirdParty:1030 - CMSIS Pack Vendor :STMicroelectronics ThreadX 1.0.0
2023-11-07 13:21:00,335 [INFO] ThirdParty:1030 - CMSIS Pack Vendor :STMicroelectronics FP-SNS-SMARTAG2 1.2.0
2023-11-07 13:21:00,335 [INFO] ThirdParty:1030 - CMSIS Pack Vendor :STMicroelectronics X-CUBE-AZRTOS-WB 1.1.0
2023-11-07 13:21:00,335 [INFO] ThirdParty:1030 - CMSIS Pack Vendor :STMicroelectronics X-CUBE-AZRTOS-WL 2.0.0
2023-11-07 13:21:00,335 [INFO] ThirdParty:1030 - CMSIS Pack Vendor :SEGGER I-CUBE-embOS 1.3.1
2023-11-07 13:21:00,335 [INFO] ThirdParty:1030 - CMSIS Pack Vendor :STMicroelectronics USB_DEVICE 1.0.0
2023-11-07 13:21:00,335 [INFO] ThirdParty:1030 - CMSIS Pack Vendor :STMicroelectronics X-CUBE-AI 8.1.0
2023-11-07 13:21:00,335 [INFO] ThirdParty:1030 - CMSIS Pack Vendor :STMicroelectronics X-CUBE-AZRTOS-L4 2.0.0
2023-11-07 13:21:00,335 [INFO] ThirdParty:1030 - CMSIS Pack Vendor :STMicroelectronics ThreadX 0.0.2
2023-11-07 13:21:00,335 [INFO] ThirdParty:1030 - CMSIS Pack Vendor :WES I-CUBE-Cesium 1.3.0
2023-11-07 13:21:00,335 [INFO] ThirdParty:1030 - CMSIS Pack Vendor :STMicroelectronics FP-ATR-ASTRA1 2.0.0
2023-11-07 13:21:00,335 [INFO] ThirdParty:1030 - CMSIS Pack Vendor :STMicroelectronics lwIP 2.1.2
2023-11-07 13:21:00,336 [INFO] ThirdParty:1030 - CMSIS Pack Vendor :STMicroelectronics X-CUBE-SFXS2LP1 4.0.0
2023-11-07 13:21:00,336 [INFO] ThirdParty:1030 - CMSIS Pack Vendor :STMicroelectronics X-CUBE-BLE2 3.3.0
2023-11-07 13:21:00,336 [INFO] ThirdParty:1030 - CMSIS Pack Vendor :STMicroelectronics PDM2PCM 3.2.0
2023-11-07 13:21:00,336 [INFO] ThirdParty:1030 - CMSIS Pack Vendor :STMicroelectronics X-CUBE-TOUCHGFX 4.18.0
2023-11-07 13:21:00,336 [INFO] ThirdParty:841 - exiting critical section [change project]
2023-11-07 13:21:00,819 [INFO] PinOutPanel:1499 - setPackage(No Configuration,No Configuration)
2023-11-07 13:21:00,823 [INFO] PinOutPanel:1499 - setPackage(STM32F103C8Tx,LQFP48)
2023-11-07 13:21:01,526 [INFO] UtilMem:75 - Before build in PCC Used Memory: 308631368 Bytes (591396864)
2023-11-07 13:21:04,220 [INFO] UtilMem:75 - After build in PCC Used Memory: 315032320 Bytes (591396864)
2023-11-07 13:21:04,265 [INFO] IPUIPlugin:80 - create IPUIPlugin
2023-11-07 13:21:04,266 [INFO] IPUIPlugin:80 - create IPUIPlugin
2023-11-07 13:21:04,266 [INFO] IPUIPlugin:80 - create IPUIPlugin
2023-11-07 13:21:04,266 [INFO] IPUIPlugin:80 - create IPUIPlugin
2023-11-07 13:21:04,266 [INFO] IPUIPlugin:80 - create IPUIPlugin
2023-11-07 13:21:04,266 [INFO] IPUIPlugin:80 - create IPUIPlugin
2023-11-07 13:21:04,266 [INFO] IPUIPlugin:80 - create IPUIPlugin
2023-11-07 13:21:04,266 [INFO] IPUIPlugin:80 - create IPUIPlugin
2023-11-07 13:21:04,266 [INFO] IPUIPlugin:80 - create IPUIPlugin
2023-11-07 13:21:04,266 [INFO] IPUIPlugin:80 - create IPUIPlugin
2023-11-07 13:21:04,268 [INFO] IPUIPlugin:80 - create IPUIPlugin
2023-11-07 13:21:04,268 [INFO] IPUIPlugin:80 - create IPUIPlugin
2023-11-07 13:21:04,268 [INFO] IPUIPlugin:80 - create IPUIPlugin
2023-11-07 13:21:04,268 [INFO] IPUIPlugin:80 - create IPUIPlugin
2023-11-07 13:21:04,269 [INFO] IPUIPlugin:80 - create IPUIPlugin
2023-11-07 13:21:04,269 [INFO] IPUIPlugin:80 - create IPUIPlugin
2023-11-07 13:21:04,269 [INFO] IPUIPlugin:80 - create IPUIPlugin
2023-11-07 13:21:04,269 [INFO] IPUIPlugin:80 - create IPUIPlugin
2023-11-07 13:21:04,270 [INFO] IPUIPlugin:80 - create IPUIPlugin
2023-11-07 13:21:04,270 [INFO] IPUIPlugin:80 - create IPUIPlugin
2023-11-07 13:21:04,270 [INFO] IPUIPlugin:80 - create IPUIPlugin
2023-11-07 13:21:04,270 [INFO] IPUIPlugin:80 - create IPUIPlugin
2023-11-07 13:21:04,270 [INFO] IPUIPlugin:80 - create IPUIPlugin
2023-11-07 13:21:04,271 [INFO] IPUIPlugin:80 - create IPUIPlugin
2023-11-07 13:21:04,271 [INFO] IPUIPlugin:80 - create IPUIPlugin
2023-11-07 13:21:04,271 [INFO] IPUIPlugin:80 - create IPUIPlugin
2023-11-07 13:21:04,271 [INFO] IPUIPlugin:80 - create IPUIPlugin
2023-11-07 13:21:04,839 [INFO] CADModel:165 - CPN selected for project levelSTM32F103C8T6
2023-11-07 13:21:04,839 [INFO] CADModel:114 - Register for checkConnection events
2023-11-07 13:21:04,924 [INFO] OpenFileManager:328 - Restore cursor
2023-11-07 13:24:35,761 [INFO] NvicIntPanel:101 - NVIC parent = com.st.microxplorer.plugins.ip.nvic.MultiNvicIntPanel[,0,0,0x0,invalid,layout=javax.swing.BoxLayout,alignmentX=0.0,alignmentY=0.0,border=,flags=9,maximumSize=,minimumSize=,preferredSize=]
2023-11-07 13:24:38,798 [INFO] NvicIntPanel:101 - NVIC parent = com.st.microxplorer.plugins.ip.nvic.MultiNvicIntPanel[,0,0,0x0,invalid,layout=javax.swing.BoxLayout,alignmentX=0.0,alignmentY=0.0,border=,flags=9,maximumSize=,minimumSize=,preferredSize=]
2023-11-07 13:24:42,675 [INFO] NvicIntPanel:101 - NVIC parent = com.st.microxplorer.plugins.ip.nvic.MultiNvicIntPanel[,0,0,0x0,invalid,layout=javax.swing.BoxLayout,alignmentX=0.0,alignmentY=0.0,border=,flags=9,maximumSize=,minimumSize=,preferredSize=]
2023-11-07 13:25:25,439 [INFO] NvicIntPanel:101 - NVIC parent = com.st.microxplorer.plugins.ip.nvic.MultiNvicIntPanel[,0,0,0x0,invalid,layout=javax.swing.BoxLayout,alignmentX=0.0,alignmentY=0.0,border=,flags=9,maximumSize=,minimumSize=,preferredSize=]
2023-11-07 13:27:26,822 [INFO] NvicIntPanel:101 - NVIC parent = com.st.microxplorer.plugins.ip.nvic.MultiNvicIntPanel[,0,0,0x0,invalid,layout=javax.swing.BoxLayout,alignmentX=0.0,alignmentY=0.0,border=,flags=9,maximumSize=,minimumSize=,preferredSize=]
2023-11-07 13:27:52,415 [INFO] UtilMem:75 - End SaveConfig() Used Memory: 833086888 Bytes (1073741824)
2023-11-07 13:27:54,764 [INFO] UtilMem:75 - End SaveConfig() Used Memory: 894063120 Bytes (1073741824)
2023-11-07 13:27:56,202 [INFO] BlockDiagram:2759 - set Specific Code input for plugin: NVIC
2023-11-07 13:27:56,202 [INFO] BlockDiagram:2759 - set Specific Code input for plugin: TIM1_8F1
2023-11-07 13:27:56,202 [INFO] BlockDiagram:2759 - set Specific Code input for plugin: SYS
2023-11-07 13:27:56,203 [INFO] BlockDiagram:2759 - set Specific Code input for plugin: GPIO
2023-11-07 13:27:56,203 [INFO] BlockDiagram:2759 - set Specific Code input for plugin: RCC
2023-11-07 13:27:56,206 [INFO] CodeGenerator:799 - code generatio: config db path: C:\ST\STM32CubeIDE_1.12.0\STM32CubeIDE\plugins\com.st.stm32cube.common.mx_6.9.2.202309101412\\db\
2023-11-07 13:27:56,971 [INFO] CodeEngine:255 - oldGeneratedFile, D:\STM32\RCC\MXTmpFiles\license.tmp_save
2023-11-07 13:27:58,433 [INFO] CodeEngine:279 - Generated code: D:\STM32\RCC\MXTmpFiles\license.tmp
2023-11-07 13:27:58,717 [INFO] CodeEngine:255 - oldGeneratedFile, D:\STM32\RCC\MXTmpFiles\gpio.tmp_save
2023-11-07 13:27:59,204 [INFO] CodeEngine:279 - Generated code: D:\STM32\RCC\MXTmpFiles\gpio.tmp
2023-11-07 13:27:59,856 [INFO] CodeEngine:255 - oldGeneratedFile, D:\STM32\RCC\Core\Src\stm32f1xx_it.c_save
2023-11-07 13:28:00,279 [INFO] CodeEngine:279 - Generated code: D:\STM32\RCC\Core\Src\stm32f1xx_it.c
2023-11-07 13:28:00,319 [INFO] CodeEngine:255 - oldGeneratedFile, D:\STM32\RCC\Core\Inc\stm32f1xx_it.h_save
2023-11-07 13:28:00,616 [INFO] CodeEngine:279 - Generated code: D:\STM32\RCC\Core\Inc\stm32f1xx_it.h
2023-11-07 13:28:00,643 [INFO] CodeEngine:255 - oldGeneratedFile, D:\STM32\RCC\Core\Src\stm32f1xx_hal_msp.c_save
2023-11-07 13:28:01,055 [INFO] CodeEngine:279 - Generated code: D:\STM32\RCC\Core\Src\stm32f1xx_hal_msp.c
2023-11-07 13:28:01,074 [INFO] CodeEngine:255 - oldGeneratedFile, D:\STM32\RCC\MXTmpFiles\system.tmp_save
2023-11-07 13:28:01,243 [INFO] CodeEngine:279 - Generated code: D:\STM32\RCC\MXTmpFiles\system.tmp
2023-11-07 13:28:01,286 [INFO] CodeEngine:311 - oldGeneratedFile, D:\STM32\RCC\Core\Inc\stm32f1xx_hal_conf.h_save
2023-11-07 13:28:01,741 [INFO] CodeEngine:335 - Generated code: D:\STM32\RCC\Core\Inc\stm32f1xx_hal_conf.h
2023-11-07 13:28:01,801 [WARN] IPConfigManager:3431 - IP not found : TIM
2023-11-07 13:28:01,803 [WARN] CodeGenerator:3764 - IP not found : null
2023-11-07 13:28:01,874 [INFO] CodeEngine:255 - oldGeneratedFile, D:\STM32\RCC\Core\Inc\main.h_save
2023-11-07 13:28:02,109 [INFO] CodeEngine:279 - Generated code: D:\STM32\RCC\Core\Inc\main.h
2023-11-07 13:28:02,155 [INFO] CodeEngine:255 - oldGeneratedFile, D:\STM32\RCC\Core\Src\main.c_save
2023-11-07 13:28:02,506 [INFO] CodeEngine:279 - Generated code: D:\STM32\RCC\Core\Src\main.c
2023-11-07 13:28:03,859 [INFO] ProjectBuilder:3064 - Time for Copy HAL[1] : 535mS.
2023-11-07 13:28:03,872 [INFO] ProjectBuilder:4404 - Project Generator version: 4.1.0
2023-11-07 13:28:05,553 [INFO] ConfigFileManager:1457 - The Die is : DIE410
2023-11-07 13:28:05,640 [INFO] ApiDbMcu:507 - Load IP Config File for FATFS
2023-11-07 13:28:05,686 [INFO] ApiDbMcu:507 - Load IP Config File for FREERTOS
2023-11-07 13:28:05,746 [INFO] ApiDbMcu:507 - Load IP Config File for USB_DEVICE
2023-11-07 13:28:08,957 [INFO] LogOutputStream:77 - [STDOUT_REDIRECT] 
2023-11-07 13:28:22,741 [INFO] ProjectBuilder:4626 - Time for Generating toolchain IDE Files: 18867mS.
2023-11-07 13:28:22,743 [INFO] ProjectBuilder:2935 - Time for Copy CMSIS : 1mS.
2023-11-07 13:28:22,745 [INFO] ProjectBuilder:2935 - Time for Copy CMSIS : 0mS.
2023-11-07 13:39:35,765 [INFO] Gpio:273 - dependency for GPIO [RCC, SYS, TIM1]
2023-11-07 13:44:10,538 [INFO] Gpio:273 - dependency for GPIO [RCC, SYS, TIM1]
2023-11-07 13:44:12,262 [INFO] Gpio:273 - dependency for GPIO [RCC, SYS, TIM1]
2023-11-07 13:44:14,223 [INFO] Gpio:273 - dependency for GPIO [RCC, SYS, TIM1]
2023-11-07 13:44:16,113 [INFO] Gpio:273 - dependency for GPIO [RCC, SYS, TIM1]
2023-11-07 13:44:47,175 [INFO] UtilMem:75 - End SaveConfig() Used Memory: 615471984 Bytes (1001390080)
2023-11-07 13:44:48,252 [INFO] UtilMem:75 - End SaveConfig() Used Memory: 712750080 Bytes (1001390080)
2023-11-07 13:44:48,784 [INFO] BlockDiagram:2759 - set Specific Code input for plugin: NVIC
2023-11-07 13:44:48,784 [INFO] BlockDiagram:2759 - set Specific Code input for plugin: TIM1_8F1
2023-11-07 13:44:48,785 [INFO] BlockDiagram:2759 - set Specific Code input for plugin: SYS
2023-11-07 13:44:48,786 [INFO] BlockDiagram:2759 - set Specific Code input for plugin: GPIO
2023-11-07 13:44:48,786 [INFO] BlockDiagram:2759 - set Specific Code input for plugin: RCC
2023-11-07 13:44:48,788 [INFO] CodeGenerator:799 - code generatio: config db path: C:\ST\STM32CubeIDE_1.12.0\STM32CubeIDE\plugins\com.st.stm32cube.common.mx_6.9.2.202309101412\\db\
2023-11-07 13:44:49,426 [INFO] CodeEngine:255 - oldGeneratedFile, D:\STM32\RCC\MXTmpFiles\license.tmp_save
2023-11-07 13:44:50,511 [INFO] CodeEngine:279 - Generated code: D:\STM32\RCC\MXTmpFiles\license.tmp
2023-11-07 13:44:50,585 [INFO] CodeEngine:255 - oldGeneratedFile, D:\STM32\RCC\Core\Src\gpio.c_save
2023-11-07 13:44:50,835 [INFO] CodeEngine:279 - Generated code: D:\STM32\RCC\Core\Src\gpio.c
2023-11-07 13:44:50,860 [INFO] CodeEngine:255 - oldGeneratedFile, D:\STM32\RCC\Core\Inc\gpio.h_save
2023-11-07 13:44:50,971 [INFO] CodeEngine:279 - Generated code: D:\STM32\RCC\Core\Inc\gpio.h
2023-11-07 13:44:51,154 [INFO] CodeEngine:255 - oldGeneratedFile, D:\STM32\RCC\Core\Src\tim.c_save
2023-11-07 13:44:51,582 [INFO] CodeEngine:279 - Generated code: D:\STM32\RCC\Core\Src\tim.c
2023-11-07 13:44:51,598 [INFO] CodeEngine:255 - oldGeneratedFile, D:\STM32\RCC\Core\Inc\tim.h_save
2023-11-07 13:44:51,732 [INFO] CodeEngine:279 - Generated code: D:\STM32\RCC\Core\Inc\tim.h
2023-11-07 13:44:51,754 [INFO] CodeEngine:255 - oldGeneratedFile, D:\STM32\RCC\Core\Src\stm32f1xx_it.c_save
2023-11-07 13:44:52,056 [INFO] CodeEngine:279 - Generated code: D:\STM32\RCC\Core\Src\stm32f1xx_it.c
2023-11-07 13:44:52,076 [INFO] CodeEngine:255 - oldGeneratedFile, D:\STM32\RCC\Core\Inc\stm32f1xx_it.h_save
2023-11-07 13:44:52,155 [INFO] CodeEngine:279 - Generated code: D:\STM32\RCC\Core\Inc\stm32f1xx_it.h
2023-11-07 13:44:52,202 [INFO] CodeEngine:255 - oldGeneratedFile, D:\STM32\RCC\Core\Src\stm32f1xx_hal_msp.c_save
2023-11-07 13:44:52,328 [INFO] CodeEngine:279 - Generated code: D:\STM32\RCC\Core\Src\stm32f1xx_hal_msp.c
2023-11-07 13:44:52,334 [INFO] CodeEngine:255 - oldGeneratedFile, D:\STM32\RCC\MXTmpFiles\system.tmp_save
2023-11-07 13:44:52,456 [INFO] CodeEngine:279 - Generated code: D:\STM32\RCC\MXTmpFiles\system.tmp
2023-11-07 13:44:52,474 [INFO] CodeEngine:311 - oldGeneratedFile, D:\STM32\RCC\Core\Inc\stm32f1xx_hal_conf.h_save
2023-11-07 13:44:52,783 [INFO] CodeEngine:335 - Generated code: D:\STM32\RCC\Core\Inc\stm32f1xx_hal_conf.h
2023-11-07 13:44:52,849 [INFO] CodeEngine:255 - oldGeneratedFile, D:\STM32\RCC\Core\Inc\main.h_save
2023-11-07 13:44:53,021 [INFO] CodeEngine:279 - Generated code: D:\STM32\RCC\Core\Inc\main.h
2023-11-07 13:44:53,037 [INFO] CodeEngine:255 - oldGeneratedFile, D:\STM32\RCC\Core\Src\main.c_save
2023-11-07 13:44:53,171 [INFO] CodeEngine:279 - Generated code: D:\STM32\RCC\Core\Src\main.c
2023-11-07 13:44:54,970 [INFO] ProjectBuilder:3064 - Time for Copy HAL[1] : 624mS.
2023-11-07 13:44:54,977 [INFO] ProjectBuilder:4404 - Project Generator version: 4.1.0
2023-11-07 13:44:55,369 [INFO] ConfigFileManager:1457 - The Die is : DIE410
2023-11-07 13:44:58,781 [INFO] ProjectBuilder:4626 - Time for Generating toolchain IDE Files: 3804mS.
2023-11-07 13:44:58,782 [INFO] ProjectBuilder:2935 - Time for Copy CMSIS : 1mS.
2023-11-07 13:44:58,783 [INFO] ProjectBuilder:2935 - Time for Copy CMSIS : 0mS.
2023-11-07 13:46:22,761 [INFO] Gpio:273 - dependency for GPIO [RCC, SYS, TIM1]
2023-11-07 13:46:49,424 [INFO] UtilMem:75 - End SaveConfig() Used Memory: 376754704 Bytes (1000341504)
2023-11-07 13:46:50,131 [INFO] UtilMem:75 - End SaveConfig() Used Memory: 429709840 Bytes (1000341504)
2023-11-07 13:46:50,562 [INFO] BlockDiagram:2759 - set Specific Code input for plugin: NVIC
2023-11-07 13:46:50,562 [INFO] BlockDiagram:2759 - set Specific Code input for plugin: TIM1_8F1
2023-11-07 13:46:50,562 [INFO] BlockDiagram:2759 - set Specific Code input for plugin: SYS
2023-11-07 13:46:50,562 [INFO] BlockDiagram:2759 - set Specific Code input for plugin: GPIO
2023-11-07 13:46:50,562 [INFO] BlockDiagram:2759 - set Specific Code input for plugin: RCC
2023-11-07 13:46:50,564 [INFO] CodeGenerator:799 - code generatio: config db path: C:\ST\STM32CubeIDE_1.12.0\STM32CubeIDE\plugins\com.st.stm32cube.common.mx_6.9.2.202309101412\\db\
2023-11-07 13:46:50,752 [INFO] CodeEngine:255 - oldGeneratedFile, D:\STM32\RCC\MXTmpFiles\license.tmp_save
2023-11-07 13:46:50,899 [INFO] CodeEngine:279 - Generated code: D:\STM32\RCC\MXTmpFiles\license.tmp
2023-11-07 13:46:50,934 [INFO] CodeEngine:255 - oldGeneratedFile, D:\STM32\RCC\Core\Src\gpio.c_save
2023-11-07 13:46:51,019 [INFO] CodeEngine:279 - Generated code: D:\STM32\RCC\Core\Src\gpio.c
2023-11-07 13:46:51,023 [INFO] CodeEngine:255 - oldGeneratedFile, D:\STM32\RCC\Core\Inc\gpio.h_save
2023-11-07 13:46:51,079 [INFO] CodeEngine:279 - Generated code: D:\STM32\RCC\Core\Inc\gpio.h
2023-11-07 13:46:51,214 [INFO] CodeEngine:255 - oldGeneratedFile, D:\STM32\RCC\Core\Src\tim.c_save
2023-11-07 13:46:51,365 [INFO] CodeEngine:279 - Generated code: D:\STM32\RCC\Core\Src\tim.c
2023-11-07 13:46:51,368 [INFO] CodeEngine:255 - oldGeneratedFile, D:\STM32\RCC\Core\Inc\tim.h_save
2023-11-07 13:46:51,432 [INFO] CodeEngine:279 - Generated code: D:\STM32\RCC\Core\Inc\tim.h
2023-11-07 13:46:51,454 [INFO] CodeEngine:255 - oldGeneratedFile, D:\STM32\RCC\Core\Src\stm32f1xx_it.c_save
2023-11-07 13:46:51,587 [INFO] CodeEngine:279 - Generated code: D:\STM32\RCC\Core\Src\stm32f1xx_it.c
2023-11-07 13:46:51,600 [INFO] CodeEngine:255 - oldGeneratedFile, D:\STM32\RCC\Core\Inc\stm32f1xx_it.h_save
2023-11-07 13:46:51,687 [INFO] CodeEngine:279 - Generated code: D:\STM32\RCC\Core\Inc\stm32f1xx_it.h
2023-11-07 13:46:51,704 [INFO] CodeEngine:255 - oldGeneratedFile, D:\STM32\RCC\Core\Src\stm32f1xx_hal_msp.c_save
2023-11-07 13:46:51,848 [INFO] CodeEngine:279 - Generated code: D:\STM32\RCC\Core\Src\stm32f1xx_hal_msp.c
2023-11-07 13:46:51,850 [INFO] CodeEngine:255 - oldGeneratedFile, D:\STM32\RCC\MXTmpFiles\system.tmp_save
2023-11-07 13:46:51,910 [INFO] CodeEngine:279 - Generated code: D:\STM32\RCC\MXTmpFiles\system.tmp
2023-11-07 13:46:51,931 [INFO] CodeEngine:311 - oldGeneratedFile, D:\STM32\RCC\Core\Inc\stm32f1xx_hal_conf.h_save
2023-11-07 13:46:52,206 [INFO] CodeEngine:335 - Generated code: D:\STM32\RCC\Core\Inc\stm32f1xx_hal_conf.h
2023-11-07 13:46:52,264 [INFO] CodeEngine:255 - oldGeneratedFile, D:\STM32\RCC\Core\Inc\main.h_save
2023-11-07 13:46:52,364 [INFO] CodeEngine:279 - Generated code: D:\STM32\RCC\Core\Inc\main.h
2023-11-07 13:46:52,380 [INFO] CodeEngine:255 - oldGeneratedFile, D:\STM32\RCC\Core\Src\main.c_save
2023-11-07 13:46:52,466 [INFO] CodeEngine:279 - Generated code: D:\STM32\RCC\Core\Src\main.c
2023-11-07 13:46:53,124 [INFO] ProjectBuilder:3064 - Time for Copy HAL[1] : 112mS.
2023-11-07 13:46:53,129 [INFO] ProjectBuilder:4404 - Project Generator version: 4.1.0
2023-11-07 13:46:54,006 [INFO] ConfigFileManager:1457 - The Die is : DIE410
2023-11-07 13:46:58,347 [INFO] ProjectBuilder:4626 - Time for Generating toolchain IDE Files: 5218mS.
2023-11-07 13:46:58,353 [INFO] ProjectBuilder:2935 - Time for Copy CMSIS : 5mS.
2023-11-07 13:46:58,355 [INFO] ProjectBuilder:2935 - Time for Copy CMSIS : 1mS.
2023-11-07 13:47:08,480 [INFO] NvicIntPanel:101 - NVIC parent = com.st.microxplorer.plugins.ip.nvic.MultiNvicIntPanel[,0,0,0x0,invalid,layout=javax.swing.BoxLayout,alignmentX=0.0,alignmentY=0.0,border=,flags=9,maximumSize=,minimumSize=,preferredSize=]
2023-11-07 13:47:09,785 [INFO] UtilMem:75 - End SaveConfig() Used Memory: 300110848 Bytes (968884224)
2023-11-07 13:47:10,361 [INFO] UtilMem:75 - End SaveConfig() Used Memory: 333456720 Bytes (968884224)
2023-11-07 13:47:10,650 [INFO] BlockDiagram:2759 - set Specific Code input for plugin: NVIC
2023-11-07 13:47:10,651 [INFO] BlockDiagram:2759 - set Specific Code input for plugin: TIM1_8F1
2023-11-07 13:47:10,651 [INFO] BlockDiagram:2759 - set Specific Code input for plugin: SYS
2023-11-07 13:47:10,651 [INFO] BlockDiagram:2759 - set Specific Code input for plugin: GPIO
2023-11-07 13:47:10,651 [INFO] BlockDiagram:2759 - set Specific Code input for plugin: RCC
2023-11-07 13:47:10,651 [INFO] CodeGenerator:799 - code generatio: config db path: C:\ST\STM32CubeIDE_1.12.0\STM32CubeIDE\plugins\com.st.stm32cube.common.mx_6.9.2.202309101412\\db\
2023-11-07 13:47:10,881 [INFO] CodeEngine:255 - oldGeneratedFile, D:\STM32\RCC\MXTmpFiles\license.tmp_save
2023-11-07 13:47:11,069 [INFO] CodeEngine:279 - Generated code: D:\STM32\RCC\MXTmpFiles\license.tmp
2023-11-07 13:47:11,127 [INFO] CodeEngine:255 - oldGeneratedFile, D:\STM32\RCC\Core\Src\gpio.c_save
2023-11-07 13:47:11,253 [INFO] CodeEngine:279 - Generated code: D:\STM32\RCC\Core\Src\gpio.c
2023-11-07 13:47:11,262 [INFO] CodeEngine:255 - oldGeneratedFile, D:\STM32\RCC\Core\Inc\gpio.h_save
2023-11-07 13:47:11,337 [INFO] CodeEngine:279 - Generated code: D:\STM32\RCC\Core\Inc\gpio.h
2023-11-07 13:47:11,585 [INFO] CodeEngine:255 - oldGeneratedFile, D:\STM32\RCC\Core\Src\tim.c_save
2023-11-07 13:47:11,757 [INFO] CodeEngine:279 - Generated code: D:\STM32\RCC\Core\Src\tim.c
2023-11-07 13:47:11,765 [INFO] CodeEngine:255 - oldGeneratedFile, D:\STM32\RCC\Core\Inc\tim.h_save
2023-11-07 13:47:11,947 [INFO] CodeEngine:279 - Generated code: D:\STM32\RCC\Core\Inc\tim.h
2023-11-07 13:47:11,964 [INFO] CodeEngine:255 - oldGeneratedFile, D:\STM32\RCC\Core\Src\stm32f1xx_it.c_save
2023-11-07 13:47:12,081 [INFO] CodeEngine:279 - Generated code: D:\STM32\RCC\Core\Src\stm32f1xx_it.c
2023-11-07 13:47:12,084 [INFO] CodeEngine:255 - oldGeneratedFile, D:\STM32\RCC\Core\Inc\stm32f1xx_it.h_save
2023-11-07 13:47:12,251 [INFO] CodeEngine:279 - Generated code: D:\STM32\RCC\Core\Inc\stm32f1xx_it.h
2023-11-07 13:47:12,276 [INFO] CodeEngine:255 - oldGeneratedFile, D:\STM32\RCC\Core\Src\stm32f1xx_hal_msp.c_save
2023-11-07 13:47:12,401 [INFO] CodeEngine:279 - Generated code: D:\STM32\RCC\Core\Src\stm32f1xx_hal_msp.c
2023-11-07 13:47:12,403 [INFO] CodeEngine:255 - oldGeneratedFile, D:\STM32\RCC\MXTmpFiles\system.tmp_save
2023-11-07 13:47:12,467 [INFO] CodeEngine:279 - Generated code: D:\STM32\RCC\MXTmpFiles\system.tmp
2023-11-07 13:47:12,487 [INFO] CodeEngine:311 - oldGeneratedFile, D:\STM32\RCC\Core\Inc\stm32f1xx_hal_conf.h_save
2023-11-07 13:47:12,707 [INFO] CodeEngine:335 - Generated code: D:\STM32\RCC\Core\Inc\stm32f1xx_hal_conf.h
2023-11-07 13:47:12,768 [INFO] CodeEngine:255 - oldGeneratedFile, D:\STM32\RCC\Core\Inc\main.h_save
2023-11-07 13:47:12,869 [INFO] CodeEngine:279 - Generated code: D:\STM32\RCC\Core\Inc\main.h
2023-11-07 13:47:12,883 [INFO] CodeEngine:255 - oldGeneratedFile, D:\STM32\RCC\Core\Src\main.c_save
2023-11-07 13:47:12,964 [INFO] CodeEngine:279 - Generated code: D:\STM32\RCC\Core\Src\main.c
2023-11-07 13:47:13,526 [INFO] ProjectBuilder:3064 - Time for Copy HAL[1] : 85mS.
2023-11-07 13:47:13,529 [INFO] ProjectBuilder:4404 - Project Generator version: 4.1.0
2023-11-07 13:47:13,751 [INFO] ConfigFileManager:1457 - The Die is : DIE410
2023-11-07 13:47:17,193 [INFO] ProjectBuilder:4626 - Time for Generating toolchain IDE Files: 3663mS.
2023-11-07 13:47:17,193 [INFO] ProjectBuilder:2935 - Time for Copy CMSIS : 0mS.
2023-11-07 13:47:17,194 [INFO] ProjectBuilder:2935 - Time for Copy CMSIS : 0mS.
2023-11-07 13:50:07,211 [INFO] NvicIntPanel:101 - NVIC parent = com.st.microxplorer.plugins.ip.nvic.MultiNvicIntPanel[,0,0,0x0,invalid,layout=javax.swing.BoxLayout,alignmentX=0.0,alignmentY=0.0,border=,flags=9,maximumSize=,minimumSize=,preferredSize=]
2023-11-07 13:50:28,157 [INFO] UtilMem:75 - End SaveConfig() Used Memory: 426721072 Bytes (1010827264)
2023-11-07 13:50:28,820 [INFO] UtilMem:75 - End SaveConfig() Used Memory: 461850416 Bytes (1010827264)
2023-11-07 13:50:29,123 [INFO] BlockDiagram:2759 - set Specific Code input for plugin: NVIC
2023-11-07 13:50:29,123 [INFO] BlockDiagram:2759 - set Specific Code input for plugin: TIM1_8F1
2023-11-07 13:50:29,123 [INFO] BlockDiagram:2759 - set Specific Code input for plugin: SYS
2023-11-07 13:50:29,123 [INFO] BlockDiagram:2759 - set Specific Code input for plugin: GPIO
2023-11-07 13:50:29,123 [INFO] BlockDiagram:2759 - set Specific Code input for plugin: RCC
2023-11-07 13:50:29,124 [INFO] CodeGenerator:799 - code generatio: config db path: C:\ST\STM32CubeIDE_1.12.0\STM32CubeIDE\plugins\com.st.stm32cube.common.mx_6.9.2.202309101412\\db\
2023-11-07 13:50:29,306 [INFO] CodeEngine:255 - oldGeneratedFile, D:\STM32\RCC\MXTmpFiles\license.tmp_save
2023-11-07 13:50:29,648 [INFO] CodeEngine:279 - Generated code: D:\STM32\RCC\MXTmpFiles\license.tmp
2023-11-07 13:50:29,688 [INFO] CodeEngine:255 - oldGeneratedFile, D:\STM32\RCC\Core\Src\gpio.c_save
2023-11-07 13:50:29,823 [INFO] CodeEngine:279 - Generated code: D:\STM32\RCC\Core\Src\gpio.c
2023-11-07 13:50:29,829 [INFO] CodeEngine:255 - oldGeneratedFile, D:\STM32\RCC\Core\Inc\gpio.h_save
2023-11-07 13:50:29,885 [INFO] CodeEngine:279 - Generated code: D:\STM32\RCC\Core\Inc\gpio.h
2023-11-07 13:50:30,016 [INFO] CodeEngine:255 - oldGeneratedFile, D:\STM32\RCC\Core\Src\tim.c_save
2023-11-07 13:50:30,154 [INFO] CodeEngine:279 - Generated code: D:\STM32\RCC\Core\Src\tim.c
2023-11-07 13:50:30,157 [INFO] CodeEngine:255 - oldGeneratedFile, D:\STM32\RCC\Core\Inc\tim.h_save
2023-11-07 13:50:30,211 [INFO] CodeEngine:279 - Generated code: D:\STM32\RCC\Core\Inc\tim.h
2023-11-07 13:50:30,234 [INFO] CodeEngine:255 - oldGeneratedFile, D:\STM32\RCC\Core\Src\stm32f1xx_it.c_save
2023-11-07 13:50:30,354 [INFO] CodeEngine:279 - Generated code: D:\STM32\RCC\Core\Src\stm32f1xx_it.c
2023-11-07 13:50:30,362 [INFO] CodeEngine:255 - oldGeneratedFile, D:\STM32\RCC\Core\Inc\stm32f1xx_it.h_save
2023-11-07 13:50:30,439 [INFO] CodeEngine:279 - Generated code: D:\STM32\RCC\Core\Inc\stm32f1xx_it.h
2023-11-07 13:50:30,476 [INFO] CodeEngine:255 - oldGeneratedFile, D:\STM32\RCC\Core\Src\stm32f1xx_hal_msp.c_save
2023-11-07 13:50:30,769 [INFO] CodeEngine:279 - Generated code: D:\STM32\RCC\Core\Src\stm32f1xx_hal_msp.c
2023-11-07 13:50:30,771 [INFO] CodeEngine:255 - oldGeneratedFile, D:\STM32\RCC\MXTmpFiles\system.tmp_save
2023-11-07 13:50:30,850 [INFO] CodeEngine:279 - Generated code: D:\STM32\RCC\MXTmpFiles\system.tmp
2023-11-07 13:50:30,869 [INFO] CodeEngine:311 - oldGeneratedFile, D:\STM32\RCC\Core\Inc\stm32f1xx_hal_conf.h_save
2023-11-07 13:50:31,068 [INFO] CodeEngine:335 - Generated code: D:\STM32\RCC\Core\Inc\stm32f1xx_hal_conf.h
2023-11-07 13:50:31,102 [INFO] CodeEngine:255 - oldGeneratedFile, D:\STM32\RCC\Core\Inc\main.h_save
2023-11-07 13:50:31,189 [INFO] CodeEngine:279 - Generated code: D:\STM32\RCC\Core\Inc\main.h
2023-11-07 13:50:31,201 [INFO] CodeEngine:255 - oldGeneratedFile, D:\STM32\RCC\Core\Src\main.c_save
2023-11-07 13:50:31,281 [INFO] CodeEngine:279 - Generated code: D:\STM32\RCC\Core\Src\main.c
2023-11-07 13:50:32,431 [INFO] ProjectBuilder:3064 - Time for Copy HAL[1] : 201mS.
2023-11-07 13:50:32,432 [INFO] ProjectBuilder:4404 - Project Generator version: 4.1.0
2023-11-07 13:50:32,682 [INFO] ConfigFileManager:1457 - The Die is : DIE410
2023-11-07 13:50:37,571 [INFO] ProjectBuilder:4626 - Time for Generating toolchain IDE Files: 5135mS.
2023-11-07 13:50:37,581 [INFO] ProjectBuilder:2935 - Time for Copy CMSIS : 9mS.
2023-11-07 13:50:37,582 [INFO] ProjectBuilder:2935 - Time for Copy CMSIS : 0mS.
2023-11-07 15:01:19,002 [INFO] UtilMem:75 - End SaveConfig() Used Memory: 747741360 Bytes (859832320)
2023-11-07 15:01:19,795 [INFO] BlockDiagram:2759 - set Specific Code input for plugin: NVIC
2023-11-07 15:01:19,795 [INFO] BlockDiagram:2759 - set Specific Code input for plugin: TIM1_8F1
2023-11-07 15:01:19,795 [INFO] BlockDiagram:2759 - set Specific Code input for plugin: SYS
2023-11-07 15:01:19,796 [INFO] BlockDiagram:2759 - set Specific Code input for plugin: GPIO
2023-11-07 15:01:19,796 [INFO] BlockDiagram:2759 - set Specific Code input for plugin: RCC
2023-11-07 15:01:19,801 [INFO] CodeGenerator:799 - code generatio: config db path: C:\ST\STM32CubeIDE_1.12.0\STM32CubeIDE\plugins\com.st.stm32cube.common.mx_6.9.2.202309101412\\db\
2023-11-07 15:01:20,471 [INFO] CodeEngine:255 - oldGeneratedFile, D:\STM32\RCC\MXTmpFiles\license.tmp_save
2023-11-07 15:01:20,985 [INFO] CodeEngine:279 - Generated code: D:\STM32\RCC\MXTmpFiles\license.tmp
2023-11-07 15:01:21,252 [INFO] CodeEngine:255 - oldGeneratedFile, D:\STM32\RCC\Core\Src\gpio.c_save
2023-11-07 15:01:22,557 [INFO] CodeEngine:279 - Generated code: D:\STM32\RCC\Core\Src\gpio.c
2023-11-07 15:01:22,620 [INFO] CodeEngine:255 - oldGeneratedFile, D:\STM32\RCC\Core\Inc\gpio.h_save
2023-11-07 15:01:22,934 [INFO] CodeEngine:279 - Generated code: D:\STM32\RCC\Core\Inc\gpio.h
2023-11-07 15:01:23,264 [INFO] CodeEngine:255 - oldGeneratedFile, D:\STM32\RCC\Core\Src\tim.c_save
2023-11-07 15:01:23,430 [INFO] CodeEngine:279 - Generated code: D:\STM32\RCC\Core\Src\tim.c
2023-11-07 15:01:23,446 [INFO] CodeEngine:255 - oldGeneratedFile, D:\STM32\RCC\Core\Inc\tim.h_save
2023-11-07 15:01:23,526 [INFO] CodeEngine:279 - Generated code: D:\STM32\RCC\Core\Inc\tim.h
2023-11-07 15:01:23,549 [INFO] CodeEngine:255 - oldGeneratedFile, D:\STM32\RCC\Core\Src\stm32f1xx_it.c_save
2023-11-07 15:01:24,043 [INFO] CodeEngine:279 - Generated code: D:\STM32\RCC\Core\Src\stm32f1xx_it.c
2023-11-07 15:01:24,047 [INFO] CodeEngine:255 - oldGeneratedFile, D:\STM32\RCC\Core\Inc\stm32f1xx_it.h_save
2023-11-07 15:01:24,254 [INFO] CodeEngine:279 - Generated code: D:\STM32\RCC\Core\Inc\stm32f1xx_it.h
2023-11-07 15:01:24,301 [INFO] CodeEngine:255 - oldGeneratedFile, D:\STM32\RCC\Core\Src\stm32f1xx_hal_msp.c_save
2023-11-07 15:01:24,472 [INFO] CodeEngine:279 - Generated code: D:\STM32\RCC\Core\Src\stm32f1xx_hal_msp.c
2023-11-07 15:01:24,476 [INFO] CodeEngine:255 - oldGeneratedFile, D:\STM32\RCC\MXTmpFiles\system.tmp_save
2023-11-07 15:01:24,579 [INFO] CodeEngine:279 - Generated code: D:\STM32\RCC\MXTmpFiles\system.tmp
2023-11-07 15:01:24,604 [INFO] CodeEngine:311 - oldGeneratedFile, D:\STM32\RCC\Core\Inc\stm32f1xx_hal_conf.h_save
2023-11-07 15:01:24,774 [INFO] CodeEngine:335 - Generated code: D:\STM32\RCC\Core\Inc\stm32f1xx_hal_conf.h
2023-11-07 15:01:24,883 [INFO] CodeEngine:255 - oldGeneratedFile, D:\STM32\RCC\Core\Inc\main.h_save
2023-11-07 15:01:25,071 [INFO] CodeEngine:279 - Generated code: D:\STM32\RCC\Core\Inc\main.h
2023-11-07 15:01:25,105 [INFO] CodeEngine:255 - oldGeneratedFile, D:\STM32\RCC\Core\Src\main.c_save
2023-11-07 15:01:25,271 [INFO] CodeEngine:279 - Generated code: D:\STM32\RCC\Core\Src\main.c
2023-11-07 15:01:26,222 [INFO] ProjectBuilder:3064 - Time for Copy HAL[1] : 191mS.
2023-11-07 15:01:26,231 [INFO] ProjectBuilder:4404 - Project Generator version: 4.1.0
2023-11-07 15:01:26,573 [INFO] ConfigFileManager:1457 - The Die is : DIE410
2023-11-07 15:01:30,335 [INFO] ProjectBuilder:4626 - Time for Generating toolchain IDE Files: 4102mS.
2023-11-07 15:01:30,336 [INFO] ProjectBuilder:2935 - Time for Copy CMSIS : 1mS.
2023-11-07 15:01:30,338 [INFO] ProjectBuilder:2935 - Time for Copy CMSIS : 1mS.
2023-11-07 15:02:58,346 [INFO] NvicIntPanel:101 - NVIC parent = com.st.microxplorer.plugins.ip.nvic.MultiNvicIntPanel[,0,0,0x0,invalid,layout=javax.swing.BoxLayout,alignmentX=0.0,alignmentY=0.0,border=,flags=9,maximumSize=,minimumSize=,preferredSize=]
2023-11-07 15:04:38,040 [INFO] UtilMem:75 - End SaveConfig() Used Memory: 561095304 Bytes (966787072)
2023-11-07 15:04:38,152 [INFO] UtilMem:75 - End SaveConfig() Used Memory: 576595384 Bytes (966787072)
2023-11-07 15:04:39,022 [INFO] UtilMem:75 - End SaveConfig() Used Memory: 305551568 Bytes (988807168)
2023-11-07 15:04:39,419 [INFO] BlockDiagram:2759 - set Specific Code input for plugin: NVIC
2023-11-07 15:04:39,419 [INFO] BlockDiagram:2759 - set Specific Code input for plugin: TIM1_8F1
2023-11-07 15:04:39,419 [INFO] BlockDiagram:2759 - set Specific Code input for plugin: SYS
2023-11-07 15:04:39,419 [INFO] BlockDiagram:2759 - set Specific Code input for plugin: GPIO
2023-11-07 15:04:39,419 [INFO] BlockDiagram:2759 - set Specific Code input for plugin: RCC
2023-11-07 15:04:39,420 [INFO] CodeGenerator:799 - code generatio: config db path: C:\ST\STM32CubeIDE_1.12.0\STM32CubeIDE\plugins\com.st.stm32cube.common.mx_6.9.2.202309101412\\db\
2023-11-07 15:04:39,563 [INFO] CodeEngine:255 - oldGeneratedFile, D:\STM32\RCC\MXTmpFiles\license.tmp_save
2023-11-07 15:04:39,664 [INFO] CodeEngine:279 - Generated code: D:\STM32\RCC\MXTmpFiles\license.tmp
2023-11-07 15:04:39,706 [INFO] CodeEngine:255 - oldGeneratedFile, D:\STM32\RCC\Core\Src\gpio.c_save
2023-11-07 15:04:39,829 [INFO] CodeEngine:279 - Generated code: D:\STM32\RCC\Core\Src\gpio.c
2023-11-07 15:04:39,833 [INFO] CodeEngine:255 - oldGeneratedFile, D:\STM32\RCC\Core\Inc\gpio.h_save
2023-11-07 15:04:39,899 [INFO] CodeEngine:279 - Generated code: D:\STM32\RCC\Core\Inc\gpio.h
2023-11-07 15:04:40,008 [INFO] CodeEngine:255 - oldGeneratedFile, D:\STM32\RCC\Core\Src\tim.c_save
2023-11-07 15:04:40,139 [INFO] CodeEngine:279 - Generated code: D:\STM32\RCC\Core\Src\tim.c
2023-11-07 15:04:40,146 [INFO] CodeEngine:255 - oldGeneratedFile, D:\STM32\RCC\Core\Inc\tim.h_save
2023-11-07 15:04:40,204 [INFO] CodeEngine:279 - Generated code: D:\STM32\RCC\Core\Inc\tim.h
2023-11-07 15:04:40,219 [INFO] CodeEngine:255 - oldGeneratedFile, D:\STM32\RCC\Core\Src\stm32f1xx_it.c_save
2023-11-07 15:04:40,315 [INFO] CodeEngine:279 - Generated code: D:\STM32\RCC\Core\Src\stm32f1xx_it.c
2023-11-07 15:04:40,318 [INFO] CodeEngine:255 - oldGeneratedFile, D:\STM32\RCC\Core\Inc\stm32f1xx_it.h_save
2023-11-07 15:04:40,373 [INFO] CodeEngine:279 - Generated code: D:\STM32\RCC\Core\Inc\stm32f1xx_it.h
2023-11-07 15:04:40,389 [INFO] CodeEngine:255 - oldGeneratedFile, D:\STM32\RCC\Core\Src\stm32f1xx_hal_msp.c_save
2023-11-07 15:04:40,462 [INFO] CodeEngine:279 - Generated code: D:\STM32\RCC\Core\Src\stm32f1xx_hal_msp.c
2023-11-07 15:04:40,465 [INFO] CodeEngine:255 - oldGeneratedFile, D:\STM32\RCC\MXTmpFiles\system.tmp_save
2023-11-07 15:04:40,507 [INFO] CodeEngine:279 - Generated code: D:\STM32\RCC\MXTmpFiles\system.tmp
2023-11-07 15:04:40,524 [INFO] CodeEngine:311 - oldGeneratedFile, D:\STM32\RCC\Core\Inc\stm32f1xx_hal_conf.h_save
2023-11-07 15:04:40,617 [INFO] CodeEngine:335 - Generated code: D:\STM32\RCC\Core\Inc\stm32f1xx_hal_conf.h
2023-11-07 15:04:40,651 [INFO] CodeEngine:255 - oldGeneratedFile, D:\STM32\RCC\Core\Inc\main.h_save
2023-11-07 15:04:40,739 [INFO] CodeEngine:279 - Generated code: D:\STM32\RCC\Core\Inc\main.h
2023-11-07 15:04:40,751 [INFO] CodeEngine:255 - oldGeneratedFile, D:\STM32\RCC\Core\Src\main.c_save
2023-11-07 15:04:40,822 [INFO] CodeEngine:279 - Generated code: D:\STM32\RCC\Core\Src\main.c
2023-11-07 15:04:42,337 [INFO] ProjectBuilder:3064 - Time for Copy HAL[1] : 501mS.
2023-11-07 15:04:42,340 [INFO] ProjectBuilder:4404 - Project Generator version: 4.1.0
2023-11-07 15:04:42,557 [INFO] ConfigFileManager:1457 - The Die is : DIE410
2023-11-07 15:04:45,776 [INFO] ProjectBuilder:4626 - Time for Generating toolchain IDE Files: 3436mS.
2023-11-07 15:04:45,777 [INFO] ProjectBuilder:2935 - Time for Copy CMSIS : 0mS.
2023-11-07 15:04:45,778 [INFO] ProjectBuilder:2935 - Time for Copy CMSIS : 0mS.
2023-11-07 17:30:12,303 [ERROR] LogOutputStream:75 - [STDERR_REDIRECT] 
