2023-12-27 13:47:18,576 [INFO] Activator:176 - 


2023-12-27 13:47:18,581 [INFO] Activator:177 - !SESSION log4j initialized
2023-12-27 13:47:24,257 [ERROR] LogOutputStream:75 - [STDERR_REDIRECT] ?.?. 27, 2023 1:47:24 ??????? org.glassfish.grizzly.http.server.NetworkListener start
2023-12-27 13:47:24,259 [ERROR] LogOutputStream:75 - [STDERR_REDIRECT] INFO: Started listener bound to [localhost:1595]
2023-12-27 13:47:24,260 [ERROR] LogOutputStream:75 - [STDERR_REDIRECT] 
2023-12-27 13:47:24,262 [ERROR] LogOutputStream:75 - [STDERR_REDIRECT] ?.?. 27, 2023 1:47:24 ??????? org.glassfish.grizzly.http.server.HttpServer start
2023-12-27 13:47:24,264 [ERROR] LogOutputStream:75 - [STDERR_REDIRECT] INFO: [HttpServer] Started.
2023-12-27 13:47:24,265 [ERROR] LogOutputStream:75 - [STDERR_REDIRECT] 
2023-12-27 13:47:25,918 [INFO] LogOutputStream:77 - [STDOUT_REDIRECT] 
2023-12-27 13:47:26,817 [INFO] ApplicationProperties:184 - Using Application install path: C:\ST\STM32CubeIDE_1.12.0\STM32CubeIDE\plugins\com.st.stm32cube.common.mx_6.10.0.202311202037
2023-12-27 13:47:26,838 [INFO] DbMcusXml:78 - Set database path to: C:\ST\STM32CubeIDE_1.12.0\STM32CubeIDE\plugins\com.st.stm32cube.common.mx_6.10.0.202311202037\\db\/mcu/
2023-12-27 13:47:26,839 [INFO] ApiDb:274 - Set plugin database path to: C:\ST\STM32CubeIDE_1.12.0\STM32CubeIDE\plugins\com.st.stm32cube.common.mx_6.10.0.202311202037\\db\/plugins/boardmanager/
2023-12-27 13:47:26,839 [WARN] ApiDb:259 - Overriding images path with different value:  => C:\ST\STM32CubeIDE_1.12.0\STM32CubeIDE\plugins\com.st.stm32cube.common.mx_6.10.0.202311202037\\db\/plugins/mcufinder/images/
2023-12-27 13:47:26,856 [INFO] ApiDb:250 - Set database path to: C:\Users\user\.stmcufinder\plugins\mcufinder//mcu/
2023-12-27 13:47:26,858 [INFO] DbMcusAds:125 - Set database path to: C:\Users\user\.stmcufinder\plugins\mcufinder//mcu/
2023-12-27 13:47:26,861 [INFO] CrossReferenceDbSqlite:203 - Set database path to: C:\Users\user\.stmcufinder\plugins\mcufinder//mcu/cs/
2023-12-27 13:47:27,005 [INFO] RulesReader:64 - Compatibility file has been processed (297 Rules)
2023-12-27 13:47:27,109 [INFO] DbMcusXml:78 - Set database path to: C:\ST\STM32CubeIDE_1.12.0\STM32CubeIDE\plugins\com.st.stm32cube.common.mx_6.10.0.202311202037\\db\/mcu/
2023-12-27 13:47:27,110 [INFO] ApiDb:274 - Set plugin database path to: C:\ST\STM32CubeIDE_1.12.0\STM32CubeIDE\plugins\com.st.stm32cube.common.mx_6.10.0.202311202037\\db\/plugins/boardmanager/
2023-12-27 13:47:27,110 [INFO] ApiDb:261 - Set plugin images path to: C:\ST\STM32CubeIDE_1.12.0\STM32CubeIDE\plugins\com.st.stm32cube.common.mx_6.10.0.202311202037\\db\/plugins/mcufinder/images/
2023-12-27 13:47:27,110 [WARN] DbFile:41 - Overriding database path with different value: C:\Users\user\.stmcufinder\plugins\mcufinder/ => C:\Users\user\.stmcufinder\plugins\mcufinder
2023-12-27 13:47:27,110 [INFO] ApiDb:250 - Set database path to: C:\Users\user\.stmcufinder\plugins\mcufinder//mcu/
2023-12-27 13:47:27,110 [WARN] DbFile:41 - Overriding database path with different value: C:\Users\user\.stmcufinder\plugins\mcufinder/ => C:\Users\user\.stmcufinder\plugins\mcufinder
2023-12-27 13:47:27,110 [INFO] DbMcusAds:125 - Set database path to: C:\Users\user\.stmcufinder\plugins\mcufinder//mcu/
2023-12-27 13:47:27,110 [WARN] DbFile:41 - Overriding database path with different value: C:\Users\user\.stmcufinder\plugins\mcufinder/ => C:\Users\user\.stmcufinder\plugins\mcufinder
2023-12-27 13:47:27,110 [WARN] DbFile:41 - Overriding database path with different value: C:\Users\user\.stmcufinder\plugins\mcufinder/ => C:\Users\user\.stmcufinder\plugins\mcufinder
2023-12-27 13:47:27,111 [INFO] CrossReferenceDbSqlite:203 - Set database path to: C:\Users\user\.stmcufinder\plugins\mcufinder//mcu/cs/
2023-12-27 13:47:27,307 [INFO] MainPanel:264 - HeapMemory: 277872640
2023-12-27 13:47:27,436 [INFO] DbMcusXml:78 - Set database path to: C:\ST\STM32CubeIDE_1.12.0\STM32CubeIDE\plugins\com.st.stm32cube.common.mx_6.10.0.202311202037\\db\/mcu/
2023-12-27 13:47:27,436 [INFO] ApiDb:274 - Set plugin database path to: C:\ST\STM32CubeIDE_1.12.0\STM32CubeIDE\plugins\com.st.stm32cube.common.mx_6.10.0.202311202037\\db\/plugins/boardmanager/
2023-12-27 13:47:27,436 [INFO] ApiDb:261 - Set plugin images path to: C:\ST\STM32CubeIDE_1.12.0\STM32CubeIDE\plugins\com.st.stm32cube.common.mx_6.10.0.202311202037\\db\/plugins/mcufinder/images/
2023-12-27 13:47:27,437 [WARN] DbFile:41 - Overriding database path with different value: C:\Users\user\.stmcufinder\plugins\mcufinder/ => C:\Users\user\.stmcufinder\plugins\mcufinder
2023-12-27 13:47:27,437 [INFO] ApiDb:250 - Set database path to: C:\Users\user\.stmcufinder\plugins\mcufinder//mcu/
2023-12-27 13:47:27,437 [WARN] DbFile:41 - Overriding database path with different value: C:\Users\user\.stmcufinder\plugins\mcufinder/ => C:\Users\user\.stmcufinder\plugins\mcufinder
2023-12-27 13:47:27,437 [INFO] DbMcusAds:125 - Set database path to: C:\Users\user\.stmcufinder\plugins\mcufinder//mcu/
2023-12-27 13:47:27,437 [WARN] DbFile:41 - Overriding database path with different value: C:\Users\user\.stmcufinder\plugins\mcufinder/ => C:\Users\user\.stmcufinder\plugins\mcufinder
2023-12-27 13:47:27,437 [WARN] DbFile:41 - Overriding database path with different value: C:\Users\user\.stmcufinder\plugins\mcufinder/ => C:\Users\user\.stmcufinder\plugins\mcufinder
2023-12-27 13:47:27,437 [INFO] CrossReferenceDbSqlite:203 - Set database path to: C:\Users\user\.stmcufinder\plugins\mcufinder//mcu/cs/
2023-12-27 13:47:27,470 [INFO] ApplicationProperties:184 - Using Application install path: C:\ST\STM32CubeIDE_1.12.0\STM32CubeIDE\plugins\com.st.stm32cube.common.mx_6.10.0.202311202037
2023-12-27 13:47:27,472 [INFO] PluginManage:196 - Search for loadable plugins [exclusion list=, ]
2023-12-27 13:47:27,474 [INFO] PluginManage:310 - Check plugin analytics
2023-12-27 13:47:27,685 [INFO] AnalyticsPlugin:253 - Accepted Software Licenses: STM32CubeMX.6.8.0,STM32CubeMX.6.8.1,STM32CubeMX.6.5.0,STM32CubeMX.6.9.1,STM32CubeMX.6.9.2,STM32CubeMX.6.10.0
2023-12-27 13:47:27,685 [INFO] AnalyticsPlugin:255 - Accepted CMSIS Pack Licenses: emotas.I-CUBE-CANOPEN.1.1.3,STMicroelectronics.X-CUBE-TOUCHGFX.4.21.0,STMicroelectronics.X-CUBE-TOUCHGFX.4.21.1,STMicroelectronics.X-CUBE-TOUCHGFX.4.18.0,STMicroelectronics.X-CUBE-TOUCHGFX.4.22.1,STMicroelectronics.X-CUBE-AZRTOS-H7.3.1.0,STMicroelectronics.X-CUBE-AZRTOS-H7.3.2.0,ITTIA_DB.I-CUBE-ITTIADB.8.8.0
2023-12-27 13:47:27,685 [INFO] AnalyticsPlugin:257 - Accepted Firmware Licenses: FW.H7.1.11.0,FW.G0.1.6.0,FW.F4.1.27.0
2023-12-27 13:47:27,688 [INFO] PluginManage:359 - Loaded plugin analytics (category:tool,tabindex:-1)
2023-12-27 13:47:27,688 [INFO] PluginManage:310 - Check plugin cadmodel
2023-12-27 13:47:27,699 [INFO] CADModel:105 - Init CAD model plugin
2023-12-27 13:47:27,700 [INFO] PluginManage:359 - Loaded plugin cadmodel (category:power,tabindex:5)
2023-12-27 13:47:27,700 [INFO] PluginManage:310 - Check plugin clock
2023-12-27 13:47:27,716 [INFO] PluginManage:359 - Loaded plugin clock (category:base,tabindex:2)
2023-12-27 13:47:27,717 [INFO] PluginManage:310 - Check plugin ddr
2023-12-27 13:47:27,720 [INFO] PluginManage:359 - Loaded plugin ddr (category:tool,tabindex:6)
2023-12-27 13:47:27,720 [INFO] PluginManage:310 - Check plugin filemanager
2023-12-27 13:47:27,916 [INFO] PluginManage:359 - Loaded plugin filemanager (category:base,tabindex:10)
2023-12-27 13:47:27,916 [INFO] PluginManage:310 - Check plugin ipmanager
2023-12-27 13:47:27,927 [INFO] PluginManage:359 - Loaded plugin ipmanager (category:base,tabindex:5)
2023-12-27 13:47:27,927 [INFO] PluginManage:310 - Check plugin lpbam
2023-12-27 13:47:27,942 [INFO] PluginManage:359 - Loaded plugin lpbam (category:base,tabindex:0)
2023-12-27 13:47:27,943 [INFO] PluginManage:310 - Check plugin memorymap
2023-12-27 13:47:27,959 [INFO] PluginManage:359 - Loaded plugin memorymap (category:base,tabindex:4)
2023-12-27 13:47:27,959 [INFO] PluginManage:310 - Check plugin pinoutandconfiguration
2023-12-27 13:47:27,966 [INFO] PluginManage:359 - Loaded plugin pinoutandconfiguration (category:base,tabindex:1)
2023-12-27 13:47:27,967 [INFO] PluginManage:310 - Check plugin pinoutconfig
2023-12-27 13:47:28,052 [WARN] SupportedApi:132 - Cannot load RTOS API schema: s4s-elt-must-match.1: The content of 'definitions' must match (annotation?, (simpleType | complexType)?, (unique | key | keyref)*)). A problem was found starting at: attribute.
2023-12-27 13:47:28,227 [INFO] PluginManage:359 - Loaded plugin pinoutconfig (category:base,tabindex:0)
2023-12-27 13:47:28,228 [INFO] PluginManage:310 - Check plugin power
2023-12-27 13:47:28,239 [INFO] PluginManage:359 - Loaded plugin power (category:power,tabindex:4)
2023-12-27 13:47:28,241 [INFO] PluginManage:310 - Check plugin projectmanager
2023-12-27 13:47:28,261 [INFO] PluginManage:359 - Loaded plugin projectmanager (category:projectmanager,tabindex:3)
2023-12-27 13:47:28,262 [INFO] PluginManage:310 - Check plugin thirdparty
2023-12-27 13:47:28,446 [INFO] PluginManage:359 - Loaded plugin thirdparty (category:base,tabindex:-1)
2023-12-27 13:47:28,446 [INFO] PluginManage:310 - Check plugin tools
2023-12-27 13:47:28,446 [WARN] IntegrityCheckThread:84 - waiting for thirdparty lock release [integrity check]
2023-12-27 13:47:28,447 [INFO] IntegrityCheckThread:86 - entering critical section [integrity check]
2023-12-27 13:47:28,448 [INFO] ThirdPartyUpdaterWithRetryManager:70 - Updater plugin not ready yet. [1/15]
2023-12-27 13:47:28,450 [INFO] PluginManage:359 - Loaded plugin tools (category:base,tabindex:7)
2023-12-27 13:47:28,450 [INFO] PluginManage:310 - Check plugin tutovideos
2023-12-27 13:47:28,611 [INFO] PluginManage:359 - Loaded plugin tutovideos (category:base,tabindex:-1)
2023-12-27 13:47:28,611 [INFO] PluginManage:310 - Check plugin updater
2023-12-27 13:47:28,622 [INFO] PluginManage:359 - Loaded plugin updater (category:base,tabindex:12)
2023-12-27 13:47:28,622 [INFO] PluginManage:310 - Check plugin userauth
2023-12-27 13:47:28,628 [INFO] UserAuth:114 - Init User Auth plugin
2023-12-27 13:47:28,628 [INFO] PluginManage:359 - Loaded plugin userauth (category:base,tabindex:14)
2023-12-27 13:47:28,629 [INFO] PluginManage:283 - PluginManage : Loaded plugins [17]
2023-12-27 13:47:28,946 [INFO] PinOutPanel:1499 - setPackage(No Configuration,No Configuration)
2023-12-27 13:47:29,124 [INFO] CADModel:165 - CPN selected for project level
2023-12-27 13:47:29,124 [INFO] CADModel:114 - Register for checkConnection events
2023-12-27 13:47:29,149 [INFO] IPUIPlugin:80 - create IPUIPlugin
2023-12-27 13:47:29,149 [INFO] PluginManager:220 - loadIPPluginJar : add adc
2023-12-27 13:47:29,153 [INFO] IPUIPlugin:80 - create IPUIPlugin
2023-12-27 13:47:29,153 [INFO] PluginManager:220 - loadIPPluginJar : add aes
2023-12-27 13:47:29,157 [INFO] IPUIPlugin:80 - create IPUIPlugin
2023-12-27 13:47:29,157 [INFO] PluginManager:220 - loadIPPluginJar : add can
2023-12-27 13:47:29,160 [INFO] IPUIPlugin:80 - create IPUIPlugin
2023-12-27 13:47:29,161 [INFO] PluginManager:220 - loadIPPluginJar : add comp
2023-12-27 13:47:29,164 [INFO] IPUIPlugin:80 - create IPUIPlugin
2023-12-27 13:47:29,165 [INFO] PluginManager:220 - loadIPPluginJar : add cryp
2023-12-27 13:47:29,169 [INFO] IPUIPlugin:80 - create IPUIPlugin
2023-12-27 13:47:29,169 [INFO] PluginManager:220 - loadIPPluginJar : add dfsdm
2023-12-27 13:47:29,179 [INFO] IPUIPlugin:80 - create IPUIPlugin
2023-12-27 13:47:29,181 [INFO] PluginManager:220 - loadIPPluginJar : add dma
2023-12-27 13:47:29,186 [INFO] IPUIPlugin:80 - create IPUIPlugin
2023-12-27 13:47:29,186 [INFO] PluginManager:220 - loadIPPluginJar : add dma3
2023-12-27 13:47:29,188 [INFO] IPUIPlugin:80 - create IPUIPlugin
2023-12-27 13:47:29,188 [INFO] PluginManager:220 - loadIPPluginJar : add fatfs
2023-12-27 13:47:29,196 [INFO] IPUIPlugin:80 - create IPUIPlugin
2023-12-27 13:47:29,196 [INFO] PluginManager:220 - loadIPPluginJar : add fmc
2023-12-27 13:47:29,206 [INFO] IPUIPlugin:80 - create IPUIPlugin
2023-12-27 13:47:29,207 [INFO] PluginManager:220 - loadIPPluginJar : add freertos
2023-12-27 13:47:29,210 [INFO] IPUIPlugin:80 - create IPUIPlugin
2023-12-27 13:47:29,210 [INFO] PluginManager:220 - loadIPPluginJar : add genericplugin
2023-12-27 13:47:29,214 [INFO] IPUIPlugin:80 - create IPUIPlugin
2023-12-27 13:47:29,214 [INFO] PluginManager:220 - loadIPPluginJar : add gfxmmu
2023-12-27 13:47:29,222 [INFO] IPUIPlugin:80 - create IPUIPlugin
2023-12-27 13:47:29,222 [INFO] PluginManager:220 - loadIPPluginJar : add gic
2023-12-27 13:47:29,235 [INFO] IPUIPlugin:80 - create IPUIPlugin
2023-12-27 13:47:29,235 [INFO] PluginManager:220 - loadIPPluginJar : add gpio
2023-12-27 13:47:29,243 [INFO] IPUIPlugin:80 - create IPUIPlugin
2023-12-27 13:47:29,244 [INFO] PluginManager:220 - loadIPPluginJar : add gtzc
2023-12-27 13:47:29,252 [INFO] IPUIPlugin:80 - create IPUIPlugin
2023-12-27 13:47:29,252 [INFO] PluginManager:220 - loadIPPluginJar : add hash
2023-12-27 13:47:29,260 [INFO] IPUIPlugin:80 - create IPUIPlugin
2023-12-27 13:47:29,260 [INFO] PluginManager:220 - loadIPPluginJar : add i2c
2023-12-27 13:47:29,264 [INFO] IPUIPlugin:80 - create IPUIPlugin
2023-12-27 13:47:29,264 [INFO] PluginManager:220 - loadIPPluginJar : add i2s
2023-12-27 13:47:29,268 [INFO] IPUIPlugin:80 - create IPUIPlugin
2023-12-27 13:47:29,269 [INFO] PluginManager:220 - loadIPPluginJar : add i3c
2023-12-27 13:47:29,273 [INFO] IPUIPlugin:80 - create IPUIPlugin
2023-12-27 13:47:29,273 [INFO] PluginManager:220 - loadIPPluginJar : add ipddr
2023-12-27 13:47:29,289 [INFO] IPUIPlugin:80 - create IPUIPlugin
2023-12-27 13:47:29,289 [INFO] PluginManager:220 - loadIPPluginJar : add linkedlist
2023-12-27 13:47:29,293 [INFO] IPUIPlugin:80 - create IPUIPlugin
2023-12-27 13:47:29,293 [INFO] PluginManager:220 - loadIPPluginJar : add lorawan
2023-12-27 13:47:29,296 [INFO] IPUIPlugin:80 - create IPUIPlugin
2023-12-27 13:47:29,296 [INFO] PluginManager:220 - loadIPPluginJar : add ltdc
2023-12-27 13:47:29,304 [INFO] IPUIPlugin:80 - create IPUIPlugin
2023-12-27 13:47:29,305 [INFO] PluginManager:220 - loadIPPluginJar : add mdma
2023-12-27 13:47:29,311 [INFO] IPUIPlugin:80 - create IPUIPlugin
2023-12-27 13:47:29,311 [INFO] PluginManager:220 - loadIPPluginJar : add nvic
2023-12-27 13:47:29,315 [INFO] IPUIPlugin:80 - create IPUIPlugin
2023-12-27 13:47:29,315 [INFO] PluginManager:220 - loadIPPluginJar : add opamp
2023-12-27 13:47:29,321 [INFO] IPUIPlugin:80 - create IPUIPlugin
2023-12-27 13:47:29,322 [INFO] PluginManager:220 - loadIPPluginJar : add openamp
2023-12-27 13:47:29,326 [INFO] IPUIPlugin:80 - create IPUIPlugin
2023-12-27 13:47:29,326 [INFO] PluginManager:220 - loadIPPluginJar : add pdm2pcm
2023-12-27 13:47:29,334 [INFO] IPUIPlugin:80 - create IPUIPlugin
2023-12-27 13:47:29,338 [INFO] PluginManager:220 - loadIPPluginJar : add plateformsettings
2023-12-27 13:47:29,340 [INFO] IPUIPlugin:80 - create IPUIPlugin
2023-12-27 13:47:29,340 [INFO] PluginManager:220 - loadIPPluginJar : add quadspi
2023-12-27 13:47:29,347 [INFO] IPUIPlugin:80 - create IPUIPlugin
2023-12-27 13:47:29,347 [INFO] PluginManager:220 - loadIPPluginJar : add resmgrutility
2023-12-27 13:47:29,352 [INFO] IPUIPlugin:80 - create IPUIPlugin
2023-12-27 13:47:29,352 [INFO] PluginManager:220 - loadIPPluginJar : add sai
2023-12-27 13:47:29,356 [INFO] IPUIPlugin:80 - create IPUIPlugin
2023-12-27 13:47:29,356 [INFO] PluginManager:220 - loadIPPluginJar : add spi
2023-12-27 13:47:29,376 [INFO] IPUIPlugin:80 - create IPUIPlugin
2023-12-27 13:47:29,377 [INFO] PluginManager:220 - loadIPPluginJar : add stm32_wpan
2023-12-27 13:47:29,381 [INFO] IPUIPlugin:80 - create IPUIPlugin
2023-12-27 13:47:29,382 [INFO] PluginManager:220 - loadIPPluginJar : add tim
2023-12-27 13:47:29,387 [INFO] IPUIPlugin:80 - create IPUIPlugin
2023-12-27 13:47:29,387 [INFO] PluginManager:220 - loadIPPluginJar : add touchsensing
2023-12-27 13:47:29,390 [INFO] IPUIPlugin:80 - create IPUIPlugin
2023-12-27 13:47:29,390 [INFO] PluginManager:220 - loadIPPluginJar : add tracer_emb
2023-12-27 13:47:29,394 [INFO] IPUIPlugin:80 - create IPUIPlugin
2023-12-27 13:47:29,394 [INFO] PluginManager:220 - loadIPPluginJar : add ts
2023-12-27 13:47:29,397 [INFO] IPUIPlugin:80 - create IPUIPlugin
2023-12-27 13:47:29,398 [INFO] PluginManager:220 - loadIPPluginJar : add tsc
2023-12-27 13:47:29,403 [INFO] IPUIPlugin:80 - create IPUIPlugin
2023-12-27 13:47:29,403 [INFO] PluginManager:220 - loadIPPluginJar : add ucpd
2023-12-27 13:47:29,408 [INFO] IPUIPlugin:80 - create IPUIPlugin
2023-12-27 13:47:29,408 [INFO] PluginManager:220 - loadIPPluginJar : add usart
2023-12-27 13:47:29,413 [INFO] IPUIPlugin:80 - create IPUIPlugin
2023-12-27 13:47:29,413 [INFO] PluginManager:220 - loadIPPluginJar : add usbx
2023-12-27 13:47:29,560 [INFO] CADModel:165 - CPN selected for project level
2023-12-27 13:47:29,560 [INFO] CADModel:114 - Register for checkConnection events
2023-12-27 13:47:29,560 [FATAL] Updater:308 - Updater called before beeing initialized
2023-12-27 13:47:29,560 [ERROR] CADModel:125 - Updater not yet initialized, retry later 
2023-12-27 13:47:29,749 [INFO] CADModel:165 - CPN selected for project level
2023-12-27 13:47:29,749 [INFO] CADModel:114 - Register for checkConnection events
2023-12-27 13:47:29,749 [FATAL] Updater:308 - Updater called before beeing initialized
2023-12-27 13:47:29,749 [ERROR] CADModel:125 - Updater not yet initialized, retry later 
2023-12-27 13:47:29,754 [FATAL] Updater:308 - Updater called before beeing initialized
2023-12-27 13:47:29,921 [FATAL] Updater:308 - Updater called before beeing initialized
2023-12-27 13:47:29,932 [INFO] DbMcusAds:53 - JSON generation date=Wed Nov 29 17:52:27 ICT 2023 (1701255147349)
2023-12-27 13:47:29,933 [FATAL] Updater:308 - Updater called before beeing initialized
2023-12-27 13:47:29,978 [WARN] DetailPanel:346 - Failed to get advertising image, set to default
2023-12-27 13:47:30,092 [FATAL] Updater:308 - Updater called before beeing initialized
2023-12-27 13:47:30,095 [FATAL] Updater:308 - Updater called before beeing initialized
2023-12-27 13:47:30,095 [FATAL] Updater:308 - Updater called before beeing initialized
2023-12-27 13:47:30,095 [WARN] DetailPanel:346 - Failed to get advertising image, set to default
2023-12-27 13:47:30,096 [FATAL] Updater:308 - Updater called before beeing initialized
2023-12-27 13:47:30,359 [ERROR] Updater:1120 - MainUpdater not yet initialized. External WinMGr cannot be set.
2023-12-27 13:47:30,362 [INFO] Updater:1056 - Updater Version found : 6.10.0
2023-12-27 13:47:30,388 [INFO] ApplicationProperties:184 - Using Application install path: C:\ST\STM32CubeIDE_1.12.0\STM32CubeIDE\plugins\com.st.stm32cube.common.mx_6.10.0.202311202037
2023-12-27 13:47:31,262 [INFO] MainUpdater:2873 - connection check result : 10
2023-12-27 13:47:31,262 [INFO] MainUpdater:290 - Updater Check For Update Now.
2023-12-27 13:47:31,263 [INFO] MicroXplorer:498 - Change Database Version : DB.6.0.100
2023-12-27 13:47:31,269 [INFO] McuFinderGlobals:63 - Set McuFinder mode to 2 (CubeIDE integrated)
2023-12-27 13:47:31,282 [INFO] UserAuth:404 - Internet connection configuration mode: 1
2023-12-27 13:47:31,310 [INFO] JxBrowserEngine:152 - Initiate JxBrowser Engine with user profile folder
2023-12-27 13:47:31,450 [WARN] MainUpdater:1194 - Updater busy. Cannot search thirdparties
2023-12-27 13:47:31,451 [INFO] ThirdPartyUpdaterWithRetryManager:96 - Updater plugin is busy. [1/15]
2023-12-27 13:47:31,490 [INFO] CheckServerUpdateThread:120 - End of CheckServer Thread
2023-12-27 13:47:34,222 [INFO] WebApp:161 - Instantiating new browser for Auth
2023-12-27 13:47:34,688 [WARN] PackLoader:240 - Cannot read IP mode file for STMicroelectronics.X-CUBE-SMBUS.2.1.0
2023-12-27 13:47:34,714 [WARN] PackLoader:240 - Cannot read IP mode file for STMicroelectronics.X-CUBE-TOUCHGFX.4.23.0
2023-12-27 13:47:34,929 [WARN] PackLoader:240 - Cannot read IP mode file for STMicroelectronics.X-CUBE-AZRTOS-F7.1.1.0
2023-12-27 13:47:34,955 [WARN] PackLoader:240 - Cannot read IP mode file for STMicroelectronics.FP-SNS-MOTENV1.4.3.2
2023-12-27 13:47:35,009 [WARN] PackLoader:240 - Cannot read IP mode file for STMicroelectronics.FP-SNS-FLIGHT1.5.0.2
2023-12-27 13:47:35,032 [WARN] PackLoader:240 - Cannot read IP mode file for STMicroelectronics.X-CUBE-DISPLAY.3.0.0
2023-12-27 13:47:35,054 [WARN] PackLoader:240 - Cannot read IP mode file for STMicroelectronics.X-CUBE-BLE1.7.0.0
2023-12-27 13:47:35,070 [WARN] PackLoader:240 - Cannot read IP mode file for emotas.I-CUBE-CANOPEN.1.3.0
2023-12-27 13:47:35,151 [WARN] PackLoader:240 - Cannot read IP mode file for STMicroelectronics.X-CUBE-TOUCHGFX.4.22.0
2023-12-27 13:47:35,236 [WARN] PackLoader:240 - Cannot read IP mode file for STMicroelectronics.X-CUBE-TOUCHGFX.4.22.1
2023-12-27 13:47:35,312 [WARN] PackLoader:240 - Cannot read IP mode file for STMicroelectronics.FP-SNS-SMARTAG2.1.2.0
2023-12-27 13:47:35,337 [INFO] LogOutputStream:77 - [STDOUT_REDIRECT] 1 : Invalid condition id : UX_CORESTACK_Condition cause : null
2023-12-27 13:47:35,339 [INFO] LogOutputStream:77 - [STDOUT_REDIRECT] 1 : Invalid condition id : UX_CORESTACK_Condition cause : null
2023-12-27 13:47:35,340 [INFO] LogOutputStream:77 - [STDOUT_REDIRECT] 1 : Invalid condition id : UX_CORESTACK_Condition cause : null
2023-12-27 13:47:35,342 [INFO] LogOutputStream:77 - [STDOUT_REDIRECT] 1 : Invalid condition id : UX_CORESTACK_Condition cause : null
2023-12-27 13:47:35,342 [INFO] LogOutputStream:77 - [STDOUT_REDIRECT] 1 : Invalid condition id : UX_CORESTACK_Condition cause : null
2023-12-27 13:47:35,346 [WARN] PackLoader:240 - Cannot read IP mode file for STMicroelectronics.X-CUBE-AZRTOS-WL.2.0.0
2023-12-27 13:47:35,376 [WARN] PackLoader:240 - Cannot read IP mode file for WES.I-CUBE-Cesium.1.3.0
2023-12-27 13:47:35,496 [WARN] PackLoader:240 - Cannot read IP mode file for STMicroelectronics.X-CUBE-BLE2.3.3.0
2023-12-27 13:47:35,514 [WARN] PackLoader:240 - Cannot read IP mode file for STMicroelectronics.X-CUBE-TOUCHGFX.4.18.0
2023-12-27 13:47:35,521 [INFO] WebApp:780 - Register for checkConnection events
2023-12-27 13:47:35,521 [INFO] WebApp:414 - Apply proxy settings
2023-12-27 13:47:35,521 [INFO] WebApp:499 - Chromium requires no authentication
2023-12-27 13:47:35,540 [INFO] WebApp:442 - Direct internet connection detected
2023-12-27 13:47:35,679 [WARN] PackLoader:240 - Cannot read IP mode file for STMicroelectronics.X-CUBE-TOUCHGFX.4.21.1
2023-12-27 13:47:35,765 [WARN] PackLoader:240 - Cannot read IP mode file for STMicroelectronics.X-CUBE-TOUCHGFX.4.21.0
2023-12-27 13:47:35,823 [WARN] PackLoader:240 - Cannot read IP mode file for STMicroelectronics.X-CUBE-TOUCHGFX.4.21.4
2023-12-27 13:47:35,885 [WARN] PackLoader:240 - Cannot read IP mode file for STMicroelectronics.X-CUBE-ALGOBUILD.1.3.0
2023-12-27 13:47:35,887 [INFO] WebApp:192 - Starting web application
2023-12-27 13:47:35,888 [INFO] WebApp:544 - Web application path used C:\ST\STM32CubeIDE_1.12.0\STM32CubeIDE\plugins\com.st.stm32cube.common.mx_6.10.0.202311202037\db\plugins\mcufinder\reactClient1\index.html
2023-12-27 13:47:35,926 [WARN] PackLoader:240 - Cannot read IP mode file for STMicroelectronics.X-CUBE-AZRTOS-G0.1.1.0
2023-12-27 13:47:35,943 [WARN] PackLoader:240 - Cannot read IP mode file for STMicroelectronics.X-CUBE-NFC4.3.0.0
2023-12-27 13:47:35,964 [WARN] PackLoader:240 - Cannot read IP mode file for STMicroelectronics.X-CUBE-BLEMGR.3.0.0
2023-12-27 13:47:35,978 [WARN] PackLoader:240 - Cannot read IP mode file for STMicroelectronics.FP-ATR-SIGFOX1.3.2.0
2023-12-27 13:47:35,992 [WARN] PackLoader:240 - Cannot read IP mode file for STMicroelectronics.X-CUBE-GNSS1.6.0.0
2023-12-27 13:47:36,156 [WARN] PackLoader:240 - Cannot read IP mode file for STMicroelectronics.X-CUBE-AZRTOS-F4.1.1.0
2023-12-27 13:47:36,184 [WARN] PackLoader:240 - Cannot read IP mode file for wolfSSL.I-CUBE-wolfSSL.5.6.4
2023-12-27 13:47:36,215 [WARN] PackLoader:240 - Cannot read IP mode file for STMicroelectronics.X-CUBE-AZRTOS-L5.2.0.0
2023-12-27 13:47:36,232 [WARN] PackLoader:240 - Cannot read IP mode file for STMicroelectronics.X-CUBE-EEPRMA1.4.2.0
2023-12-27 13:47:36,251 [WARN] PackLoader:240 - Cannot read IP mode file for ITTIA_DB.I-CUBE-ITTIADB.8.8.0
2023-12-27 13:47:36,312 [WARN] PackLoader:240 - Cannot read IP mode file for emotas.I-CUBE-CANOPEN.1.1.3
2023-12-27 13:47:36,381 [WARN] ConditionMgr:438 - getConditionDescription Invalid condition id : UX DEVICE CLASS RTOS Condition cause : null
2023-12-27 13:47:36,382 [WARN] ConditionMgr:438 - getConditionDescription Invalid condition id : UX DEVICE CLASS RTOS Condition cause : null
2023-12-27 13:47:36,385 [WARN] PackLoader:240 - Cannot read IP mode file for STMicroelectronics.X-CUBE-AZRTOS-H7.3.1.0
2023-12-27 13:47:36,386 [WARN] ConditionMgr:1039 - genDependencies : Invalid condition id : UX DEVICE CLASS RTOS Condition cause : null
2023-12-27 13:47:36,386 [WARN] ConditionMgr:1039 - genDependencies : Invalid condition id : UX DEVICE CLASS RTOS Condition cause : null
2023-12-27 13:47:36,386 [WARN] ConditionMgr:1039 - genDependencies : Invalid condition id : UX DEVICE CLASS RTOS Condition cause : null
2023-12-27 13:47:36,387 [WARN] ConditionMgr:1039 - genDependencies : Invalid condition id : UX DEVICE CLASS RTOS Condition cause : null
2023-12-27 13:47:36,387 [WARN] ConditionMgr:1039 - genDependencies : Invalid condition id : UX DEVICE CLASS RTOS Condition cause : null
2023-12-27 13:47:36,390 [WARN] ConditionMgr:438 - getConditionDescription Invalid condition id : UX DEVICE CLASS RTOS Condition cause : null
2023-12-27 13:47:36,390 [WARN] ConditionMgr:438 - getConditionDescription Invalid condition id : UX DEVICE CLASS RTOS Condition cause : null
2023-12-27 13:47:36,552 [WARN] PackLoader:240 - Cannot read IP mode file for STMicroelectronics.X-CUBE-NFC7.1.0.1
2023-12-27 13:47:36,573 [WARN] PackLoader:240 - Cannot read IP mode file for STMicroelectronics.X-CUBE-NFC6.3.0.0
2023-12-27 13:47:36,591 [WARN] PackLoader:240 - Cannot read IP mode file for STMicroelectronics.X-CUBE-AI.8.1.0
2023-12-27 13:47:36,620 [WARN] ConditionMgr:438 - getConditionDescription Invalid condition id : LAN8742 Phy interface Condition cause : null
2023-12-27 13:47:36,621 [WARN] PackLoader:240 - Cannot read IP mode file for STMicroelectronics.X-CUBE-AZRTOS-L4.2.0.0
2023-12-27 13:47:36,628 [WARN] ConditionMgr:1039 - genDependencies : Invalid condition id : LAN8742 Phy interface Condition cause : null
2023-12-27 13:47:36,628 [WARN] ConditionMgr:1039 - genDependencies : Invalid condition id : LAN8742 Phy interface Condition cause : null
2023-12-27 13:47:36,629 [WARN] ConditionMgr:1039 - genDependencies : Invalid condition id : LAN8742 Phy interface Condition cause : null
2023-12-27 13:47:36,646 [WARN] PackLoader:240 - Cannot read IP mode file for STMicroelectronics.X-CUBE-SFXS2LP1.4.0.0
2023-12-27 13:47:36,662 [WARN] PackLoader:240 - Cannot read IP mode file for STMicroelectronics.X-CUBE-ISPU.1.1.0
2023-12-27 13:47:36,685 [WARN] ConditionMgr:438 - getConditionDescription Invalid condition id : UX DEVICE CLASS RTOS Condition cause : null
2023-12-27 13:47:36,685 [WARN] ConditionMgr:438 - getConditionDescription Invalid condition id : UX DEVICE CLASS RTOS Condition cause : null
2023-12-27 13:47:36,686 [WARN] PackLoader:240 - Cannot read IP mode file for STMicroelectronics.X-CUBE-AZRTOS-WB.2.0.0
2023-12-27 13:47:36,687 [WARN] ConditionMgr:1039 - genDependencies : Invalid condition id : UX DEVICE CLASS RTOS Condition cause : null
2023-12-27 13:47:36,687 [WARN] ConditionMgr:1039 - genDependencies : Invalid condition id : UX DEVICE CLASS RTOS Condition cause : null
2023-12-27 13:47:36,687 [WARN] ConditionMgr:1039 - genDependencies : Invalid condition id : UX DEVICE CLASS RTOS Condition cause : null
2023-12-27 13:47:36,688 [WARN] ConditionMgr:1039 - genDependencies : Invalid condition id : UX DEVICE CLASS RTOS Condition cause : null
2023-12-27 13:47:36,688 [WARN] ConditionMgr:1039 - genDependencies : Invalid condition id : UX DEVICE CLASS RTOS Condition cause : null
2023-12-27 13:47:36,704 [WARN] PackLoader:240 - Cannot read IP mode file for STMicroelectronics.X-CUBE-SUBG2.5.0.0
2023-12-27 13:47:36,725 [WARN] PackLoader:240 - Cannot read IP mode file for STMicroelectronics.X-CUBE-TOF1.3.3.1
2023-12-27 13:47:36,812 [WARN] PackLoader:240 - Cannot read IP mode file for STMicroelectronics.X-CUBE-AZRTOS-G4.2.0.0
2023-12-27 13:47:36,840 [WARN] PackLoader:240 - Cannot read IP mode file for STMicroelectronics.X-CUBE-TOF1.3.3.0
2023-12-27 13:47:36,930 [WARN] PackLoader:240 - Cannot read IP mode file for Infineon.AIROC-Wi-Fi-Bluetooth-STM32.1.5.1
2023-12-27 13:47:36,946 [WARN] PackLoader:240 - Cannot read IP mode file for STMicroelectronics.FP-SNS-MOTENVWB1.1.3.0
2023-12-27 13:47:36,959 [WARN] PackLoader:240 - Cannot read IP mode file for STMicroelectronics.FP-SNS-MOTENVWB1.1.3.1
2023-12-27 13:47:36,967 [WARN] PackLoader:240 - Cannot read IP mode file for STMicroelectronics.X-CUBE-ISPU.2.0.0
2023-12-27 13:47:37,059 [WARN] PackLoader:240 - Cannot read IP mode file for STMicroelectronics.X-CUBE-MEMS1.10.0.0
2023-12-27 13:47:37,202 [WARN] PackLoader:240 - Cannot read IP mode file for STMicroelectronics.X-CUBE-FREERTOS.1.1.0
2023-12-27 13:47:37,217 [WARN] PackLoader:240 - Cannot read IP mode file for portGmbH.I-Cube-SoM-uGOAL.1.1.0
2023-12-27 13:47:37,290 [WARN] PackLoader:240 - Cannot read IP mode file for STMicroelectronics.X-CUBE-ALS.1.0.1
2023-12-27 13:47:37,305 [WARN] PackLoader:240 - Cannot read IP mode file for STMicroelectronics.FP-ATR-ASTRA1.2.0.0
2023-12-27 13:47:37,329 [WARN] PackLoader:240 - Cannot read IP mode file for STMicroelectronics.X-CUBE-TOF1.3.4.0
2023-12-27 13:47:37,455 [WARN] PackLoader:240 - Cannot read IP mode file for STMicroelectronics.X-CUBE-AZRTOS-H7.3.2.0
2023-12-27 13:47:37,565 [INFO] ThirdParty:978 - Integrity check success = true
2023-12-27 13:47:37,565 [INFO] IntegrityCheckThread:100 - exiting critical section [integrity check]
2023-12-27 13:47:37,565 [INFO] IntegrityCheckThread:103 - End integrity checks thread
2023-12-27 13:50:20,189 [INFO] McuFinderGlobals:63 - Set McuFinder mode to 2 (CubeIDE integrated)
2023-12-27 13:50:20,194 [INFO] MainUpdater:2873 - connection check result : 10
2023-12-27 13:50:20,195 [INFO] MainUpdater:2873 - connection check result : 10
2023-12-27 13:50:20,252 [INFO] MicroXplorer:468 - Change Database Path : 
2023-12-27 13:50:20,252 [INFO] MicroXplorer:498 - Change Database Version : DB.6.0.100
2023-12-27 13:50:20,257 [WARN] ThirdParty:871 - waiting for thirdparty lock release [close project]
2023-12-27 13:50:20,258 [INFO] ThirdParty:873 - entering critical section [close project]
2023-12-27 13:50:20,261 [INFO] ThirdParty:883 - exiting critical section [close project]
2023-12-27 13:50:20,263 [INFO] PinOutPanel:1499 - setPackage(No Configuration,No Configuration)
2023-12-27 13:50:20,280 [INFO] UtilMem:75 - Begin LoadConfig() Used Memory: 354810016 Bytes (675282944)
2023-12-27 13:50:20,283 [INFO] MicroXplorer:468 - Change Database Path : 
2023-12-27 13:50:20,283 [INFO] MicroXplorer:498 - Change Database Version : DB.6.0.100
2023-12-27 13:50:20,283 [INFO] OpenFileManager:312 - Change cursor
2023-12-27 13:50:20,339 [INFO] Mcu:2016 - Initializing MCU STM32H750XBHx STM32H750XBHx STM32H750XBH6
2023-12-27 13:50:24,828 [INFO] Context:659 - Trying to add GPIOservice into a context  which must be forbidden
2023-12-27 13:50:27,529 [INFO] RtosManager:555 - Registered RTOS mode: class=CMSIS, group=RTOS, mode=CMSIS_V1, owner=FREERTOS
2023-12-27 13:50:27,529 [INFO] RtosManager:555 - Registered RTOS mode: class=CMSIS, group=RTOS2, mode=CMSIS_V2, owner=FREERTOS
2023-12-27 13:50:27,529 [INFO] RtosManager:555 - Registered RTOS mode: class=RTOS, group=Core, mode=CMSIS_V1, owner=FREERTOS
2023-12-27 13:50:27,529 [INFO] RtosManager:555 - Registered RTOS mode: class=RTOS, group=Core, mode=CMSIS_V2, owner=FREERTOS
2023-12-27 13:50:27,529 [WARN] ModelIntegratedComponent:184 - Missing modes for component STMicroelectronics:FreeRTOS:0.0.1:STMicroelectronics:RTOS:FreeRTOS:Core:::10.2.0:
2023-12-27 13:50:27,569 [WARN] ModelIntegratedComponent:63 - No mode defined for component null
2023-12-27 13:50:27,569 [WARN] ModelIntegratedComponent:63 - No mode defined for component null
2023-12-27 13:50:27,570 [WARN] ModelIntegratedComponent:63 - No mode defined for component null
2023-12-27 13:50:27,570 [WARN] ModelIntegratedComponent:63 - No mode defined for component null
2023-12-27 13:50:27,570 [WARN] ModelIntegratedComponent:63 - No mode defined for component null
2023-12-27 13:50:27,570 [WARN] ModelIntegratedComponent:63 - No mode defined for component null
2023-12-27 13:50:27,570 [WARN] ModelIntegratedComponent:63 - No mode defined for component null
2023-12-27 13:50:27,570 [WARN] ModelIntegratedComponent:63 - No mode defined for component null
2023-12-27 13:50:27,570 [WARN] ModelIntegratedComponent:63 - No mode defined for component null
2023-12-27 13:50:27,570 [WARN] ModelIntegratedComponent:63 - No mode defined for component null
2023-12-27 13:50:27,570 [WARN] ModelIntegratedComponent:63 - No mode defined for component null
2023-12-27 13:50:27,570 [WARN] ModelIntegratedComponent:63 - No mode defined for component null
2023-12-27 13:50:27,570 [WARN] ModelIntegratedComponent:63 - No mode defined for component null
2023-12-27 13:50:27,570 [WARN] ModelIntegratedComponent:63 - No mode defined for component null
2023-12-27 13:50:27,570 [WARN] ModelIntegratedComponent:63 - No mode defined for component null
2023-12-27 13:50:27,570 [WARN] ModelIntegratedComponent:63 - No mode defined for component null
2023-12-27 13:50:27,570 [WARN] ModelIntegratedComponent:63 - No mode defined for component null
2023-12-27 13:50:27,570 [WARN] ModelIntegratedComponent:63 - No mode defined for component null
2023-12-27 13:50:27,570 [WARN] ModelIntegratedComponent:63 - No mode defined for component null
2023-12-27 13:50:27,570 [WARN] ModelIntegratedComponent:63 - No mode defined for component null
2023-12-27 13:50:27,570 [WARN] ModelIntegratedComponent:63 - No mode defined for component null
2023-12-27 13:50:27,570 [WARN] ModelIntegratedComponent:63 - No mode defined for component null
2023-12-27 13:50:27,570 [WARN] ModelIntegratedComponent:63 - No mode defined for component null
2023-12-27 13:50:27,570 [WARN] ModelIntegratedComponent:63 - No mode defined for component null
2023-12-27 13:50:27,570 [WARN] ModelIntegratedComponent:63 - No mode defined for component null
2023-12-27 13:50:27,570 [WARN] ModelIntegratedComponent:63 - No mode defined for component null
2023-12-27 13:50:27,570 [WARN] ModelIntegratedComponent:63 - No mode defined for component null
2023-12-27 13:50:27,570 [WARN] ModelIntegratedComponent:63 - No mode defined for component null
2023-12-27 13:50:27,570 [WARN] ModelIntegratedComponent:63 - No mode defined for component null
2023-12-27 13:50:27,570 [WARN] ModelIntegratedComponent:63 - No mode defined for component null
2023-12-27 13:50:27,570 [WARN] ModelIntegratedComponent:63 - No mode defined for component null
2023-12-27 13:50:27,570 [WARN] ModelIntegratedComponent:63 - No mode defined for component null
2023-12-27 13:50:27,570 [WARN] ModelIntegratedComponent:63 - No mode defined for component null
2023-12-27 13:50:27,741 [INFO] ThirdPartyModel:298 - Start build external matchings
2023-12-27 13:50:28,135 [INFO] ThirdPartyModel:316 - End build external matchings
2023-12-27 13:50:28,149 [INFO] RtosManager:919 - Current active RTOS is FREERTOS [Cortex-M7NS]
2023-12-27 13:50:28,153 [INFO] ImportTextPane:194 - (OptionalMessage_ERROR) IP (CORTEX_M7) : Parameter (Size_S) has invalid value (null)
2023-12-27 13:50:28,153 [INFO] ImportTextPane:194 - (OptionalMessage_ERROR) IP (CORTEX_M7) : Parameter (AccessPermission_S) has invalid value (null)
2023-12-27 13:50:28,154 [INFO] ImportTextPane:194 - (OptionalMessage_ERROR) IP (CORTEX_M7) : Parameter (DisableExec_S) has invalid value (null)
2023-12-27 13:50:28,154 [INFO] ImportTextPane:194 - (OptionalMessage_ERROR) IP (CORTEX_M7) : Parameter (TypeExtField_S) has invalid value (null)
2023-12-27 13:50:28,154 [INFO] ImportTextPane:194 - (OptionalMessage_ERROR) IP (CORTEX_M7) : Parameter (Size_S) has invalid value (null)
2023-12-27 13:50:28,154 [INFO] ImportTextPane:194 - (OptionalMessage_ERROR) IP (CORTEX_M7) : Parameter (AccessPermission_S) has invalid value (null)
2023-12-27 13:50:28,154 [INFO] ImportTextPane:194 - (OptionalMessage_ERROR) IP (CORTEX_M7) : Parameter (DisableExec_S) has invalid value (null)
2023-12-27 13:50:28,154 [INFO] ImportTextPane:194 - (OptionalMessage_ERROR) IP (CORTEX_M7) : Parameter (IsShareable_S) has invalid value (null)
2023-12-27 13:50:28,154 [INFO] ImportTextPane:194 - (OptionalMessage_ERROR) IP (CORTEX_M7) : Parameter (IsBufferable_S) has invalid value (null)
2023-12-27 13:50:28,154 [INFO] ImportTextPane:194 - (OptionalMessage_ERROR) IP (CORTEX_M7) : Parameter (Size_S) has invalid value (null)
2023-12-27 13:50:28,154 [INFO] ImportTextPane:194 - (OptionalMessage_ERROR) IP (CORTEX_M7) : Parameter (AccessPermission_S) has invalid value (null)
2023-12-27 13:50:28,154 [INFO] ImportTextPane:194 - (OptionalMessage_ERROR) IP (CORTEX_M7) : Parameter (IsCacheable_S) has invalid value (null)
2023-12-27 13:50:28,154 [INFO] ImportTextPane:194 - (OptionalMessage_ERROR) IP (CORTEX_M7) : Parameter (IsBufferable_S) has invalid value (null)
2023-12-27 13:50:28,155 [INFO] ImportTextPane:194 - (OptionalMessage_ERROR) IP (ETH) : Invalid parameter (RxBuffAddress)
2023-12-27 13:50:28,180 [WARN] IP:2119 - LWIP_NETIF_HOSTNAME not found: check if there is a RefParameter without a condition.
2023-12-27 13:50:28,238 [INFO] ImportTextPane:194 - (OptionalMessage_ERROR) IP (RCC) : Parameter (FDCANFreq_Value) has invalid value (200000000)
2023-12-27 13:50:28,239 [INFO] ImportTextPane:194 - (OptionalMessage_ERROR) IP (RCC) : Invalid parameter (FamilyName)
2023-12-27 13:50:28,243 [INFO] ImportTextPane:194 - (OptionalMessage_ERROR) IP (RCC) : Parameter (SAI1Freq_Value) has invalid value (200000000)
2023-12-27 13:50:28,244 [INFO] ImportTextPane:194 - (OptionalMessage_ERROR) IP (RCC) : Parameter (SAI23Freq_Value) has invalid value (200000000)
2023-12-27 13:50:28,244 [INFO] ImportTextPane:194 - (OptionalMessage_ERROR) IP (RCC) : Parameter (SAI4AFreq_Value) has invalid value (200000000)
2023-12-27 13:50:28,244 [INFO] ImportTextPane:194 - (OptionalMessage_ERROR) IP (RCC) : Parameter (SAI4BFreq_Value) has invalid value (200000000)
2023-12-27 13:50:28,245 [INFO] ImportTextPane:194 - (OptionalMessage_ERROR) IP (RCC) : Parameter (USBFreq_Value) has invalid value (200000000)
2023-12-27 13:50:29,207 [INFO] UtilMem:75 - End LoadConfig() Used Memory: 679024352 Bytes (864026624)
2023-12-27 13:50:29,384 [INFO] ApiDb:581 - Connected to CubeFinder SQLite database (C:\Users\user\.stmcufinder\plugins\mcufinder\mcu\cube-finder-db.db)
2023-12-27 13:50:29,455 [INFO] ApiDb:668 - CubeFinder database Data Model version=2.1
2023-12-27 13:50:29,455 [INFO] ApiDb:669 - CubeFinder database Configuration version=3.0.39
2023-12-27 13:50:29,455 [INFO] ApiDb:670 - CubeFinder database generation date=2023-11-06 (1699269565)
2023-12-27 13:50:29,455 [INFO] ApiDb:671 - CubeFinder database FW Pack versions=[FP-ATR-ASTRA1_V2.0.0, FP-SNS-FLIGHT1_V5.0.1, FP-SNS-FLIGHT1_V5.0.2, FP-SNS-MOTENV1_V4.3.1, FP-SNS-MOTENV1_V4.3.2, FP-SNS-MOTENVWB1_V1.3.0, FP-SNS-SMARTAG2_V1.2.0, STM32Cube_FW_C0_V1.1.0, STM32Cube_FW_F4_V1.28.0, STM32Cube_FW_F7_V1.17.0, STM32Cube_FW_G0_V1.6.1, STM32Cube_FW_G4_V1.5.1, STM32Cube_FW_H5_V0.5.1, STM32Cube_FW_H5_V1.1.1, STM32Cube_FW_H5_V1.2.0RC2, STM32Cube_FW_H7_V1.11.0, STM32Cube_FW_L0_V1.12.2, STM32Cube_FW_L5_V1.5.0, STM32Cube_FW_U5_V1.3.0RC4, STM32Cube_FW_U5_V1.4.0, STM32Cube_FW_WBA_V1.0.0RC1, STM32Cube_FW_WBA_V1.1.0RC1, STM32Cube_FW_WBA_V1.2.0, STM32Cube_FW_WBA_V1.2.0RC2, STM32Cube_FW_WB_V1.15.0RC1, STM32Cube_FW_WB_V1.16.0, STM32Cube_FW_WB_V1.16.0RC2, STM32Cube_FW_WB_V1.18.0, STM32Cube_FW_WL_V1.3.0, X-CUBE-ALGOBUILD_V1.3.0, X-CUBE-ALS_V1.0.1, X-CUBE-AZRTOS-F4_V1.1.0, X-CUBE-AZRTOS-F7_V1.1.0, X-CUBE-AZRTOS-G0_V1.1.0, X-CUBE-AZRTOS-G4_V2.0.0, X-CUBE-AZRTOS-H7_V3.1.0, X-CUBE-AZRTOS-L4_V1.0.0, X-CUBE-AZRTOS-L4_V2.0.0, X-CUBE-AZRTOS-L5_V1.1.0, X-CUBE-AZRTOS-WB_V2.0.0, X-CUBE-AZRTOS-WL_V2.0.0, X-CUBE-BLE1_V7.0.0, X-CUBE-BLE2_V3.3.0, X-CUBE-BLEMGR_V2.0.0, X-CUBE-EEPRMA1_V4.1.0, X-CUBE-EEPRMA1_V4.2.0, X-CUBE-FREERTOS_V1.1.0, X-CUBE-GNSS1_V6.0.0, X-CUBE-MEMS1_V10.0.0, X-CUBE-MEMS1_V9.1.0, X-CUBE-MEMS1_V9.4.0, X-CUBE-MEMS1_V9.6.0, X-CUBE-NFC4_V3.0.0, X-CUBE-NFC7_V1.0.1, X-CUBE-SFXS2LP1_V4.0.0, X-CUBE-SUBG2_V5.0.0, X-CUBE-TOF1_V3.3.1]
2023-12-27 13:50:31,395 [INFO] ApiDb:240 - Found 371 in-development CPN: [B-G473E-ZEST1S, B-WB1M-WPAN1, B-WL5M-SUBG1, NUCLEO-C031C6, NUCLEO-H503RB, NUCLEO-H563ZI, NUCLEO-U545RE-Q, NUCLEO-U5A5ZJ-Q, NUCLEO-WBA52CG, NUCLEO-WBA55CG, STEVAL-MKBOXPRO, STEVAL-PROTEUS1, STEVAL-STWINBX1, STM320518-EVAL, STM32C0116-DK, STM32C011D6Y3TR, STM32C011D6Y6TR, STM32C011F4P3, STM32C011F4P6, STM32C011F4U3, STM32C011F4U6TR, STM32C011F6P3, STM32C011F6P6, STM32C011F6U3, STM32C011F6U6TR, STM32C011J4M3, STM32C011J4M6, STM32C011J6M3, STM32C011J6M6, STM32C0316-DK, STM32C031C4T3, STM32C031C4T6, STM32C031C4U3, STM32C031C4U6, STM32C031C6T3, STM32C031C6T6, STM32C031C6U3, STM32C031C6U6, STM32C031F4P3, STM32C031F4P6, STM32C031F6P3, STM32C031F6P6, STM32C031G4U3, STM32C031G4U6, STM32C031G6U3, STM32C031G6U6, STM32C031K4T3, STM32C031K4T6, STM32C031K4U3, STM32C031K4U6, STM32C031K6T3, STM32C031K6T6, STM32C031K6U3, STM32C031K6U6, STM32G071K8TXN, STM32G071K8UXN, STM32G081GBU6N, STM32G081KBT6N, STM32G081KBUXN, STM32G0B1CCT6N, STM32G0B1KCT6, STM32G0B1NEY6TR, STM32G0B1RCT6N, STM32G0C1CCT6, STM32G0C1CCT6N, STM32G0C1CCU6N, STM32G0C1CET6N, STM32G0C1CEU6N, STM32G0C1KCT6, STM32G0C1NEY6TR, STM32G0C1RCI6N, STM32G0C1RCT6N, STM32G0C1REI6N, STM32G0C1RET6N, STM32G0C1VCI6, STM32G0C1VEI6, STM32G471CCT6, STM32G471CCU6, STM32G471CET3, STM32G471CET6, STM32G471CEU3, STM32G471CEU6, STM32G471MCT6, STM32G471MET3, STM32G471MET6, STM32G471MEY6TR, STM32G471QCT6, STM32G471QET3, STM32G471RCT6, STM32G471RET3, STM32G471RET6, STM32G471VCH6, STM32G471VCI6, STM32G471VCT6, STM32G471VEH3, STM32G471VEH6, STM32G471VEI3, STM32G471VEI6, STM32G471VET3, STM32G471VET6, STM32G474CCT6, STM32H503CBT6, STM32H503CBU6, STM32H503EBY6TR, STM32H503KBU6, STM32H503RBT6, STM32H562AGI6, STM32H562AII6, STM32H562IGK6, STM32H562IGT6, STM32H562IIK6, STM32H562IIT6, STM32H562RGT6, STM32H562RGV6, STM32H562RIT6, STM32H562RIV6, STM32H562VGT6, STM32H562VIT6, STM32H562ZGT6, STM32H562ZIT6, STM32H563AGI6, STM32H563AII3Q, STM32H563AII6, STM32H563IGK6, STM32H563IGT6, STM32H563IIK3Q, STM32H563IIK6, STM32H563IIT3Q, STM32H563IIT6, STM32H563MIY3QTR, STM32H563RGT6, STM32H563RGV6, STM32H563RIT6, STM32H563RIV6, STM32H563VGT6, STM32H563VIT3Q, STM32H563VIT6, STM32H563ZGT6, STM32H563ZIT3Q, STM32H563ZIT6, STM32H573AII3Q, STM32H573AII6, STM32H573I-DK, STM32H573IIK3Q, STM32H573IIK6, STM32H573IIT3Q, STM32H573IIT6, STM32H573MIY3QTR, STM32H573RIT6, STM32H573RIV6, STM32H573VIT3Q, STM32H573VIT6, STM32H573ZIT3Q, STM32H573ZIT6, STM32L4R5QGI6STR, STM32MP131AAE3, STM32MP131AAF3, STM32MP131AAG3, STM32MP131CAE3, STM32MP131CAF3, STM32MP131CAG3, STM32MP131DAE7, STM32MP131DAF7, STM32MP131DAG7, STM32MP131FAE7, STM32MP131FAF7, STM32MP131FAG7, STM32MP133AAE3, STM32MP133AAF3, STM32MP133AAG3, STM32MP133CAE3, STM32MP133CAF3, STM32MP133CAG3, STM32MP133DAE7, STM32MP133DAF7, STM32MP133DAG7, STM32MP133FAE7, STM32MP133FAF7, STM32MP133FAG7, STM32MP135AAE3, STM32MP135AAF3, STM32MP135AAG3, STM32MP135CAE3, STM32MP135CAF3, STM32MP135CAG3, STM32MP135DAE7, STM32MP135DAF7, STM32MP135DAG7, STM32MP135F-DK, STM32MP135FAE7, STM32MP135FAF7, STM32MP135FAF7T, STM32MP135FAF7U, STM32MP135FAG7, STM32U535CBT6, STM32U535CBT6Q, STM32U535CBU6, STM32U535CBU6Q, STM32U535CCT6, STM32U535CCT6Q, STM32U535CCU6, STM32U535CCU6Q, STM32U535CET6, STM32U535CET6Q, STM32U535CEU6, STM32U535CEU6Q, STM32U535JEY6QTR, STM32U535NCY6QTR, STM32U535NEY6QTR, STM32U535RBI6, STM32U535RBI6Q, STM32U535RBT6, STM32U535RBT6Q, STM32U535RCI6, STM32U535RCI6Q, STM32U535RCT6, STM32U535RCT6Q, STM32U535REI6, STM32U535REI6Q, STM32U535RET6, STM32U535RET6Q, STM32U535VCI6, STM32U535VCI6Q, STM32U535VCT6, STM32U535VCT6Q, STM32U535VEI6, STM32U535VEI6Q, STM32U535VET6, STM32U535VET6Q, STM32U545CET6, STM32U545CET6Q, STM32U545CEU6, STM32U545CEU6Q, STM32U545JEY6QTR, STM32U545NEY6QTR, STM32U545REI6, STM32U545REI6Q, STM32U545RET6, STM32U545RET6Q, STM32U545VEI6, STM32U545VEI6Q, STM32U545VET6, STM32U545VET6Q, STM32U595AIH6, STM32U595AIH6Q, STM32U595AJH6, STM32U595AJH6Q, STM32U595QII6, STM32U595QII6Q, STM32U595QJI6, STM32U595QJI6Q, STM32U595RIT6, STM32U595RIT6Q, STM32U595RJT6, STM32U595RJT6Q, STM32U595VIT6, STM32U595VIT6Q, STM32U595VJT6, STM32U595VJT6Q, STM32U595ZIT6, STM32U595ZIT6Q, STM32U595ZIY6QTR, STM32U595ZJT6, STM32U595ZJT6Q, STM32U595ZJY6QTR, STM32U599BJY6QTR, STM32U599NIH6Q, STM32U599NJH6Q, STM32U599VIT6Q, STM32U599VJT6, STM32U599VJT6Q, STM32U599ZIT6Q, STM32U599ZIY6QTR, STM32U599ZJT6Q, STM32U599ZJY6QTR, STM32U5A5AJH6, STM32U5A5AJH6Q, STM32U5A5QJI6, STM32U5A5QJI6Q, STM32U5A5RJT6, STM32U5A5RJT6Q, STM32U5A5VJT6, STM32U5A5VJT6Q, STM32U5A5ZJT6, STM32U5A5ZJT6Q, STM32U5A5ZJY6QTR, STM32U5A9BJY6QTR, STM32U5A9J-DK, STM32U5A9NJH6Q, STM32U5A9VJT6Q, STM32U5A9ZJT6Q, STM32U5A9ZJY6QTR, STM32U5F7VIT6, STM32U5F7VIT6Q, STM32U5F7VJT6, STM32U5F7VJT6Q, STM32U5F9BJY6QTR, STM32U5F9NJH6Q, STM32U5F9VIT6Q, STM32U5F9VJT6Q, STM32U5F9ZIJ6QTR, STM32U5F9ZIT6Q, STM32U5F9ZJJ6QTR, STM32U5F9ZJT6Q, STM32U5G7VJT6, STM32U5G7VJT6Q, STM32U5G9BJY6QTR, STM32U5G9J-DK1, STM32U5G9J-DK2, STM32U5G9NJH6Q, STM32U5G9VJT6Q, STM32U5G9ZJJ6QTR, STM32U5G9ZJT6Q, STM32WB1MMCH6, STM32WBA50KEU6, STM32WBA50KEU6TR, STM32WBA50KGU6, STM32WBA50KGU6TR, STM32WBA52CEU6, STM32WBA52CEU6TR, STM32WBA52CEU7, STM32WBA52CEU7TR, STM32WBA52CGU6, STM32WBA52CGU6TR, STM32WBA52CGU6U, STM32WBA52CGU7, STM32WBA52CGU7TR, STM32WBA52KEU6, STM32WBA52KEU6TR, STM32WBA52KGU6, STM32WBA52KGU6TR, STM32WBA54CEU6, STM32WBA54CEU6TR, STM32WBA54CEU7, STM32WBA54CEU7TR, STM32WBA54CGU6, STM32WBA54CGU6TR, STM32WBA54CGU7, STM32WBA54CGU7TR, STM32WBA54KEU6, STM32WBA54KEU6TR, STM32WBA54KEU7, STM32WBA54KEU7TR, STM32WBA54KGU6, STM32WBA54KGU6TR, STM32WBA54KGU7, STM32WBA54KGU7TR, STM32WBA55CEU6, STM32WBA55CEU6TR, STM32WBA55CEU7, STM32WBA55CEU7TR, STM32WBA55CGU6, STM32WBA55CGU6TR, STM32WBA55CGU6U, STM32WBA55CGU7, STM32WBA55CGU7TR, STM32WBA55G-DK1, STM32WBA55HEF6, STM32WBA55HEF7, STM32WBA55HGF6, STM32WBA55HGF7, STM32WBA55UEI6, STM32WBA55UEI6TR, STM32WBA55UEI7, STM32WBA55UEI7TR, STM32WBA55UGI6, STM32WBA55UGI6TR, STM32WBA55UGI7, STM32WBA55UGI7TR, STM32WL5MOCH6, STM32WL5MOCH6TR]
2023-12-27 13:50:31,400 [INFO] DbMcus:218 - Found 3930 MCUs, 3930 are supported
2023-12-27 13:50:31,405 [INFO] ApiDb:423 - Load user favorites file C:\Users\user/.stm32cubeide/favorites.mcus.txt: 2 item(s)
2023-12-27 13:50:31,405 [INFO] ApiDb:427 - User favorites MCUs=[STM32F103C8T6, STM32H750VBT6]
2023-12-27 13:50:31,405 [INFO] DbMcus:224 - Set 2 / 2 favorites MCUs
2023-12-27 13:50:31,668 [INFO] MicroXplorer:468 - Change Database Path : 
2023-12-27 13:50:31,670 [INFO] MicroXplorer:498 - Change Database Version : DB.6.0.100
2023-12-27 13:50:31,670 [WARN] ThirdParty:833 - waiting for thirdparty lock release [change project]
2023-12-27 13:50:31,670 [INFO] ThirdParty:835 - entering critical section [change project]
2023-12-27 13:50:31,670 [INFO] ThirdParty:1030 - CMSIS Pack Vendor :STMicroelectronics X-CUBE-ISPU 1.1.0
2023-12-27 13:50:31,670 [INFO] ThirdParty:1030 - CMSIS Pack Vendor :STMicroelectronics USBPD 4.1
2023-12-27 13:50:31,670 [INFO] ThirdParty:1030 - CMSIS Pack Vendor :STMicroelectronics X-CUBE-GNSS1 6.0.0
2023-12-27 13:50:31,670 [INFO] ThirdParty:1030 - CMSIS Pack Vendor :STMicroelectronics USB_HOST 2.0.0
2023-12-27 13:50:31,670 [INFO] ThirdParty:1030 - CMSIS Pack Vendor :STMicroelectronics X-CUBE-AZRTOS-F4 1.1.0
2023-12-27 13:50:31,670 [INFO] ThirdParty:1030 - CMSIS Pack Vendor :STMicroelectronics LIBJPEG 8.0.0
2023-12-27 13:50:31,670 [INFO] ThirdParty:1030 - CMSIS Pack Vendor :wolfSSL I-CUBE-wolfSSL 5.6.4
2023-12-27 13:50:31,670 [INFO] ThirdParty:1030 - CMSIS Pack Vendor :STMicroelectronics X-CUBE-SMBUS 2.1.0
2023-12-27 13:50:31,670 [INFO] ThirdParty:1030 - CMSIS Pack Vendor :STMicroelectronics USB_DEVICE 3.0.0
2023-12-27 13:50:31,670 [INFO] ThirdParty:1030 - CMSIS Pack Vendor :STMicroelectronics X-CUBE-AZRTOS-WB 2.0.0
2023-12-27 13:50:31,670 [INFO] ThirdParty:1030 - CMSIS Pack Vendor :STMicroelectronics X-CUBE-TOUCHGFX 4.21.1
2023-12-27 13:50:31,670 [INFO] ThirdParty:1030 - CMSIS Pack Vendor :STMicroelectronics X-CUBE-TOUCHGFX 4.21.0
2023-12-27 13:50:31,670 [INFO] ThirdParty:1030 - CMSIS Pack Vendor :STMicroelectronics X-CUBE-TOUCHGFX 4.23.0
2023-12-27 13:50:31,670 [INFO] ThirdParty:1030 - CMSIS Pack Vendor :STMicroelectronics X-CUBE-AZRTOS-F7 1.1.0
2023-12-27 13:50:31,670 [INFO] ThirdParty:1030 - CMSIS Pack Vendor :STMicroelectronics X-CUBE-TOUCHGFX 4.21.4
2023-12-27 13:50:31,671 [INFO] ThirdParty:1030 - CMSIS Pack Vendor :STMicroelectronics X-CUBE-AZRTOS-L5 2.0.0
2023-12-27 13:50:31,671 [INFO] ThirdParty:1030 - CMSIS Pack Vendor :STMicroelectronics USB_DEVICE 2.0.0
2023-12-27 13:50:31,671 [INFO] ThirdParty:1030 - CMSIS Pack Vendor :STMicroelectronics X-CUBE-EEPRMA1 4.2.0
2023-12-27 13:50:31,671 [INFO] ThirdParty:1030 - CMSIS Pack Vendor :ITTIA_DB I-CUBE-ITTIADB 8.8.0
2023-12-27 13:50:31,671 [INFO] ThirdParty:1030 - CMSIS Pack Vendor :STMicroelectronics FP-SNS-MOTENV1 4.3.2
2023-12-27 13:50:31,671 [INFO] ThirdParty:1030 - CMSIS Pack Vendor :STMicroelectronics X-CUBE-ALGOBUILD 1.3.0
2023-12-27 13:50:31,671 [INFO] ThirdParty:1030 - CMSIS Pack Vendor :STMicroelectronics FreeRTOS 0.0.1
2023-12-27 13:50:31,671 [INFO] ThirdParty:1030 - CMSIS Pack Vendor :STMicroelectronics X-CUBE-AZRTOS-G0 1.1.0
2023-12-27 13:50:31,671 [INFO] ThirdParty:1030 - CMSIS Pack Vendor :emotas I-CUBE-CANOPEN 1.1.3
2023-12-27 13:50:31,671 [INFO] ThirdParty:1030 - CMSIS Pack Vendor :STMicroelectronics X-CUBE-NFC4 3.0.0
2023-12-27 13:50:31,671 [INFO] ThirdParty:1030 - CMSIS Pack Vendor :STMicroelectronics X-CUBE-SUBG2 5.0.0
2023-12-27 13:50:31,671 [INFO] ThirdParty:1030 - CMSIS Pack Vendor :STMicroelectronics STM32_WPAN 1.0.0
2023-12-27 13:50:31,671 [INFO] ThirdParty:1030 - CMSIS Pack Vendor :STMicroelectronics lwIP 2.0.3
2023-12-27 13:50:31,671 [INFO] ThirdParty:1030 - CMSIS Pack Vendor :STMicroelectronics FP-SNS-FLIGHT1 5.0.2
2023-12-27 13:50:31,671 [INFO] ThirdParty:1030 - CMSIS Pack Vendor :STMicroelectronics USB_HOST 1.0.0
2023-12-27 13:50:31,671 [INFO] ThirdParty:1030 - CMSIS Pack Vendor :STMicroelectronics X-CUBE-TOF1 3.3.1
2023-12-27 13:50:31,671 [INFO] ThirdParty:1030 - CMSIS Pack Vendor :STMicroelectronics X-CUBE-AZRTOS-G4 2.0.0
2023-12-27 13:50:31,671 [INFO] ThirdParty:1030 - CMSIS Pack Vendor :STMicroelectronics PDM2PCM 3.1.0
2023-12-27 13:50:31,671 [INFO] ThirdParty:1030 - CMSIS Pack Vendor :STMicroelectronics X-CUBE-AZRTOS-H7 3.1.0
2023-12-27 13:50:31,671 [INFO] ThirdParty:1030 - CMSIS Pack Vendor :STMicroelectronics X-CUBE-TOF1 3.3.0
2023-12-27 13:50:31,671 [INFO] ThirdParty:1030 - CMSIS Pack Vendor :Infineon AIROC-Wi-Fi-Bluetooth-STM32 1.5.1
2023-12-27 13:50:31,671 [INFO] ThirdParty:1030 - CMSIS Pack Vendor :STMicroelectronics X-CUBE-BLEMGR 3.0.0
2023-12-27 13:50:31,671 [INFO] ThirdParty:1030 - CMSIS Pack Vendor :STMicroelectronics PDM2PCM 3.3.0
2023-12-27 13:50:31,671 [INFO] ThirdParty:1030 - CMSIS Pack Vendor :STMicroelectronics X-CUBE-DISPLAY 3.0.0
2023-12-27 13:50:31,671 [INFO] ThirdParty:1030 - CMSIS Pack Vendor :STMicroelectronics FP-SNS-MOTENVWB1 1.3.0
2023-12-27 13:50:31,671 [INFO] ThirdParty:1030 - CMSIS Pack Vendor :STMicroelectronics FP-SNS-MOTENVWB1 1.3.1
2023-12-27 13:50:31,671 [INFO] ThirdParty:1030 - CMSIS Pack Vendor :STMicroelectronics X-CUBE-BLE1 7.0.0
2023-12-27 13:50:31,672 [INFO] ThirdParty:1030 - CMSIS Pack Vendor :STMicroelectronics FP-ATR-SIGFOX1 3.2.0
2023-12-27 13:50:31,672 [INFO] ThirdParty:1030 - CMSIS Pack Vendor :STMicroelectronics X-CUBE-ISPU 2.0.0
2023-12-27 13:50:31,672 [INFO] ThirdParty:1030 - CMSIS Pack Vendor :STMicroelectronics HAL Drivers 0.0.0
2023-12-27 13:50:31,672 [INFO] ThirdParty:1030 - CMSIS Pack Vendor :STMicroelectronics MBEDTLS 2.16.2
2023-12-27 13:50:31,672 [INFO] ThirdParty:1030 - CMSIS Pack Vendor :emotas I-CUBE-CANOPEN 1.3.0
2023-12-27 13:50:31,672 [INFO] ThirdParty:1030 - CMSIS Pack Vendor :STMicroelectronics X-CUBE-MEMS1 10.0.0
2023-12-27 13:50:31,672 [INFO] ThirdParty:1030 - CMSIS Pack Vendor :STMicroelectronics X-CUBE-FREERTOS 1.1.0
2023-12-27 13:50:31,672 [INFO] ThirdParty:1030 - CMSIS Pack Vendor :STMicroelectronics X-CUBE-TOUCHGFX 4.22.0
2023-12-27 13:50:31,672 [INFO] ThirdParty:1030 - CMSIS Pack Vendor :STMicroelectronics X-CUBE-NFC7 1.0.1
2023-12-27 13:50:31,672 [INFO] ThirdParty:1030 - CMSIS Pack Vendor :STMicroelectronics MBEDTLS 2.14.1
2023-12-27 13:50:31,672 [INFO] ThirdParty:1030 - CMSIS Pack Vendor :STMicroelectronics X-CUBE-TOUCHGFX 4.22.1
2023-12-27 13:50:31,672 [INFO] ThirdParty:1030 - CMSIS Pack Vendor :STMicroelectronics X-CUBE-NFC6 3.0.0
2023-12-27 13:50:31,672 [INFO] ThirdParty:1030 - CMSIS Pack Vendor :portGmbH I-Cube-SoM-uGOAL 1.1.0
2023-12-27 13:50:31,672 [INFO] ThirdParty:1030 - CMSIS Pack Vendor :STMicroelectronics X-CUBE-ALS 1.0.1
2023-12-27 13:50:31,672 [INFO] ThirdParty:1030 - CMSIS Pack Vendor :STMicroelectronics ThreadX 1.0.0
2023-12-27 13:50:31,672 [INFO] ThirdParty:1030 - CMSIS Pack Vendor :STMicroelectronics FP-SNS-SMARTAG2 1.2.0
2023-12-27 13:50:31,672 [INFO] ThirdParty:1030 - CMSIS Pack Vendor :STMicroelectronics X-CUBE-AZRTOS-WL 2.0.0
2023-12-27 13:50:31,672 [INFO] ThirdParty:1030 - CMSIS Pack Vendor :STMicroelectronics USB_DEVICE 1.0.0
2023-12-27 13:50:31,672 [INFO] ThirdParty:1030 - CMSIS Pack Vendor :STMicroelectronics X-CUBE-AI 8.1.0
2023-12-27 13:50:31,672 [INFO] ThirdParty:1030 - CMSIS Pack Vendor :STMicroelectronics X-CUBE-AZRTOS-L4 2.0.0
2023-12-27 13:50:31,672 [INFO] ThirdParty:1030 - CMSIS Pack Vendor :STMicroelectronics ThreadX 0.0.2
2023-12-27 13:50:31,672 [INFO] ThirdParty:1030 - CMSIS Pack Vendor :WES I-CUBE-Cesium 1.3.0
2023-12-27 13:50:31,672 [INFO] ThirdParty:1030 - CMSIS Pack Vendor :STMicroelectronics FP-ATR-ASTRA1 2.0.0
2023-12-27 13:50:31,672 [INFO] ThirdParty:1030 - CMSIS Pack Vendor :STMicroelectronics lwIP 2.1.2
2023-12-27 13:50:31,672 [INFO] ThirdParty:1030 - CMSIS Pack Vendor :STMicroelectronics X-CUBE-SFXS2LP1 4.0.0
2023-12-27 13:50:31,672 [INFO] ThirdParty:1030 - CMSIS Pack Vendor :STMicroelectronics X-CUBE-BLE2 3.3.0
2023-12-27 13:50:31,672 [INFO] ThirdParty:1030 - CMSIS Pack Vendor :STMicroelectronics X-CUBE-TOF1 3.4.0
2023-12-27 13:50:31,672 [INFO] ThirdParty:1030 - CMSIS Pack Vendor :STMicroelectronics X-CUBE-AZRTOS-H7 3.2.0
2023-12-27 13:50:31,672 [INFO] ThirdParty:1030 - CMSIS Pack Vendor :STMicroelectronics PDM2PCM 3.2.0
2023-12-27 13:50:31,672 [INFO] ThirdParty:1030 - CMSIS Pack Vendor :STMicroelectronics X-CUBE-TOUCHGFX 4.18.0
2023-12-27 13:50:31,672 [INFO] ThirdParty:841 - exiting critical section [change project]
2023-12-27 13:50:32,513 [INFO] PinOutPanel:1499 - setPackage(No Configuration,No Configuration)
2023-12-27 13:50:32,515 [INFO] PinOutPanel:1499 - setPackage(STM32H750XBHx,TFBGA240)
2023-12-27 13:50:34,151 [INFO] UtilMem:75 - Before build in PCC Used Memory: 707676112 Bytes (864026624)
2023-12-27 13:50:35,184 [INFO] UtilMem:75 - After build in PCC Used Memory: 421664256 Bytes (864026624)
2023-12-27 13:50:35,304 [INFO] ApiDbMcu:508 - Load IP Config File for FREERTOS
2023-12-27 13:50:35,383 [INFO] ApiDbMcu:508 - Load IP Config File for LWIP
2023-12-27 13:50:35,384 [WARN] BspModel:444 - BSP dependency skipped because of component: name='DP83848', api='BSP_COMPONENT_DRIVER'
2023-12-27 13:50:35,460 [INFO] IPUIPlugin:80 - create IPUIPlugin
2023-12-27 13:50:35,460 [INFO] IPUIPlugin:80 - create IPUIPlugin
2023-12-27 13:50:35,462 [INFO] IPUIPlugin:80 - create IPUIPlugin
2023-12-27 13:50:35,462 [INFO] IPUIPlugin:80 - create IPUIPlugin
2023-12-27 13:50:35,462 [INFO] IPUIPlugin:80 - create IPUIPlugin
2023-12-27 13:50:35,462 [INFO] IPUIPlugin:80 - create IPUIPlugin
2023-12-27 13:50:35,462 [INFO] IPUIPlugin:80 - create IPUIPlugin
2023-12-27 13:50:35,463 [INFO] IPUIPlugin:80 - create IPUIPlugin
2023-12-27 13:50:35,464 [INFO] IPUIPlugin:80 - create IPUIPlugin
2023-12-27 13:50:35,465 [INFO] IPUIPlugin:80 - create IPUIPlugin
2023-12-27 13:50:35,466 [INFO] IPUIPlugin:80 - create IPUIPlugin
2023-12-27 13:50:35,466 [INFO] IPUIPlugin:80 - create IPUIPlugin
2023-12-27 13:50:35,466 [INFO] IPUIPlugin:80 - create IPUIPlugin
2023-12-27 13:50:35,466 [INFO] IPUIPlugin:80 - create IPUIPlugin
2023-12-27 13:50:35,469 [INFO] IPUIPlugin:80 - create IPUIPlugin
2023-12-27 13:50:35,469 [INFO] IPUIPlugin:80 - create IPUIPlugin
2023-12-27 13:50:35,469 [INFO] IPUIPlugin:80 - create IPUIPlugin
2023-12-27 13:50:35,469 [INFO] IPUIPlugin:80 - create IPUIPlugin
2023-12-27 13:50:35,469 [INFO] IPUIPlugin:80 - create IPUIPlugin
2023-12-27 13:50:35,469 [INFO] IPUIPlugin:80 - create IPUIPlugin
2023-12-27 13:50:35,469 [INFO] IPUIPlugin:80 - create IPUIPlugin
2023-12-27 13:50:35,469 [INFO] IPUIPlugin:80 - create IPUIPlugin
2023-12-27 13:50:35,471 [INFO] IPUIPlugin:80 - create IPUIPlugin
2023-12-27 13:50:35,472 [INFO] IPUIPlugin:80 - create IPUIPlugin
2023-12-27 13:50:35,472 [INFO] IPUIPlugin:80 - create IPUIPlugin
2023-12-27 13:50:35,472 [INFO] IPUIPlugin:80 - create IPUIPlugin
2023-12-27 13:50:35,473 [INFO] IPUIPlugin:80 - create IPUIPlugin
2023-12-27 13:50:35,473 [INFO] IPUIPlugin:80 - create IPUIPlugin
2023-12-27 13:50:35,473 [INFO] IPUIPlugin:80 - create IPUIPlugin
2023-12-27 13:50:35,473 [INFO] IPUIPlugin:80 - create IPUIPlugin
2023-12-27 13:50:35,473 [INFO] IPUIPlugin:80 - create IPUIPlugin
2023-12-27 13:50:35,473 [INFO] IPUIPlugin:80 - create IPUIPlugin
2023-12-27 13:50:35,474 [INFO] IPUIPlugin:80 - create IPUIPlugin
2023-12-27 13:50:35,474 [INFO] IPUIPlugin:80 - create IPUIPlugin
2023-12-27 13:50:35,474 [INFO] IPUIPlugin:80 - create IPUIPlugin
2023-12-27 13:50:35,474 [INFO] IPUIPlugin:80 - create IPUIPlugin
2023-12-27 13:50:35,475 [INFO] IPUIPlugin:80 - create IPUIPlugin
2023-12-27 13:50:35,476 [INFO] IPUIPlugin:80 - create IPUIPlugin
2023-12-27 13:50:35,476 [INFO] IPUIPlugin:80 - create IPUIPlugin
2023-12-27 13:50:35,476 [INFO] IPUIPlugin:80 - create IPUIPlugin
2023-12-27 13:50:35,476 [INFO] IPUIPlugin:80 - create IPUIPlugin
2023-12-27 13:50:35,477 [INFO] IPUIPlugin:80 - create IPUIPlugin
2023-12-27 13:50:35,477 [INFO] IPUIPlugin:80 - create IPUIPlugin
2023-12-27 13:50:35,477 [INFO] IPUIPlugin:80 - create IPUIPlugin
2023-12-27 13:50:35,478 [INFO] IPUIPlugin:80 - create IPUIPlugin
2023-12-27 13:50:35,478 [INFO] IPUIPlugin:80 - create IPUIPlugin
2023-12-27 13:50:35,478 [INFO] IPUIPlugin:80 - create IPUIPlugin
2023-12-27 13:50:35,478 [INFO] IPUIPlugin:80 - create IPUIPlugin
2023-12-27 13:50:35,478 [INFO] IPUIPlugin:80 - create IPUIPlugin
2023-12-27 13:50:35,479 [INFO] IPUIPlugin:80 - create IPUIPlugin
2023-12-27 13:50:35,480 [INFO] IPUIPlugin:80 - create IPUIPlugin
2023-12-27 13:50:35,480 [INFO] IPUIPlugin:80 - create IPUIPlugin
2023-12-27 13:50:35,480 [INFO] IPUIPlugin:80 - create IPUIPlugin
2023-12-27 13:50:35,482 [INFO] IPUIPlugin:80 - create IPUIPlugin
2023-12-27 13:50:35,483 [INFO] IPUIPlugin:80 - create IPUIPlugin
2023-12-27 13:50:35,483 [INFO] IPUIPlugin:80 - create IPUIPlugin
2023-12-27 13:50:35,483 [INFO] IPUIPlugin:80 - create IPUIPlugin
2023-12-27 13:50:35,484 [INFO] IPUIPlugin:80 - create IPUIPlugin
2023-12-27 13:50:35,484 [INFO] IPUIPlugin:80 - create IPUIPlugin
2023-12-27 13:50:35,484 [INFO] IPUIPlugin:80 - create IPUIPlugin
2023-12-27 13:50:35,485 [INFO] IPUIPlugin:80 - create IPUIPlugin
2023-12-27 13:50:35,485 [INFO] IPUIPlugin:80 - create IPUIPlugin
2023-12-27 13:50:35,486 [INFO] IPUIPlugin:80 - create IPUIPlugin
2023-12-27 13:50:35,486 [INFO] IPUIPlugin:80 - create IPUIPlugin
2023-12-27 13:50:35,487 [INFO] IPUIPlugin:80 - create IPUIPlugin
2023-12-27 13:50:35,487 [INFO] IPUIPlugin:80 - create IPUIPlugin
2023-12-27 13:50:35,487 [INFO] IPUIPlugin:80 - create IPUIPlugin
2023-12-27 13:50:35,488 [INFO] IPUIPlugin:80 - create IPUIPlugin
2023-12-27 13:50:35,488 [INFO] IPUIPlugin:80 - create IPUIPlugin
2023-12-27 13:50:35,488 [INFO] IPUIPlugin:80 - create IPUIPlugin
2023-12-27 13:50:35,489 [INFO] IPUIPlugin:80 - create IPUIPlugin
2023-12-27 13:50:35,489 [INFO] IPUIPlugin:80 - create IPUIPlugin
2023-12-27 13:50:35,489 [INFO] IPUIPlugin:80 - create IPUIPlugin
2023-12-27 13:50:35,490 [INFO] IPUIPlugin:80 - create IPUIPlugin
2023-12-27 13:50:35,490 [INFO] IPUIPlugin:80 - create IPUIPlugin
2023-12-27 13:50:35,490 [INFO] IPUIPlugin:80 - create IPUIPlugin
2023-12-27 13:50:35,490 [INFO] IPUIPlugin:80 - create IPUIPlugin
2023-12-27 13:50:35,491 [INFO] IPUIPlugin:80 - create IPUIPlugin
2023-12-27 13:50:35,491 [INFO] IPUIPlugin:80 - create IPUIPlugin
2023-12-27 13:50:35,491 [INFO] IPUIPlugin:80 - create IPUIPlugin
2023-12-27 13:50:35,492 [INFO] IPUIPlugin:80 - create IPUIPlugin
2023-12-27 13:50:35,492 [INFO] IPUIPlugin:80 - create IPUIPlugin
2023-12-27 13:50:35,493 [INFO] IPUIPlugin:80 - create IPUIPlugin
2023-12-27 13:50:35,493 [INFO] IPUIPlugin:80 - create IPUIPlugin
2023-12-27 13:50:35,493 [INFO] IPUIPlugin:80 - create IPUIPlugin
2023-12-27 13:50:35,493 [INFO] IPUIPlugin:80 - create IPUIPlugin
2023-12-27 13:50:35,494 [INFO] IPUIPlugin:80 - create IPUIPlugin
2023-12-27 13:50:35,494 [INFO] IPUIPlugin:80 - create IPUIPlugin
2023-12-27 13:50:35,494 [INFO] IPUIPlugin:80 - create IPUIPlugin
2023-12-27 13:50:35,495 [INFO] IPUIPlugin:80 - create IPUIPlugin
2023-12-27 13:50:35,495 [INFO] IPUIPlugin:80 - create IPUIPlugin
2023-12-27 13:50:35,495 [INFO] IPUIPlugin:80 - create IPUIPlugin
2023-12-27 13:50:35,496 [INFO] IPUIPlugin:80 - create IPUIPlugin
2023-12-27 13:50:35,496 [INFO] IPUIPlugin:80 - create IPUIPlugin
2023-12-27 13:50:35,497 [INFO] IPUIPlugin:80 - create IPUIPlugin
2023-12-27 13:50:35,497 [INFO] IPUIPlugin:80 - create IPUIPlugin
2023-12-27 13:50:35,497 [INFO] IPUIPlugin:80 - create IPUIPlugin
2023-12-27 13:50:35,498 [INFO] IPUIPlugin:80 - create IPUIPlugin
2023-12-27 13:50:35,498 [INFO] IPUIPlugin:80 - create IPUIPlugin
2023-12-27 13:50:35,509 [INFO] ApiDbMcu:508 - Load IP Config File for PDM2PCM
2023-12-27 13:50:35,547 [WARN] FreeRTOS:1023 - Null or empty value: should not occur! (nothing added to the table)
2023-12-27 13:50:35,825 [INFO] CADModel:165 - CPN selected for project levelSTM32H750XBH6
2023-12-27 13:50:35,825 [INFO] CADModel:114 - Register for checkConnection events
2023-12-27 13:50:35,831 [INFO] RtosManager:697 - Active RTOS found at IOC load: FREERTOS [Cortex-M7NS]
2023-12-27 13:50:35,939 [INFO] OpenFileManager:343 - Restore cursor
2023-12-27 13:50:36,395 [WARN] IP:2119 - LWIP_NETIF_HOSTNAME not found: check if there is a RefParameter without a condition.
2023-12-27 13:50:36,459 [WARN] IP:2119 - LWIP_NETIF_HOSTNAME not found: check if there is a RefParameter without a condition.
2023-12-27 13:50:48,658 [WARN] IP:2119 - LWIP_NETIF_HOSTNAME not found: check if there is a RefParameter without a condition.
2023-12-27 13:50:54,283 [WARN] IP:2119 - LWIP_NETIF_HOSTNAME not found: check if there is a RefParameter without a condition.
2023-12-27 13:53:23,053 [WARN] IP:2119 - LWIP_NETIF_HOSTNAME not found: check if there is a RefParameter without a condition.
2023-12-27 13:53:53,927 [WARN] BspModel:444 - BSP dependency skipped because of component: name='DP83848', api='BSP_COMPONENT_DRIVER'
2023-12-27 13:53:54,022 [WARN] IP:2119 - LWIP_NETIF_HOSTNAME not found: check if there is a RefParameter without a condition.
2023-12-27 13:53:54,052 [WARN] IP:2119 - LWIP_NETIF_HOSTNAME not found: check if there is a RefParameter without a condition.
2023-12-27 13:53:54,194 [WARN] IP:2119 - LWIP_NETIF_HOSTNAME not found: check if there is a RefParameter without a condition.
2023-12-27 14:09:27,567 [WARN] IP:2119 - LWIP_NETIF_HOSTNAME not found: check if there is a RefParameter without a condition.
2023-12-27 14:09:27,623 [WARN] IP:2119 - LWIP_NETIF_HOSTNAME not found: check if there is a RefParameter without a condition.
2023-12-27 14:10:23,049 [WARN] IP:2119 - LWIP_NETIF_HOSTNAME not found: check if there is a RefParameter without a condition.
2023-12-27 14:10:23,144 [WARN] IP:2119 - LWIP_NETIF_HOSTNAME not found: check if there is a RefParameter without a condition.
2023-12-27 14:31:04,071 [INFO] UtilMem:75 - End SaveConfig() Used Memory: 581548016 Bytes (1073741824)
2023-12-27 14:31:04,376 [INFO] UtilMem:75 - End SaveConfig() Used Memory: 699702784 Bytes (1073741824)
2023-12-27 14:31:04,822 [INFO] UtilMem:75 - End SaveConfig() Used Memory: 746888704 Bytes (1073741824)
2023-12-27 14:31:06,080 [INFO] BlockDiagram:2759 - set Specific Code input for plugin: FREERTOS
2023-12-27 14:31:06,080 [INFO] BlockDiagram:2759 - set Specific Code input for plugin: RCC
2023-12-27 14:31:06,080 [INFO] BlockDiagram:2759 - set Specific Code input for plugin: ETH
2023-12-27 14:31:06,080 [INFO] BlockDiagram:2759 - set Specific Code input for plugin: SYS
2023-12-27 14:31:06,081 [INFO] BlockDiagram:2759 - set Specific Code input for plugin: ADC
2023-12-27 14:31:06,081 [INFO] BlockDiagram:2759 - set Specific Code input for plugin: NVIC
2023-12-27 14:31:06,081 [INFO] BlockDiagram:2759 - set Specific Code input for plugin: LWIP
2023-12-27 14:31:06,081 [INFO] BlockDiagram:2759 - set Specific Code input for plugin: CORTEX_M7
2023-12-27 14:31:06,083 [INFO] BlockDiagram:2759 - set Specific Code input for plugin: GPIO
2023-12-27 14:31:06,085 [INFO] CodeGenerator:807 - code generatio: config db path: C:\ST\STM32CubeIDE_1.12.0\STM32CubeIDE\plugins\com.st.stm32cube.common.mx_6.10.0.202311202037\\db\
2023-12-27 14:31:06,213 [WARN] IP:2119 - LWIP_NETIF_HOSTNAME not found: check if there is a RefParameter without a condition.
2023-12-27 14:31:06,752 [INFO] CodeEngine:255 - oldGeneratedFile, D:\STM32\STM32H750_Disco_ETH\MXTmpFiles\license.tmp_save
2023-12-27 14:31:07,362 [INFO] CodeEngine:279 - Generated code: D:\STM32\STM32H750_Disco_ETH\MXTmpFiles\license.tmp
2023-12-27 14:31:08,182 [INFO] CodeEngine:255 - oldGeneratedFile, D:\STM32\STM32H750_Disco_ETH\MXTmpFiles\gpio.tmp_save
2023-12-27 14:31:08,430 [INFO] CodeEngine:279 - Generated code: D:\STM32\STM32H750_Disco_ETH\MXTmpFiles\gpio.tmp
2023-12-27 14:31:09,303 [INFO] CodeEngine:255 - oldGeneratedFile, D:\STM32\STM32H750_Disco_ETH\MXTmpFiles\eth_vars.tmp_save
2023-12-27 14:31:09,393 [INFO] CodeEngine:279 - Generated code: D:\STM32\STM32H750_Disco_ETH\MXTmpFiles\eth_vars.tmp
2023-12-27 14:31:09,396 [INFO] CodeEngine:255 - oldGeneratedFile, D:\STM32\STM32H750_Disco_ETH\MXTmpFiles\eth_inc.tmp_save
2023-12-27 14:31:09,468 [INFO] CodeEngine:279 - Generated code: D:\STM32\STM32H750_Disco_ETH\MXTmpFiles\eth_inc.tmp
2023-12-27 14:31:09,470 [INFO] CodeEngine:255 - oldGeneratedFile, D:\STM32\STM32H750_Disco_ETH\MXTmpFiles\eth_HalInit.tmp_save
2023-12-27 14:31:09,574 [INFO] CodeEngine:279 - Generated code: D:\STM32\STM32H750_Disco_ETH\MXTmpFiles\eth_HalInit.tmp
2023-12-27 14:31:09,580 [INFO] CodeEngine:255 - oldGeneratedFile, D:\STM32\STM32H750_Disco_ETH\MXTmpFiles\eth_Msp.tmp_save
2023-12-27 14:31:09,698 [INFO] CodeEngine:279 - Generated code: D:\STM32\STM32H750_Disco_ETH\MXTmpFiles\eth_Msp.tmp
2023-12-27 14:31:12,108 [INFO] Middleware:1439 - No code input for Bsp Dependency
2023-12-27 14:31:12,119 [INFO] CodeEngine:255 - oldGeneratedFile, D:\STM32\STM32H750_Disco_ETH\MXTmpFiles\rtos_inc.tmp_save
2023-12-27 14:31:12,231 [INFO] CodeEngine:279 - Generated code: D:\STM32\STM32H750_Disco_ETH\MXTmpFiles\rtos_inc.tmp
2023-12-27 14:31:12,241 [INFO] CodeEngine:255 - oldGeneratedFile, D:\STM32\STM32H750_Disco_ETH\MXTmpFiles\rtos_kernelInit.tmp_save
2023-12-27 14:31:12,349 [INFO] CodeEngine:279 - Generated code: D:\STM32\STM32H750_Disco_ETH\MXTmpFiles\rtos_kernelInit.tmp
2023-12-27 14:31:12,421 [INFO] CodeEngine:255 - oldGeneratedFile, D:\STM32\STM32H750_Disco_ETH\MXTmpFiles\rtos_kernelStart.tmp_save
2023-12-27 14:31:12,498 [INFO] CodeEngine:279 - Generated code: D:\STM32\STM32H750_Disco_ETH\MXTmpFiles\rtos_kernelStart.tmp
2023-12-27 14:31:12,502 [INFO] CodeEngine:255 - oldGeneratedFile, D:\STM32\STM32H750_Disco_ETH\MXTmpFiles\rtos_typedefs.tmp_save
2023-12-27 14:31:12,602 [INFO] CodeEngine:279 - Generated code: D:\STM32\STM32H750_Disco_ETH\MXTmpFiles\rtos_typedefs.tmp
2023-12-27 14:31:12,605 [INFO] CodeEngine:255 - oldGeneratedFile, D:\STM32\STM32H750_Disco_ETH\MXTmpFiles\rtos_vars.tmp_save
2023-12-27 14:31:12,683 [INFO] CodeEngine:279 - Generated code: D:\STM32\STM32H750_Disco_ETH\MXTmpFiles\rtos_vars.tmp
2023-12-27 14:31:12,686 [INFO] CodeEngine:255 - oldGeneratedFile, D:\STM32\STM32H750_Disco_ETH\MXTmpFiles\rtos_pfp.tmp_save
2023-12-27 14:31:12,746 [INFO] CodeEngine:279 - Generated code: D:\STM32\STM32H750_Disco_ETH\MXTmpFiles\rtos_pfp.tmp
2023-12-27 14:31:12,749 [INFO] CodeEngine:255 - oldGeneratedFile, D:\STM32\STM32H750_Disco_ETH\MXTmpFiles\rtos_obj_creat.tmp_save
2023-12-27 14:31:12,816 [INFO] CodeEngine:279 - Generated code: D:\STM32\STM32H750_Disco_ETH\MXTmpFiles\rtos_obj_creat.tmp
2023-12-27 14:31:12,821 [INFO] CodeEngine:255 - oldGeneratedFile, D:\STM32\STM32H750_Disco_ETH\MXTmpFiles\rtos_default_thread.tmp_save
2023-12-27 14:31:12,877 [INFO] CodeEngine:279 - Generated code: D:\STM32\STM32H750_Disco_ETH\MXTmpFiles\rtos_default_thread.tmp
2023-12-27 14:31:12,879 [INFO] CodeEngine:255 - oldGeneratedFile, D:\STM32\STM32H750_Disco_ETH\MXTmpFiles\rtos_threads.tmp_save
2023-12-27 14:31:12,920 [INFO] CodeEngine:279 - Generated code: D:\STM32\STM32H750_Disco_ETH\MXTmpFiles\rtos_threads.tmp
2023-12-27 14:31:12,932 [INFO] Middleware:1439 - No code input for Bsp Dependency
2023-12-27 14:31:12,946 [INFO] Middleware:1439 - No code input for Bsp Dependency
2023-12-27 14:31:12,951 [INFO] CodeEngine:255 - oldGeneratedFile, D:\STM32\STM32H750_Disco_ETH\MXTmpFiles\rtos_inc.tmp_save
2023-12-27 14:31:12,992 [INFO] CodeEngine:279 - Generated code: D:\STM32\STM32H750_Disco_ETH\MXTmpFiles\rtos_inc.tmp
2023-12-27 14:31:12,994 [INFO] CodeEngine:255 - oldGeneratedFile, D:\STM32\STM32H750_Disco_ETH\MXTmpFiles\rtos_kernelInit.tmp_save
2023-12-27 14:31:13,034 [INFO] CodeEngine:279 - Generated code: D:\STM32\STM32H750_Disco_ETH\MXTmpFiles\rtos_kernelInit.tmp
2023-12-27 14:31:13,036 [INFO] CodeEngine:255 - oldGeneratedFile, D:\STM32\STM32H750_Disco_ETH\MXTmpFiles\rtos_kernelStart.tmp_save
2023-12-27 14:31:13,085 [INFO] CodeEngine:279 - Generated code: D:\STM32\STM32H750_Disco_ETH\MXTmpFiles\rtos_kernelStart.tmp
2023-12-27 14:31:13,089 [INFO] CodeEngine:255 - oldGeneratedFile, D:\STM32\STM32H750_Disco_ETH\MXTmpFiles\rtos_typedefs.tmp_save
2023-12-27 14:31:13,137 [INFO] CodeEngine:279 - Generated code: D:\STM32\STM32H750_Disco_ETH\MXTmpFiles\rtos_typedefs.tmp
2023-12-27 14:31:13,139 [INFO] CodeEngine:255 - oldGeneratedFile, D:\STM32\STM32H750_Disco_ETH\MXTmpFiles\rtos_vars.tmp_save
2023-12-27 14:31:13,189 [INFO] CodeEngine:279 - Generated code: D:\STM32\STM32H750_Disco_ETH\MXTmpFiles\rtos_vars.tmp
2023-12-27 14:31:13,192 [INFO] CodeEngine:255 - oldGeneratedFile, D:\STM32\STM32H750_Disco_ETH\MXTmpFiles\rtos_pfp.tmp_save
2023-12-27 14:31:13,238 [INFO] CodeEngine:279 - Generated code: D:\STM32\STM32H750_Disco_ETH\MXTmpFiles\rtos_pfp.tmp
2023-12-27 14:31:13,242 [INFO] CodeEngine:255 - oldGeneratedFile, D:\STM32\STM32H750_Disco_ETH\MXTmpFiles\rtos_obj_creat.tmp_save
2023-12-27 14:31:13,288 [INFO] CodeEngine:279 - Generated code: D:\STM32\STM32H750_Disco_ETH\MXTmpFiles\rtos_obj_creat.tmp
2023-12-27 14:31:13,292 [INFO] CodeEngine:255 - oldGeneratedFile, D:\STM32\STM32H750_Disco_ETH\MXTmpFiles\rtos_default_thread.tmp_save
2023-12-27 14:31:13,333 [INFO] CodeEngine:279 - Generated code: D:\STM32\STM32H750_Disco_ETH\MXTmpFiles\rtos_default_thread.tmp
2023-12-27 14:31:13,336 [INFO] CodeEngine:255 - oldGeneratedFile, D:\STM32\STM32H750_Disco_ETH\MXTmpFiles\rtos_threads.tmp_save
2023-12-27 14:31:13,385 [INFO] CodeEngine:279 - Generated code: D:\STM32\STM32H750_Disco_ETH\MXTmpFiles\rtos_threads.tmp
2023-12-27 14:31:13,388 [INFO] CodeEngine:255 - oldGeneratedFile, D:\STM32\STM32H750_Disco_ETH\Core\Inc\FreeRTOSConfig.h_save
2023-12-27 14:31:13,462 [INFO] CodeEngine:279 - Generated code: D:\STM32\STM32H750_Disco_ETH\Core\Inc\FreeRTOSConfig.h
2023-12-27 14:31:13,466 [INFO] CodeEngine:255 - oldGeneratedFile, D:\STM32\STM32H750_Disco_ETH\Core\Src\freertos.c_save
2023-12-27 14:31:13,536 [INFO] CodeEngine:279 - Generated code: D:\STM32\STM32H750_Disco_ETH\Core\Src\freertos.c
2023-12-27 14:31:13,543 [INFO] CodeEngine:255 - oldGeneratedFile, D:\STM32\STM32H750_Disco_ETH\MXTmpFiles\cortex.tmp_save
2023-12-27 14:31:13,587 [INFO] CodeEngine:279 - Generated code: D:\STM32\STM32H750_Disco_ETH\MXTmpFiles\cortex.tmp
2023-12-27 14:31:13,598 [INFO] Middleware:1439 - No code input for Bsp Dependency
2023-12-27 14:31:13,617 [INFO] CodeEngine:255 - oldGeneratedFile, D:\STM32\STM32H750_Disco_ETH\LWIP\App\lwip.c_save
2023-12-27 14:31:13,749 [INFO] CodeEngine:279 - Generated code: D:\STM32\STM32H750_Disco_ETH\LWIP\App\lwip.c
2023-12-27 14:31:13,753 [INFO] CodeEngine:255 - oldGeneratedFile, D:\STM32\STM32H750_Disco_ETH\LWIP\App\lwip.h_save
2023-12-27 14:31:13,816 [INFO] CodeEngine:279 - Generated code: D:\STM32\STM32H750_Disco_ETH\LWIP\App\lwip.h
2023-12-27 14:31:13,829 [INFO] CodeEngine:255 - oldGeneratedFile, D:\STM32\STM32H750_Disco_ETH\LWIP\Target\lwipopts.h_save
2023-12-27 14:31:14,007 [INFO] CodeEngine:279 - Generated code: D:\STM32\STM32H750_Disco_ETH\LWIP\Target\lwipopts.h
2023-12-27 14:31:14,012 [INFO] CodeEngine:255 - oldGeneratedFile, D:\STM32\STM32H750_Disco_ETH\LWIP\Target\ethernetif.c_save
2023-12-27 14:31:14,117 [INFO] CodeEngine:279 - Generated code: D:\STM32\STM32H750_Disco_ETH\LWIP\Target\ethernetif.c
2023-12-27 14:31:14,121 [INFO] CodeEngine:255 - oldGeneratedFile, D:\STM32\STM32H750_Disco_ETH\LWIP\Target\ethernetif.h_save
2023-12-27 14:31:14,164 [INFO] CodeEngine:279 - Generated code: D:\STM32\STM32H750_Disco_ETH\LWIP\Target\ethernetif.h
2023-12-27 14:31:14,178 [INFO] CodeEngine:255 - oldGeneratedFile, D:\STM32\STM32H750_Disco_ETH\Core\Src\stm32h7xx_it.c_save
2023-12-27 14:31:14,277 [INFO] CodeEngine:279 - Generated code: D:\STM32\STM32H750_Disco_ETH\Core\Src\stm32h7xx_it.c
2023-12-27 14:31:14,281 [INFO] CodeEngine:255 - oldGeneratedFile, D:\STM32\STM32H750_Disco_ETH\Core\Inc\stm32h7xx_it.h_save
2023-12-27 14:31:14,357 [INFO] CodeEngine:279 - Generated code: D:\STM32\STM32H750_Disco_ETH\Core\Inc\stm32h7xx_it.h
2023-12-27 14:31:14,943 [INFO] CodeEngine:255 - oldGeneratedFile, D:\STM32\STM32H750_Disco_ETH\Core\Src\stm32h7xx_hal_msp.c_save
2023-12-27 14:31:15,032 [INFO] CodeEngine:279 - Generated code: D:\STM32\STM32H750_Disco_ETH\Core\Src\stm32h7xx_hal_msp.c
2023-12-27 14:31:15,043 [INFO] CodeEngine:255 - oldGeneratedFile, D:\STM32\STM32H750_Disco_ETH\MXTmpFiles\system.tmp_save
2023-12-27 14:31:15,092 [INFO] CodeEngine:279 - Generated code: D:\STM32\STM32H750_Disco_ETH\MXTmpFiles\system.tmp
2023-12-27 14:31:15,094 [INFO] CodeEngine:255 - oldGeneratedFile, D:\STM32\STM32H750_Disco_ETH\Core\Src\stm32h7xx_hal_timebase_tim.c_save
2023-12-27 14:31:15,142 [INFO] CodeEngine:279 - Generated code: D:\STM32\STM32H750_Disco_ETH\Core\Src\stm32h7xx_hal_timebase_tim.c
2023-12-27 14:31:15,148 [INFO] CodeEngine:311 - oldGeneratedFile, D:\STM32\STM32H750_Disco_ETH\Core\Inc\stm32h7xx_hal_conf.h_save
2023-12-27 14:31:15,194 [INFO] CodeEngine:335 - Generated code: D:\STM32\STM32H750_Disco_ETH\Core\Inc\stm32h7xx_hal_conf.h
2023-12-27 14:31:15,282 [INFO] CodeEngine:255 - oldGeneratedFile, D:\STM32\STM32H750_Disco_ETH\Core\Inc\main.h_save
2023-12-27 14:31:15,372 [INFO] CodeEngine:279 - Generated code: D:\STM32\STM32H750_Disco_ETH\Core\Inc\main.h
2023-12-27 14:31:15,379 [INFO] CodeEngine:255 - oldGeneratedFile, D:\STM32\STM32H750_Disco_ETH\Core\Src\main.c_save
2023-12-27 14:31:15,524 [INFO] CodeEngine:279 - Generated code: D:\STM32\STM32H750_Disco_ETH\Core\Src\main.c
2023-12-27 14:31:16,476 [INFO] ProjectBuilder:3076 - Time for Copy HAL[1] : 523mS.
2023-12-27 14:31:16,490 [INFO] ProjectBuilder:4485 - Project Generator version: 4.2.0-B44
2023-12-27 14:31:16,676 [INFO] ConfigFileManager:1495 - The Die is : DIE450
2023-12-27 14:31:16,679 [INFO] ApiDbMcu:508 - Load IP Config File for FATFS
2023-12-27 14:31:16,681 [INFO] ApiDbMcu:508 - Load IP Config File for LIBJPEG
2023-12-27 14:31:16,686 [INFO] ApiDbMcu:508 - Load IP Config File for MBEDTLS
2023-12-27 14:31:16,694 [INFO] ApiDbMcu:508 - Load IP Config File for USB_DEVICE
2023-12-27 14:31:16,698 [INFO] ApiDbMcu:508 - Load IP Config File for USB_HOST
2023-12-27 14:31:17,800 [INFO] LogOutputStream:77 - [STDOUT_REDIRECT] 
2023-12-27 14:31:20,734 [INFO] ProjectBuilder:4747 - Time for Generating toolchain IDE Files: 4243mS.
2023-12-27 14:31:20,734 [INFO] ProjectBuilder:2947 - Time for Copy CMSIS : 0mS.
2023-12-27 14:31:20,740 [INFO] ProjectBuilder:2947 - Time for Copy CMSIS : 0mS.
2023-12-27 14:33:16,339 [WARN] IP:2119 - LWIP_NETIF_HOSTNAME not found: check if there is a RefParameter without a condition.
2023-12-27 14:33:16,398 [WARN] IP:2119 - LWIP_NETIF_HOSTNAME not found: check if there is a RefParameter without a condition.
2023-12-27 14:33:20,529 [WARN] IP:2119 - LWIP_NETIF_HOSTNAME not found: check if there is a RefParameter without a condition.
2023-12-27 14:33:20,560 [WARN] IP:2119 - LWIP_NETIF_HOSTNAME not found: check if there is a RefParameter without a condition.
2023-12-27 14:33:20,930 [WARN] IP:2119 - LWIP_NETIF_HOSTNAME not found: check if there is a RefParameter without a condition.
2023-12-27 14:33:21,032 [WARN] IP:2119 - LWIP_NETIF_HOSTNAME not found: check if there is a RefParameter without a condition.
2023-12-27 14:33:29,274 [WARN] IP:2119 - LWIP_NETIF_HOSTNAME not found: check if there is a RefParameter without a condition.
2023-12-27 14:33:29,301 [WARN] IP:2119 - LWIP_NETIF_HOSTNAME not found: check if there is a RefParameter without a condition.
2023-12-27 14:33:32,384 [WARN] IP:2119 - LWIP_NETIF_HOSTNAME not found: check if there is a RefParameter without a condition.
2023-12-27 14:33:32,412 [WARN] IP:2119 - LWIP_NETIF_HOSTNAME not found: check if there is a RefParameter without a condition.
2023-12-27 14:33:33,217 [WARN] IP:2119 - LWIP_NETIF_HOSTNAME not found: check if there is a RefParameter without a condition.
2023-12-27 14:33:33,246 [WARN] IP:2119 - LWIP_NETIF_HOSTNAME not found: check if there is a RefParameter without a condition.
2023-12-27 14:35:34,958 [WARN] IP:2119 - LWIP_NETIF_HOSTNAME not found: check if there is a RefParameter without a condition.
2023-12-27 14:35:35,017 [WARN] IP:2119 - LWIP_NETIF_HOSTNAME not found: check if there is a RefParameter without a condition.
2023-12-27 17:29:15,350 [INFO] WebApp:354 - JxBrowser engine has been closed 
