2024-03-27 10:58:46,387 [INFO] Activator:176 - 


2024-03-27 10:58:46,396 [INFO] Activator:177 - !SESSION log4j initialized
2024-03-27 10:58:51,222 [ERROR] LogOutputStream:75 - [STDERR_REDIRECT] Managed Build system manifest file error: Option fr.ac6.managedbuild.option.gnu.cross.prefix.1096904150 uses a null category that is invalid in its context. The option was ignored.
2024-03-27 10:58:51,230 [ERROR] LogOutputStream:75 - [STDERR_REDIRECT] Managed Build system manifest file error: Option fr.ac6.managedbuild.option.gnu.cross.mcu.1124576734 uses a null category that is invalid in its context. The option was ignored.
2024-03-27 10:58:51,237 [ERROR] LogOutputStream:75 - [STDERR_REDIRECT] Managed Build system manifest file error: Option fr.ac6.managedbuild.option.gnu.cross.board.131452281 uses a null category that is invalid in its context. The option was ignored.
2024-03-27 10:58:51,268 [ERROR] LogOutputStream:75 - [STDERR_REDIRECT] Managed Build system manifest file error: Option fr.ac6.managedbuild.option.gnu.cross.instructionSet.2112976885 uses a null category that is invalid in its context. The option was ignored.
2024-03-27 10:58:51,301 [ERROR] LogOutputStream:75 - [STDERR_REDIRECT] Managed Build system manifest file error: Option fr.ac6.managedbuild.option.gnu.cross.fpu.2026297664 uses a null category that is invalid in its context. The option was ignored.
2024-03-27 10:58:51,309 [ERROR] LogOutputStream:75 - [STDERR_REDIRECT] Managed Build system manifest file error: Option fr.ac6.managedbuild.option.gnu.cross.floatabi.752291319 uses a null category that is invalid in its context. The option was ignored.
2024-03-27 10:58:55,918 [INFO] LogOutputStream:77 - [STDOUT_REDIRECT] 
2024-03-27 10:58:56,748 [ERROR] LogOutputStream:75 - [STDERR_REDIRECT] ??.?. 27, 2024 10:58:56 ??????? org.glassfish.grizzly.http.server.NetworkListener start
2024-03-27 10:58:56,749 [ERROR] LogOutputStream:75 - [STDERR_REDIRECT] INFO: Started listener bound to [localhost:1593]
2024-03-27 10:58:56,749 [ERROR] LogOutputStream:75 - [STDERR_REDIRECT] 
2024-03-27 10:58:56,751 [ERROR] LogOutputStream:75 - [STDERR_REDIRECT] ??.?. 27, 2024 10:58:56 ??????? org.glassfish.grizzly.http.server.HttpServer start
2024-03-27 10:58:56,751 [ERROR] LogOutputStream:75 - [STDERR_REDIRECT] INFO: [HttpServer] Started.
2024-03-27 10:58:56,752 [ERROR] LogOutputStream:75 - [STDERR_REDIRECT] 
2024-03-27 10:58:57,523 [INFO] ApplicationProperties:184 - Using Application install path: C:\ST\STM32CubeIDE_1.12.0\STM32CubeIDE\plugins\com.st.stm32cube.common.mx_6.10.0.202311202037
2024-03-27 10:58:57,554 [INFO] DbMcusXml:78 - Set database path to: C:\ST\STM32CubeIDE_1.12.0\STM32CubeIDE\plugins\com.st.stm32cube.common.mx_6.10.0.202311202037\\db\/mcu/
2024-03-27 10:58:57,558 [INFO] ApiDb:274 - Set plugin database path to: C:\ST\STM32CubeIDE_1.12.0\STM32CubeIDE\plugins\com.st.stm32cube.common.mx_6.10.0.202311202037\\db\/plugins/boardmanager/
2024-03-27 10:58:57,558 [WARN] ApiDb:259 - Overriding images path with different value:  => C:\ST\STM32CubeIDE_1.12.0\STM32CubeIDE\plugins\com.st.stm32cube.common.mx_6.10.0.202311202037\\db\/plugins/mcufinder/images/
2024-03-27 10:58:57,573 [INFO] ApiDb:250 - Set database path to: C:\Users\user\.stmcufinder\plugins\mcufinder//mcu/
2024-03-27 10:58:57,576 [INFO] DbMcusAds:125 - Set database path to: C:\Users\user\.stmcufinder\plugins\mcufinder//mcu/
2024-03-27 10:58:57,580 [INFO] CrossReferenceDbSqlite:203 - Set database path to: C:\Users\user\.stmcufinder\plugins\mcufinder//mcu/cs/
2024-03-27 10:58:57,754 [INFO] RulesReader:64 - Compatibility file has been processed (297 Rules)
2024-03-27 10:58:57,851 [INFO] DbMcusXml:78 - Set database path to: C:\ST\STM32CubeIDE_1.12.0\STM32CubeIDE\plugins\com.st.stm32cube.common.mx_6.10.0.202311202037\\db\/mcu/
2024-03-27 10:58:57,851 [INFO] ApiDb:274 - Set plugin database path to: C:\ST\STM32CubeIDE_1.12.0\STM32CubeIDE\plugins\com.st.stm32cube.common.mx_6.10.0.202311202037\\db\/plugins/boardmanager/
2024-03-27 10:58:57,851 [INFO] ApiDb:261 - Set plugin images path to: C:\ST\STM32CubeIDE_1.12.0\STM32CubeIDE\plugins\com.st.stm32cube.common.mx_6.10.0.202311202037\\db\/plugins/mcufinder/images/
2024-03-27 10:58:57,851 [WARN] DbFile:41 - Overriding database path with different value: C:\Users\user\.stmcufinder\plugins\mcufinder/ => C:\Users\user\.stmcufinder\plugins\mcufinder
2024-03-27 10:58:57,851 [INFO] ApiDb:250 - Set database path to: C:\Users\user\.stmcufinder\plugins\mcufinder//mcu/
2024-03-27 10:58:57,852 [WARN] DbFile:41 - Overriding database path with different value: C:\Users\user\.stmcufinder\plugins\mcufinder/ => C:\Users\user\.stmcufinder\plugins\mcufinder
2024-03-27 10:58:57,852 [INFO] DbMcusAds:125 - Set database path to: C:\Users\user\.stmcufinder\plugins\mcufinder//mcu/
2024-03-27 10:58:57,852 [WARN] DbFile:41 - Overriding database path with different value: C:\Users\user\.stmcufinder\plugins\mcufinder/ => C:\Users\user\.stmcufinder\plugins\mcufinder
2024-03-27 10:58:57,852 [WARN] DbFile:41 - Overriding database path with different value: C:\Users\user\.stmcufinder\plugins\mcufinder/ => C:\Users\user\.stmcufinder\plugins\mcufinder
2024-03-27 10:58:57,852 [INFO] CrossReferenceDbSqlite:203 - Set database path to: C:\Users\user\.stmcufinder\plugins\mcufinder//mcu/cs/
2024-03-27 10:58:57,980 [INFO] MainPanel:264 - HeapMemory: 279969792
2024-03-27 10:58:58,162 [INFO] DbMcusXml:78 - Set database path to: C:\ST\STM32CubeIDE_1.12.0\STM32CubeIDE\plugins\com.st.stm32cube.common.mx_6.10.0.202311202037\\db\/mcu/
2024-03-27 10:58:58,162 [INFO] ApiDb:274 - Set plugin database path to: C:\ST\STM32CubeIDE_1.12.0\STM32CubeIDE\plugins\com.st.stm32cube.common.mx_6.10.0.202311202037\\db\/plugins/boardmanager/
2024-03-27 10:58:58,162 [INFO] ApiDb:261 - Set plugin images path to: C:\ST\STM32CubeIDE_1.12.0\STM32CubeIDE\plugins\com.st.stm32cube.common.mx_6.10.0.202311202037\\db\/plugins/mcufinder/images/
2024-03-27 10:58:58,163 [WARN] DbFile:41 - Overriding database path with different value: C:\Users\user\.stmcufinder\plugins\mcufinder/ => C:\Users\user\.stmcufinder\plugins\mcufinder
2024-03-27 10:58:58,164 [INFO] ApiDb:250 - Set database path to: C:\Users\user\.stmcufinder\plugins\mcufinder//mcu/
2024-03-27 10:58:58,164 [WARN] DbFile:41 - Overriding database path with different value: C:\Users\user\.stmcufinder\plugins\mcufinder/ => C:\Users\user\.stmcufinder\plugins\mcufinder
2024-03-27 10:58:58,164 [INFO] DbMcusAds:125 - Set database path to: C:\Users\user\.stmcufinder\plugins\mcufinder//mcu/
2024-03-27 10:58:58,164 [WARN] DbFile:41 - Overriding database path with different value: C:\Users\user\.stmcufinder\plugins\mcufinder/ => C:\Users\user\.stmcufinder\plugins\mcufinder
2024-03-27 10:58:58,164 [WARN] DbFile:41 - Overriding database path with different value: C:\Users\user\.stmcufinder\plugins\mcufinder/ => C:\Users\user\.stmcufinder\plugins\mcufinder
2024-03-27 10:58:58,164 [INFO] CrossReferenceDbSqlite:203 - Set database path to: C:\Users\user\.stmcufinder\plugins\mcufinder//mcu/cs/
2024-03-27 10:58:58,198 [INFO] ApplicationProperties:184 - Using Application install path: C:\ST\STM32CubeIDE_1.12.0\STM32CubeIDE\plugins\com.st.stm32cube.common.mx_6.10.0.202311202037
2024-03-27 10:58:58,202 [INFO] PluginManage:196 - Search for loadable plugins [exclusion list=, ]
2024-03-27 10:58:58,204 [INFO] PluginManage:310 - Check plugin analytics
2024-03-27 10:58:58,460 [INFO] AnalyticsPlugin:253 - Accepted Software Licenses: STM32CubeMX.6.10.0
2024-03-27 10:58:58,461 [INFO] AnalyticsPlugin:255 - Accepted CMSIS Pack Licenses: 
2024-03-27 10:58:58,461 [INFO] AnalyticsPlugin:257 - Accepted Firmware Licenses: 
2024-03-27 10:58:58,463 [INFO] PluginManage:359 - Loaded plugin analytics (category:tool,tabindex:-1)
2024-03-27 10:58:58,464 [INFO] PluginManage:310 - Check plugin cadmodel
2024-03-27 10:58:58,472 [INFO] CADModel:105 - Init CAD model plugin
2024-03-27 10:58:58,473 [INFO] PluginManage:359 - Loaded plugin cadmodel (category:power,tabindex:5)
2024-03-27 10:58:58,473 [INFO] PluginManage:310 - Check plugin clock
2024-03-27 10:58:58,495 [INFO] PluginManage:359 - Loaded plugin clock (category:base,tabindex:2)
2024-03-27 10:58:58,495 [INFO] PluginManage:310 - Check plugin ddr
2024-03-27 10:58:58,499 [INFO] PluginManage:359 - Loaded plugin ddr (category:tool,tabindex:6)
2024-03-27 10:58:58,499 [INFO] PluginManage:310 - Check plugin filemanager
2024-03-27 10:58:58,708 [INFO] PluginManage:359 - Loaded plugin filemanager (category:base,tabindex:10)
2024-03-27 10:58:58,709 [INFO] PluginManage:310 - Check plugin ipmanager
2024-03-27 10:58:58,719 [INFO] PluginManage:359 - Loaded plugin ipmanager (category:base,tabindex:5)
2024-03-27 10:58:58,719 [INFO] PluginManage:310 - Check plugin lpbam
2024-03-27 10:58:58,744 [INFO] PluginManage:359 - Loaded plugin lpbam (category:base,tabindex:0)
2024-03-27 10:58:58,744 [INFO] PluginManage:310 - Check plugin memorymap
2024-03-27 10:58:58,777 [INFO] PluginManage:359 - Loaded plugin memorymap (category:base,tabindex:4)
2024-03-27 10:58:58,778 [INFO] PluginManage:310 - Check plugin pinoutandconfiguration
2024-03-27 10:58:58,787 [INFO] PluginManage:359 - Loaded plugin pinoutandconfiguration (category:base,tabindex:1)
2024-03-27 10:58:58,788 [INFO] PluginManage:310 - Check plugin pinoutconfig
2024-03-27 10:58:58,915 [WARN] SupportedApi:132 - Cannot load RTOS API schema: s4s-elt-must-match.1: The content of 'definitions' must match (annotation?, (simpleType | complexType)?, (unique | key | keyref)*)). A problem was found starting at: attribute.
2024-03-27 10:58:59,179 [INFO] PluginManage:359 - Loaded plugin pinoutconfig (category:base,tabindex:0)
2024-03-27 10:58:59,179 [INFO] PluginManage:310 - Check plugin power
2024-03-27 10:58:59,198 [INFO] PluginManage:359 - Loaded plugin power (category:power,tabindex:4)
2024-03-27 10:58:59,198 [INFO] PluginManage:310 - Check plugin projectmanager
2024-03-27 10:58:59,222 [INFO] PluginManage:359 - Loaded plugin projectmanager (category:projectmanager,tabindex:3)
2024-03-27 10:58:59,222 [INFO] PluginManage:310 - Check plugin thirdparty
2024-03-27 10:58:59,454 [INFO] PluginManage:359 - Loaded plugin thirdparty (category:base,tabindex:-1)
2024-03-27 10:58:59,454 [INFO] PluginManage:310 - Check plugin tools
2024-03-27 10:58:59,454 [WARN] IntegrityCheckThread:84 - waiting for thirdparty lock release [integrity check]
2024-03-27 10:58:59,454 [INFO] IntegrityCheckThread:86 - entering critical section [integrity check]
2024-03-27 10:58:59,455 [INFO] ThirdPartyUpdaterWithRetryManager:70 - Updater plugin not ready yet. [1/15]
2024-03-27 10:58:59,457 [INFO] PluginManage:359 - Loaded plugin tools (category:base,tabindex:7)
2024-03-27 10:58:59,457 [INFO] PluginManage:310 - Check plugin tutovideos
2024-03-27 10:58:59,726 [INFO] PluginManage:359 - Loaded plugin tutovideos (category:base,tabindex:-1)
2024-03-27 10:58:59,726 [INFO] PluginManage:310 - Check plugin updater
2024-03-27 10:58:59,750 [INFO] PluginManage:359 - Loaded plugin updater (category:base,tabindex:12)
2024-03-27 10:58:59,750 [INFO] PluginManage:310 - Check plugin userauth
2024-03-27 10:58:59,765 [INFO] UserAuth:114 - Init User Auth plugin
2024-03-27 10:58:59,765 [INFO] PluginManage:359 - Loaded plugin userauth (category:base,tabindex:14)
2024-03-27 10:58:59,767 [INFO] PluginManage:283 - PluginManage : Loaded plugins [17]
2024-03-27 10:59:00,077 [INFO] PinOutPanel:1499 - setPackage(No Configuration,No Configuration)
2024-03-27 10:59:00,165 [INFO] CADModel:165 - CPN selected for project level
2024-03-27 10:59:00,165 [INFO] CADModel:114 - Register for checkConnection events
2024-03-27 10:59:00,187 [INFO] IPUIPlugin:80 - create IPUIPlugin
2024-03-27 10:59:00,188 [INFO] PluginManager:220 - loadIPPluginJar : add adc
2024-03-27 10:59:00,192 [INFO] IPUIPlugin:80 - create IPUIPlugin
2024-03-27 10:59:00,192 [INFO] PluginManager:220 - loadIPPluginJar : add aes
2024-03-27 10:59:00,196 [INFO] IPUIPlugin:80 - create IPUIPlugin
2024-03-27 10:59:00,196 [INFO] PluginManager:220 - loadIPPluginJar : add can
2024-03-27 10:59:00,199 [INFO] IPUIPlugin:80 - create IPUIPlugin
2024-03-27 10:59:00,199 [INFO] PluginManager:220 - loadIPPluginJar : add comp
2024-03-27 10:59:00,202 [INFO] IPUIPlugin:80 - create IPUIPlugin
2024-03-27 10:59:00,203 [INFO] PluginManager:220 - loadIPPluginJar : add cryp
2024-03-27 10:59:00,206 [INFO] IPUIPlugin:80 - create IPUIPlugin
2024-03-27 10:59:00,207 [INFO] PluginManager:220 - loadIPPluginJar : add dfsdm
2024-03-27 10:59:00,217 [INFO] IPUIPlugin:80 - create IPUIPlugin
2024-03-27 10:59:00,218 [INFO] PluginManager:220 - loadIPPluginJar : add dma
2024-03-27 10:59:00,225 [INFO] IPUIPlugin:80 - create IPUIPlugin
2024-03-27 10:59:00,225 [INFO] PluginManager:220 - loadIPPluginJar : add dma3
2024-03-27 10:59:00,228 [INFO] IPUIPlugin:80 - create IPUIPlugin
2024-03-27 10:59:00,228 [INFO] PluginManager:220 - loadIPPluginJar : add fatfs
2024-03-27 10:59:00,235 [INFO] IPUIPlugin:80 - create IPUIPlugin
2024-03-27 10:59:00,236 [INFO] PluginManager:220 - loadIPPluginJar : add fmc
2024-03-27 10:59:00,243 [INFO] IPUIPlugin:80 - create IPUIPlugin
2024-03-27 10:59:00,243 [INFO] PluginManager:220 - loadIPPluginJar : add freertos
2024-03-27 10:59:00,247 [INFO] IPUIPlugin:80 - create IPUIPlugin
2024-03-27 10:59:00,247 [INFO] PluginManager:220 - loadIPPluginJar : add genericplugin
2024-03-27 10:59:00,250 [INFO] IPUIPlugin:80 - create IPUIPlugin
2024-03-27 10:59:00,250 [INFO] PluginManager:220 - loadIPPluginJar : add gfxmmu
2024-03-27 10:59:00,258 [INFO] IPUIPlugin:80 - create IPUIPlugin
2024-03-27 10:59:00,259 [INFO] PluginManager:220 - loadIPPluginJar : add gic
2024-03-27 10:59:00,265 [INFO] IPUIPlugin:80 - create IPUIPlugin
2024-03-27 10:59:00,266 [INFO] PluginManager:220 - loadIPPluginJar : add gpio
2024-03-27 10:59:00,270 [INFO] IPUIPlugin:80 - create IPUIPlugin
2024-03-27 10:59:00,270 [INFO] PluginManager:220 - loadIPPluginJar : add gtzc
2024-03-27 10:59:00,275 [INFO] IPUIPlugin:80 - create IPUIPlugin
2024-03-27 10:59:00,276 [INFO] PluginManager:220 - loadIPPluginJar : add hash
2024-03-27 10:59:00,278 [INFO] IPUIPlugin:80 - create IPUIPlugin
2024-03-27 10:59:00,279 [INFO] PluginManager:220 - loadIPPluginJar : add i2c
2024-03-27 10:59:00,283 [INFO] IPUIPlugin:80 - create IPUIPlugin
2024-03-27 10:59:00,283 [INFO] PluginManager:220 - loadIPPluginJar : add i2s
2024-03-27 10:59:00,293 [INFO] IPUIPlugin:80 - create IPUIPlugin
2024-03-27 10:59:00,294 [INFO] PluginManager:220 - loadIPPluginJar : add i3c
2024-03-27 10:59:00,301 [INFO] IPUIPlugin:80 - create IPUIPlugin
2024-03-27 10:59:00,301 [INFO] PluginManager:220 - loadIPPluginJar : add ipddr
2024-03-27 10:59:00,324 [INFO] IPUIPlugin:80 - create IPUIPlugin
2024-03-27 10:59:00,324 [INFO] PluginManager:220 - loadIPPluginJar : add linkedlist
2024-03-27 10:59:00,328 [INFO] IPUIPlugin:80 - create IPUIPlugin
2024-03-27 10:59:00,328 [INFO] PluginManager:220 - loadIPPluginJar : add lorawan
2024-03-27 10:59:00,332 [INFO] IPUIPlugin:80 - create IPUIPlugin
2024-03-27 10:59:00,332 [INFO] PluginManager:220 - loadIPPluginJar : add ltdc
2024-03-27 10:59:00,342 [INFO] IPUIPlugin:80 - create IPUIPlugin
2024-03-27 10:59:00,342 [INFO] PluginManager:220 - loadIPPluginJar : add mdma
2024-03-27 10:59:00,347 [INFO] IPUIPlugin:80 - create IPUIPlugin
2024-03-27 10:59:00,347 [INFO] PluginManager:220 - loadIPPluginJar : add nvic
2024-03-27 10:59:00,353 [INFO] IPUIPlugin:80 - create IPUIPlugin
2024-03-27 10:59:00,353 [INFO] PluginManager:220 - loadIPPluginJar : add opamp
2024-03-27 10:59:00,358 [INFO] IPUIPlugin:80 - create IPUIPlugin
2024-03-27 10:59:00,358 [INFO] PluginManager:220 - loadIPPluginJar : add openamp
2024-03-27 10:59:00,362 [INFO] IPUIPlugin:80 - create IPUIPlugin
2024-03-27 10:59:00,362 [INFO] PluginManager:220 - loadIPPluginJar : add pdm2pcm
2024-03-27 10:59:00,370 [INFO] IPUIPlugin:80 - create IPUIPlugin
2024-03-27 10:59:00,375 [INFO] PluginManager:220 - loadIPPluginJar : add plateformsettings
2024-03-27 10:59:00,377 [INFO] IPUIPlugin:80 - create IPUIPlugin
2024-03-27 10:59:00,378 [INFO] PluginManager:220 - loadIPPluginJar : add quadspi
2024-03-27 10:59:00,384 [INFO] IPUIPlugin:80 - create IPUIPlugin
2024-03-27 10:59:00,384 [INFO] PluginManager:220 - loadIPPluginJar : add resmgrutility
2024-03-27 10:59:00,388 [INFO] IPUIPlugin:80 - create IPUIPlugin
2024-03-27 10:59:00,390 [INFO] PluginManager:220 - loadIPPluginJar : add sai
2024-03-27 10:59:00,394 [INFO] IPUIPlugin:80 - create IPUIPlugin
2024-03-27 10:59:00,394 [INFO] PluginManager:220 - loadIPPluginJar : add spi
2024-03-27 10:59:00,403 [INFO] IPUIPlugin:80 - create IPUIPlugin
2024-03-27 10:59:00,403 [INFO] PluginManager:220 - loadIPPluginJar : add stm32_wpan
2024-03-27 10:59:00,406 [INFO] IPUIPlugin:80 - create IPUIPlugin
2024-03-27 10:59:00,407 [INFO] PluginManager:220 - loadIPPluginJar : add tim
2024-03-27 10:59:00,410 [INFO] IPUIPlugin:80 - create IPUIPlugin
2024-03-27 10:59:00,410 [INFO] PluginManager:220 - loadIPPluginJar : add touchsensing
2024-03-27 10:59:00,412 [INFO] IPUIPlugin:80 - create IPUIPlugin
2024-03-27 10:59:00,413 [INFO] PluginManager:220 - loadIPPluginJar : add tracer_emb
2024-03-27 10:59:00,415 [INFO] IPUIPlugin:80 - create IPUIPlugin
2024-03-27 10:59:00,415 [INFO] PluginManager:220 - loadIPPluginJar : add ts
2024-03-27 10:59:00,418 [INFO] IPUIPlugin:80 - create IPUIPlugin
2024-03-27 10:59:00,418 [INFO] PluginManager:220 - loadIPPluginJar : add tsc
2024-03-27 10:59:00,423 [INFO] IPUIPlugin:80 - create IPUIPlugin
2024-03-27 10:59:00,423 [INFO] PluginManager:220 - loadIPPluginJar : add ucpd
2024-03-27 10:59:00,429 [INFO] IPUIPlugin:80 - create IPUIPlugin
2024-03-27 10:59:00,429 [INFO] PluginManager:220 - loadIPPluginJar : add usart
2024-03-27 10:59:00,434 [INFO] IPUIPlugin:80 - create IPUIPlugin
2024-03-27 10:59:00,434 [INFO] PluginManager:220 - loadIPPluginJar : add usbx
2024-03-27 10:59:00,595 [INFO] CADModel:165 - CPN selected for project level
2024-03-27 10:59:00,595 [INFO] CADModel:114 - Register for checkConnection events
2024-03-27 10:59:00,595 [FATAL] Updater:308 - Updater called before beeing initialized
2024-03-27 10:59:00,595 [ERROR] CADModel:125 - Updater not yet initialized, retry later 
2024-03-27 10:59:00,849 [INFO] CADModel:165 - CPN selected for project level
2024-03-27 10:59:00,849 [INFO] CADModel:114 - Register for checkConnection events
2024-03-27 10:59:00,849 [FATAL] Updater:308 - Updater called before beeing initialized
2024-03-27 10:59:00,849 [ERROR] CADModel:125 - Updater not yet initialized, retry later 
2024-03-27 10:59:00,855 [FATAL] Updater:308 - Updater called before beeing initialized
2024-03-27 10:59:01,008 [FATAL] Updater:308 - Updater called before beeing initialized
2024-03-27 10:59:01,015 [INFO] DbMcusAds:53 - JSON generation date=Wed Nov 29 17:52:27 ICT 2023 (1701255147349)
2024-03-27 10:59:01,015 [FATAL] Updater:308 - Updater called before beeing initialized
2024-03-27 10:59:01,072 [WARN] DetailPanel:346 - Failed to get advertising image, set to default
2024-03-27 10:59:01,180 [FATAL] Updater:308 - Updater called before beeing initialized
2024-03-27 10:59:01,182 [FATAL] Updater:308 - Updater called before beeing initialized
2024-03-27 10:59:01,182 [FATAL] Updater:308 - Updater called before beeing initialized
2024-03-27 10:59:01,183 [WARN] DetailPanel:346 - Failed to get advertising image, set to default
2024-03-27 10:59:01,183 [FATAL] Updater:308 - Updater called before beeing initialized
2024-03-27 10:59:01,249 [ERROR] Updater:1120 - MainUpdater not yet initialized. External WinMGr cannot be set.
2024-03-27 10:59:01,252 [INFO] Updater:1056 - Updater Version found : 6.10.0
2024-03-27 10:59:01,277 [INFO] ApplicationProperties:184 - Using Application install path: C:\ST\STM32CubeIDE_1.12.0\STM32CubeIDE\plugins\com.st.stm32cube.common.mx_6.10.0.202311202037
2024-03-27 10:59:02,119 [INFO] MainUpdater:2873 - connection check result : 10
2024-03-27 10:59:02,120 [INFO] MainUpdater:290 - Updater Check For Update Now.
2024-03-27 10:59:02,120 [INFO] MicroXplorer:498 - Change Database Version : DB.6.0.100
2024-03-27 10:59:02,125 [INFO] McuFinderGlobals:63 - Set McuFinder mode to 2 (CubeIDE integrated)
2024-03-27 10:59:02,125 [INFO] UserAuth:180 - activating auth plugin
2024-03-27 10:59:02,130 [INFO] UserAuth:404 - Internet connection configuration mode: 1
2024-03-27 10:59:02,156 [INFO] JxBrowserEngine:152 - Initiate JxBrowser Engine with user profile folder
2024-03-27 10:59:02,329 [INFO] CheckServerUpdateThread:120 - End of CheckServer Thread
2024-03-27 10:59:02,772 [WARN] PackLoader:240 - Cannot read IP mode file for STMicroelectronics.X-CUBE-SMBUS.2.1.0
2024-03-27 10:59:02,788 [WARN] PackLoader:240 - Cannot read IP mode file for STMicroelectronics.X-CUBE-TOUCHGFX.4.23.0
2024-03-27 10:59:02,914 [WARN] PackLoader:240 - Cannot read IP mode file for STMicroelectronics.X-CUBE-AZRTOS-F7.1.1.0
2024-03-27 10:59:02,924 [WARN] PackLoader:240 - Cannot read IP mode file for STMicroelectronics.FP-SNS-MOTENV1.4.3.2
2024-03-27 10:59:02,931 [WARN] PackLoader:240 - Cannot read IP mode file for STMicroelectronics.FP-SNS-FLIGHT1.5.0.2
2024-03-27 10:59:02,940 [WARN] PackLoader:240 - Cannot read IP mode file for STMicroelectronics.X-CUBE-DISPLAY.3.0.0
2024-03-27 10:59:02,953 [WARN] PackLoader:240 - Cannot read IP mode file for STMicroelectronics.X-CUBE-BLE1.7.0.0
2024-03-27 10:59:02,960 [WARN] PackLoader:240 - Cannot read IP mode file for emotas.I-CUBE-CANOPEN.1.3.0
2024-03-27 10:59:02,997 [WARN] PackLoader:240 - Cannot read IP mode file for STMicroelectronics.X-CUBE-TOUCHGFX.4.22.0
2024-03-27 10:59:03,044 [WARN] PackLoader:240 - Cannot read IP mode file for STMicroelectronics.X-CUBE-TOUCHGFX.4.22.1
2024-03-27 10:59:03,085 [WARN] PackLoader:240 - Cannot read IP mode file for STMicroelectronics.X-CUBE-BLEMGR.3.1.0
2024-03-27 10:59:03,093 [WARN] PackLoader:240 - Cannot read IP mode file for STMicroelectronics.FP-SNS-SMARTAG2.1.2.0
2024-03-27 10:59:03,107 [INFO] LogOutputStream:77 - [STDOUT_REDIRECT] 1 : Invalid condition id : UX_CORESTACK_Condition cause : null
2024-03-27 10:59:03,109 [INFO] LogOutputStream:77 - [STDOUT_REDIRECT] 1 : Invalid condition id : UX_CORESTACK_Condition cause : null
2024-03-27 10:59:03,110 [INFO] LogOutputStream:77 - [STDOUT_REDIRECT] 1 : Invalid condition id : UX_CORESTACK_Condition cause : null
2024-03-27 10:59:03,111 [INFO] LogOutputStream:77 - [STDOUT_REDIRECT] 1 : Invalid condition id : UX_CORESTACK_Condition cause : null
2024-03-27 10:59:03,112 [INFO] LogOutputStream:77 - [STDOUT_REDIRECT] 1 : Invalid condition id : UX_CORESTACK_Condition cause : null
2024-03-27 10:59:03,116 [WARN] PackLoader:240 - Cannot read IP mode file for STMicroelectronics.X-CUBE-AZRTOS-WL.2.0.0
2024-03-27 10:59:03,125 [WARN] PackLoader:240 - Cannot read IP mode file for WES.I-CUBE-Cesium.1.3.0
2024-03-27 10:59:03,131 [WARN] PackLoader:240 - Cannot read IP mode file for STMicroelectronics.X-CUBE-BLE2.3.3.0
2024-03-27 10:59:03,136 [WARN] PackLoader:240 - Cannot read IP mode file for STMicroelectronics.X-CUBE-TOUCHGFX.4.18.0
2024-03-27 10:59:03,170 [WARN] PackLoader:240 - Cannot read IP mode file for STMicroelectronics.X-CUBE-TOUCHGFX.4.21.1
2024-03-27 10:59:03,206 [WARN] PackLoader:240 - Cannot read IP mode file for STMicroelectronics.X-CUBE-TOUCHGFX.4.21.0
2024-03-27 10:59:03,245 [WARN] PackLoader:240 - Cannot read IP mode file for STMicroelectronics.X-CUBE-TOUCHGFX.4.21.4
2024-03-27 10:59:03,287 [WARN] PackLoader:240 - Cannot read IP mode file for STMicroelectronics.X-CUBE-ALGOBUILD.1.3.0
2024-03-27 10:59:03,327 [WARN] PackLoader:240 - Cannot read IP mode file for STMicroelectronics.X-CUBE-AZRTOS-G0.1.1.0
2024-03-27 10:59:03,350 [WARN] PackLoader:240 - Cannot read IP mode file for STMicroelectronics.X-CUBE-NFC4.3.0.0
2024-03-27 10:59:03,367 [WARN] PackLoader:240 - Cannot read IP mode file for STMicroelectronics.X-CUBE-BLEMGR.3.0.0
2024-03-27 10:59:03,375 [WARN] PackLoader:240 - Cannot read IP mode file for STMicroelectronics.FP-ATR-SIGFOX1.3.2.0
2024-03-27 10:59:03,381 [WARN] PackLoader:240 - Cannot read IP mode file for STMicroelectronics.X-CUBE-EEPRMA1.5.1.0
2024-03-27 10:59:03,434 [WARN] PackLoader:240 - Cannot read IP mode file for SEGGER.I-CUBE-embOS.1.3.1
2024-03-27 10:59:03,492 [WARN] PackLoader:240 - Cannot read IP mode file for STMicroelectronics.X-CUBE-GNSS1.6.0.0
2024-03-27 10:59:03,513 [WARN] PackLoader:240 - Cannot read IP mode file for STMicroelectronics.X-CUBE-AZRTOS-F4.1.1.0
2024-03-27 10:59:03,521 [WARN] PackLoader:240 - Cannot read IP mode file for wolfSSL.I-CUBE-wolfSSL.5.6.6
2024-03-27 10:59:03,542 [WARN] PackLoader:240 - Cannot read IP mode file for STMicroelectronics.X-CUBE-AZRTOS-L5.2.0.0
2024-03-27 10:59:03,555 [WARN] PackLoader:240 - Cannot read IP mode file for STMicroelectronics.X-CUBE-EEPRMA1.4.2.0
2024-03-27 10:59:03,563 [WARN] PackLoader:240 - Cannot read IP mode file for STMicroelectronics.X-CUBE-NFC6.3.1.0
2024-03-27 10:59:03,579 [WARN] PackLoader:240 - Cannot read IP mode file for ITTIA_DB.I-CUBE-ITTIADB.8.8.0
2024-03-27 10:59:03,611 [WARN] PackLoader:240 - Cannot read IP mode file for emotas.I-CUBE-CANOPEN.1.1.3
2024-03-27 10:59:03,817 [WARN] ConditionMgr:438 - getConditionDescription Invalid condition id : UX DEVICE CLASS RTOS Condition cause : null
2024-03-27 10:59:03,817 [WARN] ConditionMgr:438 - getConditionDescription Invalid condition id : UX DEVICE CLASS RTOS Condition cause : null
2024-03-27 10:59:03,823 [WARN] PackLoader:240 - Cannot read IP mode file for STMicroelectronics.X-CUBE-AZRTOS-H7.3.1.0
2024-03-27 10:59:03,826 [WARN] ConditionMgr:1039 - genDependencies : Invalid condition id : UX DEVICE CLASS RTOS Condition cause : null
2024-03-27 10:59:03,826 [WARN] ConditionMgr:1039 - genDependencies : Invalid condition id : UX DEVICE CLASS RTOS Condition cause : null
2024-03-27 10:59:03,826 [WARN] ConditionMgr:1039 - genDependencies : Invalid condition id : UX DEVICE CLASS RTOS Condition cause : null
2024-03-27 10:59:03,827 [WARN] ConditionMgr:1039 - genDependencies : Invalid condition id : UX DEVICE CLASS RTOS Condition cause : null
2024-03-27 10:59:03,827 [WARN] ConditionMgr:1039 - genDependencies : Invalid condition id : UX DEVICE CLASS RTOS Condition cause : null
2024-03-27 10:59:03,837 [WARN] ConditionMgr:438 - getConditionDescription Invalid condition id : UX DEVICE CLASS RTOS Condition cause : null
2024-03-27 10:59:03,838 [WARN] ConditionMgr:438 - getConditionDescription Invalid condition id : UX DEVICE CLASS RTOS Condition cause : null
2024-03-27 10:59:03,963 [WARN] PackLoader:240 - Cannot read IP mode file for STMicroelectronics.X-CUBE-NFC7.1.0.1
2024-03-27 10:59:03,972 [WARN] PackLoader:240 - Cannot read IP mode file for STMicroelectronics.X-CUBE-NFC6.3.0.0
2024-03-27 10:59:03,978 [WARN] PackLoader:240 - Cannot read IP mode file for STMicroelectronics.X-CUBE-AI.8.1.0
2024-03-27 10:59:04,003 [WARN] ConditionMgr:438 - getConditionDescription Invalid condition id : LAN8742 Phy interface Condition cause : null
2024-03-27 10:59:04,004 [WARN] PackLoader:240 - Cannot read IP mode file for STMicroelectronics.X-CUBE-AZRTOS-L4.2.0.0
2024-03-27 10:59:04,005 [WARN] ConditionMgr:1039 - genDependencies : Invalid condition id : LAN8742 Phy interface Condition cause : null
2024-03-27 10:59:04,006 [WARN] ConditionMgr:1039 - genDependencies : Invalid condition id : LAN8742 Phy interface Condition cause : null
2024-03-27 10:59:04,006 [WARN] ConditionMgr:1039 - genDependencies : Invalid condition id : LAN8742 Phy interface Condition cause : null
2024-03-27 10:59:04,021 [WARN] PackLoader:240 - Cannot read IP mode file for STMicroelectronics.X-CUBE-SFXS2LP1.4.0.0
2024-03-27 10:59:04,039 [WARN] ConditionMgr:438 - getConditionDescription Invalid condition id : UX DEVICE CLASS RTOS Condition cause : null
2024-03-27 10:59:04,039 [WARN] ConditionMgr:438 - getConditionDescription Invalid condition id : UX DEVICE CLASS RTOS Condition cause : null
2024-03-27 10:59:04,041 [WARN] PackLoader:240 - Cannot read IP mode file for STMicroelectronics.X-CUBE-AZRTOS-WB.2.0.0
2024-03-27 10:59:04,042 [WARN] ConditionMgr:1039 - genDependencies : Invalid condition id : UX DEVICE CLASS RTOS Condition cause : null
2024-03-27 10:59:04,042 [WARN] ConditionMgr:1039 - genDependencies : Invalid condition id : UX DEVICE CLASS RTOS Condition cause : null
2024-03-27 10:59:04,042 [WARN] ConditionMgr:1039 - genDependencies : Invalid condition id : UX DEVICE CLASS RTOS Condition cause : null
2024-03-27 10:59:04,043 [WARN] ConditionMgr:1039 - genDependencies : Invalid condition id : UX DEVICE CLASS RTOS Condition cause : null
2024-03-27 10:59:04,043 [WARN] ConditionMgr:1039 - genDependencies : Invalid condition id : UX DEVICE CLASS RTOS Condition cause : null
2024-03-27 10:59:04,082 [WARN] PackLoader:240 - Cannot read IP mode file for STMicroelectronics.X-CUBE-SUBG2.5.0.0
2024-03-27 10:59:04,111 [WARN] PackLoader:240 - Cannot read IP mode file for STMicroelectronics.X-CUBE-TOF1.3.3.1
2024-03-27 10:59:04,190 [WARN] PackLoader:240 - Cannot read IP mode file for STMicroelectronics.X-CUBE-AZRTOS-G4.2.0.0
2024-03-27 10:59:04,204 [WARN] PackLoader:240 - Cannot read IP mode file for STMicroelectronics.X-CUBE-TOF1.3.3.0
2024-03-27 10:59:04,284 [WARN] PackLoader:240 - Cannot read IP mode file for Infineon.AIROC-Wi-Fi-Bluetooth-STM32.1.5.1
2024-03-27 10:59:04,359 [WARN] PackLoader:240 - Cannot read IP mode file for STMicroelectronics.FP-SNS-MOTENVWB1.1.3.1
2024-03-27 10:59:04,363 [WARN] PackLoader:240 - Cannot read IP mode file for STMicroelectronics.X-CUBE-ISPU.2.0.0
2024-03-27 10:59:04,406 [WARN] PackLoader:240 - Cannot read IP mode file for STMicroelectronics.X-CUBE-MEMS1.10.0.0
2024-03-27 10:59:04,551 [WARN] PackLoader:240 - Cannot read IP mode file for STMicroelectronics.X-CUBE-FREERTOS.1.1.0
2024-03-27 10:59:04,557 [WARN] PackLoader:240 - Cannot read IP mode file for portGmbH.I-Cube-SoM-uGOAL.1.1.0
2024-03-27 10:59:04,580 [WARN] PackLoader:240 - Cannot read IP mode file for STMicroelectronics.X-CUBE-ALS.1.0.1
2024-03-27 10:59:04,585 [WARN] PackLoader:240 - Cannot read IP mode file for STMicroelectronics.FP-ATR-ASTRA1.2.0.0
2024-03-27 10:59:04,598 [WARN] PackLoader:240 - Cannot read IP mode file for STMicroelectronics.X-CUBE-TOF1.3.4.0
2024-03-27 10:59:04,667 [WARN] PackLoader:240 - Cannot read IP mode file for STMicroelectronics.X-CUBE-TOF1.3.4.1
2024-03-27 10:59:04,700 [WARN] PackLoader:240 - Cannot read IP mode file for STMicroelectronics.X-CUBE-AZRTOS-H7.3.2.0
2024-03-27 10:59:04,805 [INFO] ThirdParty:978 - Integrity check success = true
2024-03-27 10:59:04,805 [INFO] IntegrityCheckThread:100 - exiting critical section [integrity check]
2024-03-27 10:59:04,805 [INFO] IntegrityCheckThread:103 - End integrity checks thread
2024-03-27 10:59:05,059 [INFO] WebApp:161 - Instantiating new browser for Auth
2024-03-27 10:59:06,916 [INFO] WebApp:780 - Register for checkConnection events
2024-03-27 10:59:06,916 [INFO] WebApp:414 - Apply proxy settings
2024-03-27 10:59:06,917 [INFO] WebApp:499 - Chromium requires no authentication
2024-03-27 10:59:06,930 [INFO] WebApp:442 - Direct internet connection detected
2024-03-27 10:59:07,255 [INFO] WebApp:192 - Starting web application
2024-03-27 10:59:07,255 [INFO] WebApp:544 - Web application path used C:\ST\STM32CubeIDE_1.12.0\STM32CubeIDE\plugins\com.st.stm32cube.common.mx_6.10.0.202311202037\db\plugins\mcufinder\reactClient1\index.html
2024-03-27 13:06:16,140 [ERROR] LogOutputStream:75 - [STDERR_REDIRECT] 
2024-03-27 13:06:40,758 [INFO] Activator:176 - 


2024-03-27 13:06:40,760 [INFO] Activator:177 - !SESSION log4j initialized
2024-03-27 13:06:45,257 [ERROR] LogOutputStream:75 - [STDERR_REDIRECT] Managed Build system manifest file error: Option fr.ac6.managedbuild.option.gnu.cross.prefix.1096904150 uses a null category that is invalid in its context. The option was ignored.
2024-03-27 13:06:45,262 [ERROR] LogOutputStream:75 - [STDERR_REDIRECT] Managed Build system manifest file error: Option fr.ac6.managedbuild.option.gnu.cross.mcu.1124576734 uses a null category that is invalid in its context. The option was ignored.
2024-03-27 13:06:45,268 [ERROR] LogOutputStream:75 - [STDERR_REDIRECT] Managed Build system manifest file error: Option fr.ac6.managedbuild.option.gnu.cross.board.131452281 uses a null category that is invalid in its context. The option was ignored.
2024-03-27 13:06:45,273 [ERROR] LogOutputStream:75 - [STDERR_REDIRECT] Managed Build system manifest file error: Option fr.ac6.managedbuild.option.gnu.cross.instructionSet.2112976885 uses a null category that is invalid in its context. The option was ignored.
2024-03-27 13:06:45,277 [ERROR] LogOutputStream:75 - [STDERR_REDIRECT] Managed Build system manifest file error: Option fr.ac6.managedbuild.option.gnu.cross.fpu.2026297664 uses a null category that is invalid in its context. The option was ignored.
2024-03-27 13:06:45,281 [ERROR] LogOutputStream:75 - [STDERR_REDIRECT] Managed Build system manifest file error: Option fr.ac6.managedbuild.option.gnu.cross.floatabi.752291319 uses a null category that is invalid in its context. The option was ignored.
2024-03-27 13:06:48,173 [INFO] LogOutputStream:77 - [STDOUT_REDIRECT] 
2024-03-27 13:06:49,505 [ERROR] LogOutputStream:75 - [STDERR_REDIRECT] ??.?. 27, 2024 1:06:49 ??????? org.glassfish.grizzly.http.server.NetworkListener start
2024-03-27 13:06:49,507 [ERROR] LogOutputStream:75 - [STDERR_REDIRECT] INFO: Started listener bound to [localhost:1597]
2024-03-27 13:06:49,508 [ERROR] LogOutputStream:75 - [STDERR_REDIRECT] 
2024-03-27 13:06:49,513 [ERROR] LogOutputStream:75 - [STDERR_REDIRECT] ??.?. 27, 2024 1:06:49 ??????? org.glassfish.grizzly.http.server.HttpServer start
2024-03-27 13:06:49,513 [ERROR] LogOutputStream:75 - [STDERR_REDIRECT] INFO: [HttpServer] Started.
2024-03-27 13:06:49,513 [ERROR] LogOutputStream:75 - [STDERR_REDIRECT] 
2024-03-27 13:06:51,837 [INFO] ApplicationProperties:184 - Using Application install path: C:\ST\STM32CubeIDE_1.12.0\STM32CubeIDE\plugins\com.st.stm32cube.common.mx_6.11.0.202403141607
2024-03-27 13:06:51,871 [INFO] DbMcusXml:78 - Set database path to: C:\ST\STM32CubeIDE_1.12.0\STM32CubeIDE\plugins\com.st.stm32cube.common.mx_6.11.0.202403141607\\db\/mcu/
2024-03-27 13:06:51,872 [INFO] ApiDb:274 - Set plugin database path to: C:\ST\STM32CubeIDE_1.12.0\STM32CubeIDE\plugins\com.st.stm32cube.common.mx_6.11.0.202403141607\\db\/plugins/boardmanager/
2024-03-27 13:06:51,872 [WARN] ApiDb:259 - Overriding images path with different value:  => C:\ST\STM32CubeIDE_1.12.0\STM32CubeIDE\plugins\com.st.stm32cube.common.mx_6.11.0.202403141607\\db\/plugins/mcufinder/images/
2024-03-27 13:06:53,573 [INFO] ApiDb:250 - Set database path to: C:\Users\user\.stmcufinder\plugins\mcufinder//mcu/
2024-03-27 13:06:53,581 [INFO] DbMcusAds:125 - Set database path to: C:\Users\user\.stmcufinder\plugins\mcufinder//mcu/
2024-03-27 13:06:53,584 [INFO] CrossReferenceDbSqlite:203 - Set database path to: C:\Users\user\.stmcufinder\plugins\mcufinder//mcu/cs/
2024-03-27 13:06:53,757 [INFO] RulesReader:64 - Compatibility file has been processed (297 Rules)
2024-03-27 13:06:53,855 [INFO] DbMcusXml:78 - Set database path to: C:\ST\STM32CubeIDE_1.12.0\STM32CubeIDE\plugins\com.st.stm32cube.common.mx_6.11.0.202403141607\\db\/mcu/
2024-03-27 13:06:53,855 [INFO] ApiDb:274 - Set plugin database path to: C:\ST\STM32CubeIDE_1.12.0\STM32CubeIDE\plugins\com.st.stm32cube.common.mx_6.11.0.202403141607\\db\/plugins/boardmanager/
2024-03-27 13:06:53,855 [INFO] ApiDb:261 - Set plugin images path to: C:\ST\STM32CubeIDE_1.12.0\STM32CubeIDE\plugins\com.st.stm32cube.common.mx_6.11.0.202403141607\\db\/plugins/mcufinder/images/
2024-03-27 13:06:53,856 [WARN] DbFile:41 - Overriding database path with different value: C:\Users\user\.stmcufinder\plugins\mcufinder/ => C:\Users\user\.stmcufinder\plugins\mcufinder
2024-03-27 13:06:53,856 [INFO] ApiDb:250 - Set database path to: C:\Users\user\.stmcufinder\plugins\mcufinder//mcu/
2024-03-27 13:06:53,856 [WARN] DbFile:41 - Overriding database path with different value: C:\Users\user\.stmcufinder\plugins\mcufinder/ => C:\Users\user\.stmcufinder\plugins\mcufinder
2024-03-27 13:06:53,856 [INFO] DbMcusAds:125 - Set database path to: C:\Users\user\.stmcufinder\plugins\mcufinder//mcu/
2024-03-27 13:06:53,856 [WARN] DbFile:41 - Overriding database path with different value: C:\Users\user\.stmcufinder\plugins\mcufinder/ => C:\Users\user\.stmcufinder\plugins\mcufinder
2024-03-27 13:06:53,856 [WARN] DbFile:41 - Overriding database path with different value: C:\Users\user\.stmcufinder\plugins\mcufinder/ => C:\Users\user\.stmcufinder\plugins\mcufinder
2024-03-27 13:06:53,856 [INFO] CrossReferenceDbSqlite:203 - Set database path to: C:\Users\user\.stmcufinder\plugins\mcufinder//mcu/cs/
2024-03-27 13:06:54,004 [INFO] MainPanel:264 - HeapMemory: 591396864
2024-03-27 13:06:54,154 [INFO] DbMcusXml:78 - Set database path to: C:\ST\STM32CubeIDE_1.12.0\STM32CubeIDE\plugins\com.st.stm32cube.common.mx_6.11.0.202403141607\\db\/mcu/
2024-03-27 13:06:54,154 [INFO] ApiDb:274 - Set plugin database path to: C:\ST\STM32CubeIDE_1.12.0\STM32CubeIDE\plugins\com.st.stm32cube.common.mx_6.11.0.202403141607\\db\/plugins/boardmanager/
2024-03-27 13:06:54,154 [INFO] ApiDb:261 - Set plugin images path to: C:\ST\STM32CubeIDE_1.12.0\STM32CubeIDE\plugins\com.st.stm32cube.common.mx_6.11.0.202403141607\\db\/plugins/mcufinder/images/
2024-03-27 13:06:54,154 [WARN] DbFile:41 - Overriding database path with different value: C:\Users\user\.stmcufinder\plugins\mcufinder/ => C:\Users\user\.stmcufinder\plugins\mcufinder
2024-03-27 13:06:54,154 [INFO] ApiDb:250 - Set database path to: C:\Users\user\.stmcufinder\plugins\mcufinder//mcu/
2024-03-27 13:06:54,155 [WARN] DbFile:41 - Overriding database path with different value: C:\Users\user\.stmcufinder\plugins\mcufinder/ => C:\Users\user\.stmcufinder\plugins\mcufinder
2024-03-27 13:06:54,155 [INFO] DbMcusAds:125 - Set database path to: C:\Users\user\.stmcufinder\plugins\mcufinder//mcu/
2024-03-27 13:06:54,155 [WARN] DbFile:41 - Overriding database path with different value: C:\Users\user\.stmcufinder\plugins\mcufinder/ => C:\Users\user\.stmcufinder\plugins\mcufinder
2024-03-27 13:06:54,155 [WARN] DbFile:41 - Overriding database path with different value: C:\Users\user\.stmcufinder\plugins\mcufinder/ => C:\Users\user\.stmcufinder\plugins\mcufinder
2024-03-27 13:06:54,155 [INFO] CrossReferenceDbSqlite:203 - Set database path to: C:\Users\user\.stmcufinder\plugins\mcufinder//mcu/cs/
2024-03-27 13:06:54,175 [INFO] ApplicationProperties:184 - Using Application install path: C:\ST\STM32CubeIDE_1.12.0\STM32CubeIDE\plugins\com.st.stm32cube.common.mx_6.11.0.202403141607
2024-03-27 13:06:54,178 [INFO] PluginManage:196 - Search for loadable plugins [exclusion list=, ]
2024-03-27 13:06:54,180 [INFO] PluginManage:310 - Check plugin analytics
2024-03-27 13:06:54,825 [INFO] AnalyticsPlugin:253 - Accepted Software Licenses: STM32CubeMX.6.10.0
2024-03-27 13:06:54,825 [INFO] AnalyticsPlugin:255 - Accepted CMSIS Pack Licenses: 
2024-03-27 13:06:54,830 [INFO] AnalyticsPlugin:257 - Accepted Firmware Licenses: 
2024-03-27 13:06:54,833 [INFO] PluginManage:359 - Loaded plugin analytics (category:tool,tabindex:-1)
2024-03-27 13:06:54,834 [INFO] PluginManage:310 - Check plugin cadmodel
2024-03-27 13:06:54,841 [INFO] CADModel:105 - Init CAD model plugin
2024-03-27 13:06:54,841 [INFO] PluginManage:359 - Loaded plugin cadmodel (category:power,tabindex:5)
2024-03-27 13:06:54,841 [INFO] PluginManage:310 - Check plugin clock
2024-03-27 13:06:54,864 [INFO] PluginManage:359 - Loaded plugin clock (category:base,tabindex:2)
2024-03-27 13:06:54,864 [INFO] PluginManage:310 - Check plugin ddr
2024-03-27 13:06:54,867 [INFO] PluginManage:359 - Loaded plugin ddr (category:tool,tabindex:6)
2024-03-27 13:06:54,867 [INFO] PluginManage:310 - Check plugin filemanager
2024-03-27 13:06:55,047 [INFO] PluginManage:359 - Loaded plugin filemanager (category:base,tabindex:10)
2024-03-27 13:06:55,048 [INFO] PluginManage:310 - Check plugin ipmanager
2024-03-27 13:06:55,056 [INFO] PluginManage:359 - Loaded plugin ipmanager (category:base,tabindex:5)
2024-03-27 13:06:55,056 [INFO] PluginManage:310 - Check plugin lpbam
2024-03-27 13:06:55,067 [INFO] PluginManage:359 - Loaded plugin lpbam (category:base,tabindex:0)
2024-03-27 13:06:55,067 [INFO] PluginManage:310 - Check plugin memorymap
2024-03-27 13:06:55,086 [INFO] PluginManage:359 - Loaded plugin memorymap (category:base,tabindex:4)
2024-03-27 13:06:55,086 [INFO] PluginManage:310 - Check plugin pinoutandconfiguration
2024-03-27 13:06:55,097 [INFO] PluginManage:359 - Loaded plugin pinoutandconfiguration (category:base,tabindex:1)
2024-03-27 13:06:55,097 [INFO] PluginManage:310 - Check plugin pinoutconfig
2024-03-27 13:06:55,225 [WARN] SupportedApi:132 - Cannot load RTOS API schema: s4s-elt-must-match.1: The content of 'definitions' must match (annotation?, (simpleType | complexType)?, (unique | key | keyref)*)). A problem was found starting at: attribute.
2024-03-27 13:06:55,553 [INFO] PluginManage:359 - Loaded plugin pinoutconfig (category:base,tabindex:0)
2024-03-27 13:06:55,553 [INFO] PluginManage:310 - Check plugin power
2024-03-27 13:06:55,585 [INFO] PluginManage:359 - Loaded plugin power (category:power,tabindex:4)
2024-03-27 13:06:55,585 [INFO] PluginManage:310 - Check plugin projectmanager
2024-03-27 13:06:55,649 [INFO] PluginManage:359 - Loaded plugin projectmanager (category:projectmanager,tabindex:3)
2024-03-27 13:06:55,649 [INFO] PluginManage:310 - Check plugin thirdparty
2024-03-27 13:06:55,845 [INFO] PluginManage:359 - Loaded plugin thirdparty (category:base,tabindex:-1)
2024-03-27 13:06:55,845 [INFO] PluginManage:310 - Check plugin tools
2024-03-27 13:06:55,847 [WARN] IntegrityCheckThread:84 - waiting for thirdparty lock release [integrity check]
2024-03-27 13:06:55,848 [INFO] IntegrityCheckThread:86 - entering critical section [integrity check]
2024-03-27 13:06:55,848 [INFO] ThirdPartyUpdaterWithRetryManager:70 - Updater plugin not ready yet. [1/15]
2024-03-27 13:06:55,850 [INFO] PluginManage:359 - Loaded plugin tools (category:base,tabindex:7)
2024-03-27 13:06:55,850 [INFO] PluginManage:310 - Check plugin tutovideos
2024-03-27 13:06:56,190 [INFO] PluginManage:359 - Loaded plugin tutovideos (category:base,tabindex:-1)
2024-03-27 13:06:56,190 [INFO] PluginManage:310 - Check plugin updater
2024-03-27 13:06:56,209 [INFO] PluginManage:359 - Loaded plugin updater (category:base,tabindex:12)
2024-03-27 13:06:56,209 [INFO] PluginManage:310 - Check plugin userauth
2024-03-27 13:06:56,217 [INFO] UserAuth:114 - Init User Auth plugin
2024-03-27 13:06:56,217 [INFO] PluginManage:359 - Loaded plugin userauth (category:base,tabindex:14)
2024-03-27 13:06:56,218 [INFO] PluginManage:283 - PluginManage : Loaded plugins [17]
2024-03-27 13:06:56,558 [INFO] PinOutPanel:1561 - setPackage(No Configuration,No Configuration)
2024-03-27 13:06:56,669 [INFO] CADModel:165 - CPN selected for project level
2024-03-27 13:06:56,670 [INFO] CADModel:114 - Register for checkConnection events
2024-03-27 13:06:56,691 [INFO] IPUIPlugin:80 - create IPUIPlugin
2024-03-27 13:06:56,691 [INFO] PluginManager:220 - loadIPPluginJar : add adc
2024-03-27 13:06:56,697 [INFO] IPUIPlugin:80 - create IPUIPlugin
2024-03-27 13:06:56,697 [INFO] PluginManager:220 - loadIPPluginJar : add aes
2024-03-27 13:06:56,699 [INFO] IPUIPlugin:80 - create IPUIPlugin
2024-03-27 13:06:56,700 [INFO] PluginManager:220 - loadIPPluginJar : add can
2024-03-27 13:06:56,701 [INFO] IPUIPlugin:80 - create IPUIPlugin
2024-03-27 13:06:56,701 [INFO] PluginManager:220 - loadIPPluginJar : add comp
2024-03-27 13:06:56,703 [INFO] IPUIPlugin:80 - create IPUIPlugin
2024-03-27 13:06:56,703 [INFO] PluginManager:220 - loadIPPluginJar : add cryp
2024-03-27 13:06:56,705 [INFO] IPUIPlugin:80 - create IPUIPlugin
2024-03-27 13:06:56,705 [INFO] PluginManager:220 - loadIPPluginJar : add dfsdm
2024-03-27 13:06:56,714 [INFO] IPUIPlugin:80 - create IPUIPlugin
2024-03-27 13:06:56,714 [INFO] PluginManager:220 - loadIPPluginJar : add dma
2024-03-27 13:06:56,718 [INFO] IPUIPlugin:80 - create IPUIPlugin
2024-03-27 13:06:56,718 [INFO] PluginManager:220 - loadIPPluginJar : add dma3
2024-03-27 13:06:56,721 [INFO] IPUIPlugin:80 - create IPUIPlugin
2024-03-27 13:06:56,721 [INFO] PluginManager:220 - loadIPPluginJar : add extmemmanager
2024-03-27 13:06:56,723 [INFO] IPUIPlugin:80 - create IPUIPlugin
2024-03-27 13:06:56,724 [INFO] PluginManager:220 - loadIPPluginJar : add fatfs
2024-03-27 13:06:56,732 [INFO] IPUIPlugin:80 - create IPUIPlugin
2024-03-27 13:06:56,732 [INFO] PluginManager:220 - loadIPPluginJar : add fmc
2024-03-27 13:06:56,738 [INFO] IPUIPlugin:80 - create IPUIPlugin
2024-03-27 13:06:56,738 [INFO] PluginManager:220 - loadIPPluginJar : add freertos
2024-03-27 13:06:56,740 [INFO] IPUIPlugin:80 - create IPUIPlugin
2024-03-27 13:06:56,740 [INFO] PluginManager:220 - loadIPPluginJar : add genericplugin
2024-03-27 13:06:56,745 [INFO] IPUIPlugin:80 - create IPUIPlugin
2024-03-27 13:06:56,745 [INFO] PluginManager:220 - loadIPPluginJar : add gfxmmu
2024-03-27 13:06:56,752 [INFO] IPUIPlugin:80 - create IPUIPlugin
2024-03-27 13:06:56,752 [INFO] PluginManager:220 - loadIPPluginJar : add gic
2024-03-27 13:06:56,757 [INFO] IPUIPlugin:80 - create IPUIPlugin
2024-03-27 13:06:56,758 [INFO] PluginManager:220 - loadIPPluginJar : add gpio
2024-03-27 13:06:56,763 [INFO] IPUIPlugin:80 - create IPUIPlugin
2024-03-27 13:06:56,763 [INFO] PluginManager:220 - loadIPPluginJar : add gtzc
2024-03-27 13:06:56,766 [INFO] IPUIPlugin:80 - create IPUIPlugin
2024-03-27 13:06:56,767 [INFO] PluginManager:220 - loadIPPluginJar : add hash
2024-03-27 13:06:56,768 [INFO] IPUIPlugin:80 - create IPUIPlugin
2024-03-27 13:06:56,768 [INFO] PluginManager:220 - loadIPPluginJar : add i2c
2024-03-27 13:06:56,771 [INFO] IPUIPlugin:80 - create IPUIPlugin
2024-03-27 13:06:56,771 [INFO] PluginManager:220 - loadIPPluginJar : add i2s
2024-03-27 13:06:56,773 [INFO] IPUIPlugin:80 - create IPUIPlugin
2024-03-27 13:06:56,773 [INFO] PluginManager:220 - loadIPPluginJar : add i3c
2024-03-27 13:06:56,775 [INFO] IPUIPlugin:80 - create IPUIPlugin
2024-03-27 13:06:56,777 [INFO] PluginManager:220 - loadIPPluginJar : add ipddr
2024-03-27 13:06:56,784 [INFO] IPUIPlugin:80 - create IPUIPlugin
2024-03-27 13:06:56,785 [INFO] PluginManager:220 - loadIPPluginJar : add linkedlist
2024-03-27 13:06:56,788 [INFO] IPUIPlugin:80 - create IPUIPlugin
2024-03-27 13:06:56,788 [INFO] PluginManager:220 - loadIPPluginJar : add lorawan
2024-03-27 13:06:56,789 [INFO] IPUIPlugin:80 - create IPUIPlugin
2024-03-27 13:06:56,789 [INFO] PluginManager:220 - loadIPPluginJar : add ltdc
2024-03-27 13:06:56,799 [INFO] IPUIPlugin:80 - create IPUIPlugin
2024-03-27 13:06:56,799 [INFO] PluginManager:220 - loadIPPluginJar : add mdma
2024-03-27 13:06:56,802 [INFO] IPUIPlugin:80 - create IPUIPlugin
2024-03-27 13:06:56,802 [INFO] PluginManager:220 - loadIPPluginJar : add nvic
2024-03-27 13:06:56,805 [INFO] IPUIPlugin:80 - create IPUIPlugin
2024-03-27 13:06:56,805 [INFO] PluginManager:220 - loadIPPluginJar : add opamp
2024-03-27 13:06:56,807 [INFO] IPUIPlugin:80 - create IPUIPlugin
2024-03-27 13:06:56,807 [INFO] PluginManager:220 - loadIPPluginJar : add openamp
2024-03-27 13:06:56,811 [INFO] IPUIPlugin:80 - create IPUIPlugin
2024-03-27 13:06:56,812 [INFO] PluginManager:220 - loadIPPluginJar : add pdm2pcm
2024-03-27 13:06:56,817 [INFO] IPUIPlugin:80 - create IPUIPlugin
2024-03-27 13:06:56,819 [INFO] PluginManager:220 - loadIPPluginJar : add plateformsettings
2024-03-27 13:06:56,821 [INFO] IPUIPlugin:80 - create IPUIPlugin
2024-03-27 13:06:56,821 [INFO] PluginManager:220 - loadIPPluginJar : add quadspi
2024-03-27 13:06:56,824 [INFO] IPUIPlugin:80 - create IPUIPlugin
2024-03-27 13:06:56,824 [INFO] PluginManager:220 - loadIPPluginJar : add resmgrutility
2024-03-27 13:06:56,829 [INFO] IPUIPlugin:80 - create IPUIPlugin
2024-03-27 13:06:56,829 [INFO] PluginManager:220 - loadIPPluginJar : add sai
2024-03-27 13:06:56,831 [INFO] IPUIPlugin:80 - create IPUIPlugin
2024-03-27 13:06:56,831 [INFO] PluginManager:220 - loadIPPluginJar : add spi
2024-03-27 13:06:56,835 [INFO] IPUIPlugin:80 - create IPUIPlugin
2024-03-27 13:06:56,836 [INFO] PluginManager:220 - loadIPPluginJar : add stm32_wpan
2024-03-27 13:06:56,837 [INFO] IPUIPlugin:80 - create IPUIPlugin
2024-03-27 13:06:56,837 [INFO] PluginManager:220 - loadIPPluginJar : add tim
2024-03-27 13:06:56,840 [INFO] IPUIPlugin:80 - create IPUIPlugin
2024-03-27 13:06:56,840 [INFO] PluginManager:220 - loadIPPluginJar : add touchsensing
2024-03-27 13:06:56,841 [INFO] IPUIPlugin:80 - create IPUIPlugin
2024-03-27 13:06:56,841 [INFO] PluginManager:220 - loadIPPluginJar : add tracer_emb
2024-03-27 13:06:56,846 [INFO] IPUIPlugin:80 - create IPUIPlugin
2024-03-27 13:06:56,846 [INFO] PluginManager:220 - loadIPPluginJar : add ts
2024-03-27 13:06:56,849 [INFO] IPUIPlugin:80 - create IPUIPlugin
2024-03-27 13:06:56,849 [INFO] PluginManager:220 - loadIPPluginJar : add tsc
2024-03-27 13:06:56,851 [INFO] IPUIPlugin:80 - create IPUIPlugin
2024-03-27 13:06:56,851 [INFO] PluginManager:220 - loadIPPluginJar : add ucpd
2024-03-27 13:06:56,853 [INFO] IPUIPlugin:80 - create IPUIPlugin
2024-03-27 13:06:56,853 [INFO] PluginManager:220 - loadIPPluginJar : add usart
2024-03-27 13:06:56,855 [INFO] IPUIPlugin:80 - create IPUIPlugin
2024-03-27 13:06:56,855 [INFO] PluginManager:220 - loadIPPluginJar : add usbx
2024-03-27 13:06:56,985 [INFO] CADModel:165 - CPN selected for project level
2024-03-27 13:06:56,985 [INFO] CADModel:114 - Register for checkConnection events
2024-03-27 13:06:56,985 [FATAL] Updater:308 - Updater called before beeing initialized
2024-03-27 13:06:56,985 [ERROR] CADModel:125 - Updater not yet initialized, retry later 
2024-03-27 13:06:57,170 [INFO] CADModel:165 - CPN selected for project level
2024-03-27 13:06:57,170 [INFO] CADModel:114 - Register for checkConnection events
2024-03-27 13:06:57,170 [FATAL] Updater:308 - Updater called before beeing initialized
2024-03-27 13:06:57,170 [ERROR] CADModel:125 - Updater not yet initialized, retry later 
2024-03-27 13:06:57,174 [FATAL] Updater:308 - Updater called before beeing initialized
2024-03-27 13:06:57,329 [FATAL] Updater:308 - Updater called before beeing initialized
2024-03-27 13:06:57,333 [INFO] DbMcusAds:53 - JSON generation date=Thu Sep 30 13:55:09 ICT 2021 (1632984909247)
2024-03-27 13:06:57,333 [FATAL] Updater:308 - Updater called before beeing initialized
2024-03-27 13:06:57,378 [WARN] DetailPanel:346 - Failed to get advertising image, set to default
2024-03-27 13:06:57,469 [FATAL] Updater:308 - Updater called before beeing initialized
2024-03-27 13:06:57,472 [FATAL] Updater:308 - Updater called before beeing initialized
2024-03-27 13:06:57,472 [FATAL] Updater:308 - Updater called before beeing initialized
2024-03-27 13:06:57,473 [WARN] DetailPanel:346 - Failed to get advertising image, set to default
2024-03-27 13:06:57,473 [FATAL] Updater:308 - Updater called before beeing initialized
2024-03-27 13:06:57,537 [ERROR] Updater:1120 - MainUpdater not yet initialized. External WinMGr cannot be set.
2024-03-27 13:06:57,539 [INFO] Updater:1056 - Updater Version found : 6.11.0
2024-03-27 13:06:57,569 [INFO] ApplicationProperties:184 - Using Application install path: C:\ST\STM32CubeIDE_1.12.0\STM32CubeIDE\plugins\com.st.stm32cube.common.mx_6.11.0.202403141607
2024-03-27 13:06:57,715 [INFO] MainUpdater:526 - Copy updater definitions from MX database
2024-03-27 13:06:58,141 [INFO] MainUpdater:2873 - connection check result : 10
2024-03-27 13:06:58,141 [INFO] MainUpdater:3567 - Updater definition file requires update
2024-03-27 13:06:58,153 [INFO] MainUpdater:290 - Updater Check For Update Now.
2024-03-27 13:06:58,153 [INFO] MicroXplorer:498 - Change Database Version : DB.6.0.110
2024-03-27 13:06:58,158 [INFO] McuFinderGlobals:63 - Set McuFinder mode to 2 (CubeIDE integrated)
2024-03-27 13:06:58,158 [INFO] UserAuth:179 - activating auth plugin
2024-03-27 13:06:58,165 [INFO] UserAuth:415 - Internet connection configuration mode: 1
2024-03-27 13:06:58,191 [INFO] JxBrowserEngine:152 - Initiate JxBrowser Engine with user profile folder
2024-03-27 13:06:58,849 [WARN] MainUpdater:1194 - Updater busy. Cannot search thirdparties
2024-03-27 13:06:58,849 [INFO] ThirdPartyUpdaterWithRetryManager:96 - Updater plugin is busy. [1/15]
2024-03-27 13:07:00,027 [INFO] ServerAccessManage:473 - Download File updaters.zip
2024-03-27 13:07:00,099 [INFO] FileExtend:240 - Unzip File : updaters.zip
2024-03-27 13:07:00,099 [INFO] FileExtend:255 - Standard Zip Deflate
2024-03-27 13:07:01,850 [WARN] MainUpdater:1194 - Updater busy. Cannot search thirdparties
2024-03-27 13:07:01,850 [INFO] ThirdPartyUpdaterWithRetryManager:96 - Updater plugin is busy. [2/15]
2024-03-27 13:07:02,074 [INFO] ServerAccessManage:473 - Download File PacksControlFlags.xml
2024-03-27 13:07:03,047 [INFO] ServerAccessManage:473 - Download File cubemx.pidx
2024-03-27 13:07:03,180 [INFO] LoadServerUpdatesThread:375 - End of LoadServerUpdate Thread
2024-03-27 13:07:03,411 [INFO] CheckServerUpdateThread:120 - End of CheckServer Thread
2024-03-27 13:07:03,893 [INFO] WebApp:161 - Instantiating new browser for Auth
2024-03-27 13:07:04,570 [INFO] WebApp:779 - Register for checkConnection events
2024-03-27 13:07:04,570 [INFO] WebApp:414 - Apply proxy settings
2024-03-27 13:07:04,571 [INFO] WebApp:499 - Chromium requires no authentication
2024-03-27 13:07:04,584 [INFO] WebApp:442 - Direct internet connection detected
2024-03-27 13:07:04,800 [INFO] WebApp:192 - Starting web application
2024-03-27 13:07:04,800 [INFO] WebApp:544 - Web application path used C:\ST\STM32CubeIDE_1.12.0\STM32CubeIDE\plugins\com.st.stm32cube.common.mx_6.11.0.202403141607\db\plugins\mcufinder\reactClient1\index.html
2024-03-27 13:07:05,112 [WARN] PackLoader:240 - Cannot read IP mode file for STMicroelectronics.X-CUBE-SMBUS.2.1.0
2024-03-27 13:07:05,122 [WARN] PackLoader:240 - Cannot read IP mode file for STMicroelectronics.X-CUBE-TOUCHGFX.4.23.0
2024-03-27 13:07:05,272 [WARN] PackLoader:240 - Cannot read IP mode file for STMicroelectronics.X-CUBE-AZRTOS-F7.1.1.0
2024-03-27 13:07:05,291 [WARN] PackLoader:240 - Cannot read IP mode file for STMicroelectronics.FP-SNS-MOTENV1.4.3.2
2024-03-27 13:07:05,308 [WARN] PackLoader:240 - Cannot read IP mode file for STMicroelectronics.FP-SNS-FLIGHT1.5.0.2
2024-03-27 13:07:05,319 [WARN] PackLoader:240 - Cannot read IP mode file for STMicroelectronics.X-CUBE-DISPLAY.3.0.0
2024-03-27 13:07:05,337 [WARN] PackLoader:240 - Cannot read IP mode file for STMicroelectronics.X-CUBE-BLE1.7.0.0
2024-03-27 13:07:05,345 [WARN] PackLoader:240 - Cannot read IP mode file for emotas.I-CUBE-CANOPEN.1.3.0
2024-03-27 13:07:05,389 [WARN] PackLoader:240 - Cannot read IP mode file for STMicroelectronics.X-CUBE-TOUCHGFX.4.22.0
2024-03-27 13:07:05,428 [WARN] PackLoader:240 - Cannot read IP mode file for STMicroelectronics.X-CUBE-TOUCHGFX.4.22.1
2024-03-27 13:07:05,465 [WARN] PackLoader:240 - Cannot read IP mode file for STMicroelectronics.X-CUBE-BLEMGR.3.1.0
2024-03-27 13:07:05,471 [WARN] PackLoader:240 - Cannot read IP mode file for STMicroelectronics.FP-SNS-SMARTAG2.1.2.0
2024-03-27 13:07:05,487 [INFO] LogOutputStream:77 - [STDOUT_REDIRECT] 1 : Invalid condition id : UX_CORESTACK_Condition cause : null
2024-03-27 13:07:05,489 [INFO] LogOutputStream:77 - [STDOUT_REDIRECT] 1 : Invalid condition id : UX_CORESTACK_Condition cause : null
2024-03-27 13:07:05,491 [INFO] LogOutputStream:77 - [STDOUT_REDIRECT] 1 : Invalid condition id : UX_CORESTACK_Condition cause : null
2024-03-27 13:07:05,498 [INFO] LogOutputStream:77 - [STDOUT_REDIRECT] 1 : Invalid condition id : UX_CORESTACK_Condition cause : null
2024-03-27 13:07:05,499 [INFO] LogOutputStream:77 - [STDOUT_REDIRECT] 1 : Invalid condition id : UX_CORESTACK_Condition cause : null
2024-03-27 13:07:05,503 [WARN] PackLoader:240 - Cannot read IP mode file for STMicroelectronics.X-CUBE-AZRTOS-WL.2.0.0
2024-03-27 13:07:05,514 [WARN] PackLoader:240 - Cannot read IP mode file for WES.I-CUBE-Cesium.1.3.0
2024-03-27 13:07:05,517 [WARN] PackLoader:240 - Cannot read IP mode file for STMicroelectronics.X-CUBE-BLE2.3.3.0
2024-03-27 13:07:05,521 [WARN] PackLoader:240 - Cannot read IP mode file for STMicroelectronics.X-CUBE-TOUCHGFX.4.18.0
2024-03-27 13:07:05,562 [WARN] PackLoader:240 - Cannot read IP mode file for STMicroelectronics.X-CUBE-TOUCHGFX.4.21.1
2024-03-27 13:07:05,597 [WARN] PackLoader:240 - Cannot read IP mode file for STMicroelectronics.X-CUBE-TOUCHGFX.4.21.0
2024-03-27 13:07:05,670 [WARN] PackLoader:240 - Cannot read IP mode file for STMicroelectronics.X-CUBE-TOUCHGFX.4.21.4
2024-03-27 13:07:05,735 [WARN] PackLoader:240 - Cannot read IP mode file for STMicroelectronics.X-CUBE-ALGOBUILD.1.3.0
2024-03-27 13:07:05,767 [WARN] PackLoader:240 - Cannot read IP mode file for STMicroelectronics.X-CUBE-AZRTOS-G0.1.1.0
2024-03-27 13:07:05,775 [WARN] PackLoader:240 - Cannot read IP mode file for STMicroelectronics.X-CUBE-NFC4.3.0.0
2024-03-27 13:07:05,785 [WARN] PackLoader:240 - Cannot read IP mode file for STMicroelectronics.X-CUBE-BLEMGR.3.0.0
2024-03-27 13:07:05,798 [WARN] PackLoader:240 - Cannot read IP mode file for STMicroelectronics.FP-ATR-SIGFOX1.3.2.0
2024-03-27 13:07:05,805 [WARN] PackLoader:240 - Cannot read IP mode file for STMicroelectronics.X-CUBE-EEPRMA1.5.1.0
2024-03-27 13:07:05,920 [WARN] PackLoader:240 - Cannot read IP mode file for SEGGER.I-CUBE-embOS.1.3.1
2024-03-27 13:07:05,980 [WARN] PackLoader:240 - Cannot read IP mode file for STMicroelectronics.X-CUBE-GNSS1.6.0.0
2024-03-27 13:07:06,000 [WARN] PackLoader:240 - Cannot read IP mode file for STMicroelectronics.X-CUBE-AZRTOS-F4.1.1.0
2024-03-27 13:07:06,011 [WARN] PackLoader:240 - Cannot read IP mode file for wolfSSL.I-CUBE-wolfSSL.5.6.6
2024-03-27 13:07:06,031 [WARN] PackLoader:240 - Cannot read IP mode file for STMicroelectronics.X-CUBE-AZRTOS-L5.2.0.0
2024-03-27 13:07:06,042 [WARN] PackLoader:240 - Cannot read IP mode file for STMicroelectronics.X-CUBE-EEPRMA1.4.2.0
2024-03-27 13:07:06,055 [WARN] PackLoader:240 - Cannot read IP mode file for STMicroelectronics.X-CUBE-NFC6.3.1.0
2024-03-27 13:07:06,066 [WARN] PackLoader:240 - Cannot read IP mode file for ITTIA_DB.I-CUBE-ITTIADB.8.8.0
2024-03-27 13:07:06,117 [WARN] PackLoader:240 - Cannot read IP mode file for emotas.I-CUBE-CANOPEN.1.1.3
2024-03-27 13:07:06,165 [WARN] ConditionMgr:438 - getConditionDescription Invalid condition id : UX DEVICE CLASS RTOS Condition cause : null
2024-03-27 13:07:06,165 [WARN] ConditionMgr:438 - getConditionDescription Invalid condition id : UX DEVICE CLASS RTOS Condition cause : null
2024-03-27 13:07:06,167 [WARN] PackLoader:240 - Cannot read IP mode file for STMicroelectronics.X-CUBE-AZRTOS-H7.3.1.0
2024-03-27 13:07:06,169 [WARN] ConditionMgr:1039 - genDependencies : Invalid condition id : UX DEVICE CLASS RTOS Condition cause : null
2024-03-27 13:07:06,169 [WARN] ConditionMgr:1039 - genDependencies : Invalid condition id : UX DEVICE CLASS RTOS Condition cause : null
2024-03-27 13:07:06,169 [WARN] ConditionMgr:1039 - genDependencies : Invalid condition id : UX DEVICE CLASS RTOS Condition cause : null
2024-03-27 13:07:06,170 [WARN] ConditionMgr:1039 - genDependencies : Invalid condition id : UX DEVICE CLASS RTOS Condition cause : null
2024-03-27 13:07:06,170 [WARN] ConditionMgr:1039 - genDependencies : Invalid condition id : UX DEVICE CLASS RTOS Condition cause : null
2024-03-27 13:07:06,182 [WARN] ConditionMgr:438 - getConditionDescription Invalid condition id : UX DEVICE CLASS RTOS Condition cause : null
2024-03-27 13:07:06,182 [WARN] ConditionMgr:438 - getConditionDescription Invalid condition id : UX DEVICE CLASS RTOS Condition cause : null
2024-03-27 13:07:06,355 [WARN] PackLoader:240 - Cannot read IP mode file for STMicroelectronics.X-CUBE-NFC7.1.0.1
2024-03-27 13:07:06,413 [WARN] PackLoader:240 - Cannot read IP mode file for STMicroelectronics.X-CUBE-NFC6.3.0.0
2024-03-27 13:07:06,432 [WARN] PackLoader:240 - Cannot read IP mode file for STMicroelectronics.X-CUBE-AI.8.1.0
2024-03-27 13:07:06,490 [WARN] ConditionMgr:438 - getConditionDescription Invalid condition id : LAN8742 Phy interface Condition cause : null
2024-03-27 13:07:06,491 [WARN] PackLoader:240 - Cannot read IP mode file for STMicroelectronics.X-CUBE-AZRTOS-L4.2.0.0
2024-03-27 13:07:06,492 [WARN] ConditionMgr:1039 - genDependencies : Invalid condition id : LAN8742 Phy interface Condition cause : null
2024-03-27 13:07:06,492 [WARN] ConditionMgr:1039 - genDependencies : Invalid condition id : LAN8742 Phy interface Condition cause : null
2024-03-27 13:07:06,497 [WARN] ConditionMgr:1039 - genDependencies : Invalid condition id : LAN8742 Phy interface Condition cause : null
2024-03-27 13:07:06,514 [WARN] PackLoader:240 - Cannot read IP mode file for STMicroelectronics.X-CUBE-SFXS2LP1.4.0.0
2024-03-27 13:07:06,547 [WARN] ConditionMgr:438 - getConditionDescription Invalid condition id : UX DEVICE CLASS RTOS Condition cause : null
2024-03-27 13:07:06,547 [WARN] ConditionMgr:438 - getConditionDescription Invalid condition id : UX DEVICE CLASS RTOS Condition cause : null
2024-03-27 13:07:06,549 [WARN] PackLoader:240 - Cannot read IP mode file for STMicroelectronics.X-CUBE-AZRTOS-WB.2.0.0
2024-03-27 13:07:06,550 [WARN] ConditionMgr:1039 - genDependencies : Invalid condition id : UX DEVICE CLASS RTOS Condition cause : null
2024-03-27 13:07:06,550 [WARN] ConditionMgr:1039 - genDependencies : Invalid condition id : UX DEVICE CLASS RTOS Condition cause : null
2024-03-27 13:07:06,551 [WARN] ConditionMgr:1039 - genDependencies : Invalid condition id : UX DEVICE CLASS RTOS Condition cause : null
2024-03-27 13:07:06,551 [WARN] ConditionMgr:1039 - genDependencies : Invalid condition id : UX DEVICE CLASS RTOS Condition cause : null
2024-03-27 13:07:06,551 [WARN] ConditionMgr:1039 - genDependencies : Invalid condition id : UX DEVICE CLASS RTOS Condition cause : null
2024-03-27 13:07:06,572 [WARN] PackLoader:240 - Cannot read IP mode file for STMicroelectronics.X-CUBE-SUBG2.5.0.0
2024-03-27 13:07:06,687 [WARN] PackLoader:240 - Cannot read IP mode file for STMicroelectronics.X-CUBE-TOF1.3.3.1
2024-03-27 13:07:06,835 [WARN] PackLoader:240 - Cannot read IP mode file for STMicroelectronics.X-CUBE-AZRTOS-G4.2.0.0
2024-03-27 13:07:06,855 [WARN] PackLoader:240 - Cannot read IP mode file for STMicroelectronics.X-CUBE-TOF1.3.3.0
2024-03-27 13:07:06,945 [WARN] PackLoader:240 - Cannot read IP mode file for Infineon.AIROC-Wi-Fi-Bluetooth-STM32.1.5.1
2024-03-27 13:07:06,953 [WARN] PackLoader:240 - Cannot read IP mode file for STMicroelectronics.FP-SNS-MOTENVWB1.1.3.1
2024-03-27 13:07:06,959 [WARN] PackLoader:240 - Cannot read IP mode file for STMicroelectronics.X-CUBE-ISPU.2.0.0
2024-03-27 13:07:07,021 [WARN] PackLoader:240 - Cannot read IP mode file for STMicroelectronics.X-CUBE-MEMS1.10.0.0
2024-03-27 13:07:07,180 [WARN] PackLoader:240 - Cannot read IP mode file for STMicroelectronics.X-CUBE-FREERTOS.1.1.0
2024-03-27 13:07:07,185 [WARN] PackLoader:240 - Cannot read IP mode file for portGmbH.I-Cube-SoM-uGOAL.1.1.0
2024-03-27 13:07:07,191 [WARN] PackLoader:240 - Cannot read IP mode file for STMicroelectronics.X-CUBE-ALS.1.0.1
2024-03-27 13:07:07,198 [WARN] PackLoader:240 - Cannot read IP mode file for STMicroelectronics.FP-ATR-ASTRA1.2.0.0
2024-03-27 13:07:07,207 [WARN] PackLoader:240 - Cannot read IP mode file for STMicroelectronics.X-CUBE-TOF1.3.4.0
2024-03-27 13:07:07,273 [WARN] PackLoader:240 - Cannot read IP mode file for STMicroelectronics.X-CUBE-TOF1.3.4.1
2024-03-27 13:07:07,304 [WARN] PackLoader:240 - Cannot read IP mode file for STMicroelectronics.X-CUBE-AZRTOS-H7.3.2.0
2024-03-27 13:07:07,390 [INFO] ThirdParty:978 - Integrity check success = true
2024-03-27 13:07:07,390 [INFO] IntegrityCheckThread:100 - exiting critical section [integrity check]
2024-03-27 13:07:07,390 [INFO] IntegrityCheckThread:103 - End integrity checks thread
2024-03-27 17:29:39,413 [ERROR] LogOutputStream:75 - [STDERR_REDIRECT] 
