2024-07-26 09:59:21,987 [INFO] Activator:176 - 


2024-07-26 09:59:21,994 [INFO] Activator:177 - !SESSION log4j initialized
2024-07-26 09:59:29,363 [INFO] LogOutputStream:77 - [STDOUT_REDIRECT] 
2024-07-26 09:59:30,884 [INFO] ApplicationProperties:184 - Using Application install path: C:\ST\STM32CubeIDE_1.16.0\STM32CubeIDE\plugins\com.st.stm32cube.common.mx_6.12.0.202406281431
2024-07-26 09:59:30,901 [INFO] DbMcusXml:78 - Set database path to: C:\ST\STM32CubeIDE_1.16.0\STM32CubeIDE\plugins\com.st.stm32cube.common.mx_6.12.0.202406281431\\db\/mcu/
2024-07-26 09:59:30,902 [INFO] ApiDb:274 - Set plugin database path to: C:\ST\STM32CubeIDE_1.16.0\STM32CubeIDE\plugins\com.st.stm32cube.common.mx_6.12.0.202406281431\\db\/plugins/boardmanager/
2024-07-26 09:59:30,902 [WARN] ApiDb:259 - Overriding images path with different value:  => C:\ST\STM32CubeIDE_1.16.0\STM32CubeIDE\plugins\com.st.stm32cube.common.mx_6.12.0.202406281431\\db\/plugins/mcufinder/images/
2024-07-26 09:59:30,907 [INFO] ApiDb:250 - Set database path to: C:\Users\user\.stmcufinder\plugins\mcufinder//mcu/
2024-07-26 09:59:30,909 [INFO] DbMcusAds:125 - Set database path to: C:\Users\user\.stmcufinder\plugins\mcufinder//mcu/
2024-07-26 09:59:30,913 [INFO] CrossReferenceDbSqlite:203 - Set database path to: C:\Users\user\.stmcufinder\plugins\mcufinder//mcu/cs/
2024-07-26 09:59:31,050 [INFO] RulesReader:64 - Compatibility file has been processed (297 Rules)
2024-07-26 09:59:31,140 [INFO] DbMcusXml:78 - Set database path to: C:\ST\STM32CubeIDE_1.16.0\STM32CubeIDE\plugins\com.st.stm32cube.common.mx_6.12.0.202406281431\\db\/mcu/
2024-07-26 09:59:31,140 [INFO] ApiDb:274 - Set plugin database path to: C:\ST\STM32CubeIDE_1.16.0\STM32CubeIDE\plugins\com.st.stm32cube.common.mx_6.12.0.202406281431\\db\/plugins/boardmanager/
2024-07-26 09:59:31,140 [INFO] ApiDb:261 - Set plugin images path to: C:\ST\STM32CubeIDE_1.16.0\STM32CubeIDE\plugins\com.st.stm32cube.common.mx_6.12.0.202406281431\\db\/plugins/mcufinder/images/
2024-07-26 09:59:31,140 [WARN] DbFile:41 - Overriding database path with different value: C:\Users\user\.stmcufinder\plugins\mcufinder/ => C:\Users\user\.stmcufinder\plugins\mcufinder
2024-07-26 09:59:31,141 [INFO] ApiDb:250 - Set database path to: C:\Users\user\.stmcufinder\plugins\mcufinder//mcu/
2024-07-26 09:59:31,141 [WARN] DbFile:41 - Overriding database path with different value: C:\Users\user\.stmcufinder\plugins\mcufinder/ => C:\Users\user\.stmcufinder\plugins\mcufinder
2024-07-26 09:59:31,141 [INFO] DbMcusAds:125 - Set database path to: C:\Users\user\.stmcufinder\plugins\mcufinder//mcu/
2024-07-26 09:59:31,141 [WARN] DbFile:41 - Overriding database path with different value: C:\Users\user\.stmcufinder\plugins\mcufinder/ => C:\Users\user\.stmcufinder\plugins\mcufinder
2024-07-26 09:59:31,141 [WARN] DbFile:41 - Overriding database path with different value: C:\Users\user\.stmcufinder\plugins\mcufinder/ => C:\Users\user\.stmcufinder\plugins\mcufinder
2024-07-26 09:59:31,141 [INFO] CrossReferenceDbSqlite:203 - Set database path to: C:\Users\user\.stmcufinder\plugins\mcufinder//mcu/cs/
2024-07-26 09:59:31,264 [INFO] MainPanel:268 - HeapMemory: 300941312
2024-07-26 09:59:31,378 [INFO] DbMcusXml:78 - Set database path to: C:\ST\STM32CubeIDE_1.16.0\STM32CubeIDE\plugins\com.st.stm32cube.common.mx_6.12.0.202406281431\\db\/mcu/
2024-07-26 09:59:31,378 [INFO] ApiDb:274 - Set plugin database path to: C:\ST\STM32CubeIDE_1.16.0\STM32CubeIDE\plugins\com.st.stm32cube.common.mx_6.12.0.202406281431\\db\/plugins/boardmanager/
2024-07-26 09:59:31,378 [INFO] ApiDb:261 - Set plugin images path to: C:\ST\STM32CubeIDE_1.16.0\STM32CubeIDE\plugins\com.st.stm32cube.common.mx_6.12.0.202406281431\\db\/plugins/mcufinder/images/
2024-07-26 09:59:31,379 [WARN] DbFile:41 - Overriding database path with different value: C:\Users\user\.stmcufinder\plugins\mcufinder/ => C:\Users\user\.stmcufinder\plugins\mcufinder
2024-07-26 09:59:31,379 [INFO] ApiDb:250 - Set database path to: C:\Users\user\.stmcufinder\plugins\mcufinder//mcu/
2024-07-26 09:59:31,379 [WARN] DbFile:41 - Overriding database path with different value: C:\Users\user\.stmcufinder\plugins\mcufinder/ => C:\Users\user\.stmcufinder\plugins\mcufinder
2024-07-26 09:59:31,379 [INFO] DbMcusAds:125 - Set database path to: C:\Users\user\.stmcufinder\plugins\mcufinder//mcu/
2024-07-26 09:59:31,379 [WARN] DbFile:41 - Overriding database path with different value: C:\Users\user\.stmcufinder\plugins\mcufinder/ => C:\Users\user\.stmcufinder\plugins\mcufinder
2024-07-26 09:59:31,379 [WARN] DbFile:41 - Overriding database path with different value: C:\Users\user\.stmcufinder\plugins\mcufinder/ => C:\Users\user\.stmcufinder\plugins\mcufinder
2024-07-26 09:59:31,379 [INFO] CrossReferenceDbSqlite:203 - Set database path to: C:\Users\user\.stmcufinder\plugins\mcufinder//mcu/cs/
2024-07-26 09:59:31,398 [INFO] ApplicationProperties:184 - Using Application install path: C:\ST\STM32CubeIDE_1.16.0\STM32CubeIDE\plugins\com.st.stm32cube.common.mx_6.12.0.202406281431
2024-07-26 09:59:31,399 [INFO] PluginManage:196 - Search for loadable plugins [exclusion list=, ]
2024-07-26 09:59:31,400 [INFO] PluginManage:310 - Check plugin analytics
2024-07-26 09:59:31,632 [INFO] AnalyticsPlugin:253 - Accepted Software Licenses: STM32CubeMX.6.10.0,STM32CubeMX.6.11.0,STM32CubeMX.6.11.1,STM32CubeMX.6.12.0
2024-07-26 09:59:31,632 [INFO] AnalyticsPlugin:255 - Accepted CMSIS Pack Licenses: STMicroelectronics.X-CUBE-TOUCHGFX.4.23.2,STMicroelectronics.X-CUBE-TOF1.3.4.1,STMicroelectronics.X-CUBE-TOUCHGFX.4.24.0
2024-07-26 09:59:31,632 [INFO] AnalyticsPlugin:257 - Accepted Firmware Licenses: FW.G0.1.6.0,FW.H7.1.11.0,FW.C0.1.1.0
2024-07-26 09:59:31,634 [INFO] PluginManage:359 - Loaded plugin analytics (category:tool,tabindex:-1)
2024-07-26 09:59:31,636 [INFO] PluginManage:310 - Check plugin cadmodel
2024-07-26 09:59:31,653 [INFO] CADModel:105 - Init CAD model plugin
2024-07-26 09:59:31,653 [INFO] PluginManage:359 - Loaded plugin cadmodel (category:power,tabindex:5)
2024-07-26 09:59:31,653 [INFO] PluginManage:310 - Check plugin clock
2024-07-26 09:59:31,666 [INFO] PluginManage:359 - Loaded plugin clock (category:base,tabindex:2)
2024-07-26 09:59:31,666 [INFO] PluginManage:310 - Check plugin ddr
2024-07-26 09:59:31,670 [INFO] PluginManage:359 - Loaded plugin ddr (category:tool,tabindex:6)
2024-07-26 09:59:31,671 [INFO] PluginManage:310 - Check plugin filemanager
2024-07-26 09:59:31,881 [INFO] PluginManage:359 - Loaded plugin filemanager (category:base,tabindex:10)
2024-07-26 09:59:31,881 [INFO] PluginManage:310 - Check plugin ipmanager
2024-07-26 09:59:31,885 [INFO] PluginManage:359 - Loaded plugin ipmanager (category:base,tabindex:5)
2024-07-26 09:59:31,885 [INFO] PluginManage:310 - Check plugin lpbam
2024-07-26 09:59:31,898 [INFO] PluginManage:359 - Loaded plugin lpbam (category:base,tabindex:0)
2024-07-26 09:59:31,898 [INFO] PluginManage:310 - Check plugin memorymap
2024-07-26 09:59:31,917 [INFO] PluginManage:359 - Loaded plugin memorymap (category:base,tabindex:4)
2024-07-26 09:59:31,917 [INFO] PluginManage:310 - Check plugin pinoutandconfiguration
2024-07-26 09:59:31,923 [INFO] PluginManage:359 - Loaded plugin pinoutandconfiguration (category:base,tabindex:1)
2024-07-26 09:59:31,923 [INFO] PluginManage:310 - Check plugin pinoutconfig
2024-07-26 09:59:32,066 [WARN] SupportedApi:132 - Cannot load RTOS API schema: s4s-elt-must-match.1: The content of 'definitions' must match (annotation?, (simpleType | complexType)?, (unique | key | keyref)*)). A problem was found starting at: attribute.
2024-07-26 09:59:32,222 [INFO] PluginManage:359 - Loaded plugin pinoutconfig (category:base,tabindex:0)
2024-07-26 09:59:32,222 [INFO] PluginManage:310 - Check plugin power
2024-07-26 09:59:32,239 [INFO] PluginManage:359 - Loaded plugin power (category:power,tabindex:4)
2024-07-26 09:59:32,239 [INFO] PluginManage:310 - Check plugin projectmanager
2024-07-26 09:59:32,284 [INFO] PluginManage:359 - Loaded plugin projectmanager (category:projectmanager,tabindex:4)
2024-07-26 09:59:32,284 [INFO] PluginManage:310 - Check plugin rif
2024-07-26 09:59:32,290 [INFO] PluginManage:359 - Loaded plugin rif (category:base,tabindex:3)
2024-07-26 09:59:32,291 [INFO] PluginManage:310 - Check plugin thirdparty
2024-07-26 09:59:32,501 [INFO] PluginManage:359 - Loaded plugin thirdparty (category:base,tabindex:-1)
2024-07-26 09:59:32,502 [INFO] PluginManage:310 - Check plugin tools
2024-07-26 09:59:32,506 [INFO] PluginManage:359 - Loaded plugin tools (category:base,tabindex:7)
2024-07-26 09:59:32,506 [INFO] PluginManage:310 - Check plugin tutovideos
2024-07-26 09:59:32,516 [WARN] IntegrityCheckThread:84 - waiting for thirdparty lock release [integrity check]
2024-07-26 09:59:32,520 [INFO] IntegrityCheckThread:86 - entering critical section [integrity check]
2024-07-26 09:59:32,523 [INFO] ThirdPartyUpdaterWithRetryManager:70 - Updater plugin not ready yet. [1/15]
2024-07-26 09:59:32,701 [INFO] PluginManage:359 - Loaded plugin tutovideos (category:base,tabindex:-1)
2024-07-26 09:59:32,702 [INFO] PluginManage:310 - Check plugin updater
2024-07-26 09:59:32,720 [INFO] PluginManage:359 - Loaded plugin updater (category:base,tabindex:12)
2024-07-26 09:59:32,720 [INFO] PluginManage:310 - Check plugin userauth
2024-07-26 09:59:32,728 [INFO] UserAuth:113 - Init User Auth plugin
2024-07-26 09:59:32,728 [INFO] PluginManage:359 - Loaded plugin userauth (category:base,tabindex:14)
2024-07-26 09:59:32,729 [INFO] PluginManage:283 - PluginManage : Loaded plugins [18]
2024-07-26 09:59:33,000 [INFO] PinOutPanel:1561 - setPackage(No Configuration,No Configuration)
2024-07-26 09:59:33,089 [INFO] CADModel:165 - CPN selected for project level
2024-07-26 09:59:33,089 [INFO] CADModel:114 - Register for checkConnection events
2024-07-26 09:59:33,104 [INFO] IPUIPlugin:80 - create IPUIPlugin
2024-07-26 09:59:33,104 [INFO] PluginManager:220 - loadIPPluginJar : add adc
2024-07-26 09:59:33,107 [INFO] IPUIPlugin:80 - create IPUIPlugin
2024-07-26 09:59:33,107 [INFO] PluginManager:220 - loadIPPluginJar : add aes
2024-07-26 09:59:33,111 [INFO] IPUIPlugin:80 - create IPUIPlugin
2024-07-26 09:59:33,111 [INFO] PluginManager:220 - loadIPPluginJar : add can
2024-07-26 09:59:33,113 [INFO] IPUIPlugin:80 - create IPUIPlugin
2024-07-26 09:59:33,114 [INFO] PluginManager:220 - loadIPPluginJar : add comp
2024-07-26 09:59:33,115 [INFO] IPUIPlugin:80 - create IPUIPlugin
2024-07-26 09:59:33,115 [INFO] PluginManager:220 - loadIPPluginJar : add cryp
2024-07-26 09:59:33,118 [INFO] IPUIPlugin:80 - create IPUIPlugin
2024-07-26 09:59:33,118 [INFO] PluginManager:220 - loadIPPluginJar : add ddr_ctrl_phy
2024-07-26 09:59:33,120 [INFO] IPUIPlugin:80 - create IPUIPlugin
2024-07-26 09:59:33,120 [INFO] PluginManager:220 - loadIPPluginJar : add dfsdm
2024-07-26 09:59:33,124 [INFO] IPUIPlugin:80 - create IPUIPlugin
2024-07-26 09:59:33,124 [INFO] PluginManager:220 - loadIPPluginJar : add dma
2024-07-26 09:59:33,129 [INFO] IPUIPlugin:80 - create IPUIPlugin
2024-07-26 09:59:33,129 [INFO] PluginManager:220 - loadIPPluginJar : add dma3
2024-07-26 09:59:33,131 [INFO] IPUIPlugin:80 - create IPUIPlugin
2024-07-26 09:59:33,131 [INFO] PluginManager:220 - loadIPPluginJar : add extmemmanager
2024-07-26 09:59:33,132 [INFO] IPUIPlugin:80 - create IPUIPlugin
2024-07-26 09:59:33,132 [INFO] PluginManager:220 - loadIPPluginJar : add fatfs
2024-07-26 09:59:33,136 [INFO] IPUIPlugin:80 - create IPUIPlugin
2024-07-26 09:59:33,136 [INFO] PluginManager:220 - loadIPPluginJar : add fmc
2024-07-26 09:59:33,143 [INFO] IPUIPlugin:80 - create IPUIPlugin
2024-07-26 09:59:33,144 [INFO] PluginManager:220 - loadIPPluginJar : add freertos
2024-07-26 09:59:33,146 [INFO] IPUIPlugin:80 - create IPUIPlugin
2024-07-26 09:59:33,147 [INFO] PluginManager:220 - loadIPPluginJar : add genericplugin
2024-07-26 09:59:33,148 [INFO] IPUIPlugin:80 - create IPUIPlugin
2024-07-26 09:59:33,148 [INFO] PluginManager:220 - loadIPPluginJar : add gfxmmu
2024-07-26 09:59:33,153 [INFO] IPUIPlugin:80 - create IPUIPlugin
2024-07-26 09:59:33,153 [INFO] PluginManager:220 - loadIPPluginJar : add gic
2024-07-26 09:59:33,159 [INFO] IPUIPlugin:80 - create IPUIPlugin
2024-07-26 09:59:33,159 [INFO] PluginManager:220 - loadIPPluginJar : add gpio
2024-07-26 09:59:33,162 [INFO] IPUIPlugin:80 - create IPUIPlugin
2024-07-26 09:59:33,162 [INFO] PluginManager:220 - loadIPPluginJar : add gtzc
2024-07-26 09:59:33,169 [INFO] IPUIPlugin:80 - create IPUIPlugin
2024-07-26 09:59:33,170 [INFO] PluginManager:220 - loadIPPluginJar : add hash
2024-07-26 09:59:33,172 [INFO] IPUIPlugin:80 - create IPUIPlugin
2024-07-26 09:59:33,172 [INFO] PluginManager:220 - loadIPPluginJar : add i2c
2024-07-26 09:59:33,174 [INFO] IPUIPlugin:80 - create IPUIPlugin
2024-07-26 09:59:33,175 [INFO] PluginManager:220 - loadIPPluginJar : add i2s
2024-07-26 09:59:33,179 [INFO] IPUIPlugin:80 - create IPUIPlugin
2024-07-26 09:59:33,179 [INFO] PluginManager:220 - loadIPPluginJar : add i3c
2024-07-26 09:59:33,183 [INFO] IPUIPlugin:80 - create IPUIPlugin
2024-07-26 09:59:33,183 [INFO] PluginManager:220 - loadIPPluginJar : add ipddr
2024-07-26 09:59:33,190 [INFO] IPUIPlugin:80 - create IPUIPlugin
2024-07-26 09:59:33,190 [INFO] PluginManager:220 - loadIPPluginJar : add linkedlist
2024-07-26 09:59:33,193 [INFO] IPUIPlugin:80 - create IPUIPlugin
2024-07-26 09:59:33,193 [INFO] PluginManager:220 - loadIPPluginJar : add lorawan
2024-07-26 09:59:33,194 [INFO] IPUIPlugin:80 - create IPUIPlugin
2024-07-26 09:59:33,194 [INFO] PluginManager:220 - loadIPPluginJar : add ltdc
2024-07-26 09:59:33,200 [INFO] IPUIPlugin:80 - create IPUIPlugin
2024-07-26 09:59:33,200 [INFO] PluginManager:220 - loadIPPluginJar : add mdma
2024-07-26 09:59:33,202 [INFO] IPUIPlugin:80 - create IPUIPlugin
2024-07-26 09:59:33,203 [INFO] PluginManager:220 - loadIPPluginJar : add nvic
2024-07-26 09:59:33,204 [INFO] IPUIPlugin:80 - create IPUIPlugin
2024-07-26 09:59:33,205 [INFO] PluginManager:220 - loadIPPluginJar : add opamp
2024-07-26 09:59:33,206 [INFO] IPUIPlugin:80 - create IPUIPlugin
2024-07-26 09:59:33,206 [INFO] PluginManager:220 - loadIPPluginJar : add openamp
2024-07-26 09:59:33,211 [INFO] IPUIPlugin:80 - create IPUIPlugin
2024-07-26 09:59:33,211 [INFO] PluginManager:220 - loadIPPluginJar : add pdm2pcm
2024-07-26 09:59:33,216 [INFO] IPUIPlugin:80 - create IPUIPlugin
2024-07-26 09:59:33,217 [INFO] PluginManager:220 - loadIPPluginJar : add plateformsettings
2024-07-26 09:59:33,219 [INFO] IPUIPlugin:80 - create IPUIPlugin
2024-07-26 09:59:33,219 [INFO] PluginManager:220 - loadIPPluginJar : add quadspi
2024-07-26 09:59:33,220 [INFO] IPUIPlugin:80 - create IPUIPlugin
2024-07-26 09:59:33,220 [INFO] PluginManager:220 - loadIPPluginJar : add radio
2024-07-26 09:59:33,224 [INFO] IPUIPlugin:80 - create IPUIPlugin
2024-07-26 09:59:33,224 [INFO] PluginManager:220 - loadIPPluginJar : add resmgrutility
2024-07-26 09:59:33,230 [INFO] IPUIPlugin:80 - create IPUIPlugin
2024-07-26 09:59:33,231 [INFO] PluginManager:220 - loadIPPluginJar : add sai
2024-07-26 09:59:33,235 [INFO] IPUIPlugin:80 - create IPUIPlugin
2024-07-26 09:59:33,235 [INFO] PluginManager:220 - loadIPPluginJar : add spi
2024-07-26 09:59:33,240 [INFO] IPUIPlugin:80 - create IPUIPlugin
2024-07-26 09:59:33,240 [INFO] PluginManager:220 - loadIPPluginJar : add stm32_wpan
2024-07-26 09:59:33,243 [INFO] IPUIPlugin:80 - create IPUIPlugin
2024-07-26 09:59:33,243 [INFO] PluginManager:220 - loadIPPluginJar : add tim
2024-07-26 09:59:33,247 [INFO] IPUIPlugin:80 - create IPUIPlugin
2024-07-26 09:59:33,247 [INFO] PluginManager:220 - loadIPPluginJar : add touchsensing
2024-07-26 09:59:33,249 [INFO] IPUIPlugin:80 - create IPUIPlugin
2024-07-26 09:59:33,249 [INFO] PluginManager:220 - loadIPPluginJar : add tracer_emb
2024-07-26 09:59:33,251 [INFO] IPUIPlugin:80 - create IPUIPlugin
2024-07-26 09:59:33,251 [INFO] PluginManager:220 - loadIPPluginJar : add ts
2024-07-26 09:59:33,253 [INFO] IPUIPlugin:80 - create IPUIPlugin
2024-07-26 09:59:33,253 [INFO] PluginManager:220 - loadIPPluginJar : add tsc
2024-07-26 09:59:33,256 [INFO] IPUIPlugin:80 - create IPUIPlugin
2024-07-26 09:59:33,256 [INFO] PluginManager:220 - loadIPPluginJar : add ucpd
2024-07-26 09:59:33,261 [INFO] IPUIPlugin:80 - create IPUIPlugin
2024-07-26 09:59:33,261 [INFO] PluginManager:220 - loadIPPluginJar : add usart
2024-07-26 09:59:33,265 [INFO] IPUIPlugin:80 - create IPUIPlugin
2024-07-26 09:59:33,266 [INFO] PluginManager:220 - loadIPPluginJar : add usbx
2024-07-26 09:59:33,385 [INFO] CADModel:165 - CPN selected for project level
2024-07-26 09:59:33,385 [INFO] CADModel:114 - Register for checkConnection events
2024-07-26 09:59:33,385 [FATAL] Updater:334 - Updater called before beeing initialized
2024-07-26 09:59:33,385 [ERROR] CADModel:125 - Updater not yet initialized, retry later 
2024-07-26 09:59:33,529 [INFO] CADModel:165 - CPN selected for project level
2024-07-26 09:59:33,529 [INFO] CADModel:114 - Register for checkConnection events
2024-07-26 09:59:33,529 [FATAL] Updater:334 - Updater called before beeing initialized
2024-07-26 09:59:33,529 [ERROR] CADModel:125 - Updater not yet initialized, retry later 
2024-07-26 09:59:33,533 [FATAL] Updater:334 - Updater called before beeing initialized
2024-07-26 09:59:33,636 [FATAL] Updater:334 - Updater called before beeing initialized
2024-07-26 09:59:33,640 [INFO] DbMcusAds:53 - JSON generation date=Thu May 16 16:22:00 ICT 2024 (1715851320667)
2024-07-26 09:59:33,640 [FATAL] Updater:334 - Updater called before beeing initialized
2024-07-26 09:59:33,679 [WARN] DetailPanel:346 - Failed to get advertising image, set to default
2024-07-26 09:59:33,756 [FATAL] Updater:334 - Updater called before beeing initialized
2024-07-26 09:59:33,758 [FATAL] Updater:334 - Updater called before beeing initialized
2024-07-26 09:59:33,758 [FATAL] Updater:334 - Updater called before beeing initialized
2024-07-26 09:59:33,758 [WARN] DetailPanel:346 - Failed to get advertising image, set to default
2024-07-26 09:59:33,760 [FATAL] Updater:334 - Updater called before beeing initialized
2024-07-26 09:59:33,810 [ERROR] Updater:1164 - MainUpdater not yet initialized. External WinMGr cannot be set.
2024-07-26 09:59:33,813 [INFO] Updater:1100 - Updater Version found : 6.12.0
2024-07-26 09:59:33,834 [INFO] ApplicationProperties:184 - Using Application install path: C:\ST\STM32CubeIDE_1.16.0\STM32CubeIDE\plugins\com.st.stm32cube.common.mx_6.12.0.202406281431
2024-07-26 09:59:34,347 [INFO] MainUpdater:2873 - connection check result : 10
2024-07-26 09:59:34,348 [INFO] MainUpdater:290 - Updater Check For Update Now.
2024-07-26 09:59:34,348 [INFO] MicroXplorer:498 - Change Database Version : DB.6.0.120
2024-07-26 09:59:34,355 [INFO] McuFinderGlobals:63 - Set McuFinder mode to 2 (CubeIDE integrated)
2024-07-26 09:59:34,356 [INFO] UserAuth:417 - Internet connection configuration mode: 1
2024-07-26 09:59:34,380 [INFO] JxBrowserEngine:152 - Initiate JxBrowser Engine with user profile folder
2024-07-26 09:59:34,608 [INFO] CheckServerUpdateThread:120 - End of CheckServer Thread
2024-07-26 09:59:35,229 [INFO] WebApp:167 - Instantiating new browser for Auth
2024-07-26 09:59:35,725 [WARN] PackLoader:240 - Cannot read IP mode file for STMicroelectronics.FP-SNS-MOTENVWB1.1.4.0
2024-07-26 09:59:35,737 [WARN] PackLoader:240 - Cannot read IP mode file for STMicroelectronics.X-CUBE-SMBUS.2.1.0
2024-07-26 09:59:35,778 [WARN] PackLoader:240 - Cannot read IP mode file for STMicroelectronics.X-CUBE-AZRTOS-F7.1.1.0
2024-07-26 09:59:35,806 [WARN] PackLoader:240 - Cannot read IP mode file for STMicroelectronics.FP-SNS-FLIGHT1.5.0.2
2024-07-26 09:59:35,817 [WARN] PackLoader:240 - Cannot read IP mode file for STMicroelectronics.X-CUBE-DISPLAY.3.0.0
2024-07-26 09:59:35,832 [WARN] PackLoader:240 - Cannot read IP mode file for STMicroelectronics.X-CUBE-BLE1.7.0.0
2024-07-26 09:59:35,839 [WARN] PackLoader:240 - Cannot read IP mode file for emotas.I-CUBE-CANOPEN.1.3.0
2024-07-26 09:59:35,852 [WARN] PackLoader:240 - Cannot read IP mode file for STMicroelectronics.X-CUBE-BLEMGR.3.1.0
2024-07-26 09:59:35,863 [WARN] PackLoader:240 - Cannot read IP mode file for STMicroelectronics.FP-SNS-SMARTAG2.1.2.0
2024-07-26 09:59:35,878 [INFO] LogOutputStream:77 - [STDOUT_REDIRECT] 1 : Invalid condition id : UX_CORESTACK_Condition cause : null
2024-07-26 09:59:35,880 [INFO] LogOutputStream:77 - [STDOUT_REDIRECT] 1 : Invalid condition id : UX_CORESTACK_Condition cause : null
2024-07-26 09:59:35,881 [INFO] LogOutputStream:77 - [STDOUT_REDIRECT] 1 : Invalid condition id : UX_CORESTACK_Condition cause : null
2024-07-26 09:59:35,883 [INFO] LogOutputStream:77 - [STDOUT_REDIRECT] 1 : Invalid condition id : UX_CORESTACK_Condition cause : null
2024-07-26 09:59:35,884 [INFO] LogOutputStream:77 - [STDOUT_REDIRECT] 1 : Invalid condition id : UX_CORESTACK_Condition cause : null
2024-07-26 09:59:35,889 [WARN] PackLoader:240 - Cannot read IP mode file for STMicroelectronics.X-CUBE-AZRTOS-WL.2.0.0
2024-07-26 09:59:35,900 [WARN] PackLoader:240 - Cannot read IP mode file for STMicroelectronics.FP-SNS-MOTENV1.5.0.0
2024-07-26 09:59:35,907 [WARN] PackLoader:240 - Cannot read IP mode file for wolfSSL.I-CUBE-wolfMQTT.1.19.0
2024-07-26 09:59:35,920 [WARN] PackLoader:240 - Cannot read IP mode file for WES.I-CUBE-Cesium.1.3.0
2024-07-26 09:59:35,930 [WARN] PackLoader:240 - Cannot read IP mode file for STMicroelectronics.X-CUBE-BLE2.3.3.0
2024-07-26 09:59:35,936 [WARN] PackLoader:240 - Cannot read IP mode file for STMicroelectronics.X-CUBE-TCPP.4.1.0
2024-07-26 09:59:35,978 [WARN] PackLoader:240 - Cannot read IP mode file for STMicroelectronics.X-CUBE-AZRTOS-G0.1.1.0
2024-07-26 09:59:35,996 [WARN] PackLoader:240 - Cannot read IP mode file for STMicroelectronics.X-CUBE-SAFEA1.1.2.2
2024-07-26 09:59:36,002 [WARN] PackLoader:240 - Cannot read IP mode file for STMicroelectronics.X-CUBE-NFC4.3.0.0
2024-07-26 09:59:36,016 [WARN] PackLoader:240 - Cannot read IP mode file for EmbeddedOffice.I-CUBE-FS-RTOS.1.0.1
2024-07-26 09:59:36,016 [ERROR] ConditionMgr:805 - Attr not supported : Dmpu
2024-07-26 09:59:36,016 [ERROR] ConditionMgr:805 - Attr not supported : Dmpu
2024-07-26 09:59:36,016 [ERROR] ConditionMgr:805 - Attr not supported : Dmpu
2024-07-26 09:59:36,016 [ERROR] ConditionMgr:805 - Attr not supported : Dmpu
2024-07-26 09:59:36,016 [ERROR] ConditionMgr:805 - Attr not supported : Dmpu
2024-07-26 09:59:36,016 [ERROR] ConditionMgr:805 - Attr not supported : Dmpu
2024-07-26 09:59:36,016 [ERROR] ConditionMgr:805 - Attr not supported : Dmpu
2024-07-26 09:59:36,016 [ERROR] ConditionMgr:805 - Attr not supported : Dmpu
2024-07-26 09:59:36,017 [ERROR] ConditionMgr:805 - Attr not supported : Dmpu
2024-07-26 09:59:36,017 [ERROR] ConditionMgr:805 - Attr not supported : Dmpu
2024-07-26 09:59:36,017 [ERROR] ConditionMgr:805 - Attr not supported : Dmpu
2024-07-26 09:59:36,017 [ERROR] ConditionMgr:805 - Attr not supported : Dmpu
2024-07-26 09:59:36,017 [ERROR] ConditionMgr:805 - Attr not supported : Dmpu
2024-07-26 09:59:36,017 [ERROR] ConditionMgr:805 - Attr not supported : Dmpu
2024-07-26 09:59:36,017 [ERROR] ConditionMgr:805 - Attr not supported : Dmpu
2024-07-26 09:59:36,017 [ERROR] ConditionMgr:805 - Attr not supported : Dmpu
2024-07-26 09:59:36,017 [ERROR] ConditionMgr:805 - Attr not supported : Dmpu
2024-07-26 09:59:36,017 [ERROR] ConditionMgr:805 - Attr not supported : Dmpu
2024-07-26 09:59:36,017 [ERROR] ConditionMgr:805 - Attr not supported : Dmpu
2024-07-26 09:59:36,017 [ERROR] ConditionMgr:805 - Attr not supported : Dmpu
2024-07-26 09:59:36,017 [ERROR] ConditionMgr:805 - Attr not supported : Dmpu
2024-07-26 09:59:36,017 [ERROR] ConditionMgr:805 - Attr not supported : Dmpu
2024-07-26 09:59:36,017 [ERROR] ConditionMgr:805 - Attr not supported : Dmpu
2024-07-26 09:59:36,017 [ERROR] ConditionMgr:805 - Attr not supported : Dmpu
2024-07-26 09:59:36,017 [ERROR] ConditionMgr:805 - Attr not supported : Dmpu
2024-07-26 09:59:36,017 [ERROR] ConditionMgr:805 - Attr not supported : Dmpu
2024-07-26 09:59:36,017 [ERROR] ConditionMgr:805 - Attr not supported : Dmpu
2024-07-26 09:59:36,017 [ERROR] ConditionMgr:805 - Attr not supported : Dmpu
2024-07-26 09:59:36,017 [ERROR] ConditionMgr:805 - Attr not supported : Dmpu
2024-07-26 09:59:36,017 [ERROR] ConditionMgr:805 - Attr not supported : Dmpu
2024-07-26 09:59:36,017 [ERROR] ConditionMgr:805 - Attr not supported : Dmpu
2024-07-26 09:59:36,017 [ERROR] ConditionMgr:805 - Attr not supported : Dmpu
2024-07-26 09:59:36,017 [ERROR] ConditionMgr:805 - Attr not supported : Dmpu
2024-07-26 09:59:36,017 [ERROR] ConditionMgr:805 - Attr not supported : Dmpu
2024-07-26 09:59:36,017 [ERROR] ConditionMgr:805 - Attr not supported : Dmpu
2024-07-26 09:59:36,017 [ERROR] ConditionMgr:805 - Attr not supported : Dmpu
2024-07-26 09:59:36,017 [ERROR] ConditionMgr:805 - Attr not supported : Dmpu
2024-07-26 09:59:36,017 [ERROR] ConditionMgr:805 - Attr not supported : Dmpu
2024-07-26 09:59:36,018 [ERROR] ConditionMgr:805 - Attr not supported : Dmpu
2024-07-26 09:59:36,018 [ERROR] ConditionMgr:805 - Attr not supported : Dmpu
2024-07-26 09:59:36,018 [ERROR] ConditionMgr:805 - Attr not supported : Dmpu
2024-07-26 09:59:36,018 [ERROR] ConditionMgr:805 - Attr not supported : Dmpu
2024-07-26 09:59:36,018 [ERROR] ConditionMgr:805 - Attr not supported : Dmpu
2024-07-26 09:59:36,018 [ERROR] ConditionMgr:805 - Attr not supported : Dmpu
2024-07-26 09:59:36,018 [ERROR] ConditionMgr:805 - Attr not supported : Dmpu
2024-07-26 09:59:36,018 [ERROR] ConditionMgr:805 - Attr not supported : Dmpu
2024-07-26 09:59:36,018 [ERROR] ConditionMgr:805 - Attr not supported : Dmpu
2024-07-26 09:59:36,018 [ERROR] ConditionMgr:805 - Attr not supported : Dmpu
2024-07-26 09:59:36,018 [ERROR] ConditionMgr:805 - Attr not supported : Dmpu
2024-07-26 09:59:36,018 [ERROR] ConditionMgr:805 - Attr not supported : Dmpu
2024-07-26 09:59:36,018 [ERROR] ConditionMgr:805 - Attr not supported : Dmpu
2024-07-26 09:59:36,018 [ERROR] ConditionMgr:805 - Attr not supported : Dmpu
2024-07-26 09:59:36,018 [ERROR] ConditionMgr:805 - Attr not supported : Dmpu
2024-07-26 09:59:36,018 [ERROR] ConditionMgr:805 - Attr not supported : Dmpu
2024-07-26 09:59:36,018 [ERROR] ConditionMgr:805 - Attr not supported : Dmpu
2024-07-26 09:59:36,018 [ERROR] ConditionMgr:805 - Attr not supported : Dmpu
2024-07-26 09:59:36,018 [ERROR] ConditionMgr:805 - Attr not supported : Dmpu
2024-07-26 09:59:36,018 [ERROR] ConditionMgr:805 - Attr not supported : Dmpu
2024-07-26 09:59:36,018 [ERROR] ConditionMgr:805 - Attr not supported : Dmpu
2024-07-26 09:59:36,019 [ERROR] ConditionMgr:805 - Attr not supported : Dmpu
2024-07-26 09:59:36,019 [ERROR] ConditionMgr:805 - Attr not supported : Dmpu
2024-07-26 09:59:36,019 [ERROR] ConditionMgr:805 - Attr not supported : Dmpu
2024-07-26 09:59:36,019 [ERROR] ConditionMgr:805 - Attr not supported : Dmpu
2024-07-26 09:59:36,019 [ERROR] ConditionMgr:805 - Attr not supported : Dmpu
2024-07-26 09:59:36,023 [WARN] PackLoader:240 - Cannot read IP mode file for RealThread.X-CUBE-RT-Thread_Nano.4.1.1
2024-07-26 09:59:36,029 [WARN] PackLoader:240 - Cannot read IP mode file for wolfSSL.I-CUBE-wolfSSL.5.7.0
2024-07-26 09:59:36,033 [WARN] PackLoader:240 - Cannot read IP mode file for STMicroelectronics.FP-ATR-SIGFOX1.3.2.0
2024-07-26 09:59:36,039 [WARN] PackLoader:240 - Cannot read IP mode file for STMicroelectronics.X-CUBE-EEPRMA1.5.1.0
2024-07-26 09:59:36,049 [WARN] PackLoader:240 - Cannot read IP mode file for ITTIA_DB.I-CUBE-ITTIADB.8.9.0
2024-07-26 09:59:36,080 [WARN] PackLoader:240 - Cannot read IP mode file for SEGGER.I-CUBE-embOS.1.3.1
2024-07-26 09:59:36,128 [WARN] PackLoader:240 - Cannot read IP mode file for STMicroelectronics.X-CUBE-ALGOBUILD.1.4.0
2024-07-26 09:59:36,136 [WARN] PackLoader:240 - Cannot read IP mode file for STMicroelectronics.X-CUBE-GNSS1.6.0.0
2024-07-26 09:59:36,157 [WARN] PackLoader:240 - Cannot read IP mode file for STMicroelectronics.X-CUBE-AZRTOS-F4.1.1.0
2024-07-26 09:59:36,171 [WARN] PackLoader:240 - Cannot read IP mode file for STMicroelectronics.X-CUBE-FREERTOS.1.2.0
2024-07-26 09:59:36,189 [WARN] PackLoader:240 - Cannot read IP mode file for STMicroelectronics.X-CUBE-AZRTOS-L5.2.0.0
2024-07-26 09:59:36,199 [WARN] PackLoader:240 - Cannot read IP mode file for STMicroelectronics.X-CUBE-NFC6.3.1.0
2024-07-26 09:59:36,206 [WARN] PackLoader:240 - Cannot read IP mode file for STMicroelectronics.X-CUBE-DPower.1.2.0
2024-07-26 09:59:36,211 [WARN] PackLoader:240 - Cannot read IP mode file for STMicroelectronics.X-CUBE-AI.9.0.0
2024-07-26 09:59:36,217 [WARN] PackLoader:240 - Cannot read IP mode file for STMicroelectronics.X-CUBE-NFC7.1.0.1
2024-07-26 09:59:36,221 [WARN] PackLoader:240 - Cannot read IP mode file for wolfSSL.I-CUBE-wolfTPM.3.2.0
2024-07-26 09:59:36,238 [WARN] ConditionMgr:438 - getConditionDescription Invalid condition id : LAN8742 Phy interface Condition cause : null
2024-07-26 09:59:36,239 [WARN] PackLoader:240 - Cannot read IP mode file for STMicroelectronics.X-CUBE-AZRTOS-L4.2.0.0
2024-07-26 09:59:36,241 [WARN] ConditionMgr:1039 - genDependencies : Invalid condition id : LAN8742 Phy interface Condition cause : null
2024-07-26 09:59:36,242 [WARN] ConditionMgr:1039 - genDependencies : Invalid condition id : LAN8742 Phy interface Condition cause : null
2024-07-26 09:59:36,243 [WARN] ConditionMgr:1039 - genDependencies : Invalid condition id : LAN8742 Phy interface Condition cause : null
2024-07-26 09:59:36,252 [WARN] PackLoader:240 - Cannot read IP mode file for STMicroelectronics.X-CUBE-SFXS2LP1.4.0.0
2024-07-26 09:59:36,267 [WARN] ConditionMgr:438 - getConditionDescription Invalid condition id : UX DEVICE CLASS RTOS Condition cause : null
2024-07-26 09:59:36,267 [WARN] ConditionMgr:438 - getConditionDescription Invalid condition id : UX DEVICE CLASS RTOS Condition cause : null
2024-07-26 09:59:36,269 [WARN] PackLoader:240 - Cannot read IP mode file for STMicroelectronics.X-CUBE-AZRTOS-WB.2.0.0
2024-07-26 09:59:36,270 [WARN] ConditionMgr:1039 - genDependencies : Invalid condition id : UX DEVICE CLASS RTOS Condition cause : null
2024-07-26 09:59:36,270 [WARN] ConditionMgr:1039 - genDependencies : Invalid condition id : UX DEVICE CLASS RTOS Condition cause : null
2024-07-26 09:59:36,270 [WARN] ConditionMgr:1039 - genDependencies : Invalid condition id : UX DEVICE CLASS RTOS Condition cause : null
2024-07-26 09:59:36,270 [WARN] ConditionMgr:1039 - genDependencies : Invalid condition id : UX DEVICE CLASS RTOS Condition cause : null
2024-07-26 09:59:36,271 [WARN] ConditionMgr:1039 - genDependencies : Invalid condition id : UX DEVICE CLASS RTOS Condition cause : null
2024-07-26 09:59:36,280 [WARN] PackLoader:240 - Cannot read IP mode file for STMicroelectronics.FP-SNS-STBOX1.2.0.0
2024-07-26 09:59:36,292 [WARN] PackLoader:240 - Cannot read IP mode file for STMicroelectronics.X-CUBE-SUBG2.5.0.0
2024-07-26 09:59:36,301 [WARN] PackLoader:240 - Cannot read IP mode file for Cesanta.I-CUBE-Mongoose.7.13.0
2024-07-26 09:59:36,315 [WARN] PackLoader:240 - Cannot read IP mode file for STMicroelectronics.X-CUBE-AZRTOS-G4.2.0.0
2024-07-26 09:59:36,320 [WARN] PackLoader:240 - Cannot read IP mode file for STMicroelectronics.X-CUBE-ISPU.2.0.0
2024-07-26 09:59:36,327 [WARN] PackLoader:240 - Cannot read IP mode file for STMicroelectronics.X-CUBE-ALS.1.0.2
2024-07-26 09:59:36,371 [WARN] PackLoader:240 - Cannot read IP mode file for STMicroelectronics.X-CUBE-MEMS1.10.0.0
2024-07-26 09:59:36,534 [WARN] PackLoader:240 - Cannot read IP mode file for STMicroelectronics.X-CUBE-TOUCHGFX.4.24.0
2024-07-26 09:59:36,647 [WARN] PackLoader:240 - Cannot read IP mode file for portGmbH.I-Cube-SoM-uGOAL.1.1.0
2024-07-26 09:59:36,666 [WARN] PackLoader:240 - Cannot read IP mode file for STMicroelectronics.X-CUBE-AZRTOS-H7RS.1.0.0
2024-07-26 09:59:36,673 [WARN] PackLoader:240 - Cannot read IP mode file for STMicroelectronics.FP-ATR-ASTRA1.2.0.0
2024-07-26 09:59:36,689 [WARN] PackLoader:240 - Cannot read IP mode file for STMicroelectronics.X-CUBE-TOF1.3.4.1
2024-07-26 09:59:36,726 [WARN] PackLoader:240 - Cannot read IP mode file for STMicroelectronics.X-CUBE-AZRTOS-H7.3.2.0
2024-07-26 09:59:36,743 [WARN] PackLoader:240 - Cannot read IP mode file for Infineon.AIROC-Wi-Fi-Bluetooth-STM32.1.6.0
2024-07-26 09:59:36,750 [WARN] PackLoader:240 - Cannot read IP mode file for wolfSSL.I-CUBE-wolfSSH.1.4.17
2024-07-26 09:59:36,751 [INFO] ThirdParty:978 - Integrity check success = true
2024-07-26 09:59:36,751 [INFO] IntegrityCheckThread:100 - exiting critical section [integrity check]
2024-07-26 09:59:36,751 [INFO] IntegrityCheckThread:103 - End integrity checks thread
2024-07-26 09:59:37,132 [INFO] WebApp:448 - Apply proxy settings
2024-07-26 09:59:37,132 [INFO] WebApp:533 - Chromium requires no authentication
2024-07-26 09:59:37,148 [INFO] WebApp:476 - Direct internet connection detected
2024-07-26 09:59:37,189 [INFO] WebApp:869 - Register for checkConnection events
2024-07-26 09:59:37,189 [INFO] WebApp:448 - Apply proxy settings
2024-07-26 09:59:37,190 [INFO] WebApp:533 - Chromium requires no authentication
2024-07-26 09:59:37,197 [INFO] WebApp:476 - Direct internet connection detected
2024-07-26 09:59:37,486 [INFO] WebApp:220 - Starting web application
2024-07-26 09:59:37,486 [INFO] WebApp:578 - Web application path used C:\ST\STM32CubeIDE_1.16.0\STM32CubeIDE\plugins\com.st.stm32cube.common.mx_6.12.0.202406281431\db\plugins\mcufinder\reactClient1\index.html
2024-07-26 09:59:37,675 [INFO] UserAuth:417 - Internet connection configuration mode: 1
2024-07-26 09:59:38,161 [ERROR] LogOutputStream:75 - [STDERR_REDIRECT] Jul 26, 2024 9:59:38 AM org.glassfish.grizzly.http.server.NetworkListener start
2024-07-26 09:59:38,163 [ERROR] LogOutputStream:75 - [STDERR_REDIRECT] INFO: Started listener bound to [localhost:1595]
2024-07-26 09:59:38,163 [ERROR] LogOutputStream:75 - [STDERR_REDIRECT] 
2024-07-26 09:59:38,164 [ERROR] LogOutputStream:75 - [STDERR_REDIRECT] Jul 26, 2024 9:59:38 AM org.glassfish.grizzly.http.server.HttpServer start
2024-07-26 09:59:38,165 [ERROR] LogOutputStream:75 - [STDERR_REDIRECT] INFO: [HttpServer] Started.
2024-07-26 09:59:38,165 [ERROR] LogOutputStream:75 - [STDERR_REDIRECT] 
2024-07-26 09:59:38,525 [INFO] WebApp:186 - Connection restablished
2024-07-26 16:26:57,801 [ERROR] LogOutputStream:75 - [STDERR_REDIRECT] 
2024-07-26 16:26:57,802 [ERROR] LogOutputStream:75 - [STDERR_REDIRECT] 
