2023-09-21 10:52:57,132 [INFO] Activator:176 - 


2023-09-21 10:52:57,140 [INFO] Activator:177 - !SESSION log4j initialized
2023-09-21 10:53:04,325 [ERROR] LogOutputStream:75 - [STDERR_REDIRECT] [Fatal Error] :1:1: Premature end of file.
2023-09-21 10:53:04,332 [ERROR] LogOutputStream:75 - [STDERR_REDIRECT] 
2023-09-21 10:53:12,659 [INFO] LogOutputStream:77 - [STDOUT_REDIRECT] 
2023-09-21 10:53:20,485 [INFO] ApplicationProperties:184 - Using Application install path: C:\ST\STM32CubeIDE_1.12.0\STM32CubeIDE\plugins\com.st.stm32cube.common.mx_6.9.1.202307191849
2023-09-21 10:53:20,608 [INFO] DbMcusXml:78 - Set database path to: C:\ST\STM32CubeIDE_1.12.0\STM32CubeIDE\plugins\com.st.stm32cube.common.mx_6.9.1.202307191849\\db\/mcu/
2023-09-21 10:53:20,617 [INFO] ApiDb:274 - Set plugin database path to: C:\ST\STM32CubeIDE_1.12.0\STM32CubeIDE\plugins\com.st.stm32cube.common.mx_6.9.1.202307191849\\db\/plugins/boardmanager/
2023-09-21 10:53:20,618 [WARN] ApiDb:259 - Overriding images path with different value:  => C:\ST\STM32CubeIDE_1.12.0\STM32CubeIDE\plugins\com.st.stm32cube.common.mx_6.9.1.202307191849\\db\/plugins/mcufinder/images/
2023-09-21 10:53:20,702 [INFO] ApiDb:250 - Set database path to: C:\Users\user\.stmcufinder\plugins\mcufinder//mcu/
2023-09-21 10:53:20,703 [INFO] DbMcusAds:125 - Set database path to: C:\Users\user\.stmcufinder\plugins\mcufinder//mcu/
2023-09-21 10:53:20,707 [INFO] CrossReferenceDbSqlite:203 - Set database path to: C:\Users\user\.stmcufinder\plugins\mcufinder//mcu/cs/
2023-09-21 10:53:21,265 [INFO] RulesReader:64 - Compatibility file has been processed (293 Rules)
2023-09-21 10:53:21,617 [INFO] DbMcusXml:78 - Set database path to: C:\ST\STM32CubeIDE_1.12.0\STM32CubeIDE\plugins\com.st.stm32cube.common.mx_6.9.1.202307191849\\db\/mcu/
2023-09-21 10:53:21,617 [INFO] ApiDb:274 - Set plugin database path to: C:\ST\STM32CubeIDE_1.12.0\STM32CubeIDE\plugins\com.st.stm32cube.common.mx_6.9.1.202307191849\\db\/plugins/boardmanager/
2023-09-21 10:53:21,618 [INFO] ApiDb:261 - Set plugin images path to: C:\ST\STM32CubeIDE_1.12.0\STM32CubeIDE\plugins\com.st.stm32cube.common.mx_6.9.1.202307191849\\db\/plugins/mcufinder/images/
2023-09-21 10:53:21,619 [WARN] DbFile:41 - Overriding database path with different value: C:\Users\user\.stmcufinder\plugins\mcufinder/ => C:\Users\user\.stmcufinder\plugins\mcufinder
2023-09-21 10:53:21,619 [INFO] ApiDb:250 - Set database path to: C:\Users\user\.stmcufinder\plugins\mcufinder//mcu/
2023-09-21 10:53:21,619 [WARN] DbFile:41 - Overriding database path with different value: C:\Users\user\.stmcufinder\plugins\mcufinder/ => C:\Users\user\.stmcufinder\plugins\mcufinder
2023-09-21 10:53:21,619 [INFO] DbMcusAds:125 - Set database path to: C:\Users\user\.stmcufinder\plugins\mcufinder//mcu/
2023-09-21 10:53:21,619 [WARN] DbFile:41 - Overriding database path with different value: C:\Users\user\.stmcufinder\plugins\mcufinder/ => C:\Users\user\.stmcufinder\plugins\mcufinder
2023-09-21 10:53:21,619 [WARN] DbFile:41 - Overriding database path with different value: C:\Users\user\.stmcufinder\plugins\mcufinder/ => C:\Users\user\.stmcufinder\plugins\mcufinder
2023-09-21 10:53:21,620 [INFO] CrossReferenceDbSqlite:203 - Set database path to: C:\Users\user\.stmcufinder\plugins\mcufinder//mcu/cs/
2023-09-21 10:53:21,808 [INFO] MainPanel:262 - HeapMemory: 268435456
2023-09-21 10:53:22,039 [INFO] DbMcusXml:78 - Set database path to: C:\ST\STM32CubeIDE_1.12.0\STM32CubeIDE\plugins\com.st.stm32cube.common.mx_6.9.1.202307191849\\db\/mcu/
2023-09-21 10:53:22,039 [INFO] ApiDb:274 - Set plugin database path to: C:\ST\STM32CubeIDE_1.12.0\STM32CubeIDE\plugins\com.st.stm32cube.common.mx_6.9.1.202307191849\\db\/plugins/boardmanager/
2023-09-21 10:53:22,039 [INFO] ApiDb:261 - Set plugin images path to: C:\ST\STM32CubeIDE_1.12.0\STM32CubeIDE\plugins\com.st.stm32cube.common.mx_6.9.1.202307191849\\db\/plugins/mcufinder/images/
2023-09-21 10:53:22,040 [WARN] DbFile:41 - Overriding database path with different value: C:\Users\user\.stmcufinder\plugins\mcufinder/ => C:\Users\user\.stmcufinder\plugins\mcufinder
2023-09-21 10:53:22,040 [INFO] ApiDb:250 - Set database path to: C:\Users\user\.stmcufinder\plugins\mcufinder//mcu/
2023-09-21 10:53:22,040 [WARN] DbFile:41 - Overriding database path with different value: C:\Users\user\.stmcufinder\plugins\mcufinder/ => C:\Users\user\.stmcufinder\plugins\mcufinder
2023-09-21 10:53:22,040 [INFO] DbMcusAds:125 - Set database path to: C:\Users\user\.stmcufinder\plugins\mcufinder//mcu/
2023-09-21 10:53:22,040 [WARN] DbFile:41 - Overriding database path with different value: C:\Users\user\.stmcufinder\plugins\mcufinder/ => C:\Users\user\.stmcufinder\plugins\mcufinder
2023-09-21 10:53:22,041 [WARN] DbFile:41 - Overriding database path with different value: C:\Users\user\.stmcufinder\plugins\mcufinder/ => C:\Users\user\.stmcufinder\plugins\mcufinder
2023-09-21 10:53:22,041 [INFO] CrossReferenceDbSqlite:203 - Set database path to: C:\Users\user\.stmcufinder\plugins\mcufinder//mcu/cs/
2023-09-21 10:53:22,079 [INFO] ApplicationProperties:184 - Using Application install path: C:\ST\STM32CubeIDE_1.12.0\STM32CubeIDE\plugins\com.st.stm32cube.common.mx_6.9.1.202307191849
2023-09-21 10:53:22,082 [INFO] PluginManage:196 - Search for loadable plugins [exclusion list=, ]
2023-09-21 10:53:22,086 [INFO] PluginManage:310 - Check plugin analytics
2023-09-21 10:53:22,476 [INFO] AnalyticsPlugin:253 - Accepted Software Licenses: STM32CubeMX.6.8.0,STM32CubeMX.6.8.1,STM32CubeMX.6.5.0,STM32CubeMX.6.9.1
2023-09-21 10:53:22,479 [INFO] AnalyticsPlugin:255 - Accepted CMSIS Pack Licenses: emotas.I-CUBE-CANOPEN.1.1.3,STMicroelectronics.X-CUBE-TOUCHGFX.4.21.0,STMicroelectronics.X-CUBE-TOUCHGFX.4.21.1,STMicroelectronics.X-CUBE-TOUCHGFX.4.18.0
2023-09-21 10:53:22,480 [INFO] AnalyticsPlugin:257 - Accepted Firmware Licenses: FW.H7.1.11.0,FW.G0.1.6.0,FW.F4.1.27.0
2023-09-21 10:53:22,484 [INFO] PluginManage:359 - Loaded plugin analytics (category:tool,tabindex:-1)
2023-09-21 10:53:22,485 [INFO] PluginManage:310 - Check plugin cadmodel
2023-09-21 10:53:22,741 [INFO] CADModel:105 - Init CAD model plugin
2023-09-21 10:53:22,742 [INFO] PluginManage:359 - Loaded plugin cadmodel (category:power,tabindex:5)
2023-09-21 10:53:22,743 [INFO] PluginManage:310 - Check plugin clock
2023-09-21 10:53:22,839 [INFO] PluginManage:359 - Loaded plugin clock (category:base,tabindex:2)
2023-09-21 10:53:22,839 [INFO] PluginManage:310 - Check plugin ddr
2023-09-21 10:53:22,853 [INFO] PluginManage:359 - Loaded plugin ddr (category:tool,tabindex:6)
2023-09-21 10:53:22,854 [INFO] PluginManage:310 - Check plugin filemanager
2023-09-21 10:53:23,422 [INFO] PluginManage:359 - Loaded plugin filemanager (category:base,tabindex:10)
2023-09-21 10:53:23,423 [INFO] PluginManage:310 - Check plugin ipmanager
2023-09-21 10:53:23,443 [INFO] PluginManage:359 - Loaded plugin ipmanager (category:base,tabindex:5)
2023-09-21 10:53:23,443 [INFO] PluginManage:310 - Check plugin lpbam
2023-09-21 10:53:23,608 [INFO] PluginManage:359 - Loaded plugin lpbam (category:base,tabindex:0)
2023-09-21 10:53:23,608 [INFO] PluginManage:310 - Check plugin memorymap
2023-09-21 10:53:23,684 [INFO] PluginManage:359 - Loaded plugin memorymap (category:base,tabindex:4)
2023-09-21 10:53:23,684 [INFO] PluginManage:310 - Check plugin pinoutandconfiguration
2023-09-21 10:53:23,719 [INFO] PluginManage:359 - Loaded plugin pinoutandconfiguration (category:base,tabindex:1)
2023-09-21 10:53:23,720 [INFO] PluginManage:310 - Check plugin pinoutconfig
2023-09-21 10:53:23,922 [WARN] SupportedApi:132 - Cannot load RTOS API schema: s4s-elt-must-match.1: The content of 'definitions' must match (annotation?, (simpleType | complexType)?, (unique | key | keyref)*)). A problem was found starting at: attribute.
2023-09-21 10:53:24,158 [INFO] PluginManage:359 - Loaded plugin pinoutconfig (category:base,tabindex:0)
2023-09-21 10:53:24,158 [INFO] PluginManage:310 - Check plugin power
2023-09-21 10:53:24,186 [INFO] PluginManage:359 - Loaded plugin power (category:power,tabindex:4)
2023-09-21 10:53:24,186 [INFO] PluginManage:310 - Check plugin projectmanager
2023-09-21 10:53:24,210 [INFO] PluginManage:359 - Loaded plugin projectmanager (category:projectmanager,tabindex:3)
2023-09-21 10:53:24,210 [INFO] PluginManage:310 - Check plugin thirdparty
2023-09-21 10:53:25,042 [INFO] PluginManage:359 - Loaded plugin thirdparty (category:base,tabindex:-1)
2023-09-21 10:53:25,042 [INFO] PluginManage:310 - Check plugin tools
2023-09-21 10:53:25,108 [WARN] IntegrityCheckThread:84 - waiting for thirdparty lock release [integrity check]
2023-09-21 10:53:25,167 [INFO] IntegrityCheckThread:86 - entering critical section [integrity check]
2023-09-21 10:53:25,169 [INFO] ThirdPartyUpdaterWithRetryManager:70 - Updater plugin not ready yet. [1/15]
2023-09-21 10:53:25,217 [INFO] PluginManage:359 - Loaded plugin tools (category:base,tabindex:7)
2023-09-21 10:53:25,218 [INFO] PluginManage:310 - Check plugin tutovideos
2023-09-21 10:53:26,066 [INFO] PluginManage:359 - Loaded plugin tutovideos (category:base,tabindex:-1)
2023-09-21 10:53:26,066 [INFO] PluginManage:310 - Check plugin updater
2023-09-21 10:53:26,092 [INFO] PluginManage:359 - Loaded plugin updater (category:base,tabindex:12)
2023-09-21 10:53:26,093 [INFO] PluginManage:310 - Check plugin userauth
2023-09-21 10:53:26,107 [INFO] UserAuth:113 - Init User Auth plugin
2023-09-21 10:53:26,108 [INFO] PluginManage:359 - Loaded plugin userauth (category:base,tabindex:14)
2023-09-21 10:53:26,108 [INFO] PluginManage:283 - PluginManage : Loaded plugins [17]
2023-09-21 10:53:26,721 [INFO] PinOutPanel:1499 - setPackage(No Configuration,No Configuration)
2023-09-21 10:53:27,539 [INFO] CADModel:165 - CPN selected for project level
2023-09-21 10:53:27,539 [INFO] CADModel:114 - Register for checkConnection events
2023-09-21 10:53:27,602 [INFO] IPUIPlugin:80 - create IPUIPlugin
2023-09-21 10:53:27,602 [INFO] PluginManager:220 - loadIPPluginJar : add adc
2023-09-21 10:53:27,667 [INFO] IPUIPlugin:80 - create IPUIPlugin
2023-09-21 10:53:27,667 [INFO] PluginManager:220 - loadIPPluginJar : add aes
2023-09-21 10:53:27,733 [INFO] IPUIPlugin:80 - create IPUIPlugin
2023-09-21 10:53:27,733 [INFO] PluginManager:220 - loadIPPluginJar : add can
2023-09-21 10:53:27,771 [INFO] IPUIPlugin:80 - create IPUIPlugin
2023-09-21 10:53:27,771 [INFO] PluginManager:220 - loadIPPluginJar : add comp
2023-09-21 10:53:27,819 [INFO] IPUIPlugin:80 - create IPUIPlugin
2023-09-21 10:53:27,819 [INFO] PluginManager:220 - loadIPPluginJar : add cryp
2023-09-21 10:53:27,868 [INFO] IPUIPlugin:80 - create IPUIPlugin
2023-09-21 10:53:27,868 [INFO] PluginManager:220 - loadIPPluginJar : add dfsdm
2023-09-21 10:53:27,891 [INFO] IPUIPlugin:80 - create IPUIPlugin
2023-09-21 10:53:27,892 [INFO] PluginManager:220 - loadIPPluginJar : add dma
2023-09-21 10:53:27,960 [INFO] IPUIPlugin:80 - create IPUIPlugin
2023-09-21 10:53:27,961 [INFO] PluginManager:220 - loadIPPluginJar : add dma3
2023-09-21 10:53:27,991 [INFO] IPUIPlugin:80 - create IPUIPlugin
2023-09-21 10:53:27,991 [INFO] PluginManager:220 - loadIPPluginJar : add fatfs
2023-09-21 10:53:28,058 [INFO] IPUIPlugin:80 - create IPUIPlugin
2023-09-21 10:53:28,058 [INFO] PluginManager:220 - loadIPPluginJar : add fmc
2023-09-21 10:53:28,081 [INFO] IPUIPlugin:80 - create IPUIPlugin
2023-09-21 10:53:28,081 [INFO] PluginManager:220 - loadIPPluginJar : add freertos
2023-09-21 10:53:28,107 [INFO] IPUIPlugin:80 - create IPUIPlugin
2023-09-21 10:53:28,107 [INFO] PluginManager:220 - loadIPPluginJar : add genericplugin
2023-09-21 10:53:28,170 [INFO] ThirdPartyUpdaterWithRetryManager:70 - Updater plugin not ready yet. [2/15]
2023-09-21 10:53:28,244 [INFO] IPUIPlugin:80 - create IPUIPlugin
2023-09-21 10:53:28,244 [INFO] PluginManager:220 - loadIPPluginJar : add gfxmmu
2023-09-21 10:53:28,439 [INFO] IPUIPlugin:80 - create IPUIPlugin
2023-09-21 10:53:28,440 [INFO] PluginManager:220 - loadIPPluginJar : add gic
2023-09-21 10:53:28,459 [INFO] IPUIPlugin:80 - create IPUIPlugin
2023-09-21 10:53:28,459 [INFO] PluginManager:220 - loadIPPluginJar : add gpio
2023-09-21 10:53:28,647 [INFO] IPUIPlugin:80 - create IPUIPlugin
2023-09-21 10:53:28,648 [INFO] PluginManager:220 - loadIPPluginJar : add gtzc
2023-09-21 10:53:28,703 [INFO] IPUIPlugin:80 - create IPUIPlugin
2023-09-21 10:53:28,703 [INFO] PluginManager:220 - loadIPPluginJar : add hash
2023-09-21 10:53:28,796 [INFO] IPUIPlugin:80 - create IPUIPlugin
2023-09-21 10:53:28,796 [INFO] PluginManager:220 - loadIPPluginJar : add i2c
2023-09-21 10:53:28,861 [INFO] IPUIPlugin:80 - create IPUIPlugin
2023-09-21 10:53:28,861 [INFO] PluginManager:220 - loadIPPluginJar : add i2s
2023-09-21 10:53:28,957 [INFO] IPUIPlugin:80 - create IPUIPlugin
2023-09-21 10:53:28,957 [INFO] PluginManager:220 - loadIPPluginJar : add i3c
2023-09-21 10:53:29,271 [INFO] IPUIPlugin:80 - create IPUIPlugin
2023-09-21 10:53:29,272 [INFO] PluginManager:220 - loadIPPluginJar : add ipddr
2023-09-21 10:53:29,601 [INFO] IPUIPlugin:80 - create IPUIPlugin
2023-09-21 10:53:29,601 [INFO] PluginManager:220 - loadIPPluginJar : add linkedlist
2023-09-21 10:53:29,651 [INFO] IPUIPlugin:80 - create IPUIPlugin
2023-09-21 10:53:29,651 [INFO] PluginManager:220 - loadIPPluginJar : add lorawan
2023-09-21 10:53:29,702 [INFO] IPUIPlugin:80 - create IPUIPlugin
2023-09-21 10:53:29,702 [INFO] PluginManager:220 - loadIPPluginJar : add ltdc
2023-09-21 10:53:29,723 [INFO] IPUIPlugin:80 - create IPUIPlugin
2023-09-21 10:53:29,723 [INFO] PluginManager:220 - loadIPPluginJar : add mdma
2023-09-21 10:53:29,743 [INFO] IPUIPlugin:80 - create IPUIPlugin
2023-09-21 10:53:29,743 [INFO] PluginManager:220 - loadIPPluginJar : add nvic
2023-09-21 10:53:29,804 [INFO] IPUIPlugin:80 - create IPUIPlugin
2023-09-21 10:53:29,804 [INFO] PluginManager:220 - loadIPPluginJar : add opamp
2023-09-21 10:53:29,890 [INFO] IPUIPlugin:80 - create IPUIPlugin
2023-09-21 10:53:29,890 [INFO] PluginManager:220 - loadIPPluginJar : add openamp
2023-09-21 10:53:29,948 [INFO] IPUIPlugin:80 - create IPUIPlugin
2023-09-21 10:53:29,948 [INFO] PluginManager:220 - loadIPPluginJar : add pdm2pcm
2023-09-21 10:53:29,969 [INFO] IPUIPlugin:80 - create IPUIPlugin
2023-09-21 10:53:29,980 [INFO] PluginManager:220 - loadIPPluginJar : add plateformsettings
2023-09-21 10:53:30,009 [INFO] IPUIPlugin:80 - create IPUIPlugin
2023-09-21 10:53:30,009 [INFO] PluginManager:220 - loadIPPluginJar : add quadspi
2023-09-21 10:53:30,032 [INFO] IPUIPlugin:80 - create IPUIPlugin
2023-09-21 10:53:30,032 [INFO] PluginManager:220 - loadIPPluginJar : add resmgrutility
2023-09-21 10:53:30,093 [INFO] IPUIPlugin:80 - create IPUIPlugin
2023-09-21 10:53:30,094 [INFO] PluginManager:220 - loadIPPluginJar : add sai
2023-09-21 10:53:30,139 [INFO] IPUIPlugin:80 - create IPUIPlugin
2023-09-21 10:53:30,140 [INFO] PluginManager:220 - loadIPPluginJar : add spi
2023-09-21 10:53:30,213 [INFO] IPUIPlugin:80 - create IPUIPlugin
2023-09-21 10:53:30,214 [INFO] PluginManager:220 - loadIPPluginJar : add stm32_wpan
2023-09-21 10:53:30,240 [INFO] IPUIPlugin:80 - create IPUIPlugin
2023-09-21 10:53:30,240 [INFO] PluginManager:220 - loadIPPluginJar : add tim
2023-09-21 10:53:30,306 [INFO] IPUIPlugin:80 - create IPUIPlugin
2023-09-21 10:53:30,306 [INFO] PluginManager:220 - loadIPPluginJar : add touchsensing
2023-09-21 10:53:30,335 [INFO] IPUIPlugin:80 - create IPUIPlugin
2023-09-21 10:53:30,335 [INFO] PluginManager:220 - loadIPPluginJar : add tracer_emb
2023-09-21 10:53:30,375 [INFO] IPUIPlugin:80 - create IPUIPlugin
2023-09-21 10:53:30,375 [INFO] PluginManager:220 - loadIPPluginJar : add ts
2023-09-21 10:53:30,424 [INFO] IPUIPlugin:80 - create IPUIPlugin
2023-09-21 10:53:30,425 [INFO] PluginManager:220 - loadIPPluginJar : add tsc
2023-09-21 10:53:30,543 [INFO] IPUIPlugin:80 - create IPUIPlugin
2023-09-21 10:53:30,543 [INFO] PluginManager:220 - loadIPPluginJar : add ucpd
2023-09-21 10:53:30,907 [INFO] IPUIPlugin:80 - create IPUIPlugin
2023-09-21 10:53:30,908 [INFO] PluginManager:220 - loadIPPluginJar : add usart
2023-09-21 10:53:31,200 [INFO] IPUIPlugin:80 - create IPUIPlugin
2023-09-21 10:53:31,201 [INFO] PluginManager:220 - loadIPPluginJar : add usbx
2023-09-21 10:53:31,238 [INFO] ThirdPartyUpdaterWithRetryManager:70 - Updater plugin not ready yet. [3/15]
2023-09-21 10:53:31,553 [INFO] CADModel:165 - CPN selected for project level
2023-09-21 10:53:31,553 [INFO] CADModel:114 - Register for checkConnection events
2023-09-21 10:53:31,554 [FATAL] Updater:308 - Updater called before beeing initialized
2023-09-21 10:53:31,555 [ERROR] CADModel:125 - Updater not yet initialized, retry later 
2023-09-21 10:53:32,219 [INFO] CADModel:165 - CPN selected for project level
2023-09-21 10:53:32,219 [INFO] CADModel:114 - Register for checkConnection events
2023-09-21 10:53:32,219 [FATAL] Updater:308 - Updater called before beeing initialized
2023-09-21 10:53:32,220 [ERROR] CADModel:125 - Updater not yet initialized, retry later 
2023-09-21 10:53:32,229 [FATAL] Updater:308 - Updater called before beeing initialized
2023-09-21 10:53:32,468 [FATAL] Updater:308 - Updater called before beeing initialized
2023-09-21 10:53:32,509 [INFO] DbMcusAds:53 - JSON generation date=Tue Mar 07 15:50:55 ICT 2023 (1678179055114)
2023-09-21 10:53:32,509 [FATAL] Updater:308 - Updater called before beeing initialized
2023-09-21 10:53:32,606 [WARN] DetailPanel:346 - Failed to get advertising image, set to default
2023-09-21 10:53:32,801 [FATAL] Updater:308 - Updater called before beeing initialized
2023-09-21 10:53:32,805 [FATAL] Updater:308 - Updater called before beeing initialized
2023-09-21 10:53:32,805 [FATAL] Updater:308 - Updater called before beeing initialized
2023-09-21 10:53:32,805 [WARN] DetailPanel:346 - Failed to get advertising image, set to default
2023-09-21 10:53:32,807 [FATAL] Updater:308 - Updater called before beeing initialized
2023-09-21 10:53:32,951 [ERROR] Updater:1120 - MainUpdater not yet initialized. External WinMGr cannot be set.
2023-09-21 10:53:32,980 [INFO] Updater:1056 - Updater Version found : 6.9.1
2023-09-21 10:53:33,023 [INFO] ApplicationProperties:184 - Using Application install path: C:\ST\STM32CubeIDE_1.12.0\STM32CubeIDE\plugins\com.st.stm32cube.common.mx_6.9.1.202307191849
2023-09-21 10:53:34,243 [INFO] ThirdPartyUpdaterWithRetryManager:70 - Updater plugin not ready yet. [4/15]
2023-09-21 10:53:35,891 [INFO] MainUpdater:2868 - connection check result : 10
2023-09-21 10:53:35,896 [INFO] MainUpdater:285 - Updater Check For Update Now.
2023-09-21 10:53:35,897 [INFO] MicroXplorer:498 - Change Database Version : DB.6.0.91
2023-09-21 10:53:35,984 [INFO] McuFinderGlobals:63 - Set McuFinder mode to 2 (CubeIDE integrated)
2023-09-21 10:53:35,984 [INFO] UserAuth:179 - activating auth plugin
2023-09-21 10:53:35,993 [INFO] UserAuth:393 - Internet connection configuration mode: 1
2023-09-21 10:53:36,089 [INFO] JxBrowserEngine:151 - Initiate JxBrowser Engine with user profile folder
2023-09-21 10:53:36,227 [INFO] CheckServerUpdateThread:120 - End of CheckServer Thread
2023-09-21 10:53:37,886 [WARN] PackLoader:240 - Cannot read IP mode file for STMicroelectronics.X-CUBE-SMBUS.2.1.0
2023-09-21 10:53:38,039 [WARN] PackLoader:240 - Cannot read IP mode file for STMicroelectronics.X-CUBE-AZRTOS-F7.1.1.0
2023-09-21 10:53:38,137 [WARN] PackLoader:240 - Cannot read IP mode file for STMicroelectronics.FP-SNS-MOTENV1.4.3.2
2023-09-21 10:53:38,245 [WARN] PackLoader:240 - Cannot read IP mode file for STMicroelectronics.X-CUBE-BLE1.6.2.4
2023-09-21 10:53:38,275 [WARN] PackLoader:240 - Cannot read IP mode file for STMicroelectronics.FP-SNS-FLIGHT1.5.0.2
2023-09-21 10:53:38,337 [WARN] PackLoader:240 - Cannot read IP mode file for STMicroelectronics.X-CUBE-DISPLAY.3.0.0
2023-09-21 10:53:38,439 [WARN] PackLoader:240 - Cannot read IP mode file for STMicroelectronics.X-CUBE-BLE1.7.0.0
2023-09-21 10:53:38,592 [WARN] PackLoader:240 - Cannot read IP mode file for emotas.I-CUBE-CANOPEN.1.3.0
2023-09-21 10:53:39,805 [WARN] PackLoader:240 - Cannot read IP mode file for STMicroelectronics.X-CUBE-TOUCHGFX.4.22.0
2023-09-21 10:53:41,409 [WARN] PackLoader:240 - Cannot read IP mode file for STMicroelectronics.FP-SNS-SMARTAG2.1.2.0
2023-09-21 10:53:42,761 [INFO] LogOutputStream:77 - [STDOUT_REDIRECT] 1 : Invalid condition id : UX_CORESTACK_Condition cause : null
2023-09-21 10:53:42,783 [INFO] LogOutputStream:77 - [STDOUT_REDIRECT] 1 : Invalid condition id : UX_CORESTACK_Condition cause : null
2023-09-21 10:53:42,785 [INFO] LogOutputStream:77 - [STDOUT_REDIRECT] 1 : Invalid condition id : UX_CORESTACK_Condition cause : null
2023-09-21 10:53:42,788 [INFO] LogOutputStream:77 - [STDOUT_REDIRECT] 1 : Invalid condition id : UX_CORESTACK_Condition cause : null
2023-09-21 10:53:42,791 [INFO] LogOutputStream:77 - [STDOUT_REDIRECT] 1 : Invalid condition id : UX_CORESTACK_Condition cause : null
2023-09-21 10:53:42,881 [WARN] PackLoader:240 - Cannot read IP mode file for STMicroelectronics.X-CUBE-AZRTOS-WL.2.0.0
2023-09-21 10:53:43,720 [WARN] PackLoader:240 - Cannot read IP mode file for WES.I-CUBE-Cesium.1.3.0
2023-09-21 10:53:43,838 [WARN] PackLoader:240 - Cannot read IP mode file for STMicroelectronics.X-CUBE-BLE2.3.3.0
2023-09-21 10:53:44,363 [WARN] PackLoader:240 - Cannot read IP mode file for STMicroelectronics.X-CUBE-TOUCHGFX.4.18.0
2023-09-21 10:53:45,659 [WARN] PackLoader:240 - Cannot read IP mode file for STMicroelectronics.X-CUBE-TOUCHGFX.4.21.1
2023-09-21 10:53:46,013 [WARN] PackLoader:240 - Cannot read IP mode file for STMicroelectronics.X-CUBE-TOUCHGFX.4.21.0
2023-09-21 10:53:46,246 [WARN] PackLoader:240 - Cannot read IP mode file for STMicroelectronics.X-CUBE-TOUCHGFX.4.21.4
2023-09-21 10:53:46,615 [WARN] PackLoader:240 - Cannot read IP mode file for STMicroelectronics.X-CUBE-ALGOBUILD.1.3.0
2023-09-21 10:53:46,856 [WARN] PackLoader:240 - Cannot read IP mode file for STMicroelectronics.X-CUBE-AZRTOS-G0.1.1.0
2023-09-21 10:53:47,148 [WARN] PackLoader:240 - Cannot read IP mode file for STMicroelectronics.X-CUBE-NFC4.3.0.0
2023-09-21 10:53:47,285 [WARN] PackLoader:240 - Cannot read IP mode file for STMicroelectronics.FP-ATR-SIGFOX1.3.2.0
2023-09-21 10:53:47,916 [WARN] PackLoader:240 - Cannot read IP mode file for SEGGER.I-CUBE-embOS.1.3.1
2023-09-21 10:53:52,180 [WARN] PackLoader:240 - Cannot read IP mode file for STMicroelectronics.X-CUBE-GNSS1.6.0.0
2023-09-21 10:53:52,404 [WARN] PackLoader:240 - Cannot read IP mode file for STMicroelectronics.X-CUBE-AZRTOS-F4.1.1.0
2023-09-21 10:53:52,473 [WARN] PackLoader:240 - Cannot read IP mode file for wolfSSL.I-CUBE-wolfSSL.5.6.3
2023-09-21 10:53:52,770 [WARN] PackLoader:240 - Cannot read IP mode file for STMicroelectronics.X-CUBE-AZRTOS-L5.2.0.0
2023-09-21 10:53:53,856 [WARN] PackLoader:240 - Cannot read IP mode file for STMicroelectronics.X-CUBE-MEMS1.9.6.0
2023-09-21 10:53:59,030 [WARN] PackLoader:240 - Cannot read IP mode file for emotas.I-CUBE-CANOPEN.1.1.3
2023-09-21 10:54:04,105 [WARN] PackLoader:240 - Cannot read IP mode file for STMicroelectronics.X-CUBE-BLEMGR.2.0.0
2023-09-21 10:54:04,888 [WARN] ConditionMgr:438 - getConditionDescription Invalid condition id : UX DEVICE CLASS RTOS Condition cause : null
2023-09-21 10:54:04,888 [WARN] ConditionMgr:438 - getConditionDescription Invalid condition id : UX DEVICE CLASS RTOS Condition cause : null
2023-09-21 10:54:04,904 [WARN] PackLoader:240 - Cannot read IP mode file for STMicroelectronics.X-CUBE-AZRTOS-H7.3.1.0
2023-09-21 10:54:05,278 [WARN] ConditionMgr:1039 - genDependencies : Invalid condition id : UX DEVICE CLASS RTOS Condition cause : null
2023-09-21 10:54:05,279 [WARN] ConditionMgr:1039 - genDependencies : Invalid condition id : UX DEVICE CLASS RTOS Condition cause : null
2023-09-21 10:54:05,283 [WARN] ConditionMgr:1039 - genDependencies : Invalid condition id : UX DEVICE CLASS RTOS Condition cause : null
2023-09-21 10:54:05,284 [WARN] ConditionMgr:1039 - genDependencies : Invalid condition id : UX DEVICE CLASS RTOS Condition cause : null
2023-09-21 10:54:05,285 [WARN] ConditionMgr:1039 - genDependencies : Invalid condition id : UX DEVICE CLASS RTOS Condition cause : null
2023-09-21 10:54:05,993 [WARN] PackLoader:240 - Cannot read IP mode file for STMicroelectronics.X-CUBE-NFC7.1.0.1
2023-09-21 10:54:06,890 [WARN] PackLoader:240 - Cannot read IP mode file for STMicroelectronics.X-CUBE-NFC6.3.0.0
2023-09-21 10:54:07,033 [WARN] PackLoader:240 - Cannot read IP mode file for STMicroelectronics.X-CUBE-EEPRMA1.4.1.0
2023-09-21 10:54:07,188 [WARN] PackLoader:240 - Cannot read IP mode file for STMicroelectronics.X-CUBE-AI.8.1.0
2023-09-21 10:54:08,945 [WARN] ConditionMgr:438 - getConditionDescription Invalid condition id : LAN8742 Phy interface Condition cause : null
2023-09-21 10:54:08,951 [WARN] PackLoader:240 - Cannot read IP mode file for STMicroelectronics.X-CUBE-AZRTOS-L4.2.0.0
2023-09-21 10:54:08,956 [WARN] ConditionMgr:1039 - genDependencies : Invalid condition id : LAN8742 Phy interface Condition cause : null
2023-09-21 10:54:09,168 [WARN] ConditionMgr:1039 - genDependencies : Invalid condition id : LAN8742 Phy interface Condition cause : null
2023-09-21 10:54:09,171 [WARN] ConditionMgr:1039 - genDependencies : Invalid condition id : LAN8742 Phy interface Condition cause : null
2023-09-21 10:54:11,120 [WARN] PackLoader:240 - Cannot read IP mode file for STMicroelectronics.X-CUBE-SFXS2LP1.4.0.0
2023-09-21 10:54:12,336 [WARN] PackLoader:240 - Cannot read IP mode file for STMicroelectronics.X-CUBE-ISPU.1.1.0
2023-09-21 10:54:14,999 [WARN] ConditionMgr:438 - getConditionDescription Invalid condition id : UX DEVICE CLASS RTOS Condition cause : null
2023-09-21 10:54:15,172 [WARN] ConditionMgr:438 - getConditionDescription Invalid condition id : UX DEVICE CLASS RTOS Condition cause : null
2023-09-21 10:54:15,301 [WARN] PackLoader:240 - Cannot read IP mode file for STMicroelectronics.X-CUBE-AZRTOS-WB.2.0.0
2023-09-21 10:54:15,314 [WARN] ConditionMgr:1039 - genDependencies : Invalid condition id : UX DEVICE CLASS RTOS Condition cause : null
2023-09-21 10:54:15,315 [WARN] ConditionMgr:1039 - genDependencies : Invalid condition id : UX DEVICE CLASS RTOS Condition cause : null
2023-09-21 10:54:15,319 [WARN] ConditionMgr:1039 - genDependencies : Invalid condition id : UX DEVICE CLASS RTOS Condition cause : null
2023-09-21 10:54:15,319 [WARN] ConditionMgr:1039 - genDependencies : Invalid condition id : UX DEVICE CLASS RTOS Condition cause : null
2023-09-21 10:54:15,320 [WARN] ConditionMgr:1039 - genDependencies : Invalid condition id : UX DEVICE CLASS RTOS Condition cause : null
2023-09-21 10:54:15,791 [WARN] PackLoader:240 - Cannot read IP mode file for STMicroelectronics.X-CUBE-FREERTOS.1.0.1
2023-09-21 10:54:16,256 [WARN] PackLoader:240 - Cannot read IP mode file for STMicroelectronics.X-CUBE-AZRTOS-L5.1.1.0
2023-09-21 10:54:16,702 [WARN] PackLoader:240 - Cannot read IP mode file for STMicroelectronics.X-CUBE-AI.8.0.1
2023-09-21 10:54:16,929 [WARN] PackLoader:240 - Cannot read IP mode file for STMicroelectronics.X-CUBE-SUBG2.5.0.0
2023-09-21 10:54:17,172 [WARN] PackLoader:240 - Cannot read IP mode file for STMicroelectronics.X-CUBE-TOF1.3.3.1
2023-09-21 10:54:21,015 [WARN] PackLoader:240 - Cannot read IP mode file for STMicroelectronics.X-CUBE-AZRTOS-G4.2.0.0
2023-09-21 10:54:21,241 [WARN] PackLoader:240 - Cannot read IP mode file for STMicroelectronics.X-CUBE-TOF1.3.3.0
2023-09-21 10:54:21,919 [WARN] PackLoader:240 - Cannot read IP mode file for STMicroelectronics.X-CUBE-FREERTOS.1.1.0
2023-09-21 10:54:22,354 [WARN] PackLoader:240 - Cannot read IP mode file for portGmbH.I-Cube-SoM-uGOAL.1.1.0
2023-09-21 10:54:22,886 [WARN] PackLoader:240 - Cannot read IP mode file for STMicroelectronics.X-CUBE-ALS.1.0.1
2023-09-21 10:54:23,397 [WARN] PackLoader:240 - Cannot read IP mode file for STMicroelectronics.X-CUBE-AZRTOS-WB.1.1.0
2023-09-21 10:54:23,603 [WARN] PackLoader:240 - Cannot read IP mode file for STMicroelectronics.FP-ATR-ASTRA1.2.0.0
2023-09-21 10:54:23,795 [INFO] ThirdParty:978 - Integrity check success = true
2023-09-21 10:54:23,796 [INFO] IntegrityCheckThread:100 - exiting critical section [integrity check]
2023-09-21 10:54:23,796 [INFO] IntegrityCheckThread:103 - End integrity checks thread
2023-09-21 10:54:36,331 [INFO] WebApp:157 - Instantiating new browser for Auth
2023-09-21 10:54:43,553 [INFO] WebApp:753 - Register for checkConnection events
2023-09-21 10:54:43,578 [INFO] WebApp:390 - Apply proxy settings
2023-09-21 10:54:43,616 [INFO] WebApp:475 - Chromium requires no authentication
2023-09-21 10:54:43,653 [INFO] WebApp:418 - Direct internet connection detected
2023-09-21 10:54:44,722 [INFO] WebApp:188 - Starting web application
2023-09-21 10:54:44,724 [INFO] WebApp:520 - Web application path used C:\ST\STM32CubeIDE_1.12.0\STM32CubeIDE\plugins\com.st.stm32cube.common.mx_6.9.1.202307191849\db\plugins\mcufinder\reactClient1\index.html
2023-09-21 10:55:45,517 [ERROR] LogOutputStream:75 - [STDERR_REDIRECT] SLF4J: Failed to load class "org.slf4j.impl.StaticLoggerBinder".
2023-09-21 10:55:45,578 [ERROR] LogOutputStream:75 - [STDERR_REDIRECT] SLF4J: Defaulting to no-operation (NOP) logger implementation
2023-09-21 10:55:45,582 [ERROR] LogOutputStream:75 - [STDERR_REDIRECT] SLF4J: See http://www.slf4j.org/codes.html#StaticLoggerBinder for further details.
