2023-04-18 09:31:32,168 [INFO] Activator:176 - 


2023-04-18 09:31:32,173 [INFO] Activator:177 - !SESSION log4j initialized
2023-04-18 09:31:39,953 [INFO] LogOutputStream:77 - [STDOUT_REDIRECT] 
2023-04-18 09:31:49,582 [INFO] ApplicationProperties:184 - Using Application install path: C:\ST\STM32CubeIDE_1.12.0\STM32CubeIDE\plugins\com.st.stm32cube.common.mx_6.8.0.202302231600
2023-04-18 09:31:49,608 [INFO] DbMcusXml:78 - Set database path to: C:\ST\STM32CubeIDE_1.12.0\STM32CubeIDE\plugins\com.st.stm32cube.common.mx_6.8.0.202302231600\\db\/mcu/
2023-04-18 09:31:49,609 [INFO] ApiDb:274 - Set plugin database path to: C:\ST\STM32CubeIDE_1.12.0\STM32CubeIDE\plugins\com.st.stm32cube.common.mx_6.8.0.202302231600\\db\/plugins/boardmanager/
2023-04-18 09:31:49,611 [WARN] ApiDb:259 - Overriding images path with different value:  => C:\ST\STM32CubeIDE_1.12.0\STM32CubeIDE\plugins\com.st.stm32cube.common.mx_6.8.0.202302231600\\db\/plugins/mcufinder/images/
2023-04-18 09:31:49,638 [INFO] ApiDb:250 - Set database path to: C:\Users\user\.stmcufinder\plugins\mcufinder//mcu/
2023-04-18 09:31:49,640 [INFO] DbMcusAds:125 - Set database path to: C:\Users\user\.stmcufinder\plugins\mcufinder//mcu/
2023-04-18 09:31:49,644 [INFO] CrossReferenceDbSqlite:203 - Set database path to: C:\Users\user\.stmcufinder\plugins\mcufinder//mcu/cs/
2023-04-18 09:31:49,792 [INFO] RulesReader:64 - Compatibility file has been processed (293 Rules)
2023-04-18 09:31:49,905 [INFO] DbMcusXml:78 - Set database path to: C:\ST\STM32CubeIDE_1.12.0\STM32CubeIDE\plugins\com.st.stm32cube.common.mx_6.8.0.202302231600\\db\/mcu/
2023-04-18 09:31:49,905 [INFO] ApiDb:274 - Set plugin database path to: C:\ST\STM32CubeIDE_1.12.0\STM32CubeIDE\plugins\com.st.stm32cube.common.mx_6.8.0.202302231600\\db\/plugins/boardmanager/
2023-04-18 09:31:49,906 [INFO] ApiDb:261 - Set plugin images path to: C:\ST\STM32CubeIDE_1.12.0\STM32CubeIDE\plugins\com.st.stm32cube.common.mx_6.8.0.202302231600\\db\/plugins/mcufinder/images/
2023-04-18 09:31:49,906 [WARN] DbFile:41 - Overriding database path with different value: C:\Users\user\.stmcufinder\plugins\mcufinder/ => C:\Users\user\.stmcufinder\plugins\mcufinder
2023-04-18 09:31:49,906 [INFO] ApiDb:250 - Set database path to: C:\Users\user\.stmcufinder\plugins\mcufinder//mcu/
2023-04-18 09:31:49,906 [WARN] DbFile:41 - Overriding database path with different value: C:\Users\user\.stmcufinder\plugins\mcufinder/ => C:\Users\user\.stmcufinder\plugins\mcufinder
2023-04-18 09:31:49,906 [INFO] DbMcusAds:125 - Set database path to: C:\Users\user\.stmcufinder\plugins\mcufinder//mcu/
2023-04-18 09:31:49,906 [WARN] DbFile:41 - Overriding database path with different value: C:\Users\user\.stmcufinder\plugins\mcufinder/ => C:\Users\user\.stmcufinder\plugins\mcufinder
2023-04-18 09:31:49,906 [WARN] DbFile:41 - Overriding database path with different value: C:\Users\user\.stmcufinder\plugins\mcufinder/ => C:\Users\user\.stmcufinder\plugins\mcufinder
2023-04-18 09:31:49,907 [INFO] CrossReferenceDbSqlite:203 - Set database path to: C:\Users\user\.stmcufinder\plugins\mcufinder//mcu/cs/
2023-04-18 09:31:49,996 [INFO] MainPanel:253 - HeapMemory: 268435456
2023-04-18 09:31:50,114 [INFO] DbMcusXml:78 - Set database path to: C:\ST\STM32CubeIDE_1.12.0\STM32CubeIDE\plugins\com.st.stm32cube.common.mx_6.8.0.202302231600\\db\/mcu/
2023-04-18 09:31:50,114 [INFO] ApiDb:274 - Set plugin database path to: C:\ST\STM32CubeIDE_1.12.0\STM32CubeIDE\plugins\com.st.stm32cube.common.mx_6.8.0.202302231600\\db\/plugins/boardmanager/
2023-04-18 09:31:50,114 [INFO] ApiDb:261 - Set plugin images path to: C:\ST\STM32CubeIDE_1.12.0\STM32CubeIDE\plugins\com.st.stm32cube.common.mx_6.8.0.202302231600\\db\/plugins/mcufinder/images/
2023-04-18 09:31:50,114 [WARN] DbFile:41 - Overriding database path with different value: C:\Users\user\.stmcufinder\plugins\mcufinder/ => C:\Users\user\.stmcufinder\plugins\mcufinder
2023-04-18 09:31:50,114 [INFO] ApiDb:250 - Set database path to: C:\Users\user\.stmcufinder\plugins\mcufinder//mcu/
2023-04-18 09:31:50,114 [WARN] DbFile:41 - Overriding database path with different value: C:\Users\user\.stmcufinder\plugins\mcufinder/ => C:\Users\user\.stmcufinder\plugins\mcufinder
2023-04-18 09:31:50,114 [INFO] DbMcusAds:125 - Set database path to: C:\Users\user\.stmcufinder\plugins\mcufinder//mcu/
2023-04-18 09:31:50,114 [WARN] DbFile:41 - Overriding database path with different value: C:\Users\user\.stmcufinder\plugins\mcufinder/ => C:\Users\user\.stmcufinder\plugins\mcufinder
2023-04-18 09:31:50,115 [WARN] DbFile:41 - Overriding database path with different value: C:\Users\user\.stmcufinder\plugins\mcufinder/ => C:\Users\user\.stmcufinder\plugins\mcufinder
2023-04-18 09:31:50,115 [INFO] CrossReferenceDbSqlite:203 - Set database path to: C:\Users\user\.stmcufinder\plugins\mcufinder//mcu/cs/
2023-04-18 09:31:50,134 [INFO] ApplicationProperties:184 - Using Application install path: C:\ST\STM32CubeIDE_1.12.0\STM32CubeIDE\plugins\com.st.stm32cube.common.mx_6.8.0.202302231600
2023-04-18 09:31:50,135 [INFO] PluginManage:196 - Search for loadable plugins [exclusion list=, ]
2023-04-18 09:31:50,137 [INFO] PluginManage:310 - Check plugin analytics
2023-04-18 09:31:50,353 [INFO] AnalyticsPlugin:253 - Accepted Software Licenses: STM32CubeMX.6.8.0
2023-04-18 09:31:50,354 [INFO] AnalyticsPlugin:255 - Accepted CMSIS Pack Licenses: emotas.I-CUBE-CANOPEN.1.1.3
2023-04-18 09:31:50,354 [INFO] AnalyticsPlugin:257 - Accepted Firmware Licenses: FW.H7.1.11.0,FW.G0.1.6.0
2023-04-18 09:31:50,362 [INFO] PluginManage:359 - Loaded plugin analytics (category:tool,tabindex:-1)
2023-04-18 09:31:50,363 [INFO] PluginManage:310 - Check plugin cadmodel
2023-04-18 09:31:50,382 [INFO] CADModel:105 - Init CAD model plugin
2023-04-18 09:31:50,382 [INFO] PluginManage:359 - Loaded plugin cadmodel (category:power,tabindex:5)
2023-04-18 09:31:50,383 [INFO] PluginManage:310 - Check plugin clock
2023-04-18 09:31:50,404 [INFO] PluginManage:359 - Loaded plugin clock (category:base,tabindex:2)
2023-04-18 09:31:50,406 [INFO] PluginManage:310 - Check plugin ddr
2023-04-18 09:31:50,407 [INFO] PluginManage:359 - Loaded plugin ddr (category:tool,tabindex:6)
2023-04-18 09:31:50,408 [INFO] PluginManage:310 - Check plugin filemanager
2023-04-18 09:31:50,582 [INFO] PluginManage:359 - Loaded plugin filemanager (category:base,tabindex:10)
2023-04-18 09:31:50,582 [INFO] PluginManage:310 - Check plugin ipmanager
2023-04-18 09:31:50,591 [INFO] PluginManage:359 - Loaded plugin ipmanager (category:base,tabindex:5)
2023-04-18 09:31:50,591 [INFO] PluginManage:310 - Check plugin lpbam
2023-04-18 09:31:50,612 [INFO] PluginManage:359 - Loaded plugin lpbam (category:base,tabindex:0)
2023-04-18 09:31:50,612 [INFO] PluginManage:310 - Check plugin pinoutandconfiguration
2023-04-18 09:31:50,627 [INFO] PluginManage:359 - Loaded plugin pinoutandconfiguration (category:base,tabindex:1)
2023-04-18 09:31:50,627 [INFO] PluginManage:310 - Check plugin pinoutconfig
2023-04-18 09:31:50,719 [WARN] SupportedApi:132 - Cannot load RTOS API schema: s4s-elt-must-match.1: The content of 'definitions' must match (annotation?, (simpleType | complexType)?, (unique | key | keyref)*)). A problem was found starting at: attribute.
2023-04-18 09:31:50,879 [INFO] PluginManage:359 - Loaded plugin pinoutconfig (category:base,tabindex:0)
2023-04-18 09:31:50,879 [INFO] PluginManage:310 - Check plugin power
2023-04-18 09:31:50,904 [INFO] PluginManage:359 - Loaded plugin power (category:power,tabindex:4)
2023-04-18 09:31:50,905 [INFO] PluginManage:310 - Check plugin projectmanager
2023-04-18 09:31:50,926 [INFO] PluginManage:359 - Loaded plugin projectmanager (category:projectmanager,tabindex:3)
2023-04-18 09:31:50,926 [INFO] PluginManage:310 - Check plugin thirdparty
2023-04-18 09:31:51,229 [INFO] PluginManage:359 - Loaded plugin thirdparty (category:base,tabindex:-1)
2023-04-18 09:31:51,229 [WARN] IntegrityCheckThread:84 - waiting for thirdparty lock release [integrity check]
2023-04-18 09:31:51,229 [INFO] PluginManage:310 - Check plugin tools
2023-04-18 09:31:51,229 [INFO] IntegrityCheckThread:86 - entering critical section [integrity check]
2023-04-18 09:31:51,231 [INFO] ThirdPartyUpdaterWithRetryManager:70 - Updater plugin not ready yet. [1/15]
2023-04-18 09:31:51,255 [INFO] PluginManage:359 - Loaded plugin tools (category:base,tabindex:7)
2023-04-18 09:31:51,255 [INFO] PluginManage:310 - Check plugin tutovideos
2023-04-18 09:31:51,450 [INFO] PluginManage:359 - Loaded plugin tutovideos (category:base,tabindex:-1)
2023-04-18 09:31:51,451 [INFO] PluginManage:310 - Check plugin updater
2023-04-18 09:31:51,467 [INFO] PluginManage:359 - Loaded plugin updater (category:base,tabindex:12)
2023-04-18 09:31:51,468 [INFO] PluginManage:283 - PluginManage : Loaded plugins [15]
2023-04-18 09:31:51,716 [INFO] PinOutPanel:1499 - setPackage(No Configuration,No Configuration)
2023-04-18 09:31:51,869 [INFO] CADModel:165 - CPN selected for project level
2023-04-18 09:31:51,869 [INFO] CADModel:114 - Register for checkConnection events
2023-04-18 09:31:51,909 [INFO] IPUIPlugin:80 - create IPUIPlugin
2023-04-18 09:31:51,909 [INFO] PluginManager:220 - loadIPPluginJar : add adc
2023-04-18 09:31:51,943 [INFO] IPUIPlugin:80 - create IPUIPlugin
2023-04-18 09:31:51,943 [INFO] PluginManager:220 - loadIPPluginJar : add aes
2023-04-18 09:31:51,981 [INFO] IPUIPlugin:80 - create IPUIPlugin
2023-04-18 09:31:51,981 [INFO] PluginManager:220 - loadIPPluginJar : add can
2023-04-18 09:31:52,014 [INFO] IPUIPlugin:80 - create IPUIPlugin
2023-04-18 09:31:52,015 [INFO] PluginManager:220 - loadIPPluginJar : add comp
2023-04-18 09:31:52,053 [INFO] IPUIPlugin:80 - create IPUIPlugin
2023-04-18 09:31:52,054 [INFO] PluginManager:220 - loadIPPluginJar : add cryp
2023-04-18 09:31:52,080 [INFO] IPUIPlugin:80 - create IPUIPlugin
2023-04-18 09:31:52,080 [INFO] PluginManager:220 - loadIPPluginJar : add dfsdm
2023-04-18 09:31:52,095 [INFO] IPUIPlugin:80 - create IPUIPlugin
2023-04-18 09:31:52,096 [INFO] PluginManager:220 - loadIPPluginJar : add dma
2023-04-18 09:31:52,137 [INFO] IPUIPlugin:80 - create IPUIPlugin
2023-04-18 09:31:52,138 [INFO] PluginManager:220 - loadIPPluginJar : add dma3
2023-04-18 09:31:52,156 [INFO] IPUIPlugin:80 - create IPUIPlugin
2023-04-18 09:31:52,156 [INFO] PluginManager:220 - loadIPPluginJar : add fatfs
2023-04-18 09:31:52,194 [INFO] IPUIPlugin:80 - create IPUIPlugin
2023-04-18 09:31:52,194 [INFO] PluginManager:220 - loadIPPluginJar : add fmc
2023-04-18 09:31:52,209 [INFO] IPUIPlugin:80 - create IPUIPlugin
2023-04-18 09:31:52,209 [INFO] PluginManager:220 - loadIPPluginJar : add freertos
2023-04-18 09:31:52,226 [INFO] IPUIPlugin:80 - create IPUIPlugin
2023-04-18 09:31:52,226 [INFO] PluginManager:220 - loadIPPluginJar : add genericplugin
2023-04-18 09:31:52,295 [INFO] IPUIPlugin:80 - create IPUIPlugin
2023-04-18 09:31:52,295 [INFO] PluginManager:220 - loadIPPluginJar : add gfxmmu
2023-04-18 09:31:52,391 [INFO] IPUIPlugin:80 - create IPUIPlugin
2023-04-18 09:31:52,391 [INFO] PluginManager:220 - loadIPPluginJar : add gic
2023-04-18 09:31:52,404 [INFO] IPUIPlugin:80 - create IPUIPlugin
2023-04-18 09:31:52,404 [INFO] PluginManager:220 - loadIPPluginJar : add gpio
2023-04-18 09:31:52,471 [INFO] IPUIPlugin:80 - create IPUIPlugin
2023-04-18 09:31:52,471 [INFO] PluginManager:220 - loadIPPluginJar : add gtzc
2023-04-18 09:31:52,495 [INFO] IPUIPlugin:80 - create IPUIPlugin
2023-04-18 09:31:52,495 [INFO] PluginManager:220 - loadIPPluginJar : add hash
2023-04-18 09:31:52,535 [INFO] IPUIPlugin:80 - create IPUIPlugin
2023-04-18 09:31:52,536 [INFO] PluginManager:220 - loadIPPluginJar : add i2c
2023-04-18 09:31:52,566 [INFO] IPUIPlugin:80 - create IPUIPlugin
2023-04-18 09:31:52,566 [INFO] PluginManager:220 - loadIPPluginJar : add i2s
2023-04-18 09:31:52,604 [INFO] IPUIPlugin:80 - create IPUIPlugin
2023-04-18 09:31:52,604 [INFO] PluginManager:220 - loadIPPluginJar : add i3c
2023-04-18 09:31:52,693 [INFO] IPUIPlugin:80 - create IPUIPlugin
2023-04-18 09:31:52,693 [INFO] PluginManager:220 - loadIPPluginJar : add ipddr
2023-04-18 09:31:52,762 [INFO] IPUIPlugin:80 - create IPUIPlugin
2023-04-18 09:31:52,762 [INFO] PluginManager:220 - loadIPPluginJar : add linkedlist
2023-04-18 09:31:52,788 [INFO] IPUIPlugin:80 - create IPUIPlugin
2023-04-18 09:31:52,789 [INFO] PluginManager:220 - loadIPPluginJar : add lorawan
2023-04-18 09:31:52,832 [INFO] IPUIPlugin:80 - create IPUIPlugin
2023-04-18 09:31:52,833 [INFO] PluginManager:220 - loadIPPluginJar : add ltdc
2023-04-18 09:31:52,847 [INFO] IPUIPlugin:80 - create IPUIPlugin
2023-04-18 09:31:52,847 [INFO] PluginManager:220 - loadIPPluginJar : add mdma
2023-04-18 09:31:52,858 [INFO] IPUIPlugin:80 - create IPUIPlugin
2023-04-18 09:31:52,858 [INFO] PluginManager:220 - loadIPPluginJar : add nvic
2023-04-18 09:31:52,885 [INFO] IPUIPlugin:80 - create IPUIPlugin
2023-04-18 09:31:52,885 [INFO] PluginManager:220 - loadIPPluginJar : add opamp
2023-04-18 09:31:52,931 [INFO] IPUIPlugin:80 - create IPUIPlugin
2023-04-18 09:31:52,931 [INFO] PluginManager:220 - loadIPPluginJar : add openamp
2023-04-18 09:31:52,964 [INFO] IPUIPlugin:80 - create IPUIPlugin
2023-04-18 09:31:52,964 [INFO] PluginManager:220 - loadIPPluginJar : add pdm2pcm
2023-04-18 09:31:52,978 [INFO] IPUIPlugin:80 - create IPUIPlugin
2023-04-18 09:31:52,981 [INFO] PluginManager:220 - loadIPPluginJar : add plateformsettings
2023-04-18 09:31:52,999 [INFO] IPUIPlugin:80 - create IPUIPlugin
2023-04-18 09:31:53,000 [INFO] PluginManager:220 - loadIPPluginJar : add quadspi
2023-04-18 09:31:53,011 [INFO] IPUIPlugin:80 - create IPUIPlugin
2023-04-18 09:31:53,011 [INFO] PluginManager:220 - loadIPPluginJar : add resmgrutility
2023-04-18 09:31:53,060 [INFO] IPUIPlugin:80 - create IPUIPlugin
2023-04-18 09:31:53,060 [INFO] PluginManager:220 - loadIPPluginJar : add sai
2023-04-18 09:31:53,103 [INFO] IPUIPlugin:80 - create IPUIPlugin
2023-04-18 09:31:53,103 [INFO] PluginManager:220 - loadIPPluginJar : add spi
2023-04-18 09:31:53,160 [INFO] IPUIPlugin:80 - create IPUIPlugin
2023-04-18 09:31:53,160 [INFO] PluginManager:220 - loadIPPluginJar : add stm32_wpan
2023-04-18 09:31:53,182 [INFO] IPUIPlugin:80 - create IPUIPlugin
2023-04-18 09:31:53,182 [INFO] PluginManager:220 - loadIPPluginJar : add tim
2023-04-18 09:31:53,237 [INFO] IPUIPlugin:80 - create IPUIPlugin
2023-04-18 09:31:53,237 [INFO] PluginManager:220 - loadIPPluginJar : add touchsensing
2023-04-18 09:31:53,258 [INFO] IPUIPlugin:80 - create IPUIPlugin
2023-04-18 09:31:53,258 [INFO] PluginManager:220 - loadIPPluginJar : add tracer_emb
2023-04-18 09:31:53,278 [INFO] IPUIPlugin:80 - create IPUIPlugin
2023-04-18 09:31:53,278 [INFO] PluginManager:220 - loadIPPluginJar : add ts
2023-04-18 09:31:53,296 [INFO] IPUIPlugin:80 - create IPUIPlugin
2023-04-18 09:31:53,296 [INFO] PluginManager:220 - loadIPPluginJar : add tsc
2023-04-18 09:31:53,312 [INFO] IPUIPlugin:80 - create IPUIPlugin
2023-04-18 09:31:53,312 [INFO] PluginManager:220 - loadIPPluginJar : add ucpd
2023-04-18 09:31:53,349 [INFO] IPUIPlugin:80 - create IPUIPlugin
2023-04-18 09:31:53,349 [INFO] PluginManager:220 - loadIPPluginJar : add usart
2023-04-18 09:31:53,381 [INFO] IPUIPlugin:80 - create IPUIPlugin
2023-04-18 09:31:53,381 [INFO] PluginManager:220 - loadIPPluginJar : add usbx
2023-04-18 09:31:53,504 [INFO] CADModel:165 - CPN selected for project level
2023-04-18 09:31:53,504 [INFO] CADModel:114 - Register for checkConnection events
2023-04-18 09:31:53,505 [FATAL] Updater:308 - Updater called before beeing initialized
2023-04-18 09:31:53,505 [ERROR] CADModel:125 - Updater not yet initialized, retry later 
2023-04-18 09:31:53,699 [INFO] CADModel:165 - CPN selected for project level
2023-04-18 09:31:53,699 [INFO] CADModel:114 - Register for checkConnection events
2023-04-18 09:31:53,699 [FATAL] Updater:308 - Updater called before beeing initialized
2023-04-18 09:31:53,699 [ERROR] CADModel:125 - Updater not yet initialized, retry later 
2023-04-18 09:31:53,703 [FATAL] Updater:308 - Updater called before beeing initialized
2023-04-18 09:31:53,879 [FATAL] Updater:308 - Updater called before beeing initialized
2023-04-18 09:31:53,894 [INFO] DbMcusAds:53 - JSON generation date=Tue Mar 07 15:50:55 ICT 2023 (1678179055335)
2023-04-18 09:31:53,894 [FATAL] Updater:308 - Updater called before beeing initialized
2023-04-18 09:31:53,957 [WARN] DetailPanel:346 - Failed to get advertising image, set to default
2023-04-18 09:31:54,074 [FATAL] Updater:308 - Updater called before beeing initialized
2023-04-18 09:31:54,076 [FATAL] Updater:308 - Updater called before beeing initialized
2023-04-18 09:31:54,076 [FATAL] Updater:308 - Updater called before beeing initialized
2023-04-18 09:31:54,076 [WARN] DetailPanel:346 - Failed to get advertising image, set to default
2023-04-18 09:31:54,077 [FATAL] Updater:308 - Updater called before beeing initialized
2023-04-18 09:31:54,155 [ERROR] Updater:1120 - MainUpdater not yet initialized. External WinMGr cannot be set.
2023-04-18 09:31:54,168 [INFO] Updater:1056 - Updater Version found : 6.8.0
2023-04-18 09:31:54,210 [INFO] ApplicationProperties:184 - Using Application install path: C:\ST\STM32CubeIDE_1.12.0\STM32CubeIDE\plugins\com.st.stm32cube.common.mx_6.8.0.202302231600
2023-04-18 09:31:54,246 [INFO] ThirdPartyUpdaterWithRetryManager:70 - Updater plugin not ready yet. [2/15]
2023-04-18 09:31:54,566 [INFO] MainUpdater:2854 - connection check result : 10
2023-04-18 09:31:54,566 [INFO] MainUpdater:3548 - Updater definition file requires update
2023-04-18 09:31:54,571 [INFO] MainUpdater:283 - Updater Check For Update Now.
2023-04-18 09:31:54,571 [INFO] MicroXplorer:498 - Change Database Version : DB.6.0.80
2023-04-18 09:31:54,598 [INFO] ServerAccessManage:473 - Download File updaters.zip
2023-04-18 09:31:54,653 [INFO] FileExtend:240 - Unzip File : updaters.zip
2023-04-18 09:31:54,653 [INFO] FileExtend:255 - Standard Zip Deflate
2023-04-18 09:31:54,994 [INFO] ServerAccessManage:473 - Download File PacksControlFlags.xml
2023-04-18 09:31:55,079 [INFO] ServerAccessManage:473 - Download File cubemx.pidx
2023-04-18 09:31:55,431 [INFO] ServerAccessManage:473 - Download File STMicroelectronics.FP-ATR-ASTRA1.pdsc
2023-04-18 09:31:55,898 [INFO] ServerAccessManage:473 - Download File STMicroelectronics.X-CUBE-FREERTOS.pdsc
2023-04-18 09:31:56,300 [INFO] ServerAccessManage:473 - Download File STMicroelectronics.X-CUBE-SMBUS.pdsc
2023-04-18 09:31:56,769 [ERROR] ServerAccessManage:1089 - Problem, file not found on Server
2023-04-18 09:31:56,866 [INFO] ServerAccessManage:473 - Download File STMicroelectronics.X-CUBE-AZRTOS-H7.pdsc
2023-04-18 09:31:57,252 [WARN] MainUpdater:1187 - Updater busy. Cannot search thirdparties
2023-04-18 09:31:57,261 [INFO] ThirdPartyUpdaterWithRetryManager:96 - Updater plugin is busy. [1/15]
2023-04-18 09:31:57,287 [WARN] PackLoader:240 - Cannot read IP mode file for STMicroelectronics.FP-ATR-ASTRA1.2.0.0
2023-04-18 09:31:57,302 [WARN] PackLoader:240 - Cannot read IP mode file for STMicroelectronics.X-CUBE-FREERTOS.1.0.1
2023-04-18 09:31:57,313 [WARN] PackLoader:240 - Cannot read IP mode file for STMicroelectronics.X-CUBE-SMBUS.2.1.0
2023-04-18 09:31:57,346 [WARN] ConditionMgr:438 - getConditionDescription Invalid condition id : UX DEVICE CLASS RTOS Condition cause : null
2023-04-18 09:31:57,346 [WARN] ConditionMgr:438 - getConditionDescription Invalid condition id : UX DEVICE CLASS RTOS Condition cause : null
2023-04-18 09:31:57,353 [WARN] PackLoader:240 - Cannot read IP mode file for STMicroelectronics.X-CUBE-AZRTOS-H7.3.1.0
2023-04-18 09:31:57,355 [WARN] ConditionMgr:1039 - genDependencies : Invalid condition id : UX DEVICE CLASS RTOS Condition cause : null
2023-04-18 09:31:57,356 [WARN] ConditionMgr:1039 - genDependencies : Invalid condition id : UX DEVICE CLASS RTOS Condition cause : null
2023-04-18 09:31:57,357 [WARN] ConditionMgr:1039 - genDependencies : Invalid condition id : UX DEVICE CLASS RTOS Condition cause : null
2023-04-18 09:31:57,357 [WARN] ConditionMgr:1039 - genDependencies : Invalid condition id : UX DEVICE CLASS RTOS Condition cause : null
2023-04-18 09:31:57,357 [WARN] ConditionMgr:1039 - genDependencies : Invalid condition id : UX DEVICE CLASS RTOS Condition cause : null
2023-04-18 09:31:57,360 [INFO] PopulateThirdPartyThread:66 - Ending populate Thread
2023-04-18 09:31:57,365 [INFO] ThirdParty:1030 - CMSIS Pack Vendor :STMicroelectronics FP-ATR-ASTRA1 2.0.0
2023-04-18 09:31:57,365 [INFO] ThirdParty:1030 - CMSIS Pack Vendor :STMicroelectronics X-CUBE-FREERTOS 1.0.1
2023-04-18 09:31:57,365 [INFO] ThirdParty:1030 - CMSIS Pack Vendor :STMicroelectronics X-CUBE-SMBUS 2.1.0
2023-04-18 09:31:57,365 [INFO] ThirdParty:1030 - CMSIS Pack Vendor :STMicroelectronics X-CUBE-AZRTOS-H7 3.1.0
2023-04-18 09:31:57,366 [INFO] LoadServerUpdatesThread:373 - End of LoadServerUpdate Thread
2023-04-18 09:31:57,428 [INFO] CheckServerUpdateThread:120 - End of CheckServer Thread
2023-04-18 09:31:57,487 [INFO] MainUpdater:2854 - connection check result : 10
2023-04-18 09:31:57,507 [INFO] McuFinderGlobals:66 - Set McuFinderConnectedMode to true
2023-04-18 09:31:57,799 [INFO] ServerAccessManage:473 - Download File mcusAds.json._tmp_
2023-04-18 09:31:57,921 [INFO] LoadUrlFilesThread:156 - End of LoadUrlFiles Thread
2023-04-18 09:31:59,695 [INFO] ServerAccessManage:473 - Download File cube-finder-db.zip
2023-04-18 09:32:00,266 [WARN] MainUpdater:1187 - Updater busy. Cannot search thirdparties
2023-04-18 09:32:00,266 [INFO] ThirdPartyUpdaterWithRetryManager:96 - Updater plugin is busy. [2/15]
2023-04-18 09:32:01,158 [INFO] FileExtend:240 - Unzip File : cube-finder-db.zip
2023-04-18 09:32:01,159 [INFO] FileExtend:255 - Standard Zip Deflate
2023-04-18 09:32:02,078 [INFO] LoadUrlFilesThread:156 - End of LoadUrlFiles Thread
2023-04-18 09:32:03,266 [WARN] MainUpdater:1187 - Updater busy. Cannot search thirdparties
2023-04-18 09:32:03,266 [INFO] ThirdPartyUpdaterWithRetryManager:96 - Updater plugin is busy. [3/15]
2023-04-18 09:32:03,291 [INFO] ServerAccessManage:473 - Download File crdb.zip
2023-04-18 09:32:04,617 [INFO] FileExtend:240 - Unzip File : crdb.zip
2023-04-18 09:32:04,619 [INFO] FileExtend:255 - Standard Zip Deflate
2023-04-18 09:32:04,751 [INFO] LoadUrlFilesThread:156 - End of LoadUrlFiles Thread
2023-04-18 09:32:06,275 [WARN] MainUpdater:1187 - Updater busy. Cannot search thirdparties
2023-04-18 09:32:06,275 [INFO] ThirdPartyUpdaterWithRetryManager:96 - Updater plugin is busy. [4/15]
2023-04-18 09:32:06,533 [INFO] ServerAccessManage:473 - Download File tutoVideoDB.zip
2023-04-18 09:32:06,541 [INFO] FileExtend:240 - Unzip File : tutoVideoDB.zip
2023-04-18 09:32:06,541 [INFO] FileExtend:255 - Standard Zip Deflate
2023-04-18 09:32:06,666 [INFO] LoadUrlFilesThread:156 - End of LoadUrlFiles Thread
2023-04-18 09:32:06,673 [WARN] DbFile:41 - Overriding database path with different value: C:\Users\user\.stmcufinder\plugins\mcufinder/ => C:\Users\user\.stmcufinder\plugins\mcufinder
2023-04-18 09:32:07,583 [INFO] ServerAccessManage:473 - Download File api_config.json
2023-04-18 09:32:07,694 [INFO] LoadUrlFilesThread:156 - End of LoadUrlFiles Thread
2023-04-18 09:32:07,695 [INFO] DbMcusAds:53 - JSON generation date=Tue Mar 07 15:50:55 ICT 2023 (1678179055335)
2023-04-18 09:32:07,720 [INFO] LoadUrlFilesThread:185 - End of LoadServerUrlFiles without Thread
2023-04-18 09:32:07,720 [INFO] TargetSelectorAdapter:259 - Refresh data is successful
2023-04-18 09:32:07,849 [INFO] ApiDb:581 - Connected to CubeFinder SQLite database (C:\Users\user\.stmcufinder\plugins\mcufinder\mcu\cube-finder-db.db)
2023-04-18 09:32:07,916 [INFO] ApiDb:668 - CubeFinder database Data Model version=2.1
2023-04-18 09:32:07,918 [INFO] ApiDb:669 - CubeFinder database Configuration version=3.0.35
2023-04-18 09:32:07,919 [INFO] ApiDb:670 - CubeFinder database generation date=2023-03-10 (1678456172)
2023-04-18 09:32:07,919 [INFO] ApiDb:671 - CubeFinder database FW Pack versions=[FP-ATR-ASTRA1_V1.1.1, STM32Cube_FW_C0_V1.0.1, STM32Cube_FW_F0_V1.11.4, STM32Cube_FW_F3_V1.11.4, STM32Cube_FW_F4_V1.27.1, STM32Cube_FW_F7_V1.17.0, STM32Cube_FW_G0_V1.6.1, STM32Cube_FW_G4_V1.5.1, STM32Cube_FW_H5_V0.5.1, STM32Cube_FW_H5_V1.0.0, STM32Cube_FW_H7_V1.11.0, STM32Cube_FW_L0_V1.12.2, STM32Cube_FW_L5_V1.5.0, STM32Cube_FW_U5_V1.2.0, STM32Cube_FW_WBA_V1.0.0, STM32Cube_FW_WBA_V1.0.0RC1, STM32Cube_FW_WBA_V1.0.0RC3, STM32Cube_FW_WB_V1.15.0RC1, STM32Cube_FW_WB_V1.16.0, STM32Cube_FW_WB_V1.16.0RC2, STM32Cube_FW_WL_V1.3.0, X-CUBE-ALGOBUILD_V1.3.0, X-CUBE-ALS_V1.0.1, X-CUBE-AZRTOS-F4_V1.1.0, X-CUBE-AZRTOS-F7_V1.1.0, X-CUBE-AZRTOS-G0_V1.1.0, X-CUBE-AZRTOS-G4_V1.0.0, X-CUBE-AZRTOS-H7_V3.0.0, X-CUBE-AZRTOS-L4_V1.0.0, X-CUBE-AZRTOS-L5_V1.1.0, X-CUBE-AZRTOS-WB_V1.1.0, X-CUBE-AZRTOS-WL_V1.0.0, X-CUBE-BLE1_V6.2.4, X-CUBE-BLE2_V3.3.0, X-CUBE-BLEMGR_V1.3.0, X-CUBE-EEPRMA1_V4.1.0, X-CUBE-GNSS1_V6.0.0, X-CUBE-MEMS1_V9.1.0, X-CUBE-MEMS1_V9.4.0, X-CUBE-MEMS1_V9.5.0, X-CUBE-NFC4_V3.0.0, X-CUBE-NFC7_V1.0.0, X-CUBE-SFXS2LP1_V4.0.0, X-CUBE-SUBG2_V5.0.0]
2023-04-18 09:32:09,559 [WARN] PackLoader:240 - Cannot read IP mode file for STMicroelectronics.X-CUBE-GNSS1.6.0.0
2023-04-18 09:32:09,657 [WARN] PackLoader:240 - Cannot read IP mode file for STMicroelectronics.X-CUBE-AZRTOS-F4.1.1.0
2023-04-18 09:32:09,674 [WARN] PackLoader:240 - Cannot read IP mode file for STMicroelectronics.X-CUBE-SMBUS.2.1.0
2023-04-18 09:32:09,736 [WARN] PackLoader:240 - Cannot read IP mode file for STMicroelectronics.X-CUBE-AZRTOS-F7.1.1.0
2023-04-18 09:32:09,870 [WARN] PackLoader:240 - Cannot read IP mode file for STMicroelectronics.X-CUBE-BLE1.6.2.4
2023-04-18 09:32:09,885 [WARN] PackLoader:240 - Cannot read IP mode file for emotas.I-CUBE-CANOPEN.1.1.3
2023-04-18 09:32:10,095 [WARN] PackLoader:240 - Cannot read IP mode file for STMicroelectronics.X-CUBE-BLEMGR.2.0.0
2023-04-18 09:32:10,182 [WARN] ConditionMgr:438 - getConditionDescription Invalid condition id : UX DEVICE CLASS RTOS Condition cause : null
2023-04-18 09:32:10,183 [WARN] ConditionMgr:438 - getConditionDescription Invalid condition id : UX DEVICE CLASS RTOS Condition cause : null
2023-04-18 09:32:10,191 [WARN] PackLoader:240 - Cannot read IP mode file for STMicroelectronics.X-CUBE-AZRTOS-H7.3.1.0
2023-04-18 09:32:10,194 [WARN] ConditionMgr:1039 - genDependencies : Invalid condition id : UX DEVICE CLASS RTOS Condition cause : null
2023-04-18 09:32:10,194 [WARN] ConditionMgr:1039 - genDependencies : Invalid condition id : UX DEVICE CLASS RTOS Condition cause : null
2023-04-18 09:32:10,195 [WARN] ConditionMgr:1039 - genDependencies : Invalid condition id : UX DEVICE CLASS RTOS Condition cause : null
2023-04-18 09:32:10,195 [WARN] ConditionMgr:1039 - genDependencies : Invalid condition id : UX DEVICE CLASS RTOS Condition cause : null
2023-04-18 09:32:10,195 [WARN] ConditionMgr:1039 - genDependencies : Invalid condition id : UX DEVICE CLASS RTOS Condition cause : null
2023-04-18 09:32:10,207 [WARN] PackLoader:240 - Cannot read IP mode file for STMicroelectronics.X-CUBE-DISPLAY.3.0.0
2023-04-18 09:32:10,338 [WARN] PackLoader:240 - Cannot read IP mode file for wolfSSL.I-CUBE-wolfSSL.5.5.4
2023-04-18 09:32:10,446 [WARN] PackLoader:240 - Cannot read IP mode file for STMicroelectronics.X-CUBE-NFC7.1.0.0
2023-04-18 09:32:10,462 [WARN] PackLoader:240 - Cannot read IP mode file for STMicroelectronics.X-CUBE-EEPRMA1.4.1.0
2023-04-18 09:32:10,491 [WARN] PackLoader:240 - Cannot read IP mode file for WES.I-CUBE-Cesium.1.3.0
2023-04-18 09:32:10,515 [WARN] PackLoader:240 - Cannot read IP mode file for STMicroelectronics.X-CUBE-SFXS2LP1.4.0.0
2023-04-18 09:32:10,572 [WARN] PackLoader:240 - Cannot read IP mode file for STMicroelectronics.X-CUBE-BLE2.3.3.0
2023-04-18 09:32:10,596 [INFO] ApiDb:240 - Found 297 in-development CPN: [B-G473E-ZEST1S, B-WB1M-WPAN1, B-WL5M-SUBG1, NUCLEO-C031C6, NUCLEO-H503RB, NUCLEO-H563ZI, NUCLEO-U545RE-Q, NUCLEO-U5A5ZJ-Q, NUCLEO-WBA52CG, STEVAL-PROTEUS1, STEVAL-STWINBX1, STM320518-EVAL, STM32C0116-DK, STM32C011D6Y3TR, STM32C011D6Y6TR, STM32C011F4P3, STM32C011F4P6, STM32C011F4U3, STM32C011F4U6TR, STM32C011F6P3, STM32C011F6P6, STM32C011F6U3, STM32C011F6U6TR, STM32C011J4M3, STM32C011J4M6, STM32C011J6M3, STM32C011J6M6, STM32C0316-DK, STM32C031C4T3, STM32C031C4T6, STM32C031C4U3, STM32C031C4U6, STM32C031C6T3, STM32C031C6T6, STM32C031C6U3, STM32C031C6U6, STM32C031F4P3, STM32C031F4P6, STM32C031F6P3, STM32C031F6P6, STM32C031G4U3, STM32C031G4U6, STM32C031G6U3, STM32C031G6U6, STM32C031K4T3, STM32C031K4T6, STM32C031K4U3, STM32C031K4U6, STM32C031K6T3, STM32C031K6T6, STM32C031K6U3, STM32C031K6U6, STM32G071K8TXN, STM32G071K8UXN, STM32G081GBU6N, STM32G081KBT6N, STM32G081KBUXN, STM32G0B1CCT6N, STM32G0B1KCT6, STM32G0B1NEY6TR, STM32G0B1RCT6N, STM32G0C1CCT6, STM32G0C1CCT6N, STM32G0C1CCU6N, STM32G0C1CET6N, STM32G0C1CEU6N, STM32G0C1KCT6, STM32G0C1NEY6TR, STM32G0C1RCI6N, STM32G0C1RCT6N, STM32G0C1REI6N, STM32G0C1RET6N, STM32G0C1VCI6, STM32G0C1VEI6, STM32G471CCT6, STM32G471CCU6, STM32G471CET3, STM32G471CET6, STM32G471CEU3, STM32G471CEU6, STM32G471MCT6, STM32G471MET3, STM32G471MET6, STM32G471MEY6TR, STM32G471QCT6, STM32G471QET3, STM32G471RCT6, STM32G471RET3, STM32G471RET6, STM32G471VCH6, STM32G471VCI6, STM32G471VCT6, STM32G471VEH3, STM32G471VEH6, STM32G471VEI3, STM32G471VEI6, STM32G471VET3, STM32G471VET6, STM32G474CCT6, STM32H503CBT6, STM32H503CBU6, STM32H503EBY6TR, STM32H503KBU6, STM32H503RBT6, STM32H562AGI6, STM32H562AII6, STM32H562IGK6, STM32H562IGT6, STM32H562IIK6, STM32H562IIT6, STM32H562RGT6, STM32H562RGV6, STM32H562RIT6, STM32H562RIV6, STM32H562VGT6, STM32H562VIT6, STM32H562ZGT6, STM32H562ZIT6, STM32H563AGI6, STM32H563AII3Q, STM32H563AII6, STM32H563IGK6, STM32H563IGT6, STM32H563IIK3Q, STM32H563IIK6, STM32H563IIT3Q, STM32H563IIT6, STM32H563MIY3QTR, STM32H563RGT6, STM32H563RGV6, STM32H563RIT6, STM32H563RIV6, STM32H563VGT6, STM32H563VIT3Q, STM32H563VIT6, STM32H563ZGT6, STM32H563ZIT3Q, STM32H563ZIT6, STM32H573AII3Q, STM32H573AII6, STM32H573I-DK, STM32H573IIK3Q, STM32H573IIK6, STM32H573IIT3Q, STM32H573IIT6, STM32H573MIY3QTR, STM32H573RIT6, STM32H573RIV6, STM32H573VIT3Q, STM32H573VIT6, STM32H573ZIT3Q, STM32H573ZIT6, STM32L4R5QGI6STR, STM32MP131AAE3, STM32MP131AAF3, STM32MP131AAG3, STM32MP131CAE3, STM32MP131CAF3, STM32MP131CAG3, STM32MP131DAE7, STM32MP131DAF7, STM32MP131DAG7, STM32MP131FAE7, STM32MP131FAF7, STM32MP131FAG7, STM32MP133AAE3, STM32MP133AAF3, STM32MP133AAG3, STM32MP133CAE3, STM32MP133CAF3, STM32MP133CAG3, STM32MP133DAE7, STM32MP133DAF7, STM32MP133DAG7, STM32MP133FAE7, STM32MP133FAF7, STM32MP133FAG7, STM32MP135AAE3, STM32MP135AAF3, STM32MP135AAG3, STM32MP135CAE3, STM32MP135CAF3, STM32MP135CAG3, STM32MP135DAE7, STM32MP135DAF7, STM32MP135DAG7, STM32MP135F-DK, STM32MP135FAE7, STM32MP135FAF7, STM32MP135FAF7T, STM32MP135FAF7U, STM32MP135FAG7, STM32U535CBT6, STM32U535CBT6Q, STM32U535CBU6, STM32U535CBU6Q, STM32U535CCT6, STM32U535CCT6Q, STM32U535CCU6, STM32U535CCU6Q, STM32U535CET6, STM32U535CET6Q, STM32U535CEU6, STM32U535CEU6Q, STM32U535JEY6QTR, STM32U535NCY6QTR, STM32U535NEY6QTR, STM32U535RBI6, STM32U535RBI6Q, STM32U535RBT6, STM32U535RBT6Q, STM32U535RCI6, STM32U535RCI6Q, STM32U535RCT6, STM32U535RCT6Q, STM32U535REI6, STM32U535REI6Q, STM32U535RET6, STM32U535RET6Q, STM32U535VCI6, STM32U535VCI6Q, STM32U535VCT6, STM32U535VCT6Q, STM32U535VEI6, STM32U535VEI6Q, STM32U535VET6, STM32U535VET6Q, STM32U545CET6, STM32U545CET6Q, STM32U545CEU6, STM32U545CEU6Q, STM32U545JEY6QTR, STM32U545NEY6QTR, STM32U545REI6, STM32U545REI6Q, STM32U545RET6, STM32U545RET6Q, STM32U545VEI6, STM32U545VEI6Q, STM32U545VET6, STM32U545VET6Q, STM32U595AIH6, STM32U595AIH6Q, STM32U595AJH6, STM32U595AJH6Q, STM32U595QII6, STM32U595QII6Q, STM32U595QJI6, STM32U595QJI6Q, STM32U595RIT6, STM32U595RIT6Q, STM32U595RJT6, STM32U595RJT6Q, STM32U595VIT6, STM32U595VIT6Q, STM32U595VJT6, STM32U595VJT6Q, STM32U595ZIT6, STM32U595ZIT6Q, STM32U595ZIY6QTR, STM32U595ZJT6, STM32U595ZJT6Q, STM32U595ZJY6QTR, STM32U599BJY6QTR, STM32U599NIH6Q, STM32U599NJH6Q, STM32U599VIT6Q, STM32U599VJT6, STM32U599VJT6Q, STM32U599ZIT6Q, STM32U599ZIY6QTR, STM32U599ZJT6Q, STM32U599ZJY6QTR, STM32U5A5AJH6, STM32U5A5AJH6Q, STM32U5A5QJI6, STM32U5A5QJI6Q, STM32U5A5RJT6, STM32U5A5RJT6Q, STM32U5A5VJT6, STM32U5A5VJT6Q, STM32U5A5ZJT6, STM32U5A5ZJT6Q, STM32U5A5ZJY6QTR, STM32U5A9BJY6QTR, STM32U5A9J-DK, STM32U5A9NJH6Q, STM32U5A9VJT6Q, STM32U5A9ZJT6Q, STM32U5A9ZJY6QTR, STM32WB1MMCH6, STM32WBA52CEU6, STM32WBA52CEU6T, STM32WBA52CGU6, STM32WBA52CGU6T, STM32WL5MOCH6, STM32WL5MOCH6TR]
2023-04-18 09:32:10,661 [INFO] DbMcus:216 - Found 3775 MCUs, 3775 are supported
2023-04-18 09:32:10,692 [WARN] PackLoader:240 - Cannot read IP mode file for STMicroelectronics.X-CUBE-TOF1.3.2.0
2023-04-18 09:32:10,752 [INFO] ApiDb:423 - Load user favorites file C:\Users\user/.stm32cubeide/favorites.mcus.txt: 2 item(s)
2023-04-18 09:32:10,753 [INFO] ApiDb:427 - User favorites MCUs=[STM32F103C8T6, STM32H750VBT6]
2023-04-18 09:32:10,753 [INFO] DbMcus:222 - Set 2 / 2 favorites MCUs
2023-04-18 09:32:10,789 [WARN] PackLoader:240 - Cannot read IP mode file for STMicroelectronics.X-CUBE-AZRTOS-H7.3.0.0
2023-04-18 09:32:10,877 [WARN] PackLoader:240 - Cannot read IP mode file for STMicroelectronics.X-CUBE-ISPU.1.1.0
2023-04-18 09:32:10,895 [WARN] PackLoader:240 - Cannot read IP mode file for RoweBots.I-CUBE-UNISONRTOS.5.5.0-4
2023-04-18 09:32:10,914 [WARN] PackLoader:240 - Cannot read IP mode file for STMicroelectronics.X-CUBE-AI.8.0.0
2023-04-18 09:32:10,921 [WARN] PackLoader:240 - Cannot read IP mode file for STMicroelectronics.X-CUBE-FREERTOS.1.0.0
2023-04-18 09:32:10,924 [WARN] PackLoader:240 - Cannot read IP mode file for STMicroelectronics.X-CUBE-FREERTOS.1.0.1
2023-04-18 09:32:10,936 [WARN] PackLoader:240 - Cannot read IP mode file for STMicroelectronics.X-CUBE-TOUCHGFX.4.21.1
2023-04-18 09:32:10,947 [WARN] PackLoader:240 - Cannot read IP mode file for STMicroelectronics.X-CUBE-TOUCHGFX.4.21.3
2023-04-18 09:32:10,995 [WARN] PackLoader:240 - Cannot read IP mode file for STMicroelectronics.X-CUBE-ALGOBUILD.1.3.0
2023-04-18 09:32:11,080 [WARN] PackLoader:240 - Cannot read IP mode file for STMicroelectronics.X-CUBE-AZRTOS-L5.1.1.0
2023-04-18 09:32:11,097 [WARN] PackLoader:240 - Cannot read IP mode file for STMicroelectronics.X-CUBE-AZRTOS-G0.1.1.0
2023-04-18 09:32:11,164 [WARN] PackLoader:240 - Cannot read IP mode file for STMicroelectronics.X-CUBE-SUBG2.5.0.0
2023-04-18 09:32:11,176 [ERROR] LogOutputStream:75 - [STDERR_REDIRECT] SLF4J: Failed to load class "org.slf4j.impl.StaticLoggerBinder".
2023-04-18 09:32:11,177 [ERROR] LogOutputStream:75 - [STDERR_REDIRECT] SLF4J: Defaulting to no-operation (NOP) logger implementation
2023-04-18 09:32:11,178 [ERROR] LogOutputStream:75 - [STDERR_REDIRECT] SLF4J: See http://www.slf4j.org/codes.html#StaticLoggerBinder for further details.
2023-04-18 09:32:11,214 [WARN] PackLoader:240 - Cannot read IP mode file for STMicroelectronics.X-CUBE-NFC4.3.0.0
2023-04-18 09:32:11,291 [WARN] PackLoader:240 - Cannot read IP mode file for STMicroelectronics.X-CUBE-TOF1.3.3.0
2023-04-18 09:32:11,307 [WARN] PackLoader:240 - Cannot read IP mode file for STMicroelectronics.FP-ATR-ASTRA1.1.1.1
2023-04-18 09:32:11,341 [WARN] PackLoader:240 - Cannot read IP mode file for STMicroelectronics.X-CUBE-AZRTOS-G4.1.0.0
2023-04-18 09:32:11,359 [WARN] PackLoader:240 - Cannot read IP mode file for STMicroelectronics.FP-ATR-SIGFOX1.3.2.0
2023-04-18 09:32:11,421 [WARN] PackLoader:240 - Cannot read IP mode file for STMicroelectronics.X-CUBE-AZRTOS-L4.1.0.0
2023-04-18 09:32:11,425 [INFO] ApiDb:668 - CubeFinder database Data Model version=2.1
2023-04-18 09:32:11,426 [INFO] ApiDb:669 - CubeFinder database Configuration version=3.0.35
2023-04-18 09:32:11,426 [INFO] ApiDb:670 - CubeFinder database generation date=2023-03-10 (1678456172)
2023-04-18 09:32:11,426 [INFO] ApiDb:671 - CubeFinder database FW Pack versions=[FP-ATR-ASTRA1_V1.1.1, STM32Cube_FW_C0_V1.0.1, STM32Cube_FW_F0_V1.11.4, STM32Cube_FW_F3_V1.11.4, STM32Cube_FW_F4_V1.27.1, STM32Cube_FW_F7_V1.17.0, STM32Cube_FW_G0_V1.6.1, STM32Cube_FW_G4_V1.5.1, STM32Cube_FW_H5_V0.5.1, STM32Cube_FW_H5_V1.0.0, STM32Cube_FW_H7_V1.11.0, STM32Cube_FW_L0_V1.12.2, STM32Cube_FW_L5_V1.5.0, STM32Cube_FW_U5_V1.2.0, STM32Cube_FW_WBA_V1.0.0, STM32Cube_FW_WBA_V1.0.0RC1, STM32Cube_FW_WBA_V1.0.0RC3, STM32Cube_FW_WB_V1.15.0RC1, STM32Cube_FW_WB_V1.16.0, STM32Cube_FW_WB_V1.16.0RC2, STM32Cube_FW_WL_V1.3.0, X-CUBE-ALGOBUILD_V1.3.0, X-CUBE-ALS_V1.0.1, X-CUBE-AZRTOS-F4_V1.1.0, X-CUBE-AZRTOS-F7_V1.1.0, X-CUBE-AZRTOS-G0_V1.1.0, X-CUBE-AZRTOS-G4_V1.0.0, X-CUBE-AZRTOS-H7_V3.0.0, X-CUBE-AZRTOS-L4_V1.0.0, X-CUBE-AZRTOS-L5_V1.1.0, X-CUBE-AZRTOS-WB_V1.1.0, X-CUBE-AZRTOS-WL_V1.0.0, X-CUBE-BLE1_V6.2.4, X-CUBE-BLE2_V3.3.0, X-CUBE-BLEMGR_V1.3.0, X-CUBE-EEPRMA1_V4.1.0, X-CUBE-GNSS1_V6.0.0, X-CUBE-MEMS1_V9.1.0, X-CUBE-MEMS1_V9.4.0, X-CUBE-MEMS1_V9.5.0, X-CUBE-NFC4_V3.0.0, X-CUBE-NFC7_V1.0.0, X-CUBE-SFXS2LP1_V4.0.0, X-CUBE-SUBG2_V5.0.0]
2023-04-18 09:32:11,438 [WARN] PackLoader:240 - Cannot read IP mode file for STMicroelectronics.X-CUBE-AZRTOS-WL.1.0.0
2023-04-18 09:32:11,450 [WARN] PackLoader:240 - Cannot read IP mode file for portGmbH.I-Cube-SoM-uGOAL.1.1.0
2023-04-18 09:32:11,462 [WARN] PackLoader:240 - Cannot read IP mode file for STMicroelectronics.X-CUBE-ALS.1.0.1
2023-04-18 09:32:11,592 [INFO] DbBoardsSqlite:226 - include board P-NUCLEO-WB55-NUCLEO as a kit item of type 'Nucleo-64'
2023-04-18 09:32:11,593 [INFO] DbBoardsSqlite:226 - include board P-NUCLEO-WB55-USBDONGLE as a kit item of type 'Nucleo USB Dongle'
2023-04-18 09:32:11,593 [INFO] DbBoardsSqlite:226 - include board STEVAL-IDP005V1 as a kit item of type 'Evaluation Board'
2023-04-18 09:32:11,594 [INFO] DbBoardsSqlite:226 - include board STEVAL-IDP005V2 as a kit item of type 'Evaluation Board'
2023-04-18 09:32:11,595 [WARN] PackLoader:240 - Cannot read IP mode file for STMicroelectronics.X-CUBE-MEMS1.9.5.0
2023-04-18 09:32:11,889 [INFO] ApiDb:240 - Found 297 in-development CPN: [B-G473E-ZEST1S, B-WB1M-WPAN1, B-WL5M-SUBG1, NUCLEO-C031C6, NUCLEO-H503RB, NUCLEO-H563ZI, NUCLEO-U545RE-Q, NUCLEO-U5A5ZJ-Q, NUCLEO-WBA52CG, STEVAL-PROTEUS1, STEVAL-STWINBX1, STM320518-EVAL, STM32C0116-DK, STM32C011D6Y3TR, STM32C011D6Y6TR, STM32C011F4P3, STM32C011F4P6, STM32C011F4U3, STM32C011F4U6TR, STM32C011F6P3, STM32C011F6P6, STM32C011F6U3, STM32C011F6U6TR, STM32C011J4M3, STM32C011J4M6, STM32C011J6M3, STM32C011J6M6, STM32C0316-DK, STM32C031C4T3, STM32C031C4T6, STM32C031C4U3, STM32C031C4U6, STM32C031C6T3, STM32C031C6T6, STM32C031C6U3, STM32C031C6U6, STM32C031F4P3, STM32C031F4P6, STM32C031F6P3, STM32C031F6P6, STM32C031G4U3, STM32C031G4U6, STM32C031G6U3, STM32C031G6U6, STM32C031K4T3, STM32C031K4T6, STM32C031K4U3, STM32C031K4U6, STM32C031K6T3, STM32C031K6T6, STM32C031K6U3, STM32C031K6U6, STM32G071K8TXN, STM32G071K8UXN, STM32G081GBU6N, STM32G081KBT6N, STM32G081KBUXN, STM32G0B1CCT6N, STM32G0B1KCT6, STM32G0B1NEY6TR, STM32G0B1RCT6N, STM32G0C1CCT6, STM32G0C1CCT6N, STM32G0C1CCU6N, STM32G0C1CET6N, STM32G0C1CEU6N, STM32G0C1KCT6, STM32G0C1NEY6TR, STM32G0C1RCI6N, STM32G0C1RCT6N, STM32G0C1REI6N, STM32G0C1RET6N, STM32G0C1VCI6, STM32G0C1VEI6, STM32G471CCT6, STM32G471CCU6, STM32G471CET3, STM32G471CET6, STM32G471CEU3, STM32G471CEU6, STM32G471MCT6, STM32G471MET3, STM32G471MET6, STM32G471MEY6TR, STM32G471QCT6, STM32G471QET3, STM32G471RCT6, STM32G471RET3, STM32G471RET6, STM32G471VCH6, STM32G471VCI6, STM32G471VCT6, STM32G471VEH3, STM32G471VEH6, STM32G471VEI3, STM32G471VEI6, STM32G471VET3, STM32G471VET6, STM32G474CCT6, STM32H503CBT6, STM32H503CBU6, STM32H503EBY6TR, STM32H503KBU6, STM32H503RBT6, STM32H562AGI6, STM32H562AII6, STM32H562IGK6, STM32H562IGT6, STM32H562IIK6, STM32H562IIT6, STM32H562RGT6, STM32H562RGV6, STM32H562RIT6, STM32H562RIV6, STM32H562VGT6, STM32H562VIT6, STM32H562ZGT6, STM32H562ZIT6, STM32H563AGI6, STM32H563AII3Q, STM32H563AII6, STM32H563IGK6, STM32H563IGT6, STM32H563IIK3Q, STM32H563IIK6, STM32H563IIT3Q, STM32H563IIT6, STM32H563MIY3QTR, STM32H563RGT6, STM32H563RGV6, STM32H563RIT6, STM32H563RIV6, STM32H563VGT6, STM32H563VIT3Q, STM32H563VIT6, STM32H563ZGT6, STM32H563ZIT3Q, STM32H563ZIT6, STM32H573AII3Q, STM32H573AII6, STM32H573I-DK, STM32H573IIK3Q, STM32H573IIK6, STM32H573IIT3Q, STM32H573IIT6, STM32H573MIY3QTR, STM32H573RIT6, STM32H573RIV6, STM32H573VIT3Q, STM32H573VIT6, STM32H573ZIT3Q, STM32H573ZIT6, STM32L4R5QGI6STR, STM32MP131AAE3, STM32MP131AAF3, STM32MP131AAG3, STM32MP131CAE3, STM32MP131CAF3, STM32MP131CAG3, STM32MP131DAE7, STM32MP131DAF7, STM32MP131DAG7, STM32MP131FAE7, STM32MP131FAF7, STM32MP131FAG7, STM32MP133AAE3, STM32MP133AAF3, STM32MP133AAG3, STM32MP133CAE3, STM32MP133CAF3, STM32MP133CAG3, STM32MP133DAE7, STM32MP133DAF7, STM32MP133DAG7, STM32MP133FAE7, STM32MP133FAF7, STM32MP133FAG7, STM32MP135AAE3, STM32MP135AAF3, STM32MP135AAG3, STM32MP135CAE3, STM32MP135CAF3, STM32MP135CAG3, STM32MP135DAE7, STM32MP135DAF7, STM32MP135DAG7, STM32MP135F-DK, STM32MP135FAE7, STM32MP135FAF7, STM32MP135FAF7T, STM32MP135FAF7U, STM32MP135FAG7, STM32U535CBT6, STM32U535CBT6Q, STM32U535CBU6, STM32U535CBU6Q, STM32U535CCT6, STM32U535CCT6Q, STM32U535CCU6, STM32U535CCU6Q, STM32U535CET6, STM32U535CET6Q, STM32U535CEU6, STM32U535CEU6Q, STM32U535JEY6QTR, STM32U535NCY6QTR, STM32U535NEY6QTR, STM32U535RBI6, STM32U535RBI6Q, STM32U535RBT6, STM32U535RBT6Q, STM32U535RCI6, STM32U535RCI6Q, STM32U535RCT6, STM32U535RCT6Q, STM32U535REI6, STM32U535REI6Q, STM32U535RET6, STM32U535RET6Q, STM32U535VCI6, STM32U535VCI6Q, STM32U535VCT6, STM32U535VCT6Q, STM32U535VEI6, STM32U535VEI6Q, STM32U535VET6, STM32U535VET6Q, STM32U545CET6, STM32U545CET6Q, STM32U545CEU6, STM32U545CEU6Q, STM32U545JEY6QTR, STM32U545NEY6QTR, STM32U545REI6, STM32U545REI6Q, STM32U545RET6, STM32U545RET6Q, STM32U545VEI6, STM32U545VEI6Q, STM32U545VET6, STM32U545VET6Q, STM32U595AIH6, STM32U595AIH6Q, STM32U595AJH6, STM32U595AJH6Q, STM32U595QII6, STM32U595QII6Q, STM32U595QJI6, STM32U595QJI6Q, STM32U595RIT6, STM32U595RIT6Q, STM32U595RJT6, STM32U595RJT6Q, STM32U595VIT6, STM32U595VIT6Q, STM32U595VJT6, STM32U595VJT6Q, STM32U595ZIT6, STM32U595ZIT6Q, STM32U595ZIY6QTR, STM32U595ZJT6, STM32U595ZJT6Q, STM32U595ZJY6QTR, STM32U599BJY6QTR, STM32U599NIH6Q, STM32U599NJH6Q, STM32U599VIT6Q, STM32U599VJT6, STM32U599VJT6Q, STM32U599ZIT6Q, STM32U599ZIY6QTR, STM32U599ZJT6Q, STM32U599ZJY6QTR, STM32U5A5AJH6, STM32U5A5AJH6Q, STM32U5A5QJI6, STM32U5A5QJI6Q, STM32U5A5RJT6, STM32U5A5RJT6Q, STM32U5A5VJT6, STM32U5A5VJT6Q, STM32U5A5ZJT6, STM32U5A5ZJT6Q, STM32U5A5ZJY6QTR, STM32U5A9BJY6QTR, STM32U5A9J-DK, STM32U5A9NJH6Q, STM32U5A9VJT6Q, STM32U5A9ZJT6Q, STM32U5A9ZJY6QTR, STM32WB1MMCH6, STM32WBA52CEU6, STM32WBA52CEU6T, STM32WBA52CGU6, STM32WBA52CGU6T, STM32WL5MOCH6, STM32WL5MOCH6TR]
2023-04-18 09:32:11,936 [WARN] PackLoader:240 - Cannot read IP mode file for STMicroelectronics.X-CUBE-AZRTOS-WB.1.1.0
2023-04-18 09:32:11,981 [WARN] PackLoader:240 - Cannot read IP mode file for SEGGER.I-CUBE-embOS.1.3.1
2023-04-18 09:32:12,038 [WARN] PackLoader:240 - Cannot read IP mode file for STMicroelectronics.FP-ATR-ASTRA1.2.0.0
2023-04-18 09:32:12,039 [INFO] ThirdParty:978 - Integrity check success = true
2023-04-18 09:32:12,039 [INFO] IntegrityCheckThread:100 - exiting critical section [integrity check]
2023-04-18 09:32:12,039 [INFO] IntegrityCheckThread:103 - End integrity checks thread
2023-04-18 09:32:12,121 [INFO] BoardInfo:880 - No configuration file found for board P-NUCLEO-WB55
2023-04-18 09:32:12,121 [INFO] DbBoards:157 - Kit is not supported: P-NUCLEO-WB55
2023-04-18 09:32:12,127 [INFO] BoardInfo:880 - No configuration file found for board STEVAL-BFA001V1B
2023-04-18 09:32:12,127 [INFO] DbBoards:157 - Kit is not supported: STEVAL-BFA001V1B
2023-04-18 09:32:12,129 [INFO] BoardInfo:880 - No configuration file found for board STEVAL-BFA001V2B
2023-04-18 09:32:12,129 [INFO] DbBoards:157 - Kit is not supported: STEVAL-BFA001V2B
2023-04-18 09:32:12,269 [INFO] DbBoards:161 - Found 187 boards, 184 are supported
2023-04-18 09:32:12,272 [INFO] ApiDb:423 - Load user favorites file C:\Users\user/.stm32cubeide/favorites.boards.txt: 0 item(s)
2023-04-18 09:32:12,272 [INFO] ApiDb:427 - User favorites Boards=[]
2023-04-18 09:32:12,272 [INFO] DbBoards:190 - Set 0 / 0 favorites Boards
2023-04-18 09:32:12,276 [INFO] ApiDb:668 - CubeFinder database Data Model version=2.1
2023-04-18 09:32:12,276 [INFO] ApiDb:669 - CubeFinder database Configuration version=3.0.35
2023-04-18 09:32:12,276 [INFO] ApiDb:670 - CubeFinder database generation date=2023-03-10 (1678456172)
2023-04-18 09:32:12,276 [INFO] ApiDb:671 - CubeFinder database FW Pack versions=[FP-ATR-ASTRA1_V1.1.1, STM32Cube_FW_C0_V1.0.1, STM32Cube_FW_F0_V1.11.4, STM32Cube_FW_F3_V1.11.4, STM32Cube_FW_F4_V1.27.1, STM32Cube_FW_F7_V1.17.0, STM32Cube_FW_G0_V1.6.1, STM32Cube_FW_G4_V1.5.1, STM32Cube_FW_H5_V0.5.1, STM32Cube_FW_H5_V1.0.0, STM32Cube_FW_H7_V1.11.0, STM32Cube_FW_L0_V1.12.2, STM32Cube_FW_L5_V1.5.0, STM32Cube_FW_U5_V1.2.0, STM32Cube_FW_WBA_V1.0.0, STM32Cube_FW_WBA_V1.0.0RC1, STM32Cube_FW_WBA_V1.0.0RC3, STM32Cube_FW_WB_V1.15.0RC1, STM32Cube_FW_WB_V1.16.0, STM32Cube_FW_WB_V1.16.0RC2, STM32Cube_FW_WL_V1.3.0, X-CUBE-ALGOBUILD_V1.3.0, X-CUBE-ALS_V1.0.1, X-CUBE-AZRTOS-F4_V1.1.0, X-CUBE-AZRTOS-F7_V1.1.0, X-CUBE-AZRTOS-G0_V1.1.0, X-CUBE-AZRTOS-G4_V1.0.0, X-CUBE-AZRTOS-H7_V3.0.0, X-CUBE-AZRTOS-L4_V1.0.0, X-CUBE-AZRTOS-L5_V1.1.0, X-CUBE-AZRTOS-WB_V1.1.0, X-CUBE-AZRTOS-WL_V1.0.0, X-CUBE-BLE1_V6.2.4, X-CUBE-BLE2_V3.3.0, X-CUBE-BLEMGR_V1.3.0, X-CUBE-EEPRMA1_V4.1.0, X-CUBE-GNSS1_V6.0.0, X-CUBE-MEMS1_V9.1.0, X-CUBE-MEMS1_V9.4.0, X-CUBE-MEMS1_V9.5.0, X-CUBE-NFC4_V3.0.0, X-CUBE-NFC7_V1.0.0, X-CUBE-SFXS2LP1_V4.0.0, X-CUBE-SUBG2_V5.0.0]
2023-04-18 09:32:13,803 [INFO] DbExamplesSqlite:376 - Ignored 46 examples not supported by CubeIDE
2023-04-18 09:32:13,803 [INFO] DbExamplesSqlite:377 - Found 7328 examples active
2023-04-18 09:32:13,803 [INFO] DbExamplesSqlite:378 - Found 1095 examples obsolete
2023-04-18 09:32:13,803 [INFO] DbExamplesSqlite:379 - Found 0 examples under development
2023-04-18 09:32:13,803 [INFO] DbExamplesSqlite:380 - Found 77 examples not building
2023-04-18 09:32:13,806 [INFO] DbExamples:125 - Found 7359 examples
2023-04-18 09:32:13,833 [INFO] DbExamples:222 - Found 92 boards with related examples
2023-04-18 09:32:13,834 [INFO] DbExamples:235 - Found 78 MCUs with related examples
2023-04-18 09:32:13,861 [INFO] ApiDb:414 - User favorites file not found: C:\Users\user/.stm32cubeide/favorites.examples.txt
2023-04-18 09:32:13,862 [INFO] DbExamples:250 - Set 0 / 0 favorites Examples
2023-04-18 09:32:14,523 [INFO] McuFinderGlobals:66 - Set McuFinderConnectedMode to true
2023-04-18 09:32:14,534 [INFO] MultiScanPanel:200 - Auto-refresh data requested => check proxy status ongoing
2023-04-18 09:32:14,540 [INFO] FinderPluginLoader:95 - Searching for filters in installed packs
2023-04-18 09:32:16,704 [INFO] LoadUrlFilesThread:185 - End of LoadServerUrlFiles without Thread
2023-04-18 09:32:16,723 [INFO] DetailPanel:341 - Set advertising image to C:/Users/user/STM32Cube/Repository/\en.prom-stm32h5-mcu-finder.jpg
2023-04-18 09:33:13,958 [INFO] MultiScanPanel:200 - Auto-refresh data requested => check proxy status ongoing
2023-04-18 09:33:14,087 [INFO] LoadUrlFilesThread:185 - End of LoadServerUrlFiles without Thread
2023-04-18 09:33:14,087 [INFO] DetailPanel:341 - Set advertising image to C:/Users/user/STM32Cube/Repository/\en.prom-stm32h5-mcu-finder.jpg
2023-04-18 09:33:23,125 [INFO] BoardResultTable:719 - Mark Board STM32H750B-DK as favorite
2023-04-18 09:33:32,704 [INFO] MainUpdater:2854 - connection check result : 10
2023-04-18 09:33:32,704 [INFO] MainUpdater:2854 - connection check result : 10
2023-04-18 09:33:32,738 [INFO] MicroXplorer:468 - Change Database Path : 
2023-04-18 09:33:32,738 [INFO] MicroXplorer:498 - Change Database Version : DB.6.0.80
2023-04-18 09:33:32,738 [WARN] ThirdParty:871 - waiting for thirdparty lock release [close project]
2023-04-18 09:33:32,738 [INFO] ThirdParty:873 - entering critical section [close project]
2023-04-18 09:33:32,739 [INFO] ThirdParty:883 - exiting critical section [close project]
2023-04-18 09:33:32,755 [INFO] PinOutPanel:1499 - setPackage(No Configuration,No Configuration)
2023-04-18 09:33:32,765 [INFO] UtilMem:75 - Begin LoadConfig() Used Memory: 493470512 Bytes (585105408)
2023-04-18 09:33:32,780 [INFO] MicroXplorer:468 - Change Database Path : 
2023-04-18 09:33:32,781 [INFO] MicroXplorer:498 - Change Database Version : DB.6.0.80
2023-04-18 09:33:32,781 [INFO] OpenFileManager:308 - Change cursor
2023-04-18 09:33:32,837 [INFO] Mcu:1937 - Initializing MCU STM32H750XBHx STM32H750XBHx STM32H750XBH6
2023-04-18 09:33:37,856 [INFO] Context:659 - Trying to add GPIOservice into a context  which must be forbidden
2023-04-18 09:33:40,155 [INFO] Rule:228 - rule WakeUp0 Mode is applicable
2023-04-18 09:33:40,155 [INFO] Rule:228 - rule WakeUp0 SIGNAL is applicable
2023-04-18 09:33:40,155 [INFO] Rule:228 - rule WakeUp1 Mode is applicable
2023-04-18 09:33:40,155 [INFO] Rule:228 - rule WakeUp1 SIGNAL is applicable
2023-04-18 09:33:40,155 [INFO] Rule:228 - rule WakeUp2 Mode is applicable
2023-04-18 09:33:40,157 [INFO] Rule:228 - rule WakeUp2 SIGNAL is applicable
2023-04-18 09:33:40,157 [INFO] Rule:228 - rule WakeUp4 Mode is applicable
2023-04-18 09:33:40,157 [INFO] Rule:228 - rule WakeUp4 SIGNAL is applicable
2023-04-18 09:33:40,157 [INFO] Rule:228 - rule WakeUp5 Mode is applicable
2023-04-18 09:33:40,157 [INFO] Rule:228 - rule WakeUp5 SIGNAL is applicable
2023-04-18 09:33:40,174 [INFO] DbConfProperties:307 - Apply Compatibility (10/10 Rules)
2023-04-18 09:33:40,519 [INFO] RtosManager:555 - Registered RTOS mode: class=CMSIS, group=RTOS, mode=CMSIS_V1, owner=FREERTOS
2023-04-18 09:33:40,522 [INFO] RtosManager:555 - Registered RTOS mode: class=CMSIS, group=RTOS2, mode=CMSIS_V2, owner=FREERTOS
2023-04-18 09:33:40,523 [INFO] RtosManager:555 - Registered RTOS mode: class=RTOS, group=Core, mode=CMSIS_V1, owner=FREERTOS
2023-04-18 09:33:40,523 [INFO] RtosManager:555 - Registered RTOS mode: class=RTOS, group=Core, mode=CMSIS_V2, owner=FREERTOS
2023-04-18 09:33:40,524 [WARN] ModelIntegratedComponent:184 - Missing modes for component STMicroelectronics:FreeRTOS:0.0.1:STMicroelectronics:RTOS:FreeRTOS:Core:::10.2.0:
2023-04-18 09:33:40,581 [WARN] ModelIntegratedComponent:63 - No mode defined for component null
2023-04-18 09:33:40,583 [WARN] ModelIntegratedComponent:63 - No mode defined for component null
2023-04-18 09:33:40,583 [WARN] ModelIntegratedComponent:63 - No mode defined for component null
2023-04-18 09:33:40,584 [WARN] ModelIntegratedComponent:63 - No mode defined for component null
2023-04-18 09:33:40,584 [WARN] ModelIntegratedComponent:63 - No mode defined for component null
2023-04-18 09:33:40,584 [WARN] ModelIntegratedComponent:63 - No mode defined for component null
2023-04-18 09:33:40,584 [WARN] ModelIntegratedComponent:63 - No mode defined for component null
2023-04-18 09:33:40,584 [WARN] ModelIntegratedComponent:63 - No mode defined for component null
2023-04-18 09:33:40,584 [WARN] ModelIntegratedComponent:63 - No mode defined for component null
2023-04-18 09:33:40,584 [WARN] ModelIntegratedComponent:63 - No mode defined for component null
2023-04-18 09:33:40,584 [WARN] ModelIntegratedComponent:63 - No mode defined for component null
2023-04-18 09:33:40,585 [WARN] ModelIntegratedComponent:63 - No mode defined for component null
2023-04-18 09:33:40,585 [WARN] ModelIntegratedComponent:63 - No mode defined for component null
2023-04-18 09:33:40,585 [WARN] ModelIntegratedComponent:63 - No mode defined for component null
2023-04-18 09:33:40,585 [WARN] ModelIntegratedComponent:63 - No mode defined for component null
2023-04-18 09:33:40,585 [WARN] ModelIntegratedComponent:63 - No mode defined for component null
2023-04-18 09:33:40,585 [WARN] ModelIntegratedComponent:63 - No mode defined for component null
2023-04-18 09:33:40,585 [WARN] ModelIntegratedComponent:63 - No mode defined for component null
2023-04-18 09:33:40,585 [WARN] ModelIntegratedComponent:63 - No mode defined for component null
2023-04-18 09:33:40,585 [WARN] ModelIntegratedComponent:63 - No mode defined for component null
2023-04-18 09:33:40,585 [WARN] ModelIntegratedComponent:63 - No mode defined for component null
2023-04-18 09:33:40,585 [WARN] ModelIntegratedComponent:63 - No mode defined for component null
2023-04-18 09:33:40,585 [WARN] ModelIntegratedComponent:63 - No mode defined for component null
2023-04-18 09:33:40,585 [WARN] ModelIntegratedComponent:63 - No mode defined for component null
2023-04-18 09:33:40,585 [WARN] ModelIntegratedComponent:63 - No mode defined for component null
2023-04-18 09:33:40,586 [WARN] ModelIntegratedComponent:63 - No mode defined for component null
2023-04-18 09:33:40,586 [WARN] ModelIntegratedComponent:63 - No mode defined for component null
2023-04-18 09:33:40,586 [WARN] ModelIntegratedComponent:63 - No mode defined for component null
2023-04-18 09:33:40,586 [WARN] ModelIntegratedComponent:63 - No mode defined for component null
2023-04-18 09:33:40,586 [WARN] ModelIntegratedComponent:63 - No mode defined for component null
2023-04-18 09:33:40,586 [WARN] ModelIntegratedComponent:63 - No mode defined for component null
2023-04-18 09:33:40,586 [WARN] ModelIntegratedComponent:63 - No mode defined for component null
2023-04-18 09:33:40,586 [WARN] ModelIntegratedComponent:63 - No mode defined for component null
2023-04-18 09:33:40,771 [INFO] ThirdPartyModel:298 - Start build external matchings
2023-04-18 09:33:41,056 [INFO] ThirdPartyModel:316 - End build external matchings
2023-04-18 09:33:41,069 [WARN] IP:2113 - ClockDivider not found: check if there is a RefParameter without a condition.
2023-04-18 09:33:41,070 [WARN] IP:2113 - ClockDividerCCU not found: check if there is a RefParameter without a condition.
2023-04-18 09:33:41,070 [WARN] IP:2113 - MinOscClkPeriodsCCU not found: check if there is a RefParameter without a condition.
2023-04-18 09:33:41,070 [WARN] IP:2113 - TimeQuantaPerBitTimeCCU not found: check if there is a RefParameter without a condition.
2023-04-18 09:33:41,070 [WARN] IP:2113 - WatchdogStartValueCCU not found: check if there is a RefParameter without a condition.
2023-04-18 09:33:41,070 [WARN] IP:2113 - ClockDivider not found: check if there is a RefParameter without a condition.
2023-04-18 09:33:41,070 [WARN] IP:2113 - ClockDividerCCU not found: check if there is a RefParameter without a condition.
2023-04-18 09:33:41,070 [WARN] IP:2113 - MinOscClkPeriodsCCU not found: check if there is a RefParameter without a condition.
2023-04-18 09:33:41,070 [WARN] IP:2113 - TimeQuantaPerBitTimeCCU not found: check if there is a RefParameter without a condition.
2023-04-18 09:33:41,070 [WARN] IP:2113 - WatchdogStartValueCCU not found: check if there is a RefParameter without a condition.
2023-04-18 09:33:41,102 [INFO] ImportTextPane:194 - (OptionalMessage_ERROR) IP (RCC) : Invalid parameter (FamilyName)
2023-04-18 09:33:41,889 [INFO] UtilMem:75 - End LoadConfig() Used Memory: 585078480 Bytes (844103680)
2023-04-18 09:33:42,045 [WARN] ThirdParty:833 - waiting for thirdparty lock release [change project]
2023-04-18 09:33:42,045 [INFO] ThirdParty:835 - entering critical section [change project]
2023-04-18 09:33:42,045 [INFO] ThirdParty:1030 - CMSIS Pack Vendor :STMicroelectronics X-CUBE-ISPU 1.1.0
2023-04-18 09:33:42,045 [INFO] ThirdParty:1030 - CMSIS Pack Vendor :RoweBots I-CUBE-UNISONRTOS 5.5.0-4
2023-04-18 09:33:42,045 [INFO] ThirdParty:1030 - CMSIS Pack Vendor :STMicroelectronics X-CUBE-GNSS1 6.0.0
2023-04-18 09:33:42,045 [INFO] ThirdParty:1030 - CMSIS Pack Vendor :STMicroelectronics USB_HOST 2.0.0
2023-04-18 09:33:42,045 [INFO] ThirdParty:1030 - CMSIS Pack Vendor :STMicroelectronics X-CUBE-AZRTOS-F4 1.1.0
2023-04-18 09:33:42,045 [INFO] ThirdParty:1030 - CMSIS Pack Vendor :STMicroelectronics LIBJPEG 8.0.0
2023-04-18 09:33:42,045 [INFO] ThirdParty:1030 - CMSIS Pack Vendor :STMicroelectronics X-CUBE-SMBUS 2.1.0
2023-04-18 09:33:42,045 [INFO] ThirdParty:1030 - CMSIS Pack Vendor :STMicroelectronics USB_DEVICE 3.0.0
2023-04-18 09:33:42,045 [INFO] ThirdParty:1030 - CMSIS Pack Vendor :STMicroelectronics X-CUBE-AI 8.0.0
2023-04-18 09:33:42,045 [INFO] ThirdParty:1030 - CMSIS Pack Vendor :STMicroelectronics X-CUBE-FREERTOS 1.0.0
2023-04-18 09:33:42,045 [INFO] ThirdParty:1030 - CMSIS Pack Vendor :STMicroelectronics X-CUBE-FREERTOS 1.0.1
2023-04-18 09:33:42,045 [INFO] ThirdParty:1030 - CMSIS Pack Vendor :STMicroelectronics X-CUBE-TOUCHGFX 4.21.1
2023-04-18 09:33:42,045 [INFO] ThirdParty:1030 - CMSIS Pack Vendor :STMicroelectronics X-CUBE-TOUCHGFX 4.21.3
2023-04-18 09:33:42,045 [INFO] ThirdParty:1030 - CMSIS Pack Vendor :STMicroelectronics X-CUBE-AZRTOS-F7 1.1.0
2023-04-18 09:33:42,045 [INFO] ThirdParty:1030 - CMSIS Pack Vendor :STMicroelectronics USB_DEVICE 2.0.0
2023-04-18 09:33:42,045 [INFO] ThirdParty:1030 - CMSIS Pack Vendor :STMicroelectronics X-CUBE-ALGOBUILD 1.3.0
2023-04-18 09:33:42,045 [INFO] ThirdParty:1030 - CMSIS Pack Vendor :STMicroelectronics X-CUBE-BLE1 6.2.4
2023-04-18 09:33:42,045 [INFO] ThirdParty:1030 - CMSIS Pack Vendor :STMicroelectronics X-CUBE-AZRTOS-L5 1.1.0
2023-04-18 09:33:42,045 [INFO] ThirdParty:1030 - CMSIS Pack Vendor :STMicroelectronics FreeRTOS 0.0.1
2023-04-18 09:33:42,045 [INFO] ThirdParty:1030 - CMSIS Pack Vendor :emotas I-CUBE-CANOPEN 1.1.3
2023-04-18 09:33:42,045 [INFO] ThirdParty:1030 - CMSIS Pack Vendor :STMicroelectronics X-CUBE-AZRTOS-G0 1.1.0
2023-04-18 09:33:42,045 [INFO] ThirdParty:1030 - CMSIS Pack Vendor :STMicroelectronics X-CUBE-BLEMGR 2.0.0
2023-04-18 09:33:42,045 [INFO] ThirdParty:1030 - CMSIS Pack Vendor :STMicroelectronics X-CUBE-SUBG2 5.0.0
2023-04-18 09:33:42,046 [INFO] ThirdParty:1030 - CMSIS Pack Vendor :STMicroelectronics X-CUBE-NFC4 3.0.0
2023-04-18 09:33:42,046 [INFO] ThirdParty:1030 - CMSIS Pack Vendor :STMicroelectronics STM32_WPAN 1.0.0
2023-04-18 09:33:42,046 [INFO] ThirdParty:1030 - CMSIS Pack Vendor :STMicroelectronics lwIP 2.0.3
2023-04-18 09:33:42,046 [INFO] ThirdParty:1030 - CMSIS Pack Vendor :STMicroelectronics USB_HOST 1.0.0
2023-04-18 09:33:42,046 [INFO] ThirdParty:1030 - CMSIS Pack Vendor :STMicroelectronics PDM2PCM 3.1.0
2023-04-18 09:33:42,046 [INFO] ThirdParty:1030 - CMSIS Pack Vendor :STMicroelectronics X-CUBE-AZRTOS-H7 3.1.0
2023-04-18 09:33:42,046 [INFO] ThirdParty:1030 - CMSIS Pack Vendor :STMicroelectronics X-CUBE-TOF1 3.3.0
2023-04-18 09:33:42,046 [INFO] ThirdParty:1030 - CMSIS Pack Vendor :STMicroelectronics FP-ATR-ASTRA1 1.1.1
2023-04-18 09:33:42,046 [INFO] ThirdParty:1030 - CMSIS Pack Vendor :STMicroelectronics PDM2PCM 3.3.0
2023-04-18 09:33:42,046 [INFO] ThirdParty:1030 - CMSIS Pack Vendor :STMicroelectronics X-CUBE-DISPLAY 3.0.0
2023-04-18 09:33:42,046 [INFO] ThirdParty:1030 - CMSIS Pack Vendor :STMicroelectronics X-CUBE-AZRTOS-G4 1.0.0
2023-04-18 09:33:42,046 [INFO] ThirdParty:1030 - CMSIS Pack Vendor :STMicroelectronics FP-ATR-SIGFOX1 3.2.0
2023-04-18 09:33:42,047 [INFO] ThirdParty:1030 - CMSIS Pack Vendor :wolfSSL I-CUBE-wolfSSL 5.5.4
2023-04-18 09:33:42,047 [INFO] ThirdParty:1030 - CMSIS Pack Vendor :STMicroelectronics X-CUBE-AZRTOS-L4 1.0.0
2023-04-18 09:33:42,047 [INFO] ThirdParty:1030 - CMSIS Pack Vendor :STMicroelectronics HAL Drivers 0.0.0
2023-04-18 09:33:42,047 [INFO] ThirdParty:1030 - CMSIS Pack Vendor :STMicroelectronics MBEDTLS 2.16.2
2023-04-18 09:33:42,047 [INFO] ThirdParty:1030 - CMSIS Pack Vendor :STMicroelectronics MBEDTLS 2.14.1
2023-04-18 09:33:42,047 [INFO] ThirdParty:1030 - CMSIS Pack Vendor :STMicroelectronics X-CUBE-NFC7 1.0.0
2023-04-18 09:33:42,047 [INFO] ThirdParty:1030 - CMSIS Pack Vendor :STMicroelectronics X-CUBE-AZRTOS-WL 1.0.0
2023-04-18 09:33:42,047 [INFO] ThirdParty:1030 - CMSIS Pack Vendor :STMicroelectronics X-CUBE-EEPRMA1 4.1.0
2023-04-18 09:33:42,047 [INFO] ThirdParty:1030 - CMSIS Pack Vendor :portGmbH I-Cube-SoM-uGOAL 1.1.0
2023-04-18 09:33:42,047 [INFO] ThirdParty:1030 - CMSIS Pack Vendor :STMicroelectronics X-CUBE-ALS 1.0.1
2023-04-18 09:33:42,047 [INFO] ThirdParty:1030 - CMSIS Pack Vendor :STMicroelectronics X-CUBE-MEMS1 9.5.0
2023-04-18 09:33:42,047 [INFO] ThirdParty:1030 - CMSIS Pack Vendor :STMicroelectronics ThreadX 1.0.0
2023-04-18 09:33:42,047 [INFO] ThirdParty:1030 - CMSIS Pack Vendor :STMicroelectronics X-CUBE-AZRTOS-WB 1.1.0
2023-04-18 09:33:42,047 [INFO] ThirdParty:1030 - CMSIS Pack Vendor :SEGGER I-CUBE-embOS 1.3.1
2023-04-18 09:33:42,047 [INFO] ThirdParty:1030 - CMSIS Pack Vendor :STMicroelectronics USB_DEVICE 1.0.0
2023-04-18 09:33:42,047 [INFO] ThirdParty:1030 - CMSIS Pack Vendor :STMicroelectronics ThreadX 0.0.2
2023-04-18 09:33:42,047 [INFO] ThirdParty:1030 - CMSIS Pack Vendor :WES I-CUBE-Cesium 1.3.0
2023-04-18 09:33:42,047 [INFO] ThirdParty:1030 - CMSIS Pack Vendor :STMicroelectronics FP-ATR-ASTRA1 2.0.0
2023-04-18 09:33:42,047 [INFO] ThirdParty:1030 - CMSIS Pack Vendor :STMicroelectronics lwIP 2.1.2
2023-04-18 09:33:42,047 [INFO] ThirdParty:1030 - CMSIS Pack Vendor :STMicroelectronics X-CUBE-SFXS2LP1 4.0.0
2023-04-18 09:33:42,047 [INFO] ThirdParty:1030 - CMSIS Pack Vendor :STMicroelectronics X-CUBE-BLE2 3.3.0
2023-04-18 09:33:42,047 [INFO] ThirdParty:1030 - CMSIS Pack Vendor :STMicroelectronics X-CUBE-TOF1 3.2.0
2023-04-18 09:33:42,047 [INFO] ThirdParty:1030 - CMSIS Pack Vendor :STMicroelectronics PDM2PCM 3.2.0
2023-04-18 09:33:42,047 [INFO] ThirdParty:1030 - CMSIS Pack Vendor :STMicroelectronics X-CUBE-AZRTOS-H7 3.0.0
2023-04-18 09:33:42,047 [INFO] ThirdParty:841 - exiting critical section [change project]
2023-04-18 09:33:42,777 [INFO] PinOutPanel:1499 - setPackage(No Configuration,No Configuration)
2023-04-18 09:33:42,779 [INFO] PinOutPanel:1499 - setPackage(STM32H750XBHx,TFBGA240)
2023-04-18 09:33:44,198 [INFO] UtilMem:75 - Before build in PCC Used Memory: 671526912 Bytes (844103680)
2023-04-18 09:33:45,808 [INFO] UtilMem:75 - After build in PCC Used Memory: 562952904 Bytes (844103680)
2023-04-18 09:33:45,894 [INFO] IPUIPlugin:80 - create IPUIPlugin
2023-04-18 09:33:45,894 [INFO] IPUIPlugin:80 - create IPUIPlugin
2023-04-18 09:33:45,894 [INFO] IPUIPlugin:80 - create IPUIPlugin
2023-04-18 09:33:45,894 [INFO] IPUIPlugin:80 - create IPUIPlugin
2023-04-18 09:33:45,894 [INFO] IPUIPlugin:80 - create IPUIPlugin
2023-04-18 09:33:45,895 [INFO] IPUIPlugin:80 - create IPUIPlugin
2023-04-18 09:33:45,895 [INFO] IPUIPlugin:80 - create IPUIPlugin
2023-04-18 09:33:45,895 [INFO] IPUIPlugin:80 - create IPUIPlugin
2023-04-18 09:33:45,895 [INFO] IPUIPlugin:80 - create IPUIPlugin
2023-04-18 09:33:45,895 [INFO] IPUIPlugin:80 - create IPUIPlugin
2023-04-18 09:33:45,895 [INFO] IPUIPlugin:80 - create IPUIPlugin
2023-04-18 09:33:45,896 [INFO] IPUIPlugin:80 - create IPUIPlugin
2023-04-18 09:33:45,896 [INFO] IPUIPlugin:80 - create IPUIPlugin
2023-04-18 09:33:45,896 [INFO] IPUIPlugin:80 - create IPUIPlugin
2023-04-18 09:33:45,896 [INFO] IPUIPlugin:80 - create IPUIPlugin
2023-04-18 09:33:45,896 [INFO] IPUIPlugin:80 - create IPUIPlugin
2023-04-18 09:33:45,896 [INFO] IPUIPlugin:80 - create IPUIPlugin
2023-04-18 09:33:45,897 [INFO] IPUIPlugin:80 - create IPUIPlugin
2023-04-18 09:33:45,897 [INFO] IPUIPlugin:80 - create IPUIPlugin
2023-04-18 09:33:45,897 [INFO] IPUIPlugin:80 - create IPUIPlugin
2023-04-18 09:33:45,898 [INFO] IPUIPlugin:80 - create IPUIPlugin
2023-04-18 09:33:45,898 [INFO] IPUIPlugin:80 - create IPUIPlugin
2023-04-18 09:33:45,905 [INFO] IPUIPlugin:80 - create IPUIPlugin
2023-04-18 09:33:45,911 [INFO] IPUIPlugin:80 - create IPUIPlugin
2023-04-18 09:33:45,912 [INFO] IPUIPlugin:80 - create IPUIPlugin
2023-04-18 09:33:45,912 [INFO] IPUIPlugin:80 - create IPUIPlugin
2023-04-18 09:33:45,913 [INFO] IPUIPlugin:80 - create IPUIPlugin
2023-04-18 09:33:45,913 [INFO] IPUIPlugin:80 - create IPUIPlugin
2023-04-18 09:33:45,913 [INFO] IPUIPlugin:80 - create IPUIPlugin
2023-04-18 09:33:45,913 [INFO] IPUIPlugin:80 - create IPUIPlugin
2023-04-18 09:33:45,913 [INFO] IPUIPlugin:80 - create IPUIPlugin
2023-04-18 09:33:45,913 [INFO] IPUIPlugin:80 - create IPUIPlugin
2023-04-18 09:33:45,915 [INFO] IPUIPlugin:80 - create IPUIPlugin
2023-04-18 09:33:45,916 [INFO] IPUIPlugin:80 - create IPUIPlugin
2023-04-18 09:33:45,916 [INFO] IPUIPlugin:80 - create IPUIPlugin
2023-04-18 09:33:45,916 [INFO] IPUIPlugin:80 - create IPUIPlugin
2023-04-18 09:33:45,916 [INFO] IPUIPlugin:80 - create IPUIPlugin
2023-04-18 09:33:45,917 [INFO] IPUIPlugin:80 - create IPUIPlugin
2023-04-18 09:33:45,917 [INFO] IPUIPlugin:80 - create IPUIPlugin
2023-04-18 09:33:45,918 [INFO] IPUIPlugin:80 - create IPUIPlugin
2023-04-18 09:33:45,918 [INFO] IPUIPlugin:80 - create IPUIPlugin
2023-04-18 09:33:45,918 [INFO] IPUIPlugin:80 - create IPUIPlugin
2023-04-18 09:33:45,918 [INFO] IPUIPlugin:80 - create IPUIPlugin
2023-04-18 09:33:45,919 [INFO] IPUIPlugin:80 - create IPUIPlugin
2023-04-18 09:33:45,919 [INFO] IPUIPlugin:80 - create IPUIPlugin
2023-04-18 09:33:45,919 [INFO] IPUIPlugin:80 - create IPUIPlugin
2023-04-18 09:33:45,919 [INFO] IPUIPlugin:80 - create IPUIPlugin
2023-04-18 09:33:45,919 [INFO] IPUIPlugin:80 - create IPUIPlugin
2023-04-18 09:33:45,919 [INFO] IPUIPlugin:80 - create IPUIPlugin
2023-04-18 09:33:45,919 [INFO] IPUIPlugin:80 - create IPUIPlugin
2023-04-18 09:33:45,921 [INFO] IPUIPlugin:80 - create IPUIPlugin
2023-04-18 09:33:45,921 [INFO] IPUIPlugin:80 - create IPUIPlugin
2023-04-18 09:33:45,921 [INFO] IPUIPlugin:80 - create IPUIPlugin
2023-04-18 09:33:45,921 [INFO] IPUIPlugin:80 - create IPUIPlugin
2023-04-18 09:33:45,922 [INFO] IPUIPlugin:80 - create IPUIPlugin
2023-04-18 09:33:45,922 [INFO] IPUIPlugin:80 - create IPUIPlugin
2023-04-18 09:33:45,922 [INFO] IPUIPlugin:80 - create IPUIPlugin
2023-04-18 09:33:45,923 [INFO] IPUIPlugin:80 - create IPUIPlugin
2023-04-18 09:33:45,923 [INFO] IPUIPlugin:80 - create IPUIPlugin
2023-04-18 09:33:45,923 [INFO] IPUIPlugin:80 - create IPUIPlugin
2023-04-18 09:33:45,924 [INFO] IPUIPlugin:80 - create IPUIPlugin
2023-04-18 09:33:45,924 [INFO] IPUIPlugin:80 - create IPUIPlugin
2023-04-18 09:33:45,924 [INFO] IPUIPlugin:80 - create IPUIPlugin
2023-04-18 09:33:45,925 [INFO] IPUIPlugin:80 - create IPUIPlugin
2023-04-18 09:33:45,925 [INFO] IPUIPlugin:80 - create IPUIPlugin
2023-04-18 09:33:45,925 [INFO] IPUIPlugin:80 - create IPUIPlugin
2023-04-18 09:33:45,926 [INFO] IPUIPlugin:80 - create IPUIPlugin
2023-04-18 09:33:45,926 [INFO] IPUIPlugin:80 - create IPUIPlugin
2023-04-18 09:33:45,926 [INFO] IPUIPlugin:80 - create IPUIPlugin
2023-04-18 09:33:45,927 [INFO] IPUIPlugin:80 - create IPUIPlugin
2023-04-18 09:33:45,927 [INFO] IPUIPlugin:80 - create IPUIPlugin
2023-04-18 09:33:45,927 [INFO] IPUIPlugin:80 - create IPUIPlugin
2023-04-18 09:33:45,928 [INFO] IPUIPlugin:80 - create IPUIPlugin
2023-04-18 09:33:45,928 [INFO] IPUIPlugin:80 - create IPUIPlugin
2023-04-18 09:33:45,928 [INFO] IPUIPlugin:80 - create IPUIPlugin
2023-04-18 09:33:45,929 [INFO] IPUIPlugin:80 - create IPUIPlugin
2023-04-18 09:33:45,929 [INFO] IPUIPlugin:80 - create IPUIPlugin
2023-04-18 09:33:45,929 [INFO] IPUIPlugin:80 - create IPUIPlugin
2023-04-18 09:33:45,930 [INFO] IPUIPlugin:80 - create IPUIPlugin
2023-04-18 09:33:45,931 [INFO] IPUIPlugin:80 - create IPUIPlugin
2023-04-18 09:33:45,931 [INFO] IPUIPlugin:80 - create IPUIPlugin
2023-04-18 09:33:45,932 [INFO] IPUIPlugin:80 - create IPUIPlugin
2023-04-18 09:33:45,932 [INFO] IPUIPlugin:80 - create IPUIPlugin
2023-04-18 09:33:45,933 [INFO] IPUIPlugin:80 - create IPUIPlugin
2023-04-18 09:33:45,933 [INFO] IPUIPlugin:80 - create IPUIPlugin
2023-04-18 09:33:45,933 [INFO] IPUIPlugin:80 - create IPUIPlugin
2023-04-18 09:33:45,934 [INFO] IPUIPlugin:80 - create IPUIPlugin
2023-04-18 09:33:45,934 [INFO] IPUIPlugin:80 - create IPUIPlugin
2023-04-18 09:33:45,935 [INFO] IPUIPlugin:80 - create IPUIPlugin
2023-04-18 09:33:45,935 [INFO] IPUIPlugin:80 - create IPUIPlugin
2023-04-18 09:33:45,936 [INFO] IPUIPlugin:80 - create IPUIPlugin
2023-04-18 09:33:45,936 [INFO] IPUIPlugin:80 - create IPUIPlugin
2023-04-18 09:33:45,937 [INFO] IPUIPlugin:80 - create IPUIPlugin
2023-04-18 09:33:45,937 [INFO] IPUIPlugin:80 - create IPUIPlugin
2023-04-18 09:33:45,938 [INFO] IPUIPlugin:80 - create IPUIPlugin
2023-04-18 09:33:45,938 [INFO] IPUIPlugin:80 - create IPUIPlugin
2023-04-18 09:33:45,939 [INFO] IPUIPlugin:80 - create IPUIPlugin
2023-04-18 09:33:45,939 [INFO] IPUIPlugin:80 - create IPUIPlugin
2023-04-18 09:33:45,941 [INFO] IPUIPlugin:80 - create IPUIPlugin
2023-04-18 09:33:46,208 [INFO] ApiDbMcu:507 - Load IP Config File for PDM2PCM
2023-04-18 09:33:46,226 [WARN] IP:2113 - ClockDivider not found: check if there is a RefParameter without a condition.
2023-04-18 09:33:46,226 [WARN] IP:2113 - ClockDividerCCU not found: check if there is a RefParameter without a condition.
2023-04-18 09:33:46,226 [WARN] IP:2113 - MinOscClkPeriodsCCU not found: check if there is a RefParameter without a condition.
2023-04-18 09:33:46,226 [WARN] IP:2113 - TimeQuantaPerBitTimeCCU not found: check if there is a RefParameter without a condition.
2023-04-18 09:33:46,226 [WARN] IP:2113 - WatchdogStartValueCCU not found: check if there is a RefParameter without a condition.
2023-04-18 09:33:46,258 [INFO] LogOutputStream:77 - [STDOUT_REDIRECT] Nominal 
2023-04-18 09:33:46,259 [INFO] Can:71 - Can Add PropertyChangeListener com.st.microxplorer.plugins.ip.can.Can@502896fb
2023-04-18 09:33:46,259 [WARN] IP:2113 - ClockDivider not found: check if there is a RefParameter without a condition.
2023-04-18 09:33:46,260 [WARN] IP:2113 - ClockDividerCCU not found: check if there is a RefParameter without a condition.
2023-04-18 09:33:46,260 [WARN] IP:2113 - MinOscClkPeriodsCCU not found: check if there is a RefParameter without a condition.
2023-04-18 09:33:46,260 [WARN] IP:2113 - TimeQuantaPerBitTimeCCU not found: check if there is a RefParameter without a condition.
2023-04-18 09:33:46,260 [WARN] IP:2113 - WatchdogStartValueCCU not found: check if there is a RefParameter without a condition.
2023-04-18 09:33:46,265 [INFO] LogOutputStream:77 - [STDOUT_REDIRECT] Nominal 
2023-04-18 09:33:46,265 [INFO] Can:71 - Can Add PropertyChangeListener com.st.microxplorer.plugins.ip.can.Can@60187ec6
2023-04-18 09:33:46,668 [INFO] CADModel:165 - CPN selected for project levelSTM32H750XBH6
2023-04-18 09:33:46,669 [INFO] CADModel:114 - Register for checkConnection events
2023-04-18 09:33:46,722 [INFO] OpenFileManager:328 - Restore cursor
2023-04-18 09:33:46,917 [WARN] IP:2113 - ClockDivider not found: check if there is a RefParameter without a condition.
2023-04-18 09:33:46,917 [WARN] IP:2113 - ClockDividerCCU not found: check if there is a RefParameter without a condition.
2023-04-18 09:33:46,917 [WARN] IP:2113 - MinOscClkPeriodsCCU not found: check if there is a RefParameter without a condition.
2023-04-18 09:33:46,918 [WARN] IP:2113 - TimeQuantaPerBitTimeCCU not found: check if there is a RefParameter without a condition.
2023-04-18 09:33:46,918 [WARN] IP:2113 - WatchdogStartValueCCU not found: check if there is a RefParameter without a condition.
2023-04-18 09:33:47,138 [WARN] IP:2113 - ClockDivider not found: check if there is a RefParameter without a condition.
2023-04-18 09:33:47,138 [WARN] IP:2113 - ClockDividerCCU not found: check if there is a RefParameter without a condition.
2023-04-18 09:33:47,138 [WARN] IP:2113 - MinOscClkPeriodsCCU not found: check if there is a RefParameter without a condition.
2023-04-18 09:33:47,138 [WARN] IP:2113 - TimeQuantaPerBitTimeCCU not found: check if there is a RefParameter without a condition.
2023-04-18 09:33:47,138 [WARN] IP:2113 - WatchdogStartValueCCU not found: check if there is a RefParameter without a condition.
2023-04-18 09:33:48,723 [INFO] UtilMem:75 - End SaveConfig() Used Memory: 731950488 Bytes (844103680)
2023-04-18 09:33:48,877 [INFO] UtilMem:75 - End SaveConfig() Used Memory: 582743392 Bytes (844103680)
2023-04-18 09:33:49,453 [INFO] BlockDiagram:2759 - set Specific Code input for plugin: SPI
2023-04-18 09:33:49,453 [INFO] BlockDiagram:2759 - set Specific Code input for plugin: FDCAN
2023-04-18 09:33:49,453 [INFO] BlockDiagram:2759 - set Specific Code input for plugin: LTDC
2023-04-18 09:33:49,453 [INFO] BlockDiagram:2759 - set Specific Code input for plugin: RCC
2023-04-18 09:33:49,453 [INFO] BlockDiagram:2759 - set Specific Code input for plugin: SDMMC
2023-04-18 09:33:49,454 [INFO] BlockDiagram:2759 - set Specific Code input for plugin: RTC
2023-04-18 09:33:49,454 [INFO] BlockDiagram:2759 - set Specific Code input for plugin: USART
2023-04-18 09:33:49,454 [INFO] BlockDiagram:2759 - set Specific Code input for plugin: FMC
2023-04-18 09:33:49,454 [INFO] BlockDiagram:2759 - set Specific Code input for plugin: FDCAN
2023-04-18 09:33:49,454 [INFO] BlockDiagram:2759 - set Specific Code input for plugin: ETH
2023-04-18 09:33:49,454 [INFO] BlockDiagram:2759 - set Specific Code input for plugin: QUADSPI
2023-04-18 09:33:49,454 [INFO] BlockDiagram:2759 - set Specific Code input for plugin: ADC
2023-04-18 09:33:49,455 [INFO] BlockDiagram:2759 - set Specific Code input for plugin: SYS
2023-04-18 09:33:49,455 [INFO] BlockDiagram:2759 - set Specific Code input for plugin: ADC
2023-04-18 09:33:49,455 [INFO] BlockDiagram:2759 - set Specific Code input for plugin: ADC
2023-04-18 09:33:49,455 [INFO] BlockDiagram:2759 - set Specific Code input for plugin: USB_OTG_FS
2023-04-18 09:33:49,455 [INFO] BlockDiagram:2759 - set Specific Code input for plugin: NVIC
2023-04-18 09:33:49,455 [INFO] BlockDiagram:2759 - set Specific Code input for plugin: DEBUG
2023-04-18 09:33:49,457 [INFO] BlockDiagram:2759 - set Specific Code input for plugin: GPIO
2023-04-18 09:33:49,457 [INFO] BlockDiagram:2759 - set Specific Code input for plugin: SAI
2023-04-18 09:33:49,458 [INFO] CodeGenerator:793 - code generatio: config db path: C:\ST\STM32CubeIDE_1.12.0\STM32CubeIDE\plugins\com.st.stm32cube.common.mx_6.8.0.202302231600\\db\
2023-04-18 09:33:49,511 [WARN] IP:2113 - ClockDivider not found: check if there is a RefParameter without a condition.
2023-04-18 09:33:49,511 [WARN] IP:2113 - ClockDividerCCU not found: check if there is a RefParameter without a condition.
2023-04-18 09:33:49,513 [WARN] IP:2113 - MinOscClkPeriodsCCU not found: check if there is a RefParameter without a condition.
2023-04-18 09:33:49,517 [WARN] IP:2113 - TimeQuantaPerBitTimeCCU not found: check if there is a RefParameter without a condition.
2023-04-18 09:33:49,518 [WARN] IP:2113 - WatchdogStartValueCCU not found: check if there is a RefParameter without a condition.
2023-04-18 09:33:49,521 [WARN] IP:2113 - ClockDivider not found: check if there is a RefParameter without a condition.
2023-04-18 09:33:49,521 [WARN] IP:2113 - ClockDividerCCU not found: check if there is a RefParameter without a condition.
2023-04-18 09:33:49,522 [WARN] IP:2113 - MinOscClkPeriodsCCU not found: check if there is a RefParameter without a condition.
2023-04-18 09:33:49,522 [WARN] IP:2113 - TimeQuantaPerBitTimeCCU not found: check if there is a RefParameter without a condition.
2023-04-18 09:33:49,522 [WARN] IP:2113 - WatchdogStartValueCCU not found: check if there is a RefParameter without a condition.
2023-04-18 09:33:50,207 [INFO] CodeEngine:255 - oldGeneratedFile, D:\STM32\sai\MXTmpFiles\license.tmp_save
2023-04-18 09:33:50,661 [INFO] CodeEngine:279 - Generated code: D:\STM32\sai\MXTmpFiles\license.tmp
2023-04-18 09:33:51,665 [INFO] CodeEngine:255 - oldGeneratedFile, D:\STM32\sai\MXTmpFiles\gpio.tmp_save
2023-04-18 09:33:52,259 [INFO] CodeEngine:279 - Generated code: D:\STM32\sai\MXTmpFiles\gpio.tmp
2023-04-18 09:33:54,048 [WARN] IPConfigManager:99 - WARNING: Missing Config File for DEBUG ip!!
2023-04-18 09:33:58,656 [INFO] CodeEngine:255 - oldGeneratedFile, D:\STM32\sai\MXTmpFiles\cortex.tmp_save
2023-04-18 09:33:58,779 [INFO] CodeEngine:279 - Generated code: D:\STM32\sai\MXTmpFiles\cortex.tmp
2023-04-18 09:33:58,818 [INFO] CodeEngine:255 - oldGeneratedFile, D:\STM32\sai\MXTmpFiles\mx_fmc_HC.tmp_save
2023-04-18 09:33:58,942 [INFO] CodeEngine:279 - Generated code: D:\STM32\sai\MXTmpFiles\mx_fmc_HC.tmp
2023-04-18 09:33:58,956 [INFO] CodeEngine:255 - oldGeneratedFile, D:\STM32\sai\MXTmpFiles\mx_fmc_GV.tmp_save
2023-04-18 09:33:59,041 [INFO] CodeEngine:279 - Generated code: D:\STM32\sai\MXTmpFiles\mx_fmc_GV.tmp
2023-04-18 09:33:59,060 [INFO] CodeEngine:255 - oldGeneratedFile, D:\STM32\sai\MXTmpFiles\mx_fmc_MSP.tmp_save
2023-04-18 09:33:59,174 [INFO] CodeEngine:279 - Generated code: D:\STM32\sai\MXTmpFiles\mx_fmc_MSP.tmp
2023-04-18 09:33:59,196 [INFO] CodeEngine:255 - oldGeneratedFile, D:\STM32\sai\MXTmpFiles\sai_init.tmp_save
2023-04-18 09:33:59,308 [INFO] CodeEngine:279 - Generated code: D:\STM32\sai\MXTmpFiles\sai_init.tmp
2023-04-18 09:33:59,316 [INFO] CodeEngine:255 - oldGeneratedFile, D:\STM32\sai\MXTmpFiles\sai_GV.tmp_save
2023-04-18 09:33:59,375 [INFO] CodeEngine:279 - Generated code: D:\STM32\sai\MXTmpFiles\sai_GV.tmp
2023-04-18 09:33:59,386 [INFO] CodeEngine:255 - oldGeneratedFile, D:\STM32\sai\MXTmpFiles\sai_msp.tmp_save
2023-04-18 09:33:59,497 [INFO] CodeEngine:279 - Generated code: D:\STM32\sai\MXTmpFiles\sai_msp.tmp
2023-04-18 09:33:59,560 [INFO] CodeEngine:255 - oldGeneratedFile, D:\STM32\sai\Core\Src\stm32h7xx_it.c_save
2023-04-18 09:33:59,704 [INFO] CodeEngine:279 - Generated code: D:\STM32\sai\Core\Src\stm32h7xx_it.c
2023-04-18 09:33:59,713 [INFO] CodeEngine:255 - oldGeneratedFile, D:\STM32\sai\Core\Inc\stm32h7xx_it.h_save
2023-04-18 09:33:59,810 [INFO] CodeEngine:279 - Generated code: D:\STM32\sai\Core\Inc\stm32h7xx_it.h
2023-04-18 09:33:59,841 [INFO] CodeEngine:255 - oldGeneratedFile, D:\STM32\sai\MXTmpFiles\sai_init.tmp_save
2023-04-18 09:33:59,979 [INFO] CodeEngine:279 - Generated code: D:\STM32\sai\MXTmpFiles\sai_init.tmp
2023-04-18 09:33:59,982 [INFO] CodeEngine:255 - oldGeneratedFile, D:\STM32\sai\MXTmpFiles\sai_GV.tmp_save
2023-04-18 09:34:00,045 [INFO] CodeEngine:279 - Generated code: D:\STM32\sai\MXTmpFiles\sai_GV.tmp
2023-04-18 09:34:00,058 [INFO] CodeEngine:255 - oldGeneratedFile, D:\STM32\sai\MXTmpFiles\sai_msp.tmp_save
2023-04-18 09:34:00,122 [INFO] CodeEngine:279 - Generated code: D:\STM32\sai\MXTmpFiles\sai_msp.tmp
2023-04-18 09:34:00,149 [INFO] CodeEngine:255 - oldGeneratedFile, D:\STM32\sai\MXTmpFiles\mx_fmc_HC.tmp_save
2023-04-18 09:34:00,208 [INFO] CodeEngine:279 - Generated code: D:\STM32\sai\MXTmpFiles\mx_fmc_HC.tmp
2023-04-18 09:34:00,213 [INFO] CodeEngine:255 - oldGeneratedFile, D:\STM32\sai\MXTmpFiles\mx_fmc_GV.tmp_save
2023-04-18 09:34:00,271 [INFO] CodeEngine:279 - Generated code: D:\STM32\sai\MXTmpFiles\mx_fmc_GV.tmp
2023-04-18 09:34:00,284 [INFO] CodeEngine:255 - oldGeneratedFile, D:\STM32\sai\MXTmpFiles\mx_fmc_MSP.tmp_save
2023-04-18 09:34:00,341 [INFO] CodeEngine:279 - Generated code: D:\STM32\sai\MXTmpFiles\mx_fmc_MSP.tmp
2023-04-18 09:34:00,911 [INFO] CodeEngine:255 - oldGeneratedFile, D:\STM32\sai\Core\Src\stm32h7xx_hal_msp.c_save
2023-04-18 09:34:01,086 [INFO] CodeEngine:279 - Generated code: D:\STM32\sai\Core\Src\stm32h7xx_hal_msp.c
2023-04-18 09:34:01,106 [INFO] CodeEngine:255 - oldGeneratedFile, D:\STM32\sai\MXTmpFiles\system.tmp_save
2023-04-18 09:34:01,166 [INFO] CodeEngine:279 - Generated code: D:\STM32\sai\MXTmpFiles\system.tmp
2023-04-18 09:34:01,177 [INFO] CodeEngine:311 - oldGeneratedFile, D:\STM32\sai\Core\Inc\stm32h7xx_hal_conf.h_save
2023-04-18 09:34:01,258 [INFO] CodeEngine:335 - Generated code: D:\STM32\sai\Core\Inc\stm32h7xx_hal_conf.h
2023-04-18 09:34:01,332 [WARN] IPConfigManager:3431 - IP not found : USB_OTG
2023-04-18 09:34:01,335 [WARN] CodeGenerator:3754 - IP not found : null
2023-04-18 09:34:01,346 [INFO] CodeEngine:255 - oldGeneratedFile, D:\STM32\sai\Core\Inc\main.h_save
2023-04-18 09:34:01,469 [INFO] CodeEngine:279 - Generated code: D:\STM32\sai\Core\Inc\main.h
2023-04-18 09:34:01,477 [INFO] CodeEngine:255 - oldGeneratedFile, D:\STM32\sai\Core\Src\main.c_save
2023-04-18 09:34:01,673 [INFO] CodeEngine:279 - Generated code: D:\STM32\sai\Core\Src\main.c
2023-04-18 09:34:02,585 [INFO] ProjectBuilder:2996 - Time for Copy HAL[1] : 214mS.
2023-04-18 09:34:02,606 [INFO] ProjectBuilder:4304 - Project Generator version: 3.19.2
2023-04-18 09:34:03,114 [INFO] ConfigFileManager:1483 - The Die is : DIE450
2023-04-18 09:34:03,127 [INFO] ApiDbMcu:507 - Load IP Config File for FATFS
2023-04-18 09:34:03,141 [INFO] ApiDbMcu:507 - Load IP Config File for FREERTOS
2023-04-18 09:34:03,166 [INFO] ApiDbMcu:507 - Load IP Config File for LIBJPEG
2023-04-18 09:34:03,222 [INFO] ApiDbMcu:507 - Load IP Config File for LWIP
2023-04-18 09:34:03,242 [INFO] ApiDbMcu:507 - Load IP Config File for MBEDTLS
2023-04-18 09:34:03,273 [INFO] ApiDbMcu:507 - Load IP Config File for USB_DEVICE
2023-04-18 09:34:03,287 [INFO] ApiDbMcu:507 - Load IP Config File for USB_HOST
2023-04-18 09:34:04,802 [INFO] LogOutputStream:77 - [STDOUT_REDIRECT] 
2023-04-18 09:34:09,174 [INFO] ProjectBuilder:4505 - Time for Generating toolchain IDE Files: 6568mS.
2023-04-18 09:34:09,175 [INFO] ProjectBuilder:2867 - Time for Copy CMSIS : 0mS.
2023-04-18 09:34:09,177 [INFO] ProjectBuilder:2867 - Time for Copy CMSIS : 0mS.
2023-04-18 09:34:11,216 [INFO] McuFinderGlobals:66 - Set McuFinderConnectedMode to true
2023-04-18 09:34:11,218 [INFO] ApiDb:448 - Save user favorites file C:\Users\user/.stm32cubeide/favorites.mcus.txt: 2 item(s)
2023-04-18 09:34:11,219 [INFO] ApiDb:452 - User favorites MCUs=[STM32F103C8T6, STM32H750VBT6]
2023-04-18 09:34:11,221 [INFO] ApiDb:448 - Save user favorites file C:\Users\user/.stm32cubeide/favorites.boards.txt: 1 item(s)
2023-04-18 09:34:11,221 [INFO] ApiDb:452 - User favorites Boards=[STM32H750B-DK]
2023-04-18 14:39:29,850 [INFO] UtilMem:75 - End SaveConfig() Used Memory: 317489528 Bytes (961544192)
2023-04-18 14:39:30,060 [INFO] UtilMem:75 - End SaveConfig() Used Memory: 349010352 Bytes (961544192)
2023-04-18 14:39:30,401 [INFO] UtilMem:75 - End SaveConfig() Used Memory: 296826720 Bytes (961544192)
2023-04-18 14:39:30,722 [INFO] ProjectBuilder:2308 - IP not ready for code generation: Clock
2023-04-18 14:39:32,659 [INFO] BlockDiagram:2759 - set Specific Code input for plugin: RCC
2023-04-18 14:39:32,659 [INFO] BlockDiagram:2759 - set Specific Code input for plugin: SYS
2023-04-18 14:39:32,659 [INFO] BlockDiagram:2759 - set Specific Code input for plugin: NVIC
2023-04-18 14:39:32,659 [INFO] BlockDiagram:2759 - set Specific Code input for plugin: GPIO
2023-04-18 14:39:32,659 [INFO] BlockDiagram:2759 - set Specific Code input for plugin: SAI
2023-04-18 14:39:32,662 [INFO] CodeGenerator:793 - code generatio: config db path: C:\ST\STM32CubeIDE_1.12.0\STM32CubeIDE\plugins\com.st.stm32cube.common.mx_6.8.0.202302231600\\db\
2023-04-18 14:39:32,978 [INFO] CodeEngine:255 - oldGeneratedFile, D:\STM32\sai\MXTmpFiles\license.tmp_save
2023-04-18 14:39:33,415 [INFO] CodeEngine:279 - Generated code: D:\STM32\sai\MXTmpFiles\license.tmp
2023-04-18 14:39:33,438 [INFO] CodeEngine:255 - oldGeneratedFile, D:\STM32\sai\MXTmpFiles\gpio.tmp_save
2023-04-18 14:39:33,569 [INFO] CodeEngine:279 - Generated code: D:\STM32\sai\MXTmpFiles\gpio.tmp
2023-04-18 14:39:33,818 [INFO] CodeEngine:255 - oldGeneratedFile, D:\STM32\sai\MXTmpFiles\cortex.tmp_save
2023-04-18 14:39:34,009 [INFO] CodeEngine:279 - Generated code: D:\STM32\sai\MXTmpFiles\cortex.tmp
2023-04-18 14:39:34,018 [INFO] CodeEngine:255 - oldGeneratedFile, D:\STM32\sai\MXTmpFiles\sai_init.tmp_save
2023-04-18 14:39:34,301 [INFO] CodeEngine:279 - Generated code: D:\STM32\sai\MXTmpFiles\sai_init.tmp
2023-04-18 14:39:34,304 [INFO] CodeEngine:255 - oldGeneratedFile, D:\STM32\sai\MXTmpFiles\sai_GV.tmp_save
2023-04-18 14:39:34,457 [INFO] CodeEngine:279 - Generated code: D:\STM32\sai\MXTmpFiles\sai_GV.tmp
2023-04-18 14:39:34,462 [INFO] CodeEngine:255 - oldGeneratedFile, D:\STM32\sai\MXTmpFiles\sai_msp.tmp_save
2023-04-18 14:39:34,705 [INFO] CodeEngine:279 - Generated code: D:\STM32\sai\MXTmpFiles\sai_msp.tmp
2023-04-18 14:39:34,744 [INFO] CodeEngine:255 - oldGeneratedFile, D:\STM32\sai\Core\Src\stm32h7xx_it.c_save
2023-04-18 14:39:34,954 [INFO] CodeEngine:279 - Generated code: D:\STM32\sai\Core\Src\stm32h7xx_it.c
2023-04-18 14:39:34,967 [INFO] CodeEngine:255 - oldGeneratedFile, D:\STM32\sai\Core\Inc\stm32h7xx_it.h_save
2023-04-18 14:39:35,037 [INFO] CodeEngine:279 - Generated code: D:\STM32\sai\Core\Inc\stm32h7xx_it.h
2023-04-18 14:39:35,056 [INFO] CodeEngine:255 - oldGeneratedFile, D:\STM32\sai\MXTmpFiles\sai_init.tmp_save
2023-04-18 14:39:35,109 [INFO] CodeEngine:279 - Generated code: D:\STM32\sai\MXTmpFiles\sai_init.tmp
2023-04-18 14:39:35,114 [INFO] CodeEngine:255 - oldGeneratedFile, D:\STM32\sai\MXTmpFiles\sai_GV.tmp_save
2023-04-18 14:39:35,177 [INFO] CodeEngine:279 - Generated code: D:\STM32\sai\MXTmpFiles\sai_GV.tmp
2023-04-18 14:39:35,188 [INFO] CodeEngine:255 - oldGeneratedFile, D:\STM32\sai\MXTmpFiles\sai_msp.tmp_save
2023-04-18 14:39:35,270 [INFO] CodeEngine:279 - Generated code: D:\STM32\sai\MXTmpFiles\sai_msp.tmp
2023-04-18 14:39:35,362 [INFO] CodeEngine:255 - oldGeneratedFile, D:\STM32\sai\Core\Src\stm32h7xx_hal_msp.c_save
2023-04-18 14:39:35,526 [INFO] CodeEngine:279 - Generated code: D:\STM32\sai\Core\Src\stm32h7xx_hal_msp.c
2023-04-18 14:39:35,530 [INFO] CodeEngine:255 - oldGeneratedFile, D:\STM32\sai\MXTmpFiles\system.tmp_save
2023-04-18 14:39:35,601 [INFO] CodeEngine:279 - Generated code: D:\STM32\sai\MXTmpFiles\system.tmp
2023-04-18 14:39:35,618 [INFO] CodeEngine:311 - oldGeneratedFile, D:\STM32\sai\Core\Inc\stm32h7xx_hal_conf.h_save
2023-04-18 14:39:35,786 [INFO] CodeEngine:335 - Generated code: D:\STM32\sai\Core\Inc\stm32h7xx_hal_conf.h
2023-04-18 14:39:35,836 [INFO] CodeEngine:255 - oldGeneratedFile, D:\STM32\sai\Core\Inc\main.h_save
2023-04-18 14:39:35,916 [INFO] CodeEngine:279 - Generated code: D:\STM32\sai\Core\Inc\main.h
2023-04-18 14:39:35,924 [INFO] CodeEngine:255 - oldGeneratedFile, D:\STM32\sai\Core\Src\main.c_save
2023-04-18 14:39:36,091 [INFO] CodeEngine:279 - Generated code: D:\STM32\sai\Core\Src\main.c
2023-04-18 14:39:36,891 [INFO] ProjectBuilder:2996 - Time for Copy HAL[1] : 184mS.
2023-04-18 14:39:36,897 [INFO] ProjectBuilder:4304 - Project Generator version: 3.19.2
2023-04-18 14:39:37,251 [INFO] ConfigFileManager:1483 - The Die is : DIE450
2023-04-18 14:39:42,360 [INFO] ProjectBuilder:4505 - Time for Generating toolchain IDE Files: 5463mS.
2023-04-18 14:39:42,365 [INFO] ProjectBuilder:2867 - Time for Copy CMSIS : 4mS.
2023-04-18 14:39:42,366 [INFO] ProjectBuilder:2867 - Time for Copy CMSIS : 0mS.
