2024-04-20 14:29:57,725 [INFO] Activator:176 - 


2024-04-20 14:29:57,729 [INFO] Activator:177 - !SESSION log4j initialized
2024-04-20 14:30:03,941 [INFO] LogOutputStream:77 - [STDOUT_REDIRECT] 
2024-04-20 14:30:04,829 [ERROR] LogOutputStream:75 - [STDERR_REDIRECT] ??.?. 20, 2024 2:30:04 ??????? org.glassfish.grizzly.http.server.NetworkListener start
2024-04-20 14:30:04,830 [ERROR] LogOutputStream:75 - [STDERR_REDIRECT] INFO: Started listener bound to [localhost:1593]
2024-04-20 14:30:04,831 [ERROR] LogOutputStream:75 - [STDERR_REDIRECT] 
2024-04-20 14:30:04,833 [ERROR] LogOutputStream:75 - [STDERR_REDIRECT] ??.?. 20, 2024 2:30:04 ??????? org.glassfish.grizzly.http.server.HttpServer start
2024-04-20 14:30:04,834 [ERROR] LogOutputStream:75 - [STDERR_REDIRECT] INFO: [HttpServer] Started.
2024-04-20 14:30:04,834 [ERROR] LogOutputStream:75 - [STDERR_REDIRECT] 
2024-04-20 14:30:05,430 [INFO] ApplicationProperties:184 - Using Application install path: C:\ST\STM32CubeIDE_1.12.0\STM32CubeIDE\plugins\com.st.stm32cube.common.mx_6.11.0.202403141607
2024-04-20 14:30:05,444 [INFO] DbMcusXml:78 - Set database path to: C:\ST\STM32CubeIDE_1.12.0\STM32CubeIDE\plugins\com.st.stm32cube.common.mx_6.11.0.202403141607\\db\/mcu/
2024-04-20 14:30:05,445 [INFO] ApiDb:274 - Set plugin database path to: C:\ST\STM32CubeIDE_1.12.0\STM32CubeIDE\plugins\com.st.stm32cube.common.mx_6.11.0.202403141607\\db\/plugins/boardmanager/
2024-04-20 14:30:05,445 [WARN] ApiDb:259 - Overriding images path with different value:  => C:\ST\STM32CubeIDE_1.12.0\STM32CubeIDE\plugins\com.st.stm32cube.common.mx_6.11.0.202403141607\\db\/plugins/mcufinder/images/
2024-04-20 14:30:05,453 [INFO] ApiDb:250 - Set database path to: C:\Users\user\.stmcufinder\plugins\mcufinder//mcu/
2024-04-20 14:30:05,453 [INFO] DbMcusAds:125 - Set database path to: C:\Users\user\.stmcufinder\plugins\mcufinder//mcu/
2024-04-20 14:30:05,455 [INFO] CrossReferenceDbSqlite:203 - Set database path to: C:\Users\user\.stmcufinder\plugins\mcufinder//mcu/cs/
2024-04-20 14:30:05,558 [INFO] RulesReader:64 - Compatibility file has been processed (297 Rules)
2024-04-20 14:30:05,618 [INFO] DbMcusXml:78 - Set database path to: C:\ST\STM32CubeIDE_1.12.0\STM32CubeIDE\plugins\com.st.stm32cube.common.mx_6.11.0.202403141607\\db\/mcu/
2024-04-20 14:30:05,618 [INFO] ApiDb:274 - Set plugin database path to: C:\ST\STM32CubeIDE_1.12.0\STM32CubeIDE\plugins\com.st.stm32cube.common.mx_6.11.0.202403141607\\db\/plugins/boardmanager/
2024-04-20 14:30:05,618 [INFO] ApiDb:261 - Set plugin images path to: C:\ST\STM32CubeIDE_1.12.0\STM32CubeIDE\plugins\com.st.stm32cube.common.mx_6.11.0.202403141607\\db\/plugins/mcufinder/images/
2024-04-20 14:30:05,618 [WARN] DbFile:41 - Overriding database path with different value: C:\Users\user\.stmcufinder\plugins\mcufinder/ => C:\Users\user\.stmcufinder\plugins\mcufinder
2024-04-20 14:30:05,619 [INFO] ApiDb:250 - Set database path to: C:\Users\user\.stmcufinder\plugins\mcufinder//mcu/
2024-04-20 14:30:05,619 [WARN] DbFile:41 - Overriding database path with different value: C:\Users\user\.stmcufinder\plugins\mcufinder/ => C:\Users\user\.stmcufinder\plugins\mcufinder
2024-04-20 14:30:05,619 [INFO] DbMcusAds:125 - Set database path to: C:\Users\user\.stmcufinder\plugins\mcufinder//mcu/
2024-04-20 14:30:05,619 [WARN] DbFile:41 - Overriding database path with different value: C:\Users\user\.stmcufinder\plugins\mcufinder/ => C:\Users\user\.stmcufinder\plugins\mcufinder
2024-04-20 14:30:05,619 [WARN] DbFile:41 - Overriding database path with different value: C:\Users\user\.stmcufinder\plugins\mcufinder/ => C:\Users\user\.stmcufinder\plugins\mcufinder
2024-04-20 14:30:05,619 [INFO] CrossReferenceDbSqlite:203 - Set database path to: C:\Users\user\.stmcufinder\plugins\mcufinder//mcu/cs/
2024-04-20 14:30:05,699 [INFO] MainPanel:264 - HeapMemory: 268435456
2024-04-20 14:30:05,782 [INFO] DbMcusXml:78 - Set database path to: C:\ST\STM32CubeIDE_1.12.0\STM32CubeIDE\plugins\com.st.stm32cube.common.mx_6.11.0.202403141607\\db\/mcu/
2024-04-20 14:30:05,782 [INFO] ApiDb:274 - Set plugin database path to: C:\ST\STM32CubeIDE_1.12.0\STM32CubeIDE\plugins\com.st.stm32cube.common.mx_6.11.0.202403141607\\db\/plugins/boardmanager/
2024-04-20 14:30:05,782 [INFO] ApiDb:261 - Set plugin images path to: C:\ST\STM32CubeIDE_1.12.0\STM32CubeIDE\plugins\com.st.stm32cube.common.mx_6.11.0.202403141607\\db\/plugins/mcufinder/images/
2024-04-20 14:30:05,782 [WARN] DbFile:41 - Overriding database path with different value: C:\Users\user\.stmcufinder\plugins\mcufinder/ => C:\Users\user\.stmcufinder\plugins\mcufinder
2024-04-20 14:30:05,783 [INFO] ApiDb:250 - Set database path to: C:\Users\user\.stmcufinder\plugins\mcufinder//mcu/
2024-04-20 14:30:05,783 [WARN] DbFile:41 - Overriding database path with different value: C:\Users\user\.stmcufinder\plugins\mcufinder/ => C:\Users\user\.stmcufinder\plugins\mcufinder
2024-04-20 14:30:05,783 [INFO] DbMcusAds:125 - Set database path to: C:\Users\user\.stmcufinder\plugins\mcufinder//mcu/
2024-04-20 14:30:05,783 [WARN] DbFile:41 - Overriding database path with different value: C:\Users\user\.stmcufinder\plugins\mcufinder/ => C:\Users\user\.stmcufinder\plugins\mcufinder
2024-04-20 14:30:05,783 [WARN] DbFile:41 - Overriding database path with different value: C:\Users\user\.stmcufinder\plugins\mcufinder/ => C:\Users\user\.stmcufinder\plugins\mcufinder
2024-04-20 14:30:05,783 [INFO] CrossReferenceDbSqlite:203 - Set database path to: C:\Users\user\.stmcufinder\plugins\mcufinder//mcu/cs/
2024-04-20 14:30:05,798 [INFO] ApplicationProperties:184 - Using Application install path: C:\ST\STM32CubeIDE_1.12.0\STM32CubeIDE\plugins\com.st.stm32cube.common.mx_6.11.0.202403141607
2024-04-20 14:30:05,800 [INFO] PluginManage:196 - Search for loadable plugins [exclusion list=, ]
2024-04-20 14:30:05,802 [INFO] PluginManage:310 - Check plugin analytics
2024-04-20 14:30:06,141 [INFO] AnalyticsPlugin:253 - Accepted Software Licenses: STM32CubeMX.6.10.0
2024-04-20 14:30:06,142 [INFO] AnalyticsPlugin:255 - Accepted CMSIS Pack Licenses: 
2024-04-20 14:30:06,142 [INFO] AnalyticsPlugin:257 - Accepted Firmware Licenses: 
2024-04-20 14:30:06,145 [INFO] PluginManage:359 - Loaded plugin analytics (category:tool,tabindex:-1)
2024-04-20 14:30:06,146 [INFO] PluginManage:310 - Check plugin cadmodel
2024-04-20 14:30:06,153 [INFO] CADModel:105 - Init CAD model plugin
2024-04-20 14:30:06,153 [INFO] PluginManage:359 - Loaded plugin cadmodel (category:power,tabindex:5)
2024-04-20 14:30:06,153 [INFO] PluginManage:310 - Check plugin clock
2024-04-20 14:30:06,171 [INFO] PluginManage:359 - Loaded plugin clock (category:base,tabindex:2)
2024-04-20 14:30:06,171 [INFO] PluginManage:310 - Check plugin ddr
2024-04-20 14:30:06,173 [INFO] PluginManage:359 - Loaded plugin ddr (category:tool,tabindex:6)
2024-04-20 14:30:06,173 [INFO] PluginManage:310 - Check plugin filemanager
2024-04-20 14:30:06,315 [INFO] PluginManage:359 - Loaded plugin filemanager (category:base,tabindex:10)
2024-04-20 14:30:06,315 [INFO] PluginManage:310 - Check plugin ipmanager
2024-04-20 14:30:06,323 [INFO] PluginManage:359 - Loaded plugin ipmanager (category:base,tabindex:5)
2024-04-20 14:30:06,323 [INFO] PluginManage:310 - Check plugin lpbam
2024-04-20 14:30:06,333 [INFO] PluginManage:359 - Loaded plugin lpbam (category:base,tabindex:0)
2024-04-20 14:30:06,333 [INFO] PluginManage:310 - Check plugin memorymap
2024-04-20 14:30:06,349 [INFO] PluginManage:359 - Loaded plugin memorymap (category:base,tabindex:4)
2024-04-20 14:30:06,349 [INFO] PluginManage:310 - Check plugin pinoutandconfiguration
2024-04-20 14:30:06,357 [INFO] PluginManage:359 - Loaded plugin pinoutandconfiguration (category:base,tabindex:1)
2024-04-20 14:30:06,357 [INFO] PluginManage:310 - Check plugin pinoutconfig
2024-04-20 14:30:06,435 [WARN] SupportedApi:132 - Cannot load RTOS API schema: s4s-elt-must-match.1: The content of 'definitions' must match (annotation?, (simpleType | complexType)?, (unique | key | keyref)*)). A problem was found starting at: attribute.
2024-04-20 14:30:06,577 [INFO] PluginManage:359 - Loaded plugin pinoutconfig (category:base,tabindex:0)
2024-04-20 14:30:06,579 [INFO] PluginManage:310 - Check plugin power
2024-04-20 14:30:06,587 [INFO] PluginManage:359 - Loaded plugin power (category:power,tabindex:4)
2024-04-20 14:30:06,587 [INFO] PluginManage:310 - Check plugin projectmanager
2024-04-20 14:30:06,607 [INFO] PluginManage:359 - Loaded plugin projectmanager (category:projectmanager,tabindex:3)
2024-04-20 14:30:06,607 [INFO] PluginManage:310 - Check plugin thirdparty
2024-04-20 14:30:06,746 [INFO] PluginManage:359 - Loaded plugin thirdparty (category:base,tabindex:-1)
2024-04-20 14:30:06,746 [INFO] PluginManage:310 - Check plugin tools
2024-04-20 14:30:06,746 [WARN] IntegrityCheckThread:84 - waiting for thirdparty lock release [integrity check]
2024-04-20 14:30:06,747 [INFO] IntegrityCheckThread:86 - entering critical section [integrity check]
2024-04-20 14:30:06,748 [INFO] ThirdPartyUpdaterWithRetryManager:70 - Updater plugin not ready yet. [1/15]
2024-04-20 14:30:06,749 [INFO] PluginManage:359 - Loaded plugin tools (category:base,tabindex:7)
2024-04-20 14:30:06,749 [INFO] PluginManage:310 - Check plugin tutovideos
2024-04-20 14:30:06,943 [INFO] PluginManage:359 - Loaded plugin tutovideos (category:base,tabindex:-1)
2024-04-20 14:30:06,943 [INFO] PluginManage:310 - Check plugin updater
2024-04-20 14:30:06,952 [INFO] PluginManage:359 - Loaded plugin updater (category:base,tabindex:12)
2024-04-20 14:30:06,953 [INFO] PluginManage:310 - Check plugin userauth
2024-04-20 14:30:06,958 [INFO] UserAuth:114 - Init User Auth plugin
2024-04-20 14:30:06,958 [INFO] PluginManage:359 - Loaded plugin userauth (category:base,tabindex:14)
2024-04-20 14:30:06,958 [INFO] PluginManage:283 - PluginManage : Loaded plugins [17]
2024-04-20 14:30:07,141 [INFO] PinOutPanel:1561 - setPackage(No Configuration,No Configuration)
2024-04-20 14:30:07,197 [INFO] CADModel:165 - CPN selected for project level
2024-04-20 14:30:07,197 [INFO] CADModel:114 - Register for checkConnection events
2024-04-20 14:30:07,211 [INFO] IPUIPlugin:80 - create IPUIPlugin
2024-04-20 14:30:07,211 [INFO] PluginManager:220 - loadIPPluginJar : add adc
2024-04-20 14:30:07,213 [INFO] IPUIPlugin:80 - create IPUIPlugin
2024-04-20 14:30:07,213 [INFO] PluginManager:220 - loadIPPluginJar : add aes
2024-04-20 14:30:07,214 [INFO] IPUIPlugin:80 - create IPUIPlugin
2024-04-20 14:30:07,214 [INFO] PluginManager:220 - loadIPPluginJar : add can
2024-04-20 14:30:07,215 [INFO] IPUIPlugin:80 - create IPUIPlugin
2024-04-20 14:30:07,216 [INFO] PluginManager:220 - loadIPPluginJar : add comp
2024-04-20 14:30:07,218 [INFO] IPUIPlugin:80 - create IPUIPlugin
2024-04-20 14:30:07,218 [INFO] PluginManager:220 - loadIPPluginJar : add cryp
2024-04-20 14:30:07,219 [INFO] IPUIPlugin:80 - create IPUIPlugin
2024-04-20 14:30:07,219 [INFO] PluginManager:220 - loadIPPluginJar : add dfsdm
2024-04-20 14:30:07,225 [INFO] IPUIPlugin:80 - create IPUIPlugin
2024-04-20 14:30:07,225 [INFO] PluginManager:220 - loadIPPluginJar : add dma
2024-04-20 14:30:07,228 [INFO] IPUIPlugin:80 - create IPUIPlugin
2024-04-20 14:30:07,228 [INFO] PluginManager:220 - loadIPPluginJar : add dma3
2024-04-20 14:30:07,231 [INFO] IPUIPlugin:80 - create IPUIPlugin
2024-04-20 14:30:07,231 [INFO] PluginManager:220 - loadIPPluginJar : add extmemmanager
2024-04-20 14:30:07,232 [INFO] IPUIPlugin:80 - create IPUIPlugin
2024-04-20 14:30:07,232 [INFO] PluginManager:220 - loadIPPluginJar : add fatfs
2024-04-20 14:30:07,237 [INFO] IPUIPlugin:80 - create IPUIPlugin
2024-04-20 14:30:07,237 [INFO] PluginManager:220 - loadIPPluginJar : add fmc
2024-04-20 14:30:07,242 [INFO] IPUIPlugin:80 - create IPUIPlugin
2024-04-20 14:30:07,243 [INFO] PluginManager:220 - loadIPPluginJar : add freertos
2024-04-20 14:30:07,243 [INFO] IPUIPlugin:80 - create IPUIPlugin
2024-04-20 14:30:07,243 [INFO] PluginManager:220 - loadIPPluginJar : add genericplugin
2024-04-20 14:30:07,245 [INFO] IPUIPlugin:80 - create IPUIPlugin
2024-04-20 14:30:07,245 [INFO] PluginManager:220 - loadIPPluginJar : add gfxmmu
2024-04-20 14:30:07,248 [INFO] IPUIPlugin:80 - create IPUIPlugin
2024-04-20 14:30:07,249 [INFO] PluginManager:220 - loadIPPluginJar : add gic
2024-04-20 14:30:07,252 [INFO] IPUIPlugin:80 - create IPUIPlugin
2024-04-20 14:30:07,252 [INFO] PluginManager:220 - loadIPPluginJar : add gpio
2024-04-20 14:30:07,254 [INFO] IPUIPlugin:80 - create IPUIPlugin
2024-04-20 14:30:07,254 [INFO] PluginManager:220 - loadIPPluginJar : add gtzc
2024-04-20 14:30:07,255 [INFO] IPUIPlugin:80 - create IPUIPlugin
2024-04-20 14:30:07,255 [INFO] PluginManager:220 - loadIPPluginJar : add hash
2024-04-20 14:30:07,258 [INFO] IPUIPlugin:80 - create IPUIPlugin
2024-04-20 14:30:07,258 [INFO] PluginManager:220 - loadIPPluginJar : add i2c
2024-04-20 14:30:07,260 [INFO] IPUIPlugin:80 - create IPUIPlugin
2024-04-20 14:30:07,260 [INFO] PluginManager:220 - loadIPPluginJar : add i2s
2024-04-20 14:30:07,262 [INFO] IPUIPlugin:80 - create IPUIPlugin
2024-04-20 14:30:07,262 [INFO] PluginManager:220 - loadIPPluginJar : add i3c
2024-04-20 14:30:07,265 [INFO] IPUIPlugin:80 - create IPUIPlugin
2024-04-20 14:30:07,265 [INFO] PluginManager:220 - loadIPPluginJar : add ipddr
2024-04-20 14:30:07,269 [INFO] IPUIPlugin:80 - create IPUIPlugin
2024-04-20 14:30:07,269 [INFO] PluginManager:220 - loadIPPluginJar : add linkedlist
2024-04-20 14:30:07,272 [INFO] IPUIPlugin:80 - create IPUIPlugin
2024-04-20 14:30:07,272 [INFO] PluginManager:220 - loadIPPluginJar : add lorawan
2024-04-20 14:30:07,273 [INFO] IPUIPlugin:80 - create IPUIPlugin
2024-04-20 14:30:07,273 [INFO] PluginManager:220 - loadIPPluginJar : add ltdc
2024-04-20 14:30:07,277 [INFO] IPUIPlugin:80 - create IPUIPlugin
2024-04-20 14:30:07,278 [INFO] PluginManager:220 - loadIPPluginJar : add mdma
2024-04-20 14:30:07,281 [INFO] IPUIPlugin:80 - create IPUIPlugin
2024-04-20 14:30:07,281 [INFO] PluginManager:220 - loadIPPluginJar : add nvic
2024-04-20 14:30:07,283 [INFO] IPUIPlugin:80 - create IPUIPlugin
2024-04-20 14:30:07,283 [INFO] PluginManager:220 - loadIPPluginJar : add opamp
2024-04-20 14:30:07,285 [INFO] IPUIPlugin:80 - create IPUIPlugin
2024-04-20 14:30:07,285 [INFO] PluginManager:220 - loadIPPluginJar : add openamp
2024-04-20 14:30:07,287 [INFO] IPUIPlugin:80 - create IPUIPlugin
2024-04-20 14:30:07,287 [INFO] PluginManager:220 - loadIPPluginJar : add pdm2pcm
2024-04-20 14:30:07,292 [INFO] IPUIPlugin:80 - create IPUIPlugin
2024-04-20 14:30:07,294 [INFO] PluginManager:220 - loadIPPluginJar : add plateformsettings
2024-04-20 14:30:07,295 [INFO] IPUIPlugin:80 - create IPUIPlugin
2024-04-20 14:30:07,295 [INFO] PluginManager:220 - loadIPPluginJar : add quadspi
2024-04-20 14:30:07,297 [INFO] IPUIPlugin:80 - create IPUIPlugin
2024-04-20 14:30:07,297 [INFO] PluginManager:220 - loadIPPluginJar : add resmgrutility
2024-04-20 14:30:07,300 [INFO] IPUIPlugin:80 - create IPUIPlugin
2024-04-20 14:30:07,300 [INFO] PluginManager:220 - loadIPPluginJar : add sai
2024-04-20 14:30:07,302 [INFO] IPUIPlugin:80 - create IPUIPlugin
2024-04-20 14:30:07,302 [INFO] PluginManager:220 - loadIPPluginJar : add spi
2024-04-20 14:30:07,305 [INFO] IPUIPlugin:80 - create IPUIPlugin
2024-04-20 14:30:07,305 [INFO] PluginManager:220 - loadIPPluginJar : add stm32_wpan
2024-04-20 14:30:07,306 [INFO] IPUIPlugin:80 - create IPUIPlugin
2024-04-20 14:30:07,306 [INFO] PluginManager:220 - loadIPPluginJar : add tim
2024-04-20 14:30:07,308 [INFO] IPUIPlugin:80 - create IPUIPlugin
2024-04-20 14:30:07,308 [INFO] PluginManager:220 - loadIPPluginJar : add touchsensing
2024-04-20 14:30:07,310 [INFO] IPUIPlugin:80 - create IPUIPlugin
2024-04-20 14:30:07,311 [INFO] PluginManager:220 - loadIPPluginJar : add tracer_emb
2024-04-20 14:30:07,313 [INFO] IPUIPlugin:80 - create IPUIPlugin
2024-04-20 14:30:07,313 [INFO] PluginManager:220 - loadIPPluginJar : add ts
2024-04-20 14:30:07,315 [INFO] IPUIPlugin:80 - create IPUIPlugin
2024-04-20 14:30:07,315 [INFO] PluginManager:220 - loadIPPluginJar : add tsc
2024-04-20 14:30:07,317 [INFO] IPUIPlugin:80 - create IPUIPlugin
2024-04-20 14:30:07,317 [INFO] PluginManager:220 - loadIPPluginJar : add ucpd
2024-04-20 14:30:07,319 [INFO] IPUIPlugin:80 - create IPUIPlugin
2024-04-20 14:30:07,320 [INFO] PluginManager:220 - loadIPPluginJar : add usart
2024-04-20 14:30:07,322 [INFO] IPUIPlugin:80 - create IPUIPlugin
2024-04-20 14:30:07,322 [INFO] PluginManager:220 - loadIPPluginJar : add usbx
2024-04-20 14:30:07,438 [INFO] CADModel:165 - CPN selected for project level
2024-04-20 14:30:07,438 [INFO] CADModel:114 - Register for checkConnection events
2024-04-20 14:30:07,438 [FATAL] Updater:308 - Updater called before beeing initialized
2024-04-20 14:30:07,438 [ERROR] CADModel:125 - Updater not yet initialized, retry later 
2024-04-20 14:30:07,574 [INFO] CADModel:165 - CPN selected for project level
2024-04-20 14:30:07,574 [INFO] CADModel:114 - Register for checkConnection events
2024-04-20 14:30:07,574 [FATAL] Updater:308 - Updater called before beeing initialized
2024-04-20 14:30:07,574 [ERROR] CADModel:125 - Updater not yet initialized, retry later 
2024-04-20 14:30:07,578 [FATAL] Updater:308 - Updater called before beeing initialized
2024-04-20 14:30:07,676 [FATAL] Updater:308 - Updater called before beeing initialized
2024-04-20 14:30:07,679 [INFO] DbMcusAds:53 - JSON generation date=Wed Nov 29 17:52:27 ICT 2023 (1701255147349)
2024-04-20 14:30:07,679 [FATAL] Updater:308 - Updater called before beeing initialized
2024-04-20 14:30:07,711 [WARN] DetailPanel:346 - Failed to get advertising image, set to default
2024-04-20 14:30:07,777 [FATAL] Updater:308 - Updater called before beeing initialized
2024-04-20 14:30:07,779 [FATAL] Updater:308 - Updater called before beeing initialized
2024-04-20 14:30:07,779 [FATAL] Updater:308 - Updater called before beeing initialized
2024-04-20 14:30:07,779 [WARN] DetailPanel:346 - Failed to get advertising image, set to default
2024-04-20 14:30:07,779 [FATAL] Updater:308 - Updater called before beeing initialized
2024-04-20 14:30:07,820 [ERROR] Updater:1120 - MainUpdater not yet initialized. External WinMGr cannot be set.
2024-04-20 14:30:07,822 [INFO] Updater:1056 - Updater Version found : 6.11.0
2024-04-20 14:30:07,842 [INFO] ApplicationProperties:184 - Using Application install path: C:\ST\STM32CubeIDE_1.12.0\STM32CubeIDE\plugins\com.st.stm32cube.common.mx_6.11.0.202403141607
2024-04-20 14:30:09,597 [INFO] MainUpdater:2873 - connection check result : 10
2024-04-20 14:30:09,597 [INFO] MainUpdater:290 - Updater Check For Update Now.
2024-04-20 14:30:09,597 [INFO] MicroXplorer:498 - Change Database Version : DB.6.0.110
2024-04-20 14:30:09,604 [INFO] McuFinderGlobals:63 - Set McuFinder mode to 2 (CubeIDE integrated)
2024-04-20 14:30:09,605 [INFO] UserAuth:179 - activating auth plugin
2024-04-20 14:30:09,607 [INFO] UserAuth:415 - Internet connection configuration mode: 1
2024-04-20 14:30:09,626 [INFO] JxBrowserEngine:152 - Initiate JxBrowser Engine with user profile folder
2024-04-20 14:30:09,749 [WARN] MainUpdater:1194 - Updater busy. Cannot search thirdparties
2024-04-20 14:30:09,749 [INFO] ThirdPartyUpdaterWithRetryManager:96 - Updater plugin is busy. [1/15]
2024-04-20 14:30:09,803 [INFO] CheckServerUpdateThread:120 - End of CheckServer Thread
2024-04-20 14:30:10,456 [INFO] WebApp:161 - Instantiating new browser for Auth
2024-04-20 14:30:10,994 [INFO] WebApp:779 - Register for checkConnection events
2024-04-20 14:30:10,994 [INFO] WebApp:414 - Apply proxy settings
2024-04-20 14:30:10,994 [INFO] WebApp:499 - Chromium requires no authentication
2024-04-20 14:30:11,000 [INFO] WebApp:442 - Direct internet connection detected
2024-04-20 14:30:11,164 [INFO] WebApp:192 - Starting web application
2024-04-20 14:30:11,164 [INFO] WebApp:544 - Web application path used C:\ST\STM32CubeIDE_1.12.0\STM32CubeIDE\plugins\com.st.stm32cube.common.mx_6.11.0.202403141607\db\plugins\mcufinder\reactClient1\index.html
2024-04-20 14:30:12,959 [WARN] PackLoader:240 - Cannot read IP mode file for STMicroelectronics.FP-SNS-MOTENVWB1.1.4.0
2024-04-20 14:30:12,971 [WARN] PackLoader:240 - Cannot read IP mode file for STMicroelectronics.X-CUBE-SMBUS.2.1.0
2024-04-20 14:30:12,978 [WARN] PackLoader:240 - Cannot read IP mode file for STMicroelectronics.X-CUBE-TOUCHGFX.4.23.1
2024-04-20 14:30:12,992 [WARN] PackLoader:240 - Cannot read IP mode file for STMicroelectronics.X-CUBE-TOUCHGFX.4.23.0
2024-04-20 14:30:13,083 [WARN] PackLoader:240 - Cannot read IP mode file for STMicroelectronics.X-CUBE-TOUCHGFX.4.23.2
2024-04-20 14:30:13,116 [WARN] PackLoader:240 - Cannot read IP mode file for STMicroelectronics.X-CUBE-AZRTOS-F7.1.1.0
2024-04-20 14:30:13,127 [WARN] PackLoader:240 - Cannot read IP mode file for STMicroelectronics.FP-SNS-MOTENV1.4.3.2
2024-04-20 14:30:13,134 [WARN] PackLoader:240 - Cannot read IP mode file for STMicroelectronics.FP-SNS-FLIGHT1.5.0.2
2024-04-20 14:30:13,143 [WARN] PackLoader:240 - Cannot read IP mode file for STMicroelectronics.X-CUBE-DISPLAY.3.0.0
2024-04-20 14:30:13,153 [WARN] PackLoader:240 - Cannot read IP mode file for STMicroelectronics.X-CUBE-BLE1.7.0.0
2024-04-20 14:30:13,160 [WARN] PackLoader:240 - Cannot read IP mode file for emotas.I-CUBE-CANOPEN.1.3.0
2024-04-20 14:30:13,192 [WARN] PackLoader:240 - Cannot read IP mode file for STMicroelectronics.X-CUBE-TOUCHGFX.4.22.0
2024-04-20 14:30:13,227 [WARN] PackLoader:240 - Cannot read IP mode file for STMicroelectronics.X-CUBE-TOUCHGFX.4.22.1
2024-04-20 14:30:13,267 [WARN] PackLoader:240 - Cannot read IP mode file for STMicroelectronics.X-CUBE-BLEMGR.3.1.0
2024-04-20 14:30:13,275 [WARN] PackLoader:240 - Cannot read IP mode file for STMicroelectronics.FP-SNS-SMARTAG2.1.2.0
2024-04-20 14:30:13,285 [INFO] LogOutputStream:77 - [STDOUT_REDIRECT] 1 : Invalid condition id : UX_CORESTACK_Condition cause : null
2024-04-20 14:30:13,286 [INFO] LogOutputStream:77 - [STDOUT_REDIRECT] 1 : Invalid condition id : UX_CORESTACK_Condition cause : null
2024-04-20 14:30:13,287 [INFO] LogOutputStream:77 - [STDOUT_REDIRECT] 1 : Invalid condition id : UX_CORESTACK_Condition cause : null
2024-04-20 14:30:13,287 [INFO] LogOutputStream:77 - [STDOUT_REDIRECT] 1 : Invalid condition id : UX_CORESTACK_Condition cause : null
2024-04-20 14:30:13,288 [INFO] LogOutputStream:77 - [STDOUT_REDIRECT] 1 : Invalid condition id : UX_CORESTACK_Condition cause : null
2024-04-20 14:30:13,291 [WARN] PackLoader:240 - Cannot read IP mode file for STMicroelectronics.X-CUBE-AZRTOS-WL.2.0.0
2024-04-20 14:30:13,297 [WARN] PackLoader:240 - Cannot read IP mode file for STMicroelectronics.FP-SNS-MOTENV1.5.0.0
2024-04-20 14:30:13,307 [WARN] PackLoader:240 - Cannot read IP mode file for WES.I-CUBE-Cesium.1.3.0
2024-04-20 14:30:13,311 [WARN] PackLoader:240 - Cannot read IP mode file for STMicroelectronics.X-CUBE-BLE2.3.3.0
2024-04-20 14:30:13,316 [WARN] PackLoader:240 - Cannot read IP mode file for STMicroelectronics.X-CUBE-TOUCHGFX.4.18.0
2024-04-20 14:30:13,345 [WARN] PackLoader:240 - Cannot read IP mode file for STMicroelectronics.X-CUBE-TCPP.4.1.0
2024-04-20 14:30:13,353 [WARN] PackLoader:240 - Cannot read IP mode file for STMicroelectronics.X-CUBE-TOUCHGFX.4.21.1
2024-04-20 14:30:13,391 [WARN] PackLoader:240 - Cannot read IP mode file for STMicroelectronics.X-CUBE-TOUCHGFX.4.21.0
2024-04-20 14:30:13,422 [WARN] PackLoader:240 - Cannot read IP mode file for STMicroelectronics.X-CUBE-TOUCHGFX.4.21.4
2024-04-20 14:30:13,450 [WARN] PackLoader:240 - Cannot read IP mode file for STMicroelectronics.X-CUBE-ALGOBUILD.1.3.0
2024-04-20 14:30:13,463 [WARN] PackLoader:240 - Cannot read IP mode file for STMicroelectronics.X-CUBE-AZRTOS-G0.1.1.0
2024-04-20 14:30:13,471 [WARN] PackLoader:240 - Cannot read IP mode file for STMicroelectronics.X-CUBE-SAFEA1.1.2.2
2024-04-20 14:30:13,475 [WARN] PackLoader:240 - Cannot read IP mode file for STMicroelectronics.X-CUBE-NFC4.3.0.0
2024-04-20 14:30:13,483 [WARN] PackLoader:240 - Cannot read IP mode file for STMicroelectronics.X-CUBE-BLEMGR.3.0.0
2024-04-20 14:30:13,488 [WARN] PackLoader:240 - Cannot read IP mode file for STMicroelectronics.FP-ATR-SIGFOX1.3.2.0
2024-04-20 14:30:13,493 [WARN] PackLoader:240 - Cannot read IP mode file for STMicroelectronics.X-CUBE-EEPRMA1.5.1.0
2024-04-20 14:30:13,520 [WARN] PackLoader:240 - Cannot read IP mode file for SEGGER.I-CUBE-embOS.1.3.1
2024-04-20 14:30:13,554 [WARN] PackLoader:240 - Cannot read IP mode file for STMicroelectronics.X-CUBE-GNSS1.6.0.0
2024-04-20 14:30:13,574 [WARN] PackLoader:240 - Cannot read IP mode file for STMicroelectronics.X-CUBE-AZRTOS-F4.1.1.0
2024-04-20 14:30:13,581 [WARN] PackLoader:240 - Cannot read IP mode file for wolfSSL.I-CUBE-wolfSSL.5.6.6
2024-04-20 14:30:13,605 [WARN] PackLoader:240 - Cannot read IP mode file for STMicroelectronics.X-CUBE-AZRTOS-L5.2.0.0
2024-04-20 14:30:13,613 [WARN] PackLoader:240 - Cannot read IP mode file for STMicroelectronics.X-CUBE-EEPRMA1.4.2.0
2024-04-20 14:30:13,620 [WARN] PackLoader:240 - Cannot read IP mode file for STMicroelectronics.X-CUBE-NFC6.3.1.0
2024-04-20 14:30:13,630 [WARN] PackLoader:240 - Cannot read IP mode file for ITTIA_DB.I-CUBE-ITTIADB.8.8.0
2024-04-20 14:30:13,653 [WARN] PackLoader:240 - Cannot read IP mode file for emotas.I-CUBE-CANOPEN.1.1.3
2024-04-20 14:30:13,676 [WARN] PackLoader:240 - Cannot read IP mode file for STMicroelectronics.X-CUBE-AI.9.0.0
2024-04-20 14:30:13,692 [WARN] ConditionMgr:438 - getConditionDescription Invalid condition id : UX DEVICE CLASS RTOS Condition cause : null
2024-04-20 14:30:13,693 [WARN] ConditionMgr:438 - getConditionDescription Invalid condition id : UX DEVICE CLASS RTOS Condition cause : null
2024-04-20 14:30:13,700 [WARN] PackLoader:240 - Cannot read IP mode file for STMicroelectronics.X-CUBE-AZRTOS-H7.3.1.0
2024-04-20 14:30:13,701 [WARN] ConditionMgr:1039 - genDependencies : Invalid condition id : UX DEVICE CLASS RTOS Condition cause : null
2024-04-20 14:30:13,702 [WARN] ConditionMgr:1039 - genDependencies : Invalid condition id : UX DEVICE CLASS RTOS Condition cause : null
2024-04-20 14:30:13,702 [WARN] ConditionMgr:1039 - genDependencies : Invalid condition id : UX DEVICE CLASS RTOS Condition cause : null
2024-04-20 14:30:13,703 [WARN] ConditionMgr:1039 - genDependencies : Invalid condition id : UX DEVICE CLASS RTOS Condition cause : null
2024-04-20 14:30:13,703 [WARN] ConditionMgr:1039 - genDependencies : Invalid condition id : UX DEVICE CLASS RTOS Condition cause : null
2024-04-20 14:30:13,708 [WARN] ConditionMgr:438 - getConditionDescription Invalid condition id : UX DEVICE CLASS RTOS Condition cause : null
2024-04-20 14:30:13,709 [WARN] ConditionMgr:438 - getConditionDescription Invalid condition id : UX DEVICE CLASS RTOS Condition cause : null
2024-04-20 14:30:13,812 [WARN] PackLoader:240 - Cannot read IP mode file for STMicroelectronics.X-CUBE-NFC7.1.0.1
2024-04-20 14:30:13,818 [WARN] PackLoader:240 - Cannot read IP mode file for STMicroelectronics.X-CUBE-NFC6.3.0.0
2024-04-20 14:30:13,823 [WARN] PackLoader:240 - Cannot read IP mode file for STMicroelectronics.X-CUBE-AI.8.1.0
2024-04-20 14:30:13,836 [WARN] ConditionMgr:438 - getConditionDescription Invalid condition id : LAN8742 Phy interface Condition cause : null
2024-04-20 14:30:13,837 [WARN] PackLoader:240 - Cannot read IP mode file for STMicroelectronics.X-CUBE-AZRTOS-L4.2.0.0
2024-04-20 14:30:13,838 [WARN] ConditionMgr:1039 - genDependencies : Invalid condition id : LAN8742 Phy interface Condition cause : null
2024-04-20 14:30:13,838 [WARN] ConditionMgr:1039 - genDependencies : Invalid condition id : LAN8742 Phy interface Condition cause : null
2024-04-20 14:30:13,839 [WARN] ConditionMgr:1039 - genDependencies : Invalid condition id : LAN8742 Phy interface Condition cause : null
2024-04-20 14:30:13,846 [WARN] PackLoader:240 - Cannot read IP mode file for STMicroelectronics.X-CUBE-SFXS2LP1.4.0.0
2024-04-20 14:30:13,864 [WARN] ConditionMgr:438 - getConditionDescription Invalid condition id : UX DEVICE CLASS RTOS Condition cause : null
2024-04-20 14:30:13,864 [WARN] ConditionMgr:438 - getConditionDescription Invalid condition id : UX DEVICE CLASS RTOS Condition cause : null
2024-04-20 14:30:13,866 [WARN] PackLoader:240 - Cannot read IP mode file for STMicroelectronics.X-CUBE-AZRTOS-WB.2.0.0
2024-04-20 14:30:13,867 [WARN] ConditionMgr:1039 - genDependencies : Invalid condition id : UX DEVICE CLASS RTOS Condition cause : null
2024-04-20 14:30:13,867 [WARN] ConditionMgr:1039 - genDependencies : Invalid condition id : UX DEVICE CLASS RTOS Condition cause : null
2024-04-20 14:30:13,867 [WARN] ConditionMgr:1039 - genDependencies : Invalid condition id : UX DEVICE CLASS RTOS Condition cause : null
2024-04-20 14:30:13,867 [WARN] ConditionMgr:1039 - genDependencies : Invalid condition id : UX DEVICE CLASS RTOS Condition cause : null
2024-04-20 14:30:13,868 [WARN] ConditionMgr:1039 - genDependencies : Invalid condition id : UX DEVICE CLASS RTOS Condition cause : null
2024-04-20 14:30:13,876 [WARN] PackLoader:240 - Cannot read IP mode file for STMicroelectronics.X-CUBE-SUBG2.5.0.0
2024-04-20 14:30:13,891 [WARN] PackLoader:240 - Cannot read IP mode file for STMicroelectronics.X-CUBE-TOF1.3.3.1
2024-04-20 14:30:13,943 [WARN] PackLoader:240 - Cannot read IP mode file for STMicroelectronics.X-CUBE-AZRTOS-G4.2.0.0
2024-04-20 14:30:13,957 [WARN] PackLoader:240 - Cannot read IP mode file for STMicroelectronics.X-CUBE-TOF1.3.3.0
2024-04-20 14:30:14,006 [WARN] PackLoader:240 - Cannot read IP mode file for Infineon.AIROC-Wi-Fi-Bluetooth-STM32.1.5.1
2024-04-20 14:30:14,013 [WARN] PackLoader:240 - Cannot read IP mode file for STMicroelectronics.FP-SNS-MOTENVWB1.1.3.1
2024-04-20 14:30:14,017 [WARN] PackLoader:240 - Cannot read IP mode file for STMicroelectronics.X-CUBE-ISPU.2.0.0
2024-04-20 14:30:14,060 [WARN] PackLoader:240 - Cannot read IP mode file for STMicroelectronics.X-CUBE-MEMS1.10.0.0
2024-04-20 14:30:14,157 [WARN] PackLoader:240 - Cannot read IP mode file for STMicroelectronics.X-CUBE-FREERTOS.1.1.0
2024-04-20 14:30:14,162 [WARN] PackLoader:240 - Cannot read IP mode file for portGmbH.I-Cube-SoM-uGOAL.1.1.0
2024-04-20 14:30:14,166 [WARN] PackLoader:240 - Cannot read IP mode file for STMicroelectronics.X-CUBE-ALS.1.0.1
2024-04-20 14:30:14,180 [WARN] PackLoader:240 - Cannot read IP mode file for STMicroelectronics.X-CUBE-AZRTOS-H7RS.1.0.0
2024-04-20 14:30:14,186 [WARN] PackLoader:240 - Cannot read IP mode file for STMicroelectronics.FP-ATR-ASTRA1.2.0.0
2024-04-20 14:30:14,194 [WARN] PackLoader:240 - Cannot read IP mode file for STMicroelectronics.X-CUBE-TOF1.3.4.0
2024-04-20 14:30:14,274 [WARN] PackLoader:240 - Cannot read IP mode file for STMicroelectronics.X-CUBE-TOF1.3.4.1
2024-04-20 14:30:14,307 [WARN] PackLoader:240 - Cannot read IP mode file for STMicroelectronics.X-CUBE-AZRTOS-H7.3.2.0
2024-04-20 14:30:14,402 [INFO] ThirdParty:978 - Integrity check success = true
2024-04-20 14:30:14,402 [INFO] IntegrityCheckThread:100 - exiting critical section [integrity check]
2024-04-20 14:30:14,402 [INFO] IntegrityCheckThread:103 - End integrity checks thread
2024-04-20 16:15:21,839 [INFO] McuFinderGlobals:63 - Set McuFinder mode to 2 (CubeIDE integrated)
2024-04-20 16:15:21,851 [INFO] MainUpdater:2873 - connection check result : 10
2024-04-20 16:15:21,852 [INFO] MainUpdater:2873 - connection check result : 10
2024-04-20 16:15:21,958 [INFO] MicroXplorer:468 - Change Database Path : 
2024-04-20 16:15:21,959 [INFO] MicroXplorer:498 - Change Database Version : DB.6.0.110
2024-04-20 16:15:21,970 [WARN] ThirdParty:871 - waiting for thirdparty lock release [close project]
2024-04-20 16:15:21,970 [INFO] ThirdParty:873 - entering critical section [close project]
2024-04-20 16:15:21,977 [INFO] ThirdParty:883 - exiting critical section [close project]
2024-04-20 16:15:21,983 [INFO] PinOutPanel:1561 - setPackage(No Configuration,No Configuration)
2024-04-20 16:15:21,991 [INFO] UtilMem:75 - Begin LoadConfig() Used Memory: 348384856 Bytes (912261120)
2024-04-20 16:15:28,887 [INFO] ServerAccessManage:473 - Download File stm32cube_db_v6021.zip
2024-04-20 16:15:34,200 [INFO] FileExtend:240 - Unzip File : stm32cube_db_v6021.zip
2024-04-20 16:15:34,200 [INFO] FileExtend:255 - Standard Zip Deflate
2024-04-20 16:15:36,809 [INFO] LoadServerPackagesThread:196 - End of LoadServerPackages Thread
2024-04-20 16:15:37,013 [INFO] CheckServerUpdateThread:120 - End of CheckServer Thread
2024-04-20 16:16:08,423 [INFO] McuFinderGlobals:63 - Set McuFinder mode to 2 (CubeIDE integrated)
2024-04-20 16:16:08,424 [INFO] UserAuth:179 - activating auth plugin
2024-04-20 16:16:08,429 [INFO] UserAuth:415 - Internet connection configuration mode: 1
2024-04-20 16:16:14,057 [INFO] MainUpdater:2873 - connection check result : 10
2024-04-20 16:16:14,058 [INFO] MainUpdater:2873 - connection check result : 10
2024-04-20 16:16:14,064 [INFO] MicroXplorer:468 - Change Database Path : 
2024-04-20 16:16:14,064 [INFO] MicroXplorer:498 - Change Database Version : DB.6.0.110
2024-04-20 16:16:14,064 [WARN] ThirdParty:871 - waiting for thirdparty lock release [close project]
2024-04-20 16:16:14,064 [INFO] ThirdParty:873 - entering critical section [close project]
2024-04-20 16:16:14,064 [INFO] ThirdParty:883 - exiting critical section [close project]
2024-04-20 16:16:14,066 [INFO] PinOutPanel:1561 - setPackage(No Configuration,No Configuration)
2024-04-20 16:16:14,066 [INFO] UtilMem:75 - Begin LoadConfig() Used Memory: 628888352 Bytes (1073741824)
2024-04-20 16:16:14,075 [INFO] MicroXplorer:468 - Change Database Path : C:/Users/user/.stm32cubemx/databases/DB.6.0.21/db/
2024-04-20 16:16:14,075 [INFO] MicroXplorer:498 - Change Database Version : DB.6.0.21
2024-04-20 16:16:15,360 [INFO] MicroXplorer:468 - Change Database Path : 
2024-04-20 16:16:15,360 [INFO] MicroXplorer:498 - Change Database Version : DB.6.0.110
2024-04-20 16:16:15,360 [INFO] OpenFileManager:312 - Change cursor
2024-04-20 16:16:15,547 [INFO] ApiDb:581 - Connected to CubeFinder SQLite database (C:\Users\user\.stmcufinder\plugins\mcufinder\mcu\cube-finder-db.db)
2024-04-20 16:16:15,608 [INFO] ApiDb:668 - CubeFinder database Data Model version=2.1
2024-04-20 16:16:15,608 [INFO] ApiDb:669 - CubeFinder database Configuration version=3.0.39
2024-04-20 16:16:15,610 [INFO] ApiDb:670 - CubeFinder database generation date=2024-03-01 (1709305525)
2024-04-20 16:16:15,610 [INFO] ApiDb:671 - CubeFinder database FW Pack versions=[FP-ATR-ASTRA1_V2.0.0, FP-SNS-FLIGHT1_V5.0.1, FP-SNS-FLIGHT1_V5.0.2, FP-SNS-MOTENV1_V4.3.1, FP-SNS-MOTENV1_V4.3.2, FP-SNS-MOTENVWB1_V1.3.1, FP-SNS-SMARTAG2_V1.2.0, STM32Cube_FW_C0_V1.1.0, STM32Cube_FW_F4_V1.28.0, STM32Cube_FW_F7_V1.17.0, STM32Cube_FW_G0_V1.6.2, STM32Cube_FW_G4_V1.5.2, STM32Cube_FW_H5_V0.5.1, STM32Cube_FW_H5_V1.1.1, STM32Cube_FW_H5_V1.2.0, STM32Cube_FW_H5_V1.2.0RC4, STM32Cube_FW_H7RS_V1.0.0, STM32Cube_FW_H7RS_V1.0.0RC4, STM32Cube_FW_H7_V1.11.0, STM32Cube_FW_L0_V1.12.2, STM32Cube_FW_L5_V1.5.1, STM32Cube_FW_U0_V1.0.0, STM32Cube_FW_U0_V1.0.0RC1, STM32Cube_FW_U5_V1.3.0RC4, STM32Cube_FW_U5_V1.5.0, STM32Cube_FW_U5_V1.5.0RC1, STM32Cube_FW_WBA_V1.0.0RC1, STM32Cube_FW_WBA_V1.2.0, STM32Cube_FW_WBA_V1.2.0RC2, STM32Cube_FW_WBA_V1.3.0, STM32Cube_FW_WBA_V1.3.0RC1, STM32Cube_FW_WB_V1.15.0RC1, STM32Cube_FW_WB_V1.16.0, STM32Cube_FW_WB_V1.16.0RC2, STM32Cube_FW_WB_V1.18.0, STM32Cube_FW_WB_V1.19.0, STM32Cube_FW_WL_V1.3.0, X-CUBE-ALGOBUILD_V1.3.0, X-CUBE-ALS_V1.0.1, X-CUBE-AZRTOS-F4_V1.1.0, X-CUBE-AZRTOS-F7_V1.1.0, X-CUBE-AZRTOS-G0_V1.1.0, X-CUBE-AZRTOS-G4_V2.0.0, X-CUBE-AZRTOS-H7_V3.2.0, X-CUBE-AZRTOS-L4_V1.0.0, X-CUBE-AZRTOS-L4_V2.0.0, X-CUBE-AZRTOS-L5_V1.1.0, X-CUBE-AZRTOS-WB_V2.0.0, X-CUBE-AZRTOS-WL_V2.0.0, X-CUBE-BLE1_V7.0.0, X-CUBE-BLE2_V3.3.0, X-CUBE-BLEMGR_V3.1.0, X-CUBE-EEPRMA1_V4.1.0, X-CUBE-EEPRMA1_V5.1.0, X-CUBE-FREERTOS_V1.1.0, X-CUBE-GNSS1_V6.0.0, X-CUBE-MEMS1_V10.0.0, X-CUBE-MEMS1_V9.1.0, X-CUBE-MEMS1_V9.4.0, X-CUBE-MEMS1_V9.6.0, X-CUBE-NFC4_V3.0.0, X-CUBE-NFC7_V1.0.1, X-CUBE-SFXS2LP1_V4.0.0, X-CUBE-SUBG2_V5.0.0, X-CUBE-TOF1_V3.4.0]
2024-04-20 16:16:15,724 [INFO] DbBoardsSqlite:226 - include board P-NUCLEO-WB55-NUCLEO as a kit item of type 'Nucleo-64'
2024-04-20 16:16:15,725 [INFO] DbBoardsSqlite:226 - include board P-NUCLEO-WB55-USBDONGLE as a kit item of type 'Nucleo USB Dongle'
2024-04-20 16:16:15,726 [INFO] DbBoardsSqlite:226 - include board STEVAL-IDP005V1 as a kit item of type 'Evaluation Board'
2024-04-20 16:16:15,727 [INFO] DbBoardsSqlite:226 - include board STEVAL-IDP005V2 as a kit item of type 'Evaluation Board'
2024-04-20 16:16:15,971 [INFO] ApiDb:240 - Found 483 in-development CPN: [B-G473E-ZEST1S, B-WB1M-WPAN1, B-WL5M-SUBG1, NUCLEO-C031C6, NUCLEO-H503RB, NUCLEO-H533RE, NUCLEO-H563ZI, NUCLEO-H7S3L8, NUCLEO-U031R8, NUCLEO-U083RC, NUCLEO-U545RE-Q, NUCLEO-U5A5ZJ-Q, NUCLEO-WBA52CG, NUCLEO-WBA55CG, STEVAL-PROTEUS1, STEVAL-SMARTAG2, STEVAL-STWINBX1, STM320518-EVAL, STM32C0116-DK, STM32C011D6Y3TR, STM32C011D6Y6TR, STM32C011F4P3, STM32C011F4P6, STM32C011F4U3, STM32C011F4U6TR, STM32C011F6P3, STM32C011F6P6, STM32C011F6U3, STM32C011F6U6TR, STM32C011J4M3, STM32C011J4M6, STM32C011J6M3, STM32C011J6M6, STM32C0316-DK, STM32C031C4T3, STM32C031C4T6, STM32C031C4U3, STM32C031C4U6, STM32C031C6T3, STM32C031C6T6, STM32C031C6U3, STM32C031C6U6, STM32C031F4P3, STM32C031F4P6, STM32C031F6P3, STM32C031F6P6, STM32C031G4U3, STM32C031G4U6, STM32C031G6U3, STM32C031G6U6, STM32C031K4T3, STM32C031K4T6, STM32C031K4U3, STM32C031K4U6, STM32C031K6T3, STM32C031K6T6, STM32C031K6U3, STM32C031K6U6, STM32G071K8TXN, STM32G071K8UXN, STM32G081GBU6N, STM32G081KBT6N, STM32G081KBUXN, STM32G0B1CCT6N, STM32G0B1KCT6, STM32G0B1NEY6TR, STM32G0B1RCT6N, STM32G0C1CCT6, STM32G0C1CCT6N, STM32G0C1CCU6N, STM32G0C1CET6N, STM32G0C1CEU6N, STM32G0C1KCT6, STM32G0C1NEY6TR, STM32G0C1RCI6N, STM32G0C1RCT6N, STM32G0C1REI6N, STM32G0C1RET6N, STM32G0C1VCI6, STM32G0C1VEI6, STM32G471CCT6, STM32G471CCU6, STM32G471CET3, STM32G471CET6, STM32G471CEU3, STM32G471CEU6, STM32G471MCT6, STM32G471MET3, STM32G471MET6, STM32G471MEY6TR, STM32G471QCT6, STM32G471QET3, STM32G471RCT6, STM32G471RET3, STM32G471RET6, STM32G471VCH6, STM32G471VCI6, STM32G471VCT6, STM32G471VEH3, STM32G471VEH6, STM32G471VEI3, STM32G471VEI6, STM32G471VET3, STM32G471VET6, STM32G474CCT6, STM32H503CBT6, STM32H503CBU6, STM32H503EBY6TR, STM32H503KBU6, STM32H503RBT6, STM32H523CCT6, STM32H523CCU6, STM32H523CET6, STM32H523CEU6, STM32H523HEY6TR, STM32H523RCT6, STM32H523RET6, STM32H523VCI6, STM32H523VCT6, STM32H523VEI6, STM32H523VET6, STM32H523ZCJ6, STM32H523ZCT6, STM32H523ZEJ6, STM32H523ZET6, STM32H533CET6, STM32H533CEU6, STM32H533HEY6TR, STM32H533RET6, STM32H533VEI6, STM32H533VET6, STM32H533ZEJ6, STM32H533ZET6, STM32H562AGI6, STM32H562AII6, STM32H562IGK6, STM32H562IGT6, STM32H562IIK6, STM32H562IIT6, STM32H562RGT6, STM32H562RGV6, STM32H562RIT6, STM32H562RIV6, STM32H562VGT6, STM32H562VIT6, STM32H562ZGT6, STM32H562ZIT6, STM32H563AGI6, STM32H563AII3Q, STM32H563AII6, STM32H563IGK6, STM32H563IGT6, STM32H563IIK3Q, STM32H563IIK6, STM32H563IIT3Q, STM32H563IIT6, STM32H563MIY3QTR, STM32H563RGT6, STM32H563RGV6, STM32H563RIT6, STM32H563RIV6, STM32H563VGT6, STM32H563VIT3Q, STM32H563VIT6, STM32H563ZGT6, STM32H563ZIT3Q, STM32H563ZIT6, STM32H573AII3Q, STM32H573AII6, STM32H573I-DK, STM32H573IIK3Q, STM32H573IIK6, STM32H573IIT3Q, STM32H573IIT6, STM32H573MIY3QTR, STM32H573RIT6, STM32H573RIV6, STM32H573VIT3Q, STM32H573VIT6, STM32H573ZIT3Q, STM32H573ZIT6, STM32H7R3A8I6, STM32H7R3I8K6, STM32H7R3I8T6, STM32H7R3L8H6, STM32H7R3L8H6H, STM32H7R3R8V6, STM32H7R3V8H6, STM32H7R3V8T6, STM32H7R3V8Y6, STM32H7R3Z8J6, STM32H7R3Z8T6, STM32H7R7A8I6, STM32H7R7I8K6, STM32H7R7I8T6, STM32H7R7L8H6, STM32H7R7L8H6H, STM32H7R7Z8J6, STM32H7S3A8I6, STM32H7S3I8K6, STM32H7S3I8T6, STM32H7S3L8H6, STM32H7S3L8H6H, STM32H7S3R8V6, STM32H7S3V8H6, STM32H7S3V8T6, STM32H7S3V8Y6, STM32H7S3Z8J6, STM32H7S3Z8T6, STM32H7S78-DK, STM32H7S7A8I6, STM32H7S7I8K6, STM32H7S7I8T6, STM32H7S7L8H6, STM32H7S7L8H6H, STM32H7S7Z8J6, STM32L4R5QGI6STR, STM32MP131AAE3, STM32MP131AAF3, STM32MP131AAG3, STM32MP131CAE3, STM32MP131CAF3, STM32MP131CAG3, STM32MP131DAE7, STM32MP131DAF7, STM32MP131DAG7, STM32MP131FAE7, STM32MP131FAF7, STM32MP131FAG7, STM32MP133AAE3, STM32MP133AAF3, STM32MP133AAG3, STM32MP133CAE3, STM32MP133CAF3, STM32MP133CAG3, STM32MP133DAE7, STM32MP133DAF7, STM32MP133DAG7, STM32MP133FAE7, STM32MP133FAF7, STM32MP133FAG7, STM32MP135AAE3, STM32MP135AAF3, STM32MP135AAG3, STM32MP135CAE3, STM32MP135CAF3, STM32MP135CAG3, STM32MP135DAE7, STM32MP135DAF7, STM32MP135DAG7, STM32MP135F-DK, STM32MP135FAE7, STM32MP135FAF7, STM32MP135FAF7T, STM32MP135FAF7U, STM32MP135FAG7, STM32U031C6T6, STM32U031C6U6, STM32U031C8T6, STM32U031C8U6, STM32U031F4P6, STM32U031F6P6, STM32U031F8P6, STM32U031G6Y6TR, STM32U031G8Y6TR, STM32U031K4U6, STM32U031K6U6, STM32U031K8U6, STM32U031R6I6, STM32U031R6T6, STM32U031R8I6, STM32U031R8T6, STM32U073C8T6, STM32U073C8U6, STM32U073CBT6, STM32U073CBU6, STM32U073CCT6, STM32U073CCU6, STM32U073H8Y6TR, STM32U073HBY6TR, STM32U073HCY6TR, STM32U073K8U6, STM32U073KBU6, STM32U073KCU6, STM32U073M8I6, STM32U073M8T6, STM32U073MBI6, STM32U073MBT6, STM32U073MCI6, STM32U073MCT6, STM32U073R8I6, STM32U073R8T6, STM32U073RBI6, STM32U073RBT6, STM32U073RCI6, STM32U073RCT6, STM32U083C-DK, STM32U083CCT6, STM32U083CCU6, STM32U083HCY6TR, STM32U083KCU6, STM32U083MCI6, STM32U083MCT6, STM32U083RCI6, STM32U083RCT6, STM32U535CBT6, STM32U535CBT6Q, STM32U535CBU6, STM32U535CBU6Q, STM32U535CCT6, STM32U535CCT6Q, STM32U535CCU6, STM32U535CCU6Q, STM32U535CET6, STM32U535CET6Q, STM32U535CEU6, STM32U535CEU6Q, STM32U535JEY6QTR, STM32U535NCY6QTR, STM32U535NEY6QTR, STM32U535RBI6, STM32U535RBI6Q, STM32U535RBT6, STM32U535RBT6Q, STM32U535RCI6, STM32U535RCI6Q, STM32U535RCT6, STM32U535RCT6Q, STM32U535REI6, STM32U535REI6Q, STM32U535RET6, STM32U535RET6Q, STM32U535VCI6, STM32U535VCI6Q, STM32U535VCT6, STM32U535VCT6Q, STM32U535VEI6, STM32U535VEI6Q, STM32U535VET6, STM32U535VET6Q, STM32U545CET6, STM32U545CET6Q, STM32U545CEU6, STM32U545CEU6Q, STM32U545JEY6QTR, STM32U545NEY6QTR, STM32U545REI6, STM32U545REI6Q, STM32U545RET6, STM32U545RET6Q, STM32U545VEI6, STM32U545VEI6Q, STM32U545VET6, STM32U545VET6Q, STM32U595AIH6, STM32U595AIH6Q, STM32U595AJH6, STM32U595AJH6Q, STM32U595QII6, STM32U595QII6Q, STM32U595QJI6, STM32U595QJI6Q, STM32U595RIT6, STM32U595RIT6Q, STM32U595RJT6, STM32U595RJT6Q, STM32U595VIT6, STM32U595VIT6Q, STM32U595VJT6, STM32U595VJT6Q, STM32U595ZIT6, STM32U595ZIT6Q, STM32U595ZIY6QTR, STM32U595ZJT6, STM32U595ZJT6Q, STM32U595ZJY6QTR, STM32U599BJY6QTR, STM32U599NIH6Q, STM32U599NJH6Q, STM32U599VIT6Q, STM32U599VJT6, STM32U599VJT6Q, STM32U599ZIT6Q, STM32U599ZIY6QTR, STM32U599ZJT6Q, STM32U599ZJY6QTR, STM32U5A5AJH6, STM32U5A5AJH6Q, STM32U5A5QII3Q , STM32U5A5QJI6, STM32U5A5QJI6Q, STM32U5A5RJT6, STM32U5A5RJT6Q, STM32U5A5VJT6, STM32U5A5VJT6Q, STM32U5A5ZJT6, STM32U5A5ZJT6Q, STM32U5A5ZJY6QTR, STM32U5A9BJY6QTR, STM32U5A9J-DK, STM32U5A9NJH6Q, STM32U5A9VJT6Q, STM32U5A9ZJT6Q, STM32U5A9ZJY6QTR, STM32U5F7VIT6, STM32U5F7VIT6Q, STM32U5F7VJT6, STM32U5F7VJT6Q, STM32U5F9BJY6QTR, STM32U5F9NJH6Q, STM32U5F9VIT6Q, STM32U5F9VJT6Q, STM32U5F9ZIJ6QTR, STM32U5F9ZIT6Q, STM32U5F9ZJJ6QTR, STM32U5F9ZJT6Q, STM32U5G7VJT6, STM32U5G7VJT6Q, STM32U5G9BJY6QTR, STM32U5G9J-DK1, STM32U5G9J-DK2, STM32U5G9NJH6Q, STM32U5G9VJT6Q, STM32U5G9ZJJ6QTR, STM32U5G9ZJT6Q, STM32WB1MMCH6, STM32WBA50KEU6, STM32WBA50KEU6TR, STM32WBA50KGU6, STM32WBA50KGU6TR, STM32WBA52CEU6, STM32WBA52CEU6TR, STM32WBA52CEU7, STM32WBA52CEU7TR, STM32WBA52CGU6, STM32WBA52CGU6TR, STM32WBA52CGU6U, STM32WBA52CGU7, STM32WBA52CGU7TR, STM32WBA52KEU6, STM32WBA52KEU6TR, STM32WBA52KGU6, STM32WBA52KGU6TR, STM32WBA54CEU6, STM32WBA54CEU6TR, STM32WBA54CEU7, STM32WBA54CEU7TR, STM32WBA54CGU6, STM32WBA54CGU6TR, STM32WBA54CGU7, STM32WBA54CGU7TR, STM32WBA54KEU6, STM32WBA54KEU6TR, STM32WBA54KEU7, STM32WBA54KEU7TR, STM32WBA54KGU6, STM32WBA54KGU6TR, STM32WBA54KGU7, STM32WBA54KGU7TR, STM32WBA55CEU6, STM32WBA55CEU6TR, STM32WBA55CEU7, STM32WBA55CEU7TR, STM32WBA55CGU6, STM32WBA55CGU6TR, STM32WBA55CGU6U, STM32WBA55CGU7, STM32WBA55CGU7TR, STM32WBA55G-DK1, STM32WBA55HEF6, STM32WBA55HEF7, STM32WBA55HGF6, STM32WBA55HGF7, STM32WBA55UEI6, STM32WBA55UEI6TR, STM32WBA55UEI7, STM32WBA55UEI7TR, STM32WBA55UGI6, STM32WBA55UGI6TR, STM32WBA55UGI7, STM32WBA55UGI7TR, STM32WL5MOCH6, STM32WL5MOCH6TR]
2024-04-20 16:16:16,106 [INFO] BoardInfo:889 - No configuration file found for board P-NUCLEO-WB55
2024-04-20 16:16:16,106 [INFO] DbBoards:161 - Kit is not supported: P-NUCLEO-WB55
2024-04-20 16:16:16,112 [INFO] BoardInfo:889 - No configuration file found for board STEVAL-BFA001V1B
2024-04-20 16:16:16,113 [INFO] DbBoards:161 - Kit is not supported: STEVAL-BFA001V1B
2024-04-20 16:16:16,113 [INFO] BoardInfo:889 - No configuration file found for board STEVAL-BFA001V2B
2024-04-20 16:16:16,114 [INFO] DbBoards:161 - Kit is not supported: STEVAL-BFA001V2B
2024-04-20 16:16:16,256 [INFO] DbBoards:168 - Found 199 boards, 196 are supported
2024-04-20 16:16:16,256 [INFO] DbBoards:169 - Found 199 boards, 8 of them is supported for  Bsp
2024-04-20 16:16:16,260 [INFO] ApiDb:668 - CubeFinder database Data Model version=2.1
2024-04-20 16:16:16,260 [INFO] ApiDb:669 - CubeFinder database Configuration version=3.0.39
2024-04-20 16:16:16,260 [INFO] ApiDb:670 - CubeFinder database generation date=2024-03-01 (1709305525)
2024-04-20 16:16:16,260 [INFO] ApiDb:671 - CubeFinder database FW Pack versions=[FP-ATR-ASTRA1_V2.0.0, FP-SNS-FLIGHT1_V5.0.1, FP-SNS-FLIGHT1_V5.0.2, FP-SNS-MOTENV1_V4.3.1, FP-SNS-MOTENV1_V4.3.2, FP-SNS-MOTENVWB1_V1.3.1, FP-SNS-SMARTAG2_V1.2.0, STM32Cube_FW_C0_V1.1.0, STM32Cube_FW_F4_V1.28.0, STM32Cube_FW_F7_V1.17.0, STM32Cube_FW_G0_V1.6.2, STM32Cube_FW_G4_V1.5.2, STM32Cube_FW_H5_V0.5.1, STM32Cube_FW_H5_V1.1.1, STM32Cube_FW_H5_V1.2.0, STM32Cube_FW_H5_V1.2.0RC4, STM32Cube_FW_H7RS_V1.0.0, STM32Cube_FW_H7RS_V1.0.0RC4, STM32Cube_FW_H7_V1.11.0, STM32Cube_FW_L0_V1.12.2, STM32Cube_FW_L5_V1.5.1, STM32Cube_FW_U0_V1.0.0, STM32Cube_FW_U0_V1.0.0RC1, STM32Cube_FW_U5_V1.3.0RC4, STM32Cube_FW_U5_V1.5.0, STM32Cube_FW_U5_V1.5.0RC1, STM32Cube_FW_WBA_V1.0.0RC1, STM32Cube_FW_WBA_V1.2.0, STM32Cube_FW_WBA_V1.2.0RC2, STM32Cube_FW_WBA_V1.3.0, STM32Cube_FW_WBA_V1.3.0RC1, STM32Cube_FW_WB_V1.15.0RC1, STM32Cube_FW_WB_V1.16.0, STM32Cube_FW_WB_V1.16.0RC2, STM32Cube_FW_WB_V1.18.0, STM32Cube_FW_WB_V1.19.0, STM32Cube_FW_WL_V1.3.0, X-CUBE-ALGOBUILD_V1.3.0, X-CUBE-ALS_V1.0.1, X-CUBE-AZRTOS-F4_V1.1.0, X-CUBE-AZRTOS-F7_V1.1.0, X-CUBE-AZRTOS-G0_V1.1.0, X-CUBE-AZRTOS-G4_V2.0.0, X-CUBE-AZRTOS-H7_V3.2.0, X-CUBE-AZRTOS-L4_V1.0.0, X-CUBE-AZRTOS-L4_V2.0.0, X-CUBE-AZRTOS-L5_V1.1.0, X-CUBE-AZRTOS-WB_V2.0.0, X-CUBE-AZRTOS-WL_V2.0.0, X-CUBE-BLE1_V7.0.0, X-CUBE-BLE2_V3.3.0, X-CUBE-BLEMGR_V3.1.0, X-CUBE-EEPRMA1_V4.1.0, X-CUBE-EEPRMA1_V5.1.0, X-CUBE-FREERTOS_V1.1.0, X-CUBE-GNSS1_V6.0.0, X-CUBE-MEMS1_V10.0.0, X-CUBE-MEMS1_V9.1.0, X-CUBE-MEMS1_V9.4.0, X-CUBE-MEMS1_V9.6.0, X-CUBE-NFC4_V3.0.0, X-CUBE-NFC7_V1.0.1, X-CUBE-SFXS2LP1_V4.0.0, X-CUBE-SUBG2_V5.0.0, X-CUBE-TOF1_V3.4.0]
2024-04-20 16:16:17,956 [INFO] ApiDb:240 - Found 483 in-development CPN: [B-G473E-ZEST1S, B-WB1M-WPAN1, B-WL5M-SUBG1, NUCLEO-C031C6, NUCLEO-H503RB, NUCLEO-H533RE, NUCLEO-H563ZI, NUCLEO-H7S3L8, NUCLEO-U031R8, NUCLEO-U083RC, NUCLEO-U545RE-Q, NUCLEO-U5A5ZJ-Q, NUCLEO-WBA52CG, NUCLEO-WBA55CG, STEVAL-PROTEUS1, STEVAL-SMARTAG2, STEVAL-STWINBX1, STM320518-EVAL, STM32C0116-DK, STM32C011D6Y3TR, STM32C011D6Y6TR, STM32C011F4P3, STM32C011F4P6, STM32C011F4U3, STM32C011F4U6TR, STM32C011F6P3, STM32C011F6P6, STM32C011F6U3, STM32C011F6U6TR, STM32C011J4M3, STM32C011J4M6, STM32C011J6M3, STM32C011J6M6, STM32C0316-DK, STM32C031C4T3, STM32C031C4T6, STM32C031C4U3, STM32C031C4U6, STM32C031C6T3, STM32C031C6T6, STM32C031C6U3, STM32C031C6U6, STM32C031F4P3, STM32C031F4P6, STM32C031F6P3, STM32C031F6P6, STM32C031G4U3, STM32C031G4U6, STM32C031G6U3, STM32C031G6U6, STM32C031K4T3, STM32C031K4T6, STM32C031K4U3, STM32C031K4U6, STM32C031K6T3, STM32C031K6T6, STM32C031K6U3, STM32C031K6U6, STM32G071K8TXN, STM32G071K8UXN, STM32G081GBU6N, STM32G081KBT6N, STM32G081KBUXN, STM32G0B1CCT6N, STM32G0B1KCT6, STM32G0B1NEY6TR, STM32G0B1RCT6N, STM32G0C1CCT6, STM32G0C1CCT6N, STM32G0C1CCU6N, STM32G0C1CET6N, STM32G0C1CEU6N, STM32G0C1KCT6, STM32G0C1NEY6TR, STM32G0C1RCI6N, STM32G0C1RCT6N, STM32G0C1REI6N, STM32G0C1RET6N, STM32G0C1VCI6, STM32G0C1VEI6, STM32G471CCT6, STM32G471CCU6, STM32G471CET3, STM32G471CET6, STM32G471CEU3, STM32G471CEU6, STM32G471MCT6, STM32G471MET3, STM32G471MET6, STM32G471MEY6TR, STM32G471QCT6, STM32G471QET3, STM32G471RCT6, STM32G471RET3, STM32G471RET6, STM32G471VCH6, STM32G471VCI6, STM32G471VCT6, STM32G471VEH3, STM32G471VEH6, STM32G471VEI3, STM32G471VEI6, STM32G471VET3, STM32G471VET6, STM32G474CCT6, STM32H503CBT6, STM32H503CBU6, STM32H503EBY6TR, STM32H503KBU6, STM32H503RBT6, STM32H523CCT6, STM32H523CCU6, STM32H523CET6, STM32H523CEU6, STM32H523HEY6TR, STM32H523RCT6, STM32H523RET6, STM32H523VCI6, STM32H523VCT6, STM32H523VEI6, STM32H523VET6, STM32H523ZCJ6, STM32H523ZCT6, STM32H523ZEJ6, STM32H523ZET6, STM32H533CET6, STM32H533CEU6, STM32H533HEY6TR, STM32H533RET6, STM32H533VEI6, STM32H533VET6, STM32H533ZEJ6, STM32H533ZET6, STM32H562AGI6, STM32H562AII6, STM32H562IGK6, STM32H562IGT6, STM32H562IIK6, STM32H562IIT6, STM32H562RGT6, STM32H562RGV6, STM32H562RIT6, STM32H562RIV6, STM32H562VGT6, STM32H562VIT6, STM32H562ZGT6, STM32H562ZIT6, STM32H563AGI6, STM32H563AII3Q, STM32H563AII6, STM32H563IGK6, STM32H563IGT6, STM32H563IIK3Q, STM32H563IIK6, STM32H563IIT3Q, STM32H563IIT6, STM32H563MIY3QTR, STM32H563RGT6, STM32H563RGV6, STM32H563RIT6, STM32H563RIV6, STM32H563VGT6, STM32H563VIT3Q, STM32H563VIT6, STM32H563ZGT6, STM32H563ZIT3Q, STM32H563ZIT6, STM32H573AII3Q, STM32H573AII6, STM32H573I-DK, STM32H573IIK3Q, STM32H573IIK6, STM32H573IIT3Q, STM32H573IIT6, STM32H573MIY3QTR, STM32H573RIT6, STM32H573RIV6, STM32H573VIT3Q, STM32H573VIT6, STM32H573ZIT3Q, STM32H573ZIT6, STM32H7R3A8I6, STM32H7R3I8K6, STM32H7R3I8T6, STM32H7R3L8H6, STM32H7R3L8H6H, STM32H7R3R8V6, STM32H7R3V8H6, STM32H7R3V8T6, STM32H7R3V8Y6, STM32H7R3Z8J6, STM32H7R3Z8T6, STM32H7R7A8I6, STM32H7R7I8K6, STM32H7R7I8T6, STM32H7R7L8H6, STM32H7R7L8H6H, STM32H7R7Z8J6, STM32H7S3A8I6, STM32H7S3I8K6, STM32H7S3I8T6, STM32H7S3L8H6, STM32H7S3L8H6H, STM32H7S3R8V6, STM32H7S3V8H6, STM32H7S3V8T6, STM32H7S3V8Y6, STM32H7S3Z8J6, STM32H7S3Z8T6, STM32H7S78-DK, STM32H7S7A8I6, STM32H7S7I8K6, STM32H7S7I8T6, STM32H7S7L8H6, STM32H7S7L8H6H, STM32H7S7Z8J6, STM32L4R5QGI6STR, STM32MP131AAE3, STM32MP131AAF3, STM32MP131AAG3, STM32MP131CAE3, STM32MP131CAF3, STM32MP131CAG3, STM32MP131DAE7, STM32MP131DAF7, STM32MP131DAG7, STM32MP131FAE7, STM32MP131FAF7, STM32MP131FAG7, STM32MP133AAE3, STM32MP133AAF3, STM32MP133AAG3, STM32MP133CAE3, STM32MP133CAF3, STM32MP133CAG3, STM32MP133DAE7, STM32MP133DAF7, STM32MP133DAG7, STM32MP133FAE7, STM32MP133FAF7, STM32MP133FAG7, STM32MP135AAE3, STM32MP135AAF3, STM32MP135AAG3, STM32MP135CAE3, STM32MP135CAF3, STM32MP135CAG3, STM32MP135DAE7, STM32MP135DAF7, STM32MP135DAG7, STM32MP135F-DK, STM32MP135FAE7, STM32MP135FAF7, STM32MP135FAF7T, STM32MP135FAF7U, STM32MP135FAG7, STM32U031C6T6, STM32U031C6U6, STM32U031C8T6, STM32U031C8U6, STM32U031F4P6, STM32U031F6P6, STM32U031F8P6, STM32U031G6Y6TR, STM32U031G8Y6TR, STM32U031K4U6, STM32U031K6U6, STM32U031K8U6, STM32U031R6I6, STM32U031R6T6, STM32U031R8I6, STM32U031R8T6, STM32U073C8T6, STM32U073C8U6, STM32U073CBT6, STM32U073CBU6, STM32U073CCT6, STM32U073CCU6, STM32U073H8Y6TR, STM32U073HBY6TR, STM32U073HCY6TR, STM32U073K8U6, STM32U073KBU6, STM32U073KCU6, STM32U073M8I6, STM32U073M8T6, STM32U073MBI6, STM32U073MBT6, STM32U073MCI6, STM32U073MCT6, STM32U073R8I6, STM32U073R8T6, STM32U073RBI6, STM32U073RBT6, STM32U073RCI6, STM32U073RCT6, STM32U083C-DK, STM32U083CCT6, STM32U083CCU6, STM32U083HCY6TR, STM32U083KCU6, STM32U083MCI6, STM32U083MCT6, STM32U083RCI6, STM32U083RCT6, STM32U535CBT6, STM32U535CBT6Q, STM32U535CBU6, STM32U535CBU6Q, STM32U535CCT6, STM32U535CCT6Q, STM32U535CCU6, STM32U535CCU6Q, STM32U535CET6, STM32U535CET6Q, STM32U535CEU6, STM32U535CEU6Q, STM32U535JEY6QTR, STM32U535NCY6QTR, STM32U535NEY6QTR, STM32U535RBI6, STM32U535RBI6Q, STM32U535RBT6, STM32U535RBT6Q, STM32U535RCI6, STM32U535RCI6Q, STM32U535RCT6, STM32U535RCT6Q, STM32U535REI6, STM32U535REI6Q, STM32U535RET6, STM32U535RET6Q, STM32U535VCI6, STM32U535VCI6Q, STM32U535VCT6, STM32U535VCT6Q, STM32U535VEI6, STM32U535VEI6Q, STM32U535VET6, STM32U535VET6Q, STM32U545CET6, STM32U545CET6Q, STM32U545CEU6, STM32U545CEU6Q, STM32U545JEY6QTR, STM32U545NEY6QTR, STM32U545REI6, STM32U545REI6Q, STM32U545RET6, STM32U545RET6Q, STM32U545VEI6, STM32U545VEI6Q, STM32U545VET6, STM32U545VET6Q, STM32U595AIH6, STM32U595AIH6Q, STM32U595AJH6, STM32U595AJH6Q, STM32U595QII6, STM32U595QII6Q, STM32U595QJI6, STM32U595QJI6Q, STM32U595RIT6, STM32U595RIT6Q, STM32U595RJT6, STM32U595RJT6Q, STM32U595VIT6, STM32U595VIT6Q, STM32U595VJT6, STM32U595VJT6Q, STM32U595ZIT6, STM32U595ZIT6Q, STM32U595ZIY6QTR, STM32U595ZJT6, STM32U595ZJT6Q, STM32U595ZJY6QTR, STM32U599BJY6QTR, STM32U599NIH6Q, STM32U599NJH6Q, STM32U599VIT6Q, STM32U599VJT6, STM32U599VJT6Q, STM32U599ZIT6Q, STM32U599ZIY6QTR, STM32U599ZJT6Q, STM32U599ZJY6QTR, STM32U5A5AJH6, STM32U5A5AJH6Q, STM32U5A5QII3Q , STM32U5A5QJI6, STM32U5A5QJI6Q, STM32U5A5RJT6, STM32U5A5RJT6Q, STM32U5A5VJT6, STM32U5A5VJT6Q, STM32U5A5ZJT6, STM32U5A5ZJT6Q, STM32U5A5ZJY6QTR, STM32U5A9BJY6QTR, STM32U5A9J-DK, STM32U5A9NJH6Q, STM32U5A9VJT6Q, STM32U5A9ZJT6Q, STM32U5A9ZJY6QTR, STM32U5F7VIT6, STM32U5F7VIT6Q, STM32U5F7VJT6, STM32U5F7VJT6Q, STM32U5F9BJY6QTR, STM32U5F9NJH6Q, STM32U5F9VIT6Q, STM32U5F9VJT6Q, STM32U5F9ZIJ6QTR, STM32U5F9ZIT6Q, STM32U5F9ZJJ6QTR, STM32U5F9ZJT6Q, STM32U5G7VJT6, STM32U5G7VJT6Q, STM32U5G9BJY6QTR, STM32U5G9J-DK1, STM32U5G9J-DK2, STM32U5G9NJH6Q, STM32U5G9VJT6Q, STM32U5G9ZJJ6QTR, STM32U5G9ZJT6Q, STM32WB1MMCH6, STM32WBA50KEU6, STM32WBA50KEU6TR, STM32WBA50KGU6, STM32WBA50KGU6TR, STM32WBA52CEU6, STM32WBA52CEU6TR, STM32WBA52CEU7, STM32WBA52CEU7TR, STM32WBA52CGU6, STM32WBA52CGU6TR, STM32WBA52CGU6U, STM32WBA52CGU7, STM32WBA52CGU7TR, STM32WBA52KEU6, STM32WBA52KEU6TR, STM32WBA52KGU6, STM32WBA52KGU6TR, STM32WBA54CEU6, STM32WBA54CEU6TR, STM32WBA54CEU7, STM32WBA54CEU7TR, STM32WBA54CGU6, STM32WBA54CGU6TR, STM32WBA54CGU7, STM32WBA54CGU7TR, STM32WBA54KEU6, STM32WBA54KEU6TR, STM32WBA54KEU7, STM32WBA54KEU7TR, STM32WBA54KGU6, STM32WBA54KGU6TR, STM32WBA54KGU7, STM32WBA54KGU7TR, STM32WBA55CEU6, STM32WBA55CEU6TR, STM32WBA55CEU7, STM32WBA55CEU7TR, STM32WBA55CGU6, STM32WBA55CGU6TR, STM32WBA55CGU6U, STM32WBA55CGU7, STM32WBA55CGU7TR, STM32WBA55G-DK1, STM32WBA55HEF6, STM32WBA55HEF7, STM32WBA55HGF6, STM32WBA55HGF7, STM32WBA55UEI6, STM32WBA55UEI6TR, STM32WBA55UEI7, STM32WBA55UEI7TR, STM32WBA55UGI6, STM32WBA55UGI6TR, STM32WBA55UGI7, STM32WBA55UGI7TR, STM32WL5MOCH6, STM32WL5MOCH6TR]
2024-04-20 16:16:17,960 [INFO] DbMcus:218 - Found 4091 MCUs, 4091 are supported
2024-04-20 16:16:17,961 [INFO] ApiDb:423 - Load user favorites file C:\Users\user/.stm32cubeide/favorites.mcus.txt: 3 item(s)
2024-04-20 16:16:17,961 [INFO] ApiDb:427 - User favorites MCUs=[STM32F103C8T6, STM32H723ZGT6, STM32H750VBT6]
2024-04-20 16:16:17,961 [INFO] DbMcus:224 - Set 3 / 3 favorites MCUs
2024-04-20 16:16:18,231 [INFO] ApiDb:423 - Load user favorites file C:\Users\user/.stm32cubeide/favorites.boards.txt: 2 item(s)
2024-04-20 16:16:18,231 [INFO] ApiDb:427 - User favorites Boards=[NUCLEO-H723ZG, STM32H750B-DK]
2024-04-20 16:16:18,231 [INFO] DbBoards:198 - Set 2 / 2 favorites Boards
2024-04-20 16:16:18,231 [INFO] ProjectFactory:442 - No CPN specified for board NUCLEO-H723ZG => set CPN to STM32H723ZGT6
2024-04-20 16:16:18,232 [INFO] Mcu:2021 - Initializing MCU STM32H723ZGTx STM32H723ZGTx STM32H723ZGT6
2024-04-20 16:16:22,390 [INFO] Context:663 - Trying to add GPIOservice into a context  which must be forbidden
2024-04-20 16:16:24,887 [INFO] Rule:228 - rule 117617 - U5Cobra4M][GTZC] default value MPCBB3 and MPCBB5 - Not Secured memory - MPCBB1 is applicable
2024-04-20 16:16:24,887 [INFO] Rule:228 - rule 117617 - U5Cobra4M][GTZC] default value MPCBB3 and MPCBB5 - Not Secured memory - MPCBB1 is applicable
2024-04-20 16:16:24,887 [INFO] Rule:228 - rule 117617 - U5Cobra4M][GTZC] default value MPCBB3 and MPCBB5 - Not Secured memory - MPCBB2 is applicable
2024-04-20 16:16:24,887 [INFO] Rule:228 - rule 117617 - U5Cobra4M][GTZC] default value MPCBB3 and MPCBB5 - Not Secured memory - MPCBB2 is applicable
2024-04-20 16:16:24,887 [INFO] Rule:228 - rule 117617 - U5Cobra4M][GTZC] default value MPCBB3 and MPCBB5 - Not Secured memory - MPCBB3 is applicable
2024-04-20 16:16:24,887 [INFO] Rule:228 - rule 117617 - U5Cobra4M][GTZC] default value MPCBB3 and MPCBB5 - Not Secured memory - MPCBB3 is applicable
2024-04-20 16:16:24,887 [INFO] Rule:228 - rule 117617 - U5Cobra4M][GTZC] default value MPCBB3 and MPCBB5 - Not Secured memory - MPCBB4 is applicable
2024-04-20 16:16:24,887 [INFO] Rule:228 - rule 117617 - U5Cobra4M][GTZC] default value MPCBB3 and MPCBB5 - Not Secured memory - MPCBB4 is applicable
2024-04-20 16:16:24,887 [INFO] Rule:228 - rule 117617 - U5Cobra4M][GTZC] default value MPCBB3 and MPCBB5 - Secured memory - MPCBB1 is applicable
2024-04-20 16:16:24,887 [INFO] Rule:228 - rule 117617 - U5Cobra4M][GTZC] default value MPCBB3 and MPCBB5 - Secured memory - MPCBB2 is applicable
2024-04-20 16:16:24,887 [INFO] Rule:228 - rule 117617 - U5Cobra4M][GTZC] default value MPCBB3 and MPCBB5 - Secured memory - MPCBB3 is applicable
2024-04-20 16:16:24,887 [INFO] Rule:228 - rule 117617 - U5Cobra4M][GTZC] default value MPCBB3 and MPCBB5 - Secured memory - MPCBB4 is applicable
2024-04-20 16:16:24,887 [INFO] Rule:228 - rule 117617 - U5Cobra4M][GTZC] default value MPCBB3 and MPCBB5 - Privileged memory - MPCBB1 is applicable
2024-04-20 16:16:24,887 [INFO] Rule:228 - rule 117617 - U5Cobra4M][GTZC] default value MPCBB3 and MPCBB5 - Privileged memory - MPCBB2 is applicable
2024-04-20 16:16:24,887 [INFO] Rule:228 - rule 117617 - U5Cobra4M][GTZC] default value MPCBB3 and MPCBB5 - Privileged memory - MPCBB3 is applicable
2024-04-20 16:16:24,887 [INFO] Rule:228 - rule 117617 - U5Cobra4M][GTZC] default value MPCBB3 and MPCBB5 - Privileged memory - MPCBB4 is applicable
2024-04-20 16:16:24,887 [INFO] Rule:228 - rule 117617 - U5Cobra4M][GTZC] default value MPCBB3 and MPCBB5 - Not Privileged memory - MPCBB1 is applicable
2024-04-20 16:16:24,887 [INFO] Rule:228 - rule 117617 - U5Cobra4M][GTZC] default value MPCBB3 and MPCBB5 - Not Privileged memory - MPCBB2 is applicable
2024-04-20 16:16:24,887 [INFO] Rule:228 - rule 117617 - U5Cobra4M][GTZC] default value MPCBB3 and MPCBB5 - Not Privileged memory - MPCBB3 is applicable
2024-04-20 16:16:24,887 [INFO] Rule:228 - rule 117617 - U5Cobra4M][GTZC] default value MPCBB3 and MPCBB5 - Not Privileged memory - MPCBB4 is applicable
2024-04-20 16:16:24,888 [INFO] Rule:228 - rule 117617 - U5Cobra4M][GTZC] default value MPCBB3 and MPCBB5 - Privileged memory - MPCBB1 is applicable
2024-04-20 16:16:24,888 [INFO] Rule:228 - rule 117617 - U5Cobra4M][GTZC] default value MPCBB3 and MPCBB5 - Privileged memory - MPCBB2 is applicable
2024-04-20 16:16:24,888 [INFO] Rule:228 - rule 117617 - U5Cobra4M][GTZC] default value MPCBB3 and MPCBB5 - Privileged memory - MPCBB3 is applicable
2024-04-20 16:16:24,888 [INFO] Rule:228 - rule 117617 - U5Cobra4M][GTZC] default value MPCBB3 and MPCBB5 - Privileged memory - MPCBB4 is applicable
2024-04-20 16:16:24,888 [INFO] Rule:228 - rule 117617 - U5Cobra4M][GTZC] default value MPCBB3 and MPCBB5 - Privileged memory - MPCBB1 is applicable
2024-04-20 16:16:24,888 [INFO] Rule:228 - rule 117617 - U5Cobra4M][GTZC] default value MPCBB3 and MPCBB5 - Privileged memory - MPCBB2 is applicable
2024-04-20 16:16:24,888 [INFO] Rule:228 - rule 117617 - U5Cobra4M][GTZC] default value MPCBB3 and MPCBB5 - Privileged memory - MPCBB3 is applicable
2024-04-20 16:16:24,888 [INFO] Rule:228 - rule 117617 - U5Cobra4M][GTZC] default value MPCBB3 and MPCBB5 - Privileged memory - MPCBB4 is applicable
2024-04-20 16:16:24,888 [INFO] Rule:228 - rule 117617 - U5Cobra4M][GTZC] default value MPCBB3 and MPCBB5 - Not Privileged memory - MPCBB1 is applicable
2024-04-20 16:16:24,888 [INFO] Rule:228 - rule 117617 - U5Cobra4M][GTZC] default value MPCBB3 and MPCBB5 - Not Privileged memory - MPCBB2 is applicable
2024-04-20 16:16:24,888 [INFO] Rule:228 - rule 117617 - U5Cobra4M][GTZC] default value MPCBB3 and MPCBB5 - Not Privileged memory - MPCBB3 is applicable
2024-04-20 16:16:24,888 [INFO] Rule:228 - rule 117617 - U5Cobra4M][GTZC] default value MPCBB3 and MPCBB5 - Not Privileged memory - MPCBB4 is applicable
2024-04-20 16:16:24,888 [INFO] Rule:228 - rule 117617 - U5Cobra4M][GTZC] default value MPCBB3 and MPCBB5 - Privileged memory - MPCBB1 is applicable
2024-04-20 16:16:24,888 [INFO] Rule:228 - rule 117617 - U5Cobra4M][GTZC] default value MPCBB3 and MPCBB5 - Privileged memory - MPCBB2 is applicable
2024-04-20 16:16:24,888 [INFO] Rule:228 - rule 117617 - U5Cobra4M][GTZC] default value MPCBB3 and MPCBB5 - Privileged memory - MPCBB3 is applicable
2024-04-20 16:16:24,888 [INFO] Rule:228 - rule 117617 - U5Cobra4M][GTZC] default value MPCBB3 and MPCBB5 - Privileged memory - MPCBB4 is applicable
2024-04-20 16:16:24,888 [INFO] Rule:228 - rule Rename SubGHz_Phy SUBGHZ_APPLICATION SUBGHZ_PINGPONG to SUBGHZ_ADV_APPLICATION is applicable
2024-04-20 16:16:24,889 [INFO] Rule:228 - rule GTZC_S instance for project manager is applicable
2024-04-20 16:16:24,889 [INFO] Rule:228 - rule GTZC_S instance for context M33S is applicable
2024-04-20 16:16:24,889 [INFO] Rule:228 - rule GTZC_S instance value for IP GTZC is applicable
2024-04-20 16:16:24,889 [INFO] Rule:228 - rule GTZC_S instance for mcu.IP is applicable
2024-04-20 16:16:24,889 [INFO] Rule:228 - rule GTZC_S instance for VP is applicable
2024-04-20 16:16:24,889 [INFO] Rule:228 - rule GTZC_S instance for signal is applicable
2024-04-20 16:16:24,889 [INFO] Rule:228 - rule WakeUp0 Mode is applicable
2024-04-20 16:16:24,889 [INFO] Rule:228 - rule WakeUp0 SIGNAL is applicable
2024-04-20 16:16:24,889 [INFO] Rule:228 - rule WakeUp1 Mode is applicable
2024-04-20 16:16:24,889 [INFO] Rule:228 - rule WakeUp1 SIGNAL is applicable
2024-04-20 16:16:24,889 [INFO] Rule:228 - rule WakeUp2 Mode is applicable
2024-04-20 16:16:24,889 [INFO] Rule:228 - rule WakeUp2 SIGNAL is applicable
2024-04-20 16:16:24,889 [INFO] Rule:228 - rule WakeUp4 Mode is applicable
2024-04-20 16:16:24,890 [INFO] Rule:228 - rule WakeUp4 SIGNAL is applicable
2024-04-20 16:16:24,890 [INFO] Rule:228 - rule WakeUp5 Mode is applicable
2024-04-20 16:16:24,890 [INFO] Rule:228 - rule WakeUp5 SIGNAL is applicable
2024-04-20 16:16:24,890 [INFO] Rule:228 - rule Change Default Value for LSE Drive Capability for WB family is applicable
2024-04-20 16:16:24,890 [INFO] Rule:228 - rule Change Default Value for ADC Clock Prescaler G0 family is applicable
2024-04-20 16:16:24,891 [INFO] Rule:228 - rule Change GPIO_Pu Default Value for I2C is applicable
2024-04-20 16:16:24,891 [INFO] Rule:228 - rule Change GPIO_Pu Default Value for SMBus is applicable
2024-04-20 16:16:24,891 [INFO] Rule:228 - rule change FDCAN default value is applicable
2024-04-20 16:16:25,037 [INFO] DbConfProperties:307 - Apply Compatibility (3/58 Rules)
2024-04-20 16:16:25,854 [INFO] RtosManager:555 - Registered RTOS mode: class=CMSIS, group=RTOS, mode=CMSIS_V1, owner=FREERTOS
2024-04-20 16:16:25,855 [INFO] RtosManager:555 - Registered RTOS mode: class=CMSIS, group=RTOS2, mode=CMSIS_V2, owner=FREERTOS
2024-04-20 16:16:25,855 [INFO] RtosManager:555 - Registered RTOS mode: class=RTOS, group=Core, mode=CMSIS_V1, owner=FREERTOS
2024-04-20 16:16:25,855 [INFO] RtosManager:555 - Registered RTOS mode: class=RTOS, group=Core, mode=CMSIS_V2, owner=FREERTOS
2024-04-20 16:16:25,855 [WARN] ModelIntegratedComponent:184 - Missing modes for component STMicroelectronics:FreeRTOS:0.0.1:STMicroelectronics:RTOS:FreeRTOS:Core:::10.2.0:
2024-04-20 16:16:25,866 [WARN] ModelIntegratedComponent:182 - Modes not found for component STMicroelectronics:USB_HOST:1.0.0:STMicroelectronics:USB::USB Host:Audio FS::1.0:USB_HOST_1_0_RESTRICTED_FS
2024-04-20 16:16:25,866 [WARN] ModelIntegratedComponent:188 - Modes not found for component STMicroelectronics:USB_HOST:1.0.0:STMicroelectronics:USB::USB Host:Audio FS::1.0:USB_HOST_1_0_RESTRICTED_FS
2024-04-20 16:16:25,867 [WARN] ModelIntegratedComponent:182 - Modes not found for component STMicroelectronics:USB_HOST:1.0.0:STMicroelectronics:USB::USB Host:CDC FS::1.0:USB_HOST_1_0_RESTRICTED_FS
2024-04-20 16:16:25,867 [WARN] ModelIntegratedComponent:188 - Modes not found for component STMicroelectronics:USB_HOST:1.0.0:STMicroelectronics:USB::USB Host:CDC FS::1.0:USB_HOST_1_0_RESTRICTED_FS
2024-04-20 16:16:25,867 [WARN] ModelIntegratedComponent:182 - Modes not found for component STMicroelectronics:USB_HOST:1.0.0:STMicroelectronics:USB::USB Host:MSC FS::1.0:USB_HOST_1_0_RESTRICTED_FS
2024-04-20 16:16:25,867 [WARN] ModelIntegratedComponent:188 - Modes not found for component STMicroelectronics:USB_HOST:1.0.0:STMicroelectronics:USB::USB Host:MSC FS::1.0:USB_HOST_1_0_RESTRICTED_FS
2024-04-20 16:16:25,867 [WARN] ModelIntegratedComponent:182 - Modes not found for component STMicroelectronics:USB_HOST:1.0.0:STMicroelectronics:USB::USB Host:HID FS::1.0:USB_HOST_1_0_RESTRICTED_FS
2024-04-20 16:16:25,867 [WARN] ModelIntegratedComponent:188 - Modes not found for component STMicroelectronics:USB_HOST:1.0.0:STMicroelectronics:USB::USB Host:HID FS::1.0:USB_HOST_1_0_RESTRICTED_FS
2024-04-20 16:16:25,867 [WARN] ModelIntegratedComponent:182 - Modes not found for component STMicroelectronics:USB_HOST:1.0.0:STMicroelectronics:USB::USB Host:MTP FS::1.0:USB_HOST_1_0_RESTRICTED_FS
2024-04-20 16:16:25,867 [WARN] ModelIntegratedComponent:188 - Modes not found for component STMicroelectronics:USB_HOST:1.0.0:STMicroelectronics:USB::USB Host:MTP FS::1.0:USB_HOST_1_0_RESTRICTED_FS
2024-04-20 16:16:25,948 [WARN] ModelIntegratedComponent:63 - No mode defined for component null
2024-04-20 16:16:25,948 [WARN] ModelIntegratedComponent:63 - No mode defined for component null
2024-04-20 16:16:25,948 [WARN] ModelIntegratedComponent:63 - No mode defined for component null
2024-04-20 16:16:25,948 [WARN] ModelIntegratedComponent:63 - No mode defined for component null
2024-04-20 16:16:25,948 [WARN] ModelIntegratedComponent:63 - No mode defined for component null
2024-04-20 16:16:25,948 [WARN] ModelIntegratedComponent:63 - No mode defined for component null
2024-04-20 16:16:25,948 [WARN] ModelIntegratedComponent:63 - No mode defined for component null
2024-04-20 16:16:25,948 [WARN] ModelIntegratedComponent:63 - No mode defined for component null
2024-04-20 16:16:25,948 [WARN] ModelIntegratedComponent:63 - No mode defined for component null
2024-04-20 16:16:25,948 [WARN] ModelIntegratedComponent:63 - No mode defined for component null
2024-04-20 16:16:25,948 [WARN] ModelIntegratedComponent:63 - No mode defined for component null
2024-04-20 16:16:25,948 [WARN] ModelIntegratedComponent:63 - No mode defined for component null
2024-04-20 16:16:25,948 [WARN] ModelIntegratedComponent:63 - No mode defined for component null
2024-04-20 16:16:25,948 [WARN] ModelIntegratedComponent:63 - No mode defined for component null
2024-04-20 16:16:25,948 [WARN] ModelIntegratedComponent:63 - No mode defined for component null
2024-04-20 16:16:25,949 [WARN] ModelIntegratedComponent:63 - No mode defined for component null
2024-04-20 16:16:25,949 [WARN] ModelIntegratedComponent:63 - No mode defined for component null
2024-04-20 16:16:25,949 [WARN] ModelIntegratedComponent:63 - No mode defined for component null
2024-04-20 16:16:25,949 [WARN] ModelIntegratedComponent:63 - No mode defined for component null
2024-04-20 16:16:25,949 [WARN] ModelIntegratedComponent:63 - No mode defined for component null
2024-04-20 16:16:25,949 [WARN] ModelIntegratedComponent:63 - No mode defined for component null
2024-04-20 16:16:25,949 [WARN] ModelIntegratedComponent:63 - No mode defined for component null
2024-04-20 16:16:25,949 [WARN] ModelIntegratedComponent:63 - No mode defined for component null
2024-04-20 16:16:25,949 [WARN] ModelIntegratedComponent:63 - No mode defined for component null
2024-04-20 16:16:25,949 [WARN] ModelIntegratedComponent:63 - No mode defined for component null
2024-04-20 16:16:25,949 [WARN] ModelIntegratedComponent:63 - No mode defined for component null
2024-04-20 16:16:25,949 [WARN] ModelIntegratedComponent:63 - No mode defined for component null
2024-04-20 16:16:25,949 [WARN] ModelIntegratedComponent:63 - No mode defined for component null
2024-04-20 16:16:25,949 [WARN] ModelIntegratedComponent:63 - No mode defined for component null
2024-04-20 16:16:25,949 [WARN] ModelIntegratedComponent:63 - No mode defined for component null
2024-04-20 16:16:25,949 [WARN] ModelIntegratedComponent:63 - No mode defined for component null
2024-04-20 16:16:25,949 [WARN] ModelIntegratedComponent:63 - No mode defined for component null
2024-04-20 16:16:25,949 [WARN] ModelIntegratedComponent:63 - No mode defined for component null
2024-04-20 16:16:25,949 [WARN] ModelIntegratedComponent:63 - No mode defined for component null
2024-04-20 16:16:26,204 [WARN] ModelIntegratedComponent:182 - Modes not found for component STMicroelectronics:USB_DEVICE:1.0.0:STMicroelectronics:USB::USB Device:Audio FS::1.0:USB_DEVICE_1_0_RESTRICTED_FS
2024-04-20 16:16:26,205 [WARN] ModelIntegratedComponent:188 - Modes not found for component STMicroelectronics:USB_DEVICE:1.0.0:STMicroelectronics:USB::USB Device:Audio FS::1.0:USB_DEVICE_1_0_RESTRICTED_FS
2024-04-20 16:16:26,205 [WARN] ModelIntegratedComponent:182 - Modes not found for component STMicroelectronics:USB_DEVICE:1.0.0:STMicroelectronics:USB::USB Device:CDC FS::1.0:USB_DEVICE_1_0_RESTRICTED_FS
2024-04-20 16:16:26,205 [WARN] ModelIntegratedComponent:188 - Modes not found for component STMicroelectronics:USB_DEVICE:1.0.0:STMicroelectronics:USB::USB Device:CDC FS::1.0:USB_DEVICE_1_0_RESTRICTED_FS
2024-04-20 16:16:26,205 [WARN] ModelIntegratedComponent:182 - Modes not found for component STMicroelectronics:USB_DEVICE:1.0.0:STMicroelectronics:USB::USB Device:DFU FS::1.0:USB_DEVICE_1_0_RESTRICTED_FS
2024-04-20 16:16:26,205 [WARN] ModelIntegratedComponent:188 - Modes not found for component STMicroelectronics:USB_DEVICE:1.0.0:STMicroelectronics:USB::USB Device:DFU FS::1.0:USB_DEVICE_1_0_RESTRICTED_FS
2024-04-20 16:16:26,205 [WARN] ModelIntegratedComponent:182 - Modes not found for component STMicroelectronics:USB_DEVICE:1.0.0:STMicroelectronics:USB::USB Device:HID FS::1.0:USB_DEVICE_1_0_RESTRICTED_FS
2024-04-20 16:16:26,205 [WARN] ModelIntegratedComponent:188 - Modes not found for component STMicroelectronics:USB_DEVICE:1.0.0:STMicroelectronics:USB::USB Device:HID FS::1.0:USB_DEVICE_1_0_RESTRICTED_FS
2024-04-20 16:16:26,205 [WARN] ModelIntegratedComponent:182 - Modes not found for component STMicroelectronics:USB_DEVICE:1.0.0:STMicroelectronics:USB::USB Device:Custom HID FS::1.0:USB_DEVICE_1_0_RESTRICTED_FS
2024-04-20 16:16:26,205 [WARN] ModelIntegratedComponent:188 - Modes not found for component STMicroelectronics:USB_DEVICE:1.0.0:STMicroelectronics:USB::USB Device:Custom HID FS::1.0:USB_DEVICE_1_0_RESTRICTED_FS
2024-04-20 16:16:26,208 [WARN] ModelIntegratedComponent:182 - Modes not found for component STMicroelectronics:USB_DEVICE:1.0.0:STMicroelectronics:USB::USB Device:MSC FS::1.0:USB_DEVICE_1_0_RESTRICTED_FS
2024-04-20 16:16:26,208 [WARN] ModelIntegratedComponent:188 - Modes not found for component STMicroelectronics:USB_DEVICE:1.0.0:STMicroelectronics:USB::USB Device:MSC FS::1.0:USB_DEVICE_1_0_RESTRICTED_FS
2024-04-20 16:16:26,302 [INFO] ThirdPartyModel:298 - Start build external matchings
2024-04-20 16:16:27,598 [INFO] ThirdPartyModel:316 - End build external matchings
2024-04-20 16:16:27,620 [INFO] ImportTextPane:194 - (OptionalMessage_ERROR) IP (ETH) : Invalid parameter (RxBuffAddress)
2024-04-20 16:16:27,625 [WARN] IP:2120 - CMSIS_VERSION not found: check if there is a RefParameter without a condition.
2024-04-20 16:16:27,635 [WARN] IP:2120 - LWIP_NETIF_HOSTNAME_NAME not found: check if there is a RefParameter without a condition.
2024-04-20 16:16:27,691 [INFO] ImportTextPane:194 - (OptionalMessage_ERROR) IP (RCC) : Parameter (ADCFreq_Value) has invalid value (608000000)
2024-04-20 16:16:27,696 [INFO] ImportTextPane:194 - (OptionalMessage_ERROR) IP (RCC) : Invalid parameter (FamilyName)
2024-04-20 16:16:29,846 [INFO] UtilMem:75 - End LoadConfig() Used Memory: 470794528 Bytes (1073741824)
2024-04-20 16:16:30,159 [WARN] ThirdParty:833 - waiting for thirdparty lock release [change project]
2024-04-20 16:16:30,160 [INFO] ThirdParty:835 - entering critical section [change project]
2024-04-20 16:16:30,160 [INFO] ThirdParty:1030 - CMSIS Pack Vendor :STMicroelectronics USBPD 4.1
2024-04-20 16:16:30,160 [INFO] ThirdParty:1030 - CMSIS Pack Vendor :STMicroelectronics X-CUBE-GNSS1 6.0.0
2024-04-20 16:16:30,160 [INFO] ThirdParty:1030 - CMSIS Pack Vendor :STMicroelectronics USB_HOST 2.0.0
2024-04-20 16:16:30,160 [INFO] ThirdParty:1030 - CMSIS Pack Vendor :STMicroelectronics FP-SNS-MOTENVWB1 1.4.0
2024-04-20 16:16:30,160 [INFO] ThirdParty:1030 - CMSIS Pack Vendor :STMicroelectronics X-CUBE-AZRTOS-F4 1.1.0
2024-04-20 16:16:30,160 [INFO] ThirdParty:1030 - CMSIS Pack Vendor :STMicroelectronics LIBJPEG 8.0.0
2024-04-20 16:16:30,160 [INFO] ThirdParty:1030 - CMSIS Pack Vendor :STMicroelectronics X-CUBE-SMBUS 2.1.0
2024-04-20 16:16:30,160 [INFO] ThirdParty:1030 - CMSIS Pack Vendor :STMicroelectronics USB_DEVICE 3.0.0
2024-04-20 16:16:30,160 [INFO] ThirdParty:1030 - CMSIS Pack Vendor :STMicroelectronics X-CUBE-TCPP 4.1.0
2024-04-20 16:16:30,160 [INFO] ThirdParty:1030 - CMSIS Pack Vendor :STMicroelectronics X-CUBE-AZRTOS-WB 2.0.0
2024-04-20 16:16:30,160 [INFO] ThirdParty:1030 - CMSIS Pack Vendor :wolfSSL I-CUBE-wolfSSL 5.6.6
2024-04-20 16:16:30,160 [INFO] ThirdParty:1030 - CMSIS Pack Vendor :STMicroelectronics X-CUBE-TOUCHGFX 4.21.1
2024-04-20 16:16:30,160 [INFO] ThirdParty:1030 - CMSIS Pack Vendor :STMicroelectronics X-CUBE-TOUCHGFX 4.21.0
2024-04-20 16:16:30,160 [INFO] ThirdParty:1030 - CMSIS Pack Vendor :STMicroelectronics X-CUBE-TOUCHGFX 4.23.1
2024-04-20 16:16:30,160 [INFO] ThirdParty:1030 - CMSIS Pack Vendor :STMicroelectronics X-CUBE-TOUCHGFX 4.23.0
2024-04-20 16:16:30,160 [INFO] ThirdParty:1030 - CMSIS Pack Vendor :STMicroelectronics X-CUBE-TOUCHGFX 4.23.2
2024-04-20 16:16:30,160 [INFO] ThirdParty:1030 - CMSIS Pack Vendor :STMicroelectronics X-CUBE-AZRTOS-F7 1.1.0
2024-04-20 16:16:30,161 [INFO] ThirdParty:1030 - CMSIS Pack Vendor :STMicroelectronics X-CUBE-TOUCHGFX 4.21.4
2024-04-20 16:16:30,161 [INFO] ThirdParty:1030 - CMSIS Pack Vendor :STMicroelectronics X-CUBE-AZRTOS-L5 2.0.0
2024-04-20 16:16:30,161 [INFO] ThirdParty:1030 - CMSIS Pack Vendor :STMicroelectronics USB_DEVICE 2.0.0
2024-04-20 16:16:30,161 [INFO] ThirdParty:1030 - CMSIS Pack Vendor :STMicroelectronics X-CUBE-EEPRMA1 4.2.0
2024-04-20 16:16:30,161 [INFO] ThirdParty:1030 - CMSIS Pack Vendor :STMicroelectronics X-CUBE-NFC6 3.1.0
2024-04-20 16:16:30,161 [INFO] ThirdParty:1030 - CMSIS Pack Vendor :ITTIA_DB I-CUBE-ITTIADB 8.8.0
2024-04-20 16:16:30,161 [INFO] ThirdParty:1030 - CMSIS Pack Vendor :STMicroelectronics FP-SNS-MOTENV1 4.3.2
2024-04-20 16:16:30,161 [INFO] ThirdParty:1030 - CMSIS Pack Vendor :STMicroelectronics X-CUBE-ALGOBUILD 1.3.0
2024-04-20 16:16:30,161 [INFO] ThirdParty:1030 - CMSIS Pack Vendor :STMicroelectronics FreeRTOS 0.0.1
2024-04-20 16:16:30,161 [INFO] ThirdParty:1030 - CMSIS Pack Vendor :STMicroelectronics X-CUBE-AZRTOS-G0 1.1.0
2024-04-20 16:16:30,162 [INFO] ThirdParty:1030 - CMSIS Pack Vendor :emotas I-CUBE-CANOPEN 1.1.3
2024-04-20 16:16:30,162 [INFO] ThirdParty:1030 - CMSIS Pack Vendor :STMicroelectronics X-CUBE-SAFEA1 1.2.2
2024-04-20 16:16:30,162 [INFO] ThirdParty:1030 - CMSIS Pack Vendor :STMicroelectronics X-CUBE-NFC4 3.0.0
2024-04-20 16:16:30,162 [INFO] ThirdParty:1030 - CMSIS Pack Vendor :STMicroelectronics X-CUBE-SUBG2 5.0.0
2024-04-20 16:16:30,162 [INFO] ThirdParty:1030 - CMSIS Pack Vendor :STMicroelectronics STM32_WPAN 1.0.0
2024-04-20 16:16:30,162 [INFO] ThirdParty:1030 - CMSIS Pack Vendor :STMicroelectronics lwIP 2.0.3
2024-04-20 16:16:30,162 [INFO] ThirdParty:1030 - CMSIS Pack Vendor :STMicroelectronics FP-SNS-FLIGHT1 5.0.2
2024-04-20 16:16:30,162 [INFO] ThirdParty:1030 - CMSIS Pack Vendor :STMicroelectronics USB_HOST 1.0.0
2024-04-20 16:16:30,162 [INFO] ThirdParty:1030 - CMSIS Pack Vendor :STMicroelectronics X-CUBE-TOF1 3.3.1
2024-04-20 16:16:30,162 [INFO] ThirdParty:1030 - CMSIS Pack Vendor :STMicroelectronics X-CUBE-AI 9.0.0
2024-04-20 16:16:30,162 [INFO] ThirdParty:1030 - CMSIS Pack Vendor :STMicroelectronics X-CUBE-AZRTOS-G4 2.0.0
2024-04-20 16:16:30,162 [INFO] ThirdParty:1030 - CMSIS Pack Vendor :STMicroelectronics PDM2PCM 3.1.0
2024-04-20 16:16:30,162 [INFO] ThirdParty:1030 - CMSIS Pack Vendor :STMicroelectronics X-CUBE-AZRTOS-H7 3.1.0
2024-04-20 16:16:30,162 [INFO] ThirdParty:1030 - CMSIS Pack Vendor :STMicroelectronics X-CUBE-TOF1 3.3.0
2024-04-20 16:16:30,162 [INFO] ThirdParty:1030 - CMSIS Pack Vendor :Infineon AIROC-Wi-Fi-Bluetooth-STM32 1.5.1
2024-04-20 16:16:30,162 [INFO] ThirdParty:1030 - CMSIS Pack Vendor :STMicroelectronics X-CUBE-BLEMGR 3.0.0
2024-04-20 16:16:30,162 [INFO] ThirdParty:1030 - CMSIS Pack Vendor :STMicroelectronics PDM2PCM 3.3.0
2024-04-20 16:16:30,162 [INFO] ThirdParty:1030 - CMSIS Pack Vendor :STMicroelectronics X-CUBE-DISPLAY 3.0.0
2024-04-20 16:16:30,162 [INFO] ThirdParty:1030 - CMSIS Pack Vendor :STMicroelectronics FP-SNS-MOTENVWB1 1.3.1
2024-04-20 16:16:30,162 [INFO] ThirdParty:1030 - CMSIS Pack Vendor :STMicroelectronics X-CUBE-BLE1 7.0.0
2024-04-20 16:16:30,162 [INFO] ThirdParty:1030 - CMSIS Pack Vendor :STMicroelectronics FP-ATR-SIGFOX1 3.2.0
2024-04-20 16:16:30,163 [INFO] ThirdParty:1030 - CMSIS Pack Vendor :STMicroelectronics X-CUBE-ISPU 2.0.0
2024-04-20 16:16:30,163 [INFO] ThirdParty:1030 - CMSIS Pack Vendor :STMicroelectronics X-CUBE-EEPRMA1 5.1.0
2024-04-20 16:16:30,163 [INFO] ThirdParty:1030 - CMSIS Pack Vendor :STMicroelectronics HAL Drivers 0.0.0
2024-04-20 16:16:30,163 [INFO] ThirdParty:1030 - CMSIS Pack Vendor :STMicroelectronics MBEDTLS 2.16.2
2024-04-20 16:16:30,163 [INFO] ThirdParty:1030 - CMSIS Pack Vendor :emotas I-CUBE-CANOPEN 1.3.0
2024-04-20 16:16:30,163 [INFO] ThirdParty:1030 - CMSIS Pack Vendor :STMicroelectronics X-CUBE-MEMS1 10.0.0
2024-04-20 16:16:30,163 [INFO] ThirdParty:1030 - CMSIS Pack Vendor :STMicroelectronics X-CUBE-FREERTOS 1.1.0
2024-04-20 16:16:30,163 [INFO] ThirdParty:1030 - CMSIS Pack Vendor :STMicroelectronics X-CUBE-TOUCHGFX 4.22.0
2024-04-20 16:16:30,163 [INFO] ThirdParty:1030 - CMSIS Pack Vendor :STMicroelectronics X-CUBE-NFC7 1.0.1
2024-04-20 16:16:30,163 [INFO] ThirdParty:1030 - CMSIS Pack Vendor :STMicroelectronics MBEDTLS 2.14.1
2024-04-20 16:16:30,163 [INFO] ThirdParty:1030 - CMSIS Pack Vendor :STMicroelectronics X-CUBE-TOUCHGFX 4.22.1
2024-04-20 16:16:30,163 [INFO] ThirdParty:1030 - CMSIS Pack Vendor :STMicroelectronics X-CUBE-NFC6 3.0.0
2024-04-20 16:16:30,163 [INFO] ThirdParty:1030 - CMSIS Pack Vendor :portGmbH I-Cube-SoM-uGOAL 1.1.0
2024-04-20 16:16:30,163 [INFO] ThirdParty:1030 - CMSIS Pack Vendor :STMicroelectronics X-CUBE-ALS 1.0.1
2024-04-20 16:16:30,163 [INFO] ThirdParty:1030 - CMSIS Pack Vendor :STMicroelectronics X-CUBE-BLEMGR 3.1.0
2024-04-20 16:16:30,163 [INFO] ThirdParty:1030 - CMSIS Pack Vendor :STMicroelectronics ThreadX 1.0.0
2024-04-20 16:16:30,163 [INFO] ThirdParty:1030 - CMSIS Pack Vendor :STMicroelectronics FP-SNS-SMARTAG2 1.2.0
2024-04-20 16:16:30,163 [INFO] ThirdParty:1030 - CMSIS Pack Vendor :STMicroelectronics X-CUBE-AZRTOS-WL 2.0.0
2024-04-20 16:16:30,163 [INFO] ThirdParty:1030 - CMSIS Pack Vendor :SEGGER I-CUBE-embOS 1.3.1
2024-04-20 16:16:30,163 [INFO] ThirdParty:1030 - CMSIS Pack Vendor :STMicroelectronics FP-SNS-MOTENV1 5.0.0
2024-04-20 16:16:30,163 [INFO] ThirdParty:1030 - CMSIS Pack Vendor :STMicroelectronics USB_DEVICE 1.0.0
2024-04-20 16:16:30,163 [INFO] ThirdParty:1030 - CMSIS Pack Vendor :STMicroelectronics X-CUBE-AI 8.1.0
2024-04-20 16:16:30,163 [INFO] ThirdParty:1030 - CMSIS Pack Vendor :STMicroelectronics X-CUBE-AZRTOS-H7RS 1.0.0
2024-04-20 16:16:30,164 [INFO] ThirdParty:1030 - CMSIS Pack Vendor :STMicroelectronics X-CUBE-AZRTOS-L4 2.0.0
2024-04-20 16:16:30,164 [INFO] ThirdParty:1030 - CMSIS Pack Vendor :STMicroelectronics ThreadX 0.0.2
2024-04-20 16:16:30,164 [INFO] ThirdParty:1030 - CMSIS Pack Vendor :WES I-CUBE-Cesium 1.3.0
2024-04-20 16:16:30,164 [INFO] ThirdParty:1030 - CMSIS Pack Vendor :STMicroelectronics FP-ATR-ASTRA1 2.0.0
2024-04-20 16:16:30,164 [INFO] ThirdParty:1030 - CMSIS Pack Vendor :STMicroelectronics lwIP 2.1.2
2024-04-20 16:16:30,164 [INFO] ThirdParty:1030 - CMSIS Pack Vendor :STMicroelectronics X-CUBE-SFXS2LP1 4.0.0
2024-04-20 16:16:30,164 [INFO] ThirdParty:1030 - CMSIS Pack Vendor :STMicroelectronics X-CUBE-BLE2 3.3.0
2024-04-20 16:16:30,164 [INFO] ThirdParty:1030 - CMSIS Pack Vendor :STMicroelectronics X-CUBE-TOF1 3.4.0
2024-04-20 16:16:30,164 [INFO] ThirdParty:1030 - CMSIS Pack Vendor :STMicroelectronics X-CUBE-TOF1 3.4.1
2024-04-20 16:16:30,164 [INFO] ThirdParty:1030 - CMSIS Pack Vendor :STMicroelectronics X-CUBE-AZRTOS-H7 3.2.0
2024-04-20 16:16:30,164 [INFO] ThirdParty:1030 - CMSIS Pack Vendor :STMicroelectronics PDM2PCM 3.2.0
2024-04-20 16:16:30,164 [INFO] ThirdParty:1030 - CMSIS Pack Vendor :STMicroelectronics X-CUBE-TOUCHGFX 4.18.0
2024-04-20 16:16:30,164 [INFO] ThirdParty:841 - exiting critical section [change project]
2024-04-20 16:16:31,439 [INFO] PinOutPanel:1561 - setPackage(No Configuration,No Configuration)
2024-04-20 16:16:31,443 [INFO] PinOutPanel:1561 - setPackage(STM32H723ZGTx,LQFP144)
2024-04-20 16:16:32,536 [INFO] UtilMem:75 - Before build in PCC Used Memory: 380394664 Bytes (1073741824)
2024-04-20 16:16:34,966 [INFO] UtilMem:75 - After build in PCC Used Memory: 525338624 Bytes (1073741824)
2024-04-20 16:16:35,207 [INFO] ApiDbMcu:508 - Load IP Config File for LWIP
2024-04-20 16:16:35,211 [WARN] BspModel:444 - BSP dependency skipped because of component: name='DP83848', api='BSP_COMPONENT_DRIVER'
2024-04-20 16:16:35,279 [INFO] IPUIPlugin:80 - create IPUIPlugin
2024-04-20 16:16:35,279 [INFO] IPUIPlugin:80 - create IPUIPlugin
2024-04-20 16:16:35,279 [INFO] IPUIPlugin:80 - create IPUIPlugin
2024-04-20 16:16:35,279 [INFO] IPUIPlugin:80 - create IPUIPlugin
2024-04-20 16:16:35,279 [INFO] IPUIPlugin:80 - create IPUIPlugin
2024-04-20 16:16:35,279 [INFO] IPUIPlugin:80 - create IPUIPlugin
2024-04-20 16:16:35,279 [INFO] IPUIPlugin:80 - create IPUIPlugin
2024-04-20 16:16:35,280 [INFO] IPUIPlugin:80 - create IPUIPlugin
2024-04-20 16:16:35,280 [INFO] IPUIPlugin:80 - create IPUIPlugin
2024-04-20 16:16:35,280 [INFO] IPUIPlugin:80 - create IPUIPlugin
2024-04-20 16:16:35,280 [INFO] IPUIPlugin:80 - create IPUIPlugin
2024-04-20 16:16:35,280 [INFO] IPUIPlugin:80 - create IPUIPlugin
2024-04-20 16:16:35,280 [INFO] IPUIPlugin:80 - create IPUIPlugin
2024-04-20 16:16:35,281 [INFO] IPUIPlugin:80 - create IPUIPlugin
2024-04-20 16:16:35,281 [INFO] IPUIPlugin:80 - create IPUIPlugin
2024-04-20 16:16:35,281 [INFO] IPUIPlugin:80 - create IPUIPlugin
2024-04-20 16:16:35,281 [INFO] IPUIPlugin:80 - create IPUIPlugin
2024-04-20 16:16:35,281 [INFO] IPUIPlugin:80 - create IPUIPlugin
2024-04-20 16:16:35,281 [INFO] IPUIPlugin:80 - create IPUIPlugin
2024-04-20 16:16:35,281 [INFO] IPUIPlugin:80 - create IPUIPlugin
2024-04-20 16:16:35,281 [INFO] IPUIPlugin:80 - create IPUIPlugin
2024-04-20 16:16:35,281 [INFO] IPUIPlugin:80 - create IPUIPlugin
2024-04-20 16:16:35,281 [INFO] IPUIPlugin:80 - create IPUIPlugin
2024-04-20 16:16:35,282 [INFO] IPUIPlugin:80 - create IPUIPlugin
2024-04-20 16:16:35,282 [INFO] IPUIPlugin:80 - create IPUIPlugin
2024-04-20 16:16:35,282 [INFO] IPUIPlugin:80 - create IPUIPlugin
2024-04-20 16:16:35,282 [INFO] IPUIPlugin:80 - create IPUIPlugin
2024-04-20 16:16:35,282 [INFO] IPUIPlugin:80 - create IPUIPlugin
2024-04-20 16:16:35,282 [INFO] IPUIPlugin:80 - create IPUIPlugin
2024-04-20 16:16:35,282 [INFO] IPUIPlugin:80 - create IPUIPlugin
2024-04-20 16:16:35,283 [INFO] IPUIPlugin:80 - create IPUIPlugin
2024-04-20 16:16:35,283 [INFO] IPUIPlugin:80 - create IPUIPlugin
2024-04-20 16:16:35,283 [INFO] IPUIPlugin:80 - create IPUIPlugin
2024-04-20 16:16:35,283 [INFO] IPUIPlugin:80 - create IPUIPlugin
2024-04-20 16:16:35,283 [INFO] IPUIPlugin:80 - create IPUIPlugin
2024-04-20 16:16:35,284 [INFO] IPUIPlugin:80 - create IPUIPlugin
2024-04-20 16:16:35,284 [INFO] IPUIPlugin:80 - create IPUIPlugin
2024-04-20 16:16:35,284 [INFO] IPUIPlugin:80 - create IPUIPlugin
2024-04-20 16:16:35,285 [INFO] IPUIPlugin:80 - create IPUIPlugin
2024-04-20 16:16:35,285 [INFO] IPUIPlugin:80 - create IPUIPlugin
2024-04-20 16:16:35,285 [INFO] IPUIPlugin:80 - create IPUIPlugin
2024-04-20 16:16:35,286 [INFO] IPUIPlugin:80 - create IPUIPlugin
2024-04-20 16:16:35,286 [INFO] IPUIPlugin:80 - create IPUIPlugin
2024-04-20 16:16:35,286 [INFO] IPUIPlugin:80 - create IPUIPlugin
2024-04-20 16:16:35,286 [INFO] IPUIPlugin:80 - create IPUIPlugin
2024-04-20 16:16:35,287 [INFO] IPUIPlugin:80 - create IPUIPlugin
2024-04-20 16:16:35,287 [INFO] IPUIPlugin:80 - create IPUIPlugin
2024-04-20 16:16:35,288 [INFO] IPUIPlugin:80 - create IPUIPlugin
2024-04-20 16:16:35,288 [INFO] IPUIPlugin:80 - create IPUIPlugin
2024-04-20 16:16:35,288 [INFO] IPUIPlugin:80 - create IPUIPlugin
2024-04-20 16:16:35,288 [INFO] IPUIPlugin:80 - create IPUIPlugin
2024-04-20 16:16:35,292 [INFO] IPUIPlugin:80 - create IPUIPlugin
2024-04-20 16:16:35,293 [INFO] IPUIPlugin:80 - create IPUIPlugin
2024-04-20 16:16:35,294 [INFO] IPUIPlugin:80 - create IPUIPlugin
2024-04-20 16:16:35,294 [INFO] IPUIPlugin:80 - create IPUIPlugin
2024-04-20 16:16:35,294 [INFO] IPUIPlugin:80 - create IPUIPlugin
2024-04-20 16:16:35,295 [INFO] IPUIPlugin:80 - create IPUIPlugin
2024-04-20 16:16:35,295 [INFO] IPUIPlugin:80 - create IPUIPlugin
2024-04-20 16:16:35,296 [INFO] IPUIPlugin:80 - create IPUIPlugin
2024-04-20 16:16:35,296 [INFO] IPUIPlugin:80 - create IPUIPlugin
2024-04-20 16:16:35,296 [INFO] IPUIPlugin:80 - create IPUIPlugin
2024-04-20 16:16:35,297 [INFO] IPUIPlugin:80 - create IPUIPlugin
2024-04-20 16:16:35,297 [INFO] IPUIPlugin:80 - create IPUIPlugin
2024-04-20 16:16:35,298 [INFO] IPUIPlugin:80 - create IPUIPlugin
2024-04-20 16:16:35,302 [INFO] IPUIPlugin:80 - create IPUIPlugin
2024-04-20 16:16:35,312 [INFO] IPUIPlugin:80 - create IPUIPlugin
2024-04-20 16:16:35,314 [INFO] IPUIPlugin:80 - create IPUIPlugin
2024-04-20 16:16:35,314 [INFO] IPUIPlugin:80 - create IPUIPlugin
2024-04-20 16:16:35,315 [INFO] IPUIPlugin:80 - create IPUIPlugin
2024-04-20 16:16:35,315 [INFO] IPUIPlugin:80 - create IPUIPlugin
2024-04-20 16:16:35,315 [INFO] IPUIPlugin:80 - create IPUIPlugin
2024-04-20 16:16:35,316 [INFO] IPUIPlugin:80 - create IPUIPlugin
2024-04-20 16:16:35,316 [INFO] IPUIPlugin:80 - create IPUIPlugin
2024-04-20 16:16:35,317 [INFO] IPUIPlugin:80 - create IPUIPlugin
2024-04-20 16:16:35,317 [INFO] IPUIPlugin:80 - create IPUIPlugin
2024-04-20 16:16:35,317 [INFO] IPUIPlugin:80 - create IPUIPlugin
2024-04-20 16:16:35,318 [INFO] IPUIPlugin:80 - create IPUIPlugin
2024-04-20 16:16:35,318 [INFO] IPUIPlugin:80 - create IPUIPlugin
2024-04-20 16:16:35,319 [INFO] IPUIPlugin:80 - create IPUIPlugin
2024-04-20 16:16:35,319 [INFO] IPUIPlugin:80 - create IPUIPlugin
2024-04-20 16:16:35,319 [INFO] IPUIPlugin:80 - create IPUIPlugin
2024-04-20 16:16:35,320 [INFO] IPUIPlugin:80 - create IPUIPlugin
2024-04-20 16:16:35,320 [INFO] IPUIPlugin:80 - create IPUIPlugin
2024-04-20 16:16:35,321 [INFO] IPUIPlugin:80 - create IPUIPlugin
2024-04-20 16:16:35,321 [INFO] IPUIPlugin:80 - create IPUIPlugin
2024-04-20 16:16:35,321 [INFO] IPUIPlugin:80 - create IPUIPlugin
2024-04-20 16:16:35,322 [INFO] IPUIPlugin:80 - create IPUIPlugin
2024-04-20 16:16:35,325 [INFO] IPUIPlugin:80 - create IPUIPlugin
2024-04-20 16:16:35,326 [INFO] IPUIPlugin:80 - create IPUIPlugin
2024-04-20 16:16:35,327 [INFO] IPUIPlugin:80 - create IPUIPlugin
2024-04-20 16:16:35,327 [INFO] IPUIPlugin:80 - create IPUIPlugin
2024-04-20 16:16:35,328 [INFO] IPUIPlugin:80 - create IPUIPlugin
2024-04-20 16:16:35,329 [INFO] IPUIPlugin:80 - create IPUIPlugin
2024-04-20 16:16:35,329 [INFO] IPUIPlugin:80 - create IPUIPlugin
2024-04-20 16:16:35,330 [INFO] IPUIPlugin:80 - create IPUIPlugin
2024-04-20 16:16:35,330 [INFO] IPUIPlugin:80 - create IPUIPlugin
2024-04-20 16:16:35,331 [INFO] IPUIPlugin:80 - create IPUIPlugin
2024-04-20 16:16:35,331 [INFO] IPUIPlugin:80 - create IPUIPlugin
2024-04-20 16:16:35,332 [INFO] IPUIPlugin:80 - create IPUIPlugin
2024-04-20 16:16:35,333 [INFO] IPUIPlugin:80 - create IPUIPlugin
2024-04-20 16:16:35,333 [INFO] IPUIPlugin:80 - create IPUIPlugin
2024-04-20 16:16:35,334 [INFO] IPUIPlugin:80 - create IPUIPlugin
2024-04-20 16:16:35,335 [INFO] IPUIPlugin:80 - create IPUIPlugin
2024-04-20 16:16:35,335 [INFO] IPUIPlugin:80 - create IPUIPlugin
2024-04-20 16:16:35,336 [INFO] IPUIPlugin:80 - create IPUIPlugin
2024-04-20 16:16:35,350 [INFO] ApiDbMcu:508 - Load IP Config File for PDM2PCM
2024-04-20 16:16:35,724 [INFO] CADModel:165 - CPN selected for project levelSTM32H723ZGT6
2024-04-20 16:16:35,724 [INFO] CADModel:114 - Register for checkConnection events
2024-04-20 16:16:35,764 [INFO] OpenFileManager:343 - Restore cursor
2024-04-20 16:16:36,123 [WARN] IP:2120 - CMSIS_VERSION not found: check if there is a RefParameter without a condition.
2024-04-20 16:16:36,130 [WARN] IP:2120 - LWIP_NETIF_HOSTNAME_NAME not found: check if there is a RefParameter without a condition.
2024-04-20 16:16:36,201 [WARN] IP:2120 - CMSIS_VERSION not found: check if there is a RefParameter without a condition.
2024-04-20 16:16:36,209 [WARN] IP:2120 - LWIP_NETIF_HOSTNAME_NAME not found: check if there is a RefParameter without a condition.
2024-04-20 16:16:41,759 [WARN] IP:2120 - CMSIS_VERSION not found: check if there is a RefParameter without a condition.
2024-04-20 16:16:41,761 [WARN] IP:2120 - LWIP_NETIF_HOSTNAME_NAME not found: check if there is a RefParameter without a condition.
2024-04-20 16:16:46,525 [WARN] IP:2120 - CMSIS_VERSION not found: check if there is a RefParameter without a condition.
2024-04-20 16:16:46,530 [WARN] IP:2120 - LWIP_NETIF_HOSTNAME_NAME not found: check if there is a RefParameter without a condition.
2024-04-20 16:16:49,127 [WARN] IP:2120 - CMSIS_VERSION not found: check if there is a RefParameter without a condition.
2024-04-20 16:16:49,129 [WARN] IP:2120 - LWIP_NETIF_HOSTNAME_NAME not found: check if there is a RefParameter without a condition.
2024-04-20 16:16:49,484 [WARN] IP:2120 - CMSIS_VERSION not found: check if there is a RefParameter without a condition.
2024-04-20 16:16:49,489 [WARN] IP:2120 - LWIP_NETIF_HOSTNAME_NAME not found: check if there is a RefParameter without a condition.
2024-04-20 16:16:50,056 [WARN] IP:2120 - CMSIS_VERSION not found: check if there is a RefParameter without a condition.
2024-04-20 16:16:50,059 [WARN] IP:2120 - LWIP_NETIF_HOSTNAME_NAME not found: check if there is a RefParameter without a condition.
2024-04-20 16:16:52,694 [WARN] BspModel:444 - BSP dependency skipped because of component: name='DP83848', api='BSP_COMPONENT_DRIVER'
2024-04-20 16:16:52,698 [WARN] IP:2120 - CMSIS_VERSION not found: check if there is a RefParameter without a condition.
2024-04-20 16:16:52,700 [WARN] IP:2120 - LWIP_NETIF_HOSTNAME_NAME not found: check if there is a RefParameter without a condition.
2024-04-20 16:16:52,716 [WARN] IP:2120 - CMSIS_VERSION not found: check if there is a RefParameter without a condition.
2024-04-20 16:16:52,718 [WARN] IP:2120 - LWIP_NETIF_HOSTNAME_NAME not found: check if there is a RefParameter without a condition.
2024-04-20 16:16:52,809 [WARN] IP:2120 - CMSIS_VERSION not found: check if there is a RefParameter without a condition.
2024-04-20 16:16:52,812 [WARN] IP:2120 - LWIP_NETIF_HOSTNAME_NAME not found: check if there is a RefParameter without a condition.
2024-04-20 16:17:17,662 [WARN] BspModel:444 - BSP dependency skipped because of component: name='DP83848', api='BSP_COMPONENT_DRIVER'
2024-04-20 16:17:17,665 [WARN] IP:2120 - CMSIS_VERSION not found: check if there is a RefParameter without a condition.
2024-04-20 16:17:17,667 [WARN] IP:2120 - LWIP_NETIF_HOSTNAME_NAME not found: check if there is a RefParameter without a condition.
2024-04-20 16:17:17,683 [WARN] IP:2120 - CMSIS_VERSION not found: check if there is a RefParameter without a condition.
2024-04-20 16:17:17,686 [WARN] IP:2120 - LWIP_NETIF_HOSTNAME_NAME not found: check if there is a RefParameter without a condition.
2024-04-20 16:17:17,784 [WARN] IP:2120 - CMSIS_VERSION not found: check if there is a RefParameter without a condition.
2024-04-20 16:17:17,787 [WARN] IP:2120 - LWIP_NETIF_HOSTNAME_NAME not found: check if there is a RefParameter without a condition.
2024-04-20 16:21:03,646 [INFO] UtilMem:75 - End SaveConfig() Used Memory: 421249088 Bytes (1073741824)
2024-04-20 16:21:03,837 [INFO] UtilMem:75 - End SaveConfig() Used Memory: 525900832 Bytes (1073741824)
2024-04-20 16:21:04,213 [INFO] LogOutputStream:77 - [STDOUT_REDIRECT] This download action requires prior login. To proceed, please use the 'login' command with your my.st.com account email and password.
2024-04-20 16:21:04,214 [INFO] LogOutputStream:77 - [STDOUT_REDIRECT] Run 'login <email> <password> <remember_me>' for example 'login john.smith@st.com mypassword y'.
2024-04-20 16:21:04,215 [INFO] LogOutputStream:77 - [STDOUT_REDIRECT] If you do not have a my.st.com account, please visit https://st.com website to create one.
