2023-07-17 09:59:03,273 [INFO] Activator:176 - 


2023-07-17 09:59:03,280 [INFO] Activator:177 - !SESSION log4j initialized
2023-07-17 09:59:11,399 [INFO] LogOutputStream:77 - [STDOUT_REDIRECT] 
2023-07-17 09:59:38,959 [ERROR] LogOutputStream:75 - [STDERR_REDIRECT] SLF4J: Failed to load class "org.slf4j.impl.StaticLoggerBinder".
2023-07-17 09:59:38,960 [ERROR] LogOutputStream:75 - [STDERR_REDIRECT] SLF4J: Defaulting to no-operation (NOP) logger implementation
2023-07-17 09:59:38,960 [ERROR] LogOutputStream:75 - [STDERR_REDIRECT] SLF4J: See http://www.slf4j.org/codes.html#StaticLoggerBinder for further details.
2023-07-17 10:47:01,028 [INFO] ApplicationProperties:184 - Using Application install path: C:\ST\STM32CubeIDE_1.12.0\STM32CubeIDE\plugins\com.st.stm32cube.common.mx_6.8.1.202304191431
2023-07-17 10:47:01,062 [INFO] DbMcusXml:78 - Set database path to: C:\ST\STM32CubeIDE_1.12.0\STM32CubeIDE\plugins\com.st.stm32cube.common.mx_6.8.1.202304191431\\db\/mcu/
2023-07-17 10:47:01,063 [INFO] ApiDb:274 - Set plugin database path to: C:\ST\STM32CubeIDE_1.12.0\STM32CubeIDE\plugins\com.st.stm32cube.common.mx_6.8.1.202304191431\\db\/plugins/boardmanager/
2023-07-17 10:47:01,065 [WARN] ApiDb:259 - Overriding images path with different value:  => C:\ST\STM32CubeIDE_1.12.0\STM32CubeIDE\plugins\com.st.stm32cube.common.mx_6.8.1.202304191431\\db\/plugins/mcufinder/images/
2023-07-17 10:47:01,118 [INFO] ApiDb:250 - Set database path to: C:\Users\user\.stmcufinder\plugins\mcufinder//mcu/
2023-07-17 10:47:01,121 [INFO] DbMcusAds:125 - Set database path to: C:\Users\user\.stmcufinder\plugins\mcufinder//mcu/
2023-07-17 10:47:01,389 [INFO] CrossReferenceDbSqlite:203 - Set database path to: C:\Users\user\.stmcufinder\plugins\mcufinder//mcu/cs/
2023-07-17 10:47:01,526 [INFO] RulesReader:64 - Compatibility file has been processed (293 Rules)
2023-07-17 10:47:01,637 [INFO] DbMcusXml:78 - Set database path to: C:\ST\STM32CubeIDE_1.12.0\STM32CubeIDE\plugins\com.st.stm32cube.common.mx_6.8.1.202304191431\\db\/mcu/
2023-07-17 10:47:01,637 [INFO] ApiDb:274 - Set plugin database path to: C:\ST\STM32CubeIDE_1.12.0\STM32CubeIDE\plugins\com.st.stm32cube.common.mx_6.8.1.202304191431\\db\/plugins/boardmanager/
2023-07-17 10:47:01,637 [INFO] ApiDb:261 - Set plugin images path to: C:\ST\STM32CubeIDE_1.12.0\STM32CubeIDE\plugins\com.st.stm32cube.common.mx_6.8.1.202304191431\\db\/plugins/mcufinder/images/
2023-07-17 10:47:01,638 [WARN] DbFile:41 - Overriding database path with different value: C:\Users\user\.stmcufinder\plugins\mcufinder/ => C:\Users\user\.stmcufinder\plugins\mcufinder
2023-07-17 10:47:01,638 [INFO] ApiDb:250 - Set database path to: C:\Users\user\.stmcufinder\plugins\mcufinder//mcu/
2023-07-17 10:47:01,638 [WARN] DbFile:41 - Overriding database path with different value: C:\Users\user\.stmcufinder\plugins\mcufinder/ => C:\Users\user\.stmcufinder\plugins\mcufinder
2023-07-17 10:47:01,638 [INFO] DbMcusAds:125 - Set database path to: C:\Users\user\.stmcufinder\plugins\mcufinder//mcu/
2023-07-17 10:47:01,639 [WARN] DbFile:41 - Overriding database path with different value: C:\Users\user\.stmcufinder\plugins\mcufinder/ => C:\Users\user\.stmcufinder\plugins\mcufinder
2023-07-17 10:47:01,639 [WARN] DbFile:41 - Overriding database path with different value: C:\Users\user\.stmcufinder\plugins\mcufinder/ => C:\Users\user\.stmcufinder\plugins\mcufinder
2023-07-17 10:47:01,639 [INFO] CrossReferenceDbSqlite:203 - Set database path to: C:\Users\user\.stmcufinder\plugins\mcufinder//mcu/cs/
2023-07-17 10:47:01,743 [INFO] MainPanel:253 - HeapMemory: 493879296
2023-07-17 10:47:01,882 [INFO] DbMcusXml:78 - Set database path to: C:\ST\STM32CubeIDE_1.12.0\STM32CubeIDE\plugins\com.st.stm32cube.common.mx_6.8.1.202304191431\\db\/mcu/
2023-07-17 10:47:01,882 [INFO] ApiDb:274 - Set plugin database path to: C:\ST\STM32CubeIDE_1.12.0\STM32CubeIDE\plugins\com.st.stm32cube.common.mx_6.8.1.202304191431\\db\/plugins/boardmanager/
2023-07-17 10:47:01,882 [INFO] ApiDb:261 - Set plugin images path to: C:\ST\STM32CubeIDE_1.12.0\STM32CubeIDE\plugins\com.st.stm32cube.common.mx_6.8.1.202304191431\\db\/plugins/mcufinder/images/
2023-07-17 10:47:01,883 [WARN] DbFile:41 - Overriding database path with different value: C:\Users\user\.stmcufinder\plugins\mcufinder/ => C:\Users\user\.stmcufinder\plugins\mcufinder
2023-07-17 10:47:01,884 [INFO] ApiDb:250 - Set database path to: C:\Users\user\.stmcufinder\plugins\mcufinder//mcu/
2023-07-17 10:47:01,884 [WARN] DbFile:41 - Overriding database path with different value: C:\Users\user\.stmcufinder\plugins\mcufinder/ => C:\Users\user\.stmcufinder\plugins\mcufinder
2023-07-17 10:47:01,884 [INFO] DbMcusAds:125 - Set database path to: C:\Users\user\.stmcufinder\plugins\mcufinder//mcu/
2023-07-17 10:47:01,884 [WARN] DbFile:41 - Overriding database path with different value: C:\Users\user\.stmcufinder\plugins\mcufinder/ => C:\Users\user\.stmcufinder\plugins\mcufinder
2023-07-17 10:47:01,884 [WARN] DbFile:41 - Overriding database path with different value: C:\Users\user\.stmcufinder\plugins\mcufinder/ => C:\Users\user\.stmcufinder\plugins\mcufinder
2023-07-17 10:47:01,884 [INFO] CrossReferenceDbSqlite:203 - Set database path to: C:\Users\user\.stmcufinder\plugins\mcufinder//mcu/cs/
2023-07-17 10:47:01,914 [INFO] ApplicationProperties:184 - Using Application install path: C:\ST\STM32CubeIDE_1.12.0\STM32CubeIDE\plugins\com.st.stm32cube.common.mx_6.8.1.202304191431
2023-07-17 10:47:01,915 [INFO] PluginManage:196 - Search for loadable plugins [exclusion list=, ]
2023-07-17 10:47:01,918 [INFO] PluginManage:310 - Check plugin analytics
2023-07-17 10:47:02,138 [INFO] AnalyticsPlugin:253 - Accepted Software Licenses: STM32CubeMX.6.8.0,STM32CubeMX.6.8.1
2023-07-17 10:47:02,139 [INFO] AnalyticsPlugin:255 - Accepted CMSIS Pack Licenses: emotas.I-CUBE-CANOPEN.1.1.3,STMicroelectronics.X-CUBE-TOUCHGFX.4.21.0,STMicroelectronics.X-CUBE-TOUCHGFX.4.21.1
2023-07-17 10:47:02,140 [INFO] AnalyticsPlugin:257 - Accepted Firmware Licenses: FW.H7.1.11.0,FW.G0.1.6.0,FW.F4.1.27.0
2023-07-17 10:47:02,147 [INFO] PluginManage:359 - Loaded plugin analytics (category:tool,tabindex:-1)
2023-07-17 10:47:02,147 [INFO] PluginManage:310 - Check plugin cadmodel
2023-07-17 10:47:02,175 [INFO] CADModel:105 - Init CAD model plugin
2023-07-17 10:47:02,175 [INFO] PluginManage:359 - Loaded plugin cadmodel (category:power,tabindex:5)
2023-07-17 10:47:02,176 [INFO] PluginManage:310 - Check plugin clock
2023-07-17 10:47:02,199 [INFO] PluginManage:359 - Loaded plugin clock (category:base,tabindex:2)
2023-07-17 10:47:02,200 [INFO] PluginManage:310 - Check plugin ddr
2023-07-17 10:47:02,204 [INFO] PluginManage:359 - Loaded plugin ddr (category:tool,tabindex:6)
2023-07-17 10:47:02,204 [INFO] PluginManage:310 - Check plugin filemanager
2023-07-17 10:47:02,421 [INFO] PluginManage:359 - Loaded plugin filemanager (category:base,tabindex:10)
2023-07-17 10:47:02,421 [INFO] PluginManage:310 - Check plugin ipmanager
2023-07-17 10:47:02,433 [INFO] PluginManage:359 - Loaded plugin ipmanager (category:base,tabindex:5)
2023-07-17 10:47:02,433 [INFO] PluginManage:310 - Check plugin lpbam
2023-07-17 10:47:02,463 [INFO] PluginManage:359 - Loaded plugin lpbam (category:base,tabindex:0)
2023-07-17 10:47:02,464 [INFO] PluginManage:310 - Check plugin pinoutandconfiguration
2023-07-17 10:47:02,484 [INFO] PluginManage:359 - Loaded plugin pinoutandconfiguration (category:base,tabindex:1)
2023-07-17 10:47:02,484 [INFO] PluginManage:310 - Check plugin pinoutconfig
2023-07-17 10:47:02,607 [WARN] SupportedApi:132 - Cannot load RTOS API schema: s4s-elt-must-match.1: The content of 'definitions' must match (annotation?, (simpleType | complexType)?, (unique | key | keyref)*)). A problem was found starting at: attribute.
2023-07-17 10:47:02,778 [INFO] PluginManage:359 - Loaded plugin pinoutconfig (category:base,tabindex:0)
2023-07-17 10:47:02,778 [INFO] PluginManage:310 - Check plugin power
2023-07-17 10:47:02,802 [INFO] PluginManage:359 - Loaded plugin power (category:power,tabindex:4)
2023-07-17 10:47:02,803 [INFO] PluginManage:310 - Check plugin projectmanager
2023-07-17 10:47:02,824 [INFO] PluginManage:359 - Loaded plugin projectmanager (category:projectmanager,tabindex:3)
2023-07-17 10:47:02,824 [INFO] PluginManage:310 - Check plugin thirdparty
2023-07-17 10:47:03,151 [INFO] PluginManage:359 - Loaded plugin thirdparty (category:base,tabindex:-1)
2023-07-17 10:47:03,151 [WARN] IntegrityCheckThread:84 - waiting for thirdparty lock release [integrity check]
2023-07-17 10:47:03,151 [INFO] IntegrityCheckThread:86 - entering critical section [integrity check]
2023-07-17 10:47:03,151 [INFO] PluginManage:310 - Check plugin tools
2023-07-17 10:47:03,154 [INFO] ThirdPartyUpdaterWithRetryManager:70 - Updater plugin not ready yet. [1/15]
2023-07-17 10:47:03,192 [INFO] PluginManage:359 - Loaded plugin tools (category:base,tabindex:7)
2023-07-17 10:47:03,192 [INFO] PluginManage:310 - Check plugin tutovideos
2023-07-17 10:47:03,492 [INFO] PluginManage:359 - Loaded plugin tutovideos (category:base,tabindex:-1)
2023-07-17 10:47:03,492 [INFO] PluginManage:310 - Check plugin updater
2023-07-17 10:47:03,516 [INFO] PluginManage:359 - Loaded plugin updater (category:base,tabindex:12)
2023-07-17 10:47:03,517 [INFO] PluginManage:283 - PluginManage : Loaded plugins [15]
2023-07-17 10:47:03,954 [INFO] PinOutPanel:1499 - setPackage(No Configuration,No Configuration)
2023-07-17 10:47:04,080 [INFO] CADModel:165 - CPN selected for project level
2023-07-17 10:47:04,080 [INFO] CADModel:114 - Register for checkConnection events
2023-07-17 10:47:04,142 [INFO] IPUIPlugin:80 - create IPUIPlugin
2023-07-17 10:47:04,143 [INFO] PluginManager:220 - loadIPPluginJar : add adc
2023-07-17 10:47:04,199 [INFO] IPUIPlugin:80 - create IPUIPlugin
2023-07-17 10:47:04,199 [INFO] PluginManager:220 - loadIPPluginJar : add aes
2023-07-17 10:47:04,251 [INFO] IPUIPlugin:80 - create IPUIPlugin
2023-07-17 10:47:04,251 [INFO] PluginManager:220 - loadIPPluginJar : add can
2023-07-17 10:47:04,281 [INFO] IPUIPlugin:80 - create IPUIPlugin
2023-07-17 10:47:04,281 [INFO] PluginManager:220 - loadIPPluginJar : add comp
2023-07-17 10:47:04,313 [INFO] IPUIPlugin:80 - create IPUIPlugin
2023-07-17 10:47:04,313 [INFO] PluginManager:220 - loadIPPluginJar : add cryp
2023-07-17 10:47:04,346 [INFO] IPUIPlugin:80 - create IPUIPlugin
2023-07-17 10:47:04,346 [INFO] PluginManager:220 - loadIPPluginJar : add dfsdm
2023-07-17 10:47:04,364 [INFO] IPUIPlugin:80 - create IPUIPlugin
2023-07-17 10:47:04,364 [INFO] PluginManager:220 - loadIPPluginJar : add dma
2023-07-17 10:47:04,409 [INFO] IPUIPlugin:80 - create IPUIPlugin
2023-07-17 10:47:04,410 [INFO] PluginManager:220 - loadIPPluginJar : add dma3
2023-07-17 10:47:04,432 [INFO] IPUIPlugin:80 - create IPUIPlugin
2023-07-17 10:47:04,432 [INFO] PluginManager:220 - loadIPPluginJar : add fatfs
2023-07-17 10:47:04,480 [INFO] IPUIPlugin:80 - create IPUIPlugin
2023-07-17 10:47:04,480 [INFO] PluginManager:220 - loadIPPluginJar : add fmc
2023-07-17 10:47:04,496 [INFO] IPUIPlugin:80 - create IPUIPlugin
2023-07-17 10:47:04,498 [INFO] PluginManager:220 - loadIPPluginJar : add freertos
2023-07-17 10:47:04,519 [INFO] IPUIPlugin:80 - create IPUIPlugin
2023-07-17 10:47:04,520 [INFO] PluginManager:220 - loadIPPluginJar : add genericplugin
2023-07-17 10:47:04,613 [INFO] IPUIPlugin:80 - create IPUIPlugin
2023-07-17 10:47:04,613 [INFO] PluginManager:220 - loadIPPluginJar : add gfxmmu
2023-07-17 10:47:04,748 [INFO] IPUIPlugin:80 - create IPUIPlugin
2023-07-17 10:47:04,748 [INFO] PluginManager:220 - loadIPPluginJar : add gic
2023-07-17 10:47:04,764 [INFO] IPUIPlugin:80 - create IPUIPlugin
2023-07-17 10:47:04,764 [INFO] PluginManager:220 - loadIPPluginJar : add gpio
2023-07-17 10:47:04,877 [INFO] IPUIPlugin:80 - create IPUIPlugin
2023-07-17 10:47:04,877 [INFO] PluginManager:220 - loadIPPluginJar : add gtzc
2023-07-17 10:47:04,914 [INFO] IPUIPlugin:80 - create IPUIPlugin
2023-07-17 10:47:04,914 [INFO] PluginManager:220 - loadIPPluginJar : add hash
2023-07-17 10:47:04,973 [INFO] IPUIPlugin:80 - create IPUIPlugin
2023-07-17 10:47:04,973 [INFO] PluginManager:220 - loadIPPluginJar : add i2c
2023-07-17 10:47:05,015 [INFO] IPUIPlugin:80 - create IPUIPlugin
2023-07-17 10:47:05,015 [INFO] PluginManager:220 - loadIPPluginJar : add i2s
2023-07-17 10:47:05,059 [INFO] IPUIPlugin:80 - create IPUIPlugin
2023-07-17 10:47:05,059 [INFO] PluginManager:220 - loadIPPluginJar : add i3c
2023-07-17 10:47:05,160 [INFO] IPUIPlugin:80 - create IPUIPlugin
2023-07-17 10:47:05,160 [INFO] PluginManager:220 - loadIPPluginJar : add ipddr
2023-07-17 10:47:05,278 [INFO] IPUIPlugin:80 - create IPUIPlugin
2023-07-17 10:47:05,278 [INFO] PluginManager:220 - loadIPPluginJar : add linkedlist
2023-07-17 10:47:05,313 [INFO] IPUIPlugin:80 - create IPUIPlugin
2023-07-17 10:47:05,313 [INFO] PluginManager:220 - loadIPPluginJar : add lorawan
2023-07-17 10:47:05,359 [INFO] IPUIPlugin:80 - create IPUIPlugin
2023-07-17 10:47:05,359 [INFO] PluginManager:220 - loadIPPluginJar : add ltdc
2023-07-17 10:47:05,377 [INFO] IPUIPlugin:80 - create IPUIPlugin
2023-07-17 10:47:05,377 [INFO] PluginManager:220 - loadIPPluginJar : add mdma
2023-07-17 10:47:05,392 [INFO] IPUIPlugin:80 - create IPUIPlugin
2023-07-17 10:47:05,393 [INFO] PluginManager:220 - loadIPPluginJar : add nvic
2023-07-17 10:47:05,439 [INFO] IPUIPlugin:80 - create IPUIPlugin
2023-07-17 10:47:05,439 [INFO] PluginManager:220 - loadIPPluginJar : add opamp
2023-07-17 10:47:05,508 [INFO] IPUIPlugin:80 - create IPUIPlugin
2023-07-17 10:47:05,508 [INFO] PluginManager:220 - loadIPPluginJar : add openamp
2023-07-17 10:47:05,549 [INFO] IPUIPlugin:80 - create IPUIPlugin
2023-07-17 10:47:05,549 [INFO] PluginManager:220 - loadIPPluginJar : add pdm2pcm
2023-07-17 10:47:05,564 [INFO] IPUIPlugin:80 - create IPUIPlugin
2023-07-17 10:47:05,568 [INFO] PluginManager:220 - loadIPPluginJar : add plateformsettings
2023-07-17 10:47:05,589 [INFO] IPUIPlugin:80 - create IPUIPlugin
2023-07-17 10:47:05,591 [INFO] PluginManager:220 - loadIPPluginJar : add quadspi
2023-07-17 10:47:05,613 [INFO] IPUIPlugin:80 - create IPUIPlugin
2023-07-17 10:47:05,613 [INFO] PluginManager:220 - loadIPPluginJar : add resmgrutility
2023-07-17 10:47:05,673 [INFO] IPUIPlugin:80 - create IPUIPlugin
2023-07-17 10:47:05,673 [INFO] PluginManager:220 - loadIPPluginJar : add sai
2023-07-17 10:47:05,711 [INFO] IPUIPlugin:80 - create IPUIPlugin
2023-07-17 10:47:05,711 [INFO] PluginManager:220 - loadIPPluginJar : add spi
2023-07-17 10:47:05,766 [INFO] IPUIPlugin:80 - create IPUIPlugin
2023-07-17 10:47:05,766 [INFO] PluginManager:220 - loadIPPluginJar : add stm32_wpan
2023-07-17 10:47:05,793 [INFO] IPUIPlugin:80 - create IPUIPlugin
2023-07-17 10:47:05,793 [INFO] PluginManager:220 - loadIPPluginJar : add tim
2023-07-17 10:47:05,846 [INFO] IPUIPlugin:80 - create IPUIPlugin
2023-07-17 10:47:05,846 [INFO] PluginManager:220 - loadIPPluginJar : add touchsensing
2023-07-17 10:47:05,867 [INFO] IPUIPlugin:80 - create IPUIPlugin
2023-07-17 10:47:05,869 [INFO] PluginManager:220 - loadIPPluginJar : add tracer_emb
2023-07-17 10:47:05,893 [INFO] IPUIPlugin:80 - create IPUIPlugin
2023-07-17 10:47:05,893 [INFO] PluginManager:220 - loadIPPluginJar : add ts
2023-07-17 10:47:05,917 [INFO] IPUIPlugin:80 - create IPUIPlugin
2023-07-17 10:47:05,917 [INFO] PluginManager:220 - loadIPPluginJar : add tsc
2023-07-17 10:47:05,941 [INFO] IPUIPlugin:80 - create IPUIPlugin
2023-07-17 10:47:05,941 [INFO] PluginManager:220 - loadIPPluginJar : add ucpd
2023-07-17 10:47:05,992 [INFO] IPUIPlugin:80 - create IPUIPlugin
2023-07-17 10:47:05,992 [INFO] PluginManager:220 - loadIPPluginJar : add usart
2023-07-17 10:47:06,038 [INFO] IPUIPlugin:80 - create IPUIPlugin
2023-07-17 10:47:06,038 [INFO] PluginManager:220 - loadIPPluginJar : add usbx
2023-07-17 10:47:06,156 [INFO] ThirdPartyUpdaterWithRetryManager:70 - Updater plugin not ready yet. [2/15]
2023-07-17 10:47:06,184 [INFO] CADModel:165 - CPN selected for project level
2023-07-17 10:47:06,184 [INFO] CADModel:114 - Register for checkConnection events
2023-07-17 10:47:06,184 [FATAL] Updater:308 - Updater called before beeing initialized
2023-07-17 10:47:06,184 [ERROR] CADModel:125 - Updater not yet initialized, retry later 
2023-07-17 10:47:06,371 [INFO] CADModel:165 - CPN selected for project level
2023-07-17 10:47:06,371 [INFO] CADModel:114 - Register for checkConnection events
2023-07-17 10:47:06,371 [FATAL] Updater:308 - Updater called before beeing initialized
2023-07-17 10:47:06,371 [ERROR] CADModel:125 - Updater not yet initialized, retry later 
2023-07-17 10:47:06,377 [FATAL] Updater:308 - Updater called before beeing initialized
2023-07-17 10:47:06,563 [FATAL] Updater:308 - Updater called before beeing initialized
2023-07-17 10:47:06,576 [INFO] DbMcusAds:53 - JSON generation date=Tue Mar 07 15:50:55 ICT 2023 (1678179055114)
2023-07-17 10:47:06,577 [FATAL] Updater:308 - Updater called before beeing initialized
2023-07-17 10:47:06,666 [WARN] DetailPanel:346 - Failed to get advertising image, set to default
2023-07-17 10:47:06,757 [FATAL] Updater:308 - Updater called before beeing initialized
2023-07-17 10:47:06,762 [FATAL] Updater:308 - Updater called before beeing initialized
2023-07-17 10:47:06,762 [FATAL] Updater:308 - Updater called before beeing initialized
2023-07-17 10:47:06,762 [WARN] DetailPanel:346 - Failed to get advertising image, set to default
2023-07-17 10:47:06,763 [FATAL] Updater:308 - Updater called before beeing initialized
2023-07-17 10:47:06,825 [ERROR] Updater:1120 - MainUpdater not yet initialized. External WinMGr cannot be set.
2023-07-17 10:47:06,833 [INFO] Updater:1056 - Updater Version found : 6.8.1
2023-07-17 10:47:06,858 [INFO] ApplicationProperties:184 - Using Application install path: C:\ST\STM32CubeIDE_1.12.0\STM32CubeIDE\plugins\com.st.stm32cube.common.mx_6.8.1.202304191431
2023-07-17 10:47:07,419 [INFO] MainUpdater:2854 - connection check result : 10
2023-07-17 10:47:07,420 [INFO] MainUpdater:3548 - Updater definition file requires update
2023-07-17 10:47:07,421 [INFO] MainUpdater:283 - Updater Check For Update Now.
2023-07-17 10:47:07,422 [INFO] MicroXplorer:498 - Change Database Version : DB.6.0.81
2023-07-17 10:47:09,157 [WARN] MainUpdater:1187 - Updater busy. Cannot search thirdparties
2023-07-17 10:47:09,158 [INFO] ThirdPartyUpdaterWithRetryManager:96 - Updater plugin is busy. [1/15]
2023-07-17 10:47:09,199 [INFO] ServerAccessManage:473 - Download File updaters.zip
2023-07-17 10:47:09,276 [INFO] FileExtend:240 - Unzip File : updaters.zip
2023-07-17 10:47:09,276 [INFO] FileExtend:255 - Standard Zip Deflate
2023-07-17 10:47:10,264 [INFO] ServerAccessManage:473 - Download File PacksControlFlags.xml
2023-07-17 10:47:11,533 [INFO] ServerAccessManage:473 - Download File cubemx.pidx
2023-07-17 10:47:11,685 [INFO] LoadServerUpdatesThread:373 - End of LoadServerUpdate Thread
2023-07-17 10:47:11,931 [INFO] CheckServerUpdateThread:120 - End of CheckServer Thread
2023-07-17 10:47:12,083 [INFO] MainUpdater:2854 - connection check result : 10
2023-07-17 10:47:12,408 [INFO] McuFinderGlobals:66 - Set McuFinderConnectedMode to true
2023-07-17 10:47:12,768 [WARN] PackLoader:240 - Cannot read IP mode file for STMicroelectronics.X-CUBE-SMBUS.2.1.0
2023-07-17 10:47:12,906 [WARN] PackLoader:240 - Cannot read IP mode file for STMicroelectronics.X-CUBE-AZRTOS-F7.1.1.0
2023-07-17 10:47:12,969 [ERROR] RealEvaluatedCondition:428 - Found unsupported composite condition: CLASS='Data Exchange' GROUP='STM32_MetaDataManager'
2023-07-17 10:47:12,969 [ERROR] RealEvaluatedCondition:428 - Found unsupported composite condition: CLASS='Data Exchange' GROUP='STM32_MetaDataManager'
2023-07-17 10:47:12,971 [WARN] PackLoader:240 - Cannot read IP mode file for STMicroelectronics.FP-SNS-MOTENV1.4.3.0
2023-07-17 10:47:13,008 [WARN] PackLoader:240 - Cannot read IP mode file for STMicroelectronics.FP-SNS-MOTENV1.4.3.2
2023-07-17 10:47:13,081 [WARN] PackLoader:240 - Cannot read IP mode file for STMicroelectronics.FP-SNS-FLIGHT1.5.0.0
2023-07-17 10:47:13,148 [ERROR] RealEvaluatedCondition:428 - Found unsupported composite condition: GROUP='STM32_MetaDataManager' CLASS='Data Exchange'
2023-07-17 10:47:13,149 [ERROR] RealEvaluatedCondition:428 - Found unsupported composite condition: GROUP='STM32_MetaDataManager' CLASS='Data Exchange'
2023-07-17 10:47:13,150 [WARN] PackLoader:240 - Cannot read IP mode file for STMicroelectronics.FP-SNS-MOTENV1.4.3.1
2023-07-17 10:47:13,168 [WARN] PackLoader:240 - Cannot read IP mode file for STMicroelectronics.FP-SNS-FLIGHT1.5.0.1
2023-07-17 10:47:13,200 [WARN] PackLoader:240 - Cannot read IP mode file for STMicroelectronics.X-CUBE-BLE1.6.2.4
2023-07-17 10:47:13,233 [WARN] PackLoader:240 - Cannot read IP mode file for STMicroelectronics.X-CUBE-DISPLAY.3.0.0
2023-07-17 10:47:13,263 [WARN] PackLoader:240 - Cannot read IP mode file for STMicroelectronics.X-CUBE-TOUCHGFX.4.22.0
2023-07-17 10:47:13,296 [INFO] LogOutputStream:77 - [STDOUT_REDIRECT] 1 : Invalid condition id : UX_CORESTACK_Condition cause : null
2023-07-17 10:47:13,297 [INFO] LogOutputStream:77 - [STDOUT_REDIRECT] 1 : Invalid condition id : UX_CORESTACK_Condition cause : null
2023-07-17 10:47:13,298 [INFO] LogOutputStream:77 - [STDOUT_REDIRECT] 1 : Invalid condition id : UX_CORESTACK_Condition cause : null
2023-07-17 10:47:13,299 [INFO] LogOutputStream:77 - [STDOUT_REDIRECT] 1 : Invalid condition id : UX_CORESTACK_Condition cause : null
2023-07-17 10:47:13,300 [INFO] LogOutputStream:77 - [STDOUT_REDIRECT] 1 : Invalid condition id : UX_CORESTACK_Condition cause : null
2023-07-17 10:47:13,307 [WARN] PackLoader:240 - Cannot read IP mode file for STMicroelectronics.X-CUBE-AZRTOS-WL.2.0.0
2023-07-17 10:47:13,338 [WARN] PackLoader:240 - Cannot read IP mode file for WES.I-CUBE-Cesium.1.3.0
2023-07-17 10:47:13,367 [WARN] PackLoader:240 - Cannot read IP mode file for STMicroelectronics.X-CUBE-BLE2.3.3.0
2023-07-17 10:47:13,396 [WARN] PackLoader:240 - Cannot read IP mode file for STMicroelectronics.X-CUBE-TOF1.3.2.0
2023-07-17 10:47:13,431 [WARN] PackLoader:240 - Cannot read IP mode file for STMicroelectronics.X-CUBE-TOUCHGFX.4.21.1
2023-07-17 10:47:13,478 [INFO] ServerAccessManage:473 - Download File mcusAds.json._tmp_
2023-07-17 10:47:13,595 [INFO] LoadUrlFilesThread:156 - End of LoadUrlFiles Thread
2023-07-17 10:47:14,044 [WARN] PackLoader:240 - Cannot read IP mode file for STMicroelectronics.X-CUBE-TOUCHGFX.4.21.0
2023-07-17 10:47:14,161 [WARN] PackLoader:240 - Cannot read IP mode file for STMicroelectronics.X-CUBE-TOUCHGFX.4.21.3
2023-07-17 10:47:14,181 [WARN] PackLoader:240 - Cannot read IP mode file for STMicroelectronics.X-CUBE-TOUCHGFX.4.21.4
2023-07-17 10:47:14,268 [WARN] PackLoader:240 - Cannot read IP mode file for STMicroelectronics.X-CUBE-ALGOBUILD.1.3.0
2023-07-17 10:47:14,310 [WARN] PackLoader:240 - Cannot read IP mode file for STMicroelectronics.X-CUBE-AZRTOS-G0.1.1.0
2023-07-17 10:47:14,349 [WARN] PackLoader:240 - Cannot read IP mode file for STMicroelectronics.X-CUBE-NFC4.3.0.0
2023-07-17 10:47:14,364 [WARN] PackLoader:240 - Cannot read IP mode file for STMicroelectronics.FP-ATR-SIGFOX1.3.2.0
2023-07-17 10:47:14,457 [WARN] PackLoader:240 - Cannot read IP mode file for STMicroelectronics.X-CUBE-MEMS1.9.5.0
2023-07-17 10:47:14,673 [WARN] PackLoader:240 - Cannot read IP mode file for SEGGER.I-CUBE-embOS.1.3.1
2023-07-17 10:47:14,733 [WARN] PackLoader:240 - Cannot read IP mode file for STMicroelectronics.X-CUBE-GNSS1.6.0.0
2023-07-17 10:47:14,774 [WARN] PackLoader:240 - Cannot read IP mode file for STMicroelectronics.X-CUBE-AZRTOS-F4.1.1.0
2023-07-17 10:47:14,834 [WARN] PackLoader:240 - Cannot read IP mode file for wolfSSL.I-CUBE-wolfSSL.5.6.0
2023-07-17 10:47:14,931 [WARN] PackLoader:240 - Cannot read IP mode file for STMicroelectronics.X-CUBE-MEMS1.9.6.0
2023-07-17 10:47:15,405 [INFO] ServerAccessManage:473 - Download File cube-finder-db.zip
2023-07-17 10:47:16,156 [WARN] PackLoader:240 - Cannot read IP mode file for emotas.I-CUBE-CANOPEN.1.1.3
2023-07-17 10:47:16,327 [INFO] FileExtend:240 - Unzip File : cube-finder-db.zip
2023-07-17 10:47:16,328 [INFO] FileExtend:255 - Standard Zip Deflate
2023-07-17 10:47:16,375 [WARN] PackLoader:240 - Cannot read IP mode file for STMicroelectronics.X-CUBE-BLEMGR.2.0.0
2023-07-17 10:47:16,559 [WARN] ConditionMgr:438 - getConditionDescription Invalid condition id : UX DEVICE CLASS RTOS Condition cause : null
2023-07-17 10:47:16,560 [WARN] ConditionMgr:438 - getConditionDescription Invalid condition id : UX DEVICE CLASS RTOS Condition cause : null
2023-07-17 10:47:16,563 [WARN] PackLoader:240 - Cannot read IP mode file for STMicroelectronics.X-CUBE-AZRTOS-H7.3.1.0
2023-07-17 10:47:16,565 [WARN] ConditionMgr:1039 - genDependencies : Invalid condition id : UX DEVICE CLASS RTOS Condition cause : null
2023-07-17 10:47:16,565 [WARN] ConditionMgr:1039 - genDependencies : Invalid condition id : UX DEVICE CLASS RTOS Condition cause : null
2023-07-17 10:47:16,567 [WARN] ConditionMgr:1039 - genDependencies : Invalid condition id : UX DEVICE CLASS RTOS Condition cause : null
2023-07-17 10:47:16,568 [WARN] ConditionMgr:1039 - genDependencies : Invalid condition id : UX DEVICE CLASS RTOS Condition cause : null
2023-07-17 10:47:16,568 [WARN] ConditionMgr:1039 - genDependencies : Invalid condition id : UX DEVICE CLASS RTOS Condition cause : null
2023-07-17 10:47:16,711 [WARN] PackLoader:240 - Cannot read IP mode file for wolfSSL.I-CUBE-wolfSSL.5.5.4
2023-07-17 10:47:16,855 [WARN] PackLoader:240 - Cannot read IP mode file for STMicroelectronics.X-CUBE-NFC7.1.0.1
2023-07-17 10:47:16,912 [WARN] PackLoader:240 - Cannot read IP mode file for STMicroelectronics.X-CUBE-NFC7.1.0.0
2023-07-17 10:47:17,014 [WARN] PackLoader:240 - Cannot read IP mode file for STMicroelectronics.X-CUBE-EEPRMA1.4.1.0
2023-07-17 10:47:17,243 [WARN] ConditionMgr:438 - getConditionDescription Invalid condition id : LAN8742 Phy interface Condition cause : null
2023-07-17 10:47:17,244 [WARN] PackLoader:240 - Cannot read IP mode file for STMicroelectronics.X-CUBE-AZRTOS-L4.2.0.0
2023-07-17 10:47:17,245 [WARN] ConditionMgr:1039 - genDependencies : Invalid condition id : LAN8742 Phy interface Condition cause : null
2023-07-17 10:47:17,245 [WARN] ConditionMgr:1039 - genDependencies : Invalid condition id : LAN8742 Phy interface Condition cause : null
2023-07-17 10:47:17,246 [WARN] ConditionMgr:1039 - genDependencies : Invalid condition id : LAN8742 Phy interface Condition cause : null
2023-07-17 10:47:17,282 [INFO] LoadUrlFilesThread:156 - End of LoadUrlFiles Thread
2023-07-17 10:47:17,368 [WARN] PackLoader:240 - Cannot read IP mode file for STMicroelectronics.X-CUBE-SFXS2LP1.4.0.0
2023-07-17 10:47:17,573 [WARN] PackLoader:240 - Cannot read IP mode file for STMicroelectronics.X-CUBE-AZRTOS-H7.3.0.0
2023-07-17 10:47:17,662 [WARN] PackLoader:240 - Cannot read IP mode file for STMicroelectronics.X-CUBE-ISPU.1.1.0
2023-07-17 10:47:17,723 [WARN] PackLoader:240 - Cannot read IP mode file for RoweBots.I-CUBE-UNISONRTOS.5.5.0-4
2023-07-17 10:47:17,801 [WARN] PackLoader:240 - Cannot read IP mode file for STMicroelectronics.X-CUBE-AI.8.0.0
2023-07-17 10:47:17,872 [WARN] PackLoader:240 - Cannot read IP mode file for STMicroelectronics.X-CUBE-FREERTOS.1.0.0
2023-07-17 10:47:17,899 [WARN] PackLoader:240 - Cannot read IP mode file for STMicroelectronics.X-CUBE-FREERTOS.1.0.1
2023-07-17 10:47:17,993 [WARN] PackLoader:240 - Cannot read IP mode file for STMicroelectronics.X-CUBE-AZRTOS-L5.1.1.0
2023-07-17 10:47:18,043 [WARN] PackLoader:240 - Cannot read IP mode file for STMicroelectronics.X-CUBE-AI.8.0.1
2023-07-17 10:47:18,118 [WARN] PackLoader:240 - Cannot read IP mode file for STMicroelectronics.X-CUBE-SUBG2.5.0.0
2023-07-17 10:47:18,183 [WARN] PackLoader:240 - Cannot read IP mode file for STMicroelectronics.X-CUBE-AZRTOS-G4.2.0.0
2023-07-17 10:47:18,225 [WARN] PackLoader:240 - Cannot read IP mode file for STMicroelectronics.X-CUBE-TOF1.3.3.0
2023-07-17 10:47:18,435 [WARN] PackLoader:240 - Cannot read IP mode file for STMicroelectronics.FP-ATR-ASTRA1.1.1.1
2023-07-17 10:47:18,474 [WARN] PackLoader:240 - Cannot read IP mode file for STMicroelectronics.X-CUBE-AZRTOS-G4.1.0.0
2023-07-17 10:47:18,536 [WARN] PackLoader:240 - Cannot read IP mode file for STMicroelectronics.X-CUBE-AZRTOS-L4.1.0.0
2023-07-17 10:47:18,577 [WARN] PackLoader:240 - Cannot read IP mode file for STMicroelectronics.X-CUBE-AZRTOS-WL.1.0.0
2023-07-17 10:47:18,613 [WARN] PackLoader:240 - Cannot read IP mode file for portGmbH.I-Cube-SoM-uGOAL.1.1.0
2023-07-17 10:47:18,653 [WARN] PackLoader:240 - Cannot read IP mode file for STMicroelectronics.X-CUBE-ALS.1.0.1
2023-07-17 10:47:18,679 [WARN] PackLoader:240 - Cannot read IP mode file for STMicroelectronics.X-CUBE-AZRTOS-WB.1.1.0
2023-07-17 10:47:18,699 [WARN] PackLoader:240 - Cannot read IP mode file for STMicroelectronics.FP-ATR-ASTRA1.2.0.0
2023-07-17 10:47:18,700 [INFO] ThirdParty:978 - Integrity check success = true
2023-07-17 10:47:18,700 [INFO] IntegrityCheckThread:100 - exiting critical section [integrity check]
2023-07-17 10:47:18,700 [INFO] IntegrityCheckThread:103 - End integrity checks thread
2023-07-17 10:47:18,714 [INFO] ServerAccessManage:473 - Download File crdb.zip
2023-07-17 10:47:20,263 [INFO] FileExtend:240 - Unzip File : crdb.zip
2023-07-17 10:47:20,263 [INFO] FileExtend:255 - Standard Zip Deflate
2023-07-17 10:47:20,412 [INFO] LoadUrlFilesThread:156 - End of LoadUrlFiles Thread
2023-07-17 10:47:22,255 [INFO] ServerAccessManage:473 - Download File tutoVideoDB.zip
2023-07-17 10:47:22,260 [INFO] FileExtend:240 - Unzip File : tutoVideoDB.zip
2023-07-17 10:47:22,260 [INFO] FileExtend:255 - Standard Zip Deflate
2023-07-17 10:47:22,398 [INFO] LoadUrlFilesThread:156 - End of LoadUrlFiles Thread
2023-07-17 10:47:22,407 [WARN] DbFile:41 - Overriding database path with different value: C:\Users\user\.stmcufinder\plugins\mcufinder/ => C:\Users\user\.stmcufinder\plugins\mcufinder
2023-07-17 10:47:23,352 [INFO] ServerAccessManage:473 - Download File api_config.json
2023-07-17 10:47:23,462 [INFO] LoadUrlFilesThread:156 - End of LoadUrlFiles Thread
2023-07-17 10:47:23,463 [INFO] DbMcusAds:53 - JSON generation date=Tue Mar 07 15:50:55 ICT 2023 (1678179055335)
2023-07-17 10:47:23,500 [INFO] LoadUrlFilesThread:185 - End of LoadServerUrlFiles without Thread
2023-07-17 10:47:23,500 [INFO] TargetSelectorAdapter:259 - Refresh data is successful
2023-07-17 10:47:23,704 [INFO] ApiDb:581 - Connected to CubeFinder SQLite database (C:\Users\user\.stmcufinder\plugins\mcufinder\mcu\cube-finder-db.db)
2023-07-17 10:47:23,766 [INFO] ApiDb:668 - CubeFinder database Data Model version=2.1
2023-07-17 10:47:23,766 [INFO] ApiDb:669 - CubeFinder database Configuration version=3.0.37
2023-07-17 10:47:23,766 [INFO] ApiDb:670 - CubeFinder database generation date=2023-06-26 (1687786131)
2023-07-17 10:47:23,767 [INFO] ApiDb:671 - CubeFinder database FW Pack versions=[FP-ATR-ASTRA1_V2.0.0, FP-SNS-FLIGHT1_V5.0.1, FP-SNS-MOTENV1_V4.3.1, STM32Cube_FW_C0_V1.1.0, STM32Cube_FW_F4_V1.27.1, STM32Cube_FW_F7_V1.17.0, STM32Cube_FW_G0_V1.6.1, STM32Cube_FW_G4_V1.5.1, STM32Cube_FW_H5_V0.5.1, STM32Cube_FW_H5_V1.1.0, STM32Cube_FW_H7_V1.11.0, STM32Cube_FW_L0_V1.12.2, STM32Cube_FW_L5_V1.5.0, STM32Cube_FW_U5_V1.3.0, STM32Cube_FW_U5_V1.3.0RC4, STM32Cube_FW_WBA_V1.0.0RC1, STM32Cube_FW_WBA_V1.1.0, STM32Cube_FW_WBA_V1.1.0RC1, STM32Cube_FW_WB_V1.15.0RC1, STM32Cube_FW_WB_V1.16.0, STM32Cube_FW_WB_V1.16.0RC2, STM32Cube_FW_WB_V1.17.0, STM32Cube_FW_WL_V1.3.0, X-CUBE-ALGOBUILD_V1.3.0, X-CUBE-ALS_V1.0.1, X-CUBE-AZRTOS-F4_V1.1.0, X-CUBE-AZRTOS-F7_V1.1.0, X-CUBE-AZRTOS-G0_V1.1.0, X-CUBE-AZRTOS-G4_V2.0.0, X-CUBE-AZRTOS-H7_V3.1.0, X-CUBE-AZRTOS-L4_V1.0.0, X-CUBE-AZRTOS-L4_V2.0.0, X-CUBE-AZRTOS-L5_V1.1.0, X-CUBE-AZRTOS-WB_V1.1.0, X-CUBE-AZRTOS-WL_V2.0.0, X-CUBE-BLE1_V6.2.4, X-CUBE-BLE2_V3.3.0, X-CUBE-BLEMGR_V2.0.0, X-CUBE-EEPRMA1_V4.1.0, X-CUBE-FREERTOS_V1.0.1, X-CUBE-GNSS1_V6.0.0, X-CUBE-MEMS1_V9.1.0, X-CUBE-MEMS1_V9.4.0, X-CUBE-MEMS1_V9.6.0, X-CUBE-NFC4_V3.0.0, X-CUBE-NFC7_V1.0.0, X-CUBE-SFXS2LP1_V4.0.0, X-CUBE-SUBG2_V5.0.0]
2023-07-17 10:47:25,577 [INFO] ApiDb:240 - Found 297 in-development CPN: [B-G473E-ZEST1S, B-WB1M-WPAN1, B-WL5M-SUBG1, NUCLEO-C031C6, NUCLEO-H503RB, NUCLEO-H563ZI, NUCLEO-U545RE-Q, NUCLEO-U5A5ZJ-Q, NUCLEO-WBA52CG, STEVAL-PROTEUS1, STEVAL-STWINBX1, STM320518-EVAL, STM32C0116-DK, STM32C011D6Y3TR, STM32C011D6Y6TR, STM32C011F4P3, STM32C011F4P6, STM32C011F4U3, STM32C011F4U6TR, STM32C011F6P3, STM32C011F6P6, STM32C011F6U3, STM32C011F6U6TR, STM32C011J4M3, STM32C011J4M6, STM32C011J6M3, STM32C011J6M6, STM32C0316-DK, STM32C031C4T3, STM32C031C4T6, STM32C031C4U3, STM32C031C4U6, STM32C031C6T3, STM32C031C6T6, STM32C031C6U3, STM32C031C6U6, STM32C031F4P3, STM32C031F4P6, STM32C031F6P3, STM32C031F6P6, STM32C031G4U3, STM32C031G4U6, STM32C031G6U3, STM32C031G6U6, STM32C031K4T3, STM32C031K4T6, STM32C031K4U3, STM32C031K4U6, STM32C031K6T3, STM32C031K6T6, STM32C031K6U3, STM32C031K6U6, STM32G071K8TXN, STM32G071K8UXN, STM32G081GBU6N, STM32G081KBT6N, STM32G081KBUXN, STM32G0B1CCT6N, STM32G0B1KCT6, STM32G0B1NEY6TR, STM32G0B1RCT6N, STM32G0C1CCT6, STM32G0C1CCT6N, STM32G0C1CCU6N, STM32G0C1CET6N, STM32G0C1CEU6N, STM32G0C1KCT6, STM32G0C1NEY6TR, STM32G0C1RCI6N, STM32G0C1RCT6N, STM32G0C1REI6N, STM32G0C1RET6N, STM32G0C1VCI6, STM32G0C1VEI6, STM32G471CCT6, STM32G471CCU6, STM32G471CET3, STM32G471CET6, STM32G471CEU3, STM32G471CEU6, STM32G471MCT6, STM32G471MET3, STM32G471MET6, STM32G471MEY6TR, STM32G471QCT6, STM32G471QET3, STM32G471RCT6, STM32G471RET3, STM32G471RET6, STM32G471VCH6, STM32G471VCI6, STM32G471VCT6, STM32G471VEH3, STM32G471VEH6, STM32G471VEI3, STM32G471VEI6, STM32G471VET3, STM32G471VET6, STM32G474CCT6, STM32H503CBT6, STM32H503CBU6, STM32H503EBY6TR, STM32H503KBU6, STM32H503RBT6, STM32H562AGI6, STM32H562AII6, STM32H562IGK6, STM32H562IGT6, STM32H562IIK6, STM32H562IIT6, STM32H562RGT6, STM32H562RGV6, STM32H562RIT6, STM32H562RIV6, STM32H562VGT6, STM32H562VIT6, STM32H562ZGT6, STM32H562ZIT6, STM32H563AGI6, STM32H563AII3Q, STM32H563AII6, STM32H563IGK6, STM32H563IGT6, STM32H563IIK3Q, STM32H563IIK6, STM32H563IIT3Q, STM32H563IIT6, STM32H563MIY3QTR, STM32H563RGT6, STM32H563RGV6, STM32H563RIT6, STM32H563RIV6, STM32H563VGT6, STM32H563VIT3Q, STM32H563VIT6, STM32H563ZGT6, STM32H563ZIT3Q, STM32H563ZIT6, STM32H573AII3Q, STM32H573AII6, STM32H573I-DK, STM32H573IIK3Q, STM32H573IIK6, STM32H573IIT3Q, STM32H573IIT6, STM32H573MIY3QTR, STM32H573RIT6, STM32H573RIV6, STM32H573VIT3Q, STM32H573VIT6, STM32H573ZIT3Q, STM32H573ZIT6, STM32L4R5QGI6STR, STM32MP131AAE3, STM32MP131AAF3, STM32MP131AAG3, STM32MP131CAE3, STM32MP131CAF3, STM32MP131CAG3, STM32MP131DAE7, STM32MP131DAF7, STM32MP131DAG7, STM32MP131FAE7, STM32MP131FAF7, STM32MP131FAG7, STM32MP133AAE3, STM32MP133AAF3, STM32MP133AAG3, STM32MP133CAE3, STM32MP133CAF3, STM32MP133CAG3, STM32MP133DAE7, STM32MP133DAF7, STM32MP133DAG7, STM32MP133FAE7, STM32MP133FAF7, STM32MP133FAG7, STM32MP135AAE3, STM32MP135AAF3, STM32MP135AAG3, STM32MP135CAE3, STM32MP135CAF3, STM32MP135CAG3, STM32MP135DAE7, STM32MP135DAF7, STM32MP135DAG7, STM32MP135F-DK, STM32MP135FAE7, STM32MP135FAF7, STM32MP135FAF7T, STM32MP135FAF7U, STM32MP135FAG7, STM32U535CBT6, STM32U535CBT6Q, STM32U535CBU6, STM32U535CBU6Q, STM32U535CCT6, STM32U535CCT6Q, STM32U535CCU6, STM32U535CCU6Q, STM32U535CET6, STM32U535CET6Q, STM32U535CEU6, STM32U535CEU6Q, STM32U535JEY6QTR, STM32U535NCY6QTR, STM32U535NEY6QTR, STM32U535RBI6, STM32U535RBI6Q, STM32U535RBT6, STM32U535RBT6Q, STM32U535RCI6, STM32U535RCI6Q, STM32U535RCT6, STM32U535RCT6Q, STM32U535REI6, STM32U535REI6Q, STM32U535RET6, STM32U535RET6Q, STM32U535VCI6, STM32U535VCI6Q, STM32U535VCT6, STM32U535VCT6Q, STM32U535VEI6, STM32U535VEI6Q, STM32U535VET6, STM32U535VET6Q, STM32U545CET6, STM32U545CET6Q, STM32U545CEU6, STM32U545CEU6Q, STM32U545JEY6QTR, STM32U545NEY6QTR, STM32U545REI6, STM32U545REI6Q, STM32U545RET6, STM32U545RET6Q, STM32U545VEI6, STM32U545VEI6Q, STM32U545VET6, STM32U545VET6Q, STM32U595AIH6, STM32U595AIH6Q, STM32U595AJH6, STM32U595AJH6Q, STM32U595QII6, STM32U595QII6Q, STM32U595QJI6, STM32U595QJI6Q, STM32U595RIT6, STM32U595RIT6Q, STM32U595RJT6, STM32U595RJT6Q, STM32U595VIT6, STM32U595VIT6Q, STM32U595VJT6, STM32U595VJT6Q, STM32U595ZIT6, STM32U595ZIT6Q, STM32U595ZIY6QTR, STM32U595ZJT6, STM32U595ZJT6Q, STM32U595ZJY6QTR, STM32U599BJY6QTR, STM32U599NIH6Q, STM32U599NJH6Q, STM32U599VIT6Q, STM32U599VJT6, STM32U599VJT6Q, STM32U599ZIT6Q, STM32U599ZIY6QTR, STM32U599ZJT6Q, STM32U599ZJY6QTR, STM32U5A5AJH6, STM32U5A5AJH6Q, STM32U5A5QJI6, STM32U5A5QJI6Q, STM32U5A5RJT6, STM32U5A5RJT6Q, STM32U5A5VJT6, STM32U5A5VJT6Q, STM32U5A5ZJT6, STM32U5A5ZJT6Q, STM32U5A5ZJY6QTR, STM32U5A9BJY6QTR, STM32U5A9J-DK, STM32U5A9NJH6Q, STM32U5A9VJT6Q, STM32U5A9ZJT6Q, STM32U5A9ZJY6QTR, STM32WB1MMCH6, STM32WBA52CEU6, STM32WBA52CEU6T, STM32WBA52CGU6, STM32WBA52CGU6T, STM32WL5MOCH6, STM32WL5MOCH6TR]
2023-07-17 10:47:25,582 [INFO] DbMcus:216 - Found 3825 MCUs, 3825 are supported
2023-07-17 10:47:25,595 [INFO] ApiDb:423 - Load user favorites file C:\Users\user/.stm32cubeide/favorites.mcus.txt: 2 item(s)
2023-07-17 10:47:25,596 [INFO] ApiDb:427 - User favorites MCUs=[STM32F103C8T6, STM32H750VBT6]
2023-07-17 10:47:25,596 [INFO] DbMcus:222 - Set 2 / 2 favorites MCUs
2023-07-17 10:47:25,838 [INFO] ApiDb:668 - CubeFinder database Data Model version=2.1
2023-07-17 10:47:25,838 [INFO] ApiDb:669 - CubeFinder database Configuration version=3.0.37
2023-07-17 10:47:25,838 [INFO] ApiDb:670 - CubeFinder database generation date=2023-06-26 (1687786131)
2023-07-17 10:47:25,838 [INFO] ApiDb:671 - CubeFinder database FW Pack versions=[FP-ATR-ASTRA1_V2.0.0, FP-SNS-FLIGHT1_V5.0.1, FP-SNS-MOTENV1_V4.3.1, STM32Cube_FW_C0_V1.1.0, STM32Cube_FW_F4_V1.27.1, STM32Cube_FW_F7_V1.17.0, STM32Cube_FW_G0_V1.6.1, STM32Cube_FW_G4_V1.5.1, STM32Cube_FW_H5_V0.5.1, STM32Cube_FW_H5_V1.1.0, STM32Cube_FW_H7_V1.11.0, STM32Cube_FW_L0_V1.12.2, STM32Cube_FW_L5_V1.5.0, STM32Cube_FW_U5_V1.3.0, STM32Cube_FW_U5_V1.3.0RC4, STM32Cube_FW_WBA_V1.0.0RC1, STM32Cube_FW_WBA_V1.1.0, STM32Cube_FW_WBA_V1.1.0RC1, STM32Cube_FW_WB_V1.15.0RC1, STM32Cube_FW_WB_V1.16.0, STM32Cube_FW_WB_V1.16.0RC2, STM32Cube_FW_WB_V1.17.0, STM32Cube_FW_WL_V1.3.0, X-CUBE-ALGOBUILD_V1.3.0, X-CUBE-ALS_V1.0.1, X-CUBE-AZRTOS-F4_V1.1.0, X-CUBE-AZRTOS-F7_V1.1.0, X-CUBE-AZRTOS-G0_V1.1.0, X-CUBE-AZRTOS-G4_V2.0.0, X-CUBE-AZRTOS-H7_V3.1.0, X-CUBE-AZRTOS-L4_V1.0.0, X-CUBE-AZRTOS-L4_V2.0.0, X-CUBE-AZRTOS-L5_V1.1.0, X-CUBE-AZRTOS-WB_V1.1.0, X-CUBE-AZRTOS-WL_V2.0.0, X-CUBE-BLE1_V6.2.4, X-CUBE-BLE2_V3.3.0, X-CUBE-BLEMGR_V2.0.0, X-CUBE-EEPRMA1_V4.1.0, X-CUBE-FREERTOS_V1.0.1, X-CUBE-GNSS1_V6.0.0, X-CUBE-MEMS1_V9.1.0, X-CUBE-MEMS1_V9.4.0, X-CUBE-MEMS1_V9.6.0, X-CUBE-NFC4_V3.0.0, X-CUBE-NFC7_V1.0.0, X-CUBE-SFXS2LP1_V4.0.0, X-CUBE-SUBG2_V5.0.0]
2023-07-17 10:47:25,894 [INFO] DbBoardsSqlite:226 - include board P-NUCLEO-WB55-NUCLEO as a kit item of type 'Nucleo-64'
2023-07-17 10:47:25,894 [INFO] DbBoardsSqlite:226 - include board P-NUCLEO-WB55-USBDONGLE as a kit item of type 'Nucleo USB Dongle'
2023-07-17 10:47:25,894 [INFO] DbBoardsSqlite:226 - include board STEVAL-IDP005V1 as a kit item of type 'Evaluation Board'
2023-07-17 10:47:25,895 [INFO] DbBoardsSqlite:226 - include board STEVAL-IDP005V2 as a kit item of type 'Evaluation Board'
2023-07-17 10:47:25,939 [INFO] ApiDb:240 - Found 297 in-development CPN: [B-G473E-ZEST1S, B-WB1M-WPAN1, B-WL5M-SUBG1, NUCLEO-C031C6, NUCLEO-H503RB, NUCLEO-H563ZI, NUCLEO-U545RE-Q, NUCLEO-U5A5ZJ-Q, NUCLEO-WBA52CG, STEVAL-PROTEUS1, STEVAL-STWINBX1, STM320518-EVAL, STM32C0116-DK, STM32C011D6Y3TR, STM32C011D6Y6TR, STM32C011F4P3, STM32C011F4P6, STM32C011F4U3, STM32C011F4U6TR, STM32C011F6P3, STM32C011F6P6, STM32C011F6U3, STM32C011F6U6TR, STM32C011J4M3, STM32C011J4M6, STM32C011J6M3, STM32C011J6M6, STM32C0316-DK, STM32C031C4T3, STM32C031C4T6, STM32C031C4U3, STM32C031C4U6, STM32C031C6T3, STM32C031C6T6, STM32C031C6U3, STM32C031C6U6, STM32C031F4P3, STM32C031F4P6, STM32C031F6P3, STM32C031F6P6, STM32C031G4U3, STM32C031G4U6, STM32C031G6U3, STM32C031G6U6, STM32C031K4T3, STM32C031K4T6, STM32C031K4U3, STM32C031K4U6, STM32C031K6T3, STM32C031K6T6, STM32C031K6U3, STM32C031K6U6, STM32G071K8TXN, STM32G071K8UXN, STM32G081GBU6N, STM32G081KBT6N, STM32G081KBUXN, STM32G0B1CCT6N, STM32G0B1KCT6, STM32G0B1NEY6TR, STM32G0B1RCT6N, STM32G0C1CCT6, STM32G0C1CCT6N, STM32G0C1CCU6N, STM32G0C1CET6N, STM32G0C1CEU6N, STM32G0C1KCT6, STM32G0C1NEY6TR, STM32G0C1RCI6N, STM32G0C1RCT6N, STM32G0C1REI6N, STM32G0C1RET6N, STM32G0C1VCI6, STM32G0C1VEI6, STM32G471CCT6, STM32G471CCU6, STM32G471CET3, STM32G471CET6, STM32G471CEU3, STM32G471CEU6, STM32G471MCT6, STM32G471MET3, STM32G471MET6, STM32G471MEY6TR, STM32G471QCT6, STM32G471QET3, STM32G471RCT6, STM32G471RET3, STM32G471RET6, STM32G471VCH6, STM32G471VCI6, STM32G471VCT6, STM32G471VEH3, STM32G471VEH6, STM32G471VEI3, STM32G471VEI6, STM32G471VET3, STM32G471VET6, STM32G474CCT6, STM32H503CBT6, STM32H503CBU6, STM32H503EBY6TR, STM32H503KBU6, STM32H503RBT6, STM32H562AGI6, STM32H562AII6, STM32H562IGK6, STM32H562IGT6, STM32H562IIK6, STM32H562IIT6, STM32H562RGT6, STM32H562RGV6, STM32H562RIT6, STM32H562RIV6, STM32H562VGT6, STM32H562VIT6, STM32H562ZGT6, STM32H562ZIT6, STM32H563AGI6, STM32H563AII3Q, STM32H563AII6, STM32H563IGK6, STM32H563IGT6, STM32H563IIK3Q, STM32H563IIK6, STM32H563IIT3Q, STM32H563IIT6, STM32H563MIY3QTR, STM32H563RGT6, STM32H563RGV6, STM32H563RIT6, STM32H563RIV6, STM32H563VGT6, STM32H563VIT3Q, STM32H563VIT6, STM32H563ZGT6, STM32H563ZIT3Q, STM32H563ZIT6, STM32H573AII3Q, STM32H573AII6, STM32H573I-DK, STM32H573IIK3Q, STM32H573IIK6, STM32H573IIT3Q, STM32H573IIT6, STM32H573MIY3QTR, STM32H573RIT6, STM32H573RIV6, STM32H573VIT3Q, STM32H573VIT6, STM32H573ZIT3Q, STM32H573ZIT6, STM32L4R5QGI6STR, STM32MP131AAE3, STM32MP131AAF3, STM32MP131AAG3, STM32MP131CAE3, STM32MP131CAF3, STM32MP131CAG3, STM32MP131DAE7, STM32MP131DAF7, STM32MP131DAG7, STM32MP131FAE7, STM32MP131FAF7, STM32MP131FAG7, STM32MP133AAE3, STM32MP133AAF3, STM32MP133AAG3, STM32MP133CAE3, STM32MP133CAF3, STM32MP133CAG3, STM32MP133DAE7, STM32MP133DAF7, STM32MP133DAG7, STM32MP133FAE7, STM32MP133FAF7, STM32MP133FAG7, STM32MP135AAE3, STM32MP135AAF3, STM32MP135AAG3, STM32MP135CAE3, STM32MP135CAF3, STM32MP135CAG3, STM32MP135DAE7, STM32MP135DAF7, STM32MP135DAG7, STM32MP135F-DK, STM32MP135FAE7, STM32MP135FAF7, STM32MP135FAF7T, STM32MP135FAF7U, STM32MP135FAG7, STM32U535CBT6, STM32U535CBT6Q, STM32U535CBU6, STM32U535CBU6Q, STM32U535CCT6, STM32U535CCT6Q, STM32U535CCU6, STM32U535CCU6Q, STM32U535CET6, STM32U535CET6Q, STM32U535CEU6, STM32U535CEU6Q, STM32U535JEY6QTR, STM32U535NCY6QTR, STM32U535NEY6QTR, STM32U535RBI6, STM32U535RBI6Q, STM32U535RBT6, STM32U535RBT6Q, STM32U535RCI6, STM32U535RCI6Q, STM32U535RCT6, STM32U535RCT6Q, STM32U535REI6, STM32U535REI6Q, STM32U535RET6, STM32U535RET6Q, STM32U535VCI6, STM32U535VCI6Q, STM32U535VCT6, STM32U535VCT6Q, STM32U535VEI6, STM32U535VEI6Q, STM32U535VET6, STM32U535VET6Q, STM32U545CET6, STM32U545CET6Q, STM32U545CEU6, STM32U545CEU6Q, STM32U545JEY6QTR, STM32U545NEY6QTR, STM32U545REI6, STM32U545REI6Q, STM32U545RET6, STM32U545RET6Q, STM32U545VEI6, STM32U545VEI6Q, STM32U545VET6, STM32U545VET6Q, STM32U595AIH6, STM32U595AIH6Q, STM32U595AJH6, STM32U595AJH6Q, STM32U595QII6, STM32U595QII6Q, STM32U595QJI6, STM32U595QJI6Q, STM32U595RIT6, STM32U595RIT6Q, STM32U595RJT6, STM32U595RJT6Q, STM32U595VIT6, STM32U595VIT6Q, STM32U595VJT6, STM32U595VJT6Q, STM32U595ZIT6, STM32U595ZIT6Q, STM32U595ZIY6QTR, STM32U595ZJT6, STM32U595ZJT6Q, STM32U595ZJY6QTR, STM32U599BJY6QTR, STM32U599NIH6Q, STM32U599NJH6Q, STM32U599VIT6Q, STM32U599VJT6, STM32U599VJT6Q, STM32U599ZIT6Q, STM32U599ZIY6QTR, STM32U599ZJT6Q, STM32U599ZJY6QTR, STM32U5A5AJH6, STM32U5A5AJH6Q, STM32U5A5QJI6, STM32U5A5QJI6Q, STM32U5A5RJT6, STM32U5A5RJT6Q, STM32U5A5VJT6, STM32U5A5VJT6Q, STM32U5A5ZJT6, STM32U5A5ZJT6Q, STM32U5A5ZJY6QTR, STM32U5A9BJY6QTR, STM32U5A9J-DK, STM32U5A9NJH6Q, STM32U5A9VJT6Q, STM32U5A9ZJT6Q, STM32U5A9ZJY6QTR, STM32WB1MMCH6, STM32WBA52CEU6, STM32WBA52CEU6T, STM32WBA52CGU6, STM32WBA52CGU6T, STM32WL5MOCH6, STM32WL5MOCH6TR]
2023-07-17 10:47:26,086 [INFO] BoardInfo:880 - No configuration file found for board P-NUCLEO-WB55
2023-07-17 10:47:26,087 [INFO] DbBoards:157 - Kit is not supported: P-NUCLEO-WB55
2023-07-17 10:47:26,092 [INFO] BoardInfo:880 - No configuration file found for board STEVAL-BFA001V1B
2023-07-17 10:47:26,092 [INFO] DbBoards:157 - Kit is not supported: STEVAL-BFA001V1B
2023-07-17 10:47:26,093 [INFO] BoardInfo:880 - No configuration file found for board STEVAL-BFA001V2B
2023-07-17 10:47:26,093 [INFO] DbBoards:157 - Kit is not supported: STEVAL-BFA001V2B
2023-07-17 10:47:26,097 [INFO] BoardInfo:880 - No configuration file found for board STEVAL-SMARTAG2
2023-07-17 10:47:26,097 [INFO] DbBoards:157 - Board is not supported: STEVAL-SMARTAG2
2023-07-17 10:47:26,191 [INFO] DbBoards:161 - Found 188 boards, 184 are supported
2023-07-17 10:47:26,195 [INFO] ApiDb:423 - Load user favorites file C:\Users\user/.stm32cubeide/favorites.boards.txt: 1 item(s)
2023-07-17 10:47:26,195 [INFO] ApiDb:427 - User favorites Boards=[STM32H750B-DK]
2023-07-17 10:47:26,197 [INFO] DbBoards:190 - Set 1 / 1 favorites Boards
2023-07-17 10:47:26,199 [INFO] ApiDb:668 - CubeFinder database Data Model version=2.1
2023-07-17 10:47:26,199 [INFO] ApiDb:669 - CubeFinder database Configuration version=3.0.37
2023-07-17 10:47:26,199 [INFO] ApiDb:670 - CubeFinder database generation date=2023-06-26 (1687786131)
2023-07-17 10:47:26,199 [INFO] ApiDb:671 - CubeFinder database FW Pack versions=[FP-ATR-ASTRA1_V2.0.0, FP-SNS-FLIGHT1_V5.0.1, FP-SNS-MOTENV1_V4.3.1, STM32Cube_FW_C0_V1.1.0, STM32Cube_FW_F4_V1.27.1, STM32Cube_FW_F7_V1.17.0, STM32Cube_FW_G0_V1.6.1, STM32Cube_FW_G4_V1.5.1, STM32Cube_FW_H5_V0.5.1, STM32Cube_FW_H5_V1.1.0, STM32Cube_FW_H7_V1.11.0, STM32Cube_FW_L0_V1.12.2, STM32Cube_FW_L5_V1.5.0, STM32Cube_FW_U5_V1.3.0, STM32Cube_FW_U5_V1.3.0RC4, STM32Cube_FW_WBA_V1.0.0RC1, STM32Cube_FW_WBA_V1.1.0, STM32Cube_FW_WBA_V1.1.0RC1, STM32Cube_FW_WB_V1.15.0RC1, STM32Cube_FW_WB_V1.16.0, STM32Cube_FW_WB_V1.16.0RC2, STM32Cube_FW_WB_V1.17.0, STM32Cube_FW_WL_V1.3.0, X-CUBE-ALGOBUILD_V1.3.0, X-CUBE-ALS_V1.0.1, X-CUBE-AZRTOS-F4_V1.1.0, X-CUBE-AZRTOS-F7_V1.1.0, X-CUBE-AZRTOS-G0_V1.1.0, X-CUBE-AZRTOS-G4_V2.0.0, X-CUBE-AZRTOS-H7_V3.1.0, X-CUBE-AZRTOS-L4_V1.0.0, X-CUBE-AZRTOS-L4_V2.0.0, X-CUBE-AZRTOS-L5_V1.1.0, X-CUBE-AZRTOS-WB_V1.1.0, X-CUBE-AZRTOS-WL_V2.0.0, X-CUBE-BLE1_V6.2.4, X-CUBE-BLE2_V3.3.0, X-CUBE-BLEMGR_V2.0.0, X-CUBE-EEPRMA1_V4.1.0, X-CUBE-FREERTOS_V1.0.1, X-CUBE-GNSS1_V6.0.0, X-CUBE-MEMS1_V9.1.0, X-CUBE-MEMS1_V9.4.0, X-CUBE-MEMS1_V9.6.0, X-CUBE-NFC4_V3.0.0, X-CUBE-NFC7_V1.0.0, X-CUBE-SFXS2LP1_V4.0.0, X-CUBE-SUBG2_V5.0.0]
2023-07-17 10:47:27,064 [INFO] DbExamplesSqlite:376 - Ignored 27 examples not supported by CubeIDE
2023-07-17 10:47:27,064 [INFO] DbExamplesSqlite:377 - Found 7164 examples active
2023-07-17 10:47:27,065 [INFO] DbExamplesSqlite:378 - Found 677 examples obsolete
2023-07-17 10:47:27,065 [INFO] DbExamplesSqlite:379 - Found 0 examples under development
2023-07-17 10:47:27,065 [INFO] DbExamplesSqlite:380 - Found 74 examples not building
2023-07-17 10:47:27,067 [INFO] DbExamples:125 - Found 7211 examples
2023-07-17 10:47:27,103 [ERROR] DbExamples:208 - Found 22 examples with invalid data (board or MCU)
2023-07-17 10:47:27,104 [INFO] DbExamples:222 - Found 91 boards with related examples
2023-07-17 10:47:27,106 [INFO] DbExamples:235 - Found 77 MCUs with related examples
2023-07-17 10:47:27,128 [INFO] ApiDb:414 - User favorites file not found: C:\Users\user/.stm32cubeide/favorites.examples.txt
2023-07-17 10:47:27,128 [INFO] DbExamples:250 - Set 0 / 0 favorites Examples
2023-07-17 10:47:27,746 [INFO] McuFinderGlobals:66 - Set McuFinderConnectedMode to true
2023-07-17 10:47:27,759 [INFO] MultiScanPanel:200 - Auto-refresh data requested => check proxy status ongoing
2023-07-17 10:47:27,763 [INFO] FinderPluginLoader:95 - Searching for filters in installed packs
2023-07-17 10:47:29,692 [INFO] LoadUrlFilesThread:185 - End of LoadServerUrlFiles without Thread
2023-07-17 10:47:29,829 [INFO] DetailPanel:341 - Set advertising image to C:/Users/user/STM32Cube/Repository/\en.prom-stm32h5-mcu-finder.jpg
2023-07-17 10:48:58,878 [INFO] MainUpdater:2854 - connection check result : 10
2023-07-17 10:48:58,878 [INFO] MainUpdater:2854 - connection check result : 10
2023-07-17 10:49:02,166 [INFO] MicroXplorer:468 - Change Database Path : 
2023-07-17 10:49:02,166 [INFO] MicroXplorer:498 - Change Database Version : DB.6.0.81
2023-07-17 10:49:02,166 [WARN] ThirdParty:871 - waiting for thirdparty lock release [close project]
2023-07-17 10:49:02,166 [INFO] ThirdParty:873 - entering critical section [close project]
2023-07-17 10:49:02,168 [INFO] ThirdParty:883 - exiting critical section [close project]
2023-07-17 10:49:02,173 [INFO] PinOutPanel:1499 - setPackage(No Configuration,No Configuration)
2023-07-17 10:49:02,178 [INFO] UtilMem:75 - Begin LoadConfig() Used Memory: 575745536 Bytes (762314752)
2023-07-17 10:49:02,180 [INFO] MicroXplorer:468 - Change Database Path : 
2023-07-17 10:49:02,180 [INFO] MicroXplorer:498 - Change Database Version : DB.6.0.81
2023-07-17 10:49:02,180 [INFO] OpenFileManager:308 - Change cursor
2023-07-17 10:49:02,269 [INFO] Mcu:1937 - Initializing MCU STM32H750VBTx STM32H750VBTx 
2023-07-17 10:49:02,271 [INFO] Mcu:1950 - No CPN specified => set CPN to STM32H750VBT6
2023-07-17 10:49:07,643 [INFO] Context:659 - Trying to add GPIOservice into a context  which must be forbidden
2023-07-17 10:49:10,311 [INFO] ImportTextPane:194 - (OptionalMessage_ERROR) Unable to find key (Mcu.ThirdPartyNb) in loaded IOC file
2023-07-17 10:49:10,311 [INFO] ImportTextPane:194 - (OptionalMessage_ERROR) Unable to find key (Mcu.PinsNb) in loaded IOC file
2023-07-17 10:49:10,311 [INFO] ImportTextPane:194 - (OptionalMessage_ERROR) Unable to find key (Mcu.IPNb) in loaded IOC file
2023-07-17 10:49:10,592 [INFO] RtosManager:555 - Registered RTOS mode: class=CMSIS, group=RTOS, mode=CMSIS_V1, owner=FREERTOS
2023-07-17 10:49:10,592 [INFO] RtosManager:555 - Registered RTOS mode: class=CMSIS, group=RTOS2, mode=CMSIS_V2, owner=FREERTOS
2023-07-17 10:49:10,592 [INFO] RtosManager:555 - Registered RTOS mode: class=RTOS, group=Core, mode=CMSIS_V1, owner=FREERTOS
2023-07-17 10:49:10,592 [INFO] RtosManager:555 - Registered RTOS mode: class=RTOS, group=Core, mode=CMSIS_V2, owner=FREERTOS
2023-07-17 10:49:10,592 [WARN] ModelIntegratedComponent:184 - Missing modes for component STMicroelectronics:FreeRTOS:0.0.1:STMicroelectronics:RTOS:FreeRTOS:Core:::10.2.0:
2023-07-17 10:49:10,609 [WARN] ModelIntegratedComponent:63 - No mode defined for component null
2023-07-17 10:49:10,609 [WARN] ModelIntegratedComponent:63 - No mode defined for component null
2023-07-17 10:49:10,610 [WARN] ModelIntegratedComponent:63 - No mode defined for component null
2023-07-17 10:49:10,610 [WARN] ModelIntegratedComponent:63 - No mode defined for component null
2023-07-17 10:49:10,610 [WARN] ModelIntegratedComponent:63 - No mode defined for component null
2023-07-17 10:49:10,610 [WARN] ModelIntegratedComponent:63 - No mode defined for component null
2023-07-17 10:49:10,610 [WARN] ModelIntegratedComponent:63 - No mode defined for component null
2023-07-17 10:49:10,610 [WARN] ModelIntegratedComponent:63 - No mode defined for component null
2023-07-17 10:49:10,610 [WARN] ModelIntegratedComponent:63 - No mode defined for component null
2023-07-17 10:49:10,610 [WARN] ModelIntegratedComponent:63 - No mode defined for component null
2023-07-17 10:49:10,610 [WARN] ModelIntegratedComponent:63 - No mode defined for component null
2023-07-17 10:49:10,610 [WARN] ModelIntegratedComponent:63 - No mode defined for component null
2023-07-17 10:49:10,610 [WARN] ModelIntegratedComponent:63 - No mode defined for component null
2023-07-17 10:49:10,610 [WARN] ModelIntegratedComponent:63 - No mode defined for component null
2023-07-17 10:49:10,610 [WARN] ModelIntegratedComponent:63 - No mode defined for component null
2023-07-17 10:49:10,610 [WARN] ModelIntegratedComponent:63 - No mode defined for component null
2023-07-17 10:49:10,610 [WARN] ModelIntegratedComponent:63 - No mode defined for component null
2023-07-17 10:49:10,610 [WARN] ModelIntegratedComponent:63 - No mode defined for component null
2023-07-17 10:49:10,610 [WARN] ModelIntegratedComponent:63 - No mode defined for component null
2023-07-17 10:49:10,610 [WARN] ModelIntegratedComponent:63 - No mode defined for component null
2023-07-17 10:49:10,610 [WARN] ModelIntegratedComponent:63 - No mode defined for component null
2023-07-17 10:49:10,610 [WARN] ModelIntegratedComponent:63 - No mode defined for component null
2023-07-17 10:49:10,610 [WARN] ModelIntegratedComponent:63 - No mode defined for component null
2023-07-17 10:49:10,610 [WARN] ModelIntegratedComponent:63 - No mode defined for component null
2023-07-17 10:49:10,610 [WARN] ModelIntegratedComponent:63 - No mode defined for component null
2023-07-17 10:49:10,610 [WARN] ModelIntegratedComponent:63 - No mode defined for component null
2023-07-17 10:49:10,610 [WARN] ModelIntegratedComponent:63 - No mode defined for component null
2023-07-17 10:49:10,611 [WARN] ModelIntegratedComponent:63 - No mode defined for component null
2023-07-17 10:49:10,611 [WARN] ModelIntegratedComponent:63 - No mode defined for component null
2023-07-17 10:49:10,611 [WARN] ModelIntegratedComponent:63 - No mode defined for component null
2023-07-17 10:49:10,611 [WARN] ModelIntegratedComponent:63 - No mode defined for component null
2023-07-17 10:49:10,611 [WARN] ModelIntegratedComponent:63 - No mode defined for component null
2023-07-17 10:49:10,611 [WARN] ModelIntegratedComponent:63 - No mode defined for component null
2023-07-17 10:49:10,737 [INFO] ThirdPartyModel:298 - Start build external matchings
2023-07-17 10:49:11,676 [INFO] ThirdPartyModel:316 - End build external matchings
2023-07-17 10:49:12,784 [INFO] UtilMem:75 - End LoadConfig() Used Memory: 683182520 Bytes (802160640)
2023-07-17 10:49:12,882 [WARN] ThirdParty:833 - waiting for thirdparty lock release [change project]
2023-07-17 10:49:12,883 [INFO] ThirdParty:835 - entering critical section [change project]
2023-07-17 10:49:12,884 [INFO] ThirdParty:1030 - CMSIS Pack Vendor :STMicroelectronics X-CUBE-ISPU 1.1.0
2023-07-17 10:49:12,885 [INFO] ThirdParty:1030 - CMSIS Pack Vendor :RoweBots I-CUBE-UNISONRTOS 5.5.0-4
2023-07-17 10:49:12,885 [INFO] ThirdParty:1030 - CMSIS Pack Vendor :STMicroelectronics X-CUBE-GNSS1 6.0.0
2023-07-17 10:49:12,885 [INFO] ThirdParty:1030 - CMSIS Pack Vendor :STMicroelectronics USB_HOST 2.0.0
2023-07-17 10:49:12,885 [INFO] ThirdParty:1030 - CMSIS Pack Vendor :STMicroelectronics X-CUBE-AZRTOS-F4 1.1.0
2023-07-17 10:49:12,885 [INFO] ThirdParty:1030 - CMSIS Pack Vendor :STMicroelectronics LIBJPEG 8.0.0
2023-07-17 10:49:12,885 [INFO] ThirdParty:1030 - CMSIS Pack Vendor :STMicroelectronics X-CUBE-SMBUS 2.1.0
2023-07-17 10:49:12,885 [INFO] ThirdParty:1030 - CMSIS Pack Vendor :wolfSSL I-CUBE-wolfSSL 5.6.0
2023-07-17 10:49:12,885 [INFO] ThirdParty:1030 - CMSIS Pack Vendor :STMicroelectronics USB_DEVICE 3.0.0
2023-07-17 10:49:12,885 [INFO] ThirdParty:1030 - CMSIS Pack Vendor :STMicroelectronics X-CUBE-AI 8.0.0
2023-07-17 10:49:12,885 [INFO] ThirdParty:1030 - CMSIS Pack Vendor :STMicroelectronics X-CUBE-FREERTOS 1.0.0
2023-07-17 10:49:12,885 [INFO] ThirdParty:1030 - CMSIS Pack Vendor :STMicroelectronics X-CUBE-FREERTOS 1.0.1
2023-07-17 10:49:12,885 [INFO] ThirdParty:1030 - CMSIS Pack Vendor :STMicroelectronics X-CUBE-TOUCHGFX 4.21.1
2023-07-17 10:49:12,885 [INFO] ThirdParty:1030 - CMSIS Pack Vendor :STMicroelectronics X-CUBE-TOUCHGFX 4.21.0
2023-07-17 10:49:12,885 [INFO] ThirdParty:1030 - CMSIS Pack Vendor :STMicroelectronics X-CUBE-TOUCHGFX 4.21.3
2023-07-17 10:49:12,885 [INFO] ThirdParty:1030 - CMSIS Pack Vendor :STMicroelectronics X-CUBE-AZRTOS-F7 1.1.0
2023-07-17 10:49:12,885 [INFO] ThirdParty:1030 - CMSIS Pack Vendor :STMicroelectronics X-CUBE-TOUCHGFX 4.21.4
2023-07-17 10:49:12,885 [INFO] ThirdParty:1030 - CMSIS Pack Vendor :STMicroelectronics USB_DEVICE 2.0.0
2023-07-17 10:49:12,885 [INFO] ThirdParty:1030 - CMSIS Pack Vendor :STMicroelectronics X-CUBE-MEMS1 9.6.0
2023-07-17 10:49:12,885 [INFO] ThirdParty:1030 - CMSIS Pack Vendor :STMicroelectronics FP-SNS-MOTENV1 4.3.0
2023-07-17 10:49:12,885 [INFO] ThirdParty:1030 - CMSIS Pack Vendor :STMicroelectronics FP-SNS-MOTENV1 4.3.2
2023-07-17 10:49:12,885 [INFO] ThirdParty:1030 - CMSIS Pack Vendor :STMicroelectronics FP-SNS-FLIGHT1 5.0.0
2023-07-17 10:49:12,885 [INFO] ThirdParty:1030 - CMSIS Pack Vendor :STMicroelectronics FP-SNS-MOTENV1 4.3.1
2023-07-17 10:49:12,885 [INFO] ThirdParty:1030 - CMSIS Pack Vendor :STMicroelectronics FP-SNS-FLIGHT1 5.0.1
2023-07-17 10:49:12,885 [INFO] ThirdParty:1030 - CMSIS Pack Vendor :STMicroelectronics X-CUBE-ALGOBUILD 1.3.0
2023-07-17 10:49:12,885 [INFO] ThirdParty:1030 - CMSIS Pack Vendor :STMicroelectronics X-CUBE-BLE1 6.2.4
2023-07-17 10:49:12,885 [INFO] ThirdParty:1030 - CMSIS Pack Vendor :STMicroelectronics X-CUBE-AZRTOS-L5 1.1.0
2023-07-17 10:49:12,886 [INFO] ThirdParty:1030 - CMSIS Pack Vendor :STMicroelectronics FreeRTOS 0.0.1
2023-07-17 10:49:12,886 [INFO] ThirdParty:1030 - CMSIS Pack Vendor :STMicroelectronics X-CUBE-AZRTOS-G0 1.1.0
2023-07-17 10:49:12,886 [INFO] ThirdParty:1030 - CMSIS Pack Vendor :emotas I-CUBE-CANOPEN 1.1.3
2023-07-17 10:49:12,886 [INFO] ThirdParty:1030 - CMSIS Pack Vendor :STMicroelectronics X-CUBE-BLEMGR 2.0.0
2023-07-17 10:49:12,886 [INFO] ThirdParty:1030 - CMSIS Pack Vendor :STMicroelectronics X-CUBE-AI 8.0.1
2023-07-17 10:49:12,886 [INFO] ThirdParty:1030 - CMSIS Pack Vendor :STMicroelectronics X-CUBE-NFC4 3.0.0
2023-07-17 10:49:12,886 [INFO] ThirdParty:1030 - CMSIS Pack Vendor :STMicroelectronics X-CUBE-SUBG2 5.0.0
2023-07-17 10:49:12,886 [INFO] ThirdParty:1030 - CMSIS Pack Vendor :STMicroelectronics STM32_WPAN 1.0.0
2023-07-17 10:49:12,886 [INFO] ThirdParty:1030 - CMSIS Pack Vendor :STMicroelectronics lwIP 2.0.3
2023-07-17 10:49:12,886 [INFO] ThirdParty:1030 - CMSIS Pack Vendor :STMicroelectronics USB_HOST 1.0.0
2023-07-17 10:49:12,886 [INFO] ThirdParty:1030 - CMSIS Pack Vendor :STMicroelectronics X-CUBE-AZRTOS-G4 2.0.0
2023-07-17 10:49:12,886 [INFO] ThirdParty:1030 - CMSIS Pack Vendor :STMicroelectronics PDM2PCM 3.1.0
2023-07-17 10:49:12,886 [INFO] ThirdParty:1030 - CMSIS Pack Vendor :STMicroelectronics X-CUBE-AZRTOS-H7 3.1.0
2023-07-17 10:49:12,886 [INFO] ThirdParty:1030 - CMSIS Pack Vendor :STMicroelectronics X-CUBE-TOF1 3.3.0
2023-07-17 10:49:12,886 [INFO] ThirdParty:1030 - CMSIS Pack Vendor :STMicroelectronics FP-ATR-ASTRA1 1.1.1
2023-07-17 10:49:12,887 [INFO] ThirdParty:1030 - CMSIS Pack Vendor :STMicroelectronics PDM2PCM 3.3.0
2023-07-17 10:49:12,887 [INFO] ThirdParty:1030 - CMSIS Pack Vendor :STMicroelectronics X-CUBE-DISPLAY 3.0.0
2023-07-17 10:49:12,887 [INFO] ThirdParty:1030 - CMSIS Pack Vendor :STMicroelectronics FP-ATR-SIGFOX1 3.2.0
2023-07-17 10:49:12,887 [INFO] ThirdParty:1030 - CMSIS Pack Vendor :STMicroelectronics X-CUBE-AZRTOS-G4 1.0.0
2023-07-17 10:49:12,888 [INFO] ThirdParty:1030 - CMSIS Pack Vendor :wolfSSL I-CUBE-wolfSSL 5.5.4
2023-07-17 10:49:12,888 [INFO] ThirdParty:1030 - CMSIS Pack Vendor :STMicroelectronics X-CUBE-AZRTOS-L4 1.0.0
2023-07-17 10:49:12,888 [INFO] ThirdParty:1030 - CMSIS Pack Vendor :STMicroelectronics HAL Drivers 0.0.0
2023-07-17 10:49:12,888 [INFO] ThirdParty:1030 - CMSIS Pack Vendor :STMicroelectronics MBEDTLS 2.16.2
2023-07-17 10:49:12,888 [INFO] ThirdParty:1030 - CMSIS Pack Vendor :STMicroelectronics X-CUBE-TOUCHGFX 4.22.0
2023-07-17 10:49:12,888 [INFO] ThirdParty:1030 - CMSIS Pack Vendor :STMicroelectronics X-CUBE-NFC7 1.0.1
2023-07-17 10:49:12,888 [INFO] ThirdParty:1030 - CMSIS Pack Vendor :STMicroelectronics MBEDTLS 2.14.1
2023-07-17 10:49:12,888 [INFO] ThirdParty:1030 - CMSIS Pack Vendor :STMicroelectronics X-CUBE-NFC7 1.0.0
2023-07-17 10:49:12,888 [INFO] ThirdParty:1030 - CMSIS Pack Vendor :STMicroelectronics X-CUBE-AZRTOS-WL 1.0.0
2023-07-17 10:49:12,888 [INFO] ThirdParty:1030 - CMSIS Pack Vendor :STMicroelectronics X-CUBE-EEPRMA1 4.1.0
2023-07-17 10:49:12,888 [INFO] ThirdParty:1030 - CMSIS Pack Vendor :portGmbH I-Cube-SoM-uGOAL 1.1.0
2023-07-17 10:49:12,888 [INFO] ThirdParty:1030 - CMSIS Pack Vendor :STMicroelectronics X-CUBE-ALS 1.0.1
2023-07-17 10:49:12,888 [INFO] ThirdParty:1030 - CMSIS Pack Vendor :STMicroelectronics X-CUBE-MEMS1 9.5.0
2023-07-17 10:49:12,888 [INFO] ThirdParty:1030 - CMSIS Pack Vendor :STMicroelectronics ThreadX 1.0.0
2023-07-17 10:49:12,888 [INFO] ThirdParty:1030 - CMSIS Pack Vendor :STMicroelectronics X-CUBE-AZRTOS-WB 1.1.0
2023-07-17 10:49:12,888 [INFO] ThirdParty:1030 - CMSIS Pack Vendor :STMicroelectronics X-CUBE-AZRTOS-WL 2.0.0
2023-07-17 10:49:12,889 [INFO] ThirdParty:1030 - CMSIS Pack Vendor :SEGGER I-CUBE-embOS 1.3.1
2023-07-17 10:49:12,889 [INFO] ThirdParty:1030 - CMSIS Pack Vendor :STMicroelectronics USB_DEVICE 1.0.0
2023-07-17 10:49:12,889 [INFO] ThirdParty:1030 - CMSIS Pack Vendor :STMicroelectronics X-CUBE-AZRTOS-L4 2.0.0
2023-07-17 10:49:12,889 [INFO] ThirdParty:1030 - CMSIS Pack Vendor :STMicroelectronics ThreadX 0.0.2
2023-07-17 10:49:12,889 [INFO] ThirdParty:1030 - CMSIS Pack Vendor :WES I-CUBE-Cesium 1.3.0
2023-07-17 10:49:12,889 [INFO] ThirdParty:1030 - CMSIS Pack Vendor :STMicroelectronics FP-ATR-ASTRA1 2.0.0
2023-07-17 10:49:12,889 [INFO] ThirdParty:1030 - CMSIS Pack Vendor :STMicroelectronics lwIP 2.1.2
2023-07-17 10:49:12,889 [INFO] ThirdParty:1030 - CMSIS Pack Vendor :STMicroelectronics X-CUBE-SFXS2LP1 4.0.0
2023-07-17 10:49:12,889 [INFO] ThirdParty:1030 - CMSIS Pack Vendor :STMicroelectronics X-CUBE-BLE2 3.3.0
2023-07-17 10:49:12,889 [INFO] ThirdParty:1030 - CMSIS Pack Vendor :STMicroelectronics X-CUBE-TOF1 3.2.0
2023-07-17 10:49:12,889 [INFO] ThirdParty:1030 - CMSIS Pack Vendor :STMicroelectronics PDM2PCM 3.2.0
2023-07-17 10:49:12,889 [INFO] ThirdParty:1030 - CMSIS Pack Vendor :STMicroelectronics X-CUBE-AZRTOS-H7 3.0.0
2023-07-17 10:49:12,889 [INFO] ThirdParty:841 - exiting critical section [change project]
2023-07-17 10:49:13,828 [INFO] PinOutPanel:1499 - setPackage(No Configuration,No Configuration)
2023-07-17 10:49:13,830 [INFO] PinOutPanel:1499 - setPackage(STM32H750VBTx,LQFP100)
2023-07-17 10:49:16,104 [INFO] UtilMem:75 - Before build in PCC Used Memory: 583648760 Bytes (813694976)
2023-07-17 10:49:17,632 [INFO] UtilMem:75 - After build in PCC Used Memory: 683964408 Bytes (813694976)
2023-07-17 10:49:17,696 [INFO] IPUIPlugin:80 - create IPUIPlugin
2023-07-17 10:49:17,696 [INFO] IPUIPlugin:80 - create IPUIPlugin
2023-07-17 10:49:17,696 [INFO] IPUIPlugin:80 - create IPUIPlugin
2023-07-17 10:49:17,696 [INFO] IPUIPlugin:80 - create IPUIPlugin
2023-07-17 10:49:17,696 [INFO] IPUIPlugin:80 - create IPUIPlugin
2023-07-17 10:49:17,696 [INFO] IPUIPlugin:80 - create IPUIPlugin
2023-07-17 10:49:17,696 [INFO] IPUIPlugin:80 - create IPUIPlugin
2023-07-17 10:49:17,697 [INFO] IPUIPlugin:80 - create IPUIPlugin
2023-07-17 10:49:17,697 [INFO] IPUIPlugin:80 - create IPUIPlugin
2023-07-17 10:49:17,697 [INFO] IPUIPlugin:80 - create IPUIPlugin
2023-07-17 10:49:17,698 [INFO] IPUIPlugin:80 - create IPUIPlugin
2023-07-17 10:49:17,698 [INFO] IPUIPlugin:80 - create IPUIPlugin
2023-07-17 10:49:17,698 [INFO] IPUIPlugin:80 - create IPUIPlugin
2023-07-17 10:49:17,698 [INFO] IPUIPlugin:80 - create IPUIPlugin
2023-07-17 10:49:17,698 [INFO] IPUIPlugin:80 - create IPUIPlugin
2023-07-17 10:49:17,698 [INFO] IPUIPlugin:80 - create IPUIPlugin
2023-07-17 10:49:17,698 [INFO] IPUIPlugin:80 - create IPUIPlugin
2023-07-17 10:49:17,699 [INFO] IPUIPlugin:80 - create IPUIPlugin
2023-07-17 10:49:17,699 [INFO] IPUIPlugin:80 - create IPUIPlugin
2023-07-17 10:49:17,699 [INFO] IPUIPlugin:80 - create IPUIPlugin
2023-07-17 10:49:17,699 [INFO] IPUIPlugin:80 - create IPUIPlugin
2023-07-17 10:49:17,699 [INFO] IPUIPlugin:80 - create IPUIPlugin
2023-07-17 10:49:17,700 [INFO] IPUIPlugin:80 - create IPUIPlugin
2023-07-17 10:49:17,700 [INFO] IPUIPlugin:80 - create IPUIPlugin
2023-07-17 10:49:17,700 [INFO] IPUIPlugin:80 - create IPUIPlugin
2023-07-17 10:49:17,700 [INFO] IPUIPlugin:80 - create IPUIPlugin
2023-07-17 10:49:17,701 [INFO] IPUIPlugin:80 - create IPUIPlugin
2023-07-17 10:49:17,701 [INFO] IPUIPlugin:80 - create IPUIPlugin
2023-07-17 10:49:17,701 [INFO] IPUIPlugin:80 - create IPUIPlugin
2023-07-17 10:49:17,701 [INFO] IPUIPlugin:80 - create IPUIPlugin
2023-07-17 10:49:17,701 [INFO] IPUIPlugin:80 - create IPUIPlugin
2023-07-17 10:49:17,702 [INFO] IPUIPlugin:80 - create IPUIPlugin
2023-07-17 10:49:17,702 [INFO] IPUIPlugin:80 - create IPUIPlugin
2023-07-17 10:49:17,702 [INFO] IPUIPlugin:80 - create IPUIPlugin
2023-07-17 10:49:17,703 [INFO] IPUIPlugin:80 - create IPUIPlugin
2023-07-17 10:49:17,703 [INFO] IPUIPlugin:80 - create IPUIPlugin
2023-07-17 10:49:17,703 [INFO] IPUIPlugin:80 - create IPUIPlugin
2023-07-17 10:49:17,704 [INFO] IPUIPlugin:80 - create IPUIPlugin
2023-07-17 10:49:17,728 [INFO] IPUIPlugin:80 - create IPUIPlugin
2023-07-17 10:49:17,728 [INFO] IPUIPlugin:80 - create IPUIPlugin
2023-07-17 10:49:17,729 [INFO] IPUIPlugin:80 - create IPUIPlugin
2023-07-17 10:49:17,729 [INFO] IPUIPlugin:80 - create IPUIPlugin
2023-07-17 10:49:17,729 [INFO] IPUIPlugin:80 - create IPUIPlugin
2023-07-17 10:49:17,730 [INFO] IPUIPlugin:80 - create IPUIPlugin
2023-07-17 10:49:17,730 [INFO] IPUIPlugin:80 - create IPUIPlugin
2023-07-17 10:49:17,730 [INFO] IPUIPlugin:80 - create IPUIPlugin
2023-07-17 10:49:17,730 [INFO] IPUIPlugin:80 - create IPUIPlugin
2023-07-17 10:49:17,730 [INFO] IPUIPlugin:80 - create IPUIPlugin
2023-07-17 10:49:17,732 [INFO] IPUIPlugin:80 - create IPUIPlugin
2023-07-17 10:49:17,732 [INFO] IPUIPlugin:80 - create IPUIPlugin
2023-07-17 10:49:17,733 [INFO] IPUIPlugin:80 - create IPUIPlugin
2023-07-17 10:49:17,735 [INFO] IPUIPlugin:80 - create IPUIPlugin
2023-07-17 10:49:17,735 [INFO] IPUIPlugin:80 - create IPUIPlugin
2023-07-17 10:49:17,736 [INFO] IPUIPlugin:80 - create IPUIPlugin
2023-07-17 10:49:17,736 [INFO] IPUIPlugin:80 - create IPUIPlugin
2023-07-17 10:49:17,736 [INFO] IPUIPlugin:80 - create IPUIPlugin
2023-07-17 10:49:17,737 [INFO] IPUIPlugin:80 - create IPUIPlugin
2023-07-17 10:49:17,737 [INFO] IPUIPlugin:80 - create IPUIPlugin
2023-07-17 10:49:17,737 [INFO] IPUIPlugin:80 - create IPUIPlugin
2023-07-17 10:49:17,737 [INFO] IPUIPlugin:80 - create IPUIPlugin
2023-07-17 10:49:17,738 [INFO] IPUIPlugin:80 - create IPUIPlugin
2023-07-17 10:49:17,738 [INFO] IPUIPlugin:80 - create IPUIPlugin
2023-07-17 10:49:17,738 [INFO] IPUIPlugin:80 - create IPUIPlugin
2023-07-17 10:49:17,739 [INFO] IPUIPlugin:80 - create IPUIPlugin
2023-07-17 10:49:17,740 [INFO] IPUIPlugin:80 - create IPUIPlugin
2023-07-17 10:49:17,740 [INFO] IPUIPlugin:80 - create IPUIPlugin
2023-07-17 10:49:17,740 [INFO] IPUIPlugin:80 - create IPUIPlugin
2023-07-17 10:49:17,741 [INFO] IPUIPlugin:80 - create IPUIPlugin
2023-07-17 10:49:17,741 [INFO] IPUIPlugin:80 - create IPUIPlugin
2023-07-17 10:49:17,741 [INFO] IPUIPlugin:80 - create IPUIPlugin
2023-07-17 10:49:17,741 [INFO] IPUIPlugin:80 - create IPUIPlugin
2023-07-17 10:49:17,741 [INFO] IPUIPlugin:80 - create IPUIPlugin
2023-07-17 10:49:17,742 [INFO] IPUIPlugin:80 - create IPUIPlugin
2023-07-17 10:49:17,742 [INFO] IPUIPlugin:80 - create IPUIPlugin
2023-07-17 10:49:17,743 [INFO] IPUIPlugin:80 - create IPUIPlugin
2023-07-17 10:49:17,743 [INFO] IPUIPlugin:80 - create IPUIPlugin
2023-07-17 10:49:17,743 [INFO] IPUIPlugin:80 - create IPUIPlugin
2023-07-17 10:49:17,744 [INFO] IPUIPlugin:80 - create IPUIPlugin
2023-07-17 10:49:17,744 [INFO] IPUIPlugin:80 - create IPUIPlugin
2023-07-17 10:49:17,744 [INFO] IPUIPlugin:80 - create IPUIPlugin
2023-07-17 10:49:17,776 [INFO] IPUIPlugin:80 - create IPUIPlugin
2023-07-17 10:49:17,776 [INFO] IPUIPlugin:80 - create IPUIPlugin
2023-07-17 10:49:17,777 [INFO] IPUIPlugin:80 - create IPUIPlugin
2023-07-17 10:49:17,777 [INFO] IPUIPlugin:80 - create IPUIPlugin
2023-07-17 10:49:17,778 [INFO] IPUIPlugin:80 - create IPUIPlugin
2023-07-17 10:49:17,778 [INFO] IPUIPlugin:80 - create IPUIPlugin
2023-07-17 10:49:17,779 [INFO] IPUIPlugin:80 - create IPUIPlugin
2023-07-17 10:49:17,780 [INFO] IPUIPlugin:80 - create IPUIPlugin
2023-07-17 10:49:17,780 [INFO] IPUIPlugin:80 - create IPUIPlugin
2023-07-17 10:49:17,781 [INFO] IPUIPlugin:80 - create IPUIPlugin
2023-07-17 10:49:17,781 [INFO] IPUIPlugin:80 - create IPUIPlugin
2023-07-17 10:49:17,782 [INFO] IPUIPlugin:80 - create IPUIPlugin
2023-07-17 10:49:17,782 [INFO] IPUIPlugin:80 - create IPUIPlugin
2023-07-17 10:49:17,783 [INFO] IPUIPlugin:80 - create IPUIPlugin
2023-07-17 10:49:17,784 [INFO] IPUIPlugin:80 - create IPUIPlugin
2023-07-17 10:49:17,786 [INFO] IPUIPlugin:80 - create IPUIPlugin
2023-07-17 10:49:17,788 [INFO] IPUIPlugin:80 - create IPUIPlugin
2023-07-17 10:49:17,788 [INFO] IPUIPlugin:80 - create IPUIPlugin
2023-07-17 10:49:18,120 [INFO] ApiDbMcu:507 - Load IP Config File for PDM2PCM
2023-07-17 10:49:19,056 [INFO] CADModel:165 - CPN selected for project levelSTM32H750VBT6
2023-07-17 10:49:19,056 [INFO] CADModel:114 - Register for checkConnection events
2023-07-17 10:49:19,096 [INFO] OpenFileManager:328 - Restore cursor
2023-07-17 10:49:20,553 [INFO] UtilMem:75 - End SaveConfig() Used Memory: 619295224 Bytes (813694976)
2023-07-17 10:49:20,737 [INFO] UtilMem:75 - End SaveConfig() Used Memory: 654946808 Bytes (813694976)
2023-07-17 10:49:22,319 [INFO] BlockDiagram:2759 - set Specific Code input for plugin: RCC
2023-07-17 10:49:22,320 [INFO] BlockDiagram:2759 - set Specific Code input for plugin: NVIC
2023-07-17 10:49:22,320 [INFO] CodeGenerator:793 - code generatio: config db path: C:\ST\STM32CubeIDE_1.12.0\STM32CubeIDE\plugins\com.st.stm32cube.common.mx_6.8.1.202304191431\\db\
2023-07-17 10:49:23,570 [INFO] CodeEngine:255 - oldGeneratedFile, D:\STM32\qspi_tgfx\MXTmpFiles\license.tmp_save
2023-07-17 10:49:24,598 [INFO] CodeEngine:279 - Generated code: D:\STM32\qspi_tgfx\MXTmpFiles\license.tmp
2023-07-17 10:49:25,075 [INFO] CodeEngine:255 - oldGeneratedFile, D:\STM32\qspi_tgfx\MXTmpFiles\cortex.tmp_save
2023-07-17 10:49:25,323 [INFO] CodeEngine:279 - Generated code: D:\STM32\qspi_tgfx\MXTmpFiles\cortex.tmp
2023-07-17 10:49:25,377 [INFO] CodeEngine:255 - oldGeneratedFile, D:\STM32\qspi_tgfx\Core\Src\stm32h7xx_it.c_save
2023-07-17 10:49:25,608 [INFO] CodeEngine:279 - Generated code: D:\STM32\qspi_tgfx\Core\Src\stm32h7xx_it.c
2023-07-17 10:49:25,618 [INFO] CodeEngine:255 - oldGeneratedFile, D:\STM32\qspi_tgfx\Core\Inc\stm32h7xx_it.h_save
2023-07-17 10:49:25,856 [INFO] CodeEngine:279 - Generated code: D:\STM32\qspi_tgfx\Core\Inc\stm32h7xx_it.h
2023-07-17 10:49:26,027 [INFO] CodeEngine:255 - oldGeneratedFile, D:\STM32\qspi_tgfx\Core\Src\stm32h7xx_hal_msp.c_save
2023-07-17 10:49:26,229 [INFO] CodeEngine:279 - Generated code: D:\STM32\qspi_tgfx\Core\Src\stm32h7xx_hal_msp.c
2023-07-17 10:49:26,241 [INFO] CodeEngine:255 - oldGeneratedFile, D:\STM32\qspi_tgfx\MXTmpFiles\system.tmp_save
2023-07-17 10:49:26,382 [INFO] CodeEngine:279 - Generated code: D:\STM32\qspi_tgfx\MXTmpFiles\system.tmp
2023-07-17 10:49:26,414 [INFO] CodeEngine:311 - oldGeneratedFile, D:\STM32\qspi_tgfx\Core\Inc\stm32h7xx_hal_conf.h_save
2023-07-17 10:49:26,570 [INFO] CodeEngine:335 - Generated code: D:\STM32\qspi_tgfx\Core\Inc\stm32h7xx_hal_conf.h
2023-07-17 10:49:26,786 [INFO] CodeEngine:255 - oldGeneratedFile, D:\STM32\qspi_tgfx\Core\Inc\main.h_save
2023-07-17 10:49:27,003 [INFO] CodeEngine:279 - Generated code: D:\STM32\qspi_tgfx\Core\Inc\main.h
2023-07-17 10:49:27,024 [INFO] CodeEngine:255 - oldGeneratedFile, D:\STM32\qspi_tgfx\Core\Src\main.c_save
2023-07-17 10:49:27,266 [INFO] CodeEngine:279 - Generated code: D:\STM32\qspi_tgfx\Core\Src\main.c
2023-07-17 10:49:29,009 [INFO] ProjectBuilder:2996 - Time for Copy HAL[1] : 380mS.
2023-07-17 10:49:29,032 [INFO] ProjectBuilder:4304 - Project Generator version: 3.19.2
2023-07-17 10:49:29,575 [INFO] ConfigFileManager:1483 - The Die is : DIE450
2023-07-17 10:49:29,610 [INFO] ApiDbMcu:507 - Load IP Config File for FATFS
2023-07-17 10:49:29,639 [INFO] ApiDbMcu:507 - Load IP Config File for FREERTOS
2023-07-17 10:49:29,721 [INFO] ApiDbMcu:507 - Load IP Config File for LIBJPEG
2023-07-17 10:49:29,880 [INFO] ApiDbMcu:507 - Load IP Config File for LWIP
2023-07-17 10:49:29,927 [INFO] ApiDbMcu:507 - Load IP Config File for MBEDTLS
2023-07-17 10:49:29,967 [INFO] ApiDbMcu:507 - Load IP Config File for USB_DEVICE
2023-07-17 10:49:30,066 [INFO] ApiDbMcu:507 - Load IP Config File for USB_HOST
2023-07-17 10:49:33,680 [INFO] LogOutputStream:77 - [STDOUT_REDIRECT] 
2023-07-17 10:49:43,412 [INFO] ProjectBuilder:4505 - Time for Generating toolchain IDE Files: 14379mS.
2023-07-17 10:49:43,415 [INFO] ProjectBuilder:2867 - Time for Copy CMSIS : 2mS.
2023-07-17 10:49:43,418 [INFO] ProjectBuilder:2867 - Time for Copy CMSIS : 0mS.
2023-07-17 10:49:45,356 [INFO] McuFinderGlobals:66 - Set McuFinderConnectedMode to true
2023-07-17 10:49:45,361 [INFO] ApiDb:448 - Save user favorites file C:\Users\user/.stm32cubeide/favorites.mcus.txt: 2 item(s)
2023-07-17 10:49:45,362 [INFO] ApiDb:452 - User favorites MCUs=[STM32F103C8T6, STM32H750VBT6]
2023-07-17 15:11:48,791 [INFO] NvicIntPanel:101 - NVIC parent = com.st.microxplorer.plugins.ip.nvic.MultiNvicIntPanel[,0,0,621x361,layout=javax.swing.BoxLayout,alignmentX=0.0,alignmentY=0.0,border=,flags=9,maximumSize=,minimumSize=,preferredSize=]
2023-07-17 15:11:57,474 [INFO] NvicIntPanel:101 - NVIC parent = com.st.microxplorer.plugins.ip.nvic.MultiNvicIntPanel[,0,0,0x0,invalid,layout=javax.swing.BoxLayout,alignmentX=0.0,alignmentY=0.0,border=,flags=9,maximumSize=,minimumSize=,preferredSize=]
2023-07-17 15:14:06,457 [INFO] Gpio:273 - dependency for GPIO [RCC, SPI1]
2023-07-17 15:15:07,464 [INFO] Gpio:273 - dependency for GPIO [RCC, SPI1]
2023-07-17 15:15:33,515 [INFO] NvicIntPanel:101 - NVIC parent = com.st.microxplorer.plugins.ip.nvic.MultiNvicIntPanel[,0,0,0x0,invalid,layout=javax.swing.BoxLayout,alignmentX=0.0,alignmentY=0.0,border=,flags=9,maximumSize=,minimumSize=,preferredSize=]
2023-07-17 15:15:37,938 [INFO] NvicIntPanel:101 - NVIC parent = com.st.microxplorer.plugins.ip.nvic.MultiNvicIntPanel[,0,0,0x0,invalid,layout=javax.swing.BoxLayout,alignmentX=0.0,alignmentY=0.0,border=,flags=9,maximumSize=,minimumSize=,preferredSize=]
2023-07-17 15:15:41,279 [INFO] NvicIntPanel:101 - NVIC parent = com.st.microxplorer.plugins.ip.nvic.MultiNvicIntPanel[,0,0,0x0,invalid,layout=javax.swing.BoxLayout,alignmentX=0.0,alignmentY=0.0,border=,flags=9,maximumSize=,minimumSize=,preferredSize=]
2023-07-17 15:15:43,521 [INFO] NvicIntPanel:101 - NVIC parent = com.st.microxplorer.plugins.ip.nvic.MultiNvicIntPanel[,0,0,0x0,invalid,layout=javax.swing.BoxLayout,alignmentX=0.0,alignmentY=0.0,border=,flags=9,maximumSize=,minimumSize=,preferredSize=]
2023-07-17 15:18:02,600 [WARN] MainPanel:257 - <html><b><center>Warning: This peripheral has no parameters to be configured<br></b></html>
2023-07-17 15:18:39,255 [WARN] MainPanel:257 - <html><b><center>Warning: This peripheral has no parameters to be configured<br></b></html>
2023-07-17 15:19:12,911 [INFO] UtilMem:75 - End SaveConfig() Used Memory: 772202936 Bytes (972029952)
2023-07-17 15:19:14,287 [INFO] UtilMem:75 - End SaveConfig() Used Memory: 615082544 Bytes (972029952)
2023-07-17 15:19:14,751 [INFO] BlockDiagram:2759 - set Specific Code input for plugin: SPI
2023-07-17 15:19:14,751 [INFO] BlockDiagram:2759 - set Specific Code input for plugin: RCC
2023-07-17 15:19:14,751 [INFO] BlockDiagram:2759 - set Specific Code input for plugin: QUADSPI
2023-07-17 15:19:14,751 [INFO] BlockDiagram:2759 - set Specific Code input for plugin: SYS
2023-07-17 15:19:14,751 [INFO] BlockDiagram:2759 - set Specific Code input for plugin: NVIC
2023-07-17 15:19:14,752 [INFO] BlockDiagram:2759 - set Specific Code input for plugin: DEBUG
2023-07-17 15:19:14,752 [INFO] BlockDiagram:2759 - set Specific Code input for plugin: GPIO
2023-07-17 15:19:14,753 [INFO] CodeGenerator:793 - code generatio: config db path: C:\ST\STM32CubeIDE_1.12.0\STM32CubeIDE\plugins\com.st.stm32cube.common.mx_6.8.1.202304191431\\db\
2023-07-17 15:19:15,038 [INFO] CodeEngine:255 - oldGeneratedFile, D:\STM32\qspi_tgfx\MXTmpFiles\license.tmp_save
2023-07-17 15:19:15,571 [INFO] CodeEngine:279 - Generated code: D:\STM32\qspi_tgfx\MXTmpFiles\license.tmp
2023-07-17 15:19:15,680 [INFO] CodeEngine:255 - oldGeneratedFile, D:\STM32\qspi_tgfx\MXTmpFiles\gpio.tmp_save
2023-07-17 15:19:15,844 [INFO] CodeEngine:279 - Generated code: D:\STM32\qspi_tgfx\MXTmpFiles\gpio.tmp
2023-07-17 15:19:15,917 [WARN] IPConfigManager:99 - WARNING: Missing Config File for DEBUG ip!!
2023-07-17 15:19:16,517 [INFO] CodeEngine:255 - oldGeneratedFile, D:\STM32\qspi_tgfx\MXTmpFiles\cortex.tmp_save
2023-07-17 15:19:16,835 [INFO] CodeEngine:279 - Generated code: D:\STM32\qspi_tgfx\MXTmpFiles\cortex.tmp
2023-07-17 15:19:16,868 [INFO] CodeEngine:255 - oldGeneratedFile, D:\STM32\qspi_tgfx\Core\Src\stm32h7xx_it.c_save
2023-07-17 15:19:17,548 [INFO] CodeEngine:279 - Generated code: D:\STM32\qspi_tgfx\Core\Src\stm32h7xx_it.c
2023-07-17 15:19:17,559 [INFO] CodeEngine:255 - oldGeneratedFile, D:\STM32\qspi_tgfx\Core\Inc\stm32h7xx_it.h_save
2023-07-17 15:19:17,702 [INFO] CodeEngine:279 - Generated code: D:\STM32\qspi_tgfx\Core\Inc\stm32h7xx_it.h
2023-07-17 15:19:17,889 [INFO] CodeEngine:255 - oldGeneratedFile, D:\STM32\qspi_tgfx\Core\Src\stm32h7xx_hal_msp.c_save
2023-07-17 15:19:18,088 [INFO] CodeEngine:279 - Generated code: D:\STM32\qspi_tgfx\Core\Src\stm32h7xx_hal_msp.c
2023-07-17 15:19:18,116 [INFO] CodeEngine:255 - oldGeneratedFile, D:\STM32\qspi_tgfx\MXTmpFiles\system.tmp_save
2023-07-17 15:19:18,186 [INFO] CodeEngine:279 - Generated code: D:\STM32\qspi_tgfx\MXTmpFiles\system.tmp
2023-07-17 15:19:18,218 [INFO] CodeEngine:311 - oldGeneratedFile, D:\STM32\qspi_tgfx\Core\Inc\stm32h7xx_hal_conf.h_save
2023-07-17 15:19:18,402 [INFO] CodeEngine:335 - Generated code: D:\STM32\qspi_tgfx\Core\Inc\stm32h7xx_hal_conf.h
2023-07-17 15:19:18,541 [INFO] CodeEngine:255 - oldGeneratedFile, D:\STM32\qspi_tgfx\Core\Inc\main.h_save
2023-07-17 15:19:18,695 [INFO] CodeEngine:279 - Generated code: D:\STM32\qspi_tgfx\Core\Inc\main.h
2023-07-17 15:19:18,718 [INFO] CodeEngine:255 - oldGeneratedFile, D:\STM32\qspi_tgfx\Core\Src\main.c_save
2023-07-17 15:19:18,897 [INFO] CodeEngine:279 - Generated code: D:\STM32\qspi_tgfx\Core\Src\main.c
2023-07-17 15:19:19,849 [INFO] ProjectBuilder:2996 - Time for Copy HAL[1] : 199mS.
2023-07-17 15:19:19,853 [INFO] ProjectBuilder:4304 - Project Generator version: 3.19.2
2023-07-17 15:19:20,250 [INFO] ConfigFileManager:1483 - The Die is : DIE450
2023-07-17 15:19:24,041 [INFO] ProjectBuilder:4505 - Time for Generating toolchain IDE Files: 4188mS.
2023-07-17 15:19:24,042 [INFO] ProjectBuilder:2867 - Time for Copy CMSIS : 0mS.
2023-07-17 15:19:24,043 [INFO] ProjectBuilder:2867 - Time for Copy CMSIS : 0mS.
2023-07-17 15:24:16,181 [INFO] UtilMem:75 - End SaveConfig() Used Memory: 702890848 Bytes (1032847360)
2023-07-17 15:24:16,688 [INFO] UtilMem:75 - End SaveConfig() Used Memory: 806699872 Bytes (1032847360)
2023-07-17 15:24:17,032 [INFO] BlockDiagram:2759 - set Specific Code input for plugin: SPI
2023-07-17 15:24:17,032 [INFO] BlockDiagram:2759 - set Specific Code input for plugin: RCC
2023-07-17 15:24:17,032 [INFO] BlockDiagram:2759 - set Specific Code input for plugin: QUADSPI
2023-07-17 15:24:17,032 [INFO] BlockDiagram:2759 - set Specific Code input for plugin: SYS
2023-07-17 15:24:17,032 [INFO] BlockDiagram:2759 - set Specific Code input for plugin: NVIC
2023-07-17 15:24:17,032 [INFO] BlockDiagram:2759 - set Specific Code input for plugin: DEBUG
2023-07-17 15:24:17,033 [INFO] BlockDiagram:2759 - set Specific Code input for plugin: GPIO
2023-07-17 15:24:17,034 [INFO] CodeGenerator:793 - code generatio: config db path: C:\ST\STM32CubeIDE_1.12.0\STM32CubeIDE\plugins\com.st.stm32cube.common.mx_6.8.1.202304191431\\db\
2023-07-17 15:24:17,403 [INFO] CodeEngine:255 - oldGeneratedFile, D:\STM32\qspi_tgfx\MXTmpFiles\license.tmp_save
2023-07-17 15:24:17,547 [INFO] CodeEngine:279 - Generated code: D:\STM32\qspi_tgfx\MXTmpFiles\license.tmp
2023-07-17 15:24:17,679 [INFO] CodeEngine:255 - oldGeneratedFile, D:\STM32\qspi_tgfx\Core\Src\gpio.c_save
2023-07-17 15:24:17,793 [INFO] CodeEngine:279 - Generated code: D:\STM32\qspi_tgfx\Core\Src\gpio.c
2023-07-17 15:24:17,804 [INFO] CodeEngine:255 - oldGeneratedFile, D:\STM32\qspi_tgfx\Core\Inc\gpio.h_save
2023-07-17 15:24:17,908 [INFO] CodeEngine:279 - Generated code: D:\STM32\qspi_tgfx\Core\Inc\gpio.h
2023-07-17 15:24:17,947 [WARN] IPConfigManager:99 - WARNING: Missing Config File for DEBUG ip!!
2023-07-17 15:24:18,223 [INFO] CodeEngine:255 - oldGeneratedFile, D:\STM32\qspi_tgfx\MXTmpFiles\cortex.tmp_save
2023-07-17 15:24:18,413 [INFO] CodeEngine:279 - Generated code: D:\STM32\qspi_tgfx\MXTmpFiles\cortex.tmp
2023-07-17 15:24:18,431 [INFO] CodeEngine:255 - oldGeneratedFile, D:\STM32\qspi_tgfx\Core\Src\quadspi.c_save
2023-07-17 15:24:18,596 [INFO] CodeEngine:279 - Generated code: D:\STM32\qspi_tgfx\Core\Src\quadspi.c
2023-07-17 15:24:18,609 [INFO] CodeEngine:255 - oldGeneratedFile, D:\STM32\qspi_tgfx\Core\Inc\quadspi.h_save
2023-07-17 15:24:18,686 [INFO] CodeEngine:279 - Generated code: D:\STM32\qspi_tgfx\Core\Inc\quadspi.h
2023-07-17 15:24:18,692 [INFO] CodeEngine:255 - oldGeneratedFile, D:\STM32\qspi_tgfx\Core\Src\spi.c_save
2023-07-17 15:24:18,798 [INFO] CodeEngine:279 - Generated code: D:\STM32\qspi_tgfx\Core\Src\spi.c
2023-07-17 15:24:18,800 [INFO] CodeEngine:255 - oldGeneratedFile, D:\STM32\qspi_tgfx\Core\Inc\spi.h_save
2023-07-17 15:24:18,877 [INFO] CodeEngine:279 - Generated code: D:\STM32\qspi_tgfx\Core\Inc\spi.h
2023-07-17 15:24:18,896 [INFO] CodeEngine:255 - oldGeneratedFile, D:\STM32\qspi_tgfx\Core\Src\stm32h7xx_it.c_save
2023-07-17 15:24:18,966 [INFO] CodeEngine:279 - Generated code: D:\STM32\qspi_tgfx\Core\Src\stm32h7xx_it.c
2023-07-17 15:24:18,970 [INFO] CodeEngine:255 - oldGeneratedFile, D:\STM32\qspi_tgfx\Core\Inc\stm32h7xx_it.h_save
2023-07-17 15:24:19,017 [INFO] CodeEngine:279 - Generated code: D:\STM32\qspi_tgfx\Core\Inc\stm32h7xx_it.h
2023-07-17 15:24:19,102 [INFO] CodeEngine:255 - oldGeneratedFile, D:\STM32\qspi_tgfx\Core\Src\stm32h7xx_hal_msp.c_save
2023-07-17 15:24:19,184 [INFO] CodeEngine:279 - Generated code: D:\STM32\qspi_tgfx\Core\Src\stm32h7xx_hal_msp.c
2023-07-17 15:24:19,189 [INFO] CodeEngine:255 - oldGeneratedFile, D:\STM32\qspi_tgfx\MXTmpFiles\system.tmp_save
2023-07-17 15:24:19,241 [INFO] CodeEngine:279 - Generated code: D:\STM32\qspi_tgfx\MXTmpFiles\system.tmp
2023-07-17 15:24:19,257 [INFO] CodeEngine:311 - oldGeneratedFile, D:\STM32\qspi_tgfx\Core\Inc\stm32h7xx_hal_conf.h_save
2023-07-17 15:24:19,348 [INFO] CodeEngine:335 - Generated code: D:\STM32\qspi_tgfx\Core\Inc\stm32h7xx_hal_conf.h
2023-07-17 15:24:19,390 [INFO] CodeEngine:255 - oldGeneratedFile, D:\STM32\qspi_tgfx\Core\Inc\main.h_save
2023-07-17 15:24:19,473 [INFO] CodeEngine:279 - Generated code: D:\STM32\qspi_tgfx\Core\Inc\main.h
2023-07-17 15:24:19,484 [INFO] CodeEngine:255 - oldGeneratedFile, D:\STM32\qspi_tgfx\Core\Src\main.c_save
2023-07-17 15:24:19,579 [INFO] CodeEngine:279 - Generated code: D:\STM32\qspi_tgfx\Core\Src\main.c
2023-07-17 15:24:19,998 [INFO] ProjectBuilder:2996 - Time for Copy HAL[1] : 92mS.
2023-07-17 15:24:20,002 [INFO] ProjectBuilder:4304 - Project Generator version: 3.19.2
2023-07-17 15:24:20,408 [INFO] ConfigFileManager:1483 - The Die is : DIE450
2023-07-17 15:24:22,666 [INFO] ProjectBuilder:4505 - Time for Generating toolchain IDE Files: 2664mS.
2023-07-17 15:24:22,666 [INFO] ProjectBuilder:2867 - Time for Copy CMSIS : 0mS.
2023-07-17 15:24:22,669 [INFO] ProjectBuilder:2867 - Time for Copy CMSIS : 0mS.
2023-07-17 16:28:13,933 [INFO] UtilMem:75 - End SaveConfig() Used Memory: 812606384 Bytes (1054867456)
2023-07-17 16:28:14,699 [INFO] UtilMem:75 - End SaveConfig() Used Memory: 866669920 Bytes (1054867456)
2023-07-17 16:28:15,349 [INFO] BlockDiagram:2759 - set Specific Code input for plugin: SPI
2023-07-17 16:28:15,349 [INFO] BlockDiagram:2759 - set Specific Code input for plugin: RCC
2023-07-17 16:28:15,350 [INFO] BlockDiagram:2759 - set Specific Code input for plugin: QUADSPI
2023-07-17 16:28:15,350 [INFO] BlockDiagram:2759 - set Specific Code input for plugin: SYS
2023-07-17 16:28:15,350 [INFO] BlockDiagram:2759 - set Specific Code input for plugin: NVIC
2023-07-17 16:28:15,350 [INFO] BlockDiagram:2759 - set Specific Code input for plugin: CORTEX_M7
2023-07-17 16:28:15,350 [INFO] BlockDiagram:2759 - set Specific Code input for plugin: DEBUG
2023-07-17 16:28:15,350 [INFO] BlockDiagram:2759 - set Specific Code input for plugin: GPIO
2023-07-17 16:28:15,352 [INFO] CodeGenerator:793 - code generatio: config db path: C:\ST\STM32CubeIDE_1.12.0\STM32CubeIDE\plugins\com.st.stm32cube.common.mx_6.8.1.202304191431\\db\
2023-07-17 16:28:15,792 [INFO] CodeEngine:255 - oldGeneratedFile, D:\STM32\qspi_tgfx\MXTmpFiles\license.tmp_save
2023-07-17 16:28:16,116 [INFO] CodeEngine:279 - Generated code: D:\STM32\qspi_tgfx\MXTmpFiles\license.tmp
2023-07-17 16:28:16,191 [INFO] CodeEngine:255 - oldGeneratedFile, D:\STM32\qspi_tgfx\Core\Src\gpio.c_save
2023-07-17 16:28:16,304 [INFO] CodeEngine:279 - Generated code: D:\STM32\qspi_tgfx\Core\Src\gpio.c
2023-07-17 16:28:16,308 [INFO] CodeEngine:255 - oldGeneratedFile, D:\STM32\qspi_tgfx\Core\Inc\gpio.h_save
2023-07-17 16:28:16,379 [INFO] CodeEngine:279 - Generated code: D:\STM32\qspi_tgfx\Core\Inc\gpio.h
2023-07-17 16:28:16,507 [WARN] IPConfigManager:99 - WARNING: Missing Config File for DEBUG ip!!
2023-07-17 16:28:16,672 [INFO] CodeEngine:255 - oldGeneratedFile, D:\STM32\qspi_tgfx\MXTmpFiles\cortex.tmp_save
2023-07-17 16:28:16,781 [INFO] CodeEngine:279 - Generated code: D:\STM32\qspi_tgfx\MXTmpFiles\cortex.tmp
2023-07-17 16:28:16,799 [INFO] CodeEngine:255 - oldGeneratedFile, D:\STM32\qspi_tgfx\Core\Src\quadspi.c_save
2023-07-17 16:28:16,995 [INFO] CodeEngine:279 - Generated code: D:\STM32\qspi_tgfx\Core\Src\quadspi.c
2023-07-17 16:28:17,002 [INFO] CodeEngine:255 - oldGeneratedFile, D:\STM32\qspi_tgfx\Core\Inc\quadspi.h_save
2023-07-17 16:28:17,095 [INFO] CodeEngine:279 - Generated code: D:\STM32\qspi_tgfx\Core\Inc\quadspi.h
2023-07-17 16:28:17,117 [INFO] CodeEngine:255 - oldGeneratedFile, D:\STM32\qspi_tgfx\Core\Src\spi.c_save
2023-07-17 16:28:17,208 [INFO] CodeEngine:279 - Generated code: D:\STM32\qspi_tgfx\Core\Src\spi.c
2023-07-17 16:28:17,210 [INFO] CodeEngine:255 - oldGeneratedFile, D:\STM32\qspi_tgfx\Core\Inc\spi.h_save
2023-07-17 16:28:17,373 [INFO] CodeEngine:279 - Generated code: D:\STM32\qspi_tgfx\Core\Inc\spi.h
2023-07-17 16:28:17,395 [INFO] CodeEngine:255 - oldGeneratedFile, D:\STM32\qspi_tgfx\Core\Src\stm32h7xx_it.c_save
2023-07-17 16:28:17,572 [INFO] CodeEngine:279 - Generated code: D:\STM32\qspi_tgfx\Core\Src\stm32h7xx_it.c
2023-07-17 16:28:17,575 [INFO] CodeEngine:255 - oldGeneratedFile, D:\STM32\qspi_tgfx\Core\Inc\stm32h7xx_it.h_save
2023-07-17 16:28:17,626 [INFO] CodeEngine:279 - Generated code: D:\STM32\qspi_tgfx\Core\Inc\stm32h7xx_it.h
2023-07-17 16:28:17,691 [INFO] CodeEngine:255 - oldGeneratedFile, D:\STM32\qspi_tgfx\Core\Src\stm32h7xx_hal_msp.c_save
2023-07-17 16:28:17,772 [INFO] CodeEngine:279 - Generated code: D:\STM32\qspi_tgfx\Core\Src\stm32h7xx_hal_msp.c
2023-07-17 16:28:17,774 [INFO] CodeEngine:255 - oldGeneratedFile, D:\STM32\qspi_tgfx\MXTmpFiles\system.tmp_save
2023-07-17 16:28:17,823 [INFO] CodeEngine:279 - Generated code: D:\STM32\qspi_tgfx\MXTmpFiles\system.tmp
2023-07-17 16:28:17,840 [INFO] CodeEngine:311 - oldGeneratedFile, D:\STM32\qspi_tgfx\Core\Inc\stm32h7xx_hal_conf.h_save
2023-07-17 16:28:18,004 [INFO] CodeEngine:335 - Generated code: D:\STM32\qspi_tgfx\Core\Inc\stm32h7xx_hal_conf.h
2023-07-17 16:28:18,087 [INFO] CodeEngine:255 - oldGeneratedFile, D:\STM32\qspi_tgfx\Core\Inc\main.h_save
2023-07-17 16:28:18,294 [INFO] CodeEngine:279 - Generated code: D:\STM32\qspi_tgfx\Core\Inc\main.h
2023-07-17 16:28:18,322 [INFO] CodeEngine:255 - oldGeneratedFile, D:\STM32\qspi_tgfx\Core\Src\main.c_save
2023-07-17 16:28:18,534 [INFO] CodeEngine:279 - Generated code: D:\STM32\qspi_tgfx\Core\Src\main.c
2023-07-17 16:28:19,291 [INFO] ProjectBuilder:2996 - Time for Copy HAL[1] : 165mS.
2023-07-17 16:28:19,292 [INFO] ProjectBuilder:4304 - Project Generator version: 3.19.2
2023-07-17 16:28:19,679 [INFO] ConfigFileManager:1483 - The Die is : DIE450
2023-07-17 16:28:21,840 [INFO] ProjectBuilder:4505 - Time for Generating toolchain IDE Files: 2548mS.
2023-07-17 16:28:21,841 [INFO] ProjectBuilder:2867 - Time for Copy CMSIS : 1mS.
2023-07-17 16:28:21,842 [INFO] ProjectBuilder:2867 - Time for Copy CMSIS : 0mS.
2023-07-17 16:31:00,904 [INFO] UtilMem:75 - End SaveConfig() Used Memory: 702776952 Bytes (1061158912)
2023-07-17 16:31:01,089 [INFO] UtilMem:75 - End SaveConfig() Used Memory: 741047928 Bytes (1061158912)
2023-07-17 16:31:01,445 [INFO] BlockDiagram:2759 - set Specific Code input for plugin: SPI
2023-07-17 16:31:01,445 [INFO] BlockDiagram:2759 - set Specific Code input for plugin: RCC
2023-07-17 16:31:01,448 [INFO] BlockDiagram:2759 - set Specific Code input for plugin: QUADSPI
2023-07-17 16:31:01,448 [INFO] BlockDiagram:2759 - set Specific Code input for plugin: SYS
2023-07-17 16:31:01,448 [INFO] BlockDiagram:2759 - set Specific Code input for plugin: NVIC
2023-07-17 16:31:01,449 [INFO] BlockDiagram:2759 - set Specific Code input for plugin: CORTEX_M7
2023-07-17 16:31:01,449 [INFO] BlockDiagram:2759 - set Specific Code input for plugin: DEBUG
2023-07-17 16:31:01,450 [INFO] BlockDiagram:2759 - set Specific Code input for plugin: GPIO
2023-07-17 16:31:01,451 [INFO] CodeGenerator:793 - code generatio: config db path: C:\ST\STM32CubeIDE_1.12.0\STM32CubeIDE\plugins\com.st.stm32cube.common.mx_6.8.1.202304191431\\db\
2023-07-17 16:31:01,701 [INFO] CodeEngine:255 - oldGeneratedFile, D:\STM32\qspi_tgfx\MXTmpFiles\license.tmp_save
2023-07-17 16:31:01,793 [INFO] CodeEngine:279 - Generated code: D:\STM32\qspi_tgfx\MXTmpFiles\license.tmp
2023-07-17 16:31:01,862 [INFO] CodeEngine:255 - oldGeneratedFile, D:\STM32\qspi_tgfx\Core\Src\gpio.c_save
2023-07-17 16:31:01,935 [INFO] CodeEngine:279 - Generated code: D:\STM32\qspi_tgfx\Core\Src\gpio.c
2023-07-17 16:31:01,938 [INFO] CodeEngine:255 - oldGeneratedFile, D:\STM32\qspi_tgfx\Core\Inc\gpio.h_save
2023-07-17 16:31:01,998 [INFO] CodeEngine:279 - Generated code: D:\STM32\qspi_tgfx\Core\Inc\gpio.h
2023-07-17 16:31:02,086 [WARN] IPConfigManager:99 - WARNING: Missing Config File for DEBUG ip!!
2023-07-17 16:31:02,416 [INFO] CodeEngine:255 - oldGeneratedFile, D:\STM32\qspi_tgfx\MXTmpFiles\cortex.tmp_save
2023-07-17 16:31:02,545 [INFO] CodeEngine:279 - Generated code: D:\STM32\qspi_tgfx\MXTmpFiles\cortex.tmp
2023-07-17 16:31:02,578 [INFO] CodeEngine:255 - oldGeneratedFile, D:\STM32\qspi_tgfx\Core\Src\quadspi.c_save
2023-07-17 16:31:02,689 [INFO] CodeEngine:279 - Generated code: D:\STM32\qspi_tgfx\Core\Src\quadspi.c
2023-07-17 16:31:02,692 [INFO] CodeEngine:255 - oldGeneratedFile, D:\STM32\qspi_tgfx\Core\Inc\quadspi.h_save
2023-07-17 16:31:02,746 [INFO] CodeEngine:279 - Generated code: D:\STM32\qspi_tgfx\Core\Inc\quadspi.h
2023-07-17 16:31:02,763 [INFO] CodeEngine:255 - oldGeneratedFile, D:\STM32\qspi_tgfx\Core\Src\spi.c_save
2023-07-17 16:31:02,888 [INFO] CodeEngine:279 - Generated code: D:\STM32\qspi_tgfx\Core\Src\spi.c
2023-07-17 16:31:02,890 [INFO] CodeEngine:255 - oldGeneratedFile, D:\STM32\qspi_tgfx\Core\Inc\spi.h_save
2023-07-17 16:31:02,951 [INFO] CodeEngine:279 - Generated code: D:\STM32\qspi_tgfx\Core\Inc\spi.h
2023-07-17 16:31:02,988 [INFO] CodeEngine:255 - oldGeneratedFile, D:\STM32\qspi_tgfx\Core\Src\stm32h7xx_it.c_save
2023-07-17 16:31:03,065 [INFO] CodeEngine:279 - Generated code: D:\STM32\qspi_tgfx\Core\Src\stm32h7xx_it.c
2023-07-17 16:31:03,067 [INFO] CodeEngine:255 - oldGeneratedFile, D:\STM32\qspi_tgfx\Core\Inc\stm32h7xx_it.h_save
2023-07-17 16:31:03,110 [INFO] CodeEngine:279 - Generated code: D:\STM32\qspi_tgfx\Core\Inc\stm32h7xx_it.h
2023-07-17 16:31:03,177 [INFO] CodeEngine:255 - oldGeneratedFile, D:\STM32\qspi_tgfx\Core\Src\stm32h7xx_hal_msp.c_save
2023-07-17 16:31:03,240 [INFO] CodeEngine:279 - Generated code: D:\STM32\qspi_tgfx\Core\Src\stm32h7xx_hal_msp.c
2023-07-17 16:31:03,242 [INFO] CodeEngine:255 - oldGeneratedFile, D:\STM32\qspi_tgfx\MXTmpFiles\system.tmp_save
2023-07-17 16:31:03,338 [INFO] CodeEngine:279 - Generated code: D:\STM32\qspi_tgfx\MXTmpFiles\system.tmp
2023-07-17 16:31:03,354 [INFO] CodeEngine:311 - oldGeneratedFile, D:\STM32\qspi_tgfx\Core\Inc\stm32h7xx_hal_conf.h_save
2023-07-17 16:31:03,438 [INFO] CodeEngine:335 - Generated code: D:\STM32\qspi_tgfx\Core\Inc\stm32h7xx_hal_conf.h
2023-07-17 16:31:03,477 [INFO] CodeEngine:255 - oldGeneratedFile, D:\STM32\qspi_tgfx\Core\Inc\main.h_save
2023-07-17 16:31:03,535 [INFO] CodeEngine:279 - Generated code: D:\STM32\qspi_tgfx\Core\Inc\main.h
2023-07-17 16:31:03,548 [INFO] CodeEngine:255 - oldGeneratedFile, D:\STM32\qspi_tgfx\Core\Src\main.c_save
2023-07-17 16:31:03,652 [INFO] CodeEngine:279 - Generated code: D:\STM32\qspi_tgfx\Core\Src\main.c
2023-07-17 16:31:04,109 [INFO] ProjectBuilder:2996 - Time for Copy HAL[1] : 97mS.
2023-07-17 16:31:04,112 [INFO] ProjectBuilder:4304 - Project Generator version: 3.19.2
2023-07-17 16:31:04,461 [INFO] ConfigFileManager:1483 - The Die is : DIE450
2023-07-17 16:31:06,109 [INFO] ProjectBuilder:4505 - Time for Generating toolchain IDE Files: 1997mS.
2023-07-17 16:31:06,110 [INFO] ProjectBuilder:2867 - Time for Copy CMSIS : 1mS.
2023-07-17 16:31:06,111 [INFO] ProjectBuilder:2867 - Time for Copy CMSIS : 0mS.
