2024-05-17 13:59:14,617 [INFO] Activator:176 - 


2024-05-17 13:59:14,623 [INFO] Activator:177 - !SESSION log4j initialized
2024-05-17 13:59:22,998 [INFO] LogOutputStream:77 - [STDOUT_REDIRECT] 
2024-05-17 13:59:24,601 [ERROR] LogOutputStream:75 - [STDERR_REDIRECT] ?.?. 17, 2024 1:59:24 ??????? org.glassfish.grizzly.http.server.NetworkListener start
2024-05-17 13:59:24,603 [ERROR] LogOutputStream:75 - [STDERR_REDIRECT] INFO: Started listener bound to [localhost:1593]
2024-05-17 13:59:24,603 [ERROR] LogOutputStream:75 - [STDERR_REDIRECT] 
2024-05-17 13:59:24,606 [ERROR] LogOutputStream:75 - [STDERR_REDIRECT] ?.?. 17, 2024 1:59:24 ??????? org.glassfish.grizzly.http.server.HttpServer start
2024-05-17 13:59:24,608 [ERROR] LogOutputStream:75 - [STDERR_REDIRECT] INFO: [HttpServer] Started.
2024-05-17 13:59:24,610 [ERROR] LogOutputStream:75 - [STDERR_REDIRECT] 
2024-05-17 13:59:26,125 [INFO] ApplicationProperties:184 - Using Application install path: C:\ST\STM32CubeIDE_1.12.0\STM32CubeIDE\plugins\com.st.stm32cube.common.mx_6.11.0.202403141607
2024-05-17 13:59:26,145 [INFO] DbMcusXml:78 - Set database path to: C:\ST\STM32CubeIDE_1.12.0\STM32CubeIDE\plugins\com.st.stm32cube.common.mx_6.11.0.202403141607\\db\/mcu/
2024-05-17 13:59:26,146 [INFO] ApiDb:274 - Set plugin database path to: C:\ST\STM32CubeIDE_1.12.0\STM32CubeIDE\plugins\com.st.stm32cube.common.mx_6.11.0.202403141607\\db\/plugins/boardmanager/
2024-05-17 13:59:26,146 [WARN] ApiDb:259 - Overriding images path with different value:  => C:\ST\STM32CubeIDE_1.12.0\STM32CubeIDE\plugins\com.st.stm32cube.common.mx_6.11.0.202403141607\\db\/plugins/mcufinder/images/
2024-05-17 13:59:26,156 [INFO] ApiDb:250 - Set database path to: C:\Users\user\.stmcufinder\plugins\mcufinder//mcu/
2024-05-17 13:59:26,158 [INFO] DbMcusAds:125 - Set database path to: C:\Users\user\.stmcufinder\plugins\mcufinder//mcu/
2024-05-17 13:59:26,162 [INFO] CrossReferenceDbSqlite:203 - Set database path to: C:\Users\user\.stmcufinder\plugins\mcufinder//mcu/cs/
2024-05-17 13:59:26,347 [INFO] RulesReader:64 - Compatibility file has been processed (297 Rules)
2024-05-17 13:59:26,414 [INFO] DbMcusXml:78 - Set database path to: C:\ST\STM32CubeIDE_1.12.0\STM32CubeIDE\plugins\com.st.stm32cube.common.mx_6.11.0.202403141607\\db\/mcu/
2024-05-17 13:59:26,414 [INFO] ApiDb:274 - Set plugin database path to: C:\ST\STM32CubeIDE_1.12.0\STM32CubeIDE\plugins\com.st.stm32cube.common.mx_6.11.0.202403141607\\db\/plugins/boardmanager/
2024-05-17 13:59:26,414 [INFO] ApiDb:261 - Set plugin images path to: C:\ST\STM32CubeIDE_1.12.0\STM32CubeIDE\plugins\com.st.stm32cube.common.mx_6.11.0.202403141607\\db\/plugins/mcufinder/images/
2024-05-17 13:59:26,416 [WARN] DbFile:41 - Overriding database path with different value: C:\Users\user\.stmcufinder\plugins\mcufinder/ => C:\Users\user\.stmcufinder\plugins\mcufinder
2024-05-17 13:59:26,416 [INFO] ApiDb:250 - Set database path to: C:\Users\user\.stmcufinder\plugins\mcufinder//mcu/
2024-05-17 13:59:26,416 [WARN] DbFile:41 - Overriding database path with different value: C:\Users\user\.stmcufinder\plugins\mcufinder/ => C:\Users\user\.stmcufinder\plugins\mcufinder
2024-05-17 13:59:26,416 [INFO] DbMcusAds:125 - Set database path to: C:\Users\user\.stmcufinder\plugins\mcufinder//mcu/
2024-05-17 13:59:26,416 [WARN] DbFile:41 - Overriding database path with different value: C:\Users\user\.stmcufinder\plugins\mcufinder/ => C:\Users\user\.stmcufinder\plugins\mcufinder
2024-05-17 13:59:26,416 [WARN] DbFile:41 - Overriding database path with different value: C:\Users\user\.stmcufinder\plugins\mcufinder/ => C:\Users\user\.stmcufinder\plugins\mcufinder
2024-05-17 13:59:26,416 [INFO] CrossReferenceDbSqlite:203 - Set database path to: C:\Users\user\.stmcufinder\plugins\mcufinder//mcu/cs/
2024-05-17 13:59:26,519 [INFO] MainPanel:264 - HeapMemory: 268435456
2024-05-17 13:59:26,643 [INFO] DbMcusXml:78 - Set database path to: C:\ST\STM32CubeIDE_1.12.0\STM32CubeIDE\plugins\com.st.stm32cube.common.mx_6.11.0.202403141607\\db\/mcu/
2024-05-17 13:59:26,644 [INFO] ApiDb:274 - Set plugin database path to: C:\ST\STM32CubeIDE_1.12.0\STM32CubeIDE\plugins\com.st.stm32cube.common.mx_6.11.0.202403141607\\db\/plugins/boardmanager/
2024-05-17 13:59:26,644 [INFO] ApiDb:261 - Set plugin images path to: C:\ST\STM32CubeIDE_1.12.0\STM32CubeIDE\plugins\com.st.stm32cube.common.mx_6.11.0.202403141607\\db\/plugins/mcufinder/images/
2024-05-17 13:59:26,644 [WARN] DbFile:41 - Overriding database path with different value: C:\Users\user\.stmcufinder\plugins\mcufinder/ => C:\Users\user\.stmcufinder\plugins\mcufinder
2024-05-17 13:59:26,644 [INFO] ApiDb:250 - Set database path to: C:\Users\user\.stmcufinder\plugins\mcufinder//mcu/
2024-05-17 13:59:26,644 [WARN] DbFile:41 - Overriding database path with different value: C:\Users\user\.stmcufinder\plugins\mcufinder/ => C:\Users\user\.stmcufinder\plugins\mcufinder
2024-05-17 13:59:26,645 [INFO] DbMcusAds:125 - Set database path to: C:\Users\user\.stmcufinder\plugins\mcufinder//mcu/
2024-05-17 13:59:26,645 [WARN] DbFile:41 - Overriding database path with different value: C:\Users\user\.stmcufinder\plugins\mcufinder/ => C:\Users\user\.stmcufinder\plugins\mcufinder
2024-05-17 13:59:26,645 [WARN] DbFile:41 - Overriding database path with different value: C:\Users\user\.stmcufinder\plugins\mcufinder/ => C:\Users\user\.stmcufinder\plugins\mcufinder
2024-05-17 13:59:26,645 [INFO] CrossReferenceDbSqlite:203 - Set database path to: C:\Users\user\.stmcufinder\plugins\mcufinder//mcu/cs/
2024-05-17 13:59:26,663 [INFO] ApplicationProperties:184 - Using Application install path: C:\ST\STM32CubeIDE_1.12.0\STM32CubeIDE\plugins\com.st.stm32cube.common.mx_6.11.0.202403141607
2024-05-17 13:59:26,666 [INFO] PluginManage:196 - Search for loadable plugins [exclusion list=, ]
2024-05-17 13:59:26,668 [INFO] PluginManage:310 - Check plugin analytics
2024-05-17 13:59:26,914 [INFO] AnalyticsPlugin:253 - Accepted Software Licenses: STM32CubeMX.6.10.0,STM32CubeMX.6.11.0
2024-05-17 13:59:26,914 [INFO] AnalyticsPlugin:255 - Accepted CMSIS Pack Licenses: STMicroelectronics.X-CUBE-TOUCHGFX.4.23.2,STMicroelectronics.X-CUBE-TOF1.3.4.1
2024-05-17 13:59:26,914 [INFO] AnalyticsPlugin:257 - Accepted Firmware Licenses: FW.G0.1.6.0,FW.H7.1.11.0
2024-05-17 13:59:26,918 [INFO] PluginManage:359 - Loaded plugin analytics (category:tool,tabindex:-1)
2024-05-17 13:59:26,919 [INFO] PluginManage:310 - Check plugin cadmodel
2024-05-17 13:59:26,926 [INFO] CADModel:105 - Init CAD model plugin
2024-05-17 13:59:26,926 [INFO] PluginManage:359 - Loaded plugin cadmodel (category:power,tabindex:5)
2024-05-17 13:59:26,926 [INFO] PluginManage:310 - Check plugin clock
2024-05-17 13:59:26,939 [INFO] PluginManage:359 - Loaded plugin clock (category:base,tabindex:2)
2024-05-17 13:59:26,939 [INFO] PluginManage:310 - Check plugin ddr
2024-05-17 13:59:26,942 [INFO] PluginManage:359 - Loaded plugin ddr (category:tool,tabindex:6)
2024-05-17 13:59:26,943 [INFO] PluginManage:310 - Check plugin filemanager
2024-05-17 13:59:27,132 [INFO] PluginManage:359 - Loaded plugin filemanager (category:base,tabindex:10)
2024-05-17 13:59:27,132 [INFO] PluginManage:310 - Check plugin ipmanager
2024-05-17 13:59:27,140 [INFO] PluginManage:359 - Loaded plugin ipmanager (category:base,tabindex:5)
2024-05-17 13:59:27,140 [INFO] PluginManage:310 - Check plugin lpbam
2024-05-17 13:59:27,160 [INFO] PluginManage:359 - Loaded plugin lpbam (category:base,tabindex:0)
2024-05-17 13:59:27,160 [INFO] PluginManage:310 - Check plugin memorymap
2024-05-17 13:59:27,188 [INFO] PluginManage:359 - Loaded plugin memorymap (category:base,tabindex:4)
2024-05-17 13:59:27,189 [INFO] PluginManage:310 - Check plugin pinoutandconfiguration
2024-05-17 13:59:27,197 [INFO] PluginManage:359 - Loaded plugin pinoutandconfiguration (category:base,tabindex:1)
2024-05-17 13:59:27,197 [INFO] PluginManage:310 - Check plugin pinoutconfig
2024-05-17 13:59:27,312 [WARN] SupportedApi:132 - Cannot load RTOS API schema: s4s-elt-must-match.1: The content of 'definitions' must match (annotation?, (simpleType | complexType)?, (unique | key | keyref)*)). A problem was found starting at: attribute.
2024-05-17 13:59:27,513 [INFO] PluginManage:359 - Loaded plugin pinoutconfig (category:base,tabindex:0)
2024-05-17 13:59:27,514 [INFO] PluginManage:310 - Check plugin power
2024-05-17 13:59:27,523 [INFO] PluginManage:359 - Loaded plugin power (category:power,tabindex:4)
2024-05-17 13:59:27,523 [INFO] PluginManage:310 - Check plugin projectmanager
2024-05-17 13:59:27,542 [INFO] PluginManage:359 - Loaded plugin projectmanager (category:projectmanager,tabindex:3)
2024-05-17 13:59:27,543 [INFO] PluginManage:310 - Check plugin thirdparty
2024-05-17 13:59:27,720 [INFO] PluginManage:359 - Loaded plugin thirdparty (category:base,tabindex:-1)
2024-05-17 13:59:27,720 [WARN] IntegrityCheckThread:84 - waiting for thirdparty lock release [integrity check]
2024-05-17 13:59:27,720 [INFO] PluginManage:310 - Check plugin tools
2024-05-17 13:59:27,720 [INFO] IntegrityCheckThread:86 - entering critical section [integrity check]
2024-05-17 13:59:27,721 [INFO] ThirdPartyUpdaterWithRetryManager:70 - Updater plugin not ready yet. [1/15]
2024-05-17 13:59:27,724 [INFO] PluginManage:359 - Loaded plugin tools (category:base,tabindex:7)
2024-05-17 13:59:27,724 [INFO] PluginManage:310 - Check plugin tutovideos
2024-05-17 13:59:27,961 [INFO] PluginManage:359 - Loaded plugin tutovideos (category:base,tabindex:-1)
2024-05-17 13:59:27,962 [INFO] PluginManage:310 - Check plugin updater
2024-05-17 13:59:27,975 [INFO] PluginManage:359 - Loaded plugin updater (category:base,tabindex:12)
2024-05-17 13:59:27,976 [INFO] PluginManage:310 - Check plugin userauth
2024-05-17 13:59:27,982 [INFO] UserAuth:114 - Init User Auth plugin
2024-05-17 13:59:27,982 [INFO] PluginManage:359 - Loaded plugin userauth (category:base,tabindex:14)
2024-05-17 13:59:27,982 [INFO] PluginManage:283 - PluginManage : Loaded plugins [17]
2024-05-17 13:59:28,264 [INFO] PinOutPanel:1561 - setPackage(No Configuration,No Configuration)
2024-05-17 13:59:28,384 [INFO] CADModel:165 - CPN selected for project level
2024-05-17 13:59:28,384 [INFO] CADModel:114 - Register for checkConnection events
2024-05-17 13:59:28,408 [INFO] IPUIPlugin:80 - create IPUIPlugin
2024-05-17 13:59:28,408 [INFO] PluginManager:220 - loadIPPluginJar : add adc
2024-05-17 13:59:28,415 [INFO] IPUIPlugin:80 - create IPUIPlugin
2024-05-17 13:59:28,415 [INFO] PluginManager:220 - loadIPPluginJar : add aes
2024-05-17 13:59:28,419 [INFO] IPUIPlugin:80 - create IPUIPlugin
2024-05-17 13:59:28,419 [INFO] PluginManager:220 - loadIPPluginJar : add can
2024-05-17 13:59:28,421 [INFO] IPUIPlugin:80 - create IPUIPlugin
2024-05-17 13:59:28,421 [INFO] PluginManager:220 - loadIPPluginJar : add comp
2024-05-17 13:59:28,425 [INFO] IPUIPlugin:80 - create IPUIPlugin
2024-05-17 13:59:28,426 [INFO] PluginManager:220 - loadIPPluginJar : add cryp
2024-05-17 13:59:28,433 [INFO] IPUIPlugin:80 - create IPUIPlugin
2024-05-17 13:59:28,433 [INFO] PluginManager:220 - loadIPPluginJar : add dfsdm
2024-05-17 13:59:28,440 [INFO] IPUIPlugin:80 - create IPUIPlugin
2024-05-17 13:59:28,440 [INFO] PluginManager:220 - loadIPPluginJar : add dma
2024-05-17 13:59:28,446 [INFO] IPUIPlugin:80 - create IPUIPlugin
2024-05-17 13:59:28,446 [INFO] PluginManager:220 - loadIPPluginJar : add dma3
2024-05-17 13:59:28,450 [INFO] IPUIPlugin:80 - create IPUIPlugin
2024-05-17 13:59:28,450 [INFO] PluginManager:220 - loadIPPluginJar : add extmemmanager
2024-05-17 13:59:28,452 [INFO] IPUIPlugin:80 - create IPUIPlugin
2024-05-17 13:59:28,452 [INFO] PluginManager:220 - loadIPPluginJar : add fatfs
2024-05-17 13:59:28,459 [INFO] IPUIPlugin:80 - create IPUIPlugin
2024-05-17 13:59:28,460 [INFO] PluginManager:220 - loadIPPluginJar : add fmc
2024-05-17 13:59:28,467 [INFO] IPUIPlugin:80 - create IPUIPlugin
2024-05-17 13:59:28,467 [INFO] PluginManager:220 - loadIPPluginJar : add freertos
2024-05-17 13:59:28,469 [INFO] IPUIPlugin:80 - create IPUIPlugin
2024-05-17 13:59:28,469 [INFO] PluginManager:220 - loadIPPluginJar : add genericplugin
2024-05-17 13:59:28,471 [INFO] IPUIPlugin:80 - create IPUIPlugin
2024-05-17 13:59:28,471 [INFO] PluginManager:220 - loadIPPluginJar : add gfxmmu
2024-05-17 13:59:28,482 [INFO] IPUIPlugin:80 - create IPUIPlugin
2024-05-17 13:59:28,483 [INFO] PluginManager:220 - loadIPPluginJar : add gic
2024-05-17 13:59:28,488 [INFO] IPUIPlugin:80 - create IPUIPlugin
2024-05-17 13:59:28,488 [INFO] PluginManager:220 - loadIPPluginJar : add gpio
2024-05-17 13:59:28,492 [INFO] IPUIPlugin:80 - create IPUIPlugin
2024-05-17 13:59:28,492 [INFO] PluginManager:220 - loadIPPluginJar : add gtzc
2024-05-17 13:59:28,494 [INFO] IPUIPlugin:80 - create IPUIPlugin
2024-05-17 13:59:28,494 [INFO] PluginManager:220 - loadIPPluginJar : add hash
2024-05-17 13:59:28,496 [INFO] IPUIPlugin:80 - create IPUIPlugin
2024-05-17 13:59:28,496 [INFO] PluginManager:220 - loadIPPluginJar : add i2c
2024-05-17 13:59:28,499 [INFO] IPUIPlugin:80 - create IPUIPlugin
2024-05-17 13:59:28,499 [INFO] PluginManager:220 - loadIPPluginJar : add i2s
2024-05-17 13:59:28,503 [INFO] IPUIPlugin:80 - create IPUIPlugin
2024-05-17 13:59:28,503 [INFO] PluginManager:220 - loadIPPluginJar : add i3c
2024-05-17 13:59:28,506 [INFO] IPUIPlugin:80 - create IPUIPlugin
2024-05-17 13:59:28,506 [INFO] PluginManager:220 - loadIPPluginJar : add ipddr
2024-05-17 13:59:28,515 [INFO] IPUIPlugin:80 - create IPUIPlugin
2024-05-17 13:59:28,516 [INFO] PluginManager:220 - loadIPPluginJar : add linkedlist
2024-05-17 13:59:28,518 [INFO] IPUIPlugin:80 - create IPUIPlugin
2024-05-17 13:59:28,520 [INFO] PluginManager:220 - loadIPPluginJar : add lorawan
2024-05-17 13:59:28,522 [INFO] IPUIPlugin:80 - create IPUIPlugin
2024-05-17 13:59:28,522 [INFO] PluginManager:220 - loadIPPluginJar : add ltdc
2024-05-17 13:59:28,531 [INFO] IPUIPlugin:80 - create IPUIPlugin
2024-05-17 13:59:28,531 [INFO] PluginManager:220 - loadIPPluginJar : add mdma
2024-05-17 13:59:28,535 [INFO] IPUIPlugin:80 - create IPUIPlugin
2024-05-17 13:59:28,535 [INFO] PluginManager:220 - loadIPPluginJar : add nvic
2024-05-17 13:59:28,537 [INFO] IPUIPlugin:80 - create IPUIPlugin
2024-05-17 13:59:28,539 [INFO] PluginManager:220 - loadIPPluginJar : add opamp
2024-05-17 13:59:28,545 [INFO] IPUIPlugin:80 - create IPUIPlugin
2024-05-17 13:59:28,545 [INFO] PluginManager:220 - loadIPPluginJar : add openamp
2024-05-17 13:59:28,548 [INFO] IPUIPlugin:80 - create IPUIPlugin
2024-05-17 13:59:28,549 [INFO] PluginManager:220 - loadIPPluginJar : add pdm2pcm
2024-05-17 13:59:28,557 [INFO] IPUIPlugin:80 - create IPUIPlugin
2024-05-17 13:59:28,561 [INFO] PluginManager:220 - loadIPPluginJar : add plateformsettings
2024-05-17 13:59:28,566 [INFO] IPUIPlugin:80 - create IPUIPlugin
2024-05-17 13:59:28,566 [INFO] PluginManager:220 - loadIPPluginJar : add quadspi
2024-05-17 13:59:28,579 [INFO] IPUIPlugin:80 - create IPUIPlugin
2024-05-17 13:59:28,579 [INFO] PluginManager:220 - loadIPPluginJar : add resmgrutility
2024-05-17 13:59:28,585 [INFO] IPUIPlugin:80 - create IPUIPlugin
2024-05-17 13:59:28,585 [INFO] PluginManager:220 - loadIPPluginJar : add sai
2024-05-17 13:59:28,590 [INFO] IPUIPlugin:80 - create IPUIPlugin
2024-05-17 13:59:28,591 [INFO] PluginManager:220 - loadIPPluginJar : add spi
2024-05-17 13:59:28,598 [INFO] IPUIPlugin:80 - create IPUIPlugin
2024-05-17 13:59:28,598 [INFO] PluginManager:220 - loadIPPluginJar : add stm32_wpan
2024-05-17 13:59:28,604 [INFO] IPUIPlugin:80 - create IPUIPlugin
2024-05-17 13:59:28,604 [INFO] PluginManager:220 - loadIPPluginJar : add tim
2024-05-17 13:59:28,609 [INFO] IPUIPlugin:80 - create IPUIPlugin
2024-05-17 13:59:28,610 [INFO] PluginManager:220 - loadIPPluginJar : add touchsensing
2024-05-17 13:59:28,612 [INFO] IPUIPlugin:80 - create IPUIPlugin
2024-05-17 13:59:28,612 [INFO] PluginManager:220 - loadIPPluginJar : add tracer_emb
2024-05-17 13:59:28,614 [INFO] IPUIPlugin:80 - create IPUIPlugin
2024-05-17 13:59:28,615 [INFO] PluginManager:220 - loadIPPluginJar : add ts
2024-05-17 13:59:28,619 [INFO] IPUIPlugin:80 - create IPUIPlugin
2024-05-17 13:59:28,619 [INFO] PluginManager:220 - loadIPPluginJar : add tsc
2024-05-17 13:59:28,621 [INFO] IPUIPlugin:80 - create IPUIPlugin
2024-05-17 13:59:28,621 [INFO] PluginManager:220 - loadIPPluginJar : add ucpd
2024-05-17 13:59:28,625 [INFO] IPUIPlugin:80 - create IPUIPlugin
2024-05-17 13:59:28,625 [INFO] PluginManager:220 - loadIPPluginJar : add usart
2024-05-17 13:59:28,630 [INFO] IPUIPlugin:80 - create IPUIPlugin
2024-05-17 13:59:28,630 [INFO] PluginManager:220 - loadIPPluginJar : add usbx
2024-05-17 13:59:28,848 [INFO] CADModel:165 - CPN selected for project level
2024-05-17 13:59:28,848 [INFO] CADModel:114 - Register for checkConnection events
2024-05-17 13:59:28,849 [FATAL] Updater:308 - Updater called before beeing initialized
2024-05-17 13:59:28,849 [ERROR] CADModel:125 - Updater not yet initialized, retry later 
2024-05-17 13:59:29,032 [INFO] CADModel:165 - CPN selected for project level
2024-05-17 13:59:29,032 [INFO] CADModel:114 - Register for checkConnection events
2024-05-17 13:59:29,033 [FATAL] Updater:308 - Updater called before beeing initialized
2024-05-17 13:59:29,033 [ERROR] CADModel:125 - Updater not yet initialized, retry later 
2024-05-17 13:59:29,037 [FATAL] Updater:308 - Updater called before beeing initialized
2024-05-17 13:59:29,190 [FATAL] Updater:308 - Updater called before beeing initialized
2024-05-17 13:59:29,199 [INFO] DbMcusAds:53 - JSON generation date=Wed Nov 29 17:52:27 ICT 2023 (1701255147349)
2024-05-17 13:59:29,199 [FATAL] Updater:308 - Updater called before beeing initialized
2024-05-17 13:59:29,265 [WARN] DetailPanel:346 - Failed to get advertising image, set to default
2024-05-17 13:59:29,367 [FATAL] Updater:308 - Updater called before beeing initialized
2024-05-17 13:59:29,369 [FATAL] Updater:308 - Updater called before beeing initialized
2024-05-17 13:59:29,369 [FATAL] Updater:308 - Updater called before beeing initialized
2024-05-17 13:59:29,369 [WARN] DetailPanel:346 - Failed to get advertising image, set to default
2024-05-17 13:59:29,370 [FATAL] Updater:308 - Updater called before beeing initialized
2024-05-17 13:59:29,469 [ERROR] Updater:1120 - MainUpdater not yet initialized. External WinMGr cannot be set.
2024-05-17 13:59:29,472 [INFO] Updater:1056 - Updater Version found : 6.11.0
2024-05-17 13:59:29,506 [INFO] ApplicationProperties:184 - Using Application install path: C:\ST\STM32CubeIDE_1.12.0\STM32CubeIDE\plugins\com.st.stm32cube.common.mx_6.11.0.202403141607
2024-05-17 13:59:30,671 [INFO] MainUpdater:2873 - connection check result : 10
2024-05-17 13:59:30,672 [INFO] MainUpdater:290 - Updater Check For Update Now.
2024-05-17 13:59:30,672 [INFO] MicroXplorer:498 - Change Database Version : DB.6.0.110
2024-05-17 13:59:30,679 [INFO] McuFinderGlobals:63 - Set McuFinder mode to 2 (CubeIDE integrated)
2024-05-17 13:59:30,688 [INFO] UserAuth:415 - Internet connection configuration mode: 1
2024-05-17 13:59:30,728 [INFO] JxBrowserEngine:152 - Initiate JxBrowser Engine with user profile folder
2024-05-17 13:59:30,818 [WARN] MainUpdater:1194 - Updater busy. Cannot search thirdparties
2024-05-17 13:59:30,819 [INFO] ThirdPartyUpdaterWithRetryManager:96 - Updater plugin is busy. [1/15]
2024-05-17 13:59:31,051 [INFO] CheckServerUpdateThread:120 - End of CheckServer Thread
2024-05-17 13:59:31,942 [INFO] WebApp:161 - Instantiating new browser for Auth
2024-05-17 13:59:32,769 [INFO] WebApp:779 - Register for checkConnection events
2024-05-17 13:59:32,769 [INFO] WebApp:414 - Apply proxy settings
2024-05-17 13:59:32,769 [INFO] WebApp:499 - Chromium requires no authentication
2024-05-17 13:59:32,781 [INFO] WebApp:442 - Direct internet connection detected
2024-05-17 13:59:33,024 [INFO] WebApp:192 - Starting web application
2024-05-17 13:59:33,024 [INFO] WebApp:544 - Web application path used C:\ST\STM32CubeIDE_1.12.0\STM32CubeIDE\plugins\com.st.stm32cube.common.mx_6.11.0.202403141607\db\plugins\mcufinder\reactClient1\index.html
2024-05-17 13:59:34,100 [WARN] PackLoader:240 - Cannot read IP mode file for STMicroelectronics.FP-SNS-MOTENVWB1.1.4.0
2024-05-17 13:59:34,117 [WARN] PackLoader:240 - Cannot read IP mode file for STMicroelectronics.X-CUBE-SMBUS.2.1.0
2024-05-17 13:59:34,127 [WARN] PackLoader:240 - Cannot read IP mode file for STMicroelectronics.X-CUBE-TOUCHGFX.4.23.1
2024-05-17 13:59:34,134 [WARN] PackLoader:240 - Cannot read IP mode file for STMicroelectronics.X-CUBE-TOUCHGFX.4.23.0
2024-05-17 13:59:34,314 [WARN] PackLoader:240 - Cannot read IP mode file for STMicroelectronics.X-CUBE-TOUCHGFX.4.23.2
2024-05-17 13:59:34,439 [WARN] PackLoader:240 - Cannot read IP mode file for STMicroelectronics.X-CUBE-AZRTOS-F7.1.1.0
2024-05-17 13:59:34,459 [WARN] PackLoader:240 - Cannot read IP mode file for STMicroelectronics.FP-SNS-MOTENV1.4.3.2
2024-05-17 13:59:34,470 [WARN] PackLoader:240 - Cannot read IP mode file for STMicroelectronics.FP-SNS-FLIGHT1.5.0.2
2024-05-17 13:59:34,484 [WARN] PackLoader:240 - Cannot read IP mode file for STMicroelectronics.X-CUBE-DISPLAY.3.0.0
2024-05-17 13:59:34,500 [WARN] PackLoader:240 - Cannot read IP mode file for STMicroelectronics.X-CUBE-BLE1.7.0.0
2024-05-17 13:59:34,512 [WARN] PackLoader:240 - Cannot read IP mode file for emotas.I-CUBE-CANOPEN.1.3.0
2024-05-17 13:59:34,573 [WARN] PackLoader:240 - Cannot read IP mode file for STMicroelectronics.X-CUBE-TOUCHGFX.4.22.0
2024-05-17 13:59:34,640 [WARN] PackLoader:240 - Cannot read IP mode file for STMicroelectronics.X-CUBE-TOUCHGFX.4.22.1
2024-05-17 13:59:34,753 [WARN] PackLoader:240 - Cannot read IP mode file for STMicroelectronics.X-CUBE-BLEMGR.3.1.0
2024-05-17 13:59:34,763 [WARN] PackLoader:240 - Cannot read IP mode file for STMicroelectronics.FP-SNS-SMARTAG2.1.2.0
2024-05-17 13:59:34,779 [INFO] LogOutputStream:77 - [STDOUT_REDIRECT] 1 : Invalid condition id : UX_CORESTACK_Condition cause : null
2024-05-17 13:59:34,780 [INFO] LogOutputStream:77 - [STDOUT_REDIRECT] 1 : Invalid condition id : UX_CORESTACK_Condition cause : null
2024-05-17 13:59:34,782 [INFO] LogOutputStream:77 - [STDOUT_REDIRECT] 1 : Invalid condition id : UX_CORESTACK_Condition cause : null
2024-05-17 13:59:34,783 [INFO] LogOutputStream:77 - [STDOUT_REDIRECT] 1 : Invalid condition id : UX_CORESTACK_Condition cause : null
2024-05-17 13:59:34,784 [INFO] LogOutputStream:77 - [STDOUT_REDIRECT] 1 : Invalid condition id : UX_CORESTACK_Condition cause : null
2024-05-17 13:59:34,805 [WARN] PackLoader:240 - Cannot read IP mode file for STMicroelectronics.X-CUBE-AZRTOS-WL.2.0.0
2024-05-17 13:59:34,812 [WARN] PackLoader:240 - Cannot read IP mode file for STMicroelectronics.FP-SNS-MOTENV1.5.0.0
2024-05-17 13:59:34,841 [WARN] PackLoader:240 - Cannot read IP mode file for WES.I-CUBE-Cesium.1.3.0
2024-05-17 13:59:34,848 [WARN] PackLoader:240 - Cannot read IP mode file for STMicroelectronics.X-CUBE-BLE2.3.3.0
2024-05-17 13:59:34,854 [WARN] PackLoader:240 - Cannot read IP mode file for STMicroelectronics.X-CUBE-TOUCHGFX.4.18.0
2024-05-17 13:59:34,931 [WARN] PackLoader:240 - Cannot read IP mode file for STMicroelectronics.X-CUBE-TCPP.4.1.0
2024-05-17 13:59:34,957 [WARN] PackLoader:240 - Cannot read IP mode file for STMicroelectronics.X-CUBE-TOUCHGFX.4.21.1
2024-05-17 13:59:35,048 [WARN] PackLoader:240 - Cannot read IP mode file for STMicroelectronics.X-CUBE-TOUCHGFX.4.21.0
2024-05-17 13:59:35,087 [WARN] PackLoader:240 - Cannot read IP mode file for STMicroelectronics.X-CUBE-TOUCHGFX.4.21.4
2024-05-17 13:59:35,132 [WARN] PackLoader:240 - Cannot read IP mode file for STMicroelectronics.X-CUBE-ALGOBUILD.1.3.0
2024-05-17 13:59:35,232 [WARN] PackLoader:240 - Cannot read IP mode file for STMicroelectronics.X-CUBE-AZRTOS-G0.1.1.0
2024-05-17 13:59:35,247 [WARN] PackLoader:240 - Cannot read IP mode file for STMicroelectronics.X-CUBE-SAFEA1.1.2.2
2024-05-17 13:59:35,258 [WARN] PackLoader:240 - Cannot read IP mode file for STMicroelectronics.X-CUBE-NFC4.3.0.0
2024-05-17 13:59:35,278 [WARN] PackLoader:240 - Cannot read IP mode file for STMicroelectronics.X-CUBE-BLEMGR.3.0.0
2024-05-17 13:59:35,286 [WARN] PackLoader:240 - Cannot read IP mode file for STMicroelectronics.FP-ATR-SIGFOX1.3.2.0
2024-05-17 13:59:35,294 [WARN] PackLoader:240 - Cannot read IP mode file for STMicroelectronics.X-CUBE-EEPRMA1.5.1.0
2024-05-17 13:59:35,344 [WARN] PackLoader:240 - Cannot read IP mode file for SEGGER.I-CUBE-embOS.1.3.1
2024-05-17 13:59:35,467 [WARN] PackLoader:240 - Cannot read IP mode file for STMicroelectronics.X-CUBE-ALGOBUILD.1.4.0
2024-05-17 13:59:35,473 [WARN] PackLoader:240 - Cannot read IP mode file for STMicroelectronics.X-CUBE-GNSS1.6.0.0
2024-05-17 13:59:35,496 [WARN] PackLoader:240 - Cannot read IP mode file for STMicroelectronics.X-CUBE-AZRTOS-F4.1.1.0
2024-05-17 13:59:35,506 [WARN] PackLoader:240 - Cannot read IP mode file for STMicroelectronics.X-CUBE-FREERTOS.1.2.0
2024-05-17 13:59:35,513 [WARN] PackLoader:240 - Cannot read IP mode file for wolfSSL.I-CUBE-wolfSSL.5.6.6
2024-05-17 13:59:35,563 [WARN] PackLoader:240 - Cannot read IP mode file for STMicroelectronics.X-CUBE-AZRTOS-L5.2.0.0
2024-05-17 13:59:35,584 [WARN] PackLoader:240 - Cannot read IP mode file for STMicroelectronics.X-CUBE-EEPRMA1.4.2.0
2024-05-17 13:59:35,625 [WARN] PackLoader:240 - Cannot read IP mode file for STMicroelectronics.X-CUBE-NFC6.3.1.0
2024-05-17 13:59:35,637 [WARN] PackLoader:240 - Cannot read IP mode file for ITTIA_DB.I-CUBE-ITTIADB.8.8.0
2024-05-17 13:59:35,668 [WARN] PackLoader:240 - Cannot read IP mode file for emotas.I-CUBE-CANOPEN.1.1.3
2024-05-17 13:59:35,710 [WARN] PackLoader:240 - Cannot read IP mode file for STMicroelectronics.X-CUBE-AI.9.0.0
2024-05-17 13:59:35,731 [WARN] ConditionMgr:438 - getConditionDescription Invalid condition id : UX DEVICE CLASS RTOS Condition cause : null
2024-05-17 13:59:35,732 [WARN] ConditionMgr:438 - getConditionDescription Invalid condition id : UX DEVICE CLASS RTOS Condition cause : null
2024-05-17 13:59:35,734 [WARN] PackLoader:240 - Cannot read IP mode file for STMicroelectronics.X-CUBE-AZRTOS-H7.3.1.0
2024-05-17 13:59:35,735 [WARN] ConditionMgr:1039 - genDependencies : Invalid condition id : UX DEVICE CLASS RTOS Condition cause : null
2024-05-17 13:59:35,736 [WARN] ConditionMgr:1039 - genDependencies : Invalid condition id : UX DEVICE CLASS RTOS Condition cause : null
2024-05-17 13:59:35,737 [WARN] ConditionMgr:1039 - genDependencies : Invalid condition id : UX DEVICE CLASS RTOS Condition cause : null
2024-05-17 13:59:35,737 [WARN] ConditionMgr:1039 - genDependencies : Invalid condition id : UX DEVICE CLASS RTOS Condition cause : null
2024-05-17 13:59:35,737 [WARN] ConditionMgr:1039 - genDependencies : Invalid condition id : UX DEVICE CLASS RTOS Condition cause : null
2024-05-17 13:59:35,752 [WARN] ConditionMgr:438 - getConditionDescription Invalid condition id : UX DEVICE CLASS RTOS Condition cause : null
2024-05-17 13:59:35,754 [WARN] ConditionMgr:438 - getConditionDescription Invalid condition id : UX DEVICE CLASS RTOS Condition cause : null
2024-05-17 13:59:35,871 [WARN] PackLoader:240 - Cannot read IP mode file for STMicroelectronics.X-CUBE-NFC7.1.0.1
2024-05-17 13:59:35,880 [WARN] PackLoader:240 - Cannot read IP mode file for STMicroelectronics.X-CUBE-NFC6.3.0.0
2024-05-17 13:59:35,887 [WARN] PackLoader:240 - Cannot read IP mode file for STMicroelectronics.X-CUBE-AI.8.1.0
2024-05-17 13:59:35,907 [WARN] ConditionMgr:438 - getConditionDescription Invalid condition id : LAN8742 Phy interface Condition cause : null
2024-05-17 13:59:35,909 [WARN] PackLoader:240 - Cannot read IP mode file for STMicroelectronics.X-CUBE-AZRTOS-L4.2.0.0
2024-05-17 13:59:35,911 [WARN] ConditionMgr:1039 - genDependencies : Invalid condition id : LAN8742 Phy interface Condition cause : null
2024-05-17 13:59:35,911 [WARN] ConditionMgr:1039 - genDependencies : Invalid condition id : LAN8742 Phy interface Condition cause : null
2024-05-17 13:59:35,912 [WARN] ConditionMgr:1039 - genDependencies : Invalid condition id : LAN8742 Phy interface Condition cause : null
2024-05-17 13:59:35,921 [WARN] PackLoader:240 - Cannot read IP mode file for STMicroelectronics.X-CUBE-SFXS2LP1.4.0.0
2024-05-17 13:59:35,939 [WARN] ConditionMgr:438 - getConditionDescription Invalid condition id : UX DEVICE CLASS RTOS Condition cause : null
2024-05-17 13:59:35,939 [WARN] ConditionMgr:438 - getConditionDescription Invalid condition id : UX DEVICE CLASS RTOS Condition cause : null
2024-05-17 13:59:35,942 [WARN] PackLoader:240 - Cannot read IP mode file for STMicroelectronics.X-CUBE-AZRTOS-WB.2.0.0
2024-05-17 13:59:35,943 [WARN] ConditionMgr:1039 - genDependencies : Invalid condition id : UX DEVICE CLASS RTOS Condition cause : null
2024-05-17 13:59:35,943 [WARN] ConditionMgr:1039 - genDependencies : Invalid condition id : UX DEVICE CLASS RTOS Condition cause : null
2024-05-17 13:59:35,943 [WARN] ConditionMgr:1039 - genDependencies : Invalid condition id : UX DEVICE CLASS RTOS Condition cause : null
2024-05-17 13:59:35,943 [WARN] ConditionMgr:1039 - genDependencies : Invalid condition id : UX DEVICE CLASS RTOS Condition cause : null
2024-05-17 13:59:35,943 [WARN] ConditionMgr:1039 - genDependencies : Invalid condition id : UX DEVICE CLASS RTOS Condition cause : null
2024-05-17 13:59:35,953 [WARN] PackLoader:240 - Cannot read IP mode file for STMicroelectronics.X-CUBE-SUBG2.5.0.0
2024-05-17 13:59:35,964 [WARN] PackLoader:240 - Cannot read IP mode file for Cesanta.I-CUBE-Mongoose.7.13.0
2024-05-17 13:59:35,982 [WARN] PackLoader:240 - Cannot read IP mode file for STMicroelectronics.X-CUBE-TOF1.3.3.1
2024-05-17 13:59:36,057 [WARN] PackLoader:240 - Cannot read IP mode file for STMicroelectronics.X-CUBE-AZRTOS-G4.2.0.0
2024-05-17 13:59:36,081 [WARN] PackLoader:240 - Cannot read IP mode file for STMicroelectronics.X-CUBE-TOF1.3.3.0
2024-05-17 13:59:36,201 [WARN] PackLoader:240 - Cannot read IP mode file for Infineon.AIROC-Wi-Fi-Bluetooth-STM32.1.5.1
2024-05-17 13:59:36,209 [WARN] PackLoader:240 - Cannot read IP mode file for STMicroelectronics.FP-SNS-MOTENVWB1.1.3.1
2024-05-17 13:59:36,214 [WARN] PackLoader:240 - Cannot read IP mode file for STMicroelectronics.X-CUBE-ISPU.2.0.0
2024-05-17 13:59:36,255 [WARN] PackLoader:240 - Cannot read IP mode file for STMicroelectronics.X-CUBE-MEMS1.10.0.0
2024-05-17 13:59:36,520 [WARN] PackLoader:240 - Cannot read IP mode file for STMicroelectronics.X-CUBE-FREERTOS.1.1.0
2024-05-17 13:59:36,529 [WARN] PackLoader:240 - Cannot read IP mode file for portGmbH.I-Cube-SoM-uGOAL.1.1.0
2024-05-17 13:59:36,536 [WARN] PackLoader:240 - Cannot read IP mode file for STMicroelectronics.X-CUBE-ALS.1.0.1
2024-05-17 13:59:36,556 [WARN] PackLoader:240 - Cannot read IP mode file for STMicroelectronics.X-CUBE-AZRTOS-H7RS.1.0.0
2024-05-17 13:59:36,564 [WARN] PackLoader:240 - Cannot read IP mode file for STMicroelectronics.FP-ATR-ASTRA1.2.0.0
2024-05-17 13:59:36,578 [WARN] PackLoader:240 - Cannot read IP mode file for STMicroelectronics.X-CUBE-TOF1.3.4.0
2024-05-17 13:59:37,036 [WARN] PackLoader:240 - Cannot read IP mode file for STMicroelectronics.X-CUBE-TOF1.3.4.1
2024-05-17 13:59:37,113 [WARN] PackLoader:240 - Cannot read IP mode file for STMicroelectronics.X-CUBE-AZRTOS-H7.3.2.0
2024-05-17 13:59:37,243 [INFO] ThirdParty:978 - Integrity check success = true
2024-05-17 13:59:37,243 [INFO] IntegrityCheckThread:100 - exiting critical section [integrity check]
2024-05-17 13:59:37,243 [INFO] IntegrityCheckThread:103 - End integrity checks thread
