2023-07-22 13:10:52,632 [INFO] Activator:176 - 


2023-07-22 13:10:52,637 [INFO] Activator:177 - !SESSION log4j initialized
2023-07-22 13:11:01,564 [INFO] LogOutputStream:77 - [STDOUT_REDIRECT] 
2023-07-22 13:11:13,410 [INFO] ApplicationProperties:184 - Using Application install path: C:\ST\STM32CubeIDE_1.12.0\STM32CubeIDE\plugins\com.st.stm32cube.common.mx_6.9.0.202307051724
2023-07-22 13:11:13,434 [INFO] DbMcusXml:78 - Set database path to: C:\ST\STM32CubeIDE_1.12.0\STM32CubeIDE\plugins\com.st.stm32cube.common.mx_6.9.0.202307051724\\db\/mcu/
2023-07-22 13:11:13,434 [INFO] ApiDb:274 - Set plugin database path to: C:\ST\STM32CubeIDE_1.12.0\STM32CubeIDE\plugins\com.st.stm32cube.common.mx_6.9.0.202307051724\\db\/plugins/boardmanager/
2023-07-22 13:11:13,434 [WARN] ApiDb:259 - Overriding images path with different value:  => C:\ST\STM32CubeIDE_1.12.0\STM32CubeIDE\plugins\com.st.stm32cube.common.mx_6.9.0.202307051724\\db\/plugins/mcufinder/images/
2023-07-22 13:11:13,455 [INFO] ApiDb:250 - Set database path to: C:\Users\user\.stmcufinder\plugins\mcufinder//mcu/
2023-07-22 13:11:13,457 [INFO] DbMcusAds:125 - Set database path to: C:\Users\user\.stmcufinder\plugins\mcufinder//mcu/
2023-07-22 13:11:13,558 [INFO] CrossReferenceDbSqlite:203 - Set database path to: C:\Users\user\.stmcufinder\plugins\mcufinder//mcu/cs/
2023-07-22 13:11:13,745 [INFO] RulesReader:64 - Compatibility file has been processed (293 Rules)
2023-07-22 13:11:13,851 [INFO] DbMcusXml:78 - Set database path to: C:\ST\STM32CubeIDE_1.12.0\STM32CubeIDE\plugins\com.st.stm32cube.common.mx_6.9.0.202307051724\\db\/mcu/
2023-07-22 13:11:13,852 [INFO] ApiDb:274 - Set plugin database path to: C:\ST\STM32CubeIDE_1.12.0\STM32CubeIDE\plugins\com.st.stm32cube.common.mx_6.9.0.202307051724\\db\/plugins/boardmanager/
2023-07-22 13:11:13,852 [INFO] ApiDb:261 - Set plugin images path to: C:\ST\STM32CubeIDE_1.12.0\STM32CubeIDE\plugins\com.st.stm32cube.common.mx_6.9.0.202307051724\\db\/plugins/mcufinder/images/
2023-07-22 13:11:13,852 [WARN] DbFile:41 - Overriding database path with different value: C:\Users\user\.stmcufinder\plugins\mcufinder/ => C:\Users\user\.stmcufinder\plugins\mcufinder
2023-07-22 13:11:13,852 [INFO] ApiDb:250 - Set database path to: C:\Users\user\.stmcufinder\plugins\mcufinder//mcu/
2023-07-22 13:11:13,852 [WARN] DbFile:41 - Overriding database path with different value: C:\Users\user\.stmcufinder\plugins\mcufinder/ => C:\Users\user\.stmcufinder\plugins\mcufinder
2023-07-22 13:11:13,852 [INFO] DbMcusAds:125 - Set database path to: C:\Users\user\.stmcufinder\plugins\mcufinder//mcu/
2023-07-22 13:11:13,852 [WARN] DbFile:41 - Overriding database path with different value: C:\Users\user\.stmcufinder\plugins\mcufinder/ => C:\Users\user\.stmcufinder\plugins\mcufinder
2023-07-22 13:11:13,852 [WARN] DbFile:41 - Overriding database path with different value: C:\Users\user\.stmcufinder\plugins\mcufinder/ => C:\Users\user\.stmcufinder\plugins\mcufinder
2023-07-22 13:11:13,853 [INFO] CrossReferenceDbSqlite:203 - Set database path to: C:\Users\user\.stmcufinder\plugins\mcufinder//mcu/cs/
2023-07-22 13:11:13,983 [INFO] MainPanel:262 - HeapMemory: 268435456
2023-07-22 13:11:14,096 [INFO] DbMcusXml:78 - Set database path to: C:\ST\STM32CubeIDE_1.12.0\STM32CubeIDE\plugins\com.st.stm32cube.common.mx_6.9.0.202307051724\\db\/mcu/
2023-07-22 13:11:14,096 [INFO] ApiDb:274 - Set plugin database path to: C:\ST\STM32CubeIDE_1.12.0\STM32CubeIDE\plugins\com.st.stm32cube.common.mx_6.9.0.202307051724\\db\/plugins/boardmanager/
2023-07-22 13:11:14,096 [INFO] ApiDb:261 - Set plugin images path to: C:\ST\STM32CubeIDE_1.12.0\STM32CubeIDE\plugins\com.st.stm32cube.common.mx_6.9.0.202307051724\\db\/plugins/mcufinder/images/
2023-07-22 13:11:14,096 [WARN] DbFile:41 - Overriding database path with different value: C:\Users\user\.stmcufinder\plugins\mcufinder/ => C:\Users\user\.stmcufinder\plugins\mcufinder
2023-07-22 13:11:14,096 [INFO] ApiDb:250 - Set database path to: C:\Users\user\.stmcufinder\plugins\mcufinder//mcu/
2023-07-22 13:11:14,098 [WARN] DbFile:41 - Overriding database path with different value: C:\Users\user\.stmcufinder\plugins\mcufinder/ => C:\Users\user\.stmcufinder\plugins\mcufinder
2023-07-22 13:11:14,098 [INFO] DbMcusAds:125 - Set database path to: C:\Users\user\.stmcufinder\plugins\mcufinder//mcu/
2023-07-22 13:11:14,098 [WARN] DbFile:41 - Overriding database path with different value: C:\Users\user\.stmcufinder\plugins\mcufinder/ => C:\Users\user\.stmcufinder\plugins\mcufinder
2023-07-22 13:11:14,098 [WARN] DbFile:41 - Overriding database path with different value: C:\Users\user\.stmcufinder\plugins\mcufinder/ => C:\Users\user\.stmcufinder\plugins\mcufinder
2023-07-22 13:11:14,098 [INFO] CrossReferenceDbSqlite:203 - Set database path to: C:\Users\user\.stmcufinder\plugins\mcufinder//mcu/cs/
2023-07-22 13:11:14,115 [INFO] ApplicationProperties:184 - Using Application install path: C:\ST\STM32CubeIDE_1.12.0\STM32CubeIDE\plugins\com.st.stm32cube.common.mx_6.9.0.202307051724
2023-07-22 13:11:14,117 [INFO] PluginManage:196 - Search for loadable plugins [exclusion list=, ]
2023-07-22 13:11:14,118 [INFO] PluginManage:310 - Check plugin analytics
2023-07-22 13:11:14,557 [INFO] AnalyticsPlugin:253 - Accepted Software Licenses: STM32CubeMX.6.8.0,STM32CubeMX.6.8.1
2023-07-22 13:11:14,558 [INFO] AnalyticsPlugin:255 - Accepted CMSIS Pack Licenses: emotas.I-CUBE-CANOPEN.1.1.3,STMicroelectronics.X-CUBE-TOUCHGFX.4.21.0,STMicroelectronics.X-CUBE-TOUCHGFX.4.21.1
2023-07-22 13:11:14,558 [INFO] AnalyticsPlugin:257 - Accepted Firmware Licenses: FW.H7.1.11.0,FW.G0.1.6.0,FW.F4.1.27.0
2023-07-22 13:11:14,561 [INFO] PluginManage:359 - Loaded plugin analytics (category:tool,tabindex:-1)
2023-07-22 13:11:14,562 [INFO] PluginManage:310 - Check plugin cadmodel
2023-07-22 13:11:14,582 [INFO] CADModel:105 - Init CAD model plugin
2023-07-22 13:11:14,582 [INFO] PluginManage:359 - Loaded plugin cadmodel (category:power,tabindex:5)
2023-07-22 13:11:14,582 [INFO] PluginManage:310 - Check plugin clock
2023-07-22 13:11:14,615 [INFO] PluginManage:359 - Loaded plugin clock (category:base,tabindex:2)
2023-07-22 13:11:14,615 [INFO] PluginManage:310 - Check plugin ddr
2023-07-22 13:11:14,617 [INFO] PluginManage:359 - Loaded plugin ddr (category:tool,tabindex:6)
2023-07-22 13:11:14,618 [INFO] PluginManage:310 - Check plugin filemanager
2023-07-22 13:11:14,797 [INFO] PluginManage:359 - Loaded plugin filemanager (category:base,tabindex:10)
2023-07-22 13:11:14,797 [INFO] PluginManage:310 - Check plugin ipmanager
2023-07-22 13:11:14,805 [INFO] PluginManage:359 - Loaded plugin ipmanager (category:base,tabindex:5)
2023-07-22 13:11:14,805 [INFO] PluginManage:310 - Check plugin lpbam
2023-07-22 13:11:14,823 [INFO] PluginManage:359 - Loaded plugin lpbam (category:base,tabindex:0)
2023-07-22 13:11:14,823 [INFO] PluginManage:310 - Check plugin memorymap
2023-07-22 13:11:14,844 [INFO] PluginManage:359 - Loaded plugin memorymap (category:base,tabindex:4)
2023-07-22 13:11:14,844 [INFO] PluginManage:310 - Check plugin pinoutandconfiguration
2023-07-22 13:11:14,858 [INFO] PluginManage:359 - Loaded plugin pinoutandconfiguration (category:base,tabindex:1)
2023-07-22 13:11:14,858 [INFO] PluginManage:310 - Check plugin pinoutconfig
2023-07-22 13:11:14,954 [WARN] SupportedApi:132 - Cannot load RTOS API schema: s4s-elt-must-match.1: The content of 'definitions' must match (annotation?, (simpleType | complexType)?, (unique | key | keyref)*)). A problem was found starting at: attribute.
2023-07-22 13:11:15,074 [INFO] PluginManage:359 - Loaded plugin pinoutconfig (category:base,tabindex:0)
2023-07-22 13:11:15,074 [INFO] PluginManage:310 - Check plugin power
2023-07-22 13:11:15,093 [INFO] PluginManage:359 - Loaded plugin power (category:power,tabindex:4)
2023-07-22 13:11:15,093 [INFO] PluginManage:310 - Check plugin projectmanager
2023-07-22 13:11:15,106 [INFO] PluginManage:359 - Loaded plugin projectmanager (category:projectmanager,tabindex:3)
2023-07-22 13:11:15,107 [INFO] PluginManage:310 - Check plugin thirdparty
2023-07-22 13:11:15,357 [INFO] PluginManage:359 - Loaded plugin thirdparty (category:base,tabindex:-1)
2023-07-22 13:11:15,357 [WARN] IntegrityCheckThread:84 - waiting for thirdparty lock release [integrity check]
2023-07-22 13:11:15,357 [INFO] PluginManage:310 - Check plugin tools
2023-07-22 13:11:15,357 [INFO] IntegrityCheckThread:86 - entering critical section [integrity check]
2023-07-22 13:11:15,358 [INFO] ThirdPartyUpdaterWithRetryManager:70 - Updater plugin not ready yet. [1/15]
2023-07-22 13:11:15,390 [INFO] PluginManage:359 - Loaded plugin tools (category:base,tabindex:7)
2023-07-22 13:11:15,390 [INFO] PluginManage:310 - Check plugin tutovideos
2023-07-22 13:11:15,581 [INFO] PluginManage:359 - Loaded plugin tutovideos (category:base,tabindex:-1)
2023-07-22 13:11:15,581 [INFO] PluginManage:310 - Check plugin updater
2023-07-22 13:11:15,592 [INFO] PluginManage:359 - Loaded plugin updater (category:base,tabindex:12)
2023-07-22 13:11:15,592 [INFO] PluginManage:310 - Check plugin userauth
2023-07-22 13:11:15,598 [INFO] UserAuth:113 - Init User Auth plugin
2023-07-22 13:11:15,600 [INFO] PluginManage:359 - Loaded plugin userauth (category:base,tabindex:14)
2023-07-22 13:11:15,600 [INFO] PluginManage:283 - PluginManage : Loaded plugins [17]
2023-07-22 13:11:15,848 [INFO] PinOutPanel:1499 - setPackage(No Configuration,No Configuration)
2023-07-22 13:11:16,003 [INFO] CADModel:165 - CPN selected for project level
2023-07-22 13:11:16,003 [INFO] CADModel:114 - Register for checkConnection events
2023-07-22 13:11:16,026 [INFO] IPUIPlugin:80 - create IPUIPlugin
2023-07-22 13:11:16,026 [INFO] PluginManager:220 - loadIPPluginJar : add adc
2023-07-22 13:11:16,057 [INFO] IPUIPlugin:80 - create IPUIPlugin
2023-07-22 13:11:16,057 [INFO] PluginManager:220 - loadIPPluginJar : add aes
2023-07-22 13:11:16,091 [INFO] IPUIPlugin:80 - create IPUIPlugin
2023-07-22 13:11:16,091 [INFO] PluginManager:220 - loadIPPluginJar : add can
2023-07-22 13:11:16,109 [INFO] IPUIPlugin:80 - create IPUIPlugin
2023-07-22 13:11:16,109 [INFO] PluginManager:220 - loadIPPluginJar : add comp
2023-07-22 13:11:16,138 [INFO] IPUIPlugin:80 - create IPUIPlugin
2023-07-22 13:11:16,138 [INFO] PluginManager:220 - loadIPPluginJar : add cryp
2023-07-22 13:11:16,163 [INFO] IPUIPlugin:80 - create IPUIPlugin
2023-07-22 13:11:16,164 [INFO] PluginManager:220 - loadIPPluginJar : add dfsdm
2023-07-22 13:11:16,175 [INFO] IPUIPlugin:80 - create IPUIPlugin
2023-07-22 13:11:16,176 [INFO] PluginManager:220 - loadIPPluginJar : add dma
2023-07-22 13:11:16,214 [INFO] IPUIPlugin:80 - create IPUIPlugin
2023-07-22 13:11:16,214 [INFO] PluginManager:220 - loadIPPluginJar : add dma3
2023-07-22 13:11:16,231 [INFO] IPUIPlugin:80 - create IPUIPlugin
2023-07-22 13:11:16,231 [INFO] PluginManager:220 - loadIPPluginJar : add fatfs
2023-07-22 13:11:16,279 [INFO] IPUIPlugin:80 - create IPUIPlugin
2023-07-22 13:11:16,280 [INFO] PluginManager:220 - loadIPPluginJar : add fmc
2023-07-22 13:11:16,294 [INFO] IPUIPlugin:80 - create IPUIPlugin
2023-07-22 13:11:16,294 [INFO] PluginManager:220 - loadIPPluginJar : add freertos
2023-07-22 13:11:16,315 [INFO] IPUIPlugin:80 - create IPUIPlugin
2023-07-22 13:11:16,315 [INFO] PluginManager:220 - loadIPPluginJar : add genericplugin
2023-07-22 13:11:16,433 [INFO] IPUIPlugin:80 - create IPUIPlugin
2023-07-22 13:11:16,433 [INFO] PluginManager:220 - loadIPPluginJar : add gfxmmu
2023-07-22 13:11:16,558 [INFO] IPUIPlugin:80 - create IPUIPlugin
2023-07-22 13:11:16,558 [INFO] PluginManager:220 - loadIPPluginJar : add gic
2023-07-22 13:11:16,570 [INFO] IPUIPlugin:80 - create IPUIPlugin
2023-07-22 13:11:16,570 [INFO] PluginManager:220 - loadIPPluginJar : add gpio
2023-07-22 13:11:16,672 [INFO] IPUIPlugin:80 - create IPUIPlugin
2023-07-22 13:11:16,672 [INFO] PluginManager:220 - loadIPPluginJar : add gtzc
2023-07-22 13:11:16,698 [INFO] IPUIPlugin:80 - create IPUIPlugin
2023-07-22 13:11:16,698 [INFO] PluginManager:220 - loadIPPluginJar : add hash
2023-07-22 13:11:16,742 [INFO] IPUIPlugin:80 - create IPUIPlugin
2023-07-22 13:11:16,742 [INFO] PluginManager:220 - loadIPPluginJar : add i2c
2023-07-22 13:11:16,798 [INFO] IPUIPlugin:80 - create IPUIPlugin
2023-07-22 13:11:16,798 [INFO] PluginManager:220 - loadIPPluginJar : add i2s
2023-07-22 13:11:16,842 [INFO] IPUIPlugin:80 - create IPUIPlugin
2023-07-22 13:11:16,842 [INFO] PluginManager:220 - loadIPPluginJar : add i3c
2023-07-22 13:11:16,925 [INFO] IPUIPlugin:80 - create IPUIPlugin
2023-07-22 13:11:16,925 [INFO] PluginManager:220 - loadIPPluginJar : add ipddr
2023-07-22 13:11:16,999 [INFO] IPUIPlugin:80 - create IPUIPlugin
2023-07-22 13:11:16,999 [INFO] PluginManager:220 - loadIPPluginJar : add linkedlist
2023-07-22 13:11:17,029 [INFO] IPUIPlugin:80 - create IPUIPlugin
2023-07-22 13:11:17,029 [INFO] PluginManager:220 - loadIPPluginJar : add lorawan
2023-07-22 13:11:17,058 [INFO] IPUIPlugin:80 - create IPUIPlugin
2023-07-22 13:11:17,058 [INFO] PluginManager:220 - loadIPPluginJar : add ltdc
2023-07-22 13:11:17,071 [INFO] IPUIPlugin:80 - create IPUIPlugin
2023-07-22 13:11:17,071 [INFO] PluginManager:220 - loadIPPluginJar : add mdma
2023-07-22 13:11:17,081 [INFO] IPUIPlugin:80 - create IPUIPlugin
2023-07-22 13:11:17,081 [INFO] PluginManager:220 - loadIPPluginJar : add nvic
2023-07-22 13:11:17,110 [INFO] IPUIPlugin:80 - create IPUIPlugin
2023-07-22 13:11:17,110 [INFO] PluginManager:220 - loadIPPluginJar : add opamp
2023-07-22 13:11:17,158 [INFO] IPUIPlugin:80 - create IPUIPlugin
2023-07-22 13:11:17,159 [INFO] PluginManager:220 - loadIPPluginJar : add openamp
2023-07-22 13:11:17,196 [INFO] IPUIPlugin:80 - create IPUIPlugin
2023-07-22 13:11:17,196 [INFO] PluginManager:220 - loadIPPluginJar : add pdm2pcm
2023-07-22 13:11:17,208 [INFO] IPUIPlugin:80 - create IPUIPlugin
2023-07-22 13:11:17,210 [INFO] PluginManager:220 - loadIPPluginJar : add plateformsettings
2023-07-22 13:11:17,226 [INFO] IPUIPlugin:80 - create IPUIPlugin
2023-07-22 13:11:17,228 [INFO] PluginManager:220 - loadIPPluginJar : add quadspi
2023-07-22 13:11:17,238 [INFO] IPUIPlugin:80 - create IPUIPlugin
2023-07-22 13:11:17,238 [INFO] PluginManager:220 - loadIPPluginJar : add resmgrutility
2023-07-22 13:11:17,275 [INFO] IPUIPlugin:80 - create IPUIPlugin
2023-07-22 13:11:17,276 [INFO] PluginManager:220 - loadIPPluginJar : add sai
2023-07-22 13:11:17,306 [INFO] IPUIPlugin:80 - create IPUIPlugin
2023-07-22 13:11:17,306 [INFO] PluginManager:220 - loadIPPluginJar : add spi
2023-07-22 13:11:17,353 [INFO] IPUIPlugin:80 - create IPUIPlugin
2023-07-22 13:11:17,353 [INFO] PluginManager:220 - loadIPPluginJar : add stm32_wpan
2023-07-22 13:11:17,374 [INFO] IPUIPlugin:80 - create IPUIPlugin
2023-07-22 13:11:17,374 [INFO] PluginManager:220 - loadIPPluginJar : add tim
2023-07-22 13:11:17,418 [INFO] IPUIPlugin:80 - create IPUIPlugin
2023-07-22 13:11:17,418 [INFO] PluginManager:220 - loadIPPluginJar : add touchsensing
2023-07-22 13:11:17,438 [INFO] IPUIPlugin:80 - create IPUIPlugin
2023-07-22 13:11:17,438 [INFO] PluginManager:220 - loadIPPluginJar : add tracer_emb
2023-07-22 13:11:17,462 [INFO] IPUIPlugin:80 - create IPUIPlugin
2023-07-22 13:11:17,462 [INFO] PluginManager:220 - loadIPPluginJar : add ts
2023-07-22 13:11:17,480 [INFO] IPUIPlugin:80 - create IPUIPlugin
2023-07-22 13:11:17,480 [INFO] PluginManager:220 - loadIPPluginJar : add tsc
2023-07-22 13:11:17,498 [INFO] IPUIPlugin:80 - create IPUIPlugin
2023-07-22 13:11:17,498 [INFO] PluginManager:220 - loadIPPluginJar : add ucpd
2023-07-22 13:11:17,535 [INFO] IPUIPlugin:80 - create IPUIPlugin
2023-07-22 13:11:17,535 [INFO] PluginManager:220 - loadIPPluginJar : add usart
2023-07-22 13:11:17,570 [INFO] IPUIPlugin:80 - create IPUIPlugin
2023-07-22 13:11:17,570 [INFO] PluginManager:220 - loadIPPluginJar : add usbx
2023-07-22 13:11:17,687 [INFO] CADModel:165 - CPN selected for project level
2023-07-22 13:11:17,687 [INFO] CADModel:114 - Register for checkConnection events
2023-07-22 13:11:17,687 [FATAL] Updater:308 - Updater called before beeing initialized
2023-07-22 13:11:17,687 [ERROR] CADModel:125 - Updater not yet initialized, retry later 
2023-07-22 13:11:17,808 [INFO] CADModel:165 - CPN selected for project level
2023-07-22 13:11:17,808 [INFO] CADModel:114 - Register for checkConnection events
2023-07-22 13:11:17,808 [FATAL] Updater:308 - Updater called before beeing initialized
2023-07-22 13:11:17,808 [ERROR] CADModel:125 - Updater not yet initialized, retry later 
2023-07-22 13:11:17,813 [FATAL] Updater:308 - Updater called before beeing initialized
2023-07-22 13:11:17,916 [FATAL] Updater:308 - Updater called before beeing initialized
2023-07-22 13:11:17,925 [INFO] DbMcusAds:53 - JSON generation date=Tue Mar 07 15:50:55 ICT 2023 (1678179055114)
2023-07-22 13:11:17,925 [FATAL] Updater:308 - Updater called before beeing initialized
2023-07-22 13:11:17,991 [WARN] DetailPanel:346 - Failed to get advertising image, set to default
2023-07-22 13:11:18,060 [FATAL] Updater:308 - Updater called before beeing initialized
2023-07-22 13:11:18,062 [FATAL] Updater:308 - Updater called before beeing initialized
2023-07-22 13:11:18,062 [FATAL] Updater:308 - Updater called before beeing initialized
2023-07-22 13:11:18,062 [WARN] DetailPanel:346 - Failed to get advertising image, set to default
2023-07-22 13:11:18,063 [FATAL] Updater:308 - Updater called before beeing initialized
2023-07-22 13:11:18,114 [ERROR] Updater:1120 - MainUpdater not yet initialized. External WinMGr cannot be set.
2023-07-22 13:11:18,122 [INFO] Updater:1056 - Updater Version found : 6.9.0
2023-07-22 13:11:18,138 [INFO] ApplicationProperties:184 - Using Application install path: C:\ST\STM32CubeIDE_1.12.0\STM32CubeIDE\plugins\com.st.stm32cube.common.mx_6.9.0.202307051724
2023-07-22 13:11:18,359 [INFO] ThirdPartyUpdaterWithRetryManager:70 - Updater plugin not ready yet. [2/15]
2023-07-22 13:11:19,729 [INFO] MainUpdater:2868 - connection check result : 10
2023-07-22 13:11:19,731 [INFO] MainUpdater:285 - Updater Check For Update Now.
2023-07-22 13:11:19,732 [INFO] MicroXplorer:498 - Change Database Version : DB.6.0.90
2023-07-22 13:11:19,756 [INFO] McuFinderGlobals:63 - Set McuFinder mode to 2 (CubeIDE integrated)
2023-07-22 13:11:19,757 [INFO] UserAuth:179 - activating auth plugin
2023-07-22 13:11:19,761 [INFO] UserAuth:393 - Internet connection configuration mode: 1
2023-07-22 13:11:19,799 [INFO] JxBrowserEngine:151 - Initiate JxBrowser Engine with user profile folder
2023-07-22 13:11:20,006 [INFO] CheckServerUpdateThread:120 - End of CheckServer Thread
2023-07-22 13:11:21,578 [WARN] PackLoader:240 - Cannot read IP mode file for STMicroelectronics.X-CUBE-SMBUS.2.1.0
2023-07-22 13:11:21,640 [WARN] PackLoader:240 - Cannot read IP mode file for STMicroelectronics.X-CUBE-AZRTOS-F7.1.1.0
2023-07-22 13:11:21,664 [ERROR] RealEvaluatedCondition:428 - Found unsupported composite condition: CLASS='Data Exchange' GROUP='STM32_MetaDataManager'
2023-07-22 13:11:21,664 [ERROR] RealEvaluatedCondition:428 - Found unsupported composite condition: CLASS='Data Exchange' GROUP='STM32_MetaDataManager'
2023-07-22 13:11:21,665 [WARN] PackLoader:240 - Cannot read IP mode file for STMicroelectronics.FP-SNS-MOTENV1.4.3.0
2023-07-22 13:11:21,714 [WARN] PackLoader:240 - Cannot read IP mode file for STMicroelectronics.FP-SNS-MOTENV1.4.3.2
2023-07-22 13:11:21,763 [WARN] PackLoader:240 - Cannot read IP mode file for STMicroelectronics.FP-SNS-FLIGHT1.5.0.0
2023-07-22 13:11:21,776 [ERROR] RealEvaluatedCondition:428 - Found unsupported composite condition: GROUP='STM32_MetaDataManager' CLASS='Data Exchange'
2023-07-22 13:11:21,776 [ERROR] RealEvaluatedCondition:428 - Found unsupported composite condition: GROUP='STM32_MetaDataManager' CLASS='Data Exchange'
2023-07-22 13:11:21,778 [WARN] PackLoader:240 - Cannot read IP mode file for STMicroelectronics.FP-SNS-MOTENV1.4.3.1
2023-07-22 13:11:21,796 [WARN] PackLoader:240 - Cannot read IP mode file for STMicroelectronics.FP-SNS-FLIGHT1.5.0.1
2023-07-22 13:11:21,824 [WARN] PackLoader:240 - Cannot read IP mode file for STMicroelectronics.X-CUBE-BLE1.6.2.4
2023-07-22 13:11:21,837 [WARN] PackLoader:240 - Cannot read IP mode file for STMicroelectronics.FP-SNS-FLIGHT1.5.0.2
2023-07-22 13:11:21,856 [WARN] PackLoader:240 - Cannot read IP mode file for STMicroelectronics.X-CUBE-DISPLAY.3.0.0
2023-07-22 13:11:21,878 [WARN] PackLoader:240 - Cannot read IP mode file for STMicroelectronics.X-CUBE-TOUCHGFX.4.22.0
2023-07-22 13:11:22,020 [INFO] LogOutputStream:77 - [STDOUT_REDIRECT] 1 : Invalid condition id : UX_CORESTACK_Condition cause : null
2023-07-22 13:11:22,021 [INFO] LogOutputStream:77 - [STDOUT_REDIRECT] 1 : Invalid condition id : UX_CORESTACK_Condition cause : null
2023-07-22 13:11:22,022 [INFO] LogOutputStream:77 - [STDOUT_REDIRECT] 1 : Invalid condition id : UX_CORESTACK_Condition cause : null
2023-07-22 13:11:22,023 [INFO] LogOutputStream:77 - [STDOUT_REDIRECT] 1 : Invalid condition id : UX_CORESTACK_Condition cause : null
2023-07-22 13:11:22,024 [INFO] LogOutputStream:77 - [STDOUT_REDIRECT] 1 : Invalid condition id : UX_CORESTACK_Condition cause : null
2023-07-22 13:11:22,028 [WARN] PackLoader:240 - Cannot read IP mode file for STMicroelectronics.X-CUBE-AZRTOS-WL.2.0.0
2023-07-22 13:11:22,073 [WARN] PackLoader:240 - Cannot read IP mode file for WES.I-CUBE-Cesium.1.3.0
2023-07-22 13:11:22,105 [WARN] PackLoader:240 - Cannot read IP mode file for STMicroelectronics.X-CUBE-BLE2.3.3.0
2023-07-22 13:11:22,171 [WARN] PackLoader:240 - Cannot read IP mode file for STMicroelectronics.X-CUBE-TOF1.3.2.0
2023-07-22 13:11:22,286 [INFO] WebApp:157 - Instantiating new browser for Auth
2023-07-22 13:11:22,418 [WARN] PackLoader:240 - Cannot read IP mode file for STMicroelectronics.X-CUBE-TOUCHGFX.4.21.1
2023-07-22 13:11:22,806 [WARN] PackLoader:240 - Cannot read IP mode file for STMicroelectronics.X-CUBE-TOUCHGFX.4.21.0
2023-07-22 13:11:22,968 [WARN] PackLoader:240 - Cannot read IP mode file for STMicroelectronics.X-CUBE-TOUCHGFX.4.21.3
2023-07-22 13:11:22,999 [WARN] PackLoader:240 - Cannot read IP mode file for STMicroelectronics.X-CUBE-TOUCHGFX.4.21.4
2023-07-22 13:11:23,115 [WARN] PackLoader:240 - Cannot read IP mode file for STMicroelectronics.X-CUBE-ALGOBUILD.1.3.0
2023-07-22 13:11:23,146 [WARN] PackLoader:240 - Cannot read IP mode file for STMicroelectronics.X-CUBE-AZRTOS-G0.1.1.0
2023-07-22 13:11:23,203 [WARN] PackLoader:240 - Cannot read IP mode file for STMicroelectronics.X-CUBE-NFC4.3.0.0
2023-07-22 13:11:23,274 [WARN] PackLoader:240 - Cannot read IP mode file for STMicroelectronics.FP-ATR-SIGFOX1.3.2.0
2023-07-22 13:11:23,465 [WARN] PackLoader:240 - Cannot read IP mode file for STMicroelectronics.X-CUBE-MEMS1.9.5.0
2023-07-22 13:11:23,801 [INFO] WebApp:753 - Register for checkConnection events
2023-07-22 13:11:23,801 [INFO] WebApp:390 - Apply proxy settings
2023-07-22 13:11:23,801 [INFO] WebApp:475 - Chromium requires no authentication
2023-07-22 13:11:23,818 [INFO] WebApp:418 - Direct internet connection detected
2023-07-22 13:11:24,062 [INFO] WebApp:188 - Starting web application
2023-07-22 13:11:24,062 [INFO] WebApp:520 - Web application path used C:\ST\STM32CubeIDE_1.12.0\STM32CubeIDE\plugins\com.st.stm32cube.common.mx_6.9.0.202307051724\db\plugins\mcufinder\reactClient1\index.html
2023-07-22 13:11:24,064 [WARN] PackLoader:240 - Cannot read IP mode file for SEGGER.I-CUBE-embOS.1.3.1
2023-07-22 13:11:24,156 [WARN] PackLoader:240 - Cannot read IP mode file for STMicroelectronics.X-CUBE-GNSS1.6.0.0
2023-07-22 13:11:24,239 [WARN] PackLoader:240 - Cannot read IP mode file for STMicroelectronics.X-CUBE-AZRTOS-F4.1.1.0
2023-07-22 13:11:24,406 [WARN] PackLoader:240 - Cannot read IP mode file for wolfSSL.I-CUBE-wolfSSL.5.6.0
2023-07-22 13:11:24,461 [WARN] PackLoader:240 - Cannot read IP mode file for STMicroelectronics.X-CUBE-MEMS1.9.6.0
2023-07-22 13:11:24,649 [WARN] PackLoader:240 - Cannot read IP mode file for emotas.I-CUBE-CANOPEN.1.1.3
2023-07-22 13:11:24,965 [WARN] PackLoader:240 - Cannot read IP mode file for STMicroelectronics.X-CUBE-BLEMGR.2.0.0
2023-07-22 13:11:25,072 [WARN] ConditionMgr:438 - getConditionDescription Invalid condition id : UX DEVICE CLASS RTOS Condition cause : null
2023-07-22 13:11:25,072 [WARN] ConditionMgr:438 - getConditionDescription Invalid condition id : UX DEVICE CLASS RTOS Condition cause : null
2023-07-22 13:11:25,079 [WARN] PackLoader:240 - Cannot read IP mode file for STMicroelectronics.X-CUBE-AZRTOS-H7.3.1.0
2023-07-22 13:11:25,082 [WARN] ConditionMgr:1039 - genDependencies : Invalid condition id : UX DEVICE CLASS RTOS Condition cause : null
2023-07-22 13:11:25,082 [WARN] ConditionMgr:1039 - genDependencies : Invalid condition id : UX DEVICE CLASS RTOS Condition cause : null
2023-07-22 13:11:25,086 [WARN] ConditionMgr:1039 - genDependencies : Invalid condition id : UX DEVICE CLASS RTOS Condition cause : null
2023-07-22 13:11:25,086 [WARN] ConditionMgr:1039 - genDependencies : Invalid condition id : UX DEVICE CLASS RTOS Condition cause : null
2023-07-22 13:11:25,087 [WARN] ConditionMgr:1039 - genDependencies : Invalid condition id : UX DEVICE CLASS RTOS Condition cause : null
2023-07-22 13:11:25,213 [WARN] PackLoader:240 - Cannot read IP mode file for wolfSSL.I-CUBE-wolfSSL.5.5.4
2023-07-22 13:11:25,405 [WARN] PackLoader:240 - Cannot read IP mode file for STMicroelectronics.X-CUBE-NFC7.1.0.1
2023-07-22 13:11:25,475 [WARN] PackLoader:240 - Cannot read IP mode file for STMicroelectronics.X-CUBE-NFC7.1.0.0
2023-07-22 13:11:25,536 [WARN] PackLoader:240 - Cannot read IP mode file for STMicroelectronics.X-CUBE-EEPRMA1.4.1.0
2023-07-22 13:11:25,585 [WARN] ConditionMgr:438 - getConditionDescription Invalid condition id : LAN8742 Phy interface Condition cause : null
2023-07-22 13:11:25,586 [WARN] PackLoader:240 - Cannot read IP mode file for STMicroelectronics.X-CUBE-AZRTOS-L4.2.0.0
2023-07-22 13:11:25,587 [WARN] ConditionMgr:1039 - genDependencies : Invalid condition id : LAN8742 Phy interface Condition cause : null
2023-07-22 13:11:25,588 [WARN] ConditionMgr:1039 - genDependencies : Invalid condition id : LAN8742 Phy interface Condition cause : null
2023-07-22 13:11:25,588 [WARN] ConditionMgr:1039 - genDependencies : Invalid condition id : LAN8742 Phy interface Condition cause : null
2023-07-22 13:11:25,618 [WARN] PackLoader:240 - Cannot read IP mode file for STMicroelectronics.X-CUBE-SFXS2LP1.4.0.0
2023-07-22 13:11:25,756 [WARN] PackLoader:240 - Cannot read IP mode file for STMicroelectronics.X-CUBE-AZRTOS-H7.3.0.0
2023-07-22 13:11:25,793 [WARN] PackLoader:240 - Cannot read IP mode file for STMicroelectronics.X-CUBE-ISPU.1.1.0
2023-07-22 13:11:25,840 [WARN] PackLoader:240 - Cannot read IP mode file for RoweBots.I-CUBE-UNISONRTOS.5.5.0-4
2023-07-22 13:11:25,857 [WARN] PackLoader:240 - Cannot read IP mode file for STMicroelectronics.X-CUBE-AI.8.0.0
2023-07-22 13:11:25,872 [WARN] PackLoader:240 - Cannot read IP mode file for STMicroelectronics.X-CUBE-FREERTOS.1.0.0
2023-07-22 13:11:25,888 [WARN] PackLoader:240 - Cannot read IP mode file for STMicroelectronics.X-CUBE-FREERTOS.1.0.1
2023-07-22 13:11:25,939 [WARN] PackLoader:240 - Cannot read IP mode file for STMicroelectronics.X-CUBE-AZRTOS-L5.1.1.0
2023-07-22 13:11:25,958 [WARN] PackLoader:240 - Cannot read IP mode file for STMicroelectronics.X-CUBE-AI.8.0.1
2023-07-22 13:11:25,982 [WARN] PackLoader:240 - Cannot read IP mode file for STMicroelectronics.X-CUBE-SUBG2.5.0.0
2023-07-22 13:11:26,024 [WARN] PackLoader:240 - Cannot read IP mode file for STMicroelectronics.X-CUBE-TOF1.3.3.1
2023-07-22 13:11:26,061 [WARN] PackLoader:240 - Cannot read IP mode file for STMicroelectronics.X-CUBE-AZRTOS-G4.2.0.0
2023-07-22 13:11:26,085 [WARN] PackLoader:240 - Cannot read IP mode file for STMicroelectronics.X-CUBE-TOF1.3.3.0
2023-07-22 13:11:26,220 [WARN] PackLoader:240 - Cannot read IP mode file for STMicroelectronics.FP-ATR-ASTRA1.1.1.1
2023-07-22 13:11:26,259 [WARN] PackLoader:240 - Cannot read IP mode file for STMicroelectronics.X-CUBE-AZRTOS-G4.1.0.0
2023-07-22 13:11:26,288 [WARN] PackLoader:240 - Cannot read IP mode file for STMicroelectronics.X-CUBE-AZRTOS-L4.1.0.0
2023-07-22 13:11:26,310 [WARN] PackLoader:240 - Cannot read IP mode file for STMicroelectronics.X-CUBE-AZRTOS-WL.1.0.0
2023-07-22 13:11:26,324 [WARN] PackLoader:240 - Cannot read IP mode file for portGmbH.I-Cube-SoM-uGOAL.1.1.0
2023-07-22 13:11:26,338 [WARN] PackLoader:240 - Cannot read IP mode file for STMicroelectronics.X-CUBE-ALS.1.0.1
2023-07-22 13:11:26,360 [WARN] PackLoader:240 - Cannot read IP mode file for STMicroelectronics.X-CUBE-AZRTOS-WB.1.1.0
2023-07-22 13:11:26,373 [WARN] PackLoader:240 - Cannot read IP mode file for STMicroelectronics.FP-ATR-ASTRA1.2.0.0
2023-07-22 13:11:26,373 [INFO] ThirdParty:978 - Integrity check success = true
2023-07-22 13:11:26,374 [INFO] IntegrityCheckThread:100 - exiting critical section [integrity check]
2023-07-22 13:11:26,374 [INFO] IntegrityCheckThread:103 - End integrity checks thread
2023-07-22 13:11:45,734 [ERROR] LogOutputStream:75 - [STDERR_REDIRECT] SLF4J: Failed to load class "org.slf4j.impl.StaticLoggerBinder".
2023-07-22 13:11:45,735 [ERROR] LogOutputStream:75 - [STDERR_REDIRECT] SLF4J: Defaulting to no-operation (NOP) logger implementation
2023-07-22 13:11:45,736 [ERROR] LogOutputStream:75 - [STDERR_REDIRECT] SLF4J: See http://www.slf4j.org/codes.html#StaticLoggerBinder for further details.
2023-07-22 13:18:31,880 [INFO] McuFinderGlobals:63 - Set McuFinder mode to 2 (CubeIDE integrated)
2023-07-22 13:18:31,881 [INFO] UserAuth:179 - activating auth plugin
2023-07-22 13:18:31,883 [INFO] UserAuth:393 - Internet connection configuration mode: 1
