2024-06-28 17:24:06,472 [INFO] Activator:176 - 


2024-06-28 17:24:06,477 [INFO] Activator:177 - !SESSION log4j initialized
2024-06-28 17:24:16,899 [INFO] LogOutputStream:77 - [STDOUT_REDIRECT] 
2024-06-28 17:24:19,451 [INFO] ApplicationProperties:184 - Using Application install path: C:\ST\STM32CubeIDE_1.12.0\STM32CubeIDE\plugins\com.st.stm32cube.common.mx_6.11.1.202404110753
2024-06-28 17:24:19,475 [INFO] DbMcusXml:78 - Set database path to: C:\ST\STM32CubeIDE_1.12.0\STM32CubeIDE\plugins\com.st.stm32cube.common.mx_6.11.1.202404110753\\db\/mcu/
2024-06-28 17:24:19,475 [INFO] ApiDb:274 - Set plugin database path to: C:\ST\STM32CubeIDE_1.12.0\STM32CubeIDE\plugins\com.st.stm32cube.common.mx_6.11.1.202404110753\\db\/plugins/boardmanager/
2024-06-28 17:24:19,476 [WARN] ApiDb:259 - Overriding images path with different value:  => C:\ST\STM32CubeIDE_1.12.0\STM32CubeIDE\plugins\com.st.stm32cube.common.mx_6.11.1.202404110753\\db\/plugins/mcufinder/images/
2024-06-28 17:24:19,497 [INFO] ApiDb:250 - Set database path to: C:\Users\user\.stmcufinder\plugins\mcufinder//mcu/
2024-06-28 17:24:19,499 [INFO] DbMcusAds:125 - Set database path to: C:\Users\user\.stmcufinder\plugins\mcufinder//mcu/
2024-06-28 17:24:19,504 [INFO] CrossReferenceDbSqlite:203 - Set database path to: C:\Users\user\.stmcufinder\plugins\mcufinder//mcu/cs/
2024-06-28 17:24:19,665 [INFO] RulesReader:64 - Compatibility file has been processed (297 Rules)
2024-06-28 17:24:19,750 [INFO] DbMcusXml:78 - Set database path to: C:\ST\STM32CubeIDE_1.12.0\STM32CubeIDE\plugins\com.st.stm32cube.common.mx_6.11.1.202404110753\\db\/mcu/
2024-06-28 17:24:19,750 [INFO] ApiDb:274 - Set plugin database path to: C:\ST\STM32CubeIDE_1.12.0\STM32CubeIDE\plugins\com.st.stm32cube.common.mx_6.11.1.202404110753\\db\/plugins/boardmanager/
2024-06-28 17:24:19,750 [INFO] ApiDb:261 - Set plugin images path to: C:\ST\STM32CubeIDE_1.12.0\STM32CubeIDE\plugins\com.st.stm32cube.common.mx_6.11.1.202404110753\\db\/plugins/mcufinder/images/
2024-06-28 17:24:19,751 [WARN] DbFile:41 - Overriding database path with different value: C:\Users\user\.stmcufinder\plugins\mcufinder/ => C:\Users\user\.stmcufinder\plugins\mcufinder
2024-06-28 17:24:19,751 [INFO] ApiDb:250 - Set database path to: C:\Users\user\.stmcufinder\plugins\mcufinder//mcu/
2024-06-28 17:24:19,751 [WARN] DbFile:41 - Overriding database path with different value: C:\Users\user\.stmcufinder\plugins\mcufinder/ => C:\Users\user\.stmcufinder\plugins\mcufinder
2024-06-28 17:24:19,751 [INFO] DbMcusAds:125 - Set database path to: C:\Users\user\.stmcufinder\plugins\mcufinder//mcu/
2024-06-28 17:24:19,751 [WARN] DbFile:41 - Overriding database path with different value: C:\Users\user\.stmcufinder\plugins\mcufinder/ => C:\Users\user\.stmcufinder\plugins\mcufinder
2024-06-28 17:24:19,751 [WARN] DbFile:41 - Overriding database path with different value: C:\Users\user\.stmcufinder\plugins\mcufinder/ => C:\Users\user\.stmcufinder\plugins\mcufinder
2024-06-28 17:24:19,751 [INFO] CrossReferenceDbSqlite:203 - Set database path to: C:\Users\user\.stmcufinder\plugins\mcufinder//mcu/cs/
2024-06-28 17:24:19,874 [INFO] MainPanel:264 - HeapMemory: 591396864
2024-06-28 17:24:20,026 [INFO] DbMcusXml:78 - Set database path to: C:\ST\STM32CubeIDE_1.12.0\STM32CubeIDE\plugins\com.st.stm32cube.common.mx_6.11.1.202404110753\\db\/mcu/
2024-06-28 17:24:20,026 [INFO] ApiDb:274 - Set plugin database path to: C:\ST\STM32CubeIDE_1.12.0\STM32CubeIDE\plugins\com.st.stm32cube.common.mx_6.11.1.202404110753\\db\/plugins/boardmanager/
2024-06-28 17:24:20,026 [INFO] ApiDb:261 - Set plugin images path to: C:\ST\STM32CubeIDE_1.12.0\STM32CubeIDE\plugins\com.st.stm32cube.common.mx_6.11.1.202404110753\\db\/plugins/mcufinder/images/
2024-06-28 17:24:20,026 [WARN] DbFile:41 - Overriding database path with different value: C:\Users\user\.stmcufinder\plugins\mcufinder/ => C:\Users\user\.stmcufinder\plugins\mcufinder
2024-06-28 17:24:20,026 [INFO] ApiDb:250 - Set database path to: C:\Users\user\.stmcufinder\plugins\mcufinder//mcu/
2024-06-28 17:24:20,027 [WARN] DbFile:41 - Overriding database path with different value: C:\Users\user\.stmcufinder\plugins\mcufinder/ => C:\Users\user\.stmcufinder\plugins\mcufinder
2024-06-28 17:24:20,027 [INFO] DbMcusAds:125 - Set database path to: C:\Users\user\.stmcufinder\plugins\mcufinder//mcu/
2024-06-28 17:24:20,027 [WARN] DbFile:41 - Overriding database path with different value: C:\Users\user\.stmcufinder\plugins\mcufinder/ => C:\Users\user\.stmcufinder\plugins\mcufinder
2024-06-28 17:24:20,027 [WARN] DbFile:41 - Overriding database path with different value: C:\Users\user\.stmcufinder\plugins\mcufinder/ => C:\Users\user\.stmcufinder\plugins\mcufinder
2024-06-28 17:24:20,027 [INFO] CrossReferenceDbSqlite:203 - Set database path to: C:\Users\user\.stmcufinder\plugins\mcufinder//mcu/cs/
2024-06-28 17:24:20,055 [INFO] ApplicationProperties:184 - Using Application install path: C:\ST\STM32CubeIDE_1.12.0\STM32CubeIDE\plugins\com.st.stm32cube.common.mx_6.11.1.202404110753
2024-06-28 17:24:20,057 [INFO] PluginManage:196 - Search for loadable plugins [exclusion list=, ]
2024-06-28 17:24:20,059 [INFO] PluginManage:310 - Check plugin analytics
2024-06-28 17:24:20,305 [INFO] AnalyticsPlugin:253 - Accepted Software Licenses: STM32CubeMX.6.10.0,STM32CubeMX.6.11.0
2024-06-28 17:24:20,305 [INFO] AnalyticsPlugin:255 - Accepted CMSIS Pack Licenses: STMicroelectronics.X-CUBE-TOUCHGFX.4.23.2,STMicroelectronics.X-CUBE-TOF1.3.4.1
2024-06-28 17:24:20,305 [INFO] AnalyticsPlugin:257 - Accepted Firmware Licenses: FW.G0.1.6.0,FW.H7.1.11.0
2024-06-28 17:24:20,307 [INFO] PluginManage:359 - Loaded plugin analytics (category:tool,tabindex:-1)
2024-06-28 17:24:20,308 [INFO] PluginManage:310 - Check plugin cadmodel
2024-06-28 17:24:20,318 [INFO] CADModel:105 - Init CAD model plugin
2024-06-28 17:24:20,318 [INFO] PluginManage:359 - Loaded plugin cadmodel (category:power,tabindex:5)
2024-06-28 17:24:20,318 [INFO] PluginManage:310 - Check plugin clock
2024-06-28 17:24:20,335 [INFO] PluginManage:359 - Loaded plugin clock (category:base,tabindex:2)
2024-06-28 17:24:20,335 [INFO] PluginManage:310 - Check plugin ddr
2024-06-28 17:24:20,338 [INFO] PluginManage:359 - Loaded plugin ddr (category:tool,tabindex:6)
2024-06-28 17:24:20,338 [INFO] PluginManage:310 - Check plugin filemanager
2024-06-28 17:24:20,548 [INFO] PluginManage:359 - Loaded plugin filemanager (category:base,tabindex:10)
2024-06-28 17:24:20,548 [INFO] PluginManage:310 - Check plugin ipmanager
2024-06-28 17:24:20,557 [INFO] PluginManage:359 - Loaded plugin ipmanager (category:base,tabindex:5)
2024-06-28 17:24:20,557 [INFO] PluginManage:310 - Check plugin lpbam
2024-06-28 17:24:20,570 [INFO] PluginManage:359 - Loaded plugin lpbam (category:base,tabindex:0)
2024-06-28 17:24:20,571 [INFO] PluginManage:310 - Check plugin memorymap
2024-06-28 17:24:20,588 [INFO] PluginManage:359 - Loaded plugin memorymap (category:base,tabindex:4)
2024-06-28 17:24:20,590 [INFO] PluginManage:310 - Check plugin pinoutandconfiguration
2024-06-28 17:24:20,601 [INFO] PluginManage:359 - Loaded plugin pinoutandconfiguration (category:base,tabindex:1)
2024-06-28 17:24:20,602 [INFO] PluginManage:310 - Check plugin pinoutconfig
2024-06-28 17:24:20,711 [WARN] SupportedApi:132 - Cannot load RTOS API schema: s4s-elt-must-match.1: The content of 'definitions' must match (annotation?, (simpleType | complexType)?, (unique | key | keyref)*)). A problem was found starting at: attribute.
2024-06-28 17:24:20,899 [INFO] PluginManage:359 - Loaded plugin pinoutconfig (category:base,tabindex:0)
2024-06-28 17:24:20,900 [INFO] PluginManage:310 - Check plugin power
2024-06-28 17:24:20,913 [INFO] PluginManage:359 - Loaded plugin power (category:power,tabindex:4)
2024-06-28 17:24:20,913 [INFO] PluginManage:310 - Check plugin projectmanager
2024-06-28 17:24:20,931 [INFO] PluginManage:359 - Loaded plugin projectmanager (category:projectmanager,tabindex:3)
2024-06-28 17:24:20,932 [INFO] PluginManage:310 - Check plugin thirdparty
2024-06-28 17:24:21,158 [INFO] PluginManage:359 - Loaded plugin thirdparty (category:base,tabindex:-1)
2024-06-28 17:24:21,158 [INFO] PluginManage:310 - Check plugin tools
2024-06-28 17:24:21,159 [WARN] IntegrityCheckThread:84 - waiting for thirdparty lock release [integrity check]
2024-06-28 17:24:21,160 [INFO] IntegrityCheckThread:86 - entering critical section [integrity check]
2024-06-28 17:24:21,160 [INFO] ThirdPartyUpdaterWithRetryManager:70 - Updater plugin not ready yet. [1/15]
2024-06-28 17:24:21,162 [INFO] PluginManage:359 - Loaded plugin tools (category:base,tabindex:7)
2024-06-28 17:24:21,162 [INFO] PluginManage:310 - Check plugin tutovideos
2024-06-28 17:24:21,364 [INFO] PluginManage:359 - Loaded plugin tutovideos (category:base,tabindex:-1)
2024-06-28 17:24:21,364 [INFO] PluginManage:310 - Check plugin updater
2024-06-28 17:24:21,375 [INFO] PluginManage:359 - Loaded plugin updater (category:base,tabindex:12)
2024-06-28 17:24:21,375 [INFO] PluginManage:310 - Check plugin userauth
2024-06-28 17:24:21,382 [INFO] UserAuth:114 - Init User Auth plugin
2024-06-28 17:24:21,382 [INFO] PluginManage:359 - Loaded plugin userauth (category:base,tabindex:14)
2024-06-28 17:24:21,382 [INFO] PluginManage:283 - PluginManage : Loaded plugins [17]
2024-06-28 17:24:21,615 [INFO] PinOutPanel:1561 - setPackage(No Configuration,No Configuration)
2024-06-28 17:24:21,694 [INFO] CADModel:165 - CPN selected for project level
2024-06-28 17:24:21,694 [INFO] CADModel:114 - Register for checkConnection events
2024-06-28 17:24:21,712 [INFO] IPUIPlugin:80 - create IPUIPlugin
2024-06-28 17:24:21,712 [INFO] PluginManager:220 - loadIPPluginJar : add adc
2024-06-28 17:24:21,715 [INFO] IPUIPlugin:80 - create IPUIPlugin
2024-06-28 17:24:21,716 [INFO] PluginManager:220 - loadIPPluginJar : add aes
2024-06-28 17:24:21,718 [INFO] IPUIPlugin:80 - create IPUIPlugin
2024-06-28 17:24:21,718 [INFO] PluginManager:220 - loadIPPluginJar : add can
2024-06-28 17:24:21,721 [INFO] IPUIPlugin:80 - create IPUIPlugin
2024-06-28 17:24:21,721 [INFO] PluginManager:220 - loadIPPluginJar : add comp
2024-06-28 17:24:21,724 [INFO] IPUIPlugin:80 - create IPUIPlugin
2024-06-28 17:24:21,724 [INFO] PluginManager:220 - loadIPPluginJar : add cryp
2024-06-28 17:24:21,727 [INFO] IPUIPlugin:80 - create IPUIPlugin
2024-06-28 17:24:21,727 [INFO] PluginManager:220 - loadIPPluginJar : add dfsdm
2024-06-28 17:24:21,732 [INFO] IPUIPlugin:80 - create IPUIPlugin
2024-06-28 17:24:21,733 [INFO] PluginManager:220 - loadIPPluginJar : add dma
2024-06-28 17:24:21,736 [INFO] IPUIPlugin:80 - create IPUIPlugin
2024-06-28 17:24:21,736 [INFO] PluginManager:220 - loadIPPluginJar : add dma3
2024-06-28 17:24:21,738 [INFO] IPUIPlugin:80 - create IPUIPlugin
2024-06-28 17:24:21,738 [INFO] PluginManager:220 - loadIPPluginJar : add extmemmanager
2024-06-28 17:24:21,741 [INFO] IPUIPlugin:80 - create IPUIPlugin
2024-06-28 17:24:21,741 [INFO] PluginManager:220 - loadIPPluginJar : add fatfs
2024-06-28 17:24:21,746 [INFO] IPUIPlugin:80 - create IPUIPlugin
2024-06-28 17:24:21,746 [INFO] PluginManager:220 - loadIPPluginJar : add fmc
2024-06-28 17:24:21,751 [INFO] IPUIPlugin:80 - create IPUIPlugin
2024-06-28 17:24:21,751 [INFO] PluginManager:220 - loadIPPluginJar : add freertos
2024-06-28 17:24:21,753 [INFO] IPUIPlugin:80 - create IPUIPlugin
2024-06-28 17:24:21,753 [INFO] PluginManager:220 - loadIPPluginJar : add genericplugin
2024-06-28 17:24:21,756 [INFO] IPUIPlugin:80 - create IPUIPlugin
2024-06-28 17:24:21,756 [INFO] PluginManager:220 - loadIPPluginJar : add gfxmmu
2024-06-28 17:24:21,761 [INFO] IPUIPlugin:80 - create IPUIPlugin
2024-06-28 17:24:21,761 [INFO] PluginManager:220 - loadIPPluginJar : add gic
2024-06-28 17:24:21,766 [INFO] IPUIPlugin:80 - create IPUIPlugin
2024-06-28 17:24:21,766 [INFO] PluginManager:220 - loadIPPluginJar : add gpio
2024-06-28 17:24:21,769 [INFO] IPUIPlugin:80 - create IPUIPlugin
2024-06-28 17:24:21,769 [INFO] PluginManager:220 - loadIPPluginJar : add gtzc
2024-06-28 17:24:21,772 [INFO] IPUIPlugin:80 - create IPUIPlugin
2024-06-28 17:24:21,772 [INFO] PluginManager:220 - loadIPPluginJar : add hash
2024-06-28 17:24:21,775 [INFO] IPUIPlugin:80 - create IPUIPlugin
2024-06-28 17:24:21,775 [INFO] PluginManager:220 - loadIPPluginJar : add i2c
2024-06-28 17:24:21,778 [INFO] IPUIPlugin:80 - create IPUIPlugin
2024-06-28 17:24:21,778 [INFO] PluginManager:220 - loadIPPluginJar : add i2s
2024-06-28 17:24:21,781 [INFO] IPUIPlugin:80 - create IPUIPlugin
2024-06-28 17:24:21,781 [INFO] PluginManager:220 - loadIPPluginJar : add i3c
2024-06-28 17:24:21,784 [INFO] IPUIPlugin:80 - create IPUIPlugin
2024-06-28 17:24:21,784 [INFO] PluginManager:220 - loadIPPluginJar : add ipddr
2024-06-28 17:24:21,792 [INFO] IPUIPlugin:80 - create IPUIPlugin
2024-06-28 17:24:21,792 [INFO] PluginManager:220 - loadIPPluginJar : add linkedlist
2024-06-28 17:24:21,795 [INFO] IPUIPlugin:80 - create IPUIPlugin
2024-06-28 17:24:21,795 [INFO] PluginManager:220 - loadIPPluginJar : add lorawan
2024-06-28 17:24:21,798 [INFO] IPUIPlugin:80 - create IPUIPlugin
2024-06-28 17:24:21,798 [INFO] PluginManager:220 - loadIPPluginJar : add ltdc
2024-06-28 17:24:21,804 [INFO] IPUIPlugin:80 - create IPUIPlugin
2024-06-28 17:24:21,805 [INFO] PluginManager:220 - loadIPPluginJar : add mdma
2024-06-28 17:24:21,808 [INFO] IPUIPlugin:80 - create IPUIPlugin
2024-06-28 17:24:21,809 [INFO] PluginManager:220 - loadIPPluginJar : add nvic
2024-06-28 17:24:21,812 [INFO] IPUIPlugin:80 - create IPUIPlugin
2024-06-28 17:24:21,812 [INFO] PluginManager:220 - loadIPPluginJar : add opamp
2024-06-28 17:24:21,816 [INFO] IPUIPlugin:80 - create IPUIPlugin
2024-06-28 17:24:21,816 [INFO] PluginManager:220 - loadIPPluginJar : add openamp
2024-06-28 17:24:21,819 [INFO] IPUIPlugin:80 - create IPUIPlugin
2024-06-28 17:24:21,819 [INFO] PluginManager:220 - loadIPPluginJar : add pdm2pcm
2024-06-28 17:24:21,825 [INFO] IPUIPlugin:80 - create IPUIPlugin
2024-06-28 17:24:21,828 [INFO] PluginManager:220 - loadIPPluginJar : add plateformsettings
2024-06-28 17:24:21,829 [INFO] IPUIPlugin:80 - create IPUIPlugin
2024-06-28 17:24:21,830 [INFO] PluginManager:220 - loadIPPluginJar : add quadspi
2024-06-28 17:24:21,834 [INFO] IPUIPlugin:80 - create IPUIPlugin
2024-06-28 17:24:21,834 [INFO] PluginManager:220 - loadIPPluginJar : add resmgrutility
2024-06-28 17:24:21,839 [INFO] IPUIPlugin:80 - create IPUIPlugin
2024-06-28 17:24:21,839 [INFO] PluginManager:220 - loadIPPluginJar : add sai
2024-06-28 17:24:21,844 [INFO] IPUIPlugin:80 - create IPUIPlugin
2024-06-28 17:24:21,844 [INFO] PluginManager:220 - loadIPPluginJar : add spi
2024-06-28 17:24:21,851 [INFO] IPUIPlugin:80 - create IPUIPlugin
2024-06-28 17:24:21,851 [INFO] PluginManager:220 - loadIPPluginJar : add stm32_wpan
2024-06-28 17:24:21,854 [INFO] IPUIPlugin:80 - create IPUIPlugin
2024-06-28 17:24:21,855 [INFO] PluginManager:220 - loadIPPluginJar : add tim
2024-06-28 17:24:21,859 [INFO] IPUIPlugin:80 - create IPUIPlugin
2024-06-28 17:24:21,859 [INFO] PluginManager:220 - loadIPPluginJar : add touchsensing
2024-06-28 17:24:21,864 [INFO] IPUIPlugin:80 - create IPUIPlugin
2024-06-28 17:24:21,864 [INFO] PluginManager:220 - loadIPPluginJar : add tracer_emb
2024-06-28 17:24:21,867 [INFO] IPUIPlugin:80 - create IPUIPlugin
2024-06-28 17:24:21,867 [INFO] PluginManager:220 - loadIPPluginJar : add ts
2024-06-28 17:24:21,869 [INFO] IPUIPlugin:80 - create IPUIPlugin
2024-06-28 17:24:21,869 [INFO] PluginManager:220 - loadIPPluginJar : add tsc
2024-06-28 17:24:21,872 [INFO] IPUIPlugin:80 - create IPUIPlugin
2024-06-28 17:24:21,872 [INFO] PluginManager:220 - loadIPPluginJar : add ucpd
2024-06-28 17:24:21,876 [INFO] IPUIPlugin:80 - create IPUIPlugin
2024-06-28 17:24:21,876 [INFO] PluginManager:220 - loadIPPluginJar : add usart
2024-06-28 17:24:21,879 [INFO] IPUIPlugin:80 - create IPUIPlugin
2024-06-28 17:24:21,880 [INFO] PluginManager:220 - loadIPPluginJar : add usbx
2024-06-28 17:24:22,018 [INFO] CADModel:165 - CPN selected for project level
2024-06-28 17:24:22,018 [INFO] CADModel:114 - Register for checkConnection events
2024-06-28 17:24:22,018 [FATAL] Updater:308 - Updater called before beeing initialized
2024-06-28 17:24:22,018 [ERROR] CADModel:125 - Updater not yet initialized, retry later 
2024-06-28 17:24:22,164 [INFO] CADModel:165 - CPN selected for project level
2024-06-28 17:24:22,164 [INFO] CADModel:114 - Register for checkConnection events
2024-06-28 17:24:22,164 [FATAL] Updater:308 - Updater called before beeing initialized
2024-06-28 17:24:22,164 [ERROR] CADModel:125 - Updater not yet initialized, retry later 
2024-06-28 17:24:22,167 [FATAL] Updater:308 - Updater called before beeing initialized
2024-06-28 17:24:22,301 [FATAL] Updater:308 - Updater called before beeing initialized
2024-06-28 17:24:22,305 [INFO] DbMcusAds:53 - JSON generation date=Thu May 16 16:22:00 ICT 2024 (1715851320852)
2024-06-28 17:24:22,306 [FATAL] Updater:308 - Updater called before beeing initialized
2024-06-28 17:24:22,346 [WARN] DetailPanel:346 - Failed to get advertising image, set to default
2024-06-28 17:24:22,425 [FATAL] Updater:308 - Updater called before beeing initialized
2024-06-28 17:24:22,427 [FATAL] Updater:308 - Updater called before beeing initialized
2024-06-28 17:24:22,427 [FATAL] Updater:308 - Updater called before beeing initialized
2024-06-28 17:24:22,427 [WARN] DetailPanel:346 - Failed to get advertising image, set to default
2024-06-28 17:24:22,428 [FATAL] Updater:308 - Updater called before beeing initialized
2024-06-28 17:24:22,483 [ERROR] Updater:1120 - MainUpdater not yet initialized. External WinMGr cannot be set.
2024-06-28 17:24:22,486 [INFO] Updater:1056 - Updater Version found : 6.11.1
2024-06-28 17:24:22,505 [INFO] ApplicationProperties:184 - Using Application install path: C:\ST\STM32CubeIDE_1.12.0\STM32CubeIDE\plugins\com.st.stm32cube.common.mx_6.11.1.202404110753
2024-06-28 17:24:22,996 [INFO] MainUpdater:2873 - connection check result : 10
2024-06-28 17:24:22,996 [INFO] MainUpdater:290 - Updater Check For Update Now.
2024-06-28 17:24:22,996 [INFO] MicroXplorer:498 - Change Database Version : DB.6.0.111
2024-06-28 17:24:23,001 [INFO] McuFinderGlobals:63 - Set McuFinder mode to 2 (CubeIDE integrated)
2024-06-28 17:24:23,007 [INFO] UserAuth:415 - Internet connection configuration mode: 1
2024-06-28 17:24:23,022 [INFO] JxBrowserEngine:152 - Initiate JxBrowser Engine with user profile folder
2024-06-28 17:24:23,256 [INFO] CheckServerUpdateThread:120 - End of CheckServer Thread
2024-06-28 17:24:23,849 [INFO] WebApp:161 - Instantiating new browser for Auth
2024-06-28 17:24:24,416 [WARN] PackLoader:240 - Cannot read IP mode file for STMicroelectronics.FP-SNS-MOTENVWB1.1.4.0
2024-06-28 17:24:24,441 [WARN] PackLoader:240 - Cannot read IP mode file for STMicroelectronics.X-CUBE-SMBUS.2.1.0
2024-06-28 17:24:24,449 [WARN] PackLoader:240 - Cannot read IP mode file for STMicroelectronics.X-CUBE-TOUCHGFX.4.23.1
2024-06-28 17:24:24,457 [WARN] PackLoader:240 - Cannot read IP mode file for STMicroelectronics.X-CUBE-TOUCHGFX.4.23.0
2024-06-28 17:24:24,583 [WARN] PackLoader:240 - Cannot read IP mode file for STMicroelectronics.X-CUBE-TOUCHGFX.4.23.2
2024-06-28 17:24:24,686 [WARN] PackLoader:240 - Cannot read IP mode file for STMicroelectronics.X-CUBE-AZRTOS-F7.1.1.0
2024-06-28 17:24:24,701 [WARN] PackLoader:240 - Cannot read IP mode file for STMicroelectronics.FP-SNS-MOTENV1.4.3.2
2024-06-28 17:24:24,712 [WARN] PackLoader:240 - Cannot read IP mode file for STMicroelectronics.FP-SNS-FLIGHT1.5.0.2
2024-06-28 17:24:24,723 [WARN] PackLoader:240 - Cannot read IP mode file for STMicroelectronics.X-CUBE-DISPLAY.3.0.0
2024-06-28 17:24:24,737 [WARN] PackLoader:240 - Cannot read IP mode file for STMicroelectronics.X-CUBE-BLE1.7.0.0
2024-06-28 17:24:24,750 [WARN] PackLoader:240 - Cannot read IP mode file for emotas.I-CUBE-CANOPEN.1.3.0
2024-06-28 17:24:24,804 [WARN] PackLoader:240 - Cannot read IP mode file for STMicroelectronics.X-CUBE-TOUCHGFX.4.22.0
2024-06-28 17:24:24,848 [WARN] PackLoader:240 - Cannot read IP mode file for STMicroelectronics.X-CUBE-TOUCHGFX.4.22.1
2024-06-28 17:24:24,906 [WARN] PackLoader:240 - Cannot read IP mode file for STMicroelectronics.X-CUBE-BLEMGR.3.1.0
2024-06-28 17:24:24,921 [WARN] PackLoader:240 - Cannot read IP mode file for STMicroelectronics.FP-SNS-SMARTAG2.1.2.0
2024-06-28 17:24:24,932 [INFO] LogOutputStream:77 - [STDOUT_REDIRECT] 1 : Invalid condition id : UX_CORESTACK_Condition cause : null
2024-06-28 17:24:24,934 [INFO] LogOutputStream:77 - [STDOUT_REDIRECT] 1 : Invalid condition id : UX_CORESTACK_Condition cause : null
2024-06-28 17:24:24,935 [INFO] LogOutputStream:77 - [STDOUT_REDIRECT] 1 : Invalid condition id : UX_CORESTACK_Condition cause : null
2024-06-28 17:24:24,938 [INFO] LogOutputStream:77 - [STDOUT_REDIRECT] 1 : Invalid condition id : UX_CORESTACK_Condition cause : null
2024-06-28 17:24:24,939 [INFO] LogOutputStream:77 - [STDOUT_REDIRECT] 1 : Invalid condition id : UX_CORESTACK_Condition cause : null
2024-06-28 17:24:24,945 [WARN] PackLoader:240 - Cannot read IP mode file for STMicroelectronics.X-CUBE-AZRTOS-WL.2.0.0
2024-06-28 17:24:24,951 [WARN] PackLoader:240 - Cannot read IP mode file for STMicroelectronics.FP-SNS-MOTENV1.5.0.0
2024-06-28 17:24:24,966 [WARN] PackLoader:240 - Cannot read IP mode file for wolfSSL.I-CUBE-wolfMQTT.1.19.0
2024-06-28 17:24:24,975 [WARN] PackLoader:240 - Cannot read IP mode file for WES.I-CUBE-Cesium.1.3.0
2024-06-28 17:24:24,984 [WARN] PackLoader:240 - Cannot read IP mode file for STMicroelectronics.X-CUBE-BLE2.3.3.0
2024-06-28 17:24:24,989 [WARN] PackLoader:240 - Cannot read IP mode file for STMicroelectronics.X-CUBE-TOUCHGFX.4.18.0
2024-06-28 17:24:25,026 [WARN] PackLoader:240 - Cannot read IP mode file for STMicroelectronics.X-CUBE-TCPP.4.1.0
2024-06-28 17:24:25,038 [WARN] PackLoader:240 - Cannot read IP mode file for STMicroelectronics.X-CUBE-TOUCHGFX.4.21.1
2024-06-28 17:24:25,077 [WARN] PackLoader:240 - Cannot read IP mode file for STMicroelectronics.X-CUBE-TOUCHGFX.4.21.0
2024-06-28 17:24:25,106 [WARN] PackLoader:240 - Cannot read IP mode file for STMicroelectronics.X-CUBE-TOUCHGFX.4.21.4
2024-06-28 17:24:25,137 [WARN] PackLoader:240 - Cannot read IP mode file for STMicroelectronics.X-CUBE-ALGOBUILD.1.3.0
2024-06-28 17:24:25,154 [WARN] PackLoader:240 - Cannot read IP mode file for STMicroelectronics.X-CUBE-AZRTOS-G0.1.1.0
2024-06-28 17:24:25,163 [WARN] PackLoader:240 - Cannot read IP mode file for STMicroelectronics.X-CUBE-SAFEA1.1.2.2
2024-06-28 17:24:25,169 [WARN] PackLoader:240 - Cannot read IP mode file for STMicroelectronics.X-CUBE-NFC4.3.0.0
2024-06-28 17:24:25,179 [WARN] PackLoader:240 - Cannot read IP mode file for STMicroelectronics.X-CUBE-BLEMGR.3.0.0
2024-06-28 17:24:25,192 [WARN] PackLoader:240 - Cannot read IP mode file for STMicroelectronics.FP-ATR-SIGFOX1.3.2.0
2024-06-28 17:24:25,200 [WARN] PackLoader:240 - Cannot read IP mode file for STMicroelectronics.X-CUBE-EEPRMA1.5.1.0
2024-06-28 17:24:25,377 [WARN] PackLoader:240 - Cannot read IP mode file for SEGGER.I-CUBE-embOS.1.3.1
2024-06-28 17:24:25,460 [WARN] PackLoader:240 - Cannot read IP mode file for STMicroelectronics.X-CUBE-ALGOBUILD.1.4.0
2024-06-28 17:24:25,467 [WARN] PackLoader:240 - Cannot read IP mode file for STMicroelectronics.X-CUBE-GNSS1.6.0.0
2024-06-28 17:24:25,488 [WARN] PackLoader:240 - Cannot read IP mode file for STMicroelectronics.X-CUBE-AZRTOS-F4.1.1.0
2024-06-28 17:24:25,495 [WARN] PackLoader:240 - Cannot read IP mode file for STMicroelectronics.X-CUBE-FREERTOS.1.2.0
2024-06-28 17:24:25,499 [WARN] PackLoader:240 - Cannot read IP mode file for wolfSSL.I-CUBE-wolfSSL.5.6.6
2024-06-28 17:24:25,513 [WARN] PackLoader:240 - Cannot read IP mode file for STMicroelectronics.X-CUBE-AZRTOS-L5.2.0.0
2024-06-28 17:24:25,535 [WARN] PackLoader:240 - Cannot read IP mode file for STMicroelectronics.X-CUBE-EEPRMA1.4.2.0
2024-06-28 17:24:25,553 [WARN] PackLoader:240 - Cannot read IP mode file for STMicroelectronics.X-CUBE-NFC6.3.1.0
2024-06-28 17:24:25,564 [WARN] PackLoader:240 - Cannot read IP mode file for ITTIA_DB.I-CUBE-ITTIADB.8.8.0
2024-06-28 17:24:25,594 [WARN] PackLoader:240 - Cannot read IP mode file for emotas.I-CUBE-CANOPEN.1.1.3
2024-06-28 17:24:25,624 [WARN] PackLoader:240 - Cannot read IP mode file for STMicroelectronics.X-CUBE-AI.9.0.0
2024-06-28 17:24:25,644 [WARN] ConditionMgr:438 - getConditionDescription Invalid condition id : UX DEVICE CLASS RTOS Condition cause : null
2024-06-28 17:24:25,645 [WARN] ConditionMgr:438 - getConditionDescription Invalid condition id : UX DEVICE CLASS RTOS Condition cause : null
2024-06-28 17:24:25,648 [WARN] PackLoader:240 - Cannot read IP mode file for STMicroelectronics.X-CUBE-AZRTOS-H7.3.1.0
2024-06-28 17:24:25,650 [WARN] ConditionMgr:1039 - genDependencies : Invalid condition id : UX DEVICE CLASS RTOS Condition cause : null
2024-06-28 17:24:25,655 [WARN] ConditionMgr:1039 - genDependencies : Invalid condition id : UX DEVICE CLASS RTOS Condition cause : null
2024-06-28 17:24:25,656 [WARN] ConditionMgr:1039 - genDependencies : Invalid condition id : UX DEVICE CLASS RTOS Condition cause : null
2024-06-28 17:24:25,656 [WARN] ConditionMgr:1039 - genDependencies : Invalid condition id : UX DEVICE CLASS RTOS Condition cause : null
2024-06-28 17:24:25,656 [WARN] ConditionMgr:1039 - genDependencies : Invalid condition id : UX DEVICE CLASS RTOS Condition cause : null
2024-06-28 17:24:25,664 [WARN] ConditionMgr:438 - getConditionDescription Invalid condition id : UX DEVICE CLASS RTOS Condition cause : null
2024-06-28 17:24:25,664 [WARN] ConditionMgr:438 - getConditionDescription Invalid condition id : UX DEVICE CLASS RTOS Condition cause : null
2024-06-28 17:24:25,753 [WARN] PackLoader:240 - Cannot read IP mode file for STMicroelectronics.X-CUBE-NFC7.1.0.1
2024-06-28 17:24:25,759 [WARN] PackLoader:240 - Cannot read IP mode file for STMicroelectronics.X-CUBE-NFC6.3.0.0
2024-06-28 17:24:25,765 [WARN] PackLoader:240 - Cannot read IP mode file for STMicroelectronics.X-CUBE-AI.8.1.0
2024-06-28 17:24:25,789 [WARN] ConditionMgr:438 - getConditionDescription Invalid condition id : LAN8742 Phy interface Condition cause : null
2024-06-28 17:24:25,789 [WARN] PackLoader:240 - Cannot read IP mode file for STMicroelectronics.X-CUBE-AZRTOS-L4.2.0.0
2024-06-28 17:24:25,791 [WARN] ConditionMgr:1039 - genDependencies : Invalid condition id : LAN8742 Phy interface Condition cause : null
2024-06-28 17:24:25,791 [WARN] ConditionMgr:1039 - genDependencies : Invalid condition id : LAN8742 Phy interface Condition cause : null
2024-06-28 17:24:25,791 [WARN] ConditionMgr:1039 - genDependencies : Invalid condition id : LAN8742 Phy interface Condition cause : null
2024-06-28 17:24:25,803 [WARN] PackLoader:240 - Cannot read IP mode file for STMicroelectronics.X-CUBE-SFXS2LP1.4.0.0
2024-06-28 17:24:25,816 [WARN] ConditionMgr:438 - getConditionDescription Invalid condition id : UX DEVICE CLASS RTOS Condition cause : null
2024-06-28 17:24:25,817 [WARN] ConditionMgr:438 - getConditionDescription Invalid condition id : UX DEVICE CLASS RTOS Condition cause : null
2024-06-28 17:24:25,818 [WARN] PackLoader:240 - Cannot read IP mode file for STMicroelectronics.X-CUBE-AZRTOS-WB.2.0.0
2024-06-28 17:24:25,818 [WARN] ConditionMgr:1039 - genDependencies : Invalid condition id : UX DEVICE CLASS RTOS Condition cause : null
2024-06-28 17:24:25,818 [WARN] ConditionMgr:1039 - genDependencies : Invalid condition id : UX DEVICE CLASS RTOS Condition cause : null
2024-06-28 17:24:25,820 [WARN] ConditionMgr:1039 - genDependencies : Invalid condition id : UX DEVICE CLASS RTOS Condition cause : null
2024-06-28 17:24:25,820 [WARN] ConditionMgr:1039 - genDependencies : Invalid condition id : UX DEVICE CLASS RTOS Condition cause : null
2024-06-28 17:24:25,820 [WARN] ConditionMgr:1039 - genDependencies : Invalid condition id : UX DEVICE CLASS RTOS Condition cause : null
2024-06-28 17:24:25,830 [WARN] PackLoader:240 - Cannot read IP mode file for STMicroelectronics.X-CUBE-SUBG2.5.0.0
2024-06-28 17:24:25,838 [WARN] PackLoader:240 - Cannot read IP mode file for Cesanta.I-CUBE-Mongoose.7.13.0
2024-06-28 17:24:25,848 [WARN] PackLoader:240 - Cannot read IP mode file for STMicroelectronics.X-CUBE-TOF1.3.3.1
2024-06-28 17:24:25,906 [WARN] PackLoader:240 - Cannot read IP mode file for STMicroelectronics.X-CUBE-AZRTOS-G4.2.0.0
2024-06-28 17:24:25,921 [WARN] PackLoader:240 - Cannot read IP mode file for STMicroelectronics.X-CUBE-TOF1.3.3.0
2024-06-28 17:24:25,976 [WARN] PackLoader:240 - Cannot read IP mode file for Infineon.AIROC-Wi-Fi-Bluetooth-STM32.1.5.1
2024-06-28 17:24:25,987 [WARN] PackLoader:240 - Cannot read IP mode file for STMicroelectronics.FP-SNS-MOTENVWB1.1.3.1
2024-06-28 17:24:25,992 [WARN] PackLoader:240 - Cannot read IP mode file for STMicroelectronics.X-CUBE-ISPU.2.0.0
2024-06-28 17:24:25,999 [WARN] PackLoader:240 - Cannot read IP mode file for STMicroelectronics.X-CUBE-ALS.1.0.2
2024-06-28 17:24:26,078 [WARN] PackLoader:240 - Cannot read IP mode file for STMicroelectronics.X-CUBE-MEMS1.10.0.0
2024-06-28 17:24:26,193 [WARN] PackLoader:240 - Cannot read IP mode file for STMicroelectronics.X-CUBE-FREERTOS.1.1.0
2024-06-28 17:24:26,199 [WARN] PackLoader:240 - Cannot read IP mode file for portGmbH.I-Cube-SoM-uGOAL.1.1.0
2024-06-28 17:24:26,204 [WARN] PackLoader:240 - Cannot read IP mode file for STMicroelectronics.X-CUBE-ALS.1.0.1
2024-06-28 17:24:26,274 [WARN] PackLoader:240 - Cannot read IP mode file for STMicroelectronics.X-CUBE-AZRTOS-H7RS.1.0.0
2024-06-28 17:24:26,337 [WARN] PackLoader:240 - Cannot read IP mode file for STMicroelectronics.FP-ATR-ASTRA1.2.0.0
2024-06-28 17:24:26,419 [WARN] PackLoader:240 - Cannot read IP mode file for STMicroelectronics.X-CUBE-TOF1.3.4.0
2024-06-28 17:24:26,515 [WARN] PackLoader:240 - Cannot read IP mode file for STMicroelectronics.X-CUBE-TOF1.3.4.1
2024-06-28 17:24:26,572 [WARN] PackLoader:240 - Cannot read IP mode file for STMicroelectronics.X-CUBE-AZRTOS-H7.3.2.0
2024-06-28 17:24:26,648 [INFO] ThirdParty:978 - Integrity check success = true
2024-06-28 17:24:26,648 [INFO] IntegrityCheckThread:100 - exiting critical section [integrity check]
2024-06-28 17:24:26,648 [INFO] IntegrityCheckThread:103 - End integrity checks thread
2024-06-28 17:24:26,986 [INFO] WebApp:779 - Register for checkConnection events
2024-06-28 17:24:26,986 [INFO] WebApp:414 - Apply proxy settings
2024-06-28 17:24:26,987 [INFO] WebApp:499 - Chromium requires no authentication
2024-06-28 17:24:26,998 [INFO] WebApp:442 - Direct internet connection detected
2024-06-28 17:24:27,199 [INFO] WebApp:192 - Starting web application
2024-06-28 17:24:27,199 [INFO] WebApp:544 - Web application path used C:\ST\STM32CubeIDE_1.12.0\STM32CubeIDE\plugins\com.st.stm32cube.common.mx_6.11.1.202404110753\db\plugins\mcufinder\reactClient1\index.html
2024-06-28 17:24:27,770 [ERROR] LogOutputStream:75 - [STDERR_REDIRECT] Jun 28, 2024 5:24:27 PM org.glassfish.grizzly.http.server.NetworkListener start
2024-06-28 17:24:27,771 [ERROR] LogOutputStream:75 - [STDERR_REDIRECT] INFO: Started listener bound to [localhost:1593]
2024-06-28 17:24:27,771 [ERROR] LogOutputStream:75 - [STDERR_REDIRECT] 
2024-06-28 17:24:27,772 [ERROR] LogOutputStream:75 - [STDERR_REDIRECT] Jun 28, 2024 5:24:27 PM org.glassfish.grizzly.http.server.HttpServer start
2024-06-28 17:24:27,772 [ERROR] LogOutputStream:75 - [STDERR_REDIRECT] INFO: [HttpServer] Started.
2024-06-28 17:24:27,773 [ERROR] LogOutputStream:75 - [STDERR_REDIRECT] 
2024-06-28 17:25:59,886 [INFO] McuFinderGlobals:63 - Set McuFinder mode to 2 (CubeIDE integrated)
2024-06-28 17:25:59,888 [INFO] MainUpdater:2873 - connection check result : 10
2024-06-28 17:26:00,775 [INFO] ApiDb:581 - Connected to CubeFinder SQLite database (C:\Users\user\.stmcufinder\plugins\mcufinder\mcu\cube-finder-db.db)
2024-06-28 17:26:00,843 [INFO] ApiDb:668 - CubeFinder database Data Model version=2.1
2024-06-28 17:26:00,843 [INFO] ApiDb:669 - CubeFinder database Configuration version=3.0.39
2024-06-28 17:26:00,843 [INFO] ApiDb:670 - CubeFinder database generation date=2024-06-05 (1717578087)
2024-06-28 17:26:00,843 [INFO] ApiDb:671 - CubeFinder database FW Pack versions=[FP-ATR-ASTRA1_V2.0.0, FP-SNS-FLIGHT1_V5.0.1, FP-SNS-FLIGHT1_V5.0.2, FP-SNS-MOTENV1_V4.3.1, FP-SNS-MOTENV1_V4.3.2, FP-SNS-MOTENV1_V5.0.0, FP-SNS-MOTENVWB1_V1.4.0, FP-SNS-SMARTAG2_V1.2.0, STM32Cube_FW_C0_V1.1.0, STM32Cube_FW_F4_V1.28.0, STM32Cube_FW_F7_V1.17.2, STM32Cube_FW_G0_V1.6.2, STM32Cube_FW_G4_V1.5.2, STM32Cube_FW_H5_V0.5.1, STM32Cube_FW_H5_V1.1.1, STM32Cube_FW_H5_V1.2.0, STM32Cube_FW_H5_V1.2.0RC4, STM32Cube_FW_H7RS_V1.0.0, STM32Cube_FW_H7RS_V1.0.0RC4, STM32Cube_FW_H7_V1.11.2, STM32Cube_FW_L0_V1.12.2, STM32Cube_FW_L5_V1.5.1, STM32Cube_FW_U0_V1.0.0, STM32Cube_FW_U0_V1.0.0RC1, STM32Cube_FW_U5_V1.3.0RC4, STM32Cube_FW_U5_V1.5.0, STM32Cube_FW_U5_V1.5.0RC1, STM32Cube_FW_WBA_V1.0.0RC1, STM32Cube_FW_WBA_V1.2.0, STM32Cube_FW_WBA_V1.2.0RC2, STM32Cube_FW_WBA_V1.3.0RC1, STM32Cube_FW_WBA_V1.3.1, STM32Cube_FW_WB_V1.15.0RC1, STM32Cube_FW_WB_V1.16.0, STM32Cube_FW_WB_V1.16.0RC2, STM32Cube_FW_WB_V1.18.0, STM32Cube_FW_WB_V1.19.0, STM32Cube_FW_WL_V1.3.0, X-CUBE-ALGOBUILD_V1.4.0, X-CUBE-ALS_V1.0.1, X-CUBE-ALS_V1.0.2, X-CUBE-AZRTOS-F4_V1.1.0, X-CUBE-AZRTOS-F7_V1.1.0, X-CUBE-AZRTOS-G0_V1.1.0, X-CUBE-AZRTOS-G4_V2.0.0, X-CUBE-AZRTOS-H7RS_V1.0.0, X-CUBE-AZRTOS-H7_V3.2.0, X-CUBE-AZRTOS-L4_V1.0.0, X-CUBE-AZRTOS-L4_V2.0.0, X-CUBE-AZRTOS-L5_V1.1.0, X-CUBE-AZRTOS-WB_V2.0.0, X-CUBE-AZRTOS-WL_V2.0.0, X-CUBE-BLE1_V7.0.0, X-CUBE-BLE2_V3.3.0, X-CUBE-BLEMGR_V3.1.0, X-CUBE-EEPRMA1_V4.1.0, X-CUBE-EEPRMA1_V5.1.0, X-CUBE-FREERTOS_V1.2.0, X-CUBE-GNSS1_V6.0.0, X-CUBE-MEMS1_V10.0.0, X-CUBE-MEMS1_V9.1.0, X-CUBE-MEMS1_V9.4.0, X-CUBE-MEMS1_V9.6.0, X-CUBE-NFC4_V3.0.0, X-CUBE-NFC7_V1.0.1, X-CUBE-SFXS2LP1_V4.0.0, X-CUBE-SUBG2_V5.0.0, X-CUBE-TOF1_V3.4.1]
2024-06-28 17:26:00,964 [INFO] DbBoardsSqlite:226 - include board P-NUCLEO-WB55-NUCLEO as a kit item of type 'Nucleo-64'
2024-06-28 17:26:00,965 [INFO] DbBoardsSqlite:226 - include board P-NUCLEO-WB55-USBDONGLE as a kit item of type 'Nucleo USB Dongle'
2024-06-28 17:26:00,965 [INFO] DbBoardsSqlite:226 - include board STEVAL-IDP005V1 as a kit item of type 'Evaluation Board'
2024-06-28 17:26:00,967 [INFO] DbBoardsSqlite:226 - include board STEVAL-IDP005V2 as a kit item of type 'Evaluation Board'
2024-06-28 17:26:01,242 [INFO] ApiDb:240 - Found 483 in-development CPN: [B-G473E-ZEST1S, B-WB1M-WPAN1, B-WL5M-SUBG1, NUCLEO-C031C6, NUCLEO-H503RB, NUCLEO-H533RE, NUCLEO-H563ZI, NUCLEO-H7S3L8, NUCLEO-U031R8, NUCLEO-U083RC, NUCLEO-U545RE-Q, NUCLEO-U5A5ZJ-Q, NUCLEO-WBA52CG, NUCLEO-WBA55CG, STEVAL-PROTEUS1, STEVAL-SMARTAG2, STEVAL-STWINBX1, STM320518-EVAL, STM32C0116-DK, STM32C011D6Y3TR, STM32C011D6Y6TR, STM32C011F4P3, STM32C011F4P6, STM32C011F4U3, STM32C011F4U6TR, STM32C011F6P3, STM32C011F6P6, STM32C011F6U3, STM32C011F6U6TR, STM32C011J4M3, STM32C011J4M6, STM32C011J6M3, STM32C011J6M6, STM32C0316-DK, STM32C031C4T3, STM32C031C4T6, STM32C031C4U3, STM32C031C4U6, STM32C031C6T3, STM32C031C6T6, STM32C031C6U3, STM32C031C6U6, STM32C031F4P3, STM32C031F4P6, STM32C031F6P3, STM32C031F6P6, STM32C031G4U3, STM32C031G4U6, STM32C031G6U3, STM32C031G6U6, STM32C031K4T3, STM32C031K4T6, STM32C031K4U3, STM32C031K4U6, STM32C031K6T3, STM32C031K6T6, STM32C031K6U3, STM32C031K6U6, STM32G071K8TXN, STM32G071K8UXN, STM32G081GBU6N, STM32G081KBT6N, STM32G081KBUXN, STM32G0B1CCT6N, STM32G0B1KCT6, STM32G0B1NEY6TR, STM32G0B1RCT6N, STM32G0C1CCT6, STM32G0C1CCT6N, STM32G0C1CCU6N, STM32G0C1CET6N, STM32G0C1CEU6N, STM32G0C1KCT6, STM32G0C1NEY6TR, STM32G0C1RCI6N, STM32G0C1RCT6N, STM32G0C1REI6N, STM32G0C1RET6N, STM32G0C1VCI6, STM32G0C1VEI6, STM32G471CCT6, STM32G471CCU6, STM32G471CET3, STM32G471CET6, STM32G471CEU3, STM32G471CEU6, STM32G471MCT6, STM32G471MET3, STM32G471MET6, STM32G471MEY6TR, STM32G471QCT6, STM32G471QET3, STM32G471RCT6, STM32G471RET3, STM32G471RET6, STM32G471VCH6, STM32G471VCI6, STM32G471VCT6, STM32G471VEH3, STM32G471VEH6, STM32G471VEI3, STM32G471VEI6, STM32G471VET3, STM32G471VET6, STM32G474CCT6, STM32H503CBT6, STM32H503CBU6, STM32H503EBY6TR, STM32H503KBU6, STM32H503RBT6, STM32H523CCT6, STM32H523CCU6, STM32H523CET6, STM32H523CEU6, STM32H523HEY6TR, STM32H523RCT6, STM32H523RET6, STM32H523VCI6, STM32H523VCT6, STM32H523VEI6, STM32H523VET6, STM32H523ZCJ6, STM32H523ZCT6, STM32H523ZEJ6, STM32H523ZET6, STM32H533CET6, STM32H533CEU6, STM32H533HEY6TR, STM32H533RET6, STM32H533VEI6, STM32H533VET6, STM32H533ZEJ6, STM32H533ZET6, STM32H562AGI6, STM32H562AII6, STM32H562IGK6, STM32H562IGT6, STM32H562IIK6, STM32H562IIT6, STM32H562RGT6, STM32H562RGV6, STM32H562RIT6, STM32H562RIV6, STM32H562VGT6, STM32H562VIT6, STM32H562ZGT6, STM32H562ZIT6, STM32H563AGI6, STM32H563AII3Q, STM32H563AII6, STM32H563IGK6, STM32H563IGT6, STM32H563IIK3Q, STM32H563IIK6, STM32H563IIT3Q, STM32H563IIT6, STM32H563MIY3QTR, STM32H563RGT6, STM32H563RGV6, STM32H563RIT6, STM32H563RIV6, STM32H563VGT6, STM32H563VIT3Q, STM32H563VIT6, STM32H563ZGT6, STM32H563ZIT3Q, STM32H563ZIT6, STM32H573AII3Q, STM32H573AII6, STM32H573I-DK, STM32H573IIK3Q, STM32H573IIK6, STM32H573IIT3Q, STM32H573IIT6, STM32H573MIY3QTR, STM32H573RIT6, STM32H573RIV6, STM32H573VIT3Q, STM32H573VIT6, STM32H573ZIT3Q, STM32H573ZIT6, STM32H7R3A8I6, STM32H7R3I8K6, STM32H7R3I8T6, STM32H7R3L8H6, STM32H7R3L8H6H, STM32H7R3R8V6, STM32H7R3V8H6, STM32H7R3V8T6, STM32H7R3V8Y6, STM32H7R3Z8J6, STM32H7R3Z8T6, STM32H7R7A8I6, STM32H7R7I8K6, STM32H7R7I8T6, STM32H7R7L8H6, STM32H7R7L8H6H, STM32H7R7Z8J6, STM32H7S3A8I6, STM32H7S3I8K6, STM32H7S3I8T6, STM32H7S3L8H6, STM32H7S3L8H6H, STM32H7S3R8V6, STM32H7S3V8H6, STM32H7S3V8T6, STM32H7S3V8Y6, STM32H7S3Z8J6, STM32H7S3Z8T6, STM32H7S78-DK, STM32H7S7A8I6, STM32H7S7I8K6, STM32H7S7I8T6, STM32H7S7L8H6, STM32H7S7L8H6H, STM32H7S7Z8J6, STM32L4R5QGI6STR, STM32MP131AAE3, STM32MP131AAF3, STM32MP131AAG3, STM32MP131CAE3, STM32MP131CAF3, STM32MP131CAG3, STM32MP131DAE7, STM32MP131DAF7, STM32MP131DAG7, STM32MP131FAE7, STM32MP131FAF7, STM32MP131FAG7, STM32MP133AAE3, STM32MP133AAF3, STM32MP133AAG3, STM32MP133CAE3, STM32MP133CAF3, STM32MP133CAG3, STM32MP133DAE7, STM32MP133DAF7, STM32MP133DAG7, STM32MP133FAE7, STM32MP133FAF7, STM32MP133FAG7, STM32MP135AAE3, STM32MP135AAF3, STM32MP135AAG3, STM32MP135CAE3, STM32MP135CAF3, STM32MP135CAG3, STM32MP135DAE7, STM32MP135DAF7, STM32MP135DAG7, STM32MP135F-DK, STM32MP135FAE7, STM32MP135FAF7, STM32MP135FAF7T, STM32MP135FAF7U, STM32MP135FAG7, STM32U031C6T6, STM32U031C6U6, STM32U031C8T6, STM32U031C8U6, STM32U031F4P6, STM32U031F6P6, STM32U031F8P6, STM32U031G6Y6TR, STM32U031G8Y6TR, STM32U031K4U6, STM32U031K6U6, STM32U031K8U6, STM32U031R6I6, STM32U031R6T6, STM32U031R8I6, STM32U031R8T6, STM32U073C8T6, STM32U073C8U6, STM32U073CBT6, STM32U073CBU6, STM32U073CCT6, STM32U073CCU6, STM32U073H8Y6TR, STM32U073HBY6TR, STM32U073HCY6TR, STM32U073K8U6, STM32U073KBU6, STM32U073KCU6, STM32U073M8I6, STM32U073M8T6, STM32U073MBI6, STM32U073MBT6, STM32U073MCI6, STM32U073MCT6, STM32U073R8I6, STM32U073R8T6, STM32U073RBI6, STM32U073RBT6, STM32U073RCI6, STM32U073RCT6, STM32U083C-DK, STM32U083CCT6, STM32U083CCU6, STM32U083HCY6TR, STM32U083KCU6, STM32U083MCI6, STM32U083MCT6, STM32U083RCI6, STM32U083RCT6, STM32U535CBT6, STM32U535CBT6Q, STM32U535CBU6, STM32U535CBU6Q, STM32U535CCT6, STM32U535CCT6Q, STM32U535CCU6, STM32U535CCU6Q, STM32U535CET6, STM32U535CET6Q, STM32U535CEU6, STM32U535CEU6Q, STM32U535JEY6QTR, STM32U535NCY6QTR, STM32U535NEY6QTR, STM32U535RBI6, STM32U535RBI6Q, STM32U535RBT6, STM32U535RBT6Q, STM32U535RCI6, STM32U535RCI6Q, STM32U535RCT6, STM32U535RCT6Q, STM32U535REI6, STM32U535REI6Q, STM32U535RET6, STM32U535RET6Q, STM32U535VCI6, STM32U535VCI6Q, STM32U535VCT6, STM32U535VCT6Q, STM32U535VEI6, STM32U535VEI6Q, STM32U535VET6, STM32U535VET6Q, STM32U545CET6, STM32U545CET6Q, STM32U545CEU6, STM32U545CEU6Q, STM32U545JEY6QTR, STM32U545NEY6QTR, STM32U545REI6, STM32U545REI6Q, STM32U545RET6, STM32U545RET6Q, STM32U545VEI6, STM32U545VEI6Q, STM32U545VET6, STM32U545VET6Q, STM32U595AIH6, STM32U595AIH6Q, STM32U595AJH6, STM32U595AJH6Q, STM32U595QII6, STM32U595QII6Q, STM32U595QJI6, STM32U595QJI6Q, STM32U595RIT6, STM32U595RIT6Q, STM32U595RJT6, STM32U595RJT6Q, STM32U595VIT6, STM32U595VIT6Q, STM32U595VJT6, STM32U595VJT6Q, STM32U595ZIT6, STM32U595ZIT6Q, STM32U595ZIY6QTR, STM32U595ZJT6, STM32U595ZJT6Q, STM32U595ZJY6QTR, STM32U599BJY6QTR, STM32U599NIH6Q, STM32U599NJH6Q, STM32U599VIT6Q, STM32U599VJT6, STM32U599VJT6Q, STM32U599ZIT6Q, STM32U599ZIY6QTR, STM32U599ZJT6Q, STM32U599ZJY6QTR, STM32U5A5AJH6, STM32U5A5AJH6Q, STM32U5A5QII3Q , STM32U5A5QJI6, STM32U5A5QJI6Q, STM32U5A5RJT6, STM32U5A5RJT6Q, STM32U5A5VJT6, STM32U5A5VJT6Q, STM32U5A5ZJT6, STM32U5A5ZJT6Q, STM32U5A5ZJY6QTR, STM32U5A9BJY6QTR, STM32U5A9J-DK, STM32U5A9NJH6Q, STM32U5A9VJT6Q, STM32U5A9ZJT6Q, STM32U5A9ZJY6QTR, STM32U5F7VIT6, STM32U5F7VIT6Q, STM32U5F7VJT6, STM32U5F7VJT6Q, STM32U5F9BJY6QTR, STM32U5F9NJH6Q, STM32U5F9VIT6Q, STM32U5F9VJT6Q, STM32U5F9ZIJ6QTR, STM32U5F9ZIT6Q, STM32U5F9ZJJ6QTR, STM32U5F9ZJT6Q, STM32U5G7VJT6, STM32U5G7VJT6Q, STM32U5G9BJY6QTR, STM32U5G9J-DK1, STM32U5G9J-DK2, STM32U5G9NJH6Q, STM32U5G9VJT6Q, STM32U5G9ZJJ6QTR, STM32U5G9ZJT6Q, STM32WB1MMCH6, STM32WBA50KEU6, STM32WBA50KEU6TR, STM32WBA50KGU6, STM32WBA50KGU6TR, STM32WBA52CEU6, STM32WBA52CEU6TR, STM32WBA52CEU7, STM32WBA52CEU7TR, STM32WBA52CGU6, STM32WBA52CGU6TR, STM32WBA52CGU6U, STM32WBA52CGU7, STM32WBA52CGU7TR, STM32WBA52KEU6, STM32WBA52KEU6TR, STM32WBA52KGU6, STM32WBA52KGU6TR, STM32WBA54CEU6, STM32WBA54CEU6TR, STM32WBA54CEU7, STM32WBA54CEU7TR, STM32WBA54CGU6, STM32WBA54CGU6TR, STM32WBA54CGU7, STM32WBA54CGU7TR, STM32WBA54KEU6, STM32WBA54KEU6TR, STM32WBA54KEU7, STM32WBA54KEU7TR, STM32WBA54KGU6, STM32WBA54KGU6TR, STM32WBA54KGU7, STM32WBA54KGU7TR, STM32WBA55CEU6, STM32WBA55CEU6TR, STM32WBA55CEU7, STM32WBA55CEU7TR, STM32WBA55CGU6, STM32WBA55CGU6TR, STM32WBA55CGU6U, STM32WBA55CGU7, STM32WBA55CGU7TR, STM32WBA55G-DK1, STM32WBA55HEF6, STM32WBA55HEF7, STM32WBA55HGF6, STM32WBA55HGF7, STM32WBA55UEI6, STM32WBA55UEI6TR, STM32WBA55UEI7, STM32WBA55UEI7TR, STM32WBA55UGI6, STM32WBA55UGI6TR, STM32WBA55UGI7, STM32WBA55UGI7TR, STM32WL5MOCH6, STM32WL5MOCH6TR]
2024-06-28 17:26:01,426 [INFO] BoardInfo:889 - No configuration file found for board P-NUCLEO-WB55
2024-06-28 17:26:01,428 [INFO] DbBoards:161 - Kit is not supported: P-NUCLEO-WB55
2024-06-28 17:26:01,431 [INFO] BoardInfo:889 - No configuration file found for board STEVAL-BFA001V1B
2024-06-28 17:26:01,432 [INFO] DbBoards:161 - Kit is not supported: STEVAL-BFA001V1B
2024-06-28 17:26:01,432 [INFO] BoardInfo:889 - No configuration file found for board STEVAL-BFA001V2B
2024-06-28 17:26:01,432 [INFO] DbBoards:161 - Kit is not supported: STEVAL-BFA001V2B
2024-06-28 17:26:01,548 [INFO] DbBoards:168 - Found 199 boards, 196 are supported
2024-06-28 17:26:01,548 [INFO] DbBoards:169 - Found 199 boards, 8 of them is supported for  Bsp
2024-06-28 17:26:01,553 [INFO] ApiDb:668 - CubeFinder database Data Model version=2.1
2024-06-28 17:26:01,553 [INFO] ApiDb:669 - CubeFinder database Configuration version=3.0.39
2024-06-28 17:26:01,553 [INFO] ApiDb:670 - CubeFinder database generation date=2024-06-05 (1717578087)
2024-06-28 17:26:01,553 [INFO] ApiDb:671 - CubeFinder database FW Pack versions=[FP-ATR-ASTRA1_V2.0.0, FP-SNS-FLIGHT1_V5.0.1, FP-SNS-FLIGHT1_V5.0.2, FP-SNS-MOTENV1_V4.3.1, FP-SNS-MOTENV1_V4.3.2, FP-SNS-MOTENV1_V5.0.0, FP-SNS-MOTENVWB1_V1.4.0, FP-SNS-SMARTAG2_V1.2.0, STM32Cube_FW_C0_V1.1.0, STM32Cube_FW_F4_V1.28.0, STM32Cube_FW_F7_V1.17.2, STM32Cube_FW_G0_V1.6.2, STM32Cube_FW_G4_V1.5.2, STM32Cube_FW_H5_V0.5.1, STM32Cube_FW_H5_V1.1.1, STM32Cube_FW_H5_V1.2.0, STM32Cube_FW_H5_V1.2.0RC4, STM32Cube_FW_H7RS_V1.0.0, STM32Cube_FW_H7RS_V1.0.0RC4, STM32Cube_FW_H7_V1.11.2, STM32Cube_FW_L0_V1.12.2, STM32Cube_FW_L5_V1.5.1, STM32Cube_FW_U0_V1.0.0, STM32Cube_FW_U0_V1.0.0RC1, STM32Cube_FW_U5_V1.3.0RC4, STM32Cube_FW_U5_V1.5.0, STM32Cube_FW_U5_V1.5.0RC1, STM32Cube_FW_WBA_V1.0.0RC1, STM32Cube_FW_WBA_V1.2.0, STM32Cube_FW_WBA_V1.2.0RC2, STM32Cube_FW_WBA_V1.3.0RC1, STM32Cube_FW_WBA_V1.3.1, STM32Cube_FW_WB_V1.15.0RC1, STM32Cube_FW_WB_V1.16.0, STM32Cube_FW_WB_V1.16.0RC2, STM32Cube_FW_WB_V1.18.0, STM32Cube_FW_WB_V1.19.0, STM32Cube_FW_WL_V1.3.0, X-CUBE-ALGOBUILD_V1.4.0, X-CUBE-ALS_V1.0.1, X-CUBE-ALS_V1.0.2, X-CUBE-AZRTOS-F4_V1.1.0, X-CUBE-AZRTOS-F7_V1.1.0, X-CUBE-AZRTOS-G0_V1.1.0, X-CUBE-AZRTOS-G4_V2.0.0, X-CUBE-AZRTOS-H7RS_V1.0.0, X-CUBE-AZRTOS-H7_V3.2.0, X-CUBE-AZRTOS-L4_V1.0.0, X-CUBE-AZRTOS-L4_V2.0.0, X-CUBE-AZRTOS-L5_V1.1.0, X-CUBE-AZRTOS-WB_V2.0.0, X-CUBE-AZRTOS-WL_V2.0.0, X-CUBE-BLE1_V7.0.0, X-CUBE-BLE2_V3.3.0, X-CUBE-BLEMGR_V3.1.0, X-CUBE-EEPRMA1_V4.1.0, X-CUBE-EEPRMA1_V5.1.0, X-CUBE-FREERTOS_V1.2.0, X-CUBE-GNSS1_V6.0.0, X-CUBE-MEMS1_V10.0.0, X-CUBE-MEMS1_V9.1.0, X-CUBE-MEMS1_V9.4.0, X-CUBE-MEMS1_V9.6.0, X-CUBE-NFC4_V3.0.0, X-CUBE-NFC7_V1.0.1, X-CUBE-SFXS2LP1_V4.0.0, X-CUBE-SUBG2_V5.0.0, X-CUBE-TOF1_V3.4.1]
2024-06-28 17:26:03,152 [INFO] ApiDb:240 - Found 483 in-development CPN: [B-G473E-ZEST1S, B-WB1M-WPAN1, B-WL5M-SUBG1, NUCLEO-C031C6, NUCLEO-H503RB, NUCLEO-H533RE, NUCLEO-H563ZI, NUCLEO-H7S3L8, NUCLEO-U031R8, NUCLEO-U083RC, NUCLEO-U545RE-Q, NUCLEO-U5A5ZJ-Q, NUCLEO-WBA52CG, NUCLEO-WBA55CG, STEVAL-PROTEUS1, STEVAL-SMARTAG2, STEVAL-STWINBX1, STM320518-EVAL, STM32C0116-DK, STM32C011D6Y3TR, STM32C011D6Y6TR, STM32C011F4P3, STM32C011F4P6, STM32C011F4U3, STM32C011F4U6TR, STM32C011F6P3, STM32C011F6P6, STM32C011F6U3, STM32C011F6U6TR, STM32C011J4M3, STM32C011J4M6, STM32C011J6M3, STM32C011J6M6, STM32C0316-DK, STM32C031C4T3, STM32C031C4T6, STM32C031C4U3, STM32C031C4U6, STM32C031C6T3, STM32C031C6T6, STM32C031C6U3, STM32C031C6U6, STM32C031F4P3, STM32C031F4P6, STM32C031F6P3, STM32C031F6P6, STM32C031G4U3, STM32C031G4U6, STM32C031G6U3, STM32C031G6U6, STM32C031K4T3, STM32C031K4T6, STM32C031K4U3, STM32C031K4U6, STM32C031K6T3, STM32C031K6T6, STM32C031K6U3, STM32C031K6U6, STM32G071K8TXN, STM32G071K8UXN, STM32G081GBU6N, STM32G081KBT6N, STM32G081KBUXN, STM32G0B1CCT6N, STM32G0B1KCT6, STM32G0B1NEY6TR, STM32G0B1RCT6N, STM32G0C1CCT6, STM32G0C1CCT6N, STM32G0C1CCU6N, STM32G0C1CET6N, STM32G0C1CEU6N, STM32G0C1KCT6, STM32G0C1NEY6TR, STM32G0C1RCI6N, STM32G0C1RCT6N, STM32G0C1REI6N, STM32G0C1RET6N, STM32G0C1VCI6, STM32G0C1VEI6, STM32G471CCT6, STM32G471CCU6, STM32G471CET3, STM32G471CET6, STM32G471CEU3, STM32G471CEU6, STM32G471MCT6, STM32G471MET3, STM32G471MET6, STM32G471MEY6TR, STM32G471QCT6, STM32G471QET3, STM32G471RCT6, STM32G471RET3, STM32G471RET6, STM32G471VCH6, STM32G471VCI6, STM32G471VCT6, STM32G471VEH3, STM32G471VEH6, STM32G471VEI3, STM32G471VEI6, STM32G471VET3, STM32G471VET6, STM32G474CCT6, STM32H503CBT6, STM32H503CBU6, STM32H503EBY6TR, STM32H503KBU6, STM32H503RBT6, STM32H523CCT6, STM32H523CCU6, STM32H523CET6, STM32H523CEU6, STM32H523HEY6TR, STM32H523RCT6, STM32H523RET6, STM32H523VCI6, STM32H523VCT6, STM32H523VEI6, STM32H523VET6, STM32H523ZCJ6, STM32H523ZCT6, STM32H523ZEJ6, STM32H523ZET6, STM32H533CET6, STM32H533CEU6, STM32H533HEY6TR, STM32H533RET6, STM32H533VEI6, STM32H533VET6, STM32H533ZEJ6, STM32H533ZET6, STM32H562AGI6, STM32H562AII6, STM32H562IGK6, STM32H562IGT6, STM32H562IIK6, STM32H562IIT6, STM32H562RGT6, STM32H562RGV6, STM32H562RIT6, STM32H562RIV6, STM32H562VGT6, STM32H562VIT6, STM32H562ZGT6, STM32H562ZIT6, STM32H563AGI6, STM32H563AII3Q, STM32H563AII6, STM32H563IGK6, STM32H563IGT6, STM32H563IIK3Q, STM32H563IIK6, STM32H563IIT3Q, STM32H563IIT6, STM32H563MIY3QTR, STM32H563RGT6, STM32H563RGV6, STM32H563RIT6, STM32H563RIV6, STM32H563VGT6, STM32H563VIT3Q, STM32H563VIT6, STM32H563ZGT6, STM32H563ZIT3Q, STM32H563ZIT6, STM32H573AII3Q, STM32H573AII6, STM32H573I-DK, STM32H573IIK3Q, STM32H573IIK6, STM32H573IIT3Q, STM32H573IIT6, STM32H573MIY3QTR, STM32H573RIT6, STM32H573RIV6, STM32H573VIT3Q, STM32H573VIT6, STM32H573ZIT3Q, STM32H573ZIT6, STM32H7R3A8I6, STM32H7R3I8K6, STM32H7R3I8T6, STM32H7R3L8H6, STM32H7R3L8H6H, STM32H7R3R8V6, STM32H7R3V8H6, STM32H7R3V8T6, STM32H7R3V8Y6, STM32H7R3Z8J6, STM32H7R3Z8T6, STM32H7R7A8I6, STM32H7R7I8K6, STM32H7R7I8T6, STM32H7R7L8H6, STM32H7R7L8H6H, STM32H7R7Z8J6, STM32H7S3A8I6, STM32H7S3I8K6, STM32H7S3I8T6, STM32H7S3L8H6, STM32H7S3L8H6H, STM32H7S3R8V6, STM32H7S3V8H6, STM32H7S3V8T6, STM32H7S3V8Y6, STM32H7S3Z8J6, STM32H7S3Z8T6, STM32H7S78-DK, STM32H7S7A8I6, STM32H7S7I8K6, STM32H7S7I8T6, STM32H7S7L8H6, STM32H7S7L8H6H, STM32H7S7Z8J6, STM32L4R5QGI6STR, STM32MP131AAE3, STM32MP131AAF3, STM32MP131AAG3, STM32MP131CAE3, STM32MP131CAF3, STM32MP131CAG3, STM32MP131DAE7, STM32MP131DAF7, STM32MP131DAG7, STM32MP131FAE7, STM32MP131FAF7, STM32MP131FAG7, STM32MP133AAE3, STM32MP133AAF3, STM32MP133AAG3, STM32MP133CAE3, STM32MP133CAF3, STM32MP133CAG3, STM32MP133DAE7, STM32MP133DAF7, STM32MP133DAG7, STM32MP133FAE7, STM32MP133FAF7, STM32MP133FAG7, STM32MP135AAE3, STM32MP135AAF3, STM32MP135AAG3, STM32MP135CAE3, STM32MP135CAF3, STM32MP135CAG3, STM32MP135DAE7, STM32MP135DAF7, STM32MP135DAG7, STM32MP135F-DK, STM32MP135FAE7, STM32MP135FAF7, STM32MP135FAF7T, STM32MP135FAF7U, STM32MP135FAG7, STM32U031C6T6, STM32U031C6U6, STM32U031C8T6, STM32U031C8U6, STM32U031F4P6, STM32U031F6P6, STM32U031F8P6, STM32U031G6Y6TR, STM32U031G8Y6TR, STM32U031K4U6, STM32U031K6U6, STM32U031K8U6, STM32U031R6I6, STM32U031R6T6, STM32U031R8I6, STM32U031R8T6, STM32U073C8T6, STM32U073C8U6, STM32U073CBT6, STM32U073CBU6, STM32U073CCT6, STM32U073CCU6, STM32U073H8Y6TR, STM32U073HBY6TR, STM32U073HCY6TR, STM32U073K8U6, STM32U073KBU6, STM32U073KCU6, STM32U073M8I6, STM32U073M8T6, STM32U073MBI6, STM32U073MBT6, STM32U073MCI6, STM32U073MCT6, STM32U073R8I6, STM32U073R8T6, STM32U073RBI6, STM32U073RBT6, STM32U073RCI6, STM32U073RCT6, STM32U083C-DK, STM32U083CCT6, STM32U083CCU6, STM32U083HCY6TR, STM32U083KCU6, STM32U083MCI6, STM32U083MCT6, STM32U083RCI6, STM32U083RCT6, STM32U535CBT6, STM32U535CBT6Q, STM32U535CBU6, STM32U535CBU6Q, STM32U535CCT6, STM32U535CCT6Q, STM32U535CCU6, STM32U535CCU6Q, STM32U535CET6, STM32U535CET6Q, STM32U535CEU6, STM32U535CEU6Q, STM32U535JEY6QTR, STM32U535NCY6QTR, STM32U535NEY6QTR, STM32U535RBI6, STM32U535RBI6Q, STM32U535RBT6, STM32U535RBT6Q, STM32U535RCI6, STM32U535RCI6Q, STM32U535RCT6, STM32U535RCT6Q, STM32U535REI6, STM32U535REI6Q, STM32U535RET6, STM32U535RET6Q, STM32U535VCI6, STM32U535VCI6Q, STM32U535VCT6, STM32U535VCT6Q, STM32U535VEI6, STM32U535VEI6Q, STM32U535VET6, STM32U535VET6Q, STM32U545CET6, STM32U545CET6Q, STM32U545CEU6, STM32U545CEU6Q, STM32U545JEY6QTR, STM32U545NEY6QTR, STM32U545REI6, STM32U545REI6Q, STM32U545RET6, STM32U545RET6Q, STM32U545VEI6, STM32U545VEI6Q, STM32U545VET6, STM32U545VET6Q, STM32U595AIH6, STM32U595AIH6Q, STM32U595AJH6, STM32U595AJH6Q, STM32U595QII6, STM32U595QII6Q, STM32U595QJI6, STM32U595QJI6Q, STM32U595RIT6, STM32U595RIT6Q, STM32U595RJT6, STM32U595RJT6Q, STM32U595VIT6, STM32U595VIT6Q, STM32U595VJT6, STM32U595VJT6Q, STM32U595ZIT6, STM32U595ZIT6Q, STM32U595ZIY6QTR, STM32U595ZJT6, STM32U595ZJT6Q, STM32U595ZJY6QTR, STM32U599BJY6QTR, STM32U599NIH6Q, STM32U599NJH6Q, STM32U599VIT6Q, STM32U599VJT6, STM32U599VJT6Q, STM32U599ZIT6Q, STM32U599ZIY6QTR, STM32U599ZJT6Q, STM32U599ZJY6QTR, STM32U5A5AJH6, STM32U5A5AJH6Q, STM32U5A5QII3Q , STM32U5A5QJI6, STM32U5A5QJI6Q, STM32U5A5RJT6, STM32U5A5RJT6Q, STM32U5A5VJT6, STM32U5A5VJT6Q, STM32U5A5ZJT6, STM32U5A5ZJT6Q, STM32U5A5ZJY6QTR, STM32U5A9BJY6QTR, STM32U5A9J-DK, STM32U5A9NJH6Q, STM32U5A9VJT6Q, STM32U5A9ZJT6Q, STM32U5A9ZJY6QTR, STM32U5F7VIT6, STM32U5F7VIT6Q, STM32U5F7VJT6, STM32U5F7VJT6Q, STM32U5F9BJY6QTR, STM32U5F9NJH6Q, STM32U5F9VIT6Q, STM32U5F9VJT6Q, STM32U5F9ZIJ6QTR, STM32U5F9ZIT6Q, STM32U5F9ZJJ6QTR, STM32U5F9ZJT6Q, STM32U5G7VJT6, STM32U5G7VJT6Q, STM32U5G9BJY6QTR, STM32U5G9J-DK1, STM32U5G9J-DK2, STM32U5G9NJH6Q, STM32U5G9VJT6Q, STM32U5G9ZJJ6QTR, STM32U5G9ZJT6Q, STM32WB1MMCH6, STM32WBA50KEU6, STM32WBA50KEU6TR, STM32WBA50KGU6, STM32WBA50KGU6TR, STM32WBA52CEU6, STM32WBA52CEU6TR, STM32WBA52CEU7, STM32WBA52CEU7TR, STM32WBA52CGU6, STM32WBA52CGU6TR, STM32WBA52CGU6U, STM32WBA52CGU7, STM32WBA52CGU7TR, STM32WBA52KEU6, STM32WBA52KEU6TR, STM32WBA52KGU6, STM32WBA52KGU6TR, STM32WBA54CEU6, STM32WBA54CEU6TR, STM32WBA54CEU7, STM32WBA54CEU7TR, STM32WBA54CGU6, STM32WBA54CGU6TR, STM32WBA54CGU7, STM32WBA54CGU7TR, STM32WBA54KEU6, STM32WBA54KEU6TR, STM32WBA54KEU7, STM32WBA54KEU7TR, STM32WBA54KGU6, STM32WBA54KGU6TR, STM32WBA54KGU7, STM32WBA54KGU7TR, STM32WBA55CEU6, STM32WBA55CEU6TR, STM32WBA55CEU7, STM32WBA55CEU7TR, STM32WBA55CGU6, STM32WBA55CGU6TR, STM32WBA55CGU6U, STM32WBA55CGU7, STM32WBA55CGU7TR, STM32WBA55G-DK1, STM32WBA55HEF6, STM32WBA55HEF7, STM32WBA55HGF6, STM32WBA55HGF7, STM32WBA55UEI6, STM32WBA55UEI6TR, STM32WBA55UEI7, STM32WBA55UEI7TR, STM32WBA55UGI6, STM32WBA55UGI6TR, STM32WBA55UGI7, STM32WBA55UGI7TR, STM32WL5MOCH6, STM32WL5MOCH6TR]
2024-06-28 17:26:03,157 [INFO] DbMcus:218 - Found 4096 MCUs, 4096 are supported
2024-06-28 17:26:03,157 [INFO] ApiDb:423 - Load user favorites file C:\Users\user/.stm32cubeide/favorites.mcus.txt: 3 item(s)
2024-06-28 17:26:03,157 [INFO] ApiDb:427 - User favorites MCUs=[STM32F103C8T6, STM32H723ZGT6, STM32H750VBT6]
2024-06-28 17:26:03,157 [INFO] DbMcus:224 - Set 3 / 3 favorites MCUs
2024-06-28 17:26:03,581 [INFO] ApiDb:423 - Load user favorites file C:\Users\user/.stm32cubeide/favorites.boards.txt: 2 item(s)
2024-06-28 17:26:03,581 [INFO] ApiDb:427 - User favorites Boards=[NUCLEO-H723ZG, STM32H750B-DK]
2024-06-28 17:26:03,581 [INFO] DbBoards:198 - Set 2 / 2 favorites Boards
2024-06-28 17:26:03,582 [INFO] McuFinderGlobals:76 - Set McuFinderConnectedMode to true
2024-06-28 17:26:03,591 [INFO] MultiScanPanel:200 - Auto-refresh data requested => check proxy status ongoing
2024-06-28 17:26:03,594 [INFO] FinderPluginLoader:95 - Searching for filters in installed packs
2024-06-28 17:26:05,226 [INFO] LoadUrlFilesThread:185 - End of LoadServerUrlFiles without Thread
2024-06-28 17:26:05,239 [INFO] DetailPanel:341 - Set advertising image to C:/Users/user/STM32Cube/Repository/\en.prom-stm32h7rs-mcu-finder.jpg
2024-06-28 17:26:11,285 [INFO] MultiScanPanel:200 - Auto-refresh data requested => check proxy status ongoing
2024-06-28 17:26:11,438 [INFO] LoadUrlFilesThread:185 - End of LoadServerUrlFiles without Thread
2024-06-28 17:26:11,438 [INFO] DetailPanel:341 - Set advertising image to C:/Users/user/STM32Cube/Repository/\en.prom-stm32h7rs-mcu-finder.jpg
2024-06-28 17:26:11,462 [INFO] DbBoards:642 - Loading board mini-images...
2024-06-28 17:26:13,466 [INFO] DbBoards:665 - Loaded 199 board mini-images
2024-06-28 17:26:44,843 [INFO] MainUpdater:2873 - connection check result : 10
2024-06-28 17:26:44,844 [INFO] MainUpdater:2873 - connection check result : 10
2024-06-28 17:26:44,866 [INFO] MicroXplorer:468 - Change Database Path : 
2024-06-28 17:26:44,866 [INFO] MicroXplorer:498 - Change Database Version : DB.6.0.111
2024-06-28 17:26:44,873 [WARN] ThirdParty:871 - waiting for thirdparty lock release [close project]
2024-06-28 17:26:44,873 [INFO] ThirdParty:873 - entering critical section [close project]
2024-06-28 17:26:44,875 [INFO] ThirdParty:883 - exiting critical section [close project]
2024-06-28 17:26:44,880 [INFO] PinOutPanel:1561 - setPackage(No Configuration,No Configuration)
2024-06-28 17:26:44,887 [INFO] UtilMem:75 - Begin LoadConfig() Used Memory: 898257072 Bytes (933232640)
2024-06-28 17:26:44,896 [INFO] OpenFileManager:312 - Change cursor
2024-06-28 17:26:44,967 [INFO] ProjectFactory:442 - No CPN specified for board NUCLEO-H723ZG => set CPN to STM32H723ZGT6
2024-06-28 17:26:44,968 [INFO] Mcu:2021 - Initializing MCU STM32H723ZGTx STM32H723ZGTx STM32H723ZGT6
2024-06-28 17:26:50,617 [INFO] Context:663 - Trying to add GPIOservice into a context  which must be forbidden
2024-06-28 17:26:52,175 [INFO] Rule:228 - rule 117617 - U5Cobra4M][GTZC] default value MPCBB3 and MPCBB5 - Not Secured memory - MPCBB1 is applicable
2024-06-28 17:26:52,175 [INFO] Rule:228 - rule 117617 - U5Cobra4M][GTZC] default value MPCBB3 and MPCBB5 - Not Secured memory - MPCBB1 is applicable
2024-06-28 17:26:52,176 [INFO] Rule:228 - rule 117617 - U5Cobra4M][GTZC] default value MPCBB3 and MPCBB5 - Not Secured memory - MPCBB2 is applicable
2024-06-28 17:26:52,176 [INFO] Rule:228 - rule 117617 - U5Cobra4M][GTZC] default value MPCBB3 and MPCBB5 - Not Secured memory - MPCBB2 is applicable
2024-06-28 17:26:52,176 [INFO] Rule:228 - rule 117617 - U5Cobra4M][GTZC] default value MPCBB3 and MPCBB5 - Not Secured memory - MPCBB3 is applicable
2024-06-28 17:26:52,176 [INFO] Rule:228 - rule 117617 - U5Cobra4M][GTZC] default value MPCBB3 and MPCBB5 - Not Secured memory - MPCBB3 is applicable
2024-06-28 17:26:52,176 [INFO] Rule:228 - rule 117617 - U5Cobra4M][GTZC] default value MPCBB3 and MPCBB5 - Not Secured memory - MPCBB4 is applicable
2024-06-28 17:26:52,176 [INFO] Rule:228 - rule 117617 - U5Cobra4M][GTZC] default value MPCBB3 and MPCBB5 - Not Secured memory - MPCBB4 is applicable
2024-06-28 17:26:52,176 [INFO] Rule:228 - rule 117617 - U5Cobra4M][GTZC] default value MPCBB3 and MPCBB5 - Secured memory - MPCBB1 is applicable
2024-06-28 17:26:52,176 [INFO] Rule:228 - rule 117617 - U5Cobra4M][GTZC] default value MPCBB3 and MPCBB5 - Secured memory - MPCBB2 is applicable
2024-06-28 17:26:52,176 [INFO] Rule:228 - rule 117617 - U5Cobra4M][GTZC] default value MPCBB3 and MPCBB5 - Secured memory - MPCBB3 is applicable
2024-06-28 17:26:52,176 [INFO] Rule:228 - rule 117617 - U5Cobra4M][GTZC] default value MPCBB3 and MPCBB5 - Secured memory - MPCBB4 is applicable
2024-06-28 17:26:52,176 [INFO] Rule:228 - rule 117617 - U5Cobra4M][GTZC] default value MPCBB3 and MPCBB5 - Privileged memory - MPCBB1 is applicable
2024-06-28 17:26:52,176 [INFO] Rule:228 - rule 117617 - U5Cobra4M][GTZC] default value MPCBB3 and MPCBB5 - Privileged memory - MPCBB2 is applicable
2024-06-28 17:26:52,176 [INFO] Rule:228 - rule 117617 - U5Cobra4M][GTZC] default value MPCBB3 and MPCBB5 - Privileged memory - MPCBB3 is applicable
2024-06-28 17:26:52,176 [INFO] Rule:228 - rule 117617 - U5Cobra4M][GTZC] default value MPCBB3 and MPCBB5 - Privileged memory - MPCBB4 is applicable
2024-06-28 17:26:52,176 [INFO] Rule:228 - rule 117617 - U5Cobra4M][GTZC] default value MPCBB3 and MPCBB5 - Not Privileged memory - MPCBB1 is applicable
2024-06-28 17:26:52,176 [INFO] Rule:228 - rule 117617 - U5Cobra4M][GTZC] default value MPCBB3 and MPCBB5 - Not Privileged memory - MPCBB2 is applicable
2024-06-28 17:26:52,176 [INFO] Rule:228 - rule 117617 - U5Cobra4M][GTZC] default value MPCBB3 and MPCBB5 - Not Privileged memory - MPCBB3 is applicable
2024-06-28 17:26:52,176 [INFO] Rule:228 - rule 117617 - U5Cobra4M][GTZC] default value MPCBB3 and MPCBB5 - Not Privileged memory - MPCBB4 is applicable
2024-06-28 17:26:52,176 [INFO] Rule:228 - rule 117617 - U5Cobra4M][GTZC] default value MPCBB3 and MPCBB5 - Privileged memory - MPCBB1 is applicable
2024-06-28 17:26:52,176 [INFO] Rule:228 - rule 117617 - U5Cobra4M][GTZC] default value MPCBB3 and MPCBB5 - Privileged memory - MPCBB2 is applicable
2024-06-28 17:26:52,176 [INFO] Rule:228 - rule 117617 - U5Cobra4M][GTZC] default value MPCBB3 and MPCBB5 - Privileged memory - MPCBB3 is applicable
2024-06-28 17:26:52,176 [INFO] Rule:228 - rule 117617 - U5Cobra4M][GTZC] default value MPCBB3 and MPCBB5 - Privileged memory - MPCBB4 is applicable
2024-06-28 17:26:52,176 [INFO] Rule:228 - rule 117617 - U5Cobra4M][GTZC] default value MPCBB3 and MPCBB5 - Privileged memory - MPCBB1 is applicable
2024-06-28 17:26:52,177 [INFO] Rule:228 - rule 117617 - U5Cobra4M][GTZC] default value MPCBB3 and MPCBB5 - Privileged memory - MPCBB2 is applicable
2024-06-28 17:26:52,177 [INFO] Rule:228 - rule 117617 - U5Cobra4M][GTZC] default value MPCBB3 and MPCBB5 - Privileged memory - MPCBB3 is applicable
2024-06-28 17:26:52,177 [INFO] Rule:228 - rule 117617 - U5Cobra4M][GTZC] default value MPCBB3 and MPCBB5 - Privileged memory - MPCBB4 is applicable
2024-06-28 17:26:52,177 [INFO] Rule:228 - rule 117617 - U5Cobra4M][GTZC] default value MPCBB3 and MPCBB5 - Not Privileged memory - MPCBB1 is applicable
2024-06-28 17:26:52,177 [INFO] Rule:228 - rule 117617 - U5Cobra4M][GTZC] default value MPCBB3 and MPCBB5 - Not Privileged memory - MPCBB2 is applicable
2024-06-28 17:26:52,177 [INFO] Rule:228 - rule 117617 - U5Cobra4M][GTZC] default value MPCBB3 and MPCBB5 - Not Privileged memory - MPCBB3 is applicable
2024-06-28 17:26:52,177 [INFO] Rule:228 - rule 117617 - U5Cobra4M][GTZC] default value MPCBB3 and MPCBB5 - Not Privileged memory - MPCBB4 is applicable
2024-06-28 17:26:52,177 [INFO] Rule:228 - rule 117617 - U5Cobra4M][GTZC] default value MPCBB3 and MPCBB5 - Privileged memory - MPCBB1 is applicable
2024-06-28 17:26:52,178 [INFO] Rule:228 - rule 117617 - U5Cobra4M][GTZC] default value MPCBB3 and MPCBB5 - Privileged memory - MPCBB2 is applicable
2024-06-28 17:26:52,178 [INFO] Rule:228 - rule 117617 - U5Cobra4M][GTZC] default value MPCBB3 and MPCBB5 - Privileged memory - MPCBB3 is applicable
2024-06-28 17:26:52,178 [INFO] Rule:228 - rule 117617 - U5Cobra4M][GTZC] default value MPCBB3 and MPCBB5 - Privileged memory - MPCBB4 is applicable
2024-06-28 17:26:52,178 [INFO] Rule:228 - rule WakeUp0 Mode is applicable
2024-06-28 17:26:52,180 [INFO] Rule:228 - rule WakeUp0 SIGNAL is applicable
2024-06-28 17:26:52,180 [INFO] Rule:228 - rule WakeUp1 Mode is applicable
2024-06-28 17:26:52,180 [INFO] Rule:228 - rule WakeUp1 SIGNAL is applicable
2024-06-28 17:26:52,180 [INFO] Rule:228 - rule WakeUp2 Mode is applicable
2024-06-28 17:26:52,180 [INFO] Rule:228 - rule WakeUp2 SIGNAL is applicable
2024-06-28 17:26:52,180 [INFO] Rule:228 - rule WakeUp4 Mode is applicable
2024-06-28 17:26:52,180 [INFO] Rule:228 - rule WakeUp4 SIGNAL is applicable
2024-06-28 17:26:52,180 [INFO] Rule:228 - rule WakeUp5 Mode is applicable
2024-06-28 17:26:52,180 [INFO] Rule:228 - rule WakeUp5 SIGNAL is applicable
2024-06-28 17:26:52,180 [INFO] Rule:228 - rule Change Default Value for LSE Drive Capability for WB family is applicable
2024-06-28 17:26:52,181 [INFO] Rule:228 - rule change FDCAN default value is applicable
2024-06-28 17:26:52,181 [INFO] DbConfProperties:307 - Apply Compatibility (1/48 Rules)
2024-06-28 17:26:52,412 [INFO] RtosManager:555 - Registered RTOS mode: class=CMSIS, group=RTOS, mode=CMSIS_V1, owner=FREERTOS
2024-06-28 17:26:52,412 [INFO] RtosManager:555 - Registered RTOS mode: class=CMSIS, group=RTOS2, mode=CMSIS_V2, owner=FREERTOS
2024-06-28 17:26:52,412 [INFO] RtosManager:555 - Registered RTOS mode: class=RTOS, group=Core, mode=CMSIS_V1, owner=FREERTOS
2024-06-28 17:26:52,412 [INFO] RtosManager:555 - Registered RTOS mode: class=RTOS, group=Core, mode=CMSIS_V2, owner=FREERTOS
2024-06-28 17:26:52,413 [WARN] ModelIntegratedComponent:184 - Missing modes for component STMicroelectronics:FreeRTOS:0.0.1:STMicroelectronics:RTOS:FreeRTOS:Core:::10.2.0:
2024-06-28 17:26:52,428 [WARN] ModelIntegratedComponent:182 - Modes not found for component STMicroelectronics:USB_HOST:1.0.0:STMicroelectronics:USB::USB Host:Audio FS::1.0:USB_HOST_1_0_RESTRICTED_FS
2024-06-28 17:26:52,428 [WARN] ModelIntegratedComponent:188 - Modes not found for component STMicroelectronics:USB_HOST:1.0.0:STMicroelectronics:USB::USB Host:Audio FS::1.0:USB_HOST_1_0_RESTRICTED_FS
2024-06-28 17:26:52,428 [WARN] ModelIntegratedComponent:182 - Modes not found for component STMicroelectronics:USB_HOST:1.0.0:STMicroelectronics:USB::USB Host:CDC FS::1.0:USB_HOST_1_0_RESTRICTED_FS
2024-06-28 17:26:52,428 [WARN] ModelIntegratedComponent:188 - Modes not found for component STMicroelectronics:USB_HOST:1.0.0:STMicroelectronics:USB::USB Host:CDC FS::1.0:USB_HOST_1_0_RESTRICTED_FS
2024-06-28 17:26:52,428 [WARN] ModelIntegratedComponent:182 - Modes not found for component STMicroelectronics:USB_HOST:1.0.0:STMicroelectronics:USB::USB Host:MSC FS::1.0:USB_HOST_1_0_RESTRICTED_FS
2024-06-28 17:26:52,428 [WARN] ModelIntegratedComponent:188 - Modes not found for component STMicroelectronics:USB_HOST:1.0.0:STMicroelectronics:USB::USB Host:MSC FS::1.0:USB_HOST_1_0_RESTRICTED_FS
2024-06-28 17:26:52,428 [WARN] ModelIntegratedComponent:182 - Modes not found for component STMicroelectronics:USB_HOST:1.0.0:STMicroelectronics:USB::USB Host:HID FS::1.0:USB_HOST_1_0_RESTRICTED_FS
2024-06-28 17:26:52,428 [WARN] ModelIntegratedComponent:188 - Modes not found for component STMicroelectronics:USB_HOST:1.0.0:STMicroelectronics:USB::USB Host:HID FS::1.0:USB_HOST_1_0_RESTRICTED_FS
2024-06-28 17:26:52,428 [WARN] ModelIntegratedComponent:182 - Modes not found for component STMicroelectronics:USB_HOST:1.0.0:STMicroelectronics:USB::USB Host:MTP FS::1.0:USB_HOST_1_0_RESTRICTED_FS
2024-06-28 17:26:52,428 [WARN] ModelIntegratedComponent:188 - Modes not found for component STMicroelectronics:USB_HOST:1.0.0:STMicroelectronics:USB::USB Host:MTP FS::1.0:USB_HOST_1_0_RESTRICTED_FS
2024-06-28 17:26:52,456 [WARN] ModelIntegratedComponent:63 - No mode defined for component null
2024-06-28 17:26:52,456 [WARN] ModelIntegratedComponent:63 - No mode defined for component null
2024-06-28 17:26:52,456 [WARN] ModelIntegratedComponent:63 - No mode defined for component null
2024-06-28 17:26:52,456 [WARN] ModelIntegratedComponent:63 - No mode defined for component null
2024-06-28 17:26:52,456 [WARN] ModelIntegratedComponent:63 - No mode defined for component null
2024-06-28 17:26:52,456 [WARN] ModelIntegratedComponent:63 - No mode defined for component null
2024-06-28 17:26:52,456 [WARN] ModelIntegratedComponent:63 - No mode defined for component null
2024-06-28 17:26:52,456 [WARN] ModelIntegratedComponent:63 - No mode defined for component null
2024-06-28 17:26:52,456 [WARN] ModelIntegratedComponent:63 - No mode defined for component null
2024-06-28 17:26:52,456 [WARN] ModelIntegratedComponent:63 - No mode defined for component null
2024-06-28 17:26:52,456 [WARN] ModelIntegratedComponent:63 - No mode defined for component null
2024-06-28 17:26:52,456 [WARN] ModelIntegratedComponent:63 - No mode defined for component null
2024-06-28 17:26:52,456 [WARN] ModelIntegratedComponent:63 - No mode defined for component null
2024-06-28 17:26:52,456 [WARN] ModelIntegratedComponent:63 - No mode defined for component null
2024-06-28 17:26:52,456 [WARN] ModelIntegratedComponent:63 - No mode defined for component null
2024-06-28 17:26:52,456 [WARN] ModelIntegratedComponent:63 - No mode defined for component null
2024-06-28 17:26:52,456 [WARN] ModelIntegratedComponent:63 - No mode defined for component null
2024-06-28 17:26:52,456 [WARN] ModelIntegratedComponent:63 - No mode defined for component null
2024-06-28 17:26:52,456 [WARN] ModelIntegratedComponent:63 - No mode defined for component null
2024-06-28 17:26:52,456 [WARN] ModelIntegratedComponent:63 - No mode defined for component null
2024-06-28 17:26:52,458 [WARN] ModelIntegratedComponent:63 - No mode defined for component null
2024-06-28 17:26:52,458 [WARN] ModelIntegratedComponent:63 - No mode defined for component null
2024-06-28 17:26:52,458 [WARN] ModelIntegratedComponent:63 - No mode defined for component null
2024-06-28 17:26:52,458 [WARN] ModelIntegratedComponent:63 - No mode defined for component null
2024-06-28 17:26:52,458 [WARN] ModelIntegratedComponent:63 - No mode defined for component null
2024-06-28 17:26:52,458 [WARN] ModelIntegratedComponent:63 - No mode defined for component null
2024-06-28 17:26:52,458 [WARN] ModelIntegratedComponent:63 - No mode defined for component null
2024-06-28 17:26:52,458 [WARN] ModelIntegratedComponent:63 - No mode defined for component null
2024-06-28 17:26:52,458 [WARN] ModelIntegratedComponent:63 - No mode defined for component null
2024-06-28 17:26:52,458 [WARN] ModelIntegratedComponent:63 - No mode defined for component null
2024-06-28 17:26:52,458 [WARN] ModelIntegratedComponent:63 - No mode defined for component null
2024-06-28 17:26:52,459 [WARN] ModelIntegratedComponent:63 - No mode defined for component null
2024-06-28 17:26:52,459 [WARN] ModelIntegratedComponent:63 - No mode defined for component null
2024-06-28 17:26:52,459 [WARN] ModelIntegratedComponent:63 - No mode defined for component null
2024-06-28 17:26:52,580 [WARN] ModelIntegratedComponent:182 - Modes not found for component STMicroelectronics:USB_DEVICE:1.0.0:STMicroelectronics:USB::USB Device:Audio FS::1.0:USB_DEVICE_1_0_RESTRICTED_FS
2024-06-28 17:26:52,580 [WARN] ModelIntegratedComponent:188 - Modes not found for component STMicroelectronics:USB_DEVICE:1.0.0:STMicroelectronics:USB::USB Device:Audio FS::1.0:USB_DEVICE_1_0_RESTRICTED_FS
2024-06-28 17:26:52,580 [WARN] ModelIntegratedComponent:182 - Modes not found for component STMicroelectronics:USB_DEVICE:1.0.0:STMicroelectronics:USB::USB Device:CDC FS::1.0:USB_DEVICE_1_0_RESTRICTED_FS
2024-06-28 17:26:52,580 [WARN] ModelIntegratedComponent:188 - Modes not found for component STMicroelectronics:USB_DEVICE:1.0.0:STMicroelectronics:USB::USB Device:CDC FS::1.0:USB_DEVICE_1_0_RESTRICTED_FS
2024-06-28 17:26:52,580 [WARN] ModelIntegratedComponent:182 - Modes not found for component STMicroelectronics:USB_DEVICE:1.0.0:STMicroelectronics:USB::USB Device:DFU FS::1.0:USB_DEVICE_1_0_RESTRICTED_FS
2024-06-28 17:26:52,580 [WARN] ModelIntegratedComponent:188 - Modes not found for component STMicroelectronics:USB_DEVICE:1.0.0:STMicroelectronics:USB::USB Device:DFU FS::1.0:USB_DEVICE_1_0_RESTRICTED_FS
2024-06-28 17:26:52,581 [WARN] ModelIntegratedComponent:182 - Modes not found for component STMicroelectronics:USB_DEVICE:1.0.0:STMicroelectronics:USB::USB Device:HID FS::1.0:USB_DEVICE_1_0_RESTRICTED_FS
2024-06-28 17:26:52,581 [WARN] ModelIntegratedComponent:188 - Modes not found for component STMicroelectronics:USB_DEVICE:1.0.0:STMicroelectronics:USB::USB Device:HID FS::1.0:USB_DEVICE_1_0_RESTRICTED_FS
2024-06-28 17:26:52,581 [WARN] ModelIntegratedComponent:182 - Modes not found for component STMicroelectronics:USB_DEVICE:1.0.0:STMicroelectronics:USB::USB Device:Custom HID FS::1.0:USB_DEVICE_1_0_RESTRICTED_FS
2024-06-28 17:26:52,581 [WARN] ModelIntegratedComponent:188 - Modes not found for component STMicroelectronics:USB_DEVICE:1.0.0:STMicroelectronics:USB::USB Device:Custom HID FS::1.0:USB_DEVICE_1_0_RESTRICTED_FS
2024-06-28 17:26:52,581 [WARN] ModelIntegratedComponent:182 - Modes not found for component STMicroelectronics:USB_DEVICE:1.0.0:STMicroelectronics:USB::USB Device:MSC FS::1.0:USB_DEVICE_1_0_RESTRICTED_FS
2024-06-28 17:26:52,581 [WARN] ModelIntegratedComponent:188 - Modes not found for component STMicroelectronics:USB_DEVICE:1.0.0:STMicroelectronics:USB::USB Device:MSC FS::1.0:USB_DEVICE_1_0_RESTRICTED_FS
2024-06-28 17:26:52,607 [INFO] ThirdPartyModel:298 - Start build external matchings
2024-06-28 17:26:53,203 [INFO] ThirdPartyModel:316 - End build external matchings
2024-06-28 17:26:54,310 [INFO] UtilMem:75 - End LoadConfig() Used Memory: 656388928 Bytes (1073741824)
2024-06-28 17:26:54,666 [WARN] ThirdParty:833 - waiting for thirdparty lock release [change project]
2024-06-28 17:26:54,666 [INFO] ThirdParty:835 - entering critical section [change project]
2024-06-28 17:26:54,666 [INFO] ThirdParty:1030 - CMSIS Pack Vendor :STMicroelectronics USBPD 4.1
2024-06-28 17:26:54,666 [INFO] ThirdParty:1030 - CMSIS Pack Vendor :STMicroelectronics X-CUBE-GNSS1 6.0.0
2024-06-28 17:26:54,666 [INFO] ThirdParty:1030 - CMSIS Pack Vendor :STMicroelectronics USB_HOST 2.0.0
2024-06-28 17:26:54,666 [INFO] ThirdParty:1030 - CMSIS Pack Vendor :STMicroelectronics FP-SNS-MOTENVWB1 1.4.0
2024-06-28 17:26:54,666 [INFO] ThirdParty:1030 - CMSIS Pack Vendor :STMicroelectronics X-CUBE-AZRTOS-F4 1.1.0
2024-06-28 17:26:54,666 [INFO] ThirdParty:1030 - CMSIS Pack Vendor :STMicroelectronics LIBJPEG 8.0.0
2024-06-28 17:26:54,666 [INFO] ThirdParty:1030 - CMSIS Pack Vendor :STMicroelectronics X-CUBE-SMBUS 2.1.0
2024-06-28 17:26:54,666 [INFO] ThirdParty:1030 - CMSIS Pack Vendor :STMicroelectronics USB_DEVICE 3.0.0
2024-06-28 17:26:54,666 [INFO] ThirdParty:1030 - CMSIS Pack Vendor :STMicroelectronics X-CUBE-TCPP 4.1.0
2024-06-28 17:26:54,666 [INFO] ThirdParty:1030 - CMSIS Pack Vendor :STMicroelectronics X-CUBE-FREERTOS 1.2.0
2024-06-28 17:26:54,666 [INFO] ThirdParty:1030 - CMSIS Pack Vendor :STMicroelectronics X-CUBE-AZRTOS-WB 2.0.0
2024-06-28 17:26:54,666 [INFO] ThirdParty:1030 - CMSIS Pack Vendor :wolfSSL I-CUBE-wolfSSL 5.6.6
2024-06-28 17:26:54,666 [INFO] ThirdParty:1030 - CMSIS Pack Vendor :STMicroelectronics X-CUBE-TOUCHGFX 4.21.1
2024-06-28 17:26:54,667 [INFO] ThirdParty:1030 - CMSIS Pack Vendor :STMicroelectronics X-CUBE-TOUCHGFX 4.21.0
2024-06-28 17:26:54,667 [INFO] ThirdParty:1030 - CMSIS Pack Vendor :STMicroelectronics X-CUBE-TOUCHGFX 4.23.1
2024-06-28 17:26:54,667 [INFO] ThirdParty:1030 - CMSIS Pack Vendor :STMicroelectronics X-CUBE-TOUCHGFX 4.23.0
2024-06-28 17:26:54,667 [INFO] ThirdParty:1030 - CMSIS Pack Vendor :STMicroelectronics X-CUBE-TOUCHGFX 4.23.2
2024-06-28 17:26:54,667 [INFO] ThirdParty:1030 - CMSIS Pack Vendor :STMicroelectronics X-CUBE-AZRTOS-F7 1.1.0
2024-06-28 17:26:54,667 [INFO] ThirdParty:1030 - CMSIS Pack Vendor :STMicroelectronics X-CUBE-TOUCHGFX 4.21.4
2024-06-28 17:26:54,667 [INFO] ThirdParty:1030 - CMSIS Pack Vendor :STMicroelectronics X-CUBE-AZRTOS-L5 2.0.0
2024-06-28 17:26:54,667 [INFO] ThirdParty:1030 - CMSIS Pack Vendor :STMicroelectronics USB_DEVICE 2.0.0
2024-06-28 17:26:54,667 [INFO] ThirdParty:1030 - CMSIS Pack Vendor :STMicroelectronics X-CUBE-EEPRMA1 4.2.0
2024-06-28 17:26:54,667 [INFO] ThirdParty:1030 - CMSIS Pack Vendor :STMicroelectronics X-CUBE-NFC6 3.1.0
2024-06-28 17:26:54,667 [INFO] ThirdParty:1030 - CMSIS Pack Vendor :ITTIA_DB I-CUBE-ITTIADB 8.8.0
2024-06-28 17:26:54,667 [INFO] ThirdParty:1030 - CMSIS Pack Vendor :STMicroelectronics FP-SNS-MOTENV1 4.3.2
2024-06-28 17:26:54,667 [INFO] ThirdParty:1030 - CMSIS Pack Vendor :STMicroelectronics X-CUBE-ALGOBUILD 1.3.0
2024-06-28 17:26:54,667 [INFO] ThirdParty:1030 - CMSIS Pack Vendor :STMicroelectronics FreeRTOS 0.0.1
2024-06-28 17:26:54,667 [INFO] ThirdParty:1030 - CMSIS Pack Vendor :STMicroelectronics X-CUBE-AZRTOS-G0 1.1.0
2024-06-28 17:26:54,667 [INFO] ThirdParty:1030 - CMSIS Pack Vendor :emotas I-CUBE-CANOPEN 1.1.3
2024-06-28 17:26:54,667 [INFO] ThirdParty:1030 - CMSIS Pack Vendor :STMicroelectronics X-CUBE-SAFEA1 1.2.2
2024-06-28 17:26:54,667 [INFO] ThirdParty:1030 - CMSIS Pack Vendor :STMicroelectronics X-CUBE-NFC4 3.0.0
2024-06-28 17:26:54,667 [INFO] ThirdParty:1030 - CMSIS Pack Vendor :STMicroelectronics X-CUBE-SUBG2 5.0.0
2024-06-28 17:26:54,667 [INFO] ThirdParty:1030 - CMSIS Pack Vendor :STMicroelectronics STM32_WPAN 1.0.0
2024-06-28 17:26:54,667 [INFO] ThirdParty:1030 - CMSIS Pack Vendor :STMicroelectronics lwIP 2.0.3
2024-06-28 17:26:54,667 [INFO] ThirdParty:1030 - CMSIS Pack Vendor :STMicroelectronics FP-SNS-FLIGHT1 5.0.2
2024-06-28 17:26:54,667 [INFO] ThirdParty:1030 - CMSIS Pack Vendor :Cesanta I-CUBE-Mongoose 7.13.0
2024-06-28 17:26:54,667 [INFO] ThirdParty:1030 - CMSIS Pack Vendor :STMicroelectronics USB_HOST 1.0.0
2024-06-28 17:26:54,667 [INFO] ThirdParty:1030 - CMSIS Pack Vendor :STMicroelectronics X-CUBE-TOF1 3.3.1
2024-06-28 17:26:54,667 [INFO] ThirdParty:1030 - CMSIS Pack Vendor :STMicroelectronics X-CUBE-AI 9.0.0
2024-06-28 17:26:54,667 [INFO] ThirdParty:1030 - CMSIS Pack Vendor :STMicroelectronics X-CUBE-AZRTOS-G4 2.0.0
2024-06-28 17:26:54,667 [INFO] ThirdParty:1030 - CMSIS Pack Vendor :STMicroelectronics PDM2PCM 3.1.0
2024-06-28 17:26:54,667 [INFO] ThirdParty:1030 - CMSIS Pack Vendor :STMicroelectronics X-CUBE-AZRTOS-H7 3.1.0
2024-06-28 17:26:54,667 [INFO] ThirdParty:1030 - CMSIS Pack Vendor :STMicroelectronics X-CUBE-TOF1 3.3.0
2024-06-28 17:26:54,667 [INFO] ThirdParty:1030 - CMSIS Pack Vendor :Infineon AIROC-Wi-Fi-Bluetooth-STM32 1.5.1
2024-06-28 17:26:54,667 [INFO] ThirdParty:1030 - CMSIS Pack Vendor :STMicroelectronics X-CUBE-BLEMGR 3.0.0
2024-06-28 17:26:54,667 [INFO] ThirdParty:1030 - CMSIS Pack Vendor :STMicroelectronics PDM2PCM 3.3.0
2024-06-28 17:26:54,667 [INFO] ThirdParty:1030 - CMSIS Pack Vendor :STMicroelectronics X-CUBE-DISPLAY 3.0.0
2024-06-28 17:26:54,667 [INFO] ThirdParty:1030 - CMSIS Pack Vendor :STMicroelectronics FP-SNS-MOTENVWB1 1.3.1
2024-06-28 17:26:54,667 [INFO] ThirdParty:1030 - CMSIS Pack Vendor :STMicroelectronics X-CUBE-BLE1 7.0.0
2024-06-28 17:26:54,668 [INFO] ThirdParty:1030 - CMSIS Pack Vendor :STMicroelectronics FP-ATR-SIGFOX1 3.2.0
2024-06-28 17:26:54,668 [INFO] ThirdParty:1030 - CMSIS Pack Vendor :STMicroelectronics X-CUBE-ISPU 2.0.0
2024-06-28 17:26:54,668 [INFO] ThirdParty:1030 - CMSIS Pack Vendor :STMicroelectronics X-CUBE-EEPRMA1 5.1.0
2024-06-28 17:26:54,668 [INFO] ThirdParty:1030 - CMSIS Pack Vendor :STMicroelectronics HAL Drivers 0.0.0
2024-06-28 17:26:54,668 [INFO] ThirdParty:1030 - CMSIS Pack Vendor :STMicroelectronics MBEDTLS 2.16.2
2024-06-28 17:26:54,668 [INFO] ThirdParty:1030 - CMSIS Pack Vendor :STMicroelectronics X-CUBE-ALS 1.0.2
2024-06-28 17:26:54,668 [INFO] ThirdParty:1030 - CMSIS Pack Vendor :emotas I-CUBE-CANOPEN 1.3.0
2024-06-28 17:26:54,668 [INFO] ThirdParty:1030 - CMSIS Pack Vendor :STMicroelectronics X-CUBE-MEMS1 10.0.0
2024-06-28 17:26:54,668 [INFO] ThirdParty:1030 - CMSIS Pack Vendor :STMicroelectronics X-CUBE-FREERTOS 1.1.0
2024-06-28 17:26:54,668 [INFO] ThirdParty:1030 - CMSIS Pack Vendor :STMicroelectronics X-CUBE-TOUCHGFX 4.22.0
2024-06-28 17:26:54,668 [INFO] ThirdParty:1030 - CMSIS Pack Vendor :STMicroelectronics X-CUBE-NFC7 1.0.1
2024-06-28 17:26:54,668 [INFO] ThirdParty:1030 - CMSIS Pack Vendor :STMicroelectronics MBEDTLS 2.14.1
2024-06-28 17:26:54,668 [INFO] ThirdParty:1030 - CMSIS Pack Vendor :STMicroelectronics X-CUBE-TOUCHGFX 4.22.1
2024-06-28 17:26:54,668 [INFO] ThirdParty:1030 - CMSIS Pack Vendor :STMicroelectronics X-CUBE-NFC6 3.0.0
2024-06-28 17:26:54,668 [INFO] ThirdParty:1030 - CMSIS Pack Vendor :portGmbH I-Cube-SoM-uGOAL 1.1.0
2024-06-28 17:26:54,668 [INFO] ThirdParty:1030 - CMSIS Pack Vendor :STMicroelectronics X-CUBE-ALS 1.0.1
2024-06-28 17:26:54,668 [INFO] ThirdParty:1030 - CMSIS Pack Vendor :STMicroelectronics X-CUBE-BLEMGR 3.1.0
2024-06-28 17:26:54,668 [INFO] ThirdParty:1030 - CMSIS Pack Vendor :STMicroelectronics ThreadX 1.0.0
2024-06-28 17:26:54,668 [INFO] ThirdParty:1030 - CMSIS Pack Vendor :STMicroelectronics FP-SNS-SMARTAG2 1.2.0
2024-06-28 17:26:54,669 [INFO] ThirdParty:1030 - CMSIS Pack Vendor :STMicroelectronics X-CUBE-AZRTOS-WL 2.0.0
2024-06-28 17:26:54,669 [INFO] ThirdParty:1030 - CMSIS Pack Vendor :SEGGER I-CUBE-embOS 1.3.1
2024-06-28 17:26:54,669 [INFO] ThirdParty:1030 - CMSIS Pack Vendor :STMicroelectronics X-CUBE-ALGOBUILD 1.4.0
2024-06-28 17:26:54,669 [INFO] ThirdParty:1030 - CMSIS Pack Vendor :STMicroelectronics FP-SNS-MOTENV1 5.0.0
2024-06-28 17:26:54,669 [INFO] ThirdParty:1030 - CMSIS Pack Vendor :STMicroelectronics USB_DEVICE 1.0.0
2024-06-28 17:26:54,669 [INFO] ThirdParty:1030 - CMSIS Pack Vendor :STMicroelectronics X-CUBE-AI 8.1.0
2024-06-28 17:26:54,669 [INFO] ThirdParty:1030 - CMSIS Pack Vendor :STMicroelectronics X-CUBE-AZRTOS-H7RS 1.0.0
2024-06-28 17:26:54,669 [INFO] ThirdParty:1030 - CMSIS Pack Vendor :wolfSSL I-CUBE-wolfMQTT 1.19.0
2024-06-28 17:26:54,669 [INFO] ThirdParty:1030 - CMSIS Pack Vendor :STMicroelectronics X-CUBE-AZRTOS-L4 2.0.0
2024-06-28 17:26:54,669 [INFO] ThirdParty:1030 - CMSIS Pack Vendor :STMicroelectronics ThreadX 0.0.2
2024-06-28 17:26:54,669 [INFO] ThirdParty:1030 - CMSIS Pack Vendor :WES I-CUBE-Cesium 1.3.0
2024-06-28 17:26:54,669 [INFO] ThirdParty:1030 - CMSIS Pack Vendor :STMicroelectronics FP-ATR-ASTRA1 2.0.0
2024-06-28 17:26:54,669 [INFO] ThirdParty:1030 - CMSIS Pack Vendor :STMicroelectronics lwIP 2.1.2
2024-06-28 17:26:54,669 [INFO] ThirdParty:1030 - CMSIS Pack Vendor :STMicroelectronics X-CUBE-SFXS2LP1 4.0.0
2024-06-28 17:26:54,669 [INFO] ThirdParty:1030 - CMSIS Pack Vendor :STMicroelectronics X-CUBE-BLE2 3.3.0
2024-06-28 17:26:54,669 [INFO] ThirdParty:1030 - CMSIS Pack Vendor :STMicroelectronics X-CUBE-TOF1 3.4.0
2024-06-28 17:26:54,669 [INFO] ThirdParty:1030 - CMSIS Pack Vendor :STMicroelectronics X-CUBE-TOF1 3.4.1
2024-06-28 17:26:54,669 [INFO] ThirdParty:1030 - CMSIS Pack Vendor :STMicroelectronics X-CUBE-AZRTOS-H7 3.2.0
2024-06-28 17:26:54,669 [INFO] ThirdParty:1030 - CMSIS Pack Vendor :STMicroelectronics PDM2PCM 3.2.0
2024-06-28 17:26:54,669 [INFO] ThirdParty:1030 - CMSIS Pack Vendor :STMicroelectronics X-CUBE-TOUCHGFX 4.18.0
2024-06-28 17:26:54,669 [INFO] ThirdParty:841 - exiting critical section [change project]
2024-06-28 17:26:55,447 [INFO] PinOutPanel:1561 - setPackage(No Configuration,No Configuration)
2024-06-28 17:26:55,448 [INFO] PinOutPanel:1561 - setPackage(STM32H723ZGTx,LQFP144)
2024-06-28 17:26:56,434 [INFO] UtilMem:75 - Before build in PCC Used Memory: 774739456 Bytes (1073741824)
2024-06-28 17:26:59,585 [INFO] UtilMem:75 - After build in PCC Used Memory: 734695704 Bytes (1073741824)
2024-06-28 17:26:59,739 [INFO] IPUIPlugin:80 - create IPUIPlugin
2024-06-28 17:26:59,740 [INFO] IPUIPlugin:80 - create IPUIPlugin
2024-06-28 17:26:59,740 [INFO] IPUIPlugin:80 - create IPUIPlugin
2024-06-28 17:26:59,740 [INFO] IPUIPlugin:80 - create IPUIPlugin
2024-06-28 17:26:59,740 [INFO] IPUIPlugin:80 - create IPUIPlugin
2024-06-28 17:26:59,740 [INFO] IPUIPlugin:80 - create IPUIPlugin
2024-06-28 17:26:59,741 [INFO] IPUIPlugin:80 - create IPUIPlugin
2024-06-28 17:26:59,742 [INFO] IPUIPlugin:80 - create IPUIPlugin
2024-06-28 17:26:59,742 [INFO] IPUIPlugin:80 - create IPUIPlugin
2024-06-28 17:26:59,742 [INFO] IPUIPlugin:80 - create IPUIPlugin
2024-06-28 17:26:59,742 [INFO] IPUIPlugin:80 - create IPUIPlugin
2024-06-28 17:26:59,743 [INFO] IPUIPlugin:80 - create IPUIPlugin
2024-06-28 17:26:59,743 [INFO] IPUIPlugin:80 - create IPUIPlugin
2024-06-28 17:26:59,743 [INFO] IPUIPlugin:80 - create IPUIPlugin
2024-06-28 17:26:59,743 [INFO] IPUIPlugin:80 - create IPUIPlugin
2024-06-28 17:26:59,744 [INFO] IPUIPlugin:80 - create IPUIPlugin
2024-06-28 17:26:59,744 [INFO] IPUIPlugin:80 - create IPUIPlugin
2024-06-28 17:26:59,745 [INFO] IPUIPlugin:80 - create IPUIPlugin
2024-06-28 17:26:59,745 [INFO] IPUIPlugin:80 - create IPUIPlugin
2024-06-28 17:26:59,745 [INFO] IPUIPlugin:80 - create IPUIPlugin
2024-06-28 17:26:59,745 [INFO] IPUIPlugin:80 - create IPUIPlugin
2024-06-28 17:26:59,745 [INFO] IPUIPlugin:80 - create IPUIPlugin
2024-06-28 17:26:59,745 [INFO] IPUIPlugin:80 - create IPUIPlugin
2024-06-28 17:26:59,745 [INFO] IPUIPlugin:80 - create IPUIPlugin
2024-06-28 17:26:59,746 [INFO] IPUIPlugin:80 - create IPUIPlugin
2024-06-28 17:26:59,746 [INFO] IPUIPlugin:80 - create IPUIPlugin
2024-06-28 17:26:59,746 [INFO] IPUIPlugin:80 - create IPUIPlugin
2024-06-28 17:26:59,746 [INFO] IPUIPlugin:80 - create IPUIPlugin
2024-06-28 17:26:59,746 [INFO] IPUIPlugin:80 - create IPUIPlugin
2024-06-28 17:26:59,746 [INFO] IPUIPlugin:80 - create IPUIPlugin
2024-06-28 17:26:59,747 [INFO] IPUIPlugin:80 - create IPUIPlugin
2024-06-28 17:26:59,747 [INFO] IPUIPlugin:80 - create IPUIPlugin
2024-06-28 17:26:59,747 [INFO] IPUIPlugin:80 - create IPUIPlugin
2024-06-28 17:26:59,748 [INFO] IPUIPlugin:80 - create IPUIPlugin
2024-06-28 17:26:59,749 [INFO] IPUIPlugin:80 - create IPUIPlugin
2024-06-28 17:26:59,749 [INFO] IPUIPlugin:80 - create IPUIPlugin
2024-06-28 17:26:59,750 [INFO] IPUIPlugin:80 - create IPUIPlugin
2024-06-28 17:26:59,751 [INFO] IPUIPlugin:80 - create IPUIPlugin
2024-06-28 17:26:59,752 [INFO] IPUIPlugin:80 - create IPUIPlugin
2024-06-28 17:26:59,752 [INFO] IPUIPlugin:80 - create IPUIPlugin
2024-06-28 17:26:59,753 [INFO] IPUIPlugin:80 - create IPUIPlugin
2024-06-28 17:26:59,753 [INFO] IPUIPlugin:80 - create IPUIPlugin
2024-06-28 17:26:59,754 [INFO] IPUIPlugin:80 - create IPUIPlugin
2024-06-28 17:26:59,754 [INFO] IPUIPlugin:80 - create IPUIPlugin
2024-06-28 17:26:59,754 [INFO] IPUIPlugin:80 - create IPUIPlugin
2024-06-28 17:26:59,755 [INFO] IPUIPlugin:80 - create IPUIPlugin
2024-06-28 17:26:59,755 [INFO] IPUIPlugin:80 - create IPUIPlugin
2024-06-28 17:26:59,755 [INFO] IPUIPlugin:80 - create IPUIPlugin
2024-06-28 17:26:59,756 [INFO] IPUIPlugin:80 - create IPUIPlugin
2024-06-28 17:26:59,756 [INFO] IPUIPlugin:80 - create IPUIPlugin
2024-06-28 17:26:59,757 [INFO] IPUIPlugin:80 - create IPUIPlugin
2024-06-28 17:26:59,758 [INFO] IPUIPlugin:80 - create IPUIPlugin
2024-06-28 17:26:59,758 [INFO] IPUIPlugin:80 - create IPUIPlugin
2024-06-28 17:26:59,758 [INFO] IPUIPlugin:80 - create IPUIPlugin
2024-06-28 17:26:59,759 [INFO] IPUIPlugin:80 - create IPUIPlugin
2024-06-28 17:26:59,759 [INFO] IPUIPlugin:80 - create IPUIPlugin
2024-06-28 17:26:59,760 [INFO] IPUIPlugin:80 - create IPUIPlugin
2024-06-28 17:26:59,761 [INFO] IPUIPlugin:80 - create IPUIPlugin
2024-06-28 17:26:59,761 [INFO] IPUIPlugin:80 - create IPUIPlugin
2024-06-28 17:26:59,762 [INFO] IPUIPlugin:80 - create IPUIPlugin
2024-06-28 17:26:59,762 [INFO] IPUIPlugin:80 - create IPUIPlugin
2024-06-28 17:26:59,762 [INFO] IPUIPlugin:80 - create IPUIPlugin
2024-06-28 17:26:59,763 [INFO] IPUIPlugin:80 - create IPUIPlugin
2024-06-28 17:26:59,763 [INFO] IPUIPlugin:80 - create IPUIPlugin
2024-06-28 17:26:59,763 [INFO] IPUIPlugin:80 - create IPUIPlugin
2024-06-28 17:26:59,764 [INFO] IPUIPlugin:80 - create IPUIPlugin
2024-06-28 17:26:59,764 [INFO] IPUIPlugin:80 - create IPUIPlugin
2024-06-28 17:26:59,764 [INFO] IPUIPlugin:80 - create IPUIPlugin
2024-06-28 17:26:59,765 [INFO] IPUIPlugin:80 - create IPUIPlugin
2024-06-28 17:26:59,765 [INFO] IPUIPlugin:80 - create IPUIPlugin
2024-06-28 17:26:59,766 [INFO] IPUIPlugin:80 - create IPUIPlugin
2024-06-28 17:26:59,766 [INFO] IPUIPlugin:80 - create IPUIPlugin
2024-06-28 17:26:59,767 [INFO] IPUIPlugin:80 - create IPUIPlugin
2024-06-28 17:26:59,768 [INFO] IPUIPlugin:80 - create IPUIPlugin
2024-06-28 17:26:59,769 [INFO] IPUIPlugin:80 - create IPUIPlugin
2024-06-28 17:26:59,770 [INFO] IPUIPlugin:80 - create IPUIPlugin
2024-06-28 17:26:59,770 [INFO] IPUIPlugin:80 - create IPUIPlugin
2024-06-28 17:26:59,771 [INFO] IPUIPlugin:80 - create IPUIPlugin
2024-06-28 17:26:59,772 [INFO] IPUIPlugin:80 - create IPUIPlugin
2024-06-28 17:26:59,772 [INFO] IPUIPlugin:80 - create IPUIPlugin
2024-06-28 17:26:59,772 [INFO] IPUIPlugin:80 - create IPUIPlugin
2024-06-28 17:26:59,773 [INFO] IPUIPlugin:80 - create IPUIPlugin
2024-06-28 17:26:59,774 [INFO] IPUIPlugin:80 - create IPUIPlugin
2024-06-28 17:26:59,775 [INFO] IPUIPlugin:80 - create IPUIPlugin
2024-06-28 17:26:59,775 [INFO] IPUIPlugin:80 - create IPUIPlugin
2024-06-28 17:26:59,776 [INFO] IPUIPlugin:80 - create IPUIPlugin
2024-06-28 17:26:59,776 [INFO] IPUIPlugin:80 - create IPUIPlugin
2024-06-28 17:26:59,777 [INFO] IPUIPlugin:80 - create IPUIPlugin
2024-06-28 17:26:59,777 [INFO] IPUIPlugin:80 - create IPUIPlugin
2024-06-28 17:26:59,778 [INFO] IPUIPlugin:80 - create IPUIPlugin
2024-06-28 17:26:59,778 [INFO] IPUIPlugin:80 - create IPUIPlugin
2024-06-28 17:26:59,779 [INFO] IPUIPlugin:80 - create IPUIPlugin
2024-06-28 17:26:59,779 [INFO] IPUIPlugin:80 - create IPUIPlugin
2024-06-28 17:26:59,779 [INFO] IPUIPlugin:80 - create IPUIPlugin
2024-06-28 17:26:59,780 [INFO] IPUIPlugin:80 - create IPUIPlugin
2024-06-28 17:26:59,781 [INFO] IPUIPlugin:80 - create IPUIPlugin
2024-06-28 17:26:59,782 [INFO] IPUIPlugin:80 - create IPUIPlugin
2024-06-28 17:26:59,782 [INFO] IPUIPlugin:80 - create IPUIPlugin
2024-06-28 17:26:59,782 [INFO] IPUIPlugin:80 - create IPUIPlugin
2024-06-28 17:26:59,783 [INFO] IPUIPlugin:80 - create IPUIPlugin
2024-06-28 17:26:59,784 [INFO] IPUIPlugin:80 - create IPUIPlugin
2024-06-28 17:26:59,784 [INFO] IPUIPlugin:80 - create IPUIPlugin
2024-06-28 17:26:59,785 [INFO] IPUIPlugin:80 - create IPUIPlugin
2024-06-28 17:26:59,786 [INFO] IPUIPlugin:80 - create IPUIPlugin
2024-06-28 17:26:59,786 [INFO] IPUIPlugin:80 - create IPUIPlugin
2024-06-28 17:26:59,849 [INFO] ApiDbMcu:508 - Load IP Config File for PDM2PCM
2024-06-28 17:27:00,255 [INFO] CADModel:165 - CPN selected for project levelSTM32H723ZGT6
2024-06-28 17:27:00,255 [INFO] CADModel:114 - Register for checkConnection events
2024-06-28 17:27:00,304 [INFO] OpenFileManager:343 - Restore cursor
2024-06-28 17:27:01,800 [INFO] UtilMem:75 - End SaveConfig() Used Memory: 757712896 Bytes (1073741824)
2024-06-28 17:27:01,950 [INFO] UtilMem:75 - End SaveConfig() Used Memory: 801753088 Bytes (1073741824)
2024-06-28 17:27:02,572 [INFO] BlockDiagram:2759 - set Specific Code input for plugin: RCC
2024-06-28 17:27:02,572 [INFO] BlockDiagram:2759 - set Specific Code input for plugin: SYS
2024-06-28 17:27:02,572 [INFO] BlockDiagram:2759 - set Specific Code input for plugin: NVIC
2024-06-28 17:27:02,573 [INFO] BlockDiagram:2759 - set Specific Code input for plugin: GPIO
2024-06-28 17:27:02,574 [INFO] CodeGenerator:807 - code generatio: config db path: C:\ST\STM32CubeIDE_1.12.0\STM32CubeIDE\plugins\com.st.stm32cube.common.mx_6.11.1.202404110753\\db\
2024-06-28 17:27:02,959 [INFO] CodeEngine:255 - oldGeneratedFile, D:\STM32\bt_723\MXTmpFiles\license.tmp_save
2024-06-28 17:27:03,643 [INFO] CodeEngine:279 - Generated code: D:\STM32\bt_723\MXTmpFiles\license.tmp
2024-06-28 17:27:03,816 [INFO] CodeEngine:255 - oldGeneratedFile, D:\STM32\bt_723\MXTmpFiles\gpio.tmp_save
2024-06-28 17:27:04,017 [INFO] CodeEngine:279 - Generated code: D:\STM32\bt_723\MXTmpFiles\gpio.tmp
2024-06-28 17:27:04,228 [INFO] CodeEngine:255 - oldGeneratedFile, D:\STM32\bt_723\MXTmpFiles\cortex.tmp_save
2024-06-28 17:27:04,321 [INFO] CodeEngine:279 - Generated code: D:\STM32\bt_723\MXTmpFiles\cortex.tmp
2024-06-28 17:27:04,333 [INFO] CodeEngine:255 - oldGeneratedFile, D:\STM32\bt_723\Core\Src\stm32h7xx_it.c_save
2024-06-28 17:27:04,461 [INFO] CodeEngine:279 - Generated code: D:\STM32\bt_723\Core\Src\stm32h7xx_it.c
2024-06-28 17:27:04,464 [INFO] CodeEngine:255 - oldGeneratedFile, D:\STM32\bt_723\Core\Inc\stm32h7xx_it.h_save
2024-06-28 17:27:04,540 [INFO] CodeEngine:279 - Generated code: D:\STM32\bt_723\Core\Inc\stm32h7xx_it.h
2024-06-28 17:27:04,733 [INFO] CodeEngine:255 - oldGeneratedFile, D:\STM32\bt_723\Core\Src\stm32h7xx_hal_msp.c_save
2024-06-28 17:27:04,834 [INFO] CodeEngine:279 - Generated code: D:\STM32\bt_723\Core\Src\stm32h7xx_hal_msp.c
2024-06-28 17:27:04,837 [INFO] CodeEngine:255 - oldGeneratedFile, D:\STM32\bt_723\MXTmpFiles\system.tmp_save
2024-06-28 17:27:04,908 [INFO] CodeEngine:279 - Generated code: D:\STM32\bt_723\MXTmpFiles\system.tmp
2024-06-28 17:27:04,916 [INFO] CodeEngine:311 - oldGeneratedFile, D:\STM32\bt_723\Core\Inc\stm32h7xx_hal_conf.h_save
2024-06-28 17:27:04,989 [INFO] CodeEngine:335 - Generated code: D:\STM32\bt_723\Core\Inc\stm32h7xx_hal_conf.h
2024-06-28 17:27:05,069 [INFO] CodeEngine:255 - oldGeneratedFile, D:\STM32\bt_723\Core\Inc\main.h_save
2024-06-28 17:27:05,156 [INFO] CodeEngine:279 - Generated code: D:\STM32\bt_723\Core\Inc\main.h
2024-06-28 17:27:05,162 [INFO] CodeEngine:255 - oldGeneratedFile, D:\STM32\bt_723\Core\Src\main.c_save
2024-06-28 17:27:05,279 [INFO] CodeEngine:279 - Generated code: D:\STM32\bt_723\Core\Src\main.c
2024-06-28 17:27:06,064 [INFO] ProjectBuilder:3163 - Time for Copy HAL[1] : 471mS.
2024-06-28 17:27:06,067 [INFO] ProjectBuilder:4736 - Project Generator version: 4.3.0-B58
2024-06-28 17:27:06,191 [INFO] ConfigFileManager:1503 - The Die is : DIE483
2024-06-28 17:27:06,204 [INFO] ApiDbMcu:508 - Load IP Config File for FATFS
2024-06-28 17:27:06,209 [INFO] ApiDbMcu:508 - Load IP Config File for FREERTOS
2024-06-28 17:27:06,214 [INFO] ApiDbMcu:508 - Load IP Config File for LIBJPEG
2024-06-28 17:27:06,249 [INFO] ApiDbMcu:508 - Load IP Config File for LWIP
2024-06-28 17:27:06,260 [INFO] ApiDbMcu:508 - Load IP Config File for MBEDTLS
2024-06-28 17:27:06,272 [INFO] ApiDbMcu:508 - Load IP Config File for USB_DEVICE
2024-06-28 17:27:06,277 [INFO] ApiDbMcu:508 - Load IP Config File for USB_HOST
2024-06-28 17:27:06,748 [INFO] LogOutputStream:77 - [STDOUT_REDIRECT] 
2024-06-28 17:27:09,702 [INFO] ProjectBuilder:5002 - Time for Generating toolchain IDE Files: 3635mS.
2024-06-28 17:27:09,702 [INFO] ProjectBuilder:3034 - Time for Copy CMSIS : 0mS.
2024-06-28 17:27:09,705 [INFO] ProjectBuilder:3034 - Time for Copy CMSIS : 0mS.
2024-06-28 17:27:11,288 [INFO] McuFinderGlobals:76 - Set McuFinderConnectedMode to true
2024-06-28 17:27:11,294 [INFO] ApiDb:448 - Save user favorites file C:\Users\user/.stm32cubeide/favorites.mcus.txt: 3 item(s)
2024-06-28 17:27:11,295 [INFO] ApiDb:452 - User favorites MCUs=[STM32F103C8T6, STM32H723ZGT6, STM32H750VBT6]
2024-06-28 17:27:11,298 [INFO] ApiDb:448 - Save user favorites file C:\Users\user/.stm32cubeide/favorites.boards.txt: 2 item(s)
2024-06-28 17:27:11,298 [INFO] ApiDb:452 - User favorites Boards=[NUCLEO-H723ZG, STM32H750B-DK]
2024-06-28 17:27:37,065 [WARN] MainPanel:272 - <html><b><center>Warning: This peripheral has no parameters to be configured<br></b></html>
2024-06-28 17:27:41,870 [WARN] MainPanel:272 - <html><b><center>Warning: This peripheral has no parameters to be configured<br></b></html>
2024-06-28 17:27:49,520 [WARN] MainPanel:272 - <html><b><center>Warning: This peripheral has no parameters to be configured<br></b></html>
2024-06-28 17:27:51,426 [WARN] MainPanel:272 - <html><b><center>Warning: This peripheral has no parameters to be configured<br></b></html>
2024-06-28 17:27:59,655 [WARN] MainPanel:272 - <html><b><center>Warning: This peripheral has no parameters to be configured<br></b></html>
2024-06-28 17:28:03,053 [WARN] MainPanel:272 - <html><b><center>Warning: This peripheral has no parameters to be configured<br></b></html>
2024-06-28 17:28:04,759 [WARN] MainPanel:272 - <html><b><center>Warning: This peripheral has no parameters to be configured<br></b></html>
2024-06-28 17:28:06,860 [WARN] MainPanel:272 - <html><b><center>Warning: This peripheral has no parameters to be configured<br></b></html>
2024-06-28 17:28:10,070 [WARN] MainPanel:272 - <html><b><center>Warning: This peripheral has no parameters to be configured<br></b></html>
2024-06-28 17:28:11,907 [WARN] MainPanel:272 - <html><b><center>Warning: This peripheral has no parameters to be configured<br></b></html>
2024-06-28 17:28:15,603 [WARN] MainPanel:272 - <html><b><center>Warning: This peripheral has no parameters to be configured<br></b></html>
2024-06-28 17:29:37,633 [INFO] WebApp:354 - JxBrowser engine has been closed 
