2023-12-25 08:41:46,824 [INFO] Activator:176 - 


2023-12-25 08:41:46,831 [INFO] Activator:177 - !SESSION log4j initialized
2023-12-25 08:41:50,061 [ERROR] LogOutputStream:75 - [STDERR_REDIRECT] ?.?. 25, 2023 8:41:50 ??????? org.glassfish.grizzly.http.server.NetworkListener start
2023-12-25 08:41:50,063 [ERROR] LogOutputStream:75 - [STDERR_REDIRECT] INFO: Started listener bound to [localhost:1598]
2023-12-25 08:41:50,064 [ERROR] LogOutputStream:75 - [STDERR_REDIRECT] 
2023-12-25 08:41:50,066 [ERROR] LogOutputStream:75 - [STDERR_REDIRECT] ?.?. 25, 2023 8:41:50 ??????? org.glassfish.grizzly.http.server.HttpServer start
2023-12-25 08:41:50,067 [ERROR] LogOutputStream:75 - [STDERR_REDIRECT] INFO: [HttpServer] Started.
2023-12-25 08:41:50,068 [ERROR] LogOutputStream:75 - [STDERR_REDIRECT] 
2023-12-25 08:41:51,371 [INFO] LogOutputStream:77 - [STDOUT_REDIRECT] 
2023-12-25 08:41:54,194 [INFO] ApplicationProperties:184 - Using Application install path: C:\ST\STM32CubeIDE_1.12.0\STM32CubeIDE\plugins\com.st.stm32cube.common.mx_6.10.0.202311202037
2023-12-25 08:41:54,234 [INFO] DbMcusXml:78 - Set database path to: C:\ST\STM32CubeIDE_1.12.0\STM32CubeIDE\plugins\com.st.stm32cube.common.mx_6.10.0.202311202037\\db\/mcu/
2023-12-25 08:41:54,234 [INFO] ApiDb:274 - Set plugin database path to: C:\ST\STM32CubeIDE_1.12.0\STM32CubeIDE\plugins\com.st.stm32cube.common.mx_6.10.0.202311202037\\db\/plugins/boardmanager/
2023-12-25 08:41:54,235 [WARN] ApiDb:259 - Overriding images path with different value:  => C:\ST\STM32CubeIDE_1.12.0\STM32CubeIDE\plugins\com.st.stm32cube.common.mx_6.10.0.202311202037\\db\/plugins/mcufinder/images/
2023-12-25 08:41:54,269 [INFO] ApiDb:250 - Set database path to: C:\Users\user\.stmcufinder\plugins\mcufinder//mcu/
2023-12-25 08:41:54,271 [INFO] DbMcusAds:125 - Set database path to: C:\Users\user\.stmcufinder\plugins\mcufinder//mcu/
2023-12-25 08:41:54,273 [INFO] CrossReferenceDbSqlite:203 - Set database path to: C:\Users\user\.stmcufinder\plugins\mcufinder//mcu/cs/
2023-12-25 08:41:54,428 [INFO] RulesReader:64 - Compatibility file has been processed (297 Rules)
2023-12-25 08:41:54,528 [INFO] DbMcusXml:78 - Set database path to: C:\ST\STM32CubeIDE_1.12.0\STM32CubeIDE\plugins\com.st.stm32cube.common.mx_6.10.0.202311202037\\db\/mcu/
2023-12-25 08:41:54,528 [INFO] ApiDb:274 - Set plugin database path to: C:\ST\STM32CubeIDE_1.12.0\STM32CubeIDE\plugins\com.st.stm32cube.common.mx_6.10.0.202311202037\\db\/plugins/boardmanager/
2023-12-25 08:41:54,528 [INFO] ApiDb:261 - Set plugin images path to: C:\ST\STM32CubeIDE_1.12.0\STM32CubeIDE\plugins\com.st.stm32cube.common.mx_6.10.0.202311202037\\db\/plugins/mcufinder/images/
2023-12-25 08:41:54,528 [WARN] DbFile:41 - Overriding database path with different value: C:\Users\user\.stmcufinder\plugins\mcufinder/ => C:\Users\user\.stmcufinder\plugins\mcufinder
2023-12-25 08:41:54,528 [INFO] ApiDb:250 - Set database path to: C:\Users\user\.stmcufinder\plugins\mcufinder//mcu/
2023-12-25 08:41:54,528 [WARN] DbFile:41 - Overriding database path with different value: C:\Users\user\.stmcufinder\plugins\mcufinder/ => C:\Users\user\.stmcufinder\plugins\mcufinder
2023-12-25 08:41:54,529 [INFO] DbMcusAds:125 - Set database path to: C:\Users\user\.stmcufinder\plugins\mcufinder//mcu/
2023-12-25 08:41:54,529 [WARN] DbFile:41 - Overriding database path with different value: C:\Users\user\.stmcufinder\plugins\mcufinder/ => C:\Users\user\.stmcufinder\plugins\mcufinder
2023-12-25 08:41:54,529 [WARN] DbFile:41 - Overriding database path with different value: C:\Users\user\.stmcufinder\plugins\mcufinder/ => C:\Users\user\.stmcufinder\plugins\mcufinder
2023-12-25 08:41:54,529 [INFO] CrossReferenceDbSqlite:203 - Set database path to: C:\Users\user\.stmcufinder\plugins\mcufinder//mcu/cs/
2023-12-25 08:41:54,630 [INFO] MainPanel:264 - HeapMemory: 268435456
2023-12-25 08:41:54,788 [INFO] DbMcusXml:78 - Set database path to: C:\ST\STM32CubeIDE_1.12.0\STM32CubeIDE\plugins\com.st.stm32cube.common.mx_6.10.0.202311202037\\db\/mcu/
2023-12-25 08:41:54,788 [INFO] ApiDb:274 - Set plugin database path to: C:\ST\STM32CubeIDE_1.12.0\STM32CubeIDE\plugins\com.st.stm32cube.common.mx_6.10.0.202311202037\\db\/plugins/boardmanager/
2023-12-25 08:41:54,789 [INFO] ApiDb:261 - Set plugin images path to: C:\ST\STM32CubeIDE_1.12.0\STM32CubeIDE\plugins\com.st.stm32cube.common.mx_6.10.0.202311202037\\db\/plugins/mcufinder/images/
2023-12-25 08:41:54,789 [WARN] DbFile:41 - Overriding database path with different value: C:\Users\user\.stmcufinder\plugins\mcufinder/ => C:\Users\user\.stmcufinder\plugins\mcufinder
2023-12-25 08:41:54,789 [INFO] ApiDb:250 - Set database path to: C:\Users\user\.stmcufinder\plugins\mcufinder//mcu/
2023-12-25 08:41:54,789 [WARN] DbFile:41 - Overriding database path with different value: C:\Users\user\.stmcufinder\plugins\mcufinder/ => C:\Users\user\.stmcufinder\plugins\mcufinder
2023-12-25 08:41:54,789 [INFO] DbMcusAds:125 - Set database path to: C:\Users\user\.stmcufinder\plugins\mcufinder//mcu/
2023-12-25 08:41:54,789 [WARN] DbFile:41 - Overriding database path with different value: C:\Users\user\.stmcufinder\plugins\mcufinder/ => C:\Users\user\.stmcufinder\plugins\mcufinder
2023-12-25 08:41:54,790 [WARN] DbFile:41 - Overriding database path with different value: C:\Users\user\.stmcufinder\plugins\mcufinder/ => C:\Users\user\.stmcufinder\plugins\mcufinder
2023-12-25 08:41:54,790 [INFO] CrossReferenceDbSqlite:203 - Set database path to: C:\Users\user\.stmcufinder\plugins\mcufinder//mcu/cs/
2023-12-25 08:41:54,813 [INFO] ApplicationProperties:184 - Using Application install path: C:\ST\STM32CubeIDE_1.12.0\STM32CubeIDE\plugins\com.st.stm32cube.common.mx_6.10.0.202311202037
2023-12-25 08:41:54,815 [INFO] PluginManage:196 - Search for loadable plugins [exclusion list=, ]
2023-12-25 08:41:54,826 [INFO] PluginManage:310 - Check plugin analytics
2023-12-25 08:41:55,071 [INFO] AnalyticsPlugin:253 - Accepted Software Licenses: STM32CubeMX.6.8.0,STM32CubeMX.6.8.1,STM32CubeMX.6.5.0,STM32CubeMX.6.9.1,STM32CubeMX.6.9.2,STM32CubeMX.6.10.0
2023-12-25 08:41:55,072 [INFO] AnalyticsPlugin:255 - Accepted CMSIS Pack Licenses: emotas.I-CUBE-CANOPEN.1.1.3,STMicroelectronics.X-CUBE-TOUCHGFX.4.21.0,STMicroelectronics.X-CUBE-TOUCHGFX.4.21.1,STMicroelectronics.X-CUBE-TOUCHGFX.4.18.0,STMicroelectronics.X-CUBE-TOUCHGFX.4.22.1,STMicroelectronics.X-CUBE-AZRTOS-H7.3.1.0,STMicroelectronics.X-CUBE-AZRTOS-H7.3.2.0,ITTIA_DB.I-CUBE-ITTIADB.8.8.0
2023-12-25 08:41:55,072 [INFO] AnalyticsPlugin:257 - Accepted Firmware Licenses: FW.H7.1.11.0,FW.G0.1.6.0,FW.F4.1.27.0
2023-12-25 08:41:55,076 [INFO] PluginManage:359 - Loaded plugin analytics (category:tool,tabindex:-1)
2023-12-25 08:41:55,076 [INFO] PluginManage:310 - Check plugin cadmodel
2023-12-25 08:41:55,084 [INFO] CADModel:105 - Init CAD model plugin
2023-12-25 08:41:55,085 [INFO] PluginManage:359 - Loaded plugin cadmodel (category:power,tabindex:5)
2023-12-25 08:41:55,085 [INFO] PluginManage:310 - Check plugin clock
2023-12-25 08:41:55,102 [INFO] PluginManage:359 - Loaded plugin clock (category:base,tabindex:2)
2023-12-25 08:41:55,102 [INFO] PluginManage:310 - Check plugin ddr
2023-12-25 08:41:55,106 [INFO] PluginManage:359 - Loaded plugin ddr (category:tool,tabindex:6)
2023-12-25 08:41:55,106 [INFO] PluginManage:310 - Check plugin filemanager
2023-12-25 08:41:55,391 [INFO] PluginManage:359 - Loaded plugin filemanager (category:base,tabindex:10)
2023-12-25 08:41:55,391 [INFO] PluginManage:310 - Check plugin ipmanager
2023-12-25 08:41:55,403 [INFO] PluginManage:359 - Loaded plugin ipmanager (category:base,tabindex:5)
2023-12-25 08:41:55,403 [INFO] PluginManage:310 - Check plugin lpbam
2023-12-25 08:41:55,418 [INFO] PluginManage:359 - Loaded plugin lpbam (category:base,tabindex:0)
2023-12-25 08:41:55,418 [INFO] PluginManage:310 - Check plugin memorymap
2023-12-25 08:41:55,442 [INFO] PluginManage:359 - Loaded plugin memorymap (category:base,tabindex:4)
2023-12-25 08:41:55,442 [INFO] PluginManage:310 - Check plugin pinoutandconfiguration
2023-12-25 08:41:55,457 [INFO] PluginManage:359 - Loaded plugin pinoutandconfiguration (category:base,tabindex:1)
2023-12-25 08:41:55,458 [INFO] PluginManage:310 - Check plugin pinoutconfig
2023-12-25 08:41:55,594 [WARN] SupportedApi:132 - Cannot load RTOS API schema: s4s-elt-must-match.1: The content of 'definitions' must match (annotation?, (simpleType | complexType)?, (unique | key | keyref)*)). A problem was found starting at: attribute.
2023-12-25 08:41:55,805 [INFO] PluginManage:359 - Loaded plugin pinoutconfig (category:base,tabindex:0)
2023-12-25 08:41:55,805 [INFO] PluginManage:310 - Check plugin power
2023-12-25 08:41:55,819 [INFO] PluginManage:359 - Loaded plugin power (category:power,tabindex:4)
2023-12-25 08:41:55,819 [INFO] PluginManage:310 - Check plugin projectmanager
2023-12-25 08:41:55,843 [INFO] PluginManage:359 - Loaded plugin projectmanager (category:projectmanager,tabindex:3)
2023-12-25 08:41:55,843 [INFO] PluginManage:310 - Check plugin thirdparty
2023-12-25 08:41:56,062 [INFO] PluginManage:359 - Loaded plugin thirdparty (category:base,tabindex:-1)
2023-12-25 08:41:56,062 [WARN] IntegrityCheckThread:84 - waiting for thirdparty lock release [integrity check]
2023-12-25 08:41:56,062 [INFO] PluginManage:310 - Check plugin tools
2023-12-25 08:41:56,062 [INFO] IntegrityCheckThread:86 - entering critical section [integrity check]
2023-12-25 08:41:56,063 [INFO] ThirdPartyUpdaterWithRetryManager:70 - Updater plugin not ready yet. [1/15]
2023-12-25 08:41:56,066 [INFO] PluginManage:359 - Loaded plugin tools (category:base,tabindex:7)
2023-12-25 08:41:56,066 [INFO] PluginManage:310 - Check plugin tutovideos
2023-12-25 08:41:56,335 [INFO] PluginManage:359 - Loaded plugin tutovideos (category:base,tabindex:-1)
2023-12-25 08:41:56,335 [INFO] PluginManage:310 - Check plugin updater
2023-12-25 08:41:56,353 [INFO] PluginManage:359 - Loaded plugin updater (category:base,tabindex:12)
2023-12-25 08:41:56,353 [INFO] PluginManage:310 - Check plugin userauth
2023-12-25 08:41:56,361 [INFO] UserAuth:114 - Init User Auth plugin
2023-12-25 08:41:56,361 [INFO] PluginManage:359 - Loaded plugin userauth (category:base,tabindex:14)
2023-12-25 08:41:56,362 [INFO] PluginManage:283 - PluginManage : Loaded plugins [17]
2023-12-25 08:41:56,742 [INFO] PinOutPanel:1499 - setPackage(No Configuration,No Configuration)
2023-12-25 08:41:56,958 [INFO] CADModel:165 - CPN selected for project level
2023-12-25 08:41:56,959 [INFO] CADModel:114 - Register for checkConnection events
2023-12-25 08:41:56,990 [INFO] IPUIPlugin:80 - create IPUIPlugin
2023-12-25 08:41:56,990 [INFO] PluginManager:220 - loadIPPluginJar : add adc
2023-12-25 08:41:57,002 [INFO] IPUIPlugin:80 - create IPUIPlugin
2023-12-25 08:41:57,002 [INFO] PluginManager:220 - loadIPPluginJar : add aes
2023-12-25 08:41:57,007 [INFO] IPUIPlugin:80 - create IPUIPlugin
2023-12-25 08:41:57,007 [INFO] PluginManager:220 - loadIPPluginJar : add can
2023-12-25 08:41:57,009 [INFO] IPUIPlugin:80 - create IPUIPlugin
2023-12-25 08:41:57,009 [INFO] PluginManager:220 - loadIPPluginJar : add comp
2023-12-25 08:41:57,015 [INFO] IPUIPlugin:80 - create IPUIPlugin
2023-12-25 08:41:57,015 [INFO] PluginManager:220 - loadIPPluginJar : add cryp
2023-12-25 08:41:57,021 [INFO] IPUIPlugin:80 - create IPUIPlugin
2023-12-25 08:41:57,021 [INFO] PluginManager:220 - loadIPPluginJar : add dfsdm
2023-12-25 08:41:57,033 [INFO] IPUIPlugin:80 - create IPUIPlugin
2023-12-25 08:41:57,033 [INFO] PluginManager:220 - loadIPPluginJar : add dma
2023-12-25 08:41:57,038 [INFO] IPUIPlugin:80 - create IPUIPlugin
2023-12-25 08:41:57,038 [INFO] PluginManager:220 - loadIPPluginJar : add dma3
2023-12-25 08:41:57,042 [INFO] IPUIPlugin:80 - create IPUIPlugin
2023-12-25 08:41:57,042 [INFO] PluginManager:220 - loadIPPluginJar : add fatfs
2023-12-25 08:41:57,049 [INFO] IPUIPlugin:80 - create IPUIPlugin
2023-12-25 08:41:57,049 [INFO] PluginManager:220 - loadIPPluginJar : add fmc
2023-12-25 08:41:57,065 [INFO] IPUIPlugin:80 - create IPUIPlugin
2023-12-25 08:41:57,065 [INFO] PluginManager:220 - loadIPPluginJar : add freertos
2023-12-25 08:41:57,070 [INFO] IPUIPlugin:80 - create IPUIPlugin
2023-12-25 08:41:57,070 [INFO] PluginManager:220 - loadIPPluginJar : add genericplugin
2023-12-25 08:41:57,075 [INFO] IPUIPlugin:80 - create IPUIPlugin
2023-12-25 08:41:57,075 [INFO] PluginManager:220 - loadIPPluginJar : add gfxmmu
2023-12-25 08:41:57,084 [INFO] IPUIPlugin:80 - create IPUIPlugin
2023-12-25 08:41:57,084 [INFO] PluginManager:220 - loadIPPluginJar : add gic
2023-12-25 08:41:57,092 [INFO] IPUIPlugin:80 - create IPUIPlugin
2023-12-25 08:41:57,092 [INFO] PluginManager:220 - loadIPPluginJar : add gpio
2023-12-25 08:41:57,099 [INFO] IPUIPlugin:80 - create IPUIPlugin
2023-12-25 08:41:57,099 [INFO] PluginManager:220 - loadIPPluginJar : add gtzc
2023-12-25 08:41:57,103 [INFO] IPUIPlugin:80 - create IPUIPlugin
2023-12-25 08:41:57,104 [INFO] PluginManager:220 - loadIPPluginJar : add hash
2023-12-25 08:41:57,107 [INFO] IPUIPlugin:80 - create IPUIPlugin
2023-12-25 08:41:57,107 [INFO] PluginManager:220 - loadIPPluginJar : add i2c
2023-12-25 08:41:57,113 [INFO] IPUIPlugin:80 - create IPUIPlugin
2023-12-25 08:41:57,114 [INFO] PluginManager:220 - loadIPPluginJar : add i2s
2023-12-25 08:41:57,119 [INFO] IPUIPlugin:80 - create IPUIPlugin
2023-12-25 08:41:57,119 [INFO] PluginManager:220 - loadIPPluginJar : add i3c
2023-12-25 08:41:57,125 [INFO] IPUIPlugin:80 - create IPUIPlugin
2023-12-25 08:41:57,125 [INFO] PluginManager:220 - loadIPPluginJar : add ipddr
2023-12-25 08:41:57,138 [INFO] IPUIPlugin:80 - create IPUIPlugin
2023-12-25 08:41:57,138 [INFO] PluginManager:220 - loadIPPluginJar : add linkedlist
2023-12-25 08:41:57,142 [INFO] IPUIPlugin:80 - create IPUIPlugin
2023-12-25 08:41:57,143 [INFO] PluginManager:220 - loadIPPluginJar : add lorawan
2023-12-25 08:41:57,147 [INFO] IPUIPlugin:80 - create IPUIPlugin
2023-12-25 08:41:57,147 [INFO] PluginManager:220 - loadIPPluginJar : add ltdc
2023-12-25 08:41:57,157 [INFO] IPUIPlugin:80 - create IPUIPlugin
2023-12-25 08:41:57,157 [INFO] PluginManager:220 - loadIPPluginJar : add mdma
2023-12-25 08:41:57,166 [INFO] IPUIPlugin:80 - create IPUIPlugin
2023-12-25 08:41:57,167 [INFO] PluginManager:220 - loadIPPluginJar : add nvic
2023-12-25 08:41:57,173 [INFO] IPUIPlugin:80 - create IPUIPlugin
2023-12-25 08:41:57,173 [INFO] PluginManager:220 - loadIPPluginJar : add opamp
2023-12-25 08:41:57,178 [INFO] IPUIPlugin:80 - create IPUIPlugin
2023-12-25 08:41:57,179 [INFO] PluginManager:220 - loadIPPluginJar : add openamp
2023-12-25 08:41:57,185 [INFO] IPUIPlugin:80 - create IPUIPlugin
2023-12-25 08:41:57,186 [INFO] PluginManager:220 - loadIPPluginJar : add pdm2pcm
2023-12-25 08:41:57,196 [INFO] IPUIPlugin:80 - create IPUIPlugin
2023-12-25 08:41:57,202 [INFO] PluginManager:220 - loadIPPluginJar : add plateformsettings
2023-12-25 08:41:57,206 [INFO] IPUIPlugin:80 - create IPUIPlugin
2023-12-25 08:41:57,206 [INFO] PluginManager:220 - loadIPPluginJar : add quadspi
2023-12-25 08:41:57,212 [INFO] IPUIPlugin:80 - create IPUIPlugin
2023-12-25 08:41:57,212 [INFO] PluginManager:220 - loadIPPluginJar : add resmgrutility
2023-12-25 08:41:57,225 [INFO] IPUIPlugin:80 - create IPUIPlugin
2023-12-25 08:41:57,225 [INFO] PluginManager:220 - loadIPPluginJar : add sai
2023-12-25 08:41:57,232 [INFO] IPUIPlugin:80 - create IPUIPlugin
2023-12-25 08:41:57,233 [INFO] PluginManager:220 - loadIPPluginJar : add spi
2023-12-25 08:41:57,241 [INFO] IPUIPlugin:80 - create IPUIPlugin
2023-12-25 08:41:57,241 [INFO] PluginManager:220 - loadIPPluginJar : add stm32_wpan
2023-12-25 08:41:57,245 [INFO] IPUIPlugin:80 - create IPUIPlugin
2023-12-25 08:41:57,245 [INFO] PluginManager:220 - loadIPPluginJar : add tim
2023-12-25 08:41:57,251 [INFO] IPUIPlugin:80 - create IPUIPlugin
2023-12-25 08:41:57,251 [INFO] PluginManager:220 - loadIPPluginJar : add touchsensing
2023-12-25 08:41:57,255 [INFO] IPUIPlugin:80 - create IPUIPlugin
2023-12-25 08:41:57,256 [INFO] PluginManager:220 - loadIPPluginJar : add tracer_emb
2023-12-25 08:41:57,259 [INFO] IPUIPlugin:80 - create IPUIPlugin
2023-12-25 08:41:57,259 [INFO] PluginManager:220 - loadIPPluginJar : add ts
2023-12-25 08:41:57,262 [INFO] IPUIPlugin:80 - create IPUIPlugin
2023-12-25 08:41:57,262 [INFO] PluginManager:220 - loadIPPluginJar : add tsc
2023-12-25 08:41:57,267 [INFO] IPUIPlugin:80 - create IPUIPlugin
2023-12-25 08:41:57,267 [INFO] PluginManager:220 - loadIPPluginJar : add ucpd
2023-12-25 08:41:57,273 [INFO] IPUIPlugin:80 - create IPUIPlugin
2023-12-25 08:41:57,273 [INFO] PluginManager:220 - loadIPPluginJar : add usart
2023-12-25 08:41:57,277 [INFO] IPUIPlugin:80 - create IPUIPlugin
2023-12-25 08:41:57,278 [INFO] PluginManager:220 - loadIPPluginJar : add usbx
2023-12-25 08:41:57,435 [INFO] CADModel:165 - CPN selected for project level
2023-12-25 08:41:57,436 [INFO] CADModel:114 - Register for checkConnection events
2023-12-25 08:41:57,436 [FATAL] Updater:308 - Updater called before beeing initialized
2023-12-25 08:41:57,436 [ERROR] CADModel:125 - Updater not yet initialized, retry later 
2023-12-25 08:41:57,627 [INFO] CADModel:165 - CPN selected for project level
2023-12-25 08:41:57,627 [INFO] CADModel:114 - Register for checkConnection events
2023-12-25 08:41:57,627 [FATAL] Updater:308 - Updater called before beeing initialized
2023-12-25 08:41:57,627 [ERROR] CADModel:125 - Updater not yet initialized, retry later 
2023-12-25 08:41:57,634 [FATAL] Updater:308 - Updater called before beeing initialized
2023-12-25 08:41:57,774 [FATAL] Updater:308 - Updater called before beeing initialized
2023-12-25 08:41:57,795 [INFO] DbMcusAds:53 - JSON generation date=Wed Nov 29 17:52:27 ICT 2023 (1701255147349)
2023-12-25 08:41:57,795 [FATAL] Updater:308 - Updater called before beeing initialized
2023-12-25 08:41:57,841 [WARN] DetailPanel:346 - Failed to get advertising image, set to default
2023-12-25 08:41:57,939 [FATAL] Updater:308 - Updater called before beeing initialized
2023-12-25 08:41:57,942 [FATAL] Updater:308 - Updater called before beeing initialized
2023-12-25 08:41:57,942 [FATAL] Updater:308 - Updater called before beeing initialized
2023-12-25 08:41:57,942 [WARN] DetailPanel:346 - Failed to get advertising image, set to default
2023-12-25 08:41:57,943 [FATAL] Updater:308 - Updater called before beeing initialized
2023-12-25 08:41:58,048 [ERROR] Updater:1120 - MainUpdater not yet initialized. External WinMGr cannot be set.
2023-12-25 08:41:58,050 [INFO] Updater:1056 - Updater Version found : 6.10.0
2023-12-25 08:41:58,082 [INFO] ApplicationProperties:184 - Using Application install path: C:\ST\STM32CubeIDE_1.12.0\STM32CubeIDE\plugins\com.st.stm32cube.common.mx_6.10.0.202311202037
2023-12-25 08:41:59,066 [INFO] ThirdPartyUpdaterWithRetryManager:70 - Updater plugin not ready yet. [2/15]
2023-12-25 08:41:59,962 [INFO] MainUpdater:2873 - connection check result : 10
2023-12-25 08:41:59,963 [INFO] MainUpdater:290 - Updater Check For Update Now.
2023-12-25 08:41:59,963 [INFO] MicroXplorer:498 - Change Database Version : DB.6.0.100
2023-12-25 08:41:59,970 [INFO] McuFinderGlobals:63 - Set McuFinder mode to 2 (CubeIDE integrated)
2023-12-25 08:41:59,986 [INFO] UserAuth:404 - Internet connection configuration mode: 1
2023-12-25 08:42:00,043 [INFO] JxBrowserEngine:152 - Initiate JxBrowser Engine with user profile folder
2023-12-25 08:42:00,199 [INFO] CheckServerUpdateThread:120 - End of CheckServer Thread
2023-12-25 08:42:02,322 [WARN] PackLoader:240 - Cannot read IP mode file for STMicroelectronics.X-CUBE-SMBUS.2.1.0
2023-12-25 08:42:02,351 [WARN] PackLoader:240 - Cannot read IP mode file for STMicroelectronics.X-CUBE-TOUCHGFX.4.23.0
2023-12-25 08:42:02,580 [WARN] PackLoader:240 - Cannot read IP mode file for STMicroelectronics.X-CUBE-AZRTOS-F7.1.1.0
2023-12-25 08:42:02,614 [WARN] PackLoader:240 - Cannot read IP mode file for STMicroelectronics.FP-SNS-MOTENV1.4.3.2
2023-12-25 08:42:02,642 [WARN] PackLoader:240 - Cannot read IP mode file for STMicroelectronics.FP-SNS-FLIGHT1.5.0.2
2023-12-25 08:42:02,663 [WARN] PackLoader:240 - Cannot read IP mode file for STMicroelectronics.X-CUBE-DISPLAY.3.0.0
2023-12-25 08:42:02,702 [WARN] PackLoader:240 - Cannot read IP mode file for STMicroelectronics.X-CUBE-BLE1.7.0.0
2023-12-25 08:42:02,852 [WARN] PackLoader:240 - Cannot read IP mode file for emotas.I-CUBE-CANOPEN.1.3.0
2023-12-25 08:42:03,009 [WARN] PackLoader:240 - Cannot read IP mode file for STMicroelectronics.X-CUBE-TOUCHGFX.4.22.0
2023-12-25 08:42:03,129 [WARN] PackLoader:240 - Cannot read IP mode file for STMicroelectronics.X-CUBE-TOUCHGFX.4.22.1
2023-12-25 08:42:03,242 [WARN] PackLoader:240 - Cannot read IP mode file for STMicroelectronics.FP-SNS-SMARTAG2.1.2.0
2023-12-25 08:42:03,267 [INFO] LogOutputStream:77 - [STDOUT_REDIRECT] 1 : Invalid condition id : UX_CORESTACK_Condition cause : null
2023-12-25 08:42:03,269 [INFO] LogOutputStream:77 - [STDOUT_REDIRECT] 1 : Invalid condition id : UX_CORESTACK_Condition cause : null
2023-12-25 08:42:03,269 [INFO] LogOutputStream:77 - [STDOUT_REDIRECT] 1 : Invalid condition id : UX_CORESTACK_Condition cause : null
2023-12-25 08:42:03,272 [INFO] LogOutputStream:77 - [STDOUT_REDIRECT] 1 : Invalid condition id : UX_CORESTACK_Condition cause : null
2023-12-25 08:42:03,273 [INFO] LogOutputStream:77 - [STDOUT_REDIRECT] 1 : Invalid condition id : UX_CORESTACK_Condition cause : null
2023-12-25 08:42:03,278 [WARN] PackLoader:240 - Cannot read IP mode file for STMicroelectronics.X-CUBE-AZRTOS-WL.2.0.0
2023-12-25 08:42:03,298 [WARN] PackLoader:240 - Cannot read IP mode file for WES.I-CUBE-Cesium.1.3.0
2023-12-25 08:42:03,313 [WARN] PackLoader:240 - Cannot read IP mode file for STMicroelectronics.X-CUBE-BLE2.3.3.0
2023-12-25 08:42:03,333 [WARN] PackLoader:240 - Cannot read IP mode file for STMicroelectronics.X-CUBE-TOUCHGFX.4.18.0
2023-12-25 08:42:03,414 [WARN] PackLoader:240 - Cannot read IP mode file for STMicroelectronics.X-CUBE-TOUCHGFX.4.21.1
2023-12-25 08:42:03,533 [WARN] PackLoader:240 - Cannot read IP mode file for STMicroelectronics.X-CUBE-TOUCHGFX.4.21.0
2023-12-25 08:42:03,608 [WARN] PackLoader:240 - Cannot read IP mode file for STMicroelectronics.X-CUBE-TOUCHGFX.4.21.4
2023-12-25 08:42:03,686 [WARN] PackLoader:240 - Cannot read IP mode file for STMicroelectronics.X-CUBE-ALGOBUILD.1.3.0
2023-12-25 08:42:03,760 [WARN] PackLoader:240 - Cannot read IP mode file for STMicroelectronics.X-CUBE-AZRTOS-G0.1.1.0
2023-12-25 08:42:03,811 [WARN] PackLoader:240 - Cannot read IP mode file for STMicroelectronics.X-CUBE-NFC4.3.0.0
2023-12-25 08:42:03,846 [WARN] PackLoader:240 - Cannot read IP mode file for STMicroelectronics.X-CUBE-BLEMGR.3.0.0
2023-12-25 08:42:03,879 [WARN] PackLoader:240 - Cannot read IP mode file for STMicroelectronics.FP-ATR-SIGFOX1.3.2.0
2023-12-25 08:42:03,913 [WARN] PackLoader:240 - Cannot read IP mode file for STMicroelectronics.X-CUBE-GNSS1.6.0.0
2023-12-25 08:42:03,958 [WARN] PackLoader:240 - Cannot read IP mode file for STMicroelectronics.X-CUBE-AZRTOS-F4.1.1.0
2023-12-25 08:42:03,985 [WARN] PackLoader:240 - Cannot read IP mode file for wolfSSL.I-CUBE-wolfSSL.5.6.4
2023-12-25 08:42:04,019 [WARN] PackLoader:240 - Cannot read IP mode file for STMicroelectronics.X-CUBE-AZRTOS-L5.2.0.0
2023-12-25 08:42:04,175 [WARN] PackLoader:240 - Cannot read IP mode file for STMicroelectronics.X-CUBE-EEPRMA1.4.2.0
2023-12-25 08:42:04,212 [WARN] PackLoader:240 - Cannot read IP mode file for ITTIA_DB.I-CUBE-ITTIADB.8.8.0
2023-12-25 08:42:04,367 [WARN] PackLoader:240 - Cannot read IP mode file for emotas.I-CUBE-CANOPEN.1.1.3
2023-12-25 08:42:04,546 [WARN] ConditionMgr:438 - getConditionDescription Invalid condition id : UX DEVICE CLASS RTOS Condition cause : null
2023-12-25 08:42:04,546 [WARN] ConditionMgr:438 - getConditionDescription Invalid condition id : UX DEVICE CLASS RTOS Condition cause : null
2023-12-25 08:42:04,579 [WARN] PackLoader:240 - Cannot read IP mode file for STMicroelectronics.X-CUBE-AZRTOS-H7.3.1.0
2023-12-25 08:42:04,581 [WARN] ConditionMgr:1039 - genDependencies : Invalid condition id : UX DEVICE CLASS RTOS Condition cause : null
2023-12-25 08:42:04,581 [WARN] ConditionMgr:1039 - genDependencies : Invalid condition id : UX DEVICE CLASS RTOS Condition cause : null
2023-12-25 08:42:04,582 [WARN] ConditionMgr:1039 - genDependencies : Invalid condition id : UX DEVICE CLASS RTOS Condition cause : null
2023-12-25 08:42:04,583 [WARN] ConditionMgr:1039 - genDependencies : Invalid condition id : UX DEVICE CLASS RTOS Condition cause : null
2023-12-25 08:42:04,583 [WARN] ConditionMgr:1039 - genDependencies : Invalid condition id : UX DEVICE CLASS RTOS Condition cause : null
2023-12-25 08:42:04,589 [WARN] ConditionMgr:438 - getConditionDescription Invalid condition id : UX DEVICE CLASS RTOS Condition cause : null
2023-12-25 08:42:04,590 [WARN] ConditionMgr:438 - getConditionDescription Invalid condition id : UX DEVICE CLASS RTOS Condition cause : null
2023-12-25 08:42:04,927 [WARN] PackLoader:240 - Cannot read IP mode file for STMicroelectronics.X-CUBE-NFC7.1.0.1
2023-12-25 08:42:04,944 [WARN] PackLoader:240 - Cannot read IP mode file for STMicroelectronics.X-CUBE-NFC6.3.0.0
2023-12-25 08:42:04,963 [WARN] PackLoader:240 - Cannot read IP mode file for STMicroelectronics.X-CUBE-AI.8.1.0
2023-12-25 08:42:04,993 [WARN] ConditionMgr:438 - getConditionDescription Invalid condition id : LAN8742 Phy interface Condition cause : null
2023-12-25 08:42:04,994 [WARN] PackLoader:240 - Cannot read IP mode file for STMicroelectronics.X-CUBE-AZRTOS-L4.2.0.0
2023-12-25 08:42:04,995 [WARN] ConditionMgr:1039 - genDependencies : Invalid condition id : LAN8742 Phy interface Condition cause : null
2023-12-25 08:42:04,995 [WARN] ConditionMgr:1039 - genDependencies : Invalid condition id : LAN8742 Phy interface Condition cause : null
2023-12-25 08:42:04,995 [WARN] ConditionMgr:1039 - genDependencies : Invalid condition id : LAN8742 Phy interface Condition cause : null
2023-12-25 08:42:05,010 [WARN] PackLoader:240 - Cannot read IP mode file for STMicroelectronics.X-CUBE-SFXS2LP1.4.0.0
2023-12-25 08:42:05,027 [WARN] PackLoader:240 - Cannot read IP mode file for STMicroelectronics.X-CUBE-ISPU.1.1.0
2023-12-25 08:42:05,054 [WARN] ConditionMgr:438 - getConditionDescription Invalid condition id : UX DEVICE CLASS RTOS Condition cause : null
2023-12-25 08:42:05,055 [WARN] ConditionMgr:438 - getConditionDescription Invalid condition id : UX DEVICE CLASS RTOS Condition cause : null
2023-12-25 08:42:05,057 [WARN] PackLoader:240 - Cannot read IP mode file for STMicroelectronics.X-CUBE-AZRTOS-WB.2.0.0
2023-12-25 08:42:05,058 [WARN] ConditionMgr:1039 - genDependencies : Invalid condition id : UX DEVICE CLASS RTOS Condition cause : null
2023-12-25 08:42:05,058 [WARN] ConditionMgr:1039 - genDependencies : Invalid condition id : UX DEVICE CLASS RTOS Condition cause : null
2023-12-25 08:42:05,059 [WARN] ConditionMgr:1039 - genDependencies : Invalid condition id : UX DEVICE CLASS RTOS Condition cause : null
2023-12-25 08:42:05,059 [WARN] ConditionMgr:1039 - genDependencies : Invalid condition id : UX DEVICE CLASS RTOS Condition cause : null
2023-12-25 08:42:05,059 [WARN] ConditionMgr:1039 - genDependencies : Invalid condition id : UX DEVICE CLASS RTOS Condition cause : null
2023-12-25 08:42:05,093 [WARN] PackLoader:240 - Cannot read IP mode file for STMicroelectronics.X-CUBE-SUBG2.5.0.0
2023-12-25 08:42:05,120 [WARN] PackLoader:240 - Cannot read IP mode file for STMicroelectronics.X-CUBE-TOF1.3.3.1
2023-12-25 08:42:05,225 [WARN] PackLoader:240 - Cannot read IP mode file for STMicroelectronics.X-CUBE-AZRTOS-G4.2.0.0
2023-12-25 08:42:05,259 [WARN] PackLoader:240 - Cannot read IP mode file for STMicroelectronics.X-CUBE-TOF1.3.3.0
2023-12-25 08:42:05,409 [WARN] PackLoader:240 - Cannot read IP mode file for Infineon.AIROC-Wi-Fi-Bluetooth-STM32.1.5.1
2023-12-25 08:42:05,644 [WARN] PackLoader:240 - Cannot read IP mode file for STMicroelectronics.FP-SNS-MOTENVWB1.1.3.0
2023-12-25 08:42:05,678 [WARN] PackLoader:240 - Cannot read IP mode file for STMicroelectronics.FP-SNS-MOTENVWB1.1.3.1
2023-12-25 08:42:05,726 [WARN] PackLoader:240 - Cannot read IP mode file for STMicroelectronics.X-CUBE-ISPU.2.0.0
2023-12-25 08:42:05,855 [WARN] PackLoader:240 - Cannot read IP mode file for STMicroelectronics.X-CUBE-MEMS1.10.0.0
2023-12-25 08:42:06,112 [INFO] WebApp:161 - Instantiating new browser for Auth
2023-12-25 08:42:06,173 [WARN] PackLoader:240 - Cannot read IP mode file for STMicroelectronics.X-CUBE-FREERTOS.1.1.0
2023-12-25 08:42:06,248 [WARN] PackLoader:240 - Cannot read IP mode file for portGmbH.I-Cube-SoM-uGOAL.1.1.0
2023-12-25 08:42:06,896 [WARN] PackLoader:240 - Cannot read IP mode file for STMicroelectronics.X-CUBE-ALS.1.0.1
2023-12-25 08:42:07,013 [WARN] PackLoader:240 - Cannot read IP mode file for STMicroelectronics.FP-ATR-ASTRA1.2.0.0
2023-12-25 08:42:07,081 [WARN] PackLoader:240 - Cannot read IP mode file for STMicroelectronics.X-CUBE-TOF1.3.4.0
2023-12-25 08:42:07,488 [WARN] PackLoader:240 - Cannot read IP mode file for STMicroelectronics.X-CUBE-AZRTOS-H7.3.2.0
2023-12-25 08:42:07,651 [INFO] ThirdParty:978 - Integrity check success = true
2023-12-25 08:42:07,651 [INFO] IntegrityCheckThread:100 - exiting critical section [integrity check]
2023-12-25 08:42:07,651 [INFO] IntegrityCheckThread:103 - End integrity checks thread
2023-12-25 08:42:08,485 [INFO] WebApp:780 - Register for checkConnection events
2023-12-25 08:42:08,486 [INFO] WebApp:414 - Apply proxy settings
2023-12-25 08:42:08,486 [INFO] WebApp:499 - Chromium requires no authentication
2023-12-25 08:42:08,498 [INFO] WebApp:442 - Direct internet connection detected
2023-12-25 08:42:08,783 [INFO] WebApp:192 - Starting web application
2023-12-25 08:42:08,784 [INFO] WebApp:544 - Web application path used C:\ST\STM32CubeIDE_1.12.0\STM32CubeIDE\plugins\com.st.stm32cube.common.mx_6.10.0.202311202037\db\plugins\mcufinder\reactClient1\index.html
2023-12-25 11:01:24,095 [INFO] Activator:176 - 


2023-12-25 11:01:24,097 [INFO] Activator:177 - !SESSION log4j initialized
2023-12-25 11:01:28,687 [ERROR] LogOutputStream:75 - [STDERR_REDIRECT] ?.?. 25, 2023 11:01:28 ??????? org.glassfish.grizzly.http.server.NetworkListener start
2023-12-25 11:01:28,689 [ERROR] LogOutputStream:75 - [STDERR_REDIRECT] INFO: Started listener bound to [localhost:1595]
2023-12-25 11:01:28,690 [ERROR] LogOutputStream:75 - [STDERR_REDIRECT] 
2023-12-25 11:01:28,692 [ERROR] LogOutputStream:75 - [STDERR_REDIRECT] ?.?. 25, 2023 11:01:28 ??????? org.glassfish.grizzly.http.server.HttpServer start
2023-12-25 11:01:28,694 [ERROR] LogOutputStream:75 - [STDERR_REDIRECT] INFO: [HttpServer] Started.
2023-12-25 11:01:28,695 [ERROR] LogOutputStream:75 - [STDERR_REDIRECT] 
2023-12-25 11:01:29,931 [INFO] LogOutputStream:77 - [STDOUT_REDIRECT] 
2023-12-25 11:01:33,168 [INFO] ApplicationProperties:184 - Using Application install path: C:\ST\STM32CubeIDE_1.12.0\STM32CubeIDE\plugins\com.st.stm32cube.common.mx_6.10.0.202311202037
2023-12-25 11:01:33,205 [INFO] DbMcusXml:78 - Set database path to: C:\ST\STM32CubeIDE_1.12.0\STM32CubeIDE\plugins\com.st.stm32cube.common.mx_6.10.0.202311202037\\db\/mcu/
2023-12-25 11:01:33,206 [INFO] ApiDb:274 - Set plugin database path to: C:\ST\STM32CubeIDE_1.12.0\STM32CubeIDE\plugins\com.st.stm32cube.common.mx_6.10.0.202311202037\\db\/plugins/boardmanager/
2023-12-25 11:01:33,207 [WARN] ApiDb:259 - Overriding images path with different value:  => C:\ST\STM32CubeIDE_1.12.0\STM32CubeIDE\plugins\com.st.stm32cube.common.mx_6.10.0.202311202037\\db\/plugins/mcufinder/images/
2023-12-25 11:01:33,230 [INFO] ApiDb:250 - Set database path to: C:\Users\user\.stmcufinder\plugins\mcufinder//mcu/
2023-12-25 11:01:33,232 [INFO] DbMcusAds:125 - Set database path to: C:\Users\user\.stmcufinder\plugins\mcufinder//mcu/
2023-12-25 11:01:33,234 [INFO] CrossReferenceDbSqlite:203 - Set database path to: C:\Users\user\.stmcufinder\plugins\mcufinder//mcu/cs/
2023-12-25 11:01:33,440 [INFO] RulesReader:64 - Compatibility file has been processed (297 Rules)
2023-12-25 11:01:33,530 [INFO] DbMcusXml:78 - Set database path to: C:\ST\STM32CubeIDE_1.12.0\STM32CubeIDE\plugins\com.st.stm32cube.common.mx_6.10.0.202311202037\\db\/mcu/
2023-12-25 11:01:33,530 [INFO] ApiDb:274 - Set plugin database path to: C:\ST\STM32CubeIDE_1.12.0\STM32CubeIDE\plugins\com.st.stm32cube.common.mx_6.10.0.202311202037\\db\/plugins/boardmanager/
2023-12-25 11:01:33,530 [INFO] ApiDb:261 - Set plugin images path to: C:\ST\STM32CubeIDE_1.12.0\STM32CubeIDE\plugins\com.st.stm32cube.common.mx_6.10.0.202311202037\\db\/plugins/mcufinder/images/
2023-12-25 11:01:33,530 [WARN] DbFile:41 - Overriding database path with different value: C:\Users\user\.stmcufinder\plugins\mcufinder/ => C:\Users\user\.stmcufinder\plugins\mcufinder
2023-12-25 11:01:33,530 [INFO] ApiDb:250 - Set database path to: C:\Users\user\.stmcufinder\plugins\mcufinder//mcu/
2023-12-25 11:01:33,530 [WARN] DbFile:41 - Overriding database path with different value: C:\Users\user\.stmcufinder\plugins\mcufinder/ => C:\Users\user\.stmcufinder\plugins\mcufinder
2023-12-25 11:01:33,530 [INFO] DbMcusAds:125 - Set database path to: C:\Users\user\.stmcufinder\plugins\mcufinder//mcu/
2023-12-25 11:01:33,530 [WARN] DbFile:41 - Overriding database path with different value: C:\Users\user\.stmcufinder\plugins\mcufinder/ => C:\Users\user\.stmcufinder\plugins\mcufinder
2023-12-25 11:01:33,530 [WARN] DbFile:41 - Overriding database path with different value: C:\Users\user\.stmcufinder\plugins\mcufinder/ => C:\Users\user\.stmcufinder\plugins\mcufinder
2023-12-25 11:01:33,530 [INFO] CrossReferenceDbSqlite:203 - Set database path to: C:\Users\user\.stmcufinder\plugins\mcufinder//mcu/cs/
2023-12-25 11:01:33,644 [INFO] MainPanel:264 - HeapMemory: 268435456
2023-12-25 11:01:33,823 [INFO] DbMcusXml:78 - Set database path to: C:\ST\STM32CubeIDE_1.12.0\STM32CubeIDE\plugins\com.st.stm32cube.common.mx_6.10.0.202311202037\\db\/mcu/
2023-12-25 11:01:33,823 [INFO] ApiDb:274 - Set plugin database path to: C:\ST\STM32CubeIDE_1.12.0\STM32CubeIDE\plugins\com.st.stm32cube.common.mx_6.10.0.202311202037\\db\/plugins/boardmanager/
2023-12-25 11:01:33,823 [INFO] ApiDb:261 - Set plugin images path to: C:\ST\STM32CubeIDE_1.12.0\STM32CubeIDE\plugins\com.st.stm32cube.common.mx_6.10.0.202311202037\\db\/plugins/mcufinder/images/
2023-12-25 11:01:33,824 [WARN] DbFile:41 - Overriding database path with different value: C:\Users\user\.stmcufinder\plugins\mcufinder/ => C:\Users\user\.stmcufinder\plugins\mcufinder
2023-12-25 11:01:33,825 [INFO] ApiDb:250 - Set database path to: C:\Users\user\.stmcufinder\plugins\mcufinder//mcu/
2023-12-25 11:01:33,825 [WARN] DbFile:41 - Overriding database path with different value: C:\Users\user\.stmcufinder\plugins\mcufinder/ => C:\Users\user\.stmcufinder\plugins\mcufinder
2023-12-25 11:01:33,825 [INFO] DbMcusAds:125 - Set database path to: C:\Users\user\.stmcufinder\plugins\mcufinder//mcu/
2023-12-25 11:01:33,825 [WARN] DbFile:41 - Overriding database path with different value: C:\Users\user\.stmcufinder\plugins\mcufinder/ => C:\Users\user\.stmcufinder\plugins\mcufinder
2023-12-25 11:01:33,825 [WARN] DbFile:41 - Overriding database path with different value: C:\Users\user\.stmcufinder\plugins\mcufinder/ => C:\Users\user\.stmcufinder\plugins\mcufinder
2023-12-25 11:01:33,825 [INFO] CrossReferenceDbSqlite:203 - Set database path to: C:\Users\user\.stmcufinder\plugins\mcufinder//mcu/cs/
2023-12-25 11:01:33,852 [INFO] ApplicationProperties:184 - Using Application install path: C:\ST\STM32CubeIDE_1.12.0\STM32CubeIDE\plugins\com.st.stm32cube.common.mx_6.10.0.202311202037
2023-12-25 11:01:33,859 [INFO] PluginManage:196 - Search for loadable plugins [exclusion list=, ]
2023-12-25 11:01:33,862 [INFO] PluginManage:310 - Check plugin analytics
2023-12-25 11:01:34,201 [INFO] AnalyticsPlugin:253 - Accepted Software Licenses: STM32CubeMX.6.8.0,STM32CubeMX.6.8.1,STM32CubeMX.6.5.0,STM32CubeMX.6.9.1,STM32CubeMX.6.9.2,STM32CubeMX.6.10.0
2023-12-25 11:01:34,201 [INFO] AnalyticsPlugin:255 - Accepted CMSIS Pack Licenses: emotas.I-CUBE-CANOPEN.1.1.3,STMicroelectronics.X-CUBE-TOUCHGFX.4.21.0,STMicroelectronics.X-CUBE-TOUCHGFX.4.21.1,STMicroelectronics.X-CUBE-TOUCHGFX.4.18.0,STMicroelectronics.X-CUBE-TOUCHGFX.4.22.1,STMicroelectronics.X-CUBE-AZRTOS-H7.3.1.0,STMicroelectronics.X-CUBE-AZRTOS-H7.3.2.0,ITTIA_DB.I-CUBE-ITTIADB.8.8.0
2023-12-25 11:01:34,201 [INFO] AnalyticsPlugin:257 - Accepted Firmware Licenses: FW.H7.1.11.0,FW.G0.1.6.0,FW.F4.1.27.0
2023-12-25 11:01:34,211 [INFO] PluginManage:359 - Loaded plugin analytics (category:tool,tabindex:-1)
2023-12-25 11:01:34,212 [INFO] PluginManage:310 - Check plugin cadmodel
2023-12-25 11:01:34,220 [INFO] CADModel:105 - Init CAD model plugin
2023-12-25 11:01:34,220 [INFO] PluginManage:359 - Loaded plugin cadmodel (category:power,tabindex:5)
2023-12-25 11:01:34,223 [INFO] PluginManage:310 - Check plugin clock
2023-12-25 11:01:34,247 [INFO] PluginManage:359 - Loaded plugin clock (category:base,tabindex:2)
2023-12-25 11:01:34,247 [INFO] PluginManage:310 - Check plugin ddr
2023-12-25 11:01:34,252 [INFO] PluginManage:359 - Loaded plugin ddr (category:tool,tabindex:6)
2023-12-25 11:01:34,253 [INFO] PluginManage:310 - Check plugin filemanager
2023-12-25 11:01:34,494 [INFO] PluginManage:359 - Loaded plugin filemanager (category:base,tabindex:10)
2023-12-25 11:01:34,494 [INFO] PluginManage:310 - Check plugin ipmanager
2023-12-25 11:01:34,510 [INFO] PluginManage:359 - Loaded plugin ipmanager (category:base,tabindex:5)
2023-12-25 11:01:34,511 [INFO] PluginManage:310 - Check plugin lpbam
2023-12-25 11:01:34,526 [INFO] PluginManage:359 - Loaded plugin lpbam (category:base,tabindex:0)
2023-12-25 11:01:34,528 [INFO] PluginManage:310 - Check plugin memorymap
2023-12-25 11:01:34,549 [INFO] PluginManage:359 - Loaded plugin memorymap (category:base,tabindex:4)
2023-12-25 11:01:34,550 [INFO] PluginManage:310 - Check plugin pinoutandconfiguration
2023-12-25 11:01:34,561 [INFO] PluginManage:359 - Loaded plugin pinoutandconfiguration (category:base,tabindex:1)
2023-12-25 11:01:34,561 [INFO] PluginManage:310 - Check plugin pinoutconfig
2023-12-25 11:01:34,727 [WARN] SupportedApi:132 - Cannot load RTOS API schema: s4s-elt-must-match.1: The content of 'definitions' must match (annotation?, (simpleType | complexType)?, (unique | key | keyref)*)). A problem was found starting at: attribute.
2023-12-25 11:01:34,977 [INFO] PluginManage:359 - Loaded plugin pinoutconfig (category:base,tabindex:0)
2023-12-25 11:01:34,977 [INFO] PluginManage:310 - Check plugin power
2023-12-25 11:01:34,990 [INFO] PluginManage:359 - Loaded plugin power (category:power,tabindex:4)
2023-12-25 11:01:34,990 [INFO] PluginManage:310 - Check plugin projectmanager
2023-12-25 11:01:35,011 [INFO] PluginManage:359 - Loaded plugin projectmanager (category:projectmanager,tabindex:3)
2023-12-25 11:01:35,011 [INFO] PluginManage:310 - Check plugin thirdparty
2023-12-25 11:01:35,243 [INFO] PluginManage:359 - Loaded plugin thirdparty (category:base,tabindex:-1)
2023-12-25 11:01:35,243 [INFO] PluginManage:310 - Check plugin tools
2023-12-25 11:01:35,243 [WARN] IntegrityCheckThread:84 - waiting for thirdparty lock release [integrity check]
2023-12-25 11:01:35,246 [INFO] IntegrityCheckThread:86 - entering critical section [integrity check]
2023-12-25 11:01:35,246 [INFO] ThirdPartyUpdaterWithRetryManager:70 - Updater plugin not ready yet. [1/15]
2023-12-25 11:01:35,248 [INFO] PluginManage:359 - Loaded plugin tools (category:base,tabindex:7)
2023-12-25 11:01:35,248 [INFO] PluginManage:310 - Check plugin tutovideos
2023-12-25 11:01:35,501 [INFO] PluginManage:359 - Loaded plugin tutovideos (category:base,tabindex:-1)
2023-12-25 11:01:35,501 [INFO] PluginManage:310 - Check plugin updater
2023-12-25 11:01:35,516 [INFO] PluginManage:359 - Loaded plugin updater (category:base,tabindex:12)
2023-12-25 11:01:35,516 [INFO] PluginManage:310 - Check plugin userauth
2023-12-25 11:01:35,523 [INFO] UserAuth:114 - Init User Auth plugin
2023-12-25 11:01:35,524 [INFO] PluginManage:359 - Loaded plugin userauth (category:base,tabindex:14)
2023-12-25 11:01:35,524 [INFO] PluginManage:283 - PluginManage : Loaded plugins [17]
2023-12-25 11:01:35,908 [INFO] PinOutPanel:1499 - setPackage(No Configuration,No Configuration)
2023-12-25 11:01:36,014 [INFO] CADModel:165 - CPN selected for project level
2023-12-25 11:01:36,015 [INFO] CADModel:114 - Register for checkConnection events
2023-12-25 11:01:36,036 [INFO] IPUIPlugin:80 - create IPUIPlugin
2023-12-25 11:01:36,037 [INFO] PluginManager:220 - loadIPPluginJar : add adc
2023-12-25 11:01:36,043 [INFO] IPUIPlugin:80 - create IPUIPlugin
2023-12-25 11:01:36,043 [INFO] PluginManager:220 - loadIPPluginJar : add aes
2023-12-25 11:01:36,047 [INFO] IPUIPlugin:80 - create IPUIPlugin
2023-12-25 11:01:36,047 [INFO] PluginManager:220 - loadIPPluginJar : add can
2023-12-25 11:01:36,049 [INFO] IPUIPlugin:80 - create IPUIPlugin
2023-12-25 11:01:36,049 [INFO] PluginManager:220 - loadIPPluginJar : add comp
2023-12-25 11:01:36,052 [INFO] IPUIPlugin:80 - create IPUIPlugin
2023-12-25 11:01:36,052 [INFO] PluginManager:220 - loadIPPluginJar : add cryp
2023-12-25 11:01:36,055 [INFO] IPUIPlugin:80 - create IPUIPlugin
2023-12-25 11:01:36,055 [INFO] PluginManager:220 - loadIPPluginJar : add dfsdm
2023-12-25 11:01:36,063 [INFO] IPUIPlugin:80 - create IPUIPlugin
2023-12-25 11:01:36,063 [INFO] PluginManager:220 - loadIPPluginJar : add dma
2023-12-25 11:01:36,066 [INFO] IPUIPlugin:80 - create IPUIPlugin
2023-12-25 11:01:36,066 [INFO] PluginManager:220 - loadIPPluginJar : add dma3
2023-12-25 11:01:36,068 [INFO] IPUIPlugin:80 - create IPUIPlugin
2023-12-25 11:01:36,069 [INFO] PluginManager:220 - loadIPPluginJar : add fatfs
2023-12-25 11:01:36,079 [INFO] IPUIPlugin:80 - create IPUIPlugin
2023-12-25 11:01:36,080 [INFO] PluginManager:220 - loadIPPluginJar : add fmc
2023-12-25 11:01:36,087 [INFO] IPUIPlugin:80 - create IPUIPlugin
2023-12-25 11:01:36,090 [INFO] PluginManager:220 - loadIPPluginJar : add freertos
2023-12-25 11:01:36,094 [INFO] IPUIPlugin:80 - create IPUIPlugin
2023-12-25 11:01:36,094 [INFO] PluginManager:220 - loadIPPluginJar : add genericplugin
2023-12-25 11:01:36,097 [INFO] IPUIPlugin:80 - create IPUIPlugin
2023-12-25 11:01:36,097 [INFO] PluginManager:220 - loadIPPluginJar : add gfxmmu
2023-12-25 11:01:36,105 [INFO] IPUIPlugin:80 - create IPUIPlugin
2023-12-25 11:01:36,107 [INFO] PluginManager:220 - loadIPPluginJar : add gic
2023-12-25 11:01:36,113 [INFO] IPUIPlugin:80 - create IPUIPlugin
2023-12-25 11:01:36,113 [INFO] PluginManager:220 - loadIPPluginJar : add gpio
2023-12-25 11:01:36,117 [INFO] IPUIPlugin:80 - create IPUIPlugin
2023-12-25 11:01:36,117 [INFO] PluginManager:220 - loadIPPluginJar : add gtzc
2023-12-25 11:01:36,120 [INFO] IPUIPlugin:80 - create IPUIPlugin
2023-12-25 11:01:36,122 [INFO] PluginManager:220 - loadIPPluginJar : add hash
2023-12-25 11:01:36,127 [INFO] IPUIPlugin:80 - create IPUIPlugin
2023-12-25 11:01:36,127 [INFO] PluginManager:220 - loadIPPluginJar : add i2c
2023-12-25 11:01:36,132 [INFO] IPUIPlugin:80 - create IPUIPlugin
2023-12-25 11:01:36,132 [INFO] PluginManager:220 - loadIPPluginJar : add i2s
2023-12-25 11:01:36,136 [INFO] IPUIPlugin:80 - create IPUIPlugin
2023-12-25 11:01:36,136 [INFO] PluginManager:220 - loadIPPluginJar : add i3c
2023-12-25 11:01:36,146 [INFO] IPUIPlugin:80 - create IPUIPlugin
2023-12-25 11:01:36,146 [INFO] PluginManager:220 - loadIPPluginJar : add ipddr
2023-12-25 11:01:36,157 [INFO] IPUIPlugin:80 - create IPUIPlugin
2023-12-25 11:01:36,157 [INFO] PluginManager:220 - loadIPPluginJar : add linkedlist
2023-12-25 11:01:36,162 [INFO] IPUIPlugin:80 - create IPUIPlugin
2023-12-25 11:01:36,162 [INFO] PluginManager:220 - loadIPPluginJar : add lorawan
2023-12-25 11:01:36,164 [INFO] IPUIPlugin:80 - create IPUIPlugin
2023-12-25 11:01:36,164 [INFO] PluginManager:220 - loadIPPluginJar : add ltdc
2023-12-25 11:01:36,175 [INFO] IPUIPlugin:80 - create IPUIPlugin
2023-12-25 11:01:36,176 [INFO] PluginManager:220 - loadIPPluginJar : add mdma
2023-12-25 11:01:36,181 [INFO] IPUIPlugin:80 - create IPUIPlugin
2023-12-25 11:01:36,181 [INFO] PluginManager:220 - loadIPPluginJar : add nvic
2023-12-25 11:01:36,185 [INFO] IPUIPlugin:80 - create IPUIPlugin
2023-12-25 11:01:36,185 [INFO] PluginManager:220 - loadIPPluginJar : add opamp
2023-12-25 11:01:36,191 [INFO] IPUIPlugin:80 - create IPUIPlugin
2023-12-25 11:01:36,192 [INFO] PluginManager:220 - loadIPPluginJar : add openamp
2023-12-25 11:01:36,196 [INFO] IPUIPlugin:80 - create IPUIPlugin
2023-12-25 11:01:36,197 [INFO] PluginManager:220 - loadIPPluginJar : add pdm2pcm
2023-12-25 11:01:36,209 [INFO] IPUIPlugin:80 - create IPUIPlugin
2023-12-25 11:01:36,243 [INFO] PluginManager:220 - loadIPPluginJar : add plateformsettings
2023-12-25 11:01:36,265 [INFO] IPUIPlugin:80 - create IPUIPlugin
2023-12-25 11:01:36,265 [INFO] PluginManager:220 - loadIPPluginJar : add quadspi
2023-12-25 11:01:36,270 [INFO] IPUIPlugin:80 - create IPUIPlugin
2023-12-25 11:01:36,274 [INFO] PluginManager:220 - loadIPPluginJar : add resmgrutility
2023-12-25 11:01:36,281 [INFO] IPUIPlugin:80 - create IPUIPlugin
2023-12-25 11:01:36,281 [INFO] PluginManager:220 - loadIPPluginJar : add sai
2023-12-25 11:01:36,284 [INFO] IPUIPlugin:80 - create IPUIPlugin
2023-12-25 11:01:36,284 [INFO] PluginManager:220 - loadIPPluginJar : add spi
2023-12-25 11:01:36,293 [INFO] IPUIPlugin:80 - create IPUIPlugin
2023-12-25 11:01:36,293 [INFO] PluginManager:220 - loadIPPluginJar : add stm32_wpan
2023-12-25 11:01:36,295 [INFO] IPUIPlugin:80 - create IPUIPlugin
2023-12-25 11:01:36,295 [INFO] PluginManager:220 - loadIPPluginJar : add tim
2023-12-25 11:01:36,299 [INFO] IPUIPlugin:80 - create IPUIPlugin
2023-12-25 11:01:36,299 [INFO] PluginManager:220 - loadIPPluginJar : add touchsensing
2023-12-25 11:01:36,300 [INFO] IPUIPlugin:80 - create IPUIPlugin
2023-12-25 11:01:36,300 [INFO] PluginManager:220 - loadIPPluginJar : add tracer_emb
2023-12-25 11:01:36,304 [INFO] IPUIPlugin:80 - create IPUIPlugin
2023-12-25 11:01:36,304 [INFO] PluginManager:220 - loadIPPluginJar : add ts
2023-12-25 11:01:36,310 [INFO] IPUIPlugin:80 - create IPUIPlugin
2023-12-25 11:01:36,310 [INFO] PluginManager:220 - loadIPPluginJar : add tsc
2023-12-25 11:01:36,313 [INFO] IPUIPlugin:80 - create IPUIPlugin
2023-12-25 11:01:36,314 [INFO] PluginManager:220 - loadIPPluginJar : add ucpd
2023-12-25 11:01:36,317 [INFO] IPUIPlugin:80 - create IPUIPlugin
2023-12-25 11:01:36,317 [INFO] PluginManager:220 - loadIPPluginJar : add usart
2023-12-25 11:01:36,322 [INFO] IPUIPlugin:80 - create IPUIPlugin
2023-12-25 11:01:36,322 [INFO] PluginManager:220 - loadIPPluginJar : add usbx
2023-12-25 11:01:36,499 [INFO] CADModel:165 - CPN selected for project level
2023-12-25 11:01:36,499 [INFO] CADModel:114 - Register for checkConnection events
2023-12-25 11:01:36,500 [FATAL] Updater:308 - Updater called before beeing initialized
2023-12-25 11:01:36,500 [ERROR] CADModel:125 - Updater not yet initialized, retry later 
2023-12-25 11:01:36,677 [INFO] CADModel:165 - CPN selected for project level
2023-12-25 11:01:36,677 [INFO] CADModel:114 - Register for checkConnection events
2023-12-25 11:01:36,677 [FATAL] Updater:308 - Updater called before beeing initialized
2023-12-25 11:01:36,679 [ERROR] CADModel:125 - Updater not yet initialized, retry later 
2023-12-25 11:01:36,682 [FATAL] Updater:308 - Updater called before beeing initialized
2023-12-25 11:01:36,868 [FATAL] Updater:308 - Updater called before beeing initialized
2023-12-25 11:01:36,882 [INFO] DbMcusAds:53 - JSON generation date=Wed Nov 29 17:52:27 ICT 2023 (1701255147349)
2023-12-25 11:01:36,882 [FATAL] Updater:308 - Updater called before beeing initialized
2023-12-25 11:01:36,927 [WARN] DetailPanel:346 - Failed to get advertising image, set to default
2023-12-25 11:01:37,033 [FATAL] Updater:308 - Updater called before beeing initialized
2023-12-25 11:01:37,035 [FATAL] Updater:308 - Updater called before beeing initialized
2023-12-25 11:01:37,035 [FATAL] Updater:308 - Updater called before beeing initialized
2023-12-25 11:01:37,035 [WARN] DetailPanel:346 - Failed to get advertising image, set to default
2023-12-25 11:01:37,036 [FATAL] Updater:308 - Updater called before beeing initialized
2023-12-25 11:01:37,115 [ERROR] Updater:1120 - MainUpdater not yet initialized. External WinMGr cannot be set.
2023-12-25 11:01:37,118 [INFO] Updater:1056 - Updater Version found : 6.10.0
2023-12-25 11:01:37,153 [INFO] ApplicationProperties:184 - Using Application install path: C:\ST\STM32CubeIDE_1.12.0\STM32CubeIDE\plugins\com.st.stm32cube.common.mx_6.10.0.202311202037
2023-12-25 11:01:38,196 [INFO] MainUpdater:2873 - connection check result : 10
2023-12-25 11:01:38,197 [INFO] MainUpdater:290 - Updater Check For Update Now.
2023-12-25 11:01:38,197 [INFO] MicroXplorer:498 - Change Database Version : DB.6.0.100
2023-12-25 11:01:38,203 [INFO] McuFinderGlobals:63 - Set McuFinder mode to 2 (CubeIDE integrated)
2023-12-25 11:01:38,225 [INFO] UserAuth:404 - Internet connection configuration mode: 1
2023-12-25 11:01:38,265 [WARN] MainUpdater:1194 - Updater busy. Cannot search thirdparties
2023-12-25 11:01:38,266 [INFO] JxBrowserEngine:152 - Initiate JxBrowser Engine with user profile folder
2023-12-25 11:01:38,281 [INFO] ThirdPartyUpdaterWithRetryManager:96 - Updater plugin is busy. [1/15]
2023-12-25 11:01:38,497 [INFO] CheckServerUpdateThread:120 - End of CheckServer Thread
2023-12-25 11:01:41,711 [INFO] WebApp:161 - Instantiating new browser for Auth
2023-12-25 11:01:42,082 [WARN] PackLoader:240 - Cannot read IP mode file for STMicroelectronics.X-CUBE-SMBUS.2.1.0
2023-12-25 11:01:42,151 [WARN] PackLoader:240 - Cannot read IP mode file for STMicroelectronics.X-CUBE-TOUCHGFX.4.23.0
2023-12-25 11:01:42,520 [WARN] PackLoader:240 - Cannot read IP mode file for STMicroelectronics.X-CUBE-AZRTOS-F7.1.1.0
2023-12-25 11:01:42,578 [WARN] PackLoader:240 - Cannot read IP mode file for STMicroelectronics.FP-SNS-MOTENV1.4.3.2
2023-12-25 11:01:42,603 [WARN] PackLoader:240 - Cannot read IP mode file for STMicroelectronics.FP-SNS-FLIGHT1.5.0.2
2023-12-25 11:01:42,643 [WARN] PackLoader:240 - Cannot read IP mode file for STMicroelectronics.X-CUBE-DISPLAY.3.0.0
2023-12-25 11:01:42,690 [WARN] PackLoader:240 - Cannot read IP mode file for STMicroelectronics.X-CUBE-BLE1.7.0.0
2023-12-25 11:01:42,729 [WARN] PackLoader:240 - Cannot read IP mode file for emotas.I-CUBE-CANOPEN.1.3.0
2023-12-25 11:01:42,892 [WARN] PackLoader:240 - Cannot read IP mode file for STMicroelectronics.X-CUBE-TOUCHGFX.4.22.0
2023-12-25 11:01:43,033 [WARN] PackLoader:240 - Cannot read IP mode file for STMicroelectronics.X-CUBE-TOUCHGFX.4.22.1
2023-12-25 11:01:43,246 [WARN] PackLoader:240 - Cannot read IP mode file for STMicroelectronics.FP-SNS-SMARTAG2.1.2.0
2023-12-25 11:01:43,286 [INFO] LogOutputStream:77 - [STDOUT_REDIRECT] 1 : Invalid condition id : UX_CORESTACK_Condition cause : null
2023-12-25 11:01:43,291 [INFO] LogOutputStream:77 - [STDOUT_REDIRECT] 1 : Invalid condition id : UX_CORESTACK_Condition cause : null
2023-12-25 11:01:43,293 [INFO] LogOutputStream:77 - [STDOUT_REDIRECT] 1 : Invalid condition id : UX_CORESTACK_Condition cause : null
2023-12-25 11:01:43,295 [INFO] LogOutputStream:77 - [STDOUT_REDIRECT] 1 : Invalid condition id : UX_CORESTACK_Condition cause : null
2023-12-25 11:01:43,296 [INFO] LogOutputStream:77 - [STDOUT_REDIRECT] 1 : Invalid condition id : UX_CORESTACK_Condition cause : null
2023-12-25 11:01:43,299 [WARN] PackLoader:240 - Cannot read IP mode file for STMicroelectronics.X-CUBE-AZRTOS-WL.2.0.0
2023-12-25 11:01:43,337 [WARN] PackLoader:240 - Cannot read IP mode file for WES.I-CUBE-Cesium.1.3.0
2023-12-25 11:01:43,369 [WARN] PackLoader:240 - Cannot read IP mode file for STMicroelectronics.X-CUBE-BLE2.3.3.0
2023-12-25 11:01:43,411 [WARN] PackLoader:240 - Cannot read IP mode file for STMicroelectronics.X-CUBE-TOUCHGFX.4.18.0
2023-12-25 11:01:43,435 [INFO] WebApp:780 - Register for checkConnection events
2023-12-25 11:01:43,436 [INFO] WebApp:414 - Apply proxy settings
2023-12-25 11:01:43,436 [INFO] WebApp:499 - Chromium requires no authentication
2023-12-25 11:01:43,460 [INFO] WebApp:442 - Direct internet connection detected
2023-12-25 11:01:43,530 [WARN] PackLoader:240 - Cannot read IP mode file for STMicroelectronics.X-CUBE-TOUCHGFX.4.21.1
2023-12-25 11:01:43,681 [WARN] PackLoader:240 - Cannot read IP mode file for STMicroelectronics.X-CUBE-TOUCHGFX.4.21.0
2023-12-25 11:01:43,801 [WARN] PackLoader:240 - Cannot read IP mode file for STMicroelectronics.X-CUBE-TOUCHGFX.4.21.4
2023-12-25 11:01:44,098 [INFO] WebApp:192 - Starting web application
2023-12-25 11:01:44,098 [INFO] WebApp:544 - Web application path used C:\ST\STM32CubeIDE_1.12.0\STM32CubeIDE\plugins\com.st.stm32cube.common.mx_6.10.0.202311202037\db\plugins\mcufinder\reactClient1\index.html
2023-12-25 11:01:44,217 [WARN] PackLoader:240 - Cannot read IP mode file for STMicroelectronics.X-CUBE-ALGOBUILD.1.3.0
2023-12-25 11:01:44,329 [WARN] PackLoader:240 - Cannot read IP mode file for STMicroelectronics.X-CUBE-AZRTOS-G0.1.1.0
2023-12-25 11:01:44,532 [WARN] PackLoader:240 - Cannot read IP mode file for STMicroelectronics.X-CUBE-NFC4.3.0.0
2023-12-25 11:01:44,609 [WARN] PackLoader:240 - Cannot read IP mode file for STMicroelectronics.X-CUBE-BLEMGR.3.0.0
2023-12-25 11:01:44,641 [WARN] PackLoader:240 - Cannot read IP mode file for STMicroelectronics.FP-ATR-SIGFOX1.3.2.0
2023-12-25 11:01:44,667 [WARN] PackLoader:240 - Cannot read IP mode file for STMicroelectronics.X-CUBE-GNSS1.6.0.0
2023-12-25 11:01:44,733 [WARN] PackLoader:240 - Cannot read IP mode file for STMicroelectronics.X-CUBE-AZRTOS-F4.1.1.0
2023-12-25 11:01:44,774 [WARN] PackLoader:240 - Cannot read IP mode file for wolfSSL.I-CUBE-wolfSSL.5.6.4
2023-12-25 11:01:44,861 [WARN] PackLoader:240 - Cannot read IP mode file for STMicroelectronics.X-CUBE-AZRTOS-L5.2.0.0
2023-12-25 11:01:44,885 [WARN] PackLoader:240 - Cannot read IP mode file for STMicroelectronics.X-CUBE-EEPRMA1.4.2.0
2023-12-25 11:01:44,920 [WARN] PackLoader:240 - Cannot read IP mode file for ITTIA_DB.I-CUBE-ITTIADB.8.8.0
2023-12-25 11:01:45,019 [WARN] PackLoader:240 - Cannot read IP mode file for emotas.I-CUBE-CANOPEN.1.1.3
2023-12-25 11:01:45,149 [WARN] ConditionMgr:438 - getConditionDescription Invalid condition id : UX DEVICE CLASS RTOS Condition cause : null
2023-12-25 11:01:45,150 [WARN] ConditionMgr:438 - getConditionDescription Invalid condition id : UX DEVICE CLASS RTOS Condition cause : null
2023-12-25 11:01:45,154 [WARN] PackLoader:240 - Cannot read IP mode file for STMicroelectronics.X-CUBE-AZRTOS-H7.3.1.0
2023-12-25 11:01:45,159 [WARN] ConditionMgr:1039 - genDependencies : Invalid condition id : UX DEVICE CLASS RTOS Condition cause : null
2023-12-25 11:01:45,160 [WARN] ConditionMgr:1039 - genDependencies : Invalid condition id : UX DEVICE CLASS RTOS Condition cause : null
2023-12-25 11:01:45,161 [WARN] ConditionMgr:1039 - genDependencies : Invalid condition id : UX DEVICE CLASS RTOS Condition cause : null
2023-12-25 11:01:45,161 [WARN] ConditionMgr:1039 - genDependencies : Invalid condition id : UX DEVICE CLASS RTOS Condition cause : null
2023-12-25 11:01:45,161 [WARN] ConditionMgr:1039 - genDependencies : Invalid condition id : UX DEVICE CLASS RTOS Condition cause : null
2023-12-25 11:01:45,169 [WARN] ConditionMgr:438 - getConditionDescription Invalid condition id : UX DEVICE CLASS RTOS Condition cause : null
2023-12-25 11:01:45,169 [WARN] ConditionMgr:438 - getConditionDescription Invalid condition id : UX DEVICE CLASS RTOS Condition cause : null
2023-12-25 11:01:45,459 [WARN] PackLoader:240 - Cannot read IP mode file for STMicroelectronics.X-CUBE-NFC7.1.0.1
2023-12-25 11:01:45,493 [WARN] PackLoader:240 - Cannot read IP mode file for STMicroelectronics.X-CUBE-NFC6.3.0.0
2023-12-25 11:01:45,533 [WARN] PackLoader:240 - Cannot read IP mode file for STMicroelectronics.X-CUBE-AI.8.1.0
2023-12-25 11:01:45,627 [WARN] ConditionMgr:438 - getConditionDescription Invalid condition id : LAN8742 Phy interface Condition cause : null
2023-12-25 11:01:45,628 [WARN] PackLoader:240 - Cannot read IP mode file for STMicroelectronics.X-CUBE-AZRTOS-L4.2.0.0
2023-12-25 11:01:45,629 [WARN] ConditionMgr:1039 - genDependencies : Invalid condition id : LAN8742 Phy interface Condition cause : null
2023-12-25 11:01:45,630 [WARN] ConditionMgr:1039 - genDependencies : Invalid condition id : LAN8742 Phy interface Condition cause : null
2023-12-25 11:01:45,630 [WARN] ConditionMgr:1039 - genDependencies : Invalid condition id : LAN8742 Phy interface Condition cause : null
2023-12-25 11:01:45,678 [WARN] PackLoader:240 - Cannot read IP mode file for STMicroelectronics.X-CUBE-SFXS2LP1.4.0.0
2023-12-25 11:01:45,716 [WARN] PackLoader:240 - Cannot read IP mode file for STMicroelectronics.X-CUBE-ISPU.1.1.0
2023-12-25 11:01:45,778 [WARN] ConditionMgr:438 - getConditionDescription Invalid condition id : UX DEVICE CLASS RTOS Condition cause : null
2023-12-25 11:01:45,779 [WARN] ConditionMgr:438 - getConditionDescription Invalid condition id : UX DEVICE CLASS RTOS Condition cause : null
2023-12-25 11:01:45,783 [WARN] PackLoader:240 - Cannot read IP mode file for STMicroelectronics.X-CUBE-AZRTOS-WB.2.0.0
2023-12-25 11:01:45,784 [WARN] ConditionMgr:1039 - genDependencies : Invalid condition id : UX DEVICE CLASS RTOS Condition cause : null
2023-12-25 11:01:45,784 [WARN] ConditionMgr:1039 - genDependencies : Invalid condition id : UX DEVICE CLASS RTOS Condition cause : null
2023-12-25 11:01:45,785 [WARN] ConditionMgr:1039 - genDependencies : Invalid condition id : UX DEVICE CLASS RTOS Condition cause : null
2023-12-25 11:01:45,785 [WARN] ConditionMgr:1039 - genDependencies : Invalid condition id : UX DEVICE CLASS RTOS Condition cause : null
2023-12-25 11:01:45,785 [WARN] ConditionMgr:1039 - genDependencies : Invalid condition id : UX DEVICE CLASS RTOS Condition cause : null
2023-12-25 11:01:45,874 [WARN] PackLoader:240 - Cannot read IP mode file for STMicroelectronics.X-CUBE-SUBG2.5.0.0
2023-12-25 11:01:45,949 [WARN] PackLoader:240 - Cannot read IP mode file for STMicroelectronics.X-CUBE-TOF1.3.3.1
2023-12-25 11:01:46,166 [WARN] PackLoader:240 - Cannot read IP mode file for STMicroelectronics.X-CUBE-AZRTOS-G4.2.0.0
2023-12-25 11:01:46,227 [WARN] PackLoader:240 - Cannot read IP mode file for STMicroelectronics.X-CUBE-TOF1.3.3.0
2023-12-25 11:01:46,481 [WARN] PackLoader:240 - Cannot read IP mode file for Infineon.AIROC-Wi-Fi-Bluetooth-STM32.1.5.1
2023-12-25 11:01:46,530 [WARN] PackLoader:240 - Cannot read IP mode file for STMicroelectronics.FP-SNS-MOTENVWB1.1.3.0
2023-12-25 11:01:46,570 [WARN] PackLoader:240 - Cannot read IP mode file for STMicroelectronics.FP-SNS-MOTENVWB1.1.3.1
2023-12-25 11:01:46,594 [WARN] PackLoader:240 - Cannot read IP mode file for STMicroelectronics.X-CUBE-ISPU.2.0.0
2023-12-25 11:01:46,725 [WARN] PackLoader:240 - Cannot read IP mode file for STMicroelectronics.X-CUBE-MEMS1.10.0.0
2023-12-25 11:01:47,027 [WARN] PackLoader:240 - Cannot read IP mode file for STMicroelectronics.X-CUBE-FREERTOS.1.1.0
2023-12-25 11:01:47,080 [WARN] PackLoader:240 - Cannot read IP mode file for portGmbH.I-Cube-SoM-uGOAL.1.1.0
2023-12-25 11:01:47,102 [WARN] PackLoader:240 - Cannot read IP mode file for STMicroelectronics.X-CUBE-ALS.1.0.1
2023-12-25 11:01:47,132 [WARN] PackLoader:240 - Cannot read IP mode file for STMicroelectronics.FP-ATR-ASTRA1.2.0.0
2023-12-25 11:01:47,166 [WARN] PackLoader:240 - Cannot read IP mode file for STMicroelectronics.X-CUBE-TOF1.3.4.0
2023-12-25 11:01:47,379 [WARN] PackLoader:240 - Cannot read IP mode file for STMicroelectronics.X-CUBE-AZRTOS-H7.3.2.0
2023-12-25 11:01:47,599 [INFO] ThirdParty:978 - Integrity check success = true
2023-12-25 11:01:47,599 [INFO] IntegrityCheckThread:100 - exiting critical section [integrity check]
2023-12-25 11:01:47,599 [INFO] IntegrityCheckThread:103 - End integrity checks thread
2023-12-25 11:11:24,696 [INFO] McuFinderGlobals:63 - Set McuFinder mode to 2 (CubeIDE integrated)
2023-12-25 11:11:24,702 [INFO] MainUpdater:2873 - connection check result : 10
2023-12-25 11:11:24,704 [INFO] MainUpdater:2873 - connection check result : 10
2023-12-25 11:11:24,744 [INFO] MicroXplorer:468 - Change Database Path : 
2023-12-25 11:11:24,744 [INFO] MicroXplorer:498 - Change Database Version : DB.6.0.100
2023-12-25 11:11:24,751 [WARN] ThirdParty:871 - waiting for thirdparty lock release [close project]
2023-12-25 11:11:24,751 [INFO] ThirdParty:873 - entering critical section [close project]
2023-12-25 11:11:24,752 [INFO] ThirdParty:883 - exiting critical section [close project]
2023-12-25 11:11:24,756 [INFO] PinOutPanel:1499 - setPackage(No Configuration,No Configuration)
2023-12-25 11:11:24,760 [INFO] UtilMem:75 - Begin LoadConfig() Used Memory: 685220200 Bytes (1073741824)
2023-12-25 11:11:24,762 [INFO] MicroXplorer:468 - Change Database Path : 
2023-12-25 11:11:24,762 [INFO] MicroXplorer:498 - Change Database Version : DB.6.0.100
2023-12-25 11:11:24,762 [INFO] OpenFileManager:312 - Change cursor
2023-12-25 11:11:24,818 [INFO] Mcu:2016 - Initializing MCU STM32H750XBHx STM32H750XBHx STM32H750XBH6
2023-12-25 11:11:29,062 [INFO] Context:659 - Trying to add GPIOservice into a context  which must be forbidden
2023-12-25 11:11:32,032 [INFO] RtosManager:555 - Registered RTOS mode: class=CMSIS, group=RTOS, mode=CMSIS_V1, owner=FREERTOS
2023-12-25 11:11:32,032 [INFO] RtosManager:555 - Registered RTOS mode: class=CMSIS, group=RTOS2, mode=CMSIS_V2, owner=FREERTOS
2023-12-25 11:11:32,032 [INFO] RtosManager:555 - Registered RTOS mode: class=RTOS, group=Core, mode=CMSIS_V1, owner=FREERTOS
2023-12-25 11:11:32,032 [INFO] RtosManager:555 - Registered RTOS mode: class=RTOS, group=Core, mode=CMSIS_V2, owner=FREERTOS
2023-12-25 11:11:32,032 [WARN] ModelIntegratedComponent:184 - Missing modes for component STMicroelectronics:FreeRTOS:0.0.1:STMicroelectronics:RTOS:FreeRTOS:Core:::10.2.0:
2023-12-25 11:11:32,066 [WARN] ModelIntegratedComponent:63 - No mode defined for component null
2023-12-25 11:11:32,066 [WARN] ModelIntegratedComponent:63 - No mode defined for component null
2023-12-25 11:11:32,066 [WARN] ModelIntegratedComponent:63 - No mode defined for component null
2023-12-25 11:11:32,066 [WARN] ModelIntegratedComponent:63 - No mode defined for component null
2023-12-25 11:11:32,066 [WARN] ModelIntegratedComponent:63 - No mode defined for component null
2023-12-25 11:11:32,066 [WARN] ModelIntegratedComponent:63 - No mode defined for component null
2023-12-25 11:11:32,066 [WARN] ModelIntegratedComponent:63 - No mode defined for component null
2023-12-25 11:11:32,066 [WARN] ModelIntegratedComponent:63 - No mode defined for component null
2023-12-25 11:11:32,066 [WARN] ModelIntegratedComponent:63 - No mode defined for component null
2023-12-25 11:11:32,066 [WARN] ModelIntegratedComponent:63 - No mode defined for component null
2023-12-25 11:11:32,066 [WARN] ModelIntegratedComponent:63 - No mode defined for component null
2023-12-25 11:11:32,066 [WARN] ModelIntegratedComponent:63 - No mode defined for component null
2023-12-25 11:11:32,066 [WARN] ModelIntegratedComponent:63 - No mode defined for component null
2023-12-25 11:11:32,066 [WARN] ModelIntegratedComponent:63 - No mode defined for component null
2023-12-25 11:11:32,066 [WARN] ModelIntegratedComponent:63 - No mode defined for component null
2023-12-25 11:11:32,066 [WARN] ModelIntegratedComponent:63 - No mode defined for component null
2023-12-25 11:11:32,066 [WARN] ModelIntegratedComponent:63 - No mode defined for component null
2023-12-25 11:11:32,066 [WARN] ModelIntegratedComponent:63 - No mode defined for component null
2023-12-25 11:11:32,066 [WARN] ModelIntegratedComponent:63 - No mode defined for component null
2023-12-25 11:11:32,066 [WARN] ModelIntegratedComponent:63 - No mode defined for component null
2023-12-25 11:11:32,066 [WARN] ModelIntegratedComponent:63 - No mode defined for component null
2023-12-25 11:11:32,066 [WARN] ModelIntegratedComponent:63 - No mode defined for component null
2023-12-25 11:11:32,066 [WARN] ModelIntegratedComponent:63 - No mode defined for component null
2023-12-25 11:11:32,066 [WARN] ModelIntegratedComponent:63 - No mode defined for component null
2023-12-25 11:11:32,066 [WARN] ModelIntegratedComponent:63 - No mode defined for component null
2023-12-25 11:11:32,067 [WARN] ModelIntegratedComponent:63 - No mode defined for component null
2023-12-25 11:11:32,067 [WARN] ModelIntegratedComponent:63 - No mode defined for component null
2023-12-25 11:11:32,067 [WARN] ModelIntegratedComponent:63 - No mode defined for component null
2023-12-25 11:11:32,067 [WARN] ModelIntegratedComponent:63 - No mode defined for component null
2023-12-25 11:11:32,067 [WARN] ModelIntegratedComponent:63 - No mode defined for component null
2023-12-25 11:11:32,067 [WARN] ModelIntegratedComponent:63 - No mode defined for component null
2023-12-25 11:11:32,067 [WARN] ModelIntegratedComponent:63 - No mode defined for component null
2023-12-25 11:11:32,067 [WARN] ModelIntegratedComponent:63 - No mode defined for component null
2023-12-25 11:11:32,201 [INFO] ThirdPartyModel:298 - Start build external matchings
2023-12-25 11:11:32,686 [INFO] ThirdPartyModel:316 - End build external matchings
2023-12-25 11:11:32,698 [INFO] RtosManager:919 - Current active RTOS is FREERTOS [Cortex-M7NS]
2023-12-25 11:11:32,702 [INFO] ImportTextPane:194 - (OptionalMessage_ERROR) IP (CORTEX_M7) : Parameter (Size_S) has invalid value (null)
2023-12-25 11:11:32,703 [INFO] ImportTextPane:194 - (OptionalMessage_ERROR) IP (CORTEX_M7) : Parameter (AccessPermission_S) has invalid value (null)
2023-12-25 11:11:32,703 [INFO] ImportTextPane:194 - (OptionalMessage_ERROR) IP (CORTEX_M7) : Parameter (DisableExec_S) has invalid value (null)
2023-12-25 11:11:32,703 [INFO] ImportTextPane:194 - (OptionalMessage_ERROR) IP (CORTEX_M7) : Parameter (TypeExtField_S) has invalid value (null)
2023-12-25 11:11:32,703 [INFO] ImportTextPane:194 - (OptionalMessage_ERROR) IP (CORTEX_M7) : Parameter (Size_S) has invalid value (null)
2023-12-25 11:11:32,703 [INFO] ImportTextPane:194 - (OptionalMessage_ERROR) IP (CORTEX_M7) : Parameter (AccessPermission_S) has invalid value (null)
2023-12-25 11:11:32,703 [INFO] ImportTextPane:194 - (OptionalMessage_ERROR) IP (CORTEX_M7) : Parameter (DisableExec_S) has invalid value (null)
2023-12-25 11:11:32,703 [INFO] ImportTextPane:194 - (OptionalMessage_ERROR) IP (CORTEX_M7) : Parameter (IsShareable_S) has invalid value (null)
2023-12-25 11:11:32,703 [INFO] ImportTextPane:194 - (OptionalMessage_ERROR) IP (CORTEX_M7) : Parameter (IsBufferable_S) has invalid value (null)
2023-12-25 11:11:32,703 [INFO] ImportTextPane:194 - (OptionalMessage_ERROR) IP (CORTEX_M7) : Parameter (Size_S) has invalid value (null)
2023-12-25 11:11:32,703 [INFO] ImportTextPane:194 - (OptionalMessage_ERROR) IP (CORTEX_M7) : Parameter (AccessPermission_S) has invalid value (null)
2023-12-25 11:11:32,703 [INFO] ImportTextPane:194 - (OptionalMessage_ERROR) IP (CORTEX_M7) : Parameter (IsCacheable_S) has invalid value (null)
2023-12-25 11:11:32,703 [INFO] ImportTextPane:194 - (OptionalMessage_ERROR) IP (CORTEX_M7) : Parameter (IsBufferable_S) has invalid value (null)
2023-12-25 11:11:32,704 [INFO] ImportTextPane:194 - (OptionalMessage_ERROR) IP (ETH) : Invalid parameter (RxBuffAddress)
2023-12-25 11:11:32,794 [WARN] IP:2119 - LWIP_NETIF_HOSTNAME not found: check if there is a RefParameter without a condition.
2023-12-25 11:11:32,936 [INFO] ImportTextPane:194 - (OptionalMessage_ERROR) IP (RCC) : Parameter (FDCANFreq_Value) has invalid value (200000000)
2023-12-25 11:11:32,936 [INFO] ImportTextPane:194 - (OptionalMessage_ERROR) IP (RCC) : Invalid parameter (FamilyName)
2023-12-25 11:11:32,936 [INFO] ImportTextPane:194 - (OptionalMessage_ERROR) IP (RCC) : Parameter (SAI1Freq_Value) has invalid value (200000000)
2023-12-25 11:11:32,936 [INFO] ImportTextPane:194 - (OptionalMessage_ERROR) IP (RCC) : Parameter (SAI23Freq_Value) has invalid value (200000000)
2023-12-25 11:11:32,936 [INFO] ImportTextPane:194 - (OptionalMessage_ERROR) IP (RCC) : Parameter (SAI4AFreq_Value) has invalid value (200000000)
2023-12-25 11:11:32,936 [INFO] ImportTextPane:194 - (OptionalMessage_ERROR) IP (RCC) : Parameter (SAI4BFreq_Value) has invalid value (200000000)
2023-12-25 11:11:32,936 [INFO] ImportTextPane:194 - (OptionalMessage_ERROR) IP (RCC) : Parameter (USBFreq_Value) has invalid value (200000000)
2023-12-25 11:11:34,477 [INFO] UtilMem:75 - End LoadConfig() Used Memory: 696927640 Bytes (1073741824)
2023-12-25 11:11:34,650 [INFO] ApiDb:581 - Connected to CubeFinder SQLite database (C:\Users\user\.stmcufinder\plugins\mcufinder\mcu\cube-finder-db.db)
2023-12-25 11:11:34,728 [INFO] ApiDb:668 - CubeFinder database Data Model version=2.1
2023-12-25 11:11:34,728 [INFO] ApiDb:669 - CubeFinder database Configuration version=3.0.39
2023-12-25 11:11:34,729 [INFO] ApiDb:670 - CubeFinder database generation date=2023-11-06 (1699269565)
2023-12-25 11:11:34,729 [INFO] ApiDb:671 - CubeFinder database FW Pack versions=[FP-ATR-ASTRA1_V2.0.0, FP-SNS-FLIGHT1_V5.0.1, FP-SNS-FLIGHT1_V5.0.2, FP-SNS-MOTENV1_V4.3.1, FP-SNS-MOTENV1_V4.3.2, FP-SNS-MOTENVWB1_V1.3.0, FP-SNS-SMARTAG2_V1.2.0, STM32Cube_FW_C0_V1.1.0, STM32Cube_FW_F4_V1.28.0, STM32Cube_FW_F7_V1.17.0, STM32Cube_FW_G0_V1.6.1, STM32Cube_FW_G4_V1.5.1, STM32Cube_FW_H5_V0.5.1, STM32Cube_FW_H5_V1.1.1, STM32Cube_FW_H5_V1.2.0RC2, STM32Cube_FW_H7_V1.11.0, STM32Cube_FW_L0_V1.12.2, STM32Cube_FW_L5_V1.5.0, STM32Cube_FW_U5_V1.3.0RC4, STM32Cube_FW_U5_V1.4.0, STM32Cube_FW_WBA_V1.0.0RC1, STM32Cube_FW_WBA_V1.1.0RC1, STM32Cube_FW_WBA_V1.2.0, STM32Cube_FW_WBA_V1.2.0RC2, STM32Cube_FW_WB_V1.15.0RC1, STM32Cube_FW_WB_V1.16.0, STM32Cube_FW_WB_V1.16.0RC2, STM32Cube_FW_WB_V1.18.0, STM32Cube_FW_WL_V1.3.0, X-CUBE-ALGOBUILD_V1.3.0, X-CUBE-ALS_V1.0.1, X-CUBE-AZRTOS-F4_V1.1.0, X-CUBE-AZRTOS-F7_V1.1.0, X-CUBE-AZRTOS-G0_V1.1.0, X-CUBE-AZRTOS-G4_V2.0.0, X-CUBE-AZRTOS-H7_V3.1.0, X-CUBE-AZRTOS-L4_V1.0.0, X-CUBE-AZRTOS-L4_V2.0.0, X-CUBE-AZRTOS-L5_V1.1.0, X-CUBE-AZRTOS-WB_V2.0.0, X-CUBE-AZRTOS-WL_V2.0.0, X-CUBE-BLE1_V7.0.0, X-CUBE-BLE2_V3.3.0, X-CUBE-BLEMGR_V2.0.0, X-CUBE-EEPRMA1_V4.1.0, X-CUBE-EEPRMA1_V4.2.0, X-CUBE-FREERTOS_V1.1.0, X-CUBE-GNSS1_V6.0.0, X-CUBE-MEMS1_V10.0.0, X-CUBE-MEMS1_V9.1.0, X-CUBE-MEMS1_V9.4.0, X-CUBE-MEMS1_V9.6.0, X-CUBE-NFC4_V3.0.0, X-CUBE-NFC7_V1.0.1, X-CUBE-SFXS2LP1_V4.0.0, X-CUBE-SUBG2_V5.0.0, X-CUBE-TOF1_V3.3.1]
2023-12-25 11:11:37,321 [INFO] ApiDb:240 - Found 371 in-development CPN: [B-G473E-ZEST1S, B-WB1M-WPAN1, B-WL5M-SUBG1, NUCLEO-C031C6, NUCLEO-H503RB, NUCLEO-H563ZI, NUCLEO-U545RE-Q, NUCLEO-U5A5ZJ-Q, NUCLEO-WBA52CG, NUCLEO-WBA55CG, STEVAL-MKBOXPRO, STEVAL-PROTEUS1, STEVAL-STWINBX1, STM320518-EVAL, STM32C0116-DK, STM32C011D6Y3TR, STM32C011D6Y6TR, STM32C011F4P3, STM32C011F4P6, STM32C011F4U3, STM32C011F4U6TR, STM32C011F6P3, STM32C011F6P6, STM32C011F6U3, STM32C011F6U6TR, STM32C011J4M3, STM32C011J4M6, STM32C011J6M3, STM32C011J6M6, STM32C0316-DK, STM32C031C4T3, STM32C031C4T6, STM32C031C4U3, STM32C031C4U6, STM32C031C6T3, STM32C031C6T6, STM32C031C6U3, STM32C031C6U6, STM32C031F4P3, STM32C031F4P6, STM32C031F6P3, STM32C031F6P6, STM32C031G4U3, STM32C031G4U6, STM32C031G6U3, STM32C031G6U6, STM32C031K4T3, STM32C031K4T6, STM32C031K4U3, STM32C031K4U6, STM32C031K6T3, STM32C031K6T6, STM32C031K6U3, STM32C031K6U6, STM32G071K8TXN, STM32G071K8UXN, STM32G081GBU6N, STM32G081KBT6N, STM32G081KBUXN, STM32G0B1CCT6N, STM32G0B1KCT6, STM32G0B1NEY6TR, STM32G0B1RCT6N, STM32G0C1CCT6, STM32G0C1CCT6N, STM32G0C1CCU6N, STM32G0C1CET6N, STM32G0C1CEU6N, STM32G0C1KCT6, STM32G0C1NEY6TR, STM32G0C1RCI6N, STM32G0C1RCT6N, STM32G0C1REI6N, STM32G0C1RET6N, STM32G0C1VCI6, STM32G0C1VEI6, STM32G471CCT6, STM32G471CCU6, STM32G471CET3, STM32G471CET6, STM32G471CEU3, STM32G471CEU6, STM32G471MCT6, STM32G471MET3, STM32G471MET6, STM32G471MEY6TR, STM32G471QCT6, STM32G471QET3, STM32G471RCT6, STM32G471RET3, STM32G471RET6, STM32G471VCH6, STM32G471VCI6, STM32G471VCT6, STM32G471VEH3, STM32G471VEH6, STM32G471VEI3, STM32G471VEI6, STM32G471VET3, STM32G471VET6, STM32G474CCT6, STM32H503CBT6, STM32H503CBU6, STM32H503EBY6TR, STM32H503KBU6, STM32H503RBT6, STM32H562AGI6, STM32H562AII6, STM32H562IGK6, STM32H562IGT6, STM32H562IIK6, STM32H562IIT6, STM32H562RGT6, STM32H562RGV6, STM32H562RIT6, STM32H562RIV6, STM32H562VGT6, STM32H562VIT6, STM32H562ZGT6, STM32H562ZIT6, STM32H563AGI6, STM32H563AII3Q, STM32H563AII6, STM32H563IGK6, STM32H563IGT6, STM32H563IIK3Q, STM32H563IIK6, STM32H563IIT3Q, STM32H563IIT6, STM32H563MIY3QTR, STM32H563RGT6, STM32H563RGV6, STM32H563RIT6, STM32H563RIV6, STM32H563VGT6, STM32H563VIT3Q, STM32H563VIT6, STM32H563ZGT6, STM32H563ZIT3Q, STM32H563ZIT6, STM32H573AII3Q, STM32H573AII6, STM32H573I-DK, STM32H573IIK3Q, STM32H573IIK6, STM32H573IIT3Q, STM32H573IIT6, STM32H573MIY3QTR, STM32H573RIT6, STM32H573RIV6, STM32H573VIT3Q, STM32H573VIT6, STM32H573ZIT3Q, STM32H573ZIT6, STM32L4R5QGI6STR, STM32MP131AAE3, STM32MP131AAF3, STM32MP131AAG3, STM32MP131CAE3, STM32MP131CAF3, STM32MP131CAG3, STM32MP131DAE7, STM32MP131DAF7, STM32MP131DAG7, STM32MP131FAE7, STM32MP131FAF7, STM32MP131FAG7, STM32MP133AAE3, STM32MP133AAF3, STM32MP133AAG3, STM32MP133CAE3, STM32MP133CAF3, STM32MP133CAG3, STM32MP133DAE7, STM32MP133DAF7, STM32MP133DAG7, STM32MP133FAE7, STM32MP133FAF7, STM32MP133FAG7, STM32MP135AAE3, STM32MP135AAF3, STM32MP135AAG3, STM32MP135CAE3, STM32MP135CAF3, STM32MP135CAG3, STM32MP135DAE7, STM32MP135DAF7, STM32MP135DAG7, STM32MP135F-DK, STM32MP135FAE7, STM32MP135FAF7, STM32MP135FAF7T, STM32MP135FAF7U, STM32MP135FAG7, STM32U535CBT6, STM32U535CBT6Q, STM32U535CBU6, STM32U535CBU6Q, STM32U535CCT6, STM32U535CCT6Q, STM32U535CCU6, STM32U535CCU6Q, STM32U535CET6, STM32U535CET6Q, STM32U535CEU6, STM32U535CEU6Q, STM32U535JEY6QTR, STM32U535NCY6QTR, STM32U535NEY6QTR, STM32U535RBI6, STM32U535RBI6Q, STM32U535RBT6, STM32U535RBT6Q, STM32U535RCI6, STM32U535RCI6Q, STM32U535RCT6, STM32U535RCT6Q, STM32U535REI6, STM32U535REI6Q, STM32U535RET6, STM32U535RET6Q, STM32U535VCI6, STM32U535VCI6Q, STM32U535VCT6, STM32U535VCT6Q, STM32U535VEI6, STM32U535VEI6Q, STM32U535VET6, STM32U535VET6Q, STM32U545CET6, STM32U545CET6Q, STM32U545CEU6, STM32U545CEU6Q, STM32U545JEY6QTR, STM32U545NEY6QTR, STM32U545REI6, STM32U545REI6Q, STM32U545RET6, STM32U545RET6Q, STM32U545VEI6, STM32U545VEI6Q, STM32U545VET6, STM32U545VET6Q, STM32U595AIH6, STM32U595AIH6Q, STM32U595AJH6, STM32U595AJH6Q, STM32U595QII6, STM32U595QII6Q, STM32U595QJI6, STM32U595QJI6Q, STM32U595RIT6, STM32U595RIT6Q, STM32U595RJT6, STM32U595RJT6Q, STM32U595VIT6, STM32U595VIT6Q, STM32U595VJT6, STM32U595VJT6Q, STM32U595ZIT6, STM32U595ZIT6Q, STM32U595ZIY6QTR, STM32U595ZJT6, STM32U595ZJT6Q, STM32U595ZJY6QTR, STM32U599BJY6QTR, STM32U599NIH6Q, STM32U599NJH6Q, STM32U599VIT6Q, STM32U599VJT6, STM32U599VJT6Q, STM32U599ZIT6Q, STM32U599ZIY6QTR, STM32U599ZJT6Q, STM32U599ZJY6QTR, STM32U5A5AJH6, STM32U5A5AJH6Q, STM32U5A5QJI6, STM32U5A5QJI6Q, STM32U5A5RJT6, STM32U5A5RJT6Q, STM32U5A5VJT6, STM32U5A5VJT6Q, STM32U5A5ZJT6, STM32U5A5ZJT6Q, STM32U5A5ZJY6QTR, STM32U5A9BJY6QTR, STM32U5A9J-DK, STM32U5A9NJH6Q, STM32U5A9VJT6Q, STM32U5A9ZJT6Q, STM32U5A9ZJY6QTR, STM32U5F7VIT6, STM32U5F7VIT6Q, STM32U5F7VJT6, STM32U5F7VJT6Q, STM32U5F9BJY6QTR, STM32U5F9NJH6Q, STM32U5F9VIT6Q, STM32U5F9VJT6Q, STM32U5F9ZIJ6QTR, STM32U5F9ZIT6Q, STM32U5F9ZJJ6QTR, STM32U5F9ZJT6Q, STM32U5G7VJT6, STM32U5G7VJT6Q, STM32U5G9BJY6QTR, STM32U5G9J-DK1, STM32U5G9J-DK2, STM32U5G9NJH6Q, STM32U5G9VJT6Q, STM32U5G9ZJJ6QTR, STM32U5G9ZJT6Q, STM32WB1MMCH6, STM32WBA50KEU6, STM32WBA50KEU6TR, STM32WBA50KGU6, STM32WBA50KGU6TR, STM32WBA52CEU6, STM32WBA52CEU6TR, STM32WBA52CEU7, STM32WBA52CEU7TR, STM32WBA52CGU6, STM32WBA52CGU6TR, STM32WBA52CGU6U, STM32WBA52CGU7, STM32WBA52CGU7TR, STM32WBA52KEU6, STM32WBA52KEU6TR, STM32WBA52KGU6, STM32WBA52KGU6TR, STM32WBA54CEU6, STM32WBA54CEU6TR, STM32WBA54CEU7, STM32WBA54CEU7TR, STM32WBA54CGU6, STM32WBA54CGU6TR, STM32WBA54CGU7, STM32WBA54CGU7TR, STM32WBA54KEU6, STM32WBA54KEU6TR, STM32WBA54KEU7, STM32WBA54KEU7TR, STM32WBA54KGU6, STM32WBA54KGU6TR, STM32WBA54KGU7, STM32WBA54KGU7TR, STM32WBA55CEU6, STM32WBA55CEU6TR, STM32WBA55CEU7, STM32WBA55CEU7TR, STM32WBA55CGU6, STM32WBA55CGU6TR, STM32WBA55CGU6U, STM32WBA55CGU7, STM32WBA55CGU7TR, STM32WBA55G-DK1, STM32WBA55HEF6, STM32WBA55HEF7, STM32WBA55HGF6, STM32WBA55HGF7, STM32WBA55UEI6, STM32WBA55UEI6TR, STM32WBA55UEI7, STM32WBA55UEI7TR, STM32WBA55UGI6, STM32WBA55UGI6TR, STM32WBA55UGI7, STM32WBA55UGI7TR, STM32WL5MOCH6, STM32WL5MOCH6TR]
2023-12-25 11:11:37,326 [INFO] DbMcus:218 - Found 3930 MCUs, 3930 are supported
2023-12-25 11:11:37,331 [INFO] ApiDb:423 - Load user favorites file C:\Users\user/.stm32cubeide/favorites.mcus.txt: 2 item(s)
2023-12-25 11:11:37,331 [INFO] ApiDb:427 - User favorites MCUs=[STM32F103C8T6, STM32H750VBT6]
2023-12-25 11:11:37,331 [INFO] DbMcus:224 - Set 2 / 2 favorites MCUs
2023-12-25 11:11:37,723 [INFO] MicroXplorer:468 - Change Database Path : 
2023-12-25 11:11:37,723 [INFO] MicroXplorer:498 - Change Database Version : DB.6.0.100
2023-12-25 11:11:37,724 [WARN] ThirdParty:833 - waiting for thirdparty lock release [change project]
2023-12-25 11:11:37,724 [INFO] ThirdParty:835 - entering critical section [change project]
2023-12-25 11:11:37,724 [INFO] ThirdParty:1030 - CMSIS Pack Vendor :STMicroelectronics X-CUBE-ISPU 1.1.0
2023-12-25 11:11:37,724 [INFO] ThirdParty:1030 - CMSIS Pack Vendor :STMicroelectronics USBPD 4.1
2023-12-25 11:11:37,724 [INFO] ThirdParty:1030 - CMSIS Pack Vendor :STMicroelectronics X-CUBE-GNSS1 6.0.0
2023-12-25 11:11:37,724 [INFO] ThirdParty:1030 - CMSIS Pack Vendor :STMicroelectronics USB_HOST 2.0.0
2023-12-25 11:11:37,724 [INFO] ThirdParty:1030 - CMSIS Pack Vendor :STMicroelectronics X-CUBE-AZRTOS-F4 1.1.0
2023-12-25 11:11:37,724 [INFO] ThirdParty:1030 - CMSIS Pack Vendor :STMicroelectronics LIBJPEG 8.0.0
2023-12-25 11:11:37,724 [INFO] ThirdParty:1030 - CMSIS Pack Vendor :wolfSSL I-CUBE-wolfSSL 5.6.4
2023-12-25 11:11:37,724 [INFO] ThirdParty:1030 - CMSIS Pack Vendor :STMicroelectronics X-CUBE-SMBUS 2.1.0
2023-12-25 11:11:37,724 [INFO] ThirdParty:1030 - CMSIS Pack Vendor :STMicroelectronics USB_DEVICE 3.0.0
2023-12-25 11:11:37,724 [INFO] ThirdParty:1030 - CMSIS Pack Vendor :STMicroelectronics X-CUBE-AZRTOS-WB 2.0.0
2023-12-25 11:11:37,724 [INFO] ThirdParty:1030 - CMSIS Pack Vendor :STMicroelectronics X-CUBE-TOUCHGFX 4.21.1
2023-12-25 11:11:37,724 [INFO] ThirdParty:1030 - CMSIS Pack Vendor :STMicroelectronics X-CUBE-TOUCHGFX 4.21.0
2023-12-25 11:11:37,724 [INFO] ThirdParty:1030 - CMSIS Pack Vendor :STMicroelectronics X-CUBE-TOUCHGFX 4.23.0
2023-12-25 11:11:37,725 [INFO] ThirdParty:1030 - CMSIS Pack Vendor :STMicroelectronics X-CUBE-AZRTOS-F7 1.1.0
2023-12-25 11:11:37,725 [INFO] ThirdParty:1030 - CMSIS Pack Vendor :STMicroelectronics X-CUBE-TOUCHGFX 4.21.4
2023-12-25 11:11:37,725 [INFO] ThirdParty:1030 - CMSIS Pack Vendor :STMicroelectronics X-CUBE-AZRTOS-L5 2.0.0
2023-12-25 11:11:37,725 [INFO] ThirdParty:1030 - CMSIS Pack Vendor :STMicroelectronics USB_DEVICE 2.0.0
2023-12-25 11:11:37,725 [INFO] ThirdParty:1030 - CMSIS Pack Vendor :STMicroelectronics X-CUBE-EEPRMA1 4.2.0
2023-12-25 11:11:37,725 [INFO] ThirdParty:1030 - CMSIS Pack Vendor :ITTIA_DB I-CUBE-ITTIADB 8.8.0
2023-12-25 11:11:37,725 [INFO] ThirdParty:1030 - CMSIS Pack Vendor :STMicroelectronics FP-SNS-MOTENV1 4.3.2
2023-12-25 11:11:37,725 [INFO] ThirdParty:1030 - CMSIS Pack Vendor :STMicroelectronics X-CUBE-ALGOBUILD 1.3.0
2023-12-25 11:11:37,725 [INFO] ThirdParty:1030 - CMSIS Pack Vendor :STMicroelectronics FreeRTOS 0.0.1
2023-12-25 11:11:37,725 [INFO] ThirdParty:1030 - CMSIS Pack Vendor :STMicroelectronics X-CUBE-AZRTOS-G0 1.1.0
2023-12-25 11:11:37,725 [INFO] ThirdParty:1030 - CMSIS Pack Vendor :emotas I-CUBE-CANOPEN 1.1.3
2023-12-25 11:11:37,725 [INFO] ThirdParty:1030 - CMSIS Pack Vendor :STMicroelectronics X-CUBE-NFC4 3.0.0
2023-12-25 11:11:37,725 [INFO] ThirdParty:1030 - CMSIS Pack Vendor :STMicroelectronics X-CUBE-SUBG2 5.0.0
2023-12-25 11:11:37,725 [INFO] ThirdParty:1030 - CMSIS Pack Vendor :STMicroelectronics STM32_WPAN 1.0.0
2023-12-25 11:11:37,725 [INFO] ThirdParty:1030 - CMSIS Pack Vendor :STMicroelectronics lwIP 2.0.3
2023-12-25 11:11:37,734 [INFO] ThirdParty:1030 - CMSIS Pack Vendor :STMicroelectronics FP-SNS-FLIGHT1 5.0.2
2023-12-25 11:11:37,735 [INFO] ThirdParty:1030 - CMSIS Pack Vendor :STMicroelectronics USB_HOST 1.0.0
2023-12-25 11:11:37,735 [INFO] ThirdParty:1030 - CMSIS Pack Vendor :STMicroelectronics X-CUBE-TOF1 3.3.1
2023-12-25 11:11:37,735 [INFO] ThirdParty:1030 - CMSIS Pack Vendor :STMicroelectronics X-CUBE-AZRTOS-G4 2.0.0
2023-12-25 11:11:37,735 [INFO] ThirdParty:1030 - CMSIS Pack Vendor :STMicroelectronics PDM2PCM 3.1.0
2023-12-25 11:11:37,735 [INFO] ThirdParty:1030 - CMSIS Pack Vendor :STMicroelectronics X-CUBE-AZRTOS-H7 3.1.0
2023-12-25 11:11:37,735 [INFO] ThirdParty:1030 - CMSIS Pack Vendor :STMicroelectronics X-CUBE-TOF1 3.3.0
2023-12-25 11:11:37,735 [INFO] ThirdParty:1030 - CMSIS Pack Vendor :Infineon AIROC-Wi-Fi-Bluetooth-STM32 1.5.1
2023-12-25 11:11:37,735 [INFO] ThirdParty:1030 - CMSIS Pack Vendor :STMicroelectronics X-CUBE-BLEMGR 3.0.0
2023-12-25 11:11:37,735 [INFO] ThirdParty:1030 - CMSIS Pack Vendor :STMicroelectronics PDM2PCM 3.3.0
2023-12-25 11:11:37,735 [INFO] ThirdParty:1030 - CMSIS Pack Vendor :STMicroelectronics X-CUBE-DISPLAY 3.0.0
2023-12-25 11:11:37,735 [INFO] ThirdParty:1030 - CMSIS Pack Vendor :STMicroelectronics FP-SNS-MOTENVWB1 1.3.0
2023-12-25 11:11:37,735 [INFO] ThirdParty:1030 - CMSIS Pack Vendor :STMicroelectronics FP-SNS-MOTENVWB1 1.3.1
2023-12-25 11:11:37,735 [INFO] ThirdParty:1030 - CMSIS Pack Vendor :STMicroelectronics X-CUBE-BLE1 7.0.0
2023-12-25 11:11:37,735 [INFO] ThirdParty:1030 - CMSIS Pack Vendor :STMicroelectronics FP-ATR-SIGFOX1 3.2.0
2023-12-25 11:11:37,735 [INFO] ThirdParty:1030 - CMSIS Pack Vendor :STMicroelectronics X-CUBE-ISPU 2.0.0
2023-12-25 11:11:37,735 [INFO] ThirdParty:1030 - CMSIS Pack Vendor :STMicroelectronics HAL Drivers 0.0.0
2023-12-25 11:11:37,735 [INFO] ThirdParty:1030 - CMSIS Pack Vendor :STMicroelectronics MBEDTLS 2.16.2
2023-12-25 11:11:37,735 [INFO] ThirdParty:1030 - CMSIS Pack Vendor :emotas I-CUBE-CANOPEN 1.3.0
2023-12-25 11:11:37,735 [INFO] ThirdParty:1030 - CMSIS Pack Vendor :STMicroelectronics X-CUBE-MEMS1 10.0.0
2023-12-25 11:11:37,735 [INFO] ThirdParty:1030 - CMSIS Pack Vendor :STMicroelectronics X-CUBE-FREERTOS 1.1.0
2023-12-25 11:11:37,735 [INFO] ThirdParty:1030 - CMSIS Pack Vendor :STMicroelectronics X-CUBE-TOUCHGFX 4.22.0
2023-12-25 11:11:37,735 [INFO] ThirdParty:1030 - CMSIS Pack Vendor :STMicroelectronics X-CUBE-NFC7 1.0.1
2023-12-25 11:11:37,735 [INFO] ThirdParty:1030 - CMSIS Pack Vendor :STMicroelectronics MBEDTLS 2.14.1
2023-12-25 11:11:37,735 [INFO] ThirdParty:1030 - CMSIS Pack Vendor :STMicroelectronics X-CUBE-TOUCHGFX 4.22.1
2023-12-25 11:11:37,735 [INFO] ThirdParty:1030 - CMSIS Pack Vendor :STMicroelectronics X-CUBE-NFC6 3.0.0
2023-12-25 11:11:37,735 [INFO] ThirdParty:1030 - CMSIS Pack Vendor :portGmbH I-Cube-SoM-uGOAL 1.1.0
2023-12-25 11:11:37,736 [INFO] ThirdParty:1030 - CMSIS Pack Vendor :STMicroelectronics X-CUBE-ALS 1.0.1
2023-12-25 11:11:37,736 [INFO] ThirdParty:1030 - CMSIS Pack Vendor :STMicroelectronics ThreadX 1.0.0
2023-12-25 11:11:37,736 [INFO] ThirdParty:1030 - CMSIS Pack Vendor :STMicroelectronics FP-SNS-SMARTAG2 1.2.0
2023-12-25 11:11:37,736 [INFO] ThirdParty:1030 - CMSIS Pack Vendor :STMicroelectronics X-CUBE-AZRTOS-WL 2.0.0
2023-12-25 11:11:37,736 [INFO] ThirdParty:1030 - CMSIS Pack Vendor :STMicroelectronics USB_DEVICE 1.0.0
2023-12-25 11:11:37,736 [INFO] ThirdParty:1030 - CMSIS Pack Vendor :STMicroelectronics X-CUBE-AI 8.1.0
2023-12-25 11:11:37,736 [INFO] ThirdParty:1030 - CMSIS Pack Vendor :STMicroelectronics X-CUBE-AZRTOS-L4 2.0.0
2023-12-25 11:11:37,736 [INFO] ThirdParty:1030 - CMSIS Pack Vendor :STMicroelectronics ThreadX 0.0.2
2023-12-25 11:11:37,736 [INFO] ThirdParty:1030 - CMSIS Pack Vendor :WES I-CUBE-Cesium 1.3.0
2023-12-25 11:11:37,736 [INFO] ThirdParty:1030 - CMSIS Pack Vendor :STMicroelectronics FP-ATR-ASTRA1 2.0.0
2023-12-25 11:11:37,736 [INFO] ThirdParty:1030 - CMSIS Pack Vendor :STMicroelectronics lwIP 2.1.2
2023-12-25 11:11:37,736 [INFO] ThirdParty:1030 - CMSIS Pack Vendor :STMicroelectronics X-CUBE-SFXS2LP1 4.0.0
2023-12-25 11:11:37,736 [INFO] ThirdParty:1030 - CMSIS Pack Vendor :STMicroelectronics X-CUBE-BLE2 3.3.0
2023-12-25 11:11:37,736 [INFO] ThirdParty:1030 - CMSIS Pack Vendor :STMicroelectronics X-CUBE-TOF1 3.4.0
2023-12-25 11:11:37,736 [INFO] ThirdParty:1030 - CMSIS Pack Vendor :STMicroelectronics X-CUBE-AZRTOS-H7 3.2.0
2023-12-25 11:11:37,736 [INFO] ThirdParty:1030 - CMSIS Pack Vendor :STMicroelectronics PDM2PCM 3.2.0
2023-12-25 11:11:37,736 [INFO] ThirdParty:1030 - CMSIS Pack Vendor :STMicroelectronics X-CUBE-TOUCHGFX 4.18.0
2023-12-25 11:11:37,736 [INFO] ThirdParty:841 - exiting critical section [change project]
2023-12-25 11:11:39,518 [INFO] PinOutPanel:1499 - setPackage(No Configuration,No Configuration)
2023-12-25 11:11:39,520 [INFO] PinOutPanel:1499 - setPackage(STM32H750XBHx,TFBGA240)
2023-12-25 11:11:43,491 [INFO] UtilMem:75 - Before build in PCC Used Memory: 383053448 Bytes (1073741824)
2023-12-25 11:11:44,721 [INFO] UtilMem:75 - After build in PCC Used Memory: 495251080 Bytes (1073741824)
2023-12-25 11:11:44,906 [INFO] ApiDbMcu:508 - Load IP Config File for FREERTOS
2023-12-25 11:11:44,920 [INFO] ApiDbMcu:508 - Load IP Config File for LWIP
2023-12-25 11:11:44,922 [WARN] BspModel:444 - BSP dependency skipped because of component: name='DP83848', api='BSP_COMPONENT_DRIVER'
2023-12-25 11:11:44,990 [INFO] IPUIPlugin:80 - create IPUIPlugin
2023-12-25 11:11:44,990 [INFO] IPUIPlugin:80 - create IPUIPlugin
2023-12-25 11:11:44,990 [INFO] IPUIPlugin:80 - create IPUIPlugin
2023-12-25 11:11:44,990 [INFO] IPUIPlugin:80 - create IPUIPlugin
2023-12-25 11:11:44,990 [INFO] IPUIPlugin:80 - create IPUIPlugin
2023-12-25 11:11:44,990 [INFO] IPUIPlugin:80 - create IPUIPlugin
2023-12-25 11:11:44,990 [INFO] IPUIPlugin:80 - create IPUIPlugin
2023-12-25 11:11:44,991 [INFO] IPUIPlugin:80 - create IPUIPlugin
2023-12-25 11:11:44,991 [INFO] IPUIPlugin:80 - create IPUIPlugin
2023-12-25 11:11:44,991 [INFO] IPUIPlugin:80 - create IPUIPlugin
2023-12-25 11:11:44,991 [INFO] IPUIPlugin:80 - create IPUIPlugin
2023-12-25 11:11:44,991 [INFO] IPUIPlugin:80 - create IPUIPlugin
2023-12-25 11:11:44,991 [INFO] IPUIPlugin:80 - create IPUIPlugin
2023-12-25 11:11:44,991 [INFO] IPUIPlugin:80 - create IPUIPlugin
2023-12-25 11:11:44,993 [INFO] IPUIPlugin:80 - create IPUIPlugin
2023-12-25 11:11:44,994 [INFO] IPUIPlugin:80 - create IPUIPlugin
2023-12-25 11:11:44,994 [INFO] IPUIPlugin:80 - create IPUIPlugin
2023-12-25 11:11:44,994 [INFO] IPUIPlugin:80 - create IPUIPlugin
2023-12-25 11:11:44,994 [INFO] IPUIPlugin:80 - create IPUIPlugin
2023-12-25 11:11:44,994 [INFO] IPUIPlugin:80 - create IPUIPlugin
2023-12-25 11:11:44,994 [INFO] IPUIPlugin:80 - create IPUIPlugin
2023-12-25 11:11:44,994 [INFO] IPUIPlugin:80 - create IPUIPlugin
2023-12-25 11:11:44,994 [INFO] IPUIPlugin:80 - create IPUIPlugin
2023-12-25 11:11:44,995 [INFO] IPUIPlugin:80 - create IPUIPlugin
2023-12-25 11:11:44,995 [INFO] IPUIPlugin:80 - create IPUIPlugin
2023-12-25 11:11:44,995 [INFO] IPUIPlugin:80 - create IPUIPlugin
2023-12-25 11:11:44,995 [INFO] IPUIPlugin:80 - create IPUIPlugin
2023-12-25 11:11:44,995 [INFO] IPUIPlugin:80 - create IPUIPlugin
2023-12-25 11:11:44,995 [INFO] IPUIPlugin:80 - create IPUIPlugin
2023-12-25 11:11:44,995 [INFO] IPUIPlugin:80 - create IPUIPlugin
2023-12-25 11:11:44,995 [INFO] IPUIPlugin:80 - create IPUIPlugin
2023-12-25 11:11:44,995 [INFO] IPUIPlugin:80 - create IPUIPlugin
2023-12-25 11:11:44,997 [INFO] IPUIPlugin:80 - create IPUIPlugin
2023-12-25 11:11:44,997 [INFO] IPUIPlugin:80 - create IPUIPlugin
2023-12-25 11:11:44,997 [INFO] IPUIPlugin:80 - create IPUIPlugin
2023-12-25 11:11:44,997 [INFO] IPUIPlugin:80 - create IPUIPlugin
2023-12-25 11:11:44,998 [INFO] IPUIPlugin:80 - create IPUIPlugin
2023-12-25 11:11:44,998 [INFO] IPUIPlugin:80 - create IPUIPlugin
2023-12-25 11:11:44,999 [INFO] IPUIPlugin:80 - create IPUIPlugin
2023-12-25 11:11:44,999 [INFO] IPUIPlugin:80 - create IPUIPlugin
2023-12-25 11:11:44,999 [INFO] IPUIPlugin:80 - create IPUIPlugin
2023-12-25 11:11:44,999 [INFO] IPUIPlugin:80 - create IPUIPlugin
2023-12-25 11:11:45,000 [INFO] IPUIPlugin:80 - create IPUIPlugin
2023-12-25 11:11:45,000 [INFO] IPUIPlugin:80 - create IPUIPlugin
2023-12-25 11:11:45,000 [INFO] IPUIPlugin:80 - create IPUIPlugin
2023-12-25 11:11:45,001 [INFO] IPUIPlugin:80 - create IPUIPlugin
2023-12-25 11:11:45,001 [INFO] IPUIPlugin:80 - create IPUIPlugin
2023-12-25 11:11:45,001 [INFO] IPUIPlugin:80 - create IPUIPlugin
2023-12-25 11:11:45,001 [INFO] IPUIPlugin:80 - create IPUIPlugin
2023-12-25 11:11:45,002 [INFO] IPUIPlugin:80 - create IPUIPlugin
2023-12-25 11:11:45,002 [INFO] IPUIPlugin:80 - create IPUIPlugin
2023-12-25 11:11:45,002 [INFO] IPUIPlugin:80 - create IPUIPlugin
2023-12-25 11:11:45,003 [INFO] IPUIPlugin:80 - create IPUIPlugin
2023-12-25 11:11:45,003 [INFO] IPUIPlugin:80 - create IPUIPlugin
2023-12-25 11:11:45,003 [INFO] IPUIPlugin:80 - create IPUIPlugin
2023-12-25 11:11:45,004 [INFO] IPUIPlugin:80 - create IPUIPlugin
2023-12-25 11:11:45,004 [INFO] IPUIPlugin:80 - create IPUIPlugin
2023-12-25 11:11:45,005 [INFO] IPUIPlugin:80 - create IPUIPlugin
2023-12-25 11:11:45,005 [INFO] IPUIPlugin:80 - create IPUIPlugin
2023-12-25 11:11:45,005 [INFO] IPUIPlugin:80 - create IPUIPlugin
2023-12-25 11:11:45,006 [INFO] IPUIPlugin:80 - create IPUIPlugin
2023-12-25 11:11:45,006 [INFO] IPUIPlugin:80 - create IPUIPlugin
2023-12-25 11:11:45,007 [INFO] IPUIPlugin:80 - create IPUIPlugin
2023-12-25 11:11:45,007 [INFO] IPUIPlugin:80 - create IPUIPlugin
2023-12-25 11:11:45,007 [INFO] IPUIPlugin:80 - create IPUIPlugin
2023-12-25 11:11:45,008 [INFO] IPUIPlugin:80 - create IPUIPlugin
2023-12-25 11:11:45,010 [INFO] IPUIPlugin:80 - create IPUIPlugin
2023-12-25 11:11:45,011 [INFO] IPUIPlugin:80 - create IPUIPlugin
2023-12-25 11:11:45,011 [INFO] IPUIPlugin:80 - create IPUIPlugin
2023-12-25 11:11:45,011 [INFO] IPUIPlugin:80 - create IPUIPlugin
2023-12-25 11:11:45,013 [INFO] IPUIPlugin:80 - create IPUIPlugin
2023-12-25 11:11:45,013 [INFO] IPUIPlugin:80 - create IPUIPlugin
2023-12-25 11:11:45,014 [INFO] IPUIPlugin:80 - create IPUIPlugin
2023-12-25 11:11:45,014 [INFO] IPUIPlugin:80 - create IPUIPlugin
2023-12-25 11:11:45,015 [INFO] IPUIPlugin:80 - create IPUIPlugin
2023-12-25 11:11:45,015 [INFO] IPUIPlugin:80 - create IPUIPlugin
2023-12-25 11:11:45,015 [INFO] IPUIPlugin:80 - create IPUIPlugin
2023-12-25 11:11:45,016 [INFO] IPUIPlugin:80 - create IPUIPlugin
2023-12-25 11:11:45,016 [INFO] IPUIPlugin:80 - create IPUIPlugin
2023-12-25 11:11:45,017 [INFO] IPUIPlugin:80 - create IPUIPlugin
2023-12-25 11:11:45,017 [INFO] IPUIPlugin:80 - create IPUIPlugin
2023-12-25 11:11:45,017 [INFO] IPUIPlugin:80 - create IPUIPlugin
2023-12-25 11:11:45,018 [INFO] IPUIPlugin:80 - create IPUIPlugin
2023-12-25 11:11:45,018 [INFO] IPUIPlugin:80 - create IPUIPlugin
2023-12-25 11:11:45,019 [INFO] IPUIPlugin:80 - create IPUIPlugin
2023-12-25 11:11:45,019 [INFO] IPUIPlugin:80 - create IPUIPlugin
2023-12-25 11:11:45,020 [INFO] IPUIPlugin:80 - create IPUIPlugin
2023-12-25 11:11:45,020 [INFO] IPUIPlugin:80 - create IPUIPlugin
2023-12-25 11:11:45,021 [INFO] IPUIPlugin:80 - create IPUIPlugin
2023-12-25 11:11:45,022 [INFO] IPUIPlugin:80 - create IPUIPlugin
2023-12-25 11:11:45,022 [INFO] IPUIPlugin:80 - create IPUIPlugin
2023-12-25 11:11:45,023 [INFO] IPUIPlugin:80 - create IPUIPlugin
2023-12-25 11:11:45,023 [INFO] IPUIPlugin:80 - create IPUIPlugin
2023-12-25 11:11:45,024 [INFO] IPUIPlugin:80 - create IPUIPlugin
2023-12-25 11:11:45,025 [INFO] IPUIPlugin:80 - create IPUIPlugin
2023-12-25 11:11:45,027 [INFO] IPUIPlugin:80 - create IPUIPlugin
2023-12-25 11:11:45,028 [INFO] IPUIPlugin:80 - create IPUIPlugin
2023-12-25 11:11:45,029 [INFO] IPUIPlugin:80 - create IPUIPlugin
2023-12-25 11:11:45,029 [INFO] IPUIPlugin:80 - create IPUIPlugin
2023-12-25 11:11:45,038 [INFO] ApiDbMcu:508 - Load IP Config File for PDM2PCM
2023-12-25 11:11:45,074 [WARN] FreeRTOS:1023 - Null or empty value: should not occur! (nothing added to the table)
2023-12-25 11:11:45,603 [INFO] CADModel:165 - CPN selected for project levelSTM32H750XBH6
2023-12-25 11:11:45,603 [INFO] CADModel:114 - Register for checkConnection events
2023-12-25 11:11:45,620 [INFO] RtosManager:697 - Active RTOS found at IOC load: FREERTOS [Cortex-M7NS]
2023-12-25 11:11:45,691 [INFO] OpenFileManager:343 - Restore cursor
2023-12-25 11:11:46,286 [WARN] IP:2119 - LWIP_NETIF_HOSTNAME not found: check if there is a RefParameter without a condition.
2023-12-25 11:11:46,367 [WARN] IP:2119 - LWIP_NETIF_HOSTNAME not found: check if there is a RefParameter without a condition.
2023-12-25 11:11:58,390 [WARN] IP:2119 - LWIP_NETIF_HOSTNAME not found: check if there is a RefParameter without a condition.
2023-12-25 11:52:10,372 [WARN] IP:2119 - LWIP_NETIF_HOSTNAME not found: check if there is a RefParameter without a condition.
2023-12-25 11:57:09,429 [WARN] IP:2119 - LWIP_NETIF_HOSTNAME not found: check if there is a RefParameter without a condition.
2023-12-25 11:57:11,091 [WARN] IP:2119 - LWIP_NETIF_HOSTNAME not found: check if there is a RefParameter without a condition.
2023-12-25 12:53:20,609 [WARN] IP:2119 - LWIP_NETIF_HOSTNAME not found: check if there is a RefParameter without a condition.
2023-12-25 12:53:23,420 [WARN] IP:2119 - LWIP_NETIF_HOSTNAME not found: check if there is a RefParameter without a condition.
2023-12-25 13:02:21,242 [WARN] IP:2119 - LWIP_NETIF_HOSTNAME not found: check if there is a RefParameter without a condition.
2023-12-25 13:02:23,025 [WARN] IP:2119 - LWIP_NETIF_HOSTNAME not found: check if there is a RefParameter without a condition.
2023-12-25 13:02:35,234 [WARN] IP:2119 - LWIP_NETIF_HOSTNAME not found: check if there is a RefParameter without a condition.
2023-12-25 13:03:02,024 [WARN] IP:2119 - LWIP_NETIF_HOSTNAME not found: check if there is a RefParameter without a condition.
