2024-01-25 13:10:22,798 [INFO] Activator:176 - 


2024-01-25 13:10:22,804 [INFO] Activator:177 - !SESSION log4j initialized
2024-01-25 13:10:30,647 [INFO] LogOutputStream:77 - [STDOUT_REDIRECT] 
2024-01-25 13:10:31,315 [ERROR] LogOutputStream:75 - [STDERR_REDIRECT] ?.?. 25, 2024 1:10:31 ??????? org.glassfish.grizzly.http.server.NetworkListener start
2024-01-25 13:10:31,316 [ERROR] LogOutputStream:75 - [STDERR_REDIRECT] INFO: Started listener bound to [localhost:1596]
2024-01-25 13:10:31,317 [ERROR] LogOutputStream:75 - [STDERR_REDIRECT] 
2024-01-25 13:10:31,318 [ERROR] LogOutputStream:75 - [STDERR_REDIRECT] ?.?. 25, 2024 1:10:31 ??????? org.glassfish.grizzly.http.server.HttpServer start
2024-01-25 13:10:31,319 [ERROR] LogOutputStream:75 - [STDERR_REDIRECT] INFO: [HttpServer] Started.
2024-01-25 13:10:31,320 [ERROR] LogOutputStream:75 - [STDERR_REDIRECT] 
2024-01-25 13:10:31,910 [INFO] ApplicationProperties:184 - Using Application install path: C:\ST\STM32CubeIDE_1.12.0\STM32CubeIDE\plugins\com.st.stm32cube.common.mx_6.10.0.202311202037
2024-01-25 13:10:31,936 [INFO] DbMcusXml:78 - Set database path to: C:\ST\STM32CubeIDE_1.12.0\STM32CubeIDE\plugins\com.st.stm32cube.common.mx_6.10.0.202311202037\\db\/mcu/
2024-01-25 13:10:31,936 [INFO] ApiDb:274 - Set plugin database path to: C:\ST\STM32CubeIDE_1.12.0\STM32CubeIDE\plugins\com.st.stm32cube.common.mx_6.10.0.202311202037\\db\/plugins/boardmanager/
2024-01-25 13:10:31,936 [WARN] ApiDb:259 - Overriding images path with different value:  => C:\ST\STM32CubeIDE_1.12.0\STM32CubeIDE\plugins\com.st.stm32cube.common.mx_6.10.0.202311202037\\db\/plugins/mcufinder/images/
2024-01-25 13:10:31,964 [INFO] ApiDb:250 - Set database path to: C:\Users\user\.stmcufinder\plugins\mcufinder//mcu/
2024-01-25 13:10:31,967 [INFO] DbMcusAds:125 - Set database path to: C:\Users\user\.stmcufinder\plugins\mcufinder//mcu/
2024-01-25 13:10:31,969 [INFO] CrossReferenceDbSqlite:203 - Set database path to: C:\Users\user\.stmcufinder\plugins\mcufinder//mcu/cs/
2024-01-25 13:10:32,133 [INFO] RulesReader:64 - Compatibility file has been processed (297 Rules)
2024-01-25 13:10:32,221 [INFO] DbMcusXml:78 - Set database path to: C:\ST\STM32CubeIDE_1.12.0\STM32CubeIDE\plugins\com.st.stm32cube.common.mx_6.10.0.202311202037\\db\/mcu/
2024-01-25 13:10:32,221 [INFO] ApiDb:274 - Set plugin database path to: C:\ST\STM32CubeIDE_1.12.0\STM32CubeIDE\plugins\com.st.stm32cube.common.mx_6.10.0.202311202037\\db\/plugins/boardmanager/
2024-01-25 13:10:32,221 [INFO] ApiDb:261 - Set plugin images path to: C:\ST\STM32CubeIDE_1.12.0\STM32CubeIDE\plugins\com.st.stm32cube.common.mx_6.10.0.202311202037\\db\/plugins/mcufinder/images/
2024-01-25 13:10:32,222 [WARN] DbFile:41 - Overriding database path with different value: C:\Users\user\.stmcufinder\plugins\mcufinder/ => C:\Users\user\.stmcufinder\plugins\mcufinder
2024-01-25 13:10:32,222 [INFO] ApiDb:250 - Set database path to: C:\Users\user\.stmcufinder\plugins\mcufinder//mcu/
2024-01-25 13:10:32,222 [WARN] DbFile:41 - Overriding database path with different value: C:\Users\user\.stmcufinder\plugins\mcufinder/ => C:\Users\user\.stmcufinder\plugins\mcufinder
2024-01-25 13:10:32,222 [INFO] DbMcusAds:125 - Set database path to: C:\Users\user\.stmcufinder\plugins\mcufinder//mcu/
2024-01-25 13:10:32,222 [WARN] DbFile:41 - Overriding database path with different value: C:\Users\user\.stmcufinder\plugins\mcufinder/ => C:\Users\user\.stmcufinder\plugins\mcufinder
2024-01-25 13:10:32,222 [WARN] DbFile:41 - Overriding database path with different value: C:\Users\user\.stmcufinder\plugins\mcufinder/ => C:\Users\user\.stmcufinder\plugins\mcufinder
2024-01-25 13:10:32,222 [INFO] CrossReferenceDbSqlite:203 - Set database path to: C:\Users\user\.stmcufinder\plugins\mcufinder//mcu/cs/
2024-01-25 13:10:32,331 [INFO] MainPanel:264 - HeapMemory: 268435456
2024-01-25 13:10:32,500 [INFO] DbMcusXml:78 - Set database path to: C:\ST\STM32CubeIDE_1.12.0\STM32CubeIDE\plugins\com.st.stm32cube.common.mx_6.10.0.202311202037\\db\/mcu/
2024-01-25 13:10:32,500 [INFO] ApiDb:274 - Set plugin database path to: C:\ST\STM32CubeIDE_1.12.0\STM32CubeIDE\plugins\com.st.stm32cube.common.mx_6.10.0.202311202037\\db\/plugins/boardmanager/
2024-01-25 13:10:32,500 [INFO] ApiDb:261 - Set plugin images path to: C:\ST\STM32CubeIDE_1.12.0\STM32CubeIDE\plugins\com.st.stm32cube.common.mx_6.10.0.202311202037\\db\/plugins/mcufinder/images/
2024-01-25 13:10:32,501 [WARN] DbFile:41 - Overriding database path with different value: C:\Users\user\.stmcufinder\plugins\mcufinder/ => C:\Users\user\.stmcufinder\plugins\mcufinder
2024-01-25 13:10:32,501 [INFO] ApiDb:250 - Set database path to: C:\Users\user\.stmcufinder\plugins\mcufinder//mcu/
2024-01-25 13:10:32,501 [WARN] DbFile:41 - Overriding database path with different value: C:\Users\user\.stmcufinder\plugins\mcufinder/ => C:\Users\user\.stmcufinder\plugins\mcufinder
2024-01-25 13:10:32,501 [INFO] DbMcusAds:125 - Set database path to: C:\Users\user\.stmcufinder\plugins\mcufinder//mcu/
2024-01-25 13:10:32,501 [WARN] DbFile:41 - Overriding database path with different value: C:\Users\user\.stmcufinder\plugins\mcufinder/ => C:\Users\user\.stmcufinder\plugins\mcufinder
2024-01-25 13:10:32,501 [WARN] DbFile:41 - Overriding database path with different value: C:\Users\user\.stmcufinder\plugins\mcufinder/ => C:\Users\user\.stmcufinder\plugins\mcufinder
2024-01-25 13:10:32,501 [INFO] CrossReferenceDbSqlite:203 - Set database path to: C:\Users\user\.stmcufinder\plugins\mcufinder//mcu/cs/
2024-01-25 13:10:32,532 [INFO] ApplicationProperties:184 - Using Application install path: C:\ST\STM32CubeIDE_1.12.0\STM32CubeIDE\plugins\com.st.stm32cube.common.mx_6.10.0.202311202037
2024-01-25 13:10:32,534 [INFO] PluginManage:196 - Search for loadable plugins [exclusion list=, ]
2024-01-25 13:10:32,537 [INFO] PluginManage:310 - Check plugin analytics
2024-01-25 13:10:32,767 [INFO] AnalyticsPlugin:253 - Accepted Software Licenses: STM32CubeMX.6.8.0,STM32CubeMX.6.8.1,STM32CubeMX.6.5.0,STM32CubeMX.6.9.1,STM32CubeMX.6.9.2,STM32CubeMX.6.10.0
2024-01-25 13:10:32,767 [INFO] AnalyticsPlugin:255 - Accepted CMSIS Pack Licenses: emotas.I-CUBE-CANOPEN.1.1.3,STMicroelectronics.X-CUBE-TOUCHGFX.4.21.0,STMicroelectronics.X-CUBE-TOUCHGFX.4.21.1,STMicroelectronics.X-CUBE-TOUCHGFX.4.18.0,STMicroelectronics.X-CUBE-TOUCHGFX.4.22.1,STMicroelectronics.X-CUBE-AZRTOS-H7.3.1.0,STMicroelectronics.X-CUBE-AZRTOS-H7.3.2.0,ITTIA_DB.I-CUBE-ITTIADB.8.8.0
2024-01-25 13:10:32,767 [INFO] AnalyticsPlugin:257 - Accepted Firmware Licenses: FW.H7.1.11.0,FW.G0.1.6.0,FW.F4.1.27.0
2024-01-25 13:10:32,770 [INFO] PluginManage:359 - Loaded plugin analytics (category:tool,tabindex:-1)
2024-01-25 13:10:32,770 [INFO] PluginManage:310 - Check plugin cadmodel
2024-01-25 13:10:32,780 [INFO] CADModel:105 - Init CAD model plugin
2024-01-25 13:10:32,780 [INFO] PluginManage:359 - Loaded plugin cadmodel (category:power,tabindex:5)
2024-01-25 13:10:32,781 [INFO] PluginManage:310 - Check plugin clock
2024-01-25 13:10:32,797 [INFO] PluginManage:359 - Loaded plugin clock (category:base,tabindex:2)
2024-01-25 13:10:32,798 [INFO] PluginManage:310 - Check plugin ddr
2024-01-25 13:10:32,802 [INFO] PluginManage:359 - Loaded plugin ddr (category:tool,tabindex:6)
2024-01-25 13:10:32,802 [INFO] PluginManage:310 - Check plugin filemanager
2024-01-25 13:10:32,997 [INFO] PluginManage:359 - Loaded plugin filemanager (category:base,tabindex:10)
2024-01-25 13:10:32,998 [INFO] PluginManage:310 - Check plugin ipmanager
2024-01-25 13:10:33,009 [INFO] PluginManage:359 - Loaded plugin ipmanager (category:base,tabindex:5)
2024-01-25 13:10:33,009 [INFO] PluginManage:310 - Check plugin lpbam
2024-01-25 13:10:33,024 [INFO] PluginManage:359 - Loaded plugin lpbam (category:base,tabindex:0)
2024-01-25 13:10:33,025 [INFO] PluginManage:310 - Check plugin memorymap
2024-01-25 13:10:33,048 [INFO] PluginManage:359 - Loaded plugin memorymap (category:base,tabindex:4)
2024-01-25 13:10:33,049 [INFO] PluginManage:310 - Check plugin pinoutandconfiguration
2024-01-25 13:10:33,061 [INFO] PluginManage:359 - Loaded plugin pinoutandconfiguration (category:base,tabindex:1)
2024-01-25 13:10:33,061 [INFO] PluginManage:310 - Check plugin pinoutconfig
2024-01-25 13:10:33,198 [WARN] SupportedApi:132 - Cannot load RTOS API schema: s4s-elt-must-match.1: The content of 'definitions' must match (annotation?, (simpleType | complexType)?, (unique | key | keyref)*)). A problem was found starting at: attribute.
2024-01-25 13:10:33,393 [INFO] PluginManage:359 - Loaded plugin pinoutconfig (category:base,tabindex:0)
2024-01-25 13:10:33,394 [INFO] PluginManage:310 - Check plugin power
2024-01-25 13:10:33,409 [INFO] PluginManage:359 - Loaded plugin power (category:power,tabindex:4)
2024-01-25 13:10:33,410 [INFO] PluginManage:310 - Check plugin projectmanager
2024-01-25 13:10:33,432 [INFO] PluginManage:359 - Loaded plugin projectmanager (category:projectmanager,tabindex:3)
2024-01-25 13:10:33,432 [INFO] PluginManage:310 - Check plugin thirdparty
2024-01-25 13:10:33,683 [INFO] PluginManage:359 - Loaded plugin thirdparty (category:base,tabindex:-1)
2024-01-25 13:10:33,684 [INFO] PluginManage:310 - Check plugin tools
2024-01-25 13:10:33,685 [WARN] IntegrityCheckThread:84 - waiting for thirdparty lock release [integrity check]
2024-01-25 13:10:33,685 [INFO] IntegrityCheckThread:86 - entering critical section [integrity check]
2024-01-25 13:10:33,686 [INFO] ThirdPartyUpdaterWithRetryManager:70 - Updater plugin not ready yet. [1/15]
2024-01-25 13:10:33,688 [INFO] PluginManage:359 - Loaded plugin tools (category:base,tabindex:7)
2024-01-25 13:10:33,689 [INFO] PluginManage:310 - Check plugin tutovideos
2024-01-25 13:10:34,142 [INFO] PluginManage:359 - Loaded plugin tutovideos (category:base,tabindex:-1)
2024-01-25 13:10:34,143 [INFO] PluginManage:310 - Check plugin updater
2024-01-25 13:10:34,157 [INFO] PluginManage:359 - Loaded plugin updater (category:base,tabindex:12)
2024-01-25 13:10:34,157 [INFO] PluginManage:310 - Check plugin userauth
2024-01-25 13:10:34,165 [INFO] UserAuth:114 - Init User Auth plugin
2024-01-25 13:10:34,165 [INFO] PluginManage:359 - Loaded plugin userauth (category:base,tabindex:14)
2024-01-25 13:10:34,166 [INFO] PluginManage:283 - PluginManage : Loaded plugins [17]
2024-01-25 13:10:34,489 [INFO] PinOutPanel:1499 - setPackage(No Configuration,No Configuration)
2024-01-25 13:10:34,579 [INFO] CADModel:165 - CPN selected for project level
2024-01-25 13:10:34,580 [INFO] CADModel:114 - Register for checkConnection events
2024-01-25 13:10:34,607 [INFO] IPUIPlugin:80 - create IPUIPlugin
2024-01-25 13:10:34,607 [INFO] PluginManager:220 - loadIPPluginJar : add adc
2024-01-25 13:10:34,611 [INFO] IPUIPlugin:80 - create IPUIPlugin
2024-01-25 13:10:34,611 [INFO] PluginManager:220 - loadIPPluginJar : add aes
2024-01-25 13:10:34,616 [INFO] IPUIPlugin:80 - create IPUIPlugin
2024-01-25 13:10:34,616 [INFO] PluginManager:220 - loadIPPluginJar : add can
2024-01-25 13:10:34,619 [INFO] IPUIPlugin:80 - create IPUIPlugin
2024-01-25 13:10:34,620 [INFO] PluginManager:220 - loadIPPluginJar : add comp
2024-01-25 13:10:34,623 [INFO] IPUIPlugin:80 - create IPUIPlugin
2024-01-25 13:10:34,623 [INFO] PluginManager:220 - loadIPPluginJar : add cryp
2024-01-25 13:10:34,627 [INFO] IPUIPlugin:80 - create IPUIPlugin
2024-01-25 13:10:34,627 [INFO] PluginManager:220 - loadIPPluginJar : add dfsdm
2024-01-25 13:10:34,636 [INFO] IPUIPlugin:80 - create IPUIPlugin
2024-01-25 13:10:34,636 [INFO] PluginManager:220 - loadIPPluginJar : add dma
2024-01-25 13:10:34,640 [INFO] IPUIPlugin:80 - create IPUIPlugin
2024-01-25 13:10:34,640 [INFO] PluginManager:220 - loadIPPluginJar : add dma3
2024-01-25 13:10:34,642 [INFO] IPUIPlugin:80 - create IPUIPlugin
2024-01-25 13:10:34,643 [INFO] PluginManager:220 - loadIPPluginJar : add fatfs
2024-01-25 13:10:34,648 [INFO] IPUIPlugin:80 - create IPUIPlugin
2024-01-25 13:10:34,649 [INFO] PluginManager:220 - loadIPPluginJar : add fmc
2024-01-25 13:10:34,657 [INFO] IPUIPlugin:80 - create IPUIPlugin
2024-01-25 13:10:34,657 [INFO] PluginManager:220 - loadIPPluginJar : add freertos
2024-01-25 13:10:34,659 [INFO] IPUIPlugin:80 - create IPUIPlugin
2024-01-25 13:10:34,659 [INFO] PluginManager:220 - loadIPPluginJar : add genericplugin
2024-01-25 13:10:34,662 [INFO] IPUIPlugin:80 - create IPUIPlugin
2024-01-25 13:10:34,662 [INFO] PluginManager:220 - loadIPPluginJar : add gfxmmu
2024-01-25 13:10:34,670 [INFO] IPUIPlugin:80 - create IPUIPlugin
2024-01-25 13:10:34,670 [INFO] PluginManager:220 - loadIPPluginJar : add gic
2024-01-25 13:10:34,676 [INFO] IPUIPlugin:80 - create IPUIPlugin
2024-01-25 13:10:34,676 [INFO] PluginManager:220 - loadIPPluginJar : add gpio
2024-01-25 13:10:34,680 [INFO] IPUIPlugin:80 - create IPUIPlugin
2024-01-25 13:10:34,680 [INFO] PluginManager:220 - loadIPPluginJar : add gtzc
2024-01-25 13:10:34,684 [INFO] IPUIPlugin:80 - create IPUIPlugin
2024-01-25 13:10:34,684 [INFO] PluginManager:220 - loadIPPluginJar : add hash
2024-01-25 13:10:34,687 [INFO] IPUIPlugin:80 - create IPUIPlugin
2024-01-25 13:10:34,688 [INFO] PluginManager:220 - loadIPPluginJar : add i2c
2024-01-25 13:10:34,691 [INFO] IPUIPlugin:80 - create IPUIPlugin
2024-01-25 13:10:34,691 [INFO] PluginManager:220 - loadIPPluginJar : add i2s
2024-01-25 13:10:34,695 [INFO] IPUIPlugin:80 - create IPUIPlugin
2024-01-25 13:10:34,695 [INFO] PluginManager:220 - loadIPPluginJar : add i3c
2024-01-25 13:10:34,701 [INFO] IPUIPlugin:80 - create IPUIPlugin
2024-01-25 13:10:34,701 [INFO] PluginManager:220 - loadIPPluginJar : add ipddr
2024-01-25 13:10:34,711 [INFO] IPUIPlugin:80 - create IPUIPlugin
2024-01-25 13:10:34,711 [INFO] PluginManager:220 - loadIPPluginJar : add linkedlist
2024-01-25 13:10:34,716 [INFO] IPUIPlugin:80 - create IPUIPlugin
2024-01-25 13:10:34,716 [INFO] PluginManager:220 - loadIPPluginJar : add lorawan
2024-01-25 13:10:34,719 [INFO] IPUIPlugin:80 - create IPUIPlugin
2024-01-25 13:10:34,719 [INFO] PluginManager:220 - loadIPPluginJar : add ltdc
2024-01-25 13:10:34,741 [INFO] IPUIPlugin:80 - create IPUIPlugin
2024-01-25 13:10:34,742 [INFO] PluginManager:220 - loadIPPluginJar : add mdma
2024-01-25 13:10:34,750 [INFO] IPUIPlugin:80 - create IPUIPlugin
2024-01-25 13:10:34,750 [INFO] PluginManager:220 - loadIPPluginJar : add nvic
2024-01-25 13:10:34,755 [INFO] IPUIPlugin:80 - create IPUIPlugin
2024-01-25 13:10:34,755 [INFO] PluginManager:220 - loadIPPluginJar : add opamp
2024-01-25 13:10:34,759 [INFO] IPUIPlugin:80 - create IPUIPlugin
2024-01-25 13:10:34,759 [INFO] PluginManager:220 - loadIPPluginJar : add openamp
2024-01-25 13:10:34,764 [INFO] IPUIPlugin:80 - create IPUIPlugin
2024-01-25 13:10:34,764 [INFO] PluginManager:220 - loadIPPluginJar : add pdm2pcm
2024-01-25 13:10:34,773 [INFO] IPUIPlugin:80 - create IPUIPlugin
2024-01-25 13:10:34,775 [INFO] PluginManager:220 - loadIPPluginJar : add plateformsettings
2024-01-25 13:10:34,778 [INFO] IPUIPlugin:80 - create IPUIPlugin
2024-01-25 13:10:34,778 [INFO] PluginManager:220 - loadIPPluginJar : add quadspi
2024-01-25 13:10:34,785 [INFO] IPUIPlugin:80 - create IPUIPlugin
2024-01-25 13:10:34,785 [INFO] PluginManager:220 - loadIPPluginJar : add resmgrutility
2024-01-25 13:10:34,788 [INFO] IPUIPlugin:80 - create IPUIPlugin
2024-01-25 13:10:34,788 [INFO] PluginManager:220 - loadIPPluginJar : add sai
2024-01-25 13:10:34,792 [INFO] IPUIPlugin:80 - create IPUIPlugin
2024-01-25 13:10:34,792 [INFO] PluginManager:220 - loadIPPluginJar : add spi
2024-01-25 13:10:34,800 [INFO] IPUIPlugin:80 - create IPUIPlugin
2024-01-25 13:10:34,801 [INFO] PluginManager:220 - loadIPPluginJar : add stm32_wpan
2024-01-25 13:10:34,804 [INFO] IPUIPlugin:80 - create IPUIPlugin
2024-01-25 13:10:34,804 [INFO] PluginManager:220 - loadIPPluginJar : add tim
2024-01-25 13:10:34,808 [INFO] IPUIPlugin:80 - create IPUIPlugin
2024-01-25 13:10:34,808 [INFO] PluginManager:220 - loadIPPluginJar : add touchsensing
2024-01-25 13:10:34,812 [INFO] IPUIPlugin:80 - create IPUIPlugin
2024-01-25 13:10:34,813 [INFO] PluginManager:220 - loadIPPluginJar : add tracer_emb
2024-01-25 13:10:34,817 [INFO] IPUIPlugin:80 - create IPUIPlugin
2024-01-25 13:10:34,817 [INFO] PluginManager:220 - loadIPPluginJar : add ts
2024-01-25 13:10:34,820 [INFO] IPUIPlugin:80 - create IPUIPlugin
2024-01-25 13:10:34,820 [INFO] PluginManager:220 - loadIPPluginJar : add tsc
2024-01-25 13:10:34,823 [INFO] IPUIPlugin:80 - create IPUIPlugin
2024-01-25 13:10:34,824 [INFO] PluginManager:220 - loadIPPluginJar : add ucpd
2024-01-25 13:10:34,828 [INFO] IPUIPlugin:80 - create IPUIPlugin
2024-01-25 13:10:34,828 [INFO] PluginManager:220 - loadIPPluginJar : add usart
2024-01-25 13:10:34,833 [INFO] IPUIPlugin:80 - create IPUIPlugin
2024-01-25 13:10:34,833 [INFO] PluginManager:220 - loadIPPluginJar : add usbx
2024-01-25 13:10:34,984 [INFO] CADModel:165 - CPN selected for project level
2024-01-25 13:10:34,984 [INFO] CADModel:114 - Register for checkConnection events
2024-01-25 13:10:34,984 [FATAL] Updater:308 - Updater called before beeing initialized
2024-01-25 13:10:34,984 [ERROR] CADModel:125 - Updater not yet initialized, retry later 
2024-01-25 13:10:35,215 [INFO] CADModel:165 - CPN selected for project level
2024-01-25 13:10:35,215 [INFO] CADModel:114 - Register for checkConnection events
2024-01-25 13:10:35,215 [FATAL] Updater:308 - Updater called before beeing initialized
2024-01-25 13:10:35,215 [ERROR] CADModel:125 - Updater not yet initialized, retry later 
2024-01-25 13:10:35,219 [FATAL] Updater:308 - Updater called before beeing initialized
2024-01-25 13:10:35,378 [FATAL] Updater:308 - Updater called before beeing initialized
2024-01-25 13:10:35,409 [INFO] DbMcusAds:53 - JSON generation date=Wed Nov 29 17:52:27 ICT 2023 (1701255147200)
2024-01-25 13:10:35,409 [FATAL] Updater:308 - Updater called before beeing initialized
2024-01-25 13:10:35,471 [WARN] DetailPanel:346 - Failed to get advertising image, set to default
2024-01-25 13:10:35,614 [FATAL] Updater:308 - Updater called before beeing initialized
2024-01-25 13:10:35,619 [FATAL] Updater:308 - Updater called before beeing initialized
2024-01-25 13:10:35,619 [FATAL] Updater:308 - Updater called before beeing initialized
2024-01-25 13:10:35,619 [WARN] DetailPanel:346 - Failed to get advertising image, set to default
2024-01-25 13:10:35,620 [FATAL] Updater:308 - Updater called before beeing initialized
2024-01-25 13:10:35,691 [ERROR] Updater:1120 - MainUpdater not yet initialized. External WinMGr cannot be set.
2024-01-25 13:10:35,696 [INFO] Updater:1056 - Updater Version found : 6.10.0
2024-01-25 13:10:35,725 [INFO] ApplicationProperties:184 - Using Application install path: C:\ST\STM32CubeIDE_1.12.0\STM32CubeIDE\plugins\com.st.stm32cube.common.mx_6.10.0.202311202037
2024-01-25 13:10:36,687 [INFO] ThirdPartyUpdaterWithRetryManager:70 - Updater plugin not ready yet. [2/15]
2024-01-25 13:10:37,207 [INFO] MainUpdater:2873 - connection check result : 10
2024-01-25 13:10:37,207 [INFO] MainUpdater:3567 - Updater definition file requires update
2024-01-25 13:10:37,208 [INFO] MainUpdater:290 - Updater Check For Update Now.
2024-01-25 13:10:37,209 [INFO] MicroXplorer:498 - Change Database Version : DB.6.0.100
2024-01-25 13:10:37,233 [INFO] McuFinderGlobals:63 - Set McuFinder mode to 2 (CubeIDE integrated)
2024-01-25 13:10:37,234 [INFO] UserAuth:180 - activating auth plugin
2024-01-25 13:10:37,238 [INFO] UserAuth:404 - Internet connection configuration mode: 1
2024-01-25 13:10:37,278 [INFO] JxBrowserEngine:152 - Initiate JxBrowser Engine with user profile folder
2024-01-25 13:10:39,057 [INFO] ServerAccessManage:473 - Download File updaters.zip
2024-01-25 13:10:39,160 [INFO] FileExtend:240 - Unzip File : updaters.zip
2024-01-25 13:10:39,160 [INFO] FileExtend:255 - Standard Zip Deflate
2024-01-25 13:10:39,740 [WARN] MainUpdater:1194 - Updater busy. Cannot search thirdparties
2024-01-25 13:10:39,740 [INFO] ThirdPartyUpdaterWithRetryManager:96 - Updater plugin is busy. [1/15]
2024-01-25 13:10:40,734 [INFO] ServerAccessManage:473 - Download File PacksControlFlags.xml
2024-01-25 13:10:41,699 [INFO] ServerAccessManage:473 - Download File cubemx.pidx
2024-01-25 13:10:42,636 [INFO] WebApp:161 - Instantiating new browser for Auth
2024-01-25 13:10:42,743 [WARN] MainUpdater:1194 - Updater busy. Cannot search thirdparties
2024-01-25 13:10:42,743 [INFO] ThirdPartyUpdaterWithRetryManager:96 - Updater plugin is busy. [2/15]
2024-01-25 13:10:44,123 [INFO] ServerAccessManage:473 - Download File STMicroelectronics.X-CUBE-EEPRMA1.pdsc
2024-01-25 13:10:44,544 [INFO] WebApp:780 - Register for checkConnection events
2024-01-25 13:10:44,545 [INFO] WebApp:414 - Apply proxy settings
2024-01-25 13:10:44,545 [INFO] WebApp:499 - Chromium requires no authentication
2024-01-25 13:10:44,558 [INFO] WebApp:442 - Direct internet connection detected
2024-01-25 13:10:44,882 [INFO] WebApp:192 - Starting web application
2024-01-25 13:10:44,882 [INFO] WebApp:544 - Web application path used C:\ST\STM32CubeIDE_1.12.0\STM32CubeIDE\plugins\com.st.stm32cube.common.mx_6.10.0.202311202037\db\plugins\mcufinder\reactClient1\index.html
2024-01-25 13:10:45,745 [WARN] MainUpdater:1194 - Updater busy. Cannot search thirdparties
2024-01-25 13:10:45,746 [INFO] ThirdPartyUpdaterWithRetryManager:96 - Updater plugin is busy. [3/15]
2024-01-25 13:10:46,218 [ERROR] ServerAccessManage:1089 - Problem, file not found on Server
2024-01-25 13:10:48,748 [WARN] MainUpdater:1194 - Updater busy. Cannot search thirdparties
2024-01-25 13:10:48,748 [INFO] ThirdPartyUpdaterWithRetryManager:96 - Updater plugin is busy. [4/15]
2024-01-25 13:10:48,946 [ERROR] ServerAccessManage:1089 - Problem, file not found on Server
2024-01-25 13:10:51,750 [WARN] MainUpdater:1194 - Updater busy. Cannot search thirdparties
2024-01-25 13:10:51,750 [INFO] ThirdPartyUpdaterWithRetryManager:96 - Updater plugin is busy. [5/15]
2024-01-25 13:10:54,118 [ERROR] ServerAccessManage:1096 - Problem, Http access forbiden
2024-01-25 13:10:54,121 [ERROR] ServerAccessManage:651 - Problem, Http access forbiden : RoweBots.I-CUBE-UNISONRTOS.pdsc.
2024-01-25 13:10:54,560 [WARN] PackLoader:240 - Cannot read IP mode file for STMicroelectronics.X-CUBE-EEPRMA1.5.1.0
2024-01-25 13:10:54,586 [INFO] PopulateThirdPartyThread:66 - Ending populate Thread
2024-01-25 13:10:54,593 [INFO] ThirdParty:1030 - CMSIS Pack Vendor :STMicroelectronics X-CUBE-EEPRMA1 5.1.0
2024-01-25 13:10:54,593 [INFO] LoadServerUpdatesThread:375 - End of LoadServerUpdate Thread
2024-01-25 13:10:54,775 [WARN] MainUpdater:1194 - Updater busy. Cannot search thirdparties
2024-01-25 13:10:54,775 [INFO] ThirdPartyUpdaterWithRetryManager:96 - Updater plugin is busy. [6/15]
2024-01-25 13:10:54,994 [INFO] CheckServerUpdateThread:120 - End of CheckServer Thread
2024-01-25 13:10:58,453 [WARN] PackLoader:240 - Cannot read IP mode file for STMicroelectronics.X-CUBE-SMBUS.2.1.0
2024-01-25 13:10:58,510 [WARN] PackLoader:240 - Cannot read IP mode file for STMicroelectronics.X-CUBE-TOUCHGFX.4.23.0
2024-01-25 13:10:58,743 [WARN] PackLoader:240 - Cannot read IP mode file for STMicroelectronics.X-CUBE-AZRTOS-F7.1.1.0
2024-01-25 13:10:58,804 [WARN] PackLoader:240 - Cannot read IP mode file for STMicroelectronics.FP-SNS-MOTENV1.4.3.2
2024-01-25 13:10:58,821 [WARN] PackLoader:240 - Cannot read IP mode file for STMicroelectronics.FP-SNS-FLIGHT1.5.0.2
2024-01-25 13:10:58,856 [WARN] PackLoader:240 - Cannot read IP mode file for STMicroelectronics.X-CUBE-DISPLAY.3.0.0
2024-01-25 13:10:58,896 [WARN] PackLoader:240 - Cannot read IP mode file for STMicroelectronics.X-CUBE-BLE1.7.0.0
2024-01-25 13:10:58,935 [WARN] PackLoader:240 - Cannot read IP mode file for emotas.I-CUBE-CANOPEN.1.3.0
2024-01-25 13:10:59,038 [WARN] PackLoader:240 - Cannot read IP mode file for STMicroelectronics.X-CUBE-TOUCHGFX.4.22.0
2024-01-25 13:10:59,260 [WARN] PackLoader:240 - Cannot read IP mode file for STMicroelectronics.X-CUBE-TOUCHGFX.4.22.1
2024-01-25 13:10:59,433 [WARN] PackLoader:240 - Cannot read IP mode file for STMicroelectronics.FP-SNS-SMARTAG2.1.2.0
2024-01-25 13:10:59,499 [INFO] LogOutputStream:77 - [STDOUT_REDIRECT] 1 : Invalid condition id : UX_CORESTACK_Condition cause : null
2024-01-25 13:10:59,503 [INFO] LogOutputStream:77 - [STDOUT_REDIRECT] 1 : Invalid condition id : UX_CORESTACK_Condition cause : null
2024-01-25 13:10:59,505 [INFO] LogOutputStream:77 - [STDOUT_REDIRECT] 1 : Invalid condition id : UX_CORESTACK_Condition cause : null
2024-01-25 13:10:59,506 [INFO] LogOutputStream:77 - [STDOUT_REDIRECT] 1 : Invalid condition id : UX_CORESTACK_Condition cause : null
2024-01-25 13:10:59,507 [INFO] LogOutputStream:77 - [STDOUT_REDIRECT] 1 : Invalid condition id : UX_CORESTACK_Condition cause : null
2024-01-25 13:10:59,511 [WARN] PackLoader:240 - Cannot read IP mode file for STMicroelectronics.X-CUBE-AZRTOS-WL.2.0.0
2024-01-25 13:10:59,536 [WARN] PackLoader:240 - Cannot read IP mode file for WES.I-CUBE-Cesium.1.3.0
2024-01-25 13:10:59,572 [WARN] PackLoader:240 - Cannot read IP mode file for STMicroelectronics.X-CUBE-BLE2.3.3.0
2024-01-25 13:10:59,589 [WARN] PackLoader:240 - Cannot read IP mode file for STMicroelectronics.X-CUBE-TOUCHGFX.4.18.0
2024-01-25 13:10:59,738 [WARN] PackLoader:240 - Cannot read IP mode file for STMicroelectronics.X-CUBE-TOUCHGFX.4.21.1
2024-01-25 13:10:59,877 [WARN] PackLoader:240 - Cannot read IP mode file for STMicroelectronics.X-CUBE-TOUCHGFX.4.21.0
2024-01-25 13:11:00,078 [WARN] PackLoader:240 - Cannot read IP mode file for STMicroelectronics.X-CUBE-TOUCHGFX.4.21.4
2024-01-25 13:11:00,267 [WARN] PackLoader:240 - Cannot read IP mode file for STMicroelectronics.X-CUBE-ALGOBUILD.1.3.0
2024-01-25 13:11:00,328 [WARN] PackLoader:240 - Cannot read IP mode file for STMicroelectronics.X-CUBE-AZRTOS-G0.1.1.0
2024-01-25 13:11:00,419 [WARN] PackLoader:240 - Cannot read IP mode file for STMicroelectronics.X-CUBE-NFC4.3.0.0
2024-01-25 13:11:00,478 [WARN] PackLoader:240 - Cannot read IP mode file for STMicroelectronics.X-CUBE-BLEMGR.3.0.0
2024-01-25 13:11:00,502 [WARN] PackLoader:240 - Cannot read IP mode file for STMicroelectronics.FP-ATR-SIGFOX1.3.2.0
2024-01-25 13:11:00,516 [WARN] PackLoader:240 - Cannot read IP mode file for STMicroelectronics.X-CUBE-EEPRMA1.5.1.0
2024-01-25 13:11:00,627 [WARN] PackLoader:240 - Cannot read IP mode file for SEGGER.I-CUBE-embOS.1.3.1
2024-01-25 13:11:00,794 [WARN] PackLoader:240 - Cannot read IP mode file for STMicroelectronics.X-CUBE-GNSS1.6.0.0
2024-01-25 13:11:00,895 [WARN] PackLoader:240 - Cannot read IP mode file for STMicroelectronics.X-CUBE-AZRTOS-F4.1.1.0
2024-01-25 13:11:01,028 [WARN] PackLoader:240 - Cannot read IP mode file for wolfSSL.I-CUBE-wolfSSL.5.6.6
2024-01-25 13:11:01,191 [WARN] PackLoader:240 - Cannot read IP mode file for STMicroelectronics.X-CUBE-AZRTOS-L5.2.0.0
2024-01-25 13:11:01,278 [WARN] PackLoader:240 - Cannot read IP mode file for STMicroelectronics.X-CUBE-EEPRMA1.4.2.0
2024-01-25 13:11:01,357 [WARN] PackLoader:240 - Cannot read IP mode file for ITTIA_DB.I-CUBE-ITTIADB.8.8.0
2024-01-25 13:11:01,606 [WARN] PackLoader:240 - Cannot read IP mode file for emotas.I-CUBE-CANOPEN.1.1.3
2024-01-25 13:11:01,944 [WARN] ConditionMgr:438 - getConditionDescription Invalid condition id : UX DEVICE CLASS RTOS Condition cause : null
2024-01-25 13:11:01,944 [WARN] ConditionMgr:438 - getConditionDescription Invalid condition id : UX DEVICE CLASS RTOS Condition cause : null
2024-01-25 13:11:01,949 [WARN] PackLoader:240 - Cannot read IP mode file for STMicroelectronics.X-CUBE-AZRTOS-H7.3.1.0
2024-01-25 13:11:01,951 [WARN] ConditionMgr:1039 - genDependencies : Invalid condition id : UX DEVICE CLASS RTOS Condition cause : null
2024-01-25 13:11:01,951 [WARN] ConditionMgr:1039 - genDependencies : Invalid condition id : UX DEVICE CLASS RTOS Condition cause : null
2024-01-25 13:11:01,952 [WARN] ConditionMgr:1039 - genDependencies : Invalid condition id : UX DEVICE CLASS RTOS Condition cause : null
2024-01-25 13:11:01,953 [WARN] ConditionMgr:1039 - genDependencies : Invalid condition id : UX DEVICE CLASS RTOS Condition cause : null
2024-01-25 13:11:01,953 [WARN] ConditionMgr:1039 - genDependencies : Invalid condition id : UX DEVICE CLASS RTOS Condition cause : null
2024-01-25 13:11:01,960 [WARN] ConditionMgr:438 - getConditionDescription Invalid condition id : UX DEVICE CLASS RTOS Condition cause : null
2024-01-25 13:11:01,961 [WARN] ConditionMgr:438 - getConditionDescription Invalid condition id : UX DEVICE CLASS RTOS Condition cause : null
2024-01-25 13:11:03,091 [WARN] PackLoader:240 - Cannot read IP mode file for STMicroelectronics.X-CUBE-NFC7.1.0.1
2024-01-25 13:11:03,174 [WARN] PackLoader:240 - Cannot read IP mode file for STMicroelectronics.X-CUBE-NFC6.3.0.0
2024-01-25 13:11:03,200 [WARN] PackLoader:240 - Cannot read IP mode file for STMicroelectronics.X-CUBE-AI.8.1.0
2024-01-25 13:11:03,266 [WARN] ConditionMgr:438 - getConditionDescription Invalid condition id : LAN8742 Phy interface Condition cause : null
2024-01-25 13:11:03,267 [WARN] PackLoader:240 - Cannot read IP mode file for STMicroelectronics.X-CUBE-AZRTOS-L4.2.0.0
2024-01-25 13:11:03,269 [WARN] ConditionMgr:1039 - genDependencies : Invalid condition id : LAN8742 Phy interface Condition cause : null
2024-01-25 13:11:03,270 [WARN] ConditionMgr:1039 - genDependencies : Invalid condition id : LAN8742 Phy interface Condition cause : null
2024-01-25 13:11:03,270 [WARN] ConditionMgr:1039 - genDependencies : Invalid condition id : LAN8742 Phy interface Condition cause : null
2024-01-25 13:11:03,305 [WARN] PackLoader:240 - Cannot read IP mode file for STMicroelectronics.X-CUBE-SFXS2LP1.4.0.0
2024-01-25 13:11:03,345 [WARN] ConditionMgr:438 - getConditionDescription Invalid condition id : UX DEVICE CLASS RTOS Condition cause : null
2024-01-25 13:11:03,345 [WARN] ConditionMgr:438 - getConditionDescription Invalid condition id : UX DEVICE CLASS RTOS Condition cause : null
2024-01-25 13:11:03,349 [WARN] PackLoader:240 - Cannot read IP mode file for STMicroelectronics.X-CUBE-AZRTOS-WB.2.0.0
2024-01-25 13:11:03,349 [WARN] ConditionMgr:1039 - genDependencies : Invalid condition id : UX DEVICE CLASS RTOS Condition cause : null
2024-01-25 13:11:03,349 [WARN] ConditionMgr:1039 - genDependencies : Invalid condition id : UX DEVICE CLASS RTOS Condition cause : null
2024-01-25 13:11:03,350 [WARN] ConditionMgr:1039 - genDependencies : Invalid condition id : UX DEVICE CLASS RTOS Condition cause : null
2024-01-25 13:11:03,350 [WARN] ConditionMgr:1039 - genDependencies : Invalid condition id : UX DEVICE CLASS RTOS Condition cause : null
2024-01-25 13:11:03,350 [WARN] ConditionMgr:1039 - genDependencies : Invalid condition id : UX DEVICE CLASS RTOS Condition cause : null
2024-01-25 13:11:03,423 [WARN] PackLoader:240 - Cannot read IP mode file for STMicroelectronics.X-CUBE-SUBG2.5.0.0
2024-01-25 13:11:03,460 [WARN] PackLoader:240 - Cannot read IP mode file for STMicroelectronics.X-CUBE-TOF1.3.3.1
2024-01-25 13:11:03,643 [WARN] PackLoader:240 - Cannot read IP mode file for STMicroelectronics.X-CUBE-AZRTOS-G4.2.0.0
2024-01-25 13:11:03,721 [WARN] PackLoader:240 - Cannot read IP mode file for STMicroelectronics.X-CUBE-TOF1.3.3.0
2024-01-25 13:11:03,912 [WARN] PackLoader:240 - Cannot read IP mode file for Infineon.AIROC-Wi-Fi-Bluetooth-STM32.1.5.1
2024-01-25 13:11:03,952 [WARN] PackLoader:240 - Cannot read IP mode file for STMicroelectronics.FP-SNS-MOTENVWB1.1.3.1
2024-01-25 13:11:03,970 [WARN] PackLoader:240 - Cannot read IP mode file for STMicroelectronics.X-CUBE-ISPU.2.0.0
2024-01-25 13:11:04,141 [WARN] PackLoader:240 - Cannot read IP mode file for STMicroelectronics.X-CUBE-MEMS1.10.0.0
2024-01-25 13:11:04,426 [WARN] PackLoader:240 - Cannot read IP mode file for STMicroelectronics.X-CUBE-FREERTOS.1.1.0
2024-01-25 13:11:04,449 [WARN] PackLoader:240 - Cannot read IP mode file for portGmbH.I-Cube-SoM-uGOAL.1.1.0
2024-01-25 13:11:04,466 [WARN] PackLoader:240 - Cannot read IP mode file for STMicroelectronics.X-CUBE-ALS.1.0.1
2024-01-25 13:11:04,487 [WARN] PackLoader:240 - Cannot read IP mode file for STMicroelectronics.FP-ATR-ASTRA1.2.0.0
2024-01-25 13:11:04,548 [WARN] PackLoader:240 - Cannot read IP mode file for STMicroelectronics.X-CUBE-TOF1.3.4.0
2024-01-25 13:11:04,754 [WARN] PackLoader:240 - Cannot read IP mode file for STMicroelectronics.X-CUBE-AZRTOS-H7.3.2.0
2024-01-25 13:11:04,945 [INFO] ThirdParty:978 - Integrity check success = true
2024-01-25 13:11:04,945 [INFO] IntegrityCheckThread:100 - exiting critical section [integrity check]
2024-01-25 13:11:04,948 [INFO] IntegrityCheckThread:103 - End integrity checks thread
2024-01-25 13:59:11,158 [INFO] McuFinderGlobals:63 - Set McuFinder mode to 2 (CubeIDE integrated)
2024-01-25 13:59:11,209 [INFO] MainUpdater:2873 - connection check result : 10
2024-01-25 13:59:11,210 [INFO] MainUpdater:2873 - connection check result : 10
2024-01-25 13:59:11,498 [INFO] MicroXplorer:468 - Change Database Path : 
2024-01-25 13:59:11,499 [INFO] MicroXplorer:498 - Change Database Version : DB.6.0.100
2024-01-25 13:59:11,531 [WARN] ThirdParty:871 - waiting for thirdparty lock release [close project]
2024-01-25 13:59:11,531 [INFO] ThirdParty:873 - entering critical section [close project]
2024-01-25 13:59:11,546 [INFO] ThirdParty:883 - exiting critical section [close project]
2024-01-25 13:59:11,561 [INFO] PinOutPanel:1499 - setPackage(No Configuration,No Configuration)
2024-01-25 13:59:11,586 [INFO] UtilMem:75 - Begin LoadConfig() Used Memory: 345509720 Bytes (838860800)
2024-01-25 13:59:11,594 [INFO] MicroXplorer:468 - Change Database Path : 
2024-01-25 13:59:11,594 [INFO] MicroXplorer:498 - Change Database Version : DB.6.0.100
2024-01-25 13:59:11,595 [INFO] OpenFileManager:312 - Change cursor
2024-01-25 13:59:11,921 [INFO] Mcu:2016 - Initializing MCU STM32H750XBHx STM32H750XBHx STM32H750XBH6
2024-01-25 13:59:22,669 [INFO] Context:659 - Trying to add GPIOservice into a context  which must be forbidden
2024-01-25 13:59:27,811 [INFO] RtosManager:555 - Registered RTOS mode: class=CMSIS, group=RTOS, mode=CMSIS_V1, owner=FREERTOS
2024-01-25 13:59:27,813 [INFO] RtosManager:555 - Registered RTOS mode: class=CMSIS, group=RTOS2, mode=CMSIS_V2, owner=FREERTOS
2024-01-25 13:59:27,813 [INFO] RtosManager:555 - Registered RTOS mode: class=RTOS, group=Core, mode=CMSIS_V1, owner=FREERTOS
2024-01-25 13:59:27,813 [INFO] RtosManager:555 - Registered RTOS mode: class=RTOS, group=Core, mode=CMSIS_V2, owner=FREERTOS
2024-01-25 13:59:27,814 [WARN] ModelIntegratedComponent:184 - Missing modes for component STMicroelectronics:FreeRTOS:0.0.1:STMicroelectronics:RTOS:FreeRTOS:Core:::10.2.0:
2024-01-25 13:59:27,864 [WARN] ModelIntegratedComponent:63 - No mode defined for component null
2024-01-25 13:59:27,864 [WARN] ModelIntegratedComponent:63 - No mode defined for component null
2024-01-25 13:59:27,864 [WARN] ModelIntegratedComponent:63 - No mode defined for component null
2024-01-25 13:59:27,864 [WARN] ModelIntegratedComponent:63 - No mode defined for component null
2024-01-25 13:59:27,865 [WARN] ModelIntegratedComponent:63 - No mode defined for component null
2024-01-25 13:59:27,866 [WARN] ModelIntegratedComponent:63 - No mode defined for component null
2024-01-25 13:59:27,866 [WARN] ModelIntegratedComponent:63 - No mode defined for component null
2024-01-25 13:59:27,866 [WARN] ModelIntegratedComponent:63 - No mode defined for component null
2024-01-25 13:59:27,866 [WARN] ModelIntegratedComponent:63 - No mode defined for component null
2024-01-25 13:59:27,866 [WARN] ModelIntegratedComponent:63 - No mode defined for component null
2024-01-25 13:59:27,866 [WARN] ModelIntegratedComponent:63 - No mode defined for component null
2024-01-25 13:59:27,866 [WARN] ModelIntegratedComponent:63 - No mode defined for component null
2024-01-25 13:59:27,866 [WARN] ModelIntegratedComponent:63 - No mode defined for component null
2024-01-25 13:59:27,866 [WARN] ModelIntegratedComponent:63 - No mode defined for component null
2024-01-25 13:59:27,866 [WARN] ModelIntegratedComponent:63 - No mode defined for component null
2024-01-25 13:59:27,866 [WARN] ModelIntegratedComponent:63 - No mode defined for component null
2024-01-25 13:59:27,866 [WARN] ModelIntegratedComponent:63 - No mode defined for component null
2024-01-25 13:59:27,867 [WARN] ModelIntegratedComponent:63 - No mode defined for component null
2024-01-25 13:59:27,867 [WARN] ModelIntegratedComponent:63 - No mode defined for component null
2024-01-25 13:59:27,867 [WARN] ModelIntegratedComponent:63 - No mode defined for component null
2024-01-25 13:59:27,867 [WARN] ModelIntegratedComponent:63 - No mode defined for component null
2024-01-25 13:59:27,868 [WARN] ModelIntegratedComponent:63 - No mode defined for component null
2024-01-25 13:59:27,868 [WARN] ModelIntegratedComponent:63 - No mode defined for component null
2024-01-25 13:59:27,868 [WARN] ModelIntegratedComponent:63 - No mode defined for component null
2024-01-25 13:59:27,868 [WARN] ModelIntegratedComponent:63 - No mode defined for component null
2024-01-25 13:59:27,868 [WARN] ModelIntegratedComponent:63 - No mode defined for component null
2024-01-25 13:59:27,868 [WARN] ModelIntegratedComponent:63 - No mode defined for component null
2024-01-25 13:59:27,868 [WARN] ModelIntegratedComponent:63 - No mode defined for component null
2024-01-25 13:59:27,868 [WARN] ModelIntegratedComponent:63 - No mode defined for component null
2024-01-25 13:59:27,868 [WARN] ModelIntegratedComponent:63 - No mode defined for component null
2024-01-25 13:59:27,868 [WARN] ModelIntegratedComponent:63 - No mode defined for component null
2024-01-25 13:59:27,868 [WARN] ModelIntegratedComponent:63 - No mode defined for component null
2024-01-25 13:59:27,868 [WARN] ModelIntegratedComponent:63 - No mode defined for component null
2024-01-25 13:59:28,121 [INFO] ThirdPartyModel:298 - Start build external matchings
2024-01-25 13:59:29,126 [INFO] ThirdPartyModel:316 - End build external matchings
2024-01-25 13:59:29,162 [INFO] RtosManager:919 - Current active RTOS is FREERTOS [Cortex-M7NS]
2024-01-25 13:59:29,208 [WARN] IP:2119 - LWIP_NETIF_HOSTNAME not found: check if there is a RefParameter without a condition.
2024-01-25 13:59:29,358 [INFO] ImportTextPane:194 - (OptionalMessage_ERROR) IP (RCC) : Parameter (FDCANFreq_Value) has invalid value (200000000)
2024-01-25 13:59:29,358 [INFO] ImportTextPane:194 - (OptionalMessage_ERROR) IP (RCC) : Invalid parameter (FamilyName)
2024-01-25 13:59:29,359 [INFO] ImportTextPane:194 - (OptionalMessage_ERROR) IP (RCC) : Parameter (SAI1Freq_Value) has invalid value (200000000)
2024-01-25 13:59:29,359 [INFO] ImportTextPane:194 - (OptionalMessage_ERROR) IP (RCC) : Parameter (SAI23Freq_Value) has invalid value (200000000)
2024-01-25 13:59:29,359 [INFO] ImportTextPane:194 - (OptionalMessage_ERROR) IP (RCC) : Parameter (SAI4AFreq_Value) has invalid value (200000000)
2024-01-25 13:59:29,359 [INFO] ImportTextPane:194 - (OptionalMessage_ERROR) IP (RCC) : Parameter (SAI4BFreq_Value) has invalid value (200000000)
2024-01-25 13:59:32,182 [INFO] UtilMem:75 - End LoadConfig() Used Memory: 324728472 Bytes (939524096)
2024-01-25 13:59:33,090 [INFO] ApiDb:581 - Connected to CubeFinder SQLite database (C:\Users\user\.stmcufinder\plugins\mcufinder\mcu\cube-finder-db.db)
2024-01-25 13:59:33,169 [INFO] ApiDb:668 - CubeFinder database Data Model version=2.1
2024-01-25 13:59:33,169 [INFO] ApiDb:669 - CubeFinder database Configuration version=3.0.39
2024-01-25 13:59:33,172 [INFO] ApiDb:670 - CubeFinder database generation date=2023-12-08 (1702028721)
2024-01-25 13:59:33,172 [INFO] ApiDb:671 - CubeFinder database FW Pack versions=[FP-ATR-ASTRA1_V2.0.0, FP-SNS-FLIGHT1_V5.0.1, FP-SNS-FLIGHT1_V5.0.2, FP-SNS-MOTENV1_V4.3.1, FP-SNS-MOTENV1_V4.3.2, FP-SNS-MOTENVWB1_V1.3.1, FP-SNS-SMARTAG2_V1.2.0, STM32Cube_FW_C0_V1.1.0, STM32Cube_FW_F4_V1.28.0, STM32Cube_FW_F7_V1.17.0, STM32Cube_FW_G0_V1.6.1, STM32Cube_FW_G4_V1.5.1, STM32Cube_FW_H5_V0.5.1, STM32Cube_FW_H5_V1.1.1, STM32Cube_FW_H5_V1.2.0RC2, STM32Cube_FW_H7_V1.11.0, STM32Cube_FW_L0_V1.12.2, STM32Cube_FW_L5_V1.5.0, STM32Cube_FW_U5_V1.3.0RC4, STM32Cube_FW_U5_V1.4.0, STM32Cube_FW_WBA_V1.0.0RC1, STM32Cube_FW_WBA_V1.1.0RC1, STM32Cube_FW_WBA_V1.2.0, STM32Cube_FW_WBA_V1.2.0RC2, STM32Cube_FW_WB_V1.15.0RC1, STM32Cube_FW_WB_V1.16.0, STM32Cube_FW_WB_V1.16.0RC2, STM32Cube_FW_WB_V1.18.0, STM32Cube_FW_WL_V1.3.0, X-CUBE-ALGOBUILD_V1.3.0, X-CUBE-ALS_V1.0.1, X-CUBE-AZRTOS-F4_V1.1.0, X-CUBE-AZRTOS-F7_V1.1.0, X-CUBE-AZRTOS-G0_V1.1.0, X-CUBE-AZRTOS-G4_V2.0.0, X-CUBE-AZRTOS-H7_V3.1.0, X-CUBE-AZRTOS-L4_V1.0.0, X-CUBE-AZRTOS-L4_V2.0.0, X-CUBE-AZRTOS-L5_V1.1.0, X-CUBE-AZRTOS-WB_V2.0.0, X-CUBE-AZRTOS-WL_V2.0.0, X-CUBE-BLE1_V7.0.0, X-CUBE-BLE2_V3.3.0, X-CUBE-BLEMGR_V3.0.0, X-CUBE-EEPRMA1_V4.1.0, X-CUBE-EEPRMA1_V4.2.0, X-CUBE-FREERTOS_V1.1.0, X-CUBE-GNSS1_V6.0.0, X-CUBE-MEMS1_V10.0.0, X-CUBE-MEMS1_V9.1.0, X-CUBE-MEMS1_V9.4.0, X-CUBE-MEMS1_V9.6.0, X-CUBE-NFC4_V3.0.0, X-CUBE-NFC7_V1.0.1, X-CUBE-SFXS2LP1_V4.0.0, X-CUBE-SUBG2_V5.0.0, X-CUBE-TOF1_V3.4.0]
2024-01-25 13:59:35,718 [INFO] ApiDb:240 - Found 371 in-development CPN: [B-G473E-ZEST1S, B-WB1M-WPAN1, B-WL5M-SUBG1, NUCLEO-C031C6, NUCLEO-H503RB, NUCLEO-H563ZI, NUCLEO-U545RE-Q, NUCLEO-U5A5ZJ-Q, NUCLEO-WBA52CG, NUCLEO-WBA55CG, STEVAL-MKBOXPRO, STEVAL-PROTEUS1, STEVAL-STWINBX1, STM320518-EVAL, STM32C0116-DK, STM32C011D6Y3TR, STM32C011D6Y6TR, STM32C011F4P3, STM32C011F4P6, STM32C011F4U3, STM32C011F4U6TR, STM32C011F6P3, STM32C011F6P6, STM32C011F6U3, STM32C011F6U6TR, STM32C011J4M3, STM32C011J4M6, STM32C011J6M3, STM32C011J6M6, STM32C0316-DK, STM32C031C4T3, STM32C031C4T6, STM32C031C4U3, STM32C031C4U6, STM32C031C6T3, STM32C031C6T6, STM32C031C6U3, STM32C031C6U6, STM32C031F4P3, STM32C031F4P6, STM32C031F6P3, STM32C031F6P6, STM32C031G4U3, STM32C031G4U6, STM32C031G6U3, STM32C031G6U6, STM32C031K4T3, STM32C031K4T6, STM32C031K4U3, STM32C031K4U6, STM32C031K6T3, STM32C031K6T6, STM32C031K6U3, STM32C031K6U6, STM32G071K8TXN, STM32G071K8UXN, STM32G081GBU6N, STM32G081KBT6N, STM32G081KBUXN, STM32G0B1CCT6N, STM32G0B1KCT6, STM32G0B1NEY6TR, STM32G0B1RCT6N, STM32G0C1CCT6, STM32G0C1CCT6N, STM32G0C1CCU6N, STM32G0C1CET6N, STM32G0C1CEU6N, STM32G0C1KCT6, STM32G0C1NEY6TR, STM32G0C1RCI6N, STM32G0C1RCT6N, STM32G0C1REI6N, STM32G0C1RET6N, STM32G0C1VCI6, STM32G0C1VEI6, STM32G471CCT6, STM32G471CCU6, STM32G471CET3, STM32G471CET6, STM32G471CEU3, STM32G471CEU6, STM32G471MCT6, STM32G471MET3, STM32G471MET6, STM32G471MEY6TR, STM32G471QCT6, STM32G471QET3, STM32G471RCT6, STM32G471RET3, STM32G471RET6, STM32G471VCH6, STM32G471VCI6, STM32G471VCT6, STM32G471VEH3, STM32G471VEH6, STM32G471VEI3, STM32G471VEI6, STM32G471VET3, STM32G471VET6, STM32G474CCT6, STM32H503CBT6, STM32H503CBU6, STM32H503EBY6TR, STM32H503KBU6, STM32H503RBT6, STM32H562AGI6, STM32H562AII6, STM32H562IGK6, STM32H562IGT6, STM32H562IIK6, STM32H562IIT6, STM32H562RGT6, STM32H562RGV6, STM32H562RIT6, STM32H562RIV6, STM32H562VGT6, STM32H562VIT6, STM32H562ZGT6, STM32H562ZIT6, STM32H563AGI6, STM32H563AII3Q, STM32H563AII6, STM32H563IGK6, STM32H563IGT6, STM32H563IIK3Q, STM32H563IIK6, STM32H563IIT3Q, STM32H563IIT6, STM32H563MIY3QTR, STM32H563RGT6, STM32H563RGV6, STM32H563RIT6, STM32H563RIV6, STM32H563VGT6, STM32H563VIT3Q, STM32H563VIT6, STM32H563ZGT6, STM32H563ZIT3Q, STM32H563ZIT6, STM32H573AII3Q, STM32H573AII6, STM32H573I-DK, STM32H573IIK3Q, STM32H573IIK6, STM32H573IIT3Q, STM32H573IIT6, STM32H573MIY3QTR, STM32H573RIT6, STM32H573RIV6, STM32H573VIT3Q, STM32H573VIT6, STM32H573ZIT3Q, STM32H573ZIT6, STM32L4R5QGI6STR, STM32MP131AAE3, STM32MP131AAF3, STM32MP131AAG3, STM32MP131CAE3, STM32MP131CAF3, STM32MP131CAG3, STM32MP131DAE7, STM32MP131DAF7, STM32MP131DAG7, STM32MP131FAE7, STM32MP131FAF7, STM32MP131FAG7, STM32MP133AAE3, STM32MP133AAF3, STM32MP133AAG3, STM32MP133CAE3, STM32MP133CAF3, STM32MP133CAG3, STM32MP133DAE7, STM32MP133DAF7, STM32MP133DAG7, STM32MP133FAE7, STM32MP133FAF7, STM32MP133FAG7, STM32MP135AAE3, STM32MP135AAF3, STM32MP135AAG3, STM32MP135CAE3, STM32MP135CAF3, STM32MP135CAG3, STM32MP135DAE7, STM32MP135DAF7, STM32MP135DAG7, STM32MP135F-DK, STM32MP135FAE7, STM32MP135FAF7, STM32MP135FAF7T, STM32MP135FAF7U, STM32MP135FAG7, STM32U535CBT6, STM32U535CBT6Q, STM32U535CBU6, STM32U535CBU6Q, STM32U535CCT6, STM32U535CCT6Q, STM32U535CCU6, STM32U535CCU6Q, STM32U535CET6, STM32U535CET6Q, STM32U535CEU6, STM32U535CEU6Q, STM32U535JEY6QTR, STM32U535NCY6QTR, STM32U535NEY6QTR, STM32U535RBI6, STM32U535RBI6Q, STM32U535RBT6, STM32U535RBT6Q, STM32U535RCI6, STM32U535RCI6Q, STM32U535RCT6, STM32U535RCT6Q, STM32U535REI6, STM32U535REI6Q, STM32U535RET6, STM32U535RET6Q, STM32U535VCI6, STM32U535VCI6Q, STM32U535VCT6, STM32U535VCT6Q, STM32U535VEI6, STM32U535VEI6Q, STM32U535VET6, STM32U535VET6Q, STM32U545CET6, STM32U545CET6Q, STM32U545CEU6, STM32U545CEU6Q, STM32U545JEY6QTR, STM32U545NEY6QTR, STM32U545REI6, STM32U545REI6Q, STM32U545RET6, STM32U545RET6Q, STM32U545VEI6, STM32U545VEI6Q, STM32U545VET6, STM32U545VET6Q, STM32U595AIH6, STM32U595AIH6Q, STM32U595AJH6, STM32U595AJH6Q, STM32U595QII6, STM32U595QII6Q, STM32U595QJI6, STM32U595QJI6Q, STM32U595RIT6, STM32U595RIT6Q, STM32U595RJT6, STM32U595RJT6Q, STM32U595VIT6, STM32U595VIT6Q, STM32U595VJT6, STM32U595VJT6Q, STM32U595ZIT6, STM32U595ZIT6Q, STM32U595ZIY6QTR, STM32U595ZJT6, STM32U595ZJT6Q, STM32U595ZJY6QTR, STM32U599BJY6QTR, STM32U599NIH6Q, STM32U599NJH6Q, STM32U599VIT6Q, STM32U599VJT6, STM32U599VJT6Q, STM32U599ZIT6Q, STM32U599ZIY6QTR, STM32U599ZJT6Q, STM32U599ZJY6QTR, STM32U5A5AJH6, STM32U5A5AJH6Q, STM32U5A5QJI6, STM32U5A5QJI6Q, STM32U5A5RJT6, STM32U5A5RJT6Q, STM32U5A5VJT6, STM32U5A5VJT6Q, STM32U5A5ZJT6, STM32U5A5ZJT6Q, STM32U5A5ZJY6QTR, STM32U5A9BJY6QTR, STM32U5A9J-DK, STM32U5A9NJH6Q, STM32U5A9VJT6Q, STM32U5A9ZJT6Q, STM32U5A9ZJY6QTR, STM32U5F7VIT6, STM32U5F7VIT6Q, STM32U5F7VJT6, STM32U5F7VJT6Q, STM32U5F9BJY6QTR, STM32U5F9NJH6Q, STM32U5F9VIT6Q, STM32U5F9VJT6Q, STM32U5F9ZIJ6QTR, STM32U5F9ZIT6Q, STM32U5F9ZJJ6QTR, STM32U5F9ZJT6Q, STM32U5G7VJT6, STM32U5G7VJT6Q, STM32U5G9BJY6QTR, STM32U5G9J-DK1, STM32U5G9J-DK2, STM32U5G9NJH6Q, STM32U5G9VJT6Q, STM32U5G9ZJJ6QTR, STM32U5G9ZJT6Q, STM32WB1MMCH6, STM32WBA50KEU6, STM32WBA50KEU6TR, STM32WBA50KGU6, STM32WBA50KGU6TR, STM32WBA52CEU6, STM32WBA52CEU6TR, STM32WBA52CEU7, STM32WBA52CEU7TR, STM32WBA52CGU6, STM32WBA52CGU6TR, STM32WBA52CGU6U, STM32WBA52CGU7, STM32WBA52CGU7TR, STM32WBA52KEU6, STM32WBA52KEU6TR, STM32WBA52KGU6, STM32WBA52KGU6TR, STM32WBA54CEU6, STM32WBA54CEU6TR, STM32WBA54CEU7, STM32WBA54CEU7TR, STM32WBA54CGU6, STM32WBA54CGU6TR, STM32WBA54CGU7, STM32WBA54CGU7TR, STM32WBA54KEU6, STM32WBA54KEU6TR, STM32WBA54KEU7, STM32WBA54KEU7TR, STM32WBA54KGU6, STM32WBA54KGU6TR, STM32WBA54KGU7, STM32WBA54KGU7TR, STM32WBA55CEU6, STM32WBA55CEU6TR, STM32WBA55CEU7, STM32WBA55CEU7TR, STM32WBA55CGU6, STM32WBA55CGU6TR, STM32WBA55CGU6U, STM32WBA55CGU7, STM32WBA55CGU7TR, STM32WBA55G-DK1, STM32WBA55HEF6, STM32WBA55HEF7, STM32WBA55HGF6, STM32WBA55HGF7, STM32WBA55UEI6, STM32WBA55UEI6TR, STM32WBA55UEI7, STM32WBA55UEI7TR, STM32WBA55UGI6, STM32WBA55UGI6TR, STM32WBA55UGI7, STM32WBA55UGI7TR, STM32WL5MOCH6, STM32WL5MOCH6TR]
2024-01-25 13:59:35,723 [INFO] DbMcus:218 - Found 3930 MCUs, 3930 are supported
2024-01-25 13:59:35,744 [INFO] ApiDb:423 - Load user favorites file C:\Users\user/.stm32cubeide/favorites.mcus.txt: 2 item(s)
2024-01-25 13:59:35,744 [INFO] ApiDb:427 - User favorites MCUs=[STM32F103C8T6, STM32H750VBT6]
2024-01-25 13:59:35,744 [INFO] DbMcus:224 - Set 2 / 2 favorites MCUs
2024-01-25 13:59:36,336 [INFO] MicroXplorer:468 - Change Database Path : 
2024-01-25 13:59:36,337 [INFO] MicroXplorer:498 - Change Database Version : DB.6.0.100
2024-01-25 13:59:36,339 [WARN] ThirdParty:833 - waiting for thirdparty lock release [change project]
2024-01-25 13:59:36,339 [INFO] ThirdParty:835 - entering critical section [change project]
2024-01-25 13:59:36,341 [INFO] ThirdParty:1030 - CMSIS Pack Vendor :STMicroelectronics USBPD 4.1
2024-01-25 13:59:36,341 [INFO] ThirdParty:1030 - CMSIS Pack Vendor :STMicroelectronics X-CUBE-GNSS1 6.0.0
2024-01-25 13:59:36,341 [INFO] ThirdParty:1030 - CMSIS Pack Vendor :STMicroelectronics USB_HOST 2.0.0
2024-01-25 13:59:36,341 [INFO] ThirdParty:1030 - CMSIS Pack Vendor :STMicroelectronics X-CUBE-AZRTOS-F4 1.1.0
2024-01-25 13:59:36,341 [INFO] ThirdParty:1030 - CMSIS Pack Vendor :STMicroelectronics LIBJPEG 8.0.0
2024-01-25 13:59:36,341 [INFO] ThirdParty:1030 - CMSIS Pack Vendor :STMicroelectronics X-CUBE-SMBUS 2.1.0
2024-01-25 13:59:36,341 [INFO] ThirdParty:1030 - CMSIS Pack Vendor :STMicroelectronics USB_DEVICE 3.0.0
2024-01-25 13:59:36,341 [INFO] ThirdParty:1030 - CMSIS Pack Vendor :STMicroelectronics X-CUBE-AZRTOS-WB 2.0.0
2024-01-25 13:59:36,341 [INFO] ThirdParty:1030 - CMSIS Pack Vendor :wolfSSL I-CUBE-wolfSSL 5.6.6
2024-01-25 13:59:36,341 [INFO] ThirdParty:1030 - CMSIS Pack Vendor :STMicroelectronics X-CUBE-TOUCHGFX 4.21.1
2024-01-25 13:59:36,342 [INFO] ThirdParty:1030 - CMSIS Pack Vendor :STMicroelectronics X-CUBE-TOUCHGFX 4.21.0
2024-01-25 13:59:36,342 [INFO] ThirdParty:1030 - CMSIS Pack Vendor :STMicroelectronics X-CUBE-TOUCHGFX 4.23.0
2024-01-25 13:59:36,342 [INFO] ThirdParty:1030 - CMSIS Pack Vendor :STMicroelectronics X-CUBE-AZRTOS-F7 1.1.0
2024-01-25 13:59:36,342 [INFO] ThirdParty:1030 - CMSIS Pack Vendor :STMicroelectronics X-CUBE-TOUCHGFX 4.21.4
2024-01-25 13:59:36,342 [INFO] ThirdParty:1030 - CMSIS Pack Vendor :STMicroelectronics X-CUBE-AZRTOS-L5 2.0.0
2024-01-25 13:59:36,342 [INFO] ThirdParty:1030 - CMSIS Pack Vendor :STMicroelectronics USB_DEVICE 2.0.0
2024-01-25 13:59:36,342 [INFO] ThirdParty:1030 - CMSIS Pack Vendor :STMicroelectronics X-CUBE-EEPRMA1 4.2.0
2024-01-25 13:59:36,342 [INFO] ThirdParty:1030 - CMSIS Pack Vendor :ITTIA_DB I-CUBE-ITTIADB 8.8.0
2024-01-25 13:59:36,342 [INFO] ThirdParty:1030 - CMSIS Pack Vendor :STMicroelectronics FP-SNS-MOTENV1 4.3.2
2024-01-25 13:59:36,342 [INFO] ThirdParty:1030 - CMSIS Pack Vendor :STMicroelectronics X-CUBE-ALGOBUILD 1.3.0
2024-01-25 13:59:36,342 [INFO] ThirdParty:1030 - CMSIS Pack Vendor :STMicroelectronics FreeRTOS 0.0.1
2024-01-25 13:59:36,342 [INFO] ThirdParty:1030 - CMSIS Pack Vendor :STMicroelectronics X-CUBE-AZRTOS-G0 1.1.0
2024-01-25 13:59:36,342 [INFO] ThirdParty:1030 - CMSIS Pack Vendor :emotas I-CUBE-CANOPEN 1.1.3
2024-01-25 13:59:36,342 [INFO] ThirdParty:1030 - CMSIS Pack Vendor :STMicroelectronics X-CUBE-NFC4 3.0.0
2024-01-25 13:59:36,342 [INFO] ThirdParty:1030 - CMSIS Pack Vendor :STMicroelectronics X-CUBE-SUBG2 5.0.0
2024-01-25 13:59:36,342 [INFO] ThirdParty:1030 - CMSIS Pack Vendor :STMicroelectronics STM32_WPAN 1.0.0
2024-01-25 13:59:36,342 [INFO] ThirdParty:1030 - CMSIS Pack Vendor :STMicroelectronics lwIP 2.0.3
2024-01-25 13:59:36,342 [INFO] ThirdParty:1030 - CMSIS Pack Vendor :STMicroelectronics FP-SNS-FLIGHT1 5.0.2
2024-01-25 13:59:36,343 [INFO] ThirdParty:1030 - CMSIS Pack Vendor :STMicroelectronics USB_HOST 1.0.0
2024-01-25 13:59:36,343 [INFO] ThirdParty:1030 - CMSIS Pack Vendor :STMicroelectronics X-CUBE-TOF1 3.3.1
2024-01-25 13:59:36,343 [INFO] ThirdParty:1030 - CMSIS Pack Vendor :STMicroelectronics X-CUBE-AZRTOS-G4 2.0.0
2024-01-25 13:59:36,343 [INFO] ThirdParty:1030 - CMSIS Pack Vendor :STMicroelectronics PDM2PCM 3.1.0
2024-01-25 13:59:36,343 [INFO] ThirdParty:1030 - CMSIS Pack Vendor :STMicroelectronics X-CUBE-AZRTOS-H7 3.1.0
2024-01-25 13:59:36,343 [INFO] ThirdParty:1030 - CMSIS Pack Vendor :STMicroelectronics X-CUBE-TOF1 3.3.0
2024-01-25 13:59:36,343 [INFO] ThirdParty:1030 - CMSIS Pack Vendor :Infineon AIROC-Wi-Fi-Bluetooth-STM32 1.5.1
2024-01-25 13:59:36,343 [INFO] ThirdParty:1030 - CMSIS Pack Vendor :STMicroelectronics X-CUBE-BLEMGR 3.0.0
2024-01-25 13:59:36,343 [INFO] ThirdParty:1030 - CMSIS Pack Vendor :STMicroelectronics PDM2PCM 3.3.0
2024-01-25 13:59:36,343 [INFO] ThirdParty:1030 - CMSIS Pack Vendor :STMicroelectronics X-CUBE-DISPLAY 3.0.0
2024-01-25 13:59:36,343 [INFO] ThirdParty:1030 - CMSIS Pack Vendor :STMicroelectronics FP-SNS-MOTENVWB1 1.3.1
2024-01-25 13:59:36,343 [INFO] ThirdParty:1030 - CMSIS Pack Vendor :STMicroelectronics X-CUBE-BLE1 7.0.0
2024-01-25 13:59:36,343 [INFO] ThirdParty:1030 - CMSIS Pack Vendor :STMicroelectronics FP-ATR-SIGFOX1 3.2.0
2024-01-25 13:59:36,343 [INFO] ThirdParty:1030 - CMSIS Pack Vendor :STMicroelectronics X-CUBE-ISPU 2.0.0
2024-01-25 13:59:36,343 [INFO] ThirdParty:1030 - CMSIS Pack Vendor :STMicroelectronics X-CUBE-EEPRMA1 5.1.0
2024-01-25 13:59:36,343 [INFO] ThirdParty:1030 - CMSIS Pack Vendor :STMicroelectronics HAL Drivers 0.0.0
2024-01-25 13:59:36,343 [INFO] ThirdParty:1030 - CMSIS Pack Vendor :STMicroelectronics MBEDTLS 2.16.2
2024-01-25 13:59:36,343 [INFO] ThirdParty:1030 - CMSIS Pack Vendor :emotas I-CUBE-CANOPEN 1.3.0
2024-01-25 13:59:36,343 [INFO] ThirdParty:1030 - CMSIS Pack Vendor :STMicroelectronics X-CUBE-MEMS1 10.0.0
2024-01-25 13:59:36,343 [INFO] ThirdParty:1030 - CMSIS Pack Vendor :STMicroelectronics X-CUBE-FREERTOS 1.1.0
2024-01-25 13:59:36,343 [INFO] ThirdParty:1030 - CMSIS Pack Vendor :STMicroelectronics X-CUBE-TOUCHGFX 4.22.0
2024-01-25 13:59:36,343 [INFO] ThirdParty:1030 - CMSIS Pack Vendor :STMicroelectronics X-CUBE-NFC7 1.0.1
2024-01-25 13:59:36,344 [INFO] ThirdParty:1030 - CMSIS Pack Vendor :STMicroelectronics MBEDTLS 2.14.1
2024-01-25 13:59:36,344 [INFO] ThirdParty:1030 - CMSIS Pack Vendor :STMicroelectronics X-CUBE-TOUCHGFX 4.22.1
2024-01-25 13:59:36,344 [INFO] ThirdParty:1030 - CMSIS Pack Vendor :STMicroelectronics X-CUBE-NFC6 3.0.0
2024-01-25 13:59:36,345 [INFO] ThirdParty:1030 - CMSIS Pack Vendor :portGmbH I-Cube-SoM-uGOAL 1.1.0
2024-01-25 13:59:36,345 [INFO] ThirdParty:1030 - CMSIS Pack Vendor :STMicroelectronics X-CUBE-ALS 1.0.1
2024-01-25 13:59:36,345 [INFO] ThirdParty:1030 - CMSIS Pack Vendor :STMicroelectronics ThreadX 1.0.0
2024-01-25 13:59:36,345 [INFO] ThirdParty:1030 - CMSIS Pack Vendor :STMicroelectronics FP-SNS-SMARTAG2 1.2.0
2024-01-25 13:59:36,345 [INFO] ThirdParty:1030 - CMSIS Pack Vendor :STMicroelectronics X-CUBE-AZRTOS-WL 2.0.0
2024-01-25 13:59:36,345 [INFO] ThirdParty:1030 - CMSIS Pack Vendor :SEGGER I-CUBE-embOS 1.3.1
2024-01-25 13:59:36,345 [INFO] ThirdParty:1030 - CMSIS Pack Vendor :STMicroelectronics USB_DEVICE 1.0.0
2024-01-25 13:59:36,345 [INFO] ThirdParty:1030 - CMSIS Pack Vendor :STMicroelectronics X-CUBE-AI 8.1.0
2024-01-25 13:59:36,345 [INFO] ThirdParty:1030 - CMSIS Pack Vendor :STMicroelectronics X-CUBE-AZRTOS-L4 2.0.0
2024-01-25 13:59:36,345 [INFO] ThirdParty:1030 - CMSIS Pack Vendor :STMicroelectronics ThreadX 0.0.2
2024-01-25 13:59:36,345 [INFO] ThirdParty:1030 - CMSIS Pack Vendor :WES I-CUBE-Cesium 1.3.0
2024-01-25 13:59:36,345 [INFO] ThirdParty:1030 - CMSIS Pack Vendor :STMicroelectronics FP-ATR-ASTRA1 2.0.0
2024-01-25 13:59:36,345 [INFO] ThirdParty:1030 - CMSIS Pack Vendor :STMicroelectronics lwIP 2.1.2
2024-01-25 13:59:36,345 [INFO] ThirdParty:1030 - CMSIS Pack Vendor :STMicroelectronics X-CUBE-SFXS2LP1 4.0.0
2024-01-25 13:59:36,345 [INFO] ThirdParty:1030 - CMSIS Pack Vendor :STMicroelectronics X-CUBE-BLE2 3.3.0
2024-01-25 13:59:36,345 [INFO] ThirdParty:1030 - CMSIS Pack Vendor :STMicroelectronics X-CUBE-TOF1 3.4.0
2024-01-25 13:59:36,345 [INFO] ThirdParty:1030 - CMSIS Pack Vendor :STMicroelectronics X-CUBE-AZRTOS-H7 3.2.0
2024-01-25 13:59:36,346 [INFO] ThirdParty:1030 - CMSIS Pack Vendor :STMicroelectronics PDM2PCM 3.2.0
2024-01-25 13:59:36,346 [INFO] ThirdParty:1030 - CMSIS Pack Vendor :STMicroelectronics X-CUBE-TOUCHGFX 4.18.0
2024-01-25 13:59:36,347 [INFO] ThirdParty:841 - exiting critical section [change project]
2024-01-25 13:59:38,175 [INFO] PinOutPanel:1499 - setPackage(No Configuration,No Configuration)
2024-01-25 13:59:38,182 [INFO] PinOutPanel:1499 - setPackage(STM32H750XBHx,TFBGA240)
2024-01-25 13:59:41,794 [INFO] UtilMem:75 - Before build in PCC Used Memory: 581714304 Bytes (939524096)
2024-01-25 13:59:44,517 [INFO] UtilMem:75 - After build in PCC Used Memory: 759704632 Bytes (979369984)
2024-01-25 13:59:44,669 [INFO] ApiDbMcu:508 - Load IP Config File for FREERTOS
2024-01-25 13:59:44,806 [INFO] ApiDbMcu:508 - Load IP Config File for LWIP
2024-01-25 13:59:44,811 [WARN] BspModel:444 - BSP dependency skipped because of component: name='DP83848', api='BSP_COMPONENT_DRIVER'
2024-01-25 13:59:45,115 [INFO] IPUIPlugin:80 - create IPUIPlugin
2024-01-25 13:59:45,116 [INFO] IPUIPlugin:80 - create IPUIPlugin
2024-01-25 13:59:45,116 [INFO] IPUIPlugin:80 - create IPUIPlugin
2024-01-25 13:59:45,118 [INFO] IPUIPlugin:80 - create IPUIPlugin
2024-01-25 13:59:45,118 [INFO] IPUIPlugin:80 - create IPUIPlugin
2024-01-25 13:59:45,118 [INFO] IPUIPlugin:80 - create IPUIPlugin
2024-01-25 13:59:45,118 [INFO] IPUIPlugin:80 - create IPUIPlugin
2024-01-25 13:59:45,119 [INFO] IPUIPlugin:80 - create IPUIPlugin
2024-01-25 13:59:45,119 [INFO] IPUIPlugin:80 - create IPUIPlugin
2024-01-25 13:59:45,119 [INFO] IPUIPlugin:80 - create IPUIPlugin
2024-01-25 13:59:45,119 [INFO] IPUIPlugin:80 - create IPUIPlugin
2024-01-25 13:59:45,120 [INFO] IPUIPlugin:80 - create IPUIPlugin
2024-01-25 13:59:45,120 [INFO] IPUIPlugin:80 - create IPUIPlugin
2024-01-25 13:59:45,120 [INFO] IPUIPlugin:80 - create IPUIPlugin
2024-01-25 13:59:45,121 [INFO] IPUIPlugin:80 - create IPUIPlugin
2024-01-25 13:59:45,121 [INFO] IPUIPlugin:80 - create IPUIPlugin
2024-01-25 13:59:45,121 [INFO] IPUIPlugin:80 - create IPUIPlugin
2024-01-25 13:59:45,122 [INFO] IPUIPlugin:80 - create IPUIPlugin
2024-01-25 13:59:45,122 [INFO] IPUIPlugin:80 - create IPUIPlugin
2024-01-25 13:59:45,122 [INFO] IPUIPlugin:80 - create IPUIPlugin
2024-01-25 13:59:45,123 [INFO] IPUIPlugin:80 - create IPUIPlugin
2024-01-25 13:59:45,124 [INFO] IPUIPlugin:80 - create IPUIPlugin
2024-01-25 13:59:45,124 [INFO] IPUIPlugin:80 - create IPUIPlugin
2024-01-25 13:59:45,125 [INFO] IPUIPlugin:80 - create IPUIPlugin
2024-01-25 13:59:45,125 [INFO] IPUIPlugin:80 - create IPUIPlugin
2024-01-25 13:59:45,126 [INFO] IPUIPlugin:80 - create IPUIPlugin
2024-01-25 13:59:45,126 [INFO] IPUIPlugin:80 - create IPUIPlugin
2024-01-25 13:59:45,126 [INFO] IPUIPlugin:80 - create IPUIPlugin
2024-01-25 13:59:45,126 [INFO] IPUIPlugin:80 - create IPUIPlugin
2024-01-25 13:59:45,127 [INFO] IPUIPlugin:80 - create IPUIPlugin
2024-01-25 13:59:45,127 [INFO] IPUIPlugin:80 - create IPUIPlugin
2024-01-25 13:59:45,127 [INFO] IPUIPlugin:80 - create IPUIPlugin
2024-01-25 13:59:45,128 [INFO] IPUIPlugin:80 - create IPUIPlugin
2024-01-25 13:59:45,129 [INFO] IPUIPlugin:80 - create IPUIPlugin
2024-01-25 13:59:45,129 [INFO] IPUIPlugin:80 - create IPUIPlugin
2024-01-25 13:59:45,130 [INFO] IPUIPlugin:80 - create IPUIPlugin
2024-01-25 13:59:45,130 [INFO] IPUIPlugin:80 - create IPUIPlugin
2024-01-25 13:59:45,131 [INFO] IPUIPlugin:80 - create IPUIPlugin
2024-01-25 13:59:45,133 [INFO] IPUIPlugin:80 - create IPUIPlugin
2024-01-25 13:59:45,134 [INFO] IPUIPlugin:80 - create IPUIPlugin
2024-01-25 13:59:45,135 [INFO] IPUIPlugin:80 - create IPUIPlugin
2024-01-25 13:59:45,135 [INFO] IPUIPlugin:80 - create IPUIPlugin
2024-01-25 13:59:45,599 [INFO] IPUIPlugin:80 - create IPUIPlugin
2024-01-25 13:59:45,600 [INFO] IPUIPlugin:80 - create IPUIPlugin
2024-01-25 13:59:45,600 [INFO] IPUIPlugin:80 - create IPUIPlugin
2024-01-25 13:59:45,603 [INFO] IPUIPlugin:80 - create IPUIPlugin
2024-01-25 13:59:45,603 [INFO] IPUIPlugin:80 - create IPUIPlugin
2024-01-25 13:59:45,604 [INFO] IPUIPlugin:80 - create IPUIPlugin
2024-01-25 13:59:45,604 [INFO] IPUIPlugin:80 - create IPUIPlugin
2024-01-25 13:59:45,606 [INFO] IPUIPlugin:80 - create IPUIPlugin
2024-01-25 13:59:45,609 [INFO] IPUIPlugin:80 - create IPUIPlugin
2024-01-25 13:59:45,610 [INFO] IPUIPlugin:80 - create IPUIPlugin
2024-01-25 13:59:45,610 [INFO] IPUIPlugin:80 - create IPUIPlugin
2024-01-25 13:59:45,611 [INFO] IPUIPlugin:80 - create IPUIPlugin
2024-01-25 13:59:45,611 [INFO] IPUIPlugin:80 - create IPUIPlugin
2024-01-25 13:59:45,612 [INFO] IPUIPlugin:80 - create IPUIPlugin
2024-01-25 13:59:45,613 [INFO] IPUIPlugin:80 - create IPUIPlugin
2024-01-25 13:59:45,613 [INFO] IPUIPlugin:80 - create IPUIPlugin
2024-01-25 13:59:45,613 [INFO] IPUIPlugin:80 - create IPUIPlugin
2024-01-25 13:59:45,614 [INFO] IPUIPlugin:80 - create IPUIPlugin
2024-01-25 13:59:45,615 [INFO] IPUIPlugin:80 - create IPUIPlugin
2024-01-25 13:59:45,615 [INFO] IPUIPlugin:80 - create IPUIPlugin
2024-01-25 13:59:45,617 [INFO] IPUIPlugin:80 - create IPUIPlugin
2024-01-25 13:59:45,617 [INFO] IPUIPlugin:80 - create IPUIPlugin
2024-01-25 13:59:45,618 [INFO] IPUIPlugin:80 - create IPUIPlugin
2024-01-25 13:59:45,618 [INFO] IPUIPlugin:80 - create IPUIPlugin
2024-01-25 13:59:45,618 [INFO] IPUIPlugin:80 - create IPUIPlugin
2024-01-25 13:59:45,619 [INFO] IPUIPlugin:80 - create IPUIPlugin
2024-01-25 13:59:45,619 [INFO] IPUIPlugin:80 - create IPUIPlugin
2024-01-25 13:59:45,620 [INFO] IPUIPlugin:80 - create IPUIPlugin
2024-01-25 13:59:45,620 [INFO] IPUIPlugin:80 - create IPUIPlugin
2024-01-25 13:59:45,621 [INFO] IPUIPlugin:80 - create IPUIPlugin
2024-01-25 13:59:45,621 [INFO] IPUIPlugin:80 - create IPUIPlugin
2024-01-25 13:59:45,622 [INFO] IPUIPlugin:80 - create IPUIPlugin
2024-01-25 13:59:45,625 [INFO] IPUIPlugin:80 - create IPUIPlugin
2024-01-25 13:59:45,625 [INFO] IPUIPlugin:80 - create IPUIPlugin
2024-01-25 13:59:45,626 [INFO] IPUIPlugin:80 - create IPUIPlugin
2024-01-25 13:59:45,626 [INFO] IPUIPlugin:80 - create IPUIPlugin
2024-01-25 13:59:45,627 [INFO] IPUIPlugin:80 - create IPUIPlugin
2024-01-25 13:59:45,628 [INFO] IPUIPlugin:80 - create IPUIPlugin
2024-01-25 13:59:45,629 [INFO] IPUIPlugin:80 - create IPUIPlugin
2024-01-25 13:59:45,630 [INFO] IPUIPlugin:80 - create IPUIPlugin
2024-01-25 13:59:45,630 [INFO] IPUIPlugin:80 - create IPUIPlugin
2024-01-25 13:59:45,631 [INFO] IPUIPlugin:80 - create IPUIPlugin
2024-01-25 13:59:45,632 [INFO] IPUIPlugin:80 - create IPUIPlugin
2024-01-25 13:59:45,633 [INFO] IPUIPlugin:80 - create IPUIPlugin
2024-01-25 13:59:45,634 [INFO] IPUIPlugin:80 - create IPUIPlugin
2024-01-25 13:59:45,635 [INFO] IPUIPlugin:80 - create IPUIPlugin
2024-01-25 13:59:45,635 [INFO] IPUIPlugin:80 - create IPUIPlugin
2024-01-25 13:59:45,637 [INFO] IPUIPlugin:80 - create IPUIPlugin
2024-01-25 13:59:45,638 [INFO] IPUIPlugin:80 - create IPUIPlugin
2024-01-25 13:59:45,639 [INFO] IPUIPlugin:80 - create IPUIPlugin
2024-01-25 13:59:45,640 [INFO] IPUIPlugin:80 - create IPUIPlugin
2024-01-25 13:59:45,641 [INFO] IPUIPlugin:80 - create IPUIPlugin
2024-01-25 13:59:45,641 [INFO] IPUIPlugin:80 - create IPUIPlugin
2024-01-25 13:59:45,642 [INFO] IPUIPlugin:80 - create IPUIPlugin
2024-01-25 13:59:45,644 [INFO] IPUIPlugin:80 - create IPUIPlugin
2024-01-25 13:59:45,650 [INFO] IPUIPlugin:80 - create IPUIPlugin
2024-01-25 13:59:45,652 [INFO] IPUIPlugin:80 - create IPUIPlugin
2024-01-25 13:59:45,706 [INFO] ApiDbMcu:508 - Load IP Config File for PDM2PCM
2024-01-25 13:59:45,770 [WARN] FreeRTOS:1023 - Null or empty value: should not occur! (nothing added to the table)
2024-01-25 13:59:46,432 [INFO] CADModel:165 - CPN selected for project levelSTM32H750XBH6
2024-01-25 13:59:46,433 [INFO] CADModel:114 - Register for checkConnection events
2024-01-25 13:59:46,440 [INFO] RtosManager:697 - Active RTOS found at IOC load: FREERTOS [Cortex-M7NS]
2024-01-25 13:59:46,573 [INFO] OpenFileManager:343 - Restore cursor
2024-01-25 13:59:47,107 [WARN] IP:2119 - LWIP_NETIF_HOSTNAME not found: check if there is a RefParameter without a condition.
2024-01-25 13:59:47,219 [WARN] IP:2119 - LWIP_NETIF_HOSTNAME not found: check if there is a RefParameter without a condition.
2024-01-25 14:02:16,833 [WARN] BspModel:444 - BSP dependency skipped because of component: name='DP83848', api='BSP_COMPONENT_DRIVER'
2024-01-25 14:02:17,771 [WARN] BspModel:444 - BSP dependency skipped because of component: name='DP83848', api='BSP_COMPONENT_DRIVER'
2024-01-25 14:02:31,694 [INFO] UtilMem:75 - End SaveConfig() Used Memory: 462518704 Bytes (979369984)
2024-01-25 14:02:32,104 [INFO] UtilMem:75 - End SaveConfig() Used Memory: 540639664 Bytes (979369984)
2024-01-25 14:02:34,601 [INFO] UtilMem:75 - End SaveConfig() Used Memory: 731480496 Bytes (979369984)
2024-01-25 14:02:36,908 [INFO] BlockDiagram:2759 - set Specific Code input for plugin: FREERTOS
2024-01-25 14:02:36,908 [INFO] BlockDiagram:2759 - set Specific Code input for plugin: RCC
2024-01-25 14:02:36,908 [INFO] BlockDiagram:2759 - set Specific Code input for plugin: ETH
2024-01-25 14:02:36,908 [INFO] BlockDiagram:2759 - set Specific Code input for plugin: SYS
2024-01-25 14:02:36,908 [INFO] BlockDiagram:2759 - set Specific Code input for plugin: NVIC
2024-01-25 14:02:36,908 [INFO] BlockDiagram:2759 - set Specific Code input for plugin: LWIP
2024-01-25 14:02:36,909 [INFO] BlockDiagram:2759 - set Specific Code input for plugin: CORTEX_M7
2024-01-25 14:02:36,915 [INFO] BlockDiagram:2759 - set Specific Code input for plugin: GPIO
2024-01-25 14:02:36,920 [INFO] CodeGenerator:807 - code generatio: config db path: C:\ST\STM32CubeIDE_1.12.0\STM32CubeIDE\plugins\com.st.stm32cube.common.mx_6.10.0.202311202037\\db\
2024-01-25 14:02:37,949 [WARN] IP:2119 - LWIP_NETIF_HOSTNAME not found: check if there is a RefParameter without a condition.
2024-01-25 14:02:39,226 [INFO] CodeEngine:255 - oldGeneratedFile, D:\STM32\STM32H750_Disco_ETH\MXTmpFiles\license.tmp_save
2024-01-25 14:02:43,355 [INFO] CodeEngine:279 - Generated code: D:\STM32\STM32H750_Disco_ETH\MXTmpFiles\license.tmp
2024-01-25 14:02:43,701 [INFO] CodeEngine:255 - oldGeneratedFile, D:\STM32\STM32H750_Disco_ETH\MXTmpFiles\gpio.tmp_save
2024-01-25 14:02:44,225 [INFO] CodeEngine:279 - Generated code: D:\STM32\STM32H750_Disco_ETH\MXTmpFiles\gpio.tmp
2024-01-25 14:02:44,839 [INFO] CodeEngine:255 - oldGeneratedFile, D:\STM32\STM32H750_Disco_ETH\MXTmpFiles\eth_vars.tmp_save
2024-01-25 14:02:45,873 [INFO] CodeEngine:279 - Generated code: D:\STM32\STM32H750_Disco_ETH\MXTmpFiles\eth_vars.tmp
2024-01-25 14:02:45,898 [INFO] CodeEngine:255 - oldGeneratedFile, D:\STM32\STM32H750_Disco_ETH\MXTmpFiles\eth_inc.tmp_save
2024-01-25 14:02:46,039 [INFO] CodeEngine:279 - Generated code: D:\STM32\STM32H750_Disco_ETH\MXTmpFiles\eth_inc.tmp
2024-01-25 14:02:46,052 [INFO] CodeEngine:255 - oldGeneratedFile, D:\STM32\STM32H750_Disco_ETH\MXTmpFiles\eth_HalInit.tmp_save
2024-01-25 14:02:46,363 [INFO] CodeEngine:279 - Generated code: D:\STM32\STM32H750_Disco_ETH\MXTmpFiles\eth_HalInit.tmp
2024-01-25 14:02:46,370 [INFO] CodeEngine:255 - oldGeneratedFile, D:\STM32\STM32H750_Disco_ETH\MXTmpFiles\eth_Msp.tmp_save
2024-01-25 14:02:46,686 [INFO] CodeEngine:279 - Generated code: D:\STM32\STM32H750_Disco_ETH\MXTmpFiles\eth_Msp.tmp
2024-01-25 14:02:47,646 [INFO] Middleware:1439 - No code input for Bsp Dependency
2024-01-25 14:02:47,660 [INFO] CodeEngine:255 - oldGeneratedFile, D:\STM32\STM32H750_Disco_ETH\MXTmpFiles\rtos_inc.tmp_save
2024-01-25 14:02:47,804 [INFO] CodeEngine:279 - Generated code: D:\STM32\STM32H750_Disco_ETH\MXTmpFiles\rtos_inc.tmp
2024-01-25 14:02:47,809 [INFO] CodeEngine:255 - oldGeneratedFile, D:\STM32\STM32H750_Disco_ETH\MXTmpFiles\rtos_kernelInit.tmp_save
2024-01-25 14:02:47,934 [INFO] CodeEngine:279 - Generated code: D:\STM32\STM32H750_Disco_ETH\MXTmpFiles\rtos_kernelInit.tmp
2024-01-25 14:02:47,941 [INFO] CodeEngine:255 - oldGeneratedFile, D:\STM32\STM32H750_Disco_ETH\MXTmpFiles\rtos_kernelStart.tmp_save
2024-01-25 14:02:48,040 [INFO] CodeEngine:279 - Generated code: D:\STM32\STM32H750_Disco_ETH\MXTmpFiles\rtos_kernelStart.tmp
2024-01-25 14:02:48,092 [INFO] CodeEngine:255 - oldGeneratedFile, D:\STM32\STM32H750_Disco_ETH\MXTmpFiles\rtos_typedefs.tmp_save
2024-01-25 14:02:48,173 [INFO] CodeEngine:279 - Generated code: D:\STM32\STM32H750_Disco_ETH\MXTmpFiles\rtos_typedefs.tmp
2024-01-25 14:02:48,178 [INFO] CodeEngine:255 - oldGeneratedFile, D:\STM32\STM32H750_Disco_ETH\MXTmpFiles\rtos_vars.tmp_save
2024-01-25 14:02:48,262 [INFO] CodeEngine:279 - Generated code: D:\STM32\STM32H750_Disco_ETH\MXTmpFiles\rtos_vars.tmp
2024-01-25 14:02:48,273 [INFO] CodeEngine:255 - oldGeneratedFile, D:\STM32\STM32H750_Disco_ETH\MXTmpFiles\rtos_pfp.tmp_save
2024-01-25 14:02:48,411 [INFO] CodeEngine:279 - Generated code: D:\STM32\STM32H750_Disco_ETH\MXTmpFiles\rtos_pfp.tmp
2024-01-25 14:02:48,428 [INFO] CodeEngine:255 - oldGeneratedFile, D:\STM32\STM32H750_Disco_ETH\MXTmpFiles\rtos_obj_creat.tmp_save
2024-01-25 14:02:48,605 [INFO] CodeEngine:279 - Generated code: D:\STM32\STM32H750_Disco_ETH\MXTmpFiles\rtos_obj_creat.tmp
2024-01-25 14:02:48,612 [INFO] CodeEngine:255 - oldGeneratedFile, D:\STM32\STM32H750_Disco_ETH\MXTmpFiles\rtos_default_thread.tmp_save
2024-01-25 14:02:48,721 [INFO] CodeEngine:279 - Generated code: D:\STM32\STM32H750_Disco_ETH\MXTmpFiles\rtos_default_thread.tmp
2024-01-25 14:02:48,728 [INFO] CodeEngine:255 - oldGeneratedFile, D:\STM32\STM32H750_Disco_ETH\MXTmpFiles\rtos_threads.tmp_save
2024-01-25 14:02:48,802 [INFO] CodeEngine:279 - Generated code: D:\STM32\STM32H750_Disco_ETH\MXTmpFiles\rtos_threads.tmp
2024-01-25 14:02:48,833 [INFO] Middleware:1439 - No code input for Bsp Dependency
2024-01-25 14:02:48,884 [INFO] Middleware:1439 - No code input for Bsp Dependency
2024-01-25 14:02:48,892 [INFO] CodeEngine:255 - oldGeneratedFile, D:\STM32\STM32H750_Disco_ETH\MXTmpFiles\rtos_inc.tmp_save
2024-01-25 14:02:48,970 [INFO] CodeEngine:279 - Generated code: D:\STM32\STM32H750_Disco_ETH\MXTmpFiles\rtos_inc.tmp
2024-01-25 14:02:48,975 [INFO] CodeEngine:255 - oldGeneratedFile, D:\STM32\STM32H750_Disco_ETH\MXTmpFiles\rtos_kernelInit.tmp_save
2024-01-25 14:02:49,055 [INFO] CodeEngine:279 - Generated code: D:\STM32\STM32H750_Disco_ETH\MXTmpFiles\rtos_kernelInit.tmp
2024-01-25 14:02:49,058 [INFO] CodeEngine:255 - oldGeneratedFile, D:\STM32\STM32H750_Disco_ETH\MXTmpFiles\rtos_kernelStart.tmp_save
2024-01-25 14:02:49,135 [INFO] CodeEngine:279 - Generated code: D:\STM32\STM32H750_Disco_ETH\MXTmpFiles\rtos_kernelStart.tmp
2024-01-25 14:02:49,139 [INFO] CodeEngine:255 - oldGeneratedFile, D:\STM32\STM32H750_Disco_ETH\MXTmpFiles\rtos_typedefs.tmp_save
2024-01-25 14:02:49,217 [INFO] CodeEngine:279 - Generated code: D:\STM32\STM32H750_Disco_ETH\MXTmpFiles\rtos_typedefs.tmp
2024-01-25 14:02:49,222 [INFO] CodeEngine:255 - oldGeneratedFile, D:\STM32\STM32H750_Disco_ETH\MXTmpFiles\rtos_vars.tmp_save
2024-01-25 14:02:49,322 [INFO] CodeEngine:279 - Generated code: D:\STM32\STM32H750_Disco_ETH\MXTmpFiles\rtos_vars.tmp
2024-01-25 14:02:49,335 [INFO] CodeEngine:255 - oldGeneratedFile, D:\STM32\STM32H750_Disco_ETH\MXTmpFiles\rtos_pfp.tmp_save
2024-01-25 14:02:49,427 [INFO] CodeEngine:279 - Generated code: D:\STM32\STM32H750_Disco_ETH\MXTmpFiles\rtos_pfp.tmp
2024-01-25 14:02:49,434 [INFO] CodeEngine:255 - oldGeneratedFile, D:\STM32\STM32H750_Disco_ETH\MXTmpFiles\rtos_obj_creat.tmp_save
2024-01-25 14:02:49,648 [INFO] CodeEngine:279 - Generated code: D:\STM32\STM32H750_Disco_ETH\MXTmpFiles\rtos_obj_creat.tmp
2024-01-25 14:02:49,655 [INFO] CodeEngine:255 - oldGeneratedFile, D:\STM32\STM32H750_Disco_ETH\MXTmpFiles\rtos_default_thread.tmp_save
2024-01-25 14:02:49,751 [INFO] CodeEngine:279 - Generated code: D:\STM32\STM32H750_Disco_ETH\MXTmpFiles\rtos_default_thread.tmp
2024-01-25 14:02:49,755 [INFO] CodeEngine:255 - oldGeneratedFile, D:\STM32\STM32H750_Disco_ETH\MXTmpFiles\rtos_threads.tmp_save
2024-01-25 14:02:49,852 [INFO] CodeEngine:279 - Generated code: D:\STM32\STM32H750_Disco_ETH\MXTmpFiles\rtos_threads.tmp
2024-01-25 14:02:49,857 [INFO] CodeEngine:255 - oldGeneratedFile, D:\STM32\STM32H750_Disco_ETH\Core\Inc\FreeRTOSConfig.h_save
2024-01-25 14:02:50,000 [INFO] CodeEngine:279 - Generated code: D:\STM32\STM32H750_Disco_ETH\Core\Inc\FreeRTOSConfig.h
2024-01-25 14:02:50,010 [INFO] CodeEngine:255 - oldGeneratedFile, D:\STM32\STM32H750_Disco_ETH\Core\Src\freertos.c_save
2024-01-25 14:02:50,165 [INFO] CodeEngine:279 - Generated code: D:\STM32\STM32H750_Disco_ETH\Core\Src\freertos.c
2024-01-25 14:02:50,181 [INFO] CodeEngine:255 - oldGeneratedFile, D:\STM32\STM32H750_Disco_ETH\MXTmpFiles\cortex.tmp_save
2024-01-25 14:02:50,284 [INFO] CodeEngine:279 - Generated code: D:\STM32\STM32H750_Disco_ETH\MXTmpFiles\cortex.tmp
2024-01-25 14:02:50,348 [INFO] Middleware:1439 - No code input for Bsp Dependency
2024-01-25 14:02:50,395 [INFO] CodeEngine:255 - oldGeneratedFile, D:\STM32\STM32H750_Disco_ETH\LWIP\App\lwip.c_save
2024-01-25 14:02:50,711 [INFO] CodeEngine:279 - Generated code: D:\STM32\STM32H750_Disco_ETH\LWIP\App\lwip.c
2024-01-25 14:02:50,724 [INFO] CodeEngine:255 - oldGeneratedFile, D:\STM32\STM32H750_Disco_ETH\LWIP\App\lwip.h_save
2024-01-25 14:02:50,841 [INFO] CodeEngine:279 - Generated code: D:\STM32\STM32H750_Disco_ETH\LWIP\App\lwip.h
2024-01-25 14:02:50,849 [INFO] CodeEngine:255 - oldGeneratedFile, D:\STM32\STM32H750_Disco_ETH\LWIP\Target\lwipopts.h_save
2024-01-25 14:02:51,823 [INFO] CodeEngine:279 - Generated code: D:\STM32\STM32H750_Disco_ETH\LWIP\Target\lwipopts.h
2024-01-25 14:02:51,830 [INFO] CodeEngine:255 - oldGeneratedFile, D:\STM32\STM32H750_Disco_ETH\LWIP\Target\ethernetif.c_save
2024-01-25 14:02:52,063 [INFO] CodeEngine:279 - Generated code: D:\STM32\STM32H750_Disco_ETH\LWIP\Target\ethernetif.c
2024-01-25 14:02:52,074 [INFO] CodeEngine:255 - oldGeneratedFile, D:\STM32\STM32H750_Disco_ETH\LWIP\Target\ethernetif.h_save
2024-01-25 14:02:52,163 [INFO] CodeEngine:279 - Generated code: D:\STM32\STM32H750_Disco_ETH\LWIP\Target\ethernetif.h
2024-01-25 14:02:52,204 [INFO] CodeEngine:255 - oldGeneratedFile, D:\STM32\STM32H750_Disco_ETH\Core\Src\stm32h7xx_it.c_save
2024-01-25 14:02:52,479 [INFO] CodeEngine:279 - Generated code: D:\STM32\STM32H750_Disco_ETH\Core\Src\stm32h7xx_it.c
2024-01-25 14:02:52,492 [INFO] CodeEngine:255 - oldGeneratedFile, D:\STM32\STM32H750_Disco_ETH\Core\Inc\stm32h7xx_it.h_save
2024-01-25 14:02:52,894 [INFO] CodeEngine:279 - Generated code: D:\STM32\STM32H750_Disco_ETH\Core\Inc\stm32h7xx_it.h
2024-01-25 14:02:53,201 [INFO] CodeEngine:255 - oldGeneratedFile, D:\STM32\STM32H750_Disco_ETH\Core\Src\stm32h7xx_hal_msp.c_save
2024-01-25 14:02:53,575 [INFO] CodeEngine:279 - Generated code: D:\STM32\STM32H750_Disco_ETH\Core\Src\stm32h7xx_hal_msp.c
2024-01-25 14:02:53,582 [INFO] CodeEngine:255 - oldGeneratedFile, D:\STM32\STM32H750_Disco_ETH\MXTmpFiles\system.tmp_save
2024-01-25 14:02:53,710 [INFO] CodeEngine:279 - Generated code: D:\STM32\STM32H750_Disco_ETH\MXTmpFiles\system.tmp
2024-01-25 14:02:53,724 [INFO] CodeEngine:255 - oldGeneratedFile, D:\STM32\STM32H750_Disco_ETH\Core\Src\stm32h7xx_hal_timebase_tim.c_save
2024-01-25 14:02:53,822 [INFO] CodeEngine:279 - Generated code: D:\STM32\STM32H750_Disco_ETH\Core\Src\stm32h7xx_hal_timebase_tim.c
2024-01-25 14:02:53,860 [INFO] CodeEngine:311 - oldGeneratedFile, D:\STM32\STM32H750_Disco_ETH\Core\Inc\stm32h7xx_hal_conf.h_save
2024-01-25 14:02:54,013 [INFO] CodeEngine:335 - Generated code: D:\STM32\STM32H750_Disco_ETH\Core\Inc\stm32h7xx_hal_conf.h
2024-01-25 14:02:54,145 [INFO] CodeEngine:255 - oldGeneratedFile, D:\STM32\STM32H750_Disco_ETH\Core\Inc\main.h_save
2024-01-25 14:02:54,377 [INFO] CodeEngine:279 - Generated code: D:\STM32\STM32H750_Disco_ETH\Core\Inc\main.h
2024-01-25 14:02:54,411 [INFO] CodeEngine:255 - oldGeneratedFile, D:\STM32\STM32H750_Disco_ETH\Core\Src\main.c_save
2024-01-25 14:02:54,859 [INFO] CodeEngine:279 - Generated code: D:\STM32\STM32H750_Disco_ETH\Core\Src\main.c
2024-01-25 14:02:58,521 [INFO] ProjectBuilder:3076 - Time for Copy HAL[1] : 2077mS.
2024-01-25 14:02:58,571 [INFO] ProjectBuilder:4485 - Project Generator version: 4.2.0-B44
2024-01-25 14:02:59,247 [INFO] ConfigFileManager:1495 - The Die is : DIE450
2024-01-25 14:02:59,257 [INFO] ApiDbMcu:508 - Load IP Config File for FATFS
2024-01-25 14:02:59,262 [INFO] ApiDbMcu:508 - Load IP Config File for LIBJPEG
2024-01-25 14:02:59,286 [INFO] ApiDbMcu:508 - Load IP Config File for MBEDTLS
2024-01-25 14:02:59,320 [INFO] ApiDbMcu:508 - Load IP Config File for USB_DEVICE
2024-01-25 14:02:59,334 [INFO] ApiDbMcu:508 - Load IP Config File for USB_HOST
2024-01-25 14:03:03,067 [INFO] LogOutputStream:77 - [STDOUT_REDIRECT] 
2024-01-25 14:03:07,348 [INFO] ProjectBuilder:4747 - Time for Generating toolchain IDE Files: 8775mS.
2024-01-25 14:03:07,352 [INFO] ProjectBuilder:2947 - Time for Copy CMSIS : 0mS.
2024-01-25 14:03:07,365 [INFO] ProjectBuilder:2947 - Time for Copy CMSIS : 0mS.
2024-01-25 17:28:41,697 [ERROR] LogOutputStream:75 - [STDERR_REDIRECT] 
