2023-10-02 15:53:11,956 [INFO] Activator:176 - 


2023-10-02 15:53:11,962 [INFO] Activator:177 - !SESSION log4j initialized
2023-10-02 15:53:15,233 [INFO] LogOutputStream:77 - [STDOUT_REDIRECT] 
2023-10-02 15:53:18,572 [INFO] ApplicationProperties:184 - Using Application install path: C:\ST\STM32CubeIDE_1.12.0\STM32CubeIDE\plugins\com.st.stm32cube.common.mx_6.9.2.202309101412
2023-10-02 15:53:18,591 [INFO] DbMcusXml:78 - Set database path to: C:\ST\STM32CubeIDE_1.12.0\STM32CubeIDE\plugins\com.st.stm32cube.common.mx_6.9.2.202309101412\\db\/mcu/
2023-10-02 15:53:18,592 [INFO] ApiDb:274 - Set plugin database path to: C:\ST\STM32CubeIDE_1.12.0\STM32CubeIDE\plugins\com.st.stm32cube.common.mx_6.9.2.202309101412\\db\/plugins/boardmanager/
2023-10-02 15:53:18,592 [WARN] ApiDb:259 - Overriding images path with different value:  => C:\ST\STM32CubeIDE_1.12.0\STM32CubeIDE\plugins\com.st.stm32cube.common.mx_6.9.2.202309101412\\db\/plugins/mcufinder/images/
2023-10-02 15:53:18,607 [INFO] ApiDb:250 - Set database path to: C:\Users\user\.stmcufinder\plugins\mcufinder//mcu/
2023-10-02 15:53:18,610 [INFO] DbMcusAds:125 - Set database path to: C:\Users\user\.stmcufinder\plugins\mcufinder//mcu/
2023-10-02 15:53:18,611 [INFO] CrossReferenceDbSqlite:203 - Set database path to: C:\Users\user\.stmcufinder\plugins\mcufinder//mcu/cs/
2023-10-02 15:53:18,722 [INFO] RulesReader:64 - Compatibility file has been processed (293 Rules)
2023-10-02 15:53:18,800 [INFO] DbMcusXml:78 - Set database path to: C:\ST\STM32CubeIDE_1.12.0\STM32CubeIDE\plugins\com.st.stm32cube.common.mx_6.9.2.202309101412\\db\/mcu/
2023-10-02 15:53:18,800 [INFO] ApiDb:274 - Set plugin database path to: C:\ST\STM32CubeIDE_1.12.0\STM32CubeIDE\plugins\com.st.stm32cube.common.mx_6.9.2.202309101412\\db\/plugins/boardmanager/
2023-10-02 15:53:18,800 [INFO] ApiDb:261 - Set plugin images path to: C:\ST\STM32CubeIDE_1.12.0\STM32CubeIDE\plugins\com.st.stm32cube.common.mx_6.9.2.202309101412\\db\/plugins/mcufinder/images/
2023-10-02 15:53:18,800 [WARN] DbFile:41 - Overriding database path with different value: C:\Users\user\.stmcufinder\plugins\mcufinder/ => C:\Users\user\.stmcufinder\plugins\mcufinder
2023-10-02 15:53:18,800 [INFO] ApiDb:250 - Set database path to: C:\Users\user\.stmcufinder\plugins\mcufinder//mcu/
2023-10-02 15:53:18,800 [WARN] DbFile:41 - Overriding database path with different value: C:\Users\user\.stmcufinder\plugins\mcufinder/ => C:\Users\user\.stmcufinder\plugins\mcufinder
2023-10-02 15:53:18,800 [INFO] DbMcusAds:125 - Set database path to: C:\Users\user\.stmcufinder\plugins\mcufinder//mcu/
2023-10-02 15:53:18,800 [WARN] DbFile:41 - Overriding database path with different value: C:\Users\user\.stmcufinder\plugins\mcufinder/ => C:\Users\user\.stmcufinder\plugins\mcufinder
2023-10-02 15:53:18,800 [WARN] DbFile:41 - Overriding database path with different value: C:\Users\user\.stmcufinder\plugins\mcufinder/ => C:\Users\user\.stmcufinder\plugins\mcufinder
2023-10-02 15:53:18,802 [INFO] CrossReferenceDbSqlite:203 - Set database path to: C:\Users\user\.stmcufinder\plugins\mcufinder//mcu/cs/
2023-10-02 15:53:18,888 [INFO] MainPanel:262 - HeapMemory: 268435456
2023-10-02 15:53:18,983 [INFO] DbMcusXml:78 - Set database path to: C:\ST\STM32CubeIDE_1.12.0\STM32CubeIDE\plugins\com.st.stm32cube.common.mx_6.9.2.202309101412\\db\/mcu/
2023-10-02 15:53:18,983 [INFO] ApiDb:274 - Set plugin database path to: C:\ST\STM32CubeIDE_1.12.0\STM32CubeIDE\plugins\com.st.stm32cube.common.mx_6.9.2.202309101412\\db\/plugins/boardmanager/
2023-10-02 15:53:18,983 [INFO] ApiDb:261 - Set plugin images path to: C:\ST\STM32CubeIDE_1.12.0\STM32CubeIDE\plugins\com.st.stm32cube.common.mx_6.9.2.202309101412\\db\/plugins/mcufinder/images/
2023-10-02 15:53:18,984 [WARN] DbFile:41 - Overriding database path with different value: C:\Users\user\.stmcufinder\plugins\mcufinder/ => C:\Users\user\.stmcufinder\plugins\mcufinder
2023-10-02 15:53:18,984 [INFO] ApiDb:250 - Set database path to: C:\Users\user\.stmcufinder\plugins\mcufinder//mcu/
2023-10-02 15:53:18,984 [WARN] DbFile:41 - Overriding database path with different value: C:\Users\user\.stmcufinder\plugins\mcufinder/ => C:\Users\user\.stmcufinder\plugins\mcufinder
2023-10-02 15:53:18,984 [INFO] DbMcusAds:125 - Set database path to: C:\Users\user\.stmcufinder\plugins\mcufinder//mcu/
2023-10-02 15:53:18,984 [WARN] DbFile:41 - Overriding database path with different value: C:\Users\user\.stmcufinder\plugins\mcufinder/ => C:\Users\user\.stmcufinder\plugins\mcufinder
2023-10-02 15:53:18,984 [WARN] DbFile:41 - Overriding database path with different value: C:\Users\user\.stmcufinder\plugins\mcufinder/ => C:\Users\user\.stmcufinder\plugins\mcufinder
2023-10-02 15:53:18,984 [INFO] CrossReferenceDbSqlite:203 - Set database path to: C:\Users\user\.stmcufinder\plugins\mcufinder//mcu/cs/
2023-10-02 15:53:19,002 [INFO] ApplicationProperties:184 - Using Application install path: C:\ST\STM32CubeIDE_1.12.0\STM32CubeIDE\plugins\com.st.stm32cube.common.mx_6.9.2.202309101412
2023-10-02 15:53:19,004 [INFO] PluginManage:196 - Search for loadable plugins [exclusion list=, ]
2023-10-02 15:53:19,005 [INFO] PluginManage:310 - Check plugin analytics
2023-10-02 15:53:19,206 [INFO] AnalyticsPlugin:253 - Accepted Software Licenses: STM32CubeMX.6.8.0,STM32CubeMX.6.8.1,STM32CubeMX.6.5.0,STM32CubeMX.6.9.1
2023-10-02 15:53:19,207 [INFO] AnalyticsPlugin:255 - Accepted CMSIS Pack Licenses: emotas.I-CUBE-CANOPEN.1.1.3,STMicroelectronics.X-CUBE-TOUCHGFX.4.21.0,STMicroelectronics.X-CUBE-TOUCHGFX.4.21.1,STMicroelectronics.X-CUBE-TOUCHGFX.4.18.0
2023-10-02 15:53:19,207 [INFO] AnalyticsPlugin:257 - Accepted Firmware Licenses: FW.H7.1.11.0,FW.G0.1.6.0,FW.F4.1.27.0
2023-10-02 15:53:19,212 [INFO] PluginManage:359 - Loaded plugin analytics (category:tool,tabindex:-1)
2023-10-02 15:53:19,213 [INFO] PluginManage:310 - Check plugin cadmodel
2023-10-02 15:53:19,237 [INFO] CADModel:105 - Init CAD model plugin
2023-10-02 15:53:19,237 [INFO] PluginManage:359 - Loaded plugin cadmodel (category:power,tabindex:5)
2023-10-02 15:53:19,237 [INFO] PluginManage:310 - Check plugin clock
2023-10-02 15:53:19,259 [INFO] PluginManage:359 - Loaded plugin clock (category:base,tabindex:2)
2023-10-02 15:53:19,260 [INFO] PluginManage:310 - Check plugin ddr
2023-10-02 15:53:19,262 [INFO] PluginManage:359 - Loaded plugin ddr (category:tool,tabindex:6)
2023-10-02 15:53:19,262 [INFO] PluginManage:310 - Check plugin filemanager
2023-10-02 15:53:19,413 [INFO] PluginManage:359 - Loaded plugin filemanager (category:base,tabindex:10)
2023-10-02 15:53:19,414 [INFO] PluginManage:310 - Check plugin ipmanager
2023-10-02 15:53:19,421 [INFO] PluginManage:359 - Loaded plugin ipmanager (category:base,tabindex:5)
2023-10-02 15:53:19,421 [INFO] PluginManage:310 - Check plugin lpbam
2023-10-02 15:53:19,438 [INFO] PluginManage:359 - Loaded plugin lpbam (category:base,tabindex:0)
2023-10-02 15:53:19,438 [INFO] PluginManage:310 - Check plugin memorymap
2023-10-02 15:53:19,461 [INFO] PluginManage:359 - Loaded plugin memorymap (category:base,tabindex:4)
2023-10-02 15:53:19,461 [INFO] PluginManage:310 - Check plugin pinoutandconfiguration
2023-10-02 15:53:19,480 [INFO] PluginManage:359 - Loaded plugin pinoutandconfiguration (category:base,tabindex:1)
2023-10-02 15:53:19,480 [INFO] PluginManage:310 - Check plugin pinoutconfig
2023-10-02 15:53:19,700 [WARN] SupportedApi:132 - Cannot load RTOS API schema: s4s-elt-must-match.1: The content of 'definitions' must match (annotation?, (simpleType | complexType)?, (unique | key | keyref)*)). A problem was found starting at: attribute.
2023-10-02 15:53:19,834 [INFO] PluginManage:359 - Loaded plugin pinoutconfig (category:base,tabindex:0)
2023-10-02 15:53:19,834 [INFO] PluginManage:310 - Check plugin power
2023-10-02 15:53:19,853 [INFO] PluginManage:359 - Loaded plugin power (category:power,tabindex:4)
2023-10-02 15:53:19,853 [INFO] PluginManage:310 - Check plugin projectmanager
2023-10-02 15:53:19,869 [INFO] PluginManage:359 - Loaded plugin projectmanager (category:projectmanager,tabindex:3)
2023-10-02 15:53:19,869 [INFO] PluginManage:310 - Check plugin thirdparty
2023-10-02 15:53:20,148 [INFO] PluginManage:359 - Loaded plugin thirdparty (category:base,tabindex:-1)
2023-10-02 15:53:20,148 [WARN] IntegrityCheckThread:84 - waiting for thirdparty lock release [integrity check]
2023-10-02 15:53:20,148 [INFO] PluginManage:310 - Check plugin tools
2023-10-02 15:53:20,148 [INFO] IntegrityCheckThread:86 - entering critical section [integrity check]
2023-10-02 15:53:20,148 [INFO] ThirdPartyUpdaterWithRetryManager:70 - Updater plugin not ready yet. [1/15]
2023-10-02 15:53:20,174 [INFO] PluginManage:359 - Loaded plugin tools (category:base,tabindex:7)
2023-10-02 15:53:20,174 [INFO] PluginManage:310 - Check plugin tutovideos
2023-10-02 15:53:20,375 [INFO] PluginManage:359 - Loaded plugin tutovideos (category:base,tabindex:-1)
2023-10-02 15:53:20,375 [INFO] PluginManage:310 - Check plugin updater
2023-10-02 15:53:20,387 [INFO] PluginManage:359 - Loaded plugin updater (category:base,tabindex:12)
2023-10-02 15:53:20,387 [INFO] PluginManage:310 - Check plugin userauth
2023-10-02 15:53:20,395 [INFO] UserAuth:113 - Init User Auth plugin
2023-10-02 15:53:20,395 [INFO] PluginManage:359 - Loaded plugin userauth (category:base,tabindex:14)
2023-10-02 15:53:20,396 [INFO] PluginManage:283 - PluginManage : Loaded plugins [17]
2023-10-02 15:53:20,620 [INFO] PinOutPanel:1499 - setPackage(No Configuration,No Configuration)
2023-10-02 15:53:20,725 [INFO] CADModel:165 - CPN selected for project level
2023-10-02 15:53:20,725 [INFO] CADModel:114 - Register for checkConnection events
2023-10-02 15:53:20,752 [INFO] IPUIPlugin:80 - create IPUIPlugin
2023-10-02 15:53:20,752 [INFO] PluginManager:220 - loadIPPluginJar : add adc
2023-10-02 15:53:20,781 [INFO] IPUIPlugin:80 - create IPUIPlugin
2023-10-02 15:53:20,781 [INFO] PluginManager:220 - loadIPPluginJar : add aes
2023-10-02 15:53:20,813 [INFO] IPUIPlugin:80 - create IPUIPlugin
2023-10-02 15:53:20,813 [INFO] PluginManager:220 - loadIPPluginJar : add can
2023-10-02 15:53:20,832 [INFO] IPUIPlugin:80 - create IPUIPlugin
2023-10-02 15:53:20,833 [INFO] PluginManager:220 - loadIPPluginJar : add comp
2023-10-02 15:53:20,859 [INFO] IPUIPlugin:80 - create IPUIPlugin
2023-10-02 15:53:20,859 [INFO] PluginManager:220 - loadIPPluginJar : add cryp
2023-10-02 15:53:20,882 [INFO] IPUIPlugin:80 - create IPUIPlugin
2023-10-02 15:53:20,882 [INFO] PluginManager:220 - loadIPPluginJar : add dfsdm
2023-10-02 15:53:20,895 [INFO] IPUIPlugin:80 - create IPUIPlugin
2023-10-02 15:53:20,895 [INFO] PluginManager:220 - loadIPPluginJar : add dma
2023-10-02 15:53:20,930 [INFO] IPUIPlugin:80 - create IPUIPlugin
2023-10-02 15:53:20,930 [INFO] PluginManager:220 - loadIPPluginJar : add dma3
2023-10-02 15:53:20,947 [INFO] IPUIPlugin:80 - create IPUIPlugin
2023-10-02 15:53:20,948 [INFO] PluginManager:220 - loadIPPluginJar : add fatfs
2023-10-02 15:53:20,982 [INFO] IPUIPlugin:80 - create IPUIPlugin
2023-10-02 15:53:20,982 [INFO] PluginManager:220 - loadIPPluginJar : add fmc
2023-10-02 15:53:20,996 [INFO] IPUIPlugin:80 - create IPUIPlugin
2023-10-02 15:53:20,997 [INFO] PluginManager:220 - loadIPPluginJar : add freertos
2023-10-02 15:53:21,013 [INFO] IPUIPlugin:80 - create IPUIPlugin
2023-10-02 15:53:21,013 [INFO] PluginManager:220 - loadIPPluginJar : add genericplugin
2023-10-02 15:53:21,087 [INFO] IPUIPlugin:80 - create IPUIPlugin
2023-10-02 15:53:21,088 [INFO] PluginManager:220 - loadIPPluginJar : add gfxmmu
2023-10-02 15:53:21,195 [INFO] IPUIPlugin:80 - create IPUIPlugin
2023-10-02 15:53:21,195 [INFO] PluginManager:220 - loadIPPluginJar : add gic
2023-10-02 15:53:21,207 [INFO] IPUIPlugin:80 - create IPUIPlugin
2023-10-02 15:53:21,207 [INFO] PluginManager:220 - loadIPPluginJar : add gpio
2023-10-02 15:53:21,282 [INFO] IPUIPlugin:80 - create IPUIPlugin
2023-10-02 15:53:21,282 [INFO] PluginManager:220 - loadIPPluginJar : add gtzc
2023-10-02 15:53:21,305 [INFO] IPUIPlugin:80 - create IPUIPlugin
2023-10-02 15:53:21,305 [INFO] PluginManager:220 - loadIPPluginJar : add hash
2023-10-02 15:53:21,347 [INFO] IPUIPlugin:80 - create IPUIPlugin
2023-10-02 15:53:21,347 [INFO] PluginManager:220 - loadIPPluginJar : add i2c
2023-10-02 15:53:21,380 [INFO] IPUIPlugin:80 - create IPUIPlugin
2023-10-02 15:53:21,380 [INFO] PluginManager:220 - loadIPPluginJar : add i2s
2023-10-02 15:53:21,415 [INFO] IPUIPlugin:80 - create IPUIPlugin
2023-10-02 15:53:21,415 [INFO] PluginManager:220 - loadIPPluginJar : add i3c
2023-10-02 15:53:21,499 [INFO] IPUIPlugin:80 - create IPUIPlugin
2023-10-02 15:53:21,499 [INFO] PluginManager:220 - loadIPPluginJar : add ipddr
2023-10-02 15:53:21,573 [INFO] IPUIPlugin:80 - create IPUIPlugin
2023-10-02 15:53:21,574 [INFO] PluginManager:220 - loadIPPluginJar : add linkedlist
2023-10-02 15:53:21,602 [INFO] IPUIPlugin:80 - create IPUIPlugin
2023-10-02 15:53:21,602 [INFO] PluginManager:220 - loadIPPluginJar : add lorawan
2023-10-02 15:53:21,632 [INFO] IPUIPlugin:80 - create IPUIPlugin
2023-10-02 15:53:21,633 [INFO] PluginManager:220 - loadIPPluginJar : add ltdc
2023-10-02 15:53:21,648 [INFO] IPUIPlugin:80 - create IPUIPlugin
2023-10-02 15:53:21,649 [INFO] PluginManager:220 - loadIPPluginJar : add mdma
2023-10-02 15:53:21,659 [INFO] IPUIPlugin:80 - create IPUIPlugin
2023-10-02 15:53:21,659 [INFO] PluginManager:220 - loadIPPluginJar : add nvic
2023-10-02 15:53:21,689 [INFO] IPUIPlugin:80 - create IPUIPlugin
2023-10-02 15:53:21,689 [INFO] PluginManager:220 - loadIPPluginJar : add opamp
2023-10-02 15:53:21,738 [INFO] IPUIPlugin:80 - create IPUIPlugin
2023-10-02 15:53:21,738 [INFO] PluginManager:220 - loadIPPluginJar : add openamp
2023-10-02 15:53:21,775 [INFO] IPUIPlugin:80 - create IPUIPlugin
2023-10-02 15:53:21,775 [INFO] PluginManager:220 - loadIPPluginJar : add pdm2pcm
2023-10-02 15:53:21,787 [INFO] IPUIPlugin:80 - create IPUIPlugin
2023-10-02 15:53:21,790 [INFO] PluginManager:220 - loadIPPluginJar : add plateformsettings
2023-10-02 15:53:21,807 [INFO] IPUIPlugin:80 - create IPUIPlugin
2023-10-02 15:53:21,807 [INFO] PluginManager:220 - loadIPPluginJar : add quadspi
2023-10-02 15:53:21,819 [INFO] IPUIPlugin:80 - create IPUIPlugin
2023-10-02 15:53:21,819 [INFO] PluginManager:220 - loadIPPluginJar : add resmgrutility
2023-10-02 15:53:21,858 [INFO] IPUIPlugin:80 - create IPUIPlugin
2023-10-02 15:53:21,859 [INFO] PluginManager:220 - loadIPPluginJar : add sai
2023-10-02 15:53:21,889 [INFO] IPUIPlugin:80 - create IPUIPlugin
2023-10-02 15:53:21,889 [INFO] PluginManager:220 - loadIPPluginJar : add spi
2023-10-02 15:53:21,937 [INFO] IPUIPlugin:80 - create IPUIPlugin
2023-10-02 15:53:21,937 [INFO] PluginManager:220 - loadIPPluginJar : add stm32_wpan
2023-10-02 15:53:21,957 [INFO] IPUIPlugin:80 - create IPUIPlugin
2023-10-02 15:53:21,958 [INFO] PluginManager:220 - loadIPPluginJar : add tim
2023-10-02 15:53:22,002 [INFO] IPUIPlugin:80 - create IPUIPlugin
2023-10-02 15:53:22,003 [INFO] PluginManager:220 - loadIPPluginJar : add touchsensing
2023-10-02 15:53:22,020 [INFO] IPUIPlugin:80 - create IPUIPlugin
2023-10-02 15:53:22,020 [INFO] PluginManager:220 - loadIPPluginJar : add tracer_emb
2023-10-02 15:53:22,039 [INFO] IPUIPlugin:80 - create IPUIPlugin
2023-10-02 15:53:22,039 [INFO] PluginManager:220 - loadIPPluginJar : add ts
2023-10-02 15:53:22,058 [INFO] IPUIPlugin:80 - create IPUIPlugin
2023-10-02 15:53:22,058 [INFO] PluginManager:220 - loadIPPluginJar : add tsc
2023-10-02 15:53:22,076 [INFO] IPUIPlugin:80 - create IPUIPlugin
2023-10-02 15:53:22,077 [INFO] PluginManager:220 - loadIPPluginJar : add ucpd
2023-10-02 15:53:22,112 [INFO] IPUIPlugin:80 - create IPUIPlugin
2023-10-02 15:53:22,112 [INFO] PluginManager:220 - loadIPPluginJar : add usart
2023-10-02 15:53:22,160 [INFO] IPUIPlugin:80 - create IPUIPlugin
2023-10-02 15:53:22,160 [INFO] PluginManager:220 - loadIPPluginJar : add usbx
2023-10-02 15:53:22,297 [INFO] CADModel:165 - CPN selected for project level
2023-10-02 15:53:22,297 [INFO] CADModel:114 - Register for checkConnection events
2023-10-02 15:53:22,298 [FATAL] Updater:308 - Updater called before beeing initialized
2023-10-02 15:53:22,298 [ERROR] CADModel:125 - Updater not yet initialized, retry later 
2023-10-02 15:53:22,473 [INFO] CADModel:165 - CPN selected for project level
2023-10-02 15:53:22,473 [INFO] CADModel:114 - Register for checkConnection events
2023-10-02 15:53:22,473 [FATAL] Updater:308 - Updater called before beeing initialized
2023-10-02 15:53:22,473 [ERROR] CADModel:125 - Updater not yet initialized, retry later 
2023-10-02 15:53:22,477 [FATAL] Updater:308 - Updater called before beeing initialized
2023-10-02 15:53:22,571 [FATAL] Updater:308 - Updater called before beeing initialized
2023-10-02 15:53:22,581 [INFO] DbMcusAds:53 - JSON generation date=Tue Mar 07 15:50:55 ICT 2023 (1678179055114)
2023-10-02 15:53:22,581 [FATAL] Updater:308 - Updater called before beeing initialized
2023-10-02 15:53:22,616 [WARN] DetailPanel:346 - Failed to get advertising image, set to default
2023-10-02 15:53:22,699 [FATAL] Updater:308 - Updater called before beeing initialized
2023-10-02 15:53:22,701 [FATAL] Updater:308 - Updater called before beeing initialized
2023-10-02 15:53:22,701 [FATAL] Updater:308 - Updater called before beeing initialized
2023-10-02 15:53:22,701 [WARN] DetailPanel:346 - Failed to get advertising image, set to default
2023-10-02 15:53:22,702 [FATAL] Updater:308 - Updater called before beeing initialized
2023-10-02 15:53:22,756 [ERROR] Updater:1120 - MainUpdater not yet initialized. External WinMGr cannot be set.
2023-10-02 15:53:22,766 [INFO] Updater:1056 - Updater Version found : 6.9.2
2023-10-02 15:53:22,785 [INFO] ApplicationProperties:184 - Using Application install path: C:\ST\STM32CubeIDE_1.12.0\STM32CubeIDE\plugins\com.st.stm32cube.common.mx_6.9.2.202309101412
2023-10-02 15:53:23,152 [INFO] ThirdPartyUpdaterWithRetryManager:70 - Updater plugin not ready yet. [2/15]
2023-10-02 15:53:23,307 [INFO] MainUpdater:2868 - connection check result : 10
2023-10-02 15:53:23,308 [INFO] MainUpdater:3562 - Updater definition file requires update
2023-10-02 15:53:23,310 [INFO] MainUpdater:285 - Updater Check For Update Now.
2023-10-02 15:53:23,310 [INFO] MicroXplorer:498 - Change Database Version : DB.6.0.92
2023-10-02 15:53:23,327 [INFO] McuFinderGlobals:63 - Set McuFinder mode to 2 (CubeIDE integrated)
2023-10-02 15:53:23,329 [INFO] UserAuth:179 - activating auth plugin
2023-10-02 15:53:23,331 [INFO] UserAuth:393 - Internet connection configuration mode: 1
2023-10-02 15:53:23,343 [INFO] ServerAccessManage:473 - Download File updaters.zip
2023-10-02 15:53:23,380 [INFO] JxBrowserEngine:151 - Initiate JxBrowser Engine with user profile folder
2023-10-02 15:53:23,419 [INFO] FileExtend:240 - Unzip File : updaters.zip
2023-10-02 15:53:23,419 [INFO] FileExtend:255 - Standard Zip Deflate
2023-10-02 15:53:23,698 [INFO] ServerAccessManage:473 - Download File PacksControlFlags.xml
2023-10-02 15:53:23,772 [INFO] ServerAccessManage:473 - Download File cubemx.pidx
2023-10-02 15:53:23,930 [INFO] LoadServerUpdatesThread:373 - End of LoadServerUpdate Thread
2023-10-02 15:53:24,185 [INFO] CheckServerUpdateThread:120 - End of CheckServer Thread
2023-10-02 15:53:26,067 [INFO] WebApp:157 - Instantiating new browser for Auth
2023-10-02 15:53:26,403 [WARN] PackLoader:240 - Cannot read IP mode file for STMicroelectronics.X-CUBE-SMBUS.2.1.0
2023-10-02 15:53:26,477 [WARN] PackLoader:240 - Cannot read IP mode file for STMicroelectronics.X-CUBE-AZRTOS-F7.1.1.0
2023-10-02 15:53:26,533 [WARN] PackLoader:240 - Cannot read IP mode file for STMicroelectronics.FP-SNS-MOTENV1.4.3.2
2023-10-02 15:53:26,560 [WARN] PackLoader:240 - Cannot read IP mode file for STMicroelectronics.X-CUBE-BLE1.6.2.4
2023-10-02 15:53:26,655 [WARN] PackLoader:240 - Cannot read IP mode file for STMicroelectronics.FP-SNS-FLIGHT1.5.0.2
2023-10-02 15:53:26,685 [WARN] PackLoader:240 - Cannot read IP mode file for STMicroelectronics.X-CUBE-DISPLAY.3.0.0
2023-10-02 15:53:26,765 [WARN] PackLoader:240 - Cannot read IP mode file for STMicroelectronics.X-CUBE-BLE1.7.0.0
2023-10-02 15:53:26,800 [WARN] PackLoader:240 - Cannot read IP mode file for emotas.I-CUBE-CANOPEN.1.3.0
2023-10-02 15:53:26,933 [WARN] PackLoader:240 - Cannot read IP mode file for STMicroelectronics.X-CUBE-TOUCHGFX.4.22.0
2023-10-02 15:53:27,022 [WARN] PackLoader:240 - Cannot read IP mode file for STMicroelectronics.FP-SNS-SMARTAG2.1.2.0
2023-10-02 15:53:27,054 [INFO] LogOutputStream:77 - [STDOUT_REDIRECT] 1 : Invalid condition id : UX_CORESTACK_Condition cause : null
2023-10-02 15:53:27,056 [INFO] LogOutputStream:77 - [STDOUT_REDIRECT] 1 : Invalid condition id : UX_CORESTACK_Condition cause : null
2023-10-02 15:53:27,060 [INFO] LogOutputStream:77 - [STDOUT_REDIRECT] 1 : Invalid condition id : UX_CORESTACK_Condition cause : null
2023-10-02 15:53:27,062 [INFO] LogOutputStream:77 - [STDOUT_REDIRECT] 1 : Invalid condition id : UX_CORESTACK_Condition cause : null
2023-10-02 15:53:27,063 [INFO] LogOutputStream:77 - [STDOUT_REDIRECT] 1 : Invalid condition id : UX_CORESTACK_Condition cause : null
2023-10-02 15:53:27,066 [WARN] PackLoader:240 - Cannot read IP mode file for STMicroelectronics.X-CUBE-AZRTOS-WL.2.0.0
2023-10-02 15:53:27,083 [INFO] WebApp:753 - Register for checkConnection events
2023-10-02 15:53:27,083 [INFO] WebApp:390 - Apply proxy settings
2023-10-02 15:53:27,083 [INFO] WebApp:475 - Chromium requires no authentication
2023-10-02 15:53:27,085 [WARN] PackLoader:240 - Cannot read IP mode file for WES.I-CUBE-Cesium.1.3.0
2023-10-02 15:53:27,095 [INFO] WebApp:418 - Direct internet connection detected
2023-10-02 15:53:27,099 [WARN] PackLoader:240 - Cannot read IP mode file for STMicroelectronics.X-CUBE-BLE2.3.3.0
2023-10-02 15:53:27,115 [WARN] PackLoader:240 - Cannot read IP mode file for STMicroelectronics.X-CUBE-TOUCHGFX.4.18.0
2023-10-02 15:53:27,182 [WARN] PackLoader:240 - Cannot read IP mode file for STMicroelectronics.X-CUBE-TOUCHGFX.4.21.1
2023-10-02 15:53:27,273 [WARN] PackLoader:240 - Cannot read IP mode file for STMicroelectronics.X-CUBE-TOUCHGFX.4.21.0
2023-10-02 15:53:27,373 [WARN] PackLoader:240 - Cannot read IP mode file for STMicroelectronics.X-CUBE-TOUCHGFX.4.21.4
2023-10-02 15:53:27,445 [WARN] PackLoader:240 - Cannot read IP mode file for STMicroelectronics.X-CUBE-ALGOBUILD.1.3.0
2023-10-02 15:53:27,464 [INFO] WebApp:188 - Starting web application
2023-10-02 15:53:27,464 [INFO] WebApp:520 - Web application path used C:\ST\STM32CubeIDE_1.12.0\STM32CubeIDE\plugins\com.st.stm32cube.common.mx_6.9.2.202309101412\db\plugins\mcufinder\reactClient1\index.html
2023-10-02 15:53:27,495 [WARN] PackLoader:240 - Cannot read IP mode file for STMicroelectronics.X-CUBE-AZRTOS-G0.1.1.0
2023-10-02 15:53:27,572 [WARN] PackLoader:240 - Cannot read IP mode file for STMicroelectronics.X-CUBE-NFC4.3.0.0
2023-10-02 15:53:27,596 [WARN] PackLoader:240 - Cannot read IP mode file for STMicroelectronics.FP-ATR-SIGFOX1.3.2.0
2023-10-02 15:53:27,718 [WARN] PackLoader:240 - Cannot read IP mode file for SEGGER.I-CUBE-embOS.1.3.1
2023-10-02 15:53:27,864 [WARN] PackLoader:240 - Cannot read IP mode file for STMicroelectronics.X-CUBE-GNSS1.6.0.0
2023-10-02 15:53:27,901 [WARN] PackLoader:240 - Cannot read IP mode file for STMicroelectronics.X-CUBE-AZRTOS-F4.1.1.0
2023-10-02 15:53:27,917 [WARN] PackLoader:240 - Cannot read IP mode file for wolfSSL.I-CUBE-wolfSSL.5.6.3
2023-10-02 15:53:27,953 [WARN] PackLoader:240 - Cannot read IP mode file for STMicroelectronics.X-CUBE-AZRTOS-L5.2.0.0
2023-10-02 15:53:28,024 [WARN] PackLoader:240 - Cannot read IP mode file for STMicroelectronics.X-CUBE-MEMS1.9.6.0
2023-10-02 15:53:28,231 [WARN] PackLoader:240 - Cannot read IP mode file for emotas.I-CUBE-CANOPEN.1.1.3
2023-10-02 15:53:28,284 [WARN] PackLoader:240 - Cannot read IP mode file for STMicroelectronics.X-CUBE-BLEMGR.2.0.0
2023-10-02 15:53:28,312 [WARN] ConditionMgr:438 - getConditionDescription Invalid condition id : UX DEVICE CLASS RTOS Condition cause : null
2023-10-02 15:53:28,312 [WARN] ConditionMgr:438 - getConditionDescription Invalid condition id : UX DEVICE CLASS RTOS Condition cause : null
2023-10-02 15:53:28,314 [WARN] PackLoader:240 - Cannot read IP mode file for STMicroelectronics.X-CUBE-AZRTOS-H7.3.1.0
2023-10-02 15:53:28,315 [WARN] ConditionMgr:1039 - genDependencies : Invalid condition id : UX DEVICE CLASS RTOS Condition cause : null
2023-10-02 15:53:28,315 [WARN] ConditionMgr:1039 - genDependencies : Invalid condition id : UX DEVICE CLASS RTOS Condition cause : null
2023-10-02 15:53:28,316 [WARN] ConditionMgr:1039 - genDependencies : Invalid condition id : UX DEVICE CLASS RTOS Condition cause : null
2023-10-02 15:53:28,316 [WARN] ConditionMgr:1039 - genDependencies : Invalid condition id : UX DEVICE CLASS RTOS Condition cause : null
2023-10-02 15:53:28,316 [WARN] ConditionMgr:1039 - genDependencies : Invalid condition id : UX DEVICE CLASS RTOS Condition cause : null
2023-10-02 15:53:28,331 [WARN] PackLoader:240 - Cannot read IP mode file for STMicroelectronics.X-CUBE-NFC7.1.0.1
2023-10-02 15:53:28,343 [WARN] PackLoader:240 - Cannot read IP mode file for STMicroelectronics.X-CUBE-NFC6.3.0.0
2023-10-02 15:53:28,358 [WARN] PackLoader:240 - Cannot read IP mode file for STMicroelectronics.X-CUBE-EEPRMA1.4.1.0
2023-10-02 15:53:28,371 [WARN] PackLoader:240 - Cannot read IP mode file for STMicroelectronics.X-CUBE-AI.8.1.0
2023-10-02 15:53:28,398 [WARN] ConditionMgr:438 - getConditionDescription Invalid condition id : LAN8742 Phy interface Condition cause : null
2023-10-02 15:53:28,399 [WARN] PackLoader:240 - Cannot read IP mode file for STMicroelectronics.X-CUBE-AZRTOS-L4.2.0.0
2023-10-02 15:53:28,400 [WARN] ConditionMgr:1039 - genDependencies : Invalid condition id : LAN8742 Phy interface Condition cause : null
2023-10-02 15:53:28,400 [WARN] ConditionMgr:1039 - genDependencies : Invalid condition id : LAN8742 Phy interface Condition cause : null
2023-10-02 15:53:28,401 [WARN] ConditionMgr:1039 - genDependencies : Invalid condition id : LAN8742 Phy interface Condition cause : null
2023-10-02 15:53:28,418 [WARN] PackLoader:240 - Cannot read IP mode file for STMicroelectronics.X-CUBE-SFXS2LP1.4.0.0
2023-10-02 15:53:28,428 [WARN] PackLoader:240 - Cannot read IP mode file for STMicroelectronics.X-CUBE-ISPU.1.1.0
2023-10-02 15:53:28,464 [WARN] ConditionMgr:438 - getConditionDescription Invalid condition id : UX DEVICE CLASS RTOS Condition cause : null
2023-10-02 15:53:28,465 [WARN] ConditionMgr:438 - getConditionDescription Invalid condition id : UX DEVICE CLASS RTOS Condition cause : null
2023-10-02 15:53:28,468 [WARN] PackLoader:240 - Cannot read IP mode file for STMicroelectronics.X-CUBE-AZRTOS-WB.2.0.0
2023-10-02 15:53:28,468 [WARN] ConditionMgr:1039 - genDependencies : Invalid condition id : UX DEVICE CLASS RTOS Condition cause : null
2023-10-02 15:53:28,468 [WARN] ConditionMgr:1039 - genDependencies : Invalid condition id : UX DEVICE CLASS RTOS Condition cause : null
2023-10-02 15:53:28,469 [WARN] ConditionMgr:1039 - genDependencies : Invalid condition id : UX DEVICE CLASS RTOS Condition cause : null
2023-10-02 15:53:28,469 [WARN] ConditionMgr:1039 - genDependencies : Invalid condition id : UX DEVICE CLASS RTOS Condition cause : null
2023-10-02 15:53:28,469 [WARN] ConditionMgr:1039 - genDependencies : Invalid condition id : UX DEVICE CLASS RTOS Condition cause : null
2023-10-02 15:53:28,484 [WARN] PackLoader:240 - Cannot read IP mode file for STMicroelectronics.X-CUBE-FREERTOS.1.0.1
2023-10-02 15:53:28,510 [WARN] PackLoader:240 - Cannot read IP mode file for STMicroelectronics.X-CUBE-AZRTOS-L5.1.1.0
2023-10-02 15:53:28,524 [WARN] PackLoader:240 - Cannot read IP mode file for STMicroelectronics.X-CUBE-AI.8.0.1
2023-10-02 15:53:28,544 [WARN] PackLoader:240 - Cannot read IP mode file for STMicroelectronics.X-CUBE-SUBG2.5.0.0
2023-10-02 15:53:28,571 [WARN] PackLoader:240 - Cannot read IP mode file for STMicroelectronics.X-CUBE-TOF1.3.3.1
2023-10-02 15:53:28,680 [WARN] PackLoader:240 - Cannot read IP mode file for STMicroelectronics.X-CUBE-AZRTOS-G4.2.0.0
2023-10-02 15:53:28,699 [WARN] PackLoader:240 - Cannot read IP mode file for STMicroelectronics.X-CUBE-TOF1.3.3.0
2023-10-02 15:53:28,778 [WARN] PackLoader:240 - Cannot read IP mode file for STMicroelectronics.X-CUBE-FREERTOS.1.1.0
2023-10-02 15:53:28,791 [WARN] PackLoader:240 - Cannot read IP mode file for portGmbH.I-Cube-SoM-uGOAL.1.1.0
2023-10-02 15:53:28,805 [WARN] PackLoader:240 - Cannot read IP mode file for STMicroelectronics.X-CUBE-ALS.1.0.1
2023-10-02 15:53:28,832 [WARN] PackLoader:240 - Cannot read IP mode file for STMicroelectronics.X-CUBE-AZRTOS-WB.1.1.0
2023-10-02 15:53:28,846 [WARN] PackLoader:240 - Cannot read IP mode file for STMicroelectronics.FP-ATR-ASTRA1.2.0.0
2023-10-02 15:53:28,847 [INFO] ThirdParty:978 - Integrity check success = true
2023-10-02 15:53:28,847 [INFO] IntegrityCheckThread:100 - exiting critical section [integrity check]
2023-10-02 15:53:28,847 [INFO] IntegrityCheckThread:103 - End integrity checks thread
2023-10-02 15:53:36,509 [ERROR] LogOutputStream:75 - [STDERR_REDIRECT] SLF4J: Failed to load class "org.slf4j.impl.StaticLoggerBinder".
2023-10-02 15:53:36,509 [ERROR] LogOutputStream:75 - [STDERR_REDIRECT] SLF4J: Defaulting to no-operation (NOP) logger implementation
2023-10-02 15:53:36,510 [ERROR] LogOutputStream:75 - [STDERR_REDIRECT] SLF4J: See http://www.slf4j.org/codes.html#StaticLoggerBinder for further details.
