2024-03-09 09:02:03,855 [INFO] Activator:176 - 


2024-03-09 09:02:03,862 [INFO] Activator:177 - !SESSION log4j initialized
2024-03-09 09:02:15,446 [INFO] LogOutputStream:77 - [STDOUT_REDIRECT] 
2024-03-09 09:02:16,497 [ERROR] LogOutputStream:75 - [STDERR_REDIRECT] ??.?. 09, 2024 9:02:16 ??????? org.glassfish.grizzly.http.server.NetworkListener start
2024-03-09 09:02:16,512 [ERROR] LogOutputStream:75 - [STDERR_REDIRECT] INFO: Started listener bound to [localhost:1594]
2024-03-09 09:02:16,513 [ERROR] LogOutputStream:75 - [STDERR_REDIRECT] 
2024-03-09 09:02:16,516 [ERROR] LogOutputStream:75 - [STDERR_REDIRECT] ??.?. 09, 2024 9:02:16 ??????? org.glassfish.grizzly.http.server.HttpServer start
2024-03-09 09:02:16,519 [ERROR] LogOutputStream:75 - [STDERR_REDIRECT] INFO: [HttpServer] Started.
2024-03-09 09:02:16,521 [ERROR] LogOutputStream:75 - [STDERR_REDIRECT] 
2024-03-09 09:02:16,713 [INFO] ApplicationProperties:184 - Using Application install path: C:\ST\STM32CubeIDE_1.12.0\STM32CubeIDE\plugins\com.st.stm32cube.common.mx_6.10.0.202311202037
2024-03-09 09:02:16,754 [INFO] DbMcusXml:78 - Set database path to: C:\ST\STM32CubeIDE_1.12.0\STM32CubeIDE\plugins\com.st.stm32cube.common.mx_6.10.0.202311202037\\db\/mcu/
2024-03-09 09:02:16,754 [INFO] ApiDb:274 - Set plugin database path to: C:\ST\STM32CubeIDE_1.12.0\STM32CubeIDE\plugins\com.st.stm32cube.common.mx_6.10.0.202311202037\\db\/plugins/boardmanager/
2024-03-09 09:02:16,754 [WARN] ApiDb:259 - Overriding images path with different value:  => C:\ST\STM32CubeIDE_1.12.0\STM32CubeIDE\plugins\com.st.stm32cube.common.mx_6.10.0.202311202037\\db\/plugins/mcufinder/images/
2024-03-09 09:02:16,779 [INFO] ApiDb:250 - Set database path to: C:\Users\user\.stmcufinder\plugins\mcufinder//mcu/
2024-03-09 09:02:16,781 [INFO] DbMcusAds:125 - Set database path to: C:\Users\user\.stmcufinder\plugins\mcufinder//mcu/
2024-03-09 09:02:16,785 [INFO] CrossReferenceDbSqlite:203 - Set database path to: C:\Users\user\.stmcufinder\plugins\mcufinder//mcu/cs/
2024-03-09 09:02:17,005 [INFO] RulesReader:64 - Compatibility file has been processed (297 Rules)
2024-03-09 09:02:17,158 [INFO] DbMcusXml:78 - Set database path to: C:\ST\STM32CubeIDE_1.12.0\STM32CubeIDE\plugins\com.st.stm32cube.common.mx_6.10.0.202311202037\\db\/mcu/
2024-03-09 09:02:17,158 [INFO] ApiDb:274 - Set plugin database path to: C:\ST\STM32CubeIDE_1.12.0\STM32CubeIDE\plugins\com.st.stm32cube.common.mx_6.10.0.202311202037\\db\/plugins/boardmanager/
2024-03-09 09:02:17,158 [INFO] ApiDb:261 - Set plugin images path to: C:\ST\STM32CubeIDE_1.12.0\STM32CubeIDE\plugins\com.st.stm32cube.common.mx_6.10.0.202311202037\\db\/plugins/mcufinder/images/
2024-03-09 09:02:17,159 [WARN] DbFile:41 - Overriding database path with different value: C:\Users\user\.stmcufinder\plugins\mcufinder/ => C:\Users\user\.stmcufinder\plugins\mcufinder
2024-03-09 09:02:17,159 [INFO] ApiDb:250 - Set database path to: C:\Users\user\.stmcufinder\plugins\mcufinder//mcu/
2024-03-09 09:02:17,159 [WARN] DbFile:41 - Overriding database path with different value: C:\Users\user\.stmcufinder\plugins\mcufinder/ => C:\Users\user\.stmcufinder\plugins\mcufinder
2024-03-09 09:02:17,159 [INFO] DbMcusAds:125 - Set database path to: C:\Users\user\.stmcufinder\plugins\mcufinder//mcu/
2024-03-09 09:02:17,159 [WARN] DbFile:41 - Overriding database path with different value: C:\Users\user\.stmcufinder\plugins\mcufinder/ => C:\Users\user\.stmcufinder\plugins\mcufinder
2024-03-09 09:02:17,159 [WARN] DbFile:41 - Overriding database path with different value: C:\Users\user\.stmcufinder\plugins\mcufinder/ => C:\Users\user\.stmcufinder\plugins\mcufinder
2024-03-09 09:02:17,159 [INFO] CrossReferenceDbSqlite:203 - Set database path to: C:\Users\user\.stmcufinder\plugins\mcufinder//mcu/cs/
2024-03-09 09:02:17,319 [INFO] MainPanel:264 - HeapMemory: 268435456
2024-03-09 09:02:17,526 [INFO] DbMcusXml:78 - Set database path to: C:\ST\STM32CubeIDE_1.12.0\STM32CubeIDE\plugins\com.st.stm32cube.common.mx_6.10.0.202311202037\\db\/mcu/
2024-03-09 09:02:17,526 [INFO] ApiDb:274 - Set plugin database path to: C:\ST\STM32CubeIDE_1.12.0\STM32CubeIDE\plugins\com.st.stm32cube.common.mx_6.10.0.202311202037\\db\/plugins/boardmanager/
2024-03-09 09:02:17,528 [INFO] ApiDb:261 - Set plugin images path to: C:\ST\STM32CubeIDE_1.12.0\STM32CubeIDE\plugins\com.st.stm32cube.common.mx_6.10.0.202311202037\\db\/plugins/mcufinder/images/
2024-03-09 09:02:17,529 [WARN] DbFile:41 - Overriding database path with different value: C:\Users\user\.stmcufinder\plugins\mcufinder/ => C:\Users\user\.stmcufinder\plugins\mcufinder
2024-03-09 09:02:17,529 [INFO] ApiDb:250 - Set database path to: C:\Users\user\.stmcufinder\plugins\mcufinder//mcu/
2024-03-09 09:02:17,529 [WARN] DbFile:41 - Overriding database path with different value: C:\Users\user\.stmcufinder\plugins\mcufinder/ => C:\Users\user\.stmcufinder\plugins\mcufinder
2024-03-09 09:02:17,529 [INFO] DbMcusAds:125 - Set database path to: C:\Users\user\.stmcufinder\plugins\mcufinder//mcu/
2024-03-09 09:02:17,530 [WARN] DbFile:41 - Overriding database path with different value: C:\Users\user\.stmcufinder\plugins\mcufinder/ => C:\Users\user\.stmcufinder\plugins\mcufinder
2024-03-09 09:02:17,530 [WARN] DbFile:41 - Overriding database path with different value: C:\Users\user\.stmcufinder\plugins\mcufinder/ => C:\Users\user\.stmcufinder\plugins\mcufinder
2024-03-09 09:02:17,530 [INFO] CrossReferenceDbSqlite:203 - Set database path to: C:\Users\user\.stmcufinder\plugins\mcufinder//mcu/cs/
2024-03-09 09:02:17,571 [INFO] ApplicationProperties:184 - Using Application install path: C:\ST\STM32CubeIDE_1.12.0\STM32CubeIDE\plugins\com.st.stm32cube.common.mx_6.10.0.202311202037
2024-03-09 09:02:17,573 [INFO] PluginManage:196 - Search for loadable plugins [exclusion list=, ]
2024-03-09 09:02:17,574 [INFO] PluginManage:310 - Check plugin analytics
2024-03-09 09:02:17,905 [INFO] AnalyticsPlugin:253 - Accepted Software Licenses: 
2024-03-09 09:02:17,905 [INFO] AnalyticsPlugin:255 - Accepted CMSIS Pack Licenses: 
2024-03-09 09:02:17,905 [INFO] AnalyticsPlugin:257 - Accepted Firmware Licenses: 
2024-03-09 09:02:17,909 [INFO] PluginManage:359 - Loaded plugin analytics (category:tool,tabindex:-1)
2024-03-09 09:02:17,912 [INFO] PluginManage:310 - Check plugin cadmodel
2024-03-09 09:02:17,926 [INFO] CADModel:105 - Init CAD model plugin
2024-03-09 09:02:17,926 [INFO] PluginManage:359 - Loaded plugin cadmodel (category:power,tabindex:5)
2024-03-09 09:02:17,929 [INFO] PluginManage:310 - Check plugin clock
2024-03-09 09:02:17,955 [INFO] PluginManage:359 - Loaded plugin clock (category:base,tabindex:2)
2024-03-09 09:02:17,955 [INFO] PluginManage:310 - Check plugin ddr
2024-03-09 09:02:17,960 [INFO] PluginManage:359 - Loaded plugin ddr (category:tool,tabindex:6)
2024-03-09 09:02:17,960 [INFO] PluginManage:310 - Check plugin filemanager
2024-03-09 09:02:18,215 [INFO] PluginManage:359 - Loaded plugin filemanager (category:base,tabindex:10)
2024-03-09 09:02:18,216 [INFO] PluginManage:310 - Check plugin ipmanager
2024-03-09 09:02:18,229 [INFO] PluginManage:359 - Loaded plugin ipmanager (category:base,tabindex:5)
2024-03-09 09:02:18,229 [INFO] PluginManage:310 - Check plugin lpbam
2024-03-09 09:02:18,245 [INFO] PluginManage:359 - Loaded plugin lpbam (category:base,tabindex:0)
2024-03-09 09:02:18,245 [INFO] PluginManage:310 - Check plugin memorymap
2024-03-09 09:02:18,273 [INFO] PluginManage:359 - Loaded plugin memorymap (category:base,tabindex:4)
2024-03-09 09:02:18,273 [INFO] PluginManage:310 - Check plugin pinoutandconfiguration
2024-03-09 09:02:18,305 [INFO] PluginManage:359 - Loaded plugin pinoutandconfiguration (category:base,tabindex:1)
2024-03-09 09:02:18,305 [INFO] PluginManage:310 - Check plugin pinoutconfig
2024-03-09 09:02:18,497 [WARN] SupportedApi:132 - Cannot load RTOS API schema: s4s-elt-must-match.1: The content of 'definitions' must match (annotation?, (simpleType | complexType)?, (unique | key | keyref)*)). A problem was found starting at: attribute.
2024-03-09 09:02:18,792 [INFO] PluginManage:359 - Loaded plugin pinoutconfig (category:base,tabindex:0)
2024-03-09 09:02:18,794 [INFO] PluginManage:310 - Check plugin power
2024-03-09 09:02:18,813 [INFO] PluginManage:359 - Loaded plugin power (category:power,tabindex:4)
2024-03-09 09:02:18,813 [INFO] PluginManage:310 - Check plugin projectmanager
2024-03-09 09:02:18,842 [INFO] PluginManage:359 - Loaded plugin projectmanager (category:projectmanager,tabindex:3)
2024-03-09 09:02:18,842 [INFO] PluginManage:310 - Check plugin thirdparty
2024-03-09 09:02:19,151 [INFO] PluginManage:359 - Loaded plugin thirdparty (category:base,tabindex:-1)
2024-03-09 09:02:19,151 [WARN] IntegrityCheckThread:84 - waiting for thirdparty lock release [integrity check]
2024-03-09 09:02:19,151 [INFO] PluginManage:310 - Check plugin tools
2024-03-09 09:02:19,151 [INFO] IntegrityCheckThread:86 - entering critical section [integrity check]
2024-03-09 09:02:19,151 [INFO] ThirdPartyUpdaterWithRetryManager:70 - Updater plugin not ready yet. [1/15]
2024-03-09 09:02:19,156 [INFO] PluginManage:359 - Loaded plugin tools (category:base,tabindex:7)
2024-03-09 09:02:19,156 [INFO] PluginManage:310 - Check plugin tutovideos
2024-03-09 09:02:19,603 [INFO] PluginManage:359 - Loaded plugin tutovideos (category:base,tabindex:-1)
2024-03-09 09:02:19,604 [INFO] PluginManage:310 - Check plugin updater
2024-03-09 09:02:19,635 [INFO] PluginManage:359 - Loaded plugin updater (category:base,tabindex:12)
2024-03-09 09:02:19,635 [INFO] PluginManage:310 - Check plugin userauth
2024-03-09 09:02:19,647 [INFO] UserAuth:114 - Init User Auth plugin
2024-03-09 09:02:19,647 [INFO] PluginManage:359 - Loaded plugin userauth (category:base,tabindex:14)
2024-03-09 09:02:19,648 [INFO] PluginManage:283 - PluginManage : Loaded plugins [17]
2024-03-09 09:02:20,242 [INFO] PinOutPanel:1499 - setPackage(No Configuration,No Configuration)
2024-03-09 09:02:20,642 [INFO] CADModel:165 - CPN selected for project level
2024-03-09 09:02:20,643 [INFO] CADModel:114 - Register for checkConnection events
2024-03-09 09:02:20,672 [INFO] IPUIPlugin:80 - create IPUIPlugin
2024-03-09 09:02:20,672 [INFO] PluginManager:220 - loadIPPluginJar : add adc
2024-03-09 09:02:20,676 [INFO] IPUIPlugin:80 - create IPUIPlugin
2024-03-09 09:02:20,676 [INFO] PluginManager:220 - loadIPPluginJar : add aes
2024-03-09 09:02:20,681 [INFO] IPUIPlugin:80 - create IPUIPlugin
2024-03-09 09:02:20,681 [INFO] PluginManager:220 - loadIPPluginJar : add can
2024-03-09 09:02:20,684 [INFO] IPUIPlugin:80 - create IPUIPlugin
2024-03-09 09:02:20,684 [INFO] PluginManager:220 - loadIPPluginJar : add comp
2024-03-09 09:02:20,690 [INFO] IPUIPlugin:80 - create IPUIPlugin
2024-03-09 09:02:20,690 [INFO] PluginManager:220 - loadIPPluginJar : add cryp
2024-03-09 09:02:20,695 [INFO] IPUIPlugin:80 - create IPUIPlugin
2024-03-09 09:02:20,695 [INFO] PluginManager:220 - loadIPPluginJar : add dfsdm
2024-03-09 09:02:20,705 [INFO] IPUIPlugin:80 - create IPUIPlugin
2024-03-09 09:02:20,706 [INFO] PluginManager:220 - loadIPPluginJar : add dma
2024-03-09 09:02:20,711 [INFO] IPUIPlugin:80 - create IPUIPlugin
2024-03-09 09:02:20,712 [INFO] PluginManager:220 - loadIPPluginJar : add dma3
2024-03-09 09:02:20,715 [INFO] IPUIPlugin:80 - create IPUIPlugin
2024-03-09 09:02:20,715 [INFO] PluginManager:220 - loadIPPluginJar : add fatfs
2024-03-09 09:02:20,722 [INFO] IPUIPlugin:80 - create IPUIPlugin
2024-03-09 09:02:20,722 [INFO] PluginManager:220 - loadIPPluginJar : add fmc
2024-03-09 09:02:20,732 [INFO] IPUIPlugin:80 - create IPUIPlugin
2024-03-09 09:02:20,732 [INFO] PluginManager:220 - loadIPPluginJar : add freertos
2024-03-09 09:02:20,735 [INFO] IPUIPlugin:80 - create IPUIPlugin
2024-03-09 09:02:20,735 [INFO] PluginManager:220 - loadIPPluginJar : add genericplugin
2024-03-09 09:02:20,740 [INFO] IPUIPlugin:80 - create IPUIPlugin
2024-03-09 09:02:20,740 [INFO] PluginManager:220 - loadIPPluginJar : add gfxmmu
2024-03-09 09:02:20,752 [INFO] IPUIPlugin:80 - create IPUIPlugin
2024-03-09 09:02:20,752 [INFO] PluginManager:220 - loadIPPluginJar : add gic
2024-03-09 09:02:20,761 [INFO] IPUIPlugin:80 - create IPUIPlugin
2024-03-09 09:02:20,762 [INFO] PluginManager:220 - loadIPPluginJar : add gpio
2024-03-09 09:02:20,767 [INFO] IPUIPlugin:80 - create IPUIPlugin
2024-03-09 09:02:20,767 [INFO] PluginManager:220 - loadIPPluginJar : add gtzc
2024-03-09 09:02:20,773 [INFO] IPUIPlugin:80 - create IPUIPlugin
2024-03-09 09:02:20,773 [INFO] PluginManager:220 - loadIPPluginJar : add hash
2024-03-09 09:02:20,778 [INFO] IPUIPlugin:80 - create IPUIPlugin
2024-03-09 09:02:20,779 [INFO] PluginManager:220 - loadIPPluginJar : add i2c
2024-03-09 09:02:20,782 [INFO] IPUIPlugin:80 - create IPUIPlugin
2024-03-09 09:02:20,782 [INFO] PluginManager:220 - loadIPPluginJar : add i2s
2024-03-09 09:02:20,788 [INFO] IPUIPlugin:80 - create IPUIPlugin
2024-03-09 09:02:20,788 [INFO] PluginManager:220 - loadIPPluginJar : add i3c
2024-03-09 09:02:20,797 [INFO] IPUIPlugin:80 - create IPUIPlugin
2024-03-09 09:02:20,797 [INFO] PluginManager:220 - loadIPPluginJar : add ipddr
2024-03-09 09:02:20,808 [INFO] IPUIPlugin:80 - create IPUIPlugin
2024-03-09 09:02:20,808 [INFO] PluginManager:220 - loadIPPluginJar : add linkedlist
2024-03-09 09:02:20,814 [INFO] IPUIPlugin:80 - create IPUIPlugin
2024-03-09 09:02:20,814 [INFO] PluginManager:220 - loadIPPluginJar : add lorawan
2024-03-09 09:02:20,816 [INFO] IPUIPlugin:80 - create IPUIPlugin
2024-03-09 09:02:20,816 [INFO] PluginManager:220 - loadIPPluginJar : add ltdc
2024-03-09 09:02:20,824 [INFO] IPUIPlugin:80 - create IPUIPlugin
2024-03-09 09:02:20,824 [INFO] PluginManager:220 - loadIPPluginJar : add mdma
2024-03-09 09:02:20,833 [INFO] IPUIPlugin:80 - create IPUIPlugin
2024-03-09 09:02:20,834 [INFO] PluginManager:220 - loadIPPluginJar : add nvic
2024-03-09 09:02:20,840 [INFO] IPUIPlugin:80 - create IPUIPlugin
2024-03-09 09:02:20,840 [INFO] PluginManager:220 - loadIPPluginJar : add opamp
2024-03-09 09:02:20,845 [INFO] IPUIPlugin:80 - create IPUIPlugin
2024-03-09 09:02:20,845 [INFO] PluginManager:220 - loadIPPluginJar : add openamp
2024-03-09 09:02:20,850 [INFO] IPUIPlugin:80 - create IPUIPlugin
2024-03-09 09:02:20,850 [INFO] PluginManager:220 - loadIPPluginJar : add pdm2pcm
2024-03-09 09:02:20,863 [INFO] IPUIPlugin:80 - create IPUIPlugin
2024-03-09 09:02:20,869 [INFO] PluginManager:220 - loadIPPluginJar : add plateformsettings
2024-03-09 09:02:20,872 [INFO] IPUIPlugin:80 - create IPUIPlugin
2024-03-09 09:02:20,872 [INFO] PluginManager:220 - loadIPPluginJar : add quadspi
2024-03-09 09:02:20,881 [INFO] IPUIPlugin:80 - create IPUIPlugin
2024-03-09 09:02:20,881 [INFO] PluginManager:220 - loadIPPluginJar : add resmgrutility
2024-03-09 09:02:20,884 [INFO] IPUIPlugin:80 - create IPUIPlugin
2024-03-09 09:02:20,885 [INFO] PluginManager:220 - loadIPPluginJar : add sai
2024-03-09 09:02:20,890 [INFO] IPUIPlugin:80 - create IPUIPlugin
2024-03-09 09:02:20,890 [INFO] PluginManager:220 - loadIPPluginJar : add spi
2024-03-09 09:02:20,901 [INFO] IPUIPlugin:80 - create IPUIPlugin
2024-03-09 09:02:20,901 [INFO] PluginManager:220 - loadIPPluginJar : add stm32_wpan
2024-03-09 09:02:20,904 [INFO] IPUIPlugin:80 - create IPUIPlugin
2024-03-09 09:02:20,904 [INFO] PluginManager:220 - loadIPPluginJar : add tim
2024-03-09 09:02:20,909 [INFO] IPUIPlugin:80 - create IPUIPlugin
2024-03-09 09:02:20,909 [INFO] PluginManager:220 - loadIPPluginJar : add touchsensing
2024-03-09 09:02:20,914 [INFO] IPUIPlugin:80 - create IPUIPlugin
2024-03-09 09:02:20,914 [INFO] PluginManager:220 - loadIPPluginJar : add tracer_emb
2024-03-09 09:02:20,916 [INFO] IPUIPlugin:80 - create IPUIPlugin
2024-03-09 09:02:20,917 [INFO] PluginManager:220 - loadIPPluginJar : add ts
2024-03-09 09:02:20,921 [INFO] IPUIPlugin:80 - create IPUIPlugin
2024-03-09 09:02:20,921 [INFO] PluginManager:220 - loadIPPluginJar : add tsc
2024-03-09 09:02:20,926 [INFO] IPUIPlugin:80 - create IPUIPlugin
2024-03-09 09:02:20,926 [INFO] PluginManager:220 - loadIPPluginJar : add ucpd
2024-03-09 09:02:20,931 [INFO] IPUIPlugin:80 - create IPUIPlugin
2024-03-09 09:02:20,931 [INFO] PluginManager:220 - loadIPPluginJar : add usart
2024-03-09 09:02:20,937 [INFO] IPUIPlugin:80 - create IPUIPlugin
2024-03-09 09:02:20,937 [INFO] PluginManager:220 - loadIPPluginJar : add usbx
2024-03-09 09:02:21,123 [INFO] CADModel:165 - CPN selected for project level
2024-03-09 09:02:21,123 [INFO] CADModel:114 - Register for checkConnection events
2024-03-09 09:02:21,125 [FATAL] Updater:308 - Updater called before beeing initialized
2024-03-09 09:02:21,125 [ERROR] CADModel:125 - Updater not yet initialized, retry later 
2024-03-09 09:02:21,381 [INFO] CADModel:165 - CPN selected for project level
2024-03-09 09:02:21,381 [INFO] CADModel:114 - Register for checkConnection events
2024-03-09 09:02:21,382 [FATAL] Updater:308 - Updater called before beeing initialized
2024-03-09 09:02:21,382 [ERROR] CADModel:125 - Updater not yet initialized, retry later 
2024-03-09 09:02:21,388 [FATAL] Updater:308 - Updater called before beeing initialized
2024-03-09 09:02:21,585 [FATAL] Updater:308 - Updater called before beeing initialized
2024-03-09 09:02:21,592 [INFO] DbMcusAds:53 - JSON generation date=Wed Nov 29 17:52:27 ICT 2023 (1701255147349)
2024-03-09 09:02:21,593 [FATAL] Updater:308 - Updater called before beeing initialized
2024-03-09 09:02:21,658 [WARN] DetailPanel:346 - Failed to get advertising image, set to default
2024-03-09 09:02:21,801 [FATAL] Updater:308 - Updater called before beeing initialized
2024-03-09 09:02:21,804 [FATAL] Updater:308 - Updater called before beeing initialized
2024-03-09 09:02:21,804 [FATAL] Updater:308 - Updater called before beeing initialized
2024-03-09 09:02:21,804 [WARN] DetailPanel:346 - Failed to get advertising image, set to default
2024-03-09 09:02:21,806 [FATAL] Updater:308 - Updater called before beeing initialized
2024-03-09 09:02:21,888 [ERROR] Updater:1120 - MainUpdater not yet initialized. External WinMGr cannot be set.
2024-03-09 09:02:21,891 [INFO] Updater:1056 - Updater Version found : 6.10.0
2024-03-09 09:02:21,924 [INFO] ApplicationProperties:184 - Using Application install path: C:\ST\STM32CubeIDE_1.12.0\STM32CubeIDE\plugins\com.st.stm32cube.common.mx_6.10.0.202311202037
2024-03-09 09:02:22,152 [INFO] ThirdPartyUpdaterWithRetryManager:70 - Updater plugin not ready yet. [2/15]
2024-03-09 09:02:22,548 [INFO] MainUpdater:2873 - connection check result : 10
2024-03-09 09:02:22,550 [INFO] MainUpdater:290 - Updater Check For Update Now.
2024-03-09 09:02:22,550 [INFO] MicroXplorer:498 - Change Database Version : DB.6.0.100
2024-03-09 09:02:22,558 [INFO] McuFinderGlobals:63 - Set McuFinder mode to 2 (CubeIDE integrated)
2024-03-09 09:02:22,558 [INFO] UserAuth:180 - activating auth plugin
2024-03-09 09:02:22,563 [INFO] UserAuth:404 - Internet connection configuration mode: 1
2024-03-09 09:02:22,591 [INFO] JxBrowserEngine:152 - Initiate JxBrowser Engine with user profile folder
2024-03-09 09:02:22,826 [INFO] CheckServerUpdateThread:120 - End of CheckServer Thread
2024-03-09 09:02:24,123 [INFO] WebApp:161 - Instantiating new browser for Auth
2024-03-09 09:02:25,791 [WARN] PackLoader:240 - Cannot read IP mode file for STMicroelectronics.X-CUBE-SMBUS.2.1.0
2024-03-09 09:02:25,818 [WARN] PackLoader:240 - Cannot read IP mode file for STMicroelectronics.X-CUBE-TOUCHGFX.4.23.0
2024-03-09 09:02:26,437 [WARN] PackLoader:240 - Cannot read IP mode file for STMicroelectronics.X-CUBE-AZRTOS-F7.1.1.0
2024-03-09 09:02:26,454 [WARN] PackLoader:240 - Cannot read IP mode file for STMicroelectronics.FP-SNS-MOTENV1.4.3.2
2024-03-09 09:02:26,465 [WARN] PackLoader:240 - Cannot read IP mode file for STMicroelectronics.FP-SNS-FLIGHT1.5.0.2
2024-03-09 09:02:26,487 [WARN] PackLoader:240 - Cannot read IP mode file for STMicroelectronics.X-CUBE-DISPLAY.3.0.0
2024-03-09 09:02:26,501 [INFO] WebApp:780 - Register for checkConnection events
2024-03-09 09:02:26,501 [INFO] WebApp:414 - Apply proxy settings
2024-03-09 09:02:26,504 [INFO] WebApp:499 - Chromium requires no authentication
2024-03-09 09:02:26,517 [WARN] PackLoader:240 - Cannot read IP mode file for STMicroelectronics.X-CUBE-BLE1.7.0.0
2024-03-09 09:02:26,526 [INFO] WebApp:442 - Direct internet connection detected
2024-03-09 09:02:26,542 [WARN] PackLoader:240 - Cannot read IP mode file for emotas.I-CUBE-CANOPEN.1.3.0
2024-03-09 09:02:26,629 [WARN] PackLoader:240 - Cannot read IP mode file for STMicroelectronics.X-CUBE-TOUCHGFX.4.22.0
2024-03-09 09:02:26,702 [WARN] PackLoader:240 - Cannot read IP mode file for STMicroelectronics.X-CUBE-TOUCHGFX.4.22.1
2024-03-09 09:02:26,805 [WARN] PackLoader:240 - Cannot read IP mode file for STMicroelectronics.X-CUBE-BLEMGR.3.1.0
2024-03-09 09:02:26,823 [WARN] PackLoader:240 - Cannot read IP mode file for STMicroelectronics.FP-SNS-SMARTAG2.1.2.0
2024-03-09 09:02:26,846 [INFO] LogOutputStream:77 - [STDOUT_REDIRECT] 1 : Invalid condition id : UX_CORESTACK_Condition cause : null
2024-03-09 09:02:26,855 [INFO] LogOutputStream:77 - [STDOUT_REDIRECT] 1 : Invalid condition id : UX_CORESTACK_Condition cause : null
2024-03-09 09:02:26,858 [INFO] LogOutputStream:77 - [STDOUT_REDIRECT] 1 : Invalid condition id : UX_CORESTACK_Condition cause : null
2024-03-09 09:02:26,859 [INFO] LogOutputStream:77 - [STDOUT_REDIRECT] 1 : Invalid condition id : UX_CORESTACK_Condition cause : null
2024-03-09 09:02:26,863 [INFO] LogOutputStream:77 - [STDOUT_REDIRECT] 1 : Invalid condition id : UX_CORESTACK_Condition cause : null
2024-03-09 09:02:26,867 [WARN] PackLoader:240 - Cannot read IP mode file for STMicroelectronics.X-CUBE-AZRTOS-WL.2.0.0
2024-03-09 09:02:26,882 [WARN] PackLoader:240 - Cannot read IP mode file for WES.I-CUBE-Cesium.1.3.0
2024-03-09 09:02:26,891 [WARN] PackLoader:240 - Cannot read IP mode file for STMicroelectronics.X-CUBE-BLE2.3.3.0
2024-03-09 09:02:26,902 [WARN] PackLoader:240 - Cannot read IP mode file for STMicroelectronics.X-CUBE-TOUCHGFX.4.18.0
2024-03-09 09:02:26,948 [WARN] PackLoader:240 - Cannot read IP mode file for STMicroelectronics.X-CUBE-TOUCHGFX.4.21.1
2024-03-09 09:02:27,000 [WARN] PackLoader:240 - Cannot read IP mode file for STMicroelectronics.X-CUBE-TOUCHGFX.4.21.0
2024-03-09 09:02:27,125 [WARN] PackLoader:240 - Cannot read IP mode file for STMicroelectronics.X-CUBE-TOUCHGFX.4.21.4
2024-03-09 09:02:27,191 [INFO] WebApp:192 - Starting web application
2024-03-09 09:02:27,191 [INFO] WebApp:544 - Web application path used C:\ST\STM32CubeIDE_1.12.0\STM32CubeIDE\plugins\com.st.stm32cube.common.mx_6.10.0.202311202037\db\plugins\mcufinder\reactClient1\index.html
2024-03-09 09:02:27,216 [WARN] PackLoader:240 - Cannot read IP mode file for STMicroelectronics.X-CUBE-ALGOBUILD.1.3.0
2024-03-09 09:02:27,367 [WARN] PackLoader:240 - Cannot read IP mode file for STMicroelectronics.X-CUBE-AZRTOS-G0.1.1.0
2024-03-09 09:02:27,380 [WARN] PackLoader:240 - Cannot read IP mode file for STMicroelectronics.X-CUBE-NFC4.3.0.0
2024-03-09 09:02:27,401 [WARN] PackLoader:240 - Cannot read IP mode file for STMicroelectronics.X-CUBE-BLEMGR.3.0.0
2024-03-09 09:02:27,434 [WARN] PackLoader:240 - Cannot read IP mode file for STMicroelectronics.FP-ATR-SIGFOX1.3.2.0
2024-03-09 09:02:27,442 [WARN] PackLoader:240 - Cannot read IP mode file for STMicroelectronics.X-CUBE-EEPRMA1.5.1.0
2024-03-09 09:02:28,005 [WARN] PackLoader:240 - Cannot read IP mode file for SEGGER.I-CUBE-embOS.1.3.1
2024-03-09 09:02:28,631 [WARN] PackLoader:240 - Cannot read IP mode file for STMicroelectronics.X-CUBE-GNSS1.6.0.0
2024-03-09 09:02:28,675 [WARN] PackLoader:240 - Cannot read IP mode file for STMicroelectronics.X-CUBE-AZRTOS-F4.1.1.0
2024-03-09 09:02:28,692 [WARN] PackLoader:240 - Cannot read IP mode file for wolfSSL.I-CUBE-wolfSSL.5.6.6
2024-03-09 09:02:28,736 [WARN] PackLoader:240 - Cannot read IP mode file for STMicroelectronics.X-CUBE-AZRTOS-L5.2.0.0
2024-03-09 09:02:28,750 [WARN] PackLoader:240 - Cannot read IP mode file for STMicroelectronics.X-CUBE-EEPRMA1.4.2.0
2024-03-09 09:02:28,759 [WARN] PackLoader:240 - Cannot read IP mode file for ITTIA_DB.I-CUBE-ITTIADB.8.8.0
2024-03-09 09:02:28,800 [WARN] PackLoader:240 - Cannot read IP mode file for emotas.I-CUBE-CANOPEN.1.1.3
2024-03-09 09:02:28,859 [WARN] ConditionMgr:438 - getConditionDescription Invalid condition id : UX DEVICE CLASS RTOS Condition cause : null
2024-03-09 09:02:28,861 [WARN] ConditionMgr:438 - getConditionDescription Invalid condition id : UX DEVICE CLASS RTOS Condition cause : null
2024-03-09 09:02:28,868 [WARN] PackLoader:240 - Cannot read IP mode file for STMicroelectronics.X-CUBE-AZRTOS-H7.3.1.0
2024-03-09 09:02:28,871 [WARN] ConditionMgr:1039 - genDependencies : Invalid condition id : UX DEVICE CLASS RTOS Condition cause : null
2024-03-09 09:02:28,871 [WARN] ConditionMgr:1039 - genDependencies : Invalid condition id : UX DEVICE CLASS RTOS Condition cause : null
2024-03-09 09:02:28,872 [WARN] ConditionMgr:1039 - genDependencies : Invalid condition id : UX DEVICE CLASS RTOS Condition cause : null
2024-03-09 09:02:28,873 [WARN] ConditionMgr:1039 - genDependencies : Invalid condition id : UX DEVICE CLASS RTOS Condition cause : null
2024-03-09 09:02:28,873 [WARN] ConditionMgr:1039 - genDependencies : Invalid condition id : UX DEVICE CLASS RTOS Condition cause : null
2024-03-09 09:02:28,889 [WARN] ConditionMgr:438 - getConditionDescription Invalid condition id : UX DEVICE CLASS RTOS Condition cause : null
2024-03-09 09:02:28,890 [WARN] ConditionMgr:438 - getConditionDescription Invalid condition id : UX DEVICE CLASS RTOS Condition cause : null
2024-03-09 09:02:29,109 [WARN] PackLoader:240 - Cannot read IP mode file for STMicroelectronics.X-CUBE-NFC7.1.0.1
2024-03-09 09:02:29,123 [WARN] PackLoader:240 - Cannot read IP mode file for STMicroelectronics.X-CUBE-NFC6.3.0.0
2024-03-09 09:02:29,132 [WARN] PackLoader:240 - Cannot read IP mode file for STMicroelectronics.X-CUBE-AI.8.1.0
2024-03-09 09:02:29,165 [WARN] ConditionMgr:438 - getConditionDescription Invalid condition id : LAN8742 Phy interface Condition cause : null
2024-03-09 09:02:29,166 [WARN] PackLoader:240 - Cannot read IP mode file for STMicroelectronics.X-CUBE-AZRTOS-L4.2.0.0
2024-03-09 09:02:29,169 [WARN] ConditionMgr:1039 - genDependencies : Invalid condition id : LAN8742 Phy interface Condition cause : null
2024-03-09 09:02:29,169 [WARN] ConditionMgr:1039 - genDependencies : Invalid condition id : LAN8742 Phy interface Condition cause : null
2024-03-09 09:02:29,170 [WARN] ConditionMgr:1039 - genDependencies : Invalid condition id : LAN8742 Phy interface Condition cause : null
2024-03-09 09:02:29,180 [WARN] PackLoader:240 - Cannot read IP mode file for STMicroelectronics.X-CUBE-SFXS2LP1.4.0.0
2024-03-09 09:02:29,201 [WARN] ConditionMgr:438 - getConditionDescription Invalid condition id : UX DEVICE CLASS RTOS Condition cause : null
2024-03-09 09:02:29,201 [WARN] ConditionMgr:438 - getConditionDescription Invalid condition id : UX DEVICE CLASS RTOS Condition cause : null
2024-03-09 09:02:29,203 [WARN] PackLoader:240 - Cannot read IP mode file for STMicroelectronics.X-CUBE-AZRTOS-WB.2.0.0
2024-03-09 09:02:29,204 [WARN] ConditionMgr:1039 - genDependencies : Invalid condition id : UX DEVICE CLASS RTOS Condition cause : null
2024-03-09 09:02:29,205 [WARN] ConditionMgr:1039 - genDependencies : Invalid condition id : UX DEVICE CLASS RTOS Condition cause : null
2024-03-09 09:02:29,205 [WARN] ConditionMgr:1039 - genDependencies : Invalid condition id : UX DEVICE CLASS RTOS Condition cause : null
2024-03-09 09:02:29,206 [WARN] ConditionMgr:1039 - genDependencies : Invalid condition id : UX DEVICE CLASS RTOS Condition cause : null
2024-03-09 09:02:29,206 [WARN] ConditionMgr:1039 - genDependencies : Invalid condition id : UX DEVICE CLASS RTOS Condition cause : null
2024-03-09 09:02:29,220 [WARN] PackLoader:240 - Cannot read IP mode file for STMicroelectronics.X-CUBE-SUBG2.5.0.0
2024-03-09 09:02:29,237 [WARN] PackLoader:240 - Cannot read IP mode file for STMicroelectronics.X-CUBE-TOF1.3.3.1
2024-03-09 09:02:29,315 [WARN] PackLoader:240 - Cannot read IP mode file for STMicroelectronics.X-CUBE-AZRTOS-G4.2.0.0
2024-03-09 09:02:29,334 [WARN] PackLoader:240 - Cannot read IP mode file for STMicroelectronics.X-CUBE-TOF1.3.3.0
2024-03-09 09:02:29,420 [WARN] PackLoader:240 - Cannot read IP mode file for Infineon.AIROC-Wi-Fi-Bluetooth-STM32.1.5.1
2024-03-09 09:02:29,429 [WARN] PackLoader:240 - Cannot read IP mode file for STMicroelectronics.FP-SNS-MOTENVWB1.1.3.1
2024-03-09 09:02:29,437 [WARN] PackLoader:240 - Cannot read IP mode file for STMicroelectronics.X-CUBE-ISPU.2.0.0
2024-03-09 09:02:29,488 [WARN] PackLoader:240 - Cannot read IP mode file for STMicroelectronics.X-CUBE-MEMS1.10.0.0
2024-03-09 09:02:29,639 [WARN] PackLoader:240 - Cannot read IP mode file for STMicroelectronics.X-CUBE-FREERTOS.1.1.0
2024-03-09 09:02:29,647 [WARN] PackLoader:240 - Cannot read IP mode file for portGmbH.I-Cube-SoM-uGOAL.1.1.0
2024-03-09 09:02:29,653 [WARN] PackLoader:240 - Cannot read IP mode file for STMicroelectronics.X-CUBE-ALS.1.0.1
2024-03-09 09:02:29,657 [WARN] PackLoader:240 - Cannot read IP mode file for STMicroelectronics.FP-ATR-ASTRA1.2.0.0
2024-03-09 09:02:29,672 [WARN] PackLoader:240 - Cannot read IP mode file for STMicroelectronics.X-CUBE-TOF1.3.4.0
2024-03-09 09:02:29,754 [WARN] PackLoader:240 - Cannot read IP mode file for STMicroelectronics.X-CUBE-TOF1.3.4.1
2024-03-09 09:02:29,803 [WARN] PackLoader:240 - Cannot read IP mode file for STMicroelectronics.X-CUBE-AZRTOS-H7.3.2.0
2024-03-09 09:02:29,942 [INFO] ThirdParty:978 - Integrity check success = true
2024-03-09 09:02:29,942 [INFO] IntegrityCheckThread:100 - exiting critical section [integrity check]
2024-03-09 09:02:29,942 [INFO] IntegrityCheckThread:103 - End integrity checks thread
2024-03-09 09:10:36,501 [INFO] McuFinderGlobals:63 - Set McuFinder mode to 2 (CubeIDE integrated)
2024-03-09 09:10:36,522 [INFO] UserAuth:180 - activating auth plugin
2024-03-09 09:10:36,622 [INFO] UserAuth:404 - Internet connection configuration mode: 1
2024-03-09 09:11:21,577 [INFO] MainUpdater:2873 - connection check result : 10
2024-03-09 09:11:24,026 [INFO] CheckServerUpdateThread:120 - End of CheckServer Thread
2024-03-09 17:51:48,339 [ERROR] LogOutputStream:75 - [STDERR_REDIRECT] 
