09:57:08 **** Build of configuration Debug for project tft4inc ****
make -j4 all 
arm-none-eabi-g++ "../TouchGFX/target/generated/OSWrappers.cpp" -mcpu=cortex-m7 -std=gnu++14 -g3 -DDEBUG -DUSE_HAL_DRIVER -DSTM32H750xx -c -I../Core/Inc -I../Drivers/STM32H7xx_HAL_Driver/Inc -I../Drivers/STM32H7xx_HAL_Driver/Inc/Legacy -I../Drivers/CMSIS/Device/ST/STM32H7xx/Include -I../Drivers/CMSIS/Include -I../TouchGFX/App -I../TouchGFX/target/generated -I../TouchGFX/target -O0 -ffunction-sections -fdata-sections -fno-exceptions -fno-rtti -fno-use-cxa-atexit -Wall -fstack-usage -fcyclomatic-complexity -MMD -MP -MF"TouchGFX/target/generated/OSWrappers.d" -MT"TouchGFX/target/generated/OSWrappers.o" --specs=nano.specs -mfpu=fpv5-d16 -mfloat-abi=hard -mthumb -o "TouchGFX/target/generated/OSWrappers.o"
arm-none-eabi-g++ "../TouchGFX/target/generated/STM32DMA.cpp" -mcpu=cortex-m7 -std=gnu++14 -g3 -DDEBUG -DUSE_HAL_DRIVER -DSTM32H750xx -c -I../Core/Inc -I../Drivers/STM32H7xx_HAL_Driver/Inc -I../Drivers/STM32H7xx_HAL_Driver/Inc/Legacy -I../Drivers/CMSIS/Device/ST/STM32H7xx/Include -I../Drivers/CMSIS/Include -I../TouchGFX/App -I../TouchGFX/target/generated -I../TouchGFX/target -O0 -ffunction-sections -fdata-sections -fno-exceptions -fno-rtti -fno-use-cxa-atexit -Wall -fstack-usage -fcyclomatic-complexity -MMD -MP -MF"TouchGFX/target/generated/STM32DMA.d" -MT"TouchGFX/target/generated/STM32DMA.o" --specs=nano.specs -mfpu=fpv5-d16 -mfloat-abi=hard -mthumb -o "TouchGFX/target/generated/STM32DMA.o"
arm-none-eabi-g++ "../TouchGFX/target/generated/TouchGFXConfiguration.cpp" -mcpu=cortex-m7 -std=gnu++14 -g3 -DDEBUG -DUSE_HAL_DRIVER -DSTM32H750xx -c -I../Core/Inc -I../Drivers/STM32H7xx_HAL_Driver/Inc -I../Drivers/STM32H7xx_HAL_Driver/Inc/Legacy -I../Drivers/CMSIS/Device/ST/STM32H7xx/Include -I../Drivers/CMSIS/Include -I../TouchGFX/App -I../TouchGFX/target/generated -I../TouchGFX/target -O0 -ffunction-sections -fdata-sections -fno-exceptions -fno-rtti -fno-use-cxa-atexit -Wall -fstack-usage -fcyclomatic-complexity -MMD -MP -MF"TouchGFX/target/generated/TouchGFXConfiguration.d" -MT"TouchGFX/target/generated/TouchGFXConfiguration.o" --specs=nano.specs -mfpu=fpv5-d16 -mfloat-abi=hard -mthumb -o "TouchGFX/target/generated/TouchGFXConfiguration.o"
arm-none-eabi-g++ "../TouchGFX/target/generated/TouchGFXGeneratedHAL.cpp" -mcpu=cortex-m7 -std=gnu++14 -g3 -DDEBUG -DUSE_HAL_DRIVER -DSTM32H750xx -c -I../Core/Inc -I../Drivers/STM32H7xx_HAL_Driver/Inc -I../Drivers/STM32H7xx_HAL_Driver/Inc/Legacy -I../Drivers/CMSIS/Device/ST/STM32H7xx/Include -I../Drivers/CMSIS/Include -I../TouchGFX/App -I../TouchGFX/target/generated -I../TouchGFX/target -O0 -ffunction-sections -fdata-sections -fno-exceptions -fno-rtti -fno-use-cxa-atexit -Wall -fstack-usage -fcyclomatic-complexity -MMD -MP -MF"TouchGFX/target/generated/TouchGFXGeneratedHAL.d" -MT"TouchGFX/target/generated/TouchGFXGeneratedHAL.o" --specs=nano.specs -mfpu=fpv5-d16 -mfloat-abi=hard -mthumb -o "TouchGFX/target/generated/TouchGFXGeneratedHAL.o"
In file included from ../TouchGFX/target/generated/TouchGFXGeneratedHAL.cpp:19:
../TouchGFX/target/generated/TouchGFXGeneratedHAL.hpp:21:10: fatal error: touchgfx/hal/HAL.hpp: No such file or directory
   21 | #include <touchgfx/hal/HAL.hpp>
      |          ^~~~~~~~~~~~~~~~~~~~~~
compilation terminated.
../TouchGFX/target/generated/TouchGFXConfiguration.cpp:19:10: fatal error: texts/TypedTextDatabase.hpp: No such file or directory
   19 | #include <texts/TypedTextDatabase.hpp>
      |          ^~~~~~~~~~~~~~~~~~~~~~~~~~~~~
compilation terminated.
../TouchGFX/target/generated/OSWrappers.cpp:20:10: fatal error: touchgfx/hal/HAL.hpp: No such file or directory
   20 | #include <touchgfx/hal/HAL.hpp>
      |          ^~~~~~~~~~~~~~~~~~~~~~
compilation terminated.
In file included from ../TouchGFX/target/generated/STM32DMA.cpp:19:
../TouchGFX/target/generated/STM32DMA.hpp:21:10: fatal error: touchgfx/hal/BlitOp.hpp: No such file or directory
   21 | #include <touchgfx/hal/BlitOp.hpp>
      |          ^~~~~~~~~~~~~~~~~~~~~~~~~
compilation terminated.
make: *** [TouchGFX/target/generated/subdir.mk:28: TouchGFX/target/generated/TouchGFXGeneratedHAL.o] Error 1
make: *** Waiting for unfinished jobs....
make: *** [TouchGFX/target/generated/subdir.mk:28: TouchGFX/target/generated/TouchGFXConfiguration.o] Error 1
make: *** [TouchGFX/target/generated/subdir.mk:28: TouchGFX/target/generated/OSWrappers.o] Error 1
make: *** [TouchGFX/target/generated/subdir.mk:28: TouchGFX/target/generated/STM32DMA.o] Error 1
"make -j4 all" terminated with exit code 2. Build might be incomplete.

09:57:09 Build Failed. 9 errors, 0 warnings. (took 731ms)

