13:24:51 **** Incremental Build of configuration Debug for project usb ****
make -j4 all 
arm-none-eabi-gcc "../Core/Src/main.c" -mcpu=cortex-m3 -std=gnu11 -g3 -DDEBUG -DUSE_HAL_DRIVER -DSTM32F103xB -c -I../Core/Inc -I../Drivers/STM32F1xx_HAL_Driver/Inc/Legacy -I../Drivers/STM32F1xx_HAL_Driver/Inc -I../Drivers/CMSIS/Device/ST/STM32F1xx/Include -I../Drivers/CMSIS/Include -I../USB_DEVICE/App -I../USB_DEVICE/Target -I../Middlewares/ST/STM32_USB_Device_Library/Core/Inc -I../Middlewares/ST/STM32_USB_Device_Library/Class/CDC/Inc -O0 -ffunction-sections -fdata-sections -Wall -fstack-usage -fcyclomatic-complexity -MMD -MP -MF"Core/Src/main.d" -MT"Core/Src/main.o" --specs=nano.specs -mfloat-abi=soft -mthumb -o "Core/Src/main.o"
../Core/Src/main.c:31:17: warning: pointer targets in initialization of 'uint8_t *' {aka 'unsigned char *'} from 'char *' differ in signedness [-Wpointer-sign]
   31 | uint8_t *data = "Hello World from USB CDC\n";
      |                 ^~~~~~~~~~~~~~~~~~~~~~~~~~~~
../Core/Src/main.c: In function 'main':
../Core/Src/main.c:101:33: warning: pointer targets in passing argument 1 of 'strlen' differ in signedness [-Wpointer-sign]
  101 |    CDC_Transmit_FS(data, strlen(data));
      |                                 ^~~~
      |                                 |
      |                                 uint8_t * {aka unsigned char *}
In file included from ../USB_DEVICE/Target/usbd_conf.h:32,
                 from ../Middlewares/ST/STM32_USB_Device_Library/Core/Inc/usbd_def.h:29,
                 from ../USB_DEVICE/App/usb_device.h:32,
                 from ../Core/Src/main.c:21:
c:\st\stm32cubeide_1.12.0\stm32cubeide\plugins\com.st.stm32cube.ide.mcu.externaltools.gnu-tools-for-stm32.10.3-2021.10.win32_1.0.200.202301161003\tools\arm-none-eabi\include\string.h:41:17: note: expected 'const char *' but argument is of type 'uint8_t *' {aka 'unsigned char *'}
   41 | size_t  strlen (const char *);
      |                 ^~~~~~~~~~~~
arm-none-eabi-gcc -o "usb.elf" @"objects.list"   -mcpu=cortex-m3 -T"D:\STM32\usb\STM32F103C8TX_FLASH.ld" --specs=nosys.specs -Wl,-Map="usb.map" -Wl,--gc-sections -static --specs=nano.specs -mfloat-abi=soft -mthumb -Wl,--start-group -lc -lm -Wl,--end-group
Finished building target: usb.elf
 
arm-none-eabi-size   usb.elf 
arm-none-eabi-objdump -h -S  usb.elf  > "usb.list"
arm-none-eabi-objcopy  -O ihex  usb.elf  "usb.hex"
   text	   data	    bss	    dec	    hex	filename
  31232	    392	   6136	  37760	   9380	usb.elf
Finished building: default.size.stdout
 
Finished building: usb.hex
 
Finished building: usb.list
 

13:24:52 Build Finished. 0 errors, 2 warnings. (took 680ms)

